<?xml version="1.0" encoding="UTF-8"?>
<testsuite name="com.virco.ContentManagementTestSuite" time="5.07" tests="233" errors="54" skipped="155" failures="0">
  <properties>
    <property name="idea.version" value="2017.1.5"/>
    <property name="java.runtime.name" value="Java(TM) SE Runtime Environment"/>
    <property name="sun.boot.library.path" value="/Library/Java/JavaVirtualMachines/jdk1.8.0_111.jdk/Contents/Home/jre/lib"/>
    <property name="java.vm.version" value="25.111-b14"/>
    <property name="user.country.format" value="UA"/>
    <property name="gopherProxySet" value="false"/>
    <property name="java.vm.vendor" value="Oracle Corporation"/>
    <property name="maven.multiModuleProjectDirectory" value="/Users/rodionsavchuk/hybrisAutomation/virco-automatedtests"/>
    <property name="java.vendor.url" value="http://java.oracle.com/"/>
    <property name="path.separator" value=":"/>
    <property name="guice.disable.misplaced.annotation.check" value="true"/>
    <property name="java.vm.name" value="Java HotSpot(TM) 64-Bit Server VM"/>
    <property name="file.encoding.pkg" value="sun.io"/>
    <property name="user.country" value="US"/>
    <property name="sun.java.launcher" value="SUN_STANDARD"/>
    <property name="sun.os.patch.level" value="unknown"/>
    <property name="java.vm.specification.name" value="Java Virtual Machine Specification"/>
    <property name="user.dir" value="/Users/rodionsavchuk/hybrisAutomation/virco-automatedtests"/>
    <property name="java.runtime.version" value="1.8.0_111-b14"/>
    <property name="java.awt.graphicsenv" value="sun.awt.CGraphicsEnvironment"/>
    <property name="java.endorsed.dirs" value="/Library/Java/JavaVirtualMachines/jdk1.8.0_111.jdk/Contents/Home/jre/lib/endorsed"/>
    <property name="os.arch" value="x86_64"/>
    <property name="java.io.tmpdir" value="/var/folders/_q/_7d1f_ys5hg5_f_jfs3jqgdm0000gn/T/"/>
    <property name="line.separator" value="&#10;"/>
    <property name="java.vm.specification.vendor" value="Oracle Corporation"/>
    <property name="os.name" value="Mac OS X"/>
    <property name="classworlds.conf" value="/Applications/IntelliJ IDEA.app/Contents/plugins/maven/lib/maven3/bin/m2.conf"/>
    <property name="sun.jnu.encoding" value="UTF-8"/>
    <property name="java.library.path" value="/Users/rodionsavchuk/Library/Java/Extensions:/Library/Java/Extensions:/Network/Library/Java/Extensions:/System/Library/Java/Extensions:/usr/lib/java:."/>
    <property name="java.specification.name" value="Java Platform API Specification"/>
    <property name="java.class.version" value="52.0"/>
    <property name="sun.management.compiler" value="HotSpot 64-Bit Tiered Compilers"/>
    <property name="os.version" value="10.12.5"/>
    <property name="http.nonProxyHosts" value="local|*.local|169.254/16|*.169.254/16"/>
    <property name="user.home" value="/Users/rodionsavchuk"/>
    <property name="user.timezone" value="Europe/Kiev"/>
    <property name="java.awt.printerjob" value="sun.lwawt.macosx.CPrinterJob"/>
    <property name="java.specification.version" value="1.8"/>
    <property name="file.encoding" value="UTF-8"/>
    <property name="user.name" value="rodionsavchuk"/>
    <property name="java.class.path" value="/Applications/IntelliJ IDEA.app/Contents/plugins/maven/lib/maven3/boot/plexus-classworlds-2.5.2.jar:/Applications/IntelliJ IDEA.app/Contents/lib/idea_rt.jar"/>
    <property name="java.vm.specification.version" value="1.8"/>
    <property name="sun.arch.data.model" value="64"/>
    <property name="java.home" value="/Library/Java/JavaVirtualMachines/jdk1.8.0_111.jdk/Contents/Home/jre"/>
    <property name="sun.java.command" value="org.codehaus.classworlds.Launcher -Didea.version=2017.1.5 verify"/>
    <property name="java.specification.vendor" value="Oracle Corporation"/>
    <property name="user.language" value="en"/>
    <property name="awt.toolkit" value="sun.lwawt.macosx.LWCToolkit"/>
    <property name="java.vm.info" value="mixed mode"/>
    <property name="java.version" value="1.8.0_111"/>
    <property name="java.ext.dirs" value="/Users/rodionsavchuk/Library/Java/Extensions:/Library/Java/JavaVirtualMachines/jdk1.8.0_111.jdk/Contents/Home/jre/lib/ext:/Library/Java/Extensions:/Network/Library/Java/Extensions:/System/Library/Java/Extensions:/usr/lib/java"/>
    <property name="sun.boot.class.path" value="/Library/Java/JavaVirtualMachines/jdk1.8.0_111.jdk/Contents/Home/jre/lib/resources.jar:/Library/Java/JavaVirtualMachines/jdk1.8.0_111.jdk/Contents/Home/jre/lib/rt.jar:/Library/Java/JavaVirtualMachines/jdk1.8.0_111.jdk/Contents/Home/jre/lib/sunrsasign.jar:/Library/Java/JavaVirtualMachines/jdk1.8.0_111.jdk/Contents/Home/jre/lib/jsse.jar:/Library/Java/JavaVirtualMachines/jdk1.8.0_111.jdk/Contents/Home/jre/lib/jce.jar:/Library/Java/JavaVirtualMachines/jdk1.8.0_111.jdk/Contents/Home/jre/lib/charsets.jar:/Library/Java/JavaVirtualMachines/jdk1.8.0_111.jdk/Contents/Home/jre/lib/jfr.jar:/Library/Java/JavaVirtualMachines/jdk1.8.0_111.jdk/Contents/Home/jre/classes"/>
    <property name="java.vendor" value="Oracle Corporation"/>
    <property name="maven.home" value="/Applications/IntelliJ IDEA.app/Contents/plugins/maven/lib/maven3"/>
    <property name="file.separator" value="/"/>
    <property name="java.vendor.url.bug" value="http://bugreport.sun.com/bugreport/"/>
    <property name="sun.cpu.endian" value="little"/>
    <property name="sun.io.unicode.encoding" value="UnicodeBig"/>
    <property name="socksNonProxyHosts" value="local|*.local|169.254/16|*.169.254/16"/>
    <property name="ftp.nonProxyHosts" value="local|*.local|169.254/16|*.169.254/16"/>
    <property name="sun.cpu.isalist" value=""/>
  </properties>
  <testcase name="Scenario: VIR-128.01 Verify that the OOTB Hybris is configured" classname="Scenario: VIR-128.01 Verify that the OOTB Hybris is configured" time="0.097"/>
  <testcase name="Scenario: VIR-129.01 Verify that the content admin can add a rotating theme by using template" classname="Scenario: VIR-129.01 Verify that the content admin can add a rotating theme by using template" time="0.135"/>
  <testcase name="Scenario: VIR-129.02 Verify that the content admin can promo message by using template" classname="Scenario: VIR-129.02 Verify that the content admin can promo message by using template" time="0.09"/>
  <testcase name="Scenario: VIR-129.03 Verify that the content admin can add installation slot by using template" classname="Scenario: VIR-129.03 Verify that the content admin can add installation slot by using template" time="0.103"/>
  <testcase name="Scenario: VIR-129.04 Verify that the content admin can add a product recommendation component on the page template by using template" classname="Scenario: VIR-129.04 Verify that the content admin can add a product recommendation component on the page template by using template" time="0.071"/>
  <testcase name="Scenario: VIR-129.05 Verify that the content admin can add a quick ship component on the template page" classname="Scenario: VIR-129.05 Verify that the content admin can add a quick ship component on the template page" time="0.066"/>
  <testcase name="Scenario: VIR-129.06 Verify that the content admin can add a popular category on the template page" classname="Scenario: VIR-129.06 Verify that the content admin can add a popular category on the template page" time="0.066"/>
  <testcase name="Scenario: VIR-129.07 Verify that the content admin can add a product images component on the template page" classname="Scenario: VIR-129.07 Verify that the content admin can add a product images component on the template page" time="0.057"/>
  <testcase name="Scenario: VIR-129.08 Verify that the content admin can edit promo message/popular category." classname="Scenario: VIR-129.08 Verify that the content admin can edit promo message/popular category." time="0.11"/>
  <testcase name="Scenario: VIR-129.09 Verify that the content admin can delete promo message/popular category." classname="Scenario: VIR-129.09 Verify that the content admin can delete promo message/popular category." time="0.152"/>
  <testcase name="Scenario: VIR-129.10 Verify that the site has a look, configured by content admin" classname="Scenario: VIR-129.10 Verify that the site has a look, configured by content admin" time="0.098"/>
  <testcase name="Given open the site and login" classname="Scenario: VIR-166.01 Verify the rotating carousel is added on the home page" time="0">
    <error message="Could not initialize class com.virco.locators.SiteData" type="net.serenitybdd.core.exceptions.SerenityManagedException"><![CDATA[net.serenitybdd.core.exceptions.SerenityManagedException: Could not initialize class com.virco.locators.SiteData
	at com.virco.steps.serenity.CommonUserSteps.openTheSite(CommonUserSteps.java:19)
	at com.virco.steps.serenity.CommonUserSteps$$EnhancerByCGLIB$$d8541bfa.CGLIB$openTheSite$6(<generated>)
	at com.virco.steps.serenity.CommonUserSteps$$EnhancerByCGLIB$$d8541bfa$$FastClassByCGLIB$$ea8e0f86.invoke(<generated>)
	at net.sf.cglib.proxy.MethodProxy.invokeSuper(MethodProxy.java:228)
	at net.thucydides.core.steps.StepInterceptor.invokeMethod(StepInterceptor.java:372)
	at net.thucydides.core.steps.StepInterceptor.executeTestStepMethod(StepInterceptor.java:357)
	at net.thucydides.core.steps.StepInterceptor.runTestStep(StepInterceptor.java:332)
	at net.thucydides.core.steps.StepInterceptor.testStepResult(StepInterceptor.java:134)
	at net.thucydides.core.steps.StepInterceptor.intercept(StepInterceptor.java:61)
	at com.virco.steps.serenity.CommonUserSteps$$EnhancerByCGLIB$$d8541bfa.openTheSite(<generated>)
	at com.virco.steps.CommonDefinitionSteps.openTheSiteAndLogin(CommonDefinitionSteps.java:72)
	at sun.reflect.GeneratedMethodAccessor143.invoke(Unknown Source)
	at sun.reflect.DelegatingMethodAccessorImpl.invoke(DelegatingMethodAccessorImpl.java:43)
	at java.lang.reflect.Method.invoke(Method.java:498)
	at cucumber.runtime.Utils$1.call(Utils.java:40)
	at cucumber.runtime.Timeout.timeout(Timeout.java:16)
	at cucumber.runtime.Utils.invoke(Utils.java:34)
	at cucumber.runtime.java.JavaStepDefinition.execute(JavaStepDefinition.java:38)
	at cucumber.runtime.StepDefinitionMatch.runStep(StepDefinitionMatch.java:37)
	at cucumber.runtime.Runtime.runStep(Runtime.java:300)
	at cucumber.runtime.model.StepContainer.runStep(StepContainer.java:44)
	at cucumber.runtime.model.StepContainer.runSteps(StepContainer.java:39)
	at cucumber.runtime.model.CucumberScenario.run(CucumberScenario.java:44)
	at cucumber.runtime.junit.ExecutionUnitRunner.run(ExecutionUnitRunner.java:102)
	at cucumber.runtime.junit.FeatureRunner.runChild(FeatureRunner.java:63)
	at cucumber.runtime.junit.FeatureRunner.runChild(FeatureRunner.java:18)
	at org.junit.runners.ParentRunner$3.run(ParentRunner.java:290)
	at org.junit.runners.ParentRunner$1.schedule(ParentRunner.java:71)
	at org.junit.runners.ParentRunner.runChildren(ParentRunner.java:288)
	at org.junit.runners.ParentRunner.access$000(ParentRunner.java:58)
	at org.junit.runners.ParentRunner$2.evaluate(ParentRunner.java:268)
	at org.junit.runners.ParentRunner.run(ParentRunner.java:363)
	at cucumber.runtime.junit.FeatureRunner.run(FeatureRunner.java:70)
	at cucumber.api.junit.Cucumber.runChild(Cucumber.java:95)
	at cucumber.api.junit.Cucumber.runChild(Cucumber.java:38)
	at org.junit.runners.ParentRunner$3.run(ParentRunner.java:290)
	at org.junit.runners.ParentRunner$1.schedule(ParentRunner.java:71)
	at org.junit.runners.ParentRunner.runChildren(ParentRunner.java:288)
	at org.junit.runners.ParentRunner.access$000(ParentRunner.java:58)
	at org.junit.runners.ParentRunner$2.evaluate(ParentRunner.java:268)
	at org.junit.runners.ParentRunner.run(ParentRunner.java:363)
	at cucumber.api.junit.Cucumber.run(Cucumber.java:100)
	at org.apache.maven.surefire.junit4.JUnit4Provider.execute(JUnit4Provider.java:283)
	at org.apache.maven.surefire.junit4.JUnit4Provider.executeWithRerun(JUnit4Provider.java:173)
	at org.apache.maven.surefire.junit4.JUnit4Provider.executeTestSet(JUnit4Provider.java:153)
	at org.apache.maven.surefire.junit4.JUnit4Provider.invoke(JUnit4Provider.java:128)
	at org.apache.maven.surefire.booter.ForkedBooter.invokeProviderInSameClassLoader(ForkedBooter.java:203)
	at org.apache.maven.surefire.booter.ForkedBooter.runSuitesInProcess(ForkedBooter.java:155)
	at org.apache.maven.surefire.booter.ForkedBooter.main(ForkedBooter.java:103)
]]></error>
    <system-err><![CDATA[[main] INFO net.serenitybdd.core.Serenity - 
 _____ _____ ____ _____   ____ _____  _    ____ _____ _____ ____  
|_   _| ____/ ___|_   _| / ___|_   _|/ \  |  _ \_   _| ____|  _ \ 
  | | |  _| \___ \ | |   \___ \ | | / _ \ | |_) || | |  _| | | | |
  | | | |___ ___) || |    ___) || |/ ___ \|  _ < | | | |___| |_| |
  |_| |_____|____/ |_|   |____/ |_/_/   \_\_| \_\|_| |_____|____/ 
                                                                  

TEST STARTED: VIR-166.01 Verify the rotating carousel is added on the home page
-------------------------------------------------------------------(cnt-2---component-maintenance;vir-166.01-verify-the-rotating-carousel-is-added-on-the-home-page)
[main] INFO net.serenitybdd.core.Serenity - STARTING STEP Given open the site and login
[main] INFO net.serenitybdd.core.Serenity - STARTING STEP Open the site
[main] INFO net.serenitybdd.core.Serenity - STEP ERROR: net.serenitybdd.core.exceptions.SerenityManagedException: Could not initialize class com.virco.locators.SiteData
]]></system-err>
  </testcase>
  <testcase name="Scenario: VIR-166.01 Verify the rotating carousel is added on the home page" classname="Scenario: VIR-166.01 Verify the rotating carousel is added on the home page" time="0.001">
    <error message="Could not initialize class com.virco.locators.SiteData" type="net.serenitybdd.core.exceptions.SerenityManagedException"><![CDATA[net.serenitybdd.core.exceptions.SerenityManagedException: Could not initialize class com.virco.locators.SiteData
	at com.virco.steps.serenity.CommonUserSteps.openTheSite(CommonUserSteps.java:19)
	at com.virco.steps.serenity.CommonUserSteps$$EnhancerByCGLIB$$d8541bfa.CGLIB$openTheSite$6(<generated>)
	at com.virco.steps.serenity.CommonUserSteps$$EnhancerByCGLIB$$d8541bfa$$FastClassByCGLIB$$ea8e0f86.invoke(<generated>)
	at net.sf.cglib.proxy.MethodProxy.invokeSuper(MethodProxy.java:228)
	at net.thucydides.core.steps.StepInterceptor.invokeMethod(StepInterceptor.java:372)
	at net.thucydides.core.steps.StepInterceptor.executeTestStepMethod(StepInterceptor.java:357)
	at net.thucydides.core.steps.StepInterceptor.runTestStep(StepInterceptor.java:332)
	at net.thucydides.core.steps.StepInterceptor.testStepResult(StepInterceptor.java:134)
	at net.thucydides.core.steps.StepInterceptor.intercept(StepInterceptor.java:61)
	at com.virco.steps.serenity.CommonUserSteps$$EnhancerByCGLIB$$d8541bfa.openTheSite(<generated>)
	at com.virco.steps.CommonDefinitionSteps.openTheSiteAndLogin(CommonDefinitionSteps.java:72)
	at sun.reflect.GeneratedMethodAccessor143.invoke(Unknown Source)
	at sun.reflect.DelegatingMethodAccessorImpl.invoke(DelegatingMethodAccessorImpl.java:43)
	at java.lang.reflect.Method.invoke(Method.java:498)
	at cucumber.runtime.Utils$1.call(Utils.java:40)
	at cucumber.runtime.Timeout.timeout(Timeout.java:16)
	at cucumber.runtime.Utils.invoke(Utils.java:34)
	at cucumber.runtime.java.JavaStepDefinition.execute(JavaStepDefinition.java:38)
	at cucumber.runtime.StepDefinitionMatch.runStep(StepDefinitionMatch.java:37)
	at cucumber.runtime.Runtime.runStep(Runtime.java:300)
	at cucumber.runtime.model.StepContainer.runStep(StepContainer.java:44)
	at cucumber.runtime.model.StepContainer.runSteps(StepContainer.java:39)
	at cucumber.runtime.model.CucumberScenario.run(CucumberScenario.java:44)
	at cucumber.runtime.junit.ExecutionUnitRunner.run(ExecutionUnitRunner.java:102)
	at cucumber.runtime.junit.FeatureRunner.runChild(FeatureRunner.java:63)
	at cucumber.runtime.junit.FeatureRunner.runChild(FeatureRunner.java:18)
	at org.junit.runners.ParentRunner$3.run(ParentRunner.java:290)
	at org.junit.runners.ParentRunner$1.schedule(ParentRunner.java:71)
	at org.junit.runners.ParentRunner.runChildren(ParentRunner.java:288)
	at org.junit.runners.ParentRunner.access$000(ParentRunner.java:58)
	at org.junit.runners.ParentRunner$2.evaluate(ParentRunner.java:268)
	at org.junit.runners.ParentRunner.run(ParentRunner.java:363)
	at cucumber.runtime.junit.FeatureRunner.run(FeatureRunner.java:70)
	at cucumber.api.junit.Cucumber.runChild(Cucumber.java:95)
	at cucumber.api.junit.Cucumber.runChild(Cucumber.java:38)
	at org.junit.runners.ParentRunner$3.run(ParentRunner.java:290)
	at org.junit.runners.ParentRunner$1.schedule(ParentRunner.java:71)
	at org.junit.runners.ParentRunner.runChildren(ParentRunner.java:288)
	at org.junit.runners.ParentRunner.access$000(ParentRunner.java:58)
	at org.junit.runners.ParentRunner$2.evaluate(ParentRunner.java:268)
	at org.junit.runners.ParentRunner.run(ParentRunner.java:363)
	at cucumber.api.junit.Cucumber.run(Cucumber.java:100)
	at org.apache.maven.surefire.junit4.JUnit4Provider.execute(JUnit4Provider.java:283)
	at org.apache.maven.surefire.junit4.JUnit4Provider.executeWithRerun(JUnit4Provider.java:173)
	at org.apache.maven.surefire.junit4.JUnit4Provider.executeTestSet(JUnit4Provider.java:153)
	at org.apache.maven.surefire.junit4.JUnit4Provider.invoke(JUnit4Provider.java:128)
	at org.apache.maven.surefire.booter.ForkedBooter.invokeProviderInSameClassLoader(ForkedBooter.java:203)
	at org.apache.maven.surefire.booter.ForkedBooter.runSuitesInProcess(ForkedBooter.java:155)
	at org.apache.maven.surefire.booter.ForkedBooter.main(ForkedBooter.java:103)
]]></error>
  </testcase>
  <testcase name="Then the rotating carousel is shown" classname="Scenario: VIR-166.01 Verify the rotating carousel is added on the home page" time="0">
    <skipped/>
    <system-err><![CDATA[[main] INFO net.serenitybdd.core.Serenity - STEP ERROR: java.lang.NoClassDefFoundError: Could not initialize class com.virco.locators.SiteData
[main] INFO net.serenitybdd.core.Serenity - STARTING STEP Then the rotating carousel is shown
]]></system-err>
  </testcase>
  <testcase name="Given open the site and login" classname="Scenario: VIR-166.02 Verify that the each Banner has Rotating Theme, promotional message and installation slots" time="0.001">
    <error message="Could not initialize class com.virco.locators.SiteData" type="net.serenitybdd.core.exceptions.SerenityManagedException"><![CDATA[net.serenitybdd.core.exceptions.SerenityManagedException: Could not initialize class com.virco.locators.SiteData
	at com.virco.steps.serenity.CommonUserSteps.openTheSite(CommonUserSteps.java:19)
	at com.virco.steps.serenity.CommonUserSteps$$EnhancerByCGLIB$$d8541bfa.CGLIB$openTheSite$6(<generated>)
	at com.virco.steps.serenity.CommonUserSteps$$EnhancerByCGLIB$$d8541bfa$$FastClassByCGLIB$$ea8e0f86.invoke(<generated>)
	at net.sf.cglib.proxy.MethodProxy.invokeSuper(MethodProxy.java:228)
	at net.thucydides.core.steps.StepInterceptor.invokeMethod(StepInterceptor.java:372)
	at net.thucydides.core.steps.StepInterceptor.executeTestStepMethod(StepInterceptor.java:357)
	at net.thucydides.core.steps.StepInterceptor.runTestStep(StepInterceptor.java:332)
	at net.thucydides.core.steps.StepInterceptor.testStepResult(StepInterceptor.java:134)
	at net.thucydides.core.steps.StepInterceptor.intercept(StepInterceptor.java:61)
	at com.virco.steps.serenity.CommonUserSteps$$EnhancerByCGLIB$$d8541bfa.openTheSite(<generated>)
	at com.virco.steps.CommonDefinitionSteps.openTheSiteAndLogin(CommonDefinitionSteps.java:72)
	at sun.reflect.GeneratedMethodAccessor143.invoke(Unknown Source)
	at sun.reflect.DelegatingMethodAccessorImpl.invoke(DelegatingMethodAccessorImpl.java:43)
	at java.lang.reflect.Method.invoke(Method.java:498)
	at cucumber.runtime.Utils$1.call(Utils.java:40)
	at cucumber.runtime.Timeout.timeout(Timeout.java:16)
	at cucumber.runtime.Utils.invoke(Utils.java:34)
	at cucumber.runtime.java.JavaStepDefinition.execute(JavaStepDefinition.java:38)
	at cucumber.runtime.StepDefinitionMatch.runStep(StepDefinitionMatch.java:37)
	at cucumber.runtime.Runtime.runStep(Runtime.java:300)
	at cucumber.runtime.model.StepContainer.runStep(StepContainer.java:44)
	at cucumber.runtime.model.StepContainer.runSteps(StepContainer.java:39)
	at cucumber.runtime.model.CucumberScenario.run(CucumberScenario.java:44)
	at cucumber.runtime.junit.ExecutionUnitRunner.run(ExecutionUnitRunner.java:102)
	at cucumber.runtime.junit.FeatureRunner.runChild(FeatureRunner.java:63)
	at cucumber.runtime.junit.FeatureRunner.runChild(FeatureRunner.java:18)
	at org.junit.runners.ParentRunner$3.run(ParentRunner.java:290)
	at org.junit.runners.ParentRunner$1.schedule(ParentRunner.java:71)
	at org.junit.runners.ParentRunner.runChildren(ParentRunner.java:288)
	at org.junit.runners.ParentRunner.access$000(ParentRunner.java:58)
	at org.junit.runners.ParentRunner$2.evaluate(ParentRunner.java:268)
	at org.junit.runners.ParentRunner.run(ParentRunner.java:363)
	at cucumber.runtime.junit.FeatureRunner.run(FeatureRunner.java:70)
	at cucumber.api.junit.Cucumber.runChild(Cucumber.java:95)
	at cucumber.api.junit.Cucumber.runChild(Cucumber.java:38)
	at org.junit.runners.ParentRunner$3.run(ParentRunner.java:290)
	at org.junit.runners.ParentRunner$1.schedule(ParentRunner.java:71)
	at org.junit.runners.ParentRunner.runChildren(ParentRunner.java:288)
	at org.junit.runners.ParentRunner.access$000(ParentRunner.java:58)
	at org.junit.runners.ParentRunner$2.evaluate(ParentRunner.java:268)
	at org.junit.runners.ParentRunner.run(ParentRunner.java:363)
	at cucumber.api.junit.Cucumber.run(Cucumber.java:100)
	at org.apache.maven.surefire.junit4.JUnit4Provider.execute(JUnit4Provider.java:283)
	at org.apache.maven.surefire.junit4.JUnit4Provider.executeWithRerun(JUnit4Provider.java:173)
	at org.apache.maven.surefire.junit4.JUnit4Provider.executeTestSet(JUnit4Provider.java:153)
	at org.apache.maven.surefire.junit4.JUnit4Provider.invoke(JUnit4Provider.java:128)
	at org.apache.maven.surefire.booter.ForkedBooter.invokeProviderInSameClassLoader(ForkedBooter.java:203)
	at org.apache.maven.surefire.booter.ForkedBooter.runSuitesInProcess(ForkedBooter.java:155)
	at org.apache.maven.surefire.booter.ForkedBooter.main(ForkedBooter.java:103)
]]></error>
    <system-err><![CDATA[[main] INFO net.serenitybdd.core.Serenity - IGNORING STEP
[main] ERROR net.serenitybdd.core.Serenity - 
           __  _____ _____ ____ _____   _____ _    ___ _     _____ ____  
  _       / / |_   _| ____/ ___|_   _| |  ___/ \  |_ _| |   | ____|  _ \ 
 (_)_____| |    | | |  _| \___ \ | |   | |_ / _ \  | || |   |  _| | | | |
  _|_____| |    | | | |___ ___) || |   |  _/ ___ \ | || |___| |___| |_| |
 (_)     | |    |_| |_____|____/ |_|   |_|/_/   \_\___|_____|_____|____/ 
          \_\                                                            

TEST FAILED WITH ERROR: VIR-166.01 Verify the rotating carousel is added on the home page
---------------------------------------------------------------------
[main] ERROR net.serenitybdd.core.Serenity - TEST FAILED AT STEP Open the site
[main] ERROR net.serenitybdd.core.Serenity - Could not initialize class com.virco.locators.SiteData
[pool-1-thread-4] INFO net.thucydides.core.reports.json.JSONTestOutcomeReporter - Generating JSON report for VIR-128.01 Verify that the OOTB Hybris is configured to file /Users/rodionsavchuk/hybrisAutomation/virco-automatedtests/target/site/serenity/f9e291a91d7fb0708996a6c172c79994e2f3e3dc027f9c744e43835d2210c73e.json (using temp file /Users/rodionsavchuk/hybrisAutomation/virco-automatedtests/target/site/serenity/f9e291a91d7fb0708996a6c172c79994e2f3e3dc027f9c744e43835d2210c73e.json23515a63-7615-4dc3-9100-224e86854f9b)
[pool-1-thread-1] INFO net.thucydides.core.reports.json.JSONTestOutcomeReporter - Generating JSON report for VIR-129.01 Verify that the content admin can add a rotating theme by using template to file /Users/rodionsavchuk/hybrisAutomation/virco-automatedtests/target/site/serenity/2baaeb277c29c1f85062130a60bafea2167a5c2dd87a93c69ad94698238c35ee.json (using temp file /Users/rodionsavchuk/hybrisAutomation/virco-automatedtests/target/site/serenity/2baaeb277c29c1f85062130a60bafea2167a5c2dd87a93c69ad94698238c35ee.json344ce1e6-3aba-445a-b85e-559fb08bd388)
[pool-1-thread-3] INFO net.thucydides.core.reports.json.JSONTestOutcomeReporter - Generating JSON report for VIR-129.02 Verify that the content admin can promo message by using template to file /Users/rodionsavchuk/hybrisAutomation/virco-automatedtests/target/site/serenity/5c582eac1cc160864035d84f14577b2a4b307d178776baf5d94402a8f33a570b.json (using temp file /Users/rodionsavchuk/hybrisAutomation/virco-automatedtests/target/site/serenity/5c582eac1cc160864035d84f14577b2a4b307d178776baf5d94402a8f33a570b.json020272d7-ca17-4c0b-ac9f-d13d9f68d597)
[pool-1-thread-2] INFO net.thucydides.core.reports.json.JSONTestOutcomeReporter - Generating JSON report for VIR-129.03 Verify that the content admin can add installation slot by using template to file /Users/rodionsavchuk/hybrisAutomation/virco-automatedtests/target/site/serenity/e2ad5898b62d8e77d283000b0832f5fb0d67d58608b2ea1e947bdb3eaa4f7f13.json (using temp file /Users/rodionsavchuk/hybrisAutomation/virco-automatedtests/target/site/serenity/e2ad5898b62d8e77d283000b0832f5fb0d67d58608b2ea1e947bdb3eaa4f7f13.json0cdd7650-2420-47ed-a8e9-282878d27dfd)
[pool-1-thread-3] INFO net.thucydides.core.reports.json.JSONTestOutcomeReporter - Generating JSON report for VIR-129.05 Verify that the content admin can add a quick ship component on the template page to file /Users/rodionsavchuk/hybrisAutomation/virco-automatedtests/target/site/serenity/03a37ae243f19fd5e4074c51364f3accdea994f94fbe9bfc0888dbf6b3fcb296.json (using temp file /Users/rodionsavchuk/hybrisAutomation/virco-automatedtests/target/site/serenity/03a37ae243f19fd5e4074c51364f3accdea994f94fbe9bfc0888dbf6b3fcb296.jsonc2c5efdf-ec19-437a-a7f5-96cd3ca8e495)
[pool-1-thread-1] INFO net.thucydides.core.reports.json.JSONTestOutcomeReporter - Generating JSON report for VIR-129.06 Verify that the content admin can add a popular category on the template page to file /Users/rodionsavchuk/hybrisAutomation/virco-automatedtests/target/site/serenity/4cb24bf6eab810d97c001f653ce7ec4c2620e8ef80649c431bc47d31554e7dfa.json (using temp file /Users/rodionsavchuk/hybrisAutomation/virco-automatedtests/target/site/serenity/4cb24bf6eab810d97c001f653ce7ec4c2620e8ef80649c431bc47d31554e7dfa.jsonb2790a77-0a98-4c24-baa1-95c4e46729ad)
[pool-1-thread-4] INFO net.thucydides.core.reports.json.JSONTestOutcomeReporter - Generating JSON report for VIR-129.04 Verify that the content admin can add a product recommendation component on the page template by using template to file /Users/rodionsavchuk/hybrisAutomation/virco-automatedtests/target/site/serenity/2568cbeed2bdf1850ea694b2c61bf8c9430c3ac453a0d1b2f15e169595434015.json (using temp file /Users/rodionsavchuk/hybrisAutomation/virco-automatedtests/target/site/serenity/2568cbeed2bdf1850ea694b2c61bf8c9430c3ac453a0d1b2f15e169595434015.jsond8cd117d-828d-4d17-b835-08b511b60bf8)
[pool-1-thread-2] INFO net.thucydides.core.reports.json.JSONTestOutcomeReporter - Generating JSON report for VIR-129.07 Verify that the content admin can add a product images component on the template page to file /Users/rodionsavchuk/hybrisAutomation/virco-automatedtests/target/site/serenity/b14d7ddd1213e2b3e327a1da59a5f30243e7b1413ece781e8217d0475b1d4ba5.json (using temp file /Users/rodionsavchuk/hybrisAutomation/virco-automatedtests/target/site/serenity/b14d7ddd1213e2b3e327a1da59a5f30243e7b1413ece781e8217d0475b1d4ba5.json2fcdfd83-653c-4803-a42b-ee4a73a5bb80)
[pool-1-thread-3] INFO net.thucydides.core.reports.json.JSONTestOutcomeReporter - Generating JSON report for VIR-129.08 Verify that the content admin can edit promo message/popular category. to file /Users/rodionsavchuk/hybrisAutomation/virco-automatedtests/target/site/serenity/0b72d581cee195fdedb17f43f946f9e8a6bd5762bb612b26fbaf09d9905941a0.json (using temp file /Users/rodionsavchuk/hybrisAutomation/virco-automatedtests/target/site/serenity/0b72d581cee195fdedb17f43f946f9e8a6bd5762bb612b26fbaf09d9905941a0.json70c7ed99-7e22-47ce-b726-26c93cfe81cc)
[pool-1-thread-1] INFO net.thucydides.core.reports.json.JSONTestOutcomeReporter - Generating JSON report for VIR-129.09 Verify that the content admin can delete promo message/popular category. to file /Users/rodionsavchuk/hybrisAutomation/virco-automatedtests/target/site/serenity/e3f11c0e315cea47d82b81aeec1d5d4ec6688676c143e6c8bd85b536ee39abf1.json (using temp file /Users/rodionsavchuk/hybrisAutomation/virco-automatedtests/target/site/serenity/e3f11c0e315cea47d82b81aeec1d5d4ec6688676c143e6c8bd85b536ee39abf1.jsonfe0b139b-549c-4c4f-82fb-a8425f5c21b0)
[pool-1-thread-4] INFO net.thucydides.core.reports.json.JSONTestOutcomeReporter - Generating JSON report for VIR-129.10 Verify that the site has a look, configured by content admin to file /Users/rodionsavchuk/hybrisAutomation/virco-automatedtests/target/site/serenity/100947bcc68d92490597dd6eed62bf55d5857e1335d30b52c2a0a2894d214fe7.json (using temp file /Users/rodionsavchuk/hybrisAutomation/virco-automatedtests/target/site/serenity/100947bcc68d92490597dd6eed62bf55d5857e1335d30b52c2a0a2894d214fe7.jsonee5359f3-140d-452b-b586-871ec22d7746)
[pool-1-thread-3] INFO net.thucydides.core.reports.json.JSONTestOutcomeReporter - Generating JSON report for VIR-166.01 Verify the rotating carousel is added on the home page to file /Users/rodionsavchuk/hybrisAutomation/virco-automatedtests/target/site/serenity/41045224dd55f49d371e9fd4a455c28d0acc2a203f1c37c0d89de600b26d38ef.json (using temp file /Users/rodionsavchuk/hybrisAutomation/virco-automatedtests/target/site/serenity/41045224dd55f49d371e9fd4a455c28d0acc2a203f1c37c0d89de600b26d38ef.jsonf92bb608-0e05-42d4-bab7-c4d19d667dc8)
[pool-1-thread-1] INFO net.thucydides.core.reports.html.HtmlAcceptanceTestReporter - GENERATING HTML REPORT FOR CNT-2 - Component Maintenance:VIR-129.01 Verify that the content admin can add a rotating theme by using template in 2baaeb277c29c1f85062130a60bafea2167a5c2dd87a93c69ad94698238c35ee.html in directory target/site/serenity  
[pool-1-thread-4] INFO net.thucydides.core.reports.html.HtmlAcceptanceTestReporter - GENERATING HTML REPORT FOR CNT-2 - Component Maintenance:VIR-129.02 Verify that the content admin can promo message by using template in 5c582eac1cc160864035d84f14577b2a4b307d178776baf5d94402a8f33a570b.html in directory target/site/serenity  
[pool-1-thread-2] INFO net.thucydides.core.reports.html.HtmlAcceptanceTestReporter - GENERATING HTML REPORT FOR CNT-1 - WCMS Site Maintenance:VIR-128.01 Verify that the OOTB Hybris is configured in f9e291a91d7fb0708996a6c172c79994e2f3e3dc027f9c744e43835d2210c73e.html in directory target/site/serenity  
[pool-1-thread-3] INFO net.thucydides.core.reports.html.HtmlAcceptanceTestReporter - GENERATING HTML REPORT FOR CNT-2 - Component Maintenance:VIR-129.03 Verify that the content admin can add installation slot by using template in e2ad5898b62d8e77d283000b0832f5fb0d67d58608b2ea1e947bdb3eaa4f7f13.html in directory target/site/serenity  
[pool-1-thread-1] INFO net.thucydides.core.reports.html.HtmlAcceptanceTestReporter - GENERATING HTML REPORT FOR CNT-2 - Component Maintenance:VIR-129.06 Verify that the content admin can add a popular category on the template page in 4cb24bf6eab810d97c001f653ce7ec4c2620e8ef80649c431bc47d31554e7dfa.html in directory target/site/serenity  
[pool-1-thread-4] INFO net.thucydides.core.reports.html.HtmlAcceptanceTestReporter - GENERATING HTML REPORT FOR CNT-2 - Component Maintenance:VIR-129.05 Verify that the content admin can add a quick ship component on the template page in 03a37ae243f19fd5e4074c51364f3accdea994f94fbe9bfc0888dbf6b3fcb296.html in directory target/site/serenity  
[pool-1-thread-3] INFO net.thucydides.core.reports.html.HtmlAcceptanceTestReporter - GENERATING HTML REPORT FOR CNT-2 - Component Maintenance:VIR-129.04 Verify that the content admin can add a product recommendation component on the page template by using template in 2568cbeed2bdf1850ea694b2c61bf8c9430c3ac453a0d1b2f15e169595434015.html in directory target/site/serenity  
[pool-1-thread-2] INFO net.thucydides.core.reports.html.HtmlAcceptanceTestReporter - GENERATING HTML REPORT FOR CNT-2 - Component Maintenance:VIR-129.07 Verify that the content admin can add a product images component on the template page in b14d7ddd1213e2b3e327a1da59a5f30243e7b1413ece781e8217d0475b1d4ba5.html in directory target/site/serenity  
[pool-1-thread-2] INFO net.thucydides.core.reports.html.HtmlAcceptanceTestReporter - GENERATING HTML REPORT FOR CNT-2 - Component Maintenance:VIR-129.08 Verify that the content admin can edit promo message/popular category. in 0b72d581cee195fdedb17f43f946f9e8a6bd5762bb612b26fbaf09d9905941a0.html in directory target/site/serenity  
[pool-1-thread-3] INFO net.thucydides.core.reports.html.HtmlAcceptanceTestReporter - GENERATING HTML REPORT FOR CNT-2 - Component Maintenance:VIR-129.10 Verify that the site has a look, configured by content admin in 100947bcc68d92490597dd6eed62bf55d5857e1335d30b52c2a0a2894d214fe7.html in directory target/site/serenity  
[pool-1-thread-4] INFO net.thucydides.core.reports.html.HtmlAcceptanceTestReporter - GENERATING HTML REPORT FOR CNT-2 - Component Maintenance:VIR-129.09 Verify that the content admin can delete promo message/popular category. in e3f11c0e315cea47d82b81aeec1d5d4ec6688676c143e6c8bd85b536ee39abf1.html in directory target/site/serenity  
[pool-1-thread-1] INFO net.thucydides.core.reports.html.HtmlAcceptanceTestReporter - GENERATING HTML REPORT FOR CNT-2 - Component Maintenance:VIR-166.01 Verify the rotating carousel is added on the home page in 41045224dd55f49d371e9fd4a455c28d0acc2a203f1c37c0d89de600b26d38ef.html in directory target/site/serenity  
[main] INFO net.serenitybdd.core.Serenity - 
 _____ _____ ____ _____   ____ _____  _    ____ _____ _____ ____  
|_   _| ____/ ___|_   _| / ___|_   _|/ \  |  _ \_   _| ____|  _ \ 
  | | |  _| \___ \ | |   \___ \ | | / _ \ | |_) || | |  _| | | | |
  | | | |___ ___) || |    ___) || |/ ___ \|  _ < | | | |___| |_| |
  |_| |_____|____/ |_|   |____/ |_/_/   \_\_| \_\|_| |_____|____/ 
                                                                  

TEST STARTED: VIR-166.02 Verify that the each Banner has Rotating Theme, promotional message and installation slots
-------------------------------------------------------------------(cnt-2---component-maintenance;vir-166.02-verify-that-the-each-banner-has-rotating-theme,-promotional-message-and-installation-slots)
[main] INFO net.serenitybdd.core.Serenity - STARTING STEP Given open the site and login
[main] INFO net.serenitybdd.core.Serenity - STARTING STEP Open the site
[main] INFO net.serenitybdd.core.Serenity - STEP ERROR: net.serenitybdd.core.exceptions.SerenityManagedException: Could not initialize class com.virco.locators.SiteData
]]></system-err>
  </testcase>
  <testcase name="Scenario: VIR-166.02 Verify that the each Banner has Rotating Theme, promotional message and installation slots" classname="Scenario: VIR-166.02 Verify that the each Banner has Rotating Theme, promotional message and installation slots" time="0.002">
    <error message="Could not initialize class com.virco.locators.SiteData" type="net.serenitybdd.core.exceptions.SerenityManagedException"><![CDATA[net.serenitybdd.core.exceptions.SerenityManagedException: Could not initialize class com.virco.locators.SiteData
	at com.virco.steps.serenity.CommonUserSteps.openTheSite(CommonUserSteps.java:19)
	at com.virco.steps.serenity.CommonUserSteps$$EnhancerByCGLIB$$d8541bfa.CGLIB$openTheSite$6(<generated>)
	at com.virco.steps.serenity.CommonUserSteps$$EnhancerByCGLIB$$d8541bfa$$FastClassByCGLIB$$ea8e0f86.invoke(<generated>)
	at net.sf.cglib.proxy.MethodProxy.invokeSuper(MethodProxy.java:228)
	at net.thucydides.core.steps.StepInterceptor.invokeMethod(StepInterceptor.java:372)
	at net.thucydides.core.steps.StepInterceptor.executeTestStepMethod(StepInterceptor.java:357)
	at net.thucydides.core.steps.StepInterceptor.runTestStep(StepInterceptor.java:332)
	at net.thucydides.core.steps.StepInterceptor.testStepResult(StepInterceptor.java:134)
	at net.thucydides.core.steps.StepInterceptor.intercept(StepInterceptor.java:61)
	at com.virco.steps.serenity.CommonUserSteps$$EnhancerByCGLIB$$d8541bfa.openTheSite(<generated>)
	at com.virco.steps.CommonDefinitionSteps.openTheSiteAndLogin(CommonDefinitionSteps.java:72)
	at sun.reflect.GeneratedMethodAccessor143.invoke(Unknown Source)
	at sun.reflect.DelegatingMethodAccessorImpl.invoke(DelegatingMethodAccessorImpl.java:43)
	at java.lang.reflect.Method.invoke(Method.java:498)
	at cucumber.runtime.Utils$1.call(Utils.java:40)
	at cucumber.runtime.Timeout.timeout(Timeout.java:16)
	at cucumber.runtime.Utils.invoke(Utils.java:34)
	at cucumber.runtime.java.JavaStepDefinition.execute(JavaStepDefinition.java:38)
	at cucumber.runtime.StepDefinitionMatch.runStep(StepDefinitionMatch.java:37)
	at cucumber.runtime.Runtime.runStep(Runtime.java:300)
	at cucumber.runtime.model.StepContainer.runStep(StepContainer.java:44)
	at cucumber.runtime.model.StepContainer.runSteps(StepContainer.java:39)
	at cucumber.runtime.model.CucumberScenario.run(CucumberScenario.java:44)
	at cucumber.runtime.junit.ExecutionUnitRunner.run(ExecutionUnitRunner.java:102)
	at cucumber.runtime.junit.FeatureRunner.runChild(FeatureRunner.java:63)
	at cucumber.runtime.junit.FeatureRunner.runChild(FeatureRunner.java:18)
	at org.junit.runners.ParentRunner$3.run(ParentRunner.java:290)
	at org.junit.runners.ParentRunner$1.schedule(ParentRunner.java:71)
	at org.junit.runners.ParentRunner.runChildren(ParentRunner.java:288)
	at org.junit.runners.ParentRunner.access$000(ParentRunner.java:58)
	at org.junit.runners.ParentRunner$2.evaluate(ParentRunner.java:268)
	at org.junit.runners.ParentRunner.run(ParentRunner.java:363)
	at cucumber.runtime.junit.FeatureRunner.run(FeatureRunner.java:70)
	at cucumber.api.junit.Cucumber.runChild(Cucumber.java:95)
	at cucumber.api.junit.Cucumber.runChild(Cucumber.java:38)
	at org.junit.runners.ParentRunner$3.run(ParentRunner.java:290)
	at org.junit.runners.ParentRunner$1.schedule(ParentRunner.java:71)
	at org.junit.runners.ParentRunner.runChildren(ParentRunner.java:288)
	at org.junit.runners.ParentRunner.access$000(ParentRunner.java:58)
	at org.junit.runners.ParentRunner$2.evaluate(ParentRunner.java:268)
	at org.junit.runners.ParentRunner.run(ParentRunner.java:363)
	at cucumber.api.junit.Cucumber.run(Cucumber.java:100)
	at org.apache.maven.surefire.junit4.JUnit4Provider.execute(JUnit4Provider.java:283)
	at org.apache.maven.surefire.junit4.JUnit4Provider.executeWithRerun(JUnit4Provider.java:173)
	at org.apache.maven.surefire.junit4.JUnit4Provider.executeTestSet(JUnit4Provider.java:153)
	at org.apache.maven.surefire.junit4.JUnit4Provider.invoke(JUnit4Provider.java:128)
	at org.apache.maven.surefire.booter.ForkedBooter.invokeProviderInSameClassLoader(ForkedBooter.java:203)
	at org.apache.maven.surefire.booter.ForkedBooter.runSuitesInProcess(ForkedBooter.java:155)
	at org.apache.maven.surefire.booter.ForkedBooter.main(ForkedBooter.java:103)
]]></error>
  </testcase>
  <testcase name="Then each banner has image, message and installation slots" classname="Scenario: VIR-166.02 Verify that the each Banner has Rotating Theme, promotional message and installation slots" time="0">
    <skipped/>
    <system-err><![CDATA[[main] INFO net.serenitybdd.core.Serenity - STEP ERROR: java.lang.NoClassDefFoundError: Could not initialize class com.virco.locators.SiteData
[main] INFO net.serenitybdd.core.Serenity - STARTING STEP Then each banner has image, message and installation slots
]]></system-err>
  </testcase>
  <testcase name="Given open &quot;CMS&quot; page" classname="Scenario: VIR-166.03 Verify that the changes applied to the home page on the WCMS are shown on the site" time="0.002">
    <error message="Could not initialize class com.virco.locators.SiteData" type="net.serenitybdd.core.exceptions.SerenityManagedException"><![CDATA[net.serenitybdd.core.exceptions.SerenityManagedException: Could not initialize class com.virco.locators.SiteData
	at com.virco.steps.serenity.CommonUserSteps.openManagementPage(CommonUserSteps.java:26)
	at com.virco.steps.serenity.CommonUserSteps$$EnhancerByCGLIB$$d8541bfa.CGLIB$openManagementPage$7(<generated>)
	at com.virco.steps.serenity.CommonUserSteps$$EnhancerByCGLIB$$d8541bfa$$FastClassByCGLIB$$ea8e0f86.invoke(<generated>)
	at net.sf.cglib.proxy.MethodProxy.invokeSuper(MethodProxy.java:228)
	at net.thucydides.core.steps.StepInterceptor.invokeMethod(StepInterceptor.java:372)
	at net.thucydides.core.steps.StepInterceptor.executeTestStepMethod(StepInterceptor.java:357)
	at net.thucydides.core.steps.StepInterceptor.runTestStep(StepInterceptor.java:332)
	at net.thucydides.core.steps.StepInterceptor.testStepResult(StepInterceptor.java:134)
	at net.thucydides.core.steps.StepInterceptor.intercept(StepInterceptor.java:61)
	at com.virco.steps.serenity.CommonUserSteps$$EnhancerByCGLIB$$d8541bfa.openManagementPage(<generated>)
	at com.virco.steps.CommonDefinitionSteps.openPage(CommonDefinitionSteps.java:22)
	at sun.reflect.NativeMethodAccessorImpl.invoke0(Native Method)
	at sun.reflect.NativeMethodAccessorImpl.invoke(NativeMethodAccessorImpl.java:62)
	at sun.reflect.DelegatingMethodAccessorImpl.invoke(DelegatingMethodAccessorImpl.java:43)
	at java.lang.reflect.Method.invoke(Method.java:498)
	at cucumber.runtime.Utils$1.call(Utils.java:40)
	at cucumber.runtime.Timeout.timeout(Timeout.java:16)
	at cucumber.runtime.Utils.invoke(Utils.java:34)
	at cucumber.runtime.java.JavaStepDefinition.execute(JavaStepDefinition.java:38)
	at cucumber.runtime.StepDefinitionMatch.runStep(StepDefinitionMatch.java:37)
	at cucumber.runtime.Runtime.runStep(Runtime.java:300)
	at cucumber.runtime.model.StepContainer.runStep(StepContainer.java:44)
	at cucumber.runtime.model.StepContainer.runSteps(StepContainer.java:39)
	at cucumber.runtime.model.CucumberScenario.run(CucumberScenario.java:44)
	at cucumber.runtime.junit.ExecutionUnitRunner.run(ExecutionUnitRunner.java:102)
	at cucumber.runtime.junit.FeatureRunner.runChild(FeatureRunner.java:63)
	at cucumber.runtime.junit.FeatureRunner.runChild(FeatureRunner.java:18)
	at org.junit.runners.ParentRunner$3.run(ParentRunner.java:290)
	at org.junit.runners.ParentRunner$1.schedule(ParentRunner.java:71)
	at org.junit.runners.ParentRunner.runChildren(ParentRunner.java:288)
	at org.junit.runners.ParentRunner.access$000(ParentRunner.java:58)
	at org.junit.runners.ParentRunner$2.evaluate(ParentRunner.java:268)
	at org.junit.runners.ParentRunner.run(ParentRunner.java:363)
	at cucumber.runtime.junit.FeatureRunner.run(FeatureRunner.java:70)
	at cucumber.api.junit.Cucumber.runChild(Cucumber.java:95)
	at cucumber.api.junit.Cucumber.runChild(Cucumber.java:38)
	at org.junit.runners.ParentRunner$3.run(ParentRunner.java:290)
	at org.junit.runners.ParentRunner$1.schedule(ParentRunner.java:71)
	at org.junit.runners.ParentRunner.runChildren(ParentRunner.java:288)
	at org.junit.runners.ParentRunner.access$000(ParentRunner.java:58)
	at org.junit.runners.ParentRunner$2.evaluate(ParentRunner.java:268)
	at org.junit.runners.ParentRunner.run(ParentRunner.java:363)
	at cucumber.api.junit.Cucumber.run(Cucumber.java:100)
	at org.apache.maven.surefire.junit4.JUnit4Provider.execute(JUnit4Provider.java:283)
	at org.apache.maven.surefire.junit4.JUnit4Provider.executeWithRerun(JUnit4Provider.java:173)
	at org.apache.maven.surefire.junit4.JUnit4Provider.executeTestSet(JUnit4Provider.java:153)
	at org.apache.maven.surefire.junit4.JUnit4Provider.invoke(JUnit4Provider.java:128)
	at org.apache.maven.surefire.booter.ForkedBooter.invokeProviderInSameClassLoader(ForkedBooter.java:203)
	at org.apache.maven.surefire.booter.ForkedBooter.runSuitesInProcess(ForkedBooter.java:155)
	at org.apache.maven.surefire.booter.ForkedBooter.main(ForkedBooter.java:103)
]]></error>
    <system-err><![CDATA[[main] INFO net.serenitybdd.core.Serenity - IGNORING STEP
[main] ERROR net.serenitybdd.core.Serenity - 
           __  _____ _____ ____ _____   _____ _    ___ _     _____ ____  
  _       / / |_   _| ____/ ___|_   _| |  ___/ \  |_ _| |   | ____|  _ \ 
 (_)_____| |    | | |  _| \___ \ | |   | |_ / _ \  | || |   |  _| | | | |
  _|_____| |    | | | |___ ___) || |   |  _/ ___ \ | || |___| |___| |_| |
 (_)     | |    |_| |_____|____/ |_|   |_|/_/   \_\___|_____|_____|____/ 
          \_\                                                            

TEST FAILED WITH ERROR: VIR-166.02 Verify that the each Banner has Rotating Theme, promotional message and installation slots
---------------------------------------------------------------------
[main] ERROR net.serenitybdd.core.Serenity - TEST FAILED AT STEP Open the site
[main] ERROR net.serenitybdd.core.Serenity - Could not initialize class com.virco.locators.SiteData
[pool-1-thread-1] INFO net.thucydides.core.reports.json.JSONTestOutcomeReporter - Generating JSON report for VIR-129.03 Verify that the content admin can add installation slot by using template to file /Users/rodionsavchuk/hybrisAutomation/virco-automatedtests/target/site/serenity/e2ad5898b62d8e77d283000b0832f5fb0d67d58608b2ea1e947bdb3eaa4f7f13.json (using temp file /Users/rodionsavchuk/hybrisAutomation/virco-automatedtests/target/site/serenity/e2ad5898b62d8e77d283000b0832f5fb0d67d58608b2ea1e947bdb3eaa4f7f13.json04e7e00a-3549-450f-a18a-eb9df75a877a)
[pool-1-thread-4] INFO net.thucydides.core.reports.json.JSONTestOutcomeReporter - Generating JSON report for VIR-129.02 Verify that the content admin can promo message by using template to file /Users/rodionsavchuk/hybrisAutomation/virco-automatedtests/target/site/serenity/5c582eac1cc160864035d84f14577b2a4b307d178776baf5d94402a8f33a570b.json (using temp file /Users/rodionsavchuk/hybrisAutomation/virco-automatedtests/target/site/serenity/5c582eac1cc160864035d84f14577b2a4b307d178776baf5d94402a8f33a570b.json2650d0b1-9bc0-42fa-8caf-e41e7924ab73)
[pool-1-thread-3] INFO net.thucydides.core.reports.json.JSONTestOutcomeReporter - Generating JSON report for VIR-128.01 Verify that the OOTB Hybris is configured to file /Users/rodionsavchuk/hybrisAutomation/virco-automatedtests/target/site/serenity/f9e291a91d7fb0708996a6c172c79994e2f3e3dc027f9c744e43835d2210c73e.json (using temp file /Users/rodionsavchuk/hybrisAutomation/virco-automatedtests/target/site/serenity/f9e291a91d7fb0708996a6c172c79994e2f3e3dc027f9c744e43835d2210c73e.jsona9decb5f-c4af-40c5-b430-25f7f3921a68)
[pool-1-thread-2] INFO net.thucydides.core.reports.json.JSONTestOutcomeReporter - Generating JSON report for VIR-129.01 Verify that the content admin can add a rotating theme by using template to file /Users/rodionsavchuk/hybrisAutomation/virco-automatedtests/target/site/serenity/2baaeb277c29c1f85062130a60bafea2167a5c2dd87a93c69ad94698238c35ee.json (using temp file /Users/rodionsavchuk/hybrisAutomation/virco-automatedtests/target/site/serenity/2baaeb277c29c1f85062130a60bafea2167a5c2dd87a93c69ad94698238c35ee.json134c36b7-ce18-42f5-9552-4ad21fd5577c)
[pool-1-thread-1] INFO net.thucydides.core.reports.json.JSONTestOutcomeReporter - Generating JSON report for VIR-129.04 Verify that the content admin can add a product recommendation component on the page template by using template to file /Users/rodionsavchuk/hybrisAutomation/virco-automatedtests/target/site/serenity/2568cbeed2bdf1850ea694b2c61bf8c9430c3ac453a0d1b2f15e169595434015.json (using temp file /Users/rodionsavchuk/hybrisAutomation/virco-automatedtests/target/site/serenity/2568cbeed2bdf1850ea694b2c61bf8c9430c3ac453a0d1b2f15e169595434015.json70b5d51c-ca11-491c-bec0-590268992b8a)
[pool-1-thread-4] INFO net.thucydides.core.reports.json.JSONTestOutcomeReporter - Generating JSON report for VIR-129.06 Verify that the content admin can add a popular category on the template page to file /Users/rodionsavchuk/hybrisAutomation/virco-automatedtests/target/site/serenity/4cb24bf6eab810d97c001f653ce7ec4c2620e8ef80649c431bc47d31554e7dfa.json (using temp file /Users/rodionsavchuk/hybrisAutomation/virco-automatedtests/target/site/serenity/4cb24bf6eab810d97c001f653ce7ec4c2620e8ef80649c431bc47d31554e7dfa.json0987e192-e7e6-4810-b884-36c88db7e696)
[pool-1-thread-3] INFO net.thucydides.core.reports.json.JSONTestOutcomeReporter - Generating JSON report for VIR-129.05 Verify that the content admin can add a quick ship component on the template page to file /Users/rodionsavchuk/hybrisAutomation/virco-automatedtests/target/site/serenity/03a37ae243f19fd5e4074c51364f3accdea994f94fbe9bfc0888dbf6b3fcb296.json (using temp file /Users/rodionsavchuk/hybrisAutomation/virco-automatedtests/target/site/serenity/03a37ae243f19fd5e4074c51364f3accdea994f94fbe9bfc0888dbf6b3fcb296.jsonb2753a7e-9997-4d9a-803b-3f51462de635)
[pool-1-thread-2] INFO net.thucydides.core.reports.json.JSONTestOutcomeReporter - Generating JSON report for VIR-129.07 Verify that the content admin can add a product images component on the template page to file /Users/rodionsavchuk/hybrisAutomation/virco-automatedtests/target/site/serenity/b14d7ddd1213e2b3e327a1da59a5f30243e7b1413ece781e8217d0475b1d4ba5.json (using temp file /Users/rodionsavchuk/hybrisAutomation/virco-automatedtests/target/site/serenity/b14d7ddd1213e2b3e327a1da59a5f30243e7b1413ece781e8217d0475b1d4ba5.json4d8c686a-050d-4abb-8ec1-03f78167c346)
[pool-1-thread-1] INFO net.thucydides.core.reports.json.JSONTestOutcomeReporter - Generating JSON report for VIR-129.08 Verify that the content admin can edit promo message/popular category. to file /Users/rodionsavchuk/hybrisAutomation/virco-automatedtests/target/site/serenity/0b72d581cee195fdedb17f43f946f9e8a6bd5762bb612b26fbaf09d9905941a0.json (using temp file /Users/rodionsavchuk/hybrisAutomation/virco-automatedtests/target/site/serenity/0b72d581cee195fdedb17f43f946f9e8a6bd5762bb612b26fbaf09d9905941a0.json4b2fbc77-bc27-43f4-98cf-be101d7f0fdf)
[pool-1-thread-2] INFO net.thucydides.core.reports.json.JSONTestOutcomeReporter - Generating JSON report for VIR-129.10 Verify that the site has a look, configured by content admin to file /Users/rodionsavchuk/hybrisAutomation/virco-automatedtests/target/site/serenity/100947bcc68d92490597dd6eed62bf55d5857e1335d30b52c2a0a2894d214fe7.json (using temp file /Users/rodionsavchuk/hybrisAutomation/virco-automatedtests/target/site/serenity/100947bcc68d92490597dd6eed62bf55d5857e1335d30b52c2a0a2894d214fe7.json68ed300c-a2f3-4e26-bd23-d3fba13d9554)
[pool-1-thread-1] INFO net.thucydides.core.reports.json.JSONTestOutcomeReporter - Generating JSON report for VIR-166.01 Verify the rotating carousel is added on the home page to file /Users/rodionsavchuk/hybrisAutomation/virco-automatedtests/target/site/serenity/41045224dd55f49d371e9fd4a455c28d0acc2a203f1c37c0d89de600b26d38ef.json (using temp file /Users/rodionsavchuk/hybrisAutomation/virco-automatedtests/target/site/serenity/41045224dd55f49d371e9fd4a455c28d0acc2a203f1c37c0d89de600b26d38ef.json110b20d9-6f99-41a9-92a8-cba5ce8d8d88)
[pool-1-thread-4] INFO net.thucydides.core.reports.json.JSONTestOutcomeReporter - Generating JSON report for VIR-166.02 Verify that the each Banner has Rotating Theme, promotional message and installation slots to file /Users/rodionsavchuk/hybrisAutomation/virco-automatedtests/target/site/serenity/0608016defba6ce482ab704a7f99aa4784d409932878aab3566e62c6acd4c3be.json (using temp file /Users/rodionsavchuk/hybrisAutomation/virco-automatedtests/target/site/serenity/0608016defba6ce482ab704a7f99aa4784d409932878aab3566e62c6acd4c3be.json1273e8d0-aac2-4551-8879-f932a33a5adf)
[pool-1-thread-3] INFO net.thucydides.core.reports.json.JSONTestOutcomeReporter - Generating JSON report for VIR-129.09 Verify that the content admin can delete promo message/popular category. to file /Users/rodionsavchuk/hybrisAutomation/virco-automatedtests/target/site/serenity/e3f11c0e315cea47d82b81aeec1d5d4ec6688676c143e6c8bd85b536ee39abf1.json (using temp file /Users/rodionsavchuk/hybrisAutomation/virco-automatedtests/target/site/serenity/e3f11c0e315cea47d82b81aeec1d5d4ec6688676c143e6c8bd85b536ee39abf1.json0c866861-0ea4-42fb-8977-7c4a18d99cca)
[pool-1-thread-1] INFO net.thucydides.core.reports.html.HtmlAcceptanceTestReporter - GENERATING HTML REPORT FOR CNT-2 - Component Maintenance:VIR-129.01 Verify that the content admin can add a rotating theme by using template in 2baaeb277c29c1f85062130a60bafea2167a5c2dd87a93c69ad94698238c35ee.html in directory target/site/serenity  
[pool-1-thread-3] INFO net.thucydides.core.reports.html.HtmlAcceptanceTestReporter - GENERATING HTML REPORT FOR CNT-2 - Component Maintenance:VIR-129.02 Verify that the content admin can promo message by using template in 5c582eac1cc160864035d84f14577b2a4b307d178776baf5d94402a8f33a570b.html in directory target/site/serenity  
[pool-1-thread-2] INFO net.thucydides.core.reports.html.HtmlAcceptanceTestReporter - GENERATING HTML REPORT FOR CNT-1 - WCMS Site Maintenance:VIR-128.01 Verify that the OOTB Hybris is configured in f9e291a91d7fb0708996a6c172c79994e2f3e3dc027f9c744e43835d2210c73e.html in directory target/site/serenity  
[pool-1-thread-4] INFO net.thucydides.core.reports.html.HtmlAcceptanceTestReporter - GENERATING HTML REPORT FOR CNT-2 - Component Maintenance:VIR-129.03 Verify that the content admin can add installation slot by using template in e2ad5898b62d8e77d283000b0832f5fb0d67d58608b2ea1e947bdb3eaa4f7f13.html in directory target/site/serenity  
[pool-1-thread-3] INFO net.thucydides.core.reports.html.HtmlAcceptanceTestReporter - GENERATING HTML REPORT FOR CNT-2 - Component Maintenance:VIR-129.04 Verify that the content admin can add a product recommendation component on the page template by using template in 2568cbeed2bdf1850ea694b2c61bf8c9430c3ac453a0d1b2f15e169595434015.html in directory target/site/serenity  
[pool-1-thread-2] INFO net.thucydides.core.reports.html.HtmlAcceptanceTestReporter - GENERATING HTML REPORT FOR CNT-2 - Component Maintenance:VIR-129.06 Verify that the content admin can add a popular category on the template page in 4cb24bf6eab810d97c001f653ce7ec4c2620e8ef80649c431bc47d31554e7dfa.html in directory target/site/serenity  
[pool-1-thread-1] INFO net.thucydides.core.reports.html.HtmlAcceptanceTestReporter - GENERATING HTML REPORT FOR CNT-2 - Component Maintenance:VIR-129.05 Verify that the content admin can add a quick ship component on the template page in 03a37ae243f19fd5e4074c51364f3accdea994f94fbe9bfc0888dbf6b3fcb296.html in directory target/site/serenity  
[pool-1-thread-4] INFO net.thucydides.core.reports.html.HtmlAcceptanceTestReporter - GENERATING HTML REPORT FOR CNT-2 - Component Maintenance:VIR-129.07 Verify that the content admin can add a product images component on the template page in b14d7ddd1213e2b3e327a1da59a5f30243e7b1413ece781e8217d0475b1d4ba5.html in directory target/site/serenity  
[pool-1-thread-1] INFO net.thucydides.core.reports.html.HtmlAcceptanceTestReporter - GENERATING HTML REPORT FOR CNT-2 - Component Maintenance:VIR-129.10 Verify that the site has a look, configured by content admin in 100947bcc68d92490597dd6eed62bf55d5857e1335d30b52c2a0a2894d214fe7.html in directory target/site/serenity  
[pool-1-thread-2] INFO net.thucydides.core.reports.html.HtmlAcceptanceTestReporter - GENERATING HTML REPORT FOR CNT-2 - Component Maintenance:VIR-129.09 Verify that the content admin can delete promo message/popular category. in e3f11c0e315cea47d82b81aeec1d5d4ec6688676c143e6c8bd85b536ee39abf1.html in directory target/site/serenity  
[pool-1-thread-4] INFO net.thucydides.core.reports.html.HtmlAcceptanceTestReporter - GENERATING HTML REPORT FOR CNT-2 - Component Maintenance:VIR-129.08 Verify that the content admin can edit promo message/popular category. in 0b72d581cee195fdedb17f43f946f9e8a6bd5762bb612b26fbaf09d9905941a0.html in directory target/site/serenity  
[pool-1-thread-3] INFO net.thucydides.core.reports.html.HtmlAcceptanceTestReporter - GENERATING HTML REPORT FOR CNT-2 - Component Maintenance:VIR-166.01 Verify the rotating carousel is added on the home page in 41045224dd55f49d371e9fd4a455c28d0acc2a203f1c37c0d89de600b26d38ef.html in directory target/site/serenity  
[pool-1-thread-2] INFO net.thucydides.core.reports.html.HtmlAcceptanceTestReporter - GENERATING HTML REPORT FOR CNT-2 - Component Maintenance:VIR-166.02 Verify that the each Banner has Rotating Theme, promotional message and installation slots in 0608016defba6ce482ab704a7f99aa4784d409932878aab3566e62c6acd4c3be.html in directory target/site/serenity  
[main] INFO net.serenitybdd.core.Serenity - 
 _____ _____ ____ _____   ____ _____  _    ____ _____ _____ ____  
|_   _| ____/ ___|_   _| / ___|_   _|/ \  |  _ \_   _| ____|  _ \ 
  | | |  _| \___ \ | |   \___ \ | | / _ \ | |_) || | |  _| | | | |
  | | | |___ ___) || |    ___) || |/ ___ \|  _ < | | | |___| |_| |
  |_| |_____|____/ |_|   |____/ |_/_/   \_\_| \_\|_| |_____|____/ 
                                                                  

TEST STARTED: VIR-166.03 Verify that the changes applied to the home page on the WCMS are shown on the site
-------------------------------------------------------------------(cnt-2---component-maintenance;vir-166.03-verify-that-the-changes-applied-to-the-home-page-on-the-wcms-are-shown-on-the-site)
[main] INFO net.serenitybdd.core.Serenity - STARTING STEP Given open "CMS" page
[main] INFO net.serenitybdd.core.Serenity - STARTING STEP Open management page: CMS
[main] INFO net.serenitybdd.core.Serenity - STEP ERROR: net.serenitybdd.core.exceptions.SerenityManagedException: Could not initialize class com.virco.locators.SiteData
]]></system-err>
  </testcase>
  <testcase name="Scenario: VIR-166.03 Verify that the changes applied to the home page on the WCMS are shown on the site" classname="Scenario: VIR-166.03 Verify that the changes applied to the home page on the WCMS are shown on the site" time="0.003">
    <error message="Could not initialize class com.virco.locators.SiteData" type="net.serenitybdd.core.exceptions.SerenityManagedException"><![CDATA[net.serenitybdd.core.exceptions.SerenityManagedException: Could not initialize class com.virco.locators.SiteData
	at com.virco.steps.serenity.CommonUserSteps.openManagementPage(CommonUserSteps.java:26)
	at com.virco.steps.serenity.CommonUserSteps$$EnhancerByCGLIB$$d8541bfa.CGLIB$openManagementPage$7(<generated>)
	at com.virco.steps.serenity.CommonUserSteps$$EnhancerByCGLIB$$d8541bfa$$FastClassByCGLIB$$ea8e0f86.invoke(<generated>)
	at net.sf.cglib.proxy.MethodProxy.invokeSuper(MethodProxy.java:228)
	at net.thucydides.core.steps.StepInterceptor.invokeMethod(StepInterceptor.java:372)
	at net.thucydides.core.steps.StepInterceptor.executeTestStepMethod(StepInterceptor.java:357)
	at net.thucydides.core.steps.StepInterceptor.runTestStep(StepInterceptor.java:332)
	at net.thucydides.core.steps.StepInterceptor.testStepResult(StepInterceptor.java:134)
	at net.thucydides.core.steps.StepInterceptor.intercept(StepInterceptor.java:61)
	at com.virco.steps.serenity.CommonUserSteps$$EnhancerByCGLIB$$d8541bfa.openManagementPage(<generated>)
	at com.virco.steps.CommonDefinitionSteps.openPage(CommonDefinitionSteps.java:22)
	at sun.reflect.NativeMethodAccessorImpl.invoke0(Native Method)
	at sun.reflect.NativeMethodAccessorImpl.invoke(NativeMethodAccessorImpl.java:62)
	at sun.reflect.DelegatingMethodAccessorImpl.invoke(DelegatingMethodAccessorImpl.java:43)
	at java.lang.reflect.Method.invoke(Method.java:498)
	at cucumber.runtime.Utils$1.call(Utils.java:40)
	at cucumber.runtime.Timeout.timeout(Timeout.java:16)
	at cucumber.runtime.Utils.invoke(Utils.java:34)
	at cucumber.runtime.java.JavaStepDefinition.execute(JavaStepDefinition.java:38)
	at cucumber.runtime.StepDefinitionMatch.runStep(StepDefinitionMatch.java:37)
	at cucumber.runtime.Runtime.runStep(Runtime.java:300)
	at cucumber.runtime.model.StepContainer.runStep(StepContainer.java:44)
	at cucumber.runtime.model.StepContainer.runSteps(StepContainer.java:39)
	at cucumber.runtime.model.CucumberScenario.run(CucumberScenario.java:44)
	at cucumber.runtime.junit.ExecutionUnitRunner.run(ExecutionUnitRunner.java:102)
	at cucumber.runtime.junit.FeatureRunner.runChild(FeatureRunner.java:63)
	at cucumber.runtime.junit.FeatureRunner.runChild(FeatureRunner.java:18)
	at org.junit.runners.ParentRunner$3.run(ParentRunner.java:290)
	at org.junit.runners.ParentRunner$1.schedule(ParentRunner.java:71)
	at org.junit.runners.ParentRunner.runChildren(ParentRunner.java:288)
	at org.junit.runners.ParentRunner.access$000(ParentRunner.java:58)
	at org.junit.runners.ParentRunner$2.evaluate(ParentRunner.java:268)
	at org.junit.runners.ParentRunner.run(ParentRunner.java:363)
	at cucumber.runtime.junit.FeatureRunner.run(FeatureRunner.java:70)
	at cucumber.api.junit.Cucumber.runChild(Cucumber.java:95)
	at cucumber.api.junit.Cucumber.runChild(Cucumber.java:38)
	at org.junit.runners.ParentRunner$3.run(ParentRunner.java:290)
	at org.junit.runners.ParentRunner$1.schedule(ParentRunner.java:71)
	at org.junit.runners.ParentRunner.runChildren(ParentRunner.java:288)
	at org.junit.runners.ParentRunner.access$000(ParentRunner.java:58)
	at org.junit.runners.ParentRunner$2.evaluate(ParentRunner.java:268)
	at org.junit.runners.ParentRunner.run(ParentRunner.java:363)
	at cucumber.api.junit.Cucumber.run(Cucumber.java:100)
	at org.apache.maven.surefire.junit4.JUnit4Provider.execute(JUnit4Provider.java:283)
	at org.apache.maven.surefire.junit4.JUnit4Provider.executeWithRerun(JUnit4Provider.java:173)
	at org.apache.maven.surefire.junit4.JUnit4Provider.executeTestSet(JUnit4Provider.java:153)
	at org.apache.maven.surefire.junit4.JUnit4Provider.invoke(JUnit4Provider.java:128)
	at org.apache.maven.surefire.booter.ForkedBooter.invokeProviderInSameClassLoader(ForkedBooter.java:203)
	at org.apache.maven.surefire.booter.ForkedBooter.runSuitesInProcess(ForkedBooter.java:155)
	at org.apache.maven.surefire.booter.ForkedBooter.main(ForkedBooter.java:103)
]]></error>
  </testcase>
  <testcase name="When login as &quot;cmsmanager&quot;" classname="Scenario: VIR-166.03 Verify that the changes applied to the home page on the WCMS are shown on the site" time="0">
    <skipped/>
    <system-err><![CDATA[[main] INFO net.serenitybdd.core.Serenity - STEP ERROR: java.lang.NoClassDefFoundError: Could not initialize class com.virco.locators.SiteData
[main] INFO net.serenitybdd.core.Serenity - STARTING STEP When login as "cmsmanager"
]]></system-err>
  </testcase>
  <testcase name="When select &quot;Staged&quot; content catalog" classname="Scenario: VIR-166.03 Verify that the changes applied to the home page on the WCMS are shown on the site" time="0">
    <skipped/>
    <system-err><![CDATA[[main] INFO net.serenitybdd.core.Serenity - IGNORING STEP
[main] INFO net.serenitybdd.core.Serenity - STARTING STEP When select "Staged" content catalog
]]></system-err>
  </testcase>
  <testcase name="When search for &quot;home&quot; content" classname="Scenario: VIR-166.03 Verify that the changes applied to the home page on the WCMS are shown on the site" time="0">
    <skipped/>
    <system-err><![CDATA[[main] INFO net.serenitybdd.core.Serenity - IGNORING STEP
[main] INFO net.serenitybdd.core.Serenity - STARTING STEP When search for "home" content
]]></system-err>
  </testcase>
  <testcase name="When double click on &quot;homepage&quot; content page" classname="Scenario: VIR-166.03 Verify that the changes applied to the home page on the WCMS are shown on the site" time="0">
    <skipped/>
    <system-err><![CDATA[[main] INFO net.serenitybdd.core.Serenity - IGNORING STEP
[main] INFO net.serenitybdd.core.Serenity - STARTING STEP When double click on "homepage" content page
]]></system-err>
  </testcase>
  <testcase name="When click on &quot;Edit&quot; button in &quot;TopBodyContent&quot; slot" classname="Scenario: VIR-166.03 Verify that the changes applied to the home page on the WCMS are shown on the site" time="0">
    <skipped/>
    <system-err><![CDATA[[main] INFO net.serenitybdd.core.Serenity - IGNORING STEP
[main] INFO net.serenitybdd.core.Serenity - STARTING STEP When click on "Edit" button in "TopBodyContent" slot
]]></system-err>
  </testcase>
  <testcase name="When click on the &quot;1&quot; banner component" classname="Scenario: VIR-166.03 Verify that the changes applied to the home page on the WCMS are shown on the site" time="0">
    <skipped/>
    <system-err><![CDATA[[main] INFO net.serenitybdd.core.Serenity - IGNORING STEP
[main] INFO net.serenitybdd.core.Serenity - STARTING STEP When click on the "1" banner component
]]></system-err>
  </testcase>
  <testcase name="When enter &quot;testCarousel&quot; in content component editor" classname="Scenario: VIR-166.03 Verify that the changes applied to the home page on the WCMS are shown on the site" time="0">
    <skipped/>
    <system-err><![CDATA[[main] INFO net.serenitybdd.core.Serenity - IGNORING STEP
[main] INFO net.serenitybdd.core.Serenity - STARTING STEP When enter "testCarousel" in content component editor
]]></system-err>
  </testcase>
  <testcase name="When synchronize the product" classname="Scenario: VIR-166.03 Verify that the changes applied to the home page on the WCMS are shown on the site" time="0">
    <skipped/>
    <system-err><![CDATA[[main] INFO net.serenitybdd.core.Serenity - IGNORING STEP
[main] INFO net.serenitybdd.core.Serenity - STARTING STEP When synchronize the product
]]></system-err>
  </testcase>
  <testcase name="Then the action button title is &quot;Status: Synchronized&quot;" classname="Scenario: VIR-166.03 Verify that the changes applied to the home page on the WCMS are shown on the site" time="0">
    <skipped/>
    <system-err><![CDATA[[main] INFO net.serenitybdd.core.Serenity - IGNORING STEP
[main] INFO net.serenitybdd.core.Serenity - STARTING STEP Then the action button title is "Status: Synchronized"
]]></system-err>
  </testcase>
  <testcase name="Given open the site and login" classname="Scenario: VIR-166.04 Verify changes on the site" time="0.002">
    <error message="Could not initialize class com.virco.locators.SiteData" type="net.serenitybdd.core.exceptions.SerenityManagedException"><![CDATA[net.serenitybdd.core.exceptions.SerenityManagedException: Could not initialize class com.virco.locators.SiteData
	at com.virco.steps.serenity.CommonUserSteps.openTheSite(CommonUserSteps.java:19)
	at com.virco.steps.serenity.CommonUserSteps$$EnhancerByCGLIB$$d8541bfa.CGLIB$openTheSite$6(<generated>)
	at com.virco.steps.serenity.CommonUserSteps$$EnhancerByCGLIB$$d8541bfa$$FastClassByCGLIB$$ea8e0f86.invoke(<generated>)
	at net.sf.cglib.proxy.MethodProxy.invokeSuper(MethodProxy.java:228)
	at net.thucydides.core.steps.StepInterceptor.invokeMethod(StepInterceptor.java:372)
	at net.thucydides.core.steps.StepInterceptor.executeTestStepMethod(StepInterceptor.java:357)
	at net.thucydides.core.steps.StepInterceptor.runTestStep(StepInterceptor.java:332)
	at net.thucydides.core.steps.StepInterceptor.testStepResult(StepInterceptor.java:134)
	at net.thucydides.core.steps.StepInterceptor.intercept(StepInterceptor.java:61)
	at com.virco.steps.serenity.CommonUserSteps$$EnhancerByCGLIB$$d8541bfa.openTheSite(<generated>)
	at com.virco.steps.CommonDefinitionSteps.openTheSiteAndLogin(CommonDefinitionSteps.java:72)
	at sun.reflect.GeneratedMethodAccessor143.invoke(Unknown Source)
	at sun.reflect.DelegatingMethodAccessorImpl.invoke(DelegatingMethodAccessorImpl.java:43)
	at java.lang.reflect.Method.invoke(Method.java:498)
	at cucumber.runtime.Utils$1.call(Utils.java:40)
	at cucumber.runtime.Timeout.timeout(Timeout.java:16)
	at cucumber.runtime.Utils.invoke(Utils.java:34)
	at cucumber.runtime.java.JavaStepDefinition.execute(JavaStepDefinition.java:38)
	at cucumber.runtime.StepDefinitionMatch.runStep(StepDefinitionMatch.java:37)
	at cucumber.runtime.Runtime.runStep(Runtime.java:300)
	at cucumber.runtime.model.StepContainer.runStep(StepContainer.java:44)
	at cucumber.runtime.model.StepContainer.runSteps(StepContainer.java:39)
	at cucumber.runtime.model.CucumberScenario.run(CucumberScenario.java:44)
	at cucumber.runtime.junit.ExecutionUnitRunner.run(ExecutionUnitRunner.java:102)
	at cucumber.runtime.junit.FeatureRunner.runChild(FeatureRunner.java:63)
	at cucumber.runtime.junit.FeatureRunner.runChild(FeatureRunner.java:18)
	at org.junit.runners.ParentRunner$3.run(ParentRunner.java:290)
	at org.junit.runners.ParentRunner$1.schedule(ParentRunner.java:71)
	at org.junit.runners.ParentRunner.runChildren(ParentRunner.java:288)
	at org.junit.runners.ParentRunner.access$000(ParentRunner.java:58)
	at org.junit.runners.ParentRunner$2.evaluate(ParentRunner.java:268)
	at org.junit.runners.ParentRunner.run(ParentRunner.java:363)
	at cucumber.runtime.junit.FeatureRunner.run(FeatureRunner.java:70)
	at cucumber.api.junit.Cucumber.runChild(Cucumber.java:95)
	at cucumber.api.junit.Cucumber.runChild(Cucumber.java:38)
	at org.junit.runners.ParentRunner$3.run(ParentRunner.java:290)
	at org.junit.runners.ParentRunner$1.schedule(ParentRunner.java:71)
	at org.junit.runners.ParentRunner.runChildren(ParentRunner.java:288)
	at org.junit.runners.ParentRunner.access$000(ParentRunner.java:58)
	at org.junit.runners.ParentRunner$2.evaluate(ParentRunner.java:268)
	at org.junit.runners.ParentRunner.run(ParentRunner.java:363)
	at cucumber.api.junit.Cucumber.run(Cucumber.java:100)
	at org.apache.maven.surefire.junit4.JUnit4Provider.execute(JUnit4Provider.java:283)
	at org.apache.maven.surefire.junit4.JUnit4Provider.executeWithRerun(JUnit4Provider.java:173)
	at org.apache.maven.surefire.junit4.JUnit4Provider.executeTestSet(JUnit4Provider.java:153)
	at org.apache.maven.surefire.junit4.JUnit4Provider.invoke(JUnit4Provider.java:128)
	at org.apache.maven.surefire.booter.ForkedBooter.invokeProviderInSameClassLoader(ForkedBooter.java:203)
	at org.apache.maven.surefire.booter.ForkedBooter.runSuitesInProcess(ForkedBooter.java:155)
	at org.apache.maven.surefire.booter.ForkedBooter.main(ForkedBooter.java:103)
]]></error>
    <system-err><![CDATA[[main] INFO net.serenitybdd.core.Serenity - IGNORING STEP
[main] ERROR net.serenitybdd.core.Serenity - 
           __  _____ _____ ____ _____   _____ _    ___ _     _____ ____  
  _       / / |_   _| ____/ ___|_   _| |  ___/ \  |_ _| |   | ____|  _ \ 
 (_)_____| |    | | |  _| \___ \ | |   | |_ / _ \  | || |   |  _| | | | |
  _|_____| |    | | | |___ ___) || |   |  _/ ___ \ | || |___| |___| |_| |
 (_)     | |    |_| |_____|____/ |_|   |_|/_/   \_\___|_____|_____|____/ 
          \_\                                                            

TEST FAILED WITH ERROR: VIR-166.03 Verify that the changes applied to the home page on the WCMS are shown on the site
---------------------------------------------------------------------
[main] ERROR net.serenitybdd.core.Serenity - TEST FAILED AT STEP Open management page: CMS
[main] ERROR net.serenitybdd.core.Serenity - Could not initialize class com.virco.locators.SiteData
[pool-1-thread-1] INFO net.thucydides.core.reports.json.JSONTestOutcomeReporter - Generating JSON report for VIR-128.01 Verify that the OOTB Hybris is configured to file /Users/rodionsavchuk/hybrisAutomation/virco-automatedtests/target/site/serenity/f9e291a91d7fb0708996a6c172c79994e2f3e3dc027f9c744e43835d2210c73e.json (using temp file /Users/rodionsavchuk/hybrisAutomation/virco-automatedtests/target/site/serenity/f9e291a91d7fb0708996a6c172c79994e2f3e3dc027f9c744e43835d2210c73e.jsonae46f706-ed3c-468c-aac9-315139070919)
[pool-1-thread-4] INFO net.thucydides.core.reports.json.JSONTestOutcomeReporter - Generating JSON report for VIR-129.01 Verify that the content admin can add a rotating theme by using template to file /Users/rodionsavchuk/hybrisAutomation/virco-automatedtests/target/site/serenity/2baaeb277c29c1f85062130a60bafea2167a5c2dd87a93c69ad94698238c35ee.json (using temp file /Users/rodionsavchuk/hybrisAutomation/virco-automatedtests/target/site/serenity/2baaeb277c29c1f85062130a60bafea2167a5c2dd87a93c69ad94698238c35ee.json093021ed-6ac6-4513-b2c5-9f1ea4794313)
[pool-1-thread-2] INFO net.thucydides.core.reports.json.JSONTestOutcomeReporter - Generating JSON report for VIR-129.03 Verify that the content admin can add installation slot by using template to file /Users/rodionsavchuk/hybrisAutomation/virco-automatedtests/target/site/serenity/e2ad5898b62d8e77d283000b0832f5fb0d67d58608b2ea1e947bdb3eaa4f7f13.json (using temp file /Users/rodionsavchuk/hybrisAutomation/virco-automatedtests/target/site/serenity/e2ad5898b62d8e77d283000b0832f5fb0d67d58608b2ea1e947bdb3eaa4f7f13.json67af2fff-502e-47e8-9bad-2651a694c9a9)
[pool-1-thread-3] INFO net.thucydides.core.reports.json.JSONTestOutcomeReporter - Generating JSON report for VIR-129.02 Verify that the content admin can promo message by using template to file /Users/rodionsavchuk/hybrisAutomation/virco-automatedtests/target/site/serenity/5c582eac1cc160864035d84f14577b2a4b307d178776baf5d94402a8f33a570b.json (using temp file /Users/rodionsavchuk/hybrisAutomation/virco-automatedtests/target/site/serenity/5c582eac1cc160864035d84f14577b2a4b307d178776baf5d94402a8f33a570b.json77027f24-1059-460c-b5fb-1c4b24f8416b)
[pool-1-thread-4] INFO net.thucydides.core.reports.json.JSONTestOutcomeReporter - Generating JSON report for VIR-129.04 Verify that the content admin can add a product recommendation component on the page template by using template to file /Users/rodionsavchuk/hybrisAutomation/virco-automatedtests/target/site/serenity/2568cbeed2bdf1850ea694b2c61bf8c9430c3ac453a0d1b2f15e169595434015.json (using temp file /Users/rodionsavchuk/hybrisAutomation/virco-automatedtests/target/site/serenity/2568cbeed2bdf1850ea694b2c61bf8c9430c3ac453a0d1b2f15e169595434015.json498b25d9-0e13-49b1-8b52-46bfcd7050ad)
[pool-1-thread-3] INFO net.thucydides.core.reports.json.JSONTestOutcomeReporter - Generating JSON report for VIR-129.06 Verify that the content admin can add a popular category on the template page to file /Users/rodionsavchuk/hybrisAutomation/virco-automatedtests/target/site/serenity/4cb24bf6eab810d97c001f653ce7ec4c2620e8ef80649c431bc47d31554e7dfa.json (using temp file /Users/rodionsavchuk/hybrisAutomation/virco-automatedtests/target/site/serenity/4cb24bf6eab810d97c001f653ce7ec4c2620e8ef80649c431bc47d31554e7dfa.jsoned2a202f-c461-4a8b-8de7-6525a154ac70)
[pool-1-thread-1] INFO net.thucydides.core.reports.json.JSONTestOutcomeReporter - Generating JSON report for VIR-129.05 Verify that the content admin can add a quick ship component on the template page to file /Users/rodionsavchuk/hybrisAutomation/virco-automatedtests/target/site/serenity/03a37ae243f19fd5e4074c51364f3accdea994f94fbe9bfc0888dbf6b3fcb296.json (using temp file /Users/rodionsavchuk/hybrisAutomation/virco-automatedtests/target/site/serenity/03a37ae243f19fd5e4074c51364f3accdea994f94fbe9bfc0888dbf6b3fcb296.json16044c3f-a240-4ac6-9c00-fe5cd44abf87)
[pool-1-thread-2] INFO net.thucydides.core.reports.json.JSONTestOutcomeReporter - Generating JSON report for VIR-129.07 Verify that the content admin can add a product images component on the template page to file /Users/rodionsavchuk/hybrisAutomation/virco-automatedtests/target/site/serenity/b14d7ddd1213e2b3e327a1da59a5f30243e7b1413ece781e8217d0475b1d4ba5.json (using temp file /Users/rodionsavchuk/hybrisAutomation/virco-automatedtests/target/site/serenity/b14d7ddd1213e2b3e327a1da59a5f30243e7b1413ece781e8217d0475b1d4ba5.jsone3f2477d-3c6f-4cf5-8763-2d6d014be8be)
[pool-1-thread-1] INFO net.thucydides.core.reports.json.JSONTestOutcomeReporter - Generating JSON report for VIR-129.08 Verify that the content admin can edit promo message/popular category. to file /Users/rodionsavchuk/hybrisAutomation/virco-automatedtests/target/site/serenity/0b72d581cee195fdedb17f43f946f9e8a6bd5762bb612b26fbaf09d9905941a0.json (using temp file /Users/rodionsavchuk/hybrisAutomation/virco-automatedtests/target/site/serenity/0b72d581cee195fdedb17f43f946f9e8a6bd5762bb612b26fbaf09d9905941a0.json4c5cacba-88f3-4899-98b2-9dd1db837aef)
[pool-1-thread-3] INFO net.thucydides.core.reports.json.JSONTestOutcomeReporter - Generating JSON report for VIR-129.09 Verify that the content admin can delete promo message/popular category. to file /Users/rodionsavchuk/hybrisAutomation/virco-automatedtests/target/site/serenity/e3f11c0e315cea47d82b81aeec1d5d4ec6688676c143e6c8bd85b536ee39abf1.json (using temp file /Users/rodionsavchuk/hybrisAutomation/virco-automatedtests/target/site/serenity/e3f11c0e315cea47d82b81aeec1d5d4ec6688676c143e6c8bd85b536ee39abf1.json94e41ef4-b079-4ca8-af96-e780c787d69f)
[pool-1-thread-4] INFO net.thucydides.core.reports.json.JSONTestOutcomeReporter - Generating JSON report for VIR-129.10 Verify that the site has a look, configured by content admin to file /Users/rodionsavchuk/hybrisAutomation/virco-automatedtests/target/site/serenity/100947bcc68d92490597dd6eed62bf55d5857e1335d30b52c2a0a2894d214fe7.json (using temp file /Users/rodionsavchuk/hybrisAutomation/virco-automatedtests/target/site/serenity/100947bcc68d92490597dd6eed62bf55d5857e1335d30b52c2a0a2894d214fe7.jsone6eef35a-d09b-48fa-ad46-dcad320f9961)
[pool-1-thread-1] INFO net.thucydides.core.reports.json.JSONTestOutcomeReporter - Generating JSON report for VIR-166.01 Verify the rotating carousel is added on the home page to file /Users/rodionsavchuk/hybrisAutomation/virco-automatedtests/target/site/serenity/41045224dd55f49d371e9fd4a455c28d0acc2a203f1c37c0d89de600b26d38ef.json (using temp file /Users/rodionsavchuk/hybrisAutomation/virco-automatedtests/target/site/serenity/41045224dd55f49d371e9fd4a455c28d0acc2a203f1c37c0d89de600b26d38ef.json0142f5dc-134a-47c3-9f98-a87739bd087e)
[pool-1-thread-2] INFO net.thucydides.core.reports.json.JSONTestOutcomeReporter - Generating JSON report for VIR-166.02 Verify that the each Banner has Rotating Theme, promotional message and installation slots to file /Users/rodionsavchuk/hybrisAutomation/virco-automatedtests/target/site/serenity/0608016defba6ce482ab704a7f99aa4784d409932878aab3566e62c6acd4c3be.json (using temp file /Users/rodionsavchuk/hybrisAutomation/virco-automatedtests/target/site/serenity/0608016defba6ce482ab704a7f99aa4784d409932878aab3566e62c6acd4c3be.jsonb5f56bdf-7102-4bd3-84e1-331f986e4694)
[pool-1-thread-3] INFO net.thucydides.core.reports.json.JSONTestOutcomeReporter - Generating JSON report for VIR-166.03 Verify that the changes applied to the home page on the WCMS are shown on the site to file /Users/rodionsavchuk/hybrisAutomation/virco-automatedtests/target/site/serenity/b9eb3619ad92be0ca6909f8288eb5393e840f6227de55c87423f32dd621971c6.json (using temp file /Users/rodionsavchuk/hybrisAutomation/virco-automatedtests/target/site/serenity/b9eb3619ad92be0ca6909f8288eb5393e840f6227de55c87423f32dd621971c6.json9c48d7be-b8c6-4f6a-ae8b-7128953867f3)
[pool-1-thread-1] INFO net.thucydides.core.reports.html.HtmlAcceptanceTestReporter - GENERATING HTML REPORT FOR CNT-2 - Component Maintenance:VIR-129.01 Verify that the content admin can add a rotating theme by using template in 2baaeb277c29c1f85062130a60bafea2167a5c2dd87a93c69ad94698238c35ee.html in directory target/site/serenity  
[pool-1-thread-4] INFO net.thucydides.core.reports.html.HtmlAcceptanceTestReporter - GENERATING HTML REPORT FOR CNT-1 - WCMS Site Maintenance:VIR-128.01 Verify that the OOTB Hybris is configured in f9e291a91d7fb0708996a6c172c79994e2f3e3dc027f9c744e43835d2210c73e.html in directory target/site/serenity  
[pool-1-thread-1] INFO net.thucydides.core.reports.html.HtmlAcceptanceTestReporter - GENERATING HTML REPORT FOR CNT-2 - Component Maintenance:VIR-129.03 Verify that the content admin can add installation slot by using template in e2ad5898b62d8e77d283000b0832f5fb0d67d58608b2ea1e947bdb3eaa4f7f13.html in directory target/site/serenity  
[pool-1-thread-4] INFO net.thucydides.core.reports.html.HtmlAcceptanceTestReporter - GENERATING HTML REPORT FOR CNT-2 - Component Maintenance:VIR-129.04 Verify that the content admin can add a product recommendation component on the page template by using template in 2568cbeed2bdf1850ea694b2c61bf8c9430c3ac453a0d1b2f15e169595434015.html in directory target/site/serenity  
[pool-1-thread-3] INFO net.thucydides.core.reports.html.HtmlAcceptanceTestReporter - GENERATING HTML REPORT FOR CNT-2 - Component Maintenance:VIR-129.05 Verify that the content admin can add a quick ship component on the template page in 03a37ae243f19fd5e4074c51364f3accdea994f94fbe9bfc0888dbf6b3fcb296.html in directory target/site/serenity  
[pool-1-thread-3] INFO net.thucydides.core.reports.html.HtmlAcceptanceTestReporter - GENERATING HTML REPORT FOR CNT-2 - Component Maintenance:VIR-129.06 Verify that the content admin can add a popular category on the template page in 4cb24bf6eab810d97c001f653ce7ec4c2620e8ef80649c431bc47d31554e7dfa.html in directory target/site/serenity  
[pool-1-thread-4] INFO net.thucydides.core.reports.html.HtmlAcceptanceTestReporter - GENERATING HTML REPORT FOR CNT-2 - Component Maintenance:VIR-129.07 Verify that the content admin can add a product images component on the template page in b14d7ddd1213e2b3e327a1da59a5f30243e7b1413ece781e8217d0475b1d4ba5.html in directory target/site/serenity  
[pool-1-thread-3] INFO net.thucydides.core.reports.html.HtmlAcceptanceTestReporter - GENERATING HTML REPORT FOR CNT-2 - Component Maintenance:VIR-129.08 Verify that the content admin can edit promo message/popular category. in 0b72d581cee195fdedb17f43f946f9e8a6bd5762bb612b26fbaf09d9905941a0.html in directory target/site/serenity  
[pool-1-thread-4] INFO net.thucydides.core.reports.html.HtmlAcceptanceTestReporter - GENERATING HTML REPORT FOR CNT-2 - Component Maintenance:VIR-129.09 Verify that the content admin can delete promo message/popular category. in e3f11c0e315cea47d82b81aeec1d5d4ec6688676c143e6c8bd85b536ee39abf1.html in directory target/site/serenity  
[pool-1-thread-3] INFO net.thucydides.core.reports.html.HtmlAcceptanceTestReporter - GENERATING HTML REPORT FOR CNT-2 - Component Maintenance:VIR-129.10 Verify that the site has a look, configured by content admin in 100947bcc68d92490597dd6eed62bf55d5857e1335d30b52c2a0a2894d214fe7.html in directory target/site/serenity  
[pool-1-thread-1] INFO net.thucydides.core.reports.html.HtmlAcceptanceTestReporter - GENERATING HTML REPORT FOR CNT-2 - Component Maintenance:VIR-166.01 Verify the rotating carousel is added on the home page in 41045224dd55f49d371e9fd4a455c28d0acc2a203f1c37c0d89de600b26d38ef.html in directory target/site/serenity  
[pool-1-thread-2] INFO net.thucydides.core.reports.html.HtmlAcceptanceTestReporter - GENERATING HTML REPORT FOR CNT-2 - Component Maintenance:VIR-129.02 Verify that the content admin can promo message by using template in 5c582eac1cc160864035d84f14577b2a4b307d178776baf5d94402a8f33a570b.html in directory target/site/serenity  
[pool-1-thread-3] INFO net.thucydides.core.reports.html.HtmlAcceptanceTestReporter - GENERATING HTML REPORT FOR CNT-2 - Component Maintenance:VIR-166.02 Verify that the each Banner has Rotating Theme, promotional message and installation slots in 0608016defba6ce482ab704a7f99aa4784d409932878aab3566e62c6acd4c3be.html in directory target/site/serenity  
[pool-1-thread-1] INFO net.thucydides.core.reports.html.HtmlAcceptanceTestReporter - GENERATING HTML REPORT FOR CNT-2 - Component Maintenance:VIR-166.03 Verify that the changes applied to the home page on the WCMS are shown on the site in b9eb3619ad92be0ca6909f8288eb5393e840f6227de55c87423f32dd621971c6.html in directory target/site/serenity  
[main] INFO net.serenitybdd.core.Serenity - 
 _____ _____ ____ _____   ____ _____  _    ____ _____ _____ ____  
|_   _| ____/ ___|_   _| / ___|_   _|/ \  |  _ \_   _| ____|  _ \ 
  | | |  _| \___ \ | |   \___ \ | | / _ \ | |_) || | |  _| | | | |
  | | | |___ ___) || |    ___) || |/ ___ \|  _ < | | | |___| |_| |
  |_| |_____|____/ |_|   |____/ |_/_/   \_\_| \_\|_| |_____|____/ 
                                                                  

TEST STARTED: VIR-166.04 Verify changes on the site
-------------------------------------------------------------------(cnt-2---component-maintenance;vir-166.04-verify-changes-on-the-site)
[main] INFO net.serenitybdd.core.Serenity - STARTING STEP Given open the site and login
[main] INFO net.serenitybdd.core.Serenity - STARTING STEP Open the site
[main] INFO net.serenitybdd.core.Serenity - STEP ERROR: net.serenitybdd.core.exceptions.SerenityManagedException: Could not initialize class com.virco.locators.SiteData
]]></system-err>
  </testcase>
  <testcase name="Scenario: VIR-166.04 Verify changes on the site" classname="Scenario: VIR-166.04 Verify changes on the site" time="0.004">
    <error message="Could not initialize class com.virco.locators.SiteData" type="net.serenitybdd.core.exceptions.SerenityManagedException"><![CDATA[net.serenitybdd.core.exceptions.SerenityManagedException: Could not initialize class com.virco.locators.SiteData
	at com.virco.steps.serenity.CommonUserSteps.openTheSite(CommonUserSteps.java:19)
	at com.virco.steps.serenity.CommonUserSteps$$EnhancerByCGLIB$$d8541bfa.CGLIB$openTheSite$6(<generated>)
	at com.virco.steps.serenity.CommonUserSteps$$EnhancerByCGLIB$$d8541bfa$$FastClassByCGLIB$$ea8e0f86.invoke(<generated>)
	at net.sf.cglib.proxy.MethodProxy.invokeSuper(MethodProxy.java:228)
	at net.thucydides.core.steps.StepInterceptor.invokeMethod(StepInterceptor.java:372)
	at net.thucydides.core.steps.StepInterceptor.executeTestStepMethod(StepInterceptor.java:357)
	at net.thucydides.core.steps.StepInterceptor.runTestStep(StepInterceptor.java:332)
	at net.thucydides.core.steps.StepInterceptor.testStepResult(StepInterceptor.java:134)
	at net.thucydides.core.steps.StepInterceptor.intercept(StepInterceptor.java:61)
	at com.virco.steps.serenity.CommonUserSteps$$EnhancerByCGLIB$$d8541bfa.openTheSite(<generated>)
	at com.virco.steps.CommonDefinitionSteps.openTheSiteAndLogin(CommonDefinitionSteps.java:72)
	at sun.reflect.GeneratedMethodAccessor143.invoke(Unknown Source)
	at sun.reflect.DelegatingMethodAccessorImpl.invoke(DelegatingMethodAccessorImpl.java:43)
	at java.lang.reflect.Method.invoke(Method.java:498)
	at cucumber.runtime.Utils$1.call(Utils.java:40)
	at cucumber.runtime.Timeout.timeout(Timeout.java:16)
	at cucumber.runtime.Utils.invoke(Utils.java:34)
	at cucumber.runtime.java.JavaStepDefinition.execute(JavaStepDefinition.java:38)
	at cucumber.runtime.StepDefinitionMatch.runStep(StepDefinitionMatch.java:37)
	at cucumber.runtime.Runtime.runStep(Runtime.java:300)
	at cucumber.runtime.model.StepContainer.runStep(StepContainer.java:44)
	at cucumber.runtime.model.StepContainer.runSteps(StepContainer.java:39)
	at cucumber.runtime.model.CucumberScenario.run(CucumberScenario.java:44)
	at cucumber.runtime.junit.ExecutionUnitRunner.run(ExecutionUnitRunner.java:102)
	at cucumber.runtime.junit.FeatureRunner.runChild(FeatureRunner.java:63)
	at cucumber.runtime.junit.FeatureRunner.runChild(FeatureRunner.java:18)
	at org.junit.runners.ParentRunner$3.run(ParentRunner.java:290)
	at org.junit.runners.ParentRunner$1.schedule(ParentRunner.java:71)
	at org.junit.runners.ParentRunner.runChildren(ParentRunner.java:288)
	at org.junit.runners.ParentRunner.access$000(ParentRunner.java:58)
	at org.junit.runners.ParentRunner$2.evaluate(ParentRunner.java:268)
	at org.junit.runners.ParentRunner.run(ParentRunner.java:363)
	at cucumber.runtime.junit.FeatureRunner.run(FeatureRunner.java:70)
	at cucumber.api.junit.Cucumber.runChild(Cucumber.java:95)
	at cucumber.api.junit.Cucumber.runChild(Cucumber.java:38)
	at org.junit.runners.ParentRunner$3.run(ParentRunner.java:290)
	at org.junit.runners.ParentRunner$1.schedule(ParentRunner.java:71)
	at org.junit.runners.ParentRunner.runChildren(ParentRunner.java:288)
	at org.junit.runners.ParentRunner.access$000(ParentRunner.java:58)
	at org.junit.runners.ParentRunner$2.evaluate(ParentRunner.java:268)
	at org.junit.runners.ParentRunner.run(ParentRunner.java:363)
	at cucumber.api.junit.Cucumber.run(Cucumber.java:100)
	at org.apache.maven.surefire.junit4.JUnit4Provider.execute(JUnit4Provider.java:283)
	at org.apache.maven.surefire.junit4.JUnit4Provider.executeWithRerun(JUnit4Provider.java:173)
	at org.apache.maven.surefire.junit4.JUnit4Provider.executeTestSet(JUnit4Provider.java:153)
	at org.apache.maven.surefire.junit4.JUnit4Provider.invoke(JUnit4Provider.java:128)
	at org.apache.maven.surefire.booter.ForkedBooter.invokeProviderInSameClassLoader(ForkedBooter.java:203)
	at org.apache.maven.surefire.booter.ForkedBooter.runSuitesInProcess(ForkedBooter.java:155)
	at org.apache.maven.surefire.booter.ForkedBooter.main(ForkedBooter.java:103)
]]></error>
  </testcase>
  <testcase name="Then content in carousel is &quot;testCarousel&quot; in 1 banner" classname="Scenario: VIR-166.04 Verify changes on the site" time="0">
    <skipped/>
    <system-err><![CDATA[[main] INFO net.serenitybdd.core.Serenity - STEP ERROR: java.lang.NoClassDefFoundError: Could not initialize class com.virco.locators.SiteData
[main] INFO net.serenitybdd.core.Serenity - STARTING STEP Then content in carousel is "testCarousel" in 1 banner
]]></system-err>
  </testcase>
  <testcase name="Scenario: VIR-166.04 Verify installation slot" classname="Scenario: VIR-166.04 Verify installation slot" time="0.16"/>
  <testcase name="Given open &quot;CMS&quot; page" classname="Scenario: VIR-166.06 Return changes for carousel" time="0.014">
    <error message="Could not initialize class com.virco.locators.SiteData" type="net.serenitybdd.core.exceptions.SerenityManagedException"><![CDATA[net.serenitybdd.core.exceptions.SerenityManagedException: Could not initialize class com.virco.locators.SiteData
	at com.virco.steps.serenity.CommonUserSteps.openManagementPage(CommonUserSteps.java:26)
	at com.virco.steps.serenity.CommonUserSteps$$EnhancerByCGLIB$$d8541bfa.CGLIB$openManagementPage$7(<generated>)
	at com.virco.steps.serenity.CommonUserSteps$$EnhancerByCGLIB$$d8541bfa$$FastClassByCGLIB$$ea8e0f86.invoke(<generated>)
	at net.sf.cglib.proxy.MethodProxy.invokeSuper(MethodProxy.java:228)
	at net.thucydides.core.steps.StepInterceptor.invokeMethod(StepInterceptor.java:372)
	at net.thucydides.core.steps.StepInterceptor.executeTestStepMethod(StepInterceptor.java:357)
	at net.thucydides.core.steps.StepInterceptor.runTestStep(StepInterceptor.java:332)
	at net.thucydides.core.steps.StepInterceptor.testStepResult(StepInterceptor.java:134)
	at net.thucydides.core.steps.StepInterceptor.intercept(StepInterceptor.java:61)
	at com.virco.steps.serenity.CommonUserSteps$$EnhancerByCGLIB$$d8541bfa.openManagementPage(<generated>)
	at com.virco.steps.CommonDefinitionSteps.openPage(CommonDefinitionSteps.java:22)
	at sun.reflect.NativeMethodAccessorImpl.invoke0(Native Method)
	at sun.reflect.NativeMethodAccessorImpl.invoke(NativeMethodAccessorImpl.java:62)
	at sun.reflect.DelegatingMethodAccessorImpl.invoke(DelegatingMethodAccessorImpl.java:43)
	at java.lang.reflect.Method.invoke(Method.java:498)
	at cucumber.runtime.Utils$1.call(Utils.java:40)
	at cucumber.runtime.Timeout.timeout(Timeout.java:16)
	at cucumber.runtime.Utils.invoke(Utils.java:34)
	at cucumber.runtime.java.JavaStepDefinition.execute(JavaStepDefinition.java:38)
	at cucumber.runtime.StepDefinitionMatch.runStep(StepDefinitionMatch.java:37)
	at cucumber.runtime.Runtime.runStep(Runtime.java:300)
	at cucumber.runtime.model.StepContainer.runStep(StepContainer.java:44)
	at cucumber.runtime.model.StepContainer.runSteps(StepContainer.java:39)
	at cucumber.runtime.model.CucumberScenario.run(CucumberScenario.java:44)
	at cucumber.runtime.junit.ExecutionUnitRunner.run(ExecutionUnitRunner.java:102)
	at cucumber.runtime.junit.FeatureRunner.runChild(FeatureRunner.java:63)
	at cucumber.runtime.junit.FeatureRunner.runChild(FeatureRunner.java:18)
	at org.junit.runners.ParentRunner$3.run(ParentRunner.java:290)
	at org.junit.runners.ParentRunner$1.schedule(ParentRunner.java:71)
	at org.junit.runners.ParentRunner.runChildren(ParentRunner.java:288)
	at org.junit.runners.ParentRunner.access$000(ParentRunner.java:58)
	at org.junit.runners.ParentRunner$2.evaluate(ParentRunner.java:268)
	at org.junit.runners.ParentRunner.run(ParentRunner.java:363)
	at cucumber.runtime.junit.FeatureRunner.run(FeatureRunner.java:70)
	at cucumber.api.junit.Cucumber.runChild(Cucumber.java:95)
	at cucumber.api.junit.Cucumber.runChild(Cucumber.java:38)
	at org.junit.runners.ParentRunner$3.run(ParentRunner.java:290)
	at org.junit.runners.ParentRunner$1.schedule(ParentRunner.java:71)
	at org.junit.runners.ParentRunner.runChildren(ParentRunner.java:288)
	at org.junit.runners.ParentRunner.access$000(ParentRunner.java:58)
	at org.junit.runners.ParentRunner$2.evaluate(ParentRunner.java:268)
	at org.junit.runners.ParentRunner.run(ParentRunner.java:363)
	at cucumber.api.junit.Cucumber.run(Cucumber.java:100)
	at org.apache.maven.surefire.junit4.JUnit4Provider.execute(JUnit4Provider.java:283)
	at org.apache.maven.surefire.junit4.JUnit4Provider.executeWithRerun(JUnit4Provider.java:173)
	at org.apache.maven.surefire.junit4.JUnit4Provider.executeTestSet(JUnit4Provider.java:153)
	at org.apache.maven.surefire.junit4.JUnit4Provider.invoke(JUnit4Provider.java:128)
	at org.apache.maven.surefire.booter.ForkedBooter.invokeProviderInSameClassLoader(ForkedBooter.java:203)
	at org.apache.maven.surefire.booter.ForkedBooter.runSuitesInProcess(ForkedBooter.java:155)
	at org.apache.maven.surefire.booter.ForkedBooter.main(ForkedBooter.java:103)
]]></error>
    <system-err><![CDATA[[main] INFO net.serenitybdd.core.Serenity - 
 _____ _____ ____ _____   ____ _____  _    ____ _____ _____ ____  
|_   _| ____/ ___|_   _| / ___|_   _|/ \  |  _ \_   _| ____|  _ \ 
  | | |  _| \___ \ | |   \___ \ | | / _ \ | |_) || | |  _| | | | |
  | | | |___ ___) || |    ___) || |/ ___ \|  _ < | | | |___| |_| |
  |_| |_____|____/ |_|   |____/ |_/_/   \_\_| \_\|_| |_____|____/ 
                                                                  

TEST STARTED: VIR-166.06 Return changes for carousel
-------------------------------------------------------------------(cnt-2---component-maintenance;vir-166.06-return-changes-for-carousel)
[main] INFO net.serenitybdd.core.Serenity - STARTING STEP Given open "CMS" page
[main] INFO net.serenitybdd.core.Serenity - STARTING STEP Open management page: CMS
[main] INFO net.serenitybdd.core.Serenity - STEP ERROR: net.serenitybdd.core.exceptions.SerenityManagedException: Could not initialize class com.virco.locators.SiteData
]]></system-err>
  </testcase>
  <testcase name="Scenario: VIR-166.06 Return changes for carousel" classname="Scenario: VIR-166.06 Return changes for carousel" time="0.016">
    <error message="Could not initialize class com.virco.locators.SiteData" type="net.serenitybdd.core.exceptions.SerenityManagedException"><![CDATA[net.serenitybdd.core.exceptions.SerenityManagedException: Could not initialize class com.virco.locators.SiteData
	at com.virco.steps.serenity.CommonUserSteps.openManagementPage(CommonUserSteps.java:26)
	at com.virco.steps.serenity.CommonUserSteps$$EnhancerByCGLIB$$d8541bfa.CGLIB$openManagementPage$7(<generated>)
	at com.virco.steps.serenity.CommonUserSteps$$EnhancerByCGLIB$$d8541bfa$$FastClassByCGLIB$$ea8e0f86.invoke(<generated>)
	at net.sf.cglib.proxy.MethodProxy.invokeSuper(MethodProxy.java:228)
	at net.thucydides.core.steps.StepInterceptor.invokeMethod(StepInterceptor.java:372)
	at net.thucydides.core.steps.StepInterceptor.executeTestStepMethod(StepInterceptor.java:357)
	at net.thucydides.core.steps.StepInterceptor.runTestStep(StepInterceptor.java:332)
	at net.thucydides.core.steps.StepInterceptor.testStepResult(StepInterceptor.java:134)
	at net.thucydides.core.steps.StepInterceptor.intercept(StepInterceptor.java:61)
	at com.virco.steps.serenity.CommonUserSteps$$EnhancerByCGLIB$$d8541bfa.openManagementPage(<generated>)
	at com.virco.steps.CommonDefinitionSteps.openPage(CommonDefinitionSteps.java:22)
	at sun.reflect.NativeMethodAccessorImpl.invoke0(Native Method)
	at sun.reflect.NativeMethodAccessorImpl.invoke(NativeMethodAccessorImpl.java:62)
	at sun.reflect.DelegatingMethodAccessorImpl.invoke(DelegatingMethodAccessorImpl.java:43)
	at java.lang.reflect.Method.invoke(Method.java:498)
	at cucumber.runtime.Utils$1.call(Utils.java:40)
	at cucumber.runtime.Timeout.timeout(Timeout.java:16)
	at cucumber.runtime.Utils.invoke(Utils.java:34)
	at cucumber.runtime.java.JavaStepDefinition.execute(JavaStepDefinition.java:38)
	at cucumber.runtime.StepDefinitionMatch.runStep(StepDefinitionMatch.java:37)
	at cucumber.runtime.Runtime.runStep(Runtime.java:300)
	at cucumber.runtime.model.StepContainer.runStep(StepContainer.java:44)
	at cucumber.runtime.model.StepContainer.runSteps(StepContainer.java:39)
	at cucumber.runtime.model.CucumberScenario.run(CucumberScenario.java:44)
	at cucumber.runtime.junit.ExecutionUnitRunner.run(ExecutionUnitRunner.java:102)
	at cucumber.runtime.junit.FeatureRunner.runChild(FeatureRunner.java:63)
	at cucumber.runtime.junit.FeatureRunner.runChild(FeatureRunner.java:18)
	at org.junit.runners.ParentRunner$3.run(ParentRunner.java:290)
	at org.junit.runners.ParentRunner$1.schedule(ParentRunner.java:71)
	at org.junit.runners.ParentRunner.runChildren(ParentRunner.java:288)
	at org.junit.runners.ParentRunner.access$000(ParentRunner.java:58)
	at org.junit.runners.ParentRunner$2.evaluate(ParentRunner.java:268)
	at org.junit.runners.ParentRunner.run(ParentRunner.java:363)
	at cucumber.runtime.junit.FeatureRunner.run(FeatureRunner.java:70)
	at cucumber.api.junit.Cucumber.runChild(Cucumber.java:95)
	at cucumber.api.junit.Cucumber.runChild(Cucumber.java:38)
	at org.junit.runners.ParentRunner$3.run(ParentRunner.java:290)
	at org.junit.runners.ParentRunner$1.schedule(ParentRunner.java:71)
	at org.junit.runners.ParentRunner.runChildren(ParentRunner.java:288)
	at org.junit.runners.ParentRunner.access$000(ParentRunner.java:58)
	at org.junit.runners.ParentRunner$2.evaluate(ParentRunner.java:268)
	at org.junit.runners.ParentRunner.run(ParentRunner.java:363)
	at cucumber.api.junit.Cucumber.run(Cucumber.java:100)
	at org.apache.maven.surefire.junit4.JUnit4Provider.execute(JUnit4Provider.java:283)
	at org.apache.maven.surefire.junit4.JUnit4Provider.executeWithRerun(JUnit4Provider.java:173)
	at org.apache.maven.surefire.junit4.JUnit4Provider.executeTestSet(JUnit4Provider.java:153)
	at org.apache.maven.surefire.junit4.JUnit4Provider.invoke(JUnit4Provider.java:128)
	at org.apache.maven.surefire.booter.ForkedBooter.invokeProviderInSameClassLoader(ForkedBooter.java:203)
	at org.apache.maven.surefire.booter.ForkedBooter.runSuitesInProcess(ForkedBooter.java:155)
	at org.apache.maven.surefire.booter.ForkedBooter.main(ForkedBooter.java:103)
]]></error>
  </testcase>
  <testcase name="When login as &quot;cmsmanager&quot;" classname="Scenario: VIR-166.06 Return changes for carousel" time="0">
    <skipped/>
    <system-err><![CDATA[[main] INFO net.serenitybdd.core.Serenity - STEP ERROR: java.lang.NoClassDefFoundError: Could not initialize class com.virco.locators.SiteData
[main] INFO net.serenitybdd.core.Serenity - STARTING STEP When login as "cmsmanager"
]]></system-err>
  </testcase>
  <testcase name="When select &quot;Staged&quot; content catalog" classname="Scenario: VIR-166.06 Return changes for carousel" time="0">
    <skipped/>
    <system-err><![CDATA[[main] INFO net.serenitybdd.core.Serenity - IGNORING STEP
[main] INFO net.serenitybdd.core.Serenity - STARTING STEP When select "Staged" content catalog
]]></system-err>
  </testcase>
  <testcase name="When search for &quot;home&quot; content" classname="Scenario: VIR-166.06 Return changes for carousel" time="0">
    <skipped/>
    <system-err><![CDATA[[main] INFO net.serenitybdd.core.Serenity - IGNORING STEP
[main] INFO net.serenitybdd.core.Serenity - STARTING STEP When search for "home" content
]]></system-err>
  </testcase>
  <testcase name="When double click on &quot;homepage&quot; content page" classname="Scenario: VIR-166.06 Return changes for carousel" time="0">
    <skipped/>
    <system-err><![CDATA[[main] INFO net.serenitybdd.core.Serenity - IGNORING STEP
[main] INFO net.serenitybdd.core.Serenity - STARTING STEP When double click on "homepage" content page
]]></system-err>
  </testcase>
  <testcase name="When click on &quot;Edit&quot; button in &quot;TopBodyContent&quot; slot" classname="Scenario: VIR-166.06 Return changes for carousel" time="0">
    <skipped/>
    <system-err><![CDATA[[main] INFO net.serenitybdd.core.Serenity - IGNORING STEP
[main] INFO net.serenitybdd.core.Serenity - STARTING STEP When click on "Edit" button in "TopBodyContent" slot
]]></system-err>
  </testcase>
  <testcase name="When click on the &quot;1&quot; banner component" classname="Scenario: VIR-166.06 Return changes for carousel" time="0">
    <skipped/>
    <system-err><![CDATA[[main] INFO net.serenitybdd.core.Serenity - IGNORING STEP
[main] INFO net.serenitybdd.core.Serenity - STARTING STEP When click on the "1" banner component
]]></system-err>
  </testcase>
  <testcase name="When enter &quot;Carousel&quot; in content component editor" classname="Scenario: VIR-166.06 Return changes for carousel" time="0">
    <skipped/>
    <system-err><![CDATA[[main] INFO net.serenitybdd.core.Serenity - IGNORING STEP
[main] INFO net.serenitybdd.core.Serenity - STARTING STEP When enter "Carousel" in content component editor
]]></system-err>
  </testcase>
  <testcase name="When synchronize the product" classname="Scenario: VIR-166.06 Return changes for carousel" time="0">
    <skipped/>
    <system-err><![CDATA[[main] INFO net.serenitybdd.core.Serenity - IGNORING STEP
[main] INFO net.serenitybdd.core.Serenity - STARTING STEP When synchronize the product
]]></system-err>
  </testcase>
  <testcase name="Then the action button title is &quot;Status: Synchronized&quot;" classname="Scenario: VIR-166.06 Return changes for carousel" time="0">
    <skipped/>
    <system-err><![CDATA[[main] INFO net.serenitybdd.core.Serenity - IGNORING STEP
[main] INFO net.serenitybdd.core.Serenity - STARTING STEP Then the action button title is "Status: Synchronized"
]]></system-err>
  </testcase>
  <testcase name="Scenario: VIR-130.01 Verify that the content Admin can add new banner" classname="Scenario: VIR-130.01 Verify that the content Admin can add new banner" time="0.19"/>
  <testcase name="Scenario: VIR-130.02 Verify that the content admin can edit the banner" classname="Scenario: VIR-130.02 Verify that the content admin can edit the banner" time="0.139"/>
  <testcase name="Scenario: VIR-130.03 Verify that the content admin can delete the banner" classname="Scenario: VIR-130.03 Verify that the content admin can delete the banner" time="0.177"/>
  <testcase name="Scenario: VIR-130.04 Verify that the site has a look, configured by content admin" classname="Scenario: VIR-130.04 Verify that the site has a look, configured by content admin" time="0.091"/>
  <testcase name="Given open the site and login" classname="Scenario: VIR-375.01 Unable to open the &quot;Verisign terms and policy&quot; page except through the Contact Us page" time="0.002">
    <error message="Could not initialize class com.virco.locators.SiteData" type="net.serenitybdd.core.exceptions.SerenityManagedException"><![CDATA[net.serenitybdd.core.exceptions.SerenityManagedException: Could not initialize class com.virco.locators.SiteData
	at com.virco.steps.serenity.CommonUserSteps.openTheSite(CommonUserSteps.java:19)
	at com.virco.steps.serenity.CommonUserSteps$$EnhancerByCGLIB$$d8541bfa.CGLIB$openTheSite$6(<generated>)
	at com.virco.steps.serenity.CommonUserSteps$$EnhancerByCGLIB$$d8541bfa$$FastClassByCGLIB$$ea8e0f86.invoke(<generated>)
	at net.sf.cglib.proxy.MethodProxy.invokeSuper(MethodProxy.java:228)
	at net.thucydides.core.steps.StepInterceptor.invokeMethod(StepInterceptor.java:372)
	at net.thucydides.core.steps.StepInterceptor.executeTestStepMethod(StepInterceptor.java:357)
	at net.thucydides.core.steps.StepInterceptor.runTestStep(StepInterceptor.java:332)
	at net.thucydides.core.steps.StepInterceptor.testStepResult(StepInterceptor.java:134)
	at net.thucydides.core.steps.StepInterceptor.intercept(StepInterceptor.java:61)
	at com.virco.steps.serenity.CommonUserSteps$$EnhancerByCGLIB$$d8541bfa.openTheSite(<generated>)
	at com.virco.steps.CommonDefinitionSteps.openTheSiteAndLogin(CommonDefinitionSteps.java:72)
	at sun.reflect.GeneratedMethodAccessor143.invoke(Unknown Source)
	at sun.reflect.DelegatingMethodAccessorImpl.invoke(DelegatingMethodAccessorImpl.java:43)
	at java.lang.reflect.Method.invoke(Method.java:498)
	at cucumber.runtime.Utils$1.call(Utils.java:40)
	at cucumber.runtime.Timeout.timeout(Timeout.java:16)
	at cucumber.runtime.Utils.invoke(Utils.java:34)
	at cucumber.runtime.java.JavaStepDefinition.execute(JavaStepDefinition.java:38)
	at cucumber.runtime.StepDefinitionMatch.runStep(StepDefinitionMatch.java:37)
	at cucumber.runtime.Runtime.runStep(Runtime.java:300)
	at cucumber.runtime.model.StepContainer.runStep(StepContainer.java:44)
	at cucumber.runtime.model.StepContainer.runSteps(StepContainer.java:39)
	at cucumber.runtime.model.CucumberScenario.run(CucumberScenario.java:44)
	at cucumber.runtime.junit.ExecutionUnitRunner.run(ExecutionUnitRunner.java:102)
	at cucumber.runtime.junit.FeatureRunner.runChild(FeatureRunner.java:63)
	at cucumber.runtime.junit.FeatureRunner.runChild(FeatureRunner.java:18)
	at org.junit.runners.ParentRunner$3.run(ParentRunner.java:290)
	at org.junit.runners.ParentRunner$1.schedule(ParentRunner.java:71)
	at org.junit.runners.ParentRunner.runChildren(ParentRunner.java:288)
	at org.junit.runners.ParentRunner.access$000(ParentRunner.java:58)
	at org.junit.runners.ParentRunner$2.evaluate(ParentRunner.java:268)
	at org.junit.runners.ParentRunner.run(ParentRunner.java:363)
	at cucumber.runtime.junit.FeatureRunner.run(FeatureRunner.java:70)
	at cucumber.api.junit.Cucumber.runChild(Cucumber.java:95)
	at cucumber.api.junit.Cucumber.runChild(Cucumber.java:38)
	at org.junit.runners.ParentRunner$3.run(ParentRunner.java:290)
	at org.junit.runners.ParentRunner$1.schedule(ParentRunner.java:71)
	at org.junit.runners.ParentRunner.runChildren(ParentRunner.java:288)
	at org.junit.runners.ParentRunner.access$000(ParentRunner.java:58)
	at org.junit.runners.ParentRunner$2.evaluate(ParentRunner.java:268)
	at org.junit.runners.ParentRunner.run(ParentRunner.java:363)
	at cucumber.api.junit.Cucumber.run(Cucumber.java:100)
	at org.apache.maven.surefire.junit4.JUnit4Provider.execute(JUnit4Provider.java:283)
	at org.apache.maven.surefire.junit4.JUnit4Provider.executeWithRerun(JUnit4Provider.java:173)
	at org.apache.maven.surefire.junit4.JUnit4Provider.executeTestSet(JUnit4Provider.java:153)
	at org.apache.maven.surefire.junit4.JUnit4Provider.invoke(JUnit4Provider.java:128)
	at org.apache.maven.surefire.booter.ForkedBooter.invokeProviderInSameClassLoader(ForkedBooter.java:203)
	at org.apache.maven.surefire.booter.ForkedBooter.runSuitesInProcess(ForkedBooter.java:155)
	at org.apache.maven.surefire.booter.ForkedBooter.main(ForkedBooter.java:103)
]]></error>
    <system-err><![CDATA[[main] INFO net.serenitybdd.core.Serenity - Test Suite Started: CNT-4 - Security Compliance
[main] INFO net.serenitybdd.core.Serenity - 
 _____ _____ ____ _____   ____ _____  _    ____ _____ _____ ____  
|_   _| ____/ ___|_   _| / ___|_   _|/ \  |  _ \_   _| ____|  _ \ 
  | | |  _| \___ \ | |   \___ \ | | / _ \ | |_) || | |  _| | | | |
  | | | |___ ___) || |    ___) || |/ ___ \|  _ < | | | |___| |_| |
  |_| |_____|____/ |_|   |____/ |_/_/   \_\_| \_\|_| |_____|____/ 
                                                                  

TEST STARTED: VIR-375.01 Unable to open the "Verisign terms and policy" page except through the Contact Us page
-------------------------------------------------------------------(cnt-4---security-compliance;vir-375.01-unable-to-open-the-"verisign-terms-and-policy"-page-except-through-the-contact-us-page)
[main] INFO net.serenitybdd.core.Serenity - STARTING STEP Given open the site and login
[main] INFO net.serenitybdd.core.Serenity - STARTING STEP Open the site
[main] INFO net.serenitybdd.core.Serenity - STEP ERROR: net.serenitybdd.core.exceptions.SerenityManagedException: Could not initialize class com.virco.locators.SiteData
]]></system-err>
  </testcase>
  <testcase name="Scenario: VIR-375.01 Unable to open the &quot;Verisign terms and policy&quot; page except through the Contact Us page" classname="Scenario: VIR-375.01 Unable to open the &quot;Verisign terms and policy&quot; page except through the Contact Us page" time="0.003">
    <error message="Could not initialize class com.virco.locators.SiteData" type="net.serenitybdd.core.exceptions.SerenityManagedException"><![CDATA[net.serenitybdd.core.exceptions.SerenityManagedException: Could not initialize class com.virco.locators.SiteData
	at com.virco.steps.serenity.CommonUserSteps.openTheSite(CommonUserSteps.java:19)
	at com.virco.steps.serenity.CommonUserSteps$$EnhancerByCGLIB$$d8541bfa.CGLIB$openTheSite$6(<generated>)
	at com.virco.steps.serenity.CommonUserSteps$$EnhancerByCGLIB$$d8541bfa$$FastClassByCGLIB$$ea8e0f86.invoke(<generated>)
	at net.sf.cglib.proxy.MethodProxy.invokeSuper(MethodProxy.java:228)
	at net.thucydides.core.steps.StepInterceptor.invokeMethod(StepInterceptor.java:372)
	at net.thucydides.core.steps.StepInterceptor.executeTestStepMethod(StepInterceptor.java:357)
	at net.thucydides.core.steps.StepInterceptor.runTestStep(StepInterceptor.java:332)
	at net.thucydides.core.steps.StepInterceptor.testStepResult(StepInterceptor.java:134)
	at net.thucydides.core.steps.StepInterceptor.intercept(StepInterceptor.java:61)
	at com.virco.steps.serenity.CommonUserSteps$$EnhancerByCGLIB$$d8541bfa.openTheSite(<generated>)
	at com.virco.steps.CommonDefinitionSteps.openTheSiteAndLogin(CommonDefinitionSteps.java:72)
	at sun.reflect.GeneratedMethodAccessor143.invoke(Unknown Source)
	at sun.reflect.DelegatingMethodAccessorImpl.invoke(DelegatingMethodAccessorImpl.java:43)
	at java.lang.reflect.Method.invoke(Method.java:498)
	at cucumber.runtime.Utils$1.call(Utils.java:40)
	at cucumber.runtime.Timeout.timeout(Timeout.java:16)
	at cucumber.runtime.Utils.invoke(Utils.java:34)
	at cucumber.runtime.java.JavaStepDefinition.execute(JavaStepDefinition.java:38)
	at cucumber.runtime.StepDefinitionMatch.runStep(StepDefinitionMatch.java:37)
	at cucumber.runtime.Runtime.runStep(Runtime.java:300)
	at cucumber.runtime.model.StepContainer.runStep(StepContainer.java:44)
	at cucumber.runtime.model.StepContainer.runSteps(StepContainer.java:39)
	at cucumber.runtime.model.CucumberScenario.run(CucumberScenario.java:44)
	at cucumber.runtime.junit.ExecutionUnitRunner.run(ExecutionUnitRunner.java:102)
	at cucumber.runtime.junit.FeatureRunner.runChild(FeatureRunner.java:63)
	at cucumber.runtime.junit.FeatureRunner.runChild(FeatureRunner.java:18)
	at org.junit.runners.ParentRunner$3.run(ParentRunner.java:290)
	at org.junit.runners.ParentRunner$1.schedule(ParentRunner.java:71)
	at org.junit.runners.ParentRunner.runChildren(ParentRunner.java:288)
	at org.junit.runners.ParentRunner.access$000(ParentRunner.java:58)
	at org.junit.runners.ParentRunner$2.evaluate(ParentRunner.java:268)
	at org.junit.runners.ParentRunner.run(ParentRunner.java:363)
	at cucumber.runtime.junit.FeatureRunner.run(FeatureRunner.java:70)
	at cucumber.api.junit.Cucumber.runChild(Cucumber.java:95)
	at cucumber.api.junit.Cucumber.runChild(Cucumber.java:38)
	at org.junit.runners.ParentRunner$3.run(ParentRunner.java:290)
	at org.junit.runners.ParentRunner$1.schedule(ParentRunner.java:71)
	at org.junit.runners.ParentRunner.runChildren(ParentRunner.java:288)
	at org.junit.runners.ParentRunner.access$000(ParentRunner.java:58)
	at org.junit.runners.ParentRunner$2.evaluate(ParentRunner.java:268)
	at org.junit.runners.ParentRunner.run(ParentRunner.java:363)
	at cucumber.api.junit.Cucumber.run(Cucumber.java:100)
	at org.apache.maven.surefire.junit4.JUnit4Provider.execute(JUnit4Provider.java:283)
	at org.apache.maven.surefire.junit4.JUnit4Provider.executeWithRerun(JUnit4Provider.java:173)
	at org.apache.maven.surefire.junit4.JUnit4Provider.executeTestSet(JUnit4Provider.java:153)
	at org.apache.maven.surefire.junit4.JUnit4Provider.invoke(JUnit4Provider.java:128)
	at org.apache.maven.surefire.booter.ForkedBooter.invokeProviderInSameClassLoader(ForkedBooter.java:203)
	at org.apache.maven.surefire.booter.ForkedBooter.runSuitesInProcess(ForkedBooter.java:155)
	at org.apache.maven.surefire.booter.ForkedBooter.main(ForkedBooter.java:103)
]]></error>
  </testcase>
  <testcase name="When click on &quot;ssl&quot; icon in footer" classname="Scenario: VIR-375.01 Unable to open the &quot;Verisign terms and policy&quot; page except through the Contact Us page" time="0">
    <skipped/>
    <system-err><![CDATA[[main] INFO net.serenitybdd.core.Serenity - STEP ERROR: java.lang.NoClassDefFoundError: Could not initialize class com.virco.locators.SiteData
[main] INFO net.serenitybdd.core.Serenity - STARTING STEP When click on "ssl" icon in footer
]]></system-err>
  </testcase>
  <testcase name="Then &quot;SecurityCompliance&quot; content is opened" classname="Scenario: VIR-375.01 Unable to open the &quot;Verisign terms and policy&quot; page except through the Contact Us page" time="0">
    <skipped/>
    <system-err><![CDATA[[main] INFO net.serenitybdd.core.Serenity - IGNORING STEP
[main] INFO net.serenitybdd.core.Serenity - STARTING STEP Then "SecurityCompliance" content is opened
]]></system-err>
  </testcase>
  <testcase name="Given open &quot;CMS&quot; page" classname="Scenario: VIR-131.02 Verify that the content Admin can delete terms, security and compliance" time="0.001">
    <error message="Could not initialize class com.virco.locators.SiteData" type="net.serenitybdd.core.exceptions.SerenityManagedException"><![CDATA[net.serenitybdd.core.exceptions.SerenityManagedException: Could not initialize class com.virco.locators.SiteData
	at com.virco.steps.serenity.CommonUserSteps.openManagementPage(CommonUserSteps.java:26)
	at com.virco.steps.serenity.CommonUserSteps$$EnhancerByCGLIB$$d8541bfa.CGLIB$openManagementPage$7(<generated>)
	at com.virco.steps.serenity.CommonUserSteps$$EnhancerByCGLIB$$d8541bfa$$FastClassByCGLIB$$ea8e0f86.invoke(<generated>)
	at net.sf.cglib.proxy.MethodProxy.invokeSuper(MethodProxy.java:228)
	at net.thucydides.core.steps.StepInterceptor.invokeMethod(StepInterceptor.java:372)
	at net.thucydides.core.steps.StepInterceptor.executeTestStepMethod(StepInterceptor.java:357)
	at net.thucydides.core.steps.StepInterceptor.runTestStep(StepInterceptor.java:332)
	at net.thucydides.core.steps.StepInterceptor.testStepResult(StepInterceptor.java:134)
	at net.thucydides.core.steps.StepInterceptor.intercept(StepInterceptor.java:61)
	at com.virco.steps.serenity.CommonUserSteps$$EnhancerByCGLIB$$d8541bfa.openManagementPage(<generated>)
	at com.virco.steps.CommonDefinitionSteps.openPage(CommonDefinitionSteps.java:22)
	at sun.reflect.NativeMethodAccessorImpl.invoke0(Native Method)
	at sun.reflect.NativeMethodAccessorImpl.invoke(NativeMethodAccessorImpl.java:62)
	at sun.reflect.DelegatingMethodAccessorImpl.invoke(DelegatingMethodAccessorImpl.java:43)
	at java.lang.reflect.Method.invoke(Method.java:498)
	at cucumber.runtime.Utils$1.call(Utils.java:40)
	at cucumber.runtime.Timeout.timeout(Timeout.java:16)
	at cucumber.runtime.Utils.invoke(Utils.java:34)
	at cucumber.runtime.java.JavaStepDefinition.execute(JavaStepDefinition.java:38)
	at cucumber.runtime.StepDefinitionMatch.runStep(StepDefinitionMatch.java:37)
	at cucumber.runtime.Runtime.runStep(Runtime.java:300)
	at cucumber.runtime.model.StepContainer.runStep(StepContainer.java:44)
	at cucumber.runtime.model.StepContainer.runSteps(StepContainer.java:39)
	at cucumber.runtime.model.CucumberScenario.run(CucumberScenario.java:44)
	at cucumber.runtime.junit.ExecutionUnitRunner.run(ExecutionUnitRunner.java:102)
	at cucumber.runtime.junit.FeatureRunner.runChild(FeatureRunner.java:63)
	at cucumber.runtime.junit.FeatureRunner.runChild(FeatureRunner.java:18)
	at org.junit.runners.ParentRunner$3.run(ParentRunner.java:290)
	at org.junit.runners.ParentRunner$1.schedule(ParentRunner.java:71)
	at org.junit.runners.ParentRunner.runChildren(ParentRunner.java:288)
	at org.junit.runners.ParentRunner.access$000(ParentRunner.java:58)
	at org.junit.runners.ParentRunner$2.evaluate(ParentRunner.java:268)
	at org.junit.runners.ParentRunner.run(ParentRunner.java:363)
	at cucumber.runtime.junit.FeatureRunner.run(FeatureRunner.java:70)
	at cucumber.api.junit.Cucumber.runChild(Cucumber.java:95)
	at cucumber.api.junit.Cucumber.runChild(Cucumber.java:38)
	at org.junit.runners.ParentRunner$3.run(ParentRunner.java:290)
	at org.junit.runners.ParentRunner$1.schedule(ParentRunner.java:71)
	at org.junit.runners.ParentRunner.runChildren(ParentRunner.java:288)
	at org.junit.runners.ParentRunner.access$000(ParentRunner.java:58)
	at org.junit.runners.ParentRunner$2.evaluate(ParentRunner.java:268)
	at org.junit.runners.ParentRunner.run(ParentRunner.java:363)
	at cucumber.api.junit.Cucumber.run(Cucumber.java:100)
	at org.apache.maven.surefire.junit4.JUnit4Provider.execute(JUnit4Provider.java:283)
	at org.apache.maven.surefire.junit4.JUnit4Provider.executeWithRerun(JUnit4Provider.java:173)
	at org.apache.maven.surefire.junit4.JUnit4Provider.executeTestSet(JUnit4Provider.java:153)
	at org.apache.maven.surefire.junit4.JUnit4Provider.invoke(JUnit4Provider.java:128)
	at org.apache.maven.surefire.booter.ForkedBooter.invokeProviderInSameClassLoader(ForkedBooter.java:203)
	at org.apache.maven.surefire.booter.ForkedBooter.runSuitesInProcess(ForkedBooter.java:155)
	at org.apache.maven.surefire.booter.ForkedBooter.main(ForkedBooter.java:103)
]]></error>
    <system-err><![CDATA[[main] INFO net.serenitybdd.core.Serenity - IGNORING STEP
[main] ERROR net.serenitybdd.core.Serenity - 
           __  _____ _____ ____ _____   _____ _    ___ _     _____ ____  
  _       / / |_   _| ____/ ___|_   _| |  ___/ \  |_ _| |   | ____|  _ \ 
 (_)_____| |    | | |  _| \___ \ | |   | |_ / _ \  | || |   |  _| | | | |
  _|_____| |    | | | |___ ___) || |   |  _/ ___ \ | || |___| |___| |_| |
 (_)     | |    |_| |_____|____/ |_|   |_|/_/   \_\___|_____|_____|____/ 
          \_\                                                            

TEST FAILED WITH ERROR: VIR-375.01 Unable to open the "Verisign terms and policy" page except through the Contact Us page
---------------------------------------------------------------------
[main] ERROR net.serenitybdd.core.Serenity - TEST FAILED AT STEP Open the site
[main] ERROR net.serenitybdd.core.Serenity - Could not initialize class com.virco.locators.SiteData
[pool-1-thread-2] INFO net.thucydides.core.reports.json.JSONTestOutcomeReporter - Generating JSON report for VIR-128.01 Verify that the OOTB Hybris is configured to file /Users/rodionsavchuk/hybrisAutomation/virco-automatedtests/target/site/serenity/f9e291a91d7fb0708996a6c172c79994e2f3e3dc027f9c744e43835d2210c73e.json (using temp file /Users/rodionsavchuk/hybrisAutomation/virco-automatedtests/target/site/serenity/f9e291a91d7fb0708996a6c172c79994e2f3e3dc027f9c744e43835d2210c73e.json8f7f08a5-dc94-4f9d-a693-138fa9775ff1)
[pool-1-thread-3] INFO net.thucydides.core.reports.json.JSONTestOutcomeReporter - Generating JSON report for VIR-129.01 Verify that the content admin can add a rotating theme by using template to file /Users/rodionsavchuk/hybrisAutomation/virco-automatedtests/target/site/serenity/2baaeb277c29c1f85062130a60bafea2167a5c2dd87a93c69ad94698238c35ee.json (using temp file /Users/rodionsavchuk/hybrisAutomation/virco-automatedtests/target/site/serenity/2baaeb277c29c1f85062130a60bafea2167a5c2dd87a93c69ad94698238c35ee.json5afdda96-7c67-462b-a147-72bb848239e1)
[pool-1-thread-1] INFO net.thucydides.core.reports.json.JSONTestOutcomeReporter - Generating JSON report for VIR-129.02 Verify that the content admin can promo message by using template to file /Users/rodionsavchuk/hybrisAutomation/virco-automatedtests/target/site/serenity/5c582eac1cc160864035d84f14577b2a4b307d178776baf5d94402a8f33a570b.json (using temp file /Users/rodionsavchuk/hybrisAutomation/virco-automatedtests/target/site/serenity/5c582eac1cc160864035d84f14577b2a4b307d178776baf5d94402a8f33a570b.json86eb6e52-fbec-48b6-98e5-f1a733031af7)
[pool-1-thread-2] INFO net.thucydides.core.reports.json.JSONTestOutcomeReporter - Generating JSON report for VIR-129.04 Verify that the content admin can add a product recommendation component on the page template by using template to file /Users/rodionsavchuk/hybrisAutomation/virco-automatedtests/target/site/serenity/2568cbeed2bdf1850ea694b2c61bf8c9430c3ac453a0d1b2f15e169595434015.json (using temp file /Users/rodionsavchuk/hybrisAutomation/virco-automatedtests/target/site/serenity/2568cbeed2bdf1850ea694b2c61bf8c9430c3ac453a0d1b2f15e169595434015.json5ebb83cf-57f1-49c4-a4cb-a6a68ec218ef)
[pool-1-thread-1] INFO net.thucydides.core.reports.json.JSONTestOutcomeReporter - Generating JSON report for VIR-129.05 Verify that the content admin can add a quick ship component on the template page to file /Users/rodionsavchuk/hybrisAutomation/virco-automatedtests/target/site/serenity/03a37ae243f19fd5e4074c51364f3accdea994f94fbe9bfc0888dbf6b3fcb296.json (using temp file /Users/rodionsavchuk/hybrisAutomation/virco-automatedtests/target/site/serenity/03a37ae243f19fd5e4074c51364f3accdea994f94fbe9bfc0888dbf6b3fcb296.json63f54a1d-f76b-4221-a048-72cf1efa1883)
[pool-1-thread-2] INFO net.thucydides.core.reports.json.JSONTestOutcomeReporter - Generating JSON report for VIR-129.06 Verify that the content admin can add a popular category on the template page to file /Users/rodionsavchuk/hybrisAutomation/virco-automatedtests/target/site/serenity/4cb24bf6eab810d97c001f653ce7ec4c2620e8ef80649c431bc47d31554e7dfa.json (using temp file /Users/rodionsavchuk/hybrisAutomation/virco-automatedtests/target/site/serenity/4cb24bf6eab810d97c001f653ce7ec4c2620e8ef80649c431bc47d31554e7dfa.json12821785-78e9-4855-bb27-c51ce3edf3e3)
[pool-1-thread-4] INFO net.thucydides.core.reports.json.JSONTestOutcomeReporter - Generating JSON report for VIR-129.03 Verify that the content admin can add installation slot by using template to file /Users/rodionsavchuk/hybrisAutomation/virco-automatedtests/target/site/serenity/e2ad5898b62d8e77d283000b0832f5fb0d67d58608b2ea1e947bdb3eaa4f7f13.json (using temp file /Users/rodionsavchuk/hybrisAutomation/virco-automatedtests/target/site/serenity/e2ad5898b62d8e77d283000b0832f5fb0d67d58608b2ea1e947bdb3eaa4f7f13.json852ed952-89af-4e42-a1be-582add889392)
[pool-1-thread-1] INFO net.thucydides.core.reports.json.JSONTestOutcomeReporter - Generating JSON report for VIR-129.07 Verify that the content admin can add a product images component on the template page to file /Users/rodionsavchuk/hybrisAutomation/virco-automatedtests/target/site/serenity/b14d7ddd1213e2b3e327a1da59a5f30243e7b1413ece781e8217d0475b1d4ba5.json (using temp file /Users/rodionsavchuk/hybrisAutomation/virco-automatedtests/target/site/serenity/b14d7ddd1213e2b3e327a1da59a5f30243e7b1413ece781e8217d0475b1d4ba5.jsonc5944c78-1d43-4a98-b728-659c946651f0)
[pool-1-thread-2] INFO net.thucydides.core.reports.json.JSONTestOutcomeReporter - Generating JSON report for VIR-129.08 Verify that the content admin can edit promo message/popular category. to file /Users/rodionsavchuk/hybrisAutomation/virco-automatedtests/target/site/serenity/0b72d581cee195fdedb17f43f946f9e8a6bd5762bb612b26fbaf09d9905941a0.json (using temp file /Users/rodionsavchuk/hybrisAutomation/virco-automatedtests/target/site/serenity/0b72d581cee195fdedb17f43f946f9e8a6bd5762bb612b26fbaf09d9905941a0.json1e53bace-7ea4-45a0-b7b8-76c0f88a1a7d)
[pool-1-thread-3] INFO net.thucydides.core.reports.json.JSONTestOutcomeReporter - Generating JSON report for VIR-129.09 Verify that the content admin can delete promo message/popular category. to file /Users/rodionsavchuk/hybrisAutomation/virco-automatedtests/target/site/serenity/e3f11c0e315cea47d82b81aeec1d5d4ec6688676c143e6c8bd85b536ee39abf1.json (using temp file /Users/rodionsavchuk/hybrisAutomation/virco-automatedtests/target/site/serenity/e3f11c0e315cea47d82b81aeec1d5d4ec6688676c143e6c8bd85b536ee39abf1.json342c393d-eeb5-4a1e-8715-825ddc105f39)
[pool-1-thread-1] INFO net.thucydides.core.reports.json.JSONTestOutcomeReporter - Generating JSON report for VIR-129.10 Verify that the site has a look, configured by content admin to file /Users/rodionsavchuk/hybrisAutomation/virco-automatedtests/target/site/serenity/100947bcc68d92490597dd6eed62bf55d5857e1335d30b52c2a0a2894d214fe7.json (using temp file /Users/rodionsavchuk/hybrisAutomation/virco-automatedtests/target/site/serenity/100947bcc68d92490597dd6eed62bf55d5857e1335d30b52c2a0a2894d214fe7.json197446cc-8bb8-407e-b77d-ef3936fc932a)
[pool-1-thread-2] INFO net.thucydides.core.reports.json.JSONTestOutcomeReporter - Generating JSON report for VIR-166.02 Verify that the each Banner has Rotating Theme, promotional message and installation slots to file /Users/rodionsavchuk/hybrisAutomation/virco-automatedtests/target/site/serenity/0608016defba6ce482ab704a7f99aa4784d409932878aab3566e62c6acd4c3be.json (using temp file /Users/rodionsavchuk/hybrisAutomation/virco-automatedtests/target/site/serenity/0608016defba6ce482ab704a7f99aa4784d409932878aab3566e62c6acd4c3be.jsondde15693-8bd2-4c27-98c4-f38f847d119e)
[pool-1-thread-4] INFO net.thucydides.core.reports.json.JSONTestOutcomeReporter - Generating JSON report for VIR-166.01 Verify the rotating carousel is added on the home page to file /Users/rodionsavchuk/hybrisAutomation/virco-automatedtests/target/site/serenity/41045224dd55f49d371e9fd4a455c28d0acc2a203f1c37c0d89de600b26d38ef.json (using temp file /Users/rodionsavchuk/hybrisAutomation/virco-automatedtests/target/site/serenity/41045224dd55f49d371e9fd4a455c28d0acc2a203f1c37c0d89de600b26d38ef.jsonc947c1d9-5831-4ab1-a4eb-3aaa59284cd5)
[pool-1-thread-3] INFO net.thucydides.core.reports.json.JSONTestOutcomeReporter - Generating JSON report for VIR-166.03 Verify that the changes applied to the home page on the WCMS are shown on the site to file /Users/rodionsavchuk/hybrisAutomation/virco-automatedtests/target/site/serenity/b9eb3619ad92be0ca6909f8288eb5393e840f6227de55c87423f32dd621971c6.json (using temp file /Users/rodionsavchuk/hybrisAutomation/virco-automatedtests/target/site/serenity/b9eb3619ad92be0ca6909f8288eb5393e840f6227de55c87423f32dd621971c6.jsonce930017-d778-4e5d-9714-38e1a4180244)
[pool-1-thread-1] INFO net.thucydides.core.reports.json.JSONTestOutcomeReporter - Generating JSON report for VIR-166.04 Verify changes on the site to file /Users/rodionsavchuk/hybrisAutomation/virco-automatedtests/target/site/serenity/5f43c632221e66e649cb566b95c8c39021872b2cfde3c52fd524b9428955bf6f.json (using temp file /Users/rodionsavchuk/hybrisAutomation/virco-automatedtests/target/site/serenity/5f43c632221e66e649cb566b95c8c39021872b2cfde3c52fd524b9428955bf6f.json6f1d9531-d153-4a69-b2f2-9a38d68a0e3a)
[pool-1-thread-2] INFO net.thucydides.core.reports.json.JSONTestOutcomeReporter - Generating JSON report for VIR-166.04 Verify installation slot to file /Users/rodionsavchuk/hybrisAutomation/virco-automatedtests/target/site/serenity/edcb380d350a80cdf46587ae5741ec066978cdd8e0c97472caf730194b651304.json (using temp file /Users/rodionsavchuk/hybrisAutomation/virco-automatedtests/target/site/serenity/edcb380d350a80cdf46587ae5741ec066978cdd8e0c97472caf730194b651304.json5fc3a3e9-1881-44ab-b9f1-0adb63d781d5)
[pool-1-thread-1] INFO net.thucydides.core.reports.json.JSONTestOutcomeReporter - Generating JSON report for VIR-166.06 Return changes for carousel to file /Users/rodionsavchuk/hybrisAutomation/virco-automatedtests/target/site/serenity/666f9c30485604a0d8f915e21943e7e88d01015ce9092eafebcdb74a2aa69881.json (using temp file /Users/rodionsavchuk/hybrisAutomation/virco-automatedtests/target/site/serenity/666f9c30485604a0d8f915e21943e7e88d01015ce9092eafebcdb74a2aa69881.json7a1406e5-b9fd-43dd-af34-c9ae274af7d6)
[pool-1-thread-4] INFO net.thucydides.core.reports.json.JSONTestOutcomeReporter - Generating JSON report for VIR-130.01 Verify that the content Admin can add new banner to file /Users/rodionsavchuk/hybrisAutomation/virco-automatedtests/target/site/serenity/bb79537bca7a8b871c5b64cd1153742bc23c54e46592c06f822f87770b2e8b8a.json (using temp file /Users/rodionsavchuk/hybrisAutomation/virco-automatedtests/target/site/serenity/bb79537bca7a8b871c5b64cd1153742bc23c54e46592c06f822f87770b2e8b8a.json6ba298b9-3664-4b2c-ad41-b3421883099b)
[pool-1-thread-2] INFO net.thucydides.core.reports.json.JSONTestOutcomeReporter - Generating JSON report for VIR-130.02 Verify that the content admin can edit the banner to file /Users/rodionsavchuk/hybrisAutomation/virco-automatedtests/target/site/serenity/8473ae2e239acb5c9594f6482f5f79bb4500c946dd2d245bf5d2caa427a8a26f.json (using temp file /Users/rodionsavchuk/hybrisAutomation/virco-automatedtests/target/site/serenity/8473ae2e239acb5c9594f6482f5f79bb4500c946dd2d245bf5d2caa427a8a26f.json45b3b109-261a-418c-8282-ceee51c66e7d)
[pool-1-thread-1] INFO net.thucydides.core.reports.json.JSONTestOutcomeReporter - Generating JSON report for VIR-130.03 Verify that the content admin can delete the banner to file /Users/rodionsavchuk/hybrisAutomation/virco-automatedtests/target/site/serenity/b41d3443e6a4853ebf7ef1692db7b2b9a12b9d62f5b7166287c8c85636ccdf3f.json (using temp file /Users/rodionsavchuk/hybrisAutomation/virco-automatedtests/target/site/serenity/b41d3443e6a4853ebf7ef1692db7b2b9a12b9d62f5b7166287c8c85636ccdf3f.json2367a21e-9ee6-4778-96eb-374ec01b6e6a)
[pool-1-thread-3] INFO net.thucydides.core.reports.json.JSONTestOutcomeReporter - Generating JSON report for VIR-130.04 Verify that the site has a look, configured by content admin to file /Users/rodionsavchuk/hybrisAutomation/virco-automatedtests/target/site/serenity/095ee6a7aed460c2ab7447a892b708f667ca6eb3d2b246703cb79d76aaa66edd.json (using temp file /Users/rodionsavchuk/hybrisAutomation/virco-automatedtests/target/site/serenity/095ee6a7aed460c2ab7447a892b708f667ca6eb3d2b246703cb79d76aaa66edd.json4be09a30-a9c7-4855-b706-c910b355f575)
[pool-1-thread-2] INFO net.thucydides.core.reports.json.JSONTestOutcomeReporter - Generating JSON report for VIR-375.01 Unable to open the "Verisign terms and policy" page except through the Contact Us page to file /Users/rodionsavchuk/hybrisAutomation/virco-automatedtests/target/site/serenity/3d31ca4ca17ccedf663fa492c24dc92f29157766fcfb628ecd61645c9255a53a.json (using temp file /Users/rodionsavchuk/hybrisAutomation/virco-automatedtests/target/site/serenity/3d31ca4ca17ccedf663fa492c24dc92f29157766fcfb628ecd61645c9255a53a.json0fb28ad1-f0d6-44b3-9955-7afead4cd5b2)
[pool-1-thread-1] INFO net.thucydides.core.reports.html.HtmlAcceptanceTestReporter - GENERATING HTML REPORT FOR CNT-1 - WCMS Site Maintenance:VIR-128.01 Verify that the OOTB Hybris is configured in f9e291a91d7fb0708996a6c172c79994e2f3e3dc027f9c744e43835d2210c73e.html in directory target/site/serenity  
[pool-1-thread-3] INFO net.thucydides.core.reports.html.HtmlAcceptanceTestReporter - GENERATING HTML REPORT FOR CNT-2 - Component Maintenance:VIR-129.02 Verify that the content admin can promo message by using template in 5c582eac1cc160864035d84f14577b2a4b307d178776baf5d94402a8f33a570b.html in directory target/site/serenity  
[pool-1-thread-2] INFO net.thucydides.core.reports.html.HtmlAcceptanceTestReporter - GENERATING HTML REPORT FOR CNT-2 - Component Maintenance:VIR-129.03 Verify that the content admin can add installation slot by using template in e2ad5898b62d8e77d283000b0832f5fb0d67d58608b2ea1e947bdb3eaa4f7f13.html in directory target/site/serenity  
[pool-1-thread-4] INFO net.thucydides.core.reports.html.HtmlAcceptanceTestReporter - GENERATING HTML REPORT FOR CNT-2 - Component Maintenance:VIR-129.01 Verify that the content admin can add a rotating theme by using template in 2baaeb277c29c1f85062130a60bafea2167a5c2dd87a93c69ad94698238c35ee.html in directory target/site/serenity  
[pool-1-thread-1] INFO net.thucydides.core.reports.html.HtmlAcceptanceTestReporter - GENERATING HTML REPORT FOR CNT-2 - Component Maintenance:VIR-129.04 Verify that the content admin can add a product recommendation component on the page template by using template in 2568cbeed2bdf1850ea694b2c61bf8c9430c3ac453a0d1b2f15e169595434015.html in directory target/site/serenity  
[pool-1-thread-2] INFO net.thucydides.core.reports.html.HtmlAcceptanceTestReporter - GENERATING HTML REPORT FOR CNT-2 - Component Maintenance:VIR-129.05 Verify that the content admin can add a quick ship component on the template page in 03a37ae243f19fd5e4074c51364f3accdea994f94fbe9bfc0888dbf6b3fcb296.html in directory target/site/serenity  
[pool-1-thread-3] INFO net.thucydides.core.reports.html.HtmlAcceptanceTestReporter - GENERATING HTML REPORT FOR CNT-2 - Component Maintenance:VIR-129.06 Verify that the content admin can add a popular category on the template page in 4cb24bf6eab810d97c001f653ce7ec4c2620e8ef80649c431bc47d31554e7dfa.html in directory target/site/serenity  
[pool-1-thread-4] INFO net.thucydides.core.reports.html.HtmlAcceptanceTestReporter - GENERATING HTML REPORT FOR CNT-2 - Component Maintenance:VIR-129.07 Verify that the content admin can add a product images component on the template page in b14d7ddd1213e2b3e327a1da59a5f30243e7b1413ece781e8217d0475b1d4ba5.html in directory target/site/serenity  
[pool-1-thread-1] INFO net.thucydides.core.reports.html.HtmlAcceptanceTestReporter - GENERATING HTML REPORT FOR CNT-2 - Component Maintenance:VIR-129.08 Verify that the content admin can edit promo message/popular category. in 0b72d581cee195fdedb17f43f946f9e8a6bd5762bb612b26fbaf09d9905941a0.html in directory target/site/serenity  
[pool-1-thread-2] INFO net.thucydides.core.reports.html.HtmlAcceptanceTestReporter - GENERATING HTML REPORT FOR CNT-2 - Component Maintenance:VIR-129.09 Verify that the content admin can delete promo message/popular category. in e3f11c0e315cea47d82b81aeec1d5d4ec6688676c143e6c8bd85b536ee39abf1.html in directory target/site/serenity  
[pool-1-thread-3] INFO net.thucydides.core.reports.html.HtmlAcceptanceTestReporter - GENERATING HTML REPORT FOR CNT-2 - Component Maintenance:VIR-129.10 Verify that the site has a look, configured by content admin in 100947bcc68d92490597dd6eed62bf55d5857e1335d30b52c2a0a2894d214fe7.html in directory target/site/serenity  
[pool-1-thread-1] INFO net.thucydides.core.reports.html.HtmlAcceptanceTestReporter - GENERATING HTML REPORT FOR CNT-2 - Component Maintenance:VIR-166.01 Verify the rotating carousel is added on the home page in 41045224dd55f49d371e9fd4a455c28d0acc2a203f1c37c0d89de600b26d38ef.html in directory target/site/serenity  
[pool-1-thread-3] INFO net.thucydides.core.reports.html.HtmlAcceptanceTestReporter - GENERATING HTML REPORT FOR CNT-2 - Component Maintenance:VIR-166.02 Verify that the each Banner has Rotating Theme, promotional message and installation slots in 0608016defba6ce482ab704a7f99aa4784d409932878aab3566e62c6acd4c3be.html in directory target/site/serenity  
[pool-1-thread-3] INFO net.thucydides.core.reports.html.HtmlAcceptanceTestReporter - GENERATING HTML REPORT FOR CNT-2 - Component Maintenance:VIR-166.04 Verify changes on the site in 5f43c632221e66e649cb566b95c8c39021872b2cfde3c52fd524b9428955bf6f.html in directory target/site/serenity  
[pool-1-thread-2] INFO net.thucydides.core.reports.html.HtmlAcceptanceTestReporter - GENERATING HTML REPORT FOR CNT-2 - Component Maintenance:VIR-166.03 Verify that the changes applied to the home page on the WCMS are shown on the site in b9eb3619ad92be0ca6909f8288eb5393e840f6227de55c87423f32dd621971c6.html in directory target/site/serenity  
[pool-1-thread-4] INFO net.thucydides.core.reports.html.HtmlAcceptanceTestReporter - GENERATING HTML REPORT FOR CNT-2 - Component Maintenance:VIR-166.06 Return changes for carousel in 666f9c30485604a0d8f915e21943e7e88d01015ce9092eafebcdb74a2aa69881.html in directory target/site/serenity  
[pool-1-thread-1] INFO net.thucydides.core.reports.html.HtmlAcceptanceTestReporter - GENERATING HTML REPORT FOR CNT-2 - Component Maintenance:VIR-166.04 Verify installation slot in edcb380d350a80cdf46587ae5741ec066978cdd8e0c97472caf730194b651304.html in directory target/site/serenity  
[pool-1-thread-3] INFO net.thucydides.core.reports.html.HtmlAcceptanceTestReporter - GENERATING HTML REPORT FOR CNT-3 - Banners:VIR-130.01 Verify that the content Admin can add new banner in bb79537bca7a8b871c5b64cd1153742bc23c54e46592c06f822f87770b2e8b8a.html in directory target/site/serenity  
[pool-1-thread-1] INFO net.thucydides.core.reports.html.HtmlAcceptanceTestReporter - GENERATING HTML REPORT FOR CNT-3 - Banners:VIR-130.02 Verify that the content admin can edit the banner in 8473ae2e239acb5c9594f6482f5f79bb4500c946dd2d245bf5d2caa427a8a26f.html in directory target/site/serenity  
[pool-1-thread-4] INFO net.thucydides.core.reports.html.HtmlAcceptanceTestReporter - GENERATING HTML REPORT FOR CNT-3 - Banners:VIR-130.03 Verify that the content admin can delete the banner in b41d3443e6a4853ebf7ef1692db7b2b9a12b9d62f5b7166287c8c85636ccdf3f.html in directory target/site/serenity  
[pool-1-thread-3] INFO net.thucydides.core.reports.html.HtmlAcceptanceTestReporter - GENERATING HTML REPORT FOR CNT-3 - Banners:VIR-130.04 Verify that the site has a look, configured by content admin in 095ee6a7aed460c2ab7447a892b708f667ca6eb3d2b246703cb79d76aaa66edd.html in directory target/site/serenity  
[pool-1-thread-2] INFO net.thucydides.core.reports.html.HtmlAcceptanceTestReporter - GENERATING HTML REPORT FOR CNT-4 - Security Compliance:VIR-375.01 Unable to open the "Verisign terms and policy" page except through the Contact Us page in 3d31ca4ca17ccedf663fa492c24dc92f29157766fcfb628ecd61645c9255a53a.html in directory target/site/serenity  
[main] INFO net.serenitybdd.core.Serenity - 
 _____ _____ ____ _____   ____ _____  _    ____ _____ _____ ____  
|_   _| ____/ ___|_   _| / ___|_   _|/ \  |  _ \_   _| ____|  _ \ 
  | | |  _| \___ \ | |   \___ \ | | / _ \ | |_) || | |  _| | | | |
  | | | |___ ___) || |    ___) || |/ ___ \|  _ < | | | |___| |_| |
  |_| |_____|____/ |_|   |____/ |_/_/   \_\_| \_\|_| |_____|____/ 
                                                                  

TEST STARTED: VIR-131.02 Verify that the content Admin can delete terms, security and compliance
-------------------------------------------------------------------(cnt-4---security-compliance;vir-131.02-verify-that-the-content-admin-can-delete-terms,-security-and-compliance)
[main] INFO net.serenitybdd.core.Serenity - STARTING STEP Given open "CMS" page
[main] INFO net.serenitybdd.core.Serenity - STARTING STEP Open management page: CMS
[main] INFO net.serenitybdd.core.Serenity - STEP ERROR: net.serenitybdd.core.exceptions.SerenityManagedException: Could not initialize class com.virco.locators.SiteData
]]></system-err>
  </testcase>
  <testcase name="Scenario: VIR-131.02 Verify that the content Admin can delete terms, security and compliance" classname="Scenario: VIR-131.02 Verify that the content Admin can delete terms, security and compliance" time="0.002">
    <error message="Could not initialize class com.virco.locators.SiteData" type="net.serenitybdd.core.exceptions.SerenityManagedException"><![CDATA[net.serenitybdd.core.exceptions.SerenityManagedException: Could not initialize class com.virco.locators.SiteData
	at com.virco.steps.serenity.CommonUserSteps.openManagementPage(CommonUserSteps.java:26)
	at com.virco.steps.serenity.CommonUserSteps$$EnhancerByCGLIB$$d8541bfa.CGLIB$openManagementPage$7(<generated>)
	at com.virco.steps.serenity.CommonUserSteps$$EnhancerByCGLIB$$d8541bfa$$FastClassByCGLIB$$ea8e0f86.invoke(<generated>)
	at net.sf.cglib.proxy.MethodProxy.invokeSuper(MethodProxy.java:228)
	at net.thucydides.core.steps.StepInterceptor.invokeMethod(StepInterceptor.java:372)
	at net.thucydides.core.steps.StepInterceptor.executeTestStepMethod(StepInterceptor.java:357)
	at net.thucydides.core.steps.StepInterceptor.runTestStep(StepInterceptor.java:332)
	at net.thucydides.core.steps.StepInterceptor.testStepResult(StepInterceptor.java:134)
	at net.thucydides.core.steps.StepInterceptor.intercept(StepInterceptor.java:61)
	at com.virco.steps.serenity.CommonUserSteps$$EnhancerByCGLIB$$d8541bfa.openManagementPage(<generated>)
	at com.virco.steps.CommonDefinitionSteps.openPage(CommonDefinitionSteps.java:22)
	at sun.reflect.NativeMethodAccessorImpl.invoke0(Native Method)
	at sun.reflect.NativeMethodAccessorImpl.invoke(NativeMethodAccessorImpl.java:62)
	at sun.reflect.DelegatingMethodAccessorImpl.invoke(DelegatingMethodAccessorImpl.java:43)
	at java.lang.reflect.Method.invoke(Method.java:498)
	at cucumber.runtime.Utils$1.call(Utils.java:40)
	at cucumber.runtime.Timeout.timeout(Timeout.java:16)
	at cucumber.runtime.Utils.invoke(Utils.java:34)
	at cucumber.runtime.java.JavaStepDefinition.execute(JavaStepDefinition.java:38)
	at cucumber.runtime.StepDefinitionMatch.runStep(StepDefinitionMatch.java:37)
	at cucumber.runtime.Runtime.runStep(Runtime.java:300)
	at cucumber.runtime.model.StepContainer.runStep(StepContainer.java:44)
	at cucumber.runtime.model.StepContainer.runSteps(StepContainer.java:39)
	at cucumber.runtime.model.CucumberScenario.run(CucumberScenario.java:44)
	at cucumber.runtime.junit.ExecutionUnitRunner.run(ExecutionUnitRunner.java:102)
	at cucumber.runtime.junit.FeatureRunner.runChild(FeatureRunner.java:63)
	at cucumber.runtime.junit.FeatureRunner.runChild(FeatureRunner.java:18)
	at org.junit.runners.ParentRunner$3.run(ParentRunner.java:290)
	at org.junit.runners.ParentRunner$1.schedule(ParentRunner.java:71)
	at org.junit.runners.ParentRunner.runChildren(ParentRunner.java:288)
	at org.junit.runners.ParentRunner.access$000(ParentRunner.java:58)
	at org.junit.runners.ParentRunner$2.evaluate(ParentRunner.java:268)
	at org.junit.runners.ParentRunner.run(ParentRunner.java:363)
	at cucumber.runtime.junit.FeatureRunner.run(FeatureRunner.java:70)
	at cucumber.api.junit.Cucumber.runChild(Cucumber.java:95)
	at cucumber.api.junit.Cucumber.runChild(Cucumber.java:38)
	at org.junit.runners.ParentRunner$3.run(ParentRunner.java:290)
	at org.junit.runners.ParentRunner$1.schedule(ParentRunner.java:71)
	at org.junit.runners.ParentRunner.runChildren(ParentRunner.java:288)
	at org.junit.runners.ParentRunner.access$000(ParentRunner.java:58)
	at org.junit.runners.ParentRunner$2.evaluate(ParentRunner.java:268)
	at org.junit.runners.ParentRunner.run(ParentRunner.java:363)
	at cucumber.api.junit.Cucumber.run(Cucumber.java:100)
	at org.apache.maven.surefire.junit4.JUnit4Provider.execute(JUnit4Provider.java:283)
	at org.apache.maven.surefire.junit4.JUnit4Provider.executeWithRerun(JUnit4Provider.java:173)
	at org.apache.maven.surefire.junit4.JUnit4Provider.executeTestSet(JUnit4Provider.java:153)
	at org.apache.maven.surefire.junit4.JUnit4Provider.invoke(JUnit4Provider.java:128)
	at org.apache.maven.surefire.booter.ForkedBooter.invokeProviderInSameClassLoader(ForkedBooter.java:203)
	at org.apache.maven.surefire.booter.ForkedBooter.runSuitesInProcess(ForkedBooter.java:155)
	at org.apache.maven.surefire.booter.ForkedBooter.main(ForkedBooter.java:103)
]]></error>
  </testcase>
  <testcase name="When login as &quot;cmsmanager&quot;" classname="Scenario: VIR-131.02 Verify that the content Admin can delete terms, security and compliance" time="0">
    <skipped/>
    <system-err><![CDATA[[main] INFO net.serenitybdd.core.Serenity - STEP ERROR: java.lang.NoClassDefFoundError: Could not initialize class com.virco.locators.SiteData
[main] INFO net.serenitybdd.core.Serenity - STARTING STEP When login as "cmsmanager"
]]></system-err>
  </testcase>
  <testcase name="When select &quot;Staged&quot; content catalog" classname="Scenario: VIR-131.02 Verify that the content Admin can delete terms, security and compliance" time="0">
    <skipped/>
    <system-err><![CDATA[[main] INFO net.serenitybdd.core.Serenity - IGNORING STEP
[main] INFO net.serenitybdd.core.Serenity - STARTING STEP When select "Staged" content catalog
]]></system-err>
  </testcase>
  <testcase name="When search for &quot;VeriSign Security&quot; content" classname="Scenario: VIR-131.02 Verify that the content Admin can delete terms, security and compliance" time="0">
    <skipped/>
    <system-err><![CDATA[[main] INFO net.serenitybdd.core.Serenity - IGNORING STEP
[main] INFO net.serenitybdd.core.Serenity - STARTING STEP When search for "VeriSign Security" content
]]></system-err>
  </testcase>
  <testcase name="When double click on &quot;veriSignSecurity&quot; content page" classname="Scenario: VIR-131.02 Verify that the content Admin can delete terms, security and compliance" time="0">
    <skipped/>
    <system-err><![CDATA[[main] INFO net.serenitybdd.core.Serenity - IGNORING STEP
[main] INFO net.serenitybdd.core.Serenity - STARTING STEP When double click on "veriSignSecurity" content page
]]></system-err>
  </testcase>
  <testcase name="When click on &quot;Remove&quot; button in &quot;Section2B&quot; slot" classname="Scenario: VIR-131.02 Verify that the content Admin can delete terms, security and compliance" time="0">
    <skipped/>
    <system-err><![CDATA[[main] INFO net.serenitybdd.core.Serenity - IGNORING STEP
[main] INFO net.serenitybdd.core.Serenity - STARTING STEP When click on "Remove" button in "Section2B" slot
]]></system-err>
  </testcase>
  <testcase name="When select &quot;Yes&quot; in remove pop-up" classname="Scenario: VIR-131.02 Verify that the content Admin can delete terms, security and compliance" time="0">
    <skipped/>
    <system-err><![CDATA[[main] INFO net.serenitybdd.core.Serenity - IGNORING STEP
[main] INFO net.serenitybdd.core.Serenity - STARTING STEP When select "Yes" in remove pop-up
]]></system-err>
  </testcase>
  <testcase name="Then message &quot;Nothing to display&quot; in &quot;Section2B&quot; is presented" classname="Scenario: VIR-131.02 Verify that the content Admin can delete terms, security and compliance" time="0">
    <skipped/>
    <system-err><![CDATA[[main] INFO net.serenitybdd.core.Serenity - IGNORING STEP
[main] INFO net.serenitybdd.core.Serenity - STARTING STEP Then message "Nothing to display" in "Section2B" is presented
]]></system-err>
  </testcase>
  <testcase name="Given open &quot;CMS&quot; page" classname="Scenario: VIR-131.03 Verify that the content Admin can add terms, security and compliance" time="0.002">
    <error message="Could not initialize class com.virco.locators.SiteData" type="net.serenitybdd.core.exceptions.SerenityManagedException"><![CDATA[net.serenitybdd.core.exceptions.SerenityManagedException: Could not initialize class com.virco.locators.SiteData
	at com.virco.steps.serenity.CommonUserSteps.openManagementPage(CommonUserSteps.java:26)
	at com.virco.steps.serenity.CommonUserSteps$$EnhancerByCGLIB$$d8541bfa.CGLIB$openManagementPage$7(<generated>)
	at com.virco.steps.serenity.CommonUserSteps$$EnhancerByCGLIB$$d8541bfa$$FastClassByCGLIB$$ea8e0f86.invoke(<generated>)
	at net.sf.cglib.proxy.MethodProxy.invokeSuper(MethodProxy.java:228)
	at net.thucydides.core.steps.StepInterceptor.invokeMethod(StepInterceptor.java:372)
	at net.thucydides.core.steps.StepInterceptor.executeTestStepMethod(StepInterceptor.java:357)
	at net.thucydides.core.steps.StepInterceptor.runTestStep(StepInterceptor.java:332)
	at net.thucydides.core.steps.StepInterceptor.testStepResult(StepInterceptor.java:134)
	at net.thucydides.core.steps.StepInterceptor.intercept(StepInterceptor.java:61)
	at com.virco.steps.serenity.CommonUserSteps$$EnhancerByCGLIB$$d8541bfa.openManagementPage(<generated>)
	at com.virco.steps.CommonDefinitionSteps.openPage(CommonDefinitionSteps.java:22)
	at sun.reflect.NativeMethodAccessorImpl.invoke0(Native Method)
	at sun.reflect.NativeMethodAccessorImpl.invoke(NativeMethodAccessorImpl.java:62)
	at sun.reflect.DelegatingMethodAccessorImpl.invoke(DelegatingMethodAccessorImpl.java:43)
	at java.lang.reflect.Method.invoke(Method.java:498)
	at cucumber.runtime.Utils$1.call(Utils.java:40)
	at cucumber.runtime.Timeout.timeout(Timeout.java:16)
	at cucumber.runtime.Utils.invoke(Utils.java:34)
	at cucumber.runtime.java.JavaStepDefinition.execute(JavaStepDefinition.java:38)
	at cucumber.runtime.StepDefinitionMatch.runStep(StepDefinitionMatch.java:37)
	at cucumber.runtime.Runtime.runStep(Runtime.java:300)
	at cucumber.runtime.model.StepContainer.runStep(StepContainer.java:44)
	at cucumber.runtime.model.StepContainer.runSteps(StepContainer.java:39)
	at cucumber.runtime.model.CucumberScenario.run(CucumberScenario.java:44)
	at cucumber.runtime.junit.ExecutionUnitRunner.run(ExecutionUnitRunner.java:102)
	at cucumber.runtime.junit.FeatureRunner.runChild(FeatureRunner.java:63)
	at cucumber.runtime.junit.FeatureRunner.runChild(FeatureRunner.java:18)
	at org.junit.runners.ParentRunner$3.run(ParentRunner.java:290)
	at org.junit.runners.ParentRunner$1.schedule(ParentRunner.java:71)
	at org.junit.runners.ParentRunner.runChildren(ParentRunner.java:288)
	at org.junit.runners.ParentRunner.access$000(ParentRunner.java:58)
	at org.junit.runners.ParentRunner$2.evaluate(ParentRunner.java:268)
	at org.junit.runners.ParentRunner.run(ParentRunner.java:363)
	at cucumber.runtime.junit.FeatureRunner.run(FeatureRunner.java:70)
	at cucumber.api.junit.Cucumber.runChild(Cucumber.java:95)
	at cucumber.api.junit.Cucumber.runChild(Cucumber.java:38)
	at org.junit.runners.ParentRunner$3.run(ParentRunner.java:290)
	at org.junit.runners.ParentRunner$1.schedule(ParentRunner.java:71)
	at org.junit.runners.ParentRunner.runChildren(ParentRunner.java:288)
	at org.junit.runners.ParentRunner.access$000(ParentRunner.java:58)
	at org.junit.runners.ParentRunner$2.evaluate(ParentRunner.java:268)
	at org.junit.runners.ParentRunner.run(ParentRunner.java:363)
	at cucumber.api.junit.Cucumber.run(Cucumber.java:100)
	at org.apache.maven.surefire.junit4.JUnit4Provider.execute(JUnit4Provider.java:283)
	at org.apache.maven.surefire.junit4.JUnit4Provider.executeWithRerun(JUnit4Provider.java:173)
	at org.apache.maven.surefire.junit4.JUnit4Provider.executeTestSet(JUnit4Provider.java:153)
	at org.apache.maven.surefire.junit4.JUnit4Provider.invoke(JUnit4Provider.java:128)
	at org.apache.maven.surefire.booter.ForkedBooter.invokeProviderInSameClassLoader(ForkedBooter.java:203)
	at org.apache.maven.surefire.booter.ForkedBooter.runSuitesInProcess(ForkedBooter.java:155)
	at org.apache.maven.surefire.booter.ForkedBooter.main(ForkedBooter.java:103)
]]></error>
    <system-err><![CDATA[[main] INFO net.serenitybdd.core.Serenity - IGNORING STEP
[main] ERROR net.serenitybdd.core.Serenity - 
           __  _____ _____ ____ _____   _____ _    ___ _     _____ ____  
  _       / / |_   _| ____/ ___|_   _| |  ___/ \  |_ _| |   | ____|  _ \ 
 (_)_____| |    | | |  _| \___ \ | |   | |_ / _ \  | || |   |  _| | | | |
  _|_____| |    | | | |___ ___) || |   |  _/ ___ \ | || |___| |___| |_| |
 (_)     | |    |_| |_____|____/ |_|   |_|/_/   \_\___|_____|_____|____/ 
          \_\                                                            

TEST FAILED WITH ERROR: VIR-131.02 Verify that the content Admin can delete terms, security and compliance
---------------------------------------------------------------------
[main] ERROR net.serenitybdd.core.Serenity - TEST FAILED AT STEP Open management page: CMS
[main] ERROR net.serenitybdd.core.Serenity - Could not initialize class com.virco.locators.SiteData
[pool-1-thread-1] INFO net.thucydides.core.reports.json.JSONTestOutcomeReporter - Generating JSON report for VIR-128.01 Verify that the OOTB Hybris is configured to file /Users/rodionsavchuk/hybrisAutomation/virco-automatedtests/target/site/serenity/f9e291a91d7fb0708996a6c172c79994e2f3e3dc027f9c744e43835d2210c73e.json (using temp file /Users/rodionsavchuk/hybrisAutomation/virco-automatedtests/target/site/serenity/f9e291a91d7fb0708996a6c172c79994e2f3e3dc027f9c744e43835d2210c73e.json77351e49-ad10-477f-8a57-94fdb306da25)
[pool-1-thread-3] INFO net.thucydides.core.reports.json.JSONTestOutcomeReporter - Generating JSON report for VIR-129.01 Verify that the content admin can add a rotating theme by using template to file /Users/rodionsavchuk/hybrisAutomation/virco-automatedtests/target/site/serenity/2baaeb277c29c1f85062130a60bafea2167a5c2dd87a93c69ad94698238c35ee.json (using temp file /Users/rodionsavchuk/hybrisAutomation/virco-automatedtests/target/site/serenity/2baaeb277c29c1f85062130a60bafea2167a5c2dd87a93c69ad94698238c35ee.json7a0d004d-a1a5-4b9c-a4ff-5ee8566c2d75)
[pool-1-thread-4] INFO net.thucydides.core.reports.json.JSONTestOutcomeReporter - Generating JSON report for VIR-129.02 Verify that the content admin can promo message by using template to file /Users/rodionsavchuk/hybrisAutomation/virco-automatedtests/target/site/serenity/5c582eac1cc160864035d84f14577b2a4b307d178776baf5d94402a8f33a570b.json (using temp file /Users/rodionsavchuk/hybrisAutomation/virco-automatedtests/target/site/serenity/5c582eac1cc160864035d84f14577b2a4b307d178776baf5d94402a8f33a570b.json07eaae23-52ca-4886-bcb4-549c011e9ce9)
[pool-1-thread-2] INFO net.thucydides.core.reports.json.JSONTestOutcomeReporter - Generating JSON report for VIR-129.03 Verify that the content admin can add installation slot by using template to file /Users/rodionsavchuk/hybrisAutomation/virco-automatedtests/target/site/serenity/e2ad5898b62d8e77d283000b0832f5fb0d67d58608b2ea1e947bdb3eaa4f7f13.json (using temp file /Users/rodionsavchuk/hybrisAutomation/virco-automatedtests/target/site/serenity/e2ad5898b62d8e77d283000b0832f5fb0d67d58608b2ea1e947bdb3eaa4f7f13.jsonb6769502-6732-4422-a5b4-22cb37392218)
[pool-1-thread-1] INFO net.thucydides.core.reports.json.JSONTestOutcomeReporter - Generating JSON report for VIR-129.04 Verify that the content admin can add a product recommendation component on the page template by using template to file /Users/rodionsavchuk/hybrisAutomation/virco-automatedtests/target/site/serenity/2568cbeed2bdf1850ea694b2c61bf8c9430c3ac453a0d1b2f15e169595434015.json (using temp file /Users/rodionsavchuk/hybrisAutomation/virco-automatedtests/target/site/serenity/2568cbeed2bdf1850ea694b2c61bf8c9430c3ac453a0d1b2f15e169595434015.jsond9860022-3199-4217-87a6-5fbcd9d92a24)
[pool-1-thread-2] INFO net.thucydides.core.reports.json.JSONTestOutcomeReporter - Generating JSON report for VIR-129.05 Verify that the content admin can add a quick ship component on the template page to file /Users/rodionsavchuk/hybrisAutomation/virco-automatedtests/target/site/serenity/03a37ae243f19fd5e4074c51364f3accdea994f94fbe9bfc0888dbf6b3fcb296.json (using temp file /Users/rodionsavchuk/hybrisAutomation/virco-automatedtests/target/site/serenity/03a37ae243f19fd5e4074c51364f3accdea994f94fbe9bfc0888dbf6b3fcb296.jsonc93ff320-cf3d-4b6c-9222-0f7f1e189fae)
[pool-1-thread-4] INFO net.thucydides.core.reports.json.JSONTestOutcomeReporter - Generating JSON report for VIR-129.07 Verify that the content admin can add a product images component on the template page to file /Users/rodionsavchuk/hybrisAutomation/virco-automatedtests/target/site/serenity/b14d7ddd1213e2b3e327a1da59a5f30243e7b1413ece781e8217d0475b1d4ba5.json (using temp file /Users/rodionsavchuk/hybrisAutomation/virco-automatedtests/target/site/serenity/b14d7ddd1213e2b3e327a1da59a5f30243e7b1413ece781e8217d0475b1d4ba5.jsonee8f7f4d-cfe5-4fd5-81a6-7528752c60b8)
[pool-1-thread-3] INFO net.thucydides.core.reports.json.JSONTestOutcomeReporter - Generating JSON report for VIR-129.06 Verify that the content admin can add a popular category on the template page to file /Users/rodionsavchuk/hybrisAutomation/virco-automatedtests/target/site/serenity/4cb24bf6eab810d97c001f653ce7ec4c2620e8ef80649c431bc47d31554e7dfa.json (using temp file /Users/rodionsavchuk/hybrisAutomation/virco-automatedtests/target/site/serenity/4cb24bf6eab810d97c001f653ce7ec4c2620e8ef80649c431bc47d31554e7dfa.jsondec25795-cb6e-476c-804e-5c1de451c740)
[pool-1-thread-1] INFO net.thucydides.core.reports.json.JSONTestOutcomeReporter - Generating JSON report for VIR-129.08 Verify that the content admin can edit promo message/popular category. to file /Users/rodionsavchuk/hybrisAutomation/virco-automatedtests/target/site/serenity/0b72d581cee195fdedb17f43f946f9e8a6bd5762bb612b26fbaf09d9905941a0.json (using temp file /Users/rodionsavchuk/hybrisAutomation/virco-automatedtests/target/site/serenity/0b72d581cee195fdedb17f43f946f9e8a6bd5762bb612b26fbaf09d9905941a0.json93133a8d-c396-4b8a-bd7c-ae4c105d448f)
[pool-1-thread-2] INFO net.thucydides.core.reports.json.JSONTestOutcomeReporter - Generating JSON report for VIR-129.09 Verify that the content admin can delete promo message/popular category. to file /Users/rodionsavchuk/hybrisAutomation/virco-automatedtests/target/site/serenity/e3f11c0e315cea47d82b81aeec1d5d4ec6688676c143e6c8bd85b536ee39abf1.json (using temp file /Users/rodionsavchuk/hybrisAutomation/virco-automatedtests/target/site/serenity/e3f11c0e315cea47d82b81aeec1d5d4ec6688676c143e6c8bd85b536ee39abf1.json2f790172-9371-47ee-8815-82077e1f342a)
[pool-1-thread-4] INFO net.thucydides.core.reports.json.JSONTestOutcomeReporter - Generating JSON report for VIR-129.10 Verify that the site has a look, configured by content admin to file /Users/rodionsavchuk/hybrisAutomation/virco-automatedtests/target/site/serenity/100947bcc68d92490597dd6eed62bf55d5857e1335d30b52c2a0a2894d214fe7.json (using temp file /Users/rodionsavchuk/hybrisAutomation/virco-automatedtests/target/site/serenity/100947bcc68d92490597dd6eed62bf55d5857e1335d30b52c2a0a2894d214fe7.jsonc9744c51-f4f5-4b29-b207-251850ae77b8)
[pool-1-thread-3] INFO net.thucydides.core.reports.json.JSONTestOutcomeReporter - Generating JSON report for VIR-166.01 Verify the rotating carousel is added on the home page to file /Users/rodionsavchuk/hybrisAutomation/virco-automatedtests/target/site/serenity/41045224dd55f49d371e9fd4a455c28d0acc2a203f1c37c0d89de600b26d38ef.json (using temp file /Users/rodionsavchuk/hybrisAutomation/virco-automatedtests/target/site/serenity/41045224dd55f49d371e9fd4a455c28d0acc2a203f1c37c0d89de600b26d38ef.jsondb037c71-7d61-40d6-983f-aedf413400c9)
[pool-1-thread-4] INFO net.thucydides.core.reports.json.JSONTestOutcomeReporter - Generating JSON report for VIR-166.02 Verify that the each Banner has Rotating Theme, promotional message and installation slots to file /Users/rodionsavchuk/hybrisAutomation/virco-automatedtests/target/site/serenity/0608016defba6ce482ab704a7f99aa4784d409932878aab3566e62c6acd4c3be.json (using temp file /Users/rodionsavchuk/hybrisAutomation/virco-automatedtests/target/site/serenity/0608016defba6ce482ab704a7f99aa4784d409932878aab3566e62c6acd4c3be.json93df7943-0ffc-4fb3-b0d4-2161574a47ee)
[pool-1-thread-2] INFO net.thucydides.core.reports.json.JSONTestOutcomeReporter - Generating JSON report for VIR-166.03 Verify that the changes applied to the home page on the WCMS are shown on the site to file /Users/rodionsavchuk/hybrisAutomation/virco-automatedtests/target/site/serenity/b9eb3619ad92be0ca6909f8288eb5393e840f6227de55c87423f32dd621971c6.json (using temp file /Users/rodionsavchuk/hybrisAutomation/virco-automatedtests/target/site/serenity/b9eb3619ad92be0ca6909f8288eb5393e840f6227de55c87423f32dd621971c6.json4bcb1db0-2819-41bd-a73a-b439efa10eca)
[pool-1-thread-1] INFO net.thucydides.core.reports.json.JSONTestOutcomeReporter - Generating JSON report for VIR-166.04 Verify changes on the site to file /Users/rodionsavchuk/hybrisAutomation/virco-automatedtests/target/site/serenity/5f43c632221e66e649cb566b95c8c39021872b2cfde3c52fd524b9428955bf6f.json (using temp file /Users/rodionsavchuk/hybrisAutomation/virco-automatedtests/target/site/serenity/5f43c632221e66e649cb566b95c8c39021872b2cfde3c52fd524b9428955bf6f.json5c9b3a13-d063-4134-bb1f-c961b30880d5)
[pool-1-thread-4] INFO net.thucydides.core.reports.json.JSONTestOutcomeReporter - Generating JSON report for VIR-166.04 Verify installation slot to file /Users/rodionsavchuk/hybrisAutomation/virco-automatedtests/target/site/serenity/edcb380d350a80cdf46587ae5741ec066978cdd8e0c97472caf730194b651304.json (using temp file /Users/rodionsavchuk/hybrisAutomation/virco-automatedtests/target/site/serenity/edcb380d350a80cdf46587ae5741ec066978cdd8e0c97472caf730194b651304.json6dccaad5-36dd-4c36-8587-ee457099648a)
[pool-1-thread-3] INFO net.thucydides.core.reports.json.JSONTestOutcomeReporter - Generating JSON report for VIR-166.06 Return changes for carousel to file /Users/rodionsavchuk/hybrisAutomation/virco-automatedtests/target/site/serenity/666f9c30485604a0d8f915e21943e7e88d01015ce9092eafebcdb74a2aa69881.json (using temp file /Users/rodionsavchuk/hybrisAutomation/virco-automatedtests/target/site/serenity/666f9c30485604a0d8f915e21943e7e88d01015ce9092eafebcdb74a2aa69881.jsonf701e4f1-41c4-4468-99b8-93a8e6cdf9e4)
[pool-1-thread-1] INFO net.thucydides.core.reports.json.JSONTestOutcomeReporter - Generating JSON report for VIR-130.01 Verify that the content Admin can add new banner to file /Users/rodionsavchuk/hybrisAutomation/virco-automatedtests/target/site/serenity/bb79537bca7a8b871c5b64cd1153742bc23c54e46592c06f822f87770b2e8b8a.json (using temp file /Users/rodionsavchuk/hybrisAutomation/virco-automatedtests/target/site/serenity/bb79537bca7a8b871c5b64cd1153742bc23c54e46592c06f822f87770b2e8b8a.jsondb632aad-bf81-4432-a5c9-5cc387e321d6)
[pool-1-thread-2] INFO net.thucydides.core.reports.json.JSONTestOutcomeReporter - Generating JSON report for VIR-130.02 Verify that the content admin can edit the banner to file /Users/rodionsavchuk/hybrisAutomation/virco-automatedtests/target/site/serenity/8473ae2e239acb5c9594f6482f5f79bb4500c946dd2d245bf5d2caa427a8a26f.json (using temp file /Users/rodionsavchuk/hybrisAutomation/virco-automatedtests/target/site/serenity/8473ae2e239acb5c9594f6482f5f79bb4500c946dd2d245bf5d2caa427a8a26f.json34ed2f24-12b0-4d34-98e6-7611914a7169)
[pool-1-thread-4] INFO net.thucydides.core.reports.json.JSONTestOutcomeReporter - Generating JSON report for VIR-130.03 Verify that the content admin can delete the banner to file /Users/rodionsavchuk/hybrisAutomation/virco-automatedtests/target/site/serenity/b41d3443e6a4853ebf7ef1692db7b2b9a12b9d62f5b7166287c8c85636ccdf3f.json (using temp file /Users/rodionsavchuk/hybrisAutomation/virco-automatedtests/target/site/serenity/b41d3443e6a4853ebf7ef1692db7b2b9a12b9d62f5b7166287c8c85636ccdf3f.jsone1db5efb-4486-4da8-9311-90b496893863)
[pool-1-thread-1] INFO net.thucydides.core.reports.json.JSONTestOutcomeReporter - Generating JSON report for VIR-130.04 Verify that the site has a look, configured by content admin to file /Users/rodionsavchuk/hybrisAutomation/virco-automatedtests/target/site/serenity/095ee6a7aed460c2ab7447a892b708f667ca6eb3d2b246703cb79d76aaa66edd.json (using temp file /Users/rodionsavchuk/hybrisAutomation/virco-automatedtests/target/site/serenity/095ee6a7aed460c2ab7447a892b708f667ca6eb3d2b246703cb79d76aaa66edd.json96d75c82-09f5-49f3-91de-4331ad7ec302)
[pool-1-thread-3] INFO net.thucydides.core.reports.json.JSONTestOutcomeReporter - Generating JSON report for VIR-375.01 Unable to open the "Verisign terms and policy" page except through the Contact Us page to file /Users/rodionsavchuk/hybrisAutomation/virco-automatedtests/target/site/serenity/3d31ca4ca17ccedf663fa492c24dc92f29157766fcfb628ecd61645c9255a53a.json (using temp file /Users/rodionsavchuk/hybrisAutomation/virco-automatedtests/target/site/serenity/3d31ca4ca17ccedf663fa492c24dc92f29157766fcfb628ecd61645c9255a53a.jsoncef5486a-c3e1-4138-931f-77c87797ff7b)
[pool-1-thread-1] INFO net.thucydides.core.reports.json.JSONTestOutcomeReporter - Generating JSON report for VIR-131.02 Verify that the content Admin can delete terms, security and compliance to file /Users/rodionsavchuk/hybrisAutomation/virco-automatedtests/target/site/serenity/ceb7302073899bbe72c923c378b3dfb15f405875b937887a17bf4cff9988ce11.json (using temp file /Users/rodionsavchuk/hybrisAutomation/virco-automatedtests/target/site/serenity/ceb7302073899bbe72c923c378b3dfb15f405875b937887a17bf4cff9988ce11.json8f5b4446-3fa0-480f-b1a3-7d1c57061337)
[pool-1-thread-2] INFO net.thucydides.core.reports.html.HtmlAcceptanceTestReporter - GENERATING HTML REPORT FOR CNT-1 - WCMS Site Maintenance:VIR-128.01 Verify that the OOTB Hybris is configured in f9e291a91d7fb0708996a6c172c79994e2f3e3dc027f9c744e43835d2210c73e.html in directory target/site/serenity  
[pool-1-thread-4] INFO net.thucydides.core.reports.html.HtmlAcceptanceTestReporter - GENERATING HTML REPORT FOR CNT-2 - Component Maintenance:VIR-129.01 Verify that the content admin can add a rotating theme by using template in 2baaeb277c29c1f85062130a60bafea2167a5c2dd87a93c69ad94698238c35ee.html in directory target/site/serenity  
[pool-1-thread-3] INFO net.thucydides.core.reports.html.HtmlAcceptanceTestReporter - GENERATING HTML REPORT FOR CNT-2 - Component Maintenance:VIR-129.02 Verify that the content admin can promo message by using template in 5c582eac1cc160864035d84f14577b2a4b307d178776baf5d94402a8f33a570b.html in directory target/site/serenity  
[pool-1-thread-1] INFO net.thucydides.core.reports.html.HtmlAcceptanceTestReporter - GENERATING HTML REPORT FOR CNT-2 - Component Maintenance:VIR-129.03 Verify that the content admin can add installation slot by using template in e2ad5898b62d8e77d283000b0832f5fb0d67d58608b2ea1e947bdb3eaa4f7f13.html in directory target/site/serenity  
[pool-1-thread-4] INFO net.thucydides.core.reports.html.HtmlAcceptanceTestReporter - GENERATING HTML REPORT FOR CNT-2 - Component Maintenance:VIR-129.04 Verify that the content admin can add a product recommendation component on the page template by using template in 2568cbeed2bdf1850ea694b2c61bf8c9430c3ac453a0d1b2f15e169595434015.html in directory target/site/serenity  
[pool-1-thread-3] INFO net.thucydides.core.reports.html.HtmlAcceptanceTestReporter - GENERATING HTML REPORT FOR CNT-2 - Component Maintenance:VIR-129.05 Verify that the content admin can add a quick ship component on the template page in 03a37ae243f19fd5e4074c51364f3accdea994f94fbe9bfc0888dbf6b3fcb296.html in directory target/site/serenity  
[pool-1-thread-2] INFO net.thucydides.core.reports.html.HtmlAcceptanceTestReporter - GENERATING HTML REPORT FOR CNT-2 - Component Maintenance:VIR-129.06 Verify that the content admin can add a popular category on the template page in 4cb24bf6eab810d97c001f653ce7ec4c2620e8ef80649c431bc47d31554e7dfa.html in directory target/site/serenity  
[pool-1-thread-4] INFO net.thucydides.core.reports.html.HtmlAcceptanceTestReporter - GENERATING HTML REPORT FOR CNT-2 - Component Maintenance:VIR-129.08 Verify that the content admin can edit promo message/popular category. in 0b72d581cee195fdedb17f43f946f9e8a6bd5762bb612b26fbaf09d9905941a0.html in directory target/site/serenity  
[pool-1-thread-3] INFO net.thucydides.core.reports.html.HtmlAcceptanceTestReporter - GENERATING HTML REPORT FOR CNT-2 - Component Maintenance:VIR-129.09 Verify that the content admin can delete promo message/popular category. in e3f11c0e315cea47d82b81aeec1d5d4ec6688676c143e6c8bd85b536ee39abf1.html in directory target/site/serenity  
[pool-1-thread-2] INFO net.thucydides.core.reports.html.HtmlAcceptanceTestReporter - GENERATING HTML REPORT FOR CNT-2 - Component Maintenance:VIR-129.10 Verify that the site has a look, configured by content admin in 100947bcc68d92490597dd6eed62bf55d5857e1335d30b52c2a0a2894d214fe7.html in directory target/site/serenity  
[pool-1-thread-1] INFO net.thucydides.core.reports.html.HtmlAcceptanceTestReporter - GENERATING HTML REPORT FOR CNT-2 - Component Maintenance:VIR-129.07 Verify that the content admin can add a product images component on the template page in b14d7ddd1213e2b3e327a1da59a5f30243e7b1413ece781e8217d0475b1d4ba5.html in directory target/site/serenity  
[pool-1-thread-4] INFO net.thucydides.core.reports.html.HtmlAcceptanceTestReporter - GENERATING HTML REPORT FOR CNT-2 - Component Maintenance:VIR-166.01 Verify the rotating carousel is added on the home page in 41045224dd55f49d371e9fd4a455c28d0acc2a203f1c37c0d89de600b26d38ef.html in directory target/site/serenity  
[pool-1-thread-3] INFO net.thucydides.core.reports.html.HtmlAcceptanceTestReporter - GENERATING HTML REPORT FOR CNT-2 - Component Maintenance:VIR-166.02 Verify that the each Banner has Rotating Theme, promotional message and installation slots in 0608016defba6ce482ab704a7f99aa4784d409932878aab3566e62c6acd4c3be.html in directory target/site/serenity  
[pool-1-thread-3] INFO net.thucydides.core.reports.html.HtmlAcceptanceTestReporter - GENERATING HTML REPORT FOR CNT-2 - Component Maintenance:VIR-166.04 Verify changes on the site in 5f43c632221e66e649cb566b95c8c39021872b2cfde3c52fd524b9428955bf6f.html in directory target/site/serenity  
[pool-1-thread-2] INFO net.thucydides.core.reports.html.HtmlAcceptanceTestReporter - GENERATING HTML REPORT FOR CNT-2 - Component Maintenance:VIR-166.04 Verify installation slot in edcb380d350a80cdf46587ae5741ec066978cdd8e0c97472caf730194b651304.html in directory target/site/serenity  
[pool-1-thread-3] INFO net.thucydides.core.reports.html.HtmlAcceptanceTestReporter - GENERATING HTML REPORT FOR CNT-3 - Banners:VIR-130.01 Verify that the content Admin can add new banner in bb79537bca7a8b871c5b64cd1153742bc23c54e46592c06f822f87770b2e8b8a.html in directory target/site/serenity  
[pool-1-thread-4] INFO net.thucydides.core.reports.html.HtmlAcceptanceTestReporter - GENERATING HTML REPORT FOR CNT-2 - Component Maintenance:VIR-166.06 Return changes for carousel in 666f9c30485604a0d8f915e21943e7e88d01015ce9092eafebcdb74a2aa69881.html in directory target/site/serenity  
[pool-1-thread-1] INFO net.thucydides.core.reports.html.HtmlAcceptanceTestReporter - GENERATING HTML REPORT FOR CNT-2 - Component Maintenance:VIR-166.03 Verify that the changes applied to the home page on the WCMS are shown on the site in b9eb3619ad92be0ca6909f8288eb5393e840f6227de55c87423f32dd621971c6.html in directory target/site/serenity  
[pool-1-thread-2] INFO net.thucydides.core.reports.html.HtmlAcceptanceTestReporter - GENERATING HTML REPORT FOR CNT-3 - Banners:VIR-130.02 Verify that the content admin can edit the banner in 8473ae2e239acb5c9594f6482f5f79bb4500c946dd2d245bf5d2caa427a8a26f.html in directory target/site/serenity  
[pool-1-thread-2] INFO net.thucydides.core.reports.html.HtmlAcceptanceTestReporter - GENERATING HTML REPORT FOR CNT-3 - Banners:VIR-130.04 Verify that the site has a look, configured by content admin in 095ee6a7aed460c2ab7447a892b708f667ca6eb3d2b246703cb79d76aaa66edd.html in directory target/site/serenity  
[pool-1-thread-2] INFO net.thucydides.core.reports.html.HtmlAcceptanceTestReporter - GENERATING HTML REPORT FOR CNT-4 - Security Compliance:VIR-375.01 Unable to open the "Verisign terms and policy" page except through the Contact Us page in 3d31ca4ca17ccedf663fa492c24dc92f29157766fcfb628ecd61645c9255a53a.html in directory target/site/serenity  
[pool-1-thread-3] INFO net.thucydides.core.reports.html.HtmlAcceptanceTestReporter - GENERATING HTML REPORT FOR CNT-3 - Banners:VIR-130.03 Verify that the content admin can delete the banner in b41d3443e6a4853ebf7ef1692db7b2b9a12b9d62f5b7166287c8c85636ccdf3f.html in directory target/site/serenity  
[pool-1-thread-1] INFO net.thucydides.core.reports.html.HtmlAcceptanceTestReporter - GENERATING HTML REPORT FOR CNT-4 - Security Compliance:VIR-131.02 Verify that the content Admin can delete terms, security and compliance in ceb7302073899bbe72c923c378b3dfb15f405875b937887a17bf4cff9988ce11.html in directory target/site/serenity  
[main] INFO net.serenitybdd.core.Serenity - 
 _____ _____ ____ _____   ____ _____  _    ____ _____ _____ ____  
|_   _| ____/ ___|_   _| / ___|_   _|/ \  |  _ \_   _| ____|  _ \ 
  | | |  _| \___ \ | |   \___ \ | | / _ \ | |_) || | |  _| | | | |
  | | | |___ ___) || |    ___) || |/ ___ \|  _ < | | | |___| |_| |
  |_| |_____|____/ |_|   |____/ |_/_/   \_\_| \_\|_| |_____|____/ 
                                                                  

TEST STARTED: VIR-131.03 Verify that the content Admin can add terms, security and compliance
-------------------------------------------------------------------(cnt-4---security-compliance;vir-131.03-verify-that-the-content-admin-can-add-terms,-security-and-compliance)
[main] INFO net.serenitybdd.core.Serenity - STARTING STEP Given open "CMS" page
[main] INFO net.serenitybdd.core.Serenity - STARTING STEP Open management page: CMS
[main] INFO net.serenitybdd.core.Serenity - STEP ERROR: net.serenitybdd.core.exceptions.SerenityManagedException: Could not initialize class com.virco.locators.SiteData
]]></system-err>
  </testcase>
  <testcase name="Scenario: VIR-131.03 Verify that the content Admin can add terms, security and compliance" classname="Scenario: VIR-131.03 Verify that the content Admin can add terms, security and compliance" time="0.003">
    <error message="Could not initialize class com.virco.locators.SiteData" type="net.serenitybdd.core.exceptions.SerenityManagedException"><![CDATA[net.serenitybdd.core.exceptions.SerenityManagedException: Could not initialize class com.virco.locators.SiteData
	at com.virco.steps.serenity.CommonUserSteps.openManagementPage(CommonUserSteps.java:26)
	at com.virco.steps.serenity.CommonUserSteps$$EnhancerByCGLIB$$d8541bfa.CGLIB$openManagementPage$7(<generated>)
	at com.virco.steps.serenity.CommonUserSteps$$EnhancerByCGLIB$$d8541bfa$$FastClassByCGLIB$$ea8e0f86.invoke(<generated>)
	at net.sf.cglib.proxy.MethodProxy.invokeSuper(MethodProxy.java:228)
	at net.thucydides.core.steps.StepInterceptor.invokeMethod(StepInterceptor.java:372)
	at net.thucydides.core.steps.StepInterceptor.executeTestStepMethod(StepInterceptor.java:357)
	at net.thucydides.core.steps.StepInterceptor.runTestStep(StepInterceptor.java:332)
	at net.thucydides.core.steps.StepInterceptor.testStepResult(StepInterceptor.java:134)
	at net.thucydides.core.steps.StepInterceptor.intercept(StepInterceptor.java:61)
	at com.virco.steps.serenity.CommonUserSteps$$EnhancerByCGLIB$$d8541bfa.openManagementPage(<generated>)
	at com.virco.steps.CommonDefinitionSteps.openPage(CommonDefinitionSteps.java:22)
	at sun.reflect.NativeMethodAccessorImpl.invoke0(Native Method)
	at sun.reflect.NativeMethodAccessorImpl.invoke(NativeMethodAccessorImpl.java:62)
	at sun.reflect.DelegatingMethodAccessorImpl.invoke(DelegatingMethodAccessorImpl.java:43)
	at java.lang.reflect.Method.invoke(Method.java:498)
	at cucumber.runtime.Utils$1.call(Utils.java:40)
	at cucumber.runtime.Timeout.timeout(Timeout.java:16)
	at cucumber.runtime.Utils.invoke(Utils.java:34)
	at cucumber.runtime.java.JavaStepDefinition.execute(JavaStepDefinition.java:38)
	at cucumber.runtime.StepDefinitionMatch.runStep(StepDefinitionMatch.java:37)
	at cucumber.runtime.Runtime.runStep(Runtime.java:300)
	at cucumber.runtime.model.StepContainer.runStep(StepContainer.java:44)
	at cucumber.runtime.model.StepContainer.runSteps(StepContainer.java:39)
	at cucumber.runtime.model.CucumberScenario.run(CucumberScenario.java:44)
	at cucumber.runtime.junit.ExecutionUnitRunner.run(ExecutionUnitRunner.java:102)
	at cucumber.runtime.junit.FeatureRunner.runChild(FeatureRunner.java:63)
	at cucumber.runtime.junit.FeatureRunner.runChild(FeatureRunner.java:18)
	at org.junit.runners.ParentRunner$3.run(ParentRunner.java:290)
	at org.junit.runners.ParentRunner$1.schedule(ParentRunner.java:71)
	at org.junit.runners.ParentRunner.runChildren(ParentRunner.java:288)
	at org.junit.runners.ParentRunner.access$000(ParentRunner.java:58)
	at org.junit.runners.ParentRunner$2.evaluate(ParentRunner.java:268)
	at org.junit.runners.ParentRunner.run(ParentRunner.java:363)
	at cucumber.runtime.junit.FeatureRunner.run(FeatureRunner.java:70)
	at cucumber.api.junit.Cucumber.runChild(Cucumber.java:95)
	at cucumber.api.junit.Cucumber.runChild(Cucumber.java:38)
	at org.junit.runners.ParentRunner$3.run(ParentRunner.java:290)
	at org.junit.runners.ParentRunner$1.schedule(ParentRunner.java:71)
	at org.junit.runners.ParentRunner.runChildren(ParentRunner.java:288)
	at org.junit.runners.ParentRunner.access$000(ParentRunner.java:58)
	at org.junit.runners.ParentRunner$2.evaluate(ParentRunner.java:268)
	at org.junit.runners.ParentRunner.run(ParentRunner.java:363)
	at cucumber.api.junit.Cucumber.run(Cucumber.java:100)
	at org.apache.maven.surefire.junit4.JUnit4Provider.execute(JUnit4Provider.java:283)
	at org.apache.maven.surefire.junit4.JUnit4Provider.executeWithRerun(JUnit4Provider.java:173)
	at org.apache.maven.surefire.junit4.JUnit4Provider.executeTestSet(JUnit4Provider.java:153)
	at org.apache.maven.surefire.junit4.JUnit4Provider.invoke(JUnit4Provider.java:128)
	at org.apache.maven.surefire.booter.ForkedBooter.invokeProviderInSameClassLoader(ForkedBooter.java:203)
	at org.apache.maven.surefire.booter.ForkedBooter.runSuitesInProcess(ForkedBooter.java:155)
	at org.apache.maven.surefire.booter.ForkedBooter.main(ForkedBooter.java:103)
]]></error>
  </testcase>
  <testcase name="When login as &quot;cmsmanager&quot;" classname="Scenario: VIR-131.03 Verify that the content Admin can add terms, security and compliance" time="0">
    <skipped/>
    <system-err><![CDATA[[main] INFO net.serenitybdd.core.Serenity - STEP ERROR: java.lang.NoClassDefFoundError: Could not initialize class com.virco.locators.SiteData
[main] INFO net.serenitybdd.core.Serenity - STARTING STEP When login as "cmsmanager"
]]></system-err>
  </testcase>
  <testcase name="When select &quot;Staged&quot; content catalog" classname="Scenario: VIR-131.03 Verify that the content Admin can add terms, security and compliance" time="0">
    <skipped/>
    <system-err><![CDATA[[main] INFO net.serenitybdd.core.Serenity - IGNORING STEP
[main] INFO net.serenitybdd.core.Serenity - STARTING STEP When select "Staged" content catalog
]]></system-err>
  </testcase>
  <testcase name="When search for &quot;VeriSign Security&quot; content" classname="Scenario: VIR-131.03 Verify that the content Admin can add terms, security and compliance" time="0">
    <skipped/>
    <system-err><![CDATA[[main] INFO net.serenitybdd.core.Serenity - IGNORING STEP
[main] INFO net.serenitybdd.core.Serenity - STARTING STEP When search for "VeriSign Security" content
]]></system-err>
  </testcase>
  <testcase name="When double click on &quot;veriSignSecurity&quot; content page" classname="Scenario: VIR-131.03 Verify that the content Admin can add terms, security and compliance" time="0">
    <skipped/>
    <system-err><![CDATA[[main] INFO net.serenitybdd.core.Serenity - IGNORING STEP
[main] INFO net.serenitybdd.core.Serenity - STARTING STEP When double click on "veriSignSecurity" content page
]]></system-err>
  </testcase>
  <testcase name="When click on &quot;Create an item&quot; button in &quot;Section2B&quot; section header" classname="Scenario: VIR-131.03 Verify that the content Admin can add terms, security and compliance" time="0">
    <skipped/>
    <system-err><![CDATA[[main] INFO net.serenitybdd.core.Serenity - IGNORING STEP
[main] INFO net.serenitybdd.core.Serenity - STARTING STEP When click on "Create an item" button in "Section2B" section header
]]></system-err>
  </testcase>
  <testcase name="When select &quot;Paragraph&quot; template from modal window" classname="Scenario: VIR-131.03 Verify that the content Admin can add terms, security and compliance" time="0">
    <skipped/>
    <system-err><![CDATA[[main] INFO net.serenitybdd.core.Serenity - IGNORING STEP
[main] INFO net.serenitybdd.core.Serenity - STARTING STEP When select "Paragraph" template from modal window
]]></system-err>
  </testcase>
  <testcase name="When select &quot;Create a new item&quot; template from modal window" classname="Scenario: VIR-131.03 Verify that the content Admin can add terms, security and compliance" time="0">
    <skipped/>
    <system-err><![CDATA[[main] INFO net.serenitybdd.core.Serenity - IGNORING STEP
[main] INFO net.serenitybdd.core.Serenity - STARTING STEP When select "Create a new item" template from modal window
]]></system-err>
  </testcase>
  <testcase name="When click on &quot;Done&quot; button in modal" classname="Scenario: VIR-131.03 Verify that the content Admin can add terms, security and compliance" time="0">
    <skipped/>
    <system-err><![CDATA[[main] INFO net.serenitybdd.core.Serenity - IGNORING STEP
[main] INFO net.serenitybdd.core.Serenity - STARTING STEP When click on "Done" button in modal
]]></system-err>
  </testcase>
  <testcase name="Then message &quot;CMSParagraphComponent&quot; in &quot;Section2B&quot; is presented" classname="Scenario: VIR-131.03 Verify that the content Admin can add terms, security and compliance" time="0">
    <skipped/>
    <system-err><![CDATA[[main] INFO net.serenitybdd.core.Serenity - IGNORING STEP
[main] INFO net.serenitybdd.core.Serenity - STARTING STEP Then message "CMSParagraphComponent" in "Section2B" is presented
]]></system-err>
  </testcase>
  <testcase name="Given open &quot;CMS&quot; page" classname="Scenario: VIR-131.04 Verify that the content Admin can edit terms, security and compliance" time="0.006">
    <error message="Could not initialize class com.virco.locators.SiteData" type="net.serenitybdd.core.exceptions.SerenityManagedException"><![CDATA[net.serenitybdd.core.exceptions.SerenityManagedException: Could not initialize class com.virco.locators.SiteData
	at com.virco.steps.serenity.CommonUserSteps.openManagementPage(CommonUserSteps.java:26)
	at com.virco.steps.serenity.CommonUserSteps$$EnhancerByCGLIB$$d8541bfa.CGLIB$openManagementPage$7(<generated>)
	at com.virco.steps.serenity.CommonUserSteps$$EnhancerByCGLIB$$d8541bfa$$FastClassByCGLIB$$ea8e0f86.invoke(<generated>)
	at net.sf.cglib.proxy.MethodProxy.invokeSuper(MethodProxy.java:228)
	at net.thucydides.core.steps.StepInterceptor.invokeMethod(StepInterceptor.java:372)
	at net.thucydides.core.steps.StepInterceptor.executeTestStepMethod(StepInterceptor.java:357)
	at net.thucydides.core.steps.StepInterceptor.runTestStep(StepInterceptor.java:332)
	at net.thucydides.core.steps.StepInterceptor.testStepResult(StepInterceptor.java:134)
	at net.thucydides.core.steps.StepInterceptor.intercept(StepInterceptor.java:61)
	at com.virco.steps.serenity.CommonUserSteps$$EnhancerByCGLIB$$d8541bfa.openManagementPage(<generated>)
	at com.virco.steps.CommonDefinitionSteps.openPage(CommonDefinitionSteps.java:22)
	at sun.reflect.NativeMethodAccessorImpl.invoke0(Native Method)
	at sun.reflect.NativeMethodAccessorImpl.invoke(NativeMethodAccessorImpl.java:62)
	at sun.reflect.DelegatingMethodAccessorImpl.invoke(DelegatingMethodAccessorImpl.java:43)
	at java.lang.reflect.Method.invoke(Method.java:498)
	at cucumber.runtime.Utils$1.call(Utils.java:40)
	at cucumber.runtime.Timeout.timeout(Timeout.java:16)
	at cucumber.runtime.Utils.invoke(Utils.java:34)
	at cucumber.runtime.java.JavaStepDefinition.execute(JavaStepDefinition.java:38)
	at cucumber.runtime.StepDefinitionMatch.runStep(StepDefinitionMatch.java:37)
	at cucumber.runtime.Runtime.runStep(Runtime.java:300)
	at cucumber.runtime.model.StepContainer.runStep(StepContainer.java:44)
	at cucumber.runtime.model.StepContainer.runSteps(StepContainer.java:39)
	at cucumber.runtime.model.CucumberScenario.run(CucumberScenario.java:44)
	at cucumber.runtime.junit.ExecutionUnitRunner.run(ExecutionUnitRunner.java:102)
	at cucumber.runtime.junit.FeatureRunner.runChild(FeatureRunner.java:63)
	at cucumber.runtime.junit.FeatureRunner.runChild(FeatureRunner.java:18)
	at org.junit.runners.ParentRunner$3.run(ParentRunner.java:290)
	at org.junit.runners.ParentRunner$1.schedule(ParentRunner.java:71)
	at org.junit.runners.ParentRunner.runChildren(ParentRunner.java:288)
	at org.junit.runners.ParentRunner.access$000(ParentRunner.java:58)
	at org.junit.runners.ParentRunner$2.evaluate(ParentRunner.java:268)
	at org.junit.runners.ParentRunner.run(ParentRunner.java:363)
	at cucumber.runtime.junit.FeatureRunner.run(FeatureRunner.java:70)
	at cucumber.api.junit.Cucumber.runChild(Cucumber.java:95)
	at cucumber.api.junit.Cucumber.runChild(Cucumber.java:38)
	at org.junit.runners.ParentRunner$3.run(ParentRunner.java:290)
	at org.junit.runners.ParentRunner$1.schedule(ParentRunner.java:71)
	at org.junit.runners.ParentRunner.runChildren(ParentRunner.java:288)
	at org.junit.runners.ParentRunner.access$000(ParentRunner.java:58)
	at org.junit.runners.ParentRunner$2.evaluate(ParentRunner.java:268)
	at org.junit.runners.ParentRunner.run(ParentRunner.java:363)
	at cucumber.api.junit.Cucumber.run(Cucumber.java:100)
	at org.apache.maven.surefire.junit4.JUnit4Provider.execute(JUnit4Provider.java:283)
	at org.apache.maven.surefire.junit4.JUnit4Provider.executeWithRerun(JUnit4Provider.java:173)
	at org.apache.maven.surefire.junit4.JUnit4Provider.executeTestSet(JUnit4Provider.java:153)
	at org.apache.maven.surefire.junit4.JUnit4Provider.invoke(JUnit4Provider.java:128)
	at org.apache.maven.surefire.booter.ForkedBooter.invokeProviderInSameClassLoader(ForkedBooter.java:203)
	at org.apache.maven.surefire.booter.ForkedBooter.runSuitesInProcess(ForkedBooter.java:155)
	at org.apache.maven.surefire.booter.ForkedBooter.main(ForkedBooter.java:103)
]]></error>
    <system-err><![CDATA[[main] INFO net.serenitybdd.core.Serenity - IGNORING STEP
[main] ERROR net.serenitybdd.core.Serenity - 
           __  _____ _____ ____ _____   _____ _    ___ _     _____ ____  
  _       / / |_   _| ____/ ___|_   _| |  ___/ \  |_ _| |   | ____|  _ \ 
 (_)_____| |    | | |  _| \___ \ | |   | |_ / _ \  | || |   |  _| | | | |
  _|_____| |    | | | |___ ___) || |   |  _/ ___ \ | || |___| |___| |_| |
 (_)     | |    |_| |_____|____/ |_|   |_|/_/   \_\___|_____|_____|____/ 
          \_\                                                            

TEST FAILED WITH ERROR: VIR-131.03 Verify that the content Admin can add terms, security and compliance
---------------------------------------------------------------------
[main] ERROR net.serenitybdd.core.Serenity - TEST FAILED AT STEP Open management page: CMS
[main] ERROR net.serenitybdd.core.Serenity - Could not initialize class com.virco.locators.SiteData
[pool-1-thread-4] INFO net.thucydides.core.reports.json.JSONTestOutcomeReporter - Generating JSON report for VIR-129.01 Verify that the content admin can add a rotating theme by using template to file /Users/rodionsavchuk/hybrisAutomation/virco-automatedtests/target/site/serenity/2baaeb277c29c1f85062130a60bafea2167a5c2dd87a93c69ad94698238c35ee.json (using temp file /Users/rodionsavchuk/hybrisAutomation/virco-automatedtests/target/site/serenity/2baaeb277c29c1f85062130a60bafea2167a5c2dd87a93c69ad94698238c35ee.jsona7f57a31-4391-4332-aa26-a859dea38b68)
[pool-1-thread-2] INFO net.thucydides.core.reports.json.JSONTestOutcomeReporter - Generating JSON report for VIR-128.01 Verify that the OOTB Hybris is configured to file /Users/rodionsavchuk/hybrisAutomation/virco-automatedtests/target/site/serenity/f9e291a91d7fb0708996a6c172c79994e2f3e3dc027f9c744e43835d2210c73e.json (using temp file /Users/rodionsavchuk/hybrisAutomation/virco-automatedtests/target/site/serenity/f9e291a91d7fb0708996a6c172c79994e2f3e3dc027f9c744e43835d2210c73e.json1fb5ffd3-c9b4-43d8-9838-e283800ebf78)
[pool-1-thread-1] INFO net.thucydides.core.reports.json.JSONTestOutcomeReporter - Generating JSON report for VIR-129.03 Verify that the content admin can add installation slot by using template to file /Users/rodionsavchuk/hybrisAutomation/virco-automatedtests/target/site/serenity/e2ad5898b62d8e77d283000b0832f5fb0d67d58608b2ea1e947bdb3eaa4f7f13.json (using temp file /Users/rodionsavchuk/hybrisAutomation/virco-automatedtests/target/site/serenity/e2ad5898b62d8e77d283000b0832f5fb0d67d58608b2ea1e947bdb3eaa4f7f13.json35688d83-fc9c-4b16-9190-6299a9cc33f8)
[pool-1-thread-3] INFO net.thucydides.core.reports.json.JSONTestOutcomeReporter - Generating JSON report for VIR-129.02 Verify that the content admin can promo message by using template to file /Users/rodionsavchuk/hybrisAutomation/virco-automatedtests/target/site/serenity/5c582eac1cc160864035d84f14577b2a4b307d178776baf5d94402a8f33a570b.json (using temp file /Users/rodionsavchuk/hybrisAutomation/virco-automatedtests/target/site/serenity/5c582eac1cc160864035d84f14577b2a4b307d178776baf5d94402a8f33a570b.json22650a32-9240-44d8-abf7-972dba1a87dd)
[pool-1-thread-1] INFO net.thucydides.core.reports.json.JSONTestOutcomeReporter - Generating JSON report for VIR-129.05 Verify that the content admin can add a quick ship component on the template page to file /Users/rodionsavchuk/hybrisAutomation/virco-automatedtests/target/site/serenity/03a37ae243f19fd5e4074c51364f3accdea994f94fbe9bfc0888dbf6b3fcb296.json (using temp file /Users/rodionsavchuk/hybrisAutomation/virco-automatedtests/target/site/serenity/03a37ae243f19fd5e4074c51364f3accdea994f94fbe9bfc0888dbf6b3fcb296.jsone3c72b9d-f885-4f62-a951-ab119889ba5c)
[pool-1-thread-4] INFO net.thucydides.core.reports.json.JSONTestOutcomeReporter - Generating JSON report for VIR-129.04 Verify that the content admin can add a product recommendation component on the page template by using template to file /Users/rodionsavchuk/hybrisAutomation/virco-automatedtests/target/site/serenity/2568cbeed2bdf1850ea694b2c61bf8c9430c3ac453a0d1b2f15e169595434015.json (using temp file /Users/rodionsavchuk/hybrisAutomation/virco-automatedtests/target/site/serenity/2568cbeed2bdf1850ea694b2c61bf8c9430c3ac453a0d1b2f15e169595434015.jsonc5a81cb9-2fb5-4981-a58d-48f726112271)
[pool-1-thread-2] INFO net.thucydides.core.reports.json.JSONTestOutcomeReporter - Generating JSON report for VIR-129.06 Verify that the content admin can add a popular category on the template page to file /Users/rodionsavchuk/hybrisAutomation/virco-automatedtests/target/site/serenity/4cb24bf6eab810d97c001f653ce7ec4c2620e8ef80649c431bc47d31554e7dfa.json (using temp file /Users/rodionsavchuk/hybrisAutomation/virco-automatedtests/target/site/serenity/4cb24bf6eab810d97c001f653ce7ec4c2620e8ef80649c431bc47d31554e7dfa.json6c302bfc-3b67-40ed-998a-f946b1f11168)
[pool-1-thread-1] INFO net.thucydides.core.reports.json.JSONTestOutcomeReporter - Generating JSON report for VIR-129.07 Verify that the content admin can add a product images component on the template page to file /Users/rodionsavchuk/hybrisAutomation/virco-automatedtests/target/site/serenity/b14d7ddd1213e2b3e327a1da59a5f30243e7b1413ece781e8217d0475b1d4ba5.json (using temp file /Users/rodionsavchuk/hybrisAutomation/virco-automatedtests/target/site/serenity/b14d7ddd1213e2b3e327a1da59a5f30243e7b1413ece781e8217d0475b1d4ba5.jsona0732c6b-4d3f-4c56-b5c5-976a58ca39a0)
[pool-1-thread-2] INFO net.thucydides.core.reports.json.JSONTestOutcomeReporter - Generating JSON report for VIR-129.08 Verify that the content admin can edit promo message/popular category. to file /Users/rodionsavchuk/hybrisAutomation/virco-automatedtests/target/site/serenity/0b72d581cee195fdedb17f43f946f9e8a6bd5762bb612b26fbaf09d9905941a0.json (using temp file /Users/rodionsavchuk/hybrisAutomation/virco-automatedtests/target/site/serenity/0b72d581cee195fdedb17f43f946f9e8a6bd5762bb612b26fbaf09d9905941a0.json2030ad0e-01f7-4a6f-82a1-d4ed92b7d43f)
[pool-1-thread-4] INFO net.thucydides.core.reports.json.JSONTestOutcomeReporter - Generating JSON report for VIR-129.10 Verify that the site has a look, configured by content admin to file /Users/rodionsavchuk/hybrisAutomation/virco-automatedtests/target/site/serenity/100947bcc68d92490597dd6eed62bf55d5857e1335d30b52c2a0a2894d214fe7.json (using temp file /Users/rodionsavchuk/hybrisAutomation/virco-automatedtests/target/site/serenity/100947bcc68d92490597dd6eed62bf55d5857e1335d30b52c2a0a2894d214fe7.jsonc8f9de63-81af-440f-9cae-6214a109217a)
[pool-1-thread-3] INFO net.thucydides.core.reports.json.JSONTestOutcomeReporter - Generating JSON report for VIR-129.09 Verify that the content admin can delete promo message/popular category. to file /Users/rodionsavchuk/hybrisAutomation/virco-automatedtests/target/site/serenity/e3f11c0e315cea47d82b81aeec1d5d4ec6688676c143e6c8bd85b536ee39abf1.json (using temp file /Users/rodionsavchuk/hybrisAutomation/virco-automatedtests/target/site/serenity/e3f11c0e315cea47d82b81aeec1d5d4ec6688676c143e6c8bd85b536ee39abf1.json6aaea11a-9e46-4109-96e2-d7dc12c68085)
[pool-1-thread-1] INFO net.thucydides.core.reports.json.JSONTestOutcomeReporter - Generating JSON report for VIR-166.01 Verify the rotating carousel is added on the home page to file /Users/rodionsavchuk/hybrisAutomation/virco-automatedtests/target/site/serenity/41045224dd55f49d371e9fd4a455c28d0acc2a203f1c37c0d89de600b26d38ef.json (using temp file /Users/rodionsavchuk/hybrisAutomation/virco-automatedtests/target/site/serenity/41045224dd55f49d371e9fd4a455c28d0acc2a203f1c37c0d89de600b26d38ef.jsonb54bd09f-102d-40a9-a3b7-9797c1573a7f)
[pool-1-thread-2] INFO net.thucydides.core.reports.json.JSONTestOutcomeReporter - Generating JSON report for VIR-166.02 Verify that the each Banner has Rotating Theme, promotional message and installation slots to file /Users/rodionsavchuk/hybrisAutomation/virco-automatedtests/target/site/serenity/0608016defba6ce482ab704a7f99aa4784d409932878aab3566e62c6acd4c3be.json (using temp file /Users/rodionsavchuk/hybrisAutomation/virco-automatedtests/target/site/serenity/0608016defba6ce482ab704a7f99aa4784d409932878aab3566e62c6acd4c3be.json84909aed-f7fb-4c00-8fe1-9ae488825f5b)
[pool-1-thread-4] INFO net.thucydides.core.reports.json.JSONTestOutcomeReporter - Generating JSON report for VIR-166.03 Verify that the changes applied to the home page on the WCMS are shown on the site to file /Users/rodionsavchuk/hybrisAutomation/virco-automatedtests/target/site/serenity/b9eb3619ad92be0ca6909f8288eb5393e840f6227de55c87423f32dd621971c6.json (using temp file /Users/rodionsavchuk/hybrisAutomation/virco-automatedtests/target/site/serenity/b9eb3619ad92be0ca6909f8288eb5393e840f6227de55c87423f32dd621971c6.jsonf8b95620-d52c-459a-8a50-1349f78bc75a)
[pool-1-thread-1] INFO net.thucydides.core.reports.json.JSONTestOutcomeReporter - Generating JSON report for VIR-166.04 Verify changes on the site to file /Users/rodionsavchuk/hybrisAutomation/virco-automatedtests/target/site/serenity/5f43c632221e66e649cb566b95c8c39021872b2cfde3c52fd524b9428955bf6f.json (using temp file /Users/rodionsavchuk/hybrisAutomation/virco-automatedtests/target/site/serenity/5f43c632221e66e649cb566b95c8c39021872b2cfde3c52fd524b9428955bf6f.jsonf022f8a1-40f8-4f0a-a73a-cabfb51e4459)
[pool-1-thread-4] INFO net.thucydides.core.reports.json.JSONTestOutcomeReporter - Generating JSON report for VIR-166.04 Verify installation slot to file /Users/rodionsavchuk/hybrisAutomation/virco-automatedtests/target/site/serenity/edcb380d350a80cdf46587ae5741ec066978cdd8e0c97472caf730194b651304.json (using temp file /Users/rodionsavchuk/hybrisAutomation/virco-automatedtests/target/site/serenity/edcb380d350a80cdf46587ae5741ec066978cdd8e0c97472caf730194b651304.jsonbe008d1b-430c-4514-acdf-fdbcaeb73b07)
[pool-1-thread-2] INFO net.thucydides.core.reports.json.JSONTestOutcomeReporter - Generating JSON report for VIR-166.06 Return changes for carousel to file /Users/rodionsavchuk/hybrisAutomation/virco-automatedtests/target/site/serenity/666f9c30485604a0d8f915e21943e7e88d01015ce9092eafebcdb74a2aa69881.json (using temp file /Users/rodionsavchuk/hybrisAutomation/virco-automatedtests/target/site/serenity/666f9c30485604a0d8f915e21943e7e88d01015ce9092eafebcdb74a2aa69881.json87255624-b3ca-407c-978d-38cea09384df)
[pool-1-thread-3] INFO net.thucydides.core.reports.json.JSONTestOutcomeReporter - Generating JSON report for VIR-130.01 Verify that the content Admin can add new banner to file /Users/rodionsavchuk/hybrisAutomation/virco-automatedtests/target/site/serenity/bb79537bca7a8b871c5b64cd1153742bc23c54e46592c06f822f87770b2e8b8a.json (using temp file /Users/rodionsavchuk/hybrisAutomation/virco-automatedtests/target/site/serenity/bb79537bca7a8b871c5b64cd1153742bc23c54e46592c06f822f87770b2e8b8a.json80ad6c09-203c-4f31-afa4-9b9741131f50)
[pool-1-thread-1] INFO net.thucydides.core.reports.json.JSONTestOutcomeReporter - Generating JSON report for VIR-130.02 Verify that the content admin can edit the banner to file /Users/rodionsavchuk/hybrisAutomation/virco-automatedtests/target/site/serenity/8473ae2e239acb5c9594f6482f5f79bb4500c946dd2d245bf5d2caa427a8a26f.json (using temp file /Users/rodionsavchuk/hybrisAutomation/virco-automatedtests/target/site/serenity/8473ae2e239acb5c9594f6482f5f79bb4500c946dd2d245bf5d2caa427a8a26f.jsone6e909fc-9cbe-473e-a541-445310724dfc)
[pool-1-thread-4] INFO net.thucydides.core.reports.json.JSONTestOutcomeReporter - Generating JSON report for VIR-130.03 Verify that the content admin can delete the banner to file /Users/rodionsavchuk/hybrisAutomation/virco-automatedtests/target/site/serenity/b41d3443e6a4853ebf7ef1692db7b2b9a12b9d62f5b7166287c8c85636ccdf3f.json (using temp file /Users/rodionsavchuk/hybrisAutomation/virco-automatedtests/target/site/serenity/b41d3443e6a4853ebf7ef1692db7b2b9a12b9d62f5b7166287c8c85636ccdf3f.jsonbb79b1ff-063f-41e3-8134-a243f6253446)
[pool-1-thread-3] INFO net.thucydides.core.reports.json.JSONTestOutcomeReporter - Generating JSON report for VIR-130.04 Verify that the site has a look, configured by content admin to file /Users/rodionsavchuk/hybrisAutomation/virco-automatedtests/target/site/serenity/095ee6a7aed460c2ab7447a892b708f667ca6eb3d2b246703cb79d76aaa66edd.json (using temp file /Users/rodionsavchuk/hybrisAutomation/virco-automatedtests/target/site/serenity/095ee6a7aed460c2ab7447a892b708f667ca6eb3d2b246703cb79d76aaa66edd.json8570d697-a5c3-48b5-869d-ed9657256c76)
[pool-1-thread-4] INFO net.thucydides.core.reports.json.JSONTestOutcomeReporter - Generating JSON report for VIR-375.01 Unable to open the "Verisign terms and policy" page except through the Contact Us page to file /Users/rodionsavchuk/hybrisAutomation/virco-automatedtests/target/site/serenity/3d31ca4ca17ccedf663fa492c24dc92f29157766fcfb628ecd61645c9255a53a.json (using temp file /Users/rodionsavchuk/hybrisAutomation/virco-automatedtests/target/site/serenity/3d31ca4ca17ccedf663fa492c24dc92f29157766fcfb628ecd61645c9255a53a.json81dcdb8f-9528-49fc-8f42-9d78499f0f8f)
[pool-1-thread-1] INFO net.thucydides.core.reports.json.JSONTestOutcomeReporter - Generating JSON report for VIR-131.02 Verify that the content Admin can delete terms, security and compliance to file /Users/rodionsavchuk/hybrisAutomation/virco-automatedtests/target/site/serenity/ceb7302073899bbe72c923c378b3dfb15f405875b937887a17bf4cff9988ce11.json (using temp file /Users/rodionsavchuk/hybrisAutomation/virco-automatedtests/target/site/serenity/ceb7302073899bbe72c923c378b3dfb15f405875b937887a17bf4cff9988ce11.json0a3078f5-25d7-4d06-982d-54bc82755aa4)
[pool-1-thread-2] INFO net.thucydides.core.reports.json.JSONTestOutcomeReporter - Generating JSON report for VIR-131.03 Verify that the content Admin can add terms, security and compliance to file /Users/rodionsavchuk/hybrisAutomation/virco-automatedtests/target/site/serenity/afbc2d2c12a820e7bd8ff57fd665dcbf835c82e12b10214fa792d713e6b209c6.json (using temp file /Users/rodionsavchuk/hybrisAutomation/virco-automatedtests/target/site/serenity/afbc2d2c12a820e7bd8ff57fd665dcbf835c82e12b10214fa792d713e6b209c6.json94c27a66-df3e-4277-a657-d67482ac6707)
[pool-1-thread-3] INFO net.thucydides.core.reports.html.HtmlAcceptanceTestReporter - GENERATING HTML REPORT FOR CNT-1 - WCMS Site Maintenance:VIR-128.01 Verify that the OOTB Hybris is configured in f9e291a91d7fb0708996a6c172c79994e2f3e3dc027f9c744e43835d2210c73e.html in directory target/site/serenity  
[pool-1-thread-4] INFO net.thucydides.core.reports.html.HtmlAcceptanceTestReporter - GENERATING HTML REPORT FOR CNT-2 - Component Maintenance:VIR-129.02 Verify that the content admin can promo message by using template in 5c582eac1cc160864035d84f14577b2a4b307d178776baf5d94402a8f33a570b.html in directory target/site/serenity  
[pool-1-thread-3] INFO net.thucydides.core.reports.html.HtmlAcceptanceTestReporter - GENERATING HTML REPORT FOR CNT-2 - Component Maintenance:VIR-129.04 Verify that the content admin can add a product recommendation component on the page template by using template in 2568cbeed2bdf1850ea694b2c61bf8c9430c3ac453a0d1b2f15e169595434015.html in directory target/site/serenity  
[pool-1-thread-2] INFO net.thucydides.core.reports.html.HtmlAcceptanceTestReporter - GENERATING HTML REPORT FOR CNT-2 - Component Maintenance:VIR-129.03 Verify that the content admin can add installation slot by using template in e2ad5898b62d8e77d283000b0832f5fb0d67d58608b2ea1e947bdb3eaa4f7f13.html in directory target/site/serenity  
[pool-1-thread-1] INFO net.thucydides.core.reports.html.HtmlAcceptanceTestReporter - GENERATING HTML REPORT FOR CNT-2 - Component Maintenance:VIR-129.01 Verify that the content admin can add a rotating theme by using template in 2baaeb277c29c1f85062130a60bafea2167a5c2dd87a93c69ad94698238c35ee.html in directory target/site/serenity  
[pool-1-thread-4] INFO net.thucydides.core.reports.html.HtmlAcceptanceTestReporter - GENERATING HTML REPORT FOR CNT-2 - Component Maintenance:VIR-129.05 Verify that the content admin can add a quick ship component on the template page in 03a37ae243f19fd5e4074c51364f3accdea994f94fbe9bfc0888dbf6b3fcb296.html in directory target/site/serenity  
[pool-1-thread-4] INFO net.thucydides.core.reports.html.HtmlAcceptanceTestReporter - GENERATING HTML REPORT FOR CNT-2 - Component Maintenance:VIR-129.06 Verify that the content admin can add a popular category on the template page in 4cb24bf6eab810d97c001f653ce7ec4c2620e8ef80649c431bc47d31554e7dfa.html in directory target/site/serenity  
[pool-1-thread-3] INFO net.thucydides.core.reports.html.HtmlAcceptanceTestReporter - GENERATING HTML REPORT FOR CNT-2 - Component Maintenance:VIR-129.07 Verify that the content admin can add a product images component on the template page in b14d7ddd1213e2b3e327a1da59a5f30243e7b1413ece781e8217d0475b1d4ba5.html in directory target/site/serenity  
[pool-1-thread-4] INFO net.thucydides.core.reports.html.HtmlAcceptanceTestReporter - GENERATING HTML REPORT FOR CNT-2 - Component Maintenance:VIR-129.10 Verify that the site has a look, configured by content admin in 100947bcc68d92490597dd6eed62bf55d5857e1335d30b52c2a0a2894d214fe7.html in directory target/site/serenity  
[pool-1-thread-1] INFO net.thucydides.core.reports.html.HtmlAcceptanceTestReporter - GENERATING HTML REPORT FOR CNT-2 - Component Maintenance:VIR-129.09 Verify that the content admin can delete promo message/popular category. in e3f11c0e315cea47d82b81aeec1d5d4ec6688676c143e6c8bd85b536ee39abf1.html in directory target/site/serenity  
[pool-1-thread-3] INFO net.thucydides.core.reports.html.HtmlAcceptanceTestReporter - GENERATING HTML REPORT FOR CNT-2 - Component Maintenance:VIR-166.01 Verify the rotating carousel is added on the home page in 41045224dd55f49d371e9fd4a455c28d0acc2a203f1c37c0d89de600b26d38ef.html in directory target/site/serenity  
[pool-1-thread-4] INFO net.thucydides.core.reports.html.HtmlAcceptanceTestReporter - GENERATING HTML REPORT FOR CNT-2 - Component Maintenance:VIR-166.02 Verify that the each Banner has Rotating Theme, promotional message and installation slots in 0608016defba6ce482ab704a7f99aa4784d409932878aab3566e62c6acd4c3be.html in directory target/site/serenity  
[pool-1-thread-2] INFO net.thucydides.core.reports.html.HtmlAcceptanceTestReporter - GENERATING HTML REPORT FOR CNT-2 - Component Maintenance:VIR-129.08 Verify that the content admin can edit promo message/popular category. in 0b72d581cee195fdedb17f43f946f9e8a6bd5762bb612b26fbaf09d9905941a0.html in directory target/site/serenity  
[pool-1-thread-3] INFO net.thucydides.core.reports.html.HtmlAcceptanceTestReporter - GENERATING HTML REPORT FOR CNT-2 - Component Maintenance:VIR-166.04 Verify changes on the site in 5f43c632221e66e649cb566b95c8c39021872b2cfde3c52fd524b9428955bf6f.html in directory target/site/serenity  
[pool-1-thread-1] INFO net.thucydides.core.reports.html.HtmlAcceptanceTestReporter - GENERATING HTML REPORT FOR CNT-2 - Component Maintenance:VIR-166.03 Verify that the changes applied to the home page on the WCMS are shown on the site in b9eb3619ad92be0ca6909f8288eb5393e840f6227de55c87423f32dd621971c6.html in directory target/site/serenity  
[pool-1-thread-4] INFO net.thucydides.core.reports.html.HtmlAcceptanceTestReporter - GENERATING HTML REPORT FOR CNT-2 - Component Maintenance:VIR-166.04 Verify installation slot in edcb380d350a80cdf46587ae5741ec066978cdd8e0c97472caf730194b651304.html in directory target/site/serenity  
[pool-1-thread-4] INFO net.thucydides.core.reports.html.HtmlAcceptanceTestReporter - GENERATING HTML REPORT FOR CNT-3 - Banners:VIR-130.01 Verify that the content Admin can add new banner in bb79537bca7a8b871c5b64cd1153742bc23c54e46592c06f822f87770b2e8b8a.html in directory target/site/serenity  
[pool-1-thread-3] INFO net.thucydides.core.reports.html.HtmlAcceptanceTestReporter - GENERATING HTML REPORT FOR CNT-3 - Banners:VIR-130.02 Verify that the content admin can edit the banner in 8473ae2e239acb5c9594f6482f5f79bb4500c946dd2d245bf5d2caa427a8a26f.html in directory target/site/serenity  
[pool-1-thread-2] INFO net.thucydides.core.reports.html.HtmlAcceptanceTestReporter - GENERATING HTML REPORT FOR CNT-2 - Component Maintenance:VIR-166.06 Return changes for carousel in 666f9c30485604a0d8f915e21943e7e88d01015ce9092eafebcdb74a2aa69881.html in directory target/site/serenity  
[pool-1-thread-4] INFO net.thucydides.core.reports.html.HtmlAcceptanceTestReporter - GENERATING HTML REPORT FOR CNT-3 - Banners:VIR-130.03 Verify that the content admin can delete the banner in b41d3443e6a4853ebf7ef1692db7b2b9a12b9d62f5b7166287c8c85636ccdf3f.html in directory target/site/serenity  
[pool-1-thread-3] INFO net.thucydides.core.reports.html.HtmlAcceptanceTestReporter - GENERATING HTML REPORT FOR CNT-3 - Banners:VIR-130.04 Verify that the site has a look, configured by content admin in 095ee6a7aed460c2ab7447a892b708f667ca6eb3d2b246703cb79d76aaa66edd.html in directory target/site/serenity  
[pool-1-thread-1] INFO net.thucydides.core.reports.html.HtmlAcceptanceTestReporter - GENERATING HTML REPORT FOR CNT-4 - Security Compliance:VIR-375.01 Unable to open the "Verisign terms and policy" page except through the Contact Us page in 3d31ca4ca17ccedf663fa492c24dc92f29157766fcfb628ecd61645c9255a53a.html in directory target/site/serenity  
[pool-1-thread-4] INFO net.thucydides.core.reports.html.HtmlAcceptanceTestReporter - GENERATING HTML REPORT FOR CNT-4 - Security Compliance:VIR-131.02 Verify that the content Admin can delete terms, security and compliance in ceb7302073899bbe72c923c378b3dfb15f405875b937887a17bf4cff9988ce11.html in directory target/site/serenity  
[pool-1-thread-3] INFO net.thucydides.core.reports.html.HtmlAcceptanceTestReporter - GENERATING HTML REPORT FOR CNT-4 - Security Compliance:VIR-131.03 Verify that the content Admin can add terms, security and compliance in afbc2d2c12a820e7bd8ff57fd665dcbf835c82e12b10214fa792d713e6b209c6.html in directory target/site/serenity  
[main] INFO net.serenitybdd.core.Serenity - 
 _____ _____ ____ _____   ____ _____  _    ____ _____ _____ ____  
|_   _| ____/ ___|_   _| / ___|_   _|/ \  |  _ \_   _| ____|  _ \ 
  | | |  _| \___ \ | |   \___ \ | | / _ \ | |_) || | |  _| | | | |
  | | | |___ ___) || |    ___) || |/ ___ \|  _ < | | | |___| |_| |
  |_| |_____|____/ |_|   |____/ |_/_/   \_\_| \_\|_| |_____|____/ 
                                                                  

TEST STARTED: VIR-131.04 Verify that the content Admin can edit terms, security and compliance
-------------------------------------------------------------------(cnt-4---security-compliance;vir-131.04-verify-that-the-content-admin-can-edit-terms,-security-and-compliance)
[main] INFO net.serenitybdd.core.Serenity - STARTING STEP Given open "CMS" page
[main] INFO net.serenitybdd.core.Serenity - STARTING STEP Open management page: CMS
[main] INFO net.serenitybdd.core.Serenity - STEP ERROR: net.serenitybdd.core.exceptions.SerenityManagedException: Could not initialize class com.virco.locators.SiteData
]]></system-err>
  </testcase>
  <testcase name="Scenario: VIR-131.04 Verify that the content Admin can edit terms, security and compliance" classname="Scenario: VIR-131.04 Verify that the content Admin can edit terms, security and compliance" time="0.036">
    <error message="Could not initialize class com.virco.locators.SiteData" type="net.serenitybdd.core.exceptions.SerenityManagedException"><![CDATA[net.serenitybdd.core.exceptions.SerenityManagedException: Could not initialize class com.virco.locators.SiteData
	at com.virco.steps.serenity.CommonUserSteps.openManagementPage(CommonUserSteps.java:26)
	at com.virco.steps.serenity.CommonUserSteps$$EnhancerByCGLIB$$d8541bfa.CGLIB$openManagementPage$7(<generated>)
	at com.virco.steps.serenity.CommonUserSteps$$EnhancerByCGLIB$$d8541bfa$$FastClassByCGLIB$$ea8e0f86.invoke(<generated>)
	at net.sf.cglib.proxy.MethodProxy.invokeSuper(MethodProxy.java:228)
	at net.thucydides.core.steps.StepInterceptor.invokeMethod(StepInterceptor.java:372)
	at net.thucydides.core.steps.StepInterceptor.executeTestStepMethod(StepInterceptor.java:357)
	at net.thucydides.core.steps.StepInterceptor.runTestStep(StepInterceptor.java:332)
	at net.thucydides.core.steps.StepInterceptor.testStepResult(StepInterceptor.java:134)
	at net.thucydides.core.steps.StepInterceptor.intercept(StepInterceptor.java:61)
	at com.virco.steps.serenity.CommonUserSteps$$EnhancerByCGLIB$$d8541bfa.openManagementPage(<generated>)
	at com.virco.steps.CommonDefinitionSteps.openPage(CommonDefinitionSteps.java:22)
	at sun.reflect.NativeMethodAccessorImpl.invoke0(Native Method)
	at sun.reflect.NativeMethodAccessorImpl.invoke(NativeMethodAccessorImpl.java:62)
	at sun.reflect.DelegatingMethodAccessorImpl.invoke(DelegatingMethodAccessorImpl.java:43)
	at java.lang.reflect.Method.invoke(Method.java:498)
	at cucumber.runtime.Utils$1.call(Utils.java:40)
	at cucumber.runtime.Timeout.timeout(Timeout.java:16)
	at cucumber.runtime.Utils.invoke(Utils.java:34)
	at cucumber.runtime.java.JavaStepDefinition.execute(JavaStepDefinition.java:38)
	at cucumber.runtime.StepDefinitionMatch.runStep(StepDefinitionMatch.java:37)
	at cucumber.runtime.Runtime.runStep(Runtime.java:300)
	at cucumber.runtime.model.StepContainer.runStep(StepContainer.java:44)
	at cucumber.runtime.model.StepContainer.runSteps(StepContainer.java:39)
	at cucumber.runtime.model.CucumberScenario.run(CucumberScenario.java:44)
	at cucumber.runtime.junit.ExecutionUnitRunner.run(ExecutionUnitRunner.java:102)
	at cucumber.runtime.junit.FeatureRunner.runChild(FeatureRunner.java:63)
	at cucumber.runtime.junit.FeatureRunner.runChild(FeatureRunner.java:18)
	at org.junit.runners.ParentRunner$3.run(ParentRunner.java:290)
	at org.junit.runners.ParentRunner$1.schedule(ParentRunner.java:71)
	at org.junit.runners.ParentRunner.runChildren(ParentRunner.java:288)
	at org.junit.runners.ParentRunner.access$000(ParentRunner.java:58)
	at org.junit.runners.ParentRunner$2.evaluate(ParentRunner.java:268)
	at org.junit.runners.ParentRunner.run(ParentRunner.java:363)
	at cucumber.runtime.junit.FeatureRunner.run(FeatureRunner.java:70)
	at cucumber.api.junit.Cucumber.runChild(Cucumber.java:95)
	at cucumber.api.junit.Cucumber.runChild(Cucumber.java:38)
	at org.junit.runners.ParentRunner$3.run(ParentRunner.java:290)
	at org.junit.runners.ParentRunner$1.schedule(ParentRunner.java:71)
	at org.junit.runners.ParentRunner.runChildren(ParentRunner.java:288)
	at org.junit.runners.ParentRunner.access$000(ParentRunner.java:58)
	at org.junit.runners.ParentRunner$2.evaluate(ParentRunner.java:268)
	at org.junit.runners.ParentRunner.run(ParentRunner.java:363)
	at cucumber.api.junit.Cucumber.run(Cucumber.java:100)
	at org.apache.maven.surefire.junit4.JUnit4Provider.execute(JUnit4Provider.java:283)
	at org.apache.maven.surefire.junit4.JUnit4Provider.executeWithRerun(JUnit4Provider.java:173)
	at org.apache.maven.surefire.junit4.JUnit4Provider.executeTestSet(JUnit4Provider.java:153)
	at org.apache.maven.surefire.junit4.JUnit4Provider.invoke(JUnit4Provider.java:128)
	at org.apache.maven.surefire.booter.ForkedBooter.invokeProviderInSameClassLoader(ForkedBooter.java:203)
	at org.apache.maven.surefire.booter.ForkedBooter.runSuitesInProcess(ForkedBooter.java:155)
	at org.apache.maven.surefire.booter.ForkedBooter.main(ForkedBooter.java:103)
]]></error>
  </testcase>
  <testcase name="When login as &quot;cmsmanager&quot;" classname="Scenario: VIR-131.04 Verify that the content Admin can edit terms, security and compliance" time="0">
    <skipped/>
    <system-err><![CDATA[[main] INFO net.serenitybdd.core.Serenity - STEP ERROR: java.lang.NoClassDefFoundError: Could not initialize class com.virco.locators.SiteData
[main] INFO net.serenitybdd.core.Serenity - STARTING STEP When login as "cmsmanager"
]]></system-err>
  </testcase>
  <testcase name="When select &quot;Staged&quot; content catalog" classname="Scenario: VIR-131.04 Verify that the content Admin can edit terms, security and compliance" time="0">
    <skipped/>
    <system-err><![CDATA[[main] INFO net.serenitybdd.core.Serenity - IGNORING STEP
[main] INFO net.serenitybdd.core.Serenity - STARTING STEP When select "Staged" content catalog
]]></system-err>
  </testcase>
  <testcase name="When search for &quot;VeriSign Security&quot; content" classname="Scenario: VIR-131.04 Verify that the content Admin can edit terms, security and compliance" time="0">
    <skipped/>
    <system-err><![CDATA[[main] INFO net.serenitybdd.core.Serenity - IGNORING STEP
[main] INFO net.serenitybdd.core.Serenity - STARTING STEP When search for "VeriSign Security" content
]]></system-err>
  </testcase>
  <testcase name="When double click on &quot;veriSignSecurity&quot; content page" classname="Scenario: VIR-131.04 Verify that the content Admin can edit terms, security and compliance" time="0">
    <skipped/>
    <system-err><![CDATA[[main] INFO net.serenitybdd.core.Serenity - IGNORING STEP
[main] INFO net.serenitybdd.core.Serenity - STARTING STEP When double click on "veriSignSecurity" content page
]]></system-err>
  </testcase>
  <testcase name="When click on &quot;Edit&quot; button in &quot;Section2B&quot; slot" classname="Scenario: VIR-131.04 Verify that the content Admin can edit terms, security and compliance" time="0">
    <skipped/>
    <system-err><![CDATA[[main] INFO net.serenitybdd.core.Serenity - IGNORING STEP
[main] INFO net.serenitybdd.core.Serenity - STARTING STEP When click on "Edit" button in "Section2B" slot
]]></system-err>
  </testcase>
  <testcase name="When enter &quot;SecurityComplianceTest&quot; in content component editor" classname="Scenario: VIR-131.04 Verify that the content Admin can edit terms, security and compliance" time="0">
    <skipped/>
    <system-err><![CDATA[[main] INFO net.serenitybdd.core.Serenity - IGNORING STEP
[main] INFO net.serenitybdd.core.Serenity - STARTING STEP When enter "SecurityComplianceTest" in content component editor
]]></system-err>
  </testcase>
  <testcase name="When synchronize the product" classname="Scenario: VIR-131.04 Verify that the content Admin can edit terms, security and compliance" time="0">
    <skipped/>
    <system-err><![CDATA[[main] INFO net.serenitybdd.core.Serenity - IGNORING STEP
[main] INFO net.serenitybdd.core.Serenity - STARTING STEP When synchronize the product
]]></system-err>
  </testcase>
  <testcase name="Then the action button title is &quot;Status: Synchronized&quot;" classname="Scenario: VIR-131.04 Verify that the content Admin can edit terms, security and compliance" time="0">
    <skipped/>
    <system-err><![CDATA[[main] INFO net.serenitybdd.core.Serenity - IGNORING STEP
[main] INFO net.serenitybdd.core.Serenity - STARTING STEP Then the action button title is "Status: Synchronized"
]]></system-err>
  </testcase>
  <testcase name="Given open &quot;CMS&quot; page" classname="Scenario: VIR-131.05 Return changes" time="0.002">
    <error message="Could not initialize class com.virco.locators.SiteData" type="net.serenitybdd.core.exceptions.SerenityManagedException"><![CDATA[net.serenitybdd.core.exceptions.SerenityManagedException: Could not initialize class com.virco.locators.SiteData
	at com.virco.steps.serenity.CommonUserSteps.openManagementPage(CommonUserSteps.java:26)
	at com.virco.steps.serenity.CommonUserSteps$$EnhancerByCGLIB$$d8541bfa.CGLIB$openManagementPage$7(<generated>)
	at com.virco.steps.serenity.CommonUserSteps$$EnhancerByCGLIB$$d8541bfa$$FastClassByCGLIB$$ea8e0f86.invoke(<generated>)
	at net.sf.cglib.proxy.MethodProxy.invokeSuper(MethodProxy.java:228)
	at net.thucydides.core.steps.StepInterceptor.invokeMethod(StepInterceptor.java:372)
	at net.thucydides.core.steps.StepInterceptor.executeTestStepMethod(StepInterceptor.java:357)
	at net.thucydides.core.steps.StepInterceptor.runTestStep(StepInterceptor.java:332)
	at net.thucydides.core.steps.StepInterceptor.testStepResult(StepInterceptor.java:134)
	at net.thucydides.core.steps.StepInterceptor.intercept(StepInterceptor.java:61)
	at com.virco.steps.serenity.CommonUserSteps$$EnhancerByCGLIB$$d8541bfa.openManagementPage(<generated>)
	at com.virco.steps.CommonDefinitionSteps.openPage(CommonDefinitionSteps.java:22)
	at sun.reflect.NativeMethodAccessorImpl.invoke0(Native Method)
	at sun.reflect.NativeMethodAccessorImpl.invoke(NativeMethodAccessorImpl.java:62)
	at sun.reflect.DelegatingMethodAccessorImpl.invoke(DelegatingMethodAccessorImpl.java:43)
	at java.lang.reflect.Method.invoke(Method.java:498)
	at cucumber.runtime.Utils$1.call(Utils.java:40)
	at cucumber.runtime.Timeout.timeout(Timeout.java:16)
	at cucumber.runtime.Utils.invoke(Utils.java:34)
	at cucumber.runtime.java.JavaStepDefinition.execute(JavaStepDefinition.java:38)
	at cucumber.runtime.StepDefinitionMatch.runStep(StepDefinitionMatch.java:37)
	at cucumber.runtime.Runtime.runStep(Runtime.java:300)
	at cucumber.runtime.model.StepContainer.runStep(StepContainer.java:44)
	at cucumber.runtime.model.StepContainer.runSteps(StepContainer.java:39)
	at cucumber.runtime.model.CucumberScenario.run(CucumberScenario.java:44)
	at cucumber.runtime.junit.ExecutionUnitRunner.run(ExecutionUnitRunner.java:102)
	at cucumber.runtime.junit.FeatureRunner.runChild(FeatureRunner.java:63)
	at cucumber.runtime.junit.FeatureRunner.runChild(FeatureRunner.java:18)
	at org.junit.runners.ParentRunner$3.run(ParentRunner.java:290)
	at org.junit.runners.ParentRunner$1.schedule(ParentRunner.java:71)
	at org.junit.runners.ParentRunner.runChildren(ParentRunner.java:288)
	at org.junit.runners.ParentRunner.access$000(ParentRunner.java:58)
	at org.junit.runners.ParentRunner$2.evaluate(ParentRunner.java:268)
	at org.junit.runners.ParentRunner.run(ParentRunner.java:363)
	at cucumber.runtime.junit.FeatureRunner.run(FeatureRunner.java:70)
	at cucumber.api.junit.Cucumber.runChild(Cucumber.java:95)
	at cucumber.api.junit.Cucumber.runChild(Cucumber.java:38)
	at org.junit.runners.ParentRunner$3.run(ParentRunner.java:290)
	at org.junit.runners.ParentRunner$1.schedule(ParentRunner.java:71)
	at org.junit.runners.ParentRunner.runChildren(ParentRunner.java:288)
	at org.junit.runners.ParentRunner.access$000(ParentRunner.java:58)
	at org.junit.runners.ParentRunner$2.evaluate(ParentRunner.java:268)
	at org.junit.runners.ParentRunner.run(ParentRunner.java:363)
	at cucumber.api.junit.Cucumber.run(Cucumber.java:100)
	at org.apache.maven.surefire.junit4.JUnit4Provider.execute(JUnit4Provider.java:283)
	at org.apache.maven.surefire.junit4.JUnit4Provider.executeWithRerun(JUnit4Provider.java:173)
	at org.apache.maven.surefire.junit4.JUnit4Provider.executeTestSet(JUnit4Provider.java:153)
	at org.apache.maven.surefire.junit4.JUnit4Provider.invoke(JUnit4Provider.java:128)
	at org.apache.maven.surefire.booter.ForkedBooter.invokeProviderInSameClassLoader(ForkedBooter.java:203)
	at org.apache.maven.surefire.booter.ForkedBooter.runSuitesInProcess(ForkedBooter.java:155)
	at org.apache.maven.surefire.booter.ForkedBooter.main(ForkedBooter.java:103)
]]></error>
    <system-err><![CDATA[[main] INFO net.serenitybdd.core.Serenity - IGNORING STEP
[main] ERROR net.serenitybdd.core.Serenity - 
           __  _____ _____ ____ _____   _____ _    ___ _     _____ ____  
  _       / / |_   _| ____/ ___|_   _| |  ___/ \  |_ _| |   | ____|  _ \ 
 (_)_____| |    | | |  _| \___ \ | |   | |_ / _ \  | || |   |  _| | | | |
  _|_____| |    | | | |___ ___) || |   |  _/ ___ \ | || |___| |___| |_| |
 (_)     | |    |_| |_____|____/ |_|   |_|/_/   \_\___|_____|_____|____/ 
          \_\                                                            

TEST FAILED WITH ERROR: VIR-131.04 Verify that the content Admin can edit terms, security and compliance
---------------------------------------------------------------------
[main] ERROR net.serenitybdd.core.Serenity - TEST FAILED AT STEP Open management page: CMS
[main] ERROR net.serenitybdd.core.Serenity - Could not initialize class com.virco.locators.SiteData
[pool-1-thread-2] INFO net.thucydides.core.reports.json.JSONTestOutcomeReporter - Generating JSON report for VIR-128.01 Verify that the OOTB Hybris is configured to file /Users/rodionsavchuk/hybrisAutomation/virco-automatedtests/target/site/serenity/f9e291a91d7fb0708996a6c172c79994e2f3e3dc027f9c744e43835d2210c73e.json (using temp file /Users/rodionsavchuk/hybrisAutomation/virco-automatedtests/target/site/serenity/f9e291a91d7fb0708996a6c172c79994e2f3e3dc027f9c744e43835d2210c73e.json65711d7a-ca9d-42a0-896b-08aee96ca0c9)
[pool-1-thread-1] INFO net.thucydides.core.reports.json.JSONTestOutcomeReporter - Generating JSON report for VIR-129.01 Verify that the content admin can add a rotating theme by using template to file /Users/rodionsavchuk/hybrisAutomation/virco-automatedtests/target/site/serenity/2baaeb277c29c1f85062130a60bafea2167a5c2dd87a93c69ad94698238c35ee.json (using temp file /Users/rodionsavchuk/hybrisAutomation/virco-automatedtests/target/site/serenity/2baaeb277c29c1f85062130a60bafea2167a5c2dd87a93c69ad94698238c35ee.json35cb39e9-54a0-4746-a5fd-13e4207eb172)
[pool-1-thread-3] INFO net.thucydides.core.reports.json.JSONTestOutcomeReporter - Generating JSON report for VIR-129.03 Verify that the content admin can add installation slot by using template to file /Users/rodionsavchuk/hybrisAutomation/virco-automatedtests/target/site/serenity/e2ad5898b62d8e77d283000b0832f5fb0d67d58608b2ea1e947bdb3eaa4f7f13.json (using temp file /Users/rodionsavchuk/hybrisAutomation/virco-automatedtests/target/site/serenity/e2ad5898b62d8e77d283000b0832f5fb0d67d58608b2ea1e947bdb3eaa4f7f13.json173d267f-f0be-4e44-b2fb-bd73df576fad)
[pool-1-thread-2] INFO net.thucydides.core.reports.json.JSONTestOutcomeReporter - Generating JSON report for VIR-129.04 Verify that the content admin can add a product recommendation component on the page template by using template to file /Users/rodionsavchuk/hybrisAutomation/virco-automatedtests/target/site/serenity/2568cbeed2bdf1850ea694b2c61bf8c9430c3ac453a0d1b2f15e169595434015.json (using temp file /Users/rodionsavchuk/hybrisAutomation/virco-automatedtests/target/site/serenity/2568cbeed2bdf1850ea694b2c61bf8c9430c3ac453a0d1b2f15e169595434015.jsonc55d5d4e-a936-45af-9994-abae4b6d416b)
[pool-1-thread-4] INFO net.thucydides.core.reports.json.JSONTestOutcomeReporter - Generating JSON report for VIR-129.02 Verify that the content admin can promo message by using template to file /Users/rodionsavchuk/hybrisAutomation/virco-automatedtests/target/site/serenity/5c582eac1cc160864035d84f14577b2a4b307d178776baf5d94402a8f33a570b.json (using temp file /Users/rodionsavchuk/hybrisAutomation/virco-automatedtests/target/site/serenity/5c582eac1cc160864035d84f14577b2a4b307d178776baf5d94402a8f33a570b.json713a2caa-ae0c-494b-b2a1-9e978b2bf3aa)
[pool-1-thread-1] INFO net.thucydides.core.reports.json.JSONTestOutcomeReporter - Generating JSON report for VIR-129.05 Verify that the content admin can add a quick ship component on the template page to file /Users/rodionsavchuk/hybrisAutomation/virco-automatedtests/target/site/serenity/03a37ae243f19fd5e4074c51364f3accdea994f94fbe9bfc0888dbf6b3fcb296.json (using temp file /Users/rodionsavchuk/hybrisAutomation/virco-automatedtests/target/site/serenity/03a37ae243f19fd5e4074c51364f3accdea994f94fbe9bfc0888dbf6b3fcb296.json3ca64ca9-1a25-44cb-9c07-87fbebf6f8ca)
[pool-1-thread-3] INFO net.thucydides.core.reports.json.JSONTestOutcomeReporter - Generating JSON report for VIR-129.07 Verify that the content admin can add a product images component on the template page to file /Users/rodionsavchuk/hybrisAutomation/virco-automatedtests/target/site/serenity/b14d7ddd1213e2b3e327a1da59a5f30243e7b1413ece781e8217d0475b1d4ba5.json (using temp file /Users/rodionsavchuk/hybrisAutomation/virco-automatedtests/target/site/serenity/b14d7ddd1213e2b3e327a1da59a5f30243e7b1413ece781e8217d0475b1d4ba5.jsondf6bbdce-a07e-44c7-8e6d-d8baf235eb85)
[pool-1-thread-1] INFO net.thucydides.core.reports.json.JSONTestOutcomeReporter - Generating JSON report for VIR-129.08 Verify that the content admin can edit promo message/popular category. to file /Users/rodionsavchuk/hybrisAutomation/virco-automatedtests/target/site/serenity/0b72d581cee195fdedb17f43f946f9e8a6bd5762bb612b26fbaf09d9905941a0.json (using temp file /Users/rodionsavchuk/hybrisAutomation/virco-automatedtests/target/site/serenity/0b72d581cee195fdedb17f43f946f9e8a6bd5762bb612b26fbaf09d9905941a0.jsonea25a16e-0709-4c2b-98dc-9ead01d8351e)
[pool-1-thread-2] INFO net.thucydides.core.reports.json.JSONTestOutcomeReporter - Generating JSON report for VIR-129.06 Verify that the content admin can add a popular category on the template page to file /Users/rodionsavchuk/hybrisAutomation/virco-automatedtests/target/site/serenity/4cb24bf6eab810d97c001f653ce7ec4c2620e8ef80649c431bc47d31554e7dfa.json (using temp file /Users/rodionsavchuk/hybrisAutomation/virco-automatedtests/target/site/serenity/4cb24bf6eab810d97c001f653ce7ec4c2620e8ef80649c431bc47d31554e7dfa.json0869fbe1-0c4e-4d54-892d-7c0555c95b8d)
[pool-1-thread-1] INFO net.thucydides.core.reports.json.JSONTestOutcomeReporter - Generating JSON report for VIR-129.09 Verify that the content admin can delete promo message/popular category. to file /Users/rodionsavchuk/hybrisAutomation/virco-automatedtests/target/site/serenity/e3f11c0e315cea47d82b81aeec1d5d4ec6688676c143e6c8bd85b536ee39abf1.json (using temp file /Users/rodionsavchuk/hybrisAutomation/virco-automatedtests/target/site/serenity/e3f11c0e315cea47d82b81aeec1d5d4ec6688676c143e6c8bd85b536ee39abf1.jsonc005f18b-d7f8-45b2-90af-8a38a8d0bc33)
[pool-1-thread-1] INFO net.thucydides.core.reports.json.JSONTestOutcomeReporter - Generating JSON report for VIR-166.01 Verify the rotating carousel is added on the home page to file /Users/rodionsavchuk/hybrisAutomation/virco-automatedtests/target/site/serenity/41045224dd55f49d371e9fd4a455c28d0acc2a203f1c37c0d89de600b26d38ef.json (using temp file /Users/rodionsavchuk/hybrisAutomation/virco-automatedtests/target/site/serenity/41045224dd55f49d371e9fd4a455c28d0acc2a203f1c37c0d89de600b26d38ef.json44d12862-9dd3-46e8-91cf-3fc106c9d2c2)
[pool-1-thread-2] INFO net.thucydides.core.reports.json.JSONTestOutcomeReporter - Generating JSON report for VIR-166.02 Verify that the each Banner has Rotating Theme, promotional message and installation slots to file /Users/rodionsavchuk/hybrisAutomation/virco-automatedtests/target/site/serenity/0608016defba6ce482ab704a7f99aa4784d409932878aab3566e62c6acd4c3be.json (using temp file /Users/rodionsavchuk/hybrisAutomation/virco-automatedtests/target/site/serenity/0608016defba6ce482ab704a7f99aa4784d409932878aab3566e62c6acd4c3be.json81348849-b33c-440d-98bf-0e7e19b85751)
[pool-1-thread-4] INFO net.thucydides.core.reports.json.JSONTestOutcomeReporter - Generating JSON report for VIR-129.10 Verify that the site has a look, configured by content admin to file /Users/rodionsavchuk/hybrisAutomation/virco-automatedtests/target/site/serenity/100947bcc68d92490597dd6eed62bf55d5857e1335d30b52c2a0a2894d214fe7.json (using temp file /Users/rodionsavchuk/hybrisAutomation/virco-automatedtests/target/site/serenity/100947bcc68d92490597dd6eed62bf55d5857e1335d30b52c2a0a2894d214fe7.json3d7e22f2-3279-432b-81f6-2d516d097ff4)
[pool-1-thread-1] INFO net.thucydides.core.reports.json.JSONTestOutcomeReporter - Generating JSON report for VIR-166.03 Verify that the changes applied to the home page on the WCMS are shown on the site to file /Users/rodionsavchuk/hybrisAutomation/virco-automatedtests/target/site/serenity/b9eb3619ad92be0ca6909f8288eb5393e840f6227de55c87423f32dd621971c6.json (using temp file /Users/rodionsavchuk/hybrisAutomation/virco-automatedtests/target/site/serenity/b9eb3619ad92be0ca6909f8288eb5393e840f6227de55c87423f32dd621971c6.jsond3ef4216-c502-4bc4-be76-d884a7dc3071)
[pool-1-thread-3] INFO net.thucydides.core.reports.json.JSONTestOutcomeReporter - Generating JSON report for VIR-166.04 Verify changes on the site to file /Users/rodionsavchuk/hybrisAutomation/virco-automatedtests/target/site/serenity/5f43c632221e66e649cb566b95c8c39021872b2cfde3c52fd524b9428955bf6f.json (using temp file /Users/rodionsavchuk/hybrisAutomation/virco-automatedtests/target/site/serenity/5f43c632221e66e649cb566b95c8c39021872b2cfde3c52fd524b9428955bf6f.json21811312-0ad9-4119-9cdb-baf79b64f724)
[pool-1-thread-2] INFO net.thucydides.core.reports.json.JSONTestOutcomeReporter - Generating JSON report for VIR-166.04 Verify installation slot to file /Users/rodionsavchuk/hybrisAutomation/virco-automatedtests/target/site/serenity/edcb380d350a80cdf46587ae5741ec066978cdd8e0c97472caf730194b651304.json (using temp file /Users/rodionsavchuk/hybrisAutomation/virco-automatedtests/target/site/serenity/edcb380d350a80cdf46587ae5741ec066978cdd8e0c97472caf730194b651304.json95cb2c1d-4092-4244-90d2-b99d38e6dcf4)
[pool-1-thread-1] INFO net.thucydides.core.reports.json.JSONTestOutcomeReporter - Generating JSON report for VIR-166.06 Return changes for carousel to file /Users/rodionsavchuk/hybrisAutomation/virco-automatedtests/target/site/serenity/666f9c30485604a0d8f915e21943e7e88d01015ce9092eafebcdb74a2aa69881.json (using temp file /Users/rodionsavchuk/hybrisAutomation/virco-automatedtests/target/site/serenity/666f9c30485604a0d8f915e21943e7e88d01015ce9092eafebcdb74a2aa69881.jsoncb70afc8-90f0-4265-ac42-dcaa3bf044af)
[pool-1-thread-2] INFO net.thucydides.core.reports.json.JSONTestOutcomeReporter - Generating JSON report for VIR-130.01 Verify that the content Admin can add new banner to file /Users/rodionsavchuk/hybrisAutomation/virco-automatedtests/target/site/serenity/bb79537bca7a8b871c5b64cd1153742bc23c54e46592c06f822f87770b2e8b8a.json (using temp file /Users/rodionsavchuk/hybrisAutomation/virco-automatedtests/target/site/serenity/bb79537bca7a8b871c5b64cd1153742bc23c54e46592c06f822f87770b2e8b8a.json086160ff-6e87-44ed-b713-37ca0b6b58d7)
[pool-1-thread-4] INFO net.thucydides.core.reports.json.JSONTestOutcomeReporter - Generating JSON report for VIR-130.02 Verify that the content admin can edit the banner to file /Users/rodionsavchuk/hybrisAutomation/virco-automatedtests/target/site/serenity/8473ae2e239acb5c9594f6482f5f79bb4500c946dd2d245bf5d2caa427a8a26f.json (using temp file /Users/rodionsavchuk/hybrisAutomation/virco-automatedtests/target/site/serenity/8473ae2e239acb5c9594f6482f5f79bb4500c946dd2d245bf5d2caa427a8a26f.json2d7312f0-aa80-4819-839e-f8438fdfb518)
[pool-1-thread-1] INFO net.thucydides.core.reports.json.JSONTestOutcomeReporter - Generating JSON report for VIR-130.04 Verify that the site has a look, configured by content admin to file /Users/rodionsavchuk/hybrisAutomation/virco-automatedtests/target/site/serenity/095ee6a7aed460c2ab7447a892b708f667ca6eb3d2b246703cb79d76aaa66edd.json (using temp file /Users/rodionsavchuk/hybrisAutomation/virco-automatedtests/target/site/serenity/095ee6a7aed460c2ab7447a892b708f667ca6eb3d2b246703cb79d76aaa66edd.jsonb285ad95-45ba-4b3d-a864-c56e66af6c18)
[pool-1-thread-2] INFO net.thucydides.core.reports.json.JSONTestOutcomeReporter - Generating JSON report for VIR-375.01 Unable to open the "Verisign terms and policy" page except through the Contact Us page to file /Users/rodionsavchuk/hybrisAutomation/virco-automatedtests/target/site/serenity/3d31ca4ca17ccedf663fa492c24dc92f29157766fcfb628ecd61645c9255a53a.json (using temp file /Users/rodionsavchuk/hybrisAutomation/virco-automatedtests/target/site/serenity/3d31ca4ca17ccedf663fa492c24dc92f29157766fcfb628ecd61645c9255a53a.json1258f250-8594-4ffe-80b8-0e752044e5ef)
[pool-1-thread-3] INFO net.thucydides.core.reports.json.JSONTestOutcomeReporter - Generating JSON report for VIR-130.03 Verify that the content admin can delete the banner to file /Users/rodionsavchuk/hybrisAutomation/virco-automatedtests/target/site/serenity/b41d3443e6a4853ebf7ef1692db7b2b9a12b9d62f5b7166287c8c85636ccdf3f.json (using temp file /Users/rodionsavchuk/hybrisAutomation/virco-automatedtests/target/site/serenity/b41d3443e6a4853ebf7ef1692db7b2b9a12b9d62f5b7166287c8c85636ccdf3f.json949ff057-1cf3-4b7d-8481-85bb2146ea50)
[pool-1-thread-2] INFO net.thucydides.core.reports.json.JSONTestOutcomeReporter - Generating JSON report for VIR-131.03 Verify that the content Admin can add terms, security and compliance to file /Users/rodionsavchuk/hybrisAutomation/virco-automatedtests/target/site/serenity/afbc2d2c12a820e7bd8ff57fd665dcbf835c82e12b10214fa792d713e6b209c6.json (using temp file /Users/rodionsavchuk/hybrisAutomation/virco-automatedtests/target/site/serenity/afbc2d2c12a820e7bd8ff57fd665dcbf835c82e12b10214fa792d713e6b209c6.json73a6fe76-973d-42fc-a20a-78e252c45d73)
[pool-1-thread-1] INFO net.thucydides.core.reports.json.JSONTestOutcomeReporter - Generating JSON report for VIR-131.04 Verify that the content Admin can edit terms, security and compliance to file /Users/rodionsavchuk/hybrisAutomation/virco-automatedtests/target/site/serenity/11123f2712ee38abf08a7255e58490510ce459b677c6317a48c1c5a02bad5899.json (using temp file /Users/rodionsavchuk/hybrisAutomation/virco-automatedtests/target/site/serenity/11123f2712ee38abf08a7255e58490510ce459b677c6317a48c1c5a02bad5899.json21f03bd2-8b11-4c50-806d-9aab5609c6d1)
[pool-1-thread-4] INFO net.thucydides.core.reports.json.JSONTestOutcomeReporter - Generating JSON report for VIR-131.02 Verify that the content Admin can delete terms, security and compliance to file /Users/rodionsavchuk/hybrisAutomation/virco-automatedtests/target/site/serenity/ceb7302073899bbe72c923c378b3dfb15f405875b937887a17bf4cff9988ce11.json (using temp file /Users/rodionsavchuk/hybrisAutomation/virco-automatedtests/target/site/serenity/ceb7302073899bbe72c923c378b3dfb15f405875b937887a17bf4cff9988ce11.json04670b60-b754-4aa3-9af1-c7314c2d1114)
[pool-1-thread-3] INFO net.thucydides.core.reports.html.HtmlAcceptanceTestReporter - GENERATING HTML REPORT FOR CNT-1 - WCMS Site Maintenance:VIR-128.01 Verify that the OOTB Hybris is configured in f9e291a91d7fb0708996a6c172c79994e2f3e3dc027f9c744e43835d2210c73e.html in directory target/site/serenity  
[pool-1-thread-2] INFO net.thucydides.core.reports.html.HtmlAcceptanceTestReporter - GENERATING HTML REPORT FOR CNT-2 - Component Maintenance:VIR-129.01 Verify that the content admin can add a rotating theme by using template in 2baaeb277c29c1f85062130a60bafea2167a5c2dd87a93c69ad94698238c35ee.html in directory target/site/serenity  
[pool-1-thread-3] INFO net.thucydides.core.reports.html.HtmlAcceptanceTestReporter - GENERATING HTML REPORT FOR CNT-2 - Component Maintenance:VIR-129.02 Verify that the content admin can promo message by using template in 5c582eac1cc160864035d84f14577b2a4b307d178776baf5d94402a8f33a570b.html in directory target/site/serenity  
[pool-1-thread-2] INFO net.thucydides.core.reports.html.HtmlAcceptanceTestReporter - GENERATING HTML REPORT FOR CNT-2 - Component Maintenance:VIR-129.03 Verify that the content admin can add installation slot by using template in e2ad5898b62d8e77d283000b0832f5fb0d67d58608b2ea1e947bdb3eaa4f7f13.html in directory target/site/serenity  
[pool-1-thread-1] INFO net.thucydides.core.reports.html.HtmlAcceptanceTestReporter - GENERATING HTML REPORT FOR CNT-2 - Component Maintenance:VIR-129.04 Verify that the content admin can add a product recommendation component on the page template by using template in 2568cbeed2bdf1850ea694b2c61bf8c9430c3ac453a0d1b2f15e169595434015.html in directory target/site/serenity  
[pool-1-thread-3] INFO net.thucydides.core.reports.html.HtmlAcceptanceTestReporter - GENERATING HTML REPORT FOR CNT-2 - Component Maintenance:VIR-129.05 Verify that the content admin can add a quick ship component on the template page in 03a37ae243f19fd5e4074c51364f3accdea994f94fbe9bfc0888dbf6b3fcb296.html in directory target/site/serenity  
[pool-1-thread-2] INFO net.thucydides.core.reports.html.HtmlAcceptanceTestReporter - GENERATING HTML REPORT FOR CNT-2 - Component Maintenance:VIR-129.07 Verify that the content admin can add a product images component on the template page in b14d7ddd1213e2b3e327a1da59a5f30243e7b1413ece781e8217d0475b1d4ba5.html in directory target/site/serenity  
[pool-1-thread-3] INFO net.thucydides.core.reports.html.HtmlAcceptanceTestReporter - GENERATING HTML REPORT FOR CNT-2 - Component Maintenance:VIR-129.08 Verify that the content admin can edit promo message/popular category. in 0b72d581cee195fdedb17f43f946f9e8a6bd5762bb612b26fbaf09d9905941a0.html in directory target/site/serenity  
[pool-1-thread-4] INFO net.thucydides.core.reports.html.HtmlAcceptanceTestReporter - GENERATING HTML REPORT FOR CNT-2 - Component Maintenance:VIR-129.06 Verify that the content admin can add a popular category on the template page in 4cb24bf6eab810d97c001f653ce7ec4c2620e8ef80649c431bc47d31554e7dfa.html in directory target/site/serenity  
[pool-1-thread-2] INFO net.thucydides.core.reports.html.HtmlAcceptanceTestReporter - GENERATING HTML REPORT FOR CNT-2 - Component Maintenance:VIR-129.09 Verify that the content admin can delete promo message/popular category. in e3f11c0e315cea47d82b81aeec1d5d4ec6688676c143e6c8bd85b536ee39abf1.html in directory target/site/serenity  
[pool-1-thread-3] INFO net.thucydides.core.reports.html.HtmlAcceptanceTestReporter - GENERATING HTML REPORT FOR CNT-2 - Component Maintenance:VIR-129.10 Verify that the site has a look, configured by content admin in 100947bcc68d92490597dd6eed62bf55d5857e1335d30b52c2a0a2894d214fe7.html in directory target/site/serenity  
[pool-1-thread-4] INFO net.thucydides.core.reports.html.HtmlAcceptanceTestReporter - GENERATING HTML REPORT FOR CNT-2 - Component Maintenance:VIR-166.02 Verify that the each Banner has Rotating Theme, promotional message and installation slots in 0608016defba6ce482ab704a7f99aa4784d409932878aab3566e62c6acd4c3be.html in directory target/site/serenity  
[pool-1-thread-3] INFO net.thucydides.core.reports.html.HtmlAcceptanceTestReporter - GENERATING HTML REPORT FOR CNT-2 - Component Maintenance:VIR-166.01 Verify the rotating carousel is added on the home page in 41045224dd55f49d371e9fd4a455c28d0acc2a203f1c37c0d89de600b26d38ef.html in directory target/site/serenity  
[pool-1-thread-2] INFO net.thucydides.core.reports.html.HtmlAcceptanceTestReporter - GENERATING HTML REPORT FOR CNT-2 - Component Maintenance:VIR-166.03 Verify that the changes applied to the home page on the WCMS are shown on the site in b9eb3619ad92be0ca6909f8288eb5393e840f6227de55c87423f32dd621971c6.html in directory target/site/serenity  
[pool-1-thread-3] INFO net.thucydides.core.reports.html.HtmlAcceptanceTestReporter - GENERATING HTML REPORT FOR CNT-2 - Component Maintenance:VIR-166.04 Verify installation slot in edcb380d350a80cdf46587ae5741ec066978cdd8e0c97472caf730194b651304.html in directory target/site/serenity  
[pool-1-thread-1] INFO net.thucydides.core.reports.html.HtmlAcceptanceTestReporter - GENERATING HTML REPORT FOR CNT-2 - Component Maintenance:VIR-166.04 Verify changes on the site in 5f43c632221e66e649cb566b95c8c39021872b2cfde3c52fd524b9428955bf6f.html in directory target/site/serenity  
[pool-1-thread-2] INFO net.thucydides.core.reports.html.HtmlAcceptanceTestReporter - GENERATING HTML REPORT FOR CNT-3 - Banners:VIR-130.01 Verify that the content Admin can add new banner in bb79537bca7a8b871c5b64cd1153742bc23c54e46592c06f822f87770b2e8b8a.html in directory target/site/serenity  
[pool-1-thread-4] INFO net.thucydides.core.reports.html.HtmlAcceptanceTestReporter - GENERATING HTML REPORT FOR CNT-2 - Component Maintenance:VIR-166.06 Return changes for carousel in 666f9c30485604a0d8f915e21943e7e88d01015ce9092eafebcdb74a2aa69881.html in directory target/site/serenity  
[pool-1-thread-3] INFO net.thucydides.core.reports.html.HtmlAcceptanceTestReporter - GENERATING HTML REPORT FOR CNT-3 - Banners:VIR-130.02 Verify that the content admin can edit the banner in 8473ae2e239acb5c9594f6482f5f79bb4500c946dd2d245bf5d2caa427a8a26f.html in directory target/site/serenity  
[pool-1-thread-2] INFO net.thucydides.core.reports.html.HtmlAcceptanceTestReporter - GENERATING HTML REPORT FOR CNT-3 - Banners:VIR-130.03 Verify that the content admin can delete the banner in b41d3443e6a4853ebf7ef1692db7b2b9a12b9d62f5b7166287c8c85636ccdf3f.html in directory target/site/serenity  
[pool-1-thread-3] INFO net.thucydides.core.reports.html.HtmlAcceptanceTestReporter - GENERATING HTML REPORT FOR CNT-3 - Banners:VIR-130.04 Verify that the site has a look, configured by content admin in 095ee6a7aed460c2ab7447a892b708f667ca6eb3d2b246703cb79d76aaa66edd.html in directory target/site/serenity  
[pool-1-thread-2] INFO net.thucydides.core.reports.html.HtmlAcceptanceTestReporter - GENERATING HTML REPORT FOR CNT-4 - Security Compliance:VIR-375.01 Unable to open the "Verisign terms and policy" page except through the Contact Us page in 3d31ca4ca17ccedf663fa492c24dc92f29157766fcfb628ecd61645c9255a53a.html in directory target/site/serenity  
[pool-1-thread-3] INFO net.thucydides.core.reports.html.HtmlAcceptanceTestReporter - GENERATING HTML REPORT FOR CNT-4 - Security Compliance:VIR-131.03 Verify that the content Admin can add terms, security and compliance in afbc2d2c12a820e7bd8ff57fd665dcbf835c82e12b10214fa792d713e6b209c6.html in directory target/site/serenity  
[pool-1-thread-1] INFO net.thucydides.core.reports.html.HtmlAcceptanceTestReporter - GENERATING HTML REPORT FOR CNT-4 - Security Compliance:VIR-131.02 Verify that the content Admin can delete terms, security and compliance in ceb7302073899bbe72c923c378b3dfb15f405875b937887a17bf4cff9988ce11.html in directory target/site/serenity  
[pool-1-thread-2] INFO net.thucydides.core.reports.html.HtmlAcceptanceTestReporter - GENERATING HTML REPORT FOR CNT-4 - Security Compliance:VIR-131.04 Verify that the content Admin can edit terms, security and compliance in 11123f2712ee38abf08a7255e58490510ce459b677c6317a48c1c5a02bad5899.html in directory target/site/serenity  
[main] INFO net.serenitybdd.core.Serenity - 
 _____ _____ ____ _____   ____ _____  _    ____ _____ _____ ____  
|_   _| ____/ ___|_   _| / ___|_   _|/ \  |  _ \_   _| ____|  _ \ 
  | | |  _| \___ \ | |   \___ \ | | / _ \ | |_) || | |  _| | | | |
  | | | |___ ___) || |    ___) || |/ ___ \|  _ < | | | |___| |_| |
  |_| |_____|____/ |_|   |____/ |_/_/   \_\_| \_\|_| |_____|____/ 
                                                                  

TEST STARTED: VIR-131.05 Return changes
-------------------------------------------------------------------(cnt-4---security-compliance;vir-131.05-return-changes)
[main] INFO net.serenitybdd.core.Serenity - STARTING STEP Given open "CMS" page
[main] INFO net.serenitybdd.core.Serenity - STARTING STEP Open management page: CMS
[main] INFO net.serenitybdd.core.Serenity - STEP ERROR: net.serenitybdd.core.exceptions.SerenityManagedException: Could not initialize class com.virco.locators.SiteData
]]></system-err>
  </testcase>
  <testcase name="Scenario: VIR-131.05 Return changes" classname="Scenario: VIR-131.05 Return changes" time="0.031">
    <error message="Could not initialize class com.virco.locators.SiteData" type="net.serenitybdd.core.exceptions.SerenityManagedException"><![CDATA[net.serenitybdd.core.exceptions.SerenityManagedException: Could not initialize class com.virco.locators.SiteData
	at com.virco.steps.serenity.CommonUserSteps.openManagementPage(CommonUserSteps.java:26)
	at com.virco.steps.serenity.CommonUserSteps$$EnhancerByCGLIB$$d8541bfa.CGLIB$openManagementPage$7(<generated>)
	at com.virco.steps.serenity.CommonUserSteps$$EnhancerByCGLIB$$d8541bfa$$FastClassByCGLIB$$ea8e0f86.invoke(<generated>)
	at net.sf.cglib.proxy.MethodProxy.invokeSuper(MethodProxy.java:228)
	at net.thucydides.core.steps.StepInterceptor.invokeMethod(StepInterceptor.java:372)
	at net.thucydides.core.steps.StepInterceptor.executeTestStepMethod(StepInterceptor.java:357)
	at net.thucydides.core.steps.StepInterceptor.runTestStep(StepInterceptor.java:332)
	at net.thucydides.core.steps.StepInterceptor.testStepResult(StepInterceptor.java:134)
	at net.thucydides.core.steps.StepInterceptor.intercept(StepInterceptor.java:61)
	at com.virco.steps.serenity.CommonUserSteps$$EnhancerByCGLIB$$d8541bfa.openManagementPage(<generated>)
	at com.virco.steps.CommonDefinitionSteps.openPage(CommonDefinitionSteps.java:22)
	at sun.reflect.NativeMethodAccessorImpl.invoke0(Native Method)
	at sun.reflect.NativeMethodAccessorImpl.invoke(NativeMethodAccessorImpl.java:62)
	at sun.reflect.DelegatingMethodAccessorImpl.invoke(DelegatingMethodAccessorImpl.java:43)
	at java.lang.reflect.Method.invoke(Method.java:498)
	at cucumber.runtime.Utils$1.call(Utils.java:40)
	at cucumber.runtime.Timeout.timeout(Timeout.java:16)
	at cucumber.runtime.Utils.invoke(Utils.java:34)
	at cucumber.runtime.java.JavaStepDefinition.execute(JavaStepDefinition.java:38)
	at cucumber.runtime.StepDefinitionMatch.runStep(StepDefinitionMatch.java:37)
	at cucumber.runtime.Runtime.runStep(Runtime.java:300)
	at cucumber.runtime.model.StepContainer.runStep(StepContainer.java:44)
	at cucumber.runtime.model.StepContainer.runSteps(StepContainer.java:39)
	at cucumber.runtime.model.CucumberScenario.run(CucumberScenario.java:44)
	at cucumber.runtime.junit.ExecutionUnitRunner.run(ExecutionUnitRunner.java:102)
	at cucumber.runtime.junit.FeatureRunner.runChild(FeatureRunner.java:63)
	at cucumber.runtime.junit.FeatureRunner.runChild(FeatureRunner.java:18)
	at org.junit.runners.ParentRunner$3.run(ParentRunner.java:290)
	at org.junit.runners.ParentRunner$1.schedule(ParentRunner.java:71)
	at org.junit.runners.ParentRunner.runChildren(ParentRunner.java:288)
	at org.junit.runners.ParentRunner.access$000(ParentRunner.java:58)
	at org.junit.runners.ParentRunner$2.evaluate(ParentRunner.java:268)
	at org.junit.runners.ParentRunner.run(ParentRunner.java:363)
	at cucumber.runtime.junit.FeatureRunner.run(FeatureRunner.java:70)
	at cucumber.api.junit.Cucumber.runChild(Cucumber.java:95)
	at cucumber.api.junit.Cucumber.runChild(Cucumber.java:38)
	at org.junit.runners.ParentRunner$3.run(ParentRunner.java:290)
	at org.junit.runners.ParentRunner$1.schedule(ParentRunner.java:71)
	at org.junit.runners.ParentRunner.runChildren(ParentRunner.java:288)
	at org.junit.runners.ParentRunner.access$000(ParentRunner.java:58)
	at org.junit.runners.ParentRunner$2.evaluate(ParentRunner.java:268)
	at org.junit.runners.ParentRunner.run(ParentRunner.java:363)
	at cucumber.api.junit.Cucumber.run(Cucumber.java:100)
	at org.apache.maven.surefire.junit4.JUnit4Provider.execute(JUnit4Provider.java:283)
	at org.apache.maven.surefire.junit4.JUnit4Provider.executeWithRerun(JUnit4Provider.java:173)
	at org.apache.maven.surefire.junit4.JUnit4Provider.executeTestSet(JUnit4Provider.java:153)
	at org.apache.maven.surefire.junit4.JUnit4Provider.invoke(JUnit4Provider.java:128)
	at org.apache.maven.surefire.booter.ForkedBooter.invokeProviderInSameClassLoader(ForkedBooter.java:203)
	at org.apache.maven.surefire.booter.ForkedBooter.runSuitesInProcess(ForkedBooter.java:155)
	at org.apache.maven.surefire.booter.ForkedBooter.main(ForkedBooter.java:103)
]]></error>
  </testcase>
  <testcase name="When login as &quot;cmsmanager&quot;" classname="Scenario: VIR-131.05 Return changes" time="0">
    <skipped/>
    <system-err><![CDATA[[main] INFO net.serenitybdd.core.Serenity - STEP ERROR: java.lang.NoClassDefFoundError: Could not initialize class com.virco.locators.SiteData
[main] INFO net.serenitybdd.core.Serenity - STARTING STEP When login as "cmsmanager"
]]></system-err>
  </testcase>
  <testcase name="When select &quot;Staged&quot; content catalog" classname="Scenario: VIR-131.05 Return changes" time="0">
    <skipped/>
    <system-err><![CDATA[[main] INFO net.serenitybdd.core.Serenity - IGNORING STEP
[main] INFO net.serenitybdd.core.Serenity - STARTING STEP When select "Staged" content catalog
]]></system-err>
  </testcase>
  <testcase name="When search for &quot;VeriSign Security&quot; content" classname="Scenario: VIR-131.05 Return changes" time="0">
    <skipped/>
    <system-err><![CDATA[[main] INFO net.serenitybdd.core.Serenity - IGNORING STEP
[main] INFO net.serenitybdd.core.Serenity - STARTING STEP When search for "VeriSign Security" content
]]></system-err>
  </testcase>
  <testcase name="When double click on &quot;veriSignSecurity&quot; content page" classname="Scenario: VIR-131.05 Return changes" time="0">
    <skipped/>
    <system-err><![CDATA[[main] INFO net.serenitybdd.core.Serenity - IGNORING STEP
[main] INFO net.serenitybdd.core.Serenity - STARTING STEP When double click on "veriSignSecurity" content page
]]></system-err>
  </testcase>
  <testcase name="When click on &quot;Edit&quot; button in &quot;Section2B&quot; slot" classname="Scenario: VIR-131.05 Return changes" time="0">
    <skipped/>
    <system-err><![CDATA[[main] INFO net.serenitybdd.core.Serenity - IGNORING STEP
[main] INFO net.serenitybdd.core.Serenity - STARTING STEP When click on "Edit" button in "Section2B" slot
]]></system-err>
  </testcase>
  <testcase name="When enter &quot;SecurityCompliance&quot; in content component editor" classname="Scenario: VIR-131.05 Return changes" time="0">
    <skipped/>
    <system-err><![CDATA[[main] INFO net.serenitybdd.core.Serenity - IGNORING STEP
[main] INFO net.serenitybdd.core.Serenity - STARTING STEP When enter "SecurityCompliance" in content component editor
]]></system-err>
  </testcase>
  <testcase name="When synchronize the product" classname="Scenario: VIR-131.05 Return changes" time="0">
    <skipped/>
    <system-err><![CDATA[[main] INFO net.serenitybdd.core.Serenity - IGNORING STEP
[main] INFO net.serenitybdd.core.Serenity - STARTING STEP When synchronize the product
]]></system-err>
  </testcase>
  <testcase name="Then the action button title is &quot;Status: Synchronized&quot;" classname="Scenario: VIR-131.05 Return changes" time="0">
    <skipped/>
    <system-err><![CDATA[[main] INFO net.serenitybdd.core.Serenity - IGNORING STEP
[main] INFO net.serenitybdd.core.Serenity - STARTING STEP Then the action button title is "Status: Synchronized"
]]></system-err>
  </testcase>
  <testcase name="Scenario: VIR-132.01 Verify that the content admin can add restriction for the desired customizations." classname="Scenario: VIR-132.01 Verify that the content admin can add restriction for the desired customizations." time="0.567"/>
  <testcase name="Scenario: VIR-132.02 Verify that the content admin can edit restriction for the desired customizations." classname="Scenario: VIR-132.02 Verify that the content admin can edit restriction for the desired customizations." time="0.612"/>
  <testcase name="Scenario: VIR-132.03 Verify that the content admin can delete restriction for the desired customizations." classname="Scenario: VIR-132.03 Verify that the content admin can delete restriction for the desired customizations." time="0.4"/>
  <testcase name="Scenario: VIR-132.04 Verify that the restrictions can be added to the following" classname="Scenario: VIR-132.04 Verify that the restrictions can be added to the following" time="0.638"/>
  <testcase name="Given open &quot;CMS&quot; page" classname="Scenario: VIR-133.01 Verify that the content admin can delete the banner, title and categories through the WCMS" time="0.001">
    <error message="Could not initialize class com.virco.locators.SiteData" type="net.serenitybdd.core.exceptions.SerenityManagedException"><![CDATA[net.serenitybdd.core.exceptions.SerenityManagedException: Could not initialize class com.virco.locators.SiteData
	at com.virco.steps.serenity.CommonUserSteps.openManagementPage(CommonUserSteps.java:26)
	at com.virco.steps.serenity.CommonUserSteps$$EnhancerByCGLIB$$d8541bfa.CGLIB$openManagementPage$7(<generated>)
	at com.virco.steps.serenity.CommonUserSteps$$EnhancerByCGLIB$$d8541bfa$$FastClassByCGLIB$$ea8e0f86.invoke(<generated>)
	at net.sf.cglib.proxy.MethodProxy.invokeSuper(MethodProxy.java:228)
	at net.thucydides.core.steps.StepInterceptor.invokeMethod(StepInterceptor.java:372)
	at net.thucydides.core.steps.StepInterceptor.executeTestStepMethod(StepInterceptor.java:357)
	at net.thucydides.core.steps.StepInterceptor.runTestStep(StepInterceptor.java:332)
	at net.thucydides.core.steps.StepInterceptor.testStepResult(StepInterceptor.java:134)
	at net.thucydides.core.steps.StepInterceptor.intercept(StepInterceptor.java:61)
	at com.virco.steps.serenity.CommonUserSteps$$EnhancerByCGLIB$$d8541bfa.openManagementPage(<generated>)
	at com.virco.steps.CommonDefinitionSteps.openPage(CommonDefinitionSteps.java:22)
	at sun.reflect.NativeMethodAccessorImpl.invoke0(Native Method)
	at sun.reflect.NativeMethodAccessorImpl.invoke(NativeMethodAccessorImpl.java:62)
	at sun.reflect.DelegatingMethodAccessorImpl.invoke(DelegatingMethodAccessorImpl.java:43)
	at java.lang.reflect.Method.invoke(Method.java:498)
	at cucumber.runtime.Utils$1.call(Utils.java:40)
	at cucumber.runtime.Timeout.timeout(Timeout.java:16)
	at cucumber.runtime.Utils.invoke(Utils.java:34)
	at cucumber.runtime.java.JavaStepDefinition.execute(JavaStepDefinition.java:38)
	at cucumber.runtime.StepDefinitionMatch.runStep(StepDefinitionMatch.java:37)
	at cucumber.runtime.Runtime.runStep(Runtime.java:300)
	at cucumber.runtime.model.StepContainer.runStep(StepContainer.java:44)
	at cucumber.runtime.model.StepContainer.runSteps(StepContainer.java:39)
	at cucumber.runtime.model.CucumberScenario.run(CucumberScenario.java:44)
	at cucumber.runtime.junit.ExecutionUnitRunner.run(ExecutionUnitRunner.java:102)
	at cucumber.runtime.junit.FeatureRunner.runChild(FeatureRunner.java:63)
	at cucumber.runtime.junit.FeatureRunner.runChild(FeatureRunner.java:18)
	at org.junit.runners.ParentRunner$3.run(ParentRunner.java:290)
	at org.junit.runners.ParentRunner$1.schedule(ParentRunner.java:71)
	at org.junit.runners.ParentRunner.runChildren(ParentRunner.java:288)
	at org.junit.runners.ParentRunner.access$000(ParentRunner.java:58)
	at org.junit.runners.ParentRunner$2.evaluate(ParentRunner.java:268)
	at org.junit.runners.ParentRunner.run(ParentRunner.java:363)
	at cucumber.runtime.junit.FeatureRunner.run(FeatureRunner.java:70)
	at cucumber.api.junit.Cucumber.runChild(Cucumber.java:95)
	at cucumber.api.junit.Cucumber.runChild(Cucumber.java:38)
	at org.junit.runners.ParentRunner$3.run(ParentRunner.java:290)
	at org.junit.runners.ParentRunner$1.schedule(ParentRunner.java:71)
	at org.junit.runners.ParentRunner.runChildren(ParentRunner.java:288)
	at org.junit.runners.ParentRunner.access$000(ParentRunner.java:58)
	at org.junit.runners.ParentRunner$2.evaluate(ParentRunner.java:268)
	at org.junit.runners.ParentRunner.run(ParentRunner.java:363)
	at cucumber.api.junit.Cucumber.run(Cucumber.java:100)
	at org.apache.maven.surefire.junit4.JUnit4Provider.execute(JUnit4Provider.java:283)
	at org.apache.maven.surefire.junit4.JUnit4Provider.executeWithRerun(JUnit4Provider.java:173)
	at org.apache.maven.surefire.junit4.JUnit4Provider.executeTestSet(JUnit4Provider.java:153)
	at org.apache.maven.surefire.junit4.JUnit4Provider.invoke(JUnit4Provider.java:128)
	at org.apache.maven.surefire.booter.ForkedBooter.invokeProviderInSameClassLoader(ForkedBooter.java:203)
	at org.apache.maven.surefire.booter.ForkedBooter.runSuitesInProcess(ForkedBooter.java:155)
	at org.apache.maven.surefire.booter.ForkedBooter.main(ForkedBooter.java:103)
]]></error>
    <system-err><![CDATA[[main] INFO net.serenitybdd.core.Serenity - Test Suite Started: CNT-6 - Content Slots
[main] INFO net.serenitybdd.core.Serenity - 
 _____ _____ ____ _____   ____ _____  _    ____ _____ _____ ____  
|_   _| ____/ ___|_   _| / ___|_   _|/ \  |  _ \_   _| ____|  _ \ 
  | | |  _| \___ \ | |   \___ \ | | / _ \ | |_) || | |  _| | | | |
  | | | |___ ___) || |    ___) || |/ ___ \|  _ < | | | |___| |_| |
  |_| |_____|____/ |_|   |____/ |_/_/   \_\_| \_\|_| |_____|____/ 
                                                                  

TEST STARTED: VIR-133.01 Verify that the content admin can delete the banner, title and categories through the WCMS
-------------------------------------------------------------------(cnt-6---content-slots;vir-133.01-verify-that-the-content-admin-can-delete-the-banner,-title-and-categories-through-the-wcms)
[main] INFO net.serenitybdd.core.Serenity - STARTING STEP Given open "CMS" page
[main] INFO net.serenitybdd.core.Serenity - STARTING STEP Open management page: CMS
[main] INFO net.serenitybdd.core.Serenity - STEP ERROR: net.serenitybdd.core.exceptions.SerenityManagedException: Could not initialize class com.virco.locators.SiteData
]]></system-err>
  </testcase>
  <testcase name="Scenario: VIR-133.01 Verify that the content admin can delete the banner, title and categories through the WCMS" classname="Scenario: VIR-133.01 Verify that the content admin can delete the banner, title and categories through the WCMS" time="0.002">
    <error message="Could not initialize class com.virco.locators.SiteData" type="net.serenitybdd.core.exceptions.SerenityManagedException"><![CDATA[net.serenitybdd.core.exceptions.SerenityManagedException: Could not initialize class com.virco.locators.SiteData
	at com.virco.steps.serenity.CommonUserSteps.openManagementPage(CommonUserSteps.java:26)
	at com.virco.steps.serenity.CommonUserSteps$$EnhancerByCGLIB$$d8541bfa.CGLIB$openManagementPage$7(<generated>)
	at com.virco.steps.serenity.CommonUserSteps$$EnhancerByCGLIB$$d8541bfa$$FastClassByCGLIB$$ea8e0f86.invoke(<generated>)
	at net.sf.cglib.proxy.MethodProxy.invokeSuper(MethodProxy.java:228)
	at net.thucydides.core.steps.StepInterceptor.invokeMethod(StepInterceptor.java:372)
	at net.thucydides.core.steps.StepInterceptor.executeTestStepMethod(StepInterceptor.java:357)
	at net.thucydides.core.steps.StepInterceptor.runTestStep(StepInterceptor.java:332)
	at net.thucydides.core.steps.StepInterceptor.testStepResult(StepInterceptor.java:134)
	at net.thucydides.core.steps.StepInterceptor.intercept(StepInterceptor.java:61)
	at com.virco.steps.serenity.CommonUserSteps$$EnhancerByCGLIB$$d8541bfa.openManagementPage(<generated>)
	at com.virco.steps.CommonDefinitionSteps.openPage(CommonDefinitionSteps.java:22)
	at sun.reflect.NativeMethodAccessorImpl.invoke0(Native Method)
	at sun.reflect.NativeMethodAccessorImpl.invoke(NativeMethodAccessorImpl.java:62)
	at sun.reflect.DelegatingMethodAccessorImpl.invoke(DelegatingMethodAccessorImpl.java:43)
	at java.lang.reflect.Method.invoke(Method.java:498)
	at cucumber.runtime.Utils$1.call(Utils.java:40)
	at cucumber.runtime.Timeout.timeout(Timeout.java:16)
	at cucumber.runtime.Utils.invoke(Utils.java:34)
	at cucumber.runtime.java.JavaStepDefinition.execute(JavaStepDefinition.java:38)
	at cucumber.runtime.StepDefinitionMatch.runStep(StepDefinitionMatch.java:37)
	at cucumber.runtime.Runtime.runStep(Runtime.java:300)
	at cucumber.runtime.model.StepContainer.runStep(StepContainer.java:44)
	at cucumber.runtime.model.StepContainer.runSteps(StepContainer.java:39)
	at cucumber.runtime.model.CucumberScenario.run(CucumberScenario.java:44)
	at cucumber.runtime.junit.ExecutionUnitRunner.run(ExecutionUnitRunner.java:102)
	at cucumber.runtime.junit.FeatureRunner.runChild(FeatureRunner.java:63)
	at cucumber.runtime.junit.FeatureRunner.runChild(FeatureRunner.java:18)
	at org.junit.runners.ParentRunner$3.run(ParentRunner.java:290)
	at org.junit.runners.ParentRunner$1.schedule(ParentRunner.java:71)
	at org.junit.runners.ParentRunner.runChildren(ParentRunner.java:288)
	at org.junit.runners.ParentRunner.access$000(ParentRunner.java:58)
	at org.junit.runners.ParentRunner$2.evaluate(ParentRunner.java:268)
	at org.junit.runners.ParentRunner.run(ParentRunner.java:363)
	at cucumber.runtime.junit.FeatureRunner.run(FeatureRunner.java:70)
	at cucumber.api.junit.Cucumber.runChild(Cucumber.java:95)
	at cucumber.api.junit.Cucumber.runChild(Cucumber.java:38)
	at org.junit.runners.ParentRunner$3.run(ParentRunner.java:290)
	at org.junit.runners.ParentRunner$1.schedule(ParentRunner.java:71)
	at org.junit.runners.ParentRunner.runChildren(ParentRunner.java:288)
	at org.junit.runners.ParentRunner.access$000(ParentRunner.java:58)
	at org.junit.runners.ParentRunner$2.evaluate(ParentRunner.java:268)
	at org.junit.runners.ParentRunner.run(ParentRunner.java:363)
	at cucumber.api.junit.Cucumber.run(Cucumber.java:100)
	at org.apache.maven.surefire.junit4.JUnit4Provider.execute(JUnit4Provider.java:283)
	at org.apache.maven.surefire.junit4.JUnit4Provider.executeWithRerun(JUnit4Provider.java:173)
	at org.apache.maven.surefire.junit4.JUnit4Provider.executeTestSet(JUnit4Provider.java:153)
	at org.apache.maven.surefire.junit4.JUnit4Provider.invoke(JUnit4Provider.java:128)
	at org.apache.maven.surefire.booter.ForkedBooter.invokeProviderInSameClassLoader(ForkedBooter.java:203)
	at org.apache.maven.surefire.booter.ForkedBooter.runSuitesInProcess(ForkedBooter.java:155)
	at org.apache.maven.surefire.booter.ForkedBooter.main(ForkedBooter.java:103)
]]></error>
  </testcase>
  <testcase name="When login as &quot;cmsmanager&quot;" classname="Scenario: VIR-133.01 Verify that the content admin can delete the banner, title and categories through the WCMS" time="0">
    <skipped/>
    <system-err><![CDATA[[main] INFO net.serenitybdd.core.Serenity - STEP ERROR: java.lang.NoClassDefFoundError: Could not initialize class com.virco.locators.SiteData
[main] INFO net.serenitybdd.core.Serenity - STARTING STEP When login as "cmsmanager"
]]></system-err>
  </testcase>
  <testcase name="When select &quot;Staged&quot; content catalog" classname="Scenario: VIR-133.01 Verify that the content admin can delete the banner, title and categories through the WCMS" time="0">
    <skipped/>
    <system-err><![CDATA[[main] INFO net.serenitybdd.core.Serenity - IGNORING STEP
[main] INFO net.serenitybdd.core.Serenity - STARTING STEP When select "Staged" content catalog
]]></system-err>
  </testcase>
  <testcase name="When search for &quot;Home&quot; content" classname="Scenario: VIR-133.01 Verify that the content admin can delete the banner, title and categories through the WCMS" time="0">
    <skipped/>
    <system-err><![CDATA[[main] INFO net.serenitybdd.core.Serenity - IGNORING STEP
[main] INFO net.serenitybdd.core.Serenity - STARTING STEP When search for "Home" content
]]></system-err>
  </testcase>
  <testcase name="When double click on &quot;homepage&quot; content page" classname="Scenario: VIR-133.01 Verify that the content admin can delete the banner, title and categories through the WCMS" time="0">
    <skipped/>
    <system-err><![CDATA[[main] INFO net.serenitybdd.core.Serenity - IGNORING STEP
[main] INFO net.serenitybdd.core.Serenity - STARTING STEP When double click on "homepage" content page
]]></system-err>
  </testcase>
  <testcase name="When click on &quot;Remove&quot; button in &quot;TopBodyContent&quot; slot" classname="Scenario: VIR-133.01 Verify that the content admin can delete the banner, title and categories through the WCMS" time="0">
    <skipped/>
    <system-err><![CDATA[[main] INFO net.serenitybdd.core.Serenity - IGNORING STEP
[main] INFO net.serenitybdd.core.Serenity - STARTING STEP When click on "Remove" button in "TopBodyContent" slot
]]></system-err>
  </testcase>
  <testcase name="When select &quot;Yes&quot; in remove pop-up" classname="Scenario: VIR-133.01 Verify that the content admin can delete the banner, title and categories through the WCMS" time="0">
    <skipped/>
    <system-err><![CDATA[[main] INFO net.serenitybdd.core.Serenity - IGNORING STEP
[main] INFO net.serenitybdd.core.Serenity - STARTING STEP When select "Yes" in remove pop-up
]]></system-err>
  </testcase>
  <testcase name="Then message &quot;Nothing to display&quot; in &quot;TopBodyContent&quot; is presented" classname="Scenario: VIR-133.01 Verify that the content admin can delete the banner, title and categories through the WCMS" time="0">
    <skipped/>
    <system-err><![CDATA[[main] INFO net.serenitybdd.core.Serenity - IGNORING STEP
[main] INFO net.serenitybdd.core.Serenity - STARTING STEP Then message "Nothing to display" in "TopBodyContent" is presented
]]></system-err>
  </testcase>
  <testcase name="Given open &quot;CMS&quot; page" classname="Scenario: VIR-133.02 Verify that the content admin can add the banner, title and categories through the WCMS" time="0.004">
    <error message="Could not initialize class com.virco.locators.SiteData" type="net.serenitybdd.core.exceptions.SerenityManagedException"><![CDATA[net.serenitybdd.core.exceptions.SerenityManagedException: Could not initialize class com.virco.locators.SiteData
	at com.virco.steps.serenity.CommonUserSteps.openManagementPage(CommonUserSteps.java:26)
	at com.virco.steps.serenity.CommonUserSteps$$EnhancerByCGLIB$$d8541bfa.CGLIB$openManagementPage$7(<generated>)
	at com.virco.steps.serenity.CommonUserSteps$$EnhancerByCGLIB$$d8541bfa$$FastClassByCGLIB$$ea8e0f86.invoke(<generated>)
	at net.sf.cglib.proxy.MethodProxy.invokeSuper(MethodProxy.java:228)
	at net.thucydides.core.steps.StepInterceptor.invokeMethod(StepInterceptor.java:372)
	at net.thucydides.core.steps.StepInterceptor.executeTestStepMethod(StepInterceptor.java:357)
	at net.thucydides.core.steps.StepInterceptor.runTestStep(StepInterceptor.java:332)
	at net.thucydides.core.steps.StepInterceptor.testStepResult(StepInterceptor.java:134)
	at net.thucydides.core.steps.StepInterceptor.intercept(StepInterceptor.java:61)
	at com.virco.steps.serenity.CommonUserSteps$$EnhancerByCGLIB$$d8541bfa.openManagementPage(<generated>)
	at com.virco.steps.CommonDefinitionSteps.openPage(CommonDefinitionSteps.java:22)
	at sun.reflect.NativeMethodAccessorImpl.invoke0(Native Method)
	at sun.reflect.NativeMethodAccessorImpl.invoke(NativeMethodAccessorImpl.java:62)
	at sun.reflect.DelegatingMethodAccessorImpl.invoke(DelegatingMethodAccessorImpl.java:43)
	at java.lang.reflect.Method.invoke(Method.java:498)
	at cucumber.runtime.Utils$1.call(Utils.java:40)
	at cucumber.runtime.Timeout.timeout(Timeout.java:16)
	at cucumber.runtime.Utils.invoke(Utils.java:34)
	at cucumber.runtime.java.JavaStepDefinition.execute(JavaStepDefinition.java:38)
	at cucumber.runtime.StepDefinitionMatch.runStep(StepDefinitionMatch.java:37)
	at cucumber.runtime.Runtime.runStep(Runtime.java:300)
	at cucumber.runtime.model.StepContainer.runStep(StepContainer.java:44)
	at cucumber.runtime.model.StepContainer.runSteps(StepContainer.java:39)
	at cucumber.runtime.model.CucumberScenario.run(CucumberScenario.java:44)
	at cucumber.runtime.junit.ExecutionUnitRunner.run(ExecutionUnitRunner.java:102)
	at cucumber.runtime.junit.FeatureRunner.runChild(FeatureRunner.java:63)
	at cucumber.runtime.junit.FeatureRunner.runChild(FeatureRunner.java:18)
	at org.junit.runners.ParentRunner$3.run(ParentRunner.java:290)
	at org.junit.runners.ParentRunner$1.schedule(ParentRunner.java:71)
	at org.junit.runners.ParentRunner.runChildren(ParentRunner.java:288)
	at org.junit.runners.ParentRunner.access$000(ParentRunner.java:58)
	at org.junit.runners.ParentRunner$2.evaluate(ParentRunner.java:268)
	at org.junit.runners.ParentRunner.run(ParentRunner.java:363)
	at cucumber.runtime.junit.FeatureRunner.run(FeatureRunner.java:70)
	at cucumber.api.junit.Cucumber.runChild(Cucumber.java:95)
	at cucumber.api.junit.Cucumber.runChild(Cucumber.java:38)
	at org.junit.runners.ParentRunner$3.run(ParentRunner.java:290)
	at org.junit.runners.ParentRunner$1.schedule(ParentRunner.java:71)
	at org.junit.runners.ParentRunner.runChildren(ParentRunner.java:288)
	at org.junit.runners.ParentRunner.access$000(ParentRunner.java:58)
	at org.junit.runners.ParentRunner$2.evaluate(ParentRunner.java:268)
	at org.junit.runners.ParentRunner.run(ParentRunner.java:363)
	at cucumber.api.junit.Cucumber.run(Cucumber.java:100)
	at org.apache.maven.surefire.junit4.JUnit4Provider.execute(JUnit4Provider.java:283)
	at org.apache.maven.surefire.junit4.JUnit4Provider.executeWithRerun(JUnit4Provider.java:173)
	at org.apache.maven.surefire.junit4.JUnit4Provider.executeTestSet(JUnit4Provider.java:153)
	at org.apache.maven.surefire.junit4.JUnit4Provider.invoke(JUnit4Provider.java:128)
	at org.apache.maven.surefire.booter.ForkedBooter.invokeProviderInSameClassLoader(ForkedBooter.java:203)
	at org.apache.maven.surefire.booter.ForkedBooter.runSuitesInProcess(ForkedBooter.java:155)
	at org.apache.maven.surefire.booter.ForkedBooter.main(ForkedBooter.java:103)
]]></error>
    <system-err><![CDATA[[main] INFO net.serenitybdd.core.Serenity - IGNORING STEP
[main] ERROR net.serenitybdd.core.Serenity - 
           __  _____ _____ ____ _____   _____ _    ___ _     _____ ____  
  _       / / |_   _| ____/ ___|_   _| |  ___/ \  |_ _| |   | ____|  _ \ 
 (_)_____| |    | | |  _| \___ \ | |   | |_ / _ \  | || |   |  _| | | | |
  _|_____| |    | | | |___ ___) || |   |  _/ ___ \ | || |___| |___| |_| |
 (_)     | |    |_| |_____|____/ |_|   |_|/_/   \_\___|_____|_____|____/ 
          \_\                                                            

TEST FAILED WITH ERROR: VIR-133.01 Verify that the content admin can delete the banner, title and categories through the WCMS
---------------------------------------------------------------------
[main] ERROR net.serenitybdd.core.Serenity - TEST FAILED AT STEP Open management page: CMS
[main] ERROR net.serenitybdd.core.Serenity - Could not initialize class com.virco.locators.SiteData
[pool-1-thread-2] INFO net.thucydides.core.reports.json.JSONTestOutcomeReporter - Generating JSON report for VIR-129.01 Verify that the content admin can add a rotating theme by using template to file /Users/rodionsavchuk/hybrisAutomation/virco-automatedtests/target/site/serenity/2baaeb277c29c1f85062130a60bafea2167a5c2dd87a93c69ad94698238c35ee.json (using temp file /Users/rodionsavchuk/hybrisAutomation/virco-automatedtests/target/site/serenity/2baaeb277c29c1f85062130a60bafea2167a5c2dd87a93c69ad94698238c35ee.json5339bf9d-95a9-4223-afab-f186434d1b83)
[pool-1-thread-3] INFO net.thucydides.core.reports.json.JSONTestOutcomeReporter - Generating JSON report for VIR-128.01 Verify that the OOTB Hybris is configured to file /Users/rodionsavchuk/hybrisAutomation/virco-automatedtests/target/site/serenity/f9e291a91d7fb0708996a6c172c79994e2f3e3dc027f9c744e43835d2210c73e.json (using temp file /Users/rodionsavchuk/hybrisAutomation/virco-automatedtests/target/site/serenity/f9e291a91d7fb0708996a6c172c79994e2f3e3dc027f9c744e43835d2210c73e.json04c2d49e-0aba-47d4-a88e-fad811862b52)
[pool-1-thread-1] INFO net.thucydides.core.reports.json.JSONTestOutcomeReporter - Generating JSON report for VIR-129.02 Verify that the content admin can promo message by using template to file /Users/rodionsavchuk/hybrisAutomation/virco-automatedtests/target/site/serenity/5c582eac1cc160864035d84f14577b2a4b307d178776baf5d94402a8f33a570b.json (using temp file /Users/rodionsavchuk/hybrisAutomation/virco-automatedtests/target/site/serenity/5c582eac1cc160864035d84f14577b2a4b307d178776baf5d94402a8f33a570b.jsonb83a0542-ab9b-46ec-bf6a-a8b75bfe772a)
[pool-1-thread-2] INFO net.thucydides.core.reports.json.JSONTestOutcomeReporter - Generating JSON report for VIR-129.03 Verify that the content admin can add installation slot by using template to file /Users/rodionsavchuk/hybrisAutomation/virco-automatedtests/target/site/serenity/e2ad5898b62d8e77d283000b0832f5fb0d67d58608b2ea1e947bdb3eaa4f7f13.json (using temp file /Users/rodionsavchuk/hybrisAutomation/virco-automatedtests/target/site/serenity/e2ad5898b62d8e77d283000b0832f5fb0d67d58608b2ea1e947bdb3eaa4f7f13.jsondfc85047-1963-4b36-bcc3-96643200e145)
[pool-1-thread-2] INFO net.thucydides.core.reports.json.JSONTestOutcomeReporter - Generating JSON report for VIR-129.04 Verify that the content admin can add a product recommendation component on the page template by using template to file /Users/rodionsavchuk/hybrisAutomation/virco-automatedtests/target/site/serenity/2568cbeed2bdf1850ea694b2c61bf8c9430c3ac453a0d1b2f15e169595434015.json (using temp file /Users/rodionsavchuk/hybrisAutomation/virco-automatedtests/target/site/serenity/2568cbeed2bdf1850ea694b2c61bf8c9430c3ac453a0d1b2f15e169595434015.json447adb1e-a68c-494e-bc0e-a5b936c81099)
[pool-1-thread-1] INFO net.thucydides.core.reports.json.JSONTestOutcomeReporter - Generating JSON report for VIR-129.05 Verify that the content admin can add a quick ship component on the template page to file /Users/rodionsavchuk/hybrisAutomation/virco-automatedtests/target/site/serenity/03a37ae243f19fd5e4074c51364f3accdea994f94fbe9bfc0888dbf6b3fcb296.json (using temp file /Users/rodionsavchuk/hybrisAutomation/virco-automatedtests/target/site/serenity/03a37ae243f19fd5e4074c51364f3accdea994f94fbe9bfc0888dbf6b3fcb296.json9c4e34cc-35c6-4919-a865-15f3d36c9da3)
[pool-1-thread-2] INFO net.thucydides.core.reports.json.JSONTestOutcomeReporter - Generating JSON report for VIR-129.06 Verify that the content admin can add a popular category on the template page to file /Users/rodionsavchuk/hybrisAutomation/virco-automatedtests/target/site/serenity/4cb24bf6eab810d97c001f653ce7ec4c2620e8ef80649c431bc47d31554e7dfa.json (using temp file /Users/rodionsavchuk/hybrisAutomation/virco-automatedtests/target/site/serenity/4cb24bf6eab810d97c001f653ce7ec4c2620e8ef80649c431bc47d31554e7dfa.jsonf5cb0b0c-61be-4bf2-8cf4-f347c81b668a)
[pool-1-thread-1] INFO net.thucydides.core.reports.json.JSONTestOutcomeReporter - Generating JSON report for VIR-129.07 Verify that the content admin can add a product images component on the template page to file /Users/rodionsavchuk/hybrisAutomation/virco-automatedtests/target/site/serenity/b14d7ddd1213e2b3e327a1da59a5f30243e7b1413ece781e8217d0475b1d4ba5.json (using temp file /Users/rodionsavchuk/hybrisAutomation/virco-automatedtests/target/site/serenity/b14d7ddd1213e2b3e327a1da59a5f30243e7b1413ece781e8217d0475b1d4ba5.json17a5b542-6909-4dea-9405-367850d9c289)
[pool-1-thread-1] INFO net.thucydides.core.reports.json.JSONTestOutcomeReporter - Generating JSON report for VIR-129.09 Verify that the content admin can delete promo message/popular category. to file /Users/rodionsavchuk/hybrisAutomation/virco-automatedtests/target/site/serenity/e3f11c0e315cea47d82b81aeec1d5d4ec6688676c143e6c8bd85b536ee39abf1.json (using temp file /Users/rodionsavchuk/hybrisAutomation/virco-automatedtests/target/site/serenity/e3f11c0e315cea47d82b81aeec1d5d4ec6688676c143e6c8bd85b536ee39abf1.jsondf6a4c8e-bff8-4b2c-82ea-8b42689557a6)
[pool-1-thread-2] INFO net.thucydides.core.reports.json.JSONTestOutcomeReporter - Generating JSON report for VIR-129.08 Verify that the content admin can edit promo message/popular category. to file /Users/rodionsavchuk/hybrisAutomation/virco-automatedtests/target/site/serenity/0b72d581cee195fdedb17f43f946f9e8a6bd5762bb612b26fbaf09d9905941a0.json (using temp file /Users/rodionsavchuk/hybrisAutomation/virco-automatedtests/target/site/serenity/0b72d581cee195fdedb17f43f946f9e8a6bd5762bb612b26fbaf09d9905941a0.jsonf6e984f0-09f7-483f-8e8d-15e4a2f4c584)
[pool-1-thread-1] INFO net.thucydides.core.reports.json.JSONTestOutcomeReporter - Generating JSON report for VIR-129.10 Verify that the site has a look, configured by content admin to file /Users/rodionsavchuk/hybrisAutomation/virco-automatedtests/target/site/serenity/100947bcc68d92490597dd6eed62bf55d5857e1335d30b52c2a0a2894d214fe7.json (using temp file /Users/rodionsavchuk/hybrisAutomation/virco-automatedtests/target/site/serenity/100947bcc68d92490597dd6eed62bf55d5857e1335d30b52c2a0a2894d214fe7.jsone4a37954-b185-4c91-8a09-43ad671e45e1)
[pool-1-thread-1] INFO net.thucydides.core.reports.json.JSONTestOutcomeReporter - Generating JSON report for VIR-166.02 Verify that the each Banner has Rotating Theme, promotional message and installation slots to file /Users/rodionsavchuk/hybrisAutomation/virco-automatedtests/target/site/serenity/0608016defba6ce482ab704a7f99aa4784d409932878aab3566e62c6acd4c3be.json (using temp file /Users/rodionsavchuk/hybrisAutomation/virco-automatedtests/target/site/serenity/0608016defba6ce482ab704a7f99aa4784d409932878aab3566e62c6acd4c3be.json97af1641-5005-453d-a598-8e306f8dc677)
[pool-1-thread-1] INFO net.thucydides.core.reports.json.JSONTestOutcomeReporter - Generating JSON report for VIR-166.04 Verify changes on the site to file /Users/rodionsavchuk/hybrisAutomation/virco-automatedtests/target/site/serenity/5f43c632221e66e649cb566b95c8c39021872b2cfde3c52fd524b9428955bf6f.json (using temp file /Users/rodionsavchuk/hybrisAutomation/virco-automatedtests/target/site/serenity/5f43c632221e66e649cb566b95c8c39021872b2cfde3c52fd524b9428955bf6f.jsona018f4bf-db3f-4644-b0eb-bd522cb5e7fa)
[pool-1-thread-3] INFO net.thucydides.core.reports.json.JSONTestOutcomeReporter - Generating JSON report for VIR-166.01 Verify the rotating carousel is added on the home page to file /Users/rodionsavchuk/hybrisAutomation/virco-automatedtests/target/site/serenity/41045224dd55f49d371e9fd4a455c28d0acc2a203f1c37c0d89de600b26d38ef.json (using temp file /Users/rodionsavchuk/hybrisAutomation/virco-automatedtests/target/site/serenity/41045224dd55f49d371e9fd4a455c28d0acc2a203f1c37c0d89de600b26d38ef.jsonc201498d-a510-4c43-a291-a33403344d03)
[pool-1-thread-2] INFO net.thucydides.core.reports.json.JSONTestOutcomeReporter - Generating JSON report for VIR-166.03 Verify that the changes applied to the home page on the WCMS are shown on the site to file /Users/rodionsavchuk/hybrisAutomation/virco-automatedtests/target/site/serenity/b9eb3619ad92be0ca6909f8288eb5393e840f6227de55c87423f32dd621971c6.json (using temp file /Users/rodionsavchuk/hybrisAutomation/virco-automatedtests/target/site/serenity/b9eb3619ad92be0ca6909f8288eb5393e840f6227de55c87423f32dd621971c6.json3690d006-e4dd-4eee-a611-78b719a07423)
[pool-1-thread-1] INFO net.thucydides.core.reports.json.JSONTestOutcomeReporter - Generating JSON report for VIR-166.06 Return changes for carousel to file /Users/rodionsavchuk/hybrisAutomation/virco-automatedtests/target/site/serenity/666f9c30485604a0d8f915e21943e7e88d01015ce9092eafebcdb74a2aa69881.json (using temp file /Users/rodionsavchuk/hybrisAutomation/virco-automatedtests/target/site/serenity/666f9c30485604a0d8f915e21943e7e88d01015ce9092eafebcdb74a2aa69881.jsonfa23ab00-4c26-451c-a746-1dc1bded4075)
[pool-1-thread-2] INFO net.thucydides.core.reports.json.JSONTestOutcomeReporter - Generating JSON report for VIR-130.01 Verify that the content Admin can add new banner to file /Users/rodionsavchuk/hybrisAutomation/virco-automatedtests/target/site/serenity/bb79537bca7a8b871c5b64cd1153742bc23c54e46592c06f822f87770b2e8b8a.json (using temp file /Users/rodionsavchuk/hybrisAutomation/virco-automatedtests/target/site/serenity/bb79537bca7a8b871c5b64cd1153742bc23c54e46592c06f822f87770b2e8b8a.jsoncfc3ea89-2ef3-4249-88b8-80c1255a3c5d)
[pool-1-thread-1] INFO net.thucydides.core.reports.json.JSONTestOutcomeReporter - Generating JSON report for VIR-130.02 Verify that the content admin can edit the banner to file /Users/rodionsavchuk/hybrisAutomation/virco-automatedtests/target/site/serenity/8473ae2e239acb5c9594f6482f5f79bb4500c946dd2d245bf5d2caa427a8a26f.json (using temp file /Users/rodionsavchuk/hybrisAutomation/virco-automatedtests/target/site/serenity/8473ae2e239acb5c9594f6482f5f79bb4500c946dd2d245bf5d2caa427a8a26f.jsonab7a481a-5578-4051-80ca-755bfb6d646d)
[pool-1-thread-4] INFO net.thucydides.core.reports.json.JSONTestOutcomeReporter - Generating JSON report for VIR-166.04 Verify installation slot to file /Users/rodionsavchuk/hybrisAutomation/virco-automatedtests/target/site/serenity/edcb380d350a80cdf46587ae5741ec066978cdd8e0c97472caf730194b651304.json (using temp file /Users/rodionsavchuk/hybrisAutomation/virco-automatedtests/target/site/serenity/edcb380d350a80cdf46587ae5741ec066978cdd8e0c97472caf730194b651304.json74d0f3f6-4eb7-4553-9b14-827e9e3312f0)
[pool-1-thread-3] INFO net.thucydides.core.reports.json.JSONTestOutcomeReporter - Generating JSON report for VIR-130.03 Verify that the content admin can delete the banner to file /Users/rodionsavchuk/hybrisAutomation/virco-automatedtests/target/site/serenity/b41d3443e6a4853ebf7ef1692db7b2b9a12b9d62f5b7166287c8c85636ccdf3f.json (using temp file /Users/rodionsavchuk/hybrisAutomation/virco-automatedtests/target/site/serenity/b41d3443e6a4853ebf7ef1692db7b2b9a12b9d62f5b7166287c8c85636ccdf3f.json07186e72-0804-4402-8df2-effe8ef524d2)
[pool-1-thread-1] INFO net.thucydides.core.reports.json.JSONTestOutcomeReporter - Generating JSON report for VIR-375.01 Unable to open the "Verisign terms and policy" page except through the Contact Us page to file /Users/rodionsavchuk/hybrisAutomation/virco-automatedtests/target/site/serenity/3d31ca4ca17ccedf663fa492c24dc92f29157766fcfb628ecd61645c9255a53a.json (using temp file /Users/rodionsavchuk/hybrisAutomation/virco-automatedtests/target/site/serenity/3d31ca4ca17ccedf663fa492c24dc92f29157766fcfb628ecd61645c9255a53a.json46df78b3-fcdd-4192-8e51-ba51253503f8)
[pool-1-thread-2] INFO net.thucydides.core.reports.json.JSONTestOutcomeReporter - Generating JSON report for VIR-130.04 Verify that the site has a look, configured by content admin to file /Users/rodionsavchuk/hybrisAutomation/virco-automatedtests/target/site/serenity/095ee6a7aed460c2ab7447a892b708f667ca6eb3d2b246703cb79d76aaa66edd.json (using temp file /Users/rodionsavchuk/hybrisAutomation/virco-automatedtests/target/site/serenity/095ee6a7aed460c2ab7447a892b708f667ca6eb3d2b246703cb79d76aaa66edd.json9d040653-8b8f-4421-9157-2d87d929de2a)
[pool-1-thread-4] INFO net.thucydides.core.reports.json.JSONTestOutcomeReporter - Generating JSON report for VIR-131.02 Verify that the content Admin can delete terms, security and compliance to file /Users/rodionsavchuk/hybrisAutomation/virco-automatedtests/target/site/serenity/ceb7302073899bbe72c923c378b3dfb15f405875b937887a17bf4cff9988ce11.json (using temp file /Users/rodionsavchuk/hybrisAutomation/virco-automatedtests/target/site/serenity/ceb7302073899bbe72c923c378b3dfb15f405875b937887a17bf4cff9988ce11.json56a04026-ec7b-41a8-bd24-890db38235d2)
[pool-1-thread-2] INFO net.thucydides.core.reports.json.JSONTestOutcomeReporter - Generating JSON report for VIR-131.04 Verify that the content Admin can edit terms, security and compliance to file /Users/rodionsavchuk/hybrisAutomation/virco-automatedtests/target/site/serenity/11123f2712ee38abf08a7255e58490510ce459b677c6317a48c1c5a02bad5899.json (using temp file /Users/rodionsavchuk/hybrisAutomation/virco-automatedtests/target/site/serenity/11123f2712ee38abf08a7255e58490510ce459b677c6317a48c1c5a02bad5899.jsonb68d0e6b-abd0-4972-82d3-11041ecfd037)
[pool-1-thread-1] INFO net.thucydides.core.reports.json.JSONTestOutcomeReporter - Generating JSON report for VIR-131.05 Return changes to file /Users/rodionsavchuk/hybrisAutomation/virco-automatedtests/target/site/serenity/481bc60c8e1753c36167a06d3e94715ec6bdb3bc0fa2de75bc3b701c703a0740.json (using temp file /Users/rodionsavchuk/hybrisAutomation/virco-automatedtests/target/site/serenity/481bc60c8e1753c36167a06d3e94715ec6bdb3bc0fa2de75bc3b701c703a0740.json835102cd-fbf2-4646-a2dc-33587e047452)
[pool-1-thread-3] INFO net.thucydides.core.reports.json.JSONTestOutcomeReporter - Generating JSON report for VIR-131.03 Verify that the content Admin can add terms, security and compliance to file /Users/rodionsavchuk/hybrisAutomation/virco-automatedtests/target/site/serenity/afbc2d2c12a820e7bd8ff57fd665dcbf835c82e12b10214fa792d713e6b209c6.json (using temp file /Users/rodionsavchuk/hybrisAutomation/virco-automatedtests/target/site/serenity/afbc2d2c12a820e7bd8ff57fd665dcbf835c82e12b10214fa792d713e6b209c6.json601c9fa7-8d6c-4c1f-8cea-cb29419ba4ca)
[pool-1-thread-2] INFO net.thucydides.core.reports.json.JSONTestOutcomeReporter - Generating JSON report for VIR-132.01 Verify that the content admin can add restriction for the desired customizations. to file /Users/rodionsavchuk/hybrisAutomation/virco-automatedtests/target/site/serenity/012fbd4c99dbed94980068932c3b9900aa40fcbd0f147abb3c9b18198ccfee2c.json (using temp file /Users/rodionsavchuk/hybrisAutomation/virco-automatedtests/target/site/serenity/012fbd4c99dbed94980068932c3b9900aa40fcbd0f147abb3c9b18198ccfee2c.json09657d2e-acde-4f81-b4e3-c4aeb1c1008d)
[pool-1-thread-1] INFO net.thucydides.core.reports.json.JSONTestOutcomeReporter - Generating JSON report for VIR-132.02 Verify that the content admin can edit restriction for the desired customizations. to file /Users/rodionsavchuk/hybrisAutomation/virco-automatedtests/target/site/serenity/21c25b56faab758e879fe49e985016e5e5212c7b9214f355a35317a785ad4edd.json (using temp file /Users/rodionsavchuk/hybrisAutomation/virco-automatedtests/target/site/serenity/21c25b56faab758e879fe49e985016e5e5212c7b9214f355a35317a785ad4edd.json2f6a6bc4-8041-4acf-9321-3f6554b7bba7)
[pool-1-thread-3] INFO net.thucydides.core.reports.json.JSONTestOutcomeReporter - Generating JSON report for VIR-132.03 Verify that the content admin can delete restriction for the desired customizations. to file /Users/rodionsavchuk/hybrisAutomation/virco-automatedtests/target/site/serenity/f6bd8472778e2535a4b9144aa99d3240dacf17fdc0647b30ce75c3b787f53d15.json (using temp file /Users/rodionsavchuk/hybrisAutomation/virco-automatedtests/target/site/serenity/f6bd8472778e2535a4b9144aa99d3240dacf17fdc0647b30ce75c3b787f53d15.json5ffdff7d-5197-4c5e-82ff-65bac42f0282)
[pool-1-thread-4] INFO net.thucydides.core.reports.json.JSONTestOutcomeReporter - Generating JSON report for VIR-132.04 Verify that the restrictions can be added to the following to file /Users/rodionsavchuk/hybrisAutomation/virco-automatedtests/target/site/serenity/bb312434987ad8333f1a82d90084aa3d1109fed7e9f40f25770d63e0cb749be9.json (using temp file /Users/rodionsavchuk/hybrisAutomation/virco-automatedtests/target/site/serenity/bb312434987ad8333f1a82d90084aa3d1109fed7e9f40f25770d63e0cb749be9.jsonb5d06f39-6422-47c9-9e20-d71339df2e24)
[pool-1-thread-3] INFO net.thucydides.core.reports.json.JSONTestOutcomeReporter - Generating JSON report for VIR-133.01 Verify that the content admin can delete the banner, title and categories through the WCMS to file /Users/rodionsavchuk/hybrisAutomation/virco-automatedtests/target/site/serenity/d10c471b31104c36cff5887c55a7bc150eababcb1937fa5a395a48f11580da2f.json (using temp file /Users/rodionsavchuk/hybrisAutomation/virco-automatedtests/target/site/serenity/d10c471b31104c36cff5887c55a7bc150eababcb1937fa5a395a48f11580da2f.jsone96fac99-068f-45cf-8655-4c5497a01ebc)
[pool-1-thread-2] INFO net.thucydides.core.reports.html.HtmlAcceptanceTestReporter - GENERATING HTML REPORT FOR CNT-1 - WCMS Site Maintenance:VIR-128.01 Verify that the OOTB Hybris is configured in f9e291a91d7fb0708996a6c172c79994e2f3e3dc027f9c744e43835d2210c73e.html in directory target/site/serenity  
[pool-1-thread-3] INFO net.thucydides.core.reports.html.HtmlAcceptanceTestReporter - GENERATING HTML REPORT FOR CNT-2 - Component Maintenance:VIR-129.03 Verify that the content admin can add installation slot by using template in e2ad5898b62d8e77d283000b0832f5fb0d67d58608b2ea1e947bdb3eaa4f7f13.html in directory target/site/serenity  
[pool-1-thread-4] INFO net.thucydides.core.reports.html.HtmlAcceptanceTestReporter - GENERATING HTML REPORT FOR CNT-2 - Component Maintenance:VIR-129.02 Verify that the content admin can promo message by using template in 5c582eac1cc160864035d84f14577b2a4b307d178776baf5d94402a8f33a570b.html in directory target/site/serenity  
[pool-1-thread-1] INFO net.thucydides.core.reports.html.HtmlAcceptanceTestReporter - GENERATING HTML REPORT FOR CNT-2 - Component Maintenance:VIR-129.01 Verify that the content admin can add a rotating theme by using template in 2baaeb277c29c1f85062130a60bafea2167a5c2dd87a93c69ad94698238c35ee.html in directory target/site/serenity  
[pool-1-thread-4] INFO net.thucydides.core.reports.html.HtmlAcceptanceTestReporter - GENERATING HTML REPORT FOR CNT-2 - Component Maintenance:VIR-129.05 Verify that the content admin can add a quick ship component on the template page in 03a37ae243f19fd5e4074c51364f3accdea994f94fbe9bfc0888dbf6b3fcb296.html in directory target/site/serenity  
[pool-1-thread-3] INFO net.thucydides.core.reports.html.HtmlAcceptanceTestReporter - GENERATING HTML REPORT FOR CNT-2 - Component Maintenance:VIR-129.06 Verify that the content admin can add a popular category on the template page in 4cb24bf6eab810d97c001f653ce7ec4c2620e8ef80649c431bc47d31554e7dfa.html in directory target/site/serenity  
[pool-1-thread-4] INFO net.thucydides.core.reports.html.HtmlAcceptanceTestReporter - GENERATING HTML REPORT FOR CNT-2 - Component Maintenance:VIR-129.07 Verify that the content admin can add a product images component on the template page in b14d7ddd1213e2b3e327a1da59a5f30243e7b1413ece781e8217d0475b1d4ba5.html in directory target/site/serenity  
[pool-1-thread-2] INFO net.thucydides.core.reports.html.HtmlAcceptanceTestReporter - GENERATING HTML REPORT FOR CNT-2 - Component Maintenance:VIR-129.04 Verify that the content admin can add a product recommendation component on the page template by using template in 2568cbeed2bdf1850ea694b2c61bf8c9430c3ac453a0d1b2f15e169595434015.html in directory target/site/serenity  
[pool-1-thread-3] INFO net.thucydides.core.reports.html.HtmlAcceptanceTestReporter - GENERATING HTML REPORT FOR CNT-2 - Component Maintenance:VIR-129.08 Verify that the content admin can edit promo message/popular category. in 0b72d581cee195fdedb17f43f946f9e8a6bd5762bb612b26fbaf09d9905941a0.html in directory target/site/serenity  
[pool-1-thread-3] INFO net.thucydides.core.reports.html.HtmlAcceptanceTestReporter - GENERATING HTML REPORT FOR CNT-2 - Component Maintenance:VIR-166.01 Verify the rotating carousel is added on the home page in 41045224dd55f49d371e9fd4a455c28d0acc2a203f1c37c0d89de600b26d38ef.html in directory target/site/serenity  
[pool-1-thread-2] INFO net.thucydides.core.reports.html.HtmlAcceptanceTestReporter - GENERATING HTML REPORT FOR CNT-2 - Component Maintenance:VIR-129.10 Verify that the site has a look, configured by content admin in 100947bcc68d92490597dd6eed62bf55d5857e1335d30b52c2a0a2894d214fe7.html in directory target/site/serenity  
[pool-1-thread-4] INFO net.thucydides.core.reports.html.HtmlAcceptanceTestReporter - GENERATING HTML REPORT FOR CNT-2 - Component Maintenance:VIR-129.09 Verify that the content admin can delete promo message/popular category. in e3f11c0e315cea47d82b81aeec1d5d4ec6688676c143e6c8bd85b536ee39abf1.html in directory target/site/serenity  
[pool-1-thread-1] INFO net.thucydides.core.reports.html.HtmlAcceptanceTestReporter - GENERATING HTML REPORT FOR CNT-2 - Component Maintenance:VIR-166.02 Verify that the each Banner has Rotating Theme, promotional message and installation slots in 0608016defba6ce482ab704a7f99aa4784d409932878aab3566e62c6acd4c3be.html in directory target/site/serenity  
[pool-1-thread-2] INFO net.thucydides.core.reports.html.HtmlAcceptanceTestReporter - GENERATING HTML REPORT FOR CNT-2 - Component Maintenance:VIR-166.03 Verify that the changes applied to the home page on the WCMS are shown on the site in b9eb3619ad92be0ca6909f8288eb5393e840f6227de55c87423f32dd621971c6.html in directory target/site/serenity  
[pool-1-thread-1] INFO net.thucydides.core.reports.html.HtmlAcceptanceTestReporter - GENERATING HTML REPORT FOR CNT-2 - Component Maintenance:VIR-166.04 Verify changes on the site in 5f43c632221e66e649cb566b95c8c39021872b2cfde3c52fd524b9428955bf6f.html in directory target/site/serenity  
[pool-1-thread-3] INFO net.thucydides.core.reports.html.HtmlAcceptanceTestReporter - GENERATING HTML REPORT FOR CNT-2 - Component Maintenance:VIR-166.04 Verify installation slot in edcb380d350a80cdf46587ae5741ec066978cdd8e0c97472caf730194b651304.html in directory target/site/serenity  
[pool-1-thread-4] INFO net.thucydides.core.reports.html.HtmlAcceptanceTestReporter - GENERATING HTML REPORT FOR CNT-2 - Component Maintenance:VIR-166.06 Return changes for carousel in 666f9c30485604a0d8f915e21943e7e88d01015ce9092eafebcdb74a2aa69881.html in directory target/site/serenity  
[pool-1-thread-2] INFO net.thucydides.core.reports.html.HtmlAcceptanceTestReporter - GENERATING HTML REPORT FOR CNT-3 - Banners:VIR-130.01 Verify that the content Admin can add new banner in bb79537bca7a8b871c5b64cd1153742bc23c54e46592c06f822f87770b2e8b8a.html in directory target/site/serenity  
[pool-1-thread-2] INFO net.thucydides.core.reports.html.HtmlAcceptanceTestReporter - GENERATING HTML REPORT FOR CNT-3 - Banners:VIR-130.04 Verify that the site has a look, configured by content admin in 095ee6a7aed460c2ab7447a892b708f667ca6eb3d2b246703cb79d76aaa66edd.html in directory target/site/serenity  
[pool-1-thread-1] INFO net.thucydides.core.reports.html.HtmlAcceptanceTestReporter - GENERATING HTML REPORT FOR CNT-3 - Banners:VIR-130.02 Verify that the content admin can edit the banner in 8473ae2e239acb5c9594f6482f5f79bb4500c946dd2d245bf5d2caa427a8a26f.html in directory target/site/serenity  
[pool-1-thread-3] INFO net.thucydides.core.reports.html.HtmlAcceptanceTestReporter - GENERATING HTML REPORT FOR CNT-3 - Banners:VIR-130.03 Verify that the content admin can delete the banner in b41d3443e6a4853ebf7ef1692db7b2b9a12b9d62f5b7166287c8c85636ccdf3f.html in directory target/site/serenity  
[pool-1-thread-4] INFO net.thucydides.core.reports.html.HtmlAcceptanceTestReporter - GENERATING HTML REPORT FOR CNT-4 - Security Compliance:VIR-375.01 Unable to open the "Verisign terms and policy" page except through the Contact Us page in 3d31ca4ca17ccedf663fa492c24dc92f29157766fcfb628ecd61645c9255a53a.html in directory target/site/serenity  
[pool-1-thread-3] INFO net.thucydides.core.reports.html.HtmlAcceptanceTestReporter - GENERATING HTML REPORT FOR CNT-4 - Security Compliance:VIR-131.02 Verify that the content Admin can delete terms, security and compliance in ceb7302073899bbe72c923c378b3dfb15f405875b937887a17bf4cff9988ce11.html in directory target/site/serenity  
[pool-1-thread-1] INFO net.thucydides.core.reports.html.HtmlAcceptanceTestReporter - GENERATING HTML REPORT FOR CNT-4 - Security Compliance:VIR-131.03 Verify that the content Admin can add terms, security and compliance in afbc2d2c12a820e7bd8ff57fd665dcbf835c82e12b10214fa792d713e6b209c6.html in directory target/site/serenity  
[pool-1-thread-4] INFO net.thucydides.core.reports.html.HtmlAcceptanceTestReporter - GENERATING HTML REPORT FOR CNT-4 - Security Compliance:VIR-131.05 Return changes in 481bc60c8e1753c36167a06d3e94715ec6bdb3bc0fa2de75bc3b701c703a0740.html in directory target/site/serenity  
[pool-1-thread-2] INFO net.thucydides.core.reports.html.HtmlAcceptanceTestReporter - GENERATING HTML REPORT FOR CNT-4 - Security Compliance:VIR-131.04 Verify that the content Admin can edit terms, security and compliance in 11123f2712ee38abf08a7255e58490510ce459b677c6317a48c1c5a02bad5899.html in directory target/site/serenity  
[pool-1-thread-3] INFO net.thucydides.core.reports.html.HtmlAcceptanceTestReporter - GENERATING HTML REPORT FOR CNT-5 - Brand Management:VIR-132.01 Verify that the content admin can add restriction for the desired customizations. in 012fbd4c99dbed94980068932c3b9900aa40fcbd0f147abb3c9b18198ccfee2c.html in directory target/site/serenity  
[pool-1-thread-4] INFO net.thucydides.core.reports.html.HtmlAcceptanceTestReporter - GENERATING HTML REPORT FOR CNT-5 - Brand Management:VIR-132.02 Verify that the content admin can edit restriction for the desired customizations. in 21c25b56faab758e879fe49e985016e5e5212c7b9214f355a35317a785ad4edd.html in directory target/site/serenity  
[pool-1-thread-3] INFO net.thucydides.core.reports.html.HtmlAcceptanceTestReporter - GENERATING HTML REPORT FOR CNT-5 - Brand Management:VIR-132.03 Verify that the content admin can delete restriction for the desired customizations. in f6bd8472778e2535a4b9144aa99d3240dacf17fdc0647b30ce75c3b787f53d15.html in directory target/site/serenity  
[pool-1-thread-4] INFO net.thucydides.core.reports.html.HtmlAcceptanceTestReporter - GENERATING HTML REPORT FOR CNT-5 - Brand Management:VIR-132.04 Verify that the restrictions can be added to the following in bb312434987ad8333f1a82d90084aa3d1109fed7e9f40f25770d63e0cb749be9.html in directory target/site/serenity  
[pool-1-thread-3] INFO net.thucydides.core.reports.html.HtmlAcceptanceTestReporter - GENERATING HTML REPORT FOR CNT-6 - Content Slots:VIR-133.01 Verify that the content admin can delete the banner, title and categories through the WCMS in d10c471b31104c36cff5887c55a7bc150eababcb1937fa5a395a48f11580da2f.html in directory target/site/serenity  
[main] INFO net.serenitybdd.core.Serenity - 
 _____ _____ ____ _____   ____ _____  _    ____ _____ _____ ____  
|_   _| ____/ ___|_   _| / ___|_   _|/ \  |  _ \_   _| ____|  _ \ 
  | | |  _| \___ \ | |   \___ \ | | / _ \ | |_) || | |  _| | | | |
  | | | |___ ___) || |    ___) || |/ ___ \|  _ < | | | |___| |_| |
  |_| |_____|____/ |_|   |____/ |_/_/   \_\_| \_\|_| |_____|____/ 
                                                                  

TEST STARTED: VIR-133.02 Verify that the content admin can add the banner, title and categories through the WCMS
-------------------------------------------------------------------(cnt-6---content-slots;vir-133.02-verify-that-the-content-admin-can-add-the-banner,-title-and-categories-through-the-wcms)
[main] INFO net.serenitybdd.core.Serenity - STARTING STEP Given open "CMS" page
[main] INFO net.serenitybdd.core.Serenity - STARTING STEP Open management page: CMS
[main] INFO net.serenitybdd.core.Serenity - STEP ERROR: net.serenitybdd.core.exceptions.SerenityManagedException: Could not initialize class com.virco.locators.SiteData
]]></system-err>
  </testcase>
  <testcase name="Scenario: VIR-133.02 Verify that the content admin can add the banner, title and categories through the WCMS" classname="Scenario: VIR-133.02 Verify that the content admin can add the banner, title and categories through the WCMS" time="0.006">
    <error message="Could not initialize class com.virco.locators.SiteData" type="net.serenitybdd.core.exceptions.SerenityManagedException"><![CDATA[net.serenitybdd.core.exceptions.SerenityManagedException: Could not initialize class com.virco.locators.SiteData
	at com.virco.steps.serenity.CommonUserSteps.openManagementPage(CommonUserSteps.java:26)
	at com.virco.steps.serenity.CommonUserSteps$$EnhancerByCGLIB$$d8541bfa.CGLIB$openManagementPage$7(<generated>)
	at com.virco.steps.serenity.CommonUserSteps$$EnhancerByCGLIB$$d8541bfa$$FastClassByCGLIB$$ea8e0f86.invoke(<generated>)
	at net.sf.cglib.proxy.MethodProxy.invokeSuper(MethodProxy.java:228)
	at net.thucydides.core.steps.StepInterceptor.invokeMethod(StepInterceptor.java:372)
	at net.thucydides.core.steps.StepInterceptor.executeTestStepMethod(StepInterceptor.java:357)
	at net.thucydides.core.steps.StepInterceptor.runTestStep(StepInterceptor.java:332)
	at net.thucydides.core.steps.StepInterceptor.testStepResult(StepInterceptor.java:134)
	at net.thucydides.core.steps.StepInterceptor.intercept(StepInterceptor.java:61)
	at com.virco.steps.serenity.CommonUserSteps$$EnhancerByCGLIB$$d8541bfa.openManagementPage(<generated>)
	at com.virco.steps.CommonDefinitionSteps.openPage(CommonDefinitionSteps.java:22)
	at sun.reflect.NativeMethodAccessorImpl.invoke0(Native Method)
	at sun.reflect.NativeMethodAccessorImpl.invoke(NativeMethodAccessorImpl.java:62)
	at sun.reflect.DelegatingMethodAccessorImpl.invoke(DelegatingMethodAccessorImpl.java:43)
	at java.lang.reflect.Method.invoke(Method.java:498)
	at cucumber.runtime.Utils$1.call(Utils.java:40)
	at cucumber.runtime.Timeout.timeout(Timeout.java:16)
	at cucumber.runtime.Utils.invoke(Utils.java:34)
	at cucumber.runtime.java.JavaStepDefinition.execute(JavaStepDefinition.java:38)
	at cucumber.runtime.StepDefinitionMatch.runStep(StepDefinitionMatch.java:37)
	at cucumber.runtime.Runtime.runStep(Runtime.java:300)
	at cucumber.runtime.model.StepContainer.runStep(StepContainer.java:44)
	at cucumber.runtime.model.StepContainer.runSteps(StepContainer.java:39)
	at cucumber.runtime.model.CucumberScenario.run(CucumberScenario.java:44)
	at cucumber.runtime.junit.ExecutionUnitRunner.run(ExecutionUnitRunner.java:102)
	at cucumber.runtime.junit.FeatureRunner.runChild(FeatureRunner.java:63)
	at cucumber.runtime.junit.FeatureRunner.runChild(FeatureRunner.java:18)
	at org.junit.runners.ParentRunner$3.run(ParentRunner.java:290)
	at org.junit.runners.ParentRunner$1.schedule(ParentRunner.java:71)
	at org.junit.runners.ParentRunner.runChildren(ParentRunner.java:288)
	at org.junit.runners.ParentRunner.access$000(ParentRunner.java:58)
	at org.junit.runners.ParentRunner$2.evaluate(ParentRunner.java:268)
	at org.junit.runners.ParentRunner.run(ParentRunner.java:363)
	at cucumber.runtime.junit.FeatureRunner.run(FeatureRunner.java:70)
	at cucumber.api.junit.Cucumber.runChild(Cucumber.java:95)
	at cucumber.api.junit.Cucumber.runChild(Cucumber.java:38)
	at org.junit.runners.ParentRunner$3.run(ParentRunner.java:290)
	at org.junit.runners.ParentRunner$1.schedule(ParentRunner.java:71)
	at org.junit.runners.ParentRunner.runChildren(ParentRunner.java:288)
	at org.junit.runners.ParentRunner.access$000(ParentRunner.java:58)
	at org.junit.runners.ParentRunner$2.evaluate(ParentRunner.java:268)
	at org.junit.runners.ParentRunner.run(ParentRunner.java:363)
	at cucumber.api.junit.Cucumber.run(Cucumber.java:100)
	at org.apache.maven.surefire.junit4.JUnit4Provider.execute(JUnit4Provider.java:283)
	at org.apache.maven.surefire.junit4.JUnit4Provider.executeWithRerun(JUnit4Provider.java:173)
	at org.apache.maven.surefire.junit4.JUnit4Provider.executeTestSet(JUnit4Provider.java:153)
	at org.apache.maven.surefire.junit4.JUnit4Provider.invoke(JUnit4Provider.java:128)
	at org.apache.maven.surefire.booter.ForkedBooter.invokeProviderInSameClassLoader(ForkedBooter.java:203)
	at org.apache.maven.surefire.booter.ForkedBooter.runSuitesInProcess(ForkedBooter.java:155)
	at org.apache.maven.surefire.booter.ForkedBooter.main(ForkedBooter.java:103)
]]></error>
  </testcase>
  <testcase name="When login as &quot;cmsmanager&quot;" classname="Scenario: VIR-133.02 Verify that the content admin can add the banner, title and categories through the WCMS" time="0">
    <skipped/>
    <system-err><![CDATA[[main] INFO net.serenitybdd.core.Serenity - STEP ERROR: java.lang.NoClassDefFoundError: Could not initialize class com.virco.locators.SiteData
[main] INFO net.serenitybdd.core.Serenity - STARTING STEP When login as "cmsmanager"
]]></system-err>
  </testcase>
  <testcase name="When select &quot;Staged&quot; content catalog" classname="Scenario: VIR-133.02 Verify that the content admin can add the banner, title and categories through the WCMS" time="0">
    <skipped/>
    <system-err><![CDATA[[main] INFO net.serenitybdd.core.Serenity - IGNORING STEP
[main] INFO net.serenitybdd.core.Serenity - STARTING STEP When select "Staged" content catalog
]]></system-err>
  </testcase>
  <testcase name="When search for &quot;Home&quot; content" classname="Scenario: VIR-133.02 Verify that the content admin can add the banner, title and categories through the WCMS" time="0">
    <skipped/>
    <system-err><![CDATA[[main] INFO net.serenitybdd.core.Serenity - IGNORING STEP
[main] INFO net.serenitybdd.core.Serenity - STARTING STEP When search for "Home" content
]]></system-err>
  </testcase>
  <testcase name="When double click on &quot;homepage&quot; content page" classname="Scenario: VIR-133.02 Verify that the content admin can add the banner, title and categories through the WCMS" time="0">
    <skipped/>
    <system-err><![CDATA[[main] INFO net.serenitybdd.core.Serenity - IGNORING STEP
[main] INFO net.serenitybdd.core.Serenity - STARTING STEP When double click on "homepage" content page
]]></system-err>
  </testcase>
  <testcase name="When click on &quot;Create an item&quot; button in &quot;TopBodyContent&quot; section header" classname="Scenario: VIR-133.02 Verify that the content admin can add the banner, title and categories through the WCMS" time="0">
    <skipped/>
    <system-err><![CDATA[[main] INFO net.serenitybdd.core.Serenity - IGNORING STEP
[main] INFO net.serenitybdd.core.Serenity - STARTING STEP When click on "Create an item" button in "TopBodyContent" section header
]]></system-err>
  </testcase>
  <testcase name="When select &quot;Banner Component&quot; template from modal window" classname="Scenario: VIR-133.02 Verify that the content admin can add the banner, title and categories through the WCMS" time="0">
    <skipped/>
    <system-err><![CDATA[[main] INFO net.serenitybdd.core.Serenity - IGNORING STEP
[main] INFO net.serenitybdd.core.Serenity - STARTING STEP When select "Banner Component" template from modal window
]]></system-err>
  </testcase>
  <testcase name="When select &quot;Select an existing reference&quot; template from modal window" classname="Scenario: VIR-133.02 Verify that the content admin can add the banner, title and categories through the WCMS" time="0">
    <skipped/>
    <system-err><![CDATA[[main] INFO net.serenitybdd.core.Serenity - IGNORING STEP
[main] INFO net.serenitybdd.core.Serenity - STARTING STEP When select "Select an existing reference" template from modal window
]]></system-err>
  </testcase>
  <testcase name="When click on search button in modal" classname="Scenario: VIR-133.02 Verify that the content admin can add the banner, title and categories through the WCMS" time="0">
    <skipped/>
    <system-err><![CDATA[[main] INFO net.serenitybdd.core.Serenity - IGNORING STEP
[main] INFO net.serenitybdd.core.Serenity - STARTING STEP When click on search button in modal
]]></system-err>
  </testcase>
  <testcase name="When click on &quot;Banner Overlaid With Text Component&quot; in modal results" classname="Scenario: VIR-133.02 Verify that the content admin can add the banner, title and categories through the WCMS" time="0">
    <skipped/>
    <system-err><![CDATA[[main] INFO net.serenitybdd.core.Serenity - IGNORING STEP
[main] INFO net.serenitybdd.core.Serenity - STARTING STEP When click on "Banner Overlaid With Text Component" in modal results
]]></system-err>
  </testcase>
  <testcase name="When click on &quot;Done&quot; button in modal" classname="Scenario: VIR-133.02 Verify that the content admin can add the banner, title and categories through the WCMS" time="0">
    <skipped/>
    <system-err><![CDATA[[main] INFO net.serenitybdd.core.Serenity - IGNORING STEP
[main] INFO net.serenitybdd.core.Serenity - STARTING STEP When click on "Done" button in modal
]]></system-err>
  </testcase>
  <testcase name="Then message &quot;Banner Overlaid With Text Component&quot; in &quot;TopBodyContent&quot; is presented" classname="Scenario: VIR-133.02 Verify that the content admin can add the banner, title and categories through the WCMS" time="0">
    <skipped/>
    <system-err><![CDATA[[main] INFO net.serenitybdd.core.Serenity - IGNORING STEP
[main] INFO net.serenitybdd.core.Serenity - STARTING STEP Then message "Banner Overlaid With Text Component" in "TopBodyContent" is presented
]]></system-err>
  </testcase>
  <testcase name="Given open &quot;CMS&quot; page" classname="Scenario: VIR-133.03 Verify that the content admin can edit the banner, title and categories through the WCMS" time="0.002">
    <error message="Could not initialize class com.virco.locators.SiteData" type="net.serenitybdd.core.exceptions.SerenityManagedException"><![CDATA[net.serenitybdd.core.exceptions.SerenityManagedException: Could not initialize class com.virco.locators.SiteData
	at com.virco.steps.serenity.CommonUserSteps.openManagementPage(CommonUserSteps.java:26)
	at com.virco.steps.serenity.CommonUserSteps$$EnhancerByCGLIB$$d8541bfa.CGLIB$openManagementPage$7(<generated>)
	at com.virco.steps.serenity.CommonUserSteps$$EnhancerByCGLIB$$d8541bfa$$FastClassByCGLIB$$ea8e0f86.invoke(<generated>)
	at net.sf.cglib.proxy.MethodProxy.invokeSuper(MethodProxy.java:228)
	at net.thucydides.core.steps.StepInterceptor.invokeMethod(StepInterceptor.java:372)
	at net.thucydides.core.steps.StepInterceptor.executeTestStepMethod(StepInterceptor.java:357)
	at net.thucydides.core.steps.StepInterceptor.runTestStep(StepInterceptor.java:332)
	at net.thucydides.core.steps.StepInterceptor.testStepResult(StepInterceptor.java:134)
	at net.thucydides.core.steps.StepInterceptor.intercept(StepInterceptor.java:61)
	at com.virco.steps.serenity.CommonUserSteps$$EnhancerByCGLIB$$d8541bfa.openManagementPage(<generated>)
	at com.virco.steps.CommonDefinitionSteps.openPage(CommonDefinitionSteps.java:22)
	at sun.reflect.NativeMethodAccessorImpl.invoke0(Native Method)
	at sun.reflect.NativeMethodAccessorImpl.invoke(NativeMethodAccessorImpl.java:62)
	at sun.reflect.DelegatingMethodAccessorImpl.invoke(DelegatingMethodAccessorImpl.java:43)
	at java.lang.reflect.Method.invoke(Method.java:498)
	at cucumber.runtime.Utils$1.call(Utils.java:40)
	at cucumber.runtime.Timeout.timeout(Timeout.java:16)
	at cucumber.runtime.Utils.invoke(Utils.java:34)
	at cucumber.runtime.java.JavaStepDefinition.execute(JavaStepDefinition.java:38)
	at cucumber.runtime.StepDefinitionMatch.runStep(StepDefinitionMatch.java:37)
	at cucumber.runtime.Runtime.runStep(Runtime.java:300)
	at cucumber.runtime.model.StepContainer.runStep(StepContainer.java:44)
	at cucumber.runtime.model.StepContainer.runSteps(StepContainer.java:39)
	at cucumber.runtime.model.CucumberScenario.run(CucumberScenario.java:44)
	at cucumber.runtime.junit.ExecutionUnitRunner.run(ExecutionUnitRunner.java:102)
	at cucumber.runtime.junit.FeatureRunner.runChild(FeatureRunner.java:63)
	at cucumber.runtime.junit.FeatureRunner.runChild(FeatureRunner.java:18)
	at org.junit.runners.ParentRunner$3.run(ParentRunner.java:290)
	at org.junit.runners.ParentRunner$1.schedule(ParentRunner.java:71)
	at org.junit.runners.ParentRunner.runChildren(ParentRunner.java:288)
	at org.junit.runners.ParentRunner.access$000(ParentRunner.java:58)
	at org.junit.runners.ParentRunner$2.evaluate(ParentRunner.java:268)
	at org.junit.runners.ParentRunner.run(ParentRunner.java:363)
	at cucumber.runtime.junit.FeatureRunner.run(FeatureRunner.java:70)
	at cucumber.api.junit.Cucumber.runChild(Cucumber.java:95)
	at cucumber.api.junit.Cucumber.runChild(Cucumber.java:38)
	at org.junit.runners.ParentRunner$3.run(ParentRunner.java:290)
	at org.junit.runners.ParentRunner$1.schedule(ParentRunner.java:71)
	at org.junit.runners.ParentRunner.runChildren(ParentRunner.java:288)
	at org.junit.runners.ParentRunner.access$000(ParentRunner.java:58)
	at org.junit.runners.ParentRunner$2.evaluate(ParentRunner.java:268)
	at org.junit.runners.ParentRunner.run(ParentRunner.java:363)
	at cucumber.api.junit.Cucumber.run(Cucumber.java:100)
	at org.apache.maven.surefire.junit4.JUnit4Provider.execute(JUnit4Provider.java:283)
	at org.apache.maven.surefire.junit4.JUnit4Provider.executeWithRerun(JUnit4Provider.java:173)
	at org.apache.maven.surefire.junit4.JUnit4Provider.executeTestSet(JUnit4Provider.java:153)
	at org.apache.maven.surefire.junit4.JUnit4Provider.invoke(JUnit4Provider.java:128)
	at org.apache.maven.surefire.booter.ForkedBooter.invokeProviderInSameClassLoader(ForkedBooter.java:203)
	at org.apache.maven.surefire.booter.ForkedBooter.runSuitesInProcess(ForkedBooter.java:155)
	at org.apache.maven.surefire.booter.ForkedBooter.main(ForkedBooter.java:103)
]]></error>
    <system-err><![CDATA[[main] INFO net.serenitybdd.core.Serenity - IGNORING STEP
[main] ERROR net.serenitybdd.core.Serenity - 
           __  _____ _____ ____ _____   _____ _    ___ _     _____ ____  
  _       / / |_   _| ____/ ___|_   _| |  ___/ \  |_ _| |   | ____|  _ \ 
 (_)_____| |    | | |  _| \___ \ | |   | |_ / _ \  | || |   |  _| | | | |
  _|_____| |    | | | |___ ___) || |   |  _/ ___ \ | || |___| |___| |_| |
 (_)     | |    |_| |_____|____/ |_|   |_|/_/   \_\___|_____|_____|____/ 
          \_\                                                            

TEST FAILED WITH ERROR: VIR-133.02 Verify that the content admin can add the banner, title and categories through the WCMS
---------------------------------------------------------------------
[main] ERROR net.serenitybdd.core.Serenity - TEST FAILED AT STEP Open management page: CMS
[main] ERROR net.serenitybdd.core.Serenity - Could not initialize class com.virco.locators.SiteData
[pool-1-thread-1] INFO net.thucydides.core.reports.json.JSONTestOutcomeReporter - Generating JSON report for VIR-128.01 Verify that the OOTB Hybris is configured to file /Users/rodionsavchuk/hybrisAutomation/virco-automatedtests/target/site/serenity/f9e291a91d7fb0708996a6c172c79994e2f3e3dc027f9c744e43835d2210c73e.json (using temp file /Users/rodionsavchuk/hybrisAutomation/virco-automatedtests/target/site/serenity/f9e291a91d7fb0708996a6c172c79994e2f3e3dc027f9c744e43835d2210c73e.json6ae8699c-c262-4b85-b118-aab900da2877)
[pool-1-thread-2] INFO net.thucydides.core.reports.json.JSONTestOutcomeReporter - Generating JSON report for VIR-129.01 Verify that the content admin can add a rotating theme by using template to file /Users/rodionsavchuk/hybrisAutomation/virco-automatedtests/target/site/serenity/2baaeb277c29c1f85062130a60bafea2167a5c2dd87a93c69ad94698238c35ee.json (using temp file /Users/rodionsavchuk/hybrisAutomation/virco-automatedtests/target/site/serenity/2baaeb277c29c1f85062130a60bafea2167a5c2dd87a93c69ad94698238c35ee.json40c2931a-3a91-4fcd-bf47-95485f8692a7)
[pool-1-thread-4] INFO net.thucydides.core.reports.json.JSONTestOutcomeReporter - Generating JSON report for VIR-129.02 Verify that the content admin can promo message by using template to file /Users/rodionsavchuk/hybrisAutomation/virco-automatedtests/target/site/serenity/5c582eac1cc160864035d84f14577b2a4b307d178776baf5d94402a8f33a570b.json (using temp file /Users/rodionsavchuk/hybrisAutomation/virco-automatedtests/target/site/serenity/5c582eac1cc160864035d84f14577b2a4b307d178776baf5d94402a8f33a570b.json5047f930-bd1a-4f9c-8fce-da3e689e8537)
[pool-1-thread-3] INFO net.thucydides.core.reports.json.JSONTestOutcomeReporter - Generating JSON report for VIR-129.03 Verify that the content admin can add installation slot by using template to file /Users/rodionsavchuk/hybrisAutomation/virco-automatedtests/target/site/serenity/e2ad5898b62d8e77d283000b0832f5fb0d67d58608b2ea1e947bdb3eaa4f7f13.json (using temp file /Users/rodionsavchuk/hybrisAutomation/virco-automatedtests/target/site/serenity/e2ad5898b62d8e77d283000b0832f5fb0d67d58608b2ea1e947bdb3eaa4f7f13.json409650ed-9a41-4933-912a-1d8c4e1d1567)
[pool-1-thread-1] INFO net.thucydides.core.reports.json.JSONTestOutcomeReporter - Generating JSON report for VIR-129.04 Verify that the content admin can add a product recommendation component on the page template by using template to file /Users/rodionsavchuk/hybrisAutomation/virco-automatedtests/target/site/serenity/2568cbeed2bdf1850ea694b2c61bf8c9430c3ac453a0d1b2f15e169595434015.json (using temp file /Users/rodionsavchuk/hybrisAutomation/virco-automatedtests/target/site/serenity/2568cbeed2bdf1850ea694b2c61bf8c9430c3ac453a0d1b2f15e169595434015.jsone1c7fbd2-3c12-48c9-8a86-3441651c4d0a)
[pool-1-thread-2] INFO net.thucydides.core.reports.json.JSONTestOutcomeReporter - Generating JSON report for VIR-129.05 Verify that the content admin can add a quick ship component on the template page to file /Users/rodionsavchuk/hybrisAutomation/virco-automatedtests/target/site/serenity/03a37ae243f19fd5e4074c51364f3accdea994f94fbe9bfc0888dbf6b3fcb296.json (using temp file /Users/rodionsavchuk/hybrisAutomation/virco-automatedtests/target/site/serenity/03a37ae243f19fd5e4074c51364f3accdea994f94fbe9bfc0888dbf6b3fcb296.jsona3dbff52-2afa-4bbf-a6fc-b92782b40baa)
[pool-1-thread-3] INFO net.thucydides.core.reports.json.JSONTestOutcomeReporter - Generating JSON report for VIR-129.06 Verify that the content admin can add a popular category on the template page to file /Users/rodionsavchuk/hybrisAutomation/virco-automatedtests/target/site/serenity/4cb24bf6eab810d97c001f653ce7ec4c2620e8ef80649c431bc47d31554e7dfa.json (using temp file /Users/rodionsavchuk/hybrisAutomation/virco-automatedtests/target/site/serenity/4cb24bf6eab810d97c001f653ce7ec4c2620e8ef80649c431bc47d31554e7dfa.json8b88d05e-28a6-46cd-b934-9e8e888dbdd4)
[pool-1-thread-4] INFO net.thucydides.core.reports.json.JSONTestOutcomeReporter - Generating JSON report for VIR-129.07 Verify that the content admin can add a product images component on the template page to file /Users/rodionsavchuk/hybrisAutomation/virco-automatedtests/target/site/serenity/b14d7ddd1213e2b3e327a1da59a5f30243e7b1413ece781e8217d0475b1d4ba5.json (using temp file /Users/rodionsavchuk/hybrisAutomation/virco-automatedtests/target/site/serenity/b14d7ddd1213e2b3e327a1da59a5f30243e7b1413ece781e8217d0475b1d4ba5.jsona08ac730-1a6f-448f-81a2-90ba28e85056)
[pool-1-thread-1] INFO net.thucydides.core.reports.json.JSONTestOutcomeReporter - Generating JSON report for VIR-129.08 Verify that the content admin can edit promo message/popular category. to file /Users/rodionsavchuk/hybrisAutomation/virco-automatedtests/target/site/serenity/0b72d581cee195fdedb17f43f946f9e8a6bd5762bb612b26fbaf09d9905941a0.json (using temp file /Users/rodionsavchuk/hybrisAutomation/virco-automatedtests/target/site/serenity/0b72d581cee195fdedb17f43f946f9e8a6bd5762bb612b26fbaf09d9905941a0.jsonb9cc67da-2335-48e4-9757-dac0fe414c67)
[pool-1-thread-3] INFO net.thucydides.core.reports.json.JSONTestOutcomeReporter - Generating JSON report for VIR-129.10 Verify that the site has a look, configured by content admin to file /Users/rodionsavchuk/hybrisAutomation/virco-automatedtests/target/site/serenity/100947bcc68d92490597dd6eed62bf55d5857e1335d30b52c2a0a2894d214fe7.json (using temp file /Users/rodionsavchuk/hybrisAutomation/virco-automatedtests/target/site/serenity/100947bcc68d92490597dd6eed62bf55d5857e1335d30b52c2a0a2894d214fe7.json7f6a0d49-063a-4280-8517-c8e1f2d0c5b6)
[pool-1-thread-2] INFO net.thucydides.core.reports.json.JSONTestOutcomeReporter - Generating JSON report for VIR-129.09 Verify that the content admin can delete promo message/popular category. to file /Users/rodionsavchuk/hybrisAutomation/virco-automatedtests/target/site/serenity/e3f11c0e315cea47d82b81aeec1d5d4ec6688676c143e6c8bd85b536ee39abf1.json (using temp file /Users/rodionsavchuk/hybrisAutomation/virco-automatedtests/target/site/serenity/e3f11c0e315cea47d82b81aeec1d5d4ec6688676c143e6c8bd85b536ee39abf1.json076ac2a4-444a-4bf1-b8f2-3a76ef2c5d1b)
[pool-1-thread-4] INFO net.thucydides.core.reports.json.JSONTestOutcomeReporter - Generating JSON report for VIR-166.01 Verify the rotating carousel is added on the home page to file /Users/rodionsavchuk/hybrisAutomation/virco-automatedtests/target/site/serenity/41045224dd55f49d371e9fd4a455c28d0acc2a203f1c37c0d89de600b26d38ef.json (using temp file /Users/rodionsavchuk/hybrisAutomation/virco-automatedtests/target/site/serenity/41045224dd55f49d371e9fd4a455c28d0acc2a203f1c37c0d89de600b26d38ef.json47ef3cd7-5c1a-4a6a-948b-4e2ee4e2a9a5)
[pool-1-thread-1] INFO net.thucydides.core.reports.json.JSONTestOutcomeReporter - Generating JSON report for VIR-166.02 Verify that the each Banner has Rotating Theme, promotional message and installation slots to file /Users/rodionsavchuk/hybrisAutomation/virco-automatedtests/target/site/serenity/0608016defba6ce482ab704a7f99aa4784d409932878aab3566e62c6acd4c3be.json (using temp file /Users/rodionsavchuk/hybrisAutomation/virco-automatedtests/target/site/serenity/0608016defba6ce482ab704a7f99aa4784d409932878aab3566e62c6acd4c3be.jsond7ae1595-121b-45f7-a4b0-cd36e136c894)
[pool-1-thread-3] INFO net.thucydides.core.reports.json.JSONTestOutcomeReporter - Generating JSON report for VIR-166.03 Verify that the changes applied to the home page on the WCMS are shown on the site to file /Users/rodionsavchuk/hybrisAutomation/virco-automatedtests/target/site/serenity/b9eb3619ad92be0ca6909f8288eb5393e840f6227de55c87423f32dd621971c6.json (using temp file /Users/rodionsavchuk/hybrisAutomation/virco-automatedtests/target/site/serenity/b9eb3619ad92be0ca6909f8288eb5393e840f6227de55c87423f32dd621971c6.jsonedf55945-9ea9-48bd-b85d-e638a56c8f30)
[pool-1-thread-2] INFO net.thucydides.core.reports.json.JSONTestOutcomeReporter - Generating JSON report for VIR-166.04 Verify changes on the site to file /Users/rodionsavchuk/hybrisAutomation/virco-automatedtests/target/site/serenity/5f43c632221e66e649cb566b95c8c39021872b2cfde3c52fd524b9428955bf6f.json (using temp file /Users/rodionsavchuk/hybrisAutomation/virco-automatedtests/target/site/serenity/5f43c632221e66e649cb566b95c8c39021872b2cfde3c52fd524b9428955bf6f.json18189c64-57bb-4a0d-ac15-794dd4d7bafa)
[pool-1-thread-4] INFO net.thucydides.core.reports.json.JSONTestOutcomeReporter - Generating JSON report for VIR-166.04 Verify installation slot to file /Users/rodionsavchuk/hybrisAutomation/virco-automatedtests/target/site/serenity/edcb380d350a80cdf46587ae5741ec066978cdd8e0c97472caf730194b651304.json (using temp file /Users/rodionsavchuk/hybrisAutomation/virco-automatedtests/target/site/serenity/edcb380d350a80cdf46587ae5741ec066978cdd8e0c97472caf730194b651304.json4d016ff1-9138-4476-98f5-1ddc8971adee)
[pool-1-thread-1] INFO net.thucydides.core.reports.json.JSONTestOutcomeReporter - Generating JSON report for VIR-166.06 Return changes for carousel to file /Users/rodionsavchuk/hybrisAutomation/virco-automatedtests/target/site/serenity/666f9c30485604a0d8f915e21943e7e88d01015ce9092eafebcdb74a2aa69881.json (using temp file /Users/rodionsavchuk/hybrisAutomation/virco-automatedtests/target/site/serenity/666f9c30485604a0d8f915e21943e7e88d01015ce9092eafebcdb74a2aa69881.json573d50a4-38ed-45a0-b918-19b3193957a0)
[pool-1-thread-3] INFO net.thucydides.core.reports.json.JSONTestOutcomeReporter - Generating JSON report for VIR-130.01 Verify that the content Admin can add new banner to file /Users/rodionsavchuk/hybrisAutomation/virco-automatedtests/target/site/serenity/bb79537bca7a8b871c5b64cd1153742bc23c54e46592c06f822f87770b2e8b8a.json (using temp file /Users/rodionsavchuk/hybrisAutomation/virco-automatedtests/target/site/serenity/bb79537bca7a8b871c5b64cd1153742bc23c54e46592c06f822f87770b2e8b8a.json0117a270-8ffc-4737-8732-18792eca9a8a)
[pool-1-thread-2] INFO net.thucydides.core.reports.json.JSONTestOutcomeReporter - Generating JSON report for VIR-130.03 Verify that the content admin can delete the banner to file /Users/rodionsavchuk/hybrisAutomation/virco-automatedtests/target/site/serenity/b41d3443e6a4853ebf7ef1692db7b2b9a12b9d62f5b7166287c8c85636ccdf3f.json (using temp file /Users/rodionsavchuk/hybrisAutomation/virco-automatedtests/target/site/serenity/b41d3443e6a4853ebf7ef1692db7b2b9a12b9d62f5b7166287c8c85636ccdf3f.jsonb4521cc8-bdfd-4b6e-b3dd-ccae96b4de83)
[pool-1-thread-4] INFO net.thucydides.core.reports.json.JSONTestOutcomeReporter - Generating JSON report for VIR-130.02 Verify that the content admin can edit the banner to file /Users/rodionsavchuk/hybrisAutomation/virco-automatedtests/target/site/serenity/8473ae2e239acb5c9594f6482f5f79bb4500c946dd2d245bf5d2caa427a8a26f.json (using temp file /Users/rodionsavchuk/hybrisAutomation/virco-automatedtests/target/site/serenity/8473ae2e239acb5c9594f6482f5f79bb4500c946dd2d245bf5d2caa427a8a26f.json884c19cb-084e-4844-96f5-a9a89d63e6da)
[pool-1-thread-3] INFO net.thucydides.core.reports.json.JSONTestOutcomeReporter - Generating JSON report for VIR-130.04 Verify that the site has a look, configured by content admin to file /Users/rodionsavchuk/hybrisAutomation/virco-automatedtests/target/site/serenity/095ee6a7aed460c2ab7447a892b708f667ca6eb3d2b246703cb79d76aaa66edd.json (using temp file /Users/rodionsavchuk/hybrisAutomation/virco-automatedtests/target/site/serenity/095ee6a7aed460c2ab7447a892b708f667ca6eb3d2b246703cb79d76aaa66edd.json9be94fee-0217-4dc4-80cb-dcc89b6973f1)
[pool-1-thread-2] INFO net.thucydides.core.reports.json.JSONTestOutcomeReporter - Generating JSON report for VIR-375.01 Unable to open the "Verisign terms and policy" page except through the Contact Us page to file /Users/rodionsavchuk/hybrisAutomation/virco-automatedtests/target/site/serenity/3d31ca4ca17ccedf663fa492c24dc92f29157766fcfb628ecd61645c9255a53a.json (using temp file /Users/rodionsavchuk/hybrisAutomation/virco-automatedtests/target/site/serenity/3d31ca4ca17ccedf663fa492c24dc92f29157766fcfb628ecd61645c9255a53a.json27b2c76b-3ce4-44a5-a723-390569bcdbab)
[pool-1-thread-1] INFO net.thucydides.core.reports.json.JSONTestOutcomeReporter - Generating JSON report for VIR-131.02 Verify that the content Admin can delete terms, security and compliance to file /Users/rodionsavchuk/hybrisAutomation/virco-automatedtests/target/site/serenity/ceb7302073899bbe72c923c378b3dfb15f405875b937887a17bf4cff9988ce11.json (using temp file /Users/rodionsavchuk/hybrisAutomation/virco-automatedtests/target/site/serenity/ceb7302073899bbe72c923c378b3dfb15f405875b937887a17bf4cff9988ce11.jsonddf18fa8-772a-413c-90d1-9ed3fc2db3b0)
[pool-1-thread-4] INFO net.thucydides.core.reports.json.JSONTestOutcomeReporter - Generating JSON report for VIR-131.03 Verify that the content Admin can add terms, security and compliance to file /Users/rodionsavchuk/hybrisAutomation/virco-automatedtests/target/site/serenity/afbc2d2c12a820e7bd8ff57fd665dcbf835c82e12b10214fa792d713e6b209c6.json (using temp file /Users/rodionsavchuk/hybrisAutomation/virco-automatedtests/target/site/serenity/afbc2d2c12a820e7bd8ff57fd665dcbf835c82e12b10214fa792d713e6b209c6.jsona78a7a4a-2055-4fdf-951b-a86ea41d5ebc)
[pool-1-thread-3] INFO net.thucydides.core.reports.json.JSONTestOutcomeReporter - Generating JSON report for VIR-131.04 Verify that the content Admin can edit terms, security and compliance to file /Users/rodionsavchuk/hybrisAutomation/virco-automatedtests/target/site/serenity/11123f2712ee38abf08a7255e58490510ce459b677c6317a48c1c5a02bad5899.json (using temp file /Users/rodionsavchuk/hybrisAutomation/virco-automatedtests/target/site/serenity/11123f2712ee38abf08a7255e58490510ce459b677c6317a48c1c5a02bad5899.json19926192-219e-4c72-942e-248c50627887)
[pool-1-thread-2] INFO net.thucydides.core.reports.json.JSONTestOutcomeReporter - Generating JSON report for VIR-131.05 Return changes to file /Users/rodionsavchuk/hybrisAutomation/virco-automatedtests/target/site/serenity/481bc60c8e1753c36167a06d3e94715ec6bdb3bc0fa2de75bc3b701c703a0740.json (using temp file /Users/rodionsavchuk/hybrisAutomation/virco-automatedtests/target/site/serenity/481bc60c8e1753c36167a06d3e94715ec6bdb3bc0fa2de75bc3b701c703a0740.jsonbeb7f6a0-be85-45eb-aefd-17393ad7375f)
[pool-1-thread-1] INFO net.thucydides.core.reports.json.JSONTestOutcomeReporter - Generating JSON report for VIR-132.01 Verify that the content admin can add restriction for the desired customizations. to file /Users/rodionsavchuk/hybrisAutomation/virco-automatedtests/target/site/serenity/012fbd4c99dbed94980068932c3b9900aa40fcbd0f147abb3c9b18198ccfee2c.json (using temp file /Users/rodionsavchuk/hybrisAutomation/virco-automatedtests/target/site/serenity/012fbd4c99dbed94980068932c3b9900aa40fcbd0f147abb3c9b18198ccfee2c.jsonbe3fc0b6-cb57-4afd-8938-14cb0f7e9416)
[pool-1-thread-3] INFO net.thucydides.core.reports.json.JSONTestOutcomeReporter - Generating JSON report for VIR-132.02 Verify that the content admin can edit restriction for the desired customizations. to file /Users/rodionsavchuk/hybrisAutomation/virco-automatedtests/target/site/serenity/21c25b56faab758e879fe49e985016e5e5212c7b9214f355a35317a785ad4edd.json (using temp file /Users/rodionsavchuk/hybrisAutomation/virco-automatedtests/target/site/serenity/21c25b56faab758e879fe49e985016e5e5212c7b9214f355a35317a785ad4edd.jsonf0fdd022-0ea0-4e6d-b869-e14fbbce66bf)
[pool-1-thread-4] INFO net.thucydides.core.reports.json.JSONTestOutcomeReporter - Generating JSON report for VIR-132.03 Verify that the content admin can delete restriction for the desired customizations. to file /Users/rodionsavchuk/hybrisAutomation/virco-automatedtests/target/site/serenity/f6bd8472778e2535a4b9144aa99d3240dacf17fdc0647b30ce75c3b787f53d15.json (using temp file /Users/rodionsavchuk/hybrisAutomation/virco-automatedtests/target/site/serenity/f6bd8472778e2535a4b9144aa99d3240dacf17fdc0647b30ce75c3b787f53d15.jsondffd3556-8cc8-4f66-ac17-c1b39a98386a)
[pool-1-thread-2] INFO net.thucydides.core.reports.json.JSONTestOutcomeReporter - Generating JSON report for VIR-133.01 Verify that the content admin can delete the banner, title and categories through the WCMS to file /Users/rodionsavchuk/hybrisAutomation/virco-automatedtests/target/site/serenity/d10c471b31104c36cff5887c55a7bc150eababcb1937fa5a395a48f11580da2f.json (using temp file /Users/rodionsavchuk/hybrisAutomation/virco-automatedtests/target/site/serenity/d10c471b31104c36cff5887c55a7bc150eababcb1937fa5a395a48f11580da2f.json6f514ad0-6e96-4b1f-97b1-328a21d7793f)
[pool-1-thread-1] INFO net.thucydides.core.reports.json.JSONTestOutcomeReporter - Generating JSON report for VIR-132.04 Verify that the restrictions can be added to the following to file /Users/rodionsavchuk/hybrisAutomation/virco-automatedtests/target/site/serenity/bb312434987ad8333f1a82d90084aa3d1109fed7e9f40f25770d63e0cb749be9.json (using temp file /Users/rodionsavchuk/hybrisAutomation/virco-automatedtests/target/site/serenity/bb312434987ad8333f1a82d90084aa3d1109fed7e9f40f25770d63e0cb749be9.json9edb8c3b-ef73-4e42-af8f-f7c30996053e)
[pool-1-thread-3] INFO net.thucydides.core.reports.json.JSONTestOutcomeReporter - Generating JSON report for VIR-133.02 Verify that the content admin can add the banner, title and categories through the WCMS to file /Users/rodionsavchuk/hybrisAutomation/virco-automatedtests/target/site/serenity/3bb00edc8b11547b9ac39ca5a5696c45f1e0d290628ccd73684e0832986f1e71.json (using temp file /Users/rodionsavchuk/hybrisAutomation/virco-automatedtests/target/site/serenity/3bb00edc8b11547b9ac39ca5a5696c45f1e0d290628ccd73684e0832986f1e71.json469f76ad-89d4-494f-9953-9f6dc3f31f43)
[pool-1-thread-4] INFO net.thucydides.core.reports.html.HtmlAcceptanceTestReporter - GENERATING HTML REPORT FOR CNT-1 - WCMS Site Maintenance:VIR-128.01 Verify that the OOTB Hybris is configured in f9e291a91d7fb0708996a6c172c79994e2f3e3dc027f9c744e43835d2210c73e.html in directory target/site/serenity  
[pool-1-thread-1] INFO net.thucydides.core.reports.html.HtmlAcceptanceTestReporter - GENERATING HTML REPORT FOR CNT-2 - Component Maintenance:VIR-129.02 Verify that the content admin can promo message by using template in 5c582eac1cc160864035d84f14577b2a4b307d178776baf5d94402a8f33a570b.html in directory target/site/serenity  
[pool-1-thread-4] INFO net.thucydides.core.reports.html.HtmlAcceptanceTestReporter - GENERATING HTML REPORT FOR CNT-2 - Component Maintenance:VIR-129.03 Verify that the content admin can add installation slot by using template in e2ad5898b62d8e77d283000b0832f5fb0d67d58608b2ea1e947bdb3eaa4f7f13.html in directory target/site/serenity  
[pool-1-thread-4] INFO net.thucydides.core.reports.html.HtmlAcceptanceTestReporter - GENERATING HTML REPORT FOR CNT-2 - Component Maintenance:VIR-129.06 Verify that the content admin can add a popular category on the template page in 4cb24bf6eab810d97c001f653ce7ec4c2620e8ef80649c431bc47d31554e7dfa.html in directory target/site/serenity  
[pool-1-thread-1] INFO net.thucydides.core.reports.html.HtmlAcceptanceTestReporter - GENERATING HTML REPORT FOR CNT-2 - Component Maintenance:VIR-129.05 Verify that the content admin can add a quick ship component on the template page in 03a37ae243f19fd5e4074c51364f3accdea994f94fbe9bfc0888dbf6b3fcb296.html in directory target/site/serenity  
[pool-1-thread-2] INFO net.thucydides.core.reports.html.HtmlAcceptanceTestReporter - GENERATING HTML REPORT FOR CNT-2 - Component Maintenance:VIR-129.01 Verify that the content admin can add a rotating theme by using template in 2baaeb277c29c1f85062130a60bafea2167a5c2dd87a93c69ad94698238c35ee.html in directory target/site/serenity  
[pool-1-thread-3] INFO net.thucydides.core.reports.html.HtmlAcceptanceTestReporter - GENERATING HTML REPORT FOR CNT-2 - Component Maintenance:VIR-129.04 Verify that the content admin can add a product recommendation component on the page template by using template in 2568cbeed2bdf1850ea694b2c61bf8c9430c3ac453a0d1b2f15e169595434015.html in directory target/site/serenity  
[pool-1-thread-1] INFO net.thucydides.core.reports.html.HtmlAcceptanceTestReporter - GENERATING HTML REPORT FOR CNT-2 - Component Maintenance:VIR-129.07 Verify that the content admin can add a product images component on the template page in b14d7ddd1213e2b3e327a1da59a5f30243e7b1413ece781e8217d0475b1d4ba5.html in directory target/site/serenity  
[pool-1-thread-2] INFO net.thucydides.core.reports.html.HtmlAcceptanceTestReporter - GENERATING HTML REPORT FOR CNT-2 - Component Maintenance:VIR-129.08 Verify that the content admin can edit promo message/popular category. in 0b72d581cee195fdedb17f43f946f9e8a6bd5762bb612b26fbaf09d9905941a0.html in directory target/site/serenity  
[pool-1-thread-4] INFO net.thucydides.core.reports.html.HtmlAcceptanceTestReporter - GENERATING HTML REPORT FOR CNT-2 - Component Maintenance:VIR-129.09 Verify that the content admin can delete promo message/popular category. in e3f11c0e315cea47d82b81aeec1d5d4ec6688676c143e6c8bd85b536ee39abf1.html in directory target/site/serenity  
[pool-1-thread-3] INFO net.thucydides.core.reports.html.HtmlAcceptanceTestReporter - GENERATING HTML REPORT FOR CNT-2 - Component Maintenance:VIR-129.10 Verify that the site has a look, configured by content admin in 100947bcc68d92490597dd6eed62bf55d5857e1335d30b52c2a0a2894d214fe7.html in directory target/site/serenity  
[pool-1-thread-4] INFO net.thucydides.core.reports.html.HtmlAcceptanceTestReporter - GENERATING HTML REPORT FOR CNT-2 - Component Maintenance:VIR-166.02 Verify that the each Banner has Rotating Theme, promotional message and installation slots in 0608016defba6ce482ab704a7f99aa4784d409932878aab3566e62c6acd4c3be.html in directory target/site/serenity  
[pool-1-thread-2] INFO net.thucydides.core.reports.html.HtmlAcceptanceTestReporter - GENERATING HTML REPORT FOR CNT-2 - Component Maintenance:VIR-166.03 Verify that the changes applied to the home page on the WCMS are shown on the site in b9eb3619ad92be0ca6909f8288eb5393e840f6227de55c87423f32dd621971c6.html in directory target/site/serenity  
[pool-1-thread-1] INFO net.thucydides.core.reports.html.HtmlAcceptanceTestReporter - GENERATING HTML REPORT FOR CNT-2 - Component Maintenance:VIR-166.01 Verify the rotating carousel is added on the home page in 41045224dd55f49d371e9fd4a455c28d0acc2a203f1c37c0d89de600b26d38ef.html in directory target/site/serenity  
[pool-1-thread-3] INFO net.thucydides.core.reports.html.HtmlAcceptanceTestReporter - GENERATING HTML REPORT FOR CNT-2 - Component Maintenance:VIR-166.04 Verify changes on the site in 5f43c632221e66e649cb566b95c8c39021872b2cfde3c52fd524b9428955bf6f.html in directory target/site/serenity  
[pool-1-thread-4] INFO net.thucydides.core.reports.html.HtmlAcceptanceTestReporter - GENERATING HTML REPORT FOR CNT-2 - Component Maintenance:VIR-166.04 Verify installation slot in edcb380d350a80cdf46587ae5741ec066978cdd8e0c97472caf730194b651304.html in directory target/site/serenity  
[pool-1-thread-3] INFO net.thucydides.core.reports.html.HtmlAcceptanceTestReporter - GENERATING HTML REPORT FOR CNT-2 - Component Maintenance:VIR-166.06 Return changes for carousel in 666f9c30485604a0d8f915e21943e7e88d01015ce9092eafebcdb74a2aa69881.html in directory target/site/serenity  
[pool-1-thread-4] INFO net.thucydides.core.reports.html.HtmlAcceptanceTestReporter - GENERATING HTML REPORT FOR CNT-3 - Banners:VIR-130.01 Verify that the content Admin can add new banner in bb79537bca7a8b871c5b64cd1153742bc23c54e46592c06f822f87770b2e8b8a.html in directory target/site/serenity  
[pool-1-thread-4] INFO net.thucydides.core.reports.html.HtmlAcceptanceTestReporter - GENERATING HTML REPORT FOR CNT-3 - Banners:VIR-130.02 Verify that the content admin can edit the banner in 8473ae2e239acb5c9594f6482f5f79bb4500c946dd2d245bf5d2caa427a8a26f.html in directory target/site/serenity  
[pool-1-thread-3] INFO net.thucydides.core.reports.html.HtmlAcceptanceTestReporter - GENERATING HTML REPORT FOR CNT-3 - Banners:VIR-130.04 Verify that the site has a look, configured by content admin in 095ee6a7aed460c2ab7447a892b708f667ca6eb3d2b246703cb79d76aaa66edd.html in directory target/site/serenity  
[pool-1-thread-1] INFO net.thucydides.core.reports.html.HtmlAcceptanceTestReporter - GENERATING HTML REPORT FOR CNT-3 - Banners:VIR-130.03 Verify that the content admin can delete the banner in b41d3443e6a4853ebf7ef1692db7b2b9a12b9d62f5b7166287c8c85636ccdf3f.html in directory target/site/serenity  
[pool-1-thread-3] INFO net.thucydides.core.reports.html.HtmlAcceptanceTestReporter - GENERATING HTML REPORT FOR CNT-4 - Security Compliance:VIR-131.02 Verify that the content Admin can delete terms, security and compliance in ceb7302073899bbe72c923c378b3dfb15f405875b937887a17bf4cff9988ce11.html in directory target/site/serenity  
[pool-1-thread-1] INFO net.thucydides.core.reports.html.HtmlAcceptanceTestReporter - GENERATING HTML REPORT FOR CNT-4 - Security Compliance:VIR-131.03 Verify that the content Admin can add terms, security and compliance in afbc2d2c12a820e7bd8ff57fd665dcbf835c82e12b10214fa792d713e6b209c6.html in directory target/site/serenity  
[pool-1-thread-3] INFO net.thucydides.core.reports.html.HtmlAcceptanceTestReporter - GENERATING HTML REPORT FOR CNT-4 - Security Compliance:VIR-131.05 Return changes in 481bc60c8e1753c36167a06d3e94715ec6bdb3bc0fa2de75bc3b701c703a0740.html in directory target/site/serenity  
[pool-1-thread-1] INFO net.thucydides.core.reports.html.HtmlAcceptanceTestReporter - GENERATING HTML REPORT FOR CNT-5 - Brand Management:VIR-132.01 Verify that the content admin can add restriction for the desired customizations. in 012fbd4c99dbed94980068932c3b9900aa40fcbd0f147abb3c9b18198ccfee2c.html in directory target/site/serenity  
[pool-1-thread-2] INFO net.thucydides.core.reports.html.HtmlAcceptanceTestReporter - GENERATING HTML REPORT FOR CNT-4 - Security Compliance:VIR-131.04 Verify that the content Admin can edit terms, security and compliance in 11123f2712ee38abf08a7255e58490510ce459b677c6317a48c1c5a02bad5899.html in directory target/site/serenity  
[pool-1-thread-1] INFO net.thucydides.core.reports.html.HtmlAcceptanceTestReporter - GENERATING HTML REPORT FOR CNT-5 - Brand Management:VIR-132.02 Verify that the content admin can edit restriction for the desired customizations. in 21c25b56faab758e879fe49e985016e5e5212c7b9214f355a35317a785ad4edd.html in directory target/site/serenity  
[pool-1-thread-3] INFO net.thucydides.core.reports.html.HtmlAcceptanceTestReporter - GENERATING HTML REPORT FOR CNT-5 - Brand Management:VIR-132.03 Verify that the content admin can delete restriction for the desired customizations. in f6bd8472778e2535a4b9144aa99d3240dacf17fdc0647b30ce75c3b787f53d15.html in directory target/site/serenity  
[pool-1-thread-4] INFO net.thucydides.core.reports.html.HtmlAcceptanceTestReporter - GENERATING HTML REPORT FOR CNT-4 - Security Compliance:VIR-375.01 Unable to open the "Verisign terms and policy" page except through the Contact Us page in 3d31ca4ca17ccedf663fa492c24dc92f29157766fcfb628ecd61645c9255a53a.html in directory target/site/serenity  
[pool-1-thread-1] INFO net.thucydides.core.reports.html.HtmlAcceptanceTestReporter - GENERATING HTML REPORT FOR CNT-5 - Brand Management:VIR-132.04 Verify that the restrictions can be added to the following in bb312434987ad8333f1a82d90084aa3d1109fed7e9f40f25770d63e0cb749be9.html in directory target/site/serenity  
[pool-1-thread-2] INFO net.thucydides.core.reports.html.HtmlAcceptanceTestReporter - GENERATING HTML REPORT FOR CNT-6 - Content Slots:VIR-133.01 Verify that the content admin can delete the banner, title and categories through the WCMS in d10c471b31104c36cff5887c55a7bc150eababcb1937fa5a395a48f11580da2f.html in directory target/site/serenity  
[pool-1-thread-3] INFO net.thucydides.core.reports.html.HtmlAcceptanceTestReporter - GENERATING HTML REPORT FOR CNT-6 - Content Slots:VIR-133.02 Verify that the content admin can add the banner, title and categories through the WCMS in 3bb00edc8b11547b9ac39ca5a5696c45f1e0d290628ccd73684e0832986f1e71.html in directory target/site/serenity  
[main] INFO net.serenitybdd.core.Serenity - 
 _____ _____ ____ _____   ____ _____  _    ____ _____ _____ ____  
|_   _| ____/ ___|_   _| / ___|_   _|/ \  |  _ \_   _| ____|  _ \ 
  | | |  _| \___ \ | |   \___ \ | | / _ \ | |_) || | |  _| | | | |
  | | | |___ ___) || |    ___) || |/ ___ \|  _ < | | | |___| |_| |
  |_| |_____|____/ |_|   |____/ |_/_/   \_\_| \_\|_| |_____|____/ 
                                                                  

TEST STARTED: VIR-133.03 Verify that the content admin can edit the banner, title and categories through the WCMS
-------------------------------------------------------------------(cnt-6---content-slots;vir-133.03-verify-that-the-content-admin-can-edit-the-banner,-title-and-categories-through-the-wcms)
[main] INFO net.serenitybdd.core.Serenity - STARTING STEP Given open "CMS" page
[main] INFO net.serenitybdd.core.Serenity - STARTING STEP Open management page: CMS
[main] INFO net.serenitybdd.core.Serenity - STEP ERROR: net.serenitybdd.core.exceptions.SerenityManagedException: Could not initialize class com.virco.locators.SiteData
]]></system-err>
  </testcase>
  <testcase name="Scenario: VIR-133.03 Verify that the content admin can edit the banner, title and categories through the WCMS" classname="Scenario: VIR-133.03 Verify that the content admin can edit the banner, title and categories through the WCMS" time="0.003">
    <error message="Could not initialize class com.virco.locators.SiteData" type="net.serenitybdd.core.exceptions.SerenityManagedException"><![CDATA[net.serenitybdd.core.exceptions.SerenityManagedException: Could not initialize class com.virco.locators.SiteData
	at com.virco.steps.serenity.CommonUserSteps.openManagementPage(CommonUserSteps.java:26)
	at com.virco.steps.serenity.CommonUserSteps$$EnhancerByCGLIB$$d8541bfa.CGLIB$openManagementPage$7(<generated>)
	at com.virco.steps.serenity.CommonUserSteps$$EnhancerByCGLIB$$d8541bfa$$FastClassByCGLIB$$ea8e0f86.invoke(<generated>)
	at net.sf.cglib.proxy.MethodProxy.invokeSuper(MethodProxy.java:228)
	at net.thucydides.core.steps.StepInterceptor.invokeMethod(StepInterceptor.java:372)
	at net.thucydides.core.steps.StepInterceptor.executeTestStepMethod(StepInterceptor.java:357)
	at net.thucydides.core.steps.StepInterceptor.runTestStep(StepInterceptor.java:332)
	at net.thucydides.core.steps.StepInterceptor.testStepResult(StepInterceptor.java:134)
	at net.thucydides.core.steps.StepInterceptor.intercept(StepInterceptor.java:61)
	at com.virco.steps.serenity.CommonUserSteps$$EnhancerByCGLIB$$d8541bfa.openManagementPage(<generated>)
	at com.virco.steps.CommonDefinitionSteps.openPage(CommonDefinitionSteps.java:22)
	at sun.reflect.NativeMethodAccessorImpl.invoke0(Native Method)
	at sun.reflect.NativeMethodAccessorImpl.invoke(NativeMethodAccessorImpl.java:62)
	at sun.reflect.DelegatingMethodAccessorImpl.invoke(DelegatingMethodAccessorImpl.java:43)
	at java.lang.reflect.Method.invoke(Method.java:498)
	at cucumber.runtime.Utils$1.call(Utils.java:40)
	at cucumber.runtime.Timeout.timeout(Timeout.java:16)
	at cucumber.runtime.Utils.invoke(Utils.java:34)
	at cucumber.runtime.java.JavaStepDefinition.execute(JavaStepDefinition.java:38)
	at cucumber.runtime.StepDefinitionMatch.runStep(StepDefinitionMatch.java:37)
	at cucumber.runtime.Runtime.runStep(Runtime.java:300)
	at cucumber.runtime.model.StepContainer.runStep(StepContainer.java:44)
	at cucumber.runtime.model.StepContainer.runSteps(StepContainer.java:39)
	at cucumber.runtime.model.CucumberScenario.run(CucumberScenario.java:44)
	at cucumber.runtime.junit.ExecutionUnitRunner.run(ExecutionUnitRunner.java:102)
	at cucumber.runtime.junit.FeatureRunner.runChild(FeatureRunner.java:63)
	at cucumber.runtime.junit.FeatureRunner.runChild(FeatureRunner.java:18)
	at org.junit.runners.ParentRunner$3.run(ParentRunner.java:290)
	at org.junit.runners.ParentRunner$1.schedule(ParentRunner.java:71)
	at org.junit.runners.ParentRunner.runChildren(ParentRunner.java:288)
	at org.junit.runners.ParentRunner.access$000(ParentRunner.java:58)
	at org.junit.runners.ParentRunner$2.evaluate(ParentRunner.java:268)
	at org.junit.runners.ParentRunner.run(ParentRunner.java:363)
	at cucumber.runtime.junit.FeatureRunner.run(FeatureRunner.java:70)
	at cucumber.api.junit.Cucumber.runChild(Cucumber.java:95)
	at cucumber.api.junit.Cucumber.runChild(Cucumber.java:38)
	at org.junit.runners.ParentRunner$3.run(ParentRunner.java:290)
	at org.junit.runners.ParentRunner$1.schedule(ParentRunner.java:71)
	at org.junit.runners.ParentRunner.runChildren(ParentRunner.java:288)
	at org.junit.runners.ParentRunner.access$000(ParentRunner.java:58)
	at org.junit.runners.ParentRunner$2.evaluate(ParentRunner.java:268)
	at org.junit.runners.ParentRunner.run(ParentRunner.java:363)
	at cucumber.api.junit.Cucumber.run(Cucumber.java:100)
	at org.apache.maven.surefire.junit4.JUnit4Provider.execute(JUnit4Provider.java:283)
	at org.apache.maven.surefire.junit4.JUnit4Provider.executeWithRerun(JUnit4Provider.java:173)
	at org.apache.maven.surefire.junit4.JUnit4Provider.executeTestSet(JUnit4Provider.java:153)
	at org.apache.maven.surefire.junit4.JUnit4Provider.invoke(JUnit4Provider.java:128)
	at org.apache.maven.surefire.booter.ForkedBooter.invokeProviderInSameClassLoader(ForkedBooter.java:203)
	at org.apache.maven.surefire.booter.ForkedBooter.runSuitesInProcess(ForkedBooter.java:155)
	at org.apache.maven.surefire.booter.ForkedBooter.main(ForkedBooter.java:103)
]]></error>
  </testcase>
  <testcase name="When login as &quot;cmsmanager&quot;" classname="Scenario: VIR-133.03 Verify that the content admin can edit the banner, title and categories through the WCMS" time="0">
    <skipped/>
    <system-err><![CDATA[[main] INFO net.serenitybdd.core.Serenity - STEP ERROR: java.lang.NoClassDefFoundError: Could not initialize class com.virco.locators.SiteData
[main] INFO net.serenitybdd.core.Serenity - STARTING STEP When login as "cmsmanager"
]]></system-err>
  </testcase>
  <testcase name="When select &quot;Staged&quot; content catalog" classname="Scenario: VIR-133.03 Verify that the content admin can edit the banner, title and categories through the WCMS" time="0">
    <skipped/>
    <system-err><![CDATA[[main] INFO net.serenitybdd.core.Serenity - IGNORING STEP
[main] INFO net.serenitybdd.core.Serenity - STARTING STEP When select "Staged" content catalog
]]></system-err>
  </testcase>
  <testcase name="When search for &quot;Home&quot; content" classname="Scenario: VIR-133.03 Verify that the content admin can edit the banner, title and categories through the WCMS" time="0">
    <skipped/>
    <system-err><![CDATA[[main] INFO net.serenitybdd.core.Serenity - IGNORING STEP
[main] INFO net.serenitybdd.core.Serenity - STARTING STEP When search for "Home" content
]]></system-err>
  </testcase>
  <testcase name="When double click on &quot;homepage&quot; content page" classname="Scenario: VIR-133.03 Verify that the content admin can edit the banner, title and categories through the WCMS" time="0">
    <skipped/>
    <system-err><![CDATA[[main] INFO net.serenitybdd.core.Serenity - IGNORING STEP
[main] INFO net.serenitybdd.core.Serenity - STARTING STEP When double click on "homepage" content page
]]></system-err>
  </testcase>
  <testcase name="When click on &quot;Edit&quot; button in &quot;TopBodyContent&quot; slot" classname="Scenario: VIR-133.03 Verify that the content admin can edit the banner, title and categories through the WCMS" time="0">
    <skipped/>
    <system-err><![CDATA[[main] INFO net.serenitybdd.core.Serenity - IGNORING STEP
[main] INFO net.serenitybdd.core.Serenity - STARTING STEP When click on "Edit" button in "TopBodyContent" slot
]]></system-err>
  </testcase>
  <testcase name="When enter &quot;Test banner component&quot; in &quot;Headline:&quot; editor field" classname="Scenario: VIR-133.03 Verify that the content admin can edit the banner, title and categories through the WCMS" time="0">
    <skipped/>
    <system-err><![CDATA[[main] INFO net.serenitybdd.core.Serenity - IGNORING STEP
[main] INFO net.serenitybdd.core.Serenity - STARTING STEP When enter "Test banner component" in "Headline:" editor field
]]></system-err>
  </testcase>
  <testcase name="When enter &quot;BannerTest&quot; in content component editor" classname="Scenario: VIR-133.03 Verify that the content admin can edit the banner, title and categories through the WCMS" time="0">
    <skipped/>
    <system-err><![CDATA[[main] INFO net.serenitybdd.core.Serenity - IGNORING STEP
[main] INFO net.serenitybdd.core.Serenity - STARTING STEP When enter "BannerTest" in content component editor
]]></system-err>
  </testcase>
  <testcase name="When synchronize the product" classname="Scenario: VIR-133.03 Verify that the content admin can edit the banner, title and categories through the WCMS" time="0">
    <skipped/>
    <system-err><![CDATA[[main] INFO net.serenitybdd.core.Serenity - IGNORING STEP
[main] INFO net.serenitybdd.core.Serenity - STARTING STEP When synchronize the product
]]></system-err>
  </testcase>
  <testcase name="Then the action button title is &quot;Status: Synchronized&quot;" classname="Scenario: VIR-133.03 Verify that the content admin can edit the banner, title and categories through the WCMS" time="0">
    <skipped/>
    <system-err><![CDATA[[main] INFO net.serenitybdd.core.Serenity - IGNORING STEP
[main] INFO net.serenitybdd.core.Serenity - STARTING STEP Then the action button title is "Status: Synchronized"
]]></system-err>
  </testcase>
  <testcase name="Given open the site and login" classname="Scenario: VIR-133.04 Verify that the Banner is shown to the shopper on the home page" time="0.001">
    <error message="Could not initialize class com.virco.locators.SiteData" type="net.serenitybdd.core.exceptions.SerenityManagedException"><![CDATA[net.serenitybdd.core.exceptions.SerenityManagedException: Could not initialize class com.virco.locators.SiteData
	at com.virco.steps.serenity.CommonUserSteps.openTheSite(CommonUserSteps.java:19)
	at com.virco.steps.serenity.CommonUserSteps$$EnhancerByCGLIB$$d8541bfa.CGLIB$openTheSite$6(<generated>)
	at com.virco.steps.serenity.CommonUserSteps$$EnhancerByCGLIB$$d8541bfa$$FastClassByCGLIB$$ea8e0f86.invoke(<generated>)
	at net.sf.cglib.proxy.MethodProxy.invokeSuper(MethodProxy.java:228)
	at net.thucydides.core.steps.StepInterceptor.invokeMethod(StepInterceptor.java:372)
	at net.thucydides.core.steps.StepInterceptor.executeTestStepMethod(StepInterceptor.java:357)
	at net.thucydides.core.steps.StepInterceptor.runTestStep(StepInterceptor.java:332)
	at net.thucydides.core.steps.StepInterceptor.testStepResult(StepInterceptor.java:134)
	at net.thucydides.core.steps.StepInterceptor.intercept(StepInterceptor.java:61)
	at com.virco.steps.serenity.CommonUserSteps$$EnhancerByCGLIB$$d8541bfa.openTheSite(<generated>)
	at com.virco.steps.CommonDefinitionSteps.openTheSiteAndLogin(CommonDefinitionSteps.java:72)
	at sun.reflect.GeneratedMethodAccessor143.invoke(Unknown Source)
	at sun.reflect.DelegatingMethodAccessorImpl.invoke(DelegatingMethodAccessorImpl.java:43)
	at java.lang.reflect.Method.invoke(Method.java:498)
	at cucumber.runtime.Utils$1.call(Utils.java:40)
	at cucumber.runtime.Timeout.timeout(Timeout.java:16)
	at cucumber.runtime.Utils.invoke(Utils.java:34)
	at cucumber.runtime.java.JavaStepDefinition.execute(JavaStepDefinition.java:38)
	at cucumber.runtime.StepDefinitionMatch.runStep(StepDefinitionMatch.java:37)
	at cucumber.runtime.Runtime.runStep(Runtime.java:300)
	at cucumber.runtime.model.StepContainer.runStep(StepContainer.java:44)
	at cucumber.runtime.model.StepContainer.runSteps(StepContainer.java:39)
	at cucumber.runtime.model.CucumberScenario.run(CucumberScenario.java:44)
	at cucumber.runtime.junit.ExecutionUnitRunner.run(ExecutionUnitRunner.java:102)
	at cucumber.runtime.junit.FeatureRunner.runChild(FeatureRunner.java:63)
	at cucumber.runtime.junit.FeatureRunner.runChild(FeatureRunner.java:18)
	at org.junit.runners.ParentRunner$3.run(ParentRunner.java:290)
	at org.junit.runners.ParentRunner$1.schedule(ParentRunner.java:71)
	at org.junit.runners.ParentRunner.runChildren(ParentRunner.java:288)
	at org.junit.runners.ParentRunner.access$000(ParentRunner.java:58)
	at org.junit.runners.ParentRunner$2.evaluate(ParentRunner.java:268)
	at org.junit.runners.ParentRunner.run(ParentRunner.java:363)
	at cucumber.runtime.junit.FeatureRunner.run(FeatureRunner.java:70)
	at cucumber.api.junit.Cucumber.runChild(Cucumber.java:95)
	at cucumber.api.junit.Cucumber.runChild(Cucumber.java:38)
	at org.junit.runners.ParentRunner$3.run(ParentRunner.java:290)
	at org.junit.runners.ParentRunner$1.schedule(ParentRunner.java:71)
	at org.junit.runners.ParentRunner.runChildren(ParentRunner.java:288)
	at org.junit.runners.ParentRunner.access$000(ParentRunner.java:58)
	at org.junit.runners.ParentRunner$2.evaluate(ParentRunner.java:268)
	at org.junit.runners.ParentRunner.run(ParentRunner.java:363)
	at cucumber.api.junit.Cucumber.run(Cucumber.java:100)
	at org.apache.maven.surefire.junit4.JUnit4Provider.execute(JUnit4Provider.java:283)
	at org.apache.maven.surefire.junit4.JUnit4Provider.executeWithRerun(JUnit4Provider.java:173)
	at org.apache.maven.surefire.junit4.JUnit4Provider.executeTestSet(JUnit4Provider.java:153)
	at org.apache.maven.surefire.junit4.JUnit4Provider.invoke(JUnit4Provider.java:128)
	at org.apache.maven.surefire.booter.ForkedBooter.invokeProviderInSameClassLoader(ForkedBooter.java:203)
	at org.apache.maven.surefire.booter.ForkedBooter.runSuitesInProcess(ForkedBooter.java:155)
	at org.apache.maven.surefire.booter.ForkedBooter.main(ForkedBooter.java:103)
]]></error>
    <system-err><![CDATA[[main] INFO net.serenitybdd.core.Serenity - IGNORING STEP
[main] ERROR net.serenitybdd.core.Serenity - 
           __  _____ _____ ____ _____   _____ _    ___ _     _____ ____  
  _       / / |_   _| ____/ ___|_   _| |  ___/ \  |_ _| |   | ____|  _ \ 
 (_)_____| |    | | |  _| \___ \ | |   | |_ / _ \  | || |   |  _| | | | |
  _|_____| |    | | | |___ ___) || |   |  _/ ___ \ | || |___| |___| |_| |
 (_)     | |    |_| |_____|____/ |_|   |_|/_/   \_\___|_____|_____|____/ 
          \_\                                                            

TEST FAILED WITH ERROR: VIR-133.03 Verify that the content admin can edit the banner, title and categories through the WCMS
---------------------------------------------------------------------
[main] ERROR net.serenitybdd.core.Serenity - TEST FAILED AT STEP Open management page: CMS
[main] ERROR net.serenitybdd.core.Serenity - Could not initialize class com.virco.locators.SiteData
[pool-1-thread-2] INFO net.thucydides.core.reports.json.JSONTestOutcomeReporter - Generating JSON report for VIR-129.02 Verify that the content admin can promo message by using template to file /Users/rodionsavchuk/hybrisAutomation/virco-automatedtests/target/site/serenity/5c582eac1cc160864035d84f14577b2a4b307d178776baf5d94402a8f33a570b.json (using temp file /Users/rodionsavchuk/hybrisAutomation/virco-automatedtests/target/site/serenity/5c582eac1cc160864035d84f14577b2a4b307d178776baf5d94402a8f33a570b.json9241b3ec-b416-4a96-bcf3-dd2bb7b1b2fc)
[pool-1-thread-3] INFO net.thucydides.core.reports.json.JSONTestOutcomeReporter - Generating JSON report for VIR-129.03 Verify that the content admin can add installation slot by using template to file /Users/rodionsavchuk/hybrisAutomation/virco-automatedtests/target/site/serenity/e2ad5898b62d8e77d283000b0832f5fb0d67d58608b2ea1e947bdb3eaa4f7f13.json (using temp file /Users/rodionsavchuk/hybrisAutomation/virco-automatedtests/target/site/serenity/e2ad5898b62d8e77d283000b0832f5fb0d67d58608b2ea1e947bdb3eaa4f7f13.json694e812f-c9af-47d3-a709-7bab13fd3bcb)
[pool-1-thread-4] INFO net.thucydides.core.reports.json.JSONTestOutcomeReporter - Generating JSON report for VIR-128.01 Verify that the OOTB Hybris is configured to file /Users/rodionsavchuk/hybrisAutomation/virco-automatedtests/target/site/serenity/f9e291a91d7fb0708996a6c172c79994e2f3e3dc027f9c744e43835d2210c73e.json (using temp file /Users/rodionsavchuk/hybrisAutomation/virco-automatedtests/target/site/serenity/f9e291a91d7fb0708996a6c172c79994e2f3e3dc027f9c744e43835d2210c73e.json0f04fc5a-4130-419f-a5b8-f3879e390c2e)
[pool-1-thread-1] INFO net.thucydides.core.reports.json.JSONTestOutcomeReporter - Generating JSON report for VIR-129.01 Verify that the content admin can add a rotating theme by using template to file /Users/rodionsavchuk/hybrisAutomation/virco-automatedtests/target/site/serenity/2baaeb277c29c1f85062130a60bafea2167a5c2dd87a93c69ad94698238c35ee.json (using temp file /Users/rodionsavchuk/hybrisAutomation/virco-automatedtests/target/site/serenity/2baaeb277c29c1f85062130a60bafea2167a5c2dd87a93c69ad94698238c35ee.jsoncc57685a-6d25-42c3-801c-da3c297533b3)
[pool-1-thread-2] INFO net.thucydides.core.reports.json.JSONTestOutcomeReporter - Generating JSON report for VIR-129.04 Verify that the content admin can add a product recommendation component on the page template by using template to file /Users/rodionsavchuk/hybrisAutomation/virco-automatedtests/target/site/serenity/2568cbeed2bdf1850ea694b2c61bf8c9430c3ac453a0d1b2f15e169595434015.json (using temp file /Users/rodionsavchuk/hybrisAutomation/virco-automatedtests/target/site/serenity/2568cbeed2bdf1850ea694b2c61bf8c9430c3ac453a0d1b2f15e169595434015.jsona7c0d88f-aa55-4f2a-bd3b-7498b123b0b7)
[pool-1-thread-3] INFO net.thucydides.core.reports.json.JSONTestOutcomeReporter - Generating JSON report for VIR-129.05 Verify that the content admin can add a quick ship component on the template page to file /Users/rodionsavchuk/hybrisAutomation/virco-automatedtests/target/site/serenity/03a37ae243f19fd5e4074c51364f3accdea994f94fbe9bfc0888dbf6b3fcb296.json (using temp file /Users/rodionsavchuk/hybrisAutomation/virco-automatedtests/target/site/serenity/03a37ae243f19fd5e4074c51364f3accdea994f94fbe9bfc0888dbf6b3fcb296.json92bdd6e1-033a-4815-8faa-e758cb071c78)
[pool-1-thread-4] INFO net.thucydides.core.reports.json.JSONTestOutcomeReporter - Generating JSON report for VIR-129.07 Verify that the content admin can add a product images component on the template page to file /Users/rodionsavchuk/hybrisAutomation/virco-automatedtests/target/site/serenity/b14d7ddd1213e2b3e327a1da59a5f30243e7b1413ece781e8217d0475b1d4ba5.json (using temp file /Users/rodionsavchuk/hybrisAutomation/virco-automatedtests/target/site/serenity/b14d7ddd1213e2b3e327a1da59a5f30243e7b1413ece781e8217d0475b1d4ba5.jsonad95b6d0-034a-4ea9-bacb-1bd0563d6d21)
[pool-1-thread-2] INFO net.thucydides.core.reports.json.JSONTestOutcomeReporter - Generating JSON report for VIR-129.08 Verify that the content admin can edit promo message/popular category. to file /Users/rodionsavchuk/hybrisAutomation/virco-automatedtests/target/site/serenity/0b72d581cee195fdedb17f43f946f9e8a6bd5762bb612b26fbaf09d9905941a0.json (using temp file /Users/rodionsavchuk/hybrisAutomation/virco-automatedtests/target/site/serenity/0b72d581cee195fdedb17f43f946f9e8a6bd5762bb612b26fbaf09d9905941a0.json42230d7c-ecfe-4ea4-b184-16efeca78624)
[pool-1-thread-3] INFO net.thucydides.core.reports.json.JSONTestOutcomeReporter - Generating JSON report for VIR-129.09 Verify that the content admin can delete promo message/popular category. to file /Users/rodionsavchuk/hybrisAutomation/virco-automatedtests/target/site/serenity/e3f11c0e315cea47d82b81aeec1d5d4ec6688676c143e6c8bd85b536ee39abf1.json (using temp file /Users/rodionsavchuk/hybrisAutomation/virco-automatedtests/target/site/serenity/e3f11c0e315cea47d82b81aeec1d5d4ec6688676c143e6c8bd85b536ee39abf1.json8d4f8eb2-540d-420a-a921-b0366bb7f687)
[pool-1-thread-1] INFO net.thucydides.core.reports.json.JSONTestOutcomeReporter - Generating JSON report for VIR-129.06 Verify that the content admin can add a popular category on the template page to file /Users/rodionsavchuk/hybrisAutomation/virco-automatedtests/target/site/serenity/4cb24bf6eab810d97c001f653ce7ec4c2620e8ef80649c431bc47d31554e7dfa.json (using temp file /Users/rodionsavchuk/hybrisAutomation/virco-automatedtests/target/site/serenity/4cb24bf6eab810d97c001f653ce7ec4c2620e8ef80649c431bc47d31554e7dfa.jsoncb86e2df-1cce-481f-b59d-30227e965a9b)
[pool-1-thread-2] INFO net.thucydides.core.reports.json.JSONTestOutcomeReporter - Generating JSON report for VIR-129.10 Verify that the site has a look, configured by content admin to file /Users/rodionsavchuk/hybrisAutomation/virco-automatedtests/target/site/serenity/100947bcc68d92490597dd6eed62bf55d5857e1335d30b52c2a0a2894d214fe7.json (using temp file /Users/rodionsavchuk/hybrisAutomation/virco-automatedtests/target/site/serenity/100947bcc68d92490597dd6eed62bf55d5857e1335d30b52c2a0a2894d214fe7.json56325b1c-a61e-4cb4-8db4-483c1ab5741c)
[pool-1-thread-1] INFO net.thucydides.core.reports.json.JSONTestOutcomeReporter - Generating JSON report for VIR-166.02 Verify that the each Banner has Rotating Theme, promotional message and installation slots to file /Users/rodionsavchuk/hybrisAutomation/virco-automatedtests/target/site/serenity/0608016defba6ce482ab704a7f99aa4784d409932878aab3566e62c6acd4c3be.json (using temp file /Users/rodionsavchuk/hybrisAutomation/virco-automatedtests/target/site/serenity/0608016defba6ce482ab704a7f99aa4784d409932878aab3566e62c6acd4c3be.jsonf6bede59-4303-46d4-b599-97f4a47eed0c)
[pool-1-thread-4] INFO net.thucydides.core.reports.json.JSONTestOutcomeReporter - Generating JSON report for VIR-166.01 Verify the rotating carousel is added on the home page to file /Users/rodionsavchuk/hybrisAutomation/virco-automatedtests/target/site/serenity/41045224dd55f49d371e9fd4a455c28d0acc2a203f1c37c0d89de600b26d38ef.json (using temp file /Users/rodionsavchuk/hybrisAutomation/virco-automatedtests/target/site/serenity/41045224dd55f49d371e9fd4a455c28d0acc2a203f1c37c0d89de600b26d38ef.json6c38930f-9d40-454c-8c09-5c61e2e5f417)
[pool-1-thread-2] INFO net.thucydides.core.reports.json.JSONTestOutcomeReporter - Generating JSON report for VIR-166.04 Verify changes on the site to file /Users/rodionsavchuk/hybrisAutomation/virco-automatedtests/target/site/serenity/5f43c632221e66e649cb566b95c8c39021872b2cfde3c52fd524b9428955bf6f.json (using temp file /Users/rodionsavchuk/hybrisAutomation/virco-automatedtests/target/site/serenity/5f43c632221e66e649cb566b95c8c39021872b2cfde3c52fd524b9428955bf6f.jsonad813ba2-c3f9-4a1f-884e-118204265778)
[pool-1-thread-3] INFO net.thucydides.core.reports.json.JSONTestOutcomeReporter - Generating JSON report for VIR-166.03 Verify that the changes applied to the home page on the WCMS are shown on the site to file /Users/rodionsavchuk/hybrisAutomation/virco-automatedtests/target/site/serenity/b9eb3619ad92be0ca6909f8288eb5393e840f6227de55c87423f32dd621971c6.json (using temp file /Users/rodionsavchuk/hybrisAutomation/virco-automatedtests/target/site/serenity/b9eb3619ad92be0ca6909f8288eb5393e840f6227de55c87423f32dd621971c6.json3a9b4717-0b8c-47b1-8f76-1816d3b25d93)
[pool-1-thread-2] INFO net.thucydides.core.reports.json.JSONTestOutcomeReporter - Generating JSON report for VIR-166.04 Verify installation slot to file /Users/rodionsavchuk/hybrisAutomation/virco-automatedtests/target/site/serenity/edcb380d350a80cdf46587ae5741ec066978cdd8e0c97472caf730194b651304.json (using temp file /Users/rodionsavchuk/hybrisAutomation/virco-automatedtests/target/site/serenity/edcb380d350a80cdf46587ae5741ec066978cdd8e0c97472caf730194b651304.json7437bc8c-aad8-49f9-93c5-49eae7443e1b)
[pool-1-thread-1] INFO net.thucydides.core.reports.json.JSONTestOutcomeReporter - Generating JSON report for VIR-130.01 Verify that the content Admin can add new banner to file /Users/rodionsavchuk/hybrisAutomation/virco-automatedtests/target/site/serenity/bb79537bca7a8b871c5b64cd1153742bc23c54e46592c06f822f87770b2e8b8a.json (using temp file /Users/rodionsavchuk/hybrisAutomation/virco-automatedtests/target/site/serenity/bb79537bca7a8b871c5b64cd1153742bc23c54e46592c06f822f87770b2e8b8a.jsonf4bd3e32-a9c8-47fc-94b6-91fc16c08542)
[pool-1-thread-4] INFO net.thucydides.core.reports.json.JSONTestOutcomeReporter - Generating JSON report for VIR-166.06 Return changes for carousel to file /Users/rodionsavchuk/hybrisAutomation/virco-automatedtests/target/site/serenity/666f9c30485604a0d8f915e21943e7e88d01015ce9092eafebcdb74a2aa69881.json (using temp file /Users/rodionsavchuk/hybrisAutomation/virco-automatedtests/target/site/serenity/666f9c30485604a0d8f915e21943e7e88d01015ce9092eafebcdb74a2aa69881.jsoncc521f5d-92c8-4372-b36d-f743fce5366a)
[pool-1-thread-2] INFO net.thucydides.core.reports.json.JSONTestOutcomeReporter - Generating JSON report for VIR-130.03 Verify that the content admin can delete the banner to file /Users/rodionsavchuk/hybrisAutomation/virco-automatedtests/target/site/serenity/b41d3443e6a4853ebf7ef1692db7b2b9a12b9d62f5b7166287c8c85636ccdf3f.json (using temp file /Users/rodionsavchuk/hybrisAutomation/virco-automatedtests/target/site/serenity/b41d3443e6a4853ebf7ef1692db7b2b9a12b9d62f5b7166287c8c85636ccdf3f.json7f75f510-3baf-427e-b2d8-fc8d67e536ce)
[pool-1-thread-3] INFO net.thucydides.core.reports.json.JSONTestOutcomeReporter - Generating JSON report for VIR-130.02 Verify that the content admin can edit the banner to file /Users/rodionsavchuk/hybrisAutomation/virco-automatedtests/target/site/serenity/8473ae2e239acb5c9594f6482f5f79bb4500c946dd2d245bf5d2caa427a8a26f.json (using temp file /Users/rodionsavchuk/hybrisAutomation/virco-automatedtests/target/site/serenity/8473ae2e239acb5c9594f6482f5f79bb4500c946dd2d245bf5d2caa427a8a26f.json90a78ecd-222a-4dd4-a11f-fe389294802d)
[pool-1-thread-1] INFO net.thucydides.core.reports.json.JSONTestOutcomeReporter - Generating JSON report for VIR-130.04 Verify that the site has a look, configured by content admin to file /Users/rodionsavchuk/hybrisAutomation/virco-automatedtests/target/site/serenity/095ee6a7aed460c2ab7447a892b708f667ca6eb3d2b246703cb79d76aaa66edd.json (using temp file /Users/rodionsavchuk/hybrisAutomation/virco-automatedtests/target/site/serenity/095ee6a7aed460c2ab7447a892b708f667ca6eb3d2b246703cb79d76aaa66edd.json8c6fd1c0-9e98-4382-80c3-e461e9c7d082)
[pool-1-thread-2] INFO net.thucydides.core.reports.json.JSONTestOutcomeReporter - Generating JSON report for VIR-131.02 Verify that the content Admin can delete terms, security and compliance to file /Users/rodionsavchuk/hybrisAutomation/virco-automatedtests/target/site/serenity/ceb7302073899bbe72c923c378b3dfb15f405875b937887a17bf4cff9988ce11.json (using temp file /Users/rodionsavchuk/hybrisAutomation/virco-automatedtests/target/site/serenity/ceb7302073899bbe72c923c378b3dfb15f405875b937887a17bf4cff9988ce11.json954b71aa-73c2-4cab-b48a-74103e8a8ab4)
[pool-1-thread-4] INFO net.thucydides.core.reports.json.JSONTestOutcomeReporter - Generating JSON report for VIR-375.01 Unable to open the "Verisign terms and policy" page except through the Contact Us page to file /Users/rodionsavchuk/hybrisAutomation/virco-automatedtests/target/site/serenity/3d31ca4ca17ccedf663fa492c24dc92f29157766fcfb628ecd61645c9255a53a.json (using temp file /Users/rodionsavchuk/hybrisAutomation/virco-automatedtests/target/site/serenity/3d31ca4ca17ccedf663fa492c24dc92f29157766fcfb628ecd61645c9255a53a.json8325e291-8852-4d6c-ad46-13ceb6a19060)
[pool-1-thread-3] INFO net.thucydides.core.reports.json.JSONTestOutcomeReporter - Generating JSON report for VIR-131.03 Verify that the content Admin can add terms, security and compliance to file /Users/rodionsavchuk/hybrisAutomation/virco-automatedtests/target/site/serenity/afbc2d2c12a820e7bd8ff57fd665dcbf835c82e12b10214fa792d713e6b209c6.json (using temp file /Users/rodionsavchuk/hybrisAutomation/virco-automatedtests/target/site/serenity/afbc2d2c12a820e7bd8ff57fd665dcbf835c82e12b10214fa792d713e6b209c6.json60b8887d-4ce2-48a4-a8fc-55422e17a05b)
[pool-1-thread-1] INFO net.thucydides.core.reports.json.JSONTestOutcomeReporter - Generating JSON report for VIR-131.05 Return changes to file /Users/rodionsavchuk/hybrisAutomation/virco-automatedtests/target/site/serenity/481bc60c8e1753c36167a06d3e94715ec6bdb3bc0fa2de75bc3b701c703a0740.json (using temp file /Users/rodionsavchuk/hybrisAutomation/virco-automatedtests/target/site/serenity/481bc60c8e1753c36167a06d3e94715ec6bdb3bc0fa2de75bc3b701c703a0740.json973fea68-643d-4af8-b006-e7af363bc20e)
[pool-1-thread-2] INFO net.thucydides.core.reports.json.JSONTestOutcomeReporter - Generating JSON report for VIR-131.04 Verify that the content Admin can edit terms, security and compliance to file /Users/rodionsavchuk/hybrisAutomation/virco-automatedtests/target/site/serenity/11123f2712ee38abf08a7255e58490510ce459b677c6317a48c1c5a02bad5899.json (using temp file /Users/rodionsavchuk/hybrisAutomation/virco-automatedtests/target/site/serenity/11123f2712ee38abf08a7255e58490510ce459b677c6317a48c1c5a02bad5899.json1f42cc02-6f49-4c4b-9cc4-5810f99f9ae7)
[pool-1-thread-4] INFO net.thucydides.core.reports.json.JSONTestOutcomeReporter - Generating JSON report for VIR-132.01 Verify that the content admin can add restriction for the desired customizations. to file /Users/rodionsavchuk/hybrisAutomation/virco-automatedtests/target/site/serenity/012fbd4c99dbed94980068932c3b9900aa40fcbd0f147abb3c9b18198ccfee2c.json (using temp file /Users/rodionsavchuk/hybrisAutomation/virco-automatedtests/target/site/serenity/012fbd4c99dbed94980068932c3b9900aa40fcbd0f147abb3c9b18198ccfee2c.json98a621d2-295e-4c85-9c48-aef6492e3e3c)
[pool-1-thread-1] INFO net.thucydides.core.reports.json.JSONTestOutcomeReporter - Generating JSON report for VIR-132.04 Verify that the restrictions can be added to the following to file /Users/rodionsavchuk/hybrisAutomation/virco-automatedtests/target/site/serenity/bb312434987ad8333f1a82d90084aa3d1109fed7e9f40f25770d63e0cb749be9.json (using temp file /Users/rodionsavchuk/hybrisAutomation/virco-automatedtests/target/site/serenity/bb312434987ad8333f1a82d90084aa3d1109fed7e9f40f25770d63e0cb749be9.json100ed631-3fb8-4d53-bb0c-004a83f7f457)
[pool-1-thread-3] INFO net.thucydides.core.reports.json.JSONTestOutcomeReporter - Generating JSON report for VIR-132.03 Verify that the content admin can delete restriction for the desired customizations. to file /Users/rodionsavchuk/hybrisAutomation/virco-automatedtests/target/site/serenity/f6bd8472778e2535a4b9144aa99d3240dacf17fdc0647b30ce75c3b787f53d15.json (using temp file /Users/rodionsavchuk/hybrisAutomation/virco-automatedtests/target/site/serenity/f6bd8472778e2535a4b9144aa99d3240dacf17fdc0647b30ce75c3b787f53d15.jsonb2432f82-d684-4f65-8614-d9450e6057e5)
[pool-1-thread-2] INFO net.thucydides.core.reports.json.JSONTestOutcomeReporter - Generating JSON report for VIR-132.02 Verify that the content admin can edit restriction for the desired customizations. to file /Users/rodionsavchuk/hybrisAutomation/virco-automatedtests/target/site/serenity/21c25b56faab758e879fe49e985016e5e5212c7b9214f355a35317a785ad4edd.json (using temp file /Users/rodionsavchuk/hybrisAutomation/virco-automatedtests/target/site/serenity/21c25b56faab758e879fe49e985016e5e5212c7b9214f355a35317a785ad4edd.json6c1d7676-5536-4bfc-abb4-9549a722b290)
[pool-1-thread-4] INFO net.thucydides.core.reports.json.JSONTestOutcomeReporter - Generating JSON report for VIR-133.01 Verify that the content admin can delete the banner, title and categories through the WCMS to file /Users/rodionsavchuk/hybrisAutomation/virco-automatedtests/target/site/serenity/d10c471b31104c36cff5887c55a7bc150eababcb1937fa5a395a48f11580da2f.json (using temp file /Users/rodionsavchuk/hybrisAutomation/virco-automatedtests/target/site/serenity/d10c471b31104c36cff5887c55a7bc150eababcb1937fa5a395a48f11580da2f.json1571c4f7-543e-4c7a-afda-3d8b97ebeb64)
[pool-1-thread-1] INFO net.thucydides.core.reports.json.JSONTestOutcomeReporter - Generating JSON report for VIR-133.02 Verify that the content admin can add the banner, title and categories through the WCMS to file /Users/rodionsavchuk/hybrisAutomation/virco-automatedtests/target/site/serenity/3bb00edc8b11547b9ac39ca5a5696c45f1e0d290628ccd73684e0832986f1e71.json (using temp file /Users/rodionsavchuk/hybrisAutomation/virco-automatedtests/target/site/serenity/3bb00edc8b11547b9ac39ca5a5696c45f1e0d290628ccd73684e0832986f1e71.jsond42ae29a-8bd2-42cc-a96a-d5618d4be103)
[pool-1-thread-2] INFO net.thucydides.core.reports.json.JSONTestOutcomeReporter - Generating JSON report for VIR-133.03 Verify that the content admin can edit the banner, title and categories through the WCMS to file /Users/rodionsavchuk/hybrisAutomation/virco-automatedtests/target/site/serenity/bf784fb294e81a8a6ed3e34f569b9b326b48ffb8cfb4166224a8840cbf362e21.json (using temp file /Users/rodionsavchuk/hybrisAutomation/virco-automatedtests/target/site/serenity/bf784fb294e81a8a6ed3e34f569b9b326b48ffb8cfb4166224a8840cbf362e21.json87c01c2a-7e87-4eb1-9c40-cbaba1155d60)
[pool-1-thread-4] INFO net.thucydides.core.reports.html.HtmlAcceptanceTestReporter - GENERATING HTML REPORT FOR CNT-2 - Component Maintenance:VIR-129.01 Verify that the content admin can add a rotating theme by using template in 2baaeb277c29c1f85062130a60bafea2167a5c2dd87a93c69ad94698238c35ee.html in directory target/site/serenity  
[pool-1-thread-2] INFO net.thucydides.core.reports.html.HtmlAcceptanceTestReporter - GENERATING HTML REPORT FOR CNT-2 - Component Maintenance:VIR-129.02 Verify that the content admin can promo message by using template in 5c582eac1cc160864035d84f14577b2a4b307d178776baf5d94402a8f33a570b.html in directory target/site/serenity  
[pool-1-thread-1] INFO net.thucydides.core.reports.html.HtmlAcceptanceTestReporter - GENERATING HTML REPORT FOR CNT-2 - Component Maintenance:VIR-129.03 Verify that the content admin can add installation slot by using template in e2ad5898b62d8e77d283000b0832f5fb0d67d58608b2ea1e947bdb3eaa4f7f13.html in directory target/site/serenity  
[pool-1-thread-3] INFO net.thucydides.core.reports.html.HtmlAcceptanceTestReporter - GENERATING HTML REPORT FOR CNT-1 - WCMS Site Maintenance:VIR-128.01 Verify that the OOTB Hybris is configured in f9e291a91d7fb0708996a6c172c79994e2f3e3dc027f9c744e43835d2210c73e.html in directory target/site/serenity  
[pool-1-thread-2] INFO net.thucydides.core.reports.html.HtmlAcceptanceTestReporter - GENERATING HTML REPORT FOR CNT-2 - Component Maintenance:VIR-129.05 Verify that the content admin can add a quick ship component on the template page in 03a37ae243f19fd5e4074c51364f3accdea994f94fbe9bfc0888dbf6b3fcb296.html in directory target/site/serenity  
[pool-1-thread-4] INFO net.thucydides.core.reports.html.HtmlAcceptanceTestReporter - GENERATING HTML REPORT FOR CNT-2 - Component Maintenance:VIR-129.04 Verify that the content admin can add a product recommendation component on the page template by using template in 2568cbeed2bdf1850ea694b2c61bf8c9430c3ac453a0d1b2f15e169595434015.html in directory target/site/serenity  
[pool-1-thread-1] INFO net.thucydides.core.reports.html.HtmlAcceptanceTestReporter - GENERATING HTML REPORT FOR CNT-2 - Component Maintenance:VIR-129.06 Verify that the content admin can add a popular category on the template page in 4cb24bf6eab810d97c001f653ce7ec4c2620e8ef80649c431bc47d31554e7dfa.html in directory target/site/serenity  
[pool-1-thread-3] INFO net.thucydides.core.reports.html.HtmlAcceptanceTestReporter - GENERATING HTML REPORT FOR CNT-2 - Component Maintenance:VIR-129.07 Verify that the content admin can add a product images component on the template page in b14d7ddd1213e2b3e327a1da59a5f30243e7b1413ece781e8217d0475b1d4ba5.html in directory target/site/serenity  
[pool-1-thread-1] INFO net.thucydides.core.reports.html.HtmlAcceptanceTestReporter - GENERATING HTML REPORT FOR CNT-2 - Component Maintenance:VIR-129.08 Verify that the content admin can edit promo message/popular category. in 0b72d581cee195fdedb17f43f946f9e8a6bd5762bb612b26fbaf09d9905941a0.html in directory target/site/serenity  
[pool-1-thread-4] INFO net.thucydides.core.reports.html.HtmlAcceptanceTestReporter - GENERATING HTML REPORT FOR CNT-2 - Component Maintenance:VIR-129.09 Verify that the content admin can delete promo message/popular category. in e3f11c0e315cea47d82b81aeec1d5d4ec6688676c143e6c8bd85b536ee39abf1.html in directory target/site/serenity  
[pool-1-thread-2] INFO net.thucydides.core.reports.html.HtmlAcceptanceTestReporter - GENERATING HTML REPORT FOR CNT-2 - Component Maintenance:VIR-129.10 Verify that the site has a look, configured by content admin in 100947bcc68d92490597dd6eed62bf55d5857e1335d30b52c2a0a2894d214fe7.html in directory target/site/serenity  
[pool-1-thread-1] INFO net.thucydides.core.reports.html.HtmlAcceptanceTestReporter - GENERATING HTML REPORT FOR CNT-2 - Component Maintenance:VIR-166.01 Verify the rotating carousel is added on the home page in 41045224dd55f49d371e9fd4a455c28d0acc2a203f1c37c0d89de600b26d38ef.html in directory target/site/serenity  
[pool-1-thread-4] INFO net.thucydides.core.reports.html.HtmlAcceptanceTestReporter - GENERATING HTML REPORT FOR CNT-2 - Component Maintenance:VIR-166.02 Verify that the each Banner has Rotating Theme, promotional message and installation slots in 0608016defba6ce482ab704a7f99aa4784d409932878aab3566e62c6acd4c3be.html in directory target/site/serenity  
[pool-1-thread-2] INFO net.thucydides.core.reports.html.HtmlAcceptanceTestReporter - GENERATING HTML REPORT FOR CNT-2 - Component Maintenance:VIR-166.03 Verify that the changes applied to the home page on the WCMS are shown on the site in b9eb3619ad92be0ca6909f8288eb5393e840f6227de55c87423f32dd621971c6.html in directory target/site/serenity  
[pool-1-thread-1] INFO net.thucydides.core.reports.html.HtmlAcceptanceTestReporter - GENERATING HTML REPORT FOR CNT-2 - Component Maintenance:VIR-166.04 Verify changes on the site in 5f43c632221e66e649cb566b95c8c39021872b2cfde3c52fd524b9428955bf6f.html in directory target/site/serenity  
[pool-1-thread-1] INFO net.thucydides.core.reports.html.HtmlAcceptanceTestReporter - GENERATING HTML REPORT FOR CNT-2 - Component Maintenance:VIR-166.04 Verify installation slot in edcb380d350a80cdf46587ae5741ec066978cdd8e0c97472caf730194b651304.html in directory target/site/serenity  
[pool-1-thread-4] INFO net.thucydides.core.reports.html.HtmlAcceptanceTestReporter - GENERATING HTML REPORT FOR CNT-2 - Component Maintenance:VIR-166.06 Return changes for carousel in 666f9c30485604a0d8f915e21943e7e88d01015ce9092eafebcdb74a2aa69881.html in directory target/site/serenity  
[pool-1-thread-2] INFO net.thucydides.core.reports.html.HtmlAcceptanceTestReporter - GENERATING HTML REPORT FOR CNT-3 - Banners:VIR-130.01 Verify that the content Admin can add new banner in bb79537bca7a8b871c5b64cd1153742bc23c54e46592c06f822f87770b2e8b8a.html in directory target/site/serenity  
[pool-1-thread-1] INFO net.thucydides.core.reports.html.HtmlAcceptanceTestReporter - GENERATING HTML REPORT FOR CNT-3 - Banners:VIR-130.02 Verify that the content admin can edit the banner in 8473ae2e239acb5c9594f6482f5f79bb4500c946dd2d245bf5d2caa427a8a26f.html in directory target/site/serenity  
[pool-1-thread-1] INFO net.thucydides.core.reports.html.HtmlAcceptanceTestReporter - GENERATING HTML REPORT FOR CNT-3 - Banners:VIR-130.04 Verify that the site has a look, configured by content admin in 095ee6a7aed460c2ab7447a892b708f667ca6eb3d2b246703cb79d76aaa66edd.html in directory target/site/serenity  
[pool-1-thread-2] INFO net.thucydides.core.reports.html.HtmlAcceptanceTestReporter - GENERATING HTML REPORT FOR CNT-3 - Banners:VIR-130.03 Verify that the content admin can delete the banner in b41d3443e6a4853ebf7ef1692db7b2b9a12b9d62f5b7166287c8c85636ccdf3f.html in directory target/site/serenity  
[pool-1-thread-3] INFO net.thucydides.core.reports.html.HtmlAcceptanceTestReporter - GENERATING HTML REPORT FOR CNT-4 - Security Compliance:VIR-375.01 Unable to open the "Verisign terms and policy" page except through the Contact Us page in 3d31ca4ca17ccedf663fa492c24dc92f29157766fcfb628ecd61645c9255a53a.html in directory target/site/serenity  
[pool-1-thread-4] INFO net.thucydides.core.reports.html.HtmlAcceptanceTestReporter - GENERATING HTML REPORT FOR CNT-4 - Security Compliance:VIR-131.02 Verify that the content Admin can delete terms, security and compliance in ceb7302073899bbe72c923c378b3dfb15f405875b937887a17bf4cff9988ce11.html in directory target/site/serenity  
[pool-1-thread-2] INFO net.thucydides.core.reports.html.HtmlAcceptanceTestReporter - GENERATING HTML REPORT FOR CNT-4 - Security Compliance:VIR-131.03 Verify that the content Admin can add terms, security and compliance in afbc2d2c12a820e7bd8ff57fd665dcbf835c82e12b10214fa792d713e6b209c6.html in directory target/site/serenity  
[pool-1-thread-3] INFO net.thucydides.core.reports.html.HtmlAcceptanceTestReporter - GENERATING HTML REPORT FOR CNT-4 - Security Compliance:VIR-131.04 Verify that the content Admin can edit terms, security and compliance in 11123f2712ee38abf08a7255e58490510ce459b677c6317a48c1c5a02bad5899.html in directory target/site/serenity  
[pool-1-thread-4] INFO net.thucydides.core.reports.html.HtmlAcceptanceTestReporter - GENERATING HTML REPORT FOR CNT-4 - Security Compliance:VIR-131.05 Return changes in 481bc60c8e1753c36167a06d3e94715ec6bdb3bc0fa2de75bc3b701c703a0740.html in directory target/site/serenity  
[pool-1-thread-2] INFO net.thucydides.core.reports.html.HtmlAcceptanceTestReporter - GENERATING HTML REPORT FOR CNT-5 - Brand Management:VIR-132.01 Verify that the content admin can add restriction for the desired customizations. in 012fbd4c99dbed94980068932c3b9900aa40fcbd0f147abb3c9b18198ccfee2c.html in directory target/site/serenity  
[pool-1-thread-3] INFO net.thucydides.core.reports.html.HtmlAcceptanceTestReporter - GENERATING HTML REPORT FOR CNT-5 - Brand Management:VIR-132.02 Verify that the content admin can edit restriction for the desired customizations. in 21c25b56faab758e879fe49e985016e5e5212c7b9214f355a35317a785ad4edd.html in directory target/site/serenity  
[pool-1-thread-2] INFO net.thucydides.core.reports.html.HtmlAcceptanceTestReporter - GENERATING HTML REPORT FOR CNT-5 - Brand Management:VIR-132.04 Verify that the restrictions can be added to the following in bb312434987ad8333f1a82d90084aa3d1109fed7e9f40f25770d63e0cb749be9.html in directory target/site/serenity  
[pool-1-thread-3] INFO net.thucydides.core.reports.html.HtmlAcceptanceTestReporter - GENERATING HTML REPORT FOR CNT-6 - Content Slots:VIR-133.01 Verify that the content admin can delete the banner, title and categories through the WCMS in d10c471b31104c36cff5887c55a7bc150eababcb1937fa5a395a48f11580da2f.html in directory target/site/serenity  
[pool-1-thread-2] INFO net.thucydides.core.reports.html.HtmlAcceptanceTestReporter - GENERATING HTML REPORT FOR CNT-6 - Content Slots:VIR-133.02 Verify that the content admin can add the banner, title and categories through the WCMS in 3bb00edc8b11547b9ac39ca5a5696c45f1e0d290628ccd73684e0832986f1e71.html in directory target/site/serenity  
[pool-1-thread-2] INFO net.thucydides.core.reports.html.HtmlAcceptanceTestReporter - GENERATING HTML REPORT FOR CNT-6 - Content Slots:VIR-133.03 Verify that the content admin can edit the banner, title and categories through the WCMS in bf784fb294e81a8a6ed3e34f569b9b326b48ffb8cfb4166224a8840cbf362e21.html in directory target/site/serenity  
[pool-1-thread-4] INFO net.thucydides.core.reports.html.HtmlAcceptanceTestReporter - GENERATING HTML REPORT FOR CNT-5 - Brand Management:VIR-132.03 Verify that the content admin can delete restriction for the desired customizations. in f6bd8472778e2535a4b9144aa99d3240dacf17fdc0647b30ce75c3b787f53d15.html in directory target/site/serenity  
[main] INFO net.serenitybdd.core.Serenity - 
 _____ _____ ____ _____   ____ _____  _    ____ _____ _____ ____  
|_   _| ____/ ___|_   _| / ___|_   _|/ \  |  _ \_   _| ____|  _ \ 
  | | |  _| \___ \ | |   \___ \ | | / _ \ | |_) || | |  _| | | | |
  | | | |___ ___) || |    ___) || |/ ___ \|  _ < | | | |___| |_| |
  |_| |_____|____/ |_|   |____/ |_/_/   \_\_| \_\|_| |_____|____/ 
                                                                  

TEST STARTED: VIR-133.04 Verify that the Banner is shown to the shopper on the home page
-------------------------------------------------------------------(cnt-6---content-slots;vir-133.04-verify-that-the-banner-is-shown-to-the-shopper-on-the-home-page)
[main] INFO net.serenitybdd.core.Serenity - STARTING STEP Given open the site and login
[main] INFO net.serenitybdd.core.Serenity - STARTING STEP Open the site
[main] INFO net.serenitybdd.core.Serenity - STEP ERROR: net.serenitybdd.core.exceptions.SerenityManagedException: Could not initialize class com.virco.locators.SiteData
]]></system-err>
  </testcase>
  <testcase name="Scenario: VIR-133.04 Verify that the Banner is shown to the shopper on the home page" classname="Scenario: VIR-133.04 Verify that the Banner is shown to the shopper on the home page" time="0.003">
    <error message="Could not initialize class com.virco.locators.SiteData" type="net.serenitybdd.core.exceptions.SerenityManagedException"><![CDATA[net.serenitybdd.core.exceptions.SerenityManagedException: Could not initialize class com.virco.locators.SiteData
	at com.virco.steps.serenity.CommonUserSteps.openTheSite(CommonUserSteps.java:19)
	at com.virco.steps.serenity.CommonUserSteps$$EnhancerByCGLIB$$d8541bfa.CGLIB$openTheSite$6(<generated>)
	at com.virco.steps.serenity.CommonUserSteps$$EnhancerByCGLIB$$d8541bfa$$FastClassByCGLIB$$ea8e0f86.invoke(<generated>)
	at net.sf.cglib.proxy.MethodProxy.invokeSuper(MethodProxy.java:228)
	at net.thucydides.core.steps.StepInterceptor.invokeMethod(StepInterceptor.java:372)
	at net.thucydides.core.steps.StepInterceptor.executeTestStepMethod(StepInterceptor.java:357)
	at net.thucydides.core.steps.StepInterceptor.runTestStep(StepInterceptor.java:332)
	at net.thucydides.core.steps.StepInterceptor.testStepResult(StepInterceptor.java:134)
	at net.thucydides.core.steps.StepInterceptor.intercept(StepInterceptor.java:61)
	at com.virco.steps.serenity.CommonUserSteps$$EnhancerByCGLIB$$d8541bfa.openTheSite(<generated>)
	at com.virco.steps.CommonDefinitionSteps.openTheSiteAndLogin(CommonDefinitionSteps.java:72)
	at sun.reflect.GeneratedMethodAccessor143.invoke(Unknown Source)
	at sun.reflect.DelegatingMethodAccessorImpl.invoke(DelegatingMethodAccessorImpl.java:43)
	at java.lang.reflect.Method.invoke(Method.java:498)
	at cucumber.runtime.Utils$1.call(Utils.java:40)
	at cucumber.runtime.Timeout.timeout(Timeout.java:16)
	at cucumber.runtime.Utils.invoke(Utils.java:34)
	at cucumber.runtime.java.JavaStepDefinition.execute(JavaStepDefinition.java:38)
	at cucumber.runtime.StepDefinitionMatch.runStep(StepDefinitionMatch.java:37)
	at cucumber.runtime.Runtime.runStep(Runtime.java:300)
	at cucumber.runtime.model.StepContainer.runStep(StepContainer.java:44)
	at cucumber.runtime.model.StepContainer.runSteps(StepContainer.java:39)
	at cucumber.runtime.model.CucumberScenario.run(CucumberScenario.java:44)
	at cucumber.runtime.junit.ExecutionUnitRunner.run(ExecutionUnitRunner.java:102)
	at cucumber.runtime.junit.FeatureRunner.runChild(FeatureRunner.java:63)
	at cucumber.runtime.junit.FeatureRunner.runChild(FeatureRunner.java:18)
	at org.junit.runners.ParentRunner$3.run(ParentRunner.java:290)
	at org.junit.runners.ParentRunner$1.schedule(ParentRunner.java:71)
	at org.junit.runners.ParentRunner.runChildren(ParentRunner.java:288)
	at org.junit.runners.ParentRunner.access$000(ParentRunner.java:58)
	at org.junit.runners.ParentRunner$2.evaluate(ParentRunner.java:268)
	at org.junit.runners.ParentRunner.run(ParentRunner.java:363)
	at cucumber.runtime.junit.FeatureRunner.run(FeatureRunner.java:70)
	at cucumber.api.junit.Cucumber.runChild(Cucumber.java:95)
	at cucumber.api.junit.Cucumber.runChild(Cucumber.java:38)
	at org.junit.runners.ParentRunner$3.run(ParentRunner.java:290)
	at org.junit.runners.ParentRunner$1.schedule(ParentRunner.java:71)
	at org.junit.runners.ParentRunner.runChildren(ParentRunner.java:288)
	at org.junit.runners.ParentRunner.access$000(ParentRunner.java:58)
	at org.junit.runners.ParentRunner$2.evaluate(ParentRunner.java:268)
	at org.junit.runners.ParentRunner.run(ParentRunner.java:363)
	at cucumber.api.junit.Cucumber.run(Cucumber.java:100)
	at org.apache.maven.surefire.junit4.JUnit4Provider.execute(JUnit4Provider.java:283)
	at org.apache.maven.surefire.junit4.JUnit4Provider.executeWithRerun(JUnit4Provider.java:173)
	at org.apache.maven.surefire.junit4.JUnit4Provider.executeTestSet(JUnit4Provider.java:153)
	at org.apache.maven.surefire.junit4.JUnit4Provider.invoke(JUnit4Provider.java:128)
	at org.apache.maven.surefire.booter.ForkedBooter.invokeProviderInSameClassLoader(ForkedBooter.java:203)
	at org.apache.maven.surefire.booter.ForkedBooter.runSuitesInProcess(ForkedBooter.java:155)
	at org.apache.maven.surefire.booter.ForkedBooter.main(ForkedBooter.java:103)
]]></error>
  </testcase>
  <testcase name="Then banner component is shown" classname="Scenario: VIR-133.04 Verify that the Banner is shown to the shopper on the home page" time="0">
    <skipped/>
    <system-err><![CDATA[[main] INFO net.serenitybdd.core.Serenity - STEP ERROR: java.lang.NoClassDefFoundError: Could not initialize class com.virco.locators.SiteData
[main] INFO net.serenitybdd.core.Serenity - STARTING STEP Then banner component is shown
]]></system-err>
  </testcase>
  <testcase name="Given open the site and login" classname="Scenario: VIR-133.05 Verify that the text is overlaid on the banner" time="0.001">
    <error message="Could not initialize class com.virco.locators.SiteData" type="net.serenitybdd.core.exceptions.SerenityManagedException"><![CDATA[net.serenitybdd.core.exceptions.SerenityManagedException: Could not initialize class com.virco.locators.SiteData
	at com.virco.steps.serenity.CommonUserSteps.openTheSite(CommonUserSteps.java:19)
	at com.virco.steps.serenity.CommonUserSteps$$EnhancerByCGLIB$$d8541bfa.CGLIB$openTheSite$6(<generated>)
	at com.virco.steps.serenity.CommonUserSteps$$EnhancerByCGLIB$$d8541bfa$$FastClassByCGLIB$$ea8e0f86.invoke(<generated>)
	at net.sf.cglib.proxy.MethodProxy.invokeSuper(MethodProxy.java:228)
	at net.thucydides.core.steps.StepInterceptor.invokeMethod(StepInterceptor.java:372)
	at net.thucydides.core.steps.StepInterceptor.executeTestStepMethod(StepInterceptor.java:357)
	at net.thucydides.core.steps.StepInterceptor.runTestStep(StepInterceptor.java:332)
	at net.thucydides.core.steps.StepInterceptor.testStepResult(StepInterceptor.java:134)
	at net.thucydides.core.steps.StepInterceptor.intercept(StepInterceptor.java:61)
	at com.virco.steps.serenity.CommonUserSteps$$EnhancerByCGLIB$$d8541bfa.openTheSite(<generated>)
	at com.virco.steps.CommonDefinitionSteps.openTheSiteAndLogin(CommonDefinitionSteps.java:72)
	at sun.reflect.GeneratedMethodAccessor143.invoke(Unknown Source)
	at sun.reflect.DelegatingMethodAccessorImpl.invoke(DelegatingMethodAccessorImpl.java:43)
	at java.lang.reflect.Method.invoke(Method.java:498)
	at cucumber.runtime.Utils$1.call(Utils.java:40)
	at cucumber.runtime.Timeout.timeout(Timeout.java:16)
	at cucumber.runtime.Utils.invoke(Utils.java:34)
	at cucumber.runtime.java.JavaStepDefinition.execute(JavaStepDefinition.java:38)
	at cucumber.runtime.StepDefinitionMatch.runStep(StepDefinitionMatch.java:37)
	at cucumber.runtime.Runtime.runStep(Runtime.java:300)
	at cucumber.runtime.model.StepContainer.runStep(StepContainer.java:44)
	at cucumber.runtime.model.StepContainer.runSteps(StepContainer.java:39)
	at cucumber.runtime.model.CucumberScenario.run(CucumberScenario.java:44)
	at cucumber.runtime.junit.ExecutionUnitRunner.run(ExecutionUnitRunner.java:102)
	at cucumber.runtime.junit.FeatureRunner.runChild(FeatureRunner.java:63)
	at cucumber.runtime.junit.FeatureRunner.runChild(FeatureRunner.java:18)
	at org.junit.runners.ParentRunner$3.run(ParentRunner.java:290)
	at org.junit.runners.ParentRunner$1.schedule(ParentRunner.java:71)
	at org.junit.runners.ParentRunner.runChildren(ParentRunner.java:288)
	at org.junit.runners.ParentRunner.access$000(ParentRunner.java:58)
	at org.junit.runners.ParentRunner$2.evaluate(ParentRunner.java:268)
	at org.junit.runners.ParentRunner.run(ParentRunner.java:363)
	at cucumber.runtime.junit.FeatureRunner.run(FeatureRunner.java:70)
	at cucumber.api.junit.Cucumber.runChild(Cucumber.java:95)
	at cucumber.api.junit.Cucumber.runChild(Cucumber.java:38)
	at org.junit.runners.ParentRunner$3.run(ParentRunner.java:290)
	at org.junit.runners.ParentRunner$1.schedule(ParentRunner.java:71)
	at org.junit.runners.ParentRunner.runChildren(ParentRunner.java:288)
	at org.junit.runners.ParentRunner.access$000(ParentRunner.java:58)
	at org.junit.runners.ParentRunner$2.evaluate(ParentRunner.java:268)
	at org.junit.runners.ParentRunner.run(ParentRunner.java:363)
	at cucumber.api.junit.Cucumber.run(Cucumber.java:100)
	at org.apache.maven.surefire.junit4.JUnit4Provider.execute(JUnit4Provider.java:283)
	at org.apache.maven.surefire.junit4.JUnit4Provider.executeWithRerun(JUnit4Provider.java:173)
	at org.apache.maven.surefire.junit4.JUnit4Provider.executeTestSet(JUnit4Provider.java:153)
	at org.apache.maven.surefire.junit4.JUnit4Provider.invoke(JUnit4Provider.java:128)
	at org.apache.maven.surefire.booter.ForkedBooter.invokeProviderInSameClassLoader(ForkedBooter.java:203)
	at org.apache.maven.surefire.booter.ForkedBooter.runSuitesInProcess(ForkedBooter.java:155)
	at org.apache.maven.surefire.booter.ForkedBooter.main(ForkedBooter.java:103)
]]></error>
    <system-err><![CDATA[[main] INFO net.serenitybdd.core.Serenity - IGNORING STEP
[main] ERROR net.serenitybdd.core.Serenity - 
           __  _____ _____ ____ _____   _____ _    ___ _     _____ ____  
  _       / / |_   _| ____/ ___|_   _| |  ___/ \  |_ _| |   | ____|  _ \ 
 (_)_____| |    | | |  _| \___ \ | |   | |_ / _ \  | || |   |  _| | | | |
  _|_____| |    | | | |___ ___) || |   |  _/ ___ \ | || |___| |___| |_| |
 (_)     | |    |_| |_____|____/ |_|   |_|/_/   \_\___|_____|_____|____/ 
          \_\                                                            

TEST FAILED WITH ERROR: VIR-133.04 Verify that the Banner is shown to the shopper on the home page
---------------------------------------------------------------------
[main] ERROR net.serenitybdd.core.Serenity - TEST FAILED AT STEP Open the site
[main] ERROR net.serenitybdd.core.Serenity - Could not initialize class com.virco.locators.SiteData
[pool-1-thread-3] INFO net.thucydides.core.reports.json.JSONTestOutcomeReporter - Generating JSON report for VIR-128.01 Verify that the OOTB Hybris is configured to file /Users/rodionsavchuk/hybrisAutomation/virco-automatedtests/target/site/serenity/f9e291a91d7fb0708996a6c172c79994e2f3e3dc027f9c744e43835d2210c73e.json (using temp file /Users/rodionsavchuk/hybrisAutomation/virco-automatedtests/target/site/serenity/f9e291a91d7fb0708996a6c172c79994e2f3e3dc027f9c744e43835d2210c73e.json550db10b-5f41-4a5e-8284-a5cf56bf2549)
[pool-1-thread-1] INFO net.thucydides.core.reports.json.JSONTestOutcomeReporter - Generating JSON report for VIR-129.02 Verify that the content admin can promo message by using template to file /Users/rodionsavchuk/hybrisAutomation/virco-automatedtests/target/site/serenity/5c582eac1cc160864035d84f14577b2a4b307d178776baf5d94402a8f33a570b.json (using temp file /Users/rodionsavchuk/hybrisAutomation/virco-automatedtests/target/site/serenity/5c582eac1cc160864035d84f14577b2a4b307d178776baf5d94402a8f33a570b.json9c751a16-c3ca-4e93-93a0-529c17932380)
[pool-1-thread-4] INFO net.thucydides.core.reports.json.JSONTestOutcomeReporter - Generating JSON report for VIR-129.03 Verify that the content admin can add installation slot by using template to file /Users/rodionsavchuk/hybrisAutomation/virco-automatedtests/target/site/serenity/e2ad5898b62d8e77d283000b0832f5fb0d67d58608b2ea1e947bdb3eaa4f7f13.json (using temp file /Users/rodionsavchuk/hybrisAutomation/virco-automatedtests/target/site/serenity/e2ad5898b62d8e77d283000b0832f5fb0d67d58608b2ea1e947bdb3eaa4f7f13.json9928f558-c8ef-4dd0-bbf1-fc075834ea07)
[pool-1-thread-2] INFO net.thucydides.core.reports.json.JSONTestOutcomeReporter - Generating JSON report for VIR-129.01 Verify that the content admin can add a rotating theme by using template to file /Users/rodionsavchuk/hybrisAutomation/virco-automatedtests/target/site/serenity/2baaeb277c29c1f85062130a60bafea2167a5c2dd87a93c69ad94698238c35ee.json (using temp file /Users/rodionsavchuk/hybrisAutomation/virco-automatedtests/target/site/serenity/2baaeb277c29c1f85062130a60bafea2167a5c2dd87a93c69ad94698238c35ee.jsone0bce2c4-43f7-432d-ab3a-204c41a2a7fa)
[pool-1-thread-3] INFO net.thucydides.core.reports.json.JSONTestOutcomeReporter - Generating JSON report for VIR-129.04 Verify that the content admin can add a product recommendation component on the page template by using template to file /Users/rodionsavchuk/hybrisAutomation/virco-automatedtests/target/site/serenity/2568cbeed2bdf1850ea694b2c61bf8c9430c3ac453a0d1b2f15e169595434015.json (using temp file /Users/rodionsavchuk/hybrisAutomation/virco-automatedtests/target/site/serenity/2568cbeed2bdf1850ea694b2c61bf8c9430c3ac453a0d1b2f15e169595434015.json40d13170-093e-4331-87bf-ae89dfebe26b)
[pool-1-thread-4] INFO net.thucydides.core.reports.json.JSONTestOutcomeReporter - Generating JSON report for VIR-129.05 Verify that the content admin can add a quick ship component on the template page to file /Users/rodionsavchuk/hybrisAutomation/virco-automatedtests/target/site/serenity/03a37ae243f19fd5e4074c51364f3accdea994f94fbe9bfc0888dbf6b3fcb296.json (using temp file /Users/rodionsavchuk/hybrisAutomation/virco-automatedtests/target/site/serenity/03a37ae243f19fd5e4074c51364f3accdea994f94fbe9bfc0888dbf6b3fcb296.json1e0dac5c-e7be-4eec-8d09-9a697ecd55ed)
[pool-1-thread-1] INFO net.thucydides.core.reports.json.JSONTestOutcomeReporter - Generating JSON report for VIR-129.06 Verify that the content admin can add a popular category on the template page to file /Users/rodionsavchuk/hybrisAutomation/virco-automatedtests/target/site/serenity/4cb24bf6eab810d97c001f653ce7ec4c2620e8ef80649c431bc47d31554e7dfa.json (using temp file /Users/rodionsavchuk/hybrisAutomation/virco-automatedtests/target/site/serenity/4cb24bf6eab810d97c001f653ce7ec4c2620e8ef80649c431bc47d31554e7dfa.json20cc84df-9fea-4eee-bc11-c032612b35a9)
[pool-1-thread-2] INFO net.thucydides.core.reports.json.JSONTestOutcomeReporter - Generating JSON report for VIR-129.07 Verify that the content admin can add a product images component on the template page to file /Users/rodionsavchuk/hybrisAutomation/virco-automatedtests/target/site/serenity/b14d7ddd1213e2b3e327a1da59a5f30243e7b1413ece781e8217d0475b1d4ba5.json (using temp file /Users/rodionsavchuk/hybrisAutomation/virco-automatedtests/target/site/serenity/b14d7ddd1213e2b3e327a1da59a5f30243e7b1413ece781e8217d0475b1d4ba5.json4eb6290b-9626-4b8d-bff3-8449ba0e8ae5)
[pool-1-thread-3] INFO net.thucydides.core.reports.json.JSONTestOutcomeReporter - Generating JSON report for VIR-129.08 Verify that the content admin can edit promo message/popular category. to file /Users/rodionsavchuk/hybrisAutomation/virco-automatedtests/target/site/serenity/0b72d581cee195fdedb17f43f946f9e8a6bd5762bb612b26fbaf09d9905941a0.json (using temp file /Users/rodionsavchuk/hybrisAutomation/virco-automatedtests/target/site/serenity/0b72d581cee195fdedb17f43f946f9e8a6bd5762bb612b26fbaf09d9905941a0.json355b3ecf-f054-46d0-96fa-edeb1cf14c37)
[pool-1-thread-1] INFO net.thucydides.core.reports.json.JSONTestOutcomeReporter - Generating JSON report for VIR-129.09 Verify that the content admin can delete promo message/popular category. to file /Users/rodionsavchuk/hybrisAutomation/virco-automatedtests/target/site/serenity/e3f11c0e315cea47d82b81aeec1d5d4ec6688676c143e6c8bd85b536ee39abf1.json (using temp file /Users/rodionsavchuk/hybrisAutomation/virco-automatedtests/target/site/serenity/e3f11c0e315cea47d82b81aeec1d5d4ec6688676c143e6c8bd85b536ee39abf1.jsond6d8896b-8579-4a89-af6c-fcc384ca9648)
[pool-1-thread-2] INFO net.thucydides.core.reports.json.JSONTestOutcomeReporter - Generating JSON report for VIR-166.01 Verify the rotating carousel is added on the home page to file /Users/rodionsavchuk/hybrisAutomation/virco-automatedtests/target/site/serenity/41045224dd55f49d371e9fd4a455c28d0acc2a203f1c37c0d89de600b26d38ef.json (using temp file /Users/rodionsavchuk/hybrisAutomation/virco-automatedtests/target/site/serenity/41045224dd55f49d371e9fd4a455c28d0acc2a203f1c37c0d89de600b26d38ef.json6adfc04f-3c1e-404f-a1e5-004d9f868977)
[pool-1-thread-4] INFO net.thucydides.core.reports.json.JSONTestOutcomeReporter - Generating JSON report for VIR-129.10 Verify that the site has a look, configured by content admin to file /Users/rodionsavchuk/hybrisAutomation/virco-automatedtests/target/site/serenity/100947bcc68d92490597dd6eed62bf55d5857e1335d30b52c2a0a2894d214fe7.json (using temp file /Users/rodionsavchuk/hybrisAutomation/virco-automatedtests/target/site/serenity/100947bcc68d92490597dd6eed62bf55d5857e1335d30b52c2a0a2894d214fe7.json6016f1ca-682d-4ace-a032-a73ce19e62ba)
[pool-1-thread-3] INFO net.thucydides.core.reports.json.JSONTestOutcomeReporter - Generating JSON report for VIR-166.02 Verify that the each Banner has Rotating Theme, promotional message and installation slots to file /Users/rodionsavchuk/hybrisAutomation/virco-automatedtests/target/site/serenity/0608016defba6ce482ab704a7f99aa4784d409932878aab3566e62c6acd4c3be.json (using temp file /Users/rodionsavchuk/hybrisAutomation/virco-automatedtests/target/site/serenity/0608016defba6ce482ab704a7f99aa4784d409932878aab3566e62c6acd4c3be.jsonbb8133d2-772d-4395-8dd7-a422898fe0ee)
[pool-1-thread-1] INFO net.thucydides.core.reports.json.JSONTestOutcomeReporter - Generating JSON report for VIR-166.03 Verify that the changes applied to the home page on the WCMS are shown on the site to file /Users/rodionsavchuk/hybrisAutomation/virco-automatedtests/target/site/serenity/b9eb3619ad92be0ca6909f8288eb5393e840f6227de55c87423f32dd621971c6.json (using temp file /Users/rodionsavchuk/hybrisAutomation/virco-automatedtests/target/site/serenity/b9eb3619ad92be0ca6909f8288eb5393e840f6227de55c87423f32dd621971c6.json468080e8-56bf-4efd-b0d9-92f754a79e2f)
[pool-1-thread-2] INFO net.thucydides.core.reports.json.JSONTestOutcomeReporter - Generating JSON report for VIR-166.04 Verify changes on the site to file /Users/rodionsavchuk/hybrisAutomation/virco-automatedtests/target/site/serenity/5f43c632221e66e649cb566b95c8c39021872b2cfde3c52fd524b9428955bf6f.json (using temp file /Users/rodionsavchuk/hybrisAutomation/virco-automatedtests/target/site/serenity/5f43c632221e66e649cb566b95c8c39021872b2cfde3c52fd524b9428955bf6f.json2ddf7985-3ba2-4dd7-9241-ffc78678410d)
[pool-1-thread-4] INFO net.thucydides.core.reports.json.JSONTestOutcomeReporter - Generating JSON report for VIR-166.04 Verify installation slot to file /Users/rodionsavchuk/hybrisAutomation/virco-automatedtests/target/site/serenity/edcb380d350a80cdf46587ae5741ec066978cdd8e0c97472caf730194b651304.json (using temp file /Users/rodionsavchuk/hybrisAutomation/virco-automatedtests/target/site/serenity/edcb380d350a80cdf46587ae5741ec066978cdd8e0c97472caf730194b651304.json60c00966-9c10-4b40-8637-5273f30882c0)
[pool-1-thread-3] INFO net.thucydides.core.reports.json.JSONTestOutcomeReporter - Generating JSON report for VIR-166.06 Return changes for carousel to file /Users/rodionsavchuk/hybrisAutomation/virco-automatedtests/target/site/serenity/666f9c30485604a0d8f915e21943e7e88d01015ce9092eafebcdb74a2aa69881.json (using temp file /Users/rodionsavchuk/hybrisAutomation/virco-automatedtests/target/site/serenity/666f9c30485604a0d8f915e21943e7e88d01015ce9092eafebcdb74a2aa69881.json0038afc2-54ba-4165-ae52-20e53e470439)
[pool-1-thread-1] INFO net.thucydides.core.reports.json.JSONTestOutcomeReporter - Generating JSON report for VIR-130.01 Verify that the content Admin can add new banner to file /Users/rodionsavchuk/hybrisAutomation/virco-automatedtests/target/site/serenity/bb79537bca7a8b871c5b64cd1153742bc23c54e46592c06f822f87770b2e8b8a.json (using temp file /Users/rodionsavchuk/hybrisAutomation/virco-automatedtests/target/site/serenity/bb79537bca7a8b871c5b64cd1153742bc23c54e46592c06f822f87770b2e8b8a.jsonc3cb31d3-09ad-40ac-af18-98ef13e20ed6)
[pool-1-thread-4] INFO net.thucydides.core.reports.json.JSONTestOutcomeReporter - Generating JSON report for VIR-130.03 Verify that the content admin can delete the banner to file /Users/rodionsavchuk/hybrisAutomation/virco-automatedtests/target/site/serenity/b41d3443e6a4853ebf7ef1692db7b2b9a12b9d62f5b7166287c8c85636ccdf3f.json (using temp file /Users/rodionsavchuk/hybrisAutomation/virco-automatedtests/target/site/serenity/b41d3443e6a4853ebf7ef1692db7b2b9a12b9d62f5b7166287c8c85636ccdf3f.json8738803f-d7d1-41cb-a7ad-702e13d2590c)
[pool-1-thread-3] INFO net.thucydides.core.reports.json.JSONTestOutcomeReporter - Generating JSON report for VIR-130.04 Verify that the site has a look, configured by content admin to file /Users/rodionsavchuk/hybrisAutomation/virco-automatedtests/target/site/serenity/095ee6a7aed460c2ab7447a892b708f667ca6eb3d2b246703cb79d76aaa66edd.json (using temp file /Users/rodionsavchuk/hybrisAutomation/virco-automatedtests/target/site/serenity/095ee6a7aed460c2ab7447a892b708f667ca6eb3d2b246703cb79d76aaa66edd.json5b95c7f0-153f-4e0c-8705-c1c92e17a9ca)
[pool-1-thread-1] INFO net.thucydides.core.reports.json.JSONTestOutcomeReporter - Generating JSON report for VIR-130.02 Verify that the content admin can edit the banner to file /Users/rodionsavchuk/hybrisAutomation/virco-automatedtests/target/site/serenity/8473ae2e239acb5c9594f6482f5f79bb4500c946dd2d245bf5d2caa427a8a26f.json (using temp file /Users/rodionsavchuk/hybrisAutomation/virco-automatedtests/target/site/serenity/8473ae2e239acb5c9594f6482f5f79bb4500c946dd2d245bf5d2caa427a8a26f.json97c6d7a4-d9cf-44a6-a1a1-0ead23986801)
[pool-1-thread-2] INFO net.thucydides.core.reports.json.JSONTestOutcomeReporter - Generating JSON report for VIR-375.01 Unable to open the "Verisign terms and policy" page except through the Contact Us page to file /Users/rodionsavchuk/hybrisAutomation/virco-automatedtests/target/site/serenity/3d31ca4ca17ccedf663fa492c24dc92f29157766fcfb628ecd61645c9255a53a.json (using temp file /Users/rodionsavchuk/hybrisAutomation/virco-automatedtests/target/site/serenity/3d31ca4ca17ccedf663fa492c24dc92f29157766fcfb628ecd61645c9255a53a.jsonbd3bd5a1-b120-4f4d-a379-4a3ebf5c7d5d)
[pool-1-thread-3] INFO net.thucydides.core.reports.json.JSONTestOutcomeReporter - Generating JSON report for VIR-131.02 Verify that the content Admin can delete terms, security and compliance to file /Users/rodionsavchuk/hybrisAutomation/virco-automatedtests/target/site/serenity/ceb7302073899bbe72c923c378b3dfb15f405875b937887a17bf4cff9988ce11.json (using temp file /Users/rodionsavchuk/hybrisAutomation/virco-automatedtests/target/site/serenity/ceb7302073899bbe72c923c378b3dfb15f405875b937887a17bf4cff9988ce11.json3869e63c-a241-4d22-90c8-d61e945c9b62)
[pool-1-thread-1] INFO net.thucydides.core.reports.json.JSONTestOutcomeReporter - Generating JSON report for VIR-131.03 Verify that the content Admin can add terms, security and compliance to file /Users/rodionsavchuk/hybrisAutomation/virco-automatedtests/target/site/serenity/afbc2d2c12a820e7bd8ff57fd665dcbf835c82e12b10214fa792d713e6b209c6.json (using temp file /Users/rodionsavchuk/hybrisAutomation/virco-automatedtests/target/site/serenity/afbc2d2c12a820e7bd8ff57fd665dcbf835c82e12b10214fa792d713e6b209c6.json0e0dd89f-dfa6-4e70-9480-4bf16965e22d)
[pool-1-thread-4] INFO net.thucydides.core.reports.json.JSONTestOutcomeReporter - Generating JSON report for VIR-131.04 Verify that the content Admin can edit terms, security and compliance to file /Users/rodionsavchuk/hybrisAutomation/virco-automatedtests/target/site/serenity/11123f2712ee38abf08a7255e58490510ce459b677c6317a48c1c5a02bad5899.json (using temp file /Users/rodionsavchuk/hybrisAutomation/virco-automatedtests/target/site/serenity/11123f2712ee38abf08a7255e58490510ce459b677c6317a48c1c5a02bad5899.json38a2c5a0-f031-41fb-b8c0-857fc34c3a0b)
[pool-1-thread-2] INFO net.thucydides.core.reports.json.JSONTestOutcomeReporter - Generating JSON report for VIR-131.05 Return changes to file /Users/rodionsavchuk/hybrisAutomation/virco-automatedtests/target/site/serenity/481bc60c8e1753c36167a06d3e94715ec6bdb3bc0fa2de75bc3b701c703a0740.json (using temp file /Users/rodionsavchuk/hybrisAutomation/virco-automatedtests/target/site/serenity/481bc60c8e1753c36167a06d3e94715ec6bdb3bc0fa2de75bc3b701c703a0740.json5ab412ce-0b13-4d73-9b3f-b93f40ba3cbf)
[pool-1-thread-3] INFO net.thucydides.core.reports.json.JSONTestOutcomeReporter - Generating JSON report for VIR-132.01 Verify that the content admin can add restriction for the desired customizations. to file /Users/rodionsavchuk/hybrisAutomation/virco-automatedtests/target/site/serenity/012fbd4c99dbed94980068932c3b9900aa40fcbd0f147abb3c9b18198ccfee2c.json (using temp file /Users/rodionsavchuk/hybrisAutomation/virco-automatedtests/target/site/serenity/012fbd4c99dbed94980068932c3b9900aa40fcbd0f147abb3c9b18198ccfee2c.jsonabfbdd6a-56b5-4833-97f1-7537c1b072e8)
[pool-1-thread-1] INFO net.thucydides.core.reports.json.JSONTestOutcomeReporter - Generating JSON report for VIR-132.02 Verify that the content admin can edit restriction for the desired customizations. to file /Users/rodionsavchuk/hybrisAutomation/virco-automatedtests/target/site/serenity/21c25b56faab758e879fe49e985016e5e5212c7b9214f355a35317a785ad4edd.json (using temp file /Users/rodionsavchuk/hybrisAutomation/virco-automatedtests/target/site/serenity/21c25b56faab758e879fe49e985016e5e5212c7b9214f355a35317a785ad4edd.jsonfcdda840-d3ca-4f7d-ae3d-2f39cea510f3)
[pool-1-thread-1] INFO net.thucydides.core.reports.json.JSONTestOutcomeReporter - Generating JSON report for VIR-132.04 Verify that the restrictions can be added to the following to file /Users/rodionsavchuk/hybrisAutomation/virco-automatedtests/target/site/serenity/bb312434987ad8333f1a82d90084aa3d1109fed7e9f40f25770d63e0cb749be9.json (using temp file /Users/rodionsavchuk/hybrisAutomation/virco-automatedtests/target/site/serenity/bb312434987ad8333f1a82d90084aa3d1109fed7e9f40f25770d63e0cb749be9.json5d97334a-865a-41e0-a90d-6e0e4012be4c)
[pool-1-thread-3] INFO net.thucydides.core.reports.json.JSONTestOutcomeReporter - Generating JSON report for VIR-132.03 Verify that the content admin can delete restriction for the desired customizations. to file /Users/rodionsavchuk/hybrisAutomation/virco-automatedtests/target/site/serenity/f6bd8472778e2535a4b9144aa99d3240dacf17fdc0647b30ce75c3b787f53d15.json (using temp file /Users/rodionsavchuk/hybrisAutomation/virco-automatedtests/target/site/serenity/f6bd8472778e2535a4b9144aa99d3240dacf17fdc0647b30ce75c3b787f53d15.json570ca59f-0b24-41d7-8175-57b8eb907888)
[pool-1-thread-2] INFO net.thucydides.core.reports.json.JSONTestOutcomeReporter - Generating JSON report for VIR-133.02 Verify that the content admin can add the banner, title and categories through the WCMS to file /Users/rodionsavchuk/hybrisAutomation/virco-automatedtests/target/site/serenity/3bb00edc8b11547b9ac39ca5a5696c45f1e0d290628ccd73684e0832986f1e71.json (using temp file /Users/rodionsavchuk/hybrisAutomation/virco-automatedtests/target/site/serenity/3bb00edc8b11547b9ac39ca5a5696c45f1e0d290628ccd73684e0832986f1e71.json1e36d408-b151-452f-ac90-00447c0a122d)
[pool-1-thread-4] INFO net.thucydides.core.reports.json.JSONTestOutcomeReporter - Generating JSON report for VIR-133.01 Verify that the content admin can delete the banner, title and categories through the WCMS to file /Users/rodionsavchuk/hybrisAutomation/virco-automatedtests/target/site/serenity/d10c471b31104c36cff5887c55a7bc150eababcb1937fa5a395a48f11580da2f.json (using temp file /Users/rodionsavchuk/hybrisAutomation/virco-automatedtests/target/site/serenity/d10c471b31104c36cff5887c55a7bc150eababcb1937fa5a395a48f11580da2f.jsona8e2e1c5-4752-4f6f-b8e0-45dd0e8837b9)
[pool-1-thread-1] INFO net.thucydides.core.reports.json.JSONTestOutcomeReporter - Generating JSON report for VIR-133.03 Verify that the content admin can edit the banner, title and categories through the WCMS to file /Users/rodionsavchuk/hybrisAutomation/virco-automatedtests/target/site/serenity/bf784fb294e81a8a6ed3e34f569b9b326b48ffb8cfb4166224a8840cbf362e21.json (using temp file /Users/rodionsavchuk/hybrisAutomation/virco-automatedtests/target/site/serenity/bf784fb294e81a8a6ed3e34f569b9b326b48ffb8cfb4166224a8840cbf362e21.jsonc2a9ce3f-6376-4889-a3ea-e9ba9ed7243c)
[pool-1-thread-3] INFO net.thucydides.core.reports.json.JSONTestOutcomeReporter - Generating JSON report for VIR-133.04 Verify that the Banner is shown to the shopper on the home page to file /Users/rodionsavchuk/hybrisAutomation/virco-automatedtests/target/site/serenity/4c2884489ffe2042fbe11e4563b220cac104e5129e32868a3f1d6600011e076b.json (using temp file /Users/rodionsavchuk/hybrisAutomation/virco-automatedtests/target/site/serenity/4c2884489ffe2042fbe11e4563b220cac104e5129e32868a3f1d6600011e076b.jsoncf6d29ef-28ab-44e3-85e6-59fc73977f7d)
[pool-1-thread-2] INFO net.thucydides.core.reports.html.HtmlAcceptanceTestReporter - GENERATING HTML REPORT FOR CNT-1 - WCMS Site Maintenance:VIR-128.01 Verify that the OOTB Hybris is configured in f9e291a91d7fb0708996a6c172c79994e2f3e3dc027f9c744e43835d2210c73e.html in directory target/site/serenity  
[pool-1-thread-4] INFO net.thucydides.core.reports.html.HtmlAcceptanceTestReporter - GENERATING HTML REPORT FOR CNT-2 - Component Maintenance:VIR-129.01 Verify that the content admin can add a rotating theme by using template in 2baaeb277c29c1f85062130a60bafea2167a5c2dd87a93c69ad94698238c35ee.html in directory target/site/serenity  
[pool-1-thread-3] INFO net.thucydides.core.reports.html.HtmlAcceptanceTestReporter - GENERATING HTML REPORT FOR CNT-2 - Component Maintenance:VIR-129.02 Verify that the content admin can promo message by using template in 5c582eac1cc160864035d84f14577b2a4b307d178776baf5d94402a8f33a570b.html in directory target/site/serenity  
[pool-1-thread-1] INFO net.thucydides.core.reports.html.HtmlAcceptanceTestReporter - GENERATING HTML REPORT FOR CNT-2 - Component Maintenance:VIR-129.03 Verify that the content admin can add installation slot by using template in e2ad5898b62d8e77d283000b0832f5fb0d67d58608b2ea1e947bdb3eaa4f7f13.html in directory target/site/serenity  
[pool-1-thread-3] INFO net.thucydides.core.reports.html.HtmlAcceptanceTestReporter - GENERATING HTML REPORT FOR CNT-2 - Component Maintenance:VIR-129.04 Verify that the content admin can add a product recommendation component on the page template by using template in 2568cbeed2bdf1850ea694b2c61bf8c9430c3ac453a0d1b2f15e169595434015.html in directory target/site/serenity  
[pool-1-thread-1] INFO net.thucydides.core.reports.html.HtmlAcceptanceTestReporter - GENERATING HTML REPORT FOR CNT-2 - Component Maintenance:VIR-129.05 Verify that the content admin can add a quick ship component on the template page in 03a37ae243f19fd5e4074c51364f3accdea994f94fbe9bfc0888dbf6b3fcb296.html in directory target/site/serenity  
[pool-1-thread-2] INFO net.thucydides.core.reports.html.HtmlAcceptanceTestReporter - GENERATING HTML REPORT FOR CNT-2 - Component Maintenance:VIR-129.06 Verify that the content admin can add a popular category on the template page in 4cb24bf6eab810d97c001f653ce7ec4c2620e8ef80649c431bc47d31554e7dfa.html in directory target/site/serenity  
[pool-1-thread-4] INFO net.thucydides.core.reports.html.HtmlAcceptanceTestReporter - GENERATING HTML REPORT FOR CNT-2 - Component Maintenance:VIR-129.07 Verify that the content admin can add a product images component on the template page in b14d7ddd1213e2b3e327a1da59a5f30243e7b1413ece781e8217d0475b1d4ba5.html in directory target/site/serenity  
[pool-1-thread-1] INFO net.thucydides.core.reports.html.HtmlAcceptanceTestReporter - GENERATING HTML REPORT FOR CNT-2 - Component Maintenance:VIR-129.08 Verify that the content admin can edit promo message/popular category. in 0b72d581cee195fdedb17f43f946f9e8a6bd5762bb612b26fbaf09d9905941a0.html in directory target/site/serenity  
[pool-1-thread-3] INFO net.thucydides.core.reports.html.HtmlAcceptanceTestReporter - GENERATING HTML REPORT FOR CNT-2 - Component Maintenance:VIR-129.09 Verify that the content admin can delete promo message/popular category. in e3f11c0e315cea47d82b81aeec1d5d4ec6688676c143e6c8bd85b536ee39abf1.html in directory target/site/serenity  
[pool-1-thread-2] INFO net.thucydides.core.reports.html.HtmlAcceptanceTestReporter - GENERATING HTML REPORT FOR CNT-2 - Component Maintenance:VIR-129.10 Verify that the site has a look, configured by content admin in 100947bcc68d92490597dd6eed62bf55d5857e1335d30b52c2a0a2894d214fe7.html in directory target/site/serenity  
[pool-1-thread-3] INFO net.thucydides.core.reports.html.HtmlAcceptanceTestReporter - GENERATING HTML REPORT FOR CNT-2 - Component Maintenance:VIR-166.03 Verify that the changes applied to the home page on the WCMS are shown on the site in b9eb3619ad92be0ca6909f8288eb5393e840f6227de55c87423f32dd621971c6.html in directory target/site/serenity  
[pool-1-thread-1] INFO net.thucydides.core.reports.html.HtmlAcceptanceTestReporter - GENERATING HTML REPORT FOR CNT-2 - Component Maintenance:VIR-166.01 Verify the rotating carousel is added on the home page in 41045224dd55f49d371e9fd4a455c28d0acc2a203f1c37c0d89de600b26d38ef.html in directory target/site/serenity  
[pool-1-thread-4] INFO net.thucydides.core.reports.html.HtmlAcceptanceTestReporter - GENERATING HTML REPORT FOR CNT-2 - Component Maintenance:VIR-166.02 Verify that the each Banner has Rotating Theme, promotional message and installation slots in 0608016defba6ce482ab704a7f99aa4784d409932878aab3566e62c6acd4c3be.html in directory target/site/serenity  
[pool-1-thread-2] INFO net.thucydides.core.reports.html.HtmlAcceptanceTestReporter - GENERATING HTML REPORT FOR CNT-2 - Component Maintenance:VIR-166.04 Verify changes on the site in 5f43c632221e66e649cb566b95c8c39021872b2cfde3c52fd524b9428955bf6f.html in directory target/site/serenity  
[pool-1-thread-1] INFO net.thucydides.core.reports.html.HtmlAcceptanceTestReporter - GENERATING HTML REPORT FOR CNT-2 - Component Maintenance:VIR-166.04 Verify installation slot in edcb380d350a80cdf46587ae5741ec066978cdd8e0c97472caf730194b651304.html in directory target/site/serenity  
[pool-1-thread-3] INFO net.thucydides.core.reports.html.HtmlAcceptanceTestReporter - GENERATING HTML REPORT FOR CNT-2 - Component Maintenance:VIR-166.06 Return changes for carousel in 666f9c30485604a0d8f915e21943e7e88d01015ce9092eafebcdb74a2aa69881.html in directory target/site/serenity  
[pool-1-thread-2] INFO net.thucydides.core.reports.html.HtmlAcceptanceTestReporter - GENERATING HTML REPORT FOR CNT-3 - Banners:VIR-130.01 Verify that the content Admin can add new banner in bb79537bca7a8b871c5b64cd1153742bc23c54e46592c06f822f87770b2e8b8a.html in directory target/site/serenity  
[pool-1-thread-4] INFO net.thucydides.core.reports.html.HtmlAcceptanceTestReporter - GENERATING HTML REPORT FOR CNT-3 - Banners:VIR-130.02 Verify that the content admin can edit the banner in 8473ae2e239acb5c9594f6482f5f79bb4500c946dd2d245bf5d2caa427a8a26f.html in directory target/site/serenity  
[pool-1-thread-1] INFO net.thucydides.core.reports.html.HtmlAcceptanceTestReporter - GENERATING HTML REPORT FOR CNT-3 - Banners:VIR-130.03 Verify that the content admin can delete the banner in b41d3443e6a4853ebf7ef1692db7b2b9a12b9d62f5b7166287c8c85636ccdf3f.html in directory target/site/serenity  
[pool-1-thread-3] INFO net.thucydides.core.reports.html.HtmlAcceptanceTestReporter - GENERATING HTML REPORT FOR CNT-3 - Banners:VIR-130.04 Verify that the site has a look, configured by content admin in 095ee6a7aed460c2ab7447a892b708f667ca6eb3d2b246703cb79d76aaa66edd.html in directory target/site/serenity  
[pool-1-thread-2] INFO net.thucydides.core.reports.html.HtmlAcceptanceTestReporter - GENERATING HTML REPORT FOR CNT-4 - Security Compliance:VIR-375.01 Unable to open the "Verisign terms and policy" page except through the Contact Us page in 3d31ca4ca17ccedf663fa492c24dc92f29157766fcfb628ecd61645c9255a53a.html in directory target/site/serenity  
[pool-1-thread-4] INFO net.thucydides.core.reports.html.HtmlAcceptanceTestReporter - GENERATING HTML REPORT FOR CNT-4 - Security Compliance:VIR-131.02 Verify that the content Admin can delete terms, security and compliance in ceb7302073899bbe72c923c378b3dfb15f405875b937887a17bf4cff9988ce11.html in directory target/site/serenity  
[pool-1-thread-3] INFO net.thucydides.core.reports.html.HtmlAcceptanceTestReporter - GENERATING HTML REPORT FOR CNT-4 - Security Compliance:VIR-131.04 Verify that the content Admin can edit terms, security and compliance in 11123f2712ee38abf08a7255e58490510ce459b677c6317a48c1c5a02bad5899.html in directory target/site/serenity  
[pool-1-thread-1] INFO net.thucydides.core.reports.html.HtmlAcceptanceTestReporter - GENERATING HTML REPORT FOR CNT-4 - Security Compliance:VIR-131.03 Verify that the content Admin can add terms, security and compliance in afbc2d2c12a820e7bd8ff57fd665dcbf835c82e12b10214fa792d713e6b209c6.html in directory target/site/serenity  
[pool-1-thread-2] INFO net.thucydides.core.reports.html.HtmlAcceptanceTestReporter - GENERATING HTML REPORT FOR CNT-4 - Security Compliance:VIR-131.05 Return changes in 481bc60c8e1753c36167a06d3e94715ec6bdb3bc0fa2de75bc3b701c703a0740.html in directory target/site/serenity  
[pool-1-thread-2] INFO net.thucydides.core.reports.html.HtmlAcceptanceTestReporter - GENERATING HTML REPORT FOR CNT-5 - Brand Management:VIR-132.02 Verify that the content admin can edit restriction for the desired customizations. in 21c25b56faab758e879fe49e985016e5e5212c7b9214f355a35317a785ad4edd.html in directory target/site/serenity  
[pool-1-thread-3] INFO net.thucydides.core.reports.html.HtmlAcceptanceTestReporter - GENERATING HTML REPORT FOR CNT-5 - Brand Management:VIR-132.01 Verify that the content admin can add restriction for the desired customizations. in 012fbd4c99dbed94980068932c3b9900aa40fcbd0f147abb3c9b18198ccfee2c.html in directory target/site/serenity  
[pool-1-thread-1] INFO net.thucydides.core.reports.html.HtmlAcceptanceTestReporter - GENERATING HTML REPORT FOR CNT-5 - Brand Management:VIR-132.03 Verify that the content admin can delete restriction for the desired customizations. in f6bd8472778e2535a4b9144aa99d3240dacf17fdc0647b30ce75c3b787f53d15.html in directory target/site/serenity  
[pool-1-thread-4] INFO net.thucydides.core.reports.html.HtmlAcceptanceTestReporter - GENERATING HTML REPORT FOR CNT-5 - Brand Management:VIR-132.04 Verify that the restrictions can be added to the following in bb312434987ad8333f1a82d90084aa3d1109fed7e9f40f25770d63e0cb749be9.html in directory target/site/serenity  
[pool-1-thread-3] INFO net.thucydides.core.reports.html.HtmlAcceptanceTestReporter - GENERATING HTML REPORT FOR CNT-6 - Content Slots:VIR-133.01 Verify that the content admin can delete the banner, title and categories through the WCMS in d10c471b31104c36cff5887c55a7bc150eababcb1937fa5a395a48f11580da2f.html in directory target/site/serenity  
[pool-1-thread-2] INFO net.thucydides.core.reports.html.HtmlAcceptanceTestReporter - GENERATING HTML REPORT FOR CNT-6 - Content Slots:VIR-133.02 Verify that the content admin can add the banner, title and categories through the WCMS in 3bb00edc8b11547b9ac39ca5a5696c45f1e0d290628ccd73684e0832986f1e71.html in directory target/site/serenity  
[pool-1-thread-1] INFO net.thucydides.core.reports.html.HtmlAcceptanceTestReporter - GENERATING HTML REPORT FOR CNT-6 - Content Slots:VIR-133.03 Verify that the content admin can edit the banner, title and categories through the WCMS in bf784fb294e81a8a6ed3e34f569b9b326b48ffb8cfb4166224a8840cbf362e21.html in directory target/site/serenity  
[pool-1-thread-4] INFO net.thucydides.core.reports.html.HtmlAcceptanceTestReporter - GENERATING HTML REPORT FOR CNT-6 - Content Slots:VIR-133.04 Verify that the Banner is shown to the shopper on the home page in 4c2884489ffe2042fbe11e4563b220cac104e5129e32868a3f1d6600011e076b.html in directory target/site/serenity  
[main] INFO net.serenitybdd.core.Serenity - 
 _____ _____ ____ _____   ____ _____  _    ____ _____ _____ ____  
|_   _| ____/ ___|_   _| / ___|_   _|/ \  |  _ \_   _| ____|  _ \ 
  | | |  _| \___ \ | |   \___ \ | | / _ \ | |_) || | |  _| | | | |
  | | | |___ ___) || |    ___) || |/ ___ \|  _ < | | | |___| |_| |
  |_| |_____|____/ |_|   |____/ |_/_/   \_\_| \_\|_| |_____|____/ 
                                                                  

TEST STARTED: VIR-133.05 Verify that the text is overlaid on the banner
-------------------------------------------------------------------(cnt-6---content-slots;vir-133.05-verify-that-the-text-is-overlaid-on-the-banner)
[main] INFO net.serenitybdd.core.Serenity - STARTING STEP Given open the site and login
[main] INFO net.serenitybdd.core.Serenity - STARTING STEP Open the site
[main] INFO net.serenitybdd.core.Serenity - STEP ERROR: net.serenitybdd.core.exceptions.SerenityManagedException: Could not initialize class com.virco.locators.SiteData
]]></system-err>
  </testcase>
  <testcase name="Scenario: VIR-133.05 Verify that the text is overlaid on the banner" classname="Scenario: VIR-133.05 Verify that the text is overlaid on the banner" time="0.003">
    <error message="Could not initialize class com.virco.locators.SiteData" type="net.serenitybdd.core.exceptions.SerenityManagedException"><![CDATA[net.serenitybdd.core.exceptions.SerenityManagedException: Could not initialize class com.virco.locators.SiteData
	at com.virco.steps.serenity.CommonUserSteps.openTheSite(CommonUserSteps.java:19)
	at com.virco.steps.serenity.CommonUserSteps$$EnhancerByCGLIB$$d8541bfa.CGLIB$openTheSite$6(<generated>)
	at com.virco.steps.serenity.CommonUserSteps$$EnhancerByCGLIB$$d8541bfa$$FastClassByCGLIB$$ea8e0f86.invoke(<generated>)
	at net.sf.cglib.proxy.MethodProxy.invokeSuper(MethodProxy.java:228)
	at net.thucydides.core.steps.StepInterceptor.invokeMethod(StepInterceptor.java:372)
	at net.thucydides.core.steps.StepInterceptor.executeTestStepMethod(StepInterceptor.java:357)
	at net.thucydides.core.steps.StepInterceptor.runTestStep(StepInterceptor.java:332)
	at net.thucydides.core.steps.StepInterceptor.testStepResult(StepInterceptor.java:134)
	at net.thucydides.core.steps.StepInterceptor.intercept(StepInterceptor.java:61)
	at com.virco.steps.serenity.CommonUserSteps$$EnhancerByCGLIB$$d8541bfa.openTheSite(<generated>)
	at com.virco.steps.CommonDefinitionSteps.openTheSiteAndLogin(CommonDefinitionSteps.java:72)
	at sun.reflect.GeneratedMethodAccessor143.invoke(Unknown Source)
	at sun.reflect.DelegatingMethodAccessorImpl.invoke(DelegatingMethodAccessorImpl.java:43)
	at java.lang.reflect.Method.invoke(Method.java:498)
	at cucumber.runtime.Utils$1.call(Utils.java:40)
	at cucumber.runtime.Timeout.timeout(Timeout.java:16)
	at cucumber.runtime.Utils.invoke(Utils.java:34)
	at cucumber.runtime.java.JavaStepDefinition.execute(JavaStepDefinition.java:38)
	at cucumber.runtime.StepDefinitionMatch.runStep(StepDefinitionMatch.java:37)
	at cucumber.runtime.Runtime.runStep(Runtime.java:300)
	at cucumber.runtime.model.StepContainer.runStep(StepContainer.java:44)
	at cucumber.runtime.model.StepContainer.runSteps(StepContainer.java:39)
	at cucumber.runtime.model.CucumberScenario.run(CucumberScenario.java:44)
	at cucumber.runtime.junit.ExecutionUnitRunner.run(ExecutionUnitRunner.java:102)
	at cucumber.runtime.junit.FeatureRunner.runChild(FeatureRunner.java:63)
	at cucumber.runtime.junit.FeatureRunner.runChild(FeatureRunner.java:18)
	at org.junit.runners.ParentRunner$3.run(ParentRunner.java:290)
	at org.junit.runners.ParentRunner$1.schedule(ParentRunner.java:71)
	at org.junit.runners.ParentRunner.runChildren(ParentRunner.java:288)
	at org.junit.runners.ParentRunner.access$000(ParentRunner.java:58)
	at org.junit.runners.ParentRunner$2.evaluate(ParentRunner.java:268)
	at org.junit.runners.ParentRunner.run(ParentRunner.java:363)
	at cucumber.runtime.junit.FeatureRunner.run(FeatureRunner.java:70)
	at cucumber.api.junit.Cucumber.runChild(Cucumber.java:95)
	at cucumber.api.junit.Cucumber.runChild(Cucumber.java:38)
	at org.junit.runners.ParentRunner$3.run(ParentRunner.java:290)
	at org.junit.runners.ParentRunner$1.schedule(ParentRunner.java:71)
	at org.junit.runners.ParentRunner.runChildren(ParentRunner.java:288)
	at org.junit.runners.ParentRunner.access$000(ParentRunner.java:58)
	at org.junit.runners.ParentRunner$2.evaluate(ParentRunner.java:268)
	at org.junit.runners.ParentRunner.run(ParentRunner.java:363)
	at cucumber.api.junit.Cucumber.run(Cucumber.java:100)
	at org.apache.maven.surefire.junit4.JUnit4Provider.execute(JUnit4Provider.java:283)
	at org.apache.maven.surefire.junit4.JUnit4Provider.executeWithRerun(JUnit4Provider.java:173)
	at org.apache.maven.surefire.junit4.JUnit4Provider.executeTestSet(JUnit4Provider.java:153)
	at org.apache.maven.surefire.junit4.JUnit4Provider.invoke(JUnit4Provider.java:128)
	at org.apache.maven.surefire.booter.ForkedBooter.invokeProviderInSameClassLoader(ForkedBooter.java:203)
	at org.apache.maven.surefire.booter.ForkedBooter.runSuitesInProcess(ForkedBooter.java:155)
	at org.apache.maven.surefire.booter.ForkedBooter.main(ForkedBooter.java:103)
]]></error>
  </testcase>
  <testcase name="Then banner header is &quot;Test banner component&quot;" classname="Scenario: VIR-133.05 Verify that the text is overlaid on the banner" time="0">
    <skipped/>
    <system-err><![CDATA[[main] INFO net.serenitybdd.core.Serenity - STEP ERROR: java.lang.NoClassDefFoundError: Could not initialize class com.virco.locators.SiteData
[main] INFO net.serenitybdd.core.Serenity - STARTING STEP Then banner header is "Test banner component"
]]></system-err>
  </testcase>
  <testcase name="Then banner content is &quot;test content banner.&quot;" classname="Scenario: VIR-133.05 Verify that the text is overlaid on the banner" time="0">
    <skipped/>
    <system-err><![CDATA[[main] INFO net.serenitybdd.core.Serenity - IGNORING STEP
[main] INFO net.serenitybdd.core.Serenity - STARTING STEP Then banner content is "test content banner."
]]></system-err>
  </testcase>
  <testcase name="Given open the site and login" classname="Scenario: VIR-133.06 Verify that the Page title &quot;Products by Category&quot; is shown to the shopper" time="0.001">
    <error message="Could not initialize class com.virco.locators.SiteData" type="net.serenitybdd.core.exceptions.SerenityManagedException"><![CDATA[net.serenitybdd.core.exceptions.SerenityManagedException: Could not initialize class com.virco.locators.SiteData
	at com.virco.steps.serenity.CommonUserSteps.openTheSite(CommonUserSteps.java:19)
	at com.virco.steps.serenity.CommonUserSteps$$EnhancerByCGLIB$$d8541bfa.CGLIB$openTheSite$6(<generated>)
	at com.virco.steps.serenity.CommonUserSteps$$EnhancerByCGLIB$$d8541bfa$$FastClassByCGLIB$$ea8e0f86.invoke(<generated>)
	at net.sf.cglib.proxy.MethodProxy.invokeSuper(MethodProxy.java:228)
	at net.thucydides.core.steps.StepInterceptor.invokeMethod(StepInterceptor.java:372)
	at net.thucydides.core.steps.StepInterceptor.executeTestStepMethod(StepInterceptor.java:357)
	at net.thucydides.core.steps.StepInterceptor.runTestStep(StepInterceptor.java:332)
	at net.thucydides.core.steps.StepInterceptor.testStepResult(StepInterceptor.java:134)
	at net.thucydides.core.steps.StepInterceptor.intercept(StepInterceptor.java:61)
	at com.virco.steps.serenity.CommonUserSteps$$EnhancerByCGLIB$$d8541bfa.openTheSite(<generated>)
	at com.virco.steps.CommonDefinitionSteps.openTheSiteAndLogin(CommonDefinitionSteps.java:72)
	at sun.reflect.GeneratedMethodAccessor143.invoke(Unknown Source)
	at sun.reflect.DelegatingMethodAccessorImpl.invoke(DelegatingMethodAccessorImpl.java:43)
	at java.lang.reflect.Method.invoke(Method.java:498)
	at cucumber.runtime.Utils$1.call(Utils.java:40)
	at cucumber.runtime.Timeout.timeout(Timeout.java:16)
	at cucumber.runtime.Utils.invoke(Utils.java:34)
	at cucumber.runtime.java.JavaStepDefinition.execute(JavaStepDefinition.java:38)
	at cucumber.runtime.StepDefinitionMatch.runStep(StepDefinitionMatch.java:37)
	at cucumber.runtime.Runtime.runStep(Runtime.java:300)
	at cucumber.runtime.model.StepContainer.runStep(StepContainer.java:44)
	at cucumber.runtime.model.StepContainer.runSteps(StepContainer.java:39)
	at cucumber.runtime.model.CucumberScenario.run(CucumberScenario.java:44)
	at cucumber.runtime.junit.ExecutionUnitRunner.run(ExecutionUnitRunner.java:102)
	at cucumber.runtime.junit.FeatureRunner.runChild(FeatureRunner.java:63)
	at cucumber.runtime.junit.FeatureRunner.runChild(FeatureRunner.java:18)
	at org.junit.runners.ParentRunner$3.run(ParentRunner.java:290)
	at org.junit.runners.ParentRunner$1.schedule(ParentRunner.java:71)
	at org.junit.runners.ParentRunner.runChildren(ParentRunner.java:288)
	at org.junit.runners.ParentRunner.access$000(ParentRunner.java:58)
	at org.junit.runners.ParentRunner$2.evaluate(ParentRunner.java:268)
	at org.junit.runners.ParentRunner.run(ParentRunner.java:363)
	at cucumber.runtime.junit.FeatureRunner.run(FeatureRunner.java:70)
	at cucumber.api.junit.Cucumber.runChild(Cucumber.java:95)
	at cucumber.api.junit.Cucumber.runChild(Cucumber.java:38)
	at org.junit.runners.ParentRunner$3.run(ParentRunner.java:290)
	at org.junit.runners.ParentRunner$1.schedule(ParentRunner.java:71)
	at org.junit.runners.ParentRunner.runChildren(ParentRunner.java:288)
	at org.junit.runners.ParentRunner.access$000(ParentRunner.java:58)
	at org.junit.runners.ParentRunner$2.evaluate(ParentRunner.java:268)
	at org.junit.runners.ParentRunner.run(ParentRunner.java:363)
	at cucumber.api.junit.Cucumber.run(Cucumber.java:100)
	at org.apache.maven.surefire.junit4.JUnit4Provider.execute(JUnit4Provider.java:283)
	at org.apache.maven.surefire.junit4.JUnit4Provider.executeWithRerun(JUnit4Provider.java:173)
	at org.apache.maven.surefire.junit4.JUnit4Provider.executeTestSet(JUnit4Provider.java:153)
	at org.apache.maven.surefire.junit4.JUnit4Provider.invoke(JUnit4Provider.java:128)
	at org.apache.maven.surefire.booter.ForkedBooter.invokeProviderInSameClassLoader(ForkedBooter.java:203)
	at org.apache.maven.surefire.booter.ForkedBooter.runSuitesInProcess(ForkedBooter.java:155)
	at org.apache.maven.surefire.booter.ForkedBooter.main(ForkedBooter.java:103)
]]></error>
    <system-err><![CDATA[[main] INFO net.serenitybdd.core.Serenity - IGNORING STEP
[main] ERROR net.serenitybdd.core.Serenity - 
           __  _____ _____ ____ _____   _____ _    ___ _     _____ ____  
  _       / / |_   _| ____/ ___|_   _| |  ___/ \  |_ _| |   | ____|  _ \ 
 (_)_____| |    | | |  _| \___ \ | |   | |_ / _ \  | || |   |  _| | | | |
  _|_____| |    | | | |___ ___) || |   |  _/ ___ \ | || |___| |___| |_| |
 (_)     | |    |_| |_____|____/ |_|   |_|/_/   \_\___|_____|_____|____/ 
          \_\                                                            

TEST FAILED WITH ERROR: VIR-133.05 Verify that the text is overlaid on the banner
---------------------------------------------------------------------
[main] ERROR net.serenitybdd.core.Serenity - TEST FAILED AT STEP Open the site
[main] ERROR net.serenitybdd.core.Serenity - Could not initialize class com.virco.locators.SiteData
[pool-1-thread-3] INFO net.thucydides.core.reports.json.JSONTestOutcomeReporter - Generating JSON report for VIR-128.01 Verify that the OOTB Hybris is configured to file /Users/rodionsavchuk/hybrisAutomation/virco-automatedtests/target/site/serenity/f9e291a91d7fb0708996a6c172c79994e2f3e3dc027f9c744e43835d2210c73e.json (using temp file /Users/rodionsavchuk/hybrisAutomation/virco-automatedtests/target/site/serenity/f9e291a91d7fb0708996a6c172c79994e2f3e3dc027f9c744e43835d2210c73e.json2f67e78d-465f-44d6-bef0-4b0ef5fa1000)
[pool-1-thread-1] INFO net.thucydides.core.reports.json.JSONTestOutcomeReporter - Generating JSON report for VIR-129.01 Verify that the content admin can add a rotating theme by using template to file /Users/rodionsavchuk/hybrisAutomation/virco-automatedtests/target/site/serenity/2baaeb277c29c1f85062130a60bafea2167a5c2dd87a93c69ad94698238c35ee.json (using temp file /Users/rodionsavchuk/hybrisAutomation/virco-automatedtests/target/site/serenity/2baaeb277c29c1f85062130a60bafea2167a5c2dd87a93c69ad94698238c35ee.json71679378-cd95-4b82-9fd1-ff9528b46a7d)
[pool-1-thread-4] INFO net.thucydides.core.reports.json.JSONTestOutcomeReporter - Generating JSON report for VIR-129.02 Verify that the content admin can promo message by using template to file /Users/rodionsavchuk/hybrisAutomation/virco-automatedtests/target/site/serenity/5c582eac1cc160864035d84f14577b2a4b307d178776baf5d94402a8f33a570b.json (using temp file /Users/rodionsavchuk/hybrisAutomation/virco-automatedtests/target/site/serenity/5c582eac1cc160864035d84f14577b2a4b307d178776baf5d94402a8f33a570b.jsonfa2b676f-3faa-4a0d-bb6a-a8c6ecbe76e5)
[pool-1-thread-2] INFO net.thucydides.core.reports.json.JSONTestOutcomeReporter - Generating JSON report for VIR-129.03 Verify that the content admin can add installation slot by using template to file /Users/rodionsavchuk/hybrisAutomation/virco-automatedtests/target/site/serenity/e2ad5898b62d8e77d283000b0832f5fb0d67d58608b2ea1e947bdb3eaa4f7f13.json (using temp file /Users/rodionsavchuk/hybrisAutomation/virco-automatedtests/target/site/serenity/e2ad5898b62d8e77d283000b0832f5fb0d67d58608b2ea1e947bdb3eaa4f7f13.jsonb5843aa3-1571-445b-b929-86953e2158c7)
[pool-1-thread-1] INFO net.thucydides.core.reports.json.JSONTestOutcomeReporter - Generating JSON report for VIR-129.04 Verify that the content admin can add a product recommendation component on the page template by using template to file /Users/rodionsavchuk/hybrisAutomation/virco-automatedtests/target/site/serenity/2568cbeed2bdf1850ea694b2c61bf8c9430c3ac453a0d1b2f15e169595434015.json (using temp file /Users/rodionsavchuk/hybrisAutomation/virco-automatedtests/target/site/serenity/2568cbeed2bdf1850ea694b2c61bf8c9430c3ac453a0d1b2f15e169595434015.json573d47ec-37a0-434f-b682-bb5b130db973)
[pool-1-thread-4] INFO net.thucydides.core.reports.json.JSONTestOutcomeReporter - Generating JSON report for VIR-129.05 Verify that the content admin can add a quick ship component on the template page to file /Users/rodionsavchuk/hybrisAutomation/virco-automatedtests/target/site/serenity/03a37ae243f19fd5e4074c51364f3accdea994f94fbe9bfc0888dbf6b3fcb296.json (using temp file /Users/rodionsavchuk/hybrisAutomation/virco-automatedtests/target/site/serenity/03a37ae243f19fd5e4074c51364f3accdea994f94fbe9bfc0888dbf6b3fcb296.jsond10a8cd1-0ab9-4e51-b2d0-dfae910f0275)
[pool-1-thread-3] INFO net.thucydides.core.reports.json.JSONTestOutcomeReporter - Generating JSON report for VIR-129.06 Verify that the content admin can add a popular category on the template page to file /Users/rodionsavchuk/hybrisAutomation/virco-automatedtests/target/site/serenity/4cb24bf6eab810d97c001f653ce7ec4c2620e8ef80649c431bc47d31554e7dfa.json (using temp file /Users/rodionsavchuk/hybrisAutomation/virco-automatedtests/target/site/serenity/4cb24bf6eab810d97c001f653ce7ec4c2620e8ef80649c431bc47d31554e7dfa.json9fee3403-f2c5-4401-a7a5-31940435636e)
[pool-1-thread-1] INFO net.thucydides.core.reports.json.JSONTestOutcomeReporter - Generating JSON report for VIR-129.07 Verify that the content admin can add a product images component on the template page to file /Users/rodionsavchuk/hybrisAutomation/virco-automatedtests/target/site/serenity/b14d7ddd1213e2b3e327a1da59a5f30243e7b1413ece781e8217d0475b1d4ba5.json (using temp file /Users/rodionsavchuk/hybrisAutomation/virco-automatedtests/target/site/serenity/b14d7ddd1213e2b3e327a1da59a5f30243e7b1413ece781e8217d0475b1d4ba5.json9a08b83f-9df2-49f2-9c3f-f1cb33276f02)
[pool-1-thread-4] INFO net.thucydides.core.reports.json.JSONTestOutcomeReporter - Generating JSON report for VIR-129.08 Verify that the content admin can edit promo message/popular category. to file /Users/rodionsavchuk/hybrisAutomation/virco-automatedtests/target/site/serenity/0b72d581cee195fdedb17f43f946f9e8a6bd5762bb612b26fbaf09d9905941a0.json (using temp file /Users/rodionsavchuk/hybrisAutomation/virco-automatedtests/target/site/serenity/0b72d581cee195fdedb17f43f946f9e8a6bd5762bb612b26fbaf09d9905941a0.json7475fd4e-12a2-4d6a-94de-a1e0cab2658b)
[pool-1-thread-2] INFO net.thucydides.core.reports.json.JSONTestOutcomeReporter - Generating JSON report for VIR-129.10 Verify that the site has a look, configured by content admin to file /Users/rodionsavchuk/hybrisAutomation/virco-automatedtests/target/site/serenity/100947bcc68d92490597dd6eed62bf55d5857e1335d30b52c2a0a2894d214fe7.json (using temp file /Users/rodionsavchuk/hybrisAutomation/virco-automatedtests/target/site/serenity/100947bcc68d92490597dd6eed62bf55d5857e1335d30b52c2a0a2894d214fe7.jsona933cac4-79a4-4b10-8326-d318f5de9522)
[pool-1-thread-3] INFO net.thucydides.core.reports.json.JSONTestOutcomeReporter - Generating JSON report for VIR-129.09 Verify that the content admin can delete promo message/popular category. to file /Users/rodionsavchuk/hybrisAutomation/virco-automatedtests/target/site/serenity/e3f11c0e315cea47d82b81aeec1d5d4ec6688676c143e6c8bd85b536ee39abf1.json (using temp file /Users/rodionsavchuk/hybrisAutomation/virco-automatedtests/target/site/serenity/e3f11c0e315cea47d82b81aeec1d5d4ec6688676c143e6c8bd85b536ee39abf1.jsond29d465d-f304-4054-9ab6-3ab48c14f56e)
[pool-1-thread-1] INFO net.thucydides.core.reports.json.JSONTestOutcomeReporter - Generating JSON report for VIR-166.02 Verify that the each Banner has Rotating Theme, promotional message and installation slots to file /Users/rodionsavchuk/hybrisAutomation/virco-automatedtests/target/site/serenity/0608016defba6ce482ab704a7f99aa4784d409932878aab3566e62c6acd4c3be.json (using temp file /Users/rodionsavchuk/hybrisAutomation/virco-automatedtests/target/site/serenity/0608016defba6ce482ab704a7f99aa4784d409932878aab3566e62c6acd4c3be.jsonc69e4150-94ea-4f89-8868-b6e217bc13ef)
[pool-1-thread-4] INFO net.thucydides.core.reports.json.JSONTestOutcomeReporter - Generating JSON report for VIR-166.01 Verify the rotating carousel is added on the home page to file /Users/rodionsavchuk/hybrisAutomation/virco-automatedtests/target/site/serenity/41045224dd55f49d371e9fd4a455c28d0acc2a203f1c37c0d89de600b26d38ef.json (using temp file /Users/rodionsavchuk/hybrisAutomation/virco-automatedtests/target/site/serenity/41045224dd55f49d371e9fd4a455c28d0acc2a203f1c37c0d89de600b26d38ef.json66955598-2877-44f6-83f1-284fea368d0f)
[pool-1-thread-2] INFO net.thucydides.core.reports.json.JSONTestOutcomeReporter - Generating JSON report for VIR-166.03 Verify that the changes applied to the home page on the WCMS are shown on the site to file /Users/rodionsavchuk/hybrisAutomation/virco-automatedtests/target/site/serenity/b9eb3619ad92be0ca6909f8288eb5393e840f6227de55c87423f32dd621971c6.json (using temp file /Users/rodionsavchuk/hybrisAutomation/virco-automatedtests/target/site/serenity/b9eb3619ad92be0ca6909f8288eb5393e840f6227de55c87423f32dd621971c6.jsonaf943cc3-5873-4165-96ab-90d4e5cf5278)
[pool-1-thread-3] INFO net.thucydides.core.reports.json.JSONTestOutcomeReporter - Generating JSON report for VIR-166.04 Verify changes on the site to file /Users/rodionsavchuk/hybrisAutomation/virco-automatedtests/target/site/serenity/5f43c632221e66e649cb566b95c8c39021872b2cfde3c52fd524b9428955bf6f.json (using temp file /Users/rodionsavchuk/hybrisAutomation/virco-automatedtests/target/site/serenity/5f43c632221e66e649cb566b95c8c39021872b2cfde3c52fd524b9428955bf6f.json9b13c08c-d1d7-4537-8838-2b1a9e2e55c1)
[pool-1-thread-4] INFO net.thucydides.core.reports.json.JSONTestOutcomeReporter - Generating JSON report for VIR-166.04 Verify installation slot to file /Users/rodionsavchuk/hybrisAutomation/virco-automatedtests/target/site/serenity/edcb380d350a80cdf46587ae5741ec066978cdd8e0c97472caf730194b651304.json (using temp file /Users/rodionsavchuk/hybrisAutomation/virco-automatedtests/target/site/serenity/edcb380d350a80cdf46587ae5741ec066978cdd8e0c97472caf730194b651304.jsonfc9ffd64-1c2e-4d11-9f92-5923445bb72d)
[pool-1-thread-2] INFO net.thucydides.core.reports.json.JSONTestOutcomeReporter - Generating JSON report for VIR-130.01 Verify that the content Admin can add new banner to file /Users/rodionsavchuk/hybrisAutomation/virco-automatedtests/target/site/serenity/bb79537bca7a8b871c5b64cd1153742bc23c54e46592c06f822f87770b2e8b8a.json (using temp file /Users/rodionsavchuk/hybrisAutomation/virco-automatedtests/target/site/serenity/bb79537bca7a8b871c5b64cd1153742bc23c54e46592c06f822f87770b2e8b8a.jsona9b645c2-2b33-4bf5-ad39-64a5a64e3eb2)
[pool-1-thread-4] INFO net.thucydides.core.reports.json.JSONTestOutcomeReporter - Generating JSON report for VIR-130.03 Verify that the content admin can delete the banner to file /Users/rodionsavchuk/hybrisAutomation/virco-automatedtests/target/site/serenity/b41d3443e6a4853ebf7ef1692db7b2b9a12b9d62f5b7166287c8c85636ccdf3f.json (using temp file /Users/rodionsavchuk/hybrisAutomation/virco-automatedtests/target/site/serenity/b41d3443e6a4853ebf7ef1692db7b2b9a12b9d62f5b7166287c8c85636ccdf3f.json252449d3-3282-4130-a597-a931835e6ad3)
[pool-1-thread-3] INFO net.thucydides.core.reports.json.JSONTestOutcomeReporter - Generating JSON report for VIR-130.02 Verify that the content admin can edit the banner to file /Users/rodionsavchuk/hybrisAutomation/virco-automatedtests/target/site/serenity/8473ae2e239acb5c9594f6482f5f79bb4500c946dd2d245bf5d2caa427a8a26f.json (using temp file /Users/rodionsavchuk/hybrisAutomation/virco-automatedtests/target/site/serenity/8473ae2e239acb5c9594f6482f5f79bb4500c946dd2d245bf5d2caa427a8a26f.json2740d9ac-1e64-4cab-9fd3-ebfc54562923)
[pool-1-thread-1] INFO net.thucydides.core.reports.json.JSONTestOutcomeReporter - Generating JSON report for VIR-166.06 Return changes for carousel to file /Users/rodionsavchuk/hybrisAutomation/virco-automatedtests/target/site/serenity/666f9c30485604a0d8f915e21943e7e88d01015ce9092eafebcdb74a2aa69881.json (using temp file /Users/rodionsavchuk/hybrisAutomation/virco-automatedtests/target/site/serenity/666f9c30485604a0d8f915e21943e7e88d01015ce9092eafebcdb74a2aa69881.jsonc890b531-9f74-43a5-b566-382a2e8fb596)
[pool-1-thread-4] INFO net.thucydides.core.reports.json.JSONTestOutcomeReporter - Generating JSON report for VIR-130.04 Verify that the site has a look, configured by content admin to file /Users/rodionsavchuk/hybrisAutomation/virco-automatedtests/target/site/serenity/095ee6a7aed460c2ab7447a892b708f667ca6eb3d2b246703cb79d76aaa66edd.json (using temp file /Users/rodionsavchuk/hybrisAutomation/virco-automatedtests/target/site/serenity/095ee6a7aed460c2ab7447a892b708f667ca6eb3d2b246703cb79d76aaa66edd.json16fcbb4c-bcc5-4cd6-8769-e1accbbba4a1)
[pool-1-thread-2] INFO net.thucydides.core.reports.json.JSONTestOutcomeReporter - Generating JSON report for VIR-375.01 Unable to open the "Verisign terms and policy" page except through the Contact Us page to file /Users/rodionsavchuk/hybrisAutomation/virco-automatedtests/target/site/serenity/3d31ca4ca17ccedf663fa492c24dc92f29157766fcfb628ecd61645c9255a53a.json (using temp file /Users/rodionsavchuk/hybrisAutomation/virco-automatedtests/target/site/serenity/3d31ca4ca17ccedf663fa492c24dc92f29157766fcfb628ecd61645c9255a53a.json9d47e08e-28d4-451a-974a-cdc368191fab)
[pool-1-thread-3] INFO net.thucydides.core.reports.json.JSONTestOutcomeReporter - Generating JSON report for VIR-131.02 Verify that the content Admin can delete terms, security and compliance to file /Users/rodionsavchuk/hybrisAutomation/virco-automatedtests/target/site/serenity/ceb7302073899bbe72c923c378b3dfb15f405875b937887a17bf4cff9988ce11.json (using temp file /Users/rodionsavchuk/hybrisAutomation/virco-automatedtests/target/site/serenity/ceb7302073899bbe72c923c378b3dfb15f405875b937887a17bf4cff9988ce11.json373da465-51b6-4028-a142-0af27e0c83ac)
[pool-1-thread-4] INFO net.thucydides.core.reports.json.JSONTestOutcomeReporter - Generating JSON report for VIR-131.04 Verify that the content Admin can edit terms, security and compliance to file /Users/rodionsavchuk/hybrisAutomation/virco-automatedtests/target/site/serenity/11123f2712ee38abf08a7255e58490510ce459b677c6317a48c1c5a02bad5899.json (using temp file /Users/rodionsavchuk/hybrisAutomation/virco-automatedtests/target/site/serenity/11123f2712ee38abf08a7255e58490510ce459b677c6317a48c1c5a02bad5899.jsona6a61139-9542-4891-9072-517a559611b2)
[pool-1-thread-1] INFO net.thucydides.core.reports.json.JSONTestOutcomeReporter - Generating JSON report for VIR-131.03 Verify that the content Admin can add terms, security and compliance to file /Users/rodionsavchuk/hybrisAutomation/virco-automatedtests/target/site/serenity/afbc2d2c12a820e7bd8ff57fd665dcbf835c82e12b10214fa792d713e6b209c6.json (using temp file /Users/rodionsavchuk/hybrisAutomation/virco-automatedtests/target/site/serenity/afbc2d2c12a820e7bd8ff57fd665dcbf835c82e12b10214fa792d713e6b209c6.json619d08e0-7334-4a59-a7bc-d67de3b071cd)
[pool-1-thread-2] INFO net.thucydides.core.reports.json.JSONTestOutcomeReporter - Generating JSON report for VIR-131.05 Return changes to file /Users/rodionsavchuk/hybrisAutomation/virco-automatedtests/target/site/serenity/481bc60c8e1753c36167a06d3e94715ec6bdb3bc0fa2de75bc3b701c703a0740.json (using temp file /Users/rodionsavchuk/hybrisAutomation/virco-automatedtests/target/site/serenity/481bc60c8e1753c36167a06d3e94715ec6bdb3bc0fa2de75bc3b701c703a0740.jsonadffe46b-0cdb-4e97-9ce0-1ef0a5aeddb5)
[pool-1-thread-1] INFO net.thucydides.core.reports.json.JSONTestOutcomeReporter - Generating JSON report for VIR-132.02 Verify that the content admin can edit restriction for the desired customizations. to file /Users/rodionsavchuk/hybrisAutomation/virco-automatedtests/target/site/serenity/21c25b56faab758e879fe49e985016e5e5212c7b9214f355a35317a785ad4edd.json (using temp file /Users/rodionsavchuk/hybrisAutomation/virco-automatedtests/target/site/serenity/21c25b56faab758e879fe49e985016e5e5212c7b9214f355a35317a785ad4edd.json5bf90d79-ccdc-4251-ad55-b4a7a3dafc47)
[pool-1-thread-4] INFO net.thucydides.core.reports.json.JSONTestOutcomeReporter - Generating JSON report for VIR-132.01 Verify that the content admin can add restriction for the desired customizations. to file /Users/rodionsavchuk/hybrisAutomation/virco-automatedtests/target/site/serenity/012fbd4c99dbed94980068932c3b9900aa40fcbd0f147abb3c9b18198ccfee2c.json (using temp file /Users/rodionsavchuk/hybrisAutomation/virco-automatedtests/target/site/serenity/012fbd4c99dbed94980068932c3b9900aa40fcbd0f147abb3c9b18198ccfee2c.json76c768ef-ad69-408a-bcf7-31e3e056989d)
[pool-1-thread-2] INFO net.thucydides.core.reports.json.JSONTestOutcomeReporter - Generating JSON report for VIR-132.03 Verify that the content admin can delete restriction for the desired customizations. to file /Users/rodionsavchuk/hybrisAutomation/virco-automatedtests/target/site/serenity/f6bd8472778e2535a4b9144aa99d3240dacf17fdc0647b30ce75c3b787f53d15.json (using temp file /Users/rodionsavchuk/hybrisAutomation/virco-automatedtests/target/site/serenity/f6bd8472778e2535a4b9144aa99d3240dacf17fdc0647b30ce75c3b787f53d15.json512feca8-abc6-4ade-b337-d2bf4544d0b5)
[pool-1-thread-3] INFO net.thucydides.core.reports.json.JSONTestOutcomeReporter - Generating JSON report for VIR-132.04 Verify that the restrictions can be added to the following to file /Users/rodionsavchuk/hybrisAutomation/virco-automatedtests/target/site/serenity/bb312434987ad8333f1a82d90084aa3d1109fed7e9f40f25770d63e0cb749be9.json (using temp file /Users/rodionsavchuk/hybrisAutomation/virco-automatedtests/target/site/serenity/bb312434987ad8333f1a82d90084aa3d1109fed7e9f40f25770d63e0cb749be9.jsoneb2a4076-c9c8-47eb-afff-f87ef11f4dfe)
[pool-1-thread-4] INFO net.thucydides.core.reports.json.JSONTestOutcomeReporter - Generating JSON report for VIR-133.01 Verify that the content admin can delete the banner, title and categories through the WCMS to file /Users/rodionsavchuk/hybrisAutomation/virco-automatedtests/target/site/serenity/d10c471b31104c36cff5887c55a7bc150eababcb1937fa5a395a48f11580da2f.json (using temp file /Users/rodionsavchuk/hybrisAutomation/virco-automatedtests/target/site/serenity/d10c471b31104c36cff5887c55a7bc150eababcb1937fa5a395a48f11580da2f.jsone0d18334-6b63-4faf-9b8c-a746f2f4f739)
[pool-1-thread-4] INFO net.thucydides.core.reports.json.JSONTestOutcomeReporter - Generating JSON report for VIR-133.02 Verify that the content admin can add the banner, title and categories through the WCMS to file /Users/rodionsavchuk/hybrisAutomation/virco-automatedtests/target/site/serenity/3bb00edc8b11547b9ac39ca5a5696c45f1e0d290628ccd73684e0832986f1e71.json (using temp file /Users/rodionsavchuk/hybrisAutomation/virco-automatedtests/target/site/serenity/3bb00edc8b11547b9ac39ca5a5696c45f1e0d290628ccd73684e0832986f1e71.json7589f240-e29b-461d-b9f3-a838b2e7c04f)
[pool-1-thread-2] INFO net.thucydides.core.reports.json.JSONTestOutcomeReporter - Generating JSON report for VIR-133.03 Verify that the content admin can edit the banner, title and categories through the WCMS to file /Users/rodionsavchuk/hybrisAutomation/virco-automatedtests/target/site/serenity/bf784fb294e81a8a6ed3e34f569b9b326b48ffb8cfb4166224a8840cbf362e21.json (using temp file /Users/rodionsavchuk/hybrisAutomation/virco-automatedtests/target/site/serenity/bf784fb294e81a8a6ed3e34f569b9b326b48ffb8cfb4166224a8840cbf362e21.jsonc6d36104-fdcb-4a39-b272-52cb6a645fd4)
[pool-1-thread-1] INFO net.thucydides.core.reports.json.JSONTestOutcomeReporter - Generating JSON report for VIR-133.04 Verify that the Banner is shown to the shopper on the home page to file /Users/rodionsavchuk/hybrisAutomation/virco-automatedtests/target/site/serenity/4c2884489ffe2042fbe11e4563b220cac104e5129e32868a3f1d6600011e076b.json (using temp file /Users/rodionsavchuk/hybrisAutomation/virco-automatedtests/target/site/serenity/4c2884489ffe2042fbe11e4563b220cac104e5129e32868a3f1d6600011e076b.json15661085-be1f-4d25-b8c3-3c70ad1e25c2)
[pool-1-thread-4] INFO net.thucydides.core.reports.json.JSONTestOutcomeReporter - Generating JSON report for VIR-133.05 Verify that the text is overlaid on the banner to file /Users/rodionsavchuk/hybrisAutomation/virco-automatedtests/target/site/serenity/bf1a934735e5d669eada1b870d663ecb425f20e68617bfb53654f05d12656a5f.json (using temp file /Users/rodionsavchuk/hybrisAutomation/virco-automatedtests/target/site/serenity/bf1a934735e5d669eada1b870d663ecb425f20e68617bfb53654f05d12656a5f.json61f86843-5ba3-457c-bdfb-ca7fec138425)
[pool-1-thread-3] INFO net.thucydides.core.reports.html.HtmlAcceptanceTestReporter - GENERATING HTML REPORT FOR CNT-1 - WCMS Site Maintenance:VIR-128.01 Verify that the OOTB Hybris is configured in f9e291a91d7fb0708996a6c172c79994e2f3e3dc027f9c744e43835d2210c73e.html in directory target/site/serenity  
[pool-1-thread-2] INFO net.thucydides.core.reports.html.HtmlAcceptanceTestReporter - GENERATING HTML REPORT FOR CNT-2 - Component Maintenance:VIR-129.01 Verify that the content admin can add a rotating theme by using template in 2baaeb277c29c1f85062130a60bafea2167a5c2dd87a93c69ad94698238c35ee.html in directory target/site/serenity  
[pool-1-thread-1] INFO net.thucydides.core.reports.html.HtmlAcceptanceTestReporter - GENERATING HTML REPORT FOR CNT-2 - Component Maintenance:VIR-129.03 Verify that the content admin can add installation slot by using template in e2ad5898b62d8e77d283000b0832f5fb0d67d58608b2ea1e947bdb3eaa4f7f13.html in directory target/site/serenity  
[pool-1-thread-4] INFO net.thucydides.core.reports.html.HtmlAcceptanceTestReporter - GENERATING HTML REPORT FOR CNT-2 - Component Maintenance:VIR-129.02 Verify that the content admin can promo message by using template in 5c582eac1cc160864035d84f14577b2a4b307d178776baf5d94402a8f33a570b.html in directory target/site/serenity  
[pool-1-thread-2] INFO net.thucydides.core.reports.html.HtmlAcceptanceTestReporter - GENERATING HTML REPORT FOR CNT-2 - Component Maintenance:VIR-129.04 Verify that the content admin can add a product recommendation component on the page template by using template in 2568cbeed2bdf1850ea694b2c61bf8c9430c3ac453a0d1b2f15e169595434015.html in directory target/site/serenity  
[pool-1-thread-3] INFO net.thucydides.core.reports.html.HtmlAcceptanceTestReporter - GENERATING HTML REPORT FOR CNT-2 - Component Maintenance:VIR-129.05 Verify that the content admin can add a quick ship component on the template page in 03a37ae243f19fd5e4074c51364f3accdea994f94fbe9bfc0888dbf6b3fcb296.html in directory target/site/serenity  
[pool-1-thread-4] INFO net.thucydides.core.reports.html.HtmlAcceptanceTestReporter - GENERATING HTML REPORT FOR CNT-2 - Component Maintenance:VIR-129.06 Verify that the content admin can add a popular category on the template page in 4cb24bf6eab810d97c001f653ce7ec4c2620e8ef80649c431bc47d31554e7dfa.html in directory target/site/serenity  
[pool-1-thread-1] INFO net.thucydides.core.reports.html.HtmlAcceptanceTestReporter - GENERATING HTML REPORT FOR CNT-2 - Component Maintenance:VIR-129.07 Verify that the content admin can add a product images component on the template page in b14d7ddd1213e2b3e327a1da59a5f30243e7b1413ece781e8217d0475b1d4ba5.html in directory target/site/serenity  
[pool-1-thread-2] INFO net.thucydides.core.reports.html.HtmlAcceptanceTestReporter - GENERATING HTML REPORT FOR CNT-2 - Component Maintenance:VIR-129.08 Verify that the content admin can edit promo message/popular category. in 0b72d581cee195fdedb17f43f946f9e8a6bd5762bb612b26fbaf09d9905941a0.html in directory target/site/serenity  
[pool-1-thread-4] INFO net.thucydides.core.reports.html.HtmlAcceptanceTestReporter - GENERATING HTML REPORT FOR CNT-2 - Component Maintenance:VIR-129.10 Verify that the site has a look, configured by content admin in 100947bcc68d92490597dd6eed62bf55d5857e1335d30b52c2a0a2894d214fe7.html in directory target/site/serenity  
[pool-1-thread-2] INFO net.thucydides.core.reports.html.HtmlAcceptanceTestReporter - GENERATING HTML REPORT FOR CNT-2 - Component Maintenance:VIR-166.01 Verify the rotating carousel is added on the home page in 41045224dd55f49d371e9fd4a455c28d0acc2a203f1c37c0d89de600b26d38ef.html in directory target/site/serenity  
[pool-1-thread-1] INFO net.thucydides.core.reports.html.HtmlAcceptanceTestReporter - GENERATING HTML REPORT FOR CNT-2 - Component Maintenance:VIR-129.09 Verify that the content admin can delete promo message/popular category. in e3f11c0e315cea47d82b81aeec1d5d4ec6688676c143e6c8bd85b536ee39abf1.html in directory target/site/serenity  
[pool-1-thread-3] INFO net.thucydides.core.reports.html.HtmlAcceptanceTestReporter - GENERATING HTML REPORT FOR CNT-2 - Component Maintenance:VIR-166.02 Verify that the each Banner has Rotating Theme, promotional message and installation slots in 0608016defba6ce482ab704a7f99aa4784d409932878aab3566e62c6acd4c3be.html in directory target/site/serenity  
[pool-1-thread-4] INFO net.thucydides.core.reports.html.HtmlAcceptanceTestReporter - GENERATING HTML REPORT FOR CNT-2 - Component Maintenance:VIR-166.03 Verify that the changes applied to the home page on the WCMS are shown on the site in b9eb3619ad92be0ca6909f8288eb5393e840f6227de55c87423f32dd621971c6.html in directory target/site/serenity  
[pool-1-thread-1] INFO net.thucydides.core.reports.html.HtmlAcceptanceTestReporter - GENERATING HTML REPORT FOR CNT-2 - Component Maintenance:VIR-166.04 Verify changes on the site in 5f43c632221e66e649cb566b95c8c39021872b2cfde3c52fd524b9428955bf6f.html in directory target/site/serenity  
[pool-1-thread-4] INFO net.thucydides.core.reports.html.HtmlAcceptanceTestReporter - GENERATING HTML REPORT FOR CNT-2 - Component Maintenance:VIR-166.04 Verify installation slot in edcb380d350a80cdf46587ae5741ec066978cdd8e0c97472caf730194b651304.html in directory target/site/serenity  
[pool-1-thread-2] INFO net.thucydides.core.reports.html.HtmlAcceptanceTestReporter - GENERATING HTML REPORT FOR CNT-3 - Banners:VIR-130.01 Verify that the content Admin can add new banner in bb79537bca7a8b871c5b64cd1153742bc23c54e46592c06f822f87770b2e8b8a.html in directory target/site/serenity  
[pool-1-thread-3] INFO net.thucydides.core.reports.html.HtmlAcceptanceTestReporter - GENERATING HTML REPORT FOR CNT-2 - Component Maintenance:VIR-166.06 Return changes for carousel in 666f9c30485604a0d8f915e21943e7e88d01015ce9092eafebcdb74a2aa69881.html in directory target/site/serenity  
[pool-1-thread-1] INFO net.thucydides.core.reports.html.HtmlAcceptanceTestReporter - GENERATING HTML REPORT FOR CNT-3 - Banners:VIR-130.02 Verify that the content admin can edit the banner in 8473ae2e239acb5c9594f6482f5f79bb4500c946dd2d245bf5d2caa427a8a26f.html in directory target/site/serenity  
[pool-1-thread-4] INFO net.thucydides.core.reports.html.HtmlAcceptanceTestReporter - GENERATING HTML REPORT FOR CNT-3 - Banners:VIR-130.03 Verify that the content admin can delete the banner in b41d3443e6a4853ebf7ef1692db7b2b9a12b9d62f5b7166287c8c85636ccdf3f.html in directory target/site/serenity  
[pool-1-thread-3] INFO net.thucydides.core.reports.html.HtmlAcceptanceTestReporter - GENERATING HTML REPORT FOR CNT-3 - Banners:VIR-130.04 Verify that the site has a look, configured by content admin in 095ee6a7aed460c2ab7447a892b708f667ca6eb3d2b246703cb79d76aaa66edd.html in directory target/site/serenity  
[pool-1-thread-2] INFO net.thucydides.core.reports.html.HtmlAcceptanceTestReporter - GENERATING HTML REPORT FOR CNT-4 - Security Compliance:VIR-375.01 Unable to open the "Verisign terms and policy" page except through the Contact Us page in 3d31ca4ca17ccedf663fa492c24dc92f29157766fcfb628ecd61645c9255a53a.html in directory target/site/serenity  
[pool-1-thread-4] INFO net.thucydides.core.reports.html.HtmlAcceptanceTestReporter - GENERATING HTML REPORT FOR CNT-4 - Security Compliance:VIR-131.03 Verify that the content Admin can add terms, security and compliance in afbc2d2c12a820e7bd8ff57fd665dcbf835c82e12b10214fa792d713e6b209c6.html in directory target/site/serenity  
[pool-1-thread-1] INFO net.thucydides.core.reports.html.HtmlAcceptanceTestReporter - GENERATING HTML REPORT FOR CNT-4 - Security Compliance:VIR-131.02 Verify that the content Admin can delete terms, security and compliance in ceb7302073899bbe72c923c378b3dfb15f405875b937887a17bf4cff9988ce11.html in directory target/site/serenity  
[pool-1-thread-3] INFO net.thucydides.core.reports.html.HtmlAcceptanceTestReporter - GENERATING HTML REPORT FOR CNT-4 - Security Compliance:VIR-131.04 Verify that the content Admin can edit terms, security and compliance in 11123f2712ee38abf08a7255e58490510ce459b677c6317a48c1c5a02bad5899.html in directory target/site/serenity  
[pool-1-thread-4] INFO net.thucydides.core.reports.html.HtmlAcceptanceTestReporter - GENERATING HTML REPORT FOR CNT-5 - Brand Management:VIR-132.01 Verify that the content admin can add restriction for the desired customizations. in 012fbd4c99dbed94980068932c3b9900aa40fcbd0f147abb3c9b18198ccfee2c.html in directory target/site/serenity  
[pool-1-thread-2] INFO net.thucydides.core.reports.html.HtmlAcceptanceTestReporter - GENERATING HTML REPORT FOR CNT-4 - Security Compliance:VIR-131.05 Return changes in 481bc60c8e1753c36167a06d3e94715ec6bdb3bc0fa2de75bc3b701c703a0740.html in directory target/site/serenity  
[pool-1-thread-3] INFO net.thucydides.core.reports.html.HtmlAcceptanceTestReporter - GENERATING HTML REPORT FOR CNT-5 - Brand Management:VIR-132.02 Verify that the content admin can edit restriction for the desired customizations. in 21c25b56faab758e879fe49e985016e5e5212c7b9214f355a35317a785ad4edd.html in directory target/site/serenity  
[pool-1-thread-4] INFO net.thucydides.core.reports.html.HtmlAcceptanceTestReporter - GENERATING HTML REPORT FOR CNT-5 - Brand Management:VIR-132.03 Verify that the content admin can delete restriction for the desired customizations. in f6bd8472778e2535a4b9144aa99d3240dacf17fdc0647b30ce75c3b787f53d15.html in directory target/site/serenity  
[pool-1-thread-1] INFO net.thucydides.core.reports.html.HtmlAcceptanceTestReporter - GENERATING HTML REPORT FOR CNT-5 - Brand Management:VIR-132.04 Verify that the restrictions can be added to the following in bb312434987ad8333f1a82d90084aa3d1109fed7e9f40f25770d63e0cb749be9.html in directory target/site/serenity  
[pool-1-thread-3] INFO net.thucydides.core.reports.html.HtmlAcceptanceTestReporter - GENERATING HTML REPORT FOR CNT-6 - Content Slots:VIR-133.01 Verify that the content admin can delete the banner, title and categories through the WCMS in d10c471b31104c36cff5887c55a7bc150eababcb1937fa5a395a48f11580da2f.html in directory target/site/serenity  
[pool-1-thread-1] INFO net.thucydides.core.reports.html.HtmlAcceptanceTestReporter - GENERATING HTML REPORT FOR CNT-6 - Content Slots:VIR-133.02 Verify that the content admin can add the banner, title and categories through the WCMS in 3bb00edc8b11547b9ac39ca5a5696c45f1e0d290628ccd73684e0832986f1e71.html in directory target/site/serenity  
[pool-1-thread-3] INFO net.thucydides.core.reports.html.HtmlAcceptanceTestReporter - GENERATING HTML REPORT FOR CNT-6 - Content Slots:VIR-133.04 Verify that the Banner is shown to the shopper on the home page in 4c2884489ffe2042fbe11e4563b220cac104e5129e32868a3f1d6600011e076b.html in directory target/site/serenity  
[pool-1-thread-2] INFO net.thucydides.core.reports.html.HtmlAcceptanceTestReporter - GENERATING HTML REPORT FOR CNT-6 - Content Slots:VIR-133.03 Verify that the content admin can edit the banner, title and categories through the WCMS in bf784fb294e81a8a6ed3e34f569b9b326b48ffb8cfb4166224a8840cbf362e21.html in directory target/site/serenity  
[pool-1-thread-4] INFO net.thucydides.core.reports.html.HtmlAcceptanceTestReporter - GENERATING HTML REPORT FOR CNT-6 - Content Slots:VIR-133.05 Verify that the text is overlaid on the banner in bf1a934735e5d669eada1b870d663ecb425f20e68617bfb53654f05d12656a5f.html in directory target/site/serenity  
[main] INFO net.serenitybdd.core.Serenity - 
 _____ _____ ____ _____   ____ _____  _    ____ _____ _____ ____  
|_   _| ____/ ___|_   _| / ___|_   _|/ \  |  _ \_   _| ____|  _ \ 
  | | |  _| \___ \ | |   \___ \ | | / _ \ | |_) || | |  _| | | | |
  | | | |___ ___) || |    ___) || |/ ___ \|  _ < | | | |___| |_| |
  |_| |_____|____/ |_|   |____/ |_/_/   \_\_| \_\|_| |_____|____/ 
                                                                  

TEST STARTED: VIR-133.06 Verify that the Page title "Products by Category" is shown to the shopper
-------------------------------------------------------------------(cnt-6---content-slots;vir-133.06-verify-that-the-page-title-"products-by-category"-is-shown-to-the-shopper)
[main] INFO net.serenitybdd.core.Serenity - STARTING STEP Given open the site and login
[main] INFO net.serenitybdd.core.Serenity - STARTING STEP Open the site
[main] INFO net.serenitybdd.core.Serenity - STEP ERROR: net.serenitybdd.core.exceptions.SerenityManagedException: Could not initialize class com.virco.locators.SiteData
]]></system-err>
  </testcase>
  <testcase name="Scenario: VIR-133.06 Verify that the Page title &quot;Products by Category&quot; is shown to the shopper" classname="Scenario: VIR-133.06 Verify that the Page title &quot;Products by Category&quot; is shown to the shopper" time="0.002">
    <error message="Could not initialize class com.virco.locators.SiteData" type="net.serenitybdd.core.exceptions.SerenityManagedException"><![CDATA[net.serenitybdd.core.exceptions.SerenityManagedException: Could not initialize class com.virco.locators.SiteData
	at com.virco.steps.serenity.CommonUserSteps.openTheSite(CommonUserSteps.java:19)
	at com.virco.steps.serenity.CommonUserSteps$$EnhancerByCGLIB$$d8541bfa.CGLIB$openTheSite$6(<generated>)
	at com.virco.steps.serenity.CommonUserSteps$$EnhancerByCGLIB$$d8541bfa$$FastClassByCGLIB$$ea8e0f86.invoke(<generated>)
	at net.sf.cglib.proxy.MethodProxy.invokeSuper(MethodProxy.java:228)
	at net.thucydides.core.steps.StepInterceptor.invokeMethod(StepInterceptor.java:372)
	at net.thucydides.core.steps.StepInterceptor.executeTestStepMethod(StepInterceptor.java:357)
	at net.thucydides.core.steps.StepInterceptor.runTestStep(StepInterceptor.java:332)
	at net.thucydides.core.steps.StepInterceptor.testStepResult(StepInterceptor.java:134)
	at net.thucydides.core.steps.StepInterceptor.intercept(StepInterceptor.java:61)
	at com.virco.steps.serenity.CommonUserSteps$$EnhancerByCGLIB$$d8541bfa.openTheSite(<generated>)
	at com.virco.steps.CommonDefinitionSteps.openTheSiteAndLogin(CommonDefinitionSteps.java:72)
	at sun.reflect.GeneratedMethodAccessor143.invoke(Unknown Source)
	at sun.reflect.DelegatingMethodAccessorImpl.invoke(DelegatingMethodAccessorImpl.java:43)
	at java.lang.reflect.Method.invoke(Method.java:498)
	at cucumber.runtime.Utils$1.call(Utils.java:40)
	at cucumber.runtime.Timeout.timeout(Timeout.java:16)
	at cucumber.runtime.Utils.invoke(Utils.java:34)
	at cucumber.runtime.java.JavaStepDefinition.execute(JavaStepDefinition.java:38)
	at cucumber.runtime.StepDefinitionMatch.runStep(StepDefinitionMatch.java:37)
	at cucumber.runtime.Runtime.runStep(Runtime.java:300)
	at cucumber.runtime.model.StepContainer.runStep(StepContainer.java:44)
	at cucumber.runtime.model.StepContainer.runSteps(StepContainer.java:39)
	at cucumber.runtime.model.CucumberScenario.run(CucumberScenario.java:44)
	at cucumber.runtime.junit.ExecutionUnitRunner.run(ExecutionUnitRunner.java:102)
	at cucumber.runtime.junit.FeatureRunner.runChild(FeatureRunner.java:63)
	at cucumber.runtime.junit.FeatureRunner.runChild(FeatureRunner.java:18)
	at org.junit.runners.ParentRunner$3.run(ParentRunner.java:290)
	at org.junit.runners.ParentRunner$1.schedule(ParentRunner.java:71)
	at org.junit.runners.ParentRunner.runChildren(ParentRunner.java:288)
	at org.junit.runners.ParentRunner.access$000(ParentRunner.java:58)
	at org.junit.runners.ParentRunner$2.evaluate(ParentRunner.java:268)
	at org.junit.runners.ParentRunner.run(ParentRunner.java:363)
	at cucumber.runtime.junit.FeatureRunner.run(FeatureRunner.java:70)
	at cucumber.api.junit.Cucumber.runChild(Cucumber.java:95)
	at cucumber.api.junit.Cucumber.runChild(Cucumber.java:38)
	at org.junit.runners.ParentRunner$3.run(ParentRunner.java:290)
	at org.junit.runners.ParentRunner$1.schedule(ParentRunner.java:71)
	at org.junit.runners.ParentRunner.runChildren(ParentRunner.java:288)
	at org.junit.runners.ParentRunner.access$000(ParentRunner.java:58)
	at org.junit.runners.ParentRunner$2.evaluate(ParentRunner.java:268)
	at org.junit.runners.ParentRunner.run(ParentRunner.java:363)
	at cucumber.api.junit.Cucumber.run(Cucumber.java:100)
	at org.apache.maven.surefire.junit4.JUnit4Provider.execute(JUnit4Provider.java:283)
	at org.apache.maven.surefire.junit4.JUnit4Provider.executeWithRerun(JUnit4Provider.java:173)
	at org.apache.maven.surefire.junit4.JUnit4Provider.executeTestSet(JUnit4Provider.java:153)
	at org.apache.maven.surefire.junit4.JUnit4Provider.invoke(JUnit4Provider.java:128)
	at org.apache.maven.surefire.booter.ForkedBooter.invokeProviderInSameClassLoader(ForkedBooter.java:203)
	at org.apache.maven.surefire.booter.ForkedBooter.runSuitesInProcess(ForkedBooter.java:155)
	at org.apache.maven.surefire.booter.ForkedBooter.main(ForkedBooter.java:103)
]]></error>
  </testcase>
  <testcase name="Then the page title &quot;Products by Category&quot; is shown" classname="Scenario: VIR-133.06 Verify that the Page title &quot;Products by Category&quot; is shown to the shopper" time="0">
    <skipped/>
    <system-err><![CDATA[[main] INFO net.serenitybdd.core.Serenity - STEP ERROR: java.lang.NoClassDefFoundError: Could not initialize class com.virco.locators.SiteData
[main] INFO net.serenitybdd.core.Serenity - STARTING STEP Then the page title "Products by Category" is shown
]]></system-err>
  </testcase>
  <testcase name="Given open the site and login" classname="Scenario: VIR-133.07 Verify that the following page categories are shown" time="0.002">
    <error message="Could not initialize class com.virco.locators.SiteData" type="net.serenitybdd.core.exceptions.SerenityManagedException"><![CDATA[net.serenitybdd.core.exceptions.SerenityManagedException: Could not initialize class com.virco.locators.SiteData
	at com.virco.steps.serenity.CommonUserSteps.openTheSite(CommonUserSteps.java:19)
	at com.virco.steps.serenity.CommonUserSteps$$EnhancerByCGLIB$$d8541bfa.CGLIB$openTheSite$6(<generated>)
	at com.virco.steps.serenity.CommonUserSteps$$EnhancerByCGLIB$$d8541bfa$$FastClassByCGLIB$$ea8e0f86.invoke(<generated>)
	at net.sf.cglib.proxy.MethodProxy.invokeSuper(MethodProxy.java:228)
	at net.thucydides.core.steps.StepInterceptor.invokeMethod(StepInterceptor.java:372)
	at net.thucydides.core.steps.StepInterceptor.executeTestStepMethod(StepInterceptor.java:357)
	at net.thucydides.core.steps.StepInterceptor.runTestStep(StepInterceptor.java:332)
	at net.thucydides.core.steps.StepInterceptor.testStepResult(StepInterceptor.java:134)
	at net.thucydides.core.steps.StepInterceptor.intercept(StepInterceptor.java:61)
	at com.virco.steps.serenity.CommonUserSteps$$EnhancerByCGLIB$$d8541bfa.openTheSite(<generated>)
	at com.virco.steps.CommonDefinitionSteps.openTheSiteAndLogin(CommonDefinitionSteps.java:72)
	at sun.reflect.GeneratedMethodAccessor143.invoke(Unknown Source)
	at sun.reflect.DelegatingMethodAccessorImpl.invoke(DelegatingMethodAccessorImpl.java:43)
	at java.lang.reflect.Method.invoke(Method.java:498)
	at cucumber.runtime.Utils$1.call(Utils.java:40)
	at cucumber.runtime.Timeout.timeout(Timeout.java:16)
	at cucumber.runtime.Utils.invoke(Utils.java:34)
	at cucumber.runtime.java.JavaStepDefinition.execute(JavaStepDefinition.java:38)
	at cucumber.runtime.StepDefinitionMatch.runStep(StepDefinitionMatch.java:37)
	at cucumber.runtime.Runtime.runStep(Runtime.java:300)
	at cucumber.runtime.model.StepContainer.runStep(StepContainer.java:44)
	at cucumber.runtime.model.StepContainer.runSteps(StepContainer.java:39)
	at cucumber.runtime.model.CucumberScenario.run(CucumberScenario.java:44)
	at cucumber.runtime.junit.ExecutionUnitRunner.run(ExecutionUnitRunner.java:102)
	at cucumber.runtime.junit.FeatureRunner.runChild(FeatureRunner.java:63)
	at cucumber.runtime.junit.FeatureRunner.runChild(FeatureRunner.java:18)
	at org.junit.runners.ParentRunner$3.run(ParentRunner.java:290)
	at org.junit.runners.ParentRunner$1.schedule(ParentRunner.java:71)
	at org.junit.runners.ParentRunner.runChildren(ParentRunner.java:288)
	at org.junit.runners.ParentRunner.access$000(ParentRunner.java:58)
	at org.junit.runners.ParentRunner$2.evaluate(ParentRunner.java:268)
	at org.junit.runners.ParentRunner.run(ParentRunner.java:363)
	at cucumber.runtime.junit.FeatureRunner.run(FeatureRunner.java:70)
	at cucumber.api.junit.Cucumber.runChild(Cucumber.java:95)
	at cucumber.api.junit.Cucumber.runChild(Cucumber.java:38)
	at org.junit.runners.ParentRunner$3.run(ParentRunner.java:290)
	at org.junit.runners.ParentRunner$1.schedule(ParentRunner.java:71)
	at org.junit.runners.ParentRunner.runChildren(ParentRunner.java:288)
	at org.junit.runners.ParentRunner.access$000(ParentRunner.java:58)
	at org.junit.runners.ParentRunner$2.evaluate(ParentRunner.java:268)
	at org.junit.runners.ParentRunner.run(ParentRunner.java:363)
	at cucumber.api.junit.Cucumber.run(Cucumber.java:100)
	at org.apache.maven.surefire.junit4.JUnit4Provider.execute(JUnit4Provider.java:283)
	at org.apache.maven.surefire.junit4.JUnit4Provider.executeWithRerun(JUnit4Provider.java:173)
	at org.apache.maven.surefire.junit4.JUnit4Provider.executeTestSet(JUnit4Provider.java:153)
	at org.apache.maven.surefire.junit4.JUnit4Provider.invoke(JUnit4Provider.java:128)
	at org.apache.maven.surefire.booter.ForkedBooter.invokeProviderInSameClassLoader(ForkedBooter.java:203)
	at org.apache.maven.surefire.booter.ForkedBooter.runSuitesInProcess(ForkedBooter.java:155)
	at org.apache.maven.surefire.booter.ForkedBooter.main(ForkedBooter.java:103)
]]></error>
    <system-err><![CDATA[[main] INFO net.serenitybdd.core.Serenity - IGNORING STEP
[main] ERROR net.serenitybdd.core.Serenity - 
           __  _____ _____ ____ _____   _____ _    ___ _     _____ ____  
  _       / / |_   _| ____/ ___|_   _| |  ___/ \  |_ _| |   | ____|  _ \ 
 (_)_____| |    | | |  _| \___ \ | |   | |_ / _ \  | || |   |  _| | | | |
  _|_____| |    | | | |___ ___) || |   |  _/ ___ \ | || |___| |___| |_| |
 (_)     | |    |_| |_____|____/ |_|   |_|/_/   \_\___|_____|_____|____/ 
          \_\                                                            

TEST FAILED WITH ERROR: VIR-133.06 Verify that the Page title "Products by Category" is shown to the shopper
---------------------------------------------------------------------
[main] ERROR net.serenitybdd.core.Serenity - TEST FAILED AT STEP Open the site
[main] ERROR net.serenitybdd.core.Serenity - Could not initialize class com.virco.locators.SiteData
[pool-1-thread-1] INFO net.thucydides.core.reports.json.JSONTestOutcomeReporter - Generating JSON report for VIR-128.01 Verify that the OOTB Hybris is configured to file /Users/rodionsavchuk/hybrisAutomation/virco-automatedtests/target/site/serenity/f9e291a91d7fb0708996a6c172c79994e2f3e3dc027f9c744e43835d2210c73e.json (using temp file /Users/rodionsavchuk/hybrisAutomation/virco-automatedtests/target/site/serenity/f9e291a91d7fb0708996a6c172c79994e2f3e3dc027f9c744e43835d2210c73e.json851fa976-8ecc-4b52-8397-8eae492843e2)
[pool-1-thread-2] INFO net.thucydides.core.reports.json.JSONTestOutcomeReporter - Generating JSON report for VIR-129.02 Verify that the content admin can promo message by using template to file /Users/rodionsavchuk/hybrisAutomation/virco-automatedtests/target/site/serenity/5c582eac1cc160864035d84f14577b2a4b307d178776baf5d94402a8f33a570b.json (using temp file /Users/rodionsavchuk/hybrisAutomation/virco-automatedtests/target/site/serenity/5c582eac1cc160864035d84f14577b2a4b307d178776baf5d94402a8f33a570b.json89cff5e2-aab0-4517-821f-18bf3ad9f85f)
[pool-1-thread-4] INFO net.thucydides.core.reports.json.JSONTestOutcomeReporter - Generating JSON report for VIR-129.03 Verify that the content admin can add installation slot by using template to file /Users/rodionsavchuk/hybrisAutomation/virco-automatedtests/target/site/serenity/e2ad5898b62d8e77d283000b0832f5fb0d67d58608b2ea1e947bdb3eaa4f7f13.json (using temp file /Users/rodionsavchuk/hybrisAutomation/virco-automatedtests/target/site/serenity/e2ad5898b62d8e77d283000b0832f5fb0d67d58608b2ea1e947bdb3eaa4f7f13.json3b4e576e-6176-451e-be77-1e3ad562b19e)
[pool-1-thread-3] INFO net.thucydides.core.reports.json.JSONTestOutcomeReporter - Generating JSON report for VIR-129.01 Verify that the content admin can add a rotating theme by using template to file /Users/rodionsavchuk/hybrisAutomation/virco-automatedtests/target/site/serenity/2baaeb277c29c1f85062130a60bafea2167a5c2dd87a93c69ad94698238c35ee.json (using temp file /Users/rodionsavchuk/hybrisAutomation/virco-automatedtests/target/site/serenity/2baaeb277c29c1f85062130a60bafea2167a5c2dd87a93c69ad94698238c35ee.json52c092f8-8db0-47af-a3c3-1068691543f6)
[pool-1-thread-3] INFO net.thucydides.core.reports.json.JSONTestOutcomeReporter - Generating JSON report for VIR-129.04 Verify that the content admin can add a product recommendation component on the page template by using template to file /Users/rodionsavchuk/hybrisAutomation/virco-automatedtests/target/site/serenity/2568cbeed2bdf1850ea694b2c61bf8c9430c3ac453a0d1b2f15e169595434015.json (using temp file /Users/rodionsavchuk/hybrisAutomation/virco-automatedtests/target/site/serenity/2568cbeed2bdf1850ea694b2c61bf8c9430c3ac453a0d1b2f15e169595434015.jsonf0034103-7a25-41b7-8cda-b28fa15905f7)
[pool-1-thread-1] INFO net.thucydides.core.reports.json.JSONTestOutcomeReporter - Generating JSON report for VIR-129.05 Verify that the content admin can add a quick ship component on the template page to file /Users/rodionsavchuk/hybrisAutomation/virco-automatedtests/target/site/serenity/03a37ae243f19fd5e4074c51364f3accdea994f94fbe9bfc0888dbf6b3fcb296.json (using temp file /Users/rodionsavchuk/hybrisAutomation/virco-automatedtests/target/site/serenity/03a37ae243f19fd5e4074c51364f3accdea994f94fbe9bfc0888dbf6b3fcb296.json55114ac3-53d8-4411-aeb5-941e023c8b6d)
[pool-1-thread-4] INFO net.thucydides.core.reports.json.JSONTestOutcomeReporter - Generating JSON report for VIR-129.06 Verify that the content admin can add a popular category on the template page to file /Users/rodionsavchuk/hybrisAutomation/virco-automatedtests/target/site/serenity/4cb24bf6eab810d97c001f653ce7ec4c2620e8ef80649c431bc47d31554e7dfa.json (using temp file /Users/rodionsavchuk/hybrisAutomation/virco-automatedtests/target/site/serenity/4cb24bf6eab810d97c001f653ce7ec4c2620e8ef80649c431bc47d31554e7dfa.jsonb62e6d29-032c-4469-8176-e658ad1aac2f)
[pool-1-thread-2] INFO net.thucydides.core.reports.json.JSONTestOutcomeReporter - Generating JSON report for VIR-129.07 Verify that the content admin can add a product images component on the template page to file /Users/rodionsavchuk/hybrisAutomation/virco-automatedtests/target/site/serenity/b14d7ddd1213e2b3e327a1da59a5f30243e7b1413ece781e8217d0475b1d4ba5.json (using temp file /Users/rodionsavchuk/hybrisAutomation/virco-automatedtests/target/site/serenity/b14d7ddd1213e2b3e327a1da59a5f30243e7b1413ece781e8217d0475b1d4ba5.json42150724-382e-4f03-98fb-6861ffde5f64)
[pool-1-thread-3] INFO net.thucydides.core.reports.json.JSONTestOutcomeReporter - Generating JSON report for VIR-129.08 Verify that the content admin can edit promo message/popular category. to file /Users/rodionsavchuk/hybrisAutomation/virco-automatedtests/target/site/serenity/0b72d581cee195fdedb17f43f946f9e8a6bd5762bb612b26fbaf09d9905941a0.json (using temp file /Users/rodionsavchuk/hybrisAutomation/virco-automatedtests/target/site/serenity/0b72d581cee195fdedb17f43f946f9e8a6bd5762bb612b26fbaf09d9905941a0.jsonb877e6eb-94ff-4e3c-bb83-96e0ddf4fb21)
[pool-1-thread-1] INFO net.thucydides.core.reports.json.JSONTestOutcomeReporter - Generating JSON report for VIR-129.09 Verify that the content admin can delete promo message/popular category. to file /Users/rodionsavchuk/hybrisAutomation/virco-automatedtests/target/site/serenity/e3f11c0e315cea47d82b81aeec1d5d4ec6688676c143e6c8bd85b536ee39abf1.json (using temp file /Users/rodionsavchuk/hybrisAutomation/virco-automatedtests/target/site/serenity/e3f11c0e315cea47d82b81aeec1d5d4ec6688676c143e6c8bd85b536ee39abf1.jsonf9d73582-fc36-4f68-88ea-ef0dca919e9f)
[pool-1-thread-4] INFO net.thucydides.core.reports.json.JSONTestOutcomeReporter - Generating JSON report for VIR-129.10 Verify that the site has a look, configured by content admin to file /Users/rodionsavchuk/hybrisAutomation/virco-automatedtests/target/site/serenity/100947bcc68d92490597dd6eed62bf55d5857e1335d30b52c2a0a2894d214fe7.json (using temp file /Users/rodionsavchuk/hybrisAutomation/virco-automatedtests/target/site/serenity/100947bcc68d92490597dd6eed62bf55d5857e1335d30b52c2a0a2894d214fe7.json10334007-2840-4296-aadb-7fca848ce036)
[pool-1-thread-3] INFO net.thucydides.core.reports.json.JSONTestOutcomeReporter - Generating JSON report for VIR-166.01 Verify the rotating carousel is added on the home page to file /Users/rodionsavchuk/hybrisAutomation/virco-automatedtests/target/site/serenity/41045224dd55f49d371e9fd4a455c28d0acc2a203f1c37c0d89de600b26d38ef.json (using temp file /Users/rodionsavchuk/hybrisAutomation/virco-automatedtests/target/site/serenity/41045224dd55f49d371e9fd4a455c28d0acc2a203f1c37c0d89de600b26d38ef.json732b5941-a766-4dea-be49-7dd176f343c9)
[pool-1-thread-1] INFO net.thucydides.core.reports.json.JSONTestOutcomeReporter - Generating JSON report for VIR-166.03 Verify that the changes applied to the home page on the WCMS are shown on the site to file /Users/rodionsavchuk/hybrisAutomation/virco-automatedtests/target/site/serenity/b9eb3619ad92be0ca6909f8288eb5393e840f6227de55c87423f32dd621971c6.json (using temp file /Users/rodionsavchuk/hybrisAutomation/virco-automatedtests/target/site/serenity/b9eb3619ad92be0ca6909f8288eb5393e840f6227de55c87423f32dd621971c6.json1ebe3b1f-a7e1-4a1c-b4ea-d28b29e1f3a0)
[pool-1-thread-2] INFO net.thucydides.core.reports.json.JSONTestOutcomeReporter - Generating JSON report for VIR-166.02 Verify that the each Banner has Rotating Theme, promotional message and installation slots to file /Users/rodionsavchuk/hybrisAutomation/virco-automatedtests/target/site/serenity/0608016defba6ce482ab704a7f99aa4784d409932878aab3566e62c6acd4c3be.json (using temp file /Users/rodionsavchuk/hybrisAutomation/virco-automatedtests/target/site/serenity/0608016defba6ce482ab704a7f99aa4784d409932878aab3566e62c6acd4c3be.json598ac586-fe21-4ee2-b3e5-256f1547aca7)
[pool-1-thread-4] INFO net.thucydides.core.reports.json.JSONTestOutcomeReporter - Generating JSON report for VIR-166.04 Verify changes on the site to file /Users/rodionsavchuk/hybrisAutomation/virco-automatedtests/target/site/serenity/5f43c632221e66e649cb566b95c8c39021872b2cfde3c52fd524b9428955bf6f.json (using temp file /Users/rodionsavchuk/hybrisAutomation/virco-automatedtests/target/site/serenity/5f43c632221e66e649cb566b95c8c39021872b2cfde3c52fd524b9428955bf6f.json8ddf898b-cca4-4910-bad0-dd610a56a868)
[pool-1-thread-1] INFO net.thucydides.core.reports.json.JSONTestOutcomeReporter - Generating JSON report for VIR-166.04 Verify installation slot to file /Users/rodionsavchuk/hybrisAutomation/virco-automatedtests/target/site/serenity/edcb380d350a80cdf46587ae5741ec066978cdd8e0c97472caf730194b651304.json (using temp file /Users/rodionsavchuk/hybrisAutomation/virco-automatedtests/target/site/serenity/edcb380d350a80cdf46587ae5741ec066978cdd8e0c97472caf730194b651304.json251a8fa5-7435-4556-9bcf-d602a93044d3)
[pool-1-thread-3] INFO net.thucydides.core.reports.json.JSONTestOutcomeReporter - Generating JSON report for VIR-166.06 Return changes for carousel to file /Users/rodionsavchuk/hybrisAutomation/virco-automatedtests/target/site/serenity/666f9c30485604a0d8f915e21943e7e88d01015ce9092eafebcdb74a2aa69881.json (using temp file /Users/rodionsavchuk/hybrisAutomation/virco-automatedtests/target/site/serenity/666f9c30485604a0d8f915e21943e7e88d01015ce9092eafebcdb74a2aa69881.jsond1fd9dba-288d-4b9b-ae0f-8250748f9f23)
[pool-1-thread-1] INFO net.thucydides.core.reports.json.JSONTestOutcomeReporter - Generating JSON report for VIR-130.01 Verify that the content Admin can add new banner to file /Users/rodionsavchuk/hybrisAutomation/virco-automatedtests/target/site/serenity/bb79537bca7a8b871c5b64cd1153742bc23c54e46592c06f822f87770b2e8b8a.json (using temp file /Users/rodionsavchuk/hybrisAutomation/virco-automatedtests/target/site/serenity/bb79537bca7a8b871c5b64cd1153742bc23c54e46592c06f822f87770b2e8b8a.json218c651b-1c84-488f-8b7c-291486030698)
[pool-1-thread-4] INFO net.thucydides.core.reports.json.JSONTestOutcomeReporter - Generating JSON report for VIR-130.02 Verify that the content admin can edit the banner to file /Users/rodionsavchuk/hybrisAutomation/virco-automatedtests/target/site/serenity/8473ae2e239acb5c9594f6482f5f79bb4500c946dd2d245bf5d2caa427a8a26f.json (using temp file /Users/rodionsavchuk/hybrisAutomation/virco-automatedtests/target/site/serenity/8473ae2e239acb5c9594f6482f5f79bb4500c946dd2d245bf5d2caa427a8a26f.json081af6f3-48be-4f2d-9508-46cb049db849)
[pool-1-thread-2] INFO net.thucydides.core.reports.json.JSONTestOutcomeReporter - Generating JSON report for VIR-130.03 Verify that the content admin can delete the banner to file /Users/rodionsavchuk/hybrisAutomation/virco-automatedtests/target/site/serenity/b41d3443e6a4853ebf7ef1692db7b2b9a12b9d62f5b7166287c8c85636ccdf3f.json (using temp file /Users/rodionsavchuk/hybrisAutomation/virco-automatedtests/target/site/serenity/b41d3443e6a4853ebf7ef1692db7b2b9a12b9d62f5b7166287c8c85636ccdf3f.json851e2f80-d817-417c-ac18-7e0416291f25)
[pool-1-thread-3] INFO net.thucydides.core.reports.json.JSONTestOutcomeReporter - Generating JSON report for VIR-130.04 Verify that the site has a look, configured by content admin to file /Users/rodionsavchuk/hybrisAutomation/virco-automatedtests/target/site/serenity/095ee6a7aed460c2ab7447a892b708f667ca6eb3d2b246703cb79d76aaa66edd.json (using temp file /Users/rodionsavchuk/hybrisAutomation/virco-automatedtests/target/site/serenity/095ee6a7aed460c2ab7447a892b708f667ca6eb3d2b246703cb79d76aaa66edd.json6169c6a3-8d15-4b1b-92ed-8b48d474d144)
[pool-1-thread-3] INFO net.thucydides.core.reports.json.JSONTestOutcomeReporter - Generating JSON report for VIR-131.03 Verify that the content Admin can add terms, security and compliance to file /Users/rodionsavchuk/hybrisAutomation/virco-automatedtests/target/site/serenity/afbc2d2c12a820e7bd8ff57fd665dcbf835c82e12b10214fa792d713e6b209c6.json (using temp file /Users/rodionsavchuk/hybrisAutomation/virco-automatedtests/target/site/serenity/afbc2d2c12a820e7bd8ff57fd665dcbf835c82e12b10214fa792d713e6b209c6.jsona2541d5f-393d-4b5f-9859-61d1ed41212f)
[pool-1-thread-1] INFO net.thucydides.core.reports.json.JSONTestOutcomeReporter - Generating JSON report for VIR-131.02 Verify that the content Admin can delete terms, security and compliance to file /Users/rodionsavchuk/hybrisAutomation/virco-automatedtests/target/site/serenity/ceb7302073899bbe72c923c378b3dfb15f405875b937887a17bf4cff9988ce11.json (using temp file /Users/rodionsavchuk/hybrisAutomation/virco-automatedtests/target/site/serenity/ceb7302073899bbe72c923c378b3dfb15f405875b937887a17bf4cff9988ce11.json2fdae450-56ae-4c1e-8bd1-9e62b75a7cb1)
[pool-1-thread-3] INFO net.thucydides.core.reports.json.JSONTestOutcomeReporter - Generating JSON report for VIR-131.04 Verify that the content Admin can edit terms, security and compliance to file /Users/rodionsavchuk/hybrisAutomation/virco-automatedtests/target/site/serenity/11123f2712ee38abf08a7255e58490510ce459b677c6317a48c1c5a02bad5899.json (using temp file /Users/rodionsavchuk/hybrisAutomation/virco-automatedtests/target/site/serenity/11123f2712ee38abf08a7255e58490510ce459b677c6317a48c1c5a02bad5899.jsoncf951689-0b81-479a-97cb-8912ca709a1a)
[pool-1-thread-4] INFO net.thucydides.core.reports.json.JSONTestOutcomeReporter - Generating JSON report for VIR-375.01 Unable to open the "Verisign terms and policy" page except through the Contact Us page to file /Users/rodionsavchuk/hybrisAutomation/virco-automatedtests/target/site/serenity/3d31ca4ca17ccedf663fa492c24dc92f29157766fcfb628ecd61645c9255a53a.json (using temp file /Users/rodionsavchuk/hybrisAutomation/virco-automatedtests/target/site/serenity/3d31ca4ca17ccedf663fa492c24dc92f29157766fcfb628ecd61645c9255a53a.jsonbb97c0a6-952e-46af-ab15-d0106595d803)
[pool-1-thread-2] INFO net.thucydides.core.reports.json.JSONTestOutcomeReporter - Generating JSON report for VIR-131.05 Return changes to file /Users/rodionsavchuk/hybrisAutomation/virco-automatedtests/target/site/serenity/481bc60c8e1753c36167a06d3e94715ec6bdb3bc0fa2de75bc3b701c703a0740.json (using temp file /Users/rodionsavchuk/hybrisAutomation/virco-automatedtests/target/site/serenity/481bc60c8e1753c36167a06d3e94715ec6bdb3bc0fa2de75bc3b701c703a0740.jsonece65bad-59f9-453d-b795-269de2596986)
[pool-1-thread-3] INFO net.thucydides.core.reports.json.JSONTestOutcomeReporter - Generating JSON report for VIR-132.01 Verify that the content admin can add restriction for the desired customizations. to file /Users/rodionsavchuk/hybrisAutomation/virco-automatedtests/target/site/serenity/012fbd4c99dbed94980068932c3b9900aa40fcbd0f147abb3c9b18198ccfee2c.json (using temp file /Users/rodionsavchuk/hybrisAutomation/virco-automatedtests/target/site/serenity/012fbd4c99dbed94980068932c3b9900aa40fcbd0f147abb3c9b18198ccfee2c.json84768d88-1dcc-486e-91d3-f0ef1f8d5947)
[pool-1-thread-1] INFO net.thucydides.core.reports.json.JSONTestOutcomeReporter - Generating JSON report for VIR-132.02 Verify that the content admin can edit restriction for the desired customizations. to file /Users/rodionsavchuk/hybrisAutomation/virco-automatedtests/target/site/serenity/21c25b56faab758e879fe49e985016e5e5212c7b9214f355a35317a785ad4edd.json (using temp file /Users/rodionsavchuk/hybrisAutomation/virco-automatedtests/target/site/serenity/21c25b56faab758e879fe49e985016e5e5212c7b9214f355a35317a785ad4edd.json93fc776d-b4a2-4750-b785-f9232349a634)
[pool-1-thread-4] INFO net.thucydides.core.reports.json.JSONTestOutcomeReporter - Generating JSON report for VIR-132.03 Verify that the content admin can delete restriction for the desired customizations. to file /Users/rodionsavchuk/hybrisAutomation/virco-automatedtests/target/site/serenity/f6bd8472778e2535a4b9144aa99d3240dacf17fdc0647b30ce75c3b787f53d15.json (using temp file /Users/rodionsavchuk/hybrisAutomation/virco-automatedtests/target/site/serenity/f6bd8472778e2535a4b9144aa99d3240dacf17fdc0647b30ce75c3b787f53d15.json9bb372ed-43c3-492b-989e-69bbb6cf57c4)
[pool-1-thread-2] INFO net.thucydides.core.reports.json.JSONTestOutcomeReporter - Generating JSON report for VIR-132.04 Verify that the restrictions can be added to the following to file /Users/rodionsavchuk/hybrisAutomation/virco-automatedtests/target/site/serenity/bb312434987ad8333f1a82d90084aa3d1109fed7e9f40f25770d63e0cb749be9.json (using temp file /Users/rodionsavchuk/hybrisAutomation/virco-automatedtests/target/site/serenity/bb312434987ad8333f1a82d90084aa3d1109fed7e9f40f25770d63e0cb749be9.json6d36a7da-7c63-4114-b5d5-d5b7655a9362)
[pool-1-thread-3] INFO net.thucydides.core.reports.json.JSONTestOutcomeReporter - Generating JSON report for VIR-133.01 Verify that the content admin can delete the banner, title and categories through the WCMS to file /Users/rodionsavchuk/hybrisAutomation/virco-automatedtests/target/site/serenity/d10c471b31104c36cff5887c55a7bc150eababcb1937fa5a395a48f11580da2f.json (using temp file /Users/rodionsavchuk/hybrisAutomation/virco-automatedtests/target/site/serenity/d10c471b31104c36cff5887c55a7bc150eababcb1937fa5a395a48f11580da2f.json273ee8d7-285b-4da3-94b3-88d3c27c9635)
[pool-1-thread-4] INFO net.thucydides.core.reports.json.JSONTestOutcomeReporter - Generating JSON report for VIR-133.03 Verify that the content admin can edit the banner, title and categories through the WCMS to file /Users/rodionsavchuk/hybrisAutomation/virco-automatedtests/target/site/serenity/bf784fb294e81a8a6ed3e34f569b9b326b48ffb8cfb4166224a8840cbf362e21.json (using temp file /Users/rodionsavchuk/hybrisAutomation/virco-automatedtests/target/site/serenity/bf784fb294e81a8a6ed3e34f569b9b326b48ffb8cfb4166224a8840cbf362e21.jsonad159cae-d8af-4a3f-b5da-16936af630fe)
[pool-1-thread-1] INFO net.thucydides.core.reports.json.JSONTestOutcomeReporter - Generating JSON report for VIR-133.02 Verify that the content admin can add the banner, title and categories through the WCMS to file /Users/rodionsavchuk/hybrisAutomation/virco-automatedtests/target/site/serenity/3bb00edc8b11547b9ac39ca5a5696c45f1e0d290628ccd73684e0832986f1e71.json (using temp file /Users/rodionsavchuk/hybrisAutomation/virco-automatedtests/target/site/serenity/3bb00edc8b11547b9ac39ca5a5696c45f1e0d290628ccd73684e0832986f1e71.json4e671ddc-b2cb-4400-a0d5-c1b20402ce02)
[pool-1-thread-3] INFO net.thucydides.core.reports.json.JSONTestOutcomeReporter - Generating JSON report for VIR-133.05 Verify that the text is overlaid on the banner to file /Users/rodionsavchuk/hybrisAutomation/virco-automatedtests/target/site/serenity/bf1a934735e5d669eada1b870d663ecb425f20e68617bfb53654f05d12656a5f.json (using temp file /Users/rodionsavchuk/hybrisAutomation/virco-automatedtests/target/site/serenity/bf1a934735e5d669eada1b870d663ecb425f20e68617bfb53654f05d12656a5f.json65649504-7dd3-40d6-8213-03b485462a93)
[pool-1-thread-4] INFO net.thucydides.core.reports.json.JSONTestOutcomeReporter - Generating JSON report for VIR-133.06 Verify that the Page title "Products by Category" is shown to the shopper to file /Users/rodionsavchuk/hybrisAutomation/virco-automatedtests/target/site/serenity/e3d83e5f621b42696d81ce997061a34362f9a4bb6639aa90f2db1d4db4b51d64.json (using temp file /Users/rodionsavchuk/hybrisAutomation/virco-automatedtests/target/site/serenity/e3d83e5f621b42696d81ce997061a34362f9a4bb6639aa90f2db1d4db4b51d64.jsonf2de6546-0ed4-4229-bded-3d02d0621bb9)
[pool-1-thread-2] INFO net.thucydides.core.reports.json.JSONTestOutcomeReporter - Generating JSON report for VIR-133.04 Verify that the Banner is shown to the shopper on the home page to file /Users/rodionsavchuk/hybrisAutomation/virco-automatedtests/target/site/serenity/4c2884489ffe2042fbe11e4563b220cac104e5129e32868a3f1d6600011e076b.json (using temp file /Users/rodionsavchuk/hybrisAutomation/virco-automatedtests/target/site/serenity/4c2884489ffe2042fbe11e4563b220cac104e5129e32868a3f1d6600011e076b.json6d6dcc20-80f2-44c9-97c3-4e2ad7c274f1)
[pool-1-thread-3] INFO net.thucydides.core.reports.html.HtmlAcceptanceTestReporter - GENERATING HTML REPORT FOR CNT-1 - WCMS Site Maintenance:VIR-128.01 Verify that the OOTB Hybris is configured in f9e291a91d7fb0708996a6c172c79994e2f3e3dc027f9c744e43835d2210c73e.html in directory target/site/serenity  
[pool-1-thread-4] INFO net.thucydides.core.reports.html.HtmlAcceptanceTestReporter - GENERATING HTML REPORT FOR CNT-2 - Component Maintenance:VIR-129.02 Verify that the content admin can promo message by using template in 5c582eac1cc160864035d84f14577b2a4b307d178776baf5d94402a8f33a570b.html in directory target/site/serenity  
[pool-1-thread-1] INFO net.thucydides.core.reports.html.HtmlAcceptanceTestReporter - GENERATING HTML REPORT FOR CNT-2 - Component Maintenance:VIR-129.01 Verify that the content admin can add a rotating theme by using template in 2baaeb277c29c1f85062130a60bafea2167a5c2dd87a93c69ad94698238c35ee.html in directory target/site/serenity  
[pool-1-thread-2] INFO net.thucydides.core.reports.html.HtmlAcceptanceTestReporter - GENERATING HTML REPORT FOR CNT-2 - Component Maintenance:VIR-129.03 Verify that the content admin can add installation slot by using template in e2ad5898b62d8e77d283000b0832f5fb0d67d58608b2ea1e947bdb3eaa4f7f13.html in directory target/site/serenity  
[pool-1-thread-3] INFO net.thucydides.core.reports.html.HtmlAcceptanceTestReporter - GENERATING HTML REPORT FOR CNT-2 - Component Maintenance:VIR-129.04 Verify that the content admin can add a product recommendation component on the page template by using template in 2568cbeed2bdf1850ea694b2c61bf8c9430c3ac453a0d1b2f15e169595434015.html in directory target/site/serenity  
[pool-1-thread-4] INFO net.thucydides.core.reports.html.HtmlAcceptanceTestReporter - GENERATING HTML REPORT FOR CNT-2 - Component Maintenance:VIR-129.05 Verify that the content admin can add a quick ship component on the template page in 03a37ae243f19fd5e4074c51364f3accdea994f94fbe9bfc0888dbf6b3fcb296.html in directory target/site/serenity  
[pool-1-thread-3] INFO net.thucydides.core.reports.html.HtmlAcceptanceTestReporter - GENERATING HTML REPORT FOR CNT-2 - Component Maintenance:VIR-129.07 Verify that the content admin can add a product images component on the template page in b14d7ddd1213e2b3e327a1da59a5f30243e7b1413ece781e8217d0475b1d4ba5.html in directory target/site/serenity  
[pool-1-thread-1] INFO net.thucydides.core.reports.html.HtmlAcceptanceTestReporter - GENERATING HTML REPORT FOR CNT-2 - Component Maintenance:VIR-129.06 Verify that the content admin can add a popular category on the template page in 4cb24bf6eab810d97c001f653ce7ec4c2620e8ef80649c431bc47d31554e7dfa.html in directory target/site/serenity  
[pool-1-thread-4] INFO net.thucydides.core.reports.html.HtmlAcceptanceTestReporter - GENERATING HTML REPORT FOR CNT-2 - Component Maintenance:VIR-129.09 Verify that the content admin can delete promo message/popular category. in e3f11c0e315cea47d82b81aeec1d5d4ec6688676c143e6c8bd85b536ee39abf1.html in directory target/site/serenity  
[pool-1-thread-2] INFO net.thucydides.core.reports.html.HtmlAcceptanceTestReporter - GENERATING HTML REPORT FOR CNT-2 - Component Maintenance:VIR-129.08 Verify that the content admin can edit promo message/popular category. in 0b72d581cee195fdedb17f43f946f9e8a6bd5762bb612b26fbaf09d9905941a0.html in directory target/site/serenity  
[pool-1-thread-1] INFO net.thucydides.core.reports.html.HtmlAcceptanceTestReporter - GENERATING HTML REPORT FOR CNT-2 - Component Maintenance:VIR-129.10 Verify that the site has a look, configured by content admin in 100947bcc68d92490597dd6eed62bf55d5857e1335d30b52c2a0a2894d214fe7.html in directory target/site/serenity  
[pool-1-thread-3] INFO net.thucydides.core.reports.html.HtmlAcceptanceTestReporter - GENERATING HTML REPORT FOR CNT-2 - Component Maintenance:VIR-166.01 Verify the rotating carousel is added on the home page in 41045224dd55f49d371e9fd4a455c28d0acc2a203f1c37c0d89de600b26d38ef.html in directory target/site/serenity  
[pool-1-thread-4] INFO net.thucydides.core.reports.html.HtmlAcceptanceTestReporter - GENERATING HTML REPORT FOR CNT-2 - Component Maintenance:VIR-166.02 Verify that the each Banner has Rotating Theme, promotional message and installation slots in 0608016defba6ce482ab704a7f99aa4784d409932878aab3566e62c6acd4c3be.html in directory target/site/serenity  
[pool-1-thread-1] INFO net.thucydides.core.reports.html.HtmlAcceptanceTestReporter - GENERATING HTML REPORT FOR CNT-2 - Component Maintenance:VIR-166.04 Verify changes on the site in 5f43c632221e66e649cb566b95c8c39021872b2cfde3c52fd524b9428955bf6f.html in directory target/site/serenity  
[pool-1-thread-2] INFO net.thucydides.core.reports.html.HtmlAcceptanceTestReporter - GENERATING HTML REPORT FOR CNT-2 - Component Maintenance:VIR-166.03 Verify that the changes applied to the home page on the WCMS are shown on the site in b9eb3619ad92be0ca6909f8288eb5393e840f6227de55c87423f32dd621971c6.html in directory target/site/serenity  
[pool-1-thread-3] INFO net.thucydides.core.reports.html.HtmlAcceptanceTestReporter - GENERATING HTML REPORT FOR CNT-2 - Component Maintenance:VIR-166.04 Verify installation slot in edcb380d350a80cdf46587ae5741ec066978cdd8e0c97472caf730194b651304.html in directory target/site/serenity  
[pool-1-thread-3] INFO net.thucydides.core.reports.html.HtmlAcceptanceTestReporter - GENERATING HTML REPORT FOR CNT-2 - Component Maintenance:VIR-166.06 Return changes for carousel in 666f9c30485604a0d8f915e21943e7e88d01015ce9092eafebcdb74a2aa69881.html in directory target/site/serenity  
[pool-1-thread-1] INFO net.thucydides.core.reports.html.HtmlAcceptanceTestReporter - GENERATING HTML REPORT FOR CNT-3 - Banners:VIR-130.02 Verify that the content admin can edit the banner in 8473ae2e239acb5c9594f6482f5f79bb4500c946dd2d245bf5d2caa427a8a26f.html in directory target/site/serenity  
[pool-1-thread-4] INFO net.thucydides.core.reports.html.HtmlAcceptanceTestReporter - GENERATING HTML REPORT FOR CNT-3 - Banners:VIR-130.01 Verify that the content Admin can add new banner in bb79537bca7a8b871c5b64cd1153742bc23c54e46592c06f822f87770b2e8b8a.html in directory target/site/serenity  
[pool-1-thread-2] INFO net.thucydides.core.reports.html.HtmlAcceptanceTestReporter - GENERATING HTML REPORT FOR CNT-3 - Banners:VIR-130.03 Verify that the content admin can delete the banner in b41d3443e6a4853ebf7ef1692db7b2b9a12b9d62f5b7166287c8c85636ccdf3f.html in directory target/site/serenity  
[pool-1-thread-1] INFO net.thucydides.core.reports.html.HtmlAcceptanceTestReporter - GENERATING HTML REPORT FOR CNT-3 - Banners:VIR-130.04 Verify that the site has a look, configured by content admin in 095ee6a7aed460c2ab7447a892b708f667ca6eb3d2b246703cb79d76aaa66edd.html in directory target/site/serenity  
[pool-1-thread-3] INFO net.thucydides.core.reports.html.HtmlAcceptanceTestReporter - GENERATING HTML REPORT FOR CNT-4 - Security Compliance:VIR-375.01 Unable to open the "Verisign terms and policy" page except through the Contact Us page in 3d31ca4ca17ccedf663fa492c24dc92f29157766fcfb628ecd61645c9255a53a.html in directory target/site/serenity  
[pool-1-thread-1] INFO net.thucydides.core.reports.html.HtmlAcceptanceTestReporter - GENERATING HTML REPORT FOR CNT-4 - Security Compliance:VIR-131.03 Verify that the content Admin can add terms, security and compliance in afbc2d2c12a820e7bd8ff57fd665dcbf835c82e12b10214fa792d713e6b209c6.html in directory target/site/serenity  
[pool-1-thread-2] INFO net.thucydides.core.reports.html.HtmlAcceptanceTestReporter - GENERATING HTML REPORT FOR CNT-4 - Security Compliance:VIR-131.02 Verify that the content Admin can delete terms, security and compliance in ceb7302073899bbe72c923c378b3dfb15f405875b937887a17bf4cff9988ce11.html in directory target/site/serenity  
[pool-1-thread-4] INFO net.thucydides.core.reports.html.HtmlAcceptanceTestReporter - GENERATING HTML REPORT FOR CNT-4 - Security Compliance:VIR-131.04 Verify that the content Admin can edit terms, security and compliance in 11123f2712ee38abf08a7255e58490510ce459b677c6317a48c1c5a02bad5899.html in directory target/site/serenity  
[pool-1-thread-3] INFO net.thucydides.core.reports.html.HtmlAcceptanceTestReporter - GENERATING HTML REPORT FOR CNT-4 - Security Compliance:VIR-131.05 Return changes in 481bc60c8e1753c36167a06d3e94715ec6bdb3bc0fa2de75bc3b701c703a0740.html in directory target/site/serenity  
[pool-1-thread-1] INFO net.thucydides.core.reports.html.HtmlAcceptanceTestReporter - GENERATING HTML REPORT FOR CNT-5 - Brand Management:VIR-132.01 Verify that the content admin can add restriction for the desired customizations. in 012fbd4c99dbed94980068932c3b9900aa40fcbd0f147abb3c9b18198ccfee2c.html in directory target/site/serenity  
[pool-1-thread-3] INFO net.thucydides.core.reports.html.HtmlAcceptanceTestReporter - GENERATING HTML REPORT FOR CNT-5 - Brand Management:VIR-132.03 Verify that the content admin can delete restriction for the desired customizations. in f6bd8472778e2535a4b9144aa99d3240dacf17fdc0647b30ce75c3b787f53d15.html in directory target/site/serenity  
[pool-1-thread-1] INFO net.thucydides.core.reports.html.HtmlAcceptanceTestReporter - GENERATING HTML REPORT FOR CNT-5 - Brand Management:VIR-132.02 Verify that the content admin can edit restriction for the desired customizations. in 21c25b56faab758e879fe49e985016e5e5212c7b9214f355a35317a785ad4edd.html in directory target/site/serenity  
[pool-1-thread-4] INFO net.thucydides.core.reports.html.HtmlAcceptanceTestReporter - GENERATING HTML REPORT FOR CNT-6 - Content Slots:VIR-133.01 Verify that the content admin can delete the banner, title and categories through the WCMS in d10c471b31104c36cff5887c55a7bc150eababcb1937fa5a395a48f11580da2f.html in directory target/site/serenity  
[pool-1-thread-2] INFO net.thucydides.core.reports.html.HtmlAcceptanceTestReporter - GENERATING HTML REPORT FOR CNT-5 - Brand Management:VIR-132.04 Verify that the restrictions can be added to the following in bb312434987ad8333f1a82d90084aa3d1109fed7e9f40f25770d63e0cb749be9.html in directory target/site/serenity  
[pool-1-thread-3] INFO net.thucydides.core.reports.html.HtmlAcceptanceTestReporter - GENERATING HTML REPORT FOR CNT-6 - Content Slots:VIR-133.02 Verify that the content admin can add the banner, title and categories through the WCMS in 3bb00edc8b11547b9ac39ca5a5696c45f1e0d290628ccd73684e0832986f1e71.html in directory target/site/serenity  
[pool-1-thread-1] INFO net.thucydides.core.reports.html.HtmlAcceptanceTestReporter - GENERATING HTML REPORT FOR CNT-6 - Content Slots:VIR-133.03 Verify that the content admin can edit the banner, title and categories through the WCMS in bf784fb294e81a8a6ed3e34f569b9b326b48ffb8cfb4166224a8840cbf362e21.html in directory target/site/serenity  
[pool-1-thread-2] INFO net.thucydides.core.reports.html.HtmlAcceptanceTestReporter - GENERATING HTML REPORT FOR CNT-6 - Content Slots:VIR-133.04 Verify that the Banner is shown to the shopper on the home page in 4c2884489ffe2042fbe11e4563b220cac104e5129e32868a3f1d6600011e076b.html in directory target/site/serenity  
[pool-1-thread-3] INFO net.thucydides.core.reports.html.HtmlAcceptanceTestReporter - GENERATING HTML REPORT FOR CNT-6 - Content Slots:VIR-133.06 Verify that the Page title "Products by Category" is shown to the shopper in e3d83e5f621b42696d81ce997061a34362f9a4bb6639aa90f2db1d4db4b51d64.html in directory target/site/serenity  
[pool-1-thread-4] INFO net.thucydides.core.reports.html.HtmlAcceptanceTestReporter - GENERATING HTML REPORT FOR CNT-6 - Content Slots:VIR-133.05 Verify that the text is overlaid on the banner in bf1a934735e5d669eada1b870d663ecb425f20e68617bfb53654f05d12656a5f.html in directory target/site/serenity  
[main] INFO net.serenitybdd.core.Serenity - 
 _____ _____ ____ _____   ____ _____  _    ____ _____ _____ ____  
|_   _| ____/ ___|_   _| / ___|_   _|/ \  |  _ \_   _| ____|  _ \ 
  | | |  _| \___ \ | |   \___ \ | | / _ \ | |_) || | |  _| | | | |
  | | | |___ ___) || |    ___) || |/ ___ \|  _ < | | | |___| |_| |
  |_| |_____|____/ |_|   |____/ |_/_/   \_\_| \_\|_| |_____|____/ 
                                                                  

TEST STARTED: VIR-133.07 Verify that the following page categories are shown
-------------------------------------------------------------------(cnt-6---content-slots;vir-133.07-verify-that-the-following-page-categories-are-shown)
[main] INFO net.serenitybdd.core.Serenity - STARTING STEP Given open the site and login
[main] INFO net.serenitybdd.core.Serenity - STARTING STEP Open the site
[main] INFO net.serenitybdd.core.Serenity - STEP ERROR: net.serenitybdd.core.exceptions.SerenityManagedException: Could not initialize class com.virco.locators.SiteData
]]></system-err>
  </testcase>
  <testcase name="Scenario: VIR-133.07 Verify that the following page categories are shown" classname="Scenario: VIR-133.07 Verify that the following page categories are shown" time="0.004">
    <error message="Could not initialize class com.virco.locators.SiteData" type="net.serenitybdd.core.exceptions.SerenityManagedException"><![CDATA[net.serenitybdd.core.exceptions.SerenityManagedException: Could not initialize class com.virco.locators.SiteData
	at com.virco.steps.serenity.CommonUserSteps.openTheSite(CommonUserSteps.java:19)
	at com.virco.steps.serenity.CommonUserSteps$$EnhancerByCGLIB$$d8541bfa.CGLIB$openTheSite$6(<generated>)
	at com.virco.steps.serenity.CommonUserSteps$$EnhancerByCGLIB$$d8541bfa$$FastClassByCGLIB$$ea8e0f86.invoke(<generated>)
	at net.sf.cglib.proxy.MethodProxy.invokeSuper(MethodProxy.java:228)
	at net.thucydides.core.steps.StepInterceptor.invokeMethod(StepInterceptor.java:372)
	at net.thucydides.core.steps.StepInterceptor.executeTestStepMethod(StepInterceptor.java:357)
	at net.thucydides.core.steps.StepInterceptor.runTestStep(StepInterceptor.java:332)
	at net.thucydides.core.steps.StepInterceptor.testStepResult(StepInterceptor.java:134)
	at net.thucydides.core.steps.StepInterceptor.intercept(StepInterceptor.java:61)
	at com.virco.steps.serenity.CommonUserSteps$$EnhancerByCGLIB$$d8541bfa.openTheSite(<generated>)
	at com.virco.steps.CommonDefinitionSteps.openTheSiteAndLogin(CommonDefinitionSteps.java:72)
	at sun.reflect.GeneratedMethodAccessor143.invoke(Unknown Source)
	at sun.reflect.DelegatingMethodAccessorImpl.invoke(DelegatingMethodAccessorImpl.java:43)
	at java.lang.reflect.Method.invoke(Method.java:498)
	at cucumber.runtime.Utils$1.call(Utils.java:40)
	at cucumber.runtime.Timeout.timeout(Timeout.java:16)
	at cucumber.runtime.Utils.invoke(Utils.java:34)
	at cucumber.runtime.java.JavaStepDefinition.execute(JavaStepDefinition.java:38)
	at cucumber.runtime.StepDefinitionMatch.runStep(StepDefinitionMatch.java:37)
	at cucumber.runtime.Runtime.runStep(Runtime.java:300)
	at cucumber.runtime.model.StepContainer.runStep(StepContainer.java:44)
	at cucumber.runtime.model.StepContainer.runSteps(StepContainer.java:39)
	at cucumber.runtime.model.CucumberScenario.run(CucumberScenario.java:44)
	at cucumber.runtime.junit.ExecutionUnitRunner.run(ExecutionUnitRunner.java:102)
	at cucumber.runtime.junit.FeatureRunner.runChild(FeatureRunner.java:63)
	at cucumber.runtime.junit.FeatureRunner.runChild(FeatureRunner.java:18)
	at org.junit.runners.ParentRunner$3.run(ParentRunner.java:290)
	at org.junit.runners.ParentRunner$1.schedule(ParentRunner.java:71)
	at org.junit.runners.ParentRunner.runChildren(ParentRunner.java:288)
	at org.junit.runners.ParentRunner.access$000(ParentRunner.java:58)
	at org.junit.runners.ParentRunner$2.evaluate(ParentRunner.java:268)
	at org.junit.runners.ParentRunner.run(ParentRunner.java:363)
	at cucumber.runtime.junit.FeatureRunner.run(FeatureRunner.java:70)
	at cucumber.api.junit.Cucumber.runChild(Cucumber.java:95)
	at cucumber.api.junit.Cucumber.runChild(Cucumber.java:38)
	at org.junit.runners.ParentRunner$3.run(ParentRunner.java:290)
	at org.junit.runners.ParentRunner$1.schedule(ParentRunner.java:71)
	at org.junit.runners.ParentRunner.runChildren(ParentRunner.java:288)
	at org.junit.runners.ParentRunner.access$000(ParentRunner.java:58)
	at org.junit.runners.ParentRunner$2.evaluate(ParentRunner.java:268)
	at org.junit.runners.ParentRunner.run(ParentRunner.java:363)
	at cucumber.api.junit.Cucumber.run(Cucumber.java:100)
	at org.apache.maven.surefire.junit4.JUnit4Provider.execute(JUnit4Provider.java:283)
	at org.apache.maven.surefire.junit4.JUnit4Provider.executeWithRerun(JUnit4Provider.java:173)
	at org.apache.maven.surefire.junit4.JUnit4Provider.executeTestSet(JUnit4Provider.java:153)
	at org.apache.maven.surefire.junit4.JUnit4Provider.invoke(JUnit4Provider.java:128)
	at org.apache.maven.surefire.booter.ForkedBooter.invokeProviderInSameClassLoader(ForkedBooter.java:203)
	at org.apache.maven.surefire.booter.ForkedBooter.runSuitesInProcess(ForkedBooter.java:155)
	at org.apache.maven.surefire.booter.ForkedBooter.main(ForkedBooter.java:103)
]]></error>
  </testcase>
  <testcase name="Then the following categories are shown:" classname="Scenario: VIR-133.07 Verify that the following page categories are shown" time="0">
    <skipped/>
    <system-err><![CDATA[[main] INFO net.serenitybdd.core.Serenity - STEP ERROR: java.lang.NoClassDefFoundError: Could not initialize class com.virco.locators.SiteData
[main] INFO net.serenitybdd.core.Serenity - STARTING STEP Then the following categories are shown:
| Chairs |
| Computer and Technology |
| Desks |
| Dining and Cafeteria |
| Early Childhood Learning |
| Event and Hospitality |
| Facility and Building Services |
| Filing and Storage |
| Handling and Storage Equipment |
| Library and Multimedia Spaces |
| Office and Adminstrative |
| Presentation, AV and Boards |
| Science & Art |
| Tables |
| Wheelchair and ADA Compliant |
]]></system-err>
  </testcase>
  <testcase name="Scenario: VIR-134.01 Verify that the content admin can create quick links" classname="Scenario: VIR-134.01 Verify that the content admin can create quick links" time="0.194"/>
  <testcase name="Scenario: VIR-134.02 Verify that the content admin can edit quick links" classname="Scenario: VIR-134.02 Verify that the content admin can edit quick links" time="0.239"/>
  <testcase name="Scenario: VIR-134.03 Verify that the content admin can delete quick links" classname="Scenario: VIR-134.03 Verify that the content admin can delete quick links" time="0.195"/>
  <testcase name="Scenario: VIR-134.04 Verify that the following quick links are on the site" classname="Scenario: VIR-134.04 Verify that the following quick links are on the site" time="0.216"/>
  <testcase name="Given open the site and login" classname="Scenario: VIR-135.01 Verify that the Ordering Information page is opened after click on its link in footer" time="0.001">
    <error message="Could not initialize class com.virco.locators.SiteData" type="net.serenitybdd.core.exceptions.SerenityManagedException"><![CDATA[net.serenitybdd.core.exceptions.SerenityManagedException: Could not initialize class com.virco.locators.SiteData
	at com.virco.steps.serenity.CommonUserSteps.openTheSite(CommonUserSteps.java:19)
	at com.virco.steps.serenity.CommonUserSteps$$EnhancerByCGLIB$$d8541bfa.CGLIB$openTheSite$6(<generated>)
	at com.virco.steps.serenity.CommonUserSteps$$EnhancerByCGLIB$$d8541bfa$$FastClassByCGLIB$$ea8e0f86.invoke(<generated>)
	at net.sf.cglib.proxy.MethodProxy.invokeSuper(MethodProxy.java:228)
	at net.thucydides.core.steps.StepInterceptor.invokeMethod(StepInterceptor.java:372)
	at net.thucydides.core.steps.StepInterceptor.executeTestStepMethod(StepInterceptor.java:357)
	at net.thucydides.core.steps.StepInterceptor.runTestStep(StepInterceptor.java:332)
	at net.thucydides.core.steps.StepInterceptor.testStepResult(StepInterceptor.java:134)
	at net.thucydides.core.steps.StepInterceptor.intercept(StepInterceptor.java:61)
	at com.virco.steps.serenity.CommonUserSteps$$EnhancerByCGLIB$$d8541bfa.openTheSite(<generated>)
	at com.virco.steps.CommonDefinitionSteps.openTheSiteAndLogin(CommonDefinitionSteps.java:72)
	at sun.reflect.GeneratedMethodAccessor143.invoke(Unknown Source)
	at sun.reflect.DelegatingMethodAccessorImpl.invoke(DelegatingMethodAccessorImpl.java:43)
	at java.lang.reflect.Method.invoke(Method.java:498)
	at cucumber.runtime.Utils$1.call(Utils.java:40)
	at cucumber.runtime.Timeout.timeout(Timeout.java:16)
	at cucumber.runtime.Utils.invoke(Utils.java:34)
	at cucumber.runtime.java.JavaStepDefinition.execute(JavaStepDefinition.java:38)
	at cucumber.runtime.StepDefinitionMatch.runStep(StepDefinitionMatch.java:37)
	at cucumber.runtime.Runtime.runStep(Runtime.java:300)
	at cucumber.runtime.model.StepContainer.runStep(StepContainer.java:44)
	at cucumber.runtime.model.StepContainer.runSteps(StepContainer.java:39)
	at cucumber.runtime.model.CucumberScenario.run(CucumberScenario.java:44)
	at cucumber.runtime.junit.ExecutionUnitRunner.run(ExecutionUnitRunner.java:102)
	at cucumber.runtime.junit.FeatureRunner.runChild(FeatureRunner.java:63)
	at cucumber.runtime.junit.FeatureRunner.runChild(FeatureRunner.java:18)
	at org.junit.runners.ParentRunner$3.run(ParentRunner.java:290)
	at org.junit.runners.ParentRunner$1.schedule(ParentRunner.java:71)
	at org.junit.runners.ParentRunner.runChildren(ParentRunner.java:288)
	at org.junit.runners.ParentRunner.access$000(ParentRunner.java:58)
	at org.junit.runners.ParentRunner$2.evaluate(ParentRunner.java:268)
	at org.junit.runners.ParentRunner.run(ParentRunner.java:363)
	at cucumber.runtime.junit.FeatureRunner.run(FeatureRunner.java:70)
	at cucumber.api.junit.Cucumber.runChild(Cucumber.java:95)
	at cucumber.api.junit.Cucumber.runChild(Cucumber.java:38)
	at org.junit.runners.ParentRunner$3.run(ParentRunner.java:290)
	at org.junit.runners.ParentRunner$1.schedule(ParentRunner.java:71)
	at org.junit.runners.ParentRunner.runChildren(ParentRunner.java:288)
	at org.junit.runners.ParentRunner.access$000(ParentRunner.java:58)
	at org.junit.runners.ParentRunner$2.evaluate(ParentRunner.java:268)
	at org.junit.runners.ParentRunner.run(ParentRunner.java:363)
	at cucumber.api.junit.Cucumber.run(Cucumber.java:100)
	at org.apache.maven.surefire.junit4.JUnit4Provider.execute(JUnit4Provider.java:283)
	at org.apache.maven.surefire.junit4.JUnit4Provider.executeWithRerun(JUnit4Provider.java:173)
	at org.apache.maven.surefire.junit4.JUnit4Provider.executeTestSet(JUnit4Provider.java:153)
	at org.apache.maven.surefire.junit4.JUnit4Provider.invoke(JUnit4Provider.java:128)
	at org.apache.maven.surefire.booter.ForkedBooter.invokeProviderInSameClassLoader(ForkedBooter.java:203)
	at org.apache.maven.surefire.booter.ForkedBooter.runSuitesInProcess(ForkedBooter.java:155)
	at org.apache.maven.surefire.booter.ForkedBooter.main(ForkedBooter.java:103)
]]></error>
    <system-err><![CDATA[[main] INFO net.serenitybdd.core.Serenity - Test Suite Started: CNT-8 - Order Information
[main] INFO net.serenitybdd.core.Serenity - 
 _____ _____ ____ _____   ____ _____  _    ____ _____ _____ ____  
|_   _| ____/ ___|_   _| / ___|_   _|/ \  |  _ \_   _| ____|  _ \ 
  | | |  _| \___ \ | |   \___ \ | | / _ \ | |_) || | |  _| | | | |
  | | | |___ ___) || |    ___) || |/ ___ \|  _ < | | | |___| |_| |
  |_| |_____|____/ |_|   |____/ |_/_/   \_\_| \_\|_| |_____|____/ 
                                                                  

TEST STARTED: VIR-135.01 Verify that the Ordering Information page is opened after click on its link in footer
-------------------------------------------------------------------(cnt-8---order-information;vir-135.01-verify-that-the-ordering-information-page-is-opened-after-click-on-its-link-in-footer)
[main] INFO net.serenitybdd.core.Serenity - STARTING STEP Given open the site and login
[main] INFO net.serenitybdd.core.Serenity - STARTING STEP Open the site
[main] INFO net.serenitybdd.core.Serenity - STEP ERROR: net.serenitybdd.core.exceptions.SerenityManagedException: Could not initialize class com.virco.locators.SiteData
]]></system-err>
  </testcase>
  <testcase name="Scenario: VIR-135.01 Verify that the Ordering Information page is opened after click on its link in footer" classname="Scenario: VIR-135.01 Verify that the Ordering Information page is opened after click on its link in footer" time="0.002">
    <error message="Could not initialize class com.virco.locators.SiteData" type="net.serenitybdd.core.exceptions.SerenityManagedException"><![CDATA[net.serenitybdd.core.exceptions.SerenityManagedException: Could not initialize class com.virco.locators.SiteData
	at com.virco.steps.serenity.CommonUserSteps.openTheSite(CommonUserSteps.java:19)
	at com.virco.steps.serenity.CommonUserSteps$$EnhancerByCGLIB$$d8541bfa.CGLIB$openTheSite$6(<generated>)
	at com.virco.steps.serenity.CommonUserSteps$$EnhancerByCGLIB$$d8541bfa$$FastClassByCGLIB$$ea8e0f86.invoke(<generated>)
	at net.sf.cglib.proxy.MethodProxy.invokeSuper(MethodProxy.java:228)
	at net.thucydides.core.steps.StepInterceptor.invokeMethod(StepInterceptor.java:372)
	at net.thucydides.core.steps.StepInterceptor.executeTestStepMethod(StepInterceptor.java:357)
	at net.thucydides.core.steps.StepInterceptor.runTestStep(StepInterceptor.java:332)
	at net.thucydides.core.steps.StepInterceptor.testStepResult(StepInterceptor.java:134)
	at net.thucydides.core.steps.StepInterceptor.intercept(StepInterceptor.java:61)
	at com.virco.steps.serenity.CommonUserSteps$$EnhancerByCGLIB$$d8541bfa.openTheSite(<generated>)
	at com.virco.steps.CommonDefinitionSteps.openTheSiteAndLogin(CommonDefinitionSteps.java:72)
	at sun.reflect.GeneratedMethodAccessor143.invoke(Unknown Source)
	at sun.reflect.DelegatingMethodAccessorImpl.invoke(DelegatingMethodAccessorImpl.java:43)
	at java.lang.reflect.Method.invoke(Method.java:498)
	at cucumber.runtime.Utils$1.call(Utils.java:40)
	at cucumber.runtime.Timeout.timeout(Timeout.java:16)
	at cucumber.runtime.Utils.invoke(Utils.java:34)
	at cucumber.runtime.java.JavaStepDefinition.execute(JavaStepDefinition.java:38)
	at cucumber.runtime.StepDefinitionMatch.runStep(StepDefinitionMatch.java:37)
	at cucumber.runtime.Runtime.runStep(Runtime.java:300)
	at cucumber.runtime.model.StepContainer.runStep(StepContainer.java:44)
	at cucumber.runtime.model.StepContainer.runSteps(StepContainer.java:39)
	at cucumber.runtime.model.CucumberScenario.run(CucumberScenario.java:44)
	at cucumber.runtime.junit.ExecutionUnitRunner.run(ExecutionUnitRunner.java:102)
	at cucumber.runtime.junit.FeatureRunner.runChild(FeatureRunner.java:63)
	at cucumber.runtime.junit.FeatureRunner.runChild(FeatureRunner.java:18)
	at org.junit.runners.ParentRunner$3.run(ParentRunner.java:290)
	at org.junit.runners.ParentRunner$1.schedule(ParentRunner.java:71)
	at org.junit.runners.ParentRunner.runChildren(ParentRunner.java:288)
	at org.junit.runners.ParentRunner.access$000(ParentRunner.java:58)
	at org.junit.runners.ParentRunner$2.evaluate(ParentRunner.java:268)
	at org.junit.runners.ParentRunner.run(ParentRunner.java:363)
	at cucumber.runtime.junit.FeatureRunner.run(FeatureRunner.java:70)
	at cucumber.api.junit.Cucumber.runChild(Cucumber.java:95)
	at cucumber.api.junit.Cucumber.runChild(Cucumber.java:38)
	at org.junit.runners.ParentRunner$3.run(ParentRunner.java:290)
	at org.junit.runners.ParentRunner$1.schedule(ParentRunner.java:71)
	at org.junit.runners.ParentRunner.runChildren(ParentRunner.java:288)
	at org.junit.runners.ParentRunner.access$000(ParentRunner.java:58)
	at org.junit.runners.ParentRunner$2.evaluate(ParentRunner.java:268)
	at org.junit.runners.ParentRunner.run(ParentRunner.java:363)
	at cucumber.api.junit.Cucumber.run(Cucumber.java:100)
	at org.apache.maven.surefire.junit4.JUnit4Provider.execute(JUnit4Provider.java:283)
	at org.apache.maven.surefire.junit4.JUnit4Provider.executeWithRerun(JUnit4Provider.java:173)
	at org.apache.maven.surefire.junit4.JUnit4Provider.executeTestSet(JUnit4Provider.java:153)
	at org.apache.maven.surefire.junit4.JUnit4Provider.invoke(JUnit4Provider.java:128)
	at org.apache.maven.surefire.booter.ForkedBooter.invokeProviderInSameClassLoader(ForkedBooter.java:203)
	at org.apache.maven.surefire.booter.ForkedBooter.runSuitesInProcess(ForkedBooter.java:155)
	at org.apache.maven.surefire.booter.ForkedBooter.main(ForkedBooter.java:103)
]]></error>
  </testcase>
  <testcase name="When hover on &quot;Resources&quot; in navigation menu" classname="Scenario: VIR-135.01 Verify that the Ordering Information page is opened after click on its link in footer" time="0">
    <skipped/>
    <system-err><![CDATA[[main] INFO net.serenitybdd.core.Serenity - STEP ERROR: java.lang.NoClassDefFoundError: Could not initialize class com.virco.locators.SiteData
[main] INFO net.serenitybdd.core.Serenity - STARTING STEP When hover on "Resources" in navigation menu
]]></system-err>
  </testcase>
  <testcase name="When click on &quot;Ordering Information&quot; button" classname="Scenario: VIR-135.01 Verify that the Ordering Information page is opened after click on its link in footer" time="0">
    <skipped/>
    <system-err><![CDATA[[main] INFO net.serenitybdd.core.Serenity - IGNORING STEP
[main] INFO net.serenitybdd.core.Serenity - STARTING STEP When click on "Ordering Information" button
]]></system-err>
  </testcase>
  <testcase name="When switch to new tab" classname="Scenario: VIR-135.01 Verify that the Ordering Information page is opened after click on its link in footer" time="0">
    <skipped/>
    <system-err><![CDATA[[main] INFO net.serenitybdd.core.Serenity - IGNORING STEP
[main] INFO net.serenitybdd.core.Serenity - STARTING STEP When switch to new tab
]]></system-err>
  </testcase>
  <testcase name="Then &quot;OrderingInformation&quot; content is opened" classname="Scenario: VIR-135.01 Verify that the Ordering Information page is opened after click on its link in footer" time="0">
    <skipped/>
    <system-err><![CDATA[[main] INFO net.serenitybdd.core.Serenity - IGNORING STEP
[main] INFO net.serenitybdd.core.Serenity - STARTING STEP Then "OrderingInformation" content is opened
]]></system-err>
  </testcase>
  <testcase name="Given open &quot;CMS&quot; page" classname="Scenario: VIR-135.02 Verify that the content admin can delete the content pages" time="0.001">
    <error message="Could not initialize class com.virco.locators.SiteData" type="net.serenitybdd.core.exceptions.SerenityManagedException"><![CDATA[net.serenitybdd.core.exceptions.SerenityManagedException: Could not initialize class com.virco.locators.SiteData
	at com.virco.steps.serenity.CommonUserSteps.openManagementPage(CommonUserSteps.java:26)
	at com.virco.steps.serenity.CommonUserSteps$$EnhancerByCGLIB$$d8541bfa.CGLIB$openManagementPage$7(<generated>)
	at com.virco.steps.serenity.CommonUserSteps$$EnhancerByCGLIB$$d8541bfa$$FastClassByCGLIB$$ea8e0f86.invoke(<generated>)
	at net.sf.cglib.proxy.MethodProxy.invokeSuper(MethodProxy.java:228)
	at net.thucydides.core.steps.StepInterceptor.invokeMethod(StepInterceptor.java:372)
	at net.thucydides.core.steps.StepInterceptor.executeTestStepMethod(StepInterceptor.java:357)
	at net.thucydides.core.steps.StepInterceptor.runTestStep(StepInterceptor.java:332)
	at net.thucydides.core.steps.StepInterceptor.testStepResult(StepInterceptor.java:134)
	at net.thucydides.core.steps.StepInterceptor.intercept(StepInterceptor.java:61)
	at com.virco.steps.serenity.CommonUserSteps$$EnhancerByCGLIB$$d8541bfa.openManagementPage(<generated>)
	at com.virco.steps.CommonDefinitionSteps.openPage(CommonDefinitionSteps.java:22)
	at sun.reflect.NativeMethodAccessorImpl.invoke0(Native Method)
	at sun.reflect.NativeMethodAccessorImpl.invoke(NativeMethodAccessorImpl.java:62)
	at sun.reflect.DelegatingMethodAccessorImpl.invoke(DelegatingMethodAccessorImpl.java:43)
	at java.lang.reflect.Method.invoke(Method.java:498)
	at cucumber.runtime.Utils$1.call(Utils.java:40)
	at cucumber.runtime.Timeout.timeout(Timeout.java:16)
	at cucumber.runtime.Utils.invoke(Utils.java:34)
	at cucumber.runtime.java.JavaStepDefinition.execute(JavaStepDefinition.java:38)
	at cucumber.runtime.StepDefinitionMatch.runStep(StepDefinitionMatch.java:37)
	at cucumber.runtime.Runtime.runStep(Runtime.java:300)
	at cucumber.runtime.model.StepContainer.runStep(StepContainer.java:44)
	at cucumber.runtime.model.StepContainer.runSteps(StepContainer.java:39)
	at cucumber.runtime.model.CucumberScenario.run(CucumberScenario.java:44)
	at cucumber.runtime.junit.ExecutionUnitRunner.run(ExecutionUnitRunner.java:102)
	at cucumber.runtime.junit.FeatureRunner.runChild(FeatureRunner.java:63)
	at cucumber.runtime.junit.FeatureRunner.runChild(FeatureRunner.java:18)
	at org.junit.runners.ParentRunner$3.run(ParentRunner.java:290)
	at org.junit.runners.ParentRunner$1.schedule(ParentRunner.java:71)
	at org.junit.runners.ParentRunner.runChildren(ParentRunner.java:288)
	at org.junit.runners.ParentRunner.access$000(ParentRunner.java:58)
	at org.junit.runners.ParentRunner$2.evaluate(ParentRunner.java:268)
	at org.junit.runners.ParentRunner.run(ParentRunner.java:363)
	at cucumber.runtime.junit.FeatureRunner.run(FeatureRunner.java:70)
	at cucumber.api.junit.Cucumber.runChild(Cucumber.java:95)
	at cucumber.api.junit.Cucumber.runChild(Cucumber.java:38)
	at org.junit.runners.ParentRunner$3.run(ParentRunner.java:290)
	at org.junit.runners.ParentRunner$1.schedule(ParentRunner.java:71)
	at org.junit.runners.ParentRunner.runChildren(ParentRunner.java:288)
	at org.junit.runners.ParentRunner.access$000(ParentRunner.java:58)
	at org.junit.runners.ParentRunner$2.evaluate(ParentRunner.java:268)
	at org.junit.runners.ParentRunner.run(ParentRunner.java:363)
	at cucumber.api.junit.Cucumber.run(Cucumber.java:100)
	at org.apache.maven.surefire.junit4.JUnit4Provider.execute(JUnit4Provider.java:283)
	at org.apache.maven.surefire.junit4.JUnit4Provider.executeWithRerun(JUnit4Provider.java:173)
	at org.apache.maven.surefire.junit4.JUnit4Provider.executeTestSet(JUnit4Provider.java:153)
	at org.apache.maven.surefire.junit4.JUnit4Provider.invoke(JUnit4Provider.java:128)
	at org.apache.maven.surefire.booter.ForkedBooter.invokeProviderInSameClassLoader(ForkedBooter.java:203)
	at org.apache.maven.surefire.booter.ForkedBooter.runSuitesInProcess(ForkedBooter.java:155)
	at org.apache.maven.surefire.booter.ForkedBooter.main(ForkedBooter.java:103)
]]></error>
    <system-err><![CDATA[[main] INFO net.serenitybdd.core.Serenity - IGNORING STEP
[main] ERROR net.serenitybdd.core.Serenity - 
           __  _____ _____ ____ _____   _____ _    ___ _     _____ ____  
  _       / / |_   _| ____/ ___|_   _| |  ___/ \  |_ _| |   | ____|  _ \ 
 (_)_____| |    | | |  _| \___ \ | |   | |_ / _ \  | || |   |  _| | | | |
  _|_____| |    | | | |___ ___) || |   |  _/ ___ \ | || |___| |___| |_| |
 (_)     | |    |_| |_____|____/ |_|   |_|/_/   \_\___|_____|_____|____/ 
          \_\                                                            

TEST FAILED WITH ERROR: VIR-135.01 Verify that the Ordering Information page is opened after click on its link in footer
---------------------------------------------------------------------
[main] ERROR net.serenitybdd.core.Serenity - TEST FAILED AT STEP Open the site
[main] ERROR net.serenitybdd.core.Serenity - Could not initialize class com.virco.locators.SiteData
[pool-1-thread-1] INFO net.thucydides.core.reports.json.JSONTestOutcomeReporter - Generating JSON report for VIR-128.01 Verify that the OOTB Hybris is configured to file /Users/rodionsavchuk/hybrisAutomation/virco-automatedtests/target/site/serenity/f9e291a91d7fb0708996a6c172c79994e2f3e3dc027f9c744e43835d2210c73e.json (using temp file /Users/rodionsavchuk/hybrisAutomation/virco-automatedtests/target/site/serenity/f9e291a91d7fb0708996a6c172c79994e2f3e3dc027f9c744e43835d2210c73e.json6f51896a-8164-4b83-b123-e47b0edbdb30)
[pool-1-thread-2] INFO net.thucydides.core.reports.json.JSONTestOutcomeReporter - Generating JSON report for VIR-129.02 Verify that the content admin can promo message by using template to file /Users/rodionsavchuk/hybrisAutomation/virco-automatedtests/target/site/serenity/5c582eac1cc160864035d84f14577b2a4b307d178776baf5d94402a8f33a570b.json (using temp file /Users/rodionsavchuk/hybrisAutomation/virco-automatedtests/target/site/serenity/5c582eac1cc160864035d84f14577b2a4b307d178776baf5d94402a8f33a570b.json652056aa-2abb-4ca9-b985-817b55173051)
[pool-1-thread-3] INFO net.thucydides.core.reports.json.JSONTestOutcomeReporter - Generating JSON report for VIR-129.01 Verify that the content admin can add a rotating theme by using template to file /Users/rodionsavchuk/hybrisAutomation/virco-automatedtests/target/site/serenity/2baaeb277c29c1f85062130a60bafea2167a5c2dd87a93c69ad94698238c35ee.json (using temp file /Users/rodionsavchuk/hybrisAutomation/virco-automatedtests/target/site/serenity/2baaeb277c29c1f85062130a60bafea2167a5c2dd87a93c69ad94698238c35ee.json53454b4f-c549-4abb-bb1f-34f4208948e4)
[pool-1-thread-4] INFO net.thucydides.core.reports.json.JSONTestOutcomeReporter - Generating JSON report for VIR-129.03 Verify that the content admin can add installation slot by using template to file /Users/rodionsavchuk/hybrisAutomation/virco-automatedtests/target/site/serenity/e2ad5898b62d8e77d283000b0832f5fb0d67d58608b2ea1e947bdb3eaa4f7f13.json (using temp file /Users/rodionsavchuk/hybrisAutomation/virco-automatedtests/target/site/serenity/e2ad5898b62d8e77d283000b0832f5fb0d67d58608b2ea1e947bdb3eaa4f7f13.json5f5ab56a-0907-4ffd-9310-b7cb3e2ba2fd)
[pool-1-thread-2] INFO net.thucydides.core.reports.json.JSONTestOutcomeReporter - Generating JSON report for VIR-129.05 Verify that the content admin can add a quick ship component on the template page to file /Users/rodionsavchuk/hybrisAutomation/virco-automatedtests/target/site/serenity/03a37ae243f19fd5e4074c51364f3accdea994f94fbe9bfc0888dbf6b3fcb296.json (using temp file /Users/rodionsavchuk/hybrisAutomation/virco-automatedtests/target/site/serenity/03a37ae243f19fd5e4074c51364f3accdea994f94fbe9bfc0888dbf6b3fcb296.json336b63c4-eb7e-4718-8e5a-9a8279b50a2c)
[pool-1-thread-1] INFO net.thucydides.core.reports.json.JSONTestOutcomeReporter - Generating JSON report for VIR-129.06 Verify that the content admin can add a popular category on the template page to file /Users/rodionsavchuk/hybrisAutomation/virco-automatedtests/target/site/serenity/4cb24bf6eab810d97c001f653ce7ec4c2620e8ef80649c431bc47d31554e7dfa.json (using temp file /Users/rodionsavchuk/hybrisAutomation/virco-automatedtests/target/site/serenity/4cb24bf6eab810d97c001f653ce7ec4c2620e8ef80649c431bc47d31554e7dfa.json6e070c52-5ba0-4360-a497-f81c276cc8d9)
[pool-1-thread-3] INFO net.thucydides.core.reports.json.JSONTestOutcomeReporter - Generating JSON report for VIR-129.04 Verify that the content admin can add a product recommendation component on the page template by using template to file /Users/rodionsavchuk/hybrisAutomation/virco-automatedtests/target/site/serenity/2568cbeed2bdf1850ea694b2c61bf8c9430c3ac453a0d1b2f15e169595434015.json (using temp file /Users/rodionsavchuk/hybrisAutomation/virco-automatedtests/target/site/serenity/2568cbeed2bdf1850ea694b2c61bf8c9430c3ac453a0d1b2f15e169595434015.jsona290e49c-f092-4e75-bca5-34463343e113)
[pool-1-thread-4] INFO net.thucydides.core.reports.json.JSONTestOutcomeReporter - Generating JSON report for VIR-129.07 Verify that the content admin can add a product images component on the template page to file /Users/rodionsavchuk/hybrisAutomation/virco-automatedtests/target/site/serenity/b14d7ddd1213e2b3e327a1da59a5f30243e7b1413ece781e8217d0475b1d4ba5.json (using temp file /Users/rodionsavchuk/hybrisAutomation/virco-automatedtests/target/site/serenity/b14d7ddd1213e2b3e327a1da59a5f30243e7b1413ece781e8217d0475b1d4ba5.jsondae8903e-f309-4f26-88be-9bc32ad24050)
[pool-1-thread-2] INFO net.thucydides.core.reports.json.JSONTestOutcomeReporter - Generating JSON report for VIR-129.08 Verify that the content admin can edit promo message/popular category. to file /Users/rodionsavchuk/hybrisAutomation/virco-automatedtests/target/site/serenity/0b72d581cee195fdedb17f43f946f9e8a6bd5762bb612b26fbaf09d9905941a0.json (using temp file /Users/rodionsavchuk/hybrisAutomation/virco-automatedtests/target/site/serenity/0b72d581cee195fdedb17f43f946f9e8a6bd5762bb612b26fbaf09d9905941a0.jsonc1c7428c-aa3b-475e-8748-0498922497ed)
[pool-1-thread-1] INFO net.thucydides.core.reports.json.JSONTestOutcomeReporter - Generating JSON report for VIR-129.09 Verify that the content admin can delete promo message/popular category. to file /Users/rodionsavchuk/hybrisAutomation/virco-automatedtests/target/site/serenity/e3f11c0e315cea47d82b81aeec1d5d4ec6688676c143e6c8bd85b536ee39abf1.json (using temp file /Users/rodionsavchuk/hybrisAutomation/virco-automatedtests/target/site/serenity/e3f11c0e315cea47d82b81aeec1d5d4ec6688676c143e6c8bd85b536ee39abf1.jsonee57aa13-923b-4de6-b613-92d77327f02a)
[pool-1-thread-3] INFO net.thucydides.core.reports.json.JSONTestOutcomeReporter - Generating JSON report for VIR-129.10 Verify that the site has a look, configured by content admin to file /Users/rodionsavchuk/hybrisAutomation/virco-automatedtests/target/site/serenity/100947bcc68d92490597dd6eed62bf55d5857e1335d30b52c2a0a2894d214fe7.json (using temp file /Users/rodionsavchuk/hybrisAutomation/virco-automatedtests/target/site/serenity/100947bcc68d92490597dd6eed62bf55d5857e1335d30b52c2a0a2894d214fe7.json4a0825b6-076e-4e85-9c83-6c68ef5aed74)
[pool-1-thread-3] INFO net.thucydides.core.reports.json.JSONTestOutcomeReporter - Generating JSON report for VIR-166.01 Verify the rotating carousel is added on the home page to file /Users/rodionsavchuk/hybrisAutomation/virco-automatedtests/target/site/serenity/41045224dd55f49d371e9fd4a455c28d0acc2a203f1c37c0d89de600b26d38ef.json (using temp file /Users/rodionsavchuk/hybrisAutomation/virco-automatedtests/target/site/serenity/41045224dd55f49d371e9fd4a455c28d0acc2a203f1c37c0d89de600b26d38ef.jsonb4b36a8f-a70a-4ce9-9316-baae2bdab38f)
[pool-1-thread-1] INFO net.thucydides.core.reports.json.JSONTestOutcomeReporter - Generating JSON report for VIR-166.02 Verify that the each Banner has Rotating Theme, promotional message and installation slots to file /Users/rodionsavchuk/hybrisAutomation/virco-automatedtests/target/site/serenity/0608016defba6ce482ab704a7f99aa4784d409932878aab3566e62c6acd4c3be.json (using temp file /Users/rodionsavchuk/hybrisAutomation/virco-automatedtests/target/site/serenity/0608016defba6ce482ab704a7f99aa4784d409932878aab3566e62c6acd4c3be.json0b37fc5d-492e-4577-a167-8d6d7b81a419)
[pool-1-thread-2] INFO net.thucydides.core.reports.json.JSONTestOutcomeReporter - Generating JSON report for VIR-166.03 Verify that the changes applied to the home page on the WCMS are shown on the site to file /Users/rodionsavchuk/hybrisAutomation/virco-automatedtests/target/site/serenity/b9eb3619ad92be0ca6909f8288eb5393e840f6227de55c87423f32dd621971c6.json (using temp file /Users/rodionsavchuk/hybrisAutomation/virco-automatedtests/target/site/serenity/b9eb3619ad92be0ca6909f8288eb5393e840f6227de55c87423f32dd621971c6.json26a5b39a-c02f-418b-97aa-7cf6ec97279f)
[pool-1-thread-4] INFO net.thucydides.core.reports.json.JSONTestOutcomeReporter - Generating JSON report for VIR-166.04 Verify changes on the site to file /Users/rodionsavchuk/hybrisAutomation/virco-automatedtests/target/site/serenity/5f43c632221e66e649cb566b95c8c39021872b2cfde3c52fd524b9428955bf6f.json (using temp file /Users/rodionsavchuk/hybrisAutomation/virco-automatedtests/target/site/serenity/5f43c632221e66e649cb566b95c8c39021872b2cfde3c52fd524b9428955bf6f.json1d08124c-6919-4e19-aa7b-c9cebe33f372)
[pool-1-thread-4] INFO net.thucydides.core.reports.json.JSONTestOutcomeReporter - Generating JSON report for VIR-166.04 Verify installation slot to file /Users/rodionsavchuk/hybrisAutomation/virco-automatedtests/target/site/serenity/edcb380d350a80cdf46587ae5741ec066978cdd8e0c97472caf730194b651304.json (using temp file /Users/rodionsavchuk/hybrisAutomation/virco-automatedtests/target/site/serenity/edcb380d350a80cdf46587ae5741ec066978cdd8e0c97472caf730194b651304.jsone6ea1d99-adbd-48cb-9d32-c0557874cc26)
[pool-1-thread-3] INFO net.thucydides.core.reports.json.JSONTestOutcomeReporter - Generating JSON report for VIR-166.06 Return changes for carousel to file /Users/rodionsavchuk/hybrisAutomation/virco-automatedtests/target/site/serenity/666f9c30485604a0d8f915e21943e7e88d01015ce9092eafebcdb74a2aa69881.json (using temp file /Users/rodionsavchuk/hybrisAutomation/virco-automatedtests/target/site/serenity/666f9c30485604a0d8f915e21943e7e88d01015ce9092eafebcdb74a2aa69881.json7160e541-e594-4713-9761-6f8c7cdf124c)
[pool-1-thread-1] INFO net.thucydides.core.reports.json.JSONTestOutcomeReporter - Generating JSON report for VIR-130.01 Verify that the content Admin can add new banner to file /Users/rodionsavchuk/hybrisAutomation/virco-automatedtests/target/site/serenity/bb79537bca7a8b871c5b64cd1153742bc23c54e46592c06f822f87770b2e8b8a.json (using temp file /Users/rodionsavchuk/hybrisAutomation/virco-automatedtests/target/site/serenity/bb79537bca7a8b871c5b64cd1153742bc23c54e46592c06f822f87770b2e8b8a.json6c615246-6276-492e-9537-e1163a502a5d)
[pool-1-thread-2] INFO net.thucydides.core.reports.json.JSONTestOutcomeReporter - Generating JSON report for VIR-130.02 Verify that the content admin can edit the banner to file /Users/rodionsavchuk/hybrisAutomation/virco-automatedtests/target/site/serenity/8473ae2e239acb5c9594f6482f5f79bb4500c946dd2d245bf5d2caa427a8a26f.json (using temp file /Users/rodionsavchuk/hybrisAutomation/virco-automatedtests/target/site/serenity/8473ae2e239acb5c9594f6482f5f79bb4500c946dd2d245bf5d2caa427a8a26f.json22990caa-fa9d-4c65-b22d-732207c14c78)
[pool-1-thread-3] INFO net.thucydides.core.reports.json.JSONTestOutcomeReporter - Generating JSON report for VIR-130.03 Verify that the content admin can delete the banner to file /Users/rodionsavchuk/hybrisAutomation/virco-automatedtests/target/site/serenity/b41d3443e6a4853ebf7ef1692db7b2b9a12b9d62f5b7166287c8c85636ccdf3f.json (using temp file /Users/rodionsavchuk/hybrisAutomation/virco-automatedtests/target/site/serenity/b41d3443e6a4853ebf7ef1692db7b2b9a12b9d62f5b7166287c8c85636ccdf3f.json0f2bb21c-0515-4aa4-929a-fece2e205d09)
[pool-1-thread-4] INFO net.thucydides.core.reports.json.JSONTestOutcomeReporter - Generating JSON report for VIR-130.04 Verify that the site has a look, configured by content admin to file /Users/rodionsavchuk/hybrisAutomation/virco-automatedtests/target/site/serenity/095ee6a7aed460c2ab7447a892b708f667ca6eb3d2b246703cb79d76aaa66edd.json (using temp file /Users/rodionsavchuk/hybrisAutomation/virco-automatedtests/target/site/serenity/095ee6a7aed460c2ab7447a892b708f667ca6eb3d2b246703cb79d76aaa66edd.json63b80b32-60be-4bc1-bc18-68c7e4cd44fb)
[pool-1-thread-2] INFO net.thucydides.core.reports.json.JSONTestOutcomeReporter - Generating JSON report for VIR-131.02 Verify that the content Admin can delete terms, security and compliance to file /Users/rodionsavchuk/hybrisAutomation/virco-automatedtests/target/site/serenity/ceb7302073899bbe72c923c378b3dfb15f405875b937887a17bf4cff9988ce11.json (using temp file /Users/rodionsavchuk/hybrisAutomation/virco-automatedtests/target/site/serenity/ceb7302073899bbe72c923c378b3dfb15f405875b937887a17bf4cff9988ce11.jsone85f7104-b8ac-4be6-b4aa-39d0fa2e07b6)
[pool-1-thread-1] INFO net.thucydides.core.reports.json.JSONTestOutcomeReporter - Generating JSON report for VIR-375.01 Unable to open the "Verisign terms and policy" page except through the Contact Us page to file /Users/rodionsavchuk/hybrisAutomation/virco-automatedtests/target/site/serenity/3d31ca4ca17ccedf663fa492c24dc92f29157766fcfb628ecd61645c9255a53a.json (using temp file /Users/rodionsavchuk/hybrisAutomation/virco-automatedtests/target/site/serenity/3d31ca4ca17ccedf663fa492c24dc92f29157766fcfb628ecd61645c9255a53a.json295271fe-aefd-4dec-98ef-1e8aebf2b541)
[pool-1-thread-3] INFO net.thucydides.core.reports.json.JSONTestOutcomeReporter - Generating JSON report for VIR-131.03 Verify that the content Admin can add terms, security and compliance to file /Users/rodionsavchuk/hybrisAutomation/virco-automatedtests/target/site/serenity/afbc2d2c12a820e7bd8ff57fd665dcbf835c82e12b10214fa792d713e6b209c6.json (using temp file /Users/rodionsavchuk/hybrisAutomation/virco-automatedtests/target/site/serenity/afbc2d2c12a820e7bd8ff57fd665dcbf835c82e12b10214fa792d713e6b209c6.json752417fe-66cc-492c-8a38-98151800b9f6)
[pool-1-thread-4] INFO net.thucydides.core.reports.json.JSONTestOutcomeReporter - Generating JSON report for VIR-131.04 Verify that the content Admin can edit terms, security and compliance to file /Users/rodionsavchuk/hybrisAutomation/virco-automatedtests/target/site/serenity/11123f2712ee38abf08a7255e58490510ce459b677c6317a48c1c5a02bad5899.json (using temp file /Users/rodionsavchuk/hybrisAutomation/virco-automatedtests/target/site/serenity/11123f2712ee38abf08a7255e58490510ce459b677c6317a48c1c5a02bad5899.jsond78d491a-7e39-49dc-b1ab-d79203216276)
[pool-1-thread-3] INFO net.thucydides.core.reports.json.JSONTestOutcomeReporter - Generating JSON report for VIR-131.05 Return changes to file /Users/rodionsavchuk/hybrisAutomation/virco-automatedtests/target/site/serenity/481bc60c8e1753c36167a06d3e94715ec6bdb3bc0fa2de75bc3b701c703a0740.json (using temp file /Users/rodionsavchuk/hybrisAutomation/virco-automatedtests/target/site/serenity/481bc60c8e1753c36167a06d3e94715ec6bdb3bc0fa2de75bc3b701c703a0740.json3a663f7a-1edb-45ed-83ab-ea410d0f1944)
[pool-1-thread-4] INFO net.thucydides.core.reports.json.JSONTestOutcomeReporter - Generating JSON report for VIR-132.01 Verify that the content admin can add restriction for the desired customizations. to file /Users/rodionsavchuk/hybrisAutomation/virco-automatedtests/target/site/serenity/012fbd4c99dbed94980068932c3b9900aa40fcbd0f147abb3c9b18198ccfee2c.json (using temp file /Users/rodionsavchuk/hybrisAutomation/virco-automatedtests/target/site/serenity/012fbd4c99dbed94980068932c3b9900aa40fcbd0f147abb3c9b18198ccfee2c.jsona33ca7d6-76f6-4560-b6b2-34bb3c1d647c)
[pool-1-thread-1] INFO net.thucydides.core.reports.json.JSONTestOutcomeReporter - Generating JSON report for VIR-132.02 Verify that the content admin can edit restriction for the desired customizations. to file /Users/rodionsavchuk/hybrisAutomation/virco-automatedtests/target/site/serenity/21c25b56faab758e879fe49e985016e5e5212c7b9214f355a35317a785ad4edd.json (using temp file /Users/rodionsavchuk/hybrisAutomation/virco-automatedtests/target/site/serenity/21c25b56faab758e879fe49e985016e5e5212c7b9214f355a35317a785ad4edd.json01475232-4455-4233-a98f-cbe1498ae2eb)
[pool-1-thread-2] INFO net.thucydides.core.reports.json.JSONTestOutcomeReporter - Generating JSON report for VIR-132.03 Verify that the content admin can delete restriction for the desired customizations. to file /Users/rodionsavchuk/hybrisAutomation/virco-automatedtests/target/site/serenity/f6bd8472778e2535a4b9144aa99d3240dacf17fdc0647b30ce75c3b787f53d15.json (using temp file /Users/rodionsavchuk/hybrisAutomation/virco-automatedtests/target/site/serenity/f6bd8472778e2535a4b9144aa99d3240dacf17fdc0647b30ce75c3b787f53d15.jsonea9c3b03-88b9-4e25-bd2a-75bed4815872)
[pool-1-thread-4] INFO net.thucydides.core.reports.json.JSONTestOutcomeReporter - Generating JSON report for VIR-132.04 Verify that the restrictions can be added to the following to file /Users/rodionsavchuk/hybrisAutomation/virco-automatedtests/target/site/serenity/bb312434987ad8333f1a82d90084aa3d1109fed7e9f40f25770d63e0cb749be9.json (using temp file /Users/rodionsavchuk/hybrisAutomation/virco-automatedtests/target/site/serenity/bb312434987ad8333f1a82d90084aa3d1109fed7e9f40f25770d63e0cb749be9.json543e6a9e-21d7-4e8b-b6cb-61ed775947b8)
[pool-1-thread-3] INFO net.thucydides.core.reports.json.JSONTestOutcomeReporter - Generating JSON report for VIR-133.01 Verify that the content admin can delete the banner, title and categories through the WCMS to file /Users/rodionsavchuk/hybrisAutomation/virco-automatedtests/target/site/serenity/d10c471b31104c36cff5887c55a7bc150eababcb1937fa5a395a48f11580da2f.json (using temp file /Users/rodionsavchuk/hybrisAutomation/virco-automatedtests/target/site/serenity/d10c471b31104c36cff5887c55a7bc150eababcb1937fa5a395a48f11580da2f.json53f9b86b-ccfb-478e-8e6b-d44681c56ff3)
[pool-1-thread-2] INFO net.thucydides.core.reports.json.JSONTestOutcomeReporter - Generating JSON report for VIR-133.02 Verify that the content admin can add the banner, title and categories through the WCMS to file /Users/rodionsavchuk/hybrisAutomation/virco-automatedtests/target/site/serenity/3bb00edc8b11547b9ac39ca5a5696c45f1e0d290628ccd73684e0832986f1e71.json (using temp file /Users/rodionsavchuk/hybrisAutomation/virco-automatedtests/target/site/serenity/3bb00edc8b11547b9ac39ca5a5696c45f1e0d290628ccd73684e0832986f1e71.json048a9288-0fac-4061-95a0-ad87eea1064b)
[pool-1-thread-1] INFO net.thucydides.core.reports.json.JSONTestOutcomeReporter - Generating JSON report for VIR-133.04 Verify that the Banner is shown to the shopper on the home page to file /Users/rodionsavchuk/hybrisAutomation/virco-automatedtests/target/site/serenity/4c2884489ffe2042fbe11e4563b220cac104e5129e32868a3f1d6600011e076b.json (using temp file /Users/rodionsavchuk/hybrisAutomation/virco-automatedtests/target/site/serenity/4c2884489ffe2042fbe11e4563b220cac104e5129e32868a3f1d6600011e076b.json595cd19d-b8a7-49a5-98d8-9436996a416d)
[pool-1-thread-3] INFO net.thucydides.core.reports.json.JSONTestOutcomeReporter - Generating JSON report for VIR-133.05 Verify that the text is overlaid on the banner to file /Users/rodionsavchuk/hybrisAutomation/virco-automatedtests/target/site/serenity/bf1a934735e5d669eada1b870d663ecb425f20e68617bfb53654f05d12656a5f.json (using temp file /Users/rodionsavchuk/hybrisAutomation/virco-automatedtests/target/site/serenity/bf1a934735e5d669eada1b870d663ecb425f20e68617bfb53654f05d12656a5f.json8d511ec3-cef4-4fa6-a5b6-d9f23b07e267)
[pool-1-thread-2] INFO net.thucydides.core.reports.json.JSONTestOutcomeReporter - Generating JSON report for VIR-133.06 Verify that the Page title "Products by Category" is shown to the shopper to file /Users/rodionsavchuk/hybrisAutomation/virco-automatedtests/target/site/serenity/e3d83e5f621b42696d81ce997061a34362f9a4bb6639aa90f2db1d4db4b51d64.json (using temp file /Users/rodionsavchuk/hybrisAutomation/virco-automatedtests/target/site/serenity/e3d83e5f621b42696d81ce997061a34362f9a4bb6639aa90f2db1d4db4b51d64.jsond3257099-03b7-46f8-bf2e-0f161094fbb7)
[pool-1-thread-4] INFO net.thucydides.core.reports.json.JSONTestOutcomeReporter - Generating JSON report for VIR-133.03 Verify that the content admin can edit the banner, title and categories through the WCMS to file /Users/rodionsavchuk/hybrisAutomation/virco-automatedtests/target/site/serenity/bf784fb294e81a8a6ed3e34f569b9b326b48ffb8cfb4166224a8840cbf362e21.json (using temp file /Users/rodionsavchuk/hybrisAutomation/virco-automatedtests/target/site/serenity/bf784fb294e81a8a6ed3e34f569b9b326b48ffb8cfb4166224a8840cbf362e21.json1f181fbe-592c-4108-a278-a364e7016675)
[pool-1-thread-3] INFO net.thucydides.core.reports.json.JSONTestOutcomeReporter - Generating JSON report for VIR-134.01 Verify that the content admin can create quick links to file /Users/rodionsavchuk/hybrisAutomation/virco-automatedtests/target/site/serenity/40d81346ba58c0f71fcf613db8a0a63c8ecb26e1fd4aaa8d151a703d15657b0e.json (using temp file /Users/rodionsavchuk/hybrisAutomation/virco-automatedtests/target/site/serenity/40d81346ba58c0f71fcf613db8a0a63c8ecb26e1fd4aaa8d151a703d15657b0e.json9dde4afa-8cd1-447d-8925-9ceb796746dd)
[pool-1-thread-1] INFO net.thucydides.core.reports.json.JSONTestOutcomeReporter - Generating JSON report for VIR-133.07 Verify that the following page categories are shown to file /Users/rodionsavchuk/hybrisAutomation/virco-automatedtests/target/site/serenity/1d12cdceb7058d9417a7bb7107783782f643d4ed988f36376903b230848c1f01.json (using temp file /Users/rodionsavchuk/hybrisAutomation/virco-automatedtests/target/site/serenity/1d12cdceb7058d9417a7bb7107783782f643d4ed988f36376903b230848c1f01.json3e9cab95-e602-45e1-afc3-6aec8fbbdc72)
[pool-1-thread-3] INFO net.thucydides.core.reports.json.JSONTestOutcomeReporter - Generating JSON report for VIR-134.02 Verify that the content admin can edit quick links to file /Users/rodionsavchuk/hybrisAutomation/virco-automatedtests/target/site/serenity/41734951e0ed56f455a46612ce22533ae97fded928f274893c4007976da87481.json (using temp file /Users/rodionsavchuk/hybrisAutomation/virco-automatedtests/target/site/serenity/41734951e0ed56f455a46612ce22533ae97fded928f274893c4007976da87481.json2938721f-cbb3-4916-926b-fcf701f49678)
[pool-1-thread-2] INFO net.thucydides.core.reports.json.JSONTestOutcomeReporter - Generating JSON report for VIR-134.03 Verify that the content admin can delete quick links to file /Users/rodionsavchuk/hybrisAutomation/virco-automatedtests/target/site/serenity/e1618d2dbdbd929514ab60461040a335e53fc3975e4d58436fa87a8251365ba9.json (using temp file /Users/rodionsavchuk/hybrisAutomation/virco-automatedtests/target/site/serenity/e1618d2dbdbd929514ab60461040a335e53fc3975e4d58436fa87a8251365ba9.json46d6c596-5d42-4f53-83f6-c7e9c5d02aed)
[pool-1-thread-1] INFO net.thucydides.core.reports.json.JSONTestOutcomeReporter - Generating JSON report for VIR-135.01 Verify that the Ordering Information page is opened after click on its link in footer to file /Users/rodionsavchuk/hybrisAutomation/virco-automatedtests/target/site/serenity/fe76c656848baf193220d07591a15ba921e649f837da4d5f226eb2f9ac003e5c.json (using temp file /Users/rodionsavchuk/hybrisAutomation/virco-automatedtests/target/site/serenity/fe76c656848baf193220d07591a15ba921e649f837da4d5f226eb2f9ac003e5c.jsona8bf2594-a950-4f4e-b821-56d5367ee5ed)
[pool-1-thread-4] INFO net.thucydides.core.reports.json.JSONTestOutcomeReporter - Generating JSON report for VIR-134.04 Verify that the following quick links are on the site to file /Users/rodionsavchuk/hybrisAutomation/virco-automatedtests/target/site/serenity/58e0a8ef376111f4675fa1030f00d436b8d6a2832054b645999dc268d4b4012c.json (using temp file /Users/rodionsavchuk/hybrisAutomation/virco-automatedtests/target/site/serenity/58e0a8ef376111f4675fa1030f00d436b8d6a2832054b645999dc268d4b4012c.json1be75d87-267f-4b27-b40c-b3b18468f0f8)
[pool-1-thread-3] INFO net.thucydides.core.reports.html.HtmlAcceptanceTestReporter - GENERATING HTML REPORT FOR CNT-1 - WCMS Site Maintenance:VIR-128.01 Verify that the OOTB Hybris is configured in f9e291a91d7fb0708996a6c172c79994e2f3e3dc027f9c744e43835d2210c73e.html in directory target/site/serenity  
[pool-1-thread-2] INFO net.thucydides.core.reports.html.HtmlAcceptanceTestReporter - GENERATING HTML REPORT FOR CNT-2 - Component Maintenance:VIR-129.01 Verify that the content admin can add a rotating theme by using template in 2baaeb277c29c1f85062130a60bafea2167a5c2dd87a93c69ad94698238c35ee.html in directory target/site/serenity  
[pool-1-thread-1] INFO net.thucydides.core.reports.html.HtmlAcceptanceTestReporter - GENERATING HTML REPORT FOR CNT-2 - Component Maintenance:VIR-129.02 Verify that the content admin can promo message by using template in 5c582eac1cc160864035d84f14577b2a4b307d178776baf5d94402a8f33a570b.html in directory target/site/serenity  
[pool-1-thread-4] INFO net.thucydides.core.reports.html.HtmlAcceptanceTestReporter - GENERATING HTML REPORT FOR CNT-2 - Component Maintenance:VIR-129.03 Verify that the content admin can add installation slot by using template in e2ad5898b62d8e77d283000b0832f5fb0d67d58608b2ea1e947bdb3eaa4f7f13.html in directory target/site/serenity  
[pool-1-thread-2] INFO net.thucydides.core.reports.html.HtmlAcceptanceTestReporter - GENERATING HTML REPORT FOR CNT-2 - Component Maintenance:VIR-129.05 Verify that the content admin can add a quick ship component on the template page in 03a37ae243f19fd5e4074c51364f3accdea994f94fbe9bfc0888dbf6b3fcb296.html in directory target/site/serenity  
[pool-1-thread-3] INFO net.thucydides.core.reports.html.HtmlAcceptanceTestReporter - GENERATING HTML REPORT FOR CNT-2 - Component Maintenance:VIR-129.04 Verify that the content admin can add a product recommendation component on the page template by using template in 2568cbeed2bdf1850ea694b2c61bf8c9430c3ac453a0d1b2f15e169595434015.html in directory target/site/serenity  
[pool-1-thread-1] INFO net.thucydides.core.reports.html.HtmlAcceptanceTestReporter - GENERATING HTML REPORT FOR CNT-2 - Component Maintenance:VIR-129.06 Verify that the content admin can add a popular category on the template page in 4cb24bf6eab810d97c001f653ce7ec4c2620e8ef80649c431bc47d31554e7dfa.html in directory target/site/serenity  
[pool-1-thread-4] INFO net.thucydides.core.reports.html.HtmlAcceptanceTestReporter - GENERATING HTML REPORT FOR CNT-2 - Component Maintenance:VIR-129.07 Verify that the content admin can add a product images component on the template page in b14d7ddd1213e2b3e327a1da59a5f30243e7b1413ece781e8217d0475b1d4ba5.html in directory target/site/serenity  
[pool-1-thread-2] INFO net.thucydides.core.reports.html.HtmlAcceptanceTestReporter - GENERATING HTML REPORT FOR CNT-2 - Component Maintenance:VIR-129.08 Verify that the content admin can edit promo message/popular category. in 0b72d581cee195fdedb17f43f946f9e8a6bd5762bb612b26fbaf09d9905941a0.html in directory target/site/serenity  
[pool-1-thread-3] INFO net.thucydides.core.reports.html.HtmlAcceptanceTestReporter - GENERATING HTML REPORT FOR CNT-2 - Component Maintenance:VIR-129.09 Verify that the content admin can delete promo message/popular category. in e3f11c0e315cea47d82b81aeec1d5d4ec6688676c143e6c8bd85b536ee39abf1.html in directory target/site/serenity  
[pool-1-thread-1] INFO net.thucydides.core.reports.html.HtmlAcceptanceTestReporter - GENERATING HTML REPORT FOR CNT-2 - Component Maintenance:VIR-129.10 Verify that the site has a look, configured by content admin in 100947bcc68d92490597dd6eed62bf55d5857e1335d30b52c2a0a2894d214fe7.html in directory target/site/serenity  
[pool-1-thread-4] INFO net.thucydides.core.reports.html.HtmlAcceptanceTestReporter - GENERATING HTML REPORT FOR CNT-2 - Component Maintenance:VIR-166.01 Verify the rotating carousel is added on the home page in 41045224dd55f49d371e9fd4a455c28d0acc2a203f1c37c0d89de600b26d38ef.html in directory target/site/serenity  
[pool-1-thread-3] INFO net.thucydides.core.reports.html.HtmlAcceptanceTestReporter - GENERATING HTML REPORT FOR CNT-2 - Component Maintenance:VIR-166.02 Verify that the each Banner has Rotating Theme, promotional message and installation slots in 0608016defba6ce482ab704a7f99aa4784d409932878aab3566e62c6acd4c3be.html in directory target/site/serenity  
[pool-1-thread-2] INFO net.thucydides.core.reports.html.HtmlAcceptanceTestReporter - GENERATING HTML REPORT FOR CNT-2 - Component Maintenance:VIR-166.03 Verify that the changes applied to the home page on the WCMS are shown on the site in b9eb3619ad92be0ca6909f8288eb5393e840f6227de55c87423f32dd621971c6.html in directory target/site/serenity  
[pool-1-thread-4] INFO net.thucydides.core.reports.html.HtmlAcceptanceTestReporter - GENERATING HTML REPORT FOR CNT-2 - Component Maintenance:VIR-166.04 Verify changes on the site in 5f43c632221e66e649cb566b95c8c39021872b2cfde3c52fd524b9428955bf6f.html in directory target/site/serenity  
[pool-1-thread-3] INFO net.thucydides.core.reports.html.HtmlAcceptanceTestReporter - GENERATING HTML REPORT FOR CNT-2 - Component Maintenance:VIR-166.04 Verify installation slot in edcb380d350a80cdf46587ae5741ec066978cdd8e0c97472caf730194b651304.html in directory target/site/serenity  
[pool-1-thread-4] INFO net.thucydides.core.reports.html.HtmlAcceptanceTestReporter - GENERATING HTML REPORT FOR CNT-3 - Banners:VIR-130.01 Verify that the content Admin can add new banner in bb79537bca7a8b871c5b64cd1153742bc23c54e46592c06f822f87770b2e8b8a.html in directory target/site/serenity  
[pool-1-thread-4] INFO net.thucydides.core.reports.html.HtmlAcceptanceTestReporter - GENERATING HTML REPORT FOR CNT-3 - Banners:VIR-130.02 Verify that the content admin can edit the banner in 8473ae2e239acb5c9594f6482f5f79bb4500c946dd2d245bf5d2caa427a8a26f.html in directory target/site/serenity  
[pool-1-thread-4] INFO net.thucydides.core.reports.html.HtmlAcceptanceTestReporter - GENERATING HTML REPORT FOR CNT-3 - Banners:VIR-130.03 Verify that the content admin can delete the banner in b41d3443e6a4853ebf7ef1692db7b2b9a12b9d62f5b7166287c8c85636ccdf3f.html in directory target/site/serenity  
[pool-1-thread-4] INFO net.thucydides.core.reports.html.HtmlAcceptanceTestReporter - GENERATING HTML REPORT FOR CNT-3 - Banners:VIR-130.04 Verify that the site has a look, configured by content admin in 095ee6a7aed460c2ab7447a892b708f667ca6eb3d2b246703cb79d76aaa66edd.html in directory target/site/serenity  
[pool-1-thread-3] INFO net.thucydides.core.reports.html.HtmlAcceptanceTestReporter - GENERATING HTML REPORT FOR CNT-4 - Security Compliance:VIR-131.02 Verify that the content Admin can delete terms, security and compliance in ceb7302073899bbe72c923c378b3dfb15f405875b937887a17bf4cff9988ce11.html in directory target/site/serenity  
[pool-1-thread-4] INFO net.thucydides.core.reports.html.HtmlAcceptanceTestReporter - GENERATING HTML REPORT FOR CNT-4 - Security Compliance:VIR-131.03 Verify that the content Admin can add terms, security and compliance in afbc2d2c12a820e7bd8ff57fd665dcbf835c82e12b10214fa792d713e6b209c6.html in directory target/site/serenity  
[pool-1-thread-1] INFO net.thucydides.core.reports.html.HtmlAcceptanceTestReporter - GENERATING HTML REPORT FOR CNT-2 - Component Maintenance:VIR-166.06 Return changes for carousel in 666f9c30485604a0d8f915e21943e7e88d01015ce9092eafebcdb74a2aa69881.html in directory target/site/serenity  
[pool-1-thread-2] INFO net.thucydides.core.reports.html.HtmlAcceptanceTestReporter - GENERATING HTML REPORT FOR CNT-4 - Security Compliance:VIR-375.01 Unable to open the "Verisign terms and policy" page except through the Contact Us page in 3d31ca4ca17ccedf663fa492c24dc92f29157766fcfb628ecd61645c9255a53a.html in directory target/site/serenity  
[pool-1-thread-4] INFO net.thucydides.core.reports.html.HtmlAcceptanceTestReporter - GENERATING HTML REPORT FOR CNT-4 - Security Compliance:VIR-131.05 Return changes in 481bc60c8e1753c36167a06d3e94715ec6bdb3bc0fa2de75bc3b701c703a0740.html in directory target/site/serenity  
[pool-1-thread-3] INFO net.thucydides.core.reports.html.HtmlAcceptanceTestReporter - GENERATING HTML REPORT FOR CNT-4 - Security Compliance:VIR-131.04 Verify that the content Admin can edit terms, security and compliance in 11123f2712ee38abf08a7255e58490510ce459b677c6317a48c1c5a02bad5899.html in directory target/site/serenity  
[pool-1-thread-2] INFO net.thucydides.core.reports.html.HtmlAcceptanceTestReporter - GENERATING HTML REPORT FOR CNT-5 - Brand Management:VIR-132.02 Verify that the content admin can edit restriction for the desired customizations. in 21c25b56faab758e879fe49e985016e5e5212c7b9214f355a35317a785ad4edd.html in directory target/site/serenity  
[pool-1-thread-1] INFO net.thucydides.core.reports.html.HtmlAcceptanceTestReporter - GENERATING HTML REPORT FOR CNT-5 - Brand Management:VIR-132.01 Verify that the content admin can add restriction for the desired customizations. in 012fbd4c99dbed94980068932c3b9900aa40fcbd0f147abb3c9b18198ccfee2c.html in directory target/site/serenity  
[pool-1-thread-3] INFO net.thucydides.core.reports.html.HtmlAcceptanceTestReporter - GENERATING HTML REPORT FOR CNT-5 - Brand Management:VIR-132.03 Verify that the content admin can delete restriction for the desired customizations. in f6bd8472778e2535a4b9144aa99d3240dacf17fdc0647b30ce75c3b787f53d15.html in directory target/site/serenity  
[pool-1-thread-4] INFO net.thucydides.core.reports.html.HtmlAcceptanceTestReporter - GENERATING HTML REPORT FOR CNT-5 - Brand Management:VIR-132.04 Verify that the restrictions can be added to the following in bb312434987ad8333f1a82d90084aa3d1109fed7e9f40f25770d63e0cb749be9.html in directory target/site/serenity  
[pool-1-thread-1] INFO net.thucydides.core.reports.html.HtmlAcceptanceTestReporter - GENERATING HTML REPORT FOR CNT-6 - Content Slots:VIR-133.02 Verify that the content admin can add the banner, title and categories through the WCMS in 3bb00edc8b11547b9ac39ca5a5696c45f1e0d290628ccd73684e0832986f1e71.html in directory target/site/serenity  
[pool-1-thread-2] INFO net.thucydides.core.reports.html.HtmlAcceptanceTestReporter - GENERATING HTML REPORT FOR CNT-6 - Content Slots:VIR-133.01 Verify that the content admin can delete the banner, title and categories through the WCMS in d10c471b31104c36cff5887c55a7bc150eababcb1937fa5a395a48f11580da2f.html in directory target/site/serenity  
[pool-1-thread-4] INFO net.thucydides.core.reports.html.HtmlAcceptanceTestReporter - GENERATING HTML REPORT FOR CNT-6 - Content Slots:VIR-133.04 Verify that the Banner is shown to the shopper on the home page in 4c2884489ffe2042fbe11e4563b220cac104e5129e32868a3f1d6600011e076b.html in directory target/site/serenity  
[pool-1-thread-3] INFO net.thucydides.core.reports.html.HtmlAcceptanceTestReporter - GENERATING HTML REPORT FOR CNT-6 - Content Slots:VIR-133.03 Verify that the content admin can edit the banner, title and categories through the WCMS in bf784fb294e81a8a6ed3e34f569b9b326b48ffb8cfb4166224a8840cbf362e21.html in directory target/site/serenity  
[pool-1-thread-1] INFO net.thucydides.core.reports.html.HtmlAcceptanceTestReporter - GENERATING HTML REPORT FOR CNT-6 - Content Slots:VIR-133.05 Verify that the text is overlaid on the banner in bf1a934735e5d669eada1b870d663ecb425f20e68617bfb53654f05d12656a5f.html in directory target/site/serenity  
[pool-1-thread-2] INFO net.thucydides.core.reports.html.HtmlAcceptanceTestReporter - GENERATING HTML REPORT FOR CNT-6 - Content Slots:VIR-133.06 Verify that the Page title "Products by Category" is shown to the shopper in e3d83e5f621b42696d81ce997061a34362f9a4bb6639aa90f2db1d4db4b51d64.html in directory target/site/serenity  
[pool-1-thread-4] INFO net.thucydides.core.reports.html.HtmlAcceptanceTestReporter - GENERATING HTML REPORT FOR CNT-6 - Content Slots:VIR-133.07 Verify that the following page categories are shown in 1d12cdceb7058d9417a7bb7107783782f643d4ed988f36376903b230848c1f01.html in directory target/site/serenity  
[pool-1-thread-3] INFO net.thucydides.core.reports.html.HtmlAcceptanceTestReporter - GENERATING HTML REPORT FOR CNT-7 - Quick Links:VIR-134.01 Verify that the content admin can create quick links in 40d81346ba58c0f71fcf613db8a0a63c8ecb26e1fd4aaa8d151a703d15657b0e.html in directory target/site/serenity  
[pool-1-thread-2] INFO net.thucydides.core.reports.html.HtmlAcceptanceTestReporter - GENERATING HTML REPORT FOR CNT-7 - Quick Links:VIR-134.02 Verify that the content admin can edit quick links in 41734951e0ed56f455a46612ce22533ae97fded928f274893c4007976da87481.html in directory target/site/serenity  
[pool-1-thread-1] INFO net.thucydides.core.reports.html.HtmlAcceptanceTestReporter - GENERATING HTML REPORT FOR CNT-7 - Quick Links:VIR-134.03 Verify that the content admin can delete quick links in e1618d2dbdbd929514ab60461040a335e53fc3975e4d58436fa87a8251365ba9.html in directory target/site/serenity  
[pool-1-thread-3] INFO net.thucydides.core.reports.html.HtmlAcceptanceTestReporter - GENERATING HTML REPORT FOR CNT-7 - Quick Links:VIR-134.04 Verify that the following quick links are on the site in 58e0a8ef376111f4675fa1030f00d436b8d6a2832054b645999dc268d4b4012c.html in directory target/site/serenity  
[pool-1-thread-4] INFO net.thucydides.core.reports.html.HtmlAcceptanceTestReporter - GENERATING HTML REPORT FOR CNT-8 - Order Information:VIR-135.01 Verify that the Ordering Information page is opened after click on its link in footer in fe76c656848baf193220d07591a15ba921e649f837da4d5f226eb2f9ac003e5c.html in directory target/site/serenity  
[main] INFO net.serenitybdd.core.Serenity - 
 _____ _____ ____ _____   ____ _____  _    ____ _____ _____ ____  
|_   _| ____/ ___|_   _| / ___|_   _|/ \  |  _ \_   _| ____|  _ \ 
  | | |  _| \___ \ | |   \___ \ | | / _ \ | |_) || | |  _| | | | |
  | | | |___ ___) || |    ___) || |/ ___ \|  _ < | | | |___| |_| |
  |_| |_____|____/ |_|   |____/ |_/_/   \_\_| \_\|_| |_____|____/ 
                                                                  

TEST STARTED: VIR-135.02 Verify that the content admin can delete the content pages
-------------------------------------------------------------------(cnt-8---order-information;vir-135.02-verify-that-the-content-admin-can-delete-the-content-pages)
[main] INFO net.serenitybdd.core.Serenity - STARTING STEP Given open "CMS" page
[main] INFO net.serenitybdd.core.Serenity - STARTING STEP Open management page: CMS
[main] INFO net.serenitybdd.core.Serenity - STEP ERROR: net.serenitybdd.core.exceptions.SerenityManagedException: Could not initialize class com.virco.locators.SiteData
]]></system-err>
  </testcase>
  <testcase name="Scenario: VIR-135.02 Verify that the content admin can delete the content pages" classname="Scenario: VIR-135.02 Verify that the content admin can delete the content pages" time="0.002">
    <error message="Could not initialize class com.virco.locators.SiteData" type="net.serenitybdd.core.exceptions.SerenityManagedException"><![CDATA[net.serenitybdd.core.exceptions.SerenityManagedException: Could not initialize class com.virco.locators.SiteData
	at com.virco.steps.serenity.CommonUserSteps.openManagementPage(CommonUserSteps.java:26)
	at com.virco.steps.serenity.CommonUserSteps$$EnhancerByCGLIB$$d8541bfa.CGLIB$openManagementPage$7(<generated>)
	at com.virco.steps.serenity.CommonUserSteps$$EnhancerByCGLIB$$d8541bfa$$FastClassByCGLIB$$ea8e0f86.invoke(<generated>)
	at net.sf.cglib.proxy.MethodProxy.invokeSuper(MethodProxy.java:228)
	at net.thucydides.core.steps.StepInterceptor.invokeMethod(StepInterceptor.java:372)
	at net.thucydides.core.steps.StepInterceptor.executeTestStepMethod(StepInterceptor.java:357)
	at net.thucydides.core.steps.StepInterceptor.runTestStep(StepInterceptor.java:332)
	at net.thucydides.core.steps.StepInterceptor.testStepResult(StepInterceptor.java:134)
	at net.thucydides.core.steps.StepInterceptor.intercept(StepInterceptor.java:61)
	at com.virco.steps.serenity.CommonUserSteps$$EnhancerByCGLIB$$d8541bfa.openManagementPage(<generated>)
	at com.virco.steps.CommonDefinitionSteps.openPage(CommonDefinitionSteps.java:22)
	at sun.reflect.NativeMethodAccessorImpl.invoke0(Native Method)
	at sun.reflect.NativeMethodAccessorImpl.invoke(NativeMethodAccessorImpl.java:62)
	at sun.reflect.DelegatingMethodAccessorImpl.invoke(DelegatingMethodAccessorImpl.java:43)
	at java.lang.reflect.Method.invoke(Method.java:498)
	at cucumber.runtime.Utils$1.call(Utils.java:40)
	at cucumber.runtime.Timeout.timeout(Timeout.java:16)
	at cucumber.runtime.Utils.invoke(Utils.java:34)
	at cucumber.runtime.java.JavaStepDefinition.execute(JavaStepDefinition.java:38)
	at cucumber.runtime.StepDefinitionMatch.runStep(StepDefinitionMatch.java:37)
	at cucumber.runtime.Runtime.runStep(Runtime.java:300)
	at cucumber.runtime.model.StepContainer.runStep(StepContainer.java:44)
	at cucumber.runtime.model.StepContainer.runSteps(StepContainer.java:39)
	at cucumber.runtime.model.CucumberScenario.run(CucumberScenario.java:44)
	at cucumber.runtime.junit.ExecutionUnitRunner.run(ExecutionUnitRunner.java:102)
	at cucumber.runtime.junit.FeatureRunner.runChild(FeatureRunner.java:63)
	at cucumber.runtime.junit.FeatureRunner.runChild(FeatureRunner.java:18)
	at org.junit.runners.ParentRunner$3.run(ParentRunner.java:290)
	at org.junit.runners.ParentRunner$1.schedule(ParentRunner.java:71)
	at org.junit.runners.ParentRunner.runChildren(ParentRunner.java:288)
	at org.junit.runners.ParentRunner.access$000(ParentRunner.java:58)
	at org.junit.runners.ParentRunner$2.evaluate(ParentRunner.java:268)
	at org.junit.runners.ParentRunner.run(ParentRunner.java:363)
	at cucumber.runtime.junit.FeatureRunner.run(FeatureRunner.java:70)
	at cucumber.api.junit.Cucumber.runChild(Cucumber.java:95)
	at cucumber.api.junit.Cucumber.runChild(Cucumber.java:38)
	at org.junit.runners.ParentRunner$3.run(ParentRunner.java:290)
	at org.junit.runners.ParentRunner$1.schedule(ParentRunner.java:71)
	at org.junit.runners.ParentRunner.runChildren(ParentRunner.java:288)
	at org.junit.runners.ParentRunner.access$000(ParentRunner.java:58)
	at org.junit.runners.ParentRunner$2.evaluate(ParentRunner.java:268)
	at org.junit.runners.ParentRunner.run(ParentRunner.java:363)
	at cucumber.api.junit.Cucumber.run(Cucumber.java:100)
	at org.apache.maven.surefire.junit4.JUnit4Provider.execute(JUnit4Provider.java:283)
	at org.apache.maven.surefire.junit4.JUnit4Provider.executeWithRerun(JUnit4Provider.java:173)
	at org.apache.maven.surefire.junit4.JUnit4Provider.executeTestSet(JUnit4Provider.java:153)
	at org.apache.maven.surefire.junit4.JUnit4Provider.invoke(JUnit4Provider.java:128)
	at org.apache.maven.surefire.booter.ForkedBooter.invokeProviderInSameClassLoader(ForkedBooter.java:203)
	at org.apache.maven.surefire.booter.ForkedBooter.runSuitesInProcess(ForkedBooter.java:155)
	at org.apache.maven.surefire.booter.ForkedBooter.main(ForkedBooter.java:103)
]]></error>
  </testcase>
  <testcase name="When login as &quot;cmsmanager&quot;" classname="Scenario: VIR-135.02 Verify that the content admin can delete the content pages" time="0">
    <skipped/>
    <system-err><![CDATA[[main] INFO net.serenitybdd.core.Serenity - STEP ERROR: java.lang.NoClassDefFoundError: Could not initialize class com.virco.locators.SiteData
[main] INFO net.serenitybdd.core.Serenity - STARTING STEP When login as "cmsmanager"
]]></system-err>
  </testcase>
  <testcase name="When select &quot;Staged&quot; content catalog" classname="Scenario: VIR-135.02 Verify that the content admin can delete the content pages" time="0">
    <skipped/>
    <system-err><![CDATA[[main] INFO net.serenitybdd.core.Serenity - IGNORING STEP
[main] INFO net.serenitybdd.core.Serenity - STARTING STEP When select "Staged" content catalog
]]></system-err>
  </testcase>
  <testcase name="When search for &quot;orderingInfo&quot; content" classname="Scenario: VIR-135.02 Verify that the content admin can delete the content pages" time="0">
    <skipped/>
    <system-err><![CDATA[[main] INFO net.serenitybdd.core.Serenity - IGNORING STEP
[main] INFO net.serenitybdd.core.Serenity - STARTING STEP When search for "orderingInfo" content
]]></system-err>
  </testcase>
  <testcase name="When double click on &quot;orderingInfo&quot; content page" classname="Scenario: VIR-135.02 Verify that the content admin can delete the content pages" time="0">
    <skipped/>
    <system-err><![CDATA[[main] INFO net.serenitybdd.core.Serenity - IGNORING STEP
[main] INFO net.serenitybdd.core.Serenity - STARTING STEP When double click on "orderingInfo" content page
]]></system-err>
  </testcase>
  <testcase name="When click on &quot;Remove&quot; button in &quot;Section2B&quot; slot" classname="Scenario: VIR-135.02 Verify that the content admin can delete the content pages" time="0">
    <skipped/>
    <system-err><![CDATA[[main] INFO net.serenitybdd.core.Serenity - IGNORING STEP
[main] INFO net.serenitybdd.core.Serenity - STARTING STEP When click on "Remove" button in "Section2B" slot
]]></system-err>
  </testcase>
  <testcase name="When select &quot;Yes&quot; in remove pop-up" classname="Scenario: VIR-135.02 Verify that the content admin can delete the content pages" time="0">
    <skipped/>
    <system-err><![CDATA[[main] INFO net.serenitybdd.core.Serenity - IGNORING STEP
[main] INFO net.serenitybdd.core.Serenity - STARTING STEP When select "Yes" in remove pop-up
]]></system-err>
  </testcase>
  <testcase name="Then message &quot;Nothing to display&quot; in &quot;Section2B&quot; is presented" classname="Scenario: VIR-135.02 Verify that the content admin can delete the content pages" time="0">
    <skipped/>
    <system-err><![CDATA[[main] INFO net.serenitybdd.core.Serenity - IGNORING STEP
[main] INFO net.serenitybdd.core.Serenity - STARTING STEP Then message "Nothing to display" in "Section2B" is presented
]]></system-err>
  </testcase>
  <testcase name="Given open &quot;CMS&quot; page" classname="Scenario: VIR-135.03 Verify that the content admin can add content pages" time="0.001">
    <error message="Could not initialize class com.virco.locators.SiteData" type="net.serenitybdd.core.exceptions.SerenityManagedException"><![CDATA[net.serenitybdd.core.exceptions.SerenityManagedException: Could not initialize class com.virco.locators.SiteData
	at com.virco.steps.serenity.CommonUserSteps.openManagementPage(CommonUserSteps.java:26)
	at com.virco.steps.serenity.CommonUserSteps$$EnhancerByCGLIB$$d8541bfa.CGLIB$openManagementPage$7(<generated>)
	at com.virco.steps.serenity.CommonUserSteps$$EnhancerByCGLIB$$d8541bfa$$FastClassByCGLIB$$ea8e0f86.invoke(<generated>)
	at net.sf.cglib.proxy.MethodProxy.invokeSuper(MethodProxy.java:228)
	at net.thucydides.core.steps.StepInterceptor.invokeMethod(StepInterceptor.java:372)
	at net.thucydides.core.steps.StepInterceptor.executeTestStepMethod(StepInterceptor.java:357)
	at net.thucydides.core.steps.StepInterceptor.runTestStep(StepInterceptor.java:332)
	at net.thucydides.core.steps.StepInterceptor.testStepResult(StepInterceptor.java:134)
	at net.thucydides.core.steps.StepInterceptor.intercept(StepInterceptor.java:61)
	at com.virco.steps.serenity.CommonUserSteps$$EnhancerByCGLIB$$d8541bfa.openManagementPage(<generated>)
	at com.virco.steps.CommonDefinitionSteps.openPage(CommonDefinitionSteps.java:22)
	at sun.reflect.NativeMethodAccessorImpl.invoke0(Native Method)
	at sun.reflect.NativeMethodAccessorImpl.invoke(NativeMethodAccessorImpl.java:62)
	at sun.reflect.DelegatingMethodAccessorImpl.invoke(DelegatingMethodAccessorImpl.java:43)
	at java.lang.reflect.Method.invoke(Method.java:498)
	at cucumber.runtime.Utils$1.call(Utils.java:40)
	at cucumber.runtime.Timeout.timeout(Timeout.java:16)
	at cucumber.runtime.Utils.invoke(Utils.java:34)
	at cucumber.runtime.java.JavaStepDefinition.execute(JavaStepDefinition.java:38)
	at cucumber.runtime.StepDefinitionMatch.runStep(StepDefinitionMatch.java:37)
	at cucumber.runtime.Runtime.runStep(Runtime.java:300)
	at cucumber.runtime.model.StepContainer.runStep(StepContainer.java:44)
	at cucumber.runtime.model.StepContainer.runSteps(StepContainer.java:39)
	at cucumber.runtime.model.CucumberScenario.run(CucumberScenario.java:44)
	at cucumber.runtime.junit.ExecutionUnitRunner.run(ExecutionUnitRunner.java:102)
	at cucumber.runtime.junit.FeatureRunner.runChild(FeatureRunner.java:63)
	at cucumber.runtime.junit.FeatureRunner.runChild(FeatureRunner.java:18)
	at org.junit.runners.ParentRunner$3.run(ParentRunner.java:290)
	at org.junit.runners.ParentRunner$1.schedule(ParentRunner.java:71)
	at org.junit.runners.ParentRunner.runChildren(ParentRunner.java:288)
	at org.junit.runners.ParentRunner.access$000(ParentRunner.java:58)
	at org.junit.runners.ParentRunner$2.evaluate(ParentRunner.java:268)
	at org.junit.runners.ParentRunner.run(ParentRunner.java:363)
	at cucumber.runtime.junit.FeatureRunner.run(FeatureRunner.java:70)
	at cucumber.api.junit.Cucumber.runChild(Cucumber.java:95)
	at cucumber.api.junit.Cucumber.runChild(Cucumber.java:38)
	at org.junit.runners.ParentRunner$3.run(ParentRunner.java:290)
	at org.junit.runners.ParentRunner$1.schedule(ParentRunner.java:71)
	at org.junit.runners.ParentRunner.runChildren(ParentRunner.java:288)
	at org.junit.runners.ParentRunner.access$000(ParentRunner.java:58)
	at org.junit.runners.ParentRunner$2.evaluate(ParentRunner.java:268)
	at org.junit.runners.ParentRunner.run(ParentRunner.java:363)
	at cucumber.api.junit.Cucumber.run(Cucumber.java:100)
	at org.apache.maven.surefire.junit4.JUnit4Provider.execute(JUnit4Provider.java:283)
	at org.apache.maven.surefire.junit4.JUnit4Provider.executeWithRerun(JUnit4Provider.java:173)
	at org.apache.maven.surefire.junit4.JUnit4Provider.executeTestSet(JUnit4Provider.java:153)
	at org.apache.maven.surefire.junit4.JUnit4Provider.invoke(JUnit4Provider.java:128)
	at org.apache.maven.surefire.booter.ForkedBooter.invokeProviderInSameClassLoader(ForkedBooter.java:203)
	at org.apache.maven.surefire.booter.ForkedBooter.runSuitesInProcess(ForkedBooter.java:155)
	at org.apache.maven.surefire.booter.ForkedBooter.main(ForkedBooter.java:103)
]]></error>
    <system-err><![CDATA[[main] INFO net.serenitybdd.core.Serenity - IGNORING STEP
[main] ERROR net.serenitybdd.core.Serenity - 
           __  _____ _____ ____ _____   _____ _    ___ _     _____ ____  
  _       / / |_   _| ____/ ___|_   _| |  ___/ \  |_ _| |   | ____|  _ \ 
 (_)_____| |    | | |  _| \___ \ | |   | |_ / _ \  | || |   |  _| | | | |
  _|_____| |    | | | |___ ___) || |   |  _/ ___ \ | || |___| |___| |_| |
 (_)     | |    |_| |_____|____/ |_|   |_|/_/   \_\___|_____|_____|____/ 
          \_\                                                            

TEST FAILED WITH ERROR: VIR-135.02 Verify that the content admin can delete the content pages
---------------------------------------------------------------------
[main] ERROR net.serenitybdd.core.Serenity - TEST FAILED AT STEP Open management page: CMS
[main] ERROR net.serenitybdd.core.Serenity - Could not initialize class com.virco.locators.SiteData
[pool-1-thread-2] INFO net.thucydides.core.reports.json.JSONTestOutcomeReporter - Generating JSON report for VIR-128.01 Verify that the OOTB Hybris is configured to file /Users/rodionsavchuk/hybrisAutomation/virco-automatedtests/target/site/serenity/f9e291a91d7fb0708996a6c172c79994e2f3e3dc027f9c744e43835d2210c73e.json (using temp file /Users/rodionsavchuk/hybrisAutomation/virco-automatedtests/target/site/serenity/f9e291a91d7fb0708996a6c172c79994e2f3e3dc027f9c744e43835d2210c73e.json660e57d4-1a56-46ff-9460-1c29ad023c73)
[pool-1-thread-3] INFO net.thucydides.core.reports.json.JSONTestOutcomeReporter - Generating JSON report for VIR-129.02 Verify that the content admin can promo message by using template to file /Users/rodionsavchuk/hybrisAutomation/virco-automatedtests/target/site/serenity/5c582eac1cc160864035d84f14577b2a4b307d178776baf5d94402a8f33a570b.json (using temp file /Users/rodionsavchuk/hybrisAutomation/virco-automatedtests/target/site/serenity/5c582eac1cc160864035d84f14577b2a4b307d178776baf5d94402a8f33a570b.jsona6a98005-b3a1-463a-8c87-761a7001c900)
[pool-1-thread-4] INFO net.thucydides.core.reports.json.JSONTestOutcomeReporter - Generating JSON report for VIR-129.03 Verify that the content admin can add installation slot by using template to file /Users/rodionsavchuk/hybrisAutomation/virco-automatedtests/target/site/serenity/e2ad5898b62d8e77d283000b0832f5fb0d67d58608b2ea1e947bdb3eaa4f7f13.json (using temp file /Users/rodionsavchuk/hybrisAutomation/virco-automatedtests/target/site/serenity/e2ad5898b62d8e77d283000b0832f5fb0d67d58608b2ea1e947bdb3eaa4f7f13.json017236a6-dd50-4886-acdd-d962c804b2a3)
[pool-1-thread-1] INFO net.thucydides.core.reports.json.JSONTestOutcomeReporter - Generating JSON report for VIR-129.01 Verify that the content admin can add a rotating theme by using template to file /Users/rodionsavchuk/hybrisAutomation/virco-automatedtests/target/site/serenity/2baaeb277c29c1f85062130a60bafea2167a5c2dd87a93c69ad94698238c35ee.json (using temp file /Users/rodionsavchuk/hybrisAutomation/virco-automatedtests/target/site/serenity/2baaeb277c29c1f85062130a60bafea2167a5c2dd87a93c69ad94698238c35ee.jsone4ce3e2f-e572-410b-a8cb-f02f2b616ea6)
[pool-1-thread-1] INFO net.thucydides.core.reports.json.JSONTestOutcomeReporter - Generating JSON report for VIR-129.05 Verify that the content admin can add a quick ship component on the template page to file /Users/rodionsavchuk/hybrisAutomation/virco-automatedtests/target/site/serenity/03a37ae243f19fd5e4074c51364f3accdea994f94fbe9bfc0888dbf6b3fcb296.json (using temp file /Users/rodionsavchuk/hybrisAutomation/virco-automatedtests/target/site/serenity/03a37ae243f19fd5e4074c51364f3accdea994f94fbe9bfc0888dbf6b3fcb296.json7b6d14a9-fe3d-4949-8b05-67f42e37e2da)
[pool-1-thread-2] INFO net.thucydides.core.reports.json.JSONTestOutcomeReporter - Generating JSON report for VIR-129.06 Verify that the content admin can add a popular category on the template page to file /Users/rodionsavchuk/hybrisAutomation/virco-automatedtests/target/site/serenity/4cb24bf6eab810d97c001f653ce7ec4c2620e8ef80649c431bc47d31554e7dfa.json (using temp file /Users/rodionsavchuk/hybrisAutomation/virco-automatedtests/target/site/serenity/4cb24bf6eab810d97c001f653ce7ec4c2620e8ef80649c431bc47d31554e7dfa.jsondb8d9b47-0c02-4dc1-b683-581623315db2)
[pool-1-thread-3] INFO net.thucydides.core.reports.json.JSONTestOutcomeReporter - Generating JSON report for VIR-129.04 Verify that the content admin can add a product recommendation component on the page template by using template to file /Users/rodionsavchuk/hybrisAutomation/virco-automatedtests/target/site/serenity/2568cbeed2bdf1850ea694b2c61bf8c9430c3ac453a0d1b2f15e169595434015.json (using temp file /Users/rodionsavchuk/hybrisAutomation/virco-automatedtests/target/site/serenity/2568cbeed2bdf1850ea694b2c61bf8c9430c3ac453a0d1b2f15e169595434015.jsonc8fed8ff-1470-4c23-9be3-e64154db4cdd)
[pool-1-thread-1] INFO net.thucydides.core.reports.json.JSONTestOutcomeReporter - Generating JSON report for VIR-129.07 Verify that the content admin can add a product images component on the template page to file /Users/rodionsavchuk/hybrisAutomation/virco-automatedtests/target/site/serenity/b14d7ddd1213e2b3e327a1da59a5f30243e7b1413ece781e8217d0475b1d4ba5.json (using temp file /Users/rodionsavchuk/hybrisAutomation/virco-automatedtests/target/site/serenity/b14d7ddd1213e2b3e327a1da59a5f30243e7b1413ece781e8217d0475b1d4ba5.json90df1d4f-bed9-4600-8482-3a14a94838cf)
[pool-1-thread-2] INFO net.thucydides.core.reports.json.JSONTestOutcomeReporter - Generating JSON report for VIR-129.08 Verify that the content admin can edit promo message/popular category. to file /Users/rodionsavchuk/hybrisAutomation/virco-automatedtests/target/site/serenity/0b72d581cee195fdedb17f43f946f9e8a6bd5762bb612b26fbaf09d9905941a0.json (using temp file /Users/rodionsavchuk/hybrisAutomation/virco-automatedtests/target/site/serenity/0b72d581cee195fdedb17f43f946f9e8a6bd5762bb612b26fbaf09d9905941a0.json6808e907-20d3-4d85-ac79-1988ca8c5980)
[pool-1-thread-1] INFO net.thucydides.core.reports.json.JSONTestOutcomeReporter - Generating JSON report for VIR-129.09 Verify that the content admin can delete promo message/popular category. to file /Users/rodionsavchuk/hybrisAutomation/virco-automatedtests/target/site/serenity/e3f11c0e315cea47d82b81aeec1d5d4ec6688676c143e6c8bd85b536ee39abf1.json (using temp file /Users/rodionsavchuk/hybrisAutomation/virco-automatedtests/target/site/serenity/e3f11c0e315cea47d82b81aeec1d5d4ec6688676c143e6c8bd85b536ee39abf1.json7bc5751f-aae3-494c-ba85-39607879b0a7)
[pool-1-thread-3] INFO net.thucydides.core.reports.json.JSONTestOutcomeReporter - Generating JSON report for VIR-129.10 Verify that the site has a look, configured by content admin to file /Users/rodionsavchuk/hybrisAutomation/virco-automatedtests/target/site/serenity/100947bcc68d92490597dd6eed62bf55d5857e1335d30b52c2a0a2894d214fe7.json (using temp file /Users/rodionsavchuk/hybrisAutomation/virco-automatedtests/target/site/serenity/100947bcc68d92490597dd6eed62bf55d5857e1335d30b52c2a0a2894d214fe7.json27d53c17-2eb6-4cda-bb9b-6c490931793b)
[pool-1-thread-2] INFO net.thucydides.core.reports.json.JSONTestOutcomeReporter - Generating JSON report for VIR-166.02 Verify that the each Banner has Rotating Theme, promotional message and installation slots to file /Users/rodionsavchuk/hybrisAutomation/virco-automatedtests/target/site/serenity/0608016defba6ce482ab704a7f99aa4784d409932878aab3566e62c6acd4c3be.json (using temp file /Users/rodionsavchuk/hybrisAutomation/virco-automatedtests/target/site/serenity/0608016defba6ce482ab704a7f99aa4784d409932878aab3566e62c6acd4c3be.json028a797b-7b4a-4246-8b8c-09d55f93b4b5)
[pool-1-thread-1] INFO net.thucydides.core.reports.json.JSONTestOutcomeReporter - Generating JSON report for VIR-166.01 Verify the rotating carousel is added on the home page to file /Users/rodionsavchuk/hybrisAutomation/virco-automatedtests/target/site/serenity/41045224dd55f49d371e9fd4a455c28d0acc2a203f1c37c0d89de600b26d38ef.json (using temp file /Users/rodionsavchuk/hybrisAutomation/virco-automatedtests/target/site/serenity/41045224dd55f49d371e9fd4a455c28d0acc2a203f1c37c0d89de600b26d38ef.json1d5089cb-e93b-4fa6-81df-603969447eda)
[pool-1-thread-3] INFO net.thucydides.core.reports.json.JSONTestOutcomeReporter - Generating JSON report for VIR-166.03 Verify that the changes applied to the home page on the WCMS are shown on the site to file /Users/rodionsavchuk/hybrisAutomation/virco-automatedtests/target/site/serenity/b9eb3619ad92be0ca6909f8288eb5393e840f6227de55c87423f32dd621971c6.json (using temp file /Users/rodionsavchuk/hybrisAutomation/virco-automatedtests/target/site/serenity/b9eb3619ad92be0ca6909f8288eb5393e840f6227de55c87423f32dd621971c6.json6e277005-d342-4d13-95bf-7d6c6ae98ecc)
[pool-1-thread-2] INFO net.thucydides.core.reports.json.JSONTestOutcomeReporter - Generating JSON report for VIR-166.04 Verify changes on the site to file /Users/rodionsavchuk/hybrisAutomation/virco-automatedtests/target/site/serenity/5f43c632221e66e649cb566b95c8c39021872b2cfde3c52fd524b9428955bf6f.json (using temp file /Users/rodionsavchuk/hybrisAutomation/virco-automatedtests/target/site/serenity/5f43c632221e66e649cb566b95c8c39021872b2cfde3c52fd524b9428955bf6f.json7dc48ea9-2272-4303-8e78-233147ac14ab)
[pool-1-thread-1] INFO net.thucydides.core.reports.json.JSONTestOutcomeReporter - Generating JSON report for VIR-166.06 Return changes for carousel to file /Users/rodionsavchuk/hybrisAutomation/virco-automatedtests/target/site/serenity/666f9c30485604a0d8f915e21943e7e88d01015ce9092eafebcdb74a2aa69881.json (using temp file /Users/rodionsavchuk/hybrisAutomation/virco-automatedtests/target/site/serenity/666f9c30485604a0d8f915e21943e7e88d01015ce9092eafebcdb74a2aa69881.json7a9dffdb-ffae-4588-b8d4-32bb3602f8a0)
[pool-1-thread-3] INFO net.thucydides.core.reports.json.JSONTestOutcomeReporter - Generating JSON report for VIR-130.01 Verify that the content Admin can add new banner to file /Users/rodionsavchuk/hybrisAutomation/virco-automatedtests/target/site/serenity/bb79537bca7a8b871c5b64cd1153742bc23c54e46592c06f822f87770b2e8b8a.json (using temp file /Users/rodionsavchuk/hybrisAutomation/virco-automatedtests/target/site/serenity/bb79537bca7a8b871c5b64cd1153742bc23c54e46592c06f822f87770b2e8b8a.jsona083977e-ed09-4ff4-bef2-ac83800c1d35)
[pool-1-thread-2] INFO net.thucydides.core.reports.json.JSONTestOutcomeReporter - Generating JSON report for VIR-130.02 Verify that the content admin can edit the banner to file /Users/rodionsavchuk/hybrisAutomation/virco-automatedtests/target/site/serenity/8473ae2e239acb5c9594f6482f5f79bb4500c946dd2d245bf5d2caa427a8a26f.json (using temp file /Users/rodionsavchuk/hybrisAutomation/virco-automatedtests/target/site/serenity/8473ae2e239acb5c9594f6482f5f79bb4500c946dd2d245bf5d2caa427a8a26f.json5cd7909b-0973-4113-92cd-b9485209d512)
[pool-1-thread-1] INFO net.thucydides.core.reports.json.JSONTestOutcomeReporter - Generating JSON report for VIR-130.03 Verify that the content admin can delete the banner to file /Users/rodionsavchuk/hybrisAutomation/virco-automatedtests/target/site/serenity/b41d3443e6a4853ebf7ef1692db7b2b9a12b9d62f5b7166287c8c85636ccdf3f.json (using temp file /Users/rodionsavchuk/hybrisAutomation/virco-automatedtests/target/site/serenity/b41d3443e6a4853ebf7ef1692db7b2b9a12b9d62f5b7166287c8c85636ccdf3f.jsonfee5089e-eef6-4fa6-8984-93c297b3d699)
[pool-1-thread-3] INFO net.thucydides.core.reports.json.JSONTestOutcomeReporter - Generating JSON report for VIR-130.04 Verify that the site has a look, configured by content admin to file /Users/rodionsavchuk/hybrisAutomation/virco-automatedtests/target/site/serenity/095ee6a7aed460c2ab7447a892b708f667ca6eb3d2b246703cb79d76aaa66edd.json (using temp file /Users/rodionsavchuk/hybrisAutomation/virco-automatedtests/target/site/serenity/095ee6a7aed460c2ab7447a892b708f667ca6eb3d2b246703cb79d76aaa66edd.json6200d4fa-be74-4a4d-9c3c-563cd9ba5666)
[pool-1-thread-2] INFO net.thucydides.core.reports.json.JSONTestOutcomeReporter - Generating JSON report for VIR-375.01 Unable to open the "Verisign terms and policy" page except through the Contact Us page to file /Users/rodionsavchuk/hybrisAutomation/virco-automatedtests/target/site/serenity/3d31ca4ca17ccedf663fa492c24dc92f29157766fcfb628ecd61645c9255a53a.json (using temp file /Users/rodionsavchuk/hybrisAutomation/virco-automatedtests/target/site/serenity/3d31ca4ca17ccedf663fa492c24dc92f29157766fcfb628ecd61645c9255a53a.json8dce784d-7b77-4223-9eea-c6f918157e33)
[pool-1-thread-1] INFO net.thucydides.core.reports.json.JSONTestOutcomeReporter - Generating JSON report for VIR-131.02 Verify that the content Admin can delete terms, security and compliance to file /Users/rodionsavchuk/hybrisAutomation/virco-automatedtests/target/site/serenity/ceb7302073899bbe72c923c378b3dfb15f405875b937887a17bf4cff9988ce11.json (using temp file /Users/rodionsavchuk/hybrisAutomation/virco-automatedtests/target/site/serenity/ceb7302073899bbe72c923c378b3dfb15f405875b937887a17bf4cff9988ce11.json8abd4396-956e-4c2e-b1d0-33ac21028b75)
[pool-1-thread-3] INFO net.thucydides.core.reports.json.JSONTestOutcomeReporter - Generating JSON report for VIR-131.03 Verify that the content Admin can add terms, security and compliance to file /Users/rodionsavchuk/hybrisAutomation/virco-automatedtests/target/site/serenity/afbc2d2c12a820e7bd8ff57fd665dcbf835c82e12b10214fa792d713e6b209c6.json (using temp file /Users/rodionsavchuk/hybrisAutomation/virco-automatedtests/target/site/serenity/afbc2d2c12a820e7bd8ff57fd665dcbf835c82e12b10214fa792d713e6b209c6.json52cc934e-2292-4557-979c-04ae65b2aeea)
[pool-1-thread-1] INFO net.thucydides.core.reports.json.JSONTestOutcomeReporter - Generating JSON report for VIR-131.04 Verify that the content Admin can edit terms, security and compliance to file /Users/rodionsavchuk/hybrisAutomation/virco-automatedtests/target/site/serenity/11123f2712ee38abf08a7255e58490510ce459b677c6317a48c1c5a02bad5899.json (using temp file /Users/rodionsavchuk/hybrisAutomation/virco-automatedtests/target/site/serenity/11123f2712ee38abf08a7255e58490510ce459b677c6317a48c1c5a02bad5899.json0749c70f-1ff4-47c1-9158-71f1309ed0b0)
[pool-1-thread-2] INFO net.thucydides.core.reports.json.JSONTestOutcomeReporter - Generating JSON report for VIR-131.05 Return changes to file /Users/rodionsavchuk/hybrisAutomation/virco-automatedtests/target/site/serenity/481bc60c8e1753c36167a06d3e94715ec6bdb3bc0fa2de75bc3b701c703a0740.json (using temp file /Users/rodionsavchuk/hybrisAutomation/virco-automatedtests/target/site/serenity/481bc60c8e1753c36167a06d3e94715ec6bdb3bc0fa2de75bc3b701c703a0740.json0f70b74c-1ffc-4518-b4da-d690699594a7)
[pool-1-thread-4] INFO net.thucydides.core.reports.json.JSONTestOutcomeReporter - Generating JSON report for VIR-166.04 Verify installation slot to file /Users/rodionsavchuk/hybrisAutomation/virco-automatedtests/target/site/serenity/edcb380d350a80cdf46587ae5741ec066978cdd8e0c97472caf730194b651304.json (using temp file /Users/rodionsavchuk/hybrisAutomation/virco-automatedtests/target/site/serenity/edcb380d350a80cdf46587ae5741ec066978cdd8e0c97472caf730194b651304.json29960511-9d97-406a-83bf-513155fa8333)
[pool-1-thread-3] INFO net.thucydides.core.reports.json.JSONTestOutcomeReporter - Generating JSON report for VIR-132.01 Verify that the content admin can add restriction for the desired customizations. to file /Users/rodionsavchuk/hybrisAutomation/virco-automatedtests/target/site/serenity/012fbd4c99dbed94980068932c3b9900aa40fcbd0f147abb3c9b18198ccfee2c.json (using temp file /Users/rodionsavchuk/hybrisAutomation/virco-automatedtests/target/site/serenity/012fbd4c99dbed94980068932c3b9900aa40fcbd0f147abb3c9b18198ccfee2c.jsoncd42416b-e5f6-4371-a88b-f549a9c40088)
[pool-1-thread-1] INFO net.thucydides.core.reports.json.JSONTestOutcomeReporter - Generating JSON report for VIR-132.02 Verify that the content admin can edit restriction for the desired customizations. to file /Users/rodionsavchuk/hybrisAutomation/virco-automatedtests/target/site/serenity/21c25b56faab758e879fe49e985016e5e5212c7b9214f355a35317a785ad4edd.json (using temp file /Users/rodionsavchuk/hybrisAutomation/virco-automatedtests/target/site/serenity/21c25b56faab758e879fe49e985016e5e5212c7b9214f355a35317a785ad4edd.jsona5e4f3ba-b56e-4f2d-a4f0-a28157a25aab)
[pool-1-thread-2] INFO net.thucydides.core.reports.json.JSONTestOutcomeReporter - Generating JSON report for VIR-132.03 Verify that the content admin can delete restriction for the desired customizations. to file /Users/rodionsavchuk/hybrisAutomation/virco-automatedtests/target/site/serenity/f6bd8472778e2535a4b9144aa99d3240dacf17fdc0647b30ce75c3b787f53d15.json (using temp file /Users/rodionsavchuk/hybrisAutomation/virco-automatedtests/target/site/serenity/f6bd8472778e2535a4b9144aa99d3240dacf17fdc0647b30ce75c3b787f53d15.jsondd20cc30-9595-4ed1-8969-b671d9917ea3)
[pool-1-thread-2] INFO net.thucydides.core.reports.json.JSONTestOutcomeReporter - Generating JSON report for VIR-132.04 Verify that the restrictions can be added to the following to file /Users/rodionsavchuk/hybrisAutomation/virco-automatedtests/target/site/serenity/bb312434987ad8333f1a82d90084aa3d1109fed7e9f40f25770d63e0cb749be9.json (using temp file /Users/rodionsavchuk/hybrisAutomation/virco-automatedtests/target/site/serenity/bb312434987ad8333f1a82d90084aa3d1109fed7e9f40f25770d63e0cb749be9.json6402722a-d2b9-470f-8fb0-221e1e5abed0)
[pool-1-thread-3] INFO net.thucydides.core.reports.json.JSONTestOutcomeReporter - Generating JSON report for VIR-133.02 Verify that the content admin can add the banner, title and categories through the WCMS to file /Users/rodionsavchuk/hybrisAutomation/virco-automatedtests/target/site/serenity/3bb00edc8b11547b9ac39ca5a5696c45f1e0d290628ccd73684e0832986f1e71.json (using temp file /Users/rodionsavchuk/hybrisAutomation/virco-automatedtests/target/site/serenity/3bb00edc8b11547b9ac39ca5a5696c45f1e0d290628ccd73684e0832986f1e71.json4c7af7ba-b54a-49cb-8b85-08f9f0bca57e)
[pool-1-thread-4] INFO net.thucydides.core.reports.json.JSONTestOutcomeReporter - Generating JSON report for VIR-133.01 Verify that the content admin can delete the banner, title and categories through the WCMS to file /Users/rodionsavchuk/hybrisAutomation/virco-automatedtests/target/site/serenity/d10c471b31104c36cff5887c55a7bc150eababcb1937fa5a395a48f11580da2f.json (using temp file /Users/rodionsavchuk/hybrisAutomation/virco-automatedtests/target/site/serenity/d10c471b31104c36cff5887c55a7bc150eababcb1937fa5a395a48f11580da2f.json4309737a-2520-454c-88ef-e7efc09f90cf)
[pool-1-thread-1] INFO net.thucydides.core.reports.json.JSONTestOutcomeReporter - Generating JSON report for VIR-133.03 Verify that the content admin can edit the banner, title and categories through the WCMS to file /Users/rodionsavchuk/hybrisAutomation/virco-automatedtests/target/site/serenity/bf784fb294e81a8a6ed3e34f569b9b326b48ffb8cfb4166224a8840cbf362e21.json (using temp file /Users/rodionsavchuk/hybrisAutomation/virco-automatedtests/target/site/serenity/bf784fb294e81a8a6ed3e34f569b9b326b48ffb8cfb4166224a8840cbf362e21.json52ec00e1-eedb-478f-9348-698c2359f286)
[pool-1-thread-2] INFO net.thucydides.core.reports.json.JSONTestOutcomeReporter - Generating JSON report for VIR-133.04 Verify that the Banner is shown to the shopper on the home page to file /Users/rodionsavchuk/hybrisAutomation/virco-automatedtests/target/site/serenity/4c2884489ffe2042fbe11e4563b220cac104e5129e32868a3f1d6600011e076b.json (using temp file /Users/rodionsavchuk/hybrisAutomation/virco-automatedtests/target/site/serenity/4c2884489ffe2042fbe11e4563b220cac104e5129e32868a3f1d6600011e076b.json06334d55-da27-4aeb-bb42-99cb9c3808ca)
[pool-1-thread-1] INFO net.thucydides.core.reports.json.JSONTestOutcomeReporter - Generating JSON report for VIR-133.05 Verify that the text is overlaid on the banner to file /Users/rodionsavchuk/hybrisAutomation/virco-automatedtests/target/site/serenity/bf1a934735e5d669eada1b870d663ecb425f20e68617bfb53654f05d12656a5f.json (using temp file /Users/rodionsavchuk/hybrisAutomation/virco-automatedtests/target/site/serenity/bf1a934735e5d669eada1b870d663ecb425f20e68617bfb53654f05d12656a5f.json8245cf49-2282-4cdd-92c4-c45dd3e01331)
[pool-1-thread-3] INFO net.thucydides.core.reports.json.JSONTestOutcomeReporter - Generating JSON report for VIR-133.06 Verify that the Page title "Products by Category" is shown to the shopper to file /Users/rodionsavchuk/hybrisAutomation/virco-automatedtests/target/site/serenity/e3d83e5f621b42696d81ce997061a34362f9a4bb6639aa90f2db1d4db4b51d64.json (using temp file /Users/rodionsavchuk/hybrisAutomation/virco-automatedtests/target/site/serenity/e3d83e5f621b42696d81ce997061a34362f9a4bb6639aa90f2db1d4db4b51d64.jsonf040e3a7-2eb3-41de-b98c-95d36f04c659)
[pool-1-thread-2] INFO net.thucydides.core.reports.json.JSONTestOutcomeReporter - Generating JSON report for VIR-134.01 Verify that the content admin can create quick links to file /Users/rodionsavchuk/hybrisAutomation/virco-automatedtests/target/site/serenity/40d81346ba58c0f71fcf613db8a0a63c8ecb26e1fd4aaa8d151a703d15657b0e.json (using temp file /Users/rodionsavchuk/hybrisAutomation/virco-automatedtests/target/site/serenity/40d81346ba58c0f71fcf613db8a0a63c8ecb26e1fd4aaa8d151a703d15657b0e.json15ea1048-bd8d-4643-ac01-effbf481dcc0)
[pool-1-thread-4] INFO net.thucydides.core.reports.json.JSONTestOutcomeReporter - Generating JSON report for VIR-133.07 Verify that the following page categories are shown to file /Users/rodionsavchuk/hybrisAutomation/virco-automatedtests/target/site/serenity/1d12cdceb7058d9417a7bb7107783782f643d4ed988f36376903b230848c1f01.json (using temp file /Users/rodionsavchuk/hybrisAutomation/virco-automatedtests/target/site/serenity/1d12cdceb7058d9417a7bb7107783782f643d4ed988f36376903b230848c1f01.jsona1e19bdb-76ed-4f43-b789-85eb3332631b)
[pool-1-thread-3] INFO net.thucydides.core.reports.json.JSONTestOutcomeReporter - Generating JSON report for VIR-134.03 Verify that the content admin can delete quick links to file /Users/rodionsavchuk/hybrisAutomation/virco-automatedtests/target/site/serenity/e1618d2dbdbd929514ab60461040a335e53fc3975e4d58436fa87a8251365ba9.json (using temp file /Users/rodionsavchuk/hybrisAutomation/virco-automatedtests/target/site/serenity/e1618d2dbdbd929514ab60461040a335e53fc3975e4d58436fa87a8251365ba9.json75857d4a-835e-4d5a-a078-f930191735df)
[pool-1-thread-1] INFO net.thucydides.core.reports.json.JSONTestOutcomeReporter - Generating JSON report for VIR-134.02 Verify that the content admin can edit quick links to file /Users/rodionsavchuk/hybrisAutomation/virco-automatedtests/target/site/serenity/41734951e0ed56f455a46612ce22533ae97fded928f274893c4007976da87481.json (using temp file /Users/rodionsavchuk/hybrisAutomation/virco-automatedtests/target/site/serenity/41734951e0ed56f455a46612ce22533ae97fded928f274893c4007976da87481.jsonaeb8819e-5afd-4c31-af24-3ba010d10c80)
[pool-1-thread-2] INFO net.thucydides.core.reports.json.JSONTestOutcomeReporter - Generating JSON report for VIR-134.04 Verify that the following quick links are on the site to file /Users/rodionsavchuk/hybrisAutomation/virco-automatedtests/target/site/serenity/58e0a8ef376111f4675fa1030f00d436b8d6a2832054b645999dc268d4b4012c.json (using temp file /Users/rodionsavchuk/hybrisAutomation/virco-automatedtests/target/site/serenity/58e0a8ef376111f4675fa1030f00d436b8d6a2832054b645999dc268d4b4012c.json0dc39134-9aeb-4c32-a036-07a3a8886327)
[pool-1-thread-4] INFO net.thucydides.core.reports.json.JSONTestOutcomeReporter - Generating JSON report for VIR-135.01 Verify that the Ordering Information page is opened after click on its link in footer to file /Users/rodionsavchuk/hybrisAutomation/virco-automatedtests/target/site/serenity/fe76c656848baf193220d07591a15ba921e649f837da4d5f226eb2f9ac003e5c.json (using temp file /Users/rodionsavchuk/hybrisAutomation/virco-automatedtests/target/site/serenity/fe76c656848baf193220d07591a15ba921e649f837da4d5f226eb2f9ac003e5c.jsonee68d445-115a-4aa6-8d36-06b47850d7d4)
[pool-1-thread-2] INFO net.thucydides.core.reports.json.JSONTestOutcomeReporter - Generating JSON report for VIR-135.02 Verify that the content admin can delete the content pages to file /Users/rodionsavchuk/hybrisAutomation/virco-automatedtests/target/site/serenity/5533f47726ef60c7255b243fb3be58293db2609f695eaae058c94f3666f174ad.json (using temp file /Users/rodionsavchuk/hybrisAutomation/virco-automatedtests/target/site/serenity/5533f47726ef60c7255b243fb3be58293db2609f695eaae058c94f3666f174ad.json6acb9a8e-5bd1-4109-a376-d97bf3417b1b)
[pool-1-thread-1] INFO net.thucydides.core.reports.html.HtmlAcceptanceTestReporter - GENERATING HTML REPORT FOR CNT-1 - WCMS Site Maintenance:VIR-128.01 Verify that the OOTB Hybris is configured in f9e291a91d7fb0708996a6c172c79994e2f3e3dc027f9c744e43835d2210c73e.html in directory target/site/serenity  
[pool-1-thread-3] INFO net.thucydides.core.reports.html.HtmlAcceptanceTestReporter - GENERATING HTML REPORT FOR CNT-2 - Component Maintenance:VIR-129.01 Verify that the content admin can add a rotating theme by using template in 2baaeb277c29c1f85062130a60bafea2167a5c2dd87a93c69ad94698238c35ee.html in directory target/site/serenity  
[pool-1-thread-2] INFO net.thucydides.core.reports.html.HtmlAcceptanceTestReporter - GENERATING HTML REPORT FOR CNT-2 - Component Maintenance:VIR-129.02 Verify that the content admin can promo message by using template in 5c582eac1cc160864035d84f14577b2a4b307d178776baf5d94402a8f33a570b.html in directory target/site/serenity  
[pool-1-thread-1] INFO net.thucydides.core.reports.html.HtmlAcceptanceTestReporter - GENERATING HTML REPORT FOR CNT-2 - Component Maintenance:VIR-129.04 Verify that the content admin can add a product recommendation component on the page template by using template in 2568cbeed2bdf1850ea694b2c61bf8c9430c3ac453a0d1b2f15e169595434015.html in directory target/site/serenity  
[pool-1-thread-2] INFO net.thucydides.core.reports.html.HtmlAcceptanceTestReporter - GENERATING HTML REPORT FOR CNT-2 - Component Maintenance:VIR-129.05 Verify that the content admin can add a quick ship component on the template page in 03a37ae243f19fd5e4074c51364f3accdea994f94fbe9bfc0888dbf6b3fcb296.html in directory target/site/serenity  
[pool-1-thread-3] INFO net.thucydides.core.reports.html.HtmlAcceptanceTestReporter - GENERATING HTML REPORT FOR CNT-2 - Component Maintenance:VIR-129.06 Verify that the content admin can add a popular category on the template page in 4cb24bf6eab810d97c001f653ce7ec4c2620e8ef80649c431bc47d31554e7dfa.html in directory target/site/serenity  
[pool-1-thread-1] INFO net.thucydides.core.reports.html.HtmlAcceptanceTestReporter - GENERATING HTML REPORT FOR CNT-2 - Component Maintenance:VIR-129.07 Verify that the content admin can add a product images component on the template page in b14d7ddd1213e2b3e327a1da59a5f30243e7b1413ece781e8217d0475b1d4ba5.html in directory target/site/serenity  
[pool-1-thread-3] INFO net.thucydides.core.reports.html.HtmlAcceptanceTestReporter - GENERATING HTML REPORT FOR CNT-2 - Component Maintenance:VIR-129.08 Verify that the content admin can edit promo message/popular category. in 0b72d581cee195fdedb17f43f946f9e8a6bd5762bb612b26fbaf09d9905941a0.html in directory target/site/serenity  
[pool-1-thread-1] INFO net.thucydides.core.reports.html.HtmlAcceptanceTestReporter - GENERATING HTML REPORT FOR CNT-2 - Component Maintenance:VIR-129.10 Verify that the site has a look, configured by content admin in 100947bcc68d92490597dd6eed62bf55d5857e1335d30b52c2a0a2894d214fe7.html in directory target/site/serenity  
[pool-1-thread-2] INFO net.thucydides.core.reports.html.HtmlAcceptanceTestReporter - GENERATING HTML REPORT FOR CNT-2 - Component Maintenance:VIR-129.09 Verify that the content admin can delete promo message/popular category. in e3f11c0e315cea47d82b81aeec1d5d4ec6688676c143e6c8bd85b536ee39abf1.html in directory target/site/serenity  
[pool-1-thread-1] INFO net.thucydides.core.reports.html.HtmlAcceptanceTestReporter - GENERATING HTML REPORT FOR CNT-2 - Component Maintenance:VIR-166.01 Verify the rotating carousel is added on the home page in 41045224dd55f49d371e9fd4a455c28d0acc2a203f1c37c0d89de600b26d38ef.html in directory target/site/serenity  
[pool-1-thread-2] INFO net.thucydides.core.reports.html.HtmlAcceptanceTestReporter - GENERATING HTML REPORT FOR CNT-2 - Component Maintenance:VIR-166.03 Verify that the changes applied to the home page on the WCMS are shown on the site in b9eb3619ad92be0ca6909f8288eb5393e840f6227de55c87423f32dd621971c6.html in directory target/site/serenity  
[pool-1-thread-3] INFO net.thucydides.core.reports.html.HtmlAcceptanceTestReporter - GENERATING HTML REPORT FOR CNT-2 - Component Maintenance:VIR-166.02 Verify that the each Banner has Rotating Theme, promotional message and installation slots in 0608016defba6ce482ab704a7f99aa4784d409932878aab3566e62c6acd4c3be.html in directory target/site/serenity  
[pool-1-thread-1] INFO net.thucydides.core.reports.html.HtmlAcceptanceTestReporter - GENERATING HTML REPORT FOR CNT-2 - Component Maintenance:VIR-166.04 Verify changes on the site in 5f43c632221e66e649cb566b95c8c39021872b2cfde3c52fd524b9428955bf6f.html in directory target/site/serenity  
[pool-1-thread-3] INFO net.thucydides.core.reports.html.HtmlAcceptanceTestReporter - GENERATING HTML REPORT FOR CNT-2 - Component Maintenance:VIR-166.04 Verify installation slot in edcb380d350a80cdf46587ae5741ec066978cdd8e0c97472caf730194b651304.html in directory target/site/serenity  
[pool-1-thread-4] INFO net.thucydides.core.reports.html.HtmlAcceptanceTestReporter - GENERATING HTML REPORT FOR CNT-2 - Component Maintenance:VIR-129.03 Verify that the content admin can add installation slot by using template in e2ad5898b62d8e77d283000b0832f5fb0d67d58608b2ea1e947bdb3eaa4f7f13.html in directory target/site/serenity  
[pool-1-thread-2] INFO net.thucydides.core.reports.html.HtmlAcceptanceTestReporter - GENERATING HTML REPORT FOR CNT-2 - Component Maintenance:VIR-166.06 Return changes for carousel in 666f9c30485604a0d8f915e21943e7e88d01015ce9092eafebcdb74a2aa69881.html in directory target/site/serenity  
[pool-1-thread-1] INFO net.thucydides.core.reports.html.HtmlAcceptanceTestReporter - GENERATING HTML REPORT FOR CNT-3 - Banners:VIR-130.02 Verify that the content admin can edit the banner in 8473ae2e239acb5c9594f6482f5f79bb4500c946dd2d245bf5d2caa427a8a26f.html in directory target/site/serenity  
[pool-1-thread-3] INFO net.thucydides.core.reports.html.HtmlAcceptanceTestReporter - GENERATING HTML REPORT FOR CNT-3 - Banners:VIR-130.01 Verify that the content Admin can add new banner in bb79537bca7a8b871c5b64cd1153742bc23c54e46592c06f822f87770b2e8b8a.html in directory target/site/serenity  
[pool-1-thread-1] INFO net.thucydides.core.reports.html.HtmlAcceptanceTestReporter - GENERATING HTML REPORT FOR CNT-3 - Banners:VIR-130.03 Verify that the content admin can delete the banner in b41d3443e6a4853ebf7ef1692db7b2b9a12b9d62f5b7166287c8c85636ccdf3f.html in directory target/site/serenity  
[pool-1-thread-1] INFO net.thucydides.core.reports.html.HtmlAcceptanceTestReporter - GENERATING HTML REPORT FOR CNT-4 - Security Compliance:VIR-131.02 Verify that the content Admin can delete terms, security and compliance in ceb7302073899bbe72c923c378b3dfb15f405875b937887a17bf4cff9988ce11.html in directory target/site/serenity  
[pool-1-thread-2] INFO net.thucydides.core.reports.html.HtmlAcceptanceTestReporter - GENERATING HTML REPORT FOR CNT-4 - Security Compliance:VIR-375.01 Unable to open the "Verisign terms and policy" page except through the Contact Us page in 3d31ca4ca17ccedf663fa492c24dc92f29157766fcfb628ecd61645c9255a53a.html in directory target/site/serenity  
[pool-1-thread-1] INFO net.thucydides.core.reports.html.HtmlAcceptanceTestReporter - GENERATING HTML REPORT FOR CNT-4 - Security Compliance:VIR-131.04 Verify that the content Admin can edit terms, security and compliance in 11123f2712ee38abf08a7255e58490510ce459b677c6317a48c1c5a02bad5899.html in directory target/site/serenity  
[pool-1-thread-2] INFO net.thucydides.core.reports.html.HtmlAcceptanceTestReporter - GENERATING HTML REPORT FOR CNT-4 - Security Compliance:VIR-131.03 Verify that the content Admin can add terms, security and compliance in afbc2d2c12a820e7bd8ff57fd665dcbf835c82e12b10214fa792d713e6b209c6.html in directory target/site/serenity  
[pool-1-thread-3] INFO net.thucydides.core.reports.html.HtmlAcceptanceTestReporter - GENERATING HTML REPORT FOR CNT-3 - Banners:VIR-130.04 Verify that the site has a look, configured by content admin in 095ee6a7aed460c2ab7447a892b708f667ca6eb3d2b246703cb79d76aaa66edd.html in directory target/site/serenity  
[pool-1-thread-3] INFO net.thucydides.core.reports.html.HtmlAcceptanceTestReporter - GENERATING HTML REPORT FOR CNT-4 - Security Compliance:VIR-131.05 Return changes in 481bc60c8e1753c36167a06d3e94715ec6bdb3bc0fa2de75bc3b701c703a0740.html in directory target/site/serenity  
[pool-1-thread-2] INFO net.thucydides.core.reports.html.HtmlAcceptanceTestReporter - GENERATING HTML REPORT FOR CNT-5 - Brand Management:VIR-132.01 Verify that the content admin can add restriction for the desired customizations. in 012fbd4c99dbed94980068932c3b9900aa40fcbd0f147abb3c9b18198ccfee2c.html in directory target/site/serenity  
[pool-1-thread-4] INFO net.thucydides.core.reports.html.HtmlAcceptanceTestReporter - GENERATING HTML REPORT FOR CNT-5 - Brand Management:VIR-132.02 Verify that the content admin can edit restriction for the desired customizations. in 21c25b56faab758e879fe49e985016e5e5212c7b9214f355a35317a785ad4edd.html in directory target/site/serenity  
[pool-1-thread-2] INFO net.thucydides.core.reports.html.HtmlAcceptanceTestReporter - GENERATING HTML REPORT FOR CNT-5 - Brand Management:VIR-132.03 Verify that the content admin can delete restriction for the desired customizations. in f6bd8472778e2535a4b9144aa99d3240dacf17fdc0647b30ce75c3b787f53d15.html in directory target/site/serenity  
[pool-1-thread-3] INFO net.thucydides.core.reports.html.HtmlAcceptanceTestReporter - GENERATING HTML REPORT FOR CNT-5 - Brand Management:VIR-132.04 Verify that the restrictions can be added to the following in bb312434987ad8333f1a82d90084aa3d1109fed7e9f40f25770d63e0cb749be9.html in directory target/site/serenity  
[pool-1-thread-4] INFO net.thucydides.core.reports.html.HtmlAcceptanceTestReporter - GENERATING HTML REPORT FOR CNT-6 - Content Slots:VIR-133.01 Verify that the content admin can delete the banner, title and categories through the WCMS in d10c471b31104c36cff5887c55a7bc150eababcb1937fa5a395a48f11580da2f.html in directory target/site/serenity  
[pool-1-thread-2] INFO net.thucydides.core.reports.html.HtmlAcceptanceTestReporter - GENERATING HTML REPORT FOR CNT-6 - Content Slots:VIR-133.03 Verify that the content admin can edit the banner, title and categories through the WCMS in bf784fb294e81a8a6ed3e34f569b9b326b48ffb8cfb4166224a8840cbf362e21.html in directory target/site/serenity  
[pool-1-thread-3] INFO net.thucydides.core.reports.html.HtmlAcceptanceTestReporter - GENERATING HTML REPORT FOR CNT-6 - Content Slots:VIR-133.04 Verify that the Banner is shown to the shopper on the home page in 4c2884489ffe2042fbe11e4563b220cac104e5129e32868a3f1d6600011e076b.html in directory target/site/serenity  
[pool-1-thread-1] INFO net.thucydides.core.reports.html.HtmlAcceptanceTestReporter - GENERATING HTML REPORT FOR CNT-6 - Content Slots:VIR-133.02 Verify that the content admin can add the banner, title and categories through the WCMS in 3bb00edc8b11547b9ac39ca5a5696c45f1e0d290628ccd73684e0832986f1e71.html in directory target/site/serenity  
[pool-1-thread-3] INFO net.thucydides.core.reports.html.HtmlAcceptanceTestReporter - GENERATING HTML REPORT FOR CNT-6 - Content Slots:VIR-133.06 Verify that the Page title "Products by Category" is shown to the shopper in e3d83e5f621b42696d81ce997061a34362f9a4bb6639aa90f2db1d4db4b51d64.html in directory target/site/serenity  
[pool-1-thread-4] INFO net.thucydides.core.reports.html.HtmlAcceptanceTestReporter - GENERATING HTML REPORT FOR CNT-6 - Content Slots:VIR-133.05 Verify that the text is overlaid on the banner in bf1a934735e5d669eada1b870d663ecb425f20e68617bfb53654f05d12656a5f.html in directory target/site/serenity  
[pool-1-thread-2] INFO net.thucydides.core.reports.html.HtmlAcceptanceTestReporter - GENERATING HTML REPORT FOR CNT-6 - Content Slots:VIR-133.07 Verify that the following page categories are shown in 1d12cdceb7058d9417a7bb7107783782f643d4ed988f36376903b230848c1f01.html in directory target/site/serenity  
[pool-1-thread-3] INFO net.thucydides.core.reports.html.HtmlAcceptanceTestReporter - GENERATING HTML REPORT FOR CNT-7 - Quick Links:VIR-134.01 Verify that the content admin can create quick links in 40d81346ba58c0f71fcf613db8a0a63c8ecb26e1fd4aaa8d151a703d15657b0e.html in directory target/site/serenity  
[pool-1-thread-4] INFO net.thucydides.core.reports.html.HtmlAcceptanceTestReporter - GENERATING HTML REPORT FOR CNT-7 - Quick Links:VIR-134.03 Verify that the content admin can delete quick links in e1618d2dbdbd929514ab60461040a335e53fc3975e4d58436fa87a8251365ba9.html in directory target/site/serenity  
[pool-1-thread-3] INFO net.thucydides.core.reports.html.HtmlAcceptanceTestReporter - GENERATING HTML REPORT FOR CNT-7 - Quick Links:VIR-134.04 Verify that the following quick links are on the site in 58e0a8ef376111f4675fa1030f00d436b8d6a2832054b645999dc268d4b4012c.html in directory target/site/serenity  
[pool-1-thread-2] INFO net.thucydides.core.reports.html.HtmlAcceptanceTestReporter - GENERATING HTML REPORT FOR CNT-7 - Quick Links:VIR-134.02 Verify that the content admin can edit quick links in 41734951e0ed56f455a46612ce22533ae97fded928f274893c4007976da87481.html in directory target/site/serenity  
[pool-1-thread-4] INFO net.thucydides.core.reports.html.HtmlAcceptanceTestReporter - GENERATING HTML REPORT FOR CNT-8 - Order Information:VIR-135.01 Verify that the Ordering Information page is opened after click on its link in footer in fe76c656848baf193220d07591a15ba921e649f837da4d5f226eb2f9ac003e5c.html in directory target/site/serenity  
[pool-1-thread-3] INFO net.thucydides.core.reports.html.HtmlAcceptanceTestReporter - GENERATING HTML REPORT FOR CNT-8 - Order Information:VIR-135.02 Verify that the content admin can delete the content pages in 5533f47726ef60c7255b243fb3be58293db2609f695eaae058c94f3666f174ad.html in directory target/site/serenity  
[main] INFO net.serenitybdd.core.Serenity - 
 _____ _____ ____ _____   ____ _____  _    ____ _____ _____ ____  
|_   _| ____/ ___|_   _| / ___|_   _|/ \  |  _ \_   _| ____|  _ \ 
  | | |  _| \___ \ | |   \___ \ | | / _ \ | |_) || | |  _| | | | |
  | | | |___ ___) || |    ___) || |/ ___ \|  _ < | | | |___| |_| |
  |_| |_____|____/ |_|   |____/ |_/_/   \_\_| \_\|_| |_____|____/ 
                                                                  

TEST STARTED: VIR-135.03 Verify that the content admin can add content pages
-------------------------------------------------------------------(cnt-8---order-information;vir-135.03-verify-that-the-content-admin-can-add-content-pages)
[main] INFO net.serenitybdd.core.Serenity - STARTING STEP Given open "CMS" page
[main] INFO net.serenitybdd.core.Serenity - STARTING STEP Open management page: CMS
[main] INFO net.serenitybdd.core.Serenity - STEP ERROR: net.serenitybdd.core.exceptions.SerenityManagedException: Could not initialize class com.virco.locators.SiteData
]]></system-err>
  </testcase>
  <testcase name="Scenario: VIR-135.03 Verify that the content admin can add content pages" classname="Scenario: VIR-135.03 Verify that the content admin can add content pages" time="0.002">
    <error message="Could not initialize class com.virco.locators.SiteData" type="net.serenitybdd.core.exceptions.SerenityManagedException"><![CDATA[net.serenitybdd.core.exceptions.SerenityManagedException: Could not initialize class com.virco.locators.SiteData
	at com.virco.steps.serenity.CommonUserSteps.openManagementPage(CommonUserSteps.java:26)
	at com.virco.steps.serenity.CommonUserSteps$$EnhancerByCGLIB$$d8541bfa.CGLIB$openManagementPage$7(<generated>)
	at com.virco.steps.serenity.CommonUserSteps$$EnhancerByCGLIB$$d8541bfa$$FastClassByCGLIB$$ea8e0f86.invoke(<generated>)
	at net.sf.cglib.proxy.MethodProxy.invokeSuper(MethodProxy.java:228)
	at net.thucydides.core.steps.StepInterceptor.invokeMethod(StepInterceptor.java:372)
	at net.thucydides.core.steps.StepInterceptor.executeTestStepMethod(StepInterceptor.java:357)
	at net.thucydides.core.steps.StepInterceptor.runTestStep(StepInterceptor.java:332)
	at net.thucydides.core.steps.StepInterceptor.testStepResult(StepInterceptor.java:134)
	at net.thucydides.core.steps.StepInterceptor.intercept(StepInterceptor.java:61)
	at com.virco.steps.serenity.CommonUserSteps$$EnhancerByCGLIB$$d8541bfa.openManagementPage(<generated>)
	at com.virco.steps.CommonDefinitionSteps.openPage(CommonDefinitionSteps.java:22)
	at sun.reflect.NativeMethodAccessorImpl.invoke0(Native Method)
	at sun.reflect.NativeMethodAccessorImpl.invoke(NativeMethodAccessorImpl.java:62)
	at sun.reflect.DelegatingMethodAccessorImpl.invoke(DelegatingMethodAccessorImpl.java:43)
	at java.lang.reflect.Method.invoke(Method.java:498)
	at cucumber.runtime.Utils$1.call(Utils.java:40)
	at cucumber.runtime.Timeout.timeout(Timeout.java:16)
	at cucumber.runtime.Utils.invoke(Utils.java:34)
	at cucumber.runtime.java.JavaStepDefinition.execute(JavaStepDefinition.java:38)
	at cucumber.runtime.StepDefinitionMatch.runStep(StepDefinitionMatch.java:37)
	at cucumber.runtime.Runtime.runStep(Runtime.java:300)
	at cucumber.runtime.model.StepContainer.runStep(StepContainer.java:44)
	at cucumber.runtime.model.StepContainer.runSteps(StepContainer.java:39)
	at cucumber.runtime.model.CucumberScenario.run(CucumberScenario.java:44)
	at cucumber.runtime.junit.ExecutionUnitRunner.run(ExecutionUnitRunner.java:102)
	at cucumber.runtime.junit.FeatureRunner.runChild(FeatureRunner.java:63)
	at cucumber.runtime.junit.FeatureRunner.runChild(FeatureRunner.java:18)
	at org.junit.runners.ParentRunner$3.run(ParentRunner.java:290)
	at org.junit.runners.ParentRunner$1.schedule(ParentRunner.java:71)
	at org.junit.runners.ParentRunner.runChildren(ParentRunner.java:288)
	at org.junit.runners.ParentRunner.access$000(ParentRunner.java:58)
	at org.junit.runners.ParentRunner$2.evaluate(ParentRunner.java:268)
	at org.junit.runners.ParentRunner.run(ParentRunner.java:363)
	at cucumber.runtime.junit.FeatureRunner.run(FeatureRunner.java:70)
	at cucumber.api.junit.Cucumber.runChild(Cucumber.java:95)
	at cucumber.api.junit.Cucumber.runChild(Cucumber.java:38)
	at org.junit.runners.ParentRunner$3.run(ParentRunner.java:290)
	at org.junit.runners.ParentRunner$1.schedule(ParentRunner.java:71)
	at org.junit.runners.ParentRunner.runChildren(ParentRunner.java:288)
	at org.junit.runners.ParentRunner.access$000(ParentRunner.java:58)
	at org.junit.runners.ParentRunner$2.evaluate(ParentRunner.java:268)
	at org.junit.runners.ParentRunner.run(ParentRunner.java:363)
	at cucumber.api.junit.Cucumber.run(Cucumber.java:100)
	at org.apache.maven.surefire.junit4.JUnit4Provider.execute(JUnit4Provider.java:283)
	at org.apache.maven.surefire.junit4.JUnit4Provider.executeWithRerun(JUnit4Provider.java:173)
	at org.apache.maven.surefire.junit4.JUnit4Provider.executeTestSet(JUnit4Provider.java:153)
	at org.apache.maven.surefire.junit4.JUnit4Provider.invoke(JUnit4Provider.java:128)
	at org.apache.maven.surefire.booter.ForkedBooter.invokeProviderInSameClassLoader(ForkedBooter.java:203)
	at org.apache.maven.surefire.booter.ForkedBooter.runSuitesInProcess(ForkedBooter.java:155)
	at org.apache.maven.surefire.booter.ForkedBooter.main(ForkedBooter.java:103)
]]></error>
  </testcase>
  <testcase name="When login as &quot;cmsmanager&quot;" classname="Scenario: VIR-135.03 Verify that the content admin can add content pages" time="0">
    <skipped/>
    <system-err><![CDATA[[main] INFO net.serenitybdd.core.Serenity - STEP ERROR: java.lang.NoClassDefFoundError: Could not initialize class com.virco.locators.SiteData
[main] INFO net.serenitybdd.core.Serenity - STARTING STEP When login as "cmsmanager"
]]></system-err>
  </testcase>
  <testcase name="When select &quot;Staged&quot; content catalog" classname="Scenario: VIR-135.03 Verify that the content admin can add content pages" time="0">
    <skipped/>
    <system-err><![CDATA[[main] INFO net.serenitybdd.core.Serenity - IGNORING STEP
[main] INFO net.serenitybdd.core.Serenity - STARTING STEP When select "Staged" content catalog
]]></system-err>
  </testcase>
  <testcase name="When search for &quot;orderingInfo&quot; content" classname="Scenario: VIR-135.03 Verify that the content admin can add content pages" time="0">
    <skipped/>
    <system-err><![CDATA[[main] INFO net.serenitybdd.core.Serenity - IGNORING STEP
[main] INFO net.serenitybdd.core.Serenity - STARTING STEP When search for "orderingInfo" content
]]></system-err>
  </testcase>
  <testcase name="When double click on &quot;orderingInfo&quot; content page" classname="Scenario: VIR-135.03 Verify that the content admin can add content pages" time="0">
    <skipped/>
    <system-err><![CDATA[[main] INFO net.serenitybdd.core.Serenity - IGNORING STEP
[main] INFO net.serenitybdd.core.Serenity - STARTING STEP When double click on "orderingInfo" content page
]]></system-err>
  </testcase>
  <testcase name="When click on &quot;Create an item&quot; button in &quot;Section2B&quot; section header" classname="Scenario: VIR-135.03 Verify that the content admin can add content pages" time="0">
    <skipped/>
    <system-err><![CDATA[[main] INFO net.serenitybdd.core.Serenity - IGNORING STEP
[main] INFO net.serenitybdd.core.Serenity - STARTING STEP When click on "Create an item" button in "Section2B" section header
]]></system-err>
  </testcase>
  <testcase name="When select &quot;Paragraph&quot; template from modal window" classname="Scenario: VIR-135.03 Verify that the content admin can add content pages" time="0">
    <skipped/>
    <system-err><![CDATA[[main] INFO net.serenitybdd.core.Serenity - IGNORING STEP
[main] INFO net.serenitybdd.core.Serenity - STARTING STEP When select "Paragraph" template from modal window
]]></system-err>
  </testcase>
  <testcase name="When select &quot;Create a new item&quot; template from modal window" classname="Scenario: VIR-135.03 Verify that the content admin can add content pages" time="0">
    <skipped/>
    <system-err><![CDATA[[main] INFO net.serenitybdd.core.Serenity - IGNORING STEP
[main] INFO net.serenitybdd.core.Serenity - STARTING STEP When select "Create a new item" template from modal window
]]></system-err>
  </testcase>
  <testcase name="When click on &quot;Done&quot; button in modal" classname="Scenario: VIR-135.03 Verify that the content admin can add content pages" time="0">
    <skipped/>
    <system-err><![CDATA[[main] INFO net.serenitybdd.core.Serenity - IGNORING STEP
[main] INFO net.serenitybdd.core.Serenity - STARTING STEP When click on "Done" button in modal
]]></system-err>
  </testcase>
  <testcase name="Then message &quot;CMSParagraphComponent&quot; in &quot;Section2B&quot; is presented" classname="Scenario: VIR-135.03 Verify that the content admin can add content pages" time="0">
    <skipped/>
    <system-err><![CDATA[[main] INFO net.serenitybdd.core.Serenity - IGNORING STEP
[main] INFO net.serenitybdd.core.Serenity - STARTING STEP Then message "CMSParagraphComponent" in "Section2B" is presented
]]></system-err>
  </testcase>
  <testcase name="Given open &quot;CMS&quot; page" classname="Scenario: VIR-135.04 Verify that the content admin can edit content pages" time="0.002">
    <error message="Could not initialize class com.virco.locators.SiteData" type="net.serenitybdd.core.exceptions.SerenityManagedException"><![CDATA[net.serenitybdd.core.exceptions.SerenityManagedException: Could not initialize class com.virco.locators.SiteData
	at com.virco.steps.serenity.CommonUserSteps.openManagementPage(CommonUserSteps.java:26)
	at com.virco.steps.serenity.CommonUserSteps$$EnhancerByCGLIB$$d8541bfa.CGLIB$openManagementPage$7(<generated>)
	at com.virco.steps.serenity.CommonUserSteps$$EnhancerByCGLIB$$d8541bfa$$FastClassByCGLIB$$ea8e0f86.invoke(<generated>)
	at net.sf.cglib.proxy.MethodProxy.invokeSuper(MethodProxy.java:228)
	at net.thucydides.core.steps.StepInterceptor.invokeMethod(StepInterceptor.java:372)
	at net.thucydides.core.steps.StepInterceptor.executeTestStepMethod(StepInterceptor.java:357)
	at net.thucydides.core.steps.StepInterceptor.runTestStep(StepInterceptor.java:332)
	at net.thucydides.core.steps.StepInterceptor.testStepResult(StepInterceptor.java:134)
	at net.thucydides.core.steps.StepInterceptor.intercept(StepInterceptor.java:61)
	at com.virco.steps.serenity.CommonUserSteps$$EnhancerByCGLIB$$d8541bfa.openManagementPage(<generated>)
	at com.virco.steps.CommonDefinitionSteps.openPage(CommonDefinitionSteps.java:22)
	at sun.reflect.NativeMethodAccessorImpl.invoke0(Native Method)
	at sun.reflect.NativeMethodAccessorImpl.invoke(NativeMethodAccessorImpl.java:62)
	at sun.reflect.DelegatingMethodAccessorImpl.invoke(DelegatingMethodAccessorImpl.java:43)
	at java.lang.reflect.Method.invoke(Method.java:498)
	at cucumber.runtime.Utils$1.call(Utils.java:40)
	at cucumber.runtime.Timeout.timeout(Timeout.java:16)
	at cucumber.runtime.Utils.invoke(Utils.java:34)
	at cucumber.runtime.java.JavaStepDefinition.execute(JavaStepDefinition.java:38)
	at cucumber.runtime.StepDefinitionMatch.runStep(StepDefinitionMatch.java:37)
	at cucumber.runtime.Runtime.runStep(Runtime.java:300)
	at cucumber.runtime.model.StepContainer.runStep(StepContainer.java:44)
	at cucumber.runtime.model.StepContainer.runSteps(StepContainer.java:39)
	at cucumber.runtime.model.CucumberScenario.run(CucumberScenario.java:44)
	at cucumber.runtime.junit.ExecutionUnitRunner.run(ExecutionUnitRunner.java:102)
	at cucumber.runtime.junit.FeatureRunner.runChild(FeatureRunner.java:63)
	at cucumber.runtime.junit.FeatureRunner.runChild(FeatureRunner.java:18)
	at org.junit.runners.ParentRunner$3.run(ParentRunner.java:290)
	at org.junit.runners.ParentRunner$1.schedule(ParentRunner.java:71)
	at org.junit.runners.ParentRunner.runChildren(ParentRunner.java:288)
	at org.junit.runners.ParentRunner.access$000(ParentRunner.java:58)
	at org.junit.runners.ParentRunner$2.evaluate(ParentRunner.java:268)
	at org.junit.runners.ParentRunner.run(ParentRunner.java:363)
	at cucumber.runtime.junit.FeatureRunner.run(FeatureRunner.java:70)
	at cucumber.api.junit.Cucumber.runChild(Cucumber.java:95)
	at cucumber.api.junit.Cucumber.runChild(Cucumber.java:38)
	at org.junit.runners.ParentRunner$3.run(ParentRunner.java:290)
	at org.junit.runners.ParentRunner$1.schedule(ParentRunner.java:71)
	at org.junit.runners.ParentRunner.runChildren(ParentRunner.java:288)
	at org.junit.runners.ParentRunner.access$000(ParentRunner.java:58)
	at org.junit.runners.ParentRunner$2.evaluate(ParentRunner.java:268)
	at org.junit.runners.ParentRunner.run(ParentRunner.java:363)
	at cucumber.api.junit.Cucumber.run(Cucumber.java:100)
	at org.apache.maven.surefire.junit4.JUnit4Provider.execute(JUnit4Provider.java:283)
	at org.apache.maven.surefire.junit4.JUnit4Provider.executeWithRerun(JUnit4Provider.java:173)
	at org.apache.maven.surefire.junit4.JUnit4Provider.executeTestSet(JUnit4Provider.java:153)
	at org.apache.maven.surefire.junit4.JUnit4Provider.invoke(JUnit4Provider.java:128)
	at org.apache.maven.surefire.booter.ForkedBooter.invokeProviderInSameClassLoader(ForkedBooter.java:203)
	at org.apache.maven.surefire.booter.ForkedBooter.runSuitesInProcess(ForkedBooter.java:155)
	at org.apache.maven.surefire.booter.ForkedBooter.main(ForkedBooter.java:103)
]]></error>
    <system-err><![CDATA[[main] INFO net.serenitybdd.core.Serenity - IGNORING STEP
[main] ERROR net.serenitybdd.core.Serenity - 
           __  _____ _____ ____ _____   _____ _    ___ _     _____ ____  
  _       / / |_   _| ____/ ___|_   _| |  ___/ \  |_ _| |   | ____|  _ \ 
 (_)_____| |    | | |  _| \___ \ | |   | |_ / _ \  | || |   |  _| | | | |
  _|_____| |    | | | |___ ___) || |   |  _/ ___ \ | || |___| |___| |_| |
 (_)     | |    |_| |_____|____/ |_|   |_|/_/   \_\___|_____|_____|____/ 
          \_\                                                            

TEST FAILED WITH ERROR: VIR-135.03 Verify that the content admin can add content pages
---------------------------------------------------------------------
[main] ERROR net.serenitybdd.core.Serenity - TEST FAILED AT STEP Open management page: CMS
[main] ERROR net.serenitybdd.core.Serenity - Could not initialize class com.virco.locators.SiteData
[pool-1-thread-2] INFO net.thucydides.core.reports.json.JSONTestOutcomeReporter - Generating JSON report for VIR-128.01 Verify that the OOTB Hybris is configured to file /Users/rodionsavchuk/hybrisAutomation/virco-automatedtests/target/site/serenity/f9e291a91d7fb0708996a6c172c79994e2f3e3dc027f9c744e43835d2210c73e.json (using temp file /Users/rodionsavchuk/hybrisAutomation/virco-automatedtests/target/site/serenity/f9e291a91d7fb0708996a6c172c79994e2f3e3dc027f9c744e43835d2210c73e.jsone6093de7-77bd-4d69-a473-df37ccd539a2)
[pool-1-thread-3] INFO net.thucydides.core.reports.json.JSONTestOutcomeReporter - Generating JSON report for VIR-129.02 Verify that the content admin can promo message by using template to file /Users/rodionsavchuk/hybrisAutomation/virco-automatedtests/target/site/serenity/5c582eac1cc160864035d84f14577b2a4b307d178776baf5d94402a8f33a570b.json (using temp file /Users/rodionsavchuk/hybrisAutomation/virco-automatedtests/target/site/serenity/5c582eac1cc160864035d84f14577b2a4b307d178776baf5d94402a8f33a570b.jsonb0097a80-5057-4ed8-835f-7ffb15c96922)
[pool-1-thread-4] INFO net.thucydides.core.reports.json.JSONTestOutcomeReporter - Generating JSON report for VIR-129.03 Verify that the content admin can add installation slot by using template to file /Users/rodionsavchuk/hybrisAutomation/virco-automatedtests/target/site/serenity/e2ad5898b62d8e77d283000b0832f5fb0d67d58608b2ea1e947bdb3eaa4f7f13.json (using temp file /Users/rodionsavchuk/hybrisAutomation/virco-automatedtests/target/site/serenity/e2ad5898b62d8e77d283000b0832f5fb0d67d58608b2ea1e947bdb3eaa4f7f13.json36b6f3b3-6b3d-4b1b-9da1-d130d295587d)
[pool-1-thread-1] INFO net.thucydides.core.reports.json.JSONTestOutcomeReporter - Generating JSON report for VIR-129.01 Verify that the content admin can add a rotating theme by using template to file /Users/rodionsavchuk/hybrisAutomation/virco-automatedtests/target/site/serenity/2baaeb277c29c1f85062130a60bafea2167a5c2dd87a93c69ad94698238c35ee.json (using temp file /Users/rodionsavchuk/hybrisAutomation/virco-automatedtests/target/site/serenity/2baaeb277c29c1f85062130a60bafea2167a5c2dd87a93c69ad94698238c35ee.json80a68855-3e73-42e8-90f1-bf3ef4b7f9f2)
[pool-1-thread-2] INFO net.thucydides.core.reports.json.JSONTestOutcomeReporter - Generating JSON report for VIR-129.04 Verify that the content admin can add a product recommendation component on the page template by using template to file /Users/rodionsavchuk/hybrisAutomation/virco-automatedtests/target/site/serenity/2568cbeed2bdf1850ea694b2c61bf8c9430c3ac453a0d1b2f15e169595434015.json (using temp file /Users/rodionsavchuk/hybrisAutomation/virco-automatedtests/target/site/serenity/2568cbeed2bdf1850ea694b2c61bf8c9430c3ac453a0d1b2f15e169595434015.json6d7739ae-91c0-4d1f-afa1-3e3988c3514f)
[pool-1-thread-3] INFO net.thucydides.core.reports.json.JSONTestOutcomeReporter - Generating JSON report for VIR-129.05 Verify that the content admin can add a quick ship component on the template page to file /Users/rodionsavchuk/hybrisAutomation/virco-automatedtests/target/site/serenity/03a37ae243f19fd5e4074c51364f3accdea994f94fbe9bfc0888dbf6b3fcb296.json (using temp file /Users/rodionsavchuk/hybrisAutomation/virco-automatedtests/target/site/serenity/03a37ae243f19fd5e4074c51364f3accdea994f94fbe9bfc0888dbf6b3fcb296.json5056170a-a08d-4003-829a-76c628a7ba48)
[pool-1-thread-4] INFO net.thucydides.core.reports.json.JSONTestOutcomeReporter - Generating JSON report for VIR-129.06 Verify that the content admin can add a popular category on the template page to file /Users/rodionsavchuk/hybrisAutomation/virco-automatedtests/target/site/serenity/4cb24bf6eab810d97c001f653ce7ec4c2620e8ef80649c431bc47d31554e7dfa.json (using temp file /Users/rodionsavchuk/hybrisAutomation/virco-automatedtests/target/site/serenity/4cb24bf6eab810d97c001f653ce7ec4c2620e8ef80649c431bc47d31554e7dfa.jsonf920425f-1eab-4e10-a799-c5bc4a4b8b17)
[pool-1-thread-1] INFO net.thucydides.core.reports.json.JSONTestOutcomeReporter - Generating JSON report for VIR-129.07 Verify that the content admin can add a product images component on the template page to file /Users/rodionsavchuk/hybrisAutomation/virco-automatedtests/target/site/serenity/b14d7ddd1213e2b3e327a1da59a5f30243e7b1413ece781e8217d0475b1d4ba5.json (using temp file /Users/rodionsavchuk/hybrisAutomation/virco-automatedtests/target/site/serenity/b14d7ddd1213e2b3e327a1da59a5f30243e7b1413ece781e8217d0475b1d4ba5.json9b3e0013-784c-4298-886f-b0d45345d2e6)
[pool-1-thread-2] INFO net.thucydides.core.reports.json.JSONTestOutcomeReporter - Generating JSON report for VIR-129.08 Verify that the content admin can edit promo message/popular category. to file /Users/rodionsavchuk/hybrisAutomation/virco-automatedtests/target/site/serenity/0b72d581cee195fdedb17f43f946f9e8a6bd5762bb612b26fbaf09d9905941a0.json (using temp file /Users/rodionsavchuk/hybrisAutomation/virco-automatedtests/target/site/serenity/0b72d581cee195fdedb17f43f946f9e8a6bd5762bb612b26fbaf09d9905941a0.json1bd70f4c-e9aa-4b62-984e-a78c90f7167b)
[pool-1-thread-3] INFO net.thucydides.core.reports.json.JSONTestOutcomeReporter - Generating JSON report for VIR-129.09 Verify that the content admin can delete promo message/popular category. to file /Users/rodionsavchuk/hybrisAutomation/virco-automatedtests/target/site/serenity/e3f11c0e315cea47d82b81aeec1d5d4ec6688676c143e6c8bd85b536ee39abf1.json (using temp file /Users/rodionsavchuk/hybrisAutomation/virco-automatedtests/target/site/serenity/e3f11c0e315cea47d82b81aeec1d5d4ec6688676c143e6c8bd85b536ee39abf1.json99c69232-6f76-48e8-8e77-7e54a5ff61a9)
[pool-1-thread-4] INFO net.thucydides.core.reports.json.JSONTestOutcomeReporter - Generating JSON report for VIR-129.10 Verify that the site has a look, configured by content admin to file /Users/rodionsavchuk/hybrisAutomation/virco-automatedtests/target/site/serenity/100947bcc68d92490597dd6eed62bf55d5857e1335d30b52c2a0a2894d214fe7.json (using temp file /Users/rodionsavchuk/hybrisAutomation/virco-automatedtests/target/site/serenity/100947bcc68d92490597dd6eed62bf55d5857e1335d30b52c2a0a2894d214fe7.json61baed30-d013-414b-af8a-7da8bbf9b8da)
[pool-1-thread-2] INFO net.thucydides.core.reports.json.JSONTestOutcomeReporter - Generating JSON report for VIR-166.01 Verify the rotating carousel is added on the home page to file /Users/rodionsavchuk/hybrisAutomation/virco-automatedtests/target/site/serenity/41045224dd55f49d371e9fd4a455c28d0acc2a203f1c37c0d89de600b26d38ef.json (using temp file /Users/rodionsavchuk/hybrisAutomation/virco-automatedtests/target/site/serenity/41045224dd55f49d371e9fd4a455c28d0acc2a203f1c37c0d89de600b26d38ef.json39476406-51dd-4e5a-9a00-c3abf0104f1a)
[pool-1-thread-3] INFO net.thucydides.core.reports.json.JSONTestOutcomeReporter - Generating JSON report for VIR-166.03 Verify that the changes applied to the home page on the WCMS are shown on the site to file /Users/rodionsavchuk/hybrisAutomation/virco-automatedtests/target/site/serenity/b9eb3619ad92be0ca6909f8288eb5393e840f6227de55c87423f32dd621971c6.json (using temp file /Users/rodionsavchuk/hybrisAutomation/virco-automatedtests/target/site/serenity/b9eb3619ad92be0ca6909f8288eb5393e840f6227de55c87423f32dd621971c6.json8ed44525-bcd8-4e5b-8e95-d3b45c83172e)
[pool-1-thread-4] INFO net.thucydides.core.reports.json.JSONTestOutcomeReporter - Generating JSON report for VIR-166.04 Verify changes on the site to file /Users/rodionsavchuk/hybrisAutomation/virco-automatedtests/target/site/serenity/5f43c632221e66e649cb566b95c8c39021872b2cfde3c52fd524b9428955bf6f.json (using temp file /Users/rodionsavchuk/hybrisAutomation/virco-automatedtests/target/site/serenity/5f43c632221e66e649cb566b95c8c39021872b2cfde3c52fd524b9428955bf6f.json4d2790ca-90fb-46cf-969c-ae378299e77d)
[pool-1-thread-2] INFO net.thucydides.core.reports.json.JSONTestOutcomeReporter - Generating JSON report for VIR-166.04 Verify installation slot to file /Users/rodionsavchuk/hybrisAutomation/virco-automatedtests/target/site/serenity/edcb380d350a80cdf46587ae5741ec066978cdd8e0c97472caf730194b651304.json (using temp file /Users/rodionsavchuk/hybrisAutomation/virco-automatedtests/target/site/serenity/edcb380d350a80cdf46587ae5741ec066978cdd8e0c97472caf730194b651304.jsone844c202-6cf5-47c4-bdfb-b9bcbf8f6d17)
[pool-1-thread-2] INFO net.thucydides.core.reports.json.JSONTestOutcomeReporter - Generating JSON report for VIR-166.06 Return changes for carousel to file /Users/rodionsavchuk/hybrisAutomation/virco-automatedtests/target/site/serenity/666f9c30485604a0d8f915e21943e7e88d01015ce9092eafebcdb74a2aa69881.json (using temp file /Users/rodionsavchuk/hybrisAutomation/virco-automatedtests/target/site/serenity/666f9c30485604a0d8f915e21943e7e88d01015ce9092eafebcdb74a2aa69881.jsondec658d2-b3b9-47d1-b20c-e49df7fa3e5e)
[pool-1-thread-4] INFO net.thucydides.core.reports.json.JSONTestOutcomeReporter - Generating JSON report for VIR-130.01 Verify that the content Admin can add new banner to file /Users/rodionsavchuk/hybrisAutomation/virco-automatedtests/target/site/serenity/bb79537bca7a8b871c5b64cd1153742bc23c54e46592c06f822f87770b2e8b8a.json (using temp file /Users/rodionsavchuk/hybrisAutomation/virco-automatedtests/target/site/serenity/bb79537bca7a8b871c5b64cd1153742bc23c54e46592c06f822f87770b2e8b8a.json1e1b67c1-d9d6-4589-9c81-683f3eb16702)
[pool-1-thread-3] INFO net.thucydides.core.reports.json.JSONTestOutcomeReporter - Generating JSON report for VIR-130.02 Verify that the content admin can edit the banner to file /Users/rodionsavchuk/hybrisAutomation/virco-automatedtests/target/site/serenity/8473ae2e239acb5c9594f6482f5f79bb4500c946dd2d245bf5d2caa427a8a26f.json (using temp file /Users/rodionsavchuk/hybrisAutomation/virco-automatedtests/target/site/serenity/8473ae2e239acb5c9594f6482f5f79bb4500c946dd2d245bf5d2caa427a8a26f.json68df259e-91b8-4231-950d-f1c3379b49d9)
[pool-1-thread-1] INFO net.thucydides.core.reports.json.JSONTestOutcomeReporter - Generating JSON report for VIR-166.02 Verify that the each Banner has Rotating Theme, promotional message and installation slots to file /Users/rodionsavchuk/hybrisAutomation/virco-automatedtests/target/site/serenity/0608016defba6ce482ab704a7f99aa4784d409932878aab3566e62c6acd4c3be.json (using temp file /Users/rodionsavchuk/hybrisAutomation/virco-automatedtests/target/site/serenity/0608016defba6ce482ab704a7f99aa4784d409932878aab3566e62c6acd4c3be.jsonebf30a4e-089f-47d4-a4fe-59d87a95aa2f)
[pool-1-thread-2] INFO net.thucydides.core.reports.json.JSONTestOutcomeReporter - Generating JSON report for VIR-130.03 Verify that the content admin can delete the banner to file /Users/rodionsavchuk/hybrisAutomation/virco-automatedtests/target/site/serenity/b41d3443e6a4853ebf7ef1692db7b2b9a12b9d62f5b7166287c8c85636ccdf3f.json (using temp file /Users/rodionsavchuk/hybrisAutomation/virco-automatedtests/target/site/serenity/b41d3443e6a4853ebf7ef1692db7b2b9a12b9d62f5b7166287c8c85636ccdf3f.json4715887b-84cf-4b62-9b41-dd046ac71890)
[pool-1-thread-4] INFO net.thucydides.core.reports.json.JSONTestOutcomeReporter - Generating JSON report for VIR-130.04 Verify that the site has a look, configured by content admin to file /Users/rodionsavchuk/hybrisAutomation/virco-automatedtests/target/site/serenity/095ee6a7aed460c2ab7447a892b708f667ca6eb3d2b246703cb79d76aaa66edd.json (using temp file /Users/rodionsavchuk/hybrisAutomation/virco-automatedtests/target/site/serenity/095ee6a7aed460c2ab7447a892b708f667ca6eb3d2b246703cb79d76aaa66edd.json406d931f-e74d-41a6-89b4-49dd8073b035)
[pool-1-thread-3] INFO net.thucydides.core.reports.json.JSONTestOutcomeReporter - Generating JSON report for VIR-375.01 Unable to open the "Verisign terms and policy" page except through the Contact Us page to file /Users/rodionsavchuk/hybrisAutomation/virco-automatedtests/target/site/serenity/3d31ca4ca17ccedf663fa492c24dc92f29157766fcfb628ecd61645c9255a53a.json (using temp file /Users/rodionsavchuk/hybrisAutomation/virco-automatedtests/target/site/serenity/3d31ca4ca17ccedf663fa492c24dc92f29157766fcfb628ecd61645c9255a53a.json888a4f37-dee0-4801-a587-4d57d1421fe2)
[pool-1-thread-2] INFO net.thucydides.core.reports.json.JSONTestOutcomeReporter - Generating JSON report for VIR-131.02 Verify that the content Admin can delete terms, security and compliance to file /Users/rodionsavchuk/hybrisAutomation/virco-automatedtests/target/site/serenity/ceb7302073899bbe72c923c378b3dfb15f405875b937887a17bf4cff9988ce11.json (using temp file /Users/rodionsavchuk/hybrisAutomation/virco-automatedtests/target/site/serenity/ceb7302073899bbe72c923c378b3dfb15f405875b937887a17bf4cff9988ce11.jsoncf1b07ff-1ede-4d10-92c4-8a3e06f63774)
[pool-1-thread-4] INFO net.thucydides.core.reports.json.JSONTestOutcomeReporter - Generating JSON report for VIR-131.03 Verify that the content Admin can add terms, security and compliance to file /Users/rodionsavchuk/hybrisAutomation/virco-automatedtests/target/site/serenity/afbc2d2c12a820e7bd8ff57fd665dcbf835c82e12b10214fa792d713e6b209c6.json (using temp file /Users/rodionsavchuk/hybrisAutomation/virco-automatedtests/target/site/serenity/afbc2d2c12a820e7bd8ff57fd665dcbf835c82e12b10214fa792d713e6b209c6.json3ad021e7-b8cb-4f74-9e4d-14040ab3c8b1)
[pool-1-thread-3] INFO net.thucydides.core.reports.json.JSONTestOutcomeReporter - Generating JSON report for VIR-131.04 Verify that the content Admin can edit terms, security and compliance to file /Users/rodionsavchuk/hybrisAutomation/virco-automatedtests/target/site/serenity/11123f2712ee38abf08a7255e58490510ce459b677c6317a48c1c5a02bad5899.json (using temp file /Users/rodionsavchuk/hybrisAutomation/virco-automatedtests/target/site/serenity/11123f2712ee38abf08a7255e58490510ce459b677c6317a48c1c5a02bad5899.json87378410-dc43-4540-8c50-bce3ea0ac879)
[pool-1-thread-2] INFO net.thucydides.core.reports.json.JSONTestOutcomeReporter - Generating JSON report for VIR-132.01 Verify that the content admin can add restriction for the desired customizations. to file /Users/rodionsavchuk/hybrisAutomation/virco-automatedtests/target/site/serenity/012fbd4c99dbed94980068932c3b9900aa40fcbd0f147abb3c9b18198ccfee2c.json (using temp file /Users/rodionsavchuk/hybrisAutomation/virco-automatedtests/target/site/serenity/012fbd4c99dbed94980068932c3b9900aa40fcbd0f147abb3c9b18198ccfee2c.json379afa49-41e6-425d-b1c9-923756236ac2)
[pool-1-thread-1] INFO net.thucydides.core.reports.json.JSONTestOutcomeReporter - Generating JSON report for VIR-131.05 Return changes to file /Users/rodionsavchuk/hybrisAutomation/virco-automatedtests/target/site/serenity/481bc60c8e1753c36167a06d3e94715ec6bdb3bc0fa2de75bc3b701c703a0740.json (using temp file /Users/rodionsavchuk/hybrisAutomation/virco-automatedtests/target/site/serenity/481bc60c8e1753c36167a06d3e94715ec6bdb3bc0fa2de75bc3b701c703a0740.json22936ce8-282f-4bea-94fe-ae676d139afd)
[pool-1-thread-2] INFO net.thucydides.core.reports.json.JSONTestOutcomeReporter - Generating JSON report for VIR-132.02 Verify that the content admin can edit restriction for the desired customizations. to file /Users/rodionsavchuk/hybrisAutomation/virco-automatedtests/target/site/serenity/21c25b56faab758e879fe49e985016e5e5212c7b9214f355a35317a785ad4edd.json (using temp file /Users/rodionsavchuk/hybrisAutomation/virco-automatedtests/target/site/serenity/21c25b56faab758e879fe49e985016e5e5212c7b9214f355a35317a785ad4edd.json4e7599ac-8314-4800-a8c2-1012b569031b)
[pool-1-thread-4] INFO net.thucydides.core.reports.json.JSONTestOutcomeReporter - Generating JSON report for VIR-132.04 Verify that the restrictions can be added to the following to file /Users/rodionsavchuk/hybrisAutomation/virco-automatedtests/target/site/serenity/bb312434987ad8333f1a82d90084aa3d1109fed7e9f40f25770d63e0cb749be9.json (using temp file /Users/rodionsavchuk/hybrisAutomation/virco-automatedtests/target/site/serenity/bb312434987ad8333f1a82d90084aa3d1109fed7e9f40f25770d63e0cb749be9.jsonbffb7451-0aa9-41aa-8a22-e019734b100f)
[pool-1-thread-3] INFO net.thucydides.core.reports.json.JSONTestOutcomeReporter - Generating JSON report for VIR-132.03 Verify that the content admin can delete restriction for the desired customizations. to file /Users/rodionsavchuk/hybrisAutomation/virco-automatedtests/target/site/serenity/f6bd8472778e2535a4b9144aa99d3240dacf17fdc0647b30ce75c3b787f53d15.json (using temp file /Users/rodionsavchuk/hybrisAutomation/virco-automatedtests/target/site/serenity/f6bd8472778e2535a4b9144aa99d3240dacf17fdc0647b30ce75c3b787f53d15.json83f305ba-dc9e-4eea-839b-32ff6f4300c3)
[pool-1-thread-1] INFO net.thucydides.core.reports.json.JSONTestOutcomeReporter - Generating JSON report for VIR-133.01 Verify that the content admin can delete the banner, title and categories through the WCMS to file /Users/rodionsavchuk/hybrisAutomation/virco-automatedtests/target/site/serenity/d10c471b31104c36cff5887c55a7bc150eababcb1937fa5a395a48f11580da2f.json (using temp file /Users/rodionsavchuk/hybrisAutomation/virco-automatedtests/target/site/serenity/d10c471b31104c36cff5887c55a7bc150eababcb1937fa5a395a48f11580da2f.json56275cfc-38e6-4af7-9d45-cb14548acafa)
[pool-1-thread-2] INFO net.thucydides.core.reports.json.JSONTestOutcomeReporter - Generating JSON report for VIR-133.02 Verify that the content admin can add the banner, title and categories through the WCMS to file /Users/rodionsavchuk/hybrisAutomation/virco-automatedtests/target/site/serenity/3bb00edc8b11547b9ac39ca5a5696c45f1e0d290628ccd73684e0832986f1e71.json (using temp file /Users/rodionsavchuk/hybrisAutomation/virco-automatedtests/target/site/serenity/3bb00edc8b11547b9ac39ca5a5696c45f1e0d290628ccd73684e0832986f1e71.json4308690b-2964-411d-96cf-491becc78761)
[pool-1-thread-4] INFO net.thucydides.core.reports.json.JSONTestOutcomeReporter - Generating JSON report for VIR-133.03 Verify that the content admin can edit the banner, title and categories through the WCMS to file /Users/rodionsavchuk/hybrisAutomation/virco-automatedtests/target/site/serenity/bf784fb294e81a8a6ed3e34f569b9b326b48ffb8cfb4166224a8840cbf362e21.json (using temp file /Users/rodionsavchuk/hybrisAutomation/virco-automatedtests/target/site/serenity/bf784fb294e81a8a6ed3e34f569b9b326b48ffb8cfb4166224a8840cbf362e21.json081706a3-f316-4090-a070-6067e8b7beee)
[pool-1-thread-3] INFO net.thucydides.core.reports.json.JSONTestOutcomeReporter - Generating JSON report for VIR-133.04 Verify that the Banner is shown to the shopper on the home page to file /Users/rodionsavchuk/hybrisAutomation/virco-automatedtests/target/site/serenity/4c2884489ffe2042fbe11e4563b220cac104e5129e32868a3f1d6600011e076b.json (using temp file /Users/rodionsavchuk/hybrisAutomation/virco-automatedtests/target/site/serenity/4c2884489ffe2042fbe11e4563b220cac104e5129e32868a3f1d6600011e076b.json7ab29c8d-ebf5-4bd5-904b-cdf17aff4d18)
[pool-1-thread-1] INFO net.thucydides.core.reports.json.JSONTestOutcomeReporter - Generating JSON report for VIR-133.05 Verify that the text is overlaid on the banner to file /Users/rodionsavchuk/hybrisAutomation/virco-automatedtests/target/site/serenity/bf1a934735e5d669eada1b870d663ecb425f20e68617bfb53654f05d12656a5f.json (using temp file /Users/rodionsavchuk/hybrisAutomation/virco-automatedtests/target/site/serenity/bf1a934735e5d669eada1b870d663ecb425f20e68617bfb53654f05d12656a5f.jsonbbe684eb-1d9a-43b5-bc48-12326fa49a32)
[pool-1-thread-2] INFO net.thucydides.core.reports.json.JSONTestOutcomeReporter - Generating JSON report for VIR-133.06 Verify that the Page title "Products by Category" is shown to the shopper to file /Users/rodionsavchuk/hybrisAutomation/virco-automatedtests/target/site/serenity/e3d83e5f621b42696d81ce997061a34362f9a4bb6639aa90f2db1d4db4b51d64.json (using temp file /Users/rodionsavchuk/hybrisAutomation/virco-automatedtests/target/site/serenity/e3d83e5f621b42696d81ce997061a34362f9a4bb6639aa90f2db1d4db4b51d64.jsona138e1f8-58ba-4905-b584-fa7f9424d15e)
[pool-1-thread-4] INFO net.thucydides.core.reports.json.JSONTestOutcomeReporter - Generating JSON report for VIR-133.07 Verify that the following page categories are shown to file /Users/rodionsavchuk/hybrisAutomation/virco-automatedtests/target/site/serenity/1d12cdceb7058d9417a7bb7107783782f643d4ed988f36376903b230848c1f01.json (using temp file /Users/rodionsavchuk/hybrisAutomation/virco-automatedtests/target/site/serenity/1d12cdceb7058d9417a7bb7107783782f643d4ed988f36376903b230848c1f01.jsonea74b994-7fe6-4d1a-aad0-1ea920a68182)
[pool-1-thread-3] INFO net.thucydides.core.reports.json.JSONTestOutcomeReporter - Generating JSON report for VIR-134.01 Verify that the content admin can create quick links to file /Users/rodionsavchuk/hybrisAutomation/virco-automatedtests/target/site/serenity/40d81346ba58c0f71fcf613db8a0a63c8ecb26e1fd4aaa8d151a703d15657b0e.json (using temp file /Users/rodionsavchuk/hybrisAutomation/virco-automatedtests/target/site/serenity/40d81346ba58c0f71fcf613db8a0a63c8ecb26e1fd4aaa8d151a703d15657b0e.json8996b14c-98f4-4926-a80c-1553c80e3321)
[pool-1-thread-2] INFO net.thucydides.core.reports.json.JSONTestOutcomeReporter - Generating JSON report for VIR-134.02 Verify that the content admin can edit quick links to file /Users/rodionsavchuk/hybrisAutomation/virco-automatedtests/target/site/serenity/41734951e0ed56f455a46612ce22533ae97fded928f274893c4007976da87481.json (using temp file /Users/rodionsavchuk/hybrisAutomation/virco-automatedtests/target/site/serenity/41734951e0ed56f455a46612ce22533ae97fded928f274893c4007976da87481.jsond6ca41bc-6ac7-4e21-9df9-0c47061cb93a)
[pool-1-thread-4] INFO net.thucydides.core.reports.json.JSONTestOutcomeReporter - Generating JSON report for VIR-134.03 Verify that the content admin can delete quick links to file /Users/rodionsavchuk/hybrisAutomation/virco-automatedtests/target/site/serenity/e1618d2dbdbd929514ab60461040a335e53fc3975e4d58436fa87a8251365ba9.json (using temp file /Users/rodionsavchuk/hybrisAutomation/virco-automatedtests/target/site/serenity/e1618d2dbdbd929514ab60461040a335e53fc3975e4d58436fa87a8251365ba9.json8744cdaa-900d-43da-ad7c-135278feed2f)
[pool-1-thread-3] INFO net.thucydides.core.reports.json.JSONTestOutcomeReporter - Generating JSON report for VIR-134.04 Verify that the following quick links are on the site to file /Users/rodionsavchuk/hybrisAutomation/virco-automatedtests/target/site/serenity/58e0a8ef376111f4675fa1030f00d436b8d6a2832054b645999dc268d4b4012c.json (using temp file /Users/rodionsavchuk/hybrisAutomation/virco-automatedtests/target/site/serenity/58e0a8ef376111f4675fa1030f00d436b8d6a2832054b645999dc268d4b4012c.json46e85612-9cbe-441d-bc07-b3e9f2f8d1db)
[pool-1-thread-2] INFO net.thucydides.core.reports.json.JSONTestOutcomeReporter - Generating JSON report for VIR-135.01 Verify that the Ordering Information page is opened after click on its link in footer to file /Users/rodionsavchuk/hybrisAutomation/virco-automatedtests/target/site/serenity/fe76c656848baf193220d07591a15ba921e649f837da4d5f226eb2f9ac003e5c.json (using temp file /Users/rodionsavchuk/hybrisAutomation/virco-automatedtests/target/site/serenity/fe76c656848baf193220d07591a15ba921e649f837da4d5f226eb2f9ac003e5c.jsonf1a136b5-1521-4645-b4a3-674a82103056)
[pool-1-thread-1] INFO net.thucydides.core.reports.json.JSONTestOutcomeReporter - Generating JSON report for VIR-135.02 Verify that the content admin can delete the content pages to file /Users/rodionsavchuk/hybrisAutomation/virco-automatedtests/target/site/serenity/5533f47726ef60c7255b243fb3be58293db2609f695eaae058c94f3666f174ad.json (using temp file /Users/rodionsavchuk/hybrisAutomation/virco-automatedtests/target/site/serenity/5533f47726ef60c7255b243fb3be58293db2609f695eaae058c94f3666f174ad.json8a3e6d79-8ef9-414b-a792-99bfd4cb81d9)
[pool-1-thread-4] INFO net.thucydides.core.reports.json.JSONTestOutcomeReporter - Generating JSON report for VIR-135.03 Verify that the content admin can add content pages to file /Users/rodionsavchuk/hybrisAutomation/virco-automatedtests/target/site/serenity/19f3109b1b55611ab680e27660e62d6759a92a3ed1a61ff3b5490abbe9a15fb1.json (using temp file /Users/rodionsavchuk/hybrisAutomation/virco-automatedtests/target/site/serenity/19f3109b1b55611ab680e27660e62d6759a92a3ed1a61ff3b5490abbe9a15fb1.jsonb8777b24-b8f3-41fb-8399-7ce95041d8c3)
[pool-1-thread-2] INFO net.thucydides.core.reports.html.HtmlAcceptanceTestReporter - GENERATING HTML REPORT FOR CNT-2 - Component Maintenance:VIR-129.01 Verify that the content admin can add a rotating theme by using template in 2baaeb277c29c1f85062130a60bafea2167a5c2dd87a93c69ad94698238c35ee.html in directory target/site/serenity  
[pool-1-thread-3] INFO net.thucydides.core.reports.html.HtmlAcceptanceTestReporter - GENERATING HTML REPORT FOR CNT-1 - WCMS Site Maintenance:VIR-128.01 Verify that the OOTB Hybris is configured in f9e291a91d7fb0708996a6c172c79994e2f3e3dc027f9c744e43835d2210c73e.html in directory target/site/serenity  
[pool-1-thread-1] INFO net.thucydides.core.reports.html.HtmlAcceptanceTestReporter - GENERATING HTML REPORT FOR CNT-2 - Component Maintenance:VIR-129.02 Verify that the content admin can promo message by using template in 5c582eac1cc160864035d84f14577b2a4b307d178776baf5d94402a8f33a570b.html in directory target/site/serenity  
[pool-1-thread-4] INFO net.thucydides.core.reports.html.HtmlAcceptanceTestReporter - GENERATING HTML REPORT FOR CNT-2 - Component Maintenance:VIR-129.03 Verify that the content admin can add installation slot by using template in e2ad5898b62d8e77d283000b0832f5fb0d67d58608b2ea1e947bdb3eaa4f7f13.html in directory target/site/serenity  
[pool-1-thread-3] INFO net.thucydides.core.reports.html.HtmlAcceptanceTestReporter - GENERATING HTML REPORT FOR CNT-2 - Component Maintenance:VIR-129.04 Verify that the content admin can add a product recommendation component on the page template by using template in 2568cbeed2bdf1850ea694b2c61bf8c9430c3ac453a0d1b2f15e169595434015.html in directory target/site/serenity  
[pool-1-thread-2] INFO net.thucydides.core.reports.html.HtmlAcceptanceTestReporter - GENERATING HTML REPORT FOR CNT-2 - Component Maintenance:VIR-129.05 Verify that the content admin can add a quick ship component on the template page in 03a37ae243f19fd5e4074c51364f3accdea994f94fbe9bfc0888dbf6b3fcb296.html in directory target/site/serenity  
[pool-1-thread-4] INFO net.thucydides.core.reports.html.HtmlAcceptanceTestReporter - GENERATING HTML REPORT FOR CNT-2 - Component Maintenance:VIR-129.06 Verify that the content admin can add a popular category on the template page in 4cb24bf6eab810d97c001f653ce7ec4c2620e8ef80649c431bc47d31554e7dfa.html in directory target/site/serenity  
[pool-1-thread-1] INFO net.thucydides.core.reports.html.HtmlAcceptanceTestReporter - GENERATING HTML REPORT FOR CNT-2 - Component Maintenance:VIR-129.07 Verify that the content admin can add a product images component on the template page in b14d7ddd1213e2b3e327a1da59a5f30243e7b1413ece781e8217d0475b1d4ba5.html in directory target/site/serenity  
[pool-1-thread-3] INFO net.thucydides.core.reports.html.HtmlAcceptanceTestReporter - GENERATING HTML REPORT FOR CNT-2 - Component Maintenance:VIR-129.08 Verify that the content admin can edit promo message/popular category. in 0b72d581cee195fdedb17f43f946f9e8a6bd5762bb612b26fbaf09d9905941a0.html in directory target/site/serenity  
[pool-1-thread-4] INFO net.thucydides.core.reports.html.HtmlAcceptanceTestReporter - GENERATING HTML REPORT FOR CNT-2 - Component Maintenance:VIR-129.09 Verify that the content admin can delete promo message/popular category. in e3f11c0e315cea47d82b81aeec1d5d4ec6688676c143e6c8bd85b536ee39abf1.html in directory target/site/serenity  
[pool-1-thread-2] INFO net.thucydides.core.reports.html.HtmlAcceptanceTestReporter - GENERATING HTML REPORT FOR CNT-2 - Component Maintenance:VIR-129.10 Verify that the site has a look, configured by content admin in 100947bcc68d92490597dd6eed62bf55d5857e1335d30b52c2a0a2894d214fe7.html in directory target/site/serenity  
[pool-1-thread-3] INFO net.thucydides.core.reports.html.HtmlAcceptanceTestReporter - GENERATING HTML REPORT FOR CNT-2 - Component Maintenance:VIR-166.01 Verify the rotating carousel is added on the home page in 41045224dd55f49d371e9fd4a455c28d0acc2a203f1c37c0d89de600b26d38ef.html in directory target/site/serenity  
[pool-1-thread-4] INFO net.thucydides.core.reports.html.HtmlAcceptanceTestReporter - GENERATING HTML REPORT FOR CNT-2 - Component Maintenance:VIR-166.03 Verify that the changes applied to the home page on the WCMS are shown on the site in b9eb3619ad92be0ca6909f8288eb5393e840f6227de55c87423f32dd621971c6.html in directory target/site/serenity  
[pool-1-thread-3] INFO net.thucydides.core.reports.html.HtmlAcceptanceTestReporter - GENERATING HTML REPORT FOR CNT-2 - Component Maintenance:VIR-166.04 Verify installation slot in edcb380d350a80cdf46587ae5741ec066978cdd8e0c97472caf730194b651304.html in directory target/site/serenity  
[pool-1-thread-2] INFO net.thucydides.core.reports.html.HtmlAcceptanceTestReporter - GENERATING HTML REPORT FOR CNT-2 - Component Maintenance:VIR-166.04 Verify changes on the site in 5f43c632221e66e649cb566b95c8c39021872b2cfde3c52fd524b9428955bf6f.html in directory target/site/serenity  
[pool-1-thread-4] INFO net.thucydides.core.reports.html.HtmlAcceptanceTestReporter - GENERATING HTML REPORT FOR CNT-2 - Component Maintenance:VIR-166.06 Return changes for carousel in 666f9c30485604a0d8f915e21943e7e88d01015ce9092eafebcdb74a2aa69881.html in directory target/site/serenity  
[pool-1-thread-3] INFO net.thucydides.core.reports.html.HtmlAcceptanceTestReporter - GENERATING HTML REPORT FOR CNT-3 - Banners:VIR-130.01 Verify that the content Admin can add new banner in bb79537bca7a8b871c5b64cd1153742bc23c54e46592c06f822f87770b2e8b8a.html in directory target/site/serenity  
[pool-1-thread-3] INFO net.thucydides.core.reports.html.HtmlAcceptanceTestReporter - GENERATING HTML REPORT FOR CNT-3 - Banners:VIR-130.03 Verify that the content admin can delete the banner in b41d3443e6a4853ebf7ef1692db7b2b9a12b9d62f5b7166287c8c85636ccdf3f.html in directory target/site/serenity  
[pool-1-thread-2] INFO net.thucydides.core.reports.html.HtmlAcceptanceTestReporter - GENERATING HTML REPORT FOR CNT-3 - Banners:VIR-130.02 Verify that the content admin can edit the banner in 8473ae2e239acb5c9594f6482f5f79bb4500c946dd2d245bf5d2caa427a8a26f.html in directory target/site/serenity  
[pool-1-thread-4] INFO net.thucydides.core.reports.html.HtmlAcceptanceTestReporter - GENERATING HTML REPORT FOR CNT-3 - Banners:VIR-130.04 Verify that the site has a look, configured by content admin in 095ee6a7aed460c2ab7447a892b708f667ca6eb3d2b246703cb79d76aaa66edd.html in directory target/site/serenity  
[pool-1-thread-3] INFO net.thucydides.core.reports.html.HtmlAcceptanceTestReporter - GENERATING HTML REPORT FOR CNT-4 - Security Compliance:VIR-375.01 Unable to open the "Verisign terms and policy" page except through the Contact Us page in 3d31ca4ca17ccedf663fa492c24dc92f29157766fcfb628ecd61645c9255a53a.html in directory target/site/serenity  
[pool-1-thread-4] INFO net.thucydides.core.reports.html.HtmlAcceptanceTestReporter - GENERATING HTML REPORT FOR CNT-4 - Security Compliance:VIR-131.02 Verify that the content Admin can delete terms, security and compliance in ceb7302073899bbe72c923c378b3dfb15f405875b937887a17bf4cff9988ce11.html in directory target/site/serenity  
[pool-1-thread-2] INFO net.thucydides.core.reports.html.HtmlAcceptanceTestReporter - GENERATING HTML REPORT FOR CNT-4 - Security Compliance:VIR-131.03 Verify that the content Admin can add terms, security and compliance in afbc2d2c12a820e7bd8ff57fd665dcbf835c82e12b10214fa792d713e6b209c6.html in directory target/site/serenity  
[pool-1-thread-3] INFO net.thucydides.core.reports.html.HtmlAcceptanceTestReporter - GENERATING HTML REPORT FOR CNT-4 - Security Compliance:VIR-131.04 Verify that the content Admin can edit terms, security and compliance in 11123f2712ee38abf08a7255e58490510ce459b677c6317a48c1c5a02bad5899.html in directory target/site/serenity  
[pool-1-thread-2] INFO net.thucydides.core.reports.html.HtmlAcceptanceTestReporter - GENERATING HTML REPORT FOR CNT-4 - Security Compliance:VIR-131.05 Return changes in 481bc60c8e1753c36167a06d3e94715ec6bdb3bc0fa2de75bc3b701c703a0740.html in directory target/site/serenity  
[pool-1-thread-3] INFO net.thucydides.core.reports.html.HtmlAcceptanceTestReporter - GENERATING HTML REPORT FOR CNT-5 - Brand Management:VIR-132.02 Verify that the content admin can edit restriction for the desired customizations. in 21c25b56faab758e879fe49e985016e5e5212c7b9214f355a35317a785ad4edd.html in directory target/site/serenity  
[pool-1-thread-4] INFO net.thucydides.core.reports.html.HtmlAcceptanceTestReporter - GENERATING HTML REPORT FOR CNT-5 - Brand Management:VIR-132.01 Verify that the content admin can add restriction for the desired customizations. in 012fbd4c99dbed94980068932c3b9900aa40fcbd0f147abb3c9b18198ccfee2c.html in directory target/site/serenity  
[pool-1-thread-3] INFO net.thucydides.core.reports.html.HtmlAcceptanceTestReporter - GENERATING HTML REPORT FOR CNT-5 - Brand Management:VIR-132.03 Verify that the content admin can delete restriction for the desired customizations. in f6bd8472778e2535a4b9144aa99d3240dacf17fdc0647b30ce75c3b787f53d15.html in directory target/site/serenity  
[pool-1-thread-2] INFO net.thucydides.core.reports.html.HtmlAcceptanceTestReporter - GENERATING HTML REPORT FOR CNT-5 - Brand Management:VIR-132.04 Verify that the restrictions can be added to the following in bb312434987ad8333f1a82d90084aa3d1109fed7e9f40f25770d63e0cb749be9.html in directory target/site/serenity  
[pool-1-thread-4] INFO net.thucydides.core.reports.html.HtmlAcceptanceTestReporter - GENERATING HTML REPORT FOR CNT-6 - Content Slots:VIR-133.01 Verify that the content admin can delete the banner, title and categories through the WCMS in d10c471b31104c36cff5887c55a7bc150eababcb1937fa5a395a48f11580da2f.html in directory target/site/serenity  
[pool-1-thread-3] INFO net.thucydides.core.reports.html.HtmlAcceptanceTestReporter - GENERATING HTML REPORT FOR CNT-6 - Content Slots:VIR-133.02 Verify that the content admin can add the banner, title and categories through the WCMS in 3bb00edc8b11547b9ac39ca5a5696c45f1e0d290628ccd73684e0832986f1e71.html in directory target/site/serenity  
[pool-1-thread-2] INFO net.thucydides.core.reports.html.HtmlAcceptanceTestReporter - GENERATING HTML REPORT FOR CNT-6 - Content Slots:VIR-133.03 Verify that the content admin can edit the banner, title and categories through the WCMS in bf784fb294e81a8a6ed3e34f569b9b326b48ffb8cfb4166224a8840cbf362e21.html in directory target/site/serenity  
[pool-1-thread-2] INFO net.thucydides.core.reports.html.HtmlAcceptanceTestReporter - GENERATING HTML REPORT FOR CNT-6 - Content Slots:VIR-133.04 Verify that the Banner is shown to the shopper on the home page in 4c2884489ffe2042fbe11e4563b220cac104e5129e32868a3f1d6600011e076b.html in directory target/site/serenity  
[pool-1-thread-3] INFO net.thucydides.core.reports.html.HtmlAcceptanceTestReporter - GENERATING HTML REPORT FOR CNT-6 - Content Slots:VIR-133.05 Verify that the text is overlaid on the banner in bf1a934735e5d669eada1b870d663ecb425f20e68617bfb53654f05d12656a5f.html in directory target/site/serenity  
[pool-1-thread-4] INFO net.thucydides.core.reports.html.HtmlAcceptanceTestReporter - GENERATING HTML REPORT FOR CNT-6 - Content Slots:VIR-133.06 Verify that the Page title "Products by Category" is shown to the shopper in e3d83e5f621b42696d81ce997061a34362f9a4bb6639aa90f2db1d4db4b51d64.html in directory target/site/serenity  
[pool-1-thread-2] INFO net.thucydides.core.reports.html.HtmlAcceptanceTestReporter - GENERATING HTML REPORT FOR CNT-6 - Content Slots:VIR-133.07 Verify that the following page categories are shown in 1d12cdceb7058d9417a7bb7107783782f643d4ed988f36376903b230848c1f01.html in directory target/site/serenity  
[pool-1-thread-4] INFO net.thucydides.core.reports.html.HtmlAcceptanceTestReporter - GENERATING HTML REPORT FOR CNT-7 - Quick Links:VIR-134.01 Verify that the content admin can create quick links in 40d81346ba58c0f71fcf613db8a0a63c8ecb26e1fd4aaa8d151a703d15657b0e.html in directory target/site/serenity  
[pool-1-thread-2] INFO net.thucydides.core.reports.html.HtmlAcceptanceTestReporter - GENERATING HTML REPORT FOR CNT-7 - Quick Links:VIR-134.02 Verify that the content admin can edit quick links in 41734951e0ed56f455a46612ce22533ae97fded928f274893c4007976da87481.html in directory target/site/serenity  
[pool-1-thread-3] INFO net.thucydides.core.reports.html.HtmlAcceptanceTestReporter - GENERATING HTML REPORT FOR CNT-7 - Quick Links:VIR-134.03 Verify that the content admin can delete quick links in e1618d2dbdbd929514ab60461040a335e53fc3975e4d58436fa87a8251365ba9.html in directory target/site/serenity  
[pool-1-thread-4] INFO net.thucydides.core.reports.html.HtmlAcceptanceTestReporter - GENERATING HTML REPORT FOR CNT-7 - Quick Links:VIR-134.04 Verify that the following quick links are on the site in 58e0a8ef376111f4675fa1030f00d436b8d6a2832054b645999dc268d4b4012c.html in directory target/site/serenity  
[pool-1-thread-4] INFO net.thucydides.core.reports.html.HtmlAcceptanceTestReporter - GENERATING HTML REPORT FOR CNT-8 - Order Information:VIR-135.02 Verify that the content admin can delete the content pages in 5533f47726ef60c7255b243fb3be58293db2609f695eaae058c94f3666f174ad.html in directory target/site/serenity  
[pool-1-thread-2] INFO net.thucydides.core.reports.html.HtmlAcceptanceTestReporter - GENERATING HTML REPORT FOR CNT-8 - Order Information:VIR-135.01 Verify that the Ordering Information page is opened after click on its link in footer in fe76c656848baf193220d07591a15ba921e649f837da4d5f226eb2f9ac003e5c.html in directory target/site/serenity  
[pool-1-thread-3] INFO net.thucydides.core.reports.html.HtmlAcceptanceTestReporter - GENERATING HTML REPORT FOR CNT-8 - Order Information:VIR-135.03 Verify that the content admin can add content pages in 19f3109b1b55611ab680e27660e62d6759a92a3ed1a61ff3b5490abbe9a15fb1.html in directory target/site/serenity  
[pool-1-thread-1] INFO net.thucydides.core.reports.html.HtmlAcceptanceTestReporter - GENERATING HTML REPORT FOR CNT-2 - Component Maintenance:VIR-166.02 Verify that the each Banner has Rotating Theme, promotional message and installation slots in 0608016defba6ce482ab704a7f99aa4784d409932878aab3566e62c6acd4c3be.html in directory target/site/serenity  
[main] INFO net.serenitybdd.core.Serenity - 
 _____ _____ ____ _____   ____ _____  _    ____ _____ _____ ____  
|_   _| ____/ ___|_   _| / ___|_   _|/ \  |  _ \_   _| ____|  _ \ 
  | | |  _| \___ \ | |   \___ \ | | / _ \ | |_) || | |  _| | | | |
  | | | |___ ___) || |    ___) || |/ ___ \|  _ < | | | |___| |_| |
  |_| |_____|____/ |_|   |____/ |_/_/   \_\_| \_\|_| |_____|____/ 
                                                                  

TEST STARTED: VIR-135.04 Verify that the content admin can edit content pages
-------------------------------------------------------------------(cnt-8---order-information;vir-135.04-verify-that-the-content-admin-can-edit-content-pages)
[main] INFO net.serenitybdd.core.Serenity - STARTING STEP Given open "CMS" page
[main] INFO net.serenitybdd.core.Serenity - STARTING STEP Open management page: CMS
[main] INFO net.serenitybdd.core.Serenity - STEP ERROR: net.serenitybdd.core.exceptions.SerenityManagedException: Could not initialize class com.virco.locators.SiteData
]]></system-err>
  </testcase>
  <testcase name="Scenario: VIR-135.04 Verify that the content admin can edit content pages" classname="Scenario: VIR-135.04 Verify that the content admin can edit content pages" time="0.002">
    <error message="Could not initialize class com.virco.locators.SiteData" type="net.serenitybdd.core.exceptions.SerenityManagedException"><![CDATA[net.serenitybdd.core.exceptions.SerenityManagedException: Could not initialize class com.virco.locators.SiteData
	at com.virco.steps.serenity.CommonUserSteps.openManagementPage(CommonUserSteps.java:26)
	at com.virco.steps.serenity.CommonUserSteps$$EnhancerByCGLIB$$d8541bfa.CGLIB$openManagementPage$7(<generated>)
	at com.virco.steps.serenity.CommonUserSteps$$EnhancerByCGLIB$$d8541bfa$$FastClassByCGLIB$$ea8e0f86.invoke(<generated>)
	at net.sf.cglib.proxy.MethodProxy.invokeSuper(MethodProxy.java:228)
	at net.thucydides.core.steps.StepInterceptor.invokeMethod(StepInterceptor.java:372)
	at net.thucydides.core.steps.StepInterceptor.executeTestStepMethod(StepInterceptor.java:357)
	at net.thucydides.core.steps.StepInterceptor.runTestStep(StepInterceptor.java:332)
	at net.thucydides.core.steps.StepInterceptor.testStepResult(StepInterceptor.java:134)
	at net.thucydides.core.steps.StepInterceptor.intercept(StepInterceptor.java:61)
	at com.virco.steps.serenity.CommonUserSteps$$EnhancerByCGLIB$$d8541bfa.openManagementPage(<generated>)
	at com.virco.steps.CommonDefinitionSteps.openPage(CommonDefinitionSteps.java:22)
	at sun.reflect.NativeMethodAccessorImpl.invoke0(Native Method)
	at sun.reflect.NativeMethodAccessorImpl.invoke(NativeMethodAccessorImpl.java:62)
	at sun.reflect.DelegatingMethodAccessorImpl.invoke(DelegatingMethodAccessorImpl.java:43)
	at java.lang.reflect.Method.invoke(Method.java:498)
	at cucumber.runtime.Utils$1.call(Utils.java:40)
	at cucumber.runtime.Timeout.timeout(Timeout.java:16)
	at cucumber.runtime.Utils.invoke(Utils.java:34)
	at cucumber.runtime.java.JavaStepDefinition.execute(JavaStepDefinition.java:38)
	at cucumber.runtime.StepDefinitionMatch.runStep(StepDefinitionMatch.java:37)
	at cucumber.runtime.Runtime.runStep(Runtime.java:300)
	at cucumber.runtime.model.StepContainer.runStep(StepContainer.java:44)
	at cucumber.runtime.model.StepContainer.runSteps(StepContainer.java:39)
	at cucumber.runtime.model.CucumberScenario.run(CucumberScenario.java:44)
	at cucumber.runtime.junit.ExecutionUnitRunner.run(ExecutionUnitRunner.java:102)
	at cucumber.runtime.junit.FeatureRunner.runChild(FeatureRunner.java:63)
	at cucumber.runtime.junit.FeatureRunner.runChild(FeatureRunner.java:18)
	at org.junit.runners.ParentRunner$3.run(ParentRunner.java:290)
	at org.junit.runners.ParentRunner$1.schedule(ParentRunner.java:71)
	at org.junit.runners.ParentRunner.runChildren(ParentRunner.java:288)
	at org.junit.runners.ParentRunner.access$000(ParentRunner.java:58)
	at org.junit.runners.ParentRunner$2.evaluate(ParentRunner.java:268)
	at org.junit.runners.ParentRunner.run(ParentRunner.java:363)
	at cucumber.runtime.junit.FeatureRunner.run(FeatureRunner.java:70)
	at cucumber.api.junit.Cucumber.runChild(Cucumber.java:95)
	at cucumber.api.junit.Cucumber.runChild(Cucumber.java:38)
	at org.junit.runners.ParentRunner$3.run(ParentRunner.java:290)
	at org.junit.runners.ParentRunner$1.schedule(ParentRunner.java:71)
	at org.junit.runners.ParentRunner.runChildren(ParentRunner.java:288)
	at org.junit.runners.ParentRunner.access$000(ParentRunner.java:58)
	at org.junit.runners.ParentRunner$2.evaluate(ParentRunner.java:268)
	at org.junit.runners.ParentRunner.run(ParentRunner.java:363)
	at cucumber.api.junit.Cucumber.run(Cucumber.java:100)
	at org.apache.maven.surefire.junit4.JUnit4Provider.execute(JUnit4Provider.java:283)
	at org.apache.maven.surefire.junit4.JUnit4Provider.executeWithRerun(JUnit4Provider.java:173)
	at org.apache.maven.surefire.junit4.JUnit4Provider.executeTestSet(JUnit4Provider.java:153)
	at org.apache.maven.surefire.junit4.JUnit4Provider.invoke(JUnit4Provider.java:128)
	at org.apache.maven.surefire.booter.ForkedBooter.invokeProviderInSameClassLoader(ForkedBooter.java:203)
	at org.apache.maven.surefire.booter.ForkedBooter.runSuitesInProcess(ForkedBooter.java:155)
	at org.apache.maven.surefire.booter.ForkedBooter.main(ForkedBooter.java:103)
]]></error>
  </testcase>
  <testcase name="When login as &quot;cmsmanager&quot;" classname="Scenario: VIR-135.04 Verify that the content admin can edit content pages" time="0">
    <skipped/>
    <system-err><![CDATA[[main] INFO net.serenitybdd.core.Serenity - STEP ERROR: java.lang.NoClassDefFoundError: Could not initialize class com.virco.locators.SiteData
[main] INFO net.serenitybdd.core.Serenity - STARTING STEP When login as "cmsmanager"
]]></system-err>
  </testcase>
  <testcase name="When select &quot;Staged&quot; content catalog" classname="Scenario: VIR-135.04 Verify that the content admin can edit content pages" time="0">
    <skipped/>
    <system-err><![CDATA[[main] INFO net.serenitybdd.core.Serenity - IGNORING STEP
[main] INFO net.serenitybdd.core.Serenity - STARTING STEP When select "Staged" content catalog
]]></system-err>
  </testcase>
  <testcase name="When search for &quot;orderingInfo&quot; content" classname="Scenario: VIR-135.04 Verify that the content admin can edit content pages" time="0">
    <skipped/>
    <system-err><![CDATA[[main] INFO net.serenitybdd.core.Serenity - IGNORING STEP
[main] INFO net.serenitybdd.core.Serenity - STARTING STEP When search for "orderingInfo" content
]]></system-err>
  </testcase>
  <testcase name="When double click on &quot;orderingInfo&quot; content page" classname="Scenario: VIR-135.04 Verify that the content admin can edit content pages" time="0">
    <skipped/>
    <system-err><![CDATA[[main] INFO net.serenitybdd.core.Serenity - IGNORING STEP
[main] INFO net.serenitybdd.core.Serenity - STARTING STEP When double click on "orderingInfo" content page
]]></system-err>
  </testcase>
  <testcase name="When click on &quot;Edit&quot; button in &quot;Section2B&quot; slot" classname="Scenario: VIR-135.04 Verify that the content admin can edit content pages" time="0">
    <skipped/>
    <system-err><![CDATA[[main] INFO net.serenitybdd.core.Serenity - IGNORING STEP
[main] INFO net.serenitybdd.core.Serenity - STARTING STEP When click on "Edit" button in "Section2B" slot
]]></system-err>
  </testcase>
  <testcase name="When enter &quot;OrderingInformationTest&quot; in content component editor" classname="Scenario: VIR-135.04 Verify that the content admin can edit content pages" time="0">
    <skipped/>
    <system-err><![CDATA[[main] INFO net.serenitybdd.core.Serenity - IGNORING STEP
[main] INFO net.serenitybdd.core.Serenity - STARTING STEP When enter "OrderingInformationTest" in content component editor
]]></system-err>
  </testcase>
  <testcase name="When synchronize the product" classname="Scenario: VIR-135.04 Verify that the content admin can edit content pages" time="0">
    <skipped/>
    <system-err><![CDATA[[main] INFO net.serenitybdd.core.Serenity - IGNORING STEP
[main] INFO net.serenitybdd.core.Serenity - STARTING STEP When synchronize the product
]]></system-err>
  </testcase>
  <testcase name="Then the action button title is &quot;Status: Synchronized&quot;" classname="Scenario: VIR-135.04 Verify that the content admin can edit content pages" time="0">
    <skipped/>
    <system-err><![CDATA[[main] INFO net.serenitybdd.core.Serenity - IGNORING STEP
[main] INFO net.serenitybdd.core.Serenity - STARTING STEP Then the action button title is "Status: Synchronized"
]]></system-err>
  </testcase>
  <testcase name="Given open &quot;CMS&quot; page" classname="Scenario: VIR-135.05 Verify that the content admin can manage where the page is shown" time="0.004">
    <error message="Could not initialize class com.virco.locators.SiteData" type="net.serenitybdd.core.exceptions.SerenityManagedException"><![CDATA[net.serenitybdd.core.exceptions.SerenityManagedException: Could not initialize class com.virco.locators.SiteData
	at com.virco.steps.serenity.CommonUserSteps.openManagementPage(CommonUserSteps.java:26)
	at com.virco.steps.serenity.CommonUserSteps$$EnhancerByCGLIB$$d8541bfa.CGLIB$openManagementPage$7(<generated>)
	at com.virco.steps.serenity.CommonUserSteps$$EnhancerByCGLIB$$d8541bfa$$FastClassByCGLIB$$ea8e0f86.invoke(<generated>)
	at net.sf.cglib.proxy.MethodProxy.invokeSuper(MethodProxy.java:228)
	at net.thucydides.core.steps.StepInterceptor.invokeMethod(StepInterceptor.java:372)
	at net.thucydides.core.steps.StepInterceptor.executeTestStepMethod(StepInterceptor.java:357)
	at net.thucydides.core.steps.StepInterceptor.runTestStep(StepInterceptor.java:332)
	at net.thucydides.core.steps.StepInterceptor.testStepResult(StepInterceptor.java:134)
	at net.thucydides.core.steps.StepInterceptor.intercept(StepInterceptor.java:61)
	at com.virco.steps.serenity.CommonUserSteps$$EnhancerByCGLIB$$d8541bfa.openManagementPage(<generated>)
	at com.virco.steps.CommonDefinitionSteps.openPage(CommonDefinitionSteps.java:22)
	at sun.reflect.NativeMethodAccessorImpl.invoke0(Native Method)
	at sun.reflect.NativeMethodAccessorImpl.invoke(NativeMethodAccessorImpl.java:62)
	at sun.reflect.DelegatingMethodAccessorImpl.invoke(DelegatingMethodAccessorImpl.java:43)
	at java.lang.reflect.Method.invoke(Method.java:498)
	at cucumber.runtime.Utils$1.call(Utils.java:40)
	at cucumber.runtime.Timeout.timeout(Timeout.java:16)
	at cucumber.runtime.Utils.invoke(Utils.java:34)
	at cucumber.runtime.java.JavaStepDefinition.execute(JavaStepDefinition.java:38)
	at cucumber.runtime.StepDefinitionMatch.runStep(StepDefinitionMatch.java:37)
	at cucumber.runtime.Runtime.runStep(Runtime.java:300)
	at cucumber.runtime.model.StepContainer.runStep(StepContainer.java:44)
	at cucumber.runtime.model.StepContainer.runSteps(StepContainer.java:39)
	at cucumber.runtime.model.CucumberScenario.run(CucumberScenario.java:44)
	at cucumber.runtime.junit.ExecutionUnitRunner.run(ExecutionUnitRunner.java:102)
	at cucumber.runtime.junit.FeatureRunner.runChild(FeatureRunner.java:63)
	at cucumber.runtime.junit.FeatureRunner.runChild(FeatureRunner.java:18)
	at org.junit.runners.ParentRunner$3.run(ParentRunner.java:290)
	at org.junit.runners.ParentRunner$1.schedule(ParentRunner.java:71)
	at org.junit.runners.ParentRunner.runChildren(ParentRunner.java:288)
	at org.junit.runners.ParentRunner.access$000(ParentRunner.java:58)
	at org.junit.runners.ParentRunner$2.evaluate(ParentRunner.java:268)
	at org.junit.runners.ParentRunner.run(ParentRunner.java:363)
	at cucumber.runtime.junit.FeatureRunner.run(FeatureRunner.java:70)
	at cucumber.api.junit.Cucumber.runChild(Cucumber.java:95)
	at cucumber.api.junit.Cucumber.runChild(Cucumber.java:38)
	at org.junit.runners.ParentRunner$3.run(ParentRunner.java:290)
	at org.junit.runners.ParentRunner$1.schedule(ParentRunner.java:71)
	at org.junit.runners.ParentRunner.runChildren(ParentRunner.java:288)
	at org.junit.runners.ParentRunner.access$000(ParentRunner.java:58)
	at org.junit.runners.ParentRunner$2.evaluate(ParentRunner.java:268)
	at org.junit.runners.ParentRunner.run(ParentRunner.java:363)
	at cucumber.api.junit.Cucumber.run(Cucumber.java:100)
	at org.apache.maven.surefire.junit4.JUnit4Provider.execute(JUnit4Provider.java:283)
	at org.apache.maven.surefire.junit4.JUnit4Provider.executeWithRerun(JUnit4Provider.java:173)
	at org.apache.maven.surefire.junit4.JUnit4Provider.executeTestSet(JUnit4Provider.java:153)
	at org.apache.maven.surefire.junit4.JUnit4Provider.invoke(JUnit4Provider.java:128)
	at org.apache.maven.surefire.booter.ForkedBooter.invokeProviderInSameClassLoader(ForkedBooter.java:203)
	at org.apache.maven.surefire.booter.ForkedBooter.runSuitesInProcess(ForkedBooter.java:155)
	at org.apache.maven.surefire.booter.ForkedBooter.main(ForkedBooter.java:103)
]]></error>
    <system-err><![CDATA[[main] INFO net.serenitybdd.core.Serenity - IGNORING STEP
[main] ERROR net.serenitybdd.core.Serenity - 
           __  _____ _____ ____ _____   _____ _    ___ _     _____ ____  
  _       / / |_   _| ____/ ___|_   _| |  ___/ \  |_ _| |   | ____|  _ \ 
 (_)_____| |    | | |  _| \___ \ | |   | |_ / _ \  | || |   |  _| | | | |
  _|_____| |    | | | |___ ___) || |   |  _/ ___ \ | || |___| |___| |_| |
 (_)     | |    |_| |_____|____/ |_|   |_|/_/   \_\___|_____|_____|____/ 
          \_\                                                            

TEST FAILED WITH ERROR: VIR-135.04 Verify that the content admin can edit content pages
---------------------------------------------------------------------
[main] ERROR net.serenitybdd.core.Serenity - TEST FAILED AT STEP Open management page: CMS
[main] ERROR net.serenitybdd.core.Serenity - Could not initialize class com.virco.locators.SiteData
[pool-1-thread-4] INFO net.thucydides.core.reports.json.JSONTestOutcomeReporter - Generating JSON report for VIR-128.01 Verify that the OOTB Hybris is configured to file /Users/rodionsavchuk/hybrisAutomation/virco-automatedtests/target/site/serenity/f9e291a91d7fb0708996a6c172c79994e2f3e3dc027f9c744e43835d2210c73e.json (using temp file /Users/rodionsavchuk/hybrisAutomation/virco-automatedtests/target/site/serenity/f9e291a91d7fb0708996a6c172c79994e2f3e3dc027f9c744e43835d2210c73e.jsonb085a912-e787-47c8-b4aa-971260b526ba)
[pool-1-thread-2] INFO net.thucydides.core.reports.json.JSONTestOutcomeReporter - Generating JSON report for VIR-129.01 Verify that the content admin can add a rotating theme by using template to file /Users/rodionsavchuk/hybrisAutomation/virco-automatedtests/target/site/serenity/2baaeb277c29c1f85062130a60bafea2167a5c2dd87a93c69ad94698238c35ee.json (using temp file /Users/rodionsavchuk/hybrisAutomation/virco-automatedtests/target/site/serenity/2baaeb277c29c1f85062130a60bafea2167a5c2dd87a93c69ad94698238c35ee.jsonef4e4f49-549d-478f-b975-455c54cb9731)
[pool-1-thread-3] INFO net.thucydides.core.reports.json.JSONTestOutcomeReporter - Generating JSON report for VIR-129.02 Verify that the content admin can promo message by using template to file /Users/rodionsavchuk/hybrisAutomation/virco-automatedtests/target/site/serenity/5c582eac1cc160864035d84f14577b2a4b307d178776baf5d94402a8f33a570b.json (using temp file /Users/rodionsavchuk/hybrisAutomation/virco-automatedtests/target/site/serenity/5c582eac1cc160864035d84f14577b2a4b307d178776baf5d94402a8f33a570b.jsonbf029ff7-af3a-4c5b-95df-0af39ebc1bfc)
[pool-1-thread-1] INFO net.thucydides.core.reports.json.JSONTestOutcomeReporter - Generating JSON report for VIR-129.03 Verify that the content admin can add installation slot by using template to file /Users/rodionsavchuk/hybrisAutomation/virco-automatedtests/target/site/serenity/e2ad5898b62d8e77d283000b0832f5fb0d67d58608b2ea1e947bdb3eaa4f7f13.json (using temp file /Users/rodionsavchuk/hybrisAutomation/virco-automatedtests/target/site/serenity/e2ad5898b62d8e77d283000b0832f5fb0d67d58608b2ea1e947bdb3eaa4f7f13.jsonf08d949f-9758-4da6-921e-7a978f506168)
[pool-1-thread-4] INFO net.thucydides.core.reports.json.JSONTestOutcomeReporter - Generating JSON report for VIR-129.04 Verify that the content admin can add a product recommendation component on the page template by using template to file /Users/rodionsavchuk/hybrisAutomation/virco-automatedtests/target/site/serenity/2568cbeed2bdf1850ea694b2c61bf8c9430c3ac453a0d1b2f15e169595434015.json (using temp file /Users/rodionsavchuk/hybrisAutomation/virco-automatedtests/target/site/serenity/2568cbeed2bdf1850ea694b2c61bf8c9430c3ac453a0d1b2f15e169595434015.jsonf75ceec4-3dc4-42ed-be5b-1e4da086ca2d)
[pool-1-thread-2] INFO net.thucydides.core.reports.json.JSONTestOutcomeReporter - Generating JSON report for VIR-129.05 Verify that the content admin can add a quick ship component on the template page to file /Users/rodionsavchuk/hybrisAutomation/virco-automatedtests/target/site/serenity/03a37ae243f19fd5e4074c51364f3accdea994f94fbe9bfc0888dbf6b3fcb296.json (using temp file /Users/rodionsavchuk/hybrisAutomation/virco-automatedtests/target/site/serenity/03a37ae243f19fd5e4074c51364f3accdea994f94fbe9bfc0888dbf6b3fcb296.jsonad9b34d9-c456-4038-a25b-019c16b94b5c)
[pool-1-thread-3] INFO net.thucydides.core.reports.json.JSONTestOutcomeReporter - Generating JSON report for VIR-129.07 Verify that the content admin can add a product images component on the template page to file /Users/rodionsavchuk/hybrisAutomation/virco-automatedtests/target/site/serenity/b14d7ddd1213e2b3e327a1da59a5f30243e7b1413ece781e8217d0475b1d4ba5.json (using temp file /Users/rodionsavchuk/hybrisAutomation/virco-automatedtests/target/site/serenity/b14d7ddd1213e2b3e327a1da59a5f30243e7b1413ece781e8217d0475b1d4ba5.json747a9d9f-708e-4979-b58f-776917879374)
[pool-1-thread-2] INFO net.thucydides.core.reports.json.JSONTestOutcomeReporter - Generating JSON report for VIR-129.08 Verify that the content admin can edit promo message/popular category. to file /Users/rodionsavchuk/hybrisAutomation/virco-automatedtests/target/site/serenity/0b72d581cee195fdedb17f43f946f9e8a6bd5762bb612b26fbaf09d9905941a0.json (using temp file /Users/rodionsavchuk/hybrisAutomation/virco-automatedtests/target/site/serenity/0b72d581cee195fdedb17f43f946f9e8a6bd5762bb612b26fbaf09d9905941a0.json0093ef9a-a917-4b10-bffd-c6f36c50096e)
[pool-1-thread-4] INFO net.thucydides.core.reports.json.JSONTestOutcomeReporter - Generating JSON report for VIR-129.06 Verify that the content admin can add a popular category on the template page to file /Users/rodionsavchuk/hybrisAutomation/virco-automatedtests/target/site/serenity/4cb24bf6eab810d97c001f653ce7ec4c2620e8ef80649c431bc47d31554e7dfa.json (using temp file /Users/rodionsavchuk/hybrisAutomation/virco-automatedtests/target/site/serenity/4cb24bf6eab810d97c001f653ce7ec4c2620e8ef80649c431bc47d31554e7dfa.json92fe3676-bc73-42dd-a331-bf02cf899d12)
[pool-1-thread-1] INFO net.thucydides.core.reports.json.JSONTestOutcomeReporter - Generating JSON report for VIR-129.09 Verify that the content admin can delete promo message/popular category. to file /Users/rodionsavchuk/hybrisAutomation/virco-automatedtests/target/site/serenity/e3f11c0e315cea47d82b81aeec1d5d4ec6688676c143e6c8bd85b536ee39abf1.json (using temp file /Users/rodionsavchuk/hybrisAutomation/virco-automatedtests/target/site/serenity/e3f11c0e315cea47d82b81aeec1d5d4ec6688676c143e6c8bd85b536ee39abf1.json9c4dde67-7c0e-4187-b00a-b1d0942c1fe3)
[pool-1-thread-3] INFO net.thucydides.core.reports.json.JSONTestOutcomeReporter - Generating JSON report for VIR-129.10 Verify that the site has a look, configured by content admin to file /Users/rodionsavchuk/hybrisAutomation/virco-automatedtests/target/site/serenity/100947bcc68d92490597dd6eed62bf55d5857e1335d30b52c2a0a2894d214fe7.json (using temp file /Users/rodionsavchuk/hybrisAutomation/virco-automatedtests/target/site/serenity/100947bcc68d92490597dd6eed62bf55d5857e1335d30b52c2a0a2894d214fe7.json596a0216-1c38-412c-801e-3eecc13cb734)
[pool-1-thread-2] INFO net.thucydides.core.reports.json.JSONTestOutcomeReporter - Generating JSON report for VIR-166.01 Verify the rotating carousel is added on the home page to file /Users/rodionsavchuk/hybrisAutomation/virco-automatedtests/target/site/serenity/41045224dd55f49d371e9fd4a455c28d0acc2a203f1c37c0d89de600b26d38ef.json (using temp file /Users/rodionsavchuk/hybrisAutomation/virco-automatedtests/target/site/serenity/41045224dd55f49d371e9fd4a455c28d0acc2a203f1c37c0d89de600b26d38ef.json2d812743-951c-47d9-b47d-f98caee67349)
[pool-1-thread-4] INFO net.thucydides.core.reports.json.JSONTestOutcomeReporter - Generating JSON report for VIR-166.02 Verify that the each Banner has Rotating Theme, promotional message and installation slots to file /Users/rodionsavchuk/hybrisAutomation/virco-automatedtests/target/site/serenity/0608016defba6ce482ab704a7f99aa4784d409932878aab3566e62c6acd4c3be.json (using temp file /Users/rodionsavchuk/hybrisAutomation/virco-automatedtests/target/site/serenity/0608016defba6ce482ab704a7f99aa4784d409932878aab3566e62c6acd4c3be.json0bb4f3f1-87f5-4112-adfc-1ddbc403799c)
[pool-1-thread-3] INFO net.thucydides.core.reports.json.JSONTestOutcomeReporter - Generating JSON report for VIR-166.03 Verify that the changes applied to the home page on the WCMS are shown on the site to file /Users/rodionsavchuk/hybrisAutomation/virco-automatedtests/target/site/serenity/b9eb3619ad92be0ca6909f8288eb5393e840f6227de55c87423f32dd621971c6.json (using temp file /Users/rodionsavchuk/hybrisAutomation/virco-automatedtests/target/site/serenity/b9eb3619ad92be0ca6909f8288eb5393e840f6227de55c87423f32dd621971c6.jsonb63f34c6-a3bd-4ff2-b3d1-0e53d3d54bc2)
[pool-1-thread-4] INFO net.thucydides.core.reports.json.JSONTestOutcomeReporter - Generating JSON report for VIR-166.04 Verify changes on the site to file /Users/rodionsavchuk/hybrisAutomation/virco-automatedtests/target/site/serenity/5f43c632221e66e649cb566b95c8c39021872b2cfde3c52fd524b9428955bf6f.json (using temp file /Users/rodionsavchuk/hybrisAutomation/virco-automatedtests/target/site/serenity/5f43c632221e66e649cb566b95c8c39021872b2cfde3c52fd524b9428955bf6f.jsond9011b79-6280-4e32-8f1d-800c2447f5c8)
[pool-1-thread-2] INFO net.thucydides.core.reports.json.JSONTestOutcomeReporter - Generating JSON report for VIR-166.04 Verify installation slot to file /Users/rodionsavchuk/hybrisAutomation/virco-automatedtests/target/site/serenity/edcb380d350a80cdf46587ae5741ec066978cdd8e0c97472caf730194b651304.json (using temp file /Users/rodionsavchuk/hybrisAutomation/virco-automatedtests/target/site/serenity/edcb380d350a80cdf46587ae5741ec066978cdd8e0c97472caf730194b651304.jsoncdcc7179-af23-4543-bc17-0a900ef76551)
[pool-1-thread-2] INFO net.thucydides.core.reports.json.JSONTestOutcomeReporter - Generating JSON report for VIR-166.06 Return changes for carousel to file /Users/rodionsavchuk/hybrisAutomation/virco-automatedtests/target/site/serenity/666f9c30485604a0d8f915e21943e7e88d01015ce9092eafebcdb74a2aa69881.json (using temp file /Users/rodionsavchuk/hybrisAutomation/virco-automatedtests/target/site/serenity/666f9c30485604a0d8f915e21943e7e88d01015ce9092eafebcdb74a2aa69881.json671d3762-a1f3-4874-b5ad-6f5e49e3888d)
[pool-1-thread-4] INFO net.thucydides.core.reports.json.JSONTestOutcomeReporter - Generating JSON report for VIR-130.01 Verify that the content Admin can add new banner to file /Users/rodionsavchuk/hybrisAutomation/virco-automatedtests/target/site/serenity/bb79537bca7a8b871c5b64cd1153742bc23c54e46592c06f822f87770b2e8b8a.json (using temp file /Users/rodionsavchuk/hybrisAutomation/virco-automatedtests/target/site/serenity/bb79537bca7a8b871c5b64cd1153742bc23c54e46592c06f822f87770b2e8b8a.json90f9eabb-7dc2-44b4-ac52-00e7e432c9f2)
[pool-1-thread-3] INFO net.thucydides.core.reports.json.JSONTestOutcomeReporter - Generating JSON report for VIR-130.02 Verify that the content admin can edit the banner to file /Users/rodionsavchuk/hybrisAutomation/virco-automatedtests/target/site/serenity/8473ae2e239acb5c9594f6482f5f79bb4500c946dd2d245bf5d2caa427a8a26f.json (using temp file /Users/rodionsavchuk/hybrisAutomation/virco-automatedtests/target/site/serenity/8473ae2e239acb5c9594f6482f5f79bb4500c946dd2d245bf5d2caa427a8a26f.json9f78f3c7-d698-47b3-b11d-58ed9d02911a)
[pool-1-thread-1] INFO net.thucydides.core.reports.json.JSONTestOutcomeReporter - Generating JSON report for VIR-130.03 Verify that the content admin can delete the banner to file /Users/rodionsavchuk/hybrisAutomation/virco-automatedtests/target/site/serenity/b41d3443e6a4853ebf7ef1692db7b2b9a12b9d62f5b7166287c8c85636ccdf3f.json (using temp file /Users/rodionsavchuk/hybrisAutomation/virco-automatedtests/target/site/serenity/b41d3443e6a4853ebf7ef1692db7b2b9a12b9d62f5b7166287c8c85636ccdf3f.json7d44e21a-ee3a-4d55-a8c8-c4fc82de529a)
[pool-1-thread-4] INFO net.thucydides.core.reports.json.JSONTestOutcomeReporter - Generating JSON report for VIR-130.04 Verify that the site has a look, configured by content admin to file /Users/rodionsavchuk/hybrisAutomation/virco-automatedtests/target/site/serenity/095ee6a7aed460c2ab7447a892b708f667ca6eb3d2b246703cb79d76aaa66edd.json (using temp file /Users/rodionsavchuk/hybrisAutomation/virco-automatedtests/target/site/serenity/095ee6a7aed460c2ab7447a892b708f667ca6eb3d2b246703cb79d76aaa66edd.jsone5da5081-b7c4-4a3a-89cf-2c72427c8e4a)
[pool-1-thread-2] INFO net.thucydides.core.reports.json.JSONTestOutcomeReporter - Generating JSON report for VIR-375.01 Unable to open the "Verisign terms and policy" page except through the Contact Us page to file /Users/rodionsavchuk/hybrisAutomation/virco-automatedtests/target/site/serenity/3d31ca4ca17ccedf663fa492c24dc92f29157766fcfb628ecd61645c9255a53a.json (using temp file /Users/rodionsavchuk/hybrisAutomation/virco-automatedtests/target/site/serenity/3d31ca4ca17ccedf663fa492c24dc92f29157766fcfb628ecd61645c9255a53a.json03d5d8a9-925b-4477-8969-0f520440edb9)
[pool-1-thread-3] INFO net.thucydides.core.reports.json.JSONTestOutcomeReporter - Generating JSON report for VIR-131.02 Verify that the content Admin can delete terms, security and compliance to file /Users/rodionsavchuk/hybrisAutomation/virco-automatedtests/target/site/serenity/ceb7302073899bbe72c923c378b3dfb15f405875b937887a17bf4cff9988ce11.json (using temp file /Users/rodionsavchuk/hybrisAutomation/virco-automatedtests/target/site/serenity/ceb7302073899bbe72c923c378b3dfb15f405875b937887a17bf4cff9988ce11.json5af00f33-70db-4765-8c94-cef9436ea7c8)
[pool-1-thread-4] INFO net.thucydides.core.reports.json.JSONTestOutcomeReporter - Generating JSON report for VIR-131.03 Verify that the content Admin can add terms, security and compliance to file /Users/rodionsavchuk/hybrisAutomation/virco-automatedtests/target/site/serenity/afbc2d2c12a820e7bd8ff57fd665dcbf835c82e12b10214fa792d713e6b209c6.json (using temp file /Users/rodionsavchuk/hybrisAutomation/virco-automatedtests/target/site/serenity/afbc2d2c12a820e7bd8ff57fd665dcbf835c82e12b10214fa792d713e6b209c6.json54f0d544-8811-46cd-b561-6e751ed4fd1b)
[pool-1-thread-1] INFO net.thucydides.core.reports.json.JSONTestOutcomeReporter - Generating JSON report for VIR-131.04 Verify that the content Admin can edit terms, security and compliance to file /Users/rodionsavchuk/hybrisAutomation/virco-automatedtests/target/site/serenity/11123f2712ee38abf08a7255e58490510ce459b677c6317a48c1c5a02bad5899.json (using temp file /Users/rodionsavchuk/hybrisAutomation/virco-automatedtests/target/site/serenity/11123f2712ee38abf08a7255e58490510ce459b677c6317a48c1c5a02bad5899.json11e89af5-ac12-499a-a4cc-76dfbe1d0ef5)
[pool-1-thread-2] INFO net.thucydides.core.reports.json.JSONTestOutcomeReporter - Generating JSON report for VIR-131.05 Return changes to file /Users/rodionsavchuk/hybrisAutomation/virco-automatedtests/target/site/serenity/481bc60c8e1753c36167a06d3e94715ec6bdb3bc0fa2de75bc3b701c703a0740.json (using temp file /Users/rodionsavchuk/hybrisAutomation/virco-automatedtests/target/site/serenity/481bc60c8e1753c36167a06d3e94715ec6bdb3bc0fa2de75bc3b701c703a0740.jsona7aebe12-55bc-4682-985a-5ae91afd6b1b)
[pool-1-thread-3] INFO net.thucydides.core.reports.json.JSONTestOutcomeReporter - Generating JSON report for VIR-132.01 Verify that the content admin can add restriction for the desired customizations. to file /Users/rodionsavchuk/hybrisAutomation/virco-automatedtests/target/site/serenity/012fbd4c99dbed94980068932c3b9900aa40fcbd0f147abb3c9b18198ccfee2c.json (using temp file /Users/rodionsavchuk/hybrisAutomation/virco-automatedtests/target/site/serenity/012fbd4c99dbed94980068932c3b9900aa40fcbd0f147abb3c9b18198ccfee2c.jsonb0a1a0d6-33e2-4d5d-81e6-a336d7cdd84e)
[pool-1-thread-4] INFO net.thucydides.core.reports.json.JSONTestOutcomeReporter - Generating JSON report for VIR-132.02 Verify that the content admin can edit restriction for the desired customizations. to file /Users/rodionsavchuk/hybrisAutomation/virco-automatedtests/target/site/serenity/21c25b56faab758e879fe49e985016e5e5212c7b9214f355a35317a785ad4edd.json (using temp file /Users/rodionsavchuk/hybrisAutomation/virco-automatedtests/target/site/serenity/21c25b56faab758e879fe49e985016e5e5212c7b9214f355a35317a785ad4edd.json564de997-0a90-41a5-8dfc-8dc3cdbe459e)
[pool-1-thread-3] INFO net.thucydides.core.reports.json.JSONTestOutcomeReporter - Generating JSON report for VIR-132.03 Verify that the content admin can delete restriction for the desired customizations. to file /Users/rodionsavchuk/hybrisAutomation/virco-automatedtests/target/site/serenity/f6bd8472778e2535a4b9144aa99d3240dacf17fdc0647b30ce75c3b787f53d15.json (using temp file /Users/rodionsavchuk/hybrisAutomation/virco-automatedtests/target/site/serenity/f6bd8472778e2535a4b9144aa99d3240dacf17fdc0647b30ce75c3b787f53d15.json25cd938b-fdb5-4f3c-a68f-3f70fb7312ba)
[pool-1-thread-2] INFO net.thucydides.core.reports.json.JSONTestOutcomeReporter - Generating JSON report for VIR-132.04 Verify that the restrictions can be added to the following to file /Users/rodionsavchuk/hybrisAutomation/virco-automatedtests/target/site/serenity/bb312434987ad8333f1a82d90084aa3d1109fed7e9f40f25770d63e0cb749be9.json (using temp file /Users/rodionsavchuk/hybrisAutomation/virco-automatedtests/target/site/serenity/bb312434987ad8333f1a82d90084aa3d1109fed7e9f40f25770d63e0cb749be9.jsonc82a1d96-4070-4c96-a598-bac2fb6ec396)
[pool-1-thread-1] INFO net.thucydides.core.reports.json.JSONTestOutcomeReporter - Generating JSON report for VIR-133.01 Verify that the content admin can delete the banner, title and categories through the WCMS to file /Users/rodionsavchuk/hybrisAutomation/virco-automatedtests/target/site/serenity/d10c471b31104c36cff5887c55a7bc150eababcb1937fa5a395a48f11580da2f.json (using temp file /Users/rodionsavchuk/hybrisAutomation/virco-automatedtests/target/site/serenity/d10c471b31104c36cff5887c55a7bc150eababcb1937fa5a395a48f11580da2f.jsonc9b585c4-509a-4bcc-9320-cfca69af89a4)
[pool-1-thread-2] INFO net.thucydides.core.reports.json.JSONTestOutcomeReporter - Generating JSON report for VIR-133.02 Verify that the content admin can add the banner, title and categories through the WCMS to file /Users/rodionsavchuk/hybrisAutomation/virco-automatedtests/target/site/serenity/3bb00edc8b11547b9ac39ca5a5696c45f1e0d290628ccd73684e0832986f1e71.json (using temp file /Users/rodionsavchuk/hybrisAutomation/virco-automatedtests/target/site/serenity/3bb00edc8b11547b9ac39ca5a5696c45f1e0d290628ccd73684e0832986f1e71.json22a74007-f02d-45a6-8181-bf1f0bf24e01)
[pool-1-thread-4] INFO net.thucydides.core.reports.json.JSONTestOutcomeReporter - Generating JSON report for VIR-133.03 Verify that the content admin can edit the banner, title and categories through the WCMS to file /Users/rodionsavchuk/hybrisAutomation/virco-automatedtests/target/site/serenity/bf784fb294e81a8a6ed3e34f569b9b326b48ffb8cfb4166224a8840cbf362e21.json (using temp file /Users/rodionsavchuk/hybrisAutomation/virco-automatedtests/target/site/serenity/bf784fb294e81a8a6ed3e34f569b9b326b48ffb8cfb4166224a8840cbf362e21.json48270f7b-4611-487a-8db8-87bb783e4c1a)
[pool-1-thread-3] INFO net.thucydides.core.reports.json.JSONTestOutcomeReporter - Generating JSON report for VIR-133.04 Verify that the Banner is shown to the shopper on the home page to file /Users/rodionsavchuk/hybrisAutomation/virco-automatedtests/target/site/serenity/4c2884489ffe2042fbe11e4563b220cac104e5129e32868a3f1d6600011e076b.json (using temp file /Users/rodionsavchuk/hybrisAutomation/virco-automatedtests/target/site/serenity/4c2884489ffe2042fbe11e4563b220cac104e5129e32868a3f1d6600011e076b.json2cce0295-0284-49a7-a31f-d67c74c962de)
[pool-1-thread-1] INFO net.thucydides.core.reports.json.JSONTestOutcomeReporter - Generating JSON report for VIR-133.05 Verify that the text is overlaid on the banner to file /Users/rodionsavchuk/hybrisAutomation/virco-automatedtests/target/site/serenity/bf1a934735e5d669eada1b870d663ecb425f20e68617bfb53654f05d12656a5f.json (using temp file /Users/rodionsavchuk/hybrisAutomation/virco-automatedtests/target/site/serenity/bf1a934735e5d669eada1b870d663ecb425f20e68617bfb53654f05d12656a5f.jsonce836199-4060-477d-8e3f-d5f19ed264be)
[pool-1-thread-4] INFO net.thucydides.core.reports.json.JSONTestOutcomeReporter - Generating JSON report for VIR-133.06 Verify that the Page title "Products by Category" is shown to the shopper to file /Users/rodionsavchuk/hybrisAutomation/virco-automatedtests/target/site/serenity/e3d83e5f621b42696d81ce997061a34362f9a4bb6639aa90f2db1d4db4b51d64.json (using temp file /Users/rodionsavchuk/hybrisAutomation/virco-automatedtests/target/site/serenity/e3d83e5f621b42696d81ce997061a34362f9a4bb6639aa90f2db1d4db4b51d64.json7b6f6d35-b10f-41ad-a33b-be72b900f7d8)
[pool-1-thread-3] INFO net.thucydides.core.reports.json.JSONTestOutcomeReporter - Generating JSON report for VIR-133.07 Verify that the following page categories are shown to file /Users/rodionsavchuk/hybrisAutomation/virco-automatedtests/target/site/serenity/1d12cdceb7058d9417a7bb7107783782f643d4ed988f36376903b230848c1f01.json (using temp file /Users/rodionsavchuk/hybrisAutomation/virco-automatedtests/target/site/serenity/1d12cdceb7058d9417a7bb7107783782f643d4ed988f36376903b230848c1f01.json099e5ddc-f66d-42b5-a6db-cd083f8a6a71)
[pool-1-thread-2] INFO net.thucydides.core.reports.json.JSONTestOutcomeReporter - Generating JSON report for VIR-134.01 Verify that the content admin can create quick links to file /Users/rodionsavchuk/hybrisAutomation/virco-automatedtests/target/site/serenity/40d81346ba58c0f71fcf613db8a0a63c8ecb26e1fd4aaa8d151a703d15657b0e.json (using temp file /Users/rodionsavchuk/hybrisAutomation/virco-automatedtests/target/site/serenity/40d81346ba58c0f71fcf613db8a0a63c8ecb26e1fd4aaa8d151a703d15657b0e.jsonf66e3a15-0951-44eb-9679-60eb4773979e)
[pool-1-thread-3] INFO net.thucydides.core.reports.json.JSONTestOutcomeReporter - Generating JSON report for VIR-134.02 Verify that the content admin can edit quick links to file /Users/rodionsavchuk/hybrisAutomation/virco-automatedtests/target/site/serenity/41734951e0ed56f455a46612ce22533ae97fded928f274893c4007976da87481.json (using temp file /Users/rodionsavchuk/hybrisAutomation/virco-automatedtests/target/site/serenity/41734951e0ed56f455a46612ce22533ae97fded928f274893c4007976da87481.json724c4ead-8939-4c9d-a006-402c2123ce9c)
[pool-1-thread-4] INFO net.thucydides.core.reports.json.JSONTestOutcomeReporter - Generating JSON report for VIR-134.03 Verify that the content admin can delete quick links to file /Users/rodionsavchuk/hybrisAutomation/virco-automatedtests/target/site/serenity/e1618d2dbdbd929514ab60461040a335e53fc3975e4d58436fa87a8251365ba9.json (using temp file /Users/rodionsavchuk/hybrisAutomation/virco-automatedtests/target/site/serenity/e1618d2dbdbd929514ab60461040a335e53fc3975e4d58436fa87a8251365ba9.json7e64a5c7-9768-4090-89c3-bc8f8c8c72d3)
[pool-1-thread-1] INFO net.thucydides.core.reports.json.JSONTestOutcomeReporter - Generating JSON report for VIR-134.04 Verify that the following quick links are on the site to file /Users/rodionsavchuk/hybrisAutomation/virco-automatedtests/target/site/serenity/58e0a8ef376111f4675fa1030f00d436b8d6a2832054b645999dc268d4b4012c.json (using temp file /Users/rodionsavchuk/hybrisAutomation/virco-automatedtests/target/site/serenity/58e0a8ef376111f4675fa1030f00d436b8d6a2832054b645999dc268d4b4012c.jsonfef788b6-1973-478a-8733-94727452daaf)
[pool-1-thread-2] INFO net.thucydides.core.reports.json.JSONTestOutcomeReporter - Generating JSON report for VIR-135.01 Verify that the Ordering Information page is opened after click on its link in footer to file /Users/rodionsavchuk/hybrisAutomation/virco-automatedtests/target/site/serenity/fe76c656848baf193220d07591a15ba921e649f837da4d5f226eb2f9ac003e5c.json (using temp file /Users/rodionsavchuk/hybrisAutomation/virco-automatedtests/target/site/serenity/fe76c656848baf193220d07591a15ba921e649f837da4d5f226eb2f9ac003e5c.json95303de0-c935-4c45-a6ae-a4e752937224)
[pool-1-thread-4] INFO net.thucydides.core.reports.json.JSONTestOutcomeReporter - Generating JSON report for VIR-135.02 Verify that the content admin can delete the content pages to file /Users/rodionsavchuk/hybrisAutomation/virco-automatedtests/target/site/serenity/5533f47726ef60c7255b243fb3be58293db2609f695eaae058c94f3666f174ad.json (using temp file /Users/rodionsavchuk/hybrisAutomation/virco-automatedtests/target/site/serenity/5533f47726ef60c7255b243fb3be58293db2609f695eaae058c94f3666f174ad.jsondfdfe0bb-c339-486b-b0e1-ef360124116e)
[pool-1-thread-3] INFO net.thucydides.core.reports.json.JSONTestOutcomeReporter - Generating JSON report for VIR-135.03 Verify that the content admin can add content pages to file /Users/rodionsavchuk/hybrisAutomation/virco-automatedtests/target/site/serenity/19f3109b1b55611ab680e27660e62d6759a92a3ed1a61ff3b5490abbe9a15fb1.json (using temp file /Users/rodionsavchuk/hybrisAutomation/virco-automatedtests/target/site/serenity/19f3109b1b55611ab680e27660e62d6759a92a3ed1a61ff3b5490abbe9a15fb1.json742084e8-8fd5-4d1a-a7c9-d21c8302031a)
[pool-1-thread-1] INFO net.thucydides.core.reports.json.JSONTestOutcomeReporter - Generating JSON report for VIR-135.04 Verify that the content admin can edit content pages to file /Users/rodionsavchuk/hybrisAutomation/virco-automatedtests/target/site/serenity/e513b291e44a0a2ba0a88a4710180b0f2ee877cc19b00c235ea0338012705155.json (using temp file /Users/rodionsavchuk/hybrisAutomation/virco-automatedtests/target/site/serenity/e513b291e44a0a2ba0a88a4710180b0f2ee877cc19b00c235ea0338012705155.json04995d97-c196-4558-85b6-2d93526c8caf)
[pool-1-thread-4] INFO net.thucydides.core.reports.html.HtmlAcceptanceTestReporter - GENERATING HTML REPORT FOR CNT-2 - Component Maintenance:VIR-129.01 Verify that the content admin can add a rotating theme by using template in 2baaeb277c29c1f85062130a60bafea2167a5c2dd87a93c69ad94698238c35ee.html in directory target/site/serenity  
[pool-1-thread-1] INFO net.thucydides.core.reports.html.HtmlAcceptanceTestReporter - GENERATING HTML REPORT FOR CNT-2 - Component Maintenance:VIR-129.03 Verify that the content admin can add installation slot by using template in e2ad5898b62d8e77d283000b0832f5fb0d67d58608b2ea1e947bdb3eaa4f7f13.html in directory target/site/serenity  
[pool-1-thread-2] INFO net.thucydides.core.reports.html.HtmlAcceptanceTestReporter - GENERATING HTML REPORT FOR CNT-1 - WCMS Site Maintenance:VIR-128.01 Verify that the OOTB Hybris is configured in f9e291a91d7fb0708996a6c172c79994e2f3e3dc027f9c744e43835d2210c73e.html in directory target/site/serenity  
[pool-1-thread-3] INFO net.thucydides.core.reports.html.HtmlAcceptanceTestReporter - GENERATING HTML REPORT FOR CNT-2 - Component Maintenance:VIR-129.02 Verify that the content admin can promo message by using template in 5c582eac1cc160864035d84f14577b2a4b307d178776baf5d94402a8f33a570b.html in directory target/site/serenity  
[pool-1-thread-3] INFO net.thucydides.core.reports.html.HtmlAcceptanceTestReporter - GENERATING HTML REPORT FOR CNT-2 - Component Maintenance:VIR-129.05 Verify that the content admin can add a quick ship component on the template page in 03a37ae243f19fd5e4074c51364f3accdea994f94fbe9bfc0888dbf6b3fcb296.html in directory target/site/serenity  
[pool-1-thread-1] INFO net.thucydides.core.reports.html.HtmlAcceptanceTestReporter - GENERATING HTML REPORT FOR CNT-2 - Component Maintenance:VIR-129.04 Verify that the content admin can add a product recommendation component on the page template by using template in 2568cbeed2bdf1850ea694b2c61bf8c9430c3ac453a0d1b2f15e169595434015.html in directory target/site/serenity  
[pool-1-thread-4] INFO net.thucydides.core.reports.html.HtmlAcceptanceTestReporter - GENERATING HTML REPORT FOR CNT-2 - Component Maintenance:VIR-129.06 Verify that the content admin can add a popular category on the template page in 4cb24bf6eab810d97c001f653ce7ec4c2620e8ef80649c431bc47d31554e7dfa.html in directory target/site/serenity  
[pool-1-thread-2] INFO net.thucydides.core.reports.html.HtmlAcceptanceTestReporter - GENERATING HTML REPORT FOR CNT-2 - Component Maintenance:VIR-129.07 Verify that the content admin can add a product images component on the template page in b14d7ddd1213e2b3e327a1da59a5f30243e7b1413ece781e8217d0475b1d4ba5.html in directory target/site/serenity  
[pool-1-thread-3] INFO net.thucydides.core.reports.html.HtmlAcceptanceTestReporter - GENERATING HTML REPORT FOR CNT-2 - Component Maintenance:VIR-129.08 Verify that the content admin can edit promo message/popular category. in 0b72d581cee195fdedb17f43f946f9e8a6bd5762bb612b26fbaf09d9905941a0.html in directory target/site/serenity  
[pool-1-thread-4] INFO net.thucydides.core.reports.html.HtmlAcceptanceTestReporter - GENERATING HTML REPORT FOR CNT-2 - Component Maintenance:VIR-129.09 Verify that the content admin can delete promo message/popular category. in e3f11c0e315cea47d82b81aeec1d5d4ec6688676c143e6c8bd85b536ee39abf1.html in directory target/site/serenity  
[pool-1-thread-1] INFO net.thucydides.core.reports.html.HtmlAcceptanceTestReporter - GENERATING HTML REPORT FOR CNT-2 - Component Maintenance:VIR-129.10 Verify that the site has a look, configured by content admin in 100947bcc68d92490597dd6eed62bf55d5857e1335d30b52c2a0a2894d214fe7.html in directory target/site/serenity  
[pool-1-thread-2] INFO net.thucydides.core.reports.html.HtmlAcceptanceTestReporter - GENERATING HTML REPORT FOR CNT-2 - Component Maintenance:VIR-166.01 Verify the rotating carousel is added on the home page in 41045224dd55f49d371e9fd4a455c28d0acc2a203f1c37c0d89de600b26d38ef.html in directory target/site/serenity  
[pool-1-thread-3] INFO net.thucydides.core.reports.html.HtmlAcceptanceTestReporter - GENERATING HTML REPORT FOR CNT-2 - Component Maintenance:VIR-166.02 Verify that the each Banner has Rotating Theme, promotional message and installation slots in 0608016defba6ce482ab704a7f99aa4784d409932878aab3566e62c6acd4c3be.html in directory target/site/serenity  
[pool-1-thread-4] INFO net.thucydides.core.reports.html.HtmlAcceptanceTestReporter - GENERATING HTML REPORT FOR CNT-2 - Component Maintenance:VIR-166.03 Verify that the changes applied to the home page on the WCMS are shown on the site in b9eb3619ad92be0ca6909f8288eb5393e840f6227de55c87423f32dd621971c6.html in directory target/site/serenity  
[pool-1-thread-2] INFO net.thucydides.core.reports.html.HtmlAcceptanceTestReporter - GENERATING HTML REPORT FOR CNT-2 - Component Maintenance:VIR-166.04 Verify installation slot in edcb380d350a80cdf46587ae5741ec066978cdd8e0c97472caf730194b651304.html in directory target/site/serenity  
[pool-1-thread-1] INFO net.thucydides.core.reports.html.HtmlAcceptanceTestReporter - GENERATING HTML REPORT FOR CNT-2 - Component Maintenance:VIR-166.04 Verify changes on the site in 5f43c632221e66e649cb566b95c8c39021872b2cfde3c52fd524b9428955bf6f.html in directory target/site/serenity  
[pool-1-thread-3] INFO net.thucydides.core.reports.html.HtmlAcceptanceTestReporter - GENERATING HTML REPORT FOR CNT-2 - Component Maintenance:VIR-166.06 Return changes for carousel in 666f9c30485604a0d8f915e21943e7e88d01015ce9092eafebcdb74a2aa69881.html in directory target/site/serenity  
[pool-1-thread-4] INFO net.thucydides.core.reports.html.HtmlAcceptanceTestReporter - GENERATING HTML REPORT FOR CNT-3 - Banners:VIR-130.01 Verify that the content Admin can add new banner in bb79537bca7a8b871c5b64cd1153742bc23c54e46592c06f822f87770b2e8b8a.html in directory target/site/serenity  
[pool-1-thread-2] INFO net.thucydides.core.reports.html.HtmlAcceptanceTestReporter - GENERATING HTML REPORT FOR CNT-3 - Banners:VIR-130.02 Verify that the content admin can edit the banner in 8473ae2e239acb5c9594f6482f5f79bb4500c946dd2d245bf5d2caa427a8a26f.html in directory target/site/serenity  
[pool-1-thread-4] INFO net.thucydides.core.reports.html.HtmlAcceptanceTestReporter - GENERATING HTML REPORT FOR CNT-3 - Banners:VIR-130.03 Verify that the content admin can delete the banner in b41d3443e6a4853ebf7ef1692db7b2b9a12b9d62f5b7166287c8c85636ccdf3f.html in directory target/site/serenity  
[pool-1-thread-3] INFO net.thucydides.core.reports.html.HtmlAcceptanceTestReporter - GENERATING HTML REPORT FOR CNT-3 - Banners:VIR-130.04 Verify that the site has a look, configured by content admin in 095ee6a7aed460c2ab7447a892b708f667ca6eb3d2b246703cb79d76aaa66edd.html in directory target/site/serenity  
[pool-1-thread-2] INFO net.thucydides.core.reports.html.HtmlAcceptanceTestReporter - GENERATING HTML REPORT FOR CNT-4 - Security Compliance:VIR-375.01 Unable to open the "Verisign terms and policy" page except through the Contact Us page in 3d31ca4ca17ccedf663fa492c24dc92f29157766fcfb628ecd61645c9255a53a.html in directory target/site/serenity  
[pool-1-thread-4] INFO net.thucydides.core.reports.html.HtmlAcceptanceTestReporter - GENERATING HTML REPORT FOR CNT-4 - Security Compliance:VIR-131.03 Verify that the content Admin can add terms, security and compliance in afbc2d2c12a820e7bd8ff57fd665dcbf835c82e12b10214fa792d713e6b209c6.html in directory target/site/serenity  
[pool-1-thread-1] INFO net.thucydides.core.reports.html.HtmlAcceptanceTestReporter - GENERATING HTML REPORT FOR CNT-4 - Security Compliance:VIR-131.02 Verify that the content Admin can delete terms, security and compliance in ceb7302073899bbe72c923c378b3dfb15f405875b937887a17bf4cff9988ce11.html in directory target/site/serenity  
[pool-1-thread-3] INFO net.thucydides.core.reports.html.HtmlAcceptanceTestReporter - GENERATING HTML REPORT FOR CNT-4 - Security Compliance:VIR-131.04 Verify that the content Admin can edit terms, security and compliance in 11123f2712ee38abf08a7255e58490510ce459b677c6317a48c1c5a02bad5899.html in directory target/site/serenity  
[pool-1-thread-2] INFO net.thucydides.core.reports.html.HtmlAcceptanceTestReporter - GENERATING HTML REPORT FOR CNT-4 - Security Compliance:VIR-131.05 Return changes in 481bc60c8e1753c36167a06d3e94715ec6bdb3bc0fa2de75bc3b701c703a0740.html in directory target/site/serenity  
[pool-1-thread-1] INFO net.thucydides.core.reports.html.HtmlAcceptanceTestReporter - GENERATING HTML REPORT FOR CNT-5 - Brand Management:VIR-132.01 Verify that the content admin can add restriction for the desired customizations. in 012fbd4c99dbed94980068932c3b9900aa40fcbd0f147abb3c9b18198ccfee2c.html in directory target/site/serenity  
[pool-1-thread-3] INFO net.thucydides.core.reports.html.HtmlAcceptanceTestReporter - GENERATING HTML REPORT FOR CNT-5 - Brand Management:VIR-132.03 Verify that the content admin can delete restriction for the desired customizations. in f6bd8472778e2535a4b9144aa99d3240dacf17fdc0647b30ce75c3b787f53d15.html in directory target/site/serenity  
[pool-1-thread-4] INFO net.thucydides.core.reports.html.HtmlAcceptanceTestReporter - GENERATING HTML REPORT FOR CNT-5 - Brand Management:VIR-132.02 Verify that the content admin can edit restriction for the desired customizations. in 21c25b56faab758e879fe49e985016e5e5212c7b9214f355a35317a785ad4edd.html in directory target/site/serenity  
[pool-1-thread-1] INFO net.thucydides.core.reports.html.HtmlAcceptanceTestReporter - GENERATING HTML REPORT FOR CNT-5 - Brand Management:VIR-132.04 Verify that the restrictions can be added to the following in bb312434987ad8333f1a82d90084aa3d1109fed7e9f40f25770d63e0cb749be9.html in directory target/site/serenity  
[pool-1-thread-3] INFO net.thucydides.core.reports.html.HtmlAcceptanceTestReporter - GENERATING HTML REPORT FOR CNT-6 - Content Slots:VIR-133.01 Verify that the content admin can delete the banner, title and categories through the WCMS in d10c471b31104c36cff5887c55a7bc150eababcb1937fa5a395a48f11580da2f.html in directory target/site/serenity  
[pool-1-thread-2] INFO net.thucydides.core.reports.html.HtmlAcceptanceTestReporter - GENERATING HTML REPORT FOR CNT-6 - Content Slots:VIR-133.02 Verify that the content admin can add the banner, title and categories through the WCMS in 3bb00edc8b11547b9ac39ca5a5696c45f1e0d290628ccd73684e0832986f1e71.html in directory target/site/serenity  
[pool-1-thread-4] INFO net.thucydides.core.reports.html.HtmlAcceptanceTestReporter - GENERATING HTML REPORT FOR CNT-6 - Content Slots:VIR-133.03 Verify that the content admin can edit the banner, title and categories through the WCMS in bf784fb294e81a8a6ed3e34f569b9b326b48ffb8cfb4166224a8840cbf362e21.html in directory target/site/serenity  
[pool-1-thread-3] INFO net.thucydides.core.reports.html.HtmlAcceptanceTestReporter - GENERATING HTML REPORT FOR CNT-6 - Content Slots:VIR-133.04 Verify that the Banner is shown to the shopper on the home page in 4c2884489ffe2042fbe11e4563b220cac104e5129e32868a3f1d6600011e076b.html in directory target/site/serenity  
[pool-1-thread-2] INFO net.thucydides.core.reports.html.HtmlAcceptanceTestReporter - GENERATING HTML REPORT FOR CNT-6 - Content Slots:VIR-133.05 Verify that the text is overlaid on the banner in bf1a934735e5d669eada1b870d663ecb425f20e68617bfb53654f05d12656a5f.html in directory target/site/serenity  
[pool-1-thread-4] INFO net.thucydides.core.reports.html.HtmlAcceptanceTestReporter - GENERATING HTML REPORT FOR CNT-6 - Content Slots:VIR-133.06 Verify that the Page title "Products by Category" is shown to the shopper in e3d83e5f621b42696d81ce997061a34362f9a4bb6639aa90f2db1d4db4b51d64.html in directory target/site/serenity  
[pool-1-thread-3] INFO net.thucydides.core.reports.html.HtmlAcceptanceTestReporter - GENERATING HTML REPORT FOR CNT-6 - Content Slots:VIR-133.07 Verify that the following page categories are shown in 1d12cdceb7058d9417a7bb7107783782f643d4ed988f36376903b230848c1f01.html in directory target/site/serenity  
[pool-1-thread-4] INFO net.thucydides.core.reports.html.HtmlAcceptanceTestReporter - GENERATING HTML REPORT FOR CNT-7 - Quick Links:VIR-134.01 Verify that the content admin can create quick links in 40d81346ba58c0f71fcf613db8a0a63c8ecb26e1fd4aaa8d151a703d15657b0e.html in directory target/site/serenity  
[pool-1-thread-2] INFO net.thucydides.core.reports.html.HtmlAcceptanceTestReporter - GENERATING HTML REPORT FOR CNT-7 - Quick Links:VIR-134.02 Verify that the content admin can edit quick links in 41734951e0ed56f455a46612ce22533ae97fded928f274893c4007976da87481.html in directory target/site/serenity  
[pool-1-thread-3] INFO net.thucydides.core.reports.html.HtmlAcceptanceTestReporter - GENERATING HTML REPORT FOR CNT-7 - Quick Links:VIR-134.03 Verify that the content admin can delete quick links in e1618d2dbdbd929514ab60461040a335e53fc3975e4d58436fa87a8251365ba9.html in directory target/site/serenity  
[pool-1-thread-4] INFO net.thucydides.core.reports.html.HtmlAcceptanceTestReporter - GENERATING HTML REPORT FOR CNT-7 - Quick Links:VIR-134.04 Verify that the following quick links are on the site in 58e0a8ef376111f4675fa1030f00d436b8d6a2832054b645999dc268d4b4012c.html in directory target/site/serenity  
[pool-1-thread-2] INFO net.thucydides.core.reports.html.HtmlAcceptanceTestReporter - GENERATING HTML REPORT FOR CNT-8 - Order Information:VIR-135.01 Verify that the Ordering Information page is opened after click on its link in footer in fe76c656848baf193220d07591a15ba921e649f837da4d5f226eb2f9ac003e5c.html in directory target/site/serenity  
[pool-1-thread-3] INFO net.thucydides.core.reports.html.HtmlAcceptanceTestReporter - GENERATING HTML REPORT FOR CNT-8 - Order Information:VIR-135.03 Verify that the content admin can add content pages in 19f3109b1b55611ab680e27660e62d6759a92a3ed1a61ff3b5490abbe9a15fb1.html in directory target/site/serenity  
[pool-1-thread-1] INFO net.thucydides.core.reports.html.HtmlAcceptanceTestReporter - GENERATING HTML REPORT FOR CNT-8 - Order Information:VIR-135.02 Verify that the content admin can delete the content pages in 5533f47726ef60c7255b243fb3be58293db2609f695eaae058c94f3666f174ad.html in directory target/site/serenity  
[pool-1-thread-2] INFO net.thucydides.core.reports.html.HtmlAcceptanceTestReporter - GENERATING HTML REPORT FOR CNT-8 - Order Information:VIR-135.04 Verify that the content admin can edit content pages in e513b291e44a0a2ba0a88a4710180b0f2ee877cc19b00c235ea0338012705155.html in directory target/site/serenity  
[main] INFO net.serenitybdd.core.Serenity - 
 _____ _____ ____ _____   ____ _____  _    ____ _____ _____ ____  
|_   _| ____/ ___|_   _| / ___|_   _|/ \  |  _ \_   _| ____|  _ \ 
  | | |  _| \___ \ | |   \___ \ | | / _ \ | |_) || | |  _| | | | |
  | | | |___ ___) || |    ___) || |/ ___ \|  _ < | | | |___| |_| |
  |_| |_____|____/ |_|   |____/ |_/_/   \_\_| \_\|_| |_____|____/ 
                                                                  

TEST STARTED: VIR-135.05 Verify that the content admin can manage where the page is shown
-------------------------------------------------------------------(cnt-8---order-information;vir-135.05-verify-that-the-content-admin-can-manage-where-the-page-is-shown)
[main] INFO net.serenitybdd.core.Serenity - STARTING STEP Given open "CMS" page
[main] INFO net.serenitybdd.core.Serenity - STARTING STEP Open management page: CMS
[main] INFO net.serenitybdd.core.Serenity - STEP ERROR: net.serenitybdd.core.exceptions.SerenityManagedException: Could not initialize class com.virco.locators.SiteData
]]></system-err>
  </testcase>
  <testcase name="Scenario: VIR-135.05 Verify that the content admin can manage where the page is shown" classname="Scenario: VIR-135.05 Verify that the content admin can manage where the page is shown" time="0.006">
    <error message="Could not initialize class com.virco.locators.SiteData" type="net.serenitybdd.core.exceptions.SerenityManagedException"><![CDATA[net.serenitybdd.core.exceptions.SerenityManagedException: Could not initialize class com.virco.locators.SiteData
	at com.virco.steps.serenity.CommonUserSteps.openManagementPage(CommonUserSteps.java:26)
	at com.virco.steps.serenity.CommonUserSteps$$EnhancerByCGLIB$$d8541bfa.CGLIB$openManagementPage$7(<generated>)
	at com.virco.steps.serenity.CommonUserSteps$$EnhancerByCGLIB$$d8541bfa$$FastClassByCGLIB$$ea8e0f86.invoke(<generated>)
	at net.sf.cglib.proxy.MethodProxy.invokeSuper(MethodProxy.java:228)
	at net.thucydides.core.steps.StepInterceptor.invokeMethod(StepInterceptor.java:372)
	at net.thucydides.core.steps.StepInterceptor.executeTestStepMethod(StepInterceptor.java:357)
	at net.thucydides.core.steps.StepInterceptor.runTestStep(StepInterceptor.java:332)
	at net.thucydides.core.steps.StepInterceptor.testStepResult(StepInterceptor.java:134)
	at net.thucydides.core.steps.StepInterceptor.intercept(StepInterceptor.java:61)
	at com.virco.steps.serenity.CommonUserSteps$$EnhancerByCGLIB$$d8541bfa.openManagementPage(<generated>)
	at com.virco.steps.CommonDefinitionSteps.openPage(CommonDefinitionSteps.java:22)
	at sun.reflect.NativeMethodAccessorImpl.invoke0(Native Method)
	at sun.reflect.NativeMethodAccessorImpl.invoke(NativeMethodAccessorImpl.java:62)
	at sun.reflect.DelegatingMethodAccessorImpl.invoke(DelegatingMethodAccessorImpl.java:43)
	at java.lang.reflect.Method.invoke(Method.java:498)
	at cucumber.runtime.Utils$1.call(Utils.java:40)
	at cucumber.runtime.Timeout.timeout(Timeout.java:16)
	at cucumber.runtime.Utils.invoke(Utils.java:34)
	at cucumber.runtime.java.JavaStepDefinition.execute(JavaStepDefinition.java:38)
	at cucumber.runtime.StepDefinitionMatch.runStep(StepDefinitionMatch.java:37)
	at cucumber.runtime.Runtime.runStep(Runtime.java:300)
	at cucumber.runtime.model.StepContainer.runStep(StepContainer.java:44)
	at cucumber.runtime.model.StepContainer.runSteps(StepContainer.java:39)
	at cucumber.runtime.model.CucumberScenario.run(CucumberScenario.java:44)
	at cucumber.runtime.junit.ExecutionUnitRunner.run(ExecutionUnitRunner.java:102)
	at cucumber.runtime.junit.FeatureRunner.runChild(FeatureRunner.java:63)
	at cucumber.runtime.junit.FeatureRunner.runChild(FeatureRunner.java:18)
	at org.junit.runners.ParentRunner$3.run(ParentRunner.java:290)
	at org.junit.runners.ParentRunner$1.schedule(ParentRunner.java:71)
	at org.junit.runners.ParentRunner.runChildren(ParentRunner.java:288)
	at org.junit.runners.ParentRunner.access$000(ParentRunner.java:58)
	at org.junit.runners.ParentRunner$2.evaluate(ParentRunner.java:268)
	at org.junit.runners.ParentRunner.run(ParentRunner.java:363)
	at cucumber.runtime.junit.FeatureRunner.run(FeatureRunner.java:70)
	at cucumber.api.junit.Cucumber.runChild(Cucumber.java:95)
	at cucumber.api.junit.Cucumber.runChild(Cucumber.java:38)
	at org.junit.runners.ParentRunner$3.run(ParentRunner.java:290)
	at org.junit.runners.ParentRunner$1.schedule(ParentRunner.java:71)
	at org.junit.runners.ParentRunner.runChildren(ParentRunner.java:288)
	at org.junit.runners.ParentRunner.access$000(ParentRunner.java:58)
	at org.junit.runners.ParentRunner$2.evaluate(ParentRunner.java:268)
	at org.junit.runners.ParentRunner.run(ParentRunner.java:363)
	at cucumber.api.junit.Cucumber.run(Cucumber.java:100)
	at org.apache.maven.surefire.junit4.JUnit4Provider.execute(JUnit4Provider.java:283)
	at org.apache.maven.surefire.junit4.JUnit4Provider.executeWithRerun(JUnit4Provider.java:173)
	at org.apache.maven.surefire.junit4.JUnit4Provider.executeTestSet(JUnit4Provider.java:153)
	at org.apache.maven.surefire.junit4.JUnit4Provider.invoke(JUnit4Provider.java:128)
	at org.apache.maven.surefire.booter.ForkedBooter.invokeProviderInSameClassLoader(ForkedBooter.java:203)
	at org.apache.maven.surefire.booter.ForkedBooter.runSuitesInProcess(ForkedBooter.java:155)
	at org.apache.maven.surefire.booter.ForkedBooter.main(ForkedBooter.java:103)
]]></error>
  </testcase>
  <testcase name="When login as &quot;cmsmanager&quot;" classname="Scenario: VIR-135.05 Verify that the content admin can manage where the page is shown" time="0">
    <skipped/>
    <system-err><![CDATA[[main] INFO net.serenitybdd.core.Serenity - STEP ERROR: java.lang.NoClassDefFoundError: Could not initialize class com.virco.locators.SiteData
[main] INFO net.serenitybdd.core.Serenity - STARTING STEP When login as "cmsmanager"
]]></system-err>
  </testcase>
  <testcase name="When select &quot;Staged&quot; content catalog" classname="Scenario: VIR-135.05 Verify that the content admin can manage where the page is shown" time="0">
    <skipped/>
    <system-err><![CDATA[[main] INFO net.serenitybdd.core.Serenity - IGNORING STEP
[main] INFO net.serenitybdd.core.Serenity - STARTING STEP When select "Staged" content catalog
]]></system-err>
  </testcase>
  <testcase name="When search for &quot;orderingInfo&quot; content" classname="Scenario: VIR-135.05 Verify that the content admin can manage where the page is shown" time="0">
    <skipped/>
    <system-err><![CDATA[[main] INFO net.serenitybdd.core.Serenity - IGNORING STEP
[main] INFO net.serenitybdd.core.Serenity - STARTING STEP When search for "orderingInfo" content
]]></system-err>
  </testcase>
  <testcase name="When double click on &quot;orderingInfo&quot; content page" classname="Scenario: VIR-135.05 Verify that the content admin can manage where the page is shown" time="0">
    <skipped/>
    <system-err><![CDATA[[main] INFO net.serenitybdd.core.Serenity - IGNORING STEP
[main] INFO net.serenitybdd.core.Serenity - STARTING STEP When double click on "orderingInfo" content page
]]></system-err>
  </testcase>
  <testcase name="When click on &quot;Edit&quot; action button" classname="Scenario: VIR-135.05 Verify that the content admin can manage where the page is shown" time="0">
    <skipped/>
    <system-err><![CDATA[[main] INFO net.serenitybdd.core.Serenity - IGNORING STEP
[main] INFO net.serenitybdd.core.Serenity - STARTING STEP When click on "Edit" action button
]]></system-err>
  </testcase>
  <testcase name="When enter &quot;/orderingInfoTest&quot; in &quot;Label:&quot; editor field" classname="Scenario: VIR-135.05 Verify that the content admin can manage where the page is shown" time="0">
    <skipped/>
    <system-err><![CDATA[[main] INFO net.serenitybdd.core.Serenity - IGNORING STEP
[main] INFO net.serenitybdd.core.Serenity - STARTING STEP When enter "/orderingInfoTest" in "Label:" editor field
]]></system-err>
  </testcase>
  <testcase name="When synchronize the product" classname="Scenario: VIR-135.05 Verify that the content admin can manage where the page is shown" time="0">
    <skipped/>
    <system-err><![CDATA[[main] INFO net.serenitybdd.core.Serenity - IGNORING STEP
[main] INFO net.serenitybdd.core.Serenity - STARTING STEP When synchronize the product
]]></system-err>
  </testcase>
  <testcase name="When open the site and login" classname="Scenario: VIR-135.05 Verify that the content admin can manage where the page is shown" time="0">
    <skipped/>
    <system-err><![CDATA[[main] INFO net.serenitybdd.core.Serenity - IGNORING STEP
[main] INFO net.serenitybdd.core.Serenity - STARTING STEP When open the site and login
]]></system-err>
  </testcase>
  <testcase name="When open &quot;/orderingInfoTest&quot; storefront page" classname="Scenario: VIR-135.05 Verify that the content admin can manage where the page is shown" time="0">
    <skipped/>
    <system-err><![CDATA[[main] INFO net.serenitybdd.core.Serenity - IGNORING STEP
[main] INFO net.serenitybdd.core.Serenity - STARTING STEP When open "/orderingInfoTest" storefront page
]]></system-err>
  </testcase>
  <testcase name="Then &quot;OrderingInformationTest&quot; content is opened" classname="Scenario: VIR-135.05 Verify that the content admin can manage where the page is shown" time="0">
    <skipped/>
    <system-err><![CDATA[[main] INFO net.serenitybdd.core.Serenity - IGNORING STEP
[main] INFO net.serenitybdd.core.Serenity - STARTING STEP Then "OrderingInformationTest" content is opened
]]></system-err>
  </testcase>
  <testcase name="Given open &quot;CMS&quot; page" classname="Scenario: VIR-135.06 Return changes for Ordering Information" time="0">
    <error message="Could not initialize class com.virco.locators.SiteData" type="net.serenitybdd.core.exceptions.SerenityManagedException"><![CDATA[net.serenitybdd.core.exceptions.SerenityManagedException: Could not initialize class com.virco.locators.SiteData
	at com.virco.steps.serenity.CommonUserSteps.openManagementPage(CommonUserSteps.java:26)
	at com.virco.steps.serenity.CommonUserSteps$$EnhancerByCGLIB$$d8541bfa.CGLIB$openManagementPage$7(<generated>)
	at com.virco.steps.serenity.CommonUserSteps$$EnhancerByCGLIB$$d8541bfa$$FastClassByCGLIB$$ea8e0f86.invoke(<generated>)
	at net.sf.cglib.proxy.MethodProxy.invokeSuper(MethodProxy.java:228)
	at net.thucydides.core.steps.StepInterceptor.invokeMethod(StepInterceptor.java:372)
	at net.thucydides.core.steps.StepInterceptor.executeTestStepMethod(StepInterceptor.java:357)
	at net.thucydides.core.steps.StepInterceptor.runTestStep(StepInterceptor.java:332)
	at net.thucydides.core.steps.StepInterceptor.testStepResult(StepInterceptor.java:134)
	at net.thucydides.core.steps.StepInterceptor.intercept(StepInterceptor.java:61)
	at com.virco.steps.serenity.CommonUserSteps$$EnhancerByCGLIB$$d8541bfa.openManagementPage(<generated>)
	at com.virco.steps.CommonDefinitionSteps.openPage(CommonDefinitionSteps.java:22)
	at sun.reflect.NativeMethodAccessorImpl.invoke0(Native Method)
	at sun.reflect.NativeMethodAccessorImpl.invoke(NativeMethodAccessorImpl.java:62)
	at sun.reflect.DelegatingMethodAccessorImpl.invoke(DelegatingMethodAccessorImpl.java:43)
	at java.lang.reflect.Method.invoke(Method.java:498)
	at cucumber.runtime.Utils$1.call(Utils.java:40)
	at cucumber.runtime.Timeout.timeout(Timeout.java:16)
	at cucumber.runtime.Utils.invoke(Utils.java:34)
	at cucumber.runtime.java.JavaStepDefinition.execute(JavaStepDefinition.java:38)
	at cucumber.runtime.StepDefinitionMatch.runStep(StepDefinitionMatch.java:37)
	at cucumber.runtime.Runtime.runStep(Runtime.java:300)
	at cucumber.runtime.model.StepContainer.runStep(StepContainer.java:44)
	at cucumber.runtime.model.StepContainer.runSteps(StepContainer.java:39)
	at cucumber.runtime.model.CucumberScenario.run(CucumberScenario.java:44)
	at cucumber.runtime.junit.ExecutionUnitRunner.run(ExecutionUnitRunner.java:102)
	at cucumber.runtime.junit.FeatureRunner.runChild(FeatureRunner.java:63)
	at cucumber.runtime.junit.FeatureRunner.runChild(FeatureRunner.java:18)
	at org.junit.runners.ParentRunner$3.run(ParentRunner.java:290)
	at org.junit.runners.ParentRunner$1.schedule(ParentRunner.java:71)
	at org.junit.runners.ParentRunner.runChildren(ParentRunner.java:288)
	at org.junit.runners.ParentRunner.access$000(ParentRunner.java:58)
	at org.junit.runners.ParentRunner$2.evaluate(ParentRunner.java:268)
	at org.junit.runners.ParentRunner.run(ParentRunner.java:363)
	at cucumber.runtime.junit.FeatureRunner.run(FeatureRunner.java:70)
	at cucumber.api.junit.Cucumber.runChild(Cucumber.java:95)
	at cucumber.api.junit.Cucumber.runChild(Cucumber.java:38)
	at org.junit.runners.ParentRunner$3.run(ParentRunner.java:290)
	at org.junit.runners.ParentRunner$1.schedule(ParentRunner.java:71)
	at org.junit.runners.ParentRunner.runChildren(ParentRunner.java:288)
	at org.junit.runners.ParentRunner.access$000(ParentRunner.java:58)
	at org.junit.runners.ParentRunner$2.evaluate(ParentRunner.java:268)
	at org.junit.runners.ParentRunner.run(ParentRunner.java:363)
	at cucumber.api.junit.Cucumber.run(Cucumber.java:100)
	at org.apache.maven.surefire.junit4.JUnit4Provider.execute(JUnit4Provider.java:283)
	at org.apache.maven.surefire.junit4.JUnit4Provider.executeWithRerun(JUnit4Provider.java:173)
	at org.apache.maven.surefire.junit4.JUnit4Provider.executeTestSet(JUnit4Provider.java:153)
	at org.apache.maven.surefire.junit4.JUnit4Provider.invoke(JUnit4Provider.java:128)
	at org.apache.maven.surefire.booter.ForkedBooter.invokeProviderInSameClassLoader(ForkedBooter.java:203)
	at org.apache.maven.surefire.booter.ForkedBooter.runSuitesInProcess(ForkedBooter.java:155)
	at org.apache.maven.surefire.booter.ForkedBooter.main(ForkedBooter.java:103)
]]></error>
    <system-err><![CDATA[[main] INFO net.serenitybdd.core.Serenity - IGNORING STEP
[main] ERROR net.serenitybdd.core.Serenity - 
           __  _____ _____ ____ _____   _____ _    ___ _     _____ ____  
  _       / / |_   _| ____/ ___|_   _| |  ___/ \  |_ _| |   | ____|  _ \ 
 (_)_____| |    | | |  _| \___ \ | |   | |_ / _ \  | || |   |  _| | | | |
  _|_____| |    | | | |___ ___) || |   |  _/ ___ \ | || |___| |___| |_| |
 (_)     | |    |_| |_____|____/ |_|   |_|/_/   \_\___|_____|_____|____/ 
          \_\                                                            

TEST FAILED WITH ERROR: VIR-135.05 Verify that the content admin can manage where the page is shown
---------------------------------------------------------------------
[main] ERROR net.serenitybdd.core.Serenity - TEST FAILED AT STEP Open management page: CMS
[main] ERROR net.serenitybdd.core.Serenity - Could not initialize class com.virco.locators.SiteData
[pool-1-thread-4] INFO net.thucydides.core.reports.json.JSONTestOutcomeReporter - Generating JSON report for VIR-129.02 Verify that the content admin can promo message by using template to file /Users/rodionsavchuk/hybrisAutomation/virco-automatedtests/target/site/serenity/5c582eac1cc160864035d84f14577b2a4b307d178776baf5d94402a8f33a570b.json (using temp file /Users/rodionsavchuk/hybrisAutomation/virco-automatedtests/target/site/serenity/5c582eac1cc160864035d84f14577b2a4b307d178776baf5d94402a8f33a570b.json85e3aa77-2381-40c6-825c-5f930d41c8db)
[pool-1-thread-2] INFO net.thucydides.core.reports.json.JSONTestOutcomeReporter - Generating JSON report for VIR-129.03 Verify that the content admin can add installation slot by using template to file /Users/rodionsavchuk/hybrisAutomation/virco-automatedtests/target/site/serenity/e2ad5898b62d8e77d283000b0832f5fb0d67d58608b2ea1e947bdb3eaa4f7f13.json (using temp file /Users/rodionsavchuk/hybrisAutomation/virco-automatedtests/target/site/serenity/e2ad5898b62d8e77d283000b0832f5fb0d67d58608b2ea1e947bdb3eaa4f7f13.json3344d064-de64-4fd9-af0c-a772a58340d5)
[pool-1-thread-3] INFO net.thucydides.core.reports.json.JSONTestOutcomeReporter - Generating JSON report for VIR-128.01 Verify that the OOTB Hybris is configured to file /Users/rodionsavchuk/hybrisAutomation/virco-automatedtests/target/site/serenity/f9e291a91d7fb0708996a6c172c79994e2f3e3dc027f9c744e43835d2210c73e.json (using temp file /Users/rodionsavchuk/hybrisAutomation/virco-automatedtests/target/site/serenity/f9e291a91d7fb0708996a6c172c79994e2f3e3dc027f9c744e43835d2210c73e.json5f8d07d9-90e4-4351-b92c-1805c69aee1a)
[pool-1-thread-1] INFO net.thucydides.core.reports.json.JSONTestOutcomeReporter - Generating JSON report for VIR-129.01 Verify that the content admin can add a rotating theme by using template to file /Users/rodionsavchuk/hybrisAutomation/virco-automatedtests/target/site/serenity/2baaeb277c29c1f85062130a60bafea2167a5c2dd87a93c69ad94698238c35ee.json (using temp file /Users/rodionsavchuk/hybrisAutomation/virco-automatedtests/target/site/serenity/2baaeb277c29c1f85062130a60bafea2167a5c2dd87a93c69ad94698238c35ee.jsonae3617ff-5c90-46b8-88f3-33e28df221f1)
[pool-1-thread-4] INFO net.thucydides.core.reports.json.JSONTestOutcomeReporter - Generating JSON report for VIR-129.04 Verify that the content admin can add a product recommendation component on the page template by using template to file /Users/rodionsavchuk/hybrisAutomation/virco-automatedtests/target/site/serenity/2568cbeed2bdf1850ea694b2c61bf8c9430c3ac453a0d1b2f15e169595434015.json (using temp file /Users/rodionsavchuk/hybrisAutomation/virco-automatedtests/target/site/serenity/2568cbeed2bdf1850ea694b2c61bf8c9430c3ac453a0d1b2f15e169595434015.json81d235e3-bf0b-40f9-9350-51493fa0761b)
[pool-1-thread-2] INFO net.thucydides.core.reports.json.JSONTestOutcomeReporter - Generating JSON report for VIR-129.05 Verify that the content admin can add a quick ship component on the template page to file /Users/rodionsavchuk/hybrisAutomation/virco-automatedtests/target/site/serenity/03a37ae243f19fd5e4074c51364f3accdea994f94fbe9bfc0888dbf6b3fcb296.json (using temp file /Users/rodionsavchuk/hybrisAutomation/virco-automatedtests/target/site/serenity/03a37ae243f19fd5e4074c51364f3accdea994f94fbe9bfc0888dbf6b3fcb296.json620647ba-da71-4a7d-a93d-fe0cf4d6a7ae)
[pool-1-thread-3] INFO net.thucydides.core.reports.json.JSONTestOutcomeReporter - Generating JSON report for VIR-129.07 Verify that the content admin can add a product images component on the template page to file /Users/rodionsavchuk/hybrisAutomation/virco-automatedtests/target/site/serenity/b14d7ddd1213e2b3e327a1da59a5f30243e7b1413ece781e8217d0475b1d4ba5.json (using temp file /Users/rodionsavchuk/hybrisAutomation/virco-automatedtests/target/site/serenity/b14d7ddd1213e2b3e327a1da59a5f30243e7b1413ece781e8217d0475b1d4ba5.jsonc0d42872-7a01-4353-acef-b52a3e3c0512)
[pool-1-thread-1] INFO net.thucydides.core.reports.json.JSONTestOutcomeReporter - Generating JSON report for VIR-129.06 Verify that the content admin can add a popular category on the template page to file /Users/rodionsavchuk/hybrisAutomation/virco-automatedtests/target/site/serenity/4cb24bf6eab810d97c001f653ce7ec4c2620e8ef80649c431bc47d31554e7dfa.json (using temp file /Users/rodionsavchuk/hybrisAutomation/virco-automatedtests/target/site/serenity/4cb24bf6eab810d97c001f653ce7ec4c2620e8ef80649c431bc47d31554e7dfa.jsonc9ba65df-50ec-4b65-a3f4-ffde10823989)
[pool-1-thread-4] INFO net.thucydides.core.reports.json.JSONTestOutcomeReporter - Generating JSON report for VIR-129.08 Verify that the content admin can edit promo message/popular category. to file /Users/rodionsavchuk/hybrisAutomation/virco-automatedtests/target/site/serenity/0b72d581cee195fdedb17f43f946f9e8a6bd5762bb612b26fbaf09d9905941a0.json (using temp file /Users/rodionsavchuk/hybrisAutomation/virco-automatedtests/target/site/serenity/0b72d581cee195fdedb17f43f946f9e8a6bd5762bb612b26fbaf09d9905941a0.json50e6816e-93ec-4736-8ca5-3a7d9750dbbb)
[pool-1-thread-3] INFO net.thucydides.core.reports.json.JSONTestOutcomeReporter - Generating JSON report for VIR-129.09 Verify that the content admin can delete promo message/popular category. to file /Users/rodionsavchuk/hybrisAutomation/virco-automatedtests/target/site/serenity/e3f11c0e315cea47d82b81aeec1d5d4ec6688676c143e6c8bd85b536ee39abf1.json (using temp file /Users/rodionsavchuk/hybrisAutomation/virco-automatedtests/target/site/serenity/e3f11c0e315cea47d82b81aeec1d5d4ec6688676c143e6c8bd85b536ee39abf1.json77ca66d4-6b14-4232-9a7b-0ed36bf668cc)
[pool-1-thread-2] INFO net.thucydides.core.reports.json.JSONTestOutcomeReporter - Generating JSON report for VIR-129.10 Verify that the site has a look, configured by content admin to file /Users/rodionsavchuk/hybrisAutomation/virco-automatedtests/target/site/serenity/100947bcc68d92490597dd6eed62bf55d5857e1335d30b52c2a0a2894d214fe7.json (using temp file /Users/rodionsavchuk/hybrisAutomation/virco-automatedtests/target/site/serenity/100947bcc68d92490597dd6eed62bf55d5857e1335d30b52c2a0a2894d214fe7.json5674ff81-37b3-4470-8f0d-b40aee4351f2)
[pool-1-thread-1] INFO net.thucydides.core.reports.json.JSONTestOutcomeReporter - Generating JSON report for VIR-166.01 Verify the rotating carousel is added on the home page to file /Users/rodionsavchuk/hybrisAutomation/virco-automatedtests/target/site/serenity/41045224dd55f49d371e9fd4a455c28d0acc2a203f1c37c0d89de600b26d38ef.json (using temp file /Users/rodionsavchuk/hybrisAutomation/virco-automatedtests/target/site/serenity/41045224dd55f49d371e9fd4a455c28d0acc2a203f1c37c0d89de600b26d38ef.json047bfa6e-f1c3-4213-9b57-5dc6a0f6924f)
[pool-1-thread-3] INFO net.thucydides.core.reports.json.JSONTestOutcomeReporter - Generating JSON report for VIR-166.02 Verify that the each Banner has Rotating Theme, promotional message and installation slots to file /Users/rodionsavchuk/hybrisAutomation/virco-automatedtests/target/site/serenity/0608016defba6ce482ab704a7f99aa4784d409932878aab3566e62c6acd4c3be.json (using temp file /Users/rodionsavchuk/hybrisAutomation/virco-automatedtests/target/site/serenity/0608016defba6ce482ab704a7f99aa4784d409932878aab3566e62c6acd4c3be.json32fa7933-d511-42dd-8578-44c91c538422)
[pool-1-thread-4] INFO net.thucydides.core.reports.json.JSONTestOutcomeReporter - Generating JSON report for VIR-166.03 Verify that the changes applied to the home page on the WCMS are shown on the site to file /Users/rodionsavchuk/hybrisAutomation/virco-automatedtests/target/site/serenity/b9eb3619ad92be0ca6909f8288eb5393e840f6227de55c87423f32dd621971c6.json (using temp file /Users/rodionsavchuk/hybrisAutomation/virco-automatedtests/target/site/serenity/b9eb3619ad92be0ca6909f8288eb5393e840f6227de55c87423f32dd621971c6.jsone7b73db1-6bc8-4bc5-9604-a08b7a219514)
[pool-1-thread-2] INFO net.thucydides.core.reports.json.JSONTestOutcomeReporter - Generating JSON report for VIR-166.04 Verify changes on the site to file /Users/rodionsavchuk/hybrisAutomation/virco-automatedtests/target/site/serenity/5f43c632221e66e649cb566b95c8c39021872b2cfde3c52fd524b9428955bf6f.json (using temp file /Users/rodionsavchuk/hybrisAutomation/virco-automatedtests/target/site/serenity/5f43c632221e66e649cb566b95c8c39021872b2cfde3c52fd524b9428955bf6f.json83700330-6f31-4084-911e-31b0c52fa061)
[pool-1-thread-1] INFO net.thucydides.core.reports.json.JSONTestOutcomeReporter - Generating JSON report for VIR-166.04 Verify installation slot to file /Users/rodionsavchuk/hybrisAutomation/virco-automatedtests/target/site/serenity/edcb380d350a80cdf46587ae5741ec066978cdd8e0c97472caf730194b651304.json (using temp file /Users/rodionsavchuk/hybrisAutomation/virco-automatedtests/target/site/serenity/edcb380d350a80cdf46587ae5741ec066978cdd8e0c97472caf730194b651304.json20dec446-8e38-42b3-a5a4-4d6381504e4e)
[pool-1-thread-4] INFO net.thucydides.core.reports.json.JSONTestOutcomeReporter - Generating JSON report for VIR-130.01 Verify that the content Admin can add new banner to file /Users/rodionsavchuk/hybrisAutomation/virco-automatedtests/target/site/serenity/bb79537bca7a8b871c5b64cd1153742bc23c54e46592c06f822f87770b2e8b8a.json (using temp file /Users/rodionsavchuk/hybrisAutomation/virco-automatedtests/target/site/serenity/bb79537bca7a8b871c5b64cd1153742bc23c54e46592c06f822f87770b2e8b8a.jsone0a16984-662f-48d7-8e91-d5785ccb8fbe)
[pool-1-thread-3] INFO net.thucydides.core.reports.json.JSONTestOutcomeReporter - Generating JSON report for VIR-166.06 Return changes for carousel to file /Users/rodionsavchuk/hybrisAutomation/virco-automatedtests/target/site/serenity/666f9c30485604a0d8f915e21943e7e88d01015ce9092eafebcdb74a2aa69881.json (using temp file /Users/rodionsavchuk/hybrisAutomation/virco-automatedtests/target/site/serenity/666f9c30485604a0d8f915e21943e7e88d01015ce9092eafebcdb74a2aa69881.json6135797e-cfed-4d97-b633-d20115e4b06c)
[pool-1-thread-2] INFO net.thucydides.core.reports.json.JSONTestOutcomeReporter - Generating JSON report for VIR-130.02 Verify that the content admin can edit the banner to file /Users/rodionsavchuk/hybrisAutomation/virco-automatedtests/target/site/serenity/8473ae2e239acb5c9594f6482f5f79bb4500c946dd2d245bf5d2caa427a8a26f.json (using temp file /Users/rodionsavchuk/hybrisAutomation/virco-automatedtests/target/site/serenity/8473ae2e239acb5c9594f6482f5f79bb4500c946dd2d245bf5d2caa427a8a26f.json4662df89-e58f-48d0-9b67-8e27cccf648f)
[pool-1-thread-1] INFO net.thucydides.core.reports.json.JSONTestOutcomeReporter - Generating JSON report for VIR-130.03 Verify that the content admin can delete the banner to file /Users/rodionsavchuk/hybrisAutomation/virco-automatedtests/target/site/serenity/b41d3443e6a4853ebf7ef1692db7b2b9a12b9d62f5b7166287c8c85636ccdf3f.json (using temp file /Users/rodionsavchuk/hybrisAutomation/virco-automatedtests/target/site/serenity/b41d3443e6a4853ebf7ef1692db7b2b9a12b9d62f5b7166287c8c85636ccdf3f.jsonc5d809ca-10c4-4a67-81aa-dd31e6fe07bc)
[pool-1-thread-4] INFO net.thucydides.core.reports.json.JSONTestOutcomeReporter - Generating JSON report for VIR-375.01 Unable to open the "Verisign terms and policy" page except through the Contact Us page to file /Users/rodionsavchuk/hybrisAutomation/virco-automatedtests/target/site/serenity/3d31ca4ca17ccedf663fa492c24dc92f29157766fcfb628ecd61645c9255a53a.json (using temp file /Users/rodionsavchuk/hybrisAutomation/virco-automatedtests/target/site/serenity/3d31ca4ca17ccedf663fa492c24dc92f29157766fcfb628ecd61645c9255a53a.json73d3994a-a045-4a2d-a2ed-427657a08cea)
[pool-1-thread-1] INFO net.thucydides.core.reports.json.JSONTestOutcomeReporter - Generating JSON report for VIR-130.04 Verify that the site has a look, configured by content admin to file /Users/rodionsavchuk/hybrisAutomation/virco-automatedtests/target/site/serenity/095ee6a7aed460c2ab7447a892b708f667ca6eb3d2b246703cb79d76aaa66edd.json (using temp file /Users/rodionsavchuk/hybrisAutomation/virco-automatedtests/target/site/serenity/095ee6a7aed460c2ab7447a892b708f667ca6eb3d2b246703cb79d76aaa66edd.json9ce2b97e-a470-4a1e-8295-b9d0c258a630)
[pool-1-thread-2] INFO net.thucydides.core.reports.json.JSONTestOutcomeReporter - Generating JSON report for VIR-131.02 Verify that the content Admin can delete terms, security and compliance to file /Users/rodionsavchuk/hybrisAutomation/virco-automatedtests/target/site/serenity/ceb7302073899bbe72c923c378b3dfb15f405875b937887a17bf4cff9988ce11.json (using temp file /Users/rodionsavchuk/hybrisAutomation/virco-automatedtests/target/site/serenity/ceb7302073899bbe72c923c378b3dfb15f405875b937887a17bf4cff9988ce11.jsond852576f-b2a7-434e-bb05-1026d12c955f)
[pool-1-thread-3] INFO net.thucydides.core.reports.json.JSONTestOutcomeReporter - Generating JSON report for VIR-131.03 Verify that the content Admin can add terms, security and compliance to file /Users/rodionsavchuk/hybrisAutomation/virco-automatedtests/target/site/serenity/afbc2d2c12a820e7bd8ff57fd665dcbf835c82e12b10214fa792d713e6b209c6.json (using temp file /Users/rodionsavchuk/hybrisAutomation/virco-automatedtests/target/site/serenity/afbc2d2c12a820e7bd8ff57fd665dcbf835c82e12b10214fa792d713e6b209c6.json6089538e-bc09-497d-b7db-48827370af1c)
[pool-1-thread-2] INFO net.thucydides.core.reports.json.JSONTestOutcomeReporter - Generating JSON report for VIR-131.05 Return changes to file /Users/rodionsavchuk/hybrisAutomation/virco-automatedtests/target/site/serenity/481bc60c8e1753c36167a06d3e94715ec6bdb3bc0fa2de75bc3b701c703a0740.json (using temp file /Users/rodionsavchuk/hybrisAutomation/virco-automatedtests/target/site/serenity/481bc60c8e1753c36167a06d3e94715ec6bdb3bc0fa2de75bc3b701c703a0740.jsond49944d8-3d32-477d-a65f-2bb407227f47)
[pool-1-thread-1] INFO net.thucydides.core.reports.json.JSONTestOutcomeReporter - Generating JSON report for VIR-131.04 Verify that the content Admin can edit terms, security and compliance to file /Users/rodionsavchuk/hybrisAutomation/virco-automatedtests/target/site/serenity/11123f2712ee38abf08a7255e58490510ce459b677c6317a48c1c5a02bad5899.json (using temp file /Users/rodionsavchuk/hybrisAutomation/virco-automatedtests/target/site/serenity/11123f2712ee38abf08a7255e58490510ce459b677c6317a48c1c5a02bad5899.jsonf137c595-bd5d-4465-bad1-2531d8916683)
[pool-1-thread-3] INFO net.thucydides.core.reports.json.JSONTestOutcomeReporter - Generating JSON report for VIR-132.01 Verify that the content admin can add restriction for the desired customizations. to file /Users/rodionsavchuk/hybrisAutomation/virco-automatedtests/target/site/serenity/012fbd4c99dbed94980068932c3b9900aa40fcbd0f147abb3c9b18198ccfee2c.json (using temp file /Users/rodionsavchuk/hybrisAutomation/virco-automatedtests/target/site/serenity/012fbd4c99dbed94980068932c3b9900aa40fcbd0f147abb3c9b18198ccfee2c.json06d805e0-ab8f-4765-9929-90828f3a0320)
[pool-1-thread-4] INFO net.thucydides.core.reports.json.JSONTestOutcomeReporter - Generating JSON report for VIR-132.02 Verify that the content admin can edit restriction for the desired customizations. to file /Users/rodionsavchuk/hybrisAutomation/virco-automatedtests/target/site/serenity/21c25b56faab758e879fe49e985016e5e5212c7b9214f355a35317a785ad4edd.json (using temp file /Users/rodionsavchuk/hybrisAutomation/virco-automatedtests/target/site/serenity/21c25b56faab758e879fe49e985016e5e5212c7b9214f355a35317a785ad4edd.jsondce0bcff-d0c4-4ae3-b03f-83540bd3b4db)
[pool-1-thread-2] INFO net.thucydides.core.reports.json.JSONTestOutcomeReporter - Generating JSON report for VIR-132.03 Verify that the content admin can delete restriction for the desired customizations. to file /Users/rodionsavchuk/hybrisAutomation/virco-automatedtests/target/site/serenity/f6bd8472778e2535a4b9144aa99d3240dacf17fdc0647b30ce75c3b787f53d15.json (using temp file /Users/rodionsavchuk/hybrisAutomation/virco-automatedtests/target/site/serenity/f6bd8472778e2535a4b9144aa99d3240dacf17fdc0647b30ce75c3b787f53d15.json7a85d5ed-1355-4f38-bb55-632ab2b2b5ef)
[pool-1-thread-1] INFO net.thucydides.core.reports.json.JSONTestOutcomeReporter - Generating JSON report for VIR-132.04 Verify that the restrictions can be added to the following to file /Users/rodionsavchuk/hybrisAutomation/virco-automatedtests/target/site/serenity/bb312434987ad8333f1a82d90084aa3d1109fed7e9f40f25770d63e0cb749be9.json (using temp file /Users/rodionsavchuk/hybrisAutomation/virco-automatedtests/target/site/serenity/bb312434987ad8333f1a82d90084aa3d1109fed7e9f40f25770d63e0cb749be9.jsondf64c5dc-a6ea-4667-9dc5-6bc5dbcd34ea)
[pool-1-thread-3] INFO net.thucydides.core.reports.json.JSONTestOutcomeReporter - Generating JSON report for VIR-133.01 Verify that the content admin can delete the banner, title and categories through the WCMS to file /Users/rodionsavchuk/hybrisAutomation/virco-automatedtests/target/site/serenity/d10c471b31104c36cff5887c55a7bc150eababcb1937fa5a395a48f11580da2f.json (using temp file /Users/rodionsavchuk/hybrisAutomation/virco-automatedtests/target/site/serenity/d10c471b31104c36cff5887c55a7bc150eababcb1937fa5a395a48f11580da2f.json715c1202-cd9d-4869-9618-b1907ff38d37)
[pool-1-thread-2] INFO net.thucydides.core.reports.json.JSONTestOutcomeReporter - Generating JSON report for VIR-133.02 Verify that the content admin can add the banner, title and categories through the WCMS to file /Users/rodionsavchuk/hybrisAutomation/virco-automatedtests/target/site/serenity/3bb00edc8b11547b9ac39ca5a5696c45f1e0d290628ccd73684e0832986f1e71.json (using temp file /Users/rodionsavchuk/hybrisAutomation/virco-automatedtests/target/site/serenity/3bb00edc8b11547b9ac39ca5a5696c45f1e0d290628ccd73684e0832986f1e71.json902efdf4-02a8-4347-87e9-43a1e047ad06)
[pool-1-thread-1] INFO net.thucydides.core.reports.json.JSONTestOutcomeReporter - Generating JSON report for VIR-133.04 Verify that the Banner is shown to the shopper on the home page to file /Users/rodionsavchuk/hybrisAutomation/virco-automatedtests/target/site/serenity/4c2884489ffe2042fbe11e4563b220cac104e5129e32868a3f1d6600011e076b.json (using temp file /Users/rodionsavchuk/hybrisAutomation/virco-automatedtests/target/site/serenity/4c2884489ffe2042fbe11e4563b220cac104e5129e32868a3f1d6600011e076b.jsonc9069f24-dea2-4039-b434-79af81dbd0b7)
[pool-1-thread-3] INFO net.thucydides.core.reports.json.JSONTestOutcomeReporter - Generating JSON report for VIR-133.05 Verify that the text is overlaid on the banner to file /Users/rodionsavchuk/hybrisAutomation/virco-automatedtests/target/site/serenity/bf1a934735e5d669eada1b870d663ecb425f20e68617bfb53654f05d12656a5f.json (using temp file /Users/rodionsavchuk/hybrisAutomation/virco-automatedtests/target/site/serenity/bf1a934735e5d669eada1b870d663ecb425f20e68617bfb53654f05d12656a5f.json87d531a9-7210-4cc2-ae63-a7626ba1c84c)
[pool-1-thread-2] INFO net.thucydides.core.reports.json.JSONTestOutcomeReporter - Generating JSON report for VIR-133.06 Verify that the Page title "Products by Category" is shown to the shopper to file /Users/rodionsavchuk/hybrisAutomation/virco-automatedtests/target/site/serenity/e3d83e5f621b42696d81ce997061a34362f9a4bb6639aa90f2db1d4db4b51d64.json (using temp file /Users/rodionsavchuk/hybrisAutomation/virco-automatedtests/target/site/serenity/e3d83e5f621b42696d81ce997061a34362f9a4bb6639aa90f2db1d4db4b51d64.json3585dfcf-a968-4ca5-8b0a-d4808820865e)
[pool-1-thread-4] INFO net.thucydides.core.reports.json.JSONTestOutcomeReporter - Generating JSON report for VIR-133.03 Verify that the content admin can edit the banner, title and categories through the WCMS to file /Users/rodionsavchuk/hybrisAutomation/virco-automatedtests/target/site/serenity/bf784fb294e81a8a6ed3e34f569b9b326b48ffb8cfb4166224a8840cbf362e21.json (using temp file /Users/rodionsavchuk/hybrisAutomation/virco-automatedtests/target/site/serenity/bf784fb294e81a8a6ed3e34f569b9b326b48ffb8cfb4166224a8840cbf362e21.jsondef960b4-b002-42fb-a170-0b16f3d83dee)
[pool-1-thread-1] INFO net.thucydides.core.reports.json.JSONTestOutcomeReporter - Generating JSON report for VIR-134.01 Verify that the content admin can create quick links to file /Users/rodionsavchuk/hybrisAutomation/virco-automatedtests/target/site/serenity/40d81346ba58c0f71fcf613db8a0a63c8ecb26e1fd4aaa8d151a703d15657b0e.json (using temp file /Users/rodionsavchuk/hybrisAutomation/virco-automatedtests/target/site/serenity/40d81346ba58c0f71fcf613db8a0a63c8ecb26e1fd4aaa8d151a703d15657b0e.json319e293b-143a-4fa0-89ac-e9f5f03a42e1)
[pool-1-thread-2] INFO net.thucydides.core.reports.json.JSONTestOutcomeReporter - Generating JSON report for VIR-134.02 Verify that the content admin can edit quick links to file /Users/rodionsavchuk/hybrisAutomation/virco-automatedtests/target/site/serenity/41734951e0ed56f455a46612ce22533ae97fded928f274893c4007976da87481.json (using temp file /Users/rodionsavchuk/hybrisAutomation/virco-automatedtests/target/site/serenity/41734951e0ed56f455a46612ce22533ae97fded928f274893c4007976da87481.json8b6e6bc1-2187-4b4d-914d-ef64bd25c49a)
[pool-1-thread-3] INFO net.thucydides.core.reports.json.JSONTestOutcomeReporter - Generating JSON report for VIR-133.07 Verify that the following page categories are shown to file /Users/rodionsavchuk/hybrisAutomation/virco-automatedtests/target/site/serenity/1d12cdceb7058d9417a7bb7107783782f643d4ed988f36376903b230848c1f01.json (using temp file /Users/rodionsavchuk/hybrisAutomation/virco-automatedtests/target/site/serenity/1d12cdceb7058d9417a7bb7107783782f643d4ed988f36376903b230848c1f01.json7b66e3a6-7267-4a0e-adb3-d7c72aa4b1df)
[pool-1-thread-4] INFO net.thucydides.core.reports.json.JSONTestOutcomeReporter - Generating JSON report for VIR-134.03 Verify that the content admin can delete quick links to file /Users/rodionsavchuk/hybrisAutomation/virco-automatedtests/target/site/serenity/e1618d2dbdbd929514ab60461040a335e53fc3975e4d58436fa87a8251365ba9.json (using temp file /Users/rodionsavchuk/hybrisAutomation/virco-automatedtests/target/site/serenity/e1618d2dbdbd929514ab60461040a335e53fc3975e4d58436fa87a8251365ba9.jsone8ed6dab-959e-4f59-a956-e89c99798ae4)
[pool-1-thread-1] INFO net.thucydides.core.reports.json.JSONTestOutcomeReporter - Generating JSON report for VIR-134.04 Verify that the following quick links are on the site to file /Users/rodionsavchuk/hybrisAutomation/virco-automatedtests/target/site/serenity/58e0a8ef376111f4675fa1030f00d436b8d6a2832054b645999dc268d4b4012c.json (using temp file /Users/rodionsavchuk/hybrisAutomation/virco-automatedtests/target/site/serenity/58e0a8ef376111f4675fa1030f00d436b8d6a2832054b645999dc268d4b4012c.json8d9d2510-d5dc-4fc3-8c44-442c31902a7e)
[pool-1-thread-2] INFO net.thucydides.core.reports.json.JSONTestOutcomeReporter - Generating JSON report for VIR-135.01 Verify that the Ordering Information page is opened after click on its link in footer to file /Users/rodionsavchuk/hybrisAutomation/virco-automatedtests/target/site/serenity/fe76c656848baf193220d07591a15ba921e649f837da4d5f226eb2f9ac003e5c.json (using temp file /Users/rodionsavchuk/hybrisAutomation/virco-automatedtests/target/site/serenity/fe76c656848baf193220d07591a15ba921e649f837da4d5f226eb2f9ac003e5c.json20d49699-d595-43a6-a390-e15ebc637f47)
[pool-1-thread-4] INFO net.thucydides.core.reports.json.JSONTestOutcomeReporter - Generating JSON report for VIR-135.02 Verify that the content admin can delete the content pages to file /Users/rodionsavchuk/hybrisAutomation/virco-automatedtests/target/site/serenity/5533f47726ef60c7255b243fb3be58293db2609f695eaae058c94f3666f174ad.json (using temp file /Users/rodionsavchuk/hybrisAutomation/virco-automatedtests/target/site/serenity/5533f47726ef60c7255b243fb3be58293db2609f695eaae058c94f3666f174ad.json25c7b7fd-a961-46a9-aa31-785737c77853)
[pool-1-thread-3] INFO net.thucydides.core.reports.json.JSONTestOutcomeReporter - Generating JSON report for VIR-135.03 Verify that the content admin can add content pages to file /Users/rodionsavchuk/hybrisAutomation/virco-automatedtests/target/site/serenity/19f3109b1b55611ab680e27660e62d6759a92a3ed1a61ff3b5490abbe9a15fb1.json (using temp file /Users/rodionsavchuk/hybrisAutomation/virco-automatedtests/target/site/serenity/19f3109b1b55611ab680e27660e62d6759a92a3ed1a61ff3b5490abbe9a15fb1.json1dbca182-9795-4a17-a7f8-367c3ecb9194)
[pool-1-thread-1] INFO net.thucydides.core.reports.json.JSONTestOutcomeReporter - Generating JSON report for VIR-135.04 Verify that the content admin can edit content pages to file /Users/rodionsavchuk/hybrisAutomation/virco-automatedtests/target/site/serenity/e513b291e44a0a2ba0a88a4710180b0f2ee877cc19b00c235ea0338012705155.json (using temp file /Users/rodionsavchuk/hybrisAutomation/virco-automatedtests/target/site/serenity/e513b291e44a0a2ba0a88a4710180b0f2ee877cc19b00c235ea0338012705155.jsonb7b814d5-939e-42b8-b6f1-6cf11406e2a2)
[pool-1-thread-1] INFO net.thucydides.core.reports.json.JSONTestOutcomeReporter - Generating JSON report for VIR-135.05 Verify that the content admin can manage where the page is shown to file /Users/rodionsavchuk/hybrisAutomation/virco-automatedtests/target/site/serenity/81f0615596311e9fe020a479de07e4aa75b91eb2264a4f269747556a7be8ef04.json (using temp file /Users/rodionsavchuk/hybrisAutomation/virco-automatedtests/target/site/serenity/81f0615596311e9fe020a479de07e4aa75b91eb2264a4f269747556a7be8ef04.json62792412-6efd-4648-a7da-3fd81e831e92)
[pool-1-thread-2] INFO net.thucydides.core.reports.html.HtmlAcceptanceTestReporter - GENERATING HTML REPORT FOR CNT-1 - WCMS Site Maintenance:VIR-128.01 Verify that the OOTB Hybris is configured in f9e291a91d7fb0708996a6c172c79994e2f3e3dc027f9c744e43835d2210c73e.html in directory target/site/serenity  
[pool-1-thread-4] INFO net.thucydides.core.reports.html.HtmlAcceptanceTestReporter - GENERATING HTML REPORT FOR CNT-2 - Component Maintenance:VIR-129.02 Verify that the content admin can promo message by using template in 5c582eac1cc160864035d84f14577b2a4b307d178776baf5d94402a8f33a570b.html in directory target/site/serenity  
[pool-1-thread-1] INFO net.thucydides.core.reports.html.HtmlAcceptanceTestReporter - GENERATING HTML REPORT FOR CNT-2 - Component Maintenance:VIR-129.03 Verify that the content admin can add installation slot by using template in e2ad5898b62d8e77d283000b0832f5fb0d67d58608b2ea1e947bdb3eaa4f7f13.html in directory target/site/serenity  
[pool-1-thread-2] INFO net.thucydides.core.reports.html.HtmlAcceptanceTestReporter - GENERATING HTML REPORT FOR CNT-2 - Component Maintenance:VIR-129.04 Verify that the content admin can add a product recommendation component on the page template by using template in 2568cbeed2bdf1850ea694b2c61bf8c9430c3ac453a0d1b2f15e169595434015.html in directory target/site/serenity  
[pool-1-thread-3] INFO net.thucydides.core.reports.html.HtmlAcceptanceTestReporter - GENERATING HTML REPORT FOR CNT-2 - Component Maintenance:VIR-129.01 Verify that the content admin can add a rotating theme by using template in 2baaeb277c29c1f85062130a60bafea2167a5c2dd87a93c69ad94698238c35ee.html in directory target/site/serenity  
[pool-1-thread-4] INFO net.thucydides.core.reports.html.HtmlAcceptanceTestReporter - GENERATING HTML REPORT FOR CNT-2 - Component Maintenance:VIR-129.05 Verify that the content admin can add a quick ship component on the template page in 03a37ae243f19fd5e4074c51364f3accdea994f94fbe9bfc0888dbf6b3fcb296.html in directory target/site/serenity  
[pool-1-thread-1] INFO net.thucydides.core.reports.html.HtmlAcceptanceTestReporter - GENERATING HTML REPORT FOR CNT-2 - Component Maintenance:VIR-129.06 Verify that the content admin can add a popular category on the template page in 4cb24bf6eab810d97c001f653ce7ec4c2620e8ef80649c431bc47d31554e7dfa.html in directory target/site/serenity  
[pool-1-thread-2] INFO net.thucydides.core.reports.html.HtmlAcceptanceTestReporter - GENERATING HTML REPORT FOR CNT-2 - Component Maintenance:VIR-129.07 Verify that the content admin can add a product images component on the template page in b14d7ddd1213e2b3e327a1da59a5f30243e7b1413ece781e8217d0475b1d4ba5.html in directory target/site/serenity  
[pool-1-thread-4] INFO net.thucydides.core.reports.html.HtmlAcceptanceTestReporter - GENERATING HTML REPORT FOR CNT-2 - Component Maintenance:VIR-129.09 Verify that the content admin can delete promo message/popular category. in e3f11c0e315cea47d82b81aeec1d5d4ec6688676c143e6c8bd85b536ee39abf1.html in directory target/site/serenity  
[pool-1-thread-3] INFO net.thucydides.core.reports.html.HtmlAcceptanceTestReporter - GENERATING HTML REPORT FOR CNT-2 - Component Maintenance:VIR-129.08 Verify that the content admin can edit promo message/popular category. in 0b72d581cee195fdedb17f43f946f9e8a6bd5762bb612b26fbaf09d9905941a0.html in directory target/site/serenity  
[pool-1-thread-2] INFO net.thucydides.core.reports.html.HtmlAcceptanceTestReporter - GENERATING HTML REPORT FOR CNT-2 - Component Maintenance:VIR-129.10 Verify that the site has a look, configured by content admin in 100947bcc68d92490597dd6eed62bf55d5857e1335d30b52c2a0a2894d214fe7.html in directory target/site/serenity  
[pool-1-thread-4] INFO net.thucydides.core.reports.html.HtmlAcceptanceTestReporter - GENERATING HTML REPORT FOR CNT-2 - Component Maintenance:VIR-166.01 Verify the rotating carousel is added on the home page in 41045224dd55f49d371e9fd4a455c28d0acc2a203f1c37c0d89de600b26d38ef.html in directory target/site/serenity  
[pool-1-thread-1] INFO net.thucydides.core.reports.html.HtmlAcceptanceTestReporter - GENERATING HTML REPORT FOR CNT-2 - Component Maintenance:VIR-166.02 Verify that the each Banner has Rotating Theme, promotional message and installation slots in 0608016defba6ce482ab704a7f99aa4784d409932878aab3566e62c6acd4c3be.html in directory target/site/serenity  
[pool-1-thread-2] INFO net.thucydides.core.reports.html.HtmlAcceptanceTestReporter - GENERATING HTML REPORT FOR CNT-2 - Component Maintenance:VIR-166.03 Verify that the changes applied to the home page on the WCMS are shown on the site in b9eb3619ad92be0ca6909f8288eb5393e840f6227de55c87423f32dd621971c6.html in directory target/site/serenity  
[pool-1-thread-3] INFO net.thucydides.core.reports.html.HtmlAcceptanceTestReporter - GENERATING HTML REPORT FOR CNT-2 - Component Maintenance:VIR-166.04 Verify changes on the site in 5f43c632221e66e649cb566b95c8c39021872b2cfde3c52fd524b9428955bf6f.html in directory target/site/serenity  
[pool-1-thread-1] INFO net.thucydides.core.reports.html.HtmlAcceptanceTestReporter - GENERATING HTML REPORT FOR CNT-2 - Component Maintenance:VIR-166.04 Verify installation slot in edcb380d350a80cdf46587ae5741ec066978cdd8e0c97472caf730194b651304.html in directory target/site/serenity  
[pool-1-thread-4] INFO net.thucydides.core.reports.html.HtmlAcceptanceTestReporter - GENERATING HTML REPORT FOR CNT-2 - Component Maintenance:VIR-166.06 Return changes for carousel in 666f9c30485604a0d8f915e21943e7e88d01015ce9092eafebcdb74a2aa69881.html in directory target/site/serenity  
[pool-1-thread-2] INFO net.thucydides.core.reports.html.HtmlAcceptanceTestReporter - GENERATING HTML REPORT FOR CNT-3 - Banners:VIR-130.01 Verify that the content Admin can add new banner in bb79537bca7a8b871c5b64cd1153742bc23c54e46592c06f822f87770b2e8b8a.html in directory target/site/serenity  
[pool-1-thread-3] INFO net.thucydides.core.reports.html.HtmlAcceptanceTestReporter - GENERATING HTML REPORT FOR CNT-3 - Banners:VIR-130.02 Verify that the content admin can edit the banner in 8473ae2e239acb5c9594f6482f5f79bb4500c946dd2d245bf5d2caa427a8a26f.html in directory target/site/serenity  
[pool-1-thread-1] INFO net.thucydides.core.reports.html.HtmlAcceptanceTestReporter - GENERATING HTML REPORT FOR CNT-3 - Banners:VIR-130.03 Verify that the content admin can delete the banner in b41d3443e6a4853ebf7ef1692db7b2b9a12b9d62f5b7166287c8c85636ccdf3f.html in directory target/site/serenity  
[pool-1-thread-2] INFO net.thucydides.core.reports.html.HtmlAcceptanceTestReporter - GENERATING HTML REPORT FOR CNT-3 - Banners:VIR-130.04 Verify that the site has a look, configured by content admin in 095ee6a7aed460c2ab7447a892b708f667ca6eb3d2b246703cb79d76aaa66edd.html in directory target/site/serenity  
[pool-1-thread-3] INFO net.thucydides.core.reports.html.HtmlAcceptanceTestReporter - GENERATING HTML REPORT FOR CNT-4 - Security Compliance:VIR-375.01 Unable to open the "Verisign terms and policy" page except through the Contact Us page in 3d31ca4ca17ccedf663fa492c24dc92f29157766fcfb628ecd61645c9255a53a.html in directory target/site/serenity  
[pool-1-thread-1] INFO net.thucydides.core.reports.html.HtmlAcceptanceTestReporter - GENERATING HTML REPORT FOR CNT-4 - Security Compliance:VIR-131.02 Verify that the content Admin can delete terms, security and compliance in ceb7302073899bbe72c923c378b3dfb15f405875b937887a17bf4cff9988ce11.html in directory target/site/serenity  
[pool-1-thread-2] INFO net.thucydides.core.reports.html.HtmlAcceptanceTestReporter - GENERATING HTML REPORT FOR CNT-4 - Security Compliance:VIR-131.03 Verify that the content Admin can add terms, security and compliance in afbc2d2c12a820e7bd8ff57fd665dcbf835c82e12b10214fa792d713e6b209c6.html in directory target/site/serenity  
[pool-1-thread-1] INFO net.thucydides.core.reports.html.HtmlAcceptanceTestReporter - GENERATING HTML REPORT FOR CNT-4 - Security Compliance:VIR-131.05 Return changes in 481bc60c8e1753c36167a06d3e94715ec6bdb3bc0fa2de75bc3b701c703a0740.html in directory target/site/serenity  
[pool-1-thread-3] INFO net.thucydides.core.reports.html.HtmlAcceptanceTestReporter - GENERATING HTML REPORT FOR CNT-4 - Security Compliance:VIR-131.04 Verify that the content Admin can edit terms, security and compliance in 11123f2712ee38abf08a7255e58490510ce459b677c6317a48c1c5a02bad5899.html in directory target/site/serenity  
[pool-1-thread-2] INFO net.thucydides.core.reports.html.HtmlAcceptanceTestReporter - GENERATING HTML REPORT FOR CNT-5 - Brand Management:VIR-132.01 Verify that the content admin can add restriction for the desired customizations. in 012fbd4c99dbed94980068932c3b9900aa40fcbd0f147abb3c9b18198ccfee2c.html in directory target/site/serenity  
[pool-1-thread-2] INFO net.thucydides.core.reports.html.HtmlAcceptanceTestReporter - GENERATING HTML REPORT FOR CNT-5 - Brand Management:VIR-132.02 Verify that the content admin can edit restriction for the desired customizations. in 21c25b56faab758e879fe49e985016e5e5212c7b9214f355a35317a785ad4edd.html in directory target/site/serenity  
[pool-1-thread-1] INFO net.thucydides.core.reports.html.HtmlAcceptanceTestReporter - GENERATING HTML REPORT FOR CNT-5 - Brand Management:VIR-132.03 Verify that the content admin can delete restriction for the desired customizations. in f6bd8472778e2535a4b9144aa99d3240dacf17fdc0647b30ce75c3b787f53d15.html in directory target/site/serenity  
[pool-1-thread-3] INFO net.thucydides.core.reports.html.HtmlAcceptanceTestReporter - GENERATING HTML REPORT FOR CNT-5 - Brand Management:VIR-132.04 Verify that the restrictions can be added to the following in bb312434987ad8333f1a82d90084aa3d1109fed7e9f40f25770d63e0cb749be9.html in directory target/site/serenity  
[pool-1-thread-3] INFO net.thucydides.core.reports.html.HtmlAcceptanceTestReporter - GENERATING HTML REPORT FOR CNT-6 - Content Slots:VIR-133.03 Verify that the content admin can edit the banner, title and categories through the WCMS in bf784fb294e81a8a6ed3e34f569b9b326b48ffb8cfb4166224a8840cbf362e21.html in directory target/site/serenity  
[pool-1-thread-2] INFO net.thucydides.core.reports.html.HtmlAcceptanceTestReporter - GENERATING HTML REPORT FOR CNT-6 - Content Slots:VIR-133.01 Verify that the content admin can delete the banner, title and categories through the WCMS in d10c471b31104c36cff5887c55a7bc150eababcb1937fa5a395a48f11580da2f.html in directory target/site/serenity  
[pool-1-thread-1] INFO net.thucydides.core.reports.html.HtmlAcceptanceTestReporter - GENERATING HTML REPORT FOR CNT-6 - Content Slots:VIR-133.02 Verify that the content admin can add the banner, title and categories through the WCMS in 3bb00edc8b11547b9ac39ca5a5696c45f1e0d290628ccd73684e0832986f1e71.html in directory target/site/serenity  
[pool-1-thread-2] INFO net.thucydides.core.reports.html.HtmlAcceptanceTestReporter - GENERATING HTML REPORT FOR CNT-6 - Content Slots:VIR-133.04 Verify that the Banner is shown to the shopper on the home page in 4c2884489ffe2042fbe11e4563b220cac104e5129e32868a3f1d6600011e076b.html in directory target/site/serenity  
[pool-1-thread-1] INFO net.thucydides.core.reports.html.HtmlAcceptanceTestReporter - GENERATING HTML REPORT FOR CNT-6 - Content Slots:VIR-133.05 Verify that the text is overlaid on the banner in bf1a934735e5d669eada1b870d663ecb425f20e68617bfb53654f05d12656a5f.html in directory target/site/serenity  
[pool-1-thread-3] INFO net.thucydides.core.reports.html.HtmlAcceptanceTestReporter - GENERATING HTML REPORT FOR CNT-6 - Content Slots:VIR-133.06 Verify that the Page title "Products by Category" is shown to the shopper in e3d83e5f621b42696d81ce997061a34362f9a4bb6639aa90f2db1d4db4b51d64.html in directory target/site/serenity  
[pool-1-thread-4] INFO net.thucydides.core.reports.html.HtmlAcceptanceTestReporter - GENERATING HTML REPORT FOR CNT-6 - Content Slots:VIR-133.07 Verify that the following page categories are shown in 1d12cdceb7058d9417a7bb7107783782f643d4ed988f36376903b230848c1f01.html in directory target/site/serenity  
[pool-1-thread-2] INFO net.thucydides.core.reports.html.HtmlAcceptanceTestReporter - GENERATING HTML REPORT FOR CNT-7 - Quick Links:VIR-134.01 Verify that the content admin can create quick links in 40d81346ba58c0f71fcf613db8a0a63c8ecb26e1fd4aaa8d151a703d15657b0e.html in directory target/site/serenity  
[pool-1-thread-1] INFO net.thucydides.core.reports.html.HtmlAcceptanceTestReporter - GENERATING HTML REPORT FOR CNT-7 - Quick Links:VIR-134.02 Verify that the content admin can edit quick links in 41734951e0ed56f455a46612ce22533ae97fded928f274893c4007976da87481.html in directory target/site/serenity  
[pool-1-thread-3] INFO net.thucydides.core.reports.html.HtmlAcceptanceTestReporter - GENERATING HTML REPORT FOR CNT-7 - Quick Links:VIR-134.03 Verify that the content admin can delete quick links in e1618d2dbdbd929514ab60461040a335e53fc3975e4d58436fa87a8251365ba9.html in directory target/site/serenity  
[pool-1-thread-2] INFO net.thucydides.core.reports.html.HtmlAcceptanceTestReporter - GENERATING HTML REPORT FOR CNT-7 - Quick Links:VIR-134.04 Verify that the following quick links are on the site in 58e0a8ef376111f4675fa1030f00d436b8d6a2832054b645999dc268d4b4012c.html in directory target/site/serenity  
[pool-1-thread-1] INFO net.thucydides.core.reports.html.HtmlAcceptanceTestReporter - GENERATING HTML REPORT FOR CNT-8 - Order Information:VIR-135.01 Verify that the Ordering Information page is opened after click on its link in footer in fe76c656848baf193220d07591a15ba921e649f837da4d5f226eb2f9ac003e5c.html in directory target/site/serenity  
[pool-1-thread-3] INFO net.thucydides.core.reports.html.HtmlAcceptanceTestReporter - GENERATING HTML REPORT FOR CNT-8 - Order Information:VIR-135.02 Verify that the content admin can delete the content pages in 5533f47726ef60c7255b243fb3be58293db2609f695eaae058c94f3666f174ad.html in directory target/site/serenity  
[pool-1-thread-4] INFO net.thucydides.core.reports.html.HtmlAcceptanceTestReporter - GENERATING HTML REPORT FOR CNT-8 - Order Information:VIR-135.03 Verify that the content admin can add content pages in 19f3109b1b55611ab680e27660e62d6759a92a3ed1a61ff3b5490abbe9a15fb1.html in directory target/site/serenity  
[pool-1-thread-2] INFO net.thucydides.core.reports.html.HtmlAcceptanceTestReporter - GENERATING HTML REPORT FOR CNT-8 - Order Information:VIR-135.04 Verify that the content admin can edit content pages in e513b291e44a0a2ba0a88a4710180b0f2ee877cc19b00c235ea0338012705155.html in directory target/site/serenity  
[pool-1-thread-1] INFO net.thucydides.core.reports.html.HtmlAcceptanceTestReporter - GENERATING HTML REPORT FOR CNT-8 - Order Information:VIR-135.05 Verify that the content admin can manage where the page is shown in 81f0615596311e9fe020a479de07e4aa75b91eb2264a4f269747556a7be8ef04.html in directory target/site/serenity  
[main] INFO net.serenitybdd.core.Serenity - 
 _____ _____ ____ _____   ____ _____  _    ____ _____ _____ ____  
|_   _| ____/ ___|_   _| / ___|_   _|/ \  |  _ \_   _| ____|  _ \ 
  | | |  _| \___ \ | |   \___ \ | | / _ \ | |_) || | |  _| | | | |
  | | | |___ ___) || |    ___) || |/ ___ \|  _ < | | | |___| |_| |
  |_| |_____|____/ |_|   |____/ |_/_/   \_\_| \_\|_| |_____|____/ 
                                                                  

TEST STARTED: VIR-135.06 Return changes for Ordering Information
-------------------------------------------------------------------(cnt-8---order-information;vir-135.06-return-changes-for-ordering-information)
[main] INFO net.serenitybdd.core.Serenity - STARTING STEP Given open "CMS" page
[main] INFO net.serenitybdd.core.Serenity - STARTING STEP Open management page: CMS
[main] INFO net.serenitybdd.core.Serenity - STEP ERROR: net.serenitybdd.core.exceptions.SerenityManagedException: Could not initialize class com.virco.locators.SiteData
]]></system-err>
  </testcase>
  <testcase name="Scenario: VIR-135.06 Return changes for Ordering Information" classname="Scenario: VIR-135.06 Return changes for Ordering Information" time="0.001">
    <error message="Could not initialize class com.virco.locators.SiteData" type="net.serenitybdd.core.exceptions.SerenityManagedException"><![CDATA[net.serenitybdd.core.exceptions.SerenityManagedException: Could not initialize class com.virco.locators.SiteData
	at com.virco.steps.serenity.CommonUserSteps.openManagementPage(CommonUserSteps.java:26)
	at com.virco.steps.serenity.CommonUserSteps$$EnhancerByCGLIB$$d8541bfa.CGLIB$openManagementPage$7(<generated>)
	at com.virco.steps.serenity.CommonUserSteps$$EnhancerByCGLIB$$d8541bfa$$FastClassByCGLIB$$ea8e0f86.invoke(<generated>)
	at net.sf.cglib.proxy.MethodProxy.invokeSuper(MethodProxy.java:228)
	at net.thucydides.core.steps.StepInterceptor.invokeMethod(StepInterceptor.java:372)
	at net.thucydides.core.steps.StepInterceptor.executeTestStepMethod(StepInterceptor.java:357)
	at net.thucydides.core.steps.StepInterceptor.runTestStep(StepInterceptor.java:332)
	at net.thucydides.core.steps.StepInterceptor.testStepResult(StepInterceptor.java:134)
	at net.thucydides.core.steps.StepInterceptor.intercept(StepInterceptor.java:61)
	at com.virco.steps.serenity.CommonUserSteps$$EnhancerByCGLIB$$d8541bfa.openManagementPage(<generated>)
	at com.virco.steps.CommonDefinitionSteps.openPage(CommonDefinitionSteps.java:22)
	at sun.reflect.NativeMethodAccessorImpl.invoke0(Native Method)
	at sun.reflect.NativeMethodAccessorImpl.invoke(NativeMethodAccessorImpl.java:62)
	at sun.reflect.DelegatingMethodAccessorImpl.invoke(DelegatingMethodAccessorImpl.java:43)
	at java.lang.reflect.Method.invoke(Method.java:498)
	at cucumber.runtime.Utils$1.call(Utils.java:40)
	at cucumber.runtime.Timeout.timeout(Timeout.java:16)
	at cucumber.runtime.Utils.invoke(Utils.java:34)
	at cucumber.runtime.java.JavaStepDefinition.execute(JavaStepDefinition.java:38)
	at cucumber.runtime.StepDefinitionMatch.runStep(StepDefinitionMatch.java:37)
	at cucumber.runtime.Runtime.runStep(Runtime.java:300)
	at cucumber.runtime.model.StepContainer.runStep(StepContainer.java:44)
	at cucumber.runtime.model.StepContainer.runSteps(StepContainer.java:39)
	at cucumber.runtime.model.CucumberScenario.run(CucumberScenario.java:44)
	at cucumber.runtime.junit.ExecutionUnitRunner.run(ExecutionUnitRunner.java:102)
	at cucumber.runtime.junit.FeatureRunner.runChild(FeatureRunner.java:63)
	at cucumber.runtime.junit.FeatureRunner.runChild(FeatureRunner.java:18)
	at org.junit.runners.ParentRunner$3.run(ParentRunner.java:290)
	at org.junit.runners.ParentRunner$1.schedule(ParentRunner.java:71)
	at org.junit.runners.ParentRunner.runChildren(ParentRunner.java:288)
	at org.junit.runners.ParentRunner.access$000(ParentRunner.java:58)
	at org.junit.runners.ParentRunner$2.evaluate(ParentRunner.java:268)
	at org.junit.runners.ParentRunner.run(ParentRunner.java:363)
	at cucumber.runtime.junit.FeatureRunner.run(FeatureRunner.java:70)
	at cucumber.api.junit.Cucumber.runChild(Cucumber.java:95)
	at cucumber.api.junit.Cucumber.runChild(Cucumber.java:38)
	at org.junit.runners.ParentRunner$3.run(ParentRunner.java:290)
	at org.junit.runners.ParentRunner$1.schedule(ParentRunner.java:71)
	at org.junit.runners.ParentRunner.runChildren(ParentRunner.java:288)
	at org.junit.runners.ParentRunner.access$000(ParentRunner.java:58)
	at org.junit.runners.ParentRunner$2.evaluate(ParentRunner.java:268)
	at org.junit.runners.ParentRunner.run(ParentRunner.java:363)
	at cucumber.api.junit.Cucumber.run(Cucumber.java:100)
	at org.apache.maven.surefire.junit4.JUnit4Provider.execute(JUnit4Provider.java:283)
	at org.apache.maven.surefire.junit4.JUnit4Provider.executeWithRerun(JUnit4Provider.java:173)
	at org.apache.maven.surefire.junit4.JUnit4Provider.executeTestSet(JUnit4Provider.java:153)
	at org.apache.maven.surefire.junit4.JUnit4Provider.invoke(JUnit4Provider.java:128)
	at org.apache.maven.surefire.booter.ForkedBooter.invokeProviderInSameClassLoader(ForkedBooter.java:203)
	at org.apache.maven.surefire.booter.ForkedBooter.runSuitesInProcess(ForkedBooter.java:155)
	at org.apache.maven.surefire.booter.ForkedBooter.main(ForkedBooter.java:103)
]]></error>
  </testcase>
  <testcase name="When login as &quot;cmsmanager&quot;" classname="Scenario: VIR-135.06 Return changes for Ordering Information" time="0">
    <skipped/>
    <system-err><![CDATA[[main] INFO net.serenitybdd.core.Serenity - STEP ERROR: java.lang.NoClassDefFoundError: Could not initialize class com.virco.locators.SiteData
[main] INFO net.serenitybdd.core.Serenity - STARTING STEP When login as "cmsmanager"
]]></system-err>
  </testcase>
  <testcase name="When select &quot;Staged&quot; content catalog" classname="Scenario: VIR-135.06 Return changes for Ordering Information" time="0">
    <skipped/>
    <system-err><![CDATA[[main] INFO net.serenitybdd.core.Serenity - IGNORING STEP
[main] INFO net.serenitybdd.core.Serenity - STARTING STEP When select "Staged" content catalog
]]></system-err>
  </testcase>
  <testcase name="When search for &quot;orderingInfo&quot; content" classname="Scenario: VIR-135.06 Return changes for Ordering Information" time="0">
    <skipped/>
    <system-err><![CDATA[[main] INFO net.serenitybdd.core.Serenity - IGNORING STEP
[main] INFO net.serenitybdd.core.Serenity - STARTING STEP When search for "orderingInfo" content
]]></system-err>
  </testcase>
  <testcase name="When double click on &quot;orderingInfo&quot; content page" classname="Scenario: VIR-135.06 Return changes for Ordering Information" time="0">
    <skipped/>
    <system-err><![CDATA[[main] INFO net.serenitybdd.core.Serenity - IGNORING STEP
[main] INFO net.serenitybdd.core.Serenity - STARTING STEP When double click on "orderingInfo" content page
]]></system-err>
  </testcase>
  <testcase name="When click on &quot;Edit&quot; action button" classname="Scenario: VIR-135.06 Return changes for Ordering Information" time="0">
    <skipped/>
    <system-err><![CDATA[[main] INFO net.serenitybdd.core.Serenity - IGNORING STEP
[main] INFO net.serenitybdd.core.Serenity - STARTING STEP When click on "Edit" action button
]]></system-err>
  </testcase>
  <testcase name="When enter &quot;/orderingInfo&quot; in &quot;Label:&quot; editor field" classname="Scenario: VIR-135.06 Return changes for Ordering Information" time="0">
    <skipped/>
    <system-err><![CDATA[[main] INFO net.serenitybdd.core.Serenity - IGNORING STEP
[main] INFO net.serenitybdd.core.Serenity - STARTING STEP When enter "/orderingInfo" in "Label:" editor field
]]></system-err>
  </testcase>
  <testcase name="When click on &quot;Edit&quot; button in &quot;Section2B&quot; slot" classname="Scenario: VIR-135.06 Return changes for Ordering Information" time="0">
    <skipped/>
    <system-err><![CDATA[[main] INFO net.serenitybdd.core.Serenity - IGNORING STEP
[main] INFO net.serenitybdd.core.Serenity - STARTING STEP When click on "Edit" button in "Section2B" slot
]]></system-err>
  </testcase>
  <testcase name="When enter &quot;OrderingInformation&quot; in content component editor" classname="Scenario: VIR-135.06 Return changes for Ordering Information" time="0">
    <skipped/>
    <system-err><![CDATA[[main] INFO net.serenitybdd.core.Serenity - IGNORING STEP
[main] INFO net.serenitybdd.core.Serenity - STARTING STEP When enter "OrderingInformation" in content component editor
]]></system-err>
  </testcase>
  <testcase name="When synchronize the product" classname="Scenario: VIR-135.06 Return changes for Ordering Information" time="0">
    <skipped/>
    <system-err><![CDATA[[main] INFO net.serenitybdd.core.Serenity - IGNORING STEP
[main] INFO net.serenitybdd.core.Serenity - STARTING STEP When synchronize the product
]]></system-err>
  </testcase>
  <testcase name="Then the action button title is &quot;Status: Synchronized&quot;" classname="Scenario: VIR-135.06 Return changes for Ordering Information" time="0">
    <skipped/>
    <system-err><![CDATA[[main] INFO net.serenitybdd.core.Serenity - IGNORING STEP
[main] INFO net.serenitybdd.core.Serenity - STARTING STEP Then the action button title is "Status: Synchronized"
]]></system-err>
  </testcase>
  <testcase name="Given open the site and login" classname="Scenario: VIR-136.01 Verify that the Contact Us info is correct" time="0.002">
    <error message="Could not initialize class com.virco.locators.SiteData" type="net.serenitybdd.core.exceptions.SerenityManagedException"><![CDATA[net.serenitybdd.core.exceptions.SerenityManagedException: Could not initialize class com.virco.locators.SiteData
	at com.virco.steps.serenity.CommonUserSteps.openTheSite(CommonUserSteps.java:19)
	at com.virco.steps.serenity.CommonUserSteps$$EnhancerByCGLIB$$d8541bfa.CGLIB$openTheSite$6(<generated>)
	at com.virco.steps.serenity.CommonUserSteps$$EnhancerByCGLIB$$d8541bfa$$FastClassByCGLIB$$ea8e0f86.invoke(<generated>)
	at net.sf.cglib.proxy.MethodProxy.invokeSuper(MethodProxy.java:228)
	at net.thucydides.core.steps.StepInterceptor.invokeMethod(StepInterceptor.java:372)
	at net.thucydides.core.steps.StepInterceptor.executeTestStepMethod(StepInterceptor.java:357)
	at net.thucydides.core.steps.StepInterceptor.runTestStep(StepInterceptor.java:332)
	at net.thucydides.core.steps.StepInterceptor.testStepResult(StepInterceptor.java:134)
	at net.thucydides.core.steps.StepInterceptor.intercept(StepInterceptor.java:61)
	at com.virco.steps.serenity.CommonUserSteps$$EnhancerByCGLIB$$d8541bfa.openTheSite(<generated>)
	at com.virco.steps.CommonDefinitionSteps.openTheSiteAndLogin(CommonDefinitionSteps.java:72)
	at sun.reflect.GeneratedMethodAccessor143.invoke(Unknown Source)
	at sun.reflect.DelegatingMethodAccessorImpl.invoke(DelegatingMethodAccessorImpl.java:43)
	at java.lang.reflect.Method.invoke(Method.java:498)
	at cucumber.runtime.Utils$1.call(Utils.java:40)
	at cucumber.runtime.Timeout.timeout(Timeout.java:16)
	at cucumber.runtime.Utils.invoke(Utils.java:34)
	at cucumber.runtime.java.JavaStepDefinition.execute(JavaStepDefinition.java:38)
	at cucumber.runtime.StepDefinitionMatch.runStep(StepDefinitionMatch.java:37)
	at cucumber.runtime.Runtime.runStep(Runtime.java:300)
	at cucumber.runtime.model.StepContainer.runStep(StepContainer.java:44)
	at cucumber.runtime.model.StepContainer.runSteps(StepContainer.java:39)
	at cucumber.runtime.model.CucumberScenario.run(CucumberScenario.java:44)
	at cucumber.runtime.junit.ExecutionUnitRunner.run(ExecutionUnitRunner.java:102)
	at cucumber.runtime.junit.FeatureRunner.runChild(FeatureRunner.java:63)
	at cucumber.runtime.junit.FeatureRunner.runChild(FeatureRunner.java:18)
	at org.junit.runners.ParentRunner$3.run(ParentRunner.java:290)
	at org.junit.runners.ParentRunner$1.schedule(ParentRunner.java:71)
	at org.junit.runners.ParentRunner.runChildren(ParentRunner.java:288)
	at org.junit.runners.ParentRunner.access$000(ParentRunner.java:58)
	at org.junit.runners.ParentRunner$2.evaluate(ParentRunner.java:268)
	at org.junit.runners.ParentRunner.run(ParentRunner.java:363)
	at cucumber.runtime.junit.FeatureRunner.run(FeatureRunner.java:70)
	at cucumber.api.junit.Cucumber.runChild(Cucumber.java:95)
	at cucumber.api.junit.Cucumber.runChild(Cucumber.java:38)
	at org.junit.runners.ParentRunner$3.run(ParentRunner.java:290)
	at org.junit.runners.ParentRunner$1.schedule(ParentRunner.java:71)
	at org.junit.runners.ParentRunner.runChildren(ParentRunner.java:288)
	at org.junit.runners.ParentRunner.access$000(ParentRunner.java:58)
	at org.junit.runners.ParentRunner$2.evaluate(ParentRunner.java:268)
	at org.junit.runners.ParentRunner.run(ParentRunner.java:363)
	at cucumber.api.junit.Cucumber.run(Cucumber.java:100)
	at org.apache.maven.surefire.junit4.JUnit4Provider.execute(JUnit4Provider.java:283)
	at org.apache.maven.surefire.junit4.JUnit4Provider.executeWithRerun(JUnit4Provider.java:173)
	at org.apache.maven.surefire.junit4.JUnit4Provider.executeTestSet(JUnit4Provider.java:153)
	at org.apache.maven.surefire.junit4.JUnit4Provider.invoke(JUnit4Provider.java:128)
	at org.apache.maven.surefire.booter.ForkedBooter.invokeProviderInSameClassLoader(ForkedBooter.java:203)
	at org.apache.maven.surefire.booter.ForkedBooter.runSuitesInProcess(ForkedBooter.java:155)
	at org.apache.maven.surefire.booter.ForkedBooter.main(ForkedBooter.java:103)
]]></error>
    <system-err><![CDATA[[main] INFO net.serenitybdd.core.Serenity - IGNORING STEP
[main] ERROR net.serenitybdd.core.Serenity - 
           __  _____ _____ ____ _____   _____ _    ___ _     _____ ____  
  _       / / |_   _| ____/ ___|_   _| |  ___/ \  |_ _| |   | ____|  _ \ 
 (_)_____| |    | | |  _| \___ \ | |   | |_ / _ \  | || |   |  _| | | | |
  _|_____| |    | | | |___ ___) || |   |  _/ ___ \ | || |___| |___| |_| |
 (_)     | |    |_| |_____|____/ |_|   |_|/_/   \_\___|_____|_____|____/ 
          \_\                                                            

TEST FAILED WITH ERROR: VIR-135.06 Return changes for Ordering Information
---------------------------------------------------------------------
[main] ERROR net.serenitybdd.core.Serenity - TEST FAILED AT STEP Open management page: CMS
[main] ERROR net.serenitybdd.core.Serenity - Could not initialize class com.virco.locators.SiteData
[pool-1-thread-4] INFO net.thucydides.core.reports.json.JSONTestOutcomeReporter - Generating JSON report for VIR-128.01 Verify that the OOTB Hybris is configured to file /Users/rodionsavchuk/hybrisAutomation/virco-automatedtests/target/site/serenity/f9e291a91d7fb0708996a6c172c79994e2f3e3dc027f9c744e43835d2210c73e.json (using temp file /Users/rodionsavchuk/hybrisAutomation/virco-automatedtests/target/site/serenity/f9e291a91d7fb0708996a6c172c79994e2f3e3dc027f9c744e43835d2210c73e.json0708af30-a2c7-41fb-a685-ec730b973ddb)
[pool-1-thread-3] INFO net.thucydides.core.reports.json.JSONTestOutcomeReporter - Generating JSON report for VIR-129.01 Verify that the content admin can add a rotating theme by using template to file /Users/rodionsavchuk/hybrisAutomation/virco-automatedtests/target/site/serenity/2baaeb277c29c1f85062130a60bafea2167a5c2dd87a93c69ad94698238c35ee.json (using temp file /Users/rodionsavchuk/hybrisAutomation/virco-automatedtests/target/site/serenity/2baaeb277c29c1f85062130a60bafea2167a5c2dd87a93c69ad94698238c35ee.json555747b1-02bb-45b3-8ca5-e7826b7688ed)
[pool-1-thread-1] INFO net.thucydides.core.reports.json.JSONTestOutcomeReporter - Generating JSON report for VIR-129.03 Verify that the content admin can add installation slot by using template to file /Users/rodionsavchuk/hybrisAutomation/virco-automatedtests/target/site/serenity/e2ad5898b62d8e77d283000b0832f5fb0d67d58608b2ea1e947bdb3eaa4f7f13.json (using temp file /Users/rodionsavchuk/hybrisAutomation/virco-automatedtests/target/site/serenity/e2ad5898b62d8e77d283000b0832f5fb0d67d58608b2ea1e947bdb3eaa4f7f13.jsonc2c53612-52ab-4e29-9e4c-262911e9f195)
[pool-1-thread-2] INFO net.thucydides.core.reports.json.JSONTestOutcomeReporter - Generating JSON report for VIR-129.02 Verify that the content admin can promo message by using template to file /Users/rodionsavchuk/hybrisAutomation/virco-automatedtests/target/site/serenity/5c582eac1cc160864035d84f14577b2a4b307d178776baf5d94402a8f33a570b.json (using temp file /Users/rodionsavchuk/hybrisAutomation/virco-automatedtests/target/site/serenity/5c582eac1cc160864035d84f14577b2a4b307d178776baf5d94402a8f33a570b.jsoneae5d5e1-4194-45aa-b5d2-d2d0cfac15da)
[pool-1-thread-4] INFO net.thucydides.core.reports.json.JSONTestOutcomeReporter - Generating JSON report for VIR-129.04 Verify that the content admin can add a product recommendation component on the page template by using template to file /Users/rodionsavchuk/hybrisAutomation/virco-automatedtests/target/site/serenity/2568cbeed2bdf1850ea694b2c61bf8c9430c3ac453a0d1b2f15e169595434015.json (using temp file /Users/rodionsavchuk/hybrisAutomation/virco-automatedtests/target/site/serenity/2568cbeed2bdf1850ea694b2c61bf8c9430c3ac453a0d1b2f15e169595434015.json3f44ef9c-7367-4a23-96c2-545c7839b0bd)
[pool-1-thread-4] INFO net.thucydides.core.reports.json.JSONTestOutcomeReporter - Generating JSON report for VIR-129.05 Verify that the content admin can add a quick ship component on the template page to file /Users/rodionsavchuk/hybrisAutomation/virco-automatedtests/target/site/serenity/03a37ae243f19fd5e4074c51364f3accdea994f94fbe9bfc0888dbf6b3fcb296.json (using temp file /Users/rodionsavchuk/hybrisAutomation/virco-automatedtests/target/site/serenity/03a37ae243f19fd5e4074c51364f3accdea994f94fbe9bfc0888dbf6b3fcb296.jsonbf14759f-bb89-4e87-8f42-7de8cb3ad8c0)
[pool-1-thread-4] INFO net.thucydides.core.reports.json.JSONTestOutcomeReporter - Generating JSON report for VIR-129.06 Verify that the content admin can add a popular category on the template page to file /Users/rodionsavchuk/hybrisAutomation/virco-automatedtests/target/site/serenity/4cb24bf6eab810d97c001f653ce7ec4c2620e8ef80649c431bc47d31554e7dfa.json (using temp file /Users/rodionsavchuk/hybrisAutomation/virco-automatedtests/target/site/serenity/4cb24bf6eab810d97c001f653ce7ec4c2620e8ef80649c431bc47d31554e7dfa.json7f6a6f34-8948-493b-a276-8ae83e37a2bf)
[pool-1-thread-2] INFO net.thucydides.core.reports.json.JSONTestOutcomeReporter - Generating JSON report for VIR-129.07 Verify that the content admin can add a product images component on the template page to file /Users/rodionsavchuk/hybrisAutomation/virco-automatedtests/target/site/serenity/b14d7ddd1213e2b3e327a1da59a5f30243e7b1413ece781e8217d0475b1d4ba5.json (using temp file /Users/rodionsavchuk/hybrisAutomation/virco-automatedtests/target/site/serenity/b14d7ddd1213e2b3e327a1da59a5f30243e7b1413ece781e8217d0475b1d4ba5.json81920f07-7bb2-4c9d-adc7-0b5faf7bbfa5)
[pool-1-thread-4] INFO net.thucydides.core.reports.json.JSONTestOutcomeReporter - Generating JSON report for VIR-129.08 Verify that the content admin can edit promo message/popular category. to file /Users/rodionsavchuk/hybrisAutomation/virco-automatedtests/target/site/serenity/0b72d581cee195fdedb17f43f946f9e8a6bd5762bb612b26fbaf09d9905941a0.json (using temp file /Users/rodionsavchuk/hybrisAutomation/virco-automatedtests/target/site/serenity/0b72d581cee195fdedb17f43f946f9e8a6bd5762bb612b26fbaf09d9905941a0.jsone9aa84f2-69ec-4871-bcda-c0840127cfe6)
[pool-1-thread-4] INFO net.thucydides.core.reports.json.JSONTestOutcomeReporter - Generating JSON report for VIR-129.09 Verify that the content admin can delete promo message/popular category. to file /Users/rodionsavchuk/hybrisAutomation/virco-automatedtests/target/site/serenity/e3f11c0e315cea47d82b81aeec1d5d4ec6688676c143e6c8bd85b536ee39abf1.json (using temp file /Users/rodionsavchuk/hybrisAutomation/virco-automatedtests/target/site/serenity/e3f11c0e315cea47d82b81aeec1d5d4ec6688676c143e6c8bd85b536ee39abf1.jsond5a05e99-84e0-4455-9dbe-6a6c1550bd79)
[pool-1-thread-4] INFO net.thucydides.core.reports.json.JSONTestOutcomeReporter - Generating JSON report for VIR-129.10 Verify that the site has a look, configured by content admin to file /Users/rodionsavchuk/hybrisAutomation/virco-automatedtests/target/site/serenity/100947bcc68d92490597dd6eed62bf55d5857e1335d30b52c2a0a2894d214fe7.json (using temp file /Users/rodionsavchuk/hybrisAutomation/virco-automatedtests/target/site/serenity/100947bcc68d92490597dd6eed62bf55d5857e1335d30b52c2a0a2894d214fe7.json7584a37e-e1c2-4c1b-9d1d-6df301bc9600)
[pool-1-thread-1] INFO net.thucydides.core.reports.json.JSONTestOutcomeReporter - Generating JSON report for VIR-166.01 Verify the rotating carousel is added on the home page to file /Users/rodionsavchuk/hybrisAutomation/virco-automatedtests/target/site/serenity/41045224dd55f49d371e9fd4a455c28d0acc2a203f1c37c0d89de600b26d38ef.json (using temp file /Users/rodionsavchuk/hybrisAutomation/virco-automatedtests/target/site/serenity/41045224dd55f49d371e9fd4a455c28d0acc2a203f1c37c0d89de600b26d38ef.jsone1b6aff2-f667-4ca5-95e7-78c5442f9efa)
[pool-1-thread-4] INFO net.thucydides.core.reports.json.JSONTestOutcomeReporter - Generating JSON report for VIR-166.02 Verify that the each Banner has Rotating Theme, promotional message and installation slots to file /Users/rodionsavchuk/hybrisAutomation/virco-automatedtests/target/site/serenity/0608016defba6ce482ab704a7f99aa4784d409932878aab3566e62c6acd4c3be.json (using temp file /Users/rodionsavchuk/hybrisAutomation/virco-automatedtests/target/site/serenity/0608016defba6ce482ab704a7f99aa4784d409932878aab3566e62c6acd4c3be.jsona1331f74-a5ba-45bc-b12c-048da60c260c)
[pool-1-thread-4] INFO net.thucydides.core.reports.json.JSONTestOutcomeReporter - Generating JSON report for VIR-166.03 Verify that the changes applied to the home page on the WCMS are shown on the site to file /Users/rodionsavchuk/hybrisAutomation/virco-automatedtests/target/site/serenity/b9eb3619ad92be0ca6909f8288eb5393e840f6227de55c87423f32dd621971c6.json (using temp file /Users/rodionsavchuk/hybrisAutomation/virco-automatedtests/target/site/serenity/b9eb3619ad92be0ca6909f8288eb5393e840f6227de55c87423f32dd621971c6.jsonbb038bb4-6600-4e35-8663-6bd48e3db8f0)
[pool-1-thread-1] INFO net.thucydides.core.reports.json.JSONTestOutcomeReporter - Generating JSON report for VIR-166.04 Verify changes on the site to file /Users/rodionsavchuk/hybrisAutomation/virco-automatedtests/target/site/serenity/5f43c632221e66e649cb566b95c8c39021872b2cfde3c52fd524b9428955bf6f.json (using temp file /Users/rodionsavchuk/hybrisAutomation/virco-automatedtests/target/site/serenity/5f43c632221e66e649cb566b95c8c39021872b2cfde3c52fd524b9428955bf6f.json19e50c62-8387-461e-a82b-62c9859fcd86)
[pool-1-thread-4] INFO net.thucydides.core.reports.json.JSONTestOutcomeReporter - Generating JSON report for VIR-166.04 Verify installation slot to file /Users/rodionsavchuk/hybrisAutomation/virco-automatedtests/target/site/serenity/edcb380d350a80cdf46587ae5741ec066978cdd8e0c97472caf730194b651304.json (using temp file /Users/rodionsavchuk/hybrisAutomation/virco-automatedtests/target/site/serenity/edcb380d350a80cdf46587ae5741ec066978cdd8e0c97472caf730194b651304.jsona5b08951-fd81-4d1a-a639-306a054d5c52)
[pool-1-thread-1] INFO net.thucydides.core.reports.json.JSONTestOutcomeReporter - Generating JSON report for VIR-166.06 Return changes for carousel to file /Users/rodionsavchuk/hybrisAutomation/virco-automatedtests/target/site/serenity/666f9c30485604a0d8f915e21943e7e88d01015ce9092eafebcdb74a2aa69881.json (using temp file /Users/rodionsavchuk/hybrisAutomation/virco-automatedtests/target/site/serenity/666f9c30485604a0d8f915e21943e7e88d01015ce9092eafebcdb74a2aa69881.json0e0bb48c-9738-4af1-8afa-5b38dc738c1f)
[pool-1-thread-4] INFO net.thucydides.core.reports.json.JSONTestOutcomeReporter - Generating JSON report for VIR-130.01 Verify that the content Admin can add new banner to file /Users/rodionsavchuk/hybrisAutomation/virco-automatedtests/target/site/serenity/bb79537bca7a8b871c5b64cd1153742bc23c54e46592c06f822f87770b2e8b8a.json (using temp file /Users/rodionsavchuk/hybrisAutomation/virco-automatedtests/target/site/serenity/bb79537bca7a8b871c5b64cd1153742bc23c54e46592c06f822f87770b2e8b8a.json29e15b16-a270-49b4-9158-4e63acecb757)
[pool-1-thread-4] INFO net.thucydides.core.reports.json.JSONTestOutcomeReporter - Generating JSON report for VIR-130.03 Verify that the content admin can delete the banner to file /Users/rodionsavchuk/hybrisAutomation/virco-automatedtests/target/site/serenity/b41d3443e6a4853ebf7ef1692db7b2b9a12b9d62f5b7166287c8c85636ccdf3f.json (using temp file /Users/rodionsavchuk/hybrisAutomation/virco-automatedtests/target/site/serenity/b41d3443e6a4853ebf7ef1692db7b2b9a12b9d62f5b7166287c8c85636ccdf3f.jsona3a23edb-e88c-4878-ab26-5bb949daa94a)
[pool-1-thread-1] INFO net.thucydides.core.reports.json.JSONTestOutcomeReporter - Generating JSON report for VIR-375.01 Unable to open the "Verisign terms and policy" page except through the Contact Us page to file /Users/rodionsavchuk/hybrisAutomation/virco-automatedtests/target/site/serenity/3d31ca4ca17ccedf663fa492c24dc92f29157766fcfb628ecd61645c9255a53a.json (using temp file /Users/rodionsavchuk/hybrisAutomation/virco-automatedtests/target/site/serenity/3d31ca4ca17ccedf663fa492c24dc92f29157766fcfb628ecd61645c9255a53a.jsonfa25b1fd-39e3-47d8-a90f-b7a4aee2aa28)
[pool-1-thread-4] INFO net.thucydides.core.reports.json.JSONTestOutcomeReporter - Generating JSON report for VIR-130.04 Verify that the site has a look, configured by content admin to file /Users/rodionsavchuk/hybrisAutomation/virco-automatedtests/target/site/serenity/095ee6a7aed460c2ab7447a892b708f667ca6eb3d2b246703cb79d76aaa66edd.json (using temp file /Users/rodionsavchuk/hybrisAutomation/virco-automatedtests/target/site/serenity/095ee6a7aed460c2ab7447a892b708f667ca6eb3d2b246703cb79d76aaa66edd.jsonbc5a108d-b442-4099-a7ef-5ee6e84862a7)
[pool-1-thread-4] INFO net.thucydides.core.reports.json.JSONTestOutcomeReporter - Generating JSON report for VIR-131.02 Verify that the content Admin can delete terms, security and compliance to file /Users/rodionsavchuk/hybrisAutomation/virco-automatedtests/target/site/serenity/ceb7302073899bbe72c923c378b3dfb15f405875b937887a17bf4cff9988ce11.json (using temp file /Users/rodionsavchuk/hybrisAutomation/virco-automatedtests/target/site/serenity/ceb7302073899bbe72c923c378b3dfb15f405875b937887a17bf4cff9988ce11.jsonfd096b29-e192-400f-b064-2ca39dfda88e)
[pool-1-thread-3] INFO net.thucydides.core.reports.json.JSONTestOutcomeReporter - Generating JSON report for VIR-130.02 Verify that the content admin can edit the banner to file /Users/rodionsavchuk/hybrisAutomation/virco-automatedtests/target/site/serenity/8473ae2e239acb5c9594f6482f5f79bb4500c946dd2d245bf5d2caa427a8a26f.json (using temp file /Users/rodionsavchuk/hybrisAutomation/virco-automatedtests/target/site/serenity/8473ae2e239acb5c9594f6482f5f79bb4500c946dd2d245bf5d2caa427a8a26f.json1fb9625e-8fb3-4c41-9abe-2424ab7d7c06)
[pool-1-thread-4] INFO net.thucydides.core.reports.json.JSONTestOutcomeReporter - Generating JSON report for VIR-131.03 Verify that the content Admin can add terms, security and compliance to file /Users/rodionsavchuk/hybrisAutomation/virco-automatedtests/target/site/serenity/afbc2d2c12a820e7bd8ff57fd665dcbf835c82e12b10214fa792d713e6b209c6.json (using temp file /Users/rodionsavchuk/hybrisAutomation/virco-automatedtests/target/site/serenity/afbc2d2c12a820e7bd8ff57fd665dcbf835c82e12b10214fa792d713e6b209c6.json9edb597b-a9ee-4a8a-a5a6-e041bb049e37)
[pool-1-thread-2] INFO net.thucydides.core.reports.json.JSONTestOutcomeReporter - Generating JSON report for VIR-131.04 Verify that the content Admin can edit terms, security and compliance to file /Users/rodionsavchuk/hybrisAutomation/virco-automatedtests/target/site/serenity/11123f2712ee38abf08a7255e58490510ce459b677c6317a48c1c5a02bad5899.json (using temp file /Users/rodionsavchuk/hybrisAutomation/virco-automatedtests/target/site/serenity/11123f2712ee38abf08a7255e58490510ce459b677c6317a48c1c5a02bad5899.json01e2fdc7-4bfb-4745-ad11-3d7be4b9c32c)
[pool-1-thread-4] INFO net.thucydides.core.reports.json.JSONTestOutcomeReporter - Generating JSON report for VIR-131.05 Return changes to file /Users/rodionsavchuk/hybrisAutomation/virco-automatedtests/target/site/serenity/481bc60c8e1753c36167a06d3e94715ec6bdb3bc0fa2de75bc3b701c703a0740.json (using temp file /Users/rodionsavchuk/hybrisAutomation/virco-automatedtests/target/site/serenity/481bc60c8e1753c36167a06d3e94715ec6bdb3bc0fa2de75bc3b701c703a0740.json2c241794-3547-445f-b4bf-d15408f7a78e)
[pool-1-thread-1] INFO net.thucydides.core.reports.json.JSONTestOutcomeReporter - Generating JSON report for VIR-132.01 Verify that the content admin can add restriction for the desired customizations. to file /Users/rodionsavchuk/hybrisAutomation/virco-automatedtests/target/site/serenity/012fbd4c99dbed94980068932c3b9900aa40fcbd0f147abb3c9b18198ccfee2c.json (using temp file /Users/rodionsavchuk/hybrisAutomation/virco-automatedtests/target/site/serenity/012fbd4c99dbed94980068932c3b9900aa40fcbd0f147abb3c9b18198ccfee2c.json8eebf160-2ed9-482a-ab21-f87b2474dcea)
[pool-1-thread-4] INFO net.thucydides.core.reports.json.JSONTestOutcomeReporter - Generating JSON report for VIR-132.02 Verify that the content admin can edit restriction for the desired customizations. to file /Users/rodionsavchuk/hybrisAutomation/virco-automatedtests/target/site/serenity/21c25b56faab758e879fe49e985016e5e5212c7b9214f355a35317a785ad4edd.json (using temp file /Users/rodionsavchuk/hybrisAutomation/virco-automatedtests/target/site/serenity/21c25b56faab758e879fe49e985016e5e5212c7b9214f355a35317a785ad4edd.json0757f1ef-a660-4389-aa0e-08f67f3ef48c)
[pool-1-thread-4] INFO net.thucydides.core.reports.json.JSONTestOutcomeReporter - Generating JSON report for VIR-132.03 Verify that the content admin can delete restriction for the desired customizations. to file /Users/rodionsavchuk/hybrisAutomation/virco-automatedtests/target/site/serenity/f6bd8472778e2535a4b9144aa99d3240dacf17fdc0647b30ce75c3b787f53d15.json (using temp file /Users/rodionsavchuk/hybrisAutomation/virco-automatedtests/target/site/serenity/f6bd8472778e2535a4b9144aa99d3240dacf17fdc0647b30ce75c3b787f53d15.json922b8eb9-42e2-4e04-8d3f-38bb36c5e0c6)
[pool-1-thread-4] INFO net.thucydides.core.reports.json.JSONTestOutcomeReporter - Generating JSON report for VIR-132.04 Verify that the restrictions can be added to the following to file /Users/rodionsavchuk/hybrisAutomation/virco-automatedtests/target/site/serenity/bb312434987ad8333f1a82d90084aa3d1109fed7e9f40f25770d63e0cb749be9.json (using temp file /Users/rodionsavchuk/hybrisAutomation/virco-automatedtests/target/site/serenity/bb312434987ad8333f1a82d90084aa3d1109fed7e9f40f25770d63e0cb749be9.jsona48a0611-80ec-46fa-b1ff-bf5cd703683a)
[pool-1-thread-2] INFO net.thucydides.core.reports.json.JSONTestOutcomeReporter - Generating JSON report for VIR-133.01 Verify that the content admin can delete the banner, title and categories through the WCMS to file /Users/rodionsavchuk/hybrisAutomation/virco-automatedtests/target/site/serenity/d10c471b31104c36cff5887c55a7bc150eababcb1937fa5a395a48f11580da2f.json (using temp file /Users/rodionsavchuk/hybrisAutomation/virco-automatedtests/target/site/serenity/d10c471b31104c36cff5887c55a7bc150eababcb1937fa5a395a48f11580da2f.json831b1047-6d3b-4f85-8e0a-9bb41a871e49)
[pool-1-thread-4] INFO net.thucydides.core.reports.json.JSONTestOutcomeReporter - Generating JSON report for VIR-133.02 Verify that the content admin can add the banner, title and categories through the WCMS to file /Users/rodionsavchuk/hybrisAutomation/virco-automatedtests/target/site/serenity/3bb00edc8b11547b9ac39ca5a5696c45f1e0d290628ccd73684e0832986f1e71.json (using temp file /Users/rodionsavchuk/hybrisAutomation/virco-automatedtests/target/site/serenity/3bb00edc8b11547b9ac39ca5a5696c45f1e0d290628ccd73684e0832986f1e71.json8d3e66c9-27be-4159-b90a-0c7a1006df2e)
[pool-1-thread-2] INFO net.thucydides.core.reports.json.JSONTestOutcomeReporter - Generating JSON report for VIR-133.03 Verify that the content admin can edit the banner, title and categories through the WCMS to file /Users/rodionsavchuk/hybrisAutomation/virco-automatedtests/target/site/serenity/bf784fb294e81a8a6ed3e34f569b9b326b48ffb8cfb4166224a8840cbf362e21.json (using temp file /Users/rodionsavchuk/hybrisAutomation/virco-automatedtests/target/site/serenity/bf784fb294e81a8a6ed3e34f569b9b326b48ffb8cfb4166224a8840cbf362e21.jsond8bc08ec-ac9d-4c92-9c85-cc4dd374222b)
[pool-1-thread-4] INFO net.thucydides.core.reports.json.JSONTestOutcomeReporter - Generating JSON report for VIR-133.04 Verify that the Banner is shown to the shopper on the home page to file /Users/rodionsavchuk/hybrisAutomation/virco-automatedtests/target/site/serenity/4c2884489ffe2042fbe11e4563b220cac104e5129e32868a3f1d6600011e076b.json (using temp file /Users/rodionsavchuk/hybrisAutomation/virco-automatedtests/target/site/serenity/4c2884489ffe2042fbe11e4563b220cac104e5129e32868a3f1d6600011e076b.json1252d0aa-7a78-41f8-b3e2-dd0c631ee5f4)
[pool-1-thread-3] INFO net.thucydides.core.reports.json.JSONTestOutcomeReporter - Generating JSON report for VIR-133.05 Verify that the text is overlaid on the banner to file /Users/rodionsavchuk/hybrisAutomation/virco-automatedtests/target/site/serenity/bf1a934735e5d669eada1b870d663ecb425f20e68617bfb53654f05d12656a5f.json (using temp file /Users/rodionsavchuk/hybrisAutomation/virco-automatedtests/target/site/serenity/bf1a934735e5d669eada1b870d663ecb425f20e68617bfb53654f05d12656a5f.json9d601217-5302-451f-9dcb-0baae5279f25)
[pool-1-thread-4] INFO net.thucydides.core.reports.json.JSONTestOutcomeReporter - Generating JSON report for VIR-133.06 Verify that the Page title "Products by Category" is shown to the shopper to file /Users/rodionsavchuk/hybrisAutomation/virco-automatedtests/target/site/serenity/e3d83e5f621b42696d81ce997061a34362f9a4bb6639aa90f2db1d4db4b51d64.json (using temp file /Users/rodionsavchuk/hybrisAutomation/virco-automatedtests/target/site/serenity/e3d83e5f621b42696d81ce997061a34362f9a4bb6639aa90f2db1d4db4b51d64.json1cef64cb-d18a-4319-8455-abdfa3cf595d)
[pool-1-thread-3] INFO net.thucydides.core.reports.json.JSONTestOutcomeReporter - Generating JSON report for VIR-134.01 Verify that the content admin can create quick links to file /Users/rodionsavchuk/hybrisAutomation/virco-automatedtests/target/site/serenity/40d81346ba58c0f71fcf613db8a0a63c8ecb26e1fd4aaa8d151a703d15657b0e.json (using temp file /Users/rodionsavchuk/hybrisAutomation/virco-automatedtests/target/site/serenity/40d81346ba58c0f71fcf613db8a0a63c8ecb26e1fd4aaa8d151a703d15657b0e.json4553ab26-68c9-40a1-a1c5-cd505ac3d72e)
[pool-1-thread-1] INFO net.thucydides.core.reports.json.JSONTestOutcomeReporter - Generating JSON report for VIR-133.07 Verify that the following page categories are shown to file /Users/rodionsavchuk/hybrisAutomation/virco-automatedtests/target/site/serenity/1d12cdceb7058d9417a7bb7107783782f643d4ed988f36376903b230848c1f01.json (using temp file /Users/rodionsavchuk/hybrisAutomation/virco-automatedtests/target/site/serenity/1d12cdceb7058d9417a7bb7107783782f643d4ed988f36376903b230848c1f01.json6b4b0322-e675-4dcb-ab5e-657f9080b50f)
[pool-1-thread-4] INFO net.thucydides.core.reports.json.JSONTestOutcomeReporter - Generating JSON report for VIR-134.02 Verify that the content admin can edit quick links to file /Users/rodionsavchuk/hybrisAutomation/virco-automatedtests/target/site/serenity/41734951e0ed56f455a46612ce22533ae97fded928f274893c4007976da87481.json (using temp file /Users/rodionsavchuk/hybrisAutomation/virco-automatedtests/target/site/serenity/41734951e0ed56f455a46612ce22533ae97fded928f274893c4007976da87481.json2e35c279-e2c7-4fbf-98b2-08ad13692ebc)
[pool-1-thread-2] INFO net.thucydides.core.reports.json.JSONTestOutcomeReporter - Generating JSON report for VIR-134.03 Verify that the content admin can delete quick links to file /Users/rodionsavchuk/hybrisAutomation/virco-automatedtests/target/site/serenity/e1618d2dbdbd929514ab60461040a335e53fc3975e4d58436fa87a8251365ba9.json (using temp file /Users/rodionsavchuk/hybrisAutomation/virco-automatedtests/target/site/serenity/e1618d2dbdbd929514ab60461040a335e53fc3975e4d58436fa87a8251365ba9.json0865a6e1-37a1-456e-b64b-53e269d9700b)
[pool-1-thread-2] INFO net.thucydides.core.reports.json.JSONTestOutcomeReporter - Generating JSON report for VIR-134.04 Verify that the following quick links are on the site to file /Users/rodionsavchuk/hybrisAutomation/virco-automatedtests/target/site/serenity/58e0a8ef376111f4675fa1030f00d436b8d6a2832054b645999dc268d4b4012c.json (using temp file /Users/rodionsavchuk/hybrisAutomation/virco-automatedtests/target/site/serenity/58e0a8ef376111f4675fa1030f00d436b8d6a2832054b645999dc268d4b4012c.json7bd00fff-bc03-4045-9ff4-e48af9604049)
[pool-1-thread-4] INFO net.thucydides.core.reports.json.JSONTestOutcomeReporter - Generating JSON report for VIR-135.01 Verify that the Ordering Information page is opened after click on its link in footer to file /Users/rodionsavchuk/hybrisAutomation/virco-automatedtests/target/site/serenity/fe76c656848baf193220d07591a15ba921e649f837da4d5f226eb2f9ac003e5c.json (using temp file /Users/rodionsavchuk/hybrisAutomation/virco-automatedtests/target/site/serenity/fe76c656848baf193220d07591a15ba921e649f837da4d5f226eb2f9ac003e5c.json5323bae1-bf97-4add-9e15-37f0f3b6ea99)
[pool-1-thread-4] INFO net.thucydides.core.reports.json.JSONTestOutcomeReporter - Generating JSON report for VIR-135.02 Verify that the content admin can delete the content pages to file /Users/rodionsavchuk/hybrisAutomation/virco-automatedtests/target/site/serenity/5533f47726ef60c7255b243fb3be58293db2609f695eaae058c94f3666f174ad.json (using temp file /Users/rodionsavchuk/hybrisAutomation/virco-automatedtests/target/site/serenity/5533f47726ef60c7255b243fb3be58293db2609f695eaae058c94f3666f174ad.json96e5458b-5938-40d6-a83a-72064d79d20a)
[pool-1-thread-1] INFO net.thucydides.core.reports.json.JSONTestOutcomeReporter - Generating JSON report for VIR-135.03 Verify that the content admin can add content pages to file /Users/rodionsavchuk/hybrisAutomation/virco-automatedtests/target/site/serenity/19f3109b1b55611ab680e27660e62d6759a92a3ed1a61ff3b5490abbe9a15fb1.json (using temp file /Users/rodionsavchuk/hybrisAutomation/virco-automatedtests/target/site/serenity/19f3109b1b55611ab680e27660e62d6759a92a3ed1a61ff3b5490abbe9a15fb1.jsonc2a9b2ad-61c1-47ce-94de-9086632a9a78)
[pool-1-thread-4] INFO net.thucydides.core.reports.json.JSONTestOutcomeReporter - Generating JSON report for VIR-135.04 Verify that the content admin can edit content pages to file /Users/rodionsavchuk/hybrisAutomation/virco-automatedtests/target/site/serenity/e513b291e44a0a2ba0a88a4710180b0f2ee877cc19b00c235ea0338012705155.json (using temp file /Users/rodionsavchuk/hybrisAutomation/virco-automatedtests/target/site/serenity/e513b291e44a0a2ba0a88a4710180b0f2ee877cc19b00c235ea0338012705155.jsonec6486df-2db3-4509-be18-fd25e4a871b7)
[pool-1-thread-3] INFO net.thucydides.core.reports.json.JSONTestOutcomeReporter - Generating JSON report for VIR-135.05 Verify that the content admin can manage where the page is shown to file /Users/rodionsavchuk/hybrisAutomation/virco-automatedtests/target/site/serenity/81f0615596311e9fe020a479de07e4aa75b91eb2264a4f269747556a7be8ef04.json (using temp file /Users/rodionsavchuk/hybrisAutomation/virco-automatedtests/target/site/serenity/81f0615596311e9fe020a479de07e4aa75b91eb2264a4f269747556a7be8ef04.json90de705d-5b7f-42f3-8b03-6630bd442691)
[pool-1-thread-4] INFO net.thucydides.core.reports.json.JSONTestOutcomeReporter - Generating JSON report for VIR-135.06 Return changes for Ordering Information to file /Users/rodionsavchuk/hybrisAutomation/virco-automatedtests/target/site/serenity/911e4b432e12828f925fca72dbe6d9d0990b1c021e68a1773518a53cc2cd54fc.json (using temp file /Users/rodionsavchuk/hybrisAutomation/virco-automatedtests/target/site/serenity/911e4b432e12828f925fca72dbe6d9d0990b1c021e68a1773518a53cc2cd54fc.json373cb262-d1e5-4318-b549-2c0c8bada7d1)
[pool-1-thread-4] INFO net.thucydides.core.reports.html.HtmlAcceptanceTestReporter - GENERATING HTML REPORT FOR CNT-2 - Component Maintenance:VIR-129.02 Verify that the content admin can promo message by using template in 5c582eac1cc160864035d84f14577b2a4b307d178776baf5d94402a8f33a570b.html in directory target/site/serenity  
[pool-1-thread-3] INFO net.thucydides.core.reports.html.HtmlAcceptanceTestReporter - GENERATING HTML REPORT FOR CNT-2 - Component Maintenance:VIR-129.01 Verify that the content admin can add a rotating theme by using template in 2baaeb277c29c1f85062130a60bafea2167a5c2dd87a93c69ad94698238c35ee.html in directory target/site/serenity  
[pool-1-thread-2] INFO net.thucydides.core.reports.html.HtmlAcceptanceTestReporter - GENERATING HTML REPORT FOR CNT-1 - WCMS Site Maintenance:VIR-128.01 Verify that the OOTB Hybris is configured in f9e291a91d7fb0708996a6c172c79994e2f3e3dc027f9c744e43835d2210c73e.html in directory target/site/serenity  
[pool-1-thread-1] INFO net.thucydides.core.reports.html.HtmlAcceptanceTestReporter - GENERATING HTML REPORT FOR CNT-2 - Component Maintenance:VIR-129.03 Verify that the content admin can add installation slot by using template in e2ad5898b62d8e77d283000b0832f5fb0d67d58608b2ea1e947bdb3eaa4f7f13.html in directory target/site/serenity  
[pool-1-thread-4] INFO net.thucydides.core.reports.html.HtmlAcceptanceTestReporter - GENERATING HTML REPORT FOR CNT-2 - Component Maintenance:VIR-129.04 Verify that the content admin can add a product recommendation component on the page template by using template in 2568cbeed2bdf1850ea694b2c61bf8c9430c3ac453a0d1b2f15e169595434015.html in directory target/site/serenity  
[pool-1-thread-3] INFO net.thucydides.core.reports.html.HtmlAcceptanceTestReporter - GENERATING HTML REPORT FOR CNT-2 - Component Maintenance:VIR-129.05 Verify that the content admin can add a quick ship component on the template page in 03a37ae243f19fd5e4074c51364f3accdea994f94fbe9bfc0888dbf6b3fcb296.html in directory target/site/serenity  
[pool-1-thread-1] INFO net.thucydides.core.reports.html.HtmlAcceptanceTestReporter - GENERATING HTML REPORT FOR CNT-2 - Component Maintenance:VIR-129.07 Verify that the content admin can add a product images component on the template page in b14d7ddd1213e2b3e327a1da59a5f30243e7b1413ece781e8217d0475b1d4ba5.html in directory target/site/serenity  
[pool-1-thread-2] INFO net.thucydides.core.reports.html.HtmlAcceptanceTestReporter - GENERATING HTML REPORT FOR CNT-2 - Component Maintenance:VIR-129.06 Verify that the content admin can add a popular category on the template page in 4cb24bf6eab810d97c001f653ce7ec4c2620e8ef80649c431bc47d31554e7dfa.html in directory target/site/serenity  
[pool-1-thread-3] INFO net.thucydides.core.reports.html.HtmlAcceptanceTestReporter - GENERATING HTML REPORT FOR CNT-2 - Component Maintenance:VIR-129.08 Verify that the content admin can edit promo message/popular category. in 0b72d581cee195fdedb17f43f946f9e8a6bd5762bb612b26fbaf09d9905941a0.html in directory target/site/serenity  
[pool-1-thread-4] INFO net.thucydides.core.reports.html.HtmlAcceptanceTestReporter - GENERATING HTML REPORT FOR CNT-2 - Component Maintenance:VIR-129.09 Verify that the content admin can delete promo message/popular category. in e3f11c0e315cea47d82b81aeec1d5d4ec6688676c143e6c8bd85b536ee39abf1.html in directory target/site/serenity  
[pool-1-thread-1] INFO net.thucydides.core.reports.html.HtmlAcceptanceTestReporter - GENERATING HTML REPORT FOR CNT-2 - Component Maintenance:VIR-129.10 Verify that the site has a look, configured by content admin in 100947bcc68d92490597dd6eed62bf55d5857e1335d30b52c2a0a2894d214fe7.html in directory target/site/serenity  
[pool-1-thread-2] INFO net.thucydides.core.reports.html.HtmlAcceptanceTestReporter - GENERATING HTML REPORT FOR CNT-2 - Component Maintenance:VIR-166.01 Verify the rotating carousel is added on the home page in 41045224dd55f49d371e9fd4a455c28d0acc2a203f1c37c0d89de600b26d38ef.html in directory target/site/serenity  
[pool-1-thread-4] INFO net.thucydides.core.reports.html.HtmlAcceptanceTestReporter - GENERATING HTML REPORT FOR CNT-2 - Component Maintenance:VIR-166.02 Verify that the each Banner has Rotating Theme, promotional message and installation slots in 0608016defba6ce482ab704a7f99aa4784d409932878aab3566e62c6acd4c3be.html in directory target/site/serenity  
[pool-1-thread-3] INFO net.thucydides.core.reports.html.HtmlAcceptanceTestReporter - GENERATING HTML REPORT FOR CNT-2 - Component Maintenance:VIR-166.03 Verify that the changes applied to the home page on the WCMS are shown on the site in b9eb3619ad92be0ca6909f8288eb5393e840f6227de55c87423f32dd621971c6.html in directory target/site/serenity  
[pool-1-thread-1] INFO net.thucydides.core.reports.html.HtmlAcceptanceTestReporter - GENERATING HTML REPORT FOR CNT-2 - Component Maintenance:VIR-166.04 Verify changes on the site in 5f43c632221e66e649cb566b95c8c39021872b2cfde3c52fd524b9428955bf6f.html in directory target/site/serenity  
[pool-1-thread-4] INFO net.thucydides.core.reports.html.HtmlAcceptanceTestReporter - GENERATING HTML REPORT FOR CNT-2 - Component Maintenance:VIR-166.04 Verify installation slot in edcb380d350a80cdf46587ae5741ec066978cdd8e0c97472caf730194b651304.html in directory target/site/serenity  
[pool-1-thread-1] INFO net.thucydides.core.reports.html.HtmlAcceptanceTestReporter - GENERATING HTML REPORT FOR CNT-2 - Component Maintenance:VIR-166.06 Return changes for carousel in 666f9c30485604a0d8f915e21943e7e88d01015ce9092eafebcdb74a2aa69881.html in directory target/site/serenity  
[pool-1-thread-2] INFO net.thucydides.core.reports.html.HtmlAcceptanceTestReporter - GENERATING HTML REPORT FOR CNT-3 - Banners:VIR-130.01 Verify that the content Admin can add new banner in bb79537bca7a8b871c5b64cd1153742bc23c54e46592c06f822f87770b2e8b8a.html in directory target/site/serenity  
[pool-1-thread-4] INFO net.thucydides.core.reports.html.HtmlAcceptanceTestReporter - GENERATING HTML REPORT FOR CNT-3 - Banners:VIR-130.02 Verify that the content admin can edit the banner in 8473ae2e239acb5c9594f6482f5f79bb4500c946dd2d245bf5d2caa427a8a26f.html in directory target/site/serenity  
[pool-1-thread-3] INFO net.thucydides.core.reports.html.HtmlAcceptanceTestReporter - GENERATING HTML REPORT FOR CNT-3 - Banners:VIR-130.03 Verify that the content admin can delete the banner in b41d3443e6a4853ebf7ef1692db7b2b9a12b9d62f5b7166287c8c85636ccdf3f.html in directory target/site/serenity  
[pool-1-thread-2] INFO net.thucydides.core.reports.html.HtmlAcceptanceTestReporter - GENERATING HTML REPORT FOR CNT-3 - Banners:VIR-130.04 Verify that the site has a look, configured by content admin in 095ee6a7aed460c2ab7447a892b708f667ca6eb3d2b246703cb79d76aaa66edd.html in directory target/site/serenity  
[pool-1-thread-4] INFO net.thucydides.core.reports.html.HtmlAcceptanceTestReporter - GENERATING HTML REPORT FOR CNT-4 - Security Compliance:VIR-375.01 Unable to open the "Verisign terms and policy" page except through the Contact Us page in 3d31ca4ca17ccedf663fa492c24dc92f29157766fcfb628ecd61645c9255a53a.html in directory target/site/serenity  
[pool-1-thread-2] INFO net.thucydides.core.reports.html.HtmlAcceptanceTestReporter - GENERATING HTML REPORT FOR CNT-4 - Security Compliance:VIR-131.04 Verify that the content Admin can edit terms, security and compliance in 11123f2712ee38abf08a7255e58490510ce459b677c6317a48c1c5a02bad5899.html in directory target/site/serenity  
[pool-1-thread-3] INFO net.thucydides.core.reports.html.HtmlAcceptanceTestReporter - GENERATING HTML REPORT FOR CNT-4 - Security Compliance:VIR-131.03 Verify that the content Admin can add terms, security and compliance in afbc2d2c12a820e7bd8ff57fd665dcbf835c82e12b10214fa792d713e6b209c6.html in directory target/site/serenity  
[pool-1-thread-4] INFO net.thucydides.core.reports.html.HtmlAcceptanceTestReporter - GENERATING HTML REPORT FOR CNT-4 - Security Compliance:VIR-131.05 Return changes in 481bc60c8e1753c36167a06d3e94715ec6bdb3bc0fa2de75bc3b701c703a0740.html in directory target/site/serenity  
[pool-1-thread-1] INFO net.thucydides.core.reports.html.HtmlAcceptanceTestReporter - GENERATING HTML REPORT FOR CNT-4 - Security Compliance:VIR-131.02 Verify that the content Admin can delete terms, security and compliance in ceb7302073899bbe72c923c378b3dfb15f405875b937887a17bf4cff9988ce11.html in directory target/site/serenity  
[pool-1-thread-4] INFO net.thucydides.core.reports.html.HtmlAcceptanceTestReporter - GENERATING HTML REPORT FOR CNT-5 - Brand Management:VIR-132.04 Verify that the restrictions can be added to the following in bb312434987ad8333f1a82d90084aa3d1109fed7e9f40f25770d63e0cb749be9.html in directory target/site/serenity  
[pool-1-thread-2] INFO net.thucydides.core.reports.html.HtmlAcceptanceTestReporter - GENERATING HTML REPORT FOR CNT-5 - Brand Management:VIR-132.01 Verify that the content admin can add restriction for the desired customizations. in 012fbd4c99dbed94980068932c3b9900aa40fcbd0f147abb3c9b18198ccfee2c.html in directory target/site/serenity  
[pool-1-thread-3] INFO net.thucydides.core.reports.html.HtmlAcceptanceTestReporter - GENERATING HTML REPORT FOR CNT-5 - Brand Management:VIR-132.03 Verify that the content admin can delete restriction for the desired customizations. in f6bd8472778e2535a4b9144aa99d3240dacf17fdc0647b30ce75c3b787f53d15.html in directory target/site/serenity  
[pool-1-thread-1] INFO net.thucydides.core.reports.html.HtmlAcceptanceTestReporter - GENERATING HTML REPORT FOR CNT-5 - Brand Management:VIR-132.02 Verify that the content admin can edit restriction for the desired customizations. in 21c25b56faab758e879fe49e985016e5e5212c7b9214f355a35317a785ad4edd.html in directory target/site/serenity  
[pool-1-thread-4] INFO net.thucydides.core.reports.html.HtmlAcceptanceTestReporter - GENERATING HTML REPORT FOR CNT-6 - Content Slots:VIR-133.01 Verify that the content admin can delete the banner, title and categories through the WCMS in d10c471b31104c36cff5887c55a7bc150eababcb1937fa5a395a48f11580da2f.html in directory target/site/serenity  
[pool-1-thread-1] INFO net.thucydides.core.reports.html.HtmlAcceptanceTestReporter - GENERATING HTML REPORT FOR CNT-6 - Content Slots:VIR-133.03 Verify that the content admin can edit the banner, title and categories through the WCMS in bf784fb294e81a8a6ed3e34f569b9b326b48ffb8cfb4166224a8840cbf362e21.html in directory target/site/serenity  
[pool-1-thread-3] INFO net.thucydides.core.reports.html.HtmlAcceptanceTestReporter - GENERATING HTML REPORT FOR CNT-6 - Content Slots:VIR-133.04 Verify that the Banner is shown to the shopper on the home page in 4c2884489ffe2042fbe11e4563b220cac104e5129e32868a3f1d6600011e076b.html in directory target/site/serenity  
[pool-1-thread-2] INFO net.thucydides.core.reports.html.HtmlAcceptanceTestReporter - GENERATING HTML REPORT FOR CNT-6 - Content Slots:VIR-133.02 Verify that the content admin can add the banner, title and categories through the WCMS in 3bb00edc8b11547b9ac39ca5a5696c45f1e0d290628ccd73684e0832986f1e71.html in directory target/site/serenity  
[pool-1-thread-1] INFO net.thucydides.core.reports.html.HtmlAcceptanceTestReporter - GENERATING HTML REPORT FOR CNT-6 - Content Slots:VIR-133.07 Verify that the following page categories are shown in 1d12cdceb7058d9417a7bb7107783782f643d4ed988f36376903b230848c1f01.html in directory target/site/serenity  
[pool-1-thread-3] INFO net.thucydides.core.reports.html.HtmlAcceptanceTestReporter - GENERATING HTML REPORT FOR CNT-6 - Content Slots:VIR-133.05 Verify that the text is overlaid on the banner in bf1a934735e5d669eada1b870d663ecb425f20e68617bfb53654f05d12656a5f.html in directory target/site/serenity  
[pool-1-thread-4] INFO net.thucydides.core.reports.html.HtmlAcceptanceTestReporter - GENERATING HTML REPORT FOR CNT-6 - Content Slots:VIR-133.06 Verify that the Page title "Products by Category" is shown to the shopper in e3d83e5f621b42696d81ce997061a34362f9a4bb6639aa90f2db1d4db4b51d64.html in directory target/site/serenity  
[pool-1-thread-2] INFO net.thucydides.core.reports.html.HtmlAcceptanceTestReporter - GENERATING HTML REPORT FOR CNT-7 - Quick Links:VIR-134.01 Verify that the content admin can create quick links in 40d81346ba58c0f71fcf613db8a0a63c8ecb26e1fd4aaa8d151a703d15657b0e.html in directory target/site/serenity  
[pool-1-thread-3] INFO net.thucydides.core.reports.html.HtmlAcceptanceTestReporter - GENERATING HTML REPORT FOR CNT-7 - Quick Links:VIR-134.02 Verify that the content admin can edit quick links in 41734951e0ed56f455a46612ce22533ae97fded928f274893c4007976da87481.html in directory target/site/serenity  
[pool-1-thread-4] INFO net.thucydides.core.reports.html.HtmlAcceptanceTestReporter - GENERATING HTML REPORT FOR CNT-7 - Quick Links:VIR-134.03 Verify that the content admin can delete quick links in e1618d2dbdbd929514ab60461040a335e53fc3975e4d58436fa87a8251365ba9.html in directory target/site/serenity  
[pool-1-thread-1] INFO net.thucydides.core.reports.html.HtmlAcceptanceTestReporter - GENERATING HTML REPORT FOR CNT-7 - Quick Links:VIR-134.04 Verify that the following quick links are on the site in 58e0a8ef376111f4675fa1030f00d436b8d6a2832054b645999dc268d4b4012c.html in directory target/site/serenity  
[pool-1-thread-3] INFO net.thucydides.core.reports.html.HtmlAcceptanceTestReporter - GENERATING HTML REPORT FOR CNT-8 - Order Information:VIR-135.01 Verify that the Ordering Information page is opened after click on its link in footer in fe76c656848baf193220d07591a15ba921e649f837da4d5f226eb2f9ac003e5c.html in directory target/site/serenity  
[pool-1-thread-4] INFO net.thucydides.core.reports.html.HtmlAcceptanceTestReporter - GENERATING HTML REPORT FOR CNT-8 - Order Information:VIR-135.02 Verify that the content admin can delete the content pages in 5533f47726ef60c7255b243fb3be58293db2609f695eaae058c94f3666f174ad.html in directory target/site/serenity  
[pool-1-thread-2] INFO net.thucydides.core.reports.html.HtmlAcceptanceTestReporter - GENERATING HTML REPORT FOR CNT-8 - Order Information:VIR-135.03 Verify that the content admin can add content pages in 19f3109b1b55611ab680e27660e62d6759a92a3ed1a61ff3b5490abbe9a15fb1.html in directory target/site/serenity  
[pool-1-thread-3] INFO net.thucydides.core.reports.html.HtmlAcceptanceTestReporter - GENERATING HTML REPORT FOR CNT-8 - Order Information:VIR-135.04 Verify that the content admin can edit content pages in e513b291e44a0a2ba0a88a4710180b0f2ee877cc19b00c235ea0338012705155.html in directory target/site/serenity  
[pool-1-thread-4] INFO net.thucydides.core.reports.html.HtmlAcceptanceTestReporter - GENERATING HTML REPORT FOR CNT-8 - Order Information:VIR-135.05 Verify that the content admin can manage where the page is shown in 81f0615596311e9fe020a479de07e4aa75b91eb2264a4f269747556a7be8ef04.html in directory target/site/serenity  
[pool-1-thread-2] INFO net.thucydides.core.reports.html.HtmlAcceptanceTestReporter - GENERATING HTML REPORT FOR CNT-8 - Order Information:VIR-135.06 Return changes for Ordering Information in 911e4b432e12828f925fca72dbe6d9d0990b1c021e68a1773518a53cc2cd54fc.html in directory target/site/serenity  
[main] INFO net.serenitybdd.core.Serenity - Test Suite Started: CNT-9 - Contact Information
[main] INFO net.serenitybdd.core.Serenity - 
 _____ _____ ____ _____   ____ _____  _    ____ _____ _____ ____  
|_   _| ____/ ___|_   _| / ___|_   _|/ \  |  _ \_   _| ____|  _ \ 
  | | |  _| \___ \ | |   \___ \ | | / _ \ | |_) || | |  _| | | | |
  | | | |___ ___) || |    ___) || |/ ___ \|  _ < | | | |___| |_| |
  |_| |_____|____/ |_|   |____/ |_/_/   \_\_| \_\|_| |_____|____/ 
                                                                  

TEST STARTED: VIR-136.01 Verify that the Contact Us info is correct
-------------------------------------------------------------------(cnt-9---contact-information;vir-136.01-verify-that-the-contact-us-info-is-correct)
[main] INFO net.serenitybdd.core.Serenity - STARTING STEP Given open the site and login
[main] INFO net.serenitybdd.core.Serenity - STARTING STEP Open the site
[main] INFO net.serenitybdd.core.Serenity - STEP ERROR: net.serenitybdd.core.exceptions.SerenityManagedException: Could not initialize class com.virco.locators.SiteData
]]></system-err>
  </testcase>
  <testcase name="Scenario: VIR-136.01 Verify that the Contact Us info is correct" classname="Scenario: VIR-136.01 Verify that the Contact Us info is correct" time="0.002">
    <error message="Could not initialize class com.virco.locators.SiteData" type="net.serenitybdd.core.exceptions.SerenityManagedException"><![CDATA[net.serenitybdd.core.exceptions.SerenityManagedException: Could not initialize class com.virco.locators.SiteData
	at com.virco.steps.serenity.CommonUserSteps.openTheSite(CommonUserSteps.java:19)
	at com.virco.steps.serenity.CommonUserSteps$$EnhancerByCGLIB$$d8541bfa.CGLIB$openTheSite$6(<generated>)
	at com.virco.steps.serenity.CommonUserSteps$$EnhancerByCGLIB$$d8541bfa$$FastClassByCGLIB$$ea8e0f86.invoke(<generated>)
	at net.sf.cglib.proxy.MethodProxy.invokeSuper(MethodProxy.java:228)
	at net.thucydides.core.steps.StepInterceptor.invokeMethod(StepInterceptor.java:372)
	at net.thucydides.core.steps.StepInterceptor.executeTestStepMethod(StepInterceptor.java:357)
	at net.thucydides.core.steps.StepInterceptor.runTestStep(StepInterceptor.java:332)
	at net.thucydides.core.steps.StepInterceptor.testStepResult(StepInterceptor.java:134)
	at net.thucydides.core.steps.StepInterceptor.intercept(StepInterceptor.java:61)
	at com.virco.steps.serenity.CommonUserSteps$$EnhancerByCGLIB$$d8541bfa.openTheSite(<generated>)
	at com.virco.steps.CommonDefinitionSteps.openTheSiteAndLogin(CommonDefinitionSteps.java:72)
	at sun.reflect.GeneratedMethodAccessor143.invoke(Unknown Source)
	at sun.reflect.DelegatingMethodAccessorImpl.invoke(DelegatingMethodAccessorImpl.java:43)
	at java.lang.reflect.Method.invoke(Method.java:498)
	at cucumber.runtime.Utils$1.call(Utils.java:40)
	at cucumber.runtime.Timeout.timeout(Timeout.java:16)
	at cucumber.runtime.Utils.invoke(Utils.java:34)
	at cucumber.runtime.java.JavaStepDefinition.execute(JavaStepDefinition.java:38)
	at cucumber.runtime.StepDefinitionMatch.runStep(StepDefinitionMatch.java:37)
	at cucumber.runtime.Runtime.runStep(Runtime.java:300)
	at cucumber.runtime.model.StepContainer.runStep(StepContainer.java:44)
	at cucumber.runtime.model.StepContainer.runSteps(StepContainer.java:39)
	at cucumber.runtime.model.CucumberScenario.run(CucumberScenario.java:44)
	at cucumber.runtime.junit.ExecutionUnitRunner.run(ExecutionUnitRunner.java:102)
	at cucumber.runtime.junit.FeatureRunner.runChild(FeatureRunner.java:63)
	at cucumber.runtime.junit.FeatureRunner.runChild(FeatureRunner.java:18)
	at org.junit.runners.ParentRunner$3.run(ParentRunner.java:290)
	at org.junit.runners.ParentRunner$1.schedule(ParentRunner.java:71)
	at org.junit.runners.ParentRunner.runChildren(ParentRunner.java:288)
	at org.junit.runners.ParentRunner.access$000(ParentRunner.java:58)
	at org.junit.runners.ParentRunner$2.evaluate(ParentRunner.java:268)
	at org.junit.runners.ParentRunner.run(ParentRunner.java:363)
	at cucumber.runtime.junit.FeatureRunner.run(FeatureRunner.java:70)
	at cucumber.api.junit.Cucumber.runChild(Cucumber.java:95)
	at cucumber.api.junit.Cucumber.runChild(Cucumber.java:38)
	at org.junit.runners.ParentRunner$3.run(ParentRunner.java:290)
	at org.junit.runners.ParentRunner$1.schedule(ParentRunner.java:71)
	at org.junit.runners.ParentRunner.runChildren(ParentRunner.java:288)
	at org.junit.runners.ParentRunner.access$000(ParentRunner.java:58)
	at org.junit.runners.ParentRunner$2.evaluate(ParentRunner.java:268)
	at org.junit.runners.ParentRunner.run(ParentRunner.java:363)
	at cucumber.api.junit.Cucumber.run(Cucumber.java:100)
	at org.apache.maven.surefire.junit4.JUnit4Provider.execute(JUnit4Provider.java:283)
	at org.apache.maven.surefire.junit4.JUnit4Provider.executeWithRerun(JUnit4Provider.java:173)
	at org.apache.maven.surefire.junit4.JUnit4Provider.executeTestSet(JUnit4Provider.java:153)
	at org.apache.maven.surefire.junit4.JUnit4Provider.invoke(JUnit4Provider.java:128)
	at org.apache.maven.surefire.booter.ForkedBooter.invokeProviderInSameClassLoader(ForkedBooter.java:203)
	at org.apache.maven.surefire.booter.ForkedBooter.runSuitesInProcess(ForkedBooter.java:155)
	at org.apache.maven.surefire.booter.ForkedBooter.main(ForkedBooter.java:103)
]]></error>
  </testcase>
  <testcase name="When click on &quot;Contact Us&quot; link in header" classname="Scenario: VIR-136.01 Verify that the Contact Us info is correct" time="0">
    <skipped/>
    <system-err><![CDATA[[main] INFO net.serenitybdd.core.Serenity - STEP ERROR: java.lang.NoClassDefFoundError: Could not initialize class com.virco.locators.SiteData
[main] INFO net.serenitybdd.core.Serenity - STARTING STEP When click on "Contact Us" link in header
]]></system-err>
  </testcase>
  <testcase name="Then &quot;ContactUs&quot; content is opened" classname="Scenario: VIR-136.01 Verify that the Contact Us info is correct" time="0">
    <skipped/>
    <system-err><![CDATA[[main] INFO net.serenitybdd.core.Serenity - IGNORING STEP
[main] INFO net.serenitybdd.core.Serenity - STARTING STEP Then "ContactUs" content is opened
]]></system-err>
  </testcase>
  <testcase name="Given open &quot;CMS&quot; page" classname="Scenario: VIR-136.02 Verify that Content Admin can change the following Contact Us info" time="0.002">
    <error message="Could not initialize class com.virco.locators.SiteData" type="net.serenitybdd.core.exceptions.SerenityManagedException"><![CDATA[net.serenitybdd.core.exceptions.SerenityManagedException: Could not initialize class com.virco.locators.SiteData
	at com.virco.steps.serenity.CommonUserSteps.openManagementPage(CommonUserSteps.java:26)
	at com.virco.steps.serenity.CommonUserSteps$$EnhancerByCGLIB$$d8541bfa.CGLIB$openManagementPage$7(<generated>)
	at com.virco.steps.serenity.CommonUserSteps$$EnhancerByCGLIB$$d8541bfa$$FastClassByCGLIB$$ea8e0f86.invoke(<generated>)
	at net.sf.cglib.proxy.MethodProxy.invokeSuper(MethodProxy.java:228)
	at net.thucydides.core.steps.StepInterceptor.invokeMethod(StepInterceptor.java:372)
	at net.thucydides.core.steps.StepInterceptor.executeTestStepMethod(StepInterceptor.java:357)
	at net.thucydides.core.steps.StepInterceptor.runTestStep(StepInterceptor.java:332)
	at net.thucydides.core.steps.StepInterceptor.testStepResult(StepInterceptor.java:134)
	at net.thucydides.core.steps.StepInterceptor.intercept(StepInterceptor.java:61)
	at com.virco.steps.serenity.CommonUserSteps$$EnhancerByCGLIB$$d8541bfa.openManagementPage(<generated>)
	at com.virco.steps.CommonDefinitionSteps.openPage(CommonDefinitionSteps.java:22)
	at sun.reflect.NativeMethodAccessorImpl.invoke0(Native Method)
	at sun.reflect.NativeMethodAccessorImpl.invoke(NativeMethodAccessorImpl.java:62)
	at sun.reflect.DelegatingMethodAccessorImpl.invoke(DelegatingMethodAccessorImpl.java:43)
	at java.lang.reflect.Method.invoke(Method.java:498)
	at cucumber.runtime.Utils$1.call(Utils.java:40)
	at cucumber.runtime.Timeout.timeout(Timeout.java:16)
	at cucumber.runtime.Utils.invoke(Utils.java:34)
	at cucumber.runtime.java.JavaStepDefinition.execute(JavaStepDefinition.java:38)
	at cucumber.runtime.StepDefinitionMatch.runStep(StepDefinitionMatch.java:37)
	at cucumber.runtime.Runtime.runStep(Runtime.java:300)
	at cucumber.runtime.model.StepContainer.runStep(StepContainer.java:44)
	at cucumber.runtime.model.StepContainer.runSteps(StepContainer.java:39)
	at cucumber.runtime.model.CucumberScenario.run(CucumberScenario.java:44)
	at cucumber.runtime.junit.ExecutionUnitRunner.run(ExecutionUnitRunner.java:102)
	at cucumber.runtime.junit.FeatureRunner.runChild(FeatureRunner.java:63)
	at cucumber.runtime.junit.FeatureRunner.runChild(FeatureRunner.java:18)
	at org.junit.runners.ParentRunner$3.run(ParentRunner.java:290)
	at org.junit.runners.ParentRunner$1.schedule(ParentRunner.java:71)
	at org.junit.runners.ParentRunner.runChildren(ParentRunner.java:288)
	at org.junit.runners.ParentRunner.access$000(ParentRunner.java:58)
	at org.junit.runners.ParentRunner$2.evaluate(ParentRunner.java:268)
	at org.junit.runners.ParentRunner.run(ParentRunner.java:363)
	at cucumber.runtime.junit.FeatureRunner.run(FeatureRunner.java:70)
	at cucumber.api.junit.Cucumber.runChild(Cucumber.java:95)
	at cucumber.api.junit.Cucumber.runChild(Cucumber.java:38)
	at org.junit.runners.ParentRunner$3.run(ParentRunner.java:290)
	at org.junit.runners.ParentRunner$1.schedule(ParentRunner.java:71)
	at org.junit.runners.ParentRunner.runChildren(ParentRunner.java:288)
	at org.junit.runners.ParentRunner.access$000(ParentRunner.java:58)
	at org.junit.runners.ParentRunner$2.evaluate(ParentRunner.java:268)
	at org.junit.runners.ParentRunner.run(ParentRunner.java:363)
	at cucumber.api.junit.Cucumber.run(Cucumber.java:100)
	at org.apache.maven.surefire.junit4.JUnit4Provider.execute(JUnit4Provider.java:283)
	at org.apache.maven.surefire.junit4.JUnit4Provider.executeWithRerun(JUnit4Provider.java:173)
	at org.apache.maven.surefire.junit4.JUnit4Provider.executeTestSet(JUnit4Provider.java:153)
	at org.apache.maven.surefire.junit4.JUnit4Provider.invoke(JUnit4Provider.java:128)
	at org.apache.maven.surefire.booter.ForkedBooter.invokeProviderInSameClassLoader(ForkedBooter.java:203)
	at org.apache.maven.surefire.booter.ForkedBooter.runSuitesInProcess(ForkedBooter.java:155)
	at org.apache.maven.surefire.booter.ForkedBooter.main(ForkedBooter.java:103)
]]></error>
    <system-err><![CDATA[[main] INFO net.serenitybdd.core.Serenity - IGNORING STEP
[main] ERROR net.serenitybdd.core.Serenity - 
           __  _____ _____ ____ _____   _____ _    ___ _     _____ ____  
  _       / / |_   _| ____/ ___|_   _| |  ___/ \  |_ _| |   | ____|  _ \ 
 (_)_____| |    | | |  _| \___ \ | |   | |_ / _ \  | || |   |  _| | | | |
  _|_____| |    | | | |___ ___) || |   |  _/ ___ \ | || |___| |___| |_| |
 (_)     | |    |_| |_____|____/ |_|   |_|/_/   \_\___|_____|_____|____/ 
          \_\                                                            

TEST FAILED WITH ERROR: VIR-136.01 Verify that the Contact Us info is correct
---------------------------------------------------------------------
[main] ERROR net.serenitybdd.core.Serenity - TEST FAILED AT STEP Open the site
[main] ERROR net.serenitybdd.core.Serenity - Could not initialize class com.virco.locators.SiteData
[pool-1-thread-3] INFO net.thucydides.core.reports.json.JSONTestOutcomeReporter - Generating JSON report for VIR-128.01 Verify that the OOTB Hybris is configured to file /Users/rodionsavchuk/hybrisAutomation/virco-automatedtests/target/site/serenity/f9e291a91d7fb0708996a6c172c79994e2f3e3dc027f9c744e43835d2210c73e.json (using temp file /Users/rodionsavchuk/hybrisAutomation/virco-automatedtests/target/site/serenity/f9e291a91d7fb0708996a6c172c79994e2f3e3dc027f9c744e43835d2210c73e.json4a555d16-7ebf-44b7-a54c-ac2bd634327e)
[pool-1-thread-1] INFO net.thucydides.core.reports.json.JSONTestOutcomeReporter - Generating JSON report for VIR-129.02 Verify that the content admin can promo message by using template to file /Users/rodionsavchuk/hybrisAutomation/virco-automatedtests/target/site/serenity/5c582eac1cc160864035d84f14577b2a4b307d178776baf5d94402a8f33a570b.json (using temp file /Users/rodionsavchuk/hybrisAutomation/virco-automatedtests/target/site/serenity/5c582eac1cc160864035d84f14577b2a4b307d178776baf5d94402a8f33a570b.jsone0c4fbfb-3721-4c36-ac5b-816626d06634)
[pool-1-thread-4] INFO net.thucydides.core.reports.json.JSONTestOutcomeReporter - Generating JSON report for VIR-129.01 Verify that the content admin can add a rotating theme by using template to file /Users/rodionsavchuk/hybrisAutomation/virco-automatedtests/target/site/serenity/2baaeb277c29c1f85062130a60bafea2167a5c2dd87a93c69ad94698238c35ee.json (using temp file /Users/rodionsavchuk/hybrisAutomation/virco-automatedtests/target/site/serenity/2baaeb277c29c1f85062130a60bafea2167a5c2dd87a93c69ad94698238c35ee.jsona9a7c24c-f271-4c7b-aaaa-f9758dd15bbd)
[pool-1-thread-3] INFO net.thucydides.core.reports.json.JSONTestOutcomeReporter - Generating JSON report for VIR-129.03 Verify that the content admin can add installation slot by using template to file /Users/rodionsavchuk/hybrisAutomation/virco-automatedtests/target/site/serenity/e2ad5898b62d8e77d283000b0832f5fb0d67d58608b2ea1e947bdb3eaa4f7f13.json (using temp file /Users/rodionsavchuk/hybrisAutomation/virco-automatedtests/target/site/serenity/e2ad5898b62d8e77d283000b0832f5fb0d67d58608b2ea1e947bdb3eaa4f7f13.jsondebc39d2-6066-42fb-be6c-4fc140bdb8b3)
[pool-1-thread-2] INFO net.thucydides.core.reports.json.JSONTestOutcomeReporter - Generating JSON report for VIR-129.04 Verify that the content admin can add a product recommendation component on the page template by using template to file /Users/rodionsavchuk/hybrisAutomation/virco-automatedtests/target/site/serenity/2568cbeed2bdf1850ea694b2c61bf8c9430c3ac453a0d1b2f15e169595434015.json (using temp file /Users/rodionsavchuk/hybrisAutomation/virco-automatedtests/target/site/serenity/2568cbeed2bdf1850ea694b2c61bf8c9430c3ac453a0d1b2f15e169595434015.jsonf11703b8-0005-4878-b209-1b6b9226f213)
[pool-1-thread-3] INFO net.thucydides.core.reports.json.JSONTestOutcomeReporter - Generating JSON report for VIR-129.07 Verify that the content admin can add a product images component on the template page to file /Users/rodionsavchuk/hybrisAutomation/virco-automatedtests/target/site/serenity/b14d7ddd1213e2b3e327a1da59a5f30243e7b1413ece781e8217d0475b1d4ba5.json (using temp file /Users/rodionsavchuk/hybrisAutomation/virco-automatedtests/target/site/serenity/b14d7ddd1213e2b3e327a1da59a5f30243e7b1413ece781e8217d0475b1d4ba5.jsond3d5ab77-57c7-4ce6-91fb-9a11b4655c0d)
[pool-1-thread-4] INFO net.thucydides.core.reports.json.JSONTestOutcomeReporter - Generating JSON report for VIR-129.06 Verify that the content admin can add a popular category on the template page to file /Users/rodionsavchuk/hybrisAutomation/virco-automatedtests/target/site/serenity/4cb24bf6eab810d97c001f653ce7ec4c2620e8ef80649c431bc47d31554e7dfa.json (using temp file /Users/rodionsavchuk/hybrisAutomation/virco-automatedtests/target/site/serenity/4cb24bf6eab810d97c001f653ce7ec4c2620e8ef80649c431bc47d31554e7dfa.json386d72e1-5fc8-4875-a891-bc4482fdf3df)
[pool-1-thread-2] INFO net.thucydides.core.reports.json.JSONTestOutcomeReporter - Generating JSON report for VIR-129.08 Verify that the content admin can edit promo message/popular category. to file /Users/rodionsavchuk/hybrisAutomation/virco-automatedtests/target/site/serenity/0b72d581cee195fdedb17f43f946f9e8a6bd5762bb612b26fbaf09d9905941a0.json (using temp file /Users/rodionsavchuk/hybrisAutomation/virco-automatedtests/target/site/serenity/0b72d581cee195fdedb17f43f946f9e8a6bd5762bb612b26fbaf09d9905941a0.json6023fd50-80dd-4e41-a2b9-3a844eaeb7f0)
[pool-1-thread-1] INFO net.thucydides.core.reports.json.JSONTestOutcomeReporter - Generating JSON report for VIR-129.05 Verify that the content admin can add a quick ship component on the template page to file /Users/rodionsavchuk/hybrisAutomation/virco-automatedtests/target/site/serenity/03a37ae243f19fd5e4074c51364f3accdea994f94fbe9bfc0888dbf6b3fcb296.json (using temp file /Users/rodionsavchuk/hybrisAutomation/virco-automatedtests/target/site/serenity/03a37ae243f19fd5e4074c51364f3accdea994f94fbe9bfc0888dbf6b3fcb296.json3a990b42-749e-4fb9-bce1-bbf4e84edd89)
[pool-1-thread-3] INFO net.thucydides.core.reports.json.JSONTestOutcomeReporter - Generating JSON report for VIR-129.09 Verify that the content admin can delete promo message/popular category. to file /Users/rodionsavchuk/hybrisAutomation/virco-automatedtests/target/site/serenity/e3f11c0e315cea47d82b81aeec1d5d4ec6688676c143e6c8bd85b536ee39abf1.json (using temp file /Users/rodionsavchuk/hybrisAutomation/virco-automatedtests/target/site/serenity/e3f11c0e315cea47d82b81aeec1d5d4ec6688676c143e6c8bd85b536ee39abf1.json6d372b73-eb0e-460f-b7a3-124849ec6057)
[pool-1-thread-2] INFO net.thucydides.core.reports.json.JSONTestOutcomeReporter - Generating JSON report for VIR-129.10 Verify that the site has a look, configured by content admin to file /Users/rodionsavchuk/hybrisAutomation/virco-automatedtests/target/site/serenity/100947bcc68d92490597dd6eed62bf55d5857e1335d30b52c2a0a2894d214fe7.json (using temp file /Users/rodionsavchuk/hybrisAutomation/virco-automatedtests/target/site/serenity/100947bcc68d92490597dd6eed62bf55d5857e1335d30b52c2a0a2894d214fe7.json13107cd6-bc7f-45d0-92f8-d205475a3b14)
[pool-1-thread-4] INFO net.thucydides.core.reports.json.JSONTestOutcomeReporter - Generating JSON report for VIR-166.01 Verify the rotating carousel is added on the home page to file /Users/rodionsavchuk/hybrisAutomation/virco-automatedtests/target/site/serenity/41045224dd55f49d371e9fd4a455c28d0acc2a203f1c37c0d89de600b26d38ef.json (using temp file /Users/rodionsavchuk/hybrisAutomation/virco-automatedtests/target/site/serenity/41045224dd55f49d371e9fd4a455c28d0acc2a203f1c37c0d89de600b26d38ef.jsone411704a-c7fa-4e3f-af32-b8aa56f8c6a4)
[pool-1-thread-1] INFO net.thucydides.core.reports.json.JSONTestOutcomeReporter - Generating JSON report for VIR-166.02 Verify that the each Banner has Rotating Theme, promotional message and installation slots to file /Users/rodionsavchuk/hybrisAutomation/virco-automatedtests/target/site/serenity/0608016defba6ce482ab704a7f99aa4784d409932878aab3566e62c6acd4c3be.json (using temp file /Users/rodionsavchuk/hybrisAutomation/virco-automatedtests/target/site/serenity/0608016defba6ce482ab704a7f99aa4784d409932878aab3566e62c6acd4c3be.json6626901b-b051-4d0d-a0a4-bba6f6127594)
[pool-1-thread-3] INFO net.thucydides.core.reports.json.JSONTestOutcomeReporter - Generating JSON report for VIR-166.03 Verify that the changes applied to the home page on the WCMS are shown on the site to file /Users/rodionsavchuk/hybrisAutomation/virco-automatedtests/target/site/serenity/b9eb3619ad92be0ca6909f8288eb5393e840f6227de55c87423f32dd621971c6.json (using temp file /Users/rodionsavchuk/hybrisAutomation/virco-automatedtests/target/site/serenity/b9eb3619ad92be0ca6909f8288eb5393e840f6227de55c87423f32dd621971c6.json0ce03baa-bcf2-417b-8f17-13eb1592d3c8)
[pool-1-thread-2] INFO net.thucydides.core.reports.json.JSONTestOutcomeReporter - Generating JSON report for VIR-166.04 Verify changes on the site to file /Users/rodionsavchuk/hybrisAutomation/virco-automatedtests/target/site/serenity/5f43c632221e66e649cb566b95c8c39021872b2cfde3c52fd524b9428955bf6f.json (using temp file /Users/rodionsavchuk/hybrisAutomation/virco-automatedtests/target/site/serenity/5f43c632221e66e649cb566b95c8c39021872b2cfde3c52fd524b9428955bf6f.jsond80c5b87-8c49-4c08-a443-aced2c7a9ca9)
[pool-1-thread-1] INFO net.thucydides.core.reports.json.JSONTestOutcomeReporter - Generating JSON report for VIR-166.04 Verify installation slot to file /Users/rodionsavchuk/hybrisAutomation/virco-automatedtests/target/site/serenity/edcb380d350a80cdf46587ae5741ec066978cdd8e0c97472caf730194b651304.json (using temp file /Users/rodionsavchuk/hybrisAutomation/virco-automatedtests/target/site/serenity/edcb380d350a80cdf46587ae5741ec066978cdd8e0c97472caf730194b651304.json5d485949-0d00-43e2-8013-02e21dec96a8)
[pool-1-thread-4] INFO net.thucydides.core.reports.json.JSONTestOutcomeReporter - Generating JSON report for VIR-166.06 Return changes for carousel to file /Users/rodionsavchuk/hybrisAutomation/virco-automatedtests/target/site/serenity/666f9c30485604a0d8f915e21943e7e88d01015ce9092eafebcdb74a2aa69881.json (using temp file /Users/rodionsavchuk/hybrisAutomation/virco-automatedtests/target/site/serenity/666f9c30485604a0d8f915e21943e7e88d01015ce9092eafebcdb74a2aa69881.jsonad91b635-3a31-46b2-b9d2-55d6eafd6c41)
[pool-1-thread-3] INFO net.thucydides.core.reports.json.JSONTestOutcomeReporter - Generating JSON report for VIR-130.01 Verify that the content Admin can add new banner to file /Users/rodionsavchuk/hybrisAutomation/virco-automatedtests/target/site/serenity/bb79537bca7a8b871c5b64cd1153742bc23c54e46592c06f822f87770b2e8b8a.json (using temp file /Users/rodionsavchuk/hybrisAutomation/virco-automatedtests/target/site/serenity/bb79537bca7a8b871c5b64cd1153742bc23c54e46592c06f822f87770b2e8b8a.json2f70af34-743b-49aa-be63-2b2d360360a7)
[pool-1-thread-2] INFO net.thucydides.core.reports.json.JSONTestOutcomeReporter - Generating JSON report for VIR-130.03 Verify that the content admin can delete the banner to file /Users/rodionsavchuk/hybrisAutomation/virco-automatedtests/target/site/serenity/b41d3443e6a4853ebf7ef1692db7b2b9a12b9d62f5b7166287c8c85636ccdf3f.json (using temp file /Users/rodionsavchuk/hybrisAutomation/virco-automatedtests/target/site/serenity/b41d3443e6a4853ebf7ef1692db7b2b9a12b9d62f5b7166287c8c85636ccdf3f.json01bcad98-cfd0-41a3-b902-75e5902045b3)
[pool-1-thread-1] INFO net.thucydides.core.reports.json.JSONTestOutcomeReporter - Generating JSON report for VIR-130.02 Verify that the content admin can edit the banner to file /Users/rodionsavchuk/hybrisAutomation/virco-automatedtests/target/site/serenity/8473ae2e239acb5c9594f6482f5f79bb4500c946dd2d245bf5d2caa427a8a26f.json (using temp file /Users/rodionsavchuk/hybrisAutomation/virco-automatedtests/target/site/serenity/8473ae2e239acb5c9594f6482f5f79bb4500c946dd2d245bf5d2caa427a8a26f.json13b2f8f9-4cc7-4ad9-ad6f-52c7b4980208)
[pool-1-thread-4] INFO net.thucydides.core.reports.json.JSONTestOutcomeReporter - Generating JSON report for VIR-130.04 Verify that the site has a look, configured by content admin to file /Users/rodionsavchuk/hybrisAutomation/virco-automatedtests/target/site/serenity/095ee6a7aed460c2ab7447a892b708f667ca6eb3d2b246703cb79d76aaa66edd.json (using temp file /Users/rodionsavchuk/hybrisAutomation/virco-automatedtests/target/site/serenity/095ee6a7aed460c2ab7447a892b708f667ca6eb3d2b246703cb79d76aaa66edd.jsonfc92f58a-3b59-4cec-af52-db2ee11bc40d)
[pool-1-thread-2] INFO net.thucydides.core.reports.json.JSONTestOutcomeReporter - Generating JSON report for VIR-375.01 Unable to open the "Verisign terms and policy" page except through the Contact Us page to file /Users/rodionsavchuk/hybrisAutomation/virco-automatedtests/target/site/serenity/3d31ca4ca17ccedf663fa492c24dc92f29157766fcfb628ecd61645c9255a53a.json (using temp file /Users/rodionsavchuk/hybrisAutomation/virco-automatedtests/target/site/serenity/3d31ca4ca17ccedf663fa492c24dc92f29157766fcfb628ecd61645c9255a53a.jsond40e689b-82af-4849-851b-2691c533d58e)
[pool-1-thread-3] INFO net.thucydides.core.reports.json.JSONTestOutcomeReporter - Generating JSON report for VIR-131.02 Verify that the content Admin can delete terms, security and compliance to file /Users/rodionsavchuk/hybrisAutomation/virco-automatedtests/target/site/serenity/ceb7302073899bbe72c923c378b3dfb15f405875b937887a17bf4cff9988ce11.json (using temp file /Users/rodionsavchuk/hybrisAutomation/virco-automatedtests/target/site/serenity/ceb7302073899bbe72c923c378b3dfb15f405875b937887a17bf4cff9988ce11.jsonb98c98f0-e47c-4b73-a51f-442d54218a24)
[pool-1-thread-1] INFO net.thucydides.core.reports.json.JSONTestOutcomeReporter - Generating JSON report for VIR-131.03 Verify that the content Admin can add terms, security and compliance to file /Users/rodionsavchuk/hybrisAutomation/virco-automatedtests/target/site/serenity/afbc2d2c12a820e7bd8ff57fd665dcbf835c82e12b10214fa792d713e6b209c6.json (using temp file /Users/rodionsavchuk/hybrisAutomation/virco-automatedtests/target/site/serenity/afbc2d2c12a820e7bd8ff57fd665dcbf835c82e12b10214fa792d713e6b209c6.json84739187-3d0b-4ce8-a17b-c720ff5c099d)
[pool-1-thread-4] INFO net.thucydides.core.reports.json.JSONTestOutcomeReporter - Generating JSON report for VIR-131.04 Verify that the content Admin can edit terms, security and compliance to file /Users/rodionsavchuk/hybrisAutomation/virco-automatedtests/target/site/serenity/11123f2712ee38abf08a7255e58490510ce459b677c6317a48c1c5a02bad5899.json (using temp file /Users/rodionsavchuk/hybrisAutomation/virco-automatedtests/target/site/serenity/11123f2712ee38abf08a7255e58490510ce459b677c6317a48c1c5a02bad5899.json6b33f206-1933-4b49-a801-b71071ef4fc2)
[pool-1-thread-2] INFO net.thucydides.core.reports.json.JSONTestOutcomeReporter - Generating JSON report for VIR-131.05 Return changes to file /Users/rodionsavchuk/hybrisAutomation/virco-automatedtests/target/site/serenity/481bc60c8e1753c36167a06d3e94715ec6bdb3bc0fa2de75bc3b701c703a0740.json (using temp file /Users/rodionsavchuk/hybrisAutomation/virco-automatedtests/target/site/serenity/481bc60c8e1753c36167a06d3e94715ec6bdb3bc0fa2de75bc3b701c703a0740.json468e01ac-6b14-452c-b4ac-762aa5258681)
[pool-1-thread-3] INFO net.thucydides.core.reports.json.JSONTestOutcomeReporter - Generating JSON report for VIR-132.01 Verify that the content admin can add restriction for the desired customizations. to file /Users/rodionsavchuk/hybrisAutomation/virco-automatedtests/target/site/serenity/012fbd4c99dbed94980068932c3b9900aa40fcbd0f147abb3c9b18198ccfee2c.json (using temp file /Users/rodionsavchuk/hybrisAutomation/virco-automatedtests/target/site/serenity/012fbd4c99dbed94980068932c3b9900aa40fcbd0f147abb3c9b18198ccfee2c.jsonc12c6028-bc2f-4685-b156-d034341c2111)
[pool-1-thread-1] INFO net.thucydides.core.reports.json.JSONTestOutcomeReporter - Generating JSON report for VIR-132.03 Verify that the content admin can delete restriction for the desired customizations. to file /Users/rodionsavchuk/hybrisAutomation/virco-automatedtests/target/site/serenity/f6bd8472778e2535a4b9144aa99d3240dacf17fdc0647b30ce75c3b787f53d15.json (using temp file /Users/rodionsavchuk/hybrisAutomation/virco-automatedtests/target/site/serenity/f6bd8472778e2535a4b9144aa99d3240dacf17fdc0647b30ce75c3b787f53d15.json13da96bb-b0ed-4805-ab00-cbb99fff8f4f)
[pool-1-thread-4] INFO net.thucydides.core.reports.json.JSONTestOutcomeReporter - Generating JSON report for VIR-132.02 Verify that the content admin can edit restriction for the desired customizations. to file /Users/rodionsavchuk/hybrisAutomation/virco-automatedtests/target/site/serenity/21c25b56faab758e879fe49e985016e5e5212c7b9214f355a35317a785ad4edd.json (using temp file /Users/rodionsavchuk/hybrisAutomation/virco-automatedtests/target/site/serenity/21c25b56faab758e879fe49e985016e5e5212c7b9214f355a35317a785ad4edd.json55060112-bba7-4158-8028-42ffbbb259c4)
[pool-1-thread-3] INFO net.thucydides.core.reports.json.JSONTestOutcomeReporter - Generating JSON report for VIR-133.01 Verify that the content admin can delete the banner, title and categories through the WCMS to file /Users/rodionsavchuk/hybrisAutomation/virco-automatedtests/target/site/serenity/d10c471b31104c36cff5887c55a7bc150eababcb1937fa5a395a48f11580da2f.json (using temp file /Users/rodionsavchuk/hybrisAutomation/virco-automatedtests/target/site/serenity/d10c471b31104c36cff5887c55a7bc150eababcb1937fa5a395a48f11580da2f.jsond43082cf-6981-4bec-b8d5-16303cebef50)
[pool-1-thread-2] INFO net.thucydides.core.reports.json.JSONTestOutcomeReporter - Generating JSON report for VIR-132.04 Verify that the restrictions can be added to the following to file /Users/rodionsavchuk/hybrisAutomation/virco-automatedtests/target/site/serenity/bb312434987ad8333f1a82d90084aa3d1109fed7e9f40f25770d63e0cb749be9.json (using temp file /Users/rodionsavchuk/hybrisAutomation/virco-automatedtests/target/site/serenity/bb312434987ad8333f1a82d90084aa3d1109fed7e9f40f25770d63e0cb749be9.jsoncff61703-bfc8-41ec-9e42-4860bef3b9f0)
[pool-1-thread-4] INFO net.thucydides.core.reports.json.JSONTestOutcomeReporter - Generating JSON report for VIR-133.03 Verify that the content admin can edit the banner, title and categories through the WCMS to file /Users/rodionsavchuk/hybrisAutomation/virco-automatedtests/target/site/serenity/bf784fb294e81a8a6ed3e34f569b9b326b48ffb8cfb4166224a8840cbf362e21.json (using temp file /Users/rodionsavchuk/hybrisAutomation/virco-automatedtests/target/site/serenity/bf784fb294e81a8a6ed3e34f569b9b326b48ffb8cfb4166224a8840cbf362e21.jsond2fca684-2dee-4a44-bd59-a3281aaecb74)
[pool-1-thread-1] INFO net.thucydides.core.reports.json.JSONTestOutcomeReporter - Generating JSON report for VIR-133.02 Verify that the content admin can add the banner, title and categories through the WCMS to file /Users/rodionsavchuk/hybrisAutomation/virco-automatedtests/target/site/serenity/3bb00edc8b11547b9ac39ca5a5696c45f1e0d290628ccd73684e0832986f1e71.json (using temp file /Users/rodionsavchuk/hybrisAutomation/virco-automatedtests/target/site/serenity/3bb00edc8b11547b9ac39ca5a5696c45f1e0d290628ccd73684e0832986f1e71.json2f031875-a1b6-4a16-be1a-84beb05fcdf6)
[pool-1-thread-2] INFO net.thucydides.core.reports.json.JSONTestOutcomeReporter - Generating JSON report for VIR-133.04 Verify that the Banner is shown to the shopper on the home page to file /Users/rodionsavchuk/hybrisAutomation/virco-automatedtests/target/site/serenity/4c2884489ffe2042fbe11e4563b220cac104e5129e32868a3f1d6600011e076b.json (using temp file /Users/rodionsavchuk/hybrisAutomation/virco-automatedtests/target/site/serenity/4c2884489ffe2042fbe11e4563b220cac104e5129e32868a3f1d6600011e076b.json9457557e-165a-45db-95f5-f4b792a0c8cb)
[pool-1-thread-3] INFO net.thucydides.core.reports.json.JSONTestOutcomeReporter - Generating JSON report for VIR-133.05 Verify that the text is overlaid on the banner to file /Users/rodionsavchuk/hybrisAutomation/virco-automatedtests/target/site/serenity/bf1a934735e5d669eada1b870d663ecb425f20e68617bfb53654f05d12656a5f.json (using temp file /Users/rodionsavchuk/hybrisAutomation/virco-automatedtests/target/site/serenity/bf1a934735e5d669eada1b870d663ecb425f20e68617bfb53654f05d12656a5f.jsonbad02e2c-1ede-454a-8e50-43e139f62d0c)
[pool-1-thread-1] INFO net.thucydides.core.reports.json.JSONTestOutcomeReporter - Generating JSON report for VIR-133.06 Verify that the Page title "Products by Category" is shown to the shopper to file /Users/rodionsavchuk/hybrisAutomation/virco-automatedtests/target/site/serenity/e3d83e5f621b42696d81ce997061a34362f9a4bb6639aa90f2db1d4db4b51d64.json (using temp file /Users/rodionsavchuk/hybrisAutomation/virco-automatedtests/target/site/serenity/e3d83e5f621b42696d81ce997061a34362f9a4bb6639aa90f2db1d4db4b51d64.jsonad2aba8d-3615-4e01-9864-f38c52a8401f)
[pool-1-thread-4] INFO net.thucydides.core.reports.json.JSONTestOutcomeReporter - Generating JSON report for VIR-133.07 Verify that the following page categories are shown to file /Users/rodionsavchuk/hybrisAutomation/virco-automatedtests/target/site/serenity/1d12cdceb7058d9417a7bb7107783782f643d4ed988f36376903b230848c1f01.json (using temp file /Users/rodionsavchuk/hybrisAutomation/virco-automatedtests/target/site/serenity/1d12cdceb7058d9417a7bb7107783782f643d4ed988f36376903b230848c1f01.json36b53b17-c723-4811-8942-612ac8b4016d)
[pool-1-thread-2] INFO net.thucydides.core.reports.json.JSONTestOutcomeReporter - Generating JSON report for VIR-134.01 Verify that the content admin can create quick links to file /Users/rodionsavchuk/hybrisAutomation/virco-automatedtests/target/site/serenity/40d81346ba58c0f71fcf613db8a0a63c8ecb26e1fd4aaa8d151a703d15657b0e.json (using temp file /Users/rodionsavchuk/hybrisAutomation/virco-automatedtests/target/site/serenity/40d81346ba58c0f71fcf613db8a0a63c8ecb26e1fd4aaa8d151a703d15657b0e.jsone17f7fbb-1c9e-47a2-8ac4-6ebc2db978a0)
[pool-1-thread-3] INFO net.thucydides.core.reports.json.JSONTestOutcomeReporter - Generating JSON report for VIR-134.03 Verify that the content admin can delete quick links to file /Users/rodionsavchuk/hybrisAutomation/virco-automatedtests/target/site/serenity/e1618d2dbdbd929514ab60461040a335e53fc3975e4d58436fa87a8251365ba9.json (using temp file /Users/rodionsavchuk/hybrisAutomation/virco-automatedtests/target/site/serenity/e1618d2dbdbd929514ab60461040a335e53fc3975e4d58436fa87a8251365ba9.json1061bfc0-ddf0-45e1-86b9-c8f139cf81ac)
[pool-1-thread-1] INFO net.thucydides.core.reports.json.JSONTestOutcomeReporter - Generating JSON report for VIR-134.02 Verify that the content admin can edit quick links to file /Users/rodionsavchuk/hybrisAutomation/virco-automatedtests/target/site/serenity/41734951e0ed56f455a46612ce22533ae97fded928f274893c4007976da87481.json (using temp file /Users/rodionsavchuk/hybrisAutomation/virco-automatedtests/target/site/serenity/41734951e0ed56f455a46612ce22533ae97fded928f274893c4007976da87481.json16e784cb-341e-42e3-b583-c6326d076b60)
[pool-1-thread-4] INFO net.thucydides.core.reports.json.JSONTestOutcomeReporter - Generating JSON report for VIR-134.04 Verify that the following quick links are on the site to file /Users/rodionsavchuk/hybrisAutomation/virco-automatedtests/target/site/serenity/58e0a8ef376111f4675fa1030f00d436b8d6a2832054b645999dc268d4b4012c.json (using temp file /Users/rodionsavchuk/hybrisAutomation/virco-automatedtests/target/site/serenity/58e0a8ef376111f4675fa1030f00d436b8d6a2832054b645999dc268d4b4012c.json6f37f858-d467-4f8a-af3a-73145b16b9b8)
[pool-1-thread-2] INFO net.thucydides.core.reports.json.JSONTestOutcomeReporter - Generating JSON report for VIR-135.01 Verify that the Ordering Information page is opened after click on its link in footer to file /Users/rodionsavchuk/hybrisAutomation/virco-automatedtests/target/site/serenity/fe76c656848baf193220d07591a15ba921e649f837da4d5f226eb2f9ac003e5c.json (using temp file /Users/rodionsavchuk/hybrisAutomation/virco-automatedtests/target/site/serenity/fe76c656848baf193220d07591a15ba921e649f837da4d5f226eb2f9ac003e5c.json242d6322-8392-4fa5-a24b-cef8b74bb2d1)
[pool-1-thread-3] INFO net.thucydides.core.reports.json.JSONTestOutcomeReporter - Generating JSON report for VIR-135.02 Verify that the content admin can delete the content pages to file /Users/rodionsavchuk/hybrisAutomation/virco-automatedtests/target/site/serenity/5533f47726ef60c7255b243fb3be58293db2609f695eaae058c94f3666f174ad.json (using temp file /Users/rodionsavchuk/hybrisAutomation/virco-automatedtests/target/site/serenity/5533f47726ef60c7255b243fb3be58293db2609f695eaae058c94f3666f174ad.json840d405d-add4-498a-98e4-12754e4d0358)
[pool-1-thread-1] INFO net.thucydides.core.reports.json.JSONTestOutcomeReporter - Generating JSON report for VIR-135.03 Verify that the content admin can add content pages to file /Users/rodionsavchuk/hybrisAutomation/virco-automatedtests/target/site/serenity/19f3109b1b55611ab680e27660e62d6759a92a3ed1a61ff3b5490abbe9a15fb1.json (using temp file /Users/rodionsavchuk/hybrisAutomation/virco-automatedtests/target/site/serenity/19f3109b1b55611ab680e27660e62d6759a92a3ed1a61ff3b5490abbe9a15fb1.json0cd35c26-60ef-4ae7-aa11-fd651047a22b)
[pool-1-thread-2] INFO net.thucydides.core.reports.json.JSONTestOutcomeReporter - Generating JSON report for VIR-135.05 Verify that the content admin can manage where the page is shown to file /Users/rodionsavchuk/hybrisAutomation/virco-automatedtests/target/site/serenity/81f0615596311e9fe020a479de07e4aa75b91eb2264a4f269747556a7be8ef04.json (using temp file /Users/rodionsavchuk/hybrisAutomation/virco-automatedtests/target/site/serenity/81f0615596311e9fe020a479de07e4aa75b91eb2264a4f269747556a7be8ef04.json48f6f0f8-15dc-46b1-af47-3bb5d52217c0)
[pool-1-thread-3] INFO net.thucydides.core.reports.json.JSONTestOutcomeReporter - Generating JSON report for VIR-135.06 Return changes for Ordering Information to file /Users/rodionsavchuk/hybrisAutomation/virco-automatedtests/target/site/serenity/911e4b432e12828f925fca72dbe6d9d0990b1c021e68a1773518a53cc2cd54fc.json (using temp file /Users/rodionsavchuk/hybrisAutomation/virco-automatedtests/target/site/serenity/911e4b432e12828f925fca72dbe6d9d0990b1c021e68a1773518a53cc2cd54fc.json4aeaea16-d55e-43db-8859-5145d349fe63)
[pool-1-thread-4] INFO net.thucydides.core.reports.json.JSONTestOutcomeReporter - Generating JSON report for VIR-135.04 Verify that the content admin can edit content pages to file /Users/rodionsavchuk/hybrisAutomation/virco-automatedtests/target/site/serenity/e513b291e44a0a2ba0a88a4710180b0f2ee877cc19b00c235ea0338012705155.json (using temp file /Users/rodionsavchuk/hybrisAutomation/virco-automatedtests/target/site/serenity/e513b291e44a0a2ba0a88a4710180b0f2ee877cc19b00c235ea0338012705155.json46d8aded-24d5-4d5c-8044-a865c0142987)
[pool-1-thread-1] INFO net.thucydides.core.reports.json.JSONTestOutcomeReporter - Generating JSON report for VIR-136.01 Verify that the Contact Us info is correct to file /Users/rodionsavchuk/hybrisAutomation/virco-automatedtests/target/site/serenity/189f1aa2aa4fc6b820e5ff656100737d3325164ee98cbf91b3c5a5eb7eb97424.json (using temp file /Users/rodionsavchuk/hybrisAutomation/virco-automatedtests/target/site/serenity/189f1aa2aa4fc6b820e5ff656100737d3325164ee98cbf91b3c5a5eb7eb97424.jsoncd283661-2817-4bce-a88d-edc1683b9559)
[pool-1-thread-2] INFO net.thucydides.core.reports.html.HtmlAcceptanceTestReporter - GENERATING HTML REPORT FOR CNT-2 - Component Maintenance:VIR-129.01 Verify that the content admin can add a rotating theme by using template in 2baaeb277c29c1f85062130a60bafea2167a5c2dd87a93c69ad94698238c35ee.html in directory target/site/serenity  
[pool-1-thread-3] INFO net.thucydides.core.reports.html.HtmlAcceptanceTestReporter - GENERATING HTML REPORT FOR CNT-1 - WCMS Site Maintenance:VIR-128.01 Verify that the OOTB Hybris is configured in f9e291a91d7fb0708996a6c172c79994e2f3e3dc027f9c744e43835d2210c73e.html in directory target/site/serenity  
[pool-1-thread-4] INFO net.thucydides.core.reports.html.HtmlAcceptanceTestReporter - GENERATING HTML REPORT FOR CNT-2 - Component Maintenance:VIR-129.02 Verify that the content admin can promo message by using template in 5c582eac1cc160864035d84f14577b2a4b307d178776baf5d94402a8f33a570b.html in directory target/site/serenity  
[pool-1-thread-1] INFO net.thucydides.core.reports.html.HtmlAcceptanceTestReporter - GENERATING HTML REPORT FOR CNT-2 - Component Maintenance:VIR-129.03 Verify that the content admin can add installation slot by using template in e2ad5898b62d8e77d283000b0832f5fb0d67d58608b2ea1e947bdb3eaa4f7f13.html in directory target/site/serenity  
[pool-1-thread-2] INFO net.thucydides.core.reports.html.HtmlAcceptanceTestReporter - GENERATING HTML REPORT FOR CNT-2 - Component Maintenance:VIR-129.04 Verify that the content admin can add a product recommendation component on the page template by using template in 2568cbeed2bdf1850ea694b2c61bf8c9430c3ac453a0d1b2f15e169595434015.html in directory target/site/serenity  
[pool-1-thread-3] INFO net.thucydides.core.reports.html.HtmlAcceptanceTestReporter - GENERATING HTML REPORT FOR CNT-2 - Component Maintenance:VIR-129.05 Verify that the content admin can add a quick ship component on the template page in 03a37ae243f19fd5e4074c51364f3accdea994f94fbe9bfc0888dbf6b3fcb296.html in directory target/site/serenity  
[pool-1-thread-1] INFO net.thucydides.core.reports.html.HtmlAcceptanceTestReporter - GENERATING HTML REPORT FOR CNT-2 - Component Maintenance:VIR-129.07 Verify that the content admin can add a product images component on the template page in b14d7ddd1213e2b3e327a1da59a5f30243e7b1413ece781e8217d0475b1d4ba5.html in directory target/site/serenity  
[pool-1-thread-2] INFO net.thucydides.core.reports.html.HtmlAcceptanceTestReporter - GENERATING HTML REPORT FOR CNT-2 - Component Maintenance:VIR-129.08 Verify that the content admin can edit promo message/popular category. in 0b72d581cee195fdedb17f43f946f9e8a6bd5762bb612b26fbaf09d9905941a0.html in directory target/site/serenity  
[pool-1-thread-4] INFO net.thucydides.core.reports.html.HtmlAcceptanceTestReporter - GENERATING HTML REPORT FOR CNT-2 - Component Maintenance:VIR-129.06 Verify that the content admin can add a popular category on the template page in 4cb24bf6eab810d97c001f653ce7ec4c2620e8ef80649c431bc47d31554e7dfa.html in directory target/site/serenity  
[pool-1-thread-4] INFO net.thucydides.core.reports.html.HtmlAcceptanceTestReporter - GENERATING HTML REPORT FOR CNT-2 - Component Maintenance:VIR-129.10 Verify that the site has a look, configured by content admin in 100947bcc68d92490597dd6eed62bf55d5857e1335d30b52c2a0a2894d214fe7.html in directory target/site/serenity  
[pool-1-thread-2] INFO net.thucydides.core.reports.html.HtmlAcceptanceTestReporter - GENERATING HTML REPORT FOR CNT-2 - Component Maintenance:VIR-166.01 Verify the rotating carousel is added on the home page in 41045224dd55f49d371e9fd4a455c28d0acc2a203f1c37c0d89de600b26d38ef.html in directory target/site/serenity  
[pool-1-thread-3] INFO net.thucydides.core.reports.html.HtmlAcceptanceTestReporter - GENERATING HTML REPORT FOR CNT-2 - Component Maintenance:VIR-129.09 Verify that the content admin can delete promo message/popular category. in e3f11c0e315cea47d82b81aeec1d5d4ec6688676c143e6c8bd85b536ee39abf1.html in directory target/site/serenity  
[pool-1-thread-1] INFO net.thucydides.core.reports.html.HtmlAcceptanceTestReporter - GENERATING HTML REPORT FOR CNT-2 - Component Maintenance:VIR-166.02 Verify that the each Banner has Rotating Theme, promotional message and installation slots in 0608016defba6ce482ab704a7f99aa4784d409932878aab3566e62c6acd4c3be.html in directory target/site/serenity  
[pool-1-thread-3] INFO net.thucydides.core.reports.html.HtmlAcceptanceTestReporter - GENERATING HTML REPORT FOR CNT-2 - Component Maintenance:VIR-166.03 Verify that the changes applied to the home page on the WCMS are shown on the site in b9eb3619ad92be0ca6909f8288eb5393e840f6227de55c87423f32dd621971c6.html in directory target/site/serenity  
[pool-1-thread-2] INFO net.thucydides.core.reports.html.HtmlAcceptanceTestReporter - GENERATING HTML REPORT FOR CNT-2 - Component Maintenance:VIR-166.04 Verify changes on the site in 5f43c632221e66e649cb566b95c8c39021872b2cfde3c52fd524b9428955bf6f.html in directory target/site/serenity  
[pool-1-thread-1] INFO net.thucydides.core.reports.html.HtmlAcceptanceTestReporter - GENERATING HTML REPORT FOR CNT-2 - Component Maintenance:VIR-166.04 Verify installation slot in edcb380d350a80cdf46587ae5741ec066978cdd8e0c97472caf730194b651304.html in directory target/site/serenity  
[pool-1-thread-4] INFO net.thucydides.core.reports.html.HtmlAcceptanceTestReporter - GENERATING HTML REPORT FOR CNT-2 - Component Maintenance:VIR-166.06 Return changes for carousel in 666f9c30485604a0d8f915e21943e7e88d01015ce9092eafebcdb74a2aa69881.html in directory target/site/serenity  
[pool-1-thread-1] INFO net.thucydides.core.reports.html.HtmlAcceptanceTestReporter - GENERATING HTML REPORT FOR CNT-3 - Banners:VIR-130.01 Verify that the content Admin can add new banner in bb79537bca7a8b871c5b64cd1153742bc23c54e46592c06f822f87770b2e8b8a.html in directory target/site/serenity  
[pool-1-thread-2] INFO net.thucydides.core.reports.html.HtmlAcceptanceTestReporter - GENERATING HTML REPORT FOR CNT-3 - Banners:VIR-130.02 Verify that the content admin can edit the banner in 8473ae2e239acb5c9594f6482f5f79bb4500c946dd2d245bf5d2caa427a8a26f.html in directory target/site/serenity  
[pool-1-thread-3] INFO net.thucydides.core.reports.html.HtmlAcceptanceTestReporter - GENERATING HTML REPORT FOR CNT-3 - Banners:VIR-130.03 Verify that the content admin can delete the banner in b41d3443e6a4853ebf7ef1692db7b2b9a12b9d62f5b7166287c8c85636ccdf3f.html in directory target/site/serenity  
[pool-1-thread-2] INFO net.thucydides.core.reports.html.HtmlAcceptanceTestReporter - GENERATING HTML REPORT FOR CNT-3 - Banners:VIR-130.04 Verify that the site has a look, configured by content admin in 095ee6a7aed460c2ab7447a892b708f667ca6eb3d2b246703cb79d76aaa66edd.html in directory target/site/serenity  
[pool-1-thread-4] INFO net.thucydides.core.reports.html.HtmlAcceptanceTestReporter - GENERATING HTML REPORT FOR CNT-4 - Security Compliance:VIR-375.01 Unable to open the "Verisign terms and policy" page except through the Contact Us page in 3d31ca4ca17ccedf663fa492c24dc92f29157766fcfb628ecd61645c9255a53a.html in directory target/site/serenity  
[pool-1-thread-1] INFO net.thucydides.core.reports.html.HtmlAcceptanceTestReporter - GENERATING HTML REPORT FOR CNT-4 - Security Compliance:VIR-131.02 Verify that the content Admin can delete terms, security and compliance in ceb7302073899bbe72c923c378b3dfb15f405875b937887a17bf4cff9988ce11.html in directory target/site/serenity  
[pool-1-thread-2] INFO net.thucydides.core.reports.html.HtmlAcceptanceTestReporter - GENERATING HTML REPORT FOR CNT-4 - Security Compliance:VIR-131.03 Verify that the content Admin can add terms, security and compliance in afbc2d2c12a820e7bd8ff57fd665dcbf835c82e12b10214fa792d713e6b209c6.html in directory target/site/serenity  
[pool-1-thread-3] INFO net.thucydides.core.reports.html.HtmlAcceptanceTestReporter - GENERATING HTML REPORT FOR CNT-4 - Security Compliance:VIR-131.04 Verify that the content Admin can edit terms, security and compliance in 11123f2712ee38abf08a7255e58490510ce459b677c6317a48c1c5a02bad5899.html in directory target/site/serenity  
[pool-1-thread-4] INFO net.thucydides.core.reports.html.HtmlAcceptanceTestReporter - GENERATING HTML REPORT FOR CNT-4 - Security Compliance:VIR-131.05 Return changes in 481bc60c8e1753c36167a06d3e94715ec6bdb3bc0fa2de75bc3b701c703a0740.html in directory target/site/serenity  
[pool-1-thread-1] INFO net.thucydides.core.reports.html.HtmlAcceptanceTestReporter - GENERATING HTML REPORT FOR CNT-5 - Brand Management:VIR-132.01 Verify that the content admin can add restriction for the desired customizations. in 012fbd4c99dbed94980068932c3b9900aa40fcbd0f147abb3c9b18198ccfee2c.html in directory target/site/serenity  
[pool-1-thread-2] INFO net.thucydides.core.reports.html.HtmlAcceptanceTestReporter - GENERATING HTML REPORT FOR CNT-5 - Brand Management:VIR-132.03 Verify that the content admin can delete restriction for the desired customizations. in f6bd8472778e2535a4b9144aa99d3240dacf17fdc0647b30ce75c3b787f53d15.html in directory target/site/serenity  
[pool-1-thread-3] INFO net.thucydides.core.reports.html.HtmlAcceptanceTestReporter - GENERATING HTML REPORT FOR CNT-5 - Brand Management:VIR-132.02 Verify that the content admin can edit restriction for the desired customizations. in 21c25b56faab758e879fe49e985016e5e5212c7b9214f355a35317a785ad4edd.html in directory target/site/serenity  
[pool-1-thread-4] INFO net.thucydides.core.reports.html.HtmlAcceptanceTestReporter - GENERATING HTML REPORT FOR CNT-6 - Content Slots:VIR-133.01 Verify that the content admin can delete the banner, title and categories through the WCMS in d10c471b31104c36cff5887c55a7bc150eababcb1937fa5a395a48f11580da2f.html in directory target/site/serenity  
[pool-1-thread-2] INFO net.thucydides.core.reports.html.HtmlAcceptanceTestReporter - GENERATING HTML REPORT FOR CNT-6 - Content Slots:VIR-133.02 Verify that the content admin can add the banner, title and categories through the WCMS in 3bb00edc8b11547b9ac39ca5a5696c45f1e0d290628ccd73684e0832986f1e71.html in directory target/site/serenity  
[pool-1-thread-3] INFO net.thucydides.core.reports.html.HtmlAcceptanceTestReporter - GENERATING HTML REPORT FOR CNT-6 - Content Slots:VIR-133.03 Verify that the content admin can edit the banner, title and categories through the WCMS in bf784fb294e81a8a6ed3e34f569b9b326b48ffb8cfb4166224a8840cbf362e21.html in directory target/site/serenity  
[pool-1-thread-1] INFO net.thucydides.core.reports.html.HtmlAcceptanceTestReporter - GENERATING HTML REPORT FOR CNT-5 - Brand Management:VIR-132.04 Verify that the restrictions can be added to the following in bb312434987ad8333f1a82d90084aa3d1109fed7e9f40f25770d63e0cb749be9.html in directory target/site/serenity  
[pool-1-thread-4] INFO net.thucydides.core.reports.html.HtmlAcceptanceTestReporter - GENERATING HTML REPORT FOR CNT-6 - Content Slots:VIR-133.04 Verify that the Banner is shown to the shopper on the home page in 4c2884489ffe2042fbe11e4563b220cac104e5129e32868a3f1d6600011e076b.html in directory target/site/serenity  
[pool-1-thread-1] INFO net.thucydides.core.reports.html.HtmlAcceptanceTestReporter - GENERATING HTML REPORT FOR CNT-6 - Content Slots:VIR-133.06 Verify that the Page title "Products by Category" is shown to the shopper in e3d83e5f621b42696d81ce997061a34362f9a4bb6639aa90f2db1d4db4b51d64.html in directory target/site/serenity  
[pool-1-thread-4] INFO net.thucydides.core.reports.html.HtmlAcceptanceTestReporter - GENERATING HTML REPORT FOR CNT-6 - Content Slots:VIR-133.07 Verify that the following page categories are shown in 1d12cdceb7058d9417a7bb7107783782f643d4ed988f36376903b230848c1f01.html in directory target/site/serenity  
[pool-1-thread-3] INFO net.thucydides.core.reports.html.HtmlAcceptanceTestReporter - GENERATING HTML REPORT FOR CNT-7 - Quick Links:VIR-134.01 Verify that the content admin can create quick links in 40d81346ba58c0f71fcf613db8a0a63c8ecb26e1fd4aaa8d151a703d15657b0e.html in directory target/site/serenity  
[pool-1-thread-1] INFO net.thucydides.core.reports.html.HtmlAcceptanceTestReporter - GENERATING HTML REPORT FOR CNT-7 - Quick Links:VIR-134.02 Verify that the content admin can edit quick links in 41734951e0ed56f455a46612ce22533ae97fded928f274893c4007976da87481.html in directory target/site/serenity  
[pool-1-thread-3] INFO net.thucydides.core.reports.html.HtmlAcceptanceTestReporter - GENERATING HTML REPORT FOR CNT-7 - Quick Links:VIR-134.04 Verify that the following quick links are on the site in 58e0a8ef376111f4675fa1030f00d436b8d6a2832054b645999dc268d4b4012c.html in directory target/site/serenity  
[pool-1-thread-2] INFO net.thucydides.core.reports.html.HtmlAcceptanceTestReporter - GENERATING HTML REPORT FOR CNT-6 - Content Slots:VIR-133.05 Verify that the text is overlaid on the banner in bf1a934735e5d669eada1b870d663ecb425f20e68617bfb53654f05d12656a5f.html in directory target/site/serenity  
[pool-1-thread-1] INFO net.thucydides.core.reports.html.HtmlAcceptanceTestReporter - GENERATING HTML REPORT FOR CNT-8 - Order Information:VIR-135.01 Verify that the Ordering Information page is opened after click on its link in footer in fe76c656848baf193220d07591a15ba921e649f837da4d5f226eb2f9ac003e5c.html in directory target/site/serenity  
[pool-1-thread-3] INFO net.thucydides.core.reports.html.HtmlAcceptanceTestReporter - GENERATING HTML REPORT FOR CNT-8 - Order Information:VIR-135.02 Verify that the content admin can delete the content pages in 5533f47726ef60c7255b243fb3be58293db2609f695eaae058c94f3666f174ad.html in directory target/site/serenity  
[pool-1-thread-2] INFO net.thucydides.core.reports.html.HtmlAcceptanceTestReporter - GENERATING HTML REPORT FOR CNT-8 - Order Information:VIR-135.03 Verify that the content admin can add content pages in 19f3109b1b55611ab680e27660e62d6759a92a3ed1a61ff3b5490abbe9a15fb1.html in directory target/site/serenity  
[pool-1-thread-1] INFO net.thucydides.core.reports.html.HtmlAcceptanceTestReporter - GENERATING HTML REPORT FOR CNT-8 - Order Information:VIR-135.04 Verify that the content admin can edit content pages in e513b291e44a0a2ba0a88a4710180b0f2ee877cc19b00c235ea0338012705155.html in directory target/site/serenity  
[pool-1-thread-3] INFO net.thucydides.core.reports.html.HtmlAcceptanceTestReporter - GENERATING HTML REPORT FOR CNT-8 - Order Information:VIR-135.05 Verify that the content admin can manage where the page is shown in 81f0615596311e9fe020a479de07e4aa75b91eb2264a4f269747556a7be8ef04.html in directory target/site/serenity  
[pool-1-thread-2] INFO net.thucydides.core.reports.html.HtmlAcceptanceTestReporter - GENERATING HTML REPORT FOR CNT-8 - Order Information:VIR-135.06 Return changes for Ordering Information in 911e4b432e12828f925fca72dbe6d9d0990b1c021e68a1773518a53cc2cd54fc.html in directory target/site/serenity  
[pool-1-thread-1] INFO net.thucydides.core.reports.html.HtmlAcceptanceTestReporter - GENERATING HTML REPORT FOR CNT-9 - Contact Information:VIR-136.01 Verify that the Contact Us info is correct in 189f1aa2aa4fc6b820e5ff656100737d3325164ee98cbf91b3c5a5eb7eb97424.html in directory target/site/serenity  
[pool-1-thread-4] INFO net.thucydides.core.reports.html.HtmlAcceptanceTestReporter - GENERATING HTML REPORT FOR CNT-7 - Quick Links:VIR-134.03 Verify that the content admin can delete quick links in e1618d2dbdbd929514ab60461040a335e53fc3975e4d58436fa87a8251365ba9.html in directory target/site/serenity  
[main] INFO net.serenitybdd.core.Serenity - 
 _____ _____ ____ _____   ____ _____  _    ____ _____ _____ ____  
|_   _| ____/ ___|_   _| / ___|_   _|/ \  |  _ \_   _| ____|  _ \ 
  | | |  _| \___ \ | |   \___ \ | | / _ \ | |_) || | |  _| | | | |
  | | | |___ ___) || |    ___) || |/ ___ \|  _ < | | | |___| |_| |
  |_| |_____|____/ |_|   |____/ |_/_/   \_\_| \_\|_| |_____|____/ 
                                                                  

TEST STARTED: VIR-136.02 Verify that Content Admin can change the following Contact Us info
-------------------------------------------------------------------(cnt-9---contact-information;vir-136.02-verify-that-content-admin-can-change-the-following-contact-us-info)
[main] INFO net.serenitybdd.core.Serenity - STARTING STEP Given open "CMS" page
[main] INFO net.serenitybdd.core.Serenity - STARTING STEP Open management page: CMS
[main] INFO net.serenitybdd.core.Serenity - STEP ERROR: net.serenitybdd.core.exceptions.SerenityManagedException: Could not initialize class com.virco.locators.SiteData
]]></system-err>
  </testcase>
  <testcase name="Scenario: VIR-136.02 Verify that Content Admin can change the following Contact Us info" classname="Scenario: VIR-136.02 Verify that Content Admin can change the following Contact Us info" time="0.003">
    <error message="Could not initialize class com.virco.locators.SiteData" type="net.serenitybdd.core.exceptions.SerenityManagedException"><![CDATA[net.serenitybdd.core.exceptions.SerenityManagedException: Could not initialize class com.virco.locators.SiteData
	at com.virco.steps.serenity.CommonUserSteps.openManagementPage(CommonUserSteps.java:26)
	at com.virco.steps.serenity.CommonUserSteps$$EnhancerByCGLIB$$d8541bfa.CGLIB$openManagementPage$7(<generated>)
	at com.virco.steps.serenity.CommonUserSteps$$EnhancerByCGLIB$$d8541bfa$$FastClassByCGLIB$$ea8e0f86.invoke(<generated>)
	at net.sf.cglib.proxy.MethodProxy.invokeSuper(MethodProxy.java:228)
	at net.thucydides.core.steps.StepInterceptor.invokeMethod(StepInterceptor.java:372)
	at net.thucydides.core.steps.StepInterceptor.executeTestStepMethod(StepInterceptor.java:357)
	at net.thucydides.core.steps.StepInterceptor.runTestStep(StepInterceptor.java:332)
	at net.thucydides.core.steps.StepInterceptor.testStepResult(StepInterceptor.java:134)
	at net.thucydides.core.steps.StepInterceptor.intercept(StepInterceptor.java:61)
	at com.virco.steps.serenity.CommonUserSteps$$EnhancerByCGLIB$$d8541bfa.openManagementPage(<generated>)
	at com.virco.steps.CommonDefinitionSteps.openPage(CommonDefinitionSteps.java:22)
	at sun.reflect.NativeMethodAccessorImpl.invoke0(Native Method)
	at sun.reflect.NativeMethodAccessorImpl.invoke(NativeMethodAccessorImpl.java:62)
	at sun.reflect.DelegatingMethodAccessorImpl.invoke(DelegatingMethodAccessorImpl.java:43)
	at java.lang.reflect.Method.invoke(Method.java:498)
	at cucumber.runtime.Utils$1.call(Utils.java:40)
	at cucumber.runtime.Timeout.timeout(Timeout.java:16)
	at cucumber.runtime.Utils.invoke(Utils.java:34)
	at cucumber.runtime.java.JavaStepDefinition.execute(JavaStepDefinition.java:38)
	at cucumber.runtime.StepDefinitionMatch.runStep(StepDefinitionMatch.java:37)
	at cucumber.runtime.Runtime.runStep(Runtime.java:300)
	at cucumber.runtime.model.StepContainer.runStep(StepContainer.java:44)
	at cucumber.runtime.model.StepContainer.runSteps(StepContainer.java:39)
	at cucumber.runtime.model.CucumberScenario.run(CucumberScenario.java:44)
	at cucumber.runtime.junit.ExecutionUnitRunner.run(ExecutionUnitRunner.java:102)
	at cucumber.runtime.junit.FeatureRunner.runChild(FeatureRunner.java:63)
	at cucumber.runtime.junit.FeatureRunner.runChild(FeatureRunner.java:18)
	at org.junit.runners.ParentRunner$3.run(ParentRunner.java:290)
	at org.junit.runners.ParentRunner$1.schedule(ParentRunner.java:71)
	at org.junit.runners.ParentRunner.runChildren(ParentRunner.java:288)
	at org.junit.runners.ParentRunner.access$000(ParentRunner.java:58)
	at org.junit.runners.ParentRunner$2.evaluate(ParentRunner.java:268)
	at org.junit.runners.ParentRunner.run(ParentRunner.java:363)
	at cucumber.runtime.junit.FeatureRunner.run(FeatureRunner.java:70)
	at cucumber.api.junit.Cucumber.runChild(Cucumber.java:95)
	at cucumber.api.junit.Cucumber.runChild(Cucumber.java:38)
	at org.junit.runners.ParentRunner$3.run(ParentRunner.java:290)
	at org.junit.runners.ParentRunner$1.schedule(ParentRunner.java:71)
	at org.junit.runners.ParentRunner.runChildren(ParentRunner.java:288)
	at org.junit.runners.ParentRunner.access$000(ParentRunner.java:58)
	at org.junit.runners.ParentRunner$2.evaluate(ParentRunner.java:268)
	at org.junit.runners.ParentRunner.run(ParentRunner.java:363)
	at cucumber.api.junit.Cucumber.run(Cucumber.java:100)
	at org.apache.maven.surefire.junit4.JUnit4Provider.execute(JUnit4Provider.java:283)
	at org.apache.maven.surefire.junit4.JUnit4Provider.executeWithRerun(JUnit4Provider.java:173)
	at org.apache.maven.surefire.junit4.JUnit4Provider.executeTestSet(JUnit4Provider.java:153)
	at org.apache.maven.surefire.junit4.JUnit4Provider.invoke(JUnit4Provider.java:128)
	at org.apache.maven.surefire.booter.ForkedBooter.invokeProviderInSameClassLoader(ForkedBooter.java:203)
	at org.apache.maven.surefire.booter.ForkedBooter.runSuitesInProcess(ForkedBooter.java:155)
	at org.apache.maven.surefire.booter.ForkedBooter.main(ForkedBooter.java:103)
]]></error>
  </testcase>
  <testcase name="When login as &quot;cmsmanager&quot;" classname="Scenario: VIR-136.02 Verify that Content Admin can change the following Contact Us info" time="0">
    <skipped/>
    <system-err><![CDATA[[main] INFO net.serenitybdd.core.Serenity - STEP ERROR: java.lang.NoClassDefFoundError: Could not initialize class com.virco.locators.SiteData
[main] INFO net.serenitybdd.core.Serenity - STARTING STEP When login as "cmsmanager"
]]></system-err>
  </testcase>
  <testcase name="When select &quot;Staged&quot; content catalog" classname="Scenario: VIR-136.02 Verify that Content Admin can change the following Contact Us info" time="0">
    <skipped/>
    <system-err><![CDATA[[main] INFO net.serenitybdd.core.Serenity - IGNORING STEP
[main] INFO net.serenitybdd.core.Serenity - STARTING STEP When select "Staged" content catalog
]]></system-err>
  </testcase>
  <testcase name="When search for &quot;contactUs&quot; content" classname="Scenario: VIR-136.02 Verify that Content Admin can change the following Contact Us info" time="0">
    <skipped/>
    <system-err><![CDATA[[main] INFO net.serenitybdd.core.Serenity - IGNORING STEP
[main] INFO net.serenitybdd.core.Serenity - STARTING STEP When search for "contactUs" content
]]></system-err>
  </testcase>
  <testcase name="When double click on &quot;contactUs&quot; content page" classname="Scenario: VIR-136.02 Verify that Content Admin can change the following Contact Us info" time="0">
    <skipped/>
    <system-err><![CDATA[[main] INFO net.serenitybdd.core.Serenity - IGNORING STEP
[main] INFO net.serenitybdd.core.Serenity - STARTING STEP When double click on "contactUs" content page
]]></system-err>
  </testcase>
  <testcase name="When click on &quot;Edit&quot; button in &quot;Section2B&quot; slot" classname="Scenario: VIR-136.02 Verify that Content Admin can change the following Contact Us info" time="0">
    <skipped/>
    <system-err><![CDATA[[main] INFO net.serenitybdd.core.Serenity - IGNORING STEP
[main] INFO net.serenitybdd.core.Serenity - STARTING STEP When click on "Edit" button in "Section2B" slot
]]></system-err>
  </testcase>
  <testcase name="When enter &quot;ContactUsTest&quot; in content component editor" classname="Scenario: VIR-136.02 Verify that Content Admin can change the following Contact Us info" time="0">
    <skipped/>
    <system-err><![CDATA[[main] INFO net.serenitybdd.core.Serenity - IGNORING STEP
[main] INFO net.serenitybdd.core.Serenity - STARTING STEP When enter "ContactUsTest" in content component editor
]]></system-err>
  </testcase>
  <testcase name="When synchronize the product" classname="Scenario: VIR-136.02 Verify that Content Admin can change the following Contact Us info" time="0">
    <skipped/>
    <system-err><![CDATA[[main] INFO net.serenitybdd.core.Serenity - IGNORING STEP
[main] INFO net.serenitybdd.core.Serenity - STARTING STEP When synchronize the product
]]></system-err>
  </testcase>
  <testcase name="Then the action button title is &quot;Status: Synchronized&quot;" classname="Scenario: VIR-136.02 Verify that Content Admin can change the following Contact Us info" time="0">
    <skipped/>
    <system-err><![CDATA[[main] INFO net.serenitybdd.core.Serenity - IGNORING STEP
[main] INFO net.serenitybdd.core.Serenity - STARTING STEP Then the action button title is "Status: Synchronized"
]]></system-err>
  </testcase>
  <testcase name="Given open the site and login" classname="Scenario: VIR-136.03 Verify that the Contact Us info is updated accordingly on the site" time="0.001">
    <error message="Could not initialize class com.virco.locators.SiteData" type="net.serenitybdd.core.exceptions.SerenityManagedException"><![CDATA[net.serenitybdd.core.exceptions.SerenityManagedException: Could not initialize class com.virco.locators.SiteData
	at com.virco.steps.serenity.CommonUserSteps.openTheSite(CommonUserSteps.java:19)
	at com.virco.steps.serenity.CommonUserSteps$$EnhancerByCGLIB$$d8541bfa.CGLIB$openTheSite$6(<generated>)
	at com.virco.steps.serenity.CommonUserSteps$$EnhancerByCGLIB$$d8541bfa$$FastClassByCGLIB$$ea8e0f86.invoke(<generated>)
	at net.sf.cglib.proxy.MethodProxy.invokeSuper(MethodProxy.java:228)
	at net.thucydides.core.steps.StepInterceptor.invokeMethod(StepInterceptor.java:372)
	at net.thucydides.core.steps.StepInterceptor.executeTestStepMethod(StepInterceptor.java:357)
	at net.thucydides.core.steps.StepInterceptor.runTestStep(StepInterceptor.java:332)
	at net.thucydides.core.steps.StepInterceptor.testStepResult(StepInterceptor.java:134)
	at net.thucydides.core.steps.StepInterceptor.intercept(StepInterceptor.java:61)
	at com.virco.steps.serenity.CommonUserSteps$$EnhancerByCGLIB$$d8541bfa.openTheSite(<generated>)
	at com.virco.steps.CommonDefinitionSteps.openTheSiteAndLogin(CommonDefinitionSteps.java:72)
	at sun.reflect.GeneratedMethodAccessor143.invoke(Unknown Source)
	at sun.reflect.DelegatingMethodAccessorImpl.invoke(DelegatingMethodAccessorImpl.java:43)
	at java.lang.reflect.Method.invoke(Method.java:498)
	at cucumber.runtime.Utils$1.call(Utils.java:40)
	at cucumber.runtime.Timeout.timeout(Timeout.java:16)
	at cucumber.runtime.Utils.invoke(Utils.java:34)
	at cucumber.runtime.java.JavaStepDefinition.execute(JavaStepDefinition.java:38)
	at cucumber.runtime.StepDefinitionMatch.runStep(StepDefinitionMatch.java:37)
	at cucumber.runtime.Runtime.runStep(Runtime.java:300)
	at cucumber.runtime.model.StepContainer.runStep(StepContainer.java:44)
	at cucumber.runtime.model.StepContainer.runSteps(StepContainer.java:39)
	at cucumber.runtime.model.CucumberScenario.run(CucumberScenario.java:44)
	at cucumber.runtime.junit.ExecutionUnitRunner.run(ExecutionUnitRunner.java:102)
	at cucumber.runtime.junit.FeatureRunner.runChild(FeatureRunner.java:63)
	at cucumber.runtime.junit.FeatureRunner.runChild(FeatureRunner.java:18)
	at org.junit.runners.ParentRunner$3.run(ParentRunner.java:290)
	at org.junit.runners.ParentRunner$1.schedule(ParentRunner.java:71)
	at org.junit.runners.ParentRunner.runChildren(ParentRunner.java:288)
	at org.junit.runners.ParentRunner.access$000(ParentRunner.java:58)
	at org.junit.runners.ParentRunner$2.evaluate(ParentRunner.java:268)
	at org.junit.runners.ParentRunner.run(ParentRunner.java:363)
	at cucumber.runtime.junit.FeatureRunner.run(FeatureRunner.java:70)
	at cucumber.api.junit.Cucumber.runChild(Cucumber.java:95)
	at cucumber.api.junit.Cucumber.runChild(Cucumber.java:38)
	at org.junit.runners.ParentRunner$3.run(ParentRunner.java:290)
	at org.junit.runners.ParentRunner$1.schedule(ParentRunner.java:71)
	at org.junit.runners.ParentRunner.runChildren(ParentRunner.java:288)
	at org.junit.runners.ParentRunner.access$000(ParentRunner.java:58)
	at org.junit.runners.ParentRunner$2.evaluate(ParentRunner.java:268)
	at org.junit.runners.ParentRunner.run(ParentRunner.java:363)
	at cucumber.api.junit.Cucumber.run(Cucumber.java:100)
	at org.apache.maven.surefire.junit4.JUnit4Provider.execute(JUnit4Provider.java:283)
	at org.apache.maven.surefire.junit4.JUnit4Provider.executeWithRerun(JUnit4Provider.java:173)
	at org.apache.maven.surefire.junit4.JUnit4Provider.executeTestSet(JUnit4Provider.java:153)
	at org.apache.maven.surefire.junit4.JUnit4Provider.invoke(JUnit4Provider.java:128)
	at org.apache.maven.surefire.booter.ForkedBooter.invokeProviderInSameClassLoader(ForkedBooter.java:203)
	at org.apache.maven.surefire.booter.ForkedBooter.runSuitesInProcess(ForkedBooter.java:155)
	at org.apache.maven.surefire.booter.ForkedBooter.main(ForkedBooter.java:103)
]]></error>
    <system-err><![CDATA[[main] INFO net.serenitybdd.core.Serenity - IGNORING STEP
[main] ERROR net.serenitybdd.core.Serenity - 
           __  _____ _____ ____ _____   _____ _    ___ _     _____ ____  
  _       / / |_   _| ____/ ___|_   _| |  ___/ \  |_ _| |   | ____|  _ \ 
 (_)_____| |    | | |  _| \___ \ | |   | |_ / _ \  | || |   |  _| | | | |
  _|_____| |    | | | |___ ___) || |   |  _/ ___ \ | || |___| |___| |_| |
 (_)     | |    |_| |_____|____/ |_|   |_|/_/   \_\___|_____|_____|____/ 
          \_\                                                            

TEST FAILED WITH ERROR: VIR-136.02 Verify that Content Admin can change the following Contact Us info
---------------------------------------------------------------------
[main] ERROR net.serenitybdd.core.Serenity - TEST FAILED AT STEP Open management page: CMS
[main] ERROR net.serenitybdd.core.Serenity - Could not initialize class com.virco.locators.SiteData
[pool-1-thread-2] INFO net.thucydides.core.reports.json.JSONTestOutcomeReporter - Generating JSON report for VIR-128.01 Verify that the OOTB Hybris is configured to file /Users/rodionsavchuk/hybrisAutomation/virco-automatedtests/target/site/serenity/f9e291a91d7fb0708996a6c172c79994e2f3e3dc027f9c744e43835d2210c73e.json (using temp file /Users/rodionsavchuk/hybrisAutomation/virco-automatedtests/target/site/serenity/f9e291a91d7fb0708996a6c172c79994e2f3e3dc027f9c744e43835d2210c73e.jsone7138d63-f05a-4f5a-90c1-3bc7260f0475)
[pool-1-thread-3] INFO net.thucydides.core.reports.json.JSONTestOutcomeReporter - Generating JSON report for VIR-129.01 Verify that the content admin can add a rotating theme by using template to file /Users/rodionsavchuk/hybrisAutomation/virco-automatedtests/target/site/serenity/2baaeb277c29c1f85062130a60bafea2167a5c2dd87a93c69ad94698238c35ee.json (using temp file /Users/rodionsavchuk/hybrisAutomation/virco-automatedtests/target/site/serenity/2baaeb277c29c1f85062130a60bafea2167a5c2dd87a93c69ad94698238c35ee.json70c2f37b-5f69-4920-a933-5ebaba0b4d1b)
[pool-1-thread-1] INFO net.thucydides.core.reports.json.JSONTestOutcomeReporter - Generating JSON report for VIR-129.02 Verify that the content admin can promo message by using template to file /Users/rodionsavchuk/hybrisAutomation/virco-automatedtests/target/site/serenity/5c582eac1cc160864035d84f14577b2a4b307d178776baf5d94402a8f33a570b.json (using temp file /Users/rodionsavchuk/hybrisAutomation/virco-automatedtests/target/site/serenity/5c582eac1cc160864035d84f14577b2a4b307d178776baf5d94402a8f33a570b.jsonbb636f02-554d-4696-bb8a-fd84e9b193e9)
[pool-1-thread-4] INFO net.thucydides.core.reports.json.JSONTestOutcomeReporter - Generating JSON report for VIR-129.03 Verify that the content admin can add installation slot by using template to file /Users/rodionsavchuk/hybrisAutomation/virco-automatedtests/target/site/serenity/e2ad5898b62d8e77d283000b0832f5fb0d67d58608b2ea1e947bdb3eaa4f7f13.json (using temp file /Users/rodionsavchuk/hybrisAutomation/virco-automatedtests/target/site/serenity/e2ad5898b62d8e77d283000b0832f5fb0d67d58608b2ea1e947bdb3eaa4f7f13.json2fe4e0bd-9a4c-4e93-b8cc-ce0d325753de)
[pool-1-thread-3] INFO net.thucydides.core.reports.json.JSONTestOutcomeReporter - Generating JSON report for VIR-129.04 Verify that the content admin can add a product recommendation component on the page template by using template to file /Users/rodionsavchuk/hybrisAutomation/virco-automatedtests/target/site/serenity/2568cbeed2bdf1850ea694b2c61bf8c9430c3ac453a0d1b2f15e169595434015.json (using temp file /Users/rodionsavchuk/hybrisAutomation/virco-automatedtests/target/site/serenity/2568cbeed2bdf1850ea694b2c61bf8c9430c3ac453a0d1b2f15e169595434015.jsonb4f26f04-b746-4ef2-8009-ddd9dbc51b59)
[pool-1-thread-2] INFO net.thucydides.core.reports.json.JSONTestOutcomeReporter - Generating JSON report for VIR-129.05 Verify that the content admin can add a quick ship component on the template page to file /Users/rodionsavchuk/hybrisAutomation/virco-automatedtests/target/site/serenity/03a37ae243f19fd5e4074c51364f3accdea994f94fbe9bfc0888dbf6b3fcb296.json (using temp file /Users/rodionsavchuk/hybrisAutomation/virco-automatedtests/target/site/serenity/03a37ae243f19fd5e4074c51364f3accdea994f94fbe9bfc0888dbf6b3fcb296.jsonb5c8c0e4-c8f3-4236-9e91-6c018cfacd30)
[pool-1-thread-1] INFO net.thucydides.core.reports.json.JSONTestOutcomeReporter - Generating JSON report for VIR-129.06 Verify that the content admin can add a popular category on the template page to file /Users/rodionsavchuk/hybrisAutomation/virco-automatedtests/target/site/serenity/4cb24bf6eab810d97c001f653ce7ec4c2620e8ef80649c431bc47d31554e7dfa.json (using temp file /Users/rodionsavchuk/hybrisAutomation/virco-automatedtests/target/site/serenity/4cb24bf6eab810d97c001f653ce7ec4c2620e8ef80649c431bc47d31554e7dfa.jsonad63a709-b1d7-4b3a-888d-5effa121cf9d)
[pool-1-thread-2] INFO net.thucydides.core.reports.json.JSONTestOutcomeReporter - Generating JSON report for VIR-129.07 Verify that the content admin can add a product images component on the template page to file /Users/rodionsavchuk/hybrisAutomation/virco-automatedtests/target/site/serenity/b14d7ddd1213e2b3e327a1da59a5f30243e7b1413ece781e8217d0475b1d4ba5.json (using temp file /Users/rodionsavchuk/hybrisAutomation/virco-automatedtests/target/site/serenity/b14d7ddd1213e2b3e327a1da59a5f30243e7b1413ece781e8217d0475b1d4ba5.jsonb725d84c-c7d8-46a9-80f3-369892e5fb11)
[pool-1-thread-3] INFO net.thucydides.core.reports.json.JSONTestOutcomeReporter - Generating JSON report for VIR-129.08 Verify that the content admin can edit promo message/popular category. to file /Users/rodionsavchuk/hybrisAutomation/virco-automatedtests/target/site/serenity/0b72d581cee195fdedb17f43f946f9e8a6bd5762bb612b26fbaf09d9905941a0.json (using temp file /Users/rodionsavchuk/hybrisAutomation/virco-automatedtests/target/site/serenity/0b72d581cee195fdedb17f43f946f9e8a6bd5762bb612b26fbaf09d9905941a0.jsone96b2f79-c3d6-4b46-8f01-1863d8935386)
[pool-1-thread-1] INFO net.thucydides.core.reports.json.JSONTestOutcomeReporter - Generating JSON report for VIR-129.09 Verify that the content admin can delete promo message/popular category. to file /Users/rodionsavchuk/hybrisAutomation/virco-automatedtests/target/site/serenity/e3f11c0e315cea47d82b81aeec1d5d4ec6688676c143e6c8bd85b536ee39abf1.json (using temp file /Users/rodionsavchuk/hybrisAutomation/virco-automatedtests/target/site/serenity/e3f11c0e315cea47d82b81aeec1d5d4ec6688676c143e6c8bd85b536ee39abf1.json9312af13-b50b-46fc-8034-c404d8d50db3)
[pool-1-thread-2] INFO net.thucydides.core.reports.json.JSONTestOutcomeReporter - Generating JSON report for VIR-129.10 Verify that the site has a look, configured by content admin to file /Users/rodionsavchuk/hybrisAutomation/virco-automatedtests/target/site/serenity/100947bcc68d92490597dd6eed62bf55d5857e1335d30b52c2a0a2894d214fe7.json (using temp file /Users/rodionsavchuk/hybrisAutomation/virco-automatedtests/target/site/serenity/100947bcc68d92490597dd6eed62bf55d5857e1335d30b52c2a0a2894d214fe7.json75b050a8-d9d6-4f6b-bd42-c361e964977c)
[pool-1-thread-4] INFO net.thucydides.core.reports.json.JSONTestOutcomeReporter - Generating JSON report for VIR-166.02 Verify that the each Banner has Rotating Theme, promotional message and installation slots to file /Users/rodionsavchuk/hybrisAutomation/virco-automatedtests/target/site/serenity/0608016defba6ce482ab704a7f99aa4784d409932878aab3566e62c6acd4c3be.json (using temp file /Users/rodionsavchuk/hybrisAutomation/virco-automatedtests/target/site/serenity/0608016defba6ce482ab704a7f99aa4784d409932878aab3566e62c6acd4c3be.json09f4976c-6bc0-4ed5-9570-ffc23f865cea)
[pool-1-thread-1] INFO net.thucydides.core.reports.json.JSONTestOutcomeReporter - Generating JSON report for VIR-166.03 Verify that the changes applied to the home page on the WCMS are shown on the site to file /Users/rodionsavchuk/hybrisAutomation/virco-automatedtests/target/site/serenity/b9eb3619ad92be0ca6909f8288eb5393e840f6227de55c87423f32dd621971c6.json (using temp file /Users/rodionsavchuk/hybrisAutomation/virco-automatedtests/target/site/serenity/b9eb3619ad92be0ca6909f8288eb5393e840f6227de55c87423f32dd621971c6.jsonb4ee9ec7-26f0-4944-b192-b3f9b002208f)
[pool-1-thread-3] INFO net.thucydides.core.reports.json.JSONTestOutcomeReporter - Generating JSON report for VIR-166.01 Verify the rotating carousel is added on the home page to file /Users/rodionsavchuk/hybrisAutomation/virco-automatedtests/target/site/serenity/41045224dd55f49d371e9fd4a455c28d0acc2a203f1c37c0d89de600b26d38ef.json (using temp file /Users/rodionsavchuk/hybrisAutomation/virco-automatedtests/target/site/serenity/41045224dd55f49d371e9fd4a455c28d0acc2a203f1c37c0d89de600b26d38ef.jsond804cca9-9970-416a-bed0-eaf19a3dcc9d)
[pool-1-thread-2] INFO net.thucydides.core.reports.json.JSONTestOutcomeReporter - Generating JSON report for VIR-166.04 Verify changes on the site to file /Users/rodionsavchuk/hybrisAutomation/virco-automatedtests/target/site/serenity/5f43c632221e66e649cb566b95c8c39021872b2cfde3c52fd524b9428955bf6f.json (using temp file /Users/rodionsavchuk/hybrisAutomation/virco-automatedtests/target/site/serenity/5f43c632221e66e649cb566b95c8c39021872b2cfde3c52fd524b9428955bf6f.jsonf80b1a2f-ac8e-44ae-a66c-693525f3aa3d)
[pool-1-thread-3] INFO net.thucydides.core.reports.json.JSONTestOutcomeReporter - Generating JSON report for VIR-166.04 Verify installation slot to file /Users/rodionsavchuk/hybrisAutomation/virco-automatedtests/target/site/serenity/edcb380d350a80cdf46587ae5741ec066978cdd8e0c97472caf730194b651304.json (using temp file /Users/rodionsavchuk/hybrisAutomation/virco-automatedtests/target/site/serenity/edcb380d350a80cdf46587ae5741ec066978cdd8e0c97472caf730194b651304.json19068d18-9fc9-41c6-910a-8fb358fb8c68)
[pool-1-thread-1] INFO net.thucydides.core.reports.json.JSONTestOutcomeReporter - Generating JSON report for VIR-166.06 Return changes for carousel to file /Users/rodionsavchuk/hybrisAutomation/virco-automatedtests/target/site/serenity/666f9c30485604a0d8f915e21943e7e88d01015ce9092eafebcdb74a2aa69881.json (using temp file /Users/rodionsavchuk/hybrisAutomation/virco-automatedtests/target/site/serenity/666f9c30485604a0d8f915e21943e7e88d01015ce9092eafebcdb74a2aa69881.json4c4d6d1d-1443-4025-9f3f-659d666aa147)
[pool-1-thread-4] INFO net.thucydides.core.reports.json.JSONTestOutcomeReporter - Generating JSON report for VIR-130.01 Verify that the content Admin can add new banner to file /Users/rodionsavchuk/hybrisAutomation/virco-automatedtests/target/site/serenity/bb79537bca7a8b871c5b64cd1153742bc23c54e46592c06f822f87770b2e8b8a.json (using temp file /Users/rodionsavchuk/hybrisAutomation/virco-automatedtests/target/site/serenity/bb79537bca7a8b871c5b64cd1153742bc23c54e46592c06f822f87770b2e8b8a.json055ab69d-a2d2-4f21-9bd6-8b3f31a8b48c)
[pool-1-thread-1] INFO net.thucydides.core.reports.json.JSONTestOutcomeReporter - Generating JSON report for VIR-130.04 Verify that the site has a look, configured by content admin to file /Users/rodionsavchuk/hybrisAutomation/virco-automatedtests/target/site/serenity/095ee6a7aed460c2ab7447a892b708f667ca6eb3d2b246703cb79d76aaa66edd.json (using temp file /Users/rodionsavchuk/hybrisAutomation/virco-automatedtests/target/site/serenity/095ee6a7aed460c2ab7447a892b708f667ca6eb3d2b246703cb79d76aaa66edd.json9da9830a-d61e-4f6e-b0ae-c171831623b3)
[pool-1-thread-3] INFO net.thucydides.core.reports.json.JSONTestOutcomeReporter - Generating JSON report for VIR-130.02 Verify that the content admin can edit the banner to file /Users/rodionsavchuk/hybrisAutomation/virco-automatedtests/target/site/serenity/8473ae2e239acb5c9594f6482f5f79bb4500c946dd2d245bf5d2caa427a8a26f.json (using temp file /Users/rodionsavchuk/hybrisAutomation/virco-automatedtests/target/site/serenity/8473ae2e239acb5c9594f6482f5f79bb4500c946dd2d245bf5d2caa427a8a26f.jsonb849e72f-1323-4ae8-a66b-e6f316cbf4be)
[pool-1-thread-2] INFO net.thucydides.core.reports.json.JSONTestOutcomeReporter - Generating JSON report for VIR-130.03 Verify that the content admin can delete the banner to file /Users/rodionsavchuk/hybrisAutomation/virco-automatedtests/target/site/serenity/b41d3443e6a4853ebf7ef1692db7b2b9a12b9d62f5b7166287c8c85636ccdf3f.json (using temp file /Users/rodionsavchuk/hybrisAutomation/virco-automatedtests/target/site/serenity/b41d3443e6a4853ebf7ef1692db7b2b9a12b9d62f5b7166287c8c85636ccdf3f.jsona337cfc9-f1bf-424c-bfa5-23a6a08c8717)
[pool-1-thread-2] INFO net.thucydides.core.reports.json.JSONTestOutcomeReporter - Generating JSON report for VIR-131.02 Verify that the content Admin can delete terms, security and compliance to file /Users/rodionsavchuk/hybrisAutomation/virco-automatedtests/target/site/serenity/ceb7302073899bbe72c923c378b3dfb15f405875b937887a17bf4cff9988ce11.json (using temp file /Users/rodionsavchuk/hybrisAutomation/virco-automatedtests/target/site/serenity/ceb7302073899bbe72c923c378b3dfb15f405875b937887a17bf4cff9988ce11.jsonc80b0ae5-e440-4333-a67b-197cfdac001a)
[pool-1-thread-1] INFO net.thucydides.core.reports.json.JSONTestOutcomeReporter - Generating JSON report for VIR-375.01 Unable to open the "Verisign terms and policy" page except through the Contact Us page to file /Users/rodionsavchuk/hybrisAutomation/virco-automatedtests/target/site/serenity/3d31ca4ca17ccedf663fa492c24dc92f29157766fcfb628ecd61645c9255a53a.json (using temp file /Users/rodionsavchuk/hybrisAutomation/virco-automatedtests/target/site/serenity/3d31ca4ca17ccedf663fa492c24dc92f29157766fcfb628ecd61645c9255a53a.json45bae4c6-9312-4305-b554-47830d227b94)
[pool-1-thread-3] INFO net.thucydides.core.reports.json.JSONTestOutcomeReporter - Generating JSON report for VIR-131.03 Verify that the content Admin can add terms, security and compliance to file /Users/rodionsavchuk/hybrisAutomation/virco-automatedtests/target/site/serenity/afbc2d2c12a820e7bd8ff57fd665dcbf835c82e12b10214fa792d713e6b209c6.json (using temp file /Users/rodionsavchuk/hybrisAutomation/virco-automatedtests/target/site/serenity/afbc2d2c12a820e7bd8ff57fd665dcbf835c82e12b10214fa792d713e6b209c6.json1495e31a-c194-47c2-ae38-bfd62c2bd153)
[pool-1-thread-1] INFO net.thucydides.core.reports.json.JSONTestOutcomeReporter - Generating JSON report for VIR-131.04 Verify that the content Admin can edit terms, security and compliance to file /Users/rodionsavchuk/hybrisAutomation/virco-automatedtests/target/site/serenity/11123f2712ee38abf08a7255e58490510ce459b677c6317a48c1c5a02bad5899.json (using temp file /Users/rodionsavchuk/hybrisAutomation/virco-automatedtests/target/site/serenity/11123f2712ee38abf08a7255e58490510ce459b677c6317a48c1c5a02bad5899.json8785a2ba-ad07-461e-bdff-7a547f44cd63)
[pool-1-thread-4] INFO net.thucydides.core.reports.json.JSONTestOutcomeReporter - Generating JSON report for VIR-131.05 Return changes to file /Users/rodionsavchuk/hybrisAutomation/virco-automatedtests/target/site/serenity/481bc60c8e1753c36167a06d3e94715ec6bdb3bc0fa2de75bc3b701c703a0740.json (using temp file /Users/rodionsavchuk/hybrisAutomation/virco-automatedtests/target/site/serenity/481bc60c8e1753c36167a06d3e94715ec6bdb3bc0fa2de75bc3b701c703a0740.jsonfd4d32d6-4b04-4107-b0d1-7ae978913953)
[pool-1-thread-3] INFO net.thucydides.core.reports.json.JSONTestOutcomeReporter - Generating JSON report for VIR-132.01 Verify that the content admin can add restriction for the desired customizations. to file /Users/rodionsavchuk/hybrisAutomation/virco-automatedtests/target/site/serenity/012fbd4c99dbed94980068932c3b9900aa40fcbd0f147abb3c9b18198ccfee2c.json (using temp file /Users/rodionsavchuk/hybrisAutomation/virco-automatedtests/target/site/serenity/012fbd4c99dbed94980068932c3b9900aa40fcbd0f147abb3c9b18198ccfee2c.jsoned8b6541-346e-4735-bcca-c150fb77a0cf)
[pool-1-thread-1] INFO net.thucydides.core.reports.json.JSONTestOutcomeReporter - Generating JSON report for VIR-132.02 Verify that the content admin can edit restriction for the desired customizations. to file /Users/rodionsavchuk/hybrisAutomation/virco-automatedtests/target/site/serenity/21c25b56faab758e879fe49e985016e5e5212c7b9214f355a35317a785ad4edd.json (using temp file /Users/rodionsavchuk/hybrisAutomation/virco-automatedtests/target/site/serenity/21c25b56faab758e879fe49e985016e5e5212c7b9214f355a35317a785ad4edd.json55985dfd-28b5-458e-a48d-11b170d43225)
[pool-1-thread-2] INFO net.thucydides.core.reports.json.JSONTestOutcomeReporter - Generating JSON report for VIR-132.03 Verify that the content admin can delete restriction for the desired customizations. to file /Users/rodionsavchuk/hybrisAutomation/virco-automatedtests/target/site/serenity/f6bd8472778e2535a4b9144aa99d3240dacf17fdc0647b30ce75c3b787f53d15.json (using temp file /Users/rodionsavchuk/hybrisAutomation/virco-automatedtests/target/site/serenity/f6bd8472778e2535a4b9144aa99d3240dacf17fdc0647b30ce75c3b787f53d15.jsone1bcc688-8a86-4294-94fa-b89351a9cd58)
[pool-1-thread-3] INFO net.thucydides.core.reports.json.JSONTestOutcomeReporter - Generating JSON report for VIR-132.04 Verify that the restrictions can be added to the following to file /Users/rodionsavchuk/hybrisAutomation/virco-automatedtests/target/site/serenity/bb312434987ad8333f1a82d90084aa3d1109fed7e9f40f25770d63e0cb749be9.json (using temp file /Users/rodionsavchuk/hybrisAutomation/virco-automatedtests/target/site/serenity/bb312434987ad8333f1a82d90084aa3d1109fed7e9f40f25770d63e0cb749be9.jsond1d548de-0739-4e6d-8cca-0a2c95430f4c)
[pool-1-thread-2] INFO net.thucydides.core.reports.json.JSONTestOutcomeReporter - Generating JSON report for VIR-133.01 Verify that the content admin can delete the banner, title and categories through the WCMS to file /Users/rodionsavchuk/hybrisAutomation/virco-automatedtests/target/site/serenity/d10c471b31104c36cff5887c55a7bc150eababcb1937fa5a395a48f11580da2f.json (using temp file /Users/rodionsavchuk/hybrisAutomation/virco-automatedtests/target/site/serenity/d10c471b31104c36cff5887c55a7bc150eababcb1937fa5a395a48f11580da2f.jsonffda51af-1713-4d0d-ad9d-fa2129e68069)
[pool-1-thread-4] INFO net.thucydides.core.reports.json.JSONTestOutcomeReporter - Generating JSON report for VIR-133.02 Verify that the content admin can add the banner, title and categories through the WCMS to file /Users/rodionsavchuk/hybrisAutomation/virco-automatedtests/target/site/serenity/3bb00edc8b11547b9ac39ca5a5696c45f1e0d290628ccd73684e0832986f1e71.json (using temp file /Users/rodionsavchuk/hybrisAutomation/virco-automatedtests/target/site/serenity/3bb00edc8b11547b9ac39ca5a5696c45f1e0d290628ccd73684e0832986f1e71.json469ffe42-47b9-4bcd-afb5-cbe5d632f8c4)
[pool-1-thread-1] INFO net.thucydides.core.reports.json.JSONTestOutcomeReporter - Generating JSON report for VIR-133.03 Verify that the content admin can edit the banner, title and categories through the WCMS to file /Users/rodionsavchuk/hybrisAutomation/virco-automatedtests/target/site/serenity/bf784fb294e81a8a6ed3e34f569b9b326b48ffb8cfb4166224a8840cbf362e21.json (using temp file /Users/rodionsavchuk/hybrisAutomation/virco-automatedtests/target/site/serenity/bf784fb294e81a8a6ed3e34f569b9b326b48ffb8cfb4166224a8840cbf362e21.json1427d837-0469-4b04-9012-df6154d5b68f)
[pool-1-thread-4] INFO net.thucydides.core.reports.json.JSONTestOutcomeReporter - Generating JSON report for VIR-133.04 Verify that the Banner is shown to the shopper on the home page to file /Users/rodionsavchuk/hybrisAutomation/virco-automatedtests/target/site/serenity/4c2884489ffe2042fbe11e4563b220cac104e5129e32868a3f1d6600011e076b.json (using temp file /Users/rodionsavchuk/hybrisAutomation/virco-automatedtests/target/site/serenity/4c2884489ffe2042fbe11e4563b220cac104e5129e32868a3f1d6600011e076b.json6ca5e365-08be-4009-aa33-323762e9570e)
[pool-1-thread-1] INFO net.thucydides.core.reports.json.JSONTestOutcomeReporter - Generating JSON report for VIR-133.05 Verify that the text is overlaid on the banner to file /Users/rodionsavchuk/hybrisAutomation/virco-automatedtests/target/site/serenity/bf1a934735e5d669eada1b870d663ecb425f20e68617bfb53654f05d12656a5f.json (using temp file /Users/rodionsavchuk/hybrisAutomation/virco-automatedtests/target/site/serenity/bf1a934735e5d669eada1b870d663ecb425f20e68617bfb53654f05d12656a5f.json7796c8c9-b5b8-44ef-912c-140bae50ffcf)
[pool-1-thread-3] INFO net.thucydides.core.reports.json.JSONTestOutcomeReporter - Generating JSON report for VIR-133.06 Verify that the Page title "Products by Category" is shown to the shopper to file /Users/rodionsavchuk/hybrisAutomation/virco-automatedtests/target/site/serenity/e3d83e5f621b42696d81ce997061a34362f9a4bb6639aa90f2db1d4db4b51d64.json (using temp file /Users/rodionsavchuk/hybrisAutomation/virco-automatedtests/target/site/serenity/e3d83e5f621b42696d81ce997061a34362f9a4bb6639aa90f2db1d4db4b51d64.json7e24c7bd-14c8-48c4-b73e-203f57acdd6b)
[pool-1-thread-4] INFO net.thucydides.core.reports.json.JSONTestOutcomeReporter - Generating JSON report for VIR-133.07 Verify that the following page categories are shown to file /Users/rodionsavchuk/hybrisAutomation/virco-automatedtests/target/site/serenity/1d12cdceb7058d9417a7bb7107783782f643d4ed988f36376903b230848c1f01.json (using temp file /Users/rodionsavchuk/hybrisAutomation/virco-automatedtests/target/site/serenity/1d12cdceb7058d9417a7bb7107783782f643d4ed988f36376903b230848c1f01.json2158bcaa-59d1-412c-be22-2e929c62f1d7)
[pool-1-thread-4] INFO net.thucydides.core.reports.json.JSONTestOutcomeReporter - Generating JSON report for VIR-134.01 Verify that the content admin can create quick links to file /Users/rodionsavchuk/hybrisAutomation/virco-automatedtests/target/site/serenity/40d81346ba58c0f71fcf613db8a0a63c8ecb26e1fd4aaa8d151a703d15657b0e.json (using temp file /Users/rodionsavchuk/hybrisAutomation/virco-automatedtests/target/site/serenity/40d81346ba58c0f71fcf613db8a0a63c8ecb26e1fd4aaa8d151a703d15657b0e.json6dab2121-03ba-4f90-8a28-5882213a5e64)
[pool-1-thread-3] INFO net.thucydides.core.reports.json.JSONTestOutcomeReporter - Generating JSON report for VIR-134.04 Verify that the following quick links are on the site to file /Users/rodionsavchuk/hybrisAutomation/virco-automatedtests/target/site/serenity/58e0a8ef376111f4675fa1030f00d436b8d6a2832054b645999dc268d4b4012c.json (using temp file /Users/rodionsavchuk/hybrisAutomation/virco-automatedtests/target/site/serenity/58e0a8ef376111f4675fa1030f00d436b8d6a2832054b645999dc268d4b4012c.json77dbedb5-59cb-4905-b00b-bc6f7ce5896f)
[pool-1-thread-2] INFO net.thucydides.core.reports.json.JSONTestOutcomeReporter - Generating JSON report for VIR-134.02 Verify that the content admin can edit quick links to file /Users/rodionsavchuk/hybrisAutomation/virco-automatedtests/target/site/serenity/41734951e0ed56f455a46612ce22533ae97fded928f274893c4007976da87481.json (using temp file /Users/rodionsavchuk/hybrisAutomation/virco-automatedtests/target/site/serenity/41734951e0ed56f455a46612ce22533ae97fded928f274893c4007976da87481.jsonae2cf909-66aa-4056-84a9-af40a5c06deb)
[pool-1-thread-4] INFO net.thucydides.core.reports.json.JSONTestOutcomeReporter - Generating JSON report for VIR-134.03 Verify that the content admin can delete quick links to file /Users/rodionsavchuk/hybrisAutomation/virco-automatedtests/target/site/serenity/e1618d2dbdbd929514ab60461040a335e53fc3975e4d58436fa87a8251365ba9.json (using temp file /Users/rodionsavchuk/hybrisAutomation/virco-automatedtests/target/site/serenity/e1618d2dbdbd929514ab60461040a335e53fc3975e4d58436fa87a8251365ba9.jsone2e37b25-ba2c-4983-b360-e24c26b21714)
[pool-1-thread-4] INFO net.thucydides.core.reports.json.JSONTestOutcomeReporter - Generating JSON report for VIR-135.01 Verify that the Ordering Information page is opened after click on its link in footer to file /Users/rodionsavchuk/hybrisAutomation/virco-automatedtests/target/site/serenity/fe76c656848baf193220d07591a15ba921e649f837da4d5f226eb2f9ac003e5c.json (using temp file /Users/rodionsavchuk/hybrisAutomation/virco-automatedtests/target/site/serenity/fe76c656848baf193220d07591a15ba921e649f837da4d5f226eb2f9ac003e5c.json6da221e1-f6d8-4009-bbe9-c4ca67986c21)
[pool-1-thread-1] INFO net.thucydides.core.reports.json.JSONTestOutcomeReporter - Generating JSON report for VIR-135.02 Verify that the content admin can delete the content pages to file /Users/rodionsavchuk/hybrisAutomation/virco-automatedtests/target/site/serenity/5533f47726ef60c7255b243fb3be58293db2609f695eaae058c94f3666f174ad.json (using temp file /Users/rodionsavchuk/hybrisAutomation/virco-automatedtests/target/site/serenity/5533f47726ef60c7255b243fb3be58293db2609f695eaae058c94f3666f174ad.jsonce27b2d4-224e-404e-b528-70ef6b819b1a)
[pool-1-thread-4] INFO net.thucydides.core.reports.json.JSONTestOutcomeReporter - Generating JSON report for VIR-135.03 Verify that the content admin can add content pages to file /Users/rodionsavchuk/hybrisAutomation/virco-automatedtests/target/site/serenity/19f3109b1b55611ab680e27660e62d6759a92a3ed1a61ff3b5490abbe9a15fb1.json (using temp file /Users/rodionsavchuk/hybrisAutomation/virco-automatedtests/target/site/serenity/19f3109b1b55611ab680e27660e62d6759a92a3ed1a61ff3b5490abbe9a15fb1.jsoncd6aba54-495c-48ac-a9c0-7e4c584a167f)
[pool-1-thread-2] INFO net.thucydides.core.reports.json.JSONTestOutcomeReporter - Generating JSON report for VIR-135.04 Verify that the content admin can edit content pages to file /Users/rodionsavchuk/hybrisAutomation/virco-automatedtests/target/site/serenity/e513b291e44a0a2ba0a88a4710180b0f2ee877cc19b00c235ea0338012705155.json (using temp file /Users/rodionsavchuk/hybrisAutomation/virco-automatedtests/target/site/serenity/e513b291e44a0a2ba0a88a4710180b0f2ee877cc19b00c235ea0338012705155.json0a7dcc6d-2db4-4a0f-b9a7-0fc5b164fbef)
[pool-1-thread-4] INFO net.thucydides.core.reports.json.JSONTestOutcomeReporter - Generating JSON report for VIR-135.05 Verify that the content admin can manage where the page is shown to file /Users/rodionsavchuk/hybrisAutomation/virco-automatedtests/target/site/serenity/81f0615596311e9fe020a479de07e4aa75b91eb2264a4f269747556a7be8ef04.json (using temp file /Users/rodionsavchuk/hybrisAutomation/virco-automatedtests/target/site/serenity/81f0615596311e9fe020a479de07e4aa75b91eb2264a4f269747556a7be8ef04.jsonf5fe9526-dcbf-43a8-8638-fd297b6b8b11)
[pool-1-thread-2] INFO net.thucydides.core.reports.json.JSONTestOutcomeReporter - Generating JSON report for VIR-135.06 Return changes for Ordering Information to file /Users/rodionsavchuk/hybrisAutomation/virco-automatedtests/target/site/serenity/911e4b432e12828f925fca72dbe6d9d0990b1c021e68a1773518a53cc2cd54fc.json (using temp file /Users/rodionsavchuk/hybrisAutomation/virco-automatedtests/target/site/serenity/911e4b432e12828f925fca72dbe6d9d0990b1c021e68a1773518a53cc2cd54fc.jsone4ed3a06-8818-405b-bbb0-46d92389e898)
[pool-1-thread-4] INFO net.thucydides.core.reports.json.JSONTestOutcomeReporter - Generating JSON report for VIR-136.01 Verify that the Contact Us info is correct to file /Users/rodionsavchuk/hybrisAutomation/virco-automatedtests/target/site/serenity/189f1aa2aa4fc6b820e5ff656100737d3325164ee98cbf91b3c5a5eb7eb97424.json (using temp file /Users/rodionsavchuk/hybrisAutomation/virco-automatedtests/target/site/serenity/189f1aa2aa4fc6b820e5ff656100737d3325164ee98cbf91b3c5a5eb7eb97424.jsonf28bd458-94cc-49b4-b3ba-4959a2556a9d)
[pool-1-thread-2] INFO net.thucydides.core.reports.json.JSONTestOutcomeReporter - Generating JSON report for VIR-136.02 Verify that Content Admin can change the following Contact Us info to file /Users/rodionsavchuk/hybrisAutomation/virco-automatedtests/target/site/serenity/c603b071b611a79f0ff50bd4d36b54cff1fa482be7f0f19b9ffbf4679235ffd7.json (using temp file /Users/rodionsavchuk/hybrisAutomation/virco-automatedtests/target/site/serenity/c603b071b611a79f0ff50bd4d36b54cff1fa482be7f0f19b9ffbf4679235ffd7.jsondcecf3f4-8407-4765-ba34-5dc7b09b431e)
[pool-1-thread-4] INFO net.thucydides.core.reports.html.HtmlAcceptanceTestReporter - GENERATING HTML REPORT FOR CNT-1 - WCMS Site Maintenance:VIR-128.01 Verify that the OOTB Hybris is configured in f9e291a91d7fb0708996a6c172c79994e2f3e3dc027f9c744e43835d2210c73e.html in directory target/site/serenity  
[pool-1-thread-4] INFO net.thucydides.core.reports.html.HtmlAcceptanceTestReporter - GENERATING HTML REPORT FOR CNT-2 - Component Maintenance:VIR-129.03 Verify that the content admin can add installation slot by using template in e2ad5898b62d8e77d283000b0832f5fb0d67d58608b2ea1e947bdb3eaa4f7f13.html in directory target/site/serenity  
[pool-1-thread-3] INFO net.thucydides.core.reports.html.HtmlAcceptanceTestReporter - GENERATING HTML REPORT FOR CNT-2 - Component Maintenance:VIR-129.01 Verify that the content admin can add a rotating theme by using template in 2baaeb277c29c1f85062130a60bafea2167a5c2dd87a93c69ad94698238c35ee.html in directory target/site/serenity  
[pool-1-thread-1] INFO net.thucydides.core.reports.html.HtmlAcceptanceTestReporter - GENERATING HTML REPORT FOR CNT-2 - Component Maintenance:VIR-129.02 Verify that the content admin can promo message by using template in 5c582eac1cc160864035d84f14577b2a4b307d178776baf5d94402a8f33a570b.html in directory target/site/serenity  
[pool-1-thread-4] INFO net.thucydides.core.reports.html.HtmlAcceptanceTestReporter - GENERATING HTML REPORT FOR CNT-2 - Component Maintenance:VIR-129.05 Verify that the content admin can add a quick ship component on the template page in 03a37ae243f19fd5e4074c51364f3accdea994f94fbe9bfc0888dbf6b3fcb296.html in directory target/site/serenity  
[pool-1-thread-2] INFO net.thucydides.core.reports.html.HtmlAcceptanceTestReporter - GENERATING HTML REPORT FOR CNT-2 - Component Maintenance:VIR-129.04 Verify that the content admin can add a product recommendation component on the page template by using template in 2568cbeed2bdf1850ea694b2c61bf8c9430c3ac453a0d1b2f15e169595434015.html in directory target/site/serenity  
[pool-1-thread-4] INFO net.thucydides.core.reports.html.HtmlAcceptanceTestReporter - GENERATING HTML REPORT FOR CNT-2 - Component Maintenance:VIR-129.07 Verify that the content admin can add a product images component on the template page in b14d7ddd1213e2b3e327a1da59a5f30243e7b1413ece781e8217d0475b1d4ba5.html in directory target/site/serenity  
[pool-1-thread-3] INFO net.thucydides.core.reports.html.HtmlAcceptanceTestReporter - GENERATING HTML REPORT FOR CNT-2 - Component Maintenance:VIR-129.06 Verify that the content admin can add a popular category on the template page in 4cb24bf6eab810d97c001f653ce7ec4c2620e8ef80649c431bc47d31554e7dfa.html in directory target/site/serenity  
[pool-1-thread-1] INFO net.thucydides.core.reports.html.HtmlAcceptanceTestReporter - GENERATING HTML REPORT FOR CNT-2 - Component Maintenance:VIR-129.08 Verify that the content admin can edit promo message/popular category. in 0b72d581cee195fdedb17f43f946f9e8a6bd5762bb612b26fbaf09d9905941a0.html in directory target/site/serenity  
[pool-1-thread-2] INFO net.thucydides.core.reports.html.HtmlAcceptanceTestReporter - GENERATING HTML REPORT FOR CNT-2 - Component Maintenance:VIR-129.09 Verify that the content admin can delete promo message/popular category. in e3f11c0e315cea47d82b81aeec1d5d4ec6688676c143e6c8bd85b536ee39abf1.html in directory target/site/serenity  
[pool-1-thread-4] INFO net.thucydides.core.reports.html.HtmlAcceptanceTestReporter - GENERATING HTML REPORT FOR CNT-2 - Component Maintenance:VIR-129.10 Verify that the site has a look, configured by content admin in 100947bcc68d92490597dd6eed62bf55d5857e1335d30b52c2a0a2894d214fe7.html in directory target/site/serenity  
[pool-1-thread-1] INFO net.thucydides.core.reports.html.HtmlAcceptanceTestReporter - GENERATING HTML REPORT FOR CNT-2 - Component Maintenance:VIR-166.01 Verify the rotating carousel is added on the home page in 41045224dd55f49d371e9fd4a455c28d0acc2a203f1c37c0d89de600b26d38ef.html in directory target/site/serenity  
[pool-1-thread-4] INFO net.thucydides.core.reports.html.HtmlAcceptanceTestReporter - GENERATING HTML REPORT FOR CNT-2 - Component Maintenance:VIR-166.04 Verify changes on the site in 5f43c632221e66e649cb566b95c8c39021872b2cfde3c52fd524b9428955bf6f.html in directory target/site/serenity  
[pool-1-thread-2] INFO net.thucydides.core.reports.html.HtmlAcceptanceTestReporter - GENERATING HTML REPORT FOR CNT-2 - Component Maintenance:VIR-166.03 Verify that the changes applied to the home page on the WCMS are shown on the site in b9eb3619ad92be0ca6909f8288eb5393e840f6227de55c87423f32dd621971c6.html in directory target/site/serenity  
[pool-1-thread-3] INFO net.thucydides.core.reports.html.HtmlAcceptanceTestReporter - GENERATING HTML REPORT FOR CNT-2 - Component Maintenance:VIR-166.02 Verify that the each Banner has Rotating Theme, promotional message and installation slots in 0608016defba6ce482ab704a7f99aa4784d409932878aab3566e62c6acd4c3be.html in directory target/site/serenity  
[pool-1-thread-1] INFO net.thucydides.core.reports.html.HtmlAcceptanceTestReporter - GENERATING HTML REPORT FOR CNT-2 - Component Maintenance:VIR-166.04 Verify installation slot in edcb380d350a80cdf46587ae5741ec066978cdd8e0c97472caf730194b651304.html in directory target/site/serenity  
[pool-1-thread-4] INFO net.thucydides.core.reports.html.HtmlAcceptanceTestReporter - GENERATING HTML REPORT FOR CNT-2 - Component Maintenance:VIR-166.06 Return changes for carousel in 666f9c30485604a0d8f915e21943e7e88d01015ce9092eafebcdb74a2aa69881.html in directory target/site/serenity  
[pool-1-thread-1] INFO net.thucydides.core.reports.html.HtmlAcceptanceTestReporter - GENERATING HTML REPORT FOR CNT-3 - Banners:VIR-130.02 Verify that the content admin can edit the banner in 8473ae2e239acb5c9594f6482f5f79bb4500c946dd2d245bf5d2caa427a8a26f.html in directory target/site/serenity  
[pool-1-thread-3] INFO net.thucydides.core.reports.html.HtmlAcceptanceTestReporter - GENERATING HTML REPORT FOR CNT-3 - Banners:VIR-130.01 Verify that the content Admin can add new banner in bb79537bca7a8b871c5b64cd1153742bc23c54e46592c06f822f87770b2e8b8a.html in directory target/site/serenity  
[pool-1-thread-4] INFO net.thucydides.core.reports.html.HtmlAcceptanceTestReporter - GENERATING HTML REPORT FOR CNT-3 - Banners:VIR-130.03 Verify that the content admin can delete the banner in b41d3443e6a4853ebf7ef1692db7b2b9a12b9d62f5b7166287c8c85636ccdf3f.html in directory target/site/serenity  
[pool-1-thread-3] INFO net.thucydides.core.reports.html.HtmlAcceptanceTestReporter - GENERATING HTML REPORT FOR CNT-4 - Security Compliance:VIR-375.01 Unable to open the "Verisign terms and policy" page except through the Contact Us page in 3d31ca4ca17ccedf663fa492c24dc92f29157766fcfb628ecd61645c9255a53a.html in directory target/site/serenity  
[pool-1-thread-4] INFO net.thucydides.core.reports.html.HtmlAcceptanceTestReporter - GENERATING HTML REPORT FOR CNT-4 - Security Compliance:VIR-131.02 Verify that the content Admin can delete terms, security and compliance in ceb7302073899bbe72c923c378b3dfb15f405875b937887a17bf4cff9988ce11.html in directory target/site/serenity  
[pool-1-thread-2] INFO net.thucydides.core.reports.html.HtmlAcceptanceTestReporter - GENERATING HTML REPORT FOR CNT-4 - Security Compliance:VIR-131.03 Verify that the content Admin can add terms, security and compliance in afbc2d2c12a820e7bd8ff57fd665dcbf835c82e12b10214fa792d713e6b209c6.html in directory target/site/serenity  
[pool-1-thread-3] INFO net.thucydides.core.reports.html.HtmlAcceptanceTestReporter - GENERATING HTML REPORT FOR CNT-4 - Security Compliance:VIR-131.04 Verify that the content Admin can edit terms, security and compliance in 11123f2712ee38abf08a7255e58490510ce459b677c6317a48c1c5a02bad5899.html in directory target/site/serenity  
[pool-1-thread-2] INFO net.thucydides.core.reports.html.HtmlAcceptanceTestReporter - GENERATING HTML REPORT FOR CNT-4 - Security Compliance:VIR-131.05 Return changes in 481bc60c8e1753c36167a06d3e94715ec6bdb3bc0fa2de75bc3b701c703a0740.html in directory target/site/serenity  
[pool-1-thread-3] INFO net.thucydides.core.reports.html.HtmlAcceptanceTestReporter - GENERATING HTML REPORT FOR CNT-5 - Brand Management:VIR-132.01 Verify that the content admin can add restriction for the desired customizations. in 012fbd4c99dbed94980068932c3b9900aa40fcbd0f147abb3c9b18198ccfee2c.html in directory target/site/serenity  
[pool-1-thread-1] INFO net.thucydides.core.reports.html.HtmlAcceptanceTestReporter - GENERATING HTML REPORT FOR CNT-3 - Banners:VIR-130.04 Verify that the site has a look, configured by content admin in 095ee6a7aed460c2ab7447a892b708f667ca6eb3d2b246703cb79d76aaa66edd.html in directory target/site/serenity  
[pool-1-thread-3] INFO net.thucydides.core.reports.html.HtmlAcceptanceTestReporter - GENERATING HTML REPORT FOR CNT-5 - Brand Management:VIR-132.02 Verify that the content admin can edit restriction for the desired customizations. in 21c25b56faab758e879fe49e985016e5e5212c7b9214f355a35317a785ad4edd.html in directory target/site/serenity  
[pool-1-thread-2] INFO net.thucydides.core.reports.html.HtmlAcceptanceTestReporter - GENERATING HTML REPORT FOR CNT-5 - Brand Management:VIR-132.03 Verify that the content admin can delete restriction for the desired customizations. in f6bd8472778e2535a4b9144aa99d3240dacf17fdc0647b30ce75c3b787f53d15.html in directory target/site/serenity  
[pool-1-thread-4] INFO net.thucydides.core.reports.html.HtmlAcceptanceTestReporter - GENERATING HTML REPORT FOR CNT-5 - Brand Management:VIR-132.04 Verify that the restrictions can be added to the following in bb312434987ad8333f1a82d90084aa3d1109fed7e9f40f25770d63e0cb749be9.html in directory target/site/serenity  
[pool-1-thread-1] INFO net.thucydides.core.reports.html.HtmlAcceptanceTestReporter - GENERATING HTML REPORT FOR CNT-6 - Content Slots:VIR-133.01 Verify that the content admin can delete the banner, title and categories through the WCMS in d10c471b31104c36cff5887c55a7bc150eababcb1937fa5a395a48f11580da2f.html in directory target/site/serenity  
[pool-1-thread-4] INFO net.thucydides.core.reports.html.HtmlAcceptanceTestReporter - GENERATING HTML REPORT FOR CNT-6 - Content Slots:VIR-133.03 Verify that the content admin can edit the banner, title and categories through the WCMS in bf784fb294e81a8a6ed3e34f569b9b326b48ffb8cfb4166224a8840cbf362e21.html in directory target/site/serenity  
[pool-1-thread-2] INFO net.thucydides.core.reports.html.HtmlAcceptanceTestReporter - GENERATING HTML REPORT FOR CNT-6 - Content Slots:VIR-133.04 Verify that the Banner is shown to the shopper on the home page in 4c2884489ffe2042fbe11e4563b220cac104e5129e32868a3f1d6600011e076b.html in directory target/site/serenity  
[pool-1-thread-3] INFO net.thucydides.core.reports.html.HtmlAcceptanceTestReporter - GENERATING HTML REPORT FOR CNT-6 - Content Slots:VIR-133.02 Verify that the content admin can add the banner, title and categories through the WCMS in 3bb00edc8b11547b9ac39ca5a5696c45f1e0d290628ccd73684e0832986f1e71.html in directory target/site/serenity  
[pool-1-thread-1] INFO net.thucydides.core.reports.html.HtmlAcceptanceTestReporter - GENERATING HTML REPORT FOR CNT-6 - Content Slots:VIR-133.05 Verify that the text is overlaid on the banner in bf1a934735e5d669eada1b870d663ecb425f20e68617bfb53654f05d12656a5f.html in directory target/site/serenity  
[pool-1-thread-1] INFO net.thucydides.core.reports.html.HtmlAcceptanceTestReporter - GENERATING HTML REPORT FOR CNT-6 - Content Slots:VIR-133.07 Verify that the following page categories are shown in 1d12cdceb7058d9417a7bb7107783782f643d4ed988f36376903b230848c1f01.html in directory target/site/serenity  
[pool-1-thread-4] INFO net.thucydides.core.reports.html.HtmlAcceptanceTestReporter - GENERATING HTML REPORT FOR CNT-7 - Quick Links:VIR-134.01 Verify that the content admin can create quick links in 40d81346ba58c0f71fcf613db8a0a63c8ecb26e1fd4aaa8d151a703d15657b0e.html in directory target/site/serenity  
[pool-1-thread-2] INFO net.thucydides.core.reports.html.HtmlAcceptanceTestReporter - GENERATING HTML REPORT FOR CNT-6 - Content Slots:VIR-133.06 Verify that the Page title "Products by Category" is shown to the shopper in e3d83e5f621b42696d81ce997061a34362f9a4bb6639aa90f2db1d4db4b51d64.html in directory target/site/serenity  
[pool-1-thread-4] INFO net.thucydides.core.reports.html.HtmlAcceptanceTestReporter - GENERATING HTML REPORT FOR CNT-7 - Quick Links:VIR-134.02 Verify that the content admin can edit quick links in 41734951e0ed56f455a46612ce22533ae97fded928f274893c4007976da87481.html in directory target/site/serenity  
[pool-1-thread-2] INFO net.thucydides.core.reports.html.HtmlAcceptanceTestReporter - GENERATING HTML REPORT FOR CNT-7 - Quick Links:VIR-134.04 Verify that the following quick links are on the site in 58e0a8ef376111f4675fa1030f00d436b8d6a2832054b645999dc268d4b4012c.html in directory target/site/serenity  
[pool-1-thread-1] INFO net.thucydides.core.reports.html.HtmlAcceptanceTestReporter - GENERATING HTML REPORT FOR CNT-8 - Order Information:VIR-135.01 Verify that the Ordering Information page is opened after click on its link in footer in fe76c656848baf193220d07591a15ba921e649f837da4d5f226eb2f9ac003e5c.html in directory target/site/serenity  
[pool-1-thread-2] INFO net.thucydides.core.reports.html.HtmlAcceptanceTestReporter - GENERATING HTML REPORT FOR CNT-8 - Order Information:VIR-135.02 Verify that the content admin can delete the content pages in 5533f47726ef60c7255b243fb3be58293db2609f695eaae058c94f3666f174ad.html in directory target/site/serenity  
[pool-1-thread-1] INFO net.thucydides.core.reports.html.HtmlAcceptanceTestReporter - GENERATING HTML REPORT FOR CNT-8 - Order Information:VIR-135.03 Verify that the content admin can add content pages in 19f3109b1b55611ab680e27660e62d6759a92a3ed1a61ff3b5490abbe9a15fb1.html in directory target/site/serenity  
[pool-1-thread-2] INFO net.thucydides.core.reports.html.HtmlAcceptanceTestReporter - GENERATING HTML REPORT FOR CNT-8 - Order Information:VIR-135.05 Verify that the content admin can manage where the page is shown in 81f0615596311e9fe020a479de07e4aa75b91eb2264a4f269747556a7be8ef04.html in directory target/site/serenity  
[pool-1-thread-1] INFO net.thucydides.core.reports.html.HtmlAcceptanceTestReporter - GENERATING HTML REPORT FOR CNT-8 - Order Information:VIR-135.06 Return changes for Ordering Information in 911e4b432e12828f925fca72dbe6d9d0990b1c021e68a1773518a53cc2cd54fc.html in directory target/site/serenity  
[pool-1-thread-4] INFO net.thucydides.core.reports.html.HtmlAcceptanceTestReporter - GENERATING HTML REPORT FOR CNT-8 - Order Information:VIR-135.04 Verify that the content admin can edit content pages in e513b291e44a0a2ba0a88a4710180b0f2ee877cc19b00c235ea0338012705155.html in directory target/site/serenity  
[pool-1-thread-3] INFO net.thucydides.core.reports.html.HtmlAcceptanceTestReporter - GENERATING HTML REPORT FOR CNT-7 - Quick Links:VIR-134.03 Verify that the content admin can delete quick links in e1618d2dbdbd929514ab60461040a335e53fc3975e4d58436fa87a8251365ba9.html in directory target/site/serenity  
[pool-1-thread-4] INFO net.thucydides.core.reports.html.HtmlAcceptanceTestReporter - GENERATING HTML REPORT FOR CNT-9 - Contact Information:VIR-136.01 Verify that the Contact Us info is correct in 189f1aa2aa4fc6b820e5ff656100737d3325164ee98cbf91b3c5a5eb7eb97424.html in directory target/site/serenity  
[pool-1-thread-1] INFO net.thucydides.core.reports.html.HtmlAcceptanceTestReporter - GENERATING HTML REPORT FOR CNT-9 - Contact Information:VIR-136.02 Verify that Content Admin can change the following Contact Us info in c603b071b611a79f0ff50bd4d36b54cff1fa482be7f0f19b9ffbf4679235ffd7.html in directory target/site/serenity  
[main] INFO net.serenitybdd.core.Serenity - 
 _____ _____ ____ _____   ____ _____  _    ____ _____ _____ ____  
|_   _| ____/ ___|_   _| / ___|_   _|/ \  |  _ \_   _| ____|  _ \ 
  | | |  _| \___ \ | |   \___ \ | | / _ \ | |_) || | |  _| | | | |
  | | | |___ ___) || |    ___) || |/ ___ \|  _ < | | | |___| |_| |
  |_| |_____|____/ |_|   |____/ |_/_/   \_\_| \_\|_| |_____|____/ 
                                                                  

TEST STARTED: VIR-136.03 Verify that the Contact Us info is updated accordingly on the site
-------------------------------------------------------------------(cnt-9---contact-information;vir-136.03-verify-that-the-contact-us-info-is-updated-accordingly-on-the-site)
[main] INFO net.serenitybdd.core.Serenity - STARTING STEP Given open the site and login
[main] INFO net.serenitybdd.core.Serenity - STARTING STEP Open the site
[main] INFO net.serenitybdd.core.Serenity - STEP ERROR: net.serenitybdd.core.exceptions.SerenityManagedException: Could not initialize class com.virco.locators.SiteData
]]></system-err>
  </testcase>
  <testcase name="Scenario: VIR-136.03 Verify that the Contact Us info is updated accordingly on the site" classname="Scenario: VIR-136.03 Verify that the Contact Us info is updated accordingly on the site" time="0.002">
    <error message="Could not initialize class com.virco.locators.SiteData" type="net.serenitybdd.core.exceptions.SerenityManagedException"><![CDATA[net.serenitybdd.core.exceptions.SerenityManagedException: Could not initialize class com.virco.locators.SiteData
	at com.virco.steps.serenity.CommonUserSteps.openTheSite(CommonUserSteps.java:19)
	at com.virco.steps.serenity.CommonUserSteps$$EnhancerByCGLIB$$d8541bfa.CGLIB$openTheSite$6(<generated>)
	at com.virco.steps.serenity.CommonUserSteps$$EnhancerByCGLIB$$d8541bfa$$FastClassByCGLIB$$ea8e0f86.invoke(<generated>)
	at net.sf.cglib.proxy.MethodProxy.invokeSuper(MethodProxy.java:228)
	at net.thucydides.core.steps.StepInterceptor.invokeMethod(StepInterceptor.java:372)
	at net.thucydides.core.steps.StepInterceptor.executeTestStepMethod(StepInterceptor.java:357)
	at net.thucydides.core.steps.StepInterceptor.runTestStep(StepInterceptor.java:332)
	at net.thucydides.core.steps.StepInterceptor.testStepResult(StepInterceptor.java:134)
	at net.thucydides.core.steps.StepInterceptor.intercept(StepInterceptor.java:61)
	at com.virco.steps.serenity.CommonUserSteps$$EnhancerByCGLIB$$d8541bfa.openTheSite(<generated>)
	at com.virco.steps.CommonDefinitionSteps.openTheSiteAndLogin(CommonDefinitionSteps.java:72)
	at sun.reflect.GeneratedMethodAccessor143.invoke(Unknown Source)
	at sun.reflect.DelegatingMethodAccessorImpl.invoke(DelegatingMethodAccessorImpl.java:43)
	at java.lang.reflect.Method.invoke(Method.java:498)
	at cucumber.runtime.Utils$1.call(Utils.java:40)
	at cucumber.runtime.Timeout.timeout(Timeout.java:16)
	at cucumber.runtime.Utils.invoke(Utils.java:34)
	at cucumber.runtime.java.JavaStepDefinition.execute(JavaStepDefinition.java:38)
	at cucumber.runtime.StepDefinitionMatch.runStep(StepDefinitionMatch.java:37)
	at cucumber.runtime.Runtime.runStep(Runtime.java:300)
	at cucumber.runtime.model.StepContainer.runStep(StepContainer.java:44)
	at cucumber.runtime.model.StepContainer.runSteps(StepContainer.java:39)
	at cucumber.runtime.model.CucumberScenario.run(CucumberScenario.java:44)
	at cucumber.runtime.junit.ExecutionUnitRunner.run(ExecutionUnitRunner.java:102)
	at cucumber.runtime.junit.FeatureRunner.runChild(FeatureRunner.java:63)
	at cucumber.runtime.junit.FeatureRunner.runChild(FeatureRunner.java:18)
	at org.junit.runners.ParentRunner$3.run(ParentRunner.java:290)
	at org.junit.runners.ParentRunner$1.schedule(ParentRunner.java:71)
	at org.junit.runners.ParentRunner.runChildren(ParentRunner.java:288)
	at org.junit.runners.ParentRunner.access$000(ParentRunner.java:58)
	at org.junit.runners.ParentRunner$2.evaluate(ParentRunner.java:268)
	at org.junit.runners.ParentRunner.run(ParentRunner.java:363)
	at cucumber.runtime.junit.FeatureRunner.run(FeatureRunner.java:70)
	at cucumber.api.junit.Cucumber.runChild(Cucumber.java:95)
	at cucumber.api.junit.Cucumber.runChild(Cucumber.java:38)
	at org.junit.runners.ParentRunner$3.run(ParentRunner.java:290)
	at org.junit.runners.ParentRunner$1.schedule(ParentRunner.java:71)
	at org.junit.runners.ParentRunner.runChildren(ParentRunner.java:288)
	at org.junit.runners.ParentRunner.access$000(ParentRunner.java:58)
	at org.junit.runners.ParentRunner$2.evaluate(ParentRunner.java:268)
	at org.junit.runners.ParentRunner.run(ParentRunner.java:363)
	at cucumber.api.junit.Cucumber.run(Cucumber.java:100)
	at org.apache.maven.surefire.junit4.JUnit4Provider.execute(JUnit4Provider.java:283)
	at org.apache.maven.surefire.junit4.JUnit4Provider.executeWithRerun(JUnit4Provider.java:173)
	at org.apache.maven.surefire.junit4.JUnit4Provider.executeTestSet(JUnit4Provider.java:153)
	at org.apache.maven.surefire.junit4.JUnit4Provider.invoke(JUnit4Provider.java:128)
	at org.apache.maven.surefire.booter.ForkedBooter.invokeProviderInSameClassLoader(ForkedBooter.java:203)
	at org.apache.maven.surefire.booter.ForkedBooter.runSuitesInProcess(ForkedBooter.java:155)
	at org.apache.maven.surefire.booter.ForkedBooter.main(ForkedBooter.java:103)
]]></error>
  </testcase>
  <testcase name="When click on &quot;Contact Us&quot; link in header" classname="Scenario: VIR-136.03 Verify that the Contact Us info is updated accordingly on the site" time="0">
    <skipped/>
    <system-err><![CDATA[[main] INFO net.serenitybdd.core.Serenity - STEP ERROR: java.lang.NoClassDefFoundError: Could not initialize class com.virco.locators.SiteData
[main] INFO net.serenitybdd.core.Serenity - STARTING STEP When click on "Contact Us" link in header
]]></system-err>
  </testcase>
  <testcase name="Then &quot;ContactUsTest&quot; content is opened" classname="Scenario: VIR-136.03 Verify that the Contact Us info is updated accordingly on the site" time="0">
    <skipped/>
    <system-err><![CDATA[[main] INFO net.serenitybdd.core.Serenity - IGNORING STEP
[main] INFO net.serenitybdd.core.Serenity - STARTING STEP Then "ContactUsTest" content is opened
]]></system-err>
  </testcase>
  <testcase name="Given open &quot;CMS&quot; page" classname="Scenario: VIR-136.04 Return changes" time="0.001">
    <error message="Could not initialize class com.virco.locators.SiteData" type="net.serenitybdd.core.exceptions.SerenityManagedException"><![CDATA[net.serenitybdd.core.exceptions.SerenityManagedException: Could not initialize class com.virco.locators.SiteData
	at com.virco.steps.serenity.CommonUserSteps.openManagementPage(CommonUserSteps.java:26)
	at com.virco.steps.serenity.CommonUserSteps$$EnhancerByCGLIB$$d8541bfa.CGLIB$openManagementPage$7(<generated>)
	at com.virco.steps.serenity.CommonUserSteps$$EnhancerByCGLIB$$d8541bfa$$FastClassByCGLIB$$ea8e0f86.invoke(<generated>)
	at net.sf.cglib.proxy.MethodProxy.invokeSuper(MethodProxy.java:228)
	at net.thucydides.core.steps.StepInterceptor.invokeMethod(StepInterceptor.java:372)
	at net.thucydides.core.steps.StepInterceptor.executeTestStepMethod(StepInterceptor.java:357)
	at net.thucydides.core.steps.StepInterceptor.runTestStep(StepInterceptor.java:332)
	at net.thucydides.core.steps.StepInterceptor.testStepResult(StepInterceptor.java:134)
	at net.thucydides.core.steps.StepInterceptor.intercept(StepInterceptor.java:61)
	at com.virco.steps.serenity.CommonUserSteps$$EnhancerByCGLIB$$d8541bfa.openManagementPage(<generated>)
	at com.virco.steps.CommonDefinitionSteps.openPage(CommonDefinitionSteps.java:22)
	at sun.reflect.NativeMethodAccessorImpl.invoke0(Native Method)
	at sun.reflect.NativeMethodAccessorImpl.invoke(NativeMethodAccessorImpl.java:62)
	at sun.reflect.DelegatingMethodAccessorImpl.invoke(DelegatingMethodAccessorImpl.java:43)
	at java.lang.reflect.Method.invoke(Method.java:498)
	at cucumber.runtime.Utils$1.call(Utils.java:40)
	at cucumber.runtime.Timeout.timeout(Timeout.java:16)
	at cucumber.runtime.Utils.invoke(Utils.java:34)
	at cucumber.runtime.java.JavaStepDefinition.execute(JavaStepDefinition.java:38)
	at cucumber.runtime.StepDefinitionMatch.runStep(StepDefinitionMatch.java:37)
	at cucumber.runtime.Runtime.runStep(Runtime.java:300)
	at cucumber.runtime.model.StepContainer.runStep(StepContainer.java:44)
	at cucumber.runtime.model.StepContainer.runSteps(StepContainer.java:39)
	at cucumber.runtime.model.CucumberScenario.run(CucumberScenario.java:44)
	at cucumber.runtime.junit.ExecutionUnitRunner.run(ExecutionUnitRunner.java:102)
	at cucumber.runtime.junit.FeatureRunner.runChild(FeatureRunner.java:63)
	at cucumber.runtime.junit.FeatureRunner.runChild(FeatureRunner.java:18)
	at org.junit.runners.ParentRunner$3.run(ParentRunner.java:290)
	at org.junit.runners.ParentRunner$1.schedule(ParentRunner.java:71)
	at org.junit.runners.ParentRunner.runChildren(ParentRunner.java:288)
	at org.junit.runners.ParentRunner.access$000(ParentRunner.java:58)
	at org.junit.runners.ParentRunner$2.evaluate(ParentRunner.java:268)
	at org.junit.runners.ParentRunner.run(ParentRunner.java:363)
	at cucumber.runtime.junit.FeatureRunner.run(FeatureRunner.java:70)
	at cucumber.api.junit.Cucumber.runChild(Cucumber.java:95)
	at cucumber.api.junit.Cucumber.runChild(Cucumber.java:38)
	at org.junit.runners.ParentRunner$3.run(ParentRunner.java:290)
	at org.junit.runners.ParentRunner$1.schedule(ParentRunner.java:71)
	at org.junit.runners.ParentRunner.runChildren(ParentRunner.java:288)
	at org.junit.runners.ParentRunner.access$000(ParentRunner.java:58)
	at org.junit.runners.ParentRunner$2.evaluate(ParentRunner.java:268)
	at org.junit.runners.ParentRunner.run(ParentRunner.java:363)
	at cucumber.api.junit.Cucumber.run(Cucumber.java:100)
	at org.apache.maven.surefire.junit4.JUnit4Provider.execute(JUnit4Provider.java:283)
	at org.apache.maven.surefire.junit4.JUnit4Provider.executeWithRerun(JUnit4Provider.java:173)
	at org.apache.maven.surefire.junit4.JUnit4Provider.executeTestSet(JUnit4Provider.java:153)
	at org.apache.maven.surefire.junit4.JUnit4Provider.invoke(JUnit4Provider.java:128)
	at org.apache.maven.surefire.booter.ForkedBooter.invokeProviderInSameClassLoader(ForkedBooter.java:203)
	at org.apache.maven.surefire.booter.ForkedBooter.runSuitesInProcess(ForkedBooter.java:155)
	at org.apache.maven.surefire.booter.ForkedBooter.main(ForkedBooter.java:103)
]]></error>
    <system-err><![CDATA[[main] INFO net.serenitybdd.core.Serenity - IGNORING STEP
[main] ERROR net.serenitybdd.core.Serenity - 
           __  _____ _____ ____ _____   _____ _    ___ _     _____ ____  
  _       / / |_   _| ____/ ___|_   _| |  ___/ \  |_ _| |   | ____|  _ \ 
 (_)_____| |    | | |  _| \___ \ | |   | |_ / _ \  | || |   |  _| | | | |
  _|_____| |    | | | |___ ___) || |   |  _/ ___ \ | || |___| |___| |_| |
 (_)     | |    |_| |_____|____/ |_|   |_|/_/   \_\___|_____|_____|____/ 
          \_\                                                            

TEST FAILED WITH ERROR: VIR-136.03 Verify that the Contact Us info is updated accordingly on the site
---------------------------------------------------------------------
[main] ERROR net.serenitybdd.core.Serenity - TEST FAILED AT STEP Open the site
[main] ERROR net.serenitybdd.core.Serenity - Could not initialize class com.virco.locators.SiteData
[pool-1-thread-3] INFO net.thucydides.core.reports.json.JSONTestOutcomeReporter - Generating JSON report for VIR-128.01 Verify that the OOTB Hybris is configured to file /Users/rodionsavchuk/hybrisAutomation/virco-automatedtests/target/site/serenity/f9e291a91d7fb0708996a6c172c79994e2f3e3dc027f9c744e43835d2210c73e.json (using temp file /Users/rodionsavchuk/hybrisAutomation/virco-automatedtests/target/site/serenity/f9e291a91d7fb0708996a6c172c79994e2f3e3dc027f9c744e43835d2210c73e.jsonbf114a9c-464f-4d24-85b6-e0aa564063d2)
[pool-1-thread-2] INFO net.thucydides.core.reports.json.JSONTestOutcomeReporter - Generating JSON report for VIR-129.01 Verify that the content admin can add a rotating theme by using template to file /Users/rodionsavchuk/hybrisAutomation/virco-automatedtests/target/site/serenity/2baaeb277c29c1f85062130a60bafea2167a5c2dd87a93c69ad94698238c35ee.json (using temp file /Users/rodionsavchuk/hybrisAutomation/virco-automatedtests/target/site/serenity/2baaeb277c29c1f85062130a60bafea2167a5c2dd87a93c69ad94698238c35ee.json25331289-ec62-43e3-aae6-1ef8e9282688)
[pool-1-thread-4] INFO net.thucydides.core.reports.json.JSONTestOutcomeReporter - Generating JSON report for VIR-129.02 Verify that the content admin can promo message by using template to file /Users/rodionsavchuk/hybrisAutomation/virco-automatedtests/target/site/serenity/5c582eac1cc160864035d84f14577b2a4b307d178776baf5d94402a8f33a570b.json (using temp file /Users/rodionsavchuk/hybrisAutomation/virco-automatedtests/target/site/serenity/5c582eac1cc160864035d84f14577b2a4b307d178776baf5d94402a8f33a570b.json0c5a4893-1290-44de-8f0f-4f3f4df162a0)
[pool-1-thread-1] INFO net.thucydides.core.reports.json.JSONTestOutcomeReporter - Generating JSON report for VIR-129.03 Verify that the content admin can add installation slot by using template to file /Users/rodionsavchuk/hybrisAutomation/virco-automatedtests/target/site/serenity/e2ad5898b62d8e77d283000b0832f5fb0d67d58608b2ea1e947bdb3eaa4f7f13.json (using temp file /Users/rodionsavchuk/hybrisAutomation/virco-automatedtests/target/site/serenity/e2ad5898b62d8e77d283000b0832f5fb0d67d58608b2ea1e947bdb3eaa4f7f13.jsonf091ee7d-fd11-442e-8fe7-a4aec1585333)
[pool-1-thread-2] INFO net.thucydides.core.reports.json.JSONTestOutcomeReporter - Generating JSON report for VIR-129.05 Verify that the content admin can add a quick ship component on the template page to file /Users/rodionsavchuk/hybrisAutomation/virco-automatedtests/target/site/serenity/03a37ae243f19fd5e4074c51364f3accdea994f94fbe9bfc0888dbf6b3fcb296.json (using temp file /Users/rodionsavchuk/hybrisAutomation/virco-automatedtests/target/site/serenity/03a37ae243f19fd5e4074c51364f3accdea994f94fbe9bfc0888dbf6b3fcb296.jsonc5a90165-ecc4-4010-9b0d-0aca09e0d5ee)
[pool-1-thread-3] INFO net.thucydides.core.reports.json.JSONTestOutcomeReporter - Generating JSON report for VIR-129.04 Verify that the content admin can add a product recommendation component on the page template by using template to file /Users/rodionsavchuk/hybrisAutomation/virco-automatedtests/target/site/serenity/2568cbeed2bdf1850ea694b2c61bf8c9430c3ac453a0d1b2f15e169595434015.json (using temp file /Users/rodionsavchuk/hybrisAutomation/virco-automatedtests/target/site/serenity/2568cbeed2bdf1850ea694b2c61bf8c9430c3ac453a0d1b2f15e169595434015.jsona9034795-b0a0-40d6-bbb5-23f2d7b45f2a)
[pool-1-thread-4] INFO net.thucydides.core.reports.json.JSONTestOutcomeReporter - Generating JSON report for VIR-129.06 Verify that the content admin can add a popular category on the template page to file /Users/rodionsavchuk/hybrisAutomation/virco-automatedtests/target/site/serenity/4cb24bf6eab810d97c001f653ce7ec4c2620e8ef80649c431bc47d31554e7dfa.json (using temp file /Users/rodionsavchuk/hybrisAutomation/virco-automatedtests/target/site/serenity/4cb24bf6eab810d97c001f653ce7ec4c2620e8ef80649c431bc47d31554e7dfa.json16c111bf-eb29-4e81-a3ab-3132d817bdb4)
[pool-1-thread-1] INFO net.thucydides.core.reports.json.JSONTestOutcomeReporter - Generating JSON report for VIR-129.07 Verify that the content admin can add a product images component on the template page to file /Users/rodionsavchuk/hybrisAutomation/virco-automatedtests/target/site/serenity/b14d7ddd1213e2b3e327a1da59a5f30243e7b1413ece781e8217d0475b1d4ba5.json (using temp file /Users/rodionsavchuk/hybrisAutomation/virco-automatedtests/target/site/serenity/b14d7ddd1213e2b3e327a1da59a5f30243e7b1413ece781e8217d0475b1d4ba5.json9aea03c5-5486-4a6e-be3c-82b5c8d64dc8)
[pool-1-thread-4] INFO net.thucydides.core.reports.json.JSONTestOutcomeReporter - Generating JSON report for VIR-129.08 Verify that the content admin can edit promo message/popular category. to file /Users/rodionsavchuk/hybrisAutomation/virco-automatedtests/target/site/serenity/0b72d581cee195fdedb17f43f946f9e8a6bd5762bb612b26fbaf09d9905941a0.json (using temp file /Users/rodionsavchuk/hybrisAutomation/virco-automatedtests/target/site/serenity/0b72d581cee195fdedb17f43f946f9e8a6bd5762bb612b26fbaf09d9905941a0.jsonfbbd55a0-af79-4c99-9625-27d8371a2077)
[pool-1-thread-3] INFO net.thucydides.core.reports.json.JSONTestOutcomeReporter - Generating JSON report for VIR-129.09 Verify that the content admin can delete promo message/popular category. to file /Users/rodionsavchuk/hybrisAutomation/virco-automatedtests/target/site/serenity/e3f11c0e315cea47d82b81aeec1d5d4ec6688676c143e6c8bd85b536ee39abf1.json (using temp file /Users/rodionsavchuk/hybrisAutomation/virco-automatedtests/target/site/serenity/e3f11c0e315cea47d82b81aeec1d5d4ec6688676c143e6c8bd85b536ee39abf1.json3f59d6ed-d14f-440e-b576-72b63ff3b6df)
[pool-1-thread-2] INFO net.thucydides.core.reports.json.JSONTestOutcomeReporter - Generating JSON report for VIR-129.10 Verify that the site has a look, configured by content admin to file /Users/rodionsavchuk/hybrisAutomation/virco-automatedtests/target/site/serenity/100947bcc68d92490597dd6eed62bf55d5857e1335d30b52c2a0a2894d214fe7.json (using temp file /Users/rodionsavchuk/hybrisAutomation/virco-automatedtests/target/site/serenity/100947bcc68d92490597dd6eed62bf55d5857e1335d30b52c2a0a2894d214fe7.json143f51b0-c3bd-4d57-a057-2194b73ea8eb)
[pool-1-thread-1] INFO net.thucydides.core.reports.json.JSONTestOutcomeReporter - Generating JSON report for VIR-166.01 Verify the rotating carousel is added on the home page to file /Users/rodionsavchuk/hybrisAutomation/virco-automatedtests/target/site/serenity/41045224dd55f49d371e9fd4a455c28d0acc2a203f1c37c0d89de600b26d38ef.json (using temp file /Users/rodionsavchuk/hybrisAutomation/virco-automatedtests/target/site/serenity/41045224dd55f49d371e9fd4a455c28d0acc2a203f1c37c0d89de600b26d38ef.jsonfb8c6fe9-7088-4c60-bd59-6d33fdd87bab)
[pool-1-thread-3] INFO net.thucydides.core.reports.json.JSONTestOutcomeReporter - Generating JSON report for VIR-166.03 Verify that the changes applied to the home page on the WCMS are shown on the site to file /Users/rodionsavchuk/hybrisAutomation/virco-automatedtests/target/site/serenity/b9eb3619ad92be0ca6909f8288eb5393e840f6227de55c87423f32dd621971c6.json (using temp file /Users/rodionsavchuk/hybrisAutomation/virco-automatedtests/target/site/serenity/b9eb3619ad92be0ca6909f8288eb5393e840f6227de55c87423f32dd621971c6.jsona88363ff-21a2-4777-b4a3-f38029513564)
[pool-1-thread-4] INFO net.thucydides.core.reports.json.JSONTestOutcomeReporter - Generating JSON report for VIR-166.02 Verify that the each Banner has Rotating Theme, promotional message and installation slots to file /Users/rodionsavchuk/hybrisAutomation/virco-automatedtests/target/site/serenity/0608016defba6ce482ab704a7f99aa4784d409932878aab3566e62c6acd4c3be.json (using temp file /Users/rodionsavchuk/hybrisAutomation/virco-automatedtests/target/site/serenity/0608016defba6ce482ab704a7f99aa4784d409932878aab3566e62c6acd4c3be.json5c2b3104-528f-4f60-9009-69ce230a3285)
[pool-1-thread-4] INFO net.thucydides.core.reports.json.JSONTestOutcomeReporter - Generating JSON report for VIR-166.04 Verify changes on the site to file /Users/rodionsavchuk/hybrisAutomation/virco-automatedtests/target/site/serenity/5f43c632221e66e649cb566b95c8c39021872b2cfde3c52fd524b9428955bf6f.json (using temp file /Users/rodionsavchuk/hybrisAutomation/virco-automatedtests/target/site/serenity/5f43c632221e66e649cb566b95c8c39021872b2cfde3c52fd524b9428955bf6f.json938899b6-4cea-48df-8959-b2cd8d91d401)
[pool-1-thread-1] INFO net.thucydides.core.reports.json.JSONTestOutcomeReporter - Generating JSON report for VIR-166.04 Verify installation slot to file /Users/rodionsavchuk/hybrisAutomation/virco-automatedtests/target/site/serenity/edcb380d350a80cdf46587ae5741ec066978cdd8e0c97472caf730194b651304.json (using temp file /Users/rodionsavchuk/hybrisAutomation/virco-automatedtests/target/site/serenity/edcb380d350a80cdf46587ae5741ec066978cdd8e0c97472caf730194b651304.json599125c2-ec8f-48b0-b78a-733b76bae945)
[pool-1-thread-3] INFO net.thucydides.core.reports.json.JSONTestOutcomeReporter - Generating JSON report for VIR-166.06 Return changes for carousel to file /Users/rodionsavchuk/hybrisAutomation/virco-automatedtests/target/site/serenity/666f9c30485604a0d8f915e21943e7e88d01015ce9092eafebcdb74a2aa69881.json (using temp file /Users/rodionsavchuk/hybrisAutomation/virco-automatedtests/target/site/serenity/666f9c30485604a0d8f915e21943e7e88d01015ce9092eafebcdb74a2aa69881.jsonf84c479a-ead0-4b30-ba54-661a9918925f)
[pool-1-thread-4] INFO net.thucydides.core.reports.json.JSONTestOutcomeReporter - Generating JSON report for VIR-130.03 Verify that the content admin can delete the banner to file /Users/rodionsavchuk/hybrisAutomation/virco-automatedtests/target/site/serenity/b41d3443e6a4853ebf7ef1692db7b2b9a12b9d62f5b7166287c8c85636ccdf3f.json (using temp file /Users/rodionsavchuk/hybrisAutomation/virco-automatedtests/target/site/serenity/b41d3443e6a4853ebf7ef1692db7b2b9a12b9d62f5b7166287c8c85636ccdf3f.json7a93aa16-0ba3-4603-8c46-62dfdb512260)
[pool-1-thread-1] INFO net.thucydides.core.reports.json.JSONTestOutcomeReporter - Generating JSON report for VIR-130.02 Verify that the content admin can edit the banner to file /Users/rodionsavchuk/hybrisAutomation/virco-automatedtests/target/site/serenity/8473ae2e239acb5c9594f6482f5f79bb4500c946dd2d245bf5d2caa427a8a26f.json (using temp file /Users/rodionsavchuk/hybrisAutomation/virco-automatedtests/target/site/serenity/8473ae2e239acb5c9594f6482f5f79bb4500c946dd2d245bf5d2caa427a8a26f.json7f551899-32ec-44d2-8782-cb2c180ebe98)
[pool-1-thread-2] INFO net.thucydides.core.reports.json.JSONTestOutcomeReporter - Generating JSON report for VIR-130.01 Verify that the content Admin can add new banner to file /Users/rodionsavchuk/hybrisAutomation/virco-automatedtests/target/site/serenity/bb79537bca7a8b871c5b64cd1153742bc23c54e46592c06f822f87770b2e8b8a.json (using temp file /Users/rodionsavchuk/hybrisAutomation/virco-automatedtests/target/site/serenity/bb79537bca7a8b871c5b64cd1153742bc23c54e46592c06f822f87770b2e8b8a.json2658c18c-9732-4fed-aadd-3b1184e64826)
[pool-1-thread-1] INFO net.thucydides.core.reports.json.JSONTestOutcomeReporter - Generating JSON report for VIR-130.04 Verify that the site has a look, configured by content admin to file /Users/rodionsavchuk/hybrisAutomation/virco-automatedtests/target/site/serenity/095ee6a7aed460c2ab7447a892b708f667ca6eb3d2b246703cb79d76aaa66edd.json (using temp file /Users/rodionsavchuk/hybrisAutomation/virco-automatedtests/target/site/serenity/095ee6a7aed460c2ab7447a892b708f667ca6eb3d2b246703cb79d76aaa66edd.jsona2caba44-9776-499f-bc27-746cf8d1e06d)
[pool-1-thread-4] INFO net.thucydides.core.reports.json.JSONTestOutcomeReporter - Generating JSON report for VIR-375.01 Unable to open the "Verisign terms and policy" page except through the Contact Us page to file /Users/rodionsavchuk/hybrisAutomation/virco-automatedtests/target/site/serenity/3d31ca4ca17ccedf663fa492c24dc92f29157766fcfb628ecd61645c9255a53a.json (using temp file /Users/rodionsavchuk/hybrisAutomation/virco-automatedtests/target/site/serenity/3d31ca4ca17ccedf663fa492c24dc92f29157766fcfb628ecd61645c9255a53a.jsonb3422a40-045e-4a7c-9546-281a201c3475)
[pool-1-thread-3] INFO net.thucydides.core.reports.json.JSONTestOutcomeReporter - Generating JSON report for VIR-131.02 Verify that the content Admin can delete terms, security and compliance to file /Users/rodionsavchuk/hybrisAutomation/virco-automatedtests/target/site/serenity/ceb7302073899bbe72c923c378b3dfb15f405875b937887a17bf4cff9988ce11.json (using temp file /Users/rodionsavchuk/hybrisAutomation/virco-automatedtests/target/site/serenity/ceb7302073899bbe72c923c378b3dfb15f405875b937887a17bf4cff9988ce11.json4a9ec3d4-47a1-4271-a050-a99e6580a634)
[pool-1-thread-2] INFO net.thucydides.core.reports.json.JSONTestOutcomeReporter - Generating JSON report for VIR-131.03 Verify that the content Admin can add terms, security and compliance to file /Users/rodionsavchuk/hybrisAutomation/virco-automatedtests/target/site/serenity/afbc2d2c12a820e7bd8ff57fd665dcbf835c82e12b10214fa792d713e6b209c6.json (using temp file /Users/rodionsavchuk/hybrisAutomation/virco-automatedtests/target/site/serenity/afbc2d2c12a820e7bd8ff57fd665dcbf835c82e12b10214fa792d713e6b209c6.json6dfbd305-ebfe-4957-8ce4-031bee332461)
[pool-1-thread-1] INFO net.thucydides.core.reports.json.JSONTestOutcomeReporter - Generating JSON report for VIR-131.04 Verify that the content Admin can edit terms, security and compliance to file /Users/rodionsavchuk/hybrisAutomation/virco-automatedtests/target/site/serenity/11123f2712ee38abf08a7255e58490510ce459b677c6317a48c1c5a02bad5899.json (using temp file /Users/rodionsavchuk/hybrisAutomation/virco-automatedtests/target/site/serenity/11123f2712ee38abf08a7255e58490510ce459b677c6317a48c1c5a02bad5899.json31740466-accf-49ef-bb9e-3b6ac3490e8f)
[pool-1-thread-4] INFO net.thucydides.core.reports.json.JSONTestOutcomeReporter - Generating JSON report for VIR-131.05 Return changes to file /Users/rodionsavchuk/hybrisAutomation/virco-automatedtests/target/site/serenity/481bc60c8e1753c36167a06d3e94715ec6bdb3bc0fa2de75bc3b701c703a0740.json (using temp file /Users/rodionsavchuk/hybrisAutomation/virco-automatedtests/target/site/serenity/481bc60c8e1753c36167a06d3e94715ec6bdb3bc0fa2de75bc3b701c703a0740.json2e07e645-210e-4899-8617-43f39df47c4e)
[pool-1-thread-4] INFO net.thucydides.core.reports.json.JSONTestOutcomeReporter - Generating JSON report for VIR-132.02 Verify that the content admin can edit restriction for the desired customizations. to file /Users/rodionsavchuk/hybrisAutomation/virco-automatedtests/target/site/serenity/21c25b56faab758e879fe49e985016e5e5212c7b9214f355a35317a785ad4edd.json (using temp file /Users/rodionsavchuk/hybrisAutomation/virco-automatedtests/target/site/serenity/21c25b56faab758e879fe49e985016e5e5212c7b9214f355a35317a785ad4edd.jsonfc685d47-0509-449e-89d4-aae50620ac21)
[pool-1-thread-3] INFO net.thucydides.core.reports.json.JSONTestOutcomeReporter - Generating JSON report for VIR-132.01 Verify that the content admin can add restriction for the desired customizations. to file /Users/rodionsavchuk/hybrisAutomation/virco-automatedtests/target/site/serenity/012fbd4c99dbed94980068932c3b9900aa40fcbd0f147abb3c9b18198ccfee2c.json (using temp file /Users/rodionsavchuk/hybrisAutomation/virco-automatedtests/target/site/serenity/012fbd4c99dbed94980068932c3b9900aa40fcbd0f147abb3c9b18198ccfee2c.json1c74279a-0a6c-4a91-9d64-2742efffe7bc)
[pool-1-thread-1] INFO net.thucydides.core.reports.json.JSONTestOutcomeReporter - Generating JSON report for VIR-132.03 Verify that the content admin can delete restriction for the desired customizations. to file /Users/rodionsavchuk/hybrisAutomation/virco-automatedtests/target/site/serenity/f6bd8472778e2535a4b9144aa99d3240dacf17fdc0647b30ce75c3b787f53d15.json (using temp file /Users/rodionsavchuk/hybrisAutomation/virco-automatedtests/target/site/serenity/f6bd8472778e2535a4b9144aa99d3240dacf17fdc0647b30ce75c3b787f53d15.jsone73c57f0-20d5-4971-a06c-45917c751bb6)
[pool-1-thread-4] INFO net.thucydides.core.reports.json.JSONTestOutcomeReporter - Generating JSON report for VIR-132.04 Verify that the restrictions can be added to the following to file /Users/rodionsavchuk/hybrisAutomation/virco-automatedtests/target/site/serenity/bb312434987ad8333f1a82d90084aa3d1109fed7e9f40f25770d63e0cb749be9.json (using temp file /Users/rodionsavchuk/hybrisAutomation/virco-automatedtests/target/site/serenity/bb312434987ad8333f1a82d90084aa3d1109fed7e9f40f25770d63e0cb749be9.jsonfca865bf-7e69-4868-b41b-f3f682c6cb18)
[pool-1-thread-4] INFO net.thucydides.core.reports.json.JSONTestOutcomeReporter - Generating JSON report for VIR-133.02 Verify that the content admin can add the banner, title and categories through the WCMS to file /Users/rodionsavchuk/hybrisAutomation/virco-automatedtests/target/site/serenity/3bb00edc8b11547b9ac39ca5a5696c45f1e0d290628ccd73684e0832986f1e71.json (using temp file /Users/rodionsavchuk/hybrisAutomation/virco-automatedtests/target/site/serenity/3bb00edc8b11547b9ac39ca5a5696c45f1e0d290628ccd73684e0832986f1e71.json13ce29a9-6204-4a47-8cc4-bc05940e3d7e)
[pool-1-thread-3] INFO net.thucydides.core.reports.json.JSONTestOutcomeReporter - Generating JSON report for VIR-133.01 Verify that the content admin can delete the banner, title and categories through the WCMS to file /Users/rodionsavchuk/hybrisAutomation/virco-automatedtests/target/site/serenity/d10c471b31104c36cff5887c55a7bc150eababcb1937fa5a395a48f11580da2f.json (using temp file /Users/rodionsavchuk/hybrisAutomation/virco-automatedtests/target/site/serenity/d10c471b31104c36cff5887c55a7bc150eababcb1937fa5a395a48f11580da2f.jsonebef5944-9ca7-429f-a097-5763886ab054)
[pool-1-thread-1] INFO net.thucydides.core.reports.json.JSONTestOutcomeReporter - Generating JSON report for VIR-133.03 Verify that the content admin can edit the banner, title and categories through the WCMS to file /Users/rodionsavchuk/hybrisAutomation/virco-automatedtests/target/site/serenity/bf784fb294e81a8a6ed3e34f569b9b326b48ffb8cfb4166224a8840cbf362e21.json (using temp file /Users/rodionsavchuk/hybrisAutomation/virco-automatedtests/target/site/serenity/bf784fb294e81a8a6ed3e34f569b9b326b48ffb8cfb4166224a8840cbf362e21.json104eb66c-1816-40cc-8914-8bdbcbd75abb)
[pool-1-thread-1] INFO net.thucydides.core.reports.json.JSONTestOutcomeReporter - Generating JSON report for VIR-133.04 Verify that the Banner is shown to the shopper on the home page to file /Users/rodionsavchuk/hybrisAutomation/virco-automatedtests/target/site/serenity/4c2884489ffe2042fbe11e4563b220cac104e5129e32868a3f1d6600011e076b.json (using temp file /Users/rodionsavchuk/hybrisAutomation/virco-automatedtests/target/site/serenity/4c2884489ffe2042fbe11e4563b220cac104e5129e32868a3f1d6600011e076b.json4edf6dd8-89d8-4299-b5cb-02c75ccf6a5a)
[pool-1-thread-4] INFO net.thucydides.core.reports.json.JSONTestOutcomeReporter - Generating JSON report for VIR-133.05 Verify that the text is overlaid on the banner to file /Users/rodionsavchuk/hybrisAutomation/virco-automatedtests/target/site/serenity/bf1a934735e5d669eada1b870d663ecb425f20e68617bfb53654f05d12656a5f.json (using temp file /Users/rodionsavchuk/hybrisAutomation/virco-automatedtests/target/site/serenity/bf1a934735e5d669eada1b870d663ecb425f20e68617bfb53654f05d12656a5f.jsonf5f3298a-175f-4d70-9e7b-4986dda33a80)
[pool-1-thread-1] INFO net.thucydides.core.reports.json.JSONTestOutcomeReporter - Generating JSON report for VIR-133.06 Verify that the Page title "Products by Category" is shown to the shopper to file /Users/rodionsavchuk/hybrisAutomation/virco-automatedtests/target/site/serenity/e3d83e5f621b42696d81ce997061a34362f9a4bb6639aa90f2db1d4db4b51d64.json (using temp file /Users/rodionsavchuk/hybrisAutomation/virco-automatedtests/target/site/serenity/e3d83e5f621b42696d81ce997061a34362f9a4bb6639aa90f2db1d4db4b51d64.json3102a7fa-b425-461d-b336-000b36d9f60c)
[pool-1-thread-4] INFO net.thucydides.core.reports.json.JSONTestOutcomeReporter - Generating JSON report for VIR-133.07 Verify that the following page categories are shown to file /Users/rodionsavchuk/hybrisAutomation/virco-automatedtests/target/site/serenity/1d12cdceb7058d9417a7bb7107783782f643d4ed988f36376903b230848c1f01.json (using temp file /Users/rodionsavchuk/hybrisAutomation/virco-automatedtests/target/site/serenity/1d12cdceb7058d9417a7bb7107783782f643d4ed988f36376903b230848c1f01.json4ff65461-b7ed-4c73-a9e0-74063b1c19f5)
[pool-1-thread-4] INFO net.thucydides.core.reports.json.JSONTestOutcomeReporter - Generating JSON report for VIR-134.02 Verify that the content admin can edit quick links to file /Users/rodionsavchuk/hybrisAutomation/virco-automatedtests/target/site/serenity/41734951e0ed56f455a46612ce22533ae97fded928f274893c4007976da87481.json (using temp file /Users/rodionsavchuk/hybrisAutomation/virco-automatedtests/target/site/serenity/41734951e0ed56f455a46612ce22533ae97fded928f274893c4007976da87481.json83577d67-57c0-4cf1-a94e-421a45c47422)
[pool-1-thread-1] INFO net.thucydides.core.reports.json.JSONTestOutcomeReporter - Generating JSON report for VIR-134.01 Verify that the content admin can create quick links to file /Users/rodionsavchuk/hybrisAutomation/virco-automatedtests/target/site/serenity/40d81346ba58c0f71fcf613db8a0a63c8ecb26e1fd4aaa8d151a703d15657b0e.json (using temp file /Users/rodionsavchuk/hybrisAutomation/virco-automatedtests/target/site/serenity/40d81346ba58c0f71fcf613db8a0a63c8ecb26e1fd4aaa8d151a703d15657b0e.json7cb099d0-44bb-4417-a3b7-033556897756)
[pool-1-thread-4] INFO net.thucydides.core.reports.json.JSONTestOutcomeReporter - Generating JSON report for VIR-134.03 Verify that the content admin can delete quick links to file /Users/rodionsavchuk/hybrisAutomation/virco-automatedtests/target/site/serenity/e1618d2dbdbd929514ab60461040a335e53fc3975e4d58436fa87a8251365ba9.json (using temp file /Users/rodionsavchuk/hybrisAutomation/virco-automatedtests/target/site/serenity/e1618d2dbdbd929514ab60461040a335e53fc3975e4d58436fa87a8251365ba9.json5e5ce6e0-04af-46ee-832c-8090fff9ef2b)
[pool-1-thread-4] INFO net.thucydides.core.reports.json.JSONTestOutcomeReporter - Generating JSON report for VIR-134.04 Verify that the following quick links are on the site to file /Users/rodionsavchuk/hybrisAutomation/virco-automatedtests/target/site/serenity/58e0a8ef376111f4675fa1030f00d436b8d6a2832054b645999dc268d4b4012c.json (using temp file /Users/rodionsavchuk/hybrisAutomation/virco-automatedtests/target/site/serenity/58e0a8ef376111f4675fa1030f00d436b8d6a2832054b645999dc268d4b4012c.json168498ea-9ea3-4025-91d4-28adb78e5c8a)
[pool-1-thread-3] INFO net.thucydides.core.reports.json.JSONTestOutcomeReporter - Generating JSON report for VIR-135.01 Verify that the Ordering Information page is opened after click on its link in footer to file /Users/rodionsavchuk/hybrisAutomation/virco-automatedtests/target/site/serenity/fe76c656848baf193220d07591a15ba921e649f837da4d5f226eb2f9ac003e5c.json (using temp file /Users/rodionsavchuk/hybrisAutomation/virco-automatedtests/target/site/serenity/fe76c656848baf193220d07591a15ba921e649f837da4d5f226eb2f9ac003e5c.jsonb3eb2f0d-9707-4fa2-8452-78dfe5b61b6a)
[pool-1-thread-1] INFO net.thucydides.core.reports.json.JSONTestOutcomeReporter - Generating JSON report for VIR-135.02 Verify that the content admin can delete the content pages to file /Users/rodionsavchuk/hybrisAutomation/virco-automatedtests/target/site/serenity/5533f47726ef60c7255b243fb3be58293db2609f695eaae058c94f3666f174ad.json (using temp file /Users/rodionsavchuk/hybrisAutomation/virco-automatedtests/target/site/serenity/5533f47726ef60c7255b243fb3be58293db2609f695eaae058c94f3666f174ad.json54b3f934-4ff9-4704-a8e6-721c8372c9fe)
[pool-1-thread-2] INFO net.thucydides.core.reports.json.JSONTestOutcomeReporter - Generating JSON report for VIR-135.03 Verify that the content admin can add content pages to file /Users/rodionsavchuk/hybrisAutomation/virco-automatedtests/target/site/serenity/19f3109b1b55611ab680e27660e62d6759a92a3ed1a61ff3b5490abbe9a15fb1.json (using temp file /Users/rodionsavchuk/hybrisAutomation/virco-automatedtests/target/site/serenity/19f3109b1b55611ab680e27660e62d6759a92a3ed1a61ff3b5490abbe9a15fb1.jsonc76222b7-a970-4ca8-8843-e772c19fc4ca)
[pool-1-thread-1] INFO net.thucydides.core.reports.json.JSONTestOutcomeReporter - Generating JSON report for VIR-135.04 Verify that the content admin can edit content pages to file /Users/rodionsavchuk/hybrisAutomation/virco-automatedtests/target/site/serenity/e513b291e44a0a2ba0a88a4710180b0f2ee877cc19b00c235ea0338012705155.json (using temp file /Users/rodionsavchuk/hybrisAutomation/virco-automatedtests/target/site/serenity/e513b291e44a0a2ba0a88a4710180b0f2ee877cc19b00c235ea0338012705155.json50304fc7-6ff5-4b45-832c-98284d3dd546)
[pool-1-thread-4] INFO net.thucydides.core.reports.json.JSONTestOutcomeReporter - Generating JSON report for VIR-135.05 Verify that the content admin can manage where the page is shown to file /Users/rodionsavchuk/hybrisAutomation/virco-automatedtests/target/site/serenity/81f0615596311e9fe020a479de07e4aa75b91eb2264a4f269747556a7be8ef04.json (using temp file /Users/rodionsavchuk/hybrisAutomation/virco-automatedtests/target/site/serenity/81f0615596311e9fe020a479de07e4aa75b91eb2264a4f269747556a7be8ef04.json1221588f-7021-4051-88f7-16949e4012a9)
[pool-1-thread-1] INFO net.thucydides.core.reports.json.JSONTestOutcomeReporter - Generating JSON report for VIR-135.06 Return changes for Ordering Information to file /Users/rodionsavchuk/hybrisAutomation/virco-automatedtests/target/site/serenity/911e4b432e12828f925fca72dbe6d9d0990b1c021e68a1773518a53cc2cd54fc.json (using temp file /Users/rodionsavchuk/hybrisAutomation/virco-automatedtests/target/site/serenity/911e4b432e12828f925fca72dbe6d9d0990b1c021e68a1773518a53cc2cd54fc.json758b797c-ca43-48a7-a2de-6bc08a4dec84)
[pool-1-thread-4] INFO net.thucydides.core.reports.json.JSONTestOutcomeReporter - Generating JSON report for VIR-136.01 Verify that the Contact Us info is correct to file /Users/rodionsavchuk/hybrisAutomation/virco-automatedtests/target/site/serenity/189f1aa2aa4fc6b820e5ff656100737d3325164ee98cbf91b3c5a5eb7eb97424.json (using temp file /Users/rodionsavchuk/hybrisAutomation/virco-automatedtests/target/site/serenity/189f1aa2aa4fc6b820e5ff656100737d3325164ee98cbf91b3c5a5eb7eb97424.json975cfb28-76f9-4170-98c1-0506026ca69f)
[pool-1-thread-3] INFO net.thucydides.core.reports.json.JSONTestOutcomeReporter - Generating JSON report for VIR-136.02 Verify that Content Admin can change the following Contact Us info to file /Users/rodionsavchuk/hybrisAutomation/virco-automatedtests/target/site/serenity/c603b071b611a79f0ff50bd4d36b54cff1fa482be7f0f19b9ffbf4679235ffd7.json (using temp file /Users/rodionsavchuk/hybrisAutomation/virco-automatedtests/target/site/serenity/c603b071b611a79f0ff50bd4d36b54cff1fa482be7f0f19b9ffbf4679235ffd7.json0cc242d6-b02e-4a8d-a8e9-ae9fcd8c66b9)
[pool-1-thread-4] INFO net.thucydides.core.reports.json.JSONTestOutcomeReporter - Generating JSON report for VIR-136.03 Verify that the Contact Us info is updated accordingly on the site to file /Users/rodionsavchuk/hybrisAutomation/virco-automatedtests/target/site/serenity/49eaf49e017af3852c519bfa9b07a35cb256b8d12b4d81a405083df5e1a0887a.json (using temp file /Users/rodionsavchuk/hybrisAutomation/virco-automatedtests/target/site/serenity/49eaf49e017af3852c519bfa9b07a35cb256b8d12b4d81a405083df5e1a0887a.json0dd87b3f-562f-4f03-a7a7-2c6faf153341)
[pool-1-thread-1] INFO net.thucydides.core.reports.html.HtmlAcceptanceTestReporter - GENERATING HTML REPORT FOR CNT-1 - WCMS Site Maintenance:VIR-128.01 Verify that the OOTB Hybris is configured in f9e291a91d7fb0708996a6c172c79994e2f3e3dc027f9c744e43835d2210c73e.html in directory target/site/serenity  
[pool-1-thread-4] INFO net.thucydides.core.reports.html.HtmlAcceptanceTestReporter - GENERATING HTML REPORT FOR CNT-2 - Component Maintenance:VIR-129.03 Verify that the content admin can add installation slot by using template in e2ad5898b62d8e77d283000b0832f5fb0d67d58608b2ea1e947bdb3eaa4f7f13.html in directory target/site/serenity  
[pool-1-thread-3] INFO net.thucydides.core.reports.html.HtmlAcceptanceTestReporter - GENERATING HTML REPORT FOR CNT-2 - Component Maintenance:VIR-129.01 Verify that the content admin can add a rotating theme by using template in 2baaeb277c29c1f85062130a60bafea2167a5c2dd87a93c69ad94698238c35ee.html in directory target/site/serenity  
[pool-1-thread-1] INFO net.thucydides.core.reports.html.HtmlAcceptanceTestReporter - GENERATING HTML REPORT FOR CNT-2 - Component Maintenance:VIR-129.04 Verify that the content admin can add a product recommendation component on the page template by using template in 2568cbeed2bdf1850ea694b2c61bf8c9430c3ac453a0d1b2f15e169595434015.html in directory target/site/serenity  
[pool-1-thread-3] INFO net.thucydides.core.reports.html.HtmlAcceptanceTestReporter - GENERATING HTML REPORT FOR CNT-2 - Component Maintenance:VIR-129.06 Verify that the content admin can add a popular category on the template page in 4cb24bf6eab810d97c001f653ce7ec4c2620e8ef80649c431bc47d31554e7dfa.html in directory target/site/serenity  
[pool-1-thread-4] INFO net.thucydides.core.reports.html.HtmlAcceptanceTestReporter - GENERATING HTML REPORT FOR CNT-2 - Component Maintenance:VIR-129.05 Verify that the content admin can add a quick ship component on the template page in 03a37ae243f19fd5e4074c51364f3accdea994f94fbe9bfc0888dbf6b3fcb296.html in directory target/site/serenity  
[pool-1-thread-3] INFO net.thucydides.core.reports.html.HtmlAcceptanceTestReporter - GENERATING HTML REPORT FOR CNT-2 - Component Maintenance:VIR-129.07 Verify that the content admin can add a product images component on the template page in b14d7ddd1213e2b3e327a1da59a5f30243e7b1413ece781e8217d0475b1d4ba5.html in directory target/site/serenity  
[pool-1-thread-1] INFO net.thucydides.core.reports.html.HtmlAcceptanceTestReporter - GENERATING HTML REPORT FOR CNT-2 - Component Maintenance:VIR-129.08 Verify that the content admin can edit promo message/popular category. in 0b72d581cee195fdedb17f43f946f9e8a6bd5762bb612b26fbaf09d9905941a0.html in directory target/site/serenity  
[pool-1-thread-3] INFO net.thucydides.core.reports.html.HtmlAcceptanceTestReporter - GENERATING HTML REPORT FOR CNT-2 - Component Maintenance:VIR-129.09 Verify that the content admin can delete promo message/popular category. in e3f11c0e315cea47d82b81aeec1d5d4ec6688676c143e6c8bd85b536ee39abf1.html in directory target/site/serenity  
[pool-1-thread-1] INFO net.thucydides.core.reports.html.HtmlAcceptanceTestReporter - GENERATING HTML REPORT FOR CNT-2 - Component Maintenance:VIR-129.10 Verify that the site has a look, configured by content admin in 100947bcc68d92490597dd6eed62bf55d5857e1335d30b52c2a0a2894d214fe7.html in directory target/site/serenity  
[pool-1-thread-4] INFO net.thucydides.core.reports.html.HtmlAcceptanceTestReporter - GENERATING HTML REPORT FOR CNT-2 - Component Maintenance:VIR-166.01 Verify the rotating carousel is added on the home page in 41045224dd55f49d371e9fd4a455c28d0acc2a203f1c37c0d89de600b26d38ef.html in directory target/site/serenity  
[pool-1-thread-1] INFO net.thucydides.core.reports.html.HtmlAcceptanceTestReporter - GENERATING HTML REPORT FOR CNT-2 - Component Maintenance:VIR-166.02 Verify that the each Banner has Rotating Theme, promotional message and installation slots in 0608016defba6ce482ab704a7f99aa4784d409932878aab3566e62c6acd4c3be.html in directory target/site/serenity  
[pool-1-thread-3] INFO net.thucydides.core.reports.html.HtmlAcceptanceTestReporter - GENERATING HTML REPORT FOR CNT-2 - Component Maintenance:VIR-166.03 Verify that the changes applied to the home page on the WCMS are shown on the site in b9eb3619ad92be0ca6909f8288eb5393e840f6227de55c87423f32dd621971c6.html in directory target/site/serenity  
[pool-1-thread-4] INFO net.thucydides.core.reports.html.HtmlAcceptanceTestReporter - GENERATING HTML REPORT FOR CNT-2 - Component Maintenance:VIR-166.04 Verify changes on the site in 5f43c632221e66e649cb566b95c8c39021872b2cfde3c52fd524b9428955bf6f.html in directory target/site/serenity  
[pool-1-thread-1] INFO net.thucydides.core.reports.html.HtmlAcceptanceTestReporter - GENERATING HTML REPORT FOR CNT-2 - Component Maintenance:VIR-166.04 Verify installation slot in edcb380d350a80cdf46587ae5741ec066978cdd8e0c97472caf730194b651304.html in directory target/site/serenity  
[pool-1-thread-1] INFO net.thucydides.core.reports.html.HtmlAcceptanceTestReporter - GENERATING HTML REPORT FOR CNT-2 - Component Maintenance:VIR-166.06 Return changes for carousel in 666f9c30485604a0d8f915e21943e7e88d01015ce9092eafebcdb74a2aa69881.html in directory target/site/serenity  
[pool-1-thread-4] INFO net.thucydides.core.reports.html.HtmlAcceptanceTestReporter - GENERATING HTML REPORT FOR CNT-3 - Banners:VIR-130.01 Verify that the content Admin can add new banner in bb79537bca7a8b871c5b64cd1153742bc23c54e46592c06f822f87770b2e8b8a.html in directory target/site/serenity  
[pool-1-thread-3] INFO net.thucydides.core.reports.html.HtmlAcceptanceTestReporter - GENERATING HTML REPORT FOR CNT-3 - Banners:VIR-130.02 Verify that the content admin can edit the banner in 8473ae2e239acb5c9594f6482f5f79bb4500c946dd2d245bf5d2caa427a8a26f.html in directory target/site/serenity  
[pool-1-thread-4] INFO net.thucydides.core.reports.html.HtmlAcceptanceTestReporter - GENERATING HTML REPORT FOR CNT-3 - Banners:VIR-130.03 Verify that the content admin can delete the banner in b41d3443e6a4853ebf7ef1692db7b2b9a12b9d62f5b7166287c8c85636ccdf3f.html in directory target/site/serenity  
[pool-1-thread-4] INFO net.thucydides.core.reports.html.HtmlAcceptanceTestReporter - GENERATING HTML REPORT FOR CNT-3 - Banners:VIR-130.04 Verify that the site has a look, configured by content admin in 095ee6a7aed460c2ab7447a892b708f667ca6eb3d2b246703cb79d76aaa66edd.html in directory target/site/serenity  
[pool-1-thread-4] INFO net.thucydides.core.reports.html.HtmlAcceptanceTestReporter - GENERATING HTML REPORT FOR CNT-4 - Security Compliance:VIR-375.01 Unable to open the "Verisign terms and policy" page except through the Contact Us page in 3d31ca4ca17ccedf663fa492c24dc92f29157766fcfb628ecd61645c9255a53a.html in directory target/site/serenity  
[pool-1-thread-1] INFO net.thucydides.core.reports.html.HtmlAcceptanceTestReporter - GENERATING HTML REPORT FOR CNT-4 - Security Compliance:VIR-131.02 Verify that the content Admin can delete terms, security and compliance in ceb7302073899bbe72c923c378b3dfb15f405875b937887a17bf4cff9988ce11.html in directory target/site/serenity  
[pool-1-thread-3] INFO net.thucydides.core.reports.html.HtmlAcceptanceTestReporter - GENERATING HTML REPORT FOR CNT-4 - Security Compliance:VIR-131.03 Verify that the content Admin can add terms, security and compliance in afbc2d2c12a820e7bd8ff57fd665dcbf835c82e12b10214fa792d713e6b209c6.html in directory target/site/serenity  
[pool-1-thread-4] INFO net.thucydides.core.reports.html.HtmlAcceptanceTestReporter - GENERATING HTML REPORT FOR CNT-4 - Security Compliance:VIR-131.04 Verify that the content Admin can edit terms, security and compliance in 11123f2712ee38abf08a7255e58490510ce459b677c6317a48c1c5a02bad5899.html in directory target/site/serenity  
[pool-1-thread-2] INFO net.thucydides.core.reports.html.HtmlAcceptanceTestReporter - GENERATING HTML REPORT FOR CNT-2 - Component Maintenance:VIR-129.02 Verify that the content admin can promo message by using template in 5c582eac1cc160864035d84f14577b2a4b307d178776baf5d94402a8f33a570b.html in directory target/site/serenity  
[pool-1-thread-1] INFO net.thucydides.core.reports.html.HtmlAcceptanceTestReporter - GENERATING HTML REPORT FOR CNT-4 - Security Compliance:VIR-131.05 Return changes in 481bc60c8e1753c36167a06d3e94715ec6bdb3bc0fa2de75bc3b701c703a0740.html in directory target/site/serenity  
[pool-1-thread-3] INFO net.thucydides.core.reports.html.HtmlAcceptanceTestReporter - GENERATING HTML REPORT FOR CNT-5 - Brand Management:VIR-132.01 Verify that the content admin can add restriction for the desired customizations. in 012fbd4c99dbed94980068932c3b9900aa40fcbd0f147abb3c9b18198ccfee2c.html in directory target/site/serenity  
[pool-1-thread-2] INFO net.thucydides.core.reports.html.HtmlAcceptanceTestReporter - GENERATING HTML REPORT FOR CNT-5 - Brand Management:VIR-132.03 Verify that the content admin can delete restriction for the desired customizations. in f6bd8472778e2535a4b9144aa99d3240dacf17fdc0647b30ce75c3b787f53d15.html in directory target/site/serenity  
[pool-1-thread-3] INFO net.thucydides.core.reports.html.HtmlAcceptanceTestReporter - GENERATING HTML REPORT FOR CNT-5 - Brand Management:VIR-132.02 Verify that the content admin can edit restriction for the desired customizations. in 21c25b56faab758e879fe49e985016e5e5212c7b9214f355a35317a785ad4edd.html in directory target/site/serenity  
[pool-1-thread-1] INFO net.thucydides.core.reports.html.HtmlAcceptanceTestReporter - GENERATING HTML REPORT FOR CNT-5 - Brand Management:VIR-132.04 Verify that the restrictions can be added to the following in bb312434987ad8333f1a82d90084aa3d1109fed7e9f40f25770d63e0cb749be9.html in directory target/site/serenity  
[pool-1-thread-2] INFO net.thucydides.core.reports.html.HtmlAcceptanceTestReporter - GENERATING HTML REPORT FOR CNT-6 - Content Slots:VIR-133.01 Verify that the content admin can delete the banner, title and categories through the WCMS in d10c471b31104c36cff5887c55a7bc150eababcb1937fa5a395a48f11580da2f.html in directory target/site/serenity  
[pool-1-thread-1] INFO net.thucydides.core.reports.html.HtmlAcceptanceTestReporter - GENERATING HTML REPORT FOR CNT-6 - Content Slots:VIR-133.02 Verify that the content admin can add the banner, title and categories through the WCMS in 3bb00edc8b11547b9ac39ca5a5696c45f1e0d290628ccd73684e0832986f1e71.html in directory target/site/serenity  
[pool-1-thread-3] INFO net.thucydides.core.reports.html.HtmlAcceptanceTestReporter - GENERATING HTML REPORT FOR CNT-6 - Content Slots:VIR-133.03 Verify that the content admin can edit the banner, title and categories through the WCMS in bf784fb294e81a8a6ed3e34f569b9b326b48ffb8cfb4166224a8840cbf362e21.html in directory target/site/serenity  
[pool-1-thread-2] INFO net.thucydides.core.reports.html.HtmlAcceptanceTestReporter - GENERATING HTML REPORT FOR CNT-6 - Content Slots:VIR-133.04 Verify that the Banner is shown to the shopper on the home page in 4c2884489ffe2042fbe11e4563b220cac104e5129e32868a3f1d6600011e076b.html in directory target/site/serenity  
[pool-1-thread-1] INFO net.thucydides.core.reports.html.HtmlAcceptanceTestReporter - GENERATING HTML REPORT FOR CNT-6 - Content Slots:VIR-133.05 Verify that the text is overlaid on the banner in bf1a934735e5d669eada1b870d663ecb425f20e68617bfb53654f05d12656a5f.html in directory target/site/serenity  
[pool-1-thread-2] INFO net.thucydides.core.reports.html.HtmlAcceptanceTestReporter - GENERATING HTML REPORT FOR CNT-6 - Content Slots:VIR-133.06 Verify that the Page title "Products by Category" is shown to the shopper in e3d83e5f621b42696d81ce997061a34362f9a4bb6639aa90f2db1d4db4b51d64.html in directory target/site/serenity  
[pool-1-thread-3] INFO net.thucydides.core.reports.html.HtmlAcceptanceTestReporter - GENERATING HTML REPORT FOR CNT-7 - Quick Links:VIR-134.01 Verify that the content admin can create quick links in 40d81346ba58c0f71fcf613db8a0a63c8ecb26e1fd4aaa8d151a703d15657b0e.html in directory target/site/serenity  
[pool-1-thread-1] INFO net.thucydides.core.reports.html.HtmlAcceptanceTestReporter - GENERATING HTML REPORT FOR CNT-6 - Content Slots:VIR-133.07 Verify that the following page categories are shown in 1d12cdceb7058d9417a7bb7107783782f643d4ed988f36376903b230848c1f01.html in directory target/site/serenity  
[pool-1-thread-4] INFO net.thucydides.core.reports.html.HtmlAcceptanceTestReporter - GENERATING HTML REPORT FOR CNT-7 - Quick Links:VIR-134.02 Verify that the content admin can edit quick links in 41734951e0ed56f455a46612ce22533ae97fded928f274893c4007976da87481.html in directory target/site/serenity  
[pool-1-thread-1] INFO net.thucydides.core.reports.html.HtmlAcceptanceTestReporter - GENERATING HTML REPORT FOR CNT-7 - Quick Links:VIR-134.04 Verify that the following quick links are on the site in 58e0a8ef376111f4675fa1030f00d436b8d6a2832054b645999dc268d4b4012c.html in directory target/site/serenity  
[pool-1-thread-3] INFO net.thucydides.core.reports.html.HtmlAcceptanceTestReporter - GENERATING HTML REPORT FOR CNT-7 - Quick Links:VIR-134.03 Verify that the content admin can delete quick links in e1618d2dbdbd929514ab60461040a335e53fc3975e4d58436fa87a8251365ba9.html in directory target/site/serenity  
[pool-1-thread-1] INFO net.thucydides.core.reports.html.HtmlAcceptanceTestReporter - GENERATING HTML REPORT FOR CNT-8 - Order Information:VIR-135.02 Verify that the content admin can delete the content pages in 5533f47726ef60c7255b243fb3be58293db2609f695eaae058c94f3666f174ad.html in directory target/site/serenity  
[pool-1-thread-4] INFO net.thucydides.core.reports.html.HtmlAcceptanceTestReporter - GENERATING HTML REPORT FOR CNT-8 - Order Information:VIR-135.03 Verify that the content admin can add content pages in 19f3109b1b55611ab680e27660e62d6759a92a3ed1a61ff3b5490abbe9a15fb1.html in directory target/site/serenity  
[pool-1-thread-1] INFO net.thucydides.core.reports.html.HtmlAcceptanceTestReporter - GENERATING HTML REPORT FOR CNT-8 - Order Information:VIR-135.05 Verify that the content admin can manage where the page is shown in 81f0615596311e9fe020a479de07e4aa75b91eb2264a4f269747556a7be8ef04.html in directory target/site/serenity  
[pool-1-thread-3] INFO net.thucydides.core.reports.html.HtmlAcceptanceTestReporter - GENERATING HTML REPORT FOR CNT-8 - Order Information:VIR-135.04 Verify that the content admin can edit content pages in e513b291e44a0a2ba0a88a4710180b0f2ee877cc19b00c235ea0338012705155.html in directory target/site/serenity  
[pool-1-thread-4] INFO net.thucydides.core.reports.html.HtmlAcceptanceTestReporter - GENERATING HTML REPORT FOR CNT-8 - Order Information:VIR-135.06 Return changes for Ordering Information in 911e4b432e12828f925fca72dbe6d9d0990b1c021e68a1773518a53cc2cd54fc.html in directory target/site/serenity  
[pool-1-thread-1] INFO net.thucydides.core.reports.html.HtmlAcceptanceTestReporter - GENERATING HTML REPORT FOR CNT-9 - Contact Information:VIR-136.01 Verify that the Contact Us info is correct in 189f1aa2aa4fc6b820e5ff656100737d3325164ee98cbf91b3c5a5eb7eb97424.html in directory target/site/serenity  
[pool-1-thread-4] INFO net.thucydides.core.reports.html.HtmlAcceptanceTestReporter - GENERATING HTML REPORT FOR CNT-9 - Contact Information:VIR-136.03 Verify that the Contact Us info is updated accordingly on the site in 49eaf49e017af3852c519bfa9b07a35cb256b8d12b4d81a405083df5e1a0887a.html in directory target/site/serenity  
[pool-1-thread-2] INFO net.thucydides.core.reports.html.HtmlAcceptanceTestReporter - GENERATING HTML REPORT FOR CNT-8 - Order Information:VIR-135.01 Verify that the Ordering Information page is opened after click on its link in footer in fe76c656848baf193220d07591a15ba921e649f837da4d5f226eb2f9ac003e5c.html in directory target/site/serenity  
[pool-1-thread-3] INFO net.thucydides.core.reports.html.HtmlAcceptanceTestReporter - GENERATING HTML REPORT FOR CNT-9 - Contact Information:VIR-136.02 Verify that Content Admin can change the following Contact Us info in c603b071b611a79f0ff50bd4d36b54cff1fa482be7f0f19b9ffbf4679235ffd7.html in directory target/site/serenity  
[main] INFO net.serenitybdd.core.Serenity - 
 _____ _____ ____ _____   ____ _____  _    ____ _____ _____ ____  
|_   _| ____/ ___|_   _| / ___|_   _|/ \  |  _ \_   _| ____|  _ \ 
  | | |  _| \___ \ | |   \___ \ | | / _ \ | |_) || | |  _| | | | |
  | | | |___ ___) || |    ___) || |/ ___ \|  _ < | | | |___| |_| |
  |_| |_____|____/ |_|   |____/ |_/_/   \_\_| \_\|_| |_____|____/ 
                                                                  

TEST STARTED: VIR-136.04 Return changes
-------------------------------------------------------------------(cnt-9---contact-information;vir-136.04-return-changes)
[main] INFO net.serenitybdd.core.Serenity - STARTING STEP Given open "CMS" page
[main] INFO net.serenitybdd.core.Serenity - STARTING STEP Open management page: CMS
[main] INFO net.serenitybdd.core.Serenity - STEP ERROR: net.serenitybdd.core.exceptions.SerenityManagedException: Could not initialize class com.virco.locators.SiteData
]]></system-err>
  </testcase>
  <testcase name="Scenario: VIR-136.04 Return changes" classname="Scenario: VIR-136.04 Return changes" time="0.002">
    <error message="Could not initialize class com.virco.locators.SiteData" type="net.serenitybdd.core.exceptions.SerenityManagedException"><![CDATA[net.serenitybdd.core.exceptions.SerenityManagedException: Could not initialize class com.virco.locators.SiteData
	at com.virco.steps.serenity.CommonUserSteps.openManagementPage(CommonUserSteps.java:26)
	at com.virco.steps.serenity.CommonUserSteps$$EnhancerByCGLIB$$d8541bfa.CGLIB$openManagementPage$7(<generated>)
	at com.virco.steps.serenity.CommonUserSteps$$EnhancerByCGLIB$$d8541bfa$$FastClassByCGLIB$$ea8e0f86.invoke(<generated>)
	at net.sf.cglib.proxy.MethodProxy.invokeSuper(MethodProxy.java:228)
	at net.thucydides.core.steps.StepInterceptor.invokeMethod(StepInterceptor.java:372)
	at net.thucydides.core.steps.StepInterceptor.executeTestStepMethod(StepInterceptor.java:357)
	at net.thucydides.core.steps.StepInterceptor.runTestStep(StepInterceptor.java:332)
	at net.thucydides.core.steps.StepInterceptor.testStepResult(StepInterceptor.java:134)
	at net.thucydides.core.steps.StepInterceptor.intercept(StepInterceptor.java:61)
	at com.virco.steps.serenity.CommonUserSteps$$EnhancerByCGLIB$$d8541bfa.openManagementPage(<generated>)
	at com.virco.steps.CommonDefinitionSteps.openPage(CommonDefinitionSteps.java:22)
	at sun.reflect.NativeMethodAccessorImpl.invoke0(Native Method)
	at sun.reflect.NativeMethodAccessorImpl.invoke(NativeMethodAccessorImpl.java:62)
	at sun.reflect.DelegatingMethodAccessorImpl.invoke(DelegatingMethodAccessorImpl.java:43)
	at java.lang.reflect.Method.invoke(Method.java:498)
	at cucumber.runtime.Utils$1.call(Utils.java:40)
	at cucumber.runtime.Timeout.timeout(Timeout.java:16)
	at cucumber.runtime.Utils.invoke(Utils.java:34)
	at cucumber.runtime.java.JavaStepDefinition.execute(JavaStepDefinition.java:38)
	at cucumber.runtime.StepDefinitionMatch.runStep(StepDefinitionMatch.java:37)
	at cucumber.runtime.Runtime.runStep(Runtime.java:300)
	at cucumber.runtime.model.StepContainer.runStep(StepContainer.java:44)
	at cucumber.runtime.model.StepContainer.runSteps(StepContainer.java:39)
	at cucumber.runtime.model.CucumberScenario.run(CucumberScenario.java:44)
	at cucumber.runtime.junit.ExecutionUnitRunner.run(ExecutionUnitRunner.java:102)
	at cucumber.runtime.junit.FeatureRunner.runChild(FeatureRunner.java:63)
	at cucumber.runtime.junit.FeatureRunner.runChild(FeatureRunner.java:18)
	at org.junit.runners.ParentRunner$3.run(ParentRunner.java:290)
	at org.junit.runners.ParentRunner$1.schedule(ParentRunner.java:71)
	at org.junit.runners.ParentRunner.runChildren(ParentRunner.java:288)
	at org.junit.runners.ParentRunner.access$000(ParentRunner.java:58)
	at org.junit.runners.ParentRunner$2.evaluate(ParentRunner.java:268)
	at org.junit.runners.ParentRunner.run(ParentRunner.java:363)
	at cucumber.runtime.junit.FeatureRunner.run(FeatureRunner.java:70)
	at cucumber.api.junit.Cucumber.runChild(Cucumber.java:95)
	at cucumber.api.junit.Cucumber.runChild(Cucumber.java:38)
	at org.junit.runners.ParentRunner$3.run(ParentRunner.java:290)
	at org.junit.runners.ParentRunner$1.schedule(ParentRunner.java:71)
	at org.junit.runners.ParentRunner.runChildren(ParentRunner.java:288)
	at org.junit.runners.ParentRunner.access$000(ParentRunner.java:58)
	at org.junit.runners.ParentRunner$2.evaluate(ParentRunner.java:268)
	at org.junit.runners.ParentRunner.run(ParentRunner.java:363)
	at cucumber.api.junit.Cucumber.run(Cucumber.java:100)
	at org.apache.maven.surefire.junit4.JUnit4Provider.execute(JUnit4Provider.java:283)
	at org.apache.maven.surefire.junit4.JUnit4Provider.executeWithRerun(JUnit4Provider.java:173)
	at org.apache.maven.surefire.junit4.JUnit4Provider.executeTestSet(JUnit4Provider.java:153)
	at org.apache.maven.surefire.junit4.JUnit4Provider.invoke(JUnit4Provider.java:128)
	at org.apache.maven.surefire.booter.ForkedBooter.invokeProviderInSameClassLoader(ForkedBooter.java:203)
	at org.apache.maven.surefire.booter.ForkedBooter.runSuitesInProcess(ForkedBooter.java:155)
	at org.apache.maven.surefire.booter.ForkedBooter.main(ForkedBooter.java:103)
]]></error>
  </testcase>
  <testcase name="When login as &quot;cmsmanager&quot;" classname="Scenario: VIR-136.04 Return changes" time="0">
    <skipped/>
    <system-err><![CDATA[[main] INFO net.serenitybdd.core.Serenity - STEP ERROR: java.lang.NoClassDefFoundError: Could not initialize class com.virco.locators.SiteData
[main] INFO net.serenitybdd.core.Serenity - STARTING STEP When login as "cmsmanager"
]]></system-err>
  </testcase>
  <testcase name="When select &quot;Staged&quot; content catalog" classname="Scenario: VIR-136.04 Return changes" time="0">
    <skipped/>
    <system-err><![CDATA[[main] INFO net.serenitybdd.core.Serenity - IGNORING STEP
[main] INFO net.serenitybdd.core.Serenity - STARTING STEP When select "Staged" content catalog
]]></system-err>
  </testcase>
  <testcase name="When search for &quot;contactUs&quot; content" classname="Scenario: VIR-136.04 Return changes" time="0">
    <skipped/>
    <system-err><![CDATA[[main] INFO net.serenitybdd.core.Serenity - IGNORING STEP
[main] INFO net.serenitybdd.core.Serenity - STARTING STEP When search for "contactUs" content
]]></system-err>
  </testcase>
  <testcase name="When double click on &quot;contactUs&quot; content page" classname="Scenario: VIR-136.04 Return changes" time="0">
    <skipped/>
    <system-err><![CDATA[[main] INFO net.serenitybdd.core.Serenity - IGNORING STEP
[main] INFO net.serenitybdd.core.Serenity - STARTING STEP When double click on "contactUs" content page
]]></system-err>
  </testcase>
  <testcase name="When click on &quot;Edit&quot; button in &quot;Section2B&quot; slot" classname="Scenario: VIR-136.04 Return changes" time="0">
    <skipped/>
    <system-err><![CDATA[[main] INFO net.serenitybdd.core.Serenity - IGNORING STEP
[main] INFO net.serenitybdd.core.Serenity - STARTING STEP When click on "Edit" button in "Section2B" slot
]]></system-err>
  </testcase>
  <testcase name="When enter &quot;ContactUs&quot; in content component editor" classname="Scenario: VIR-136.04 Return changes" time="0">
    <skipped/>
    <system-err><![CDATA[[main] INFO net.serenitybdd.core.Serenity - IGNORING STEP
[main] INFO net.serenitybdd.core.Serenity - STARTING STEP When enter "ContactUs" in content component editor
]]></system-err>
  </testcase>
  <testcase name="When synchronize the product" classname="Scenario: VIR-136.04 Return changes" time="0">
    <skipped/>
    <system-err><![CDATA[[main] INFO net.serenitybdd.core.Serenity - IGNORING STEP
[main] INFO net.serenitybdd.core.Serenity - STARTING STEP When synchronize the product
]]></system-err>
  </testcase>
  <testcase name="Then the action button title is &quot;Status: Synchronized&quot;" classname="Scenario: VIR-136.04 Return changes" time="0">
    <skipped/>
    <system-err><![CDATA[[main] INFO net.serenitybdd.core.Serenity - IGNORING STEP
[main] INFO net.serenitybdd.core.Serenity - STARTING STEP Then the action button title is "Status: Synchronized"
]]></system-err>
  </testcase>
</testsuite>