<?xml version="1.0" encoding="UTF-8"?>
<testsuite name="com.virco.AccountManagementTestSuite" time="35.097" tests="271" errors="48" skipped="148" failures="0">
  <properties>
    <property name="idea.version" value="2017.1.5"/>
    <property name="java.runtime.name" value="Java(TM) SE Runtime Environment"/>
    <property name="sun.boot.library.path" value="/Library/Java/JavaVirtualMachines/jdk1.8.0_111.jdk/Contents/Home/jre/lib"/>
    <property name="java.vm.version" value="25.111-b14"/>
    <property name="user.country.format" value="UA"/>
    <property name="gopherProxySet" value="false"/>
    <property name="java.vm.vendor" value="Oracle Corporation"/>
    <property name="maven.multiModuleProjectDirectory" value="/Users/rodionsavchuk/hybrisAutomation/virco-automatedtests"/>
    <property name="java.vendor.url" value="http://java.oracle.com/"/>
    <property name="path.separator" value=":"/>
    <property name="guice.disable.misplaced.annotation.check" value="true"/>
    <property name="java.vm.name" value="Java HotSpot(TM) 64-Bit Server VM"/>
    <property name="file.encoding.pkg" value="sun.io"/>
    <property name="user.country" value="US"/>
    <property name="sun.java.launcher" value="SUN_STANDARD"/>
    <property name="sun.os.patch.level" value="unknown"/>
    <property name="java.vm.specification.name" value="Java Virtual Machine Specification"/>
    <property name="user.dir" value="/Users/rodionsavchuk/hybrisAutomation/virco-automatedtests"/>
    <property name="java.runtime.version" value="1.8.0_111-b14"/>
    <property name="java.awt.graphicsenv" value="sun.awt.CGraphicsEnvironment"/>
    <property name="java.endorsed.dirs" value="/Library/Java/JavaVirtualMachines/jdk1.8.0_111.jdk/Contents/Home/jre/lib/endorsed"/>
    <property name="os.arch" value="x86_64"/>
    <property name="java.io.tmpdir" value="/var/folders/_q/_7d1f_ys5hg5_f_jfs3jqgdm0000gn/T/"/>
    <property name="line.separator" value="&#10;"/>
    <property name="java.vm.specification.vendor" value="Oracle Corporation"/>
    <property name="os.name" value="Mac OS X"/>
    <property name="classworlds.conf" value="/Applications/IntelliJ IDEA.app/Contents/plugins/maven/lib/maven3/bin/m2.conf"/>
    <property name="sun.jnu.encoding" value="UTF-8"/>
    <property name="java.library.path" value="/Users/rodionsavchuk/Library/Java/Extensions:/Library/Java/Extensions:/Network/Library/Java/Extensions:/System/Library/Java/Extensions:/usr/lib/java:."/>
    <property name="java.specification.name" value="Java Platform API Specification"/>
    <property name="java.class.version" value="52.0"/>
    <property name="sun.management.compiler" value="HotSpot 64-Bit Tiered Compilers"/>
    <property name="os.version" value="10.12.5"/>
    <property name="http.nonProxyHosts" value="local|*.local|169.254/16|*.169.254/16"/>
    <property name="user.home" value="/Users/rodionsavchuk"/>
    <property name="user.timezone" value="Europe/Kiev"/>
    <property name="java.awt.printerjob" value="sun.lwawt.macosx.CPrinterJob"/>
    <property name="java.specification.version" value="1.8"/>
    <property name="file.encoding" value="UTF-8"/>
    <property name="user.name" value="rodionsavchuk"/>
    <property name="java.class.path" value="/Applications/IntelliJ IDEA.app/Contents/plugins/maven/lib/maven3/boot/plexus-classworlds-2.5.2.jar:/Applications/IntelliJ IDEA.app/Contents/lib/idea_rt.jar"/>
    <property name="java.vm.specification.version" value="1.8"/>
    <property name="sun.arch.data.model" value="64"/>
    <property name="java.home" value="/Library/Java/JavaVirtualMachines/jdk1.8.0_111.jdk/Contents/Home/jre"/>
    <property name="sun.java.command" value="org.codehaus.classworlds.Launcher -Didea.version=2017.1.5 verify"/>
    <property name="java.specification.vendor" value="Oracle Corporation"/>
    <property name="user.language" value="en"/>
    <property name="awt.toolkit" value="sun.lwawt.macosx.LWCToolkit"/>
    <property name="java.vm.info" value="mixed mode"/>
    <property name="java.version" value="1.8.0_111"/>
    <property name="java.ext.dirs" value="/Users/rodionsavchuk/Library/Java/Extensions:/Library/Java/JavaVirtualMachines/jdk1.8.0_111.jdk/Contents/Home/jre/lib/ext:/Library/Java/Extensions:/Network/Library/Java/Extensions:/System/Library/Java/Extensions:/usr/lib/java"/>
    <property name="sun.boot.class.path" value="/Library/Java/JavaVirtualMachines/jdk1.8.0_111.jdk/Contents/Home/jre/lib/resources.jar:/Library/Java/JavaVirtualMachines/jdk1.8.0_111.jdk/Contents/Home/jre/lib/rt.jar:/Library/Java/JavaVirtualMachines/jdk1.8.0_111.jdk/Contents/Home/jre/lib/sunrsasign.jar:/Library/Java/JavaVirtualMachines/jdk1.8.0_111.jdk/Contents/Home/jre/lib/jsse.jar:/Library/Java/JavaVirtualMachines/jdk1.8.0_111.jdk/Contents/Home/jre/lib/jce.jar:/Library/Java/JavaVirtualMachines/jdk1.8.0_111.jdk/Contents/Home/jre/lib/charsets.jar:/Library/Java/JavaVirtualMachines/jdk1.8.0_111.jdk/Contents/Home/jre/lib/jfr.jar:/Library/Java/JavaVirtualMachines/jdk1.8.0_111.jdk/Contents/Home/jre/classes"/>
    <property name="java.vendor" value="Oracle Corporation"/>
    <property name="maven.home" value="/Applications/IntelliJ IDEA.app/Contents/plugins/maven/lib/maven3"/>
    <property name="file.separator" value="/"/>
    <property name="java.vendor.url.bug" value="http://bugreport.sun.com/bugreport/"/>
    <property name="sun.cpu.endian" value="little"/>
    <property name="sun.io.unicode.encoding" value="UnicodeBig"/>
    <property name="socksNonProxyHosts" value="local|*.local|169.254/16|*.169.254/16"/>
    <property name="ftp.nonProxyHosts" value="local|*.local|169.254/16|*.169.254/16"/>
    <property name="sun.cpu.isalist" value=""/>
  </properties>
  <testcase name="Scenario: VIR-235.01 Verify that the shopper can view the order history within My Account" classname="Scenario: VIR-235.01 Verify that the shopper can view the order history within My Account" time="2.748"/>
  <testcase name="Scenario: VIR-235.02 Verify that the newest order is shown first in the list" classname="Scenario: VIR-235.02 Verify that the newest order is shown first in the list" time="0.473"/>
  <testcase name="Scenario: VIR-235.03 Verify that the orders can be filtered by" classname="Scenario: VIR-235.03 Verify that the orders can be filtered by" time="0.191"/>
  <testcase name="Scenario: VIR-235.04 Verify that the current year view of orders is set by default" classname="Scenario: VIR-235.04 Verify that the current year view of orders is set by default" time="0.479"/>
  <testcase name="Scenario: VIR-235.05 Verify that the orders can be sorted by" classname="Scenario: VIR-235.05 Verify that the orders can be sorted by" time="0.227"/>
  <testcase name="Scenario: VIR-235.06 Verify that the orders can be grouped by PO# " classname="alpha-numeric" time="0.347"/>
  <testcase name="Scenario: VIR-236.01 Verify that the shopper can see the created by him ECC orders withing Orders History" classname="Scenario: VIR-236.01 Verify that the shopper can see the created by him ECC orders withing Orders History" time="0.236"/>
  <testcase name="Scenario: VIR-236.02 Verify that the shopper is able to see the ECC orders details" classname="Scenario: VIR-236.02 Verify that the shopper is able to see the ECC orders details" time="0.318"/>
  <testcase name="Scenario: VIR-236.03 Verify that shopper is not able to reorder the ECC orders" classname="Scenario: VIR-236.03 Verify that shopper is not able to reorder the ECC orders" time="0.315"/>
  <testcase name="Scenario: VIR-237.01 Verify that the chief shopper is able to view the orders created by others within their organization" classname="Scenario: VIR-237.01 Verify that the chief shopper is able to view the orders created by others within their organization" time="0.335"/>
  <testcase name="Scenario: VIR-237.02 Verify that all orders are shown at the same page" classname="Scenario: VIR-237.02 Verify that all orders are shown at the same page" time="0.278"/>
  <testcase name="Scenario: VIR-238.01 Verify that the stuff shopper can view orders created by him/her" classname="Scenario: VIR-238.01 Verify that the stuff shopper can view orders created by him/her" time="0.304"/>
  <testcase name="Scenario: VIR-238.02 Verify that the admin shoppers can view orders placed by admin and stuff shoppers within organization" classname="Scenario: VIR-238.02 Verify that the admin shoppers can view orders placed by admin and stuff shoppers within organization" time="0.317"/>
  <testcase name="Scenario: VIR-239.01 Verify that the shopper can see the Reorder button near each order in the list of orders history" classname="Scenario: VIR-239.01 Verify that the shopper can see the Reorder button near each order in the list of orders history" time="0.265"/>
  <testcase name="Scenario: VIR-239.02 Verify that the Reorder button is present at the order details page" classname="Scenario: VIR-239.02 Verify that the Reorder button is present at the order details page" time="0.307"/>
  <testcase name="Scenario: VIR-239.03 Verify that the Reorder button is present only near the orders created by shopper" classname="Scenario: VIR-239.03 Verify that the Reorder button is present only near the orders created by shopper" time="0.274"/>
  <testcase name="Scenario: VIR-239.04 Verify that the new order with the same order details is created after reordering" classname="Scenario: VIR-239.04 Verify that the new order with the same order details is created after reordering" time="0.292"/>
  <testcase name="Scenario: VIR-239.05 Verify that the Admin can reorder the orders created by him and stuff shoppers" classname="Scenario: VIR-239.05 Verify that the Admin can reorder the orders created by him and stuff shoppers" time="0.33"/>
  <testcase name="Scenario: VIR-239.06 Verify that the Chief can reorder the orders created by him, admin and stuff shoppers" classname="Scenario: VIR-239.06 Verify that the Chief can reorder the orders created by him, admin and stuff shoppers" time="0.265"/>
  <testcase name="Scenario: VIR-239.07 Verify that the Stuff shopper can reorder the orders created by him\her only" classname="Scenario: VIR-239.07 Verify that the Stuff shopper can reorder the orders created by him\her only" time="0.274"/>
  <testcase name="Scenario: VIR-240.01 Verify that the following message is shown to the customer if they entered wrong login data at first and second times" classname="Scenario: VIR-240.01 Verify that the following message is shown to the customer if they entered wrong login data at first and second times" time="0.255"/>
  <testcase name="Scenario: VIR-240.02 Verify that the error message is shown to the customer if they entered wrong login data three and more times" classname="Scenario: VIR-240.02 Verify that the error message is shown to the customer if they entered wrong login data three and more times" time="0.302"/>
  <testcase name="Scenario: VIR-240.03 Verify that the account is locked automatically after 3 incorrect login attempts" classname="Scenario: VIR-240.03 Verify that the account is locked automatically after 3 incorrect login attempts" time="0.288"/>
  <testcase name="Scenario: VIR-240.04 Verify that the customer can phone via Skype when they click on the phone number from desktop browser" classname="Scenario: VIR-240.04 Verify that the customer can phone via Skype when they click on the phone number from desktop browser" time="0.293"/>
  <testcase name="Scenario: VIR-240.05 Verify that the customer can phone via phone/skype when they click on the phone number from mobile device" classname="Scenario: VIR-240.05 Verify that the customer can phone via phone/skype when they click on the phone number from mobile device" time="0.213"/>
  <testcase name="Scenario: VIR-241.01 Verify that the bunch of customers are created in hybris after running mass setup script" classname="Scenario: VIR-241.01 Verify that the bunch of customers are created in hybris after running mass setup script" time="0.384"/>
  <testcase name="Scenario: VIR-241.02 Verify that the personal details are mapped appropriately" classname="Scenario: VIR-241.02 Verify that the personal details are mapped appropriately" time="0.272"/>
  <testcase name="Scenario: VIR-241.03 Verify that the data outlined in ID3 are copied into the hybris" classname="Scenario: VIR-241.03 Verify that the data outlined in ID3 are copied into the hybris" time="0.378"/>
  <testcase name="Scenario: VIR-241.04 Verify that just set up customers can log into the system and perform appropriate activities " classname="due to the permissions" time="0.282"/>
  <testcase name="Given open the site and login" classname="Scenario: VIR-242.01 Verify that the following sub menu My Account menu has following options" time="0.008">
    <error type="net.serenitybdd.core.exceptions.SerenityManagedException:"><![CDATA[net.serenitybdd.core.exceptions.SerenityManagedException: null
	at com.virco.locators.SiteData.<clinit>(SiteData.java:9)
	at com.virco.steps.serenity.CommonUserSteps.openTheSite(CommonUserSteps.java:19)
	at com.virco.steps.serenity.CommonUserSteps$$EnhancerByCGLIB$$d8541bfa.CGLIB$openTheSite$6(<generated>)
	at com.virco.steps.serenity.CommonUserSteps$$EnhancerByCGLIB$$d8541bfa$$FastClassByCGLIB$$ea8e0f86.invoke(<generated>)
	at net.sf.cglib.proxy.MethodProxy.invokeSuper(MethodProxy.java:228)
	at net.thucydides.core.steps.StepInterceptor.invokeMethod(StepInterceptor.java:372)
	at net.thucydides.core.steps.StepInterceptor.executeTestStepMethod(StepInterceptor.java:357)
	at net.thucydides.core.steps.StepInterceptor.runTestStep(StepInterceptor.java:332)
	at net.thucydides.core.steps.StepInterceptor.testStepResult(StepInterceptor.java:134)
	at net.thucydides.core.steps.StepInterceptor.intercept(StepInterceptor.java:61)
	at com.virco.steps.serenity.CommonUserSteps$$EnhancerByCGLIB$$d8541bfa.openTheSite(<generated>)
	at com.virco.steps.CommonDefinitionSteps.openTheSiteAndLogin(CommonDefinitionSteps.java:72)
	at sun.reflect.NativeMethodAccessorImpl.invoke0(Native Method)
	at sun.reflect.NativeMethodAccessorImpl.invoke(NativeMethodAccessorImpl.java:62)
	at sun.reflect.DelegatingMethodAccessorImpl.invoke(DelegatingMethodAccessorImpl.java:43)
	at java.lang.reflect.Method.invoke(Method.java:498)
	at cucumber.runtime.Utils$1.call(Utils.java:40)
	at cucumber.runtime.Timeout.timeout(Timeout.java:16)
	at cucumber.runtime.Utils.invoke(Utils.java:34)
	at cucumber.runtime.java.JavaStepDefinition.execute(JavaStepDefinition.java:38)
	at cucumber.runtime.StepDefinitionMatch.runStep(StepDefinitionMatch.java:37)
	at cucumber.runtime.Runtime.runStep(Runtime.java:300)
	at cucumber.runtime.model.StepContainer.runStep(StepContainer.java:44)
	at cucumber.runtime.model.StepContainer.runSteps(StepContainer.java:39)
	at cucumber.runtime.model.CucumberScenario.run(CucumberScenario.java:44)
	at cucumber.runtime.junit.ExecutionUnitRunner.run(ExecutionUnitRunner.java:102)
	at cucumber.runtime.junit.FeatureRunner.runChild(FeatureRunner.java:63)
	at cucumber.runtime.junit.FeatureRunner.runChild(FeatureRunner.java:18)
	at org.junit.runners.ParentRunner$3.run(ParentRunner.java:290)
	at org.junit.runners.ParentRunner$1.schedule(ParentRunner.java:71)
	at org.junit.runners.ParentRunner.runChildren(ParentRunner.java:288)
	at org.junit.runners.ParentRunner.access$000(ParentRunner.java:58)
	at org.junit.runners.ParentRunner$2.evaluate(ParentRunner.java:268)
	at org.junit.runners.ParentRunner.run(ParentRunner.java:363)
	at cucumber.runtime.junit.FeatureRunner.run(FeatureRunner.java:70)
	at cucumber.api.junit.Cucumber.runChild(Cucumber.java:95)
	at cucumber.api.junit.Cucumber.runChild(Cucumber.java:38)
	at org.junit.runners.ParentRunner$3.run(ParentRunner.java:290)
	at org.junit.runners.ParentRunner$1.schedule(ParentRunner.java:71)
	at org.junit.runners.ParentRunner.runChildren(ParentRunner.java:288)
	at org.junit.runners.ParentRunner.access$000(ParentRunner.java:58)
	at org.junit.runners.ParentRunner$2.evaluate(ParentRunner.java:268)
	at org.junit.runners.ParentRunner.run(ParentRunner.java:363)
	at cucumber.api.junit.Cucumber.run(Cucumber.java:100)
	at org.apache.maven.surefire.junit4.JUnit4Provider.execute(JUnit4Provider.java:283)
	at org.apache.maven.surefire.junit4.JUnit4Provider.executeWithRerun(JUnit4Provider.java:173)
	at org.apache.maven.surefire.junit4.JUnit4Provider.executeTestSet(JUnit4Provider.java:153)
	at org.apache.maven.surefire.junit4.JUnit4Provider.invoke(JUnit4Provider.java:128)
	at org.apache.maven.surefire.booter.ForkedBooter.invokeProviderInSameClassLoader(ForkedBooter.java:203)
	at org.apache.maven.surefire.booter.ForkedBooter.runSuitesInProcess(ForkedBooter.java:155)
	at org.apache.maven.surefire.booter.ForkedBooter.main(ForkedBooter.java:103)
Caused by: java.lang.NullPointerException: null
	at com.virco.utils.PreExecutionSetUp.getHybrisUrls(PreExecutionSetUp.java:20)
	at com.virco.utils.PreExecutionSetUp.<clinit>(PreExecutionSetUp.java:9)
	at com.virco.locators.SiteData.<clinit>(SiteData.java:9)
	at com.virco.steps.serenity.CommonUserSteps.openTheSite(CommonUserSteps.java:19)
	at com.virco.steps.serenity.CommonUserSteps$$EnhancerByCGLIB$$d8541bfa.CGLIB$openTheSite$6(<generated>)
	at com.virco.steps.serenity.CommonUserSteps$$EnhancerByCGLIB$$d8541bfa$$FastClassByCGLIB$$ea8e0f86.invoke(<generated>)
	at net.sf.cglib.proxy.MethodProxy.invokeSuper(MethodProxy.java:228)
	at net.thucydides.core.steps.StepInterceptor.invokeMethod(StepInterceptor.java:372)
	at net.thucydides.core.steps.StepInterceptor.executeTestStepMethod(StepInterceptor.java:357)
	at net.thucydides.core.steps.StepInterceptor.runTestStep(StepInterceptor.java:332)
	at net.thucydides.core.steps.StepInterceptor.testStepResult(StepInterceptor.java:134)
	at net.thucydides.core.steps.StepInterceptor.intercept(StepInterceptor.java:61)
	at com.virco.steps.serenity.CommonUserSteps$$EnhancerByCGLIB$$d8541bfa.openTheSite(<generated>)
	at com.virco.steps.CommonDefinitionSteps.openTheSiteAndLogin(CommonDefinitionSteps.java:72)
	at sun.reflect.NativeMethodAccessorImpl.invoke0(Native Method)
	at sun.reflect.NativeMethodAccessorImpl.invoke(NativeMethodAccessorImpl.java:62)
	at sun.reflect.DelegatingMethodAccessorImpl.invoke(DelegatingMethodAccessorImpl.java:43)
	at java.lang.reflect.Method.invoke(Method.java:498)
	at cucumber.runtime.Utils$1.call(Utils.java:40)
	at cucumber.runtime.Timeout.timeout(Timeout.java:16)
	at cucumber.runtime.Utils.invoke(Utils.java:34)
	at cucumber.runtime.java.JavaStepDefinition.execute(JavaStepDefinition.java:38)
	at cucumber.runtime.StepDefinitionMatch.runStep(StepDefinitionMatch.java:37)
	at cucumber.runtime.Runtime.runStep(Runtime.java:300)
	at cucumber.runtime.model.StepContainer.runStep(StepContainer.java:44)
	at cucumber.runtime.model.StepContainer.runSteps(StepContainer.java:39)
	at cucumber.runtime.model.CucumberScenario.run(CucumberScenario.java:44)
	at cucumber.runtime.junit.ExecutionUnitRunner.run(ExecutionUnitRunner.java:102)
	at cucumber.runtime.junit.FeatureRunner.runChild(FeatureRunner.java:63)
	at cucumber.runtime.junit.FeatureRunner.runChild(FeatureRunner.java:18)
	at org.junit.runners.ParentRunner$3.run(ParentRunner.java:290)
	at org.junit.runners.ParentRunner$1.schedule(ParentRunner.java:71)
	at org.junit.runners.ParentRunner.runChildren(ParentRunner.java:288)
	at org.junit.runners.ParentRunner.access$000(ParentRunner.java:58)
	at org.junit.runners.ParentRunner$2.evaluate(ParentRunner.java:268)
	at org.junit.runners.ParentRunner.run(ParentRunner.java:363)
	at cucumber.runtime.junit.FeatureRunner.run(FeatureRunner.java:70)
	at cucumber.api.junit.Cucumber.runChild(Cucumber.java:95)
	at cucumber.api.junit.Cucumber.runChild(Cucumber.java:38)
	at org.junit.runners.ParentRunner$3.run(ParentRunner.java:290)
	at org.junit.runners.ParentRunner$1.schedule(ParentRunner.java:71)
	at org.junit.runners.ParentRunner.runChildren(ParentRunner.java:288)
	at org.junit.runners.ParentRunner.access$000(ParentRunner.java:58)
	at org.junit.runners.ParentRunner$2.evaluate(ParentRunner.java:268)
	at org.junit.runners.ParentRunner.run(ParentRunner.java:363)
	at cucumber.api.junit.Cucumber.run(Cucumber.java:100)
	at org.apache.maven.surefire.junit4.JUnit4Provider.execute(JUnit4Provider.java:283)
	at org.apache.maven.surefire.junit4.JUnit4Provider.executeWithRerun(JUnit4Provider.java:173)
	at org.apache.maven.surefire.junit4.JUnit4Provider.executeTestSet(JUnit4Provider.java:153)
	at org.apache.maven.surefire.junit4.JUnit4Provider.invoke(JUnit4Provider.java:128)
	at org.apache.maven.surefire.booter.ForkedBooter.invokeProviderInSameClassLoader(ForkedBooter.java:203)
	at org.apache.maven.surefire.booter.ForkedBooter.runSuitesInProcess(ForkedBooter.java:155)
	at org.apache.maven.surefire.booter.ForkedBooter.main(ForkedBooter.java:103)
]]></error>
    <system-err><![CDATA[[main] INFO net.serenitybdd.core.Serenity - Test Suite Started: ACT-17 - My Account View Options
[main] INFO net.serenitybdd.core.Serenity - 
 _____ _____ ____ _____   ____ _____  _    ____ _____ _____ ____  
|_   _| ____/ ___|_   _| / ___|_   _|/ \  |  _ \_   _| ____|  _ \ 
  | | |  _| \___ \ | |   \___ \ | | / _ \ | |_) || | |  _| | | | |
  | | | |___ ___) || |    ___) || |/ ___ \|  _ < | | | |___| |_| |
  |_| |_____|____/ |_|   |____/ |_/_/   \_\_| \_\|_| |_____|____/ 
                                                                  

TEST STARTED: VIR-242.01 Verify that the following sub menu My Account menu has following options
-------------------------------------------------------------------(act-17---my-account-view-options;vir-242.01-verify-that-the-following-sub-menu-my-account-menu-has-following-options)
[main] INFO net.serenitybdd.core.Serenity - STARTING STEP Given open the site and login
[main] INFO net.serenitybdd.core.Serenity - STARTING STEP Open the site
[main] INFO net.serenitybdd.core.Serenity - STEP ERROR: net.serenitybdd.core.exceptions.SerenityManagedException
]]></system-err>
  </testcase>
  <testcase name="Scenario: VIR-242.01 Verify that the following sub menu My Account menu has following options" classname="Scenario: VIR-242.01 Verify that the following sub menu My Account menu has following options" time="0.01">
    <error type="net.serenitybdd.core.exceptions.SerenityManagedException:"><![CDATA[net.serenitybdd.core.exceptions.SerenityManagedException: null
	at com.virco.locators.SiteData.<clinit>(SiteData.java:9)
	at com.virco.steps.serenity.CommonUserSteps.openTheSite(CommonUserSteps.java:19)
	at com.virco.steps.serenity.CommonUserSteps$$EnhancerByCGLIB$$d8541bfa.CGLIB$openTheSite$6(<generated>)
	at com.virco.steps.serenity.CommonUserSteps$$EnhancerByCGLIB$$d8541bfa$$FastClassByCGLIB$$ea8e0f86.invoke(<generated>)
	at net.sf.cglib.proxy.MethodProxy.invokeSuper(MethodProxy.java:228)
	at net.thucydides.core.steps.StepInterceptor.invokeMethod(StepInterceptor.java:372)
	at net.thucydides.core.steps.StepInterceptor.executeTestStepMethod(StepInterceptor.java:357)
	at net.thucydides.core.steps.StepInterceptor.runTestStep(StepInterceptor.java:332)
	at net.thucydides.core.steps.StepInterceptor.testStepResult(StepInterceptor.java:134)
	at net.thucydides.core.steps.StepInterceptor.intercept(StepInterceptor.java:61)
	at com.virco.steps.serenity.CommonUserSteps$$EnhancerByCGLIB$$d8541bfa.openTheSite(<generated>)
	at com.virco.steps.CommonDefinitionSteps.openTheSiteAndLogin(CommonDefinitionSteps.java:72)
	at sun.reflect.NativeMethodAccessorImpl.invoke0(Native Method)
	at sun.reflect.NativeMethodAccessorImpl.invoke(NativeMethodAccessorImpl.java:62)
	at sun.reflect.DelegatingMethodAccessorImpl.invoke(DelegatingMethodAccessorImpl.java:43)
	at java.lang.reflect.Method.invoke(Method.java:498)
	at cucumber.runtime.Utils$1.call(Utils.java:40)
	at cucumber.runtime.Timeout.timeout(Timeout.java:16)
	at cucumber.runtime.Utils.invoke(Utils.java:34)
	at cucumber.runtime.java.JavaStepDefinition.execute(JavaStepDefinition.java:38)
	at cucumber.runtime.StepDefinitionMatch.runStep(StepDefinitionMatch.java:37)
	at cucumber.runtime.Runtime.runStep(Runtime.java:300)
	at cucumber.runtime.model.StepContainer.runStep(StepContainer.java:44)
	at cucumber.runtime.model.StepContainer.runSteps(StepContainer.java:39)
	at cucumber.runtime.model.CucumberScenario.run(CucumberScenario.java:44)
	at cucumber.runtime.junit.ExecutionUnitRunner.run(ExecutionUnitRunner.java:102)
	at cucumber.runtime.junit.FeatureRunner.runChild(FeatureRunner.java:63)
	at cucumber.runtime.junit.FeatureRunner.runChild(FeatureRunner.java:18)
	at org.junit.runners.ParentRunner$3.run(ParentRunner.java:290)
	at org.junit.runners.ParentRunner$1.schedule(ParentRunner.java:71)
	at org.junit.runners.ParentRunner.runChildren(ParentRunner.java:288)
	at org.junit.runners.ParentRunner.access$000(ParentRunner.java:58)
	at org.junit.runners.ParentRunner$2.evaluate(ParentRunner.java:268)
	at org.junit.runners.ParentRunner.run(ParentRunner.java:363)
	at cucumber.runtime.junit.FeatureRunner.run(FeatureRunner.java:70)
	at cucumber.api.junit.Cucumber.runChild(Cucumber.java:95)
	at cucumber.api.junit.Cucumber.runChild(Cucumber.java:38)
	at org.junit.runners.ParentRunner$3.run(ParentRunner.java:290)
	at org.junit.runners.ParentRunner$1.schedule(ParentRunner.java:71)
	at org.junit.runners.ParentRunner.runChildren(ParentRunner.java:288)
	at org.junit.runners.ParentRunner.access$000(ParentRunner.java:58)
	at org.junit.runners.ParentRunner$2.evaluate(ParentRunner.java:268)
	at org.junit.runners.ParentRunner.run(ParentRunner.java:363)
	at cucumber.api.junit.Cucumber.run(Cucumber.java:100)
	at org.apache.maven.surefire.junit4.JUnit4Provider.execute(JUnit4Provider.java:283)
	at org.apache.maven.surefire.junit4.JUnit4Provider.executeWithRerun(JUnit4Provider.java:173)
	at org.apache.maven.surefire.junit4.JUnit4Provider.executeTestSet(JUnit4Provider.java:153)
	at org.apache.maven.surefire.junit4.JUnit4Provider.invoke(JUnit4Provider.java:128)
	at org.apache.maven.surefire.booter.ForkedBooter.invokeProviderInSameClassLoader(ForkedBooter.java:203)
	at org.apache.maven.surefire.booter.ForkedBooter.runSuitesInProcess(ForkedBooter.java:155)
	at org.apache.maven.surefire.booter.ForkedBooter.main(ForkedBooter.java:103)
Caused by: java.lang.NullPointerException: null
	at com.virco.utils.PreExecutionSetUp.getHybrisUrls(PreExecutionSetUp.java:20)
	at com.virco.utils.PreExecutionSetUp.<clinit>(PreExecutionSetUp.java:9)
	at com.virco.locators.SiteData.<clinit>(SiteData.java:9)
	at com.virco.steps.serenity.CommonUserSteps.openTheSite(CommonUserSteps.java:19)
	at com.virco.steps.serenity.CommonUserSteps$$EnhancerByCGLIB$$d8541bfa.CGLIB$openTheSite$6(<generated>)
	at com.virco.steps.serenity.CommonUserSteps$$EnhancerByCGLIB$$d8541bfa$$FastClassByCGLIB$$ea8e0f86.invoke(<generated>)
	at net.sf.cglib.proxy.MethodProxy.invokeSuper(MethodProxy.java:228)
	at net.thucydides.core.steps.StepInterceptor.invokeMethod(StepInterceptor.java:372)
	at net.thucydides.core.steps.StepInterceptor.executeTestStepMethod(StepInterceptor.java:357)
	at net.thucydides.core.steps.StepInterceptor.runTestStep(StepInterceptor.java:332)
	at net.thucydides.core.steps.StepInterceptor.testStepResult(StepInterceptor.java:134)
	at net.thucydides.core.steps.StepInterceptor.intercept(StepInterceptor.java:61)
	at com.virco.steps.serenity.CommonUserSteps$$EnhancerByCGLIB$$d8541bfa.openTheSite(<generated>)
	at com.virco.steps.CommonDefinitionSteps.openTheSiteAndLogin(CommonDefinitionSteps.java:72)
	at sun.reflect.NativeMethodAccessorImpl.invoke0(Native Method)
	at sun.reflect.NativeMethodAccessorImpl.invoke(NativeMethodAccessorImpl.java:62)
	at sun.reflect.DelegatingMethodAccessorImpl.invoke(DelegatingMethodAccessorImpl.java:43)
	at java.lang.reflect.Method.invoke(Method.java:498)
	at cucumber.runtime.Utils$1.call(Utils.java:40)
	at cucumber.runtime.Timeout.timeout(Timeout.java:16)
	at cucumber.runtime.Utils.invoke(Utils.java:34)
	at cucumber.runtime.java.JavaStepDefinition.execute(JavaStepDefinition.java:38)
	at cucumber.runtime.StepDefinitionMatch.runStep(StepDefinitionMatch.java:37)
	at cucumber.runtime.Runtime.runStep(Runtime.java:300)
	at cucumber.runtime.model.StepContainer.runStep(StepContainer.java:44)
	at cucumber.runtime.model.StepContainer.runSteps(StepContainer.java:39)
	at cucumber.runtime.model.CucumberScenario.run(CucumberScenario.java:44)
	at cucumber.runtime.junit.ExecutionUnitRunner.run(ExecutionUnitRunner.java:102)
	at cucumber.runtime.junit.FeatureRunner.runChild(FeatureRunner.java:63)
	at cucumber.runtime.junit.FeatureRunner.runChild(FeatureRunner.java:18)
	at org.junit.runners.ParentRunner$3.run(ParentRunner.java:290)
	at org.junit.runners.ParentRunner$1.schedule(ParentRunner.java:71)
	at org.junit.runners.ParentRunner.runChildren(ParentRunner.java:288)
	at org.junit.runners.ParentRunner.access$000(ParentRunner.java:58)
	at org.junit.runners.ParentRunner$2.evaluate(ParentRunner.java:268)
	at org.junit.runners.ParentRunner.run(ParentRunner.java:363)
	at cucumber.runtime.junit.FeatureRunner.run(FeatureRunner.java:70)
	at cucumber.api.junit.Cucumber.runChild(Cucumber.java:95)
	at cucumber.api.junit.Cucumber.runChild(Cucumber.java:38)
	at org.junit.runners.ParentRunner$3.run(ParentRunner.java:290)
	at org.junit.runners.ParentRunner$1.schedule(ParentRunner.java:71)
	at org.junit.runners.ParentRunner.runChildren(ParentRunner.java:288)
	at org.junit.runners.ParentRunner.access$000(ParentRunner.java:58)
	at org.junit.runners.ParentRunner$2.evaluate(ParentRunner.java:268)
	at org.junit.runners.ParentRunner.run(ParentRunner.java:363)
	at cucumber.api.junit.Cucumber.run(Cucumber.java:100)
	at org.apache.maven.surefire.junit4.JUnit4Provider.execute(JUnit4Provider.java:283)
	at org.apache.maven.surefire.junit4.JUnit4Provider.executeWithRerun(JUnit4Provider.java:173)
	at org.apache.maven.surefire.junit4.JUnit4Provider.executeTestSet(JUnit4Provider.java:153)
	at org.apache.maven.surefire.junit4.JUnit4Provider.invoke(JUnit4Provider.java:128)
	at org.apache.maven.surefire.booter.ForkedBooter.invokeProviderInSameClassLoader(ForkedBooter.java:203)
	at org.apache.maven.surefire.booter.ForkedBooter.runSuitesInProcess(ForkedBooter.java:155)
	at org.apache.maven.surefire.booter.ForkedBooter.main(ForkedBooter.java:103)
]]></error>
  </testcase>
  <testcase name="When click on &quot;My Account&quot; link in header" classname="Scenario: VIR-242.01 Verify that the following sub menu My Account menu has following options" time="0">
    <skipped/>
    <system-err><![CDATA[[main] INFO net.serenitybdd.core.Serenity - STEP ERROR: java.lang.ExceptionInInitializerError
[main] INFO net.serenitybdd.core.Serenity - STARTING STEP When click on "My Account" link in header
]]></system-err>
  </testcase>
  <testcase name="Then My account menu has following items:" classname="Scenario: VIR-242.01 Verify that the following sub menu My Account menu has following options" time="0">
    <skipped/>
    <system-err><![CDATA[[main] INFO net.serenitybdd.core.Serenity - IGNORING STEP
[main] INFO net.serenitybdd.core.Serenity - STARTING STEP Then My account menu has following items:
| Personal Details |
| Password |
| Email Address |
| Order History |
| Payment Details |
| Quotes Submitted For Review |
| Saved Carts |
| Sign Out |
]]></system-err>
  </testcase>
  <testcase name="Given open the site and login" classname="| Personal Details |" time="0.002">
    <error message="Could not initialize class com.virco.locators.SiteData" type="net.serenitybdd.core.exceptions.SerenityManagedException"><![CDATA[net.serenitybdd.core.exceptions.SerenityManagedException: Could not initialize class com.virco.locators.SiteData
	at com.virco.steps.serenity.CommonUserSteps.openTheSite(CommonUserSteps.java:19)
	at com.virco.steps.serenity.CommonUserSteps$$EnhancerByCGLIB$$d8541bfa.CGLIB$openTheSite$6(<generated>)
	at com.virco.steps.serenity.CommonUserSteps$$EnhancerByCGLIB$$d8541bfa$$FastClassByCGLIB$$ea8e0f86.invoke(<generated>)
	at net.sf.cglib.proxy.MethodProxy.invokeSuper(MethodProxy.java:228)
	at net.thucydides.core.steps.StepInterceptor.invokeMethod(StepInterceptor.java:372)
	at net.thucydides.core.steps.StepInterceptor.executeTestStepMethod(StepInterceptor.java:357)
	at net.thucydides.core.steps.StepInterceptor.runTestStep(StepInterceptor.java:332)
	at net.thucydides.core.steps.StepInterceptor.testStepResult(StepInterceptor.java:134)
	at net.thucydides.core.steps.StepInterceptor.intercept(StepInterceptor.java:61)
	at com.virco.steps.serenity.CommonUserSteps$$EnhancerByCGLIB$$d8541bfa.openTheSite(<generated>)
	at com.virco.steps.CommonDefinitionSteps.openTheSiteAndLogin(CommonDefinitionSteps.java:72)
	at sun.reflect.NativeMethodAccessorImpl.invoke0(Native Method)
	at sun.reflect.NativeMethodAccessorImpl.invoke(NativeMethodAccessorImpl.java:62)
	at sun.reflect.DelegatingMethodAccessorImpl.invoke(DelegatingMethodAccessorImpl.java:43)
	at java.lang.reflect.Method.invoke(Method.java:498)
	at cucumber.runtime.Utils$1.call(Utils.java:40)
	at cucumber.runtime.Timeout.timeout(Timeout.java:16)
	at cucumber.runtime.Utils.invoke(Utils.java:34)
	at cucumber.runtime.java.JavaStepDefinition.execute(JavaStepDefinition.java:38)
	at cucumber.runtime.StepDefinitionMatch.runStep(StepDefinitionMatch.java:37)
	at cucumber.runtime.Runtime.runStep(Runtime.java:300)
	at cucumber.runtime.model.StepContainer.runStep(StepContainer.java:44)
	at cucumber.runtime.model.StepContainer.runSteps(StepContainer.java:39)
	at cucumber.runtime.model.CucumberScenario.run(CucumberScenario.java:44)
	at cucumber.runtime.junit.ExecutionUnitRunner.run(ExecutionUnitRunner.java:102)
	at org.junit.runners.Suite.runChild(Suite.java:128)
	at org.junit.runners.Suite.runChild(Suite.java:27)
	at org.junit.runners.ParentRunner$3.run(ParentRunner.java:290)
	at org.junit.runners.ParentRunner$1.schedule(ParentRunner.java:71)
	at org.junit.runners.ParentRunner.runChildren(ParentRunner.java:288)
	at org.junit.runners.ParentRunner.access$000(ParentRunner.java:58)
	at org.junit.runners.ParentRunner$2.evaluate(ParentRunner.java:268)
	at org.junit.runners.ParentRunner.run(ParentRunner.java:363)
	at cucumber.runtime.junit.ExamplesRunner.run(ExamplesRunner.java:59)
	at org.junit.runners.Suite.runChild(Suite.java:128)
	at org.junit.runners.Suite.runChild(Suite.java:27)
	at org.junit.runners.ParentRunner$3.run(ParentRunner.java:290)
	at org.junit.runners.ParentRunner$1.schedule(ParentRunner.java:71)
	at org.junit.runners.ParentRunner.runChildren(ParentRunner.java:288)
	at org.junit.runners.ParentRunner.access$000(ParentRunner.java:58)
	at org.junit.runners.ParentRunner$2.evaluate(ParentRunner.java:268)
	at org.junit.runners.ParentRunner.run(ParentRunner.java:363)
	at cucumber.runtime.junit.ScenarioOutlineRunner.run(ScenarioOutlineRunner.java:53)
	at cucumber.runtime.junit.FeatureRunner.runChild(FeatureRunner.java:63)
	at cucumber.runtime.junit.FeatureRunner.runChild(FeatureRunner.java:18)
	at org.junit.runners.ParentRunner$3.run(ParentRunner.java:290)
	at org.junit.runners.ParentRunner$1.schedule(ParentRunner.java:71)
	at org.junit.runners.ParentRunner.runChildren(ParentRunner.java:288)
	at org.junit.runners.ParentRunner.access$000(ParentRunner.java:58)
	at org.junit.runners.ParentRunner$2.evaluate(ParentRunner.java:268)
	at org.junit.runners.ParentRunner.run(ParentRunner.java:363)
	at cucumber.runtime.junit.FeatureRunner.run(FeatureRunner.java:70)
	at cucumber.api.junit.Cucumber.runChild(Cucumber.java:95)
	at cucumber.api.junit.Cucumber.runChild(Cucumber.java:38)
	at org.junit.runners.ParentRunner$3.run(ParentRunner.java:290)
	at org.junit.runners.ParentRunner$1.schedule(ParentRunner.java:71)
	at org.junit.runners.ParentRunner.runChildren(ParentRunner.java:288)
	at org.junit.runners.ParentRunner.access$000(ParentRunner.java:58)
	at org.junit.runners.ParentRunner$2.evaluate(ParentRunner.java:268)
	at org.junit.runners.ParentRunner.run(ParentRunner.java:363)
	at cucumber.api.junit.Cucumber.run(Cucumber.java:100)
	at org.apache.maven.surefire.junit4.JUnit4Provider.execute(JUnit4Provider.java:283)
	at org.apache.maven.surefire.junit4.JUnit4Provider.executeWithRerun(JUnit4Provider.java:173)
	at org.apache.maven.surefire.junit4.JUnit4Provider.executeTestSet(JUnit4Provider.java:153)
	at org.apache.maven.surefire.junit4.JUnit4Provider.invoke(JUnit4Provider.java:128)
	at org.apache.maven.surefire.booter.ForkedBooter.invokeProviderInSameClassLoader(ForkedBooter.java:203)
	at org.apache.maven.surefire.booter.ForkedBooter.runSuitesInProcess(ForkedBooter.java:155)
	at org.apache.maven.surefire.booter.ForkedBooter.main(ForkedBooter.java:103)
]]></error>
    <system-err><![CDATA[[main] INFO net.serenitybdd.core.Serenity - IGNORING STEP
[main] ERROR net.serenitybdd.core.Serenity - 
           __  _____ _____ ____ _____   _____ _    ___ _     _____ ____  
  _       / / |_   _| ____/ ___|_   _| |  ___/ \  |_ _| |   | ____|  _ \ 
 (_)_____| |    | | |  _| \___ \ | |   | |_ / _ \  | || |   |  _| | | | |
  _|_____| |    | | | |___ ___) || |   |  _/ ___ \ | || |___| |___| |_| |
 (_)     | |    |_| |_____|____/ |_|   |_|/_/   \_\___|_____|_____|____/ 
          \_\                                                            

TEST FAILED WITH ERROR: VIR-242.01 Verify that the following sub menu My Account menu has following options
---------------------------------------------------------------------
[main] ERROR net.serenitybdd.core.Serenity - TEST FAILED AT STEP Open the site
[main] ERROR net.serenitybdd.core.Serenity - 
[pool-1-thread-2] INFO net.thucydides.core.reports.json.JSONTestOutcomeReporter - Generating JSON report for VIR-235.03 Verify that the orders can be filtered by to file /Users/rodionsavchuk/hybrisAutomation/virco-automatedtests/target/site/serenity/29922dd92355b657a29ca8ceee8ece530ee19fab8572208c0d42c3104ff16960.json (using temp file /Users/rodionsavchuk/hybrisAutomation/virco-automatedtests/target/site/serenity/29922dd92355b657a29ca8ceee8ece530ee19fab8572208c0d42c3104ff16960.json79ef525f-254e-4e78-9a08-37f7dfc5b9e2)
[pool-1-thread-4] INFO net.thucydides.core.reports.json.JSONTestOutcomeReporter - Generating JSON report for VIR-235.01 Verify that the shopper can view the order history within My Account to file /Users/rodionsavchuk/hybrisAutomation/virco-automatedtests/target/site/serenity/273677580b5ade55ccb470a2e988196811df982925cdbb1ace31e0a5efaabec1.json (using temp file /Users/rodionsavchuk/hybrisAutomation/virco-automatedtests/target/site/serenity/273677580b5ade55ccb470a2e988196811df982925cdbb1ace31e0a5efaabec1.json3b4f36ed-cc7d-4bee-b5f5-691b718c53d8)
[pool-1-thread-3] INFO net.thucydides.core.reports.json.JSONTestOutcomeReporter - Generating JSON report for VIR-235.02 Verify that the newest order is shown first in the list to file /Users/rodionsavchuk/hybrisAutomation/virco-automatedtests/target/site/serenity/8840d0acce101c4828203142f8d64f0725d2637a38c8eebef56a7d6a8b899749.json (using temp file /Users/rodionsavchuk/hybrisAutomation/virco-automatedtests/target/site/serenity/8840d0acce101c4828203142f8d64f0725d2637a38c8eebef56a7d6a8b899749.jsonfd51ad98-e5f6-4449-b2ce-fade5d5e09e7)
[pool-1-thread-1] INFO net.thucydides.core.reports.json.JSONTestOutcomeReporter - Generating JSON report for VIR-235.04 Verify that the current year view of orders is set by default to file /Users/rodionsavchuk/hybrisAutomation/virco-automatedtests/target/site/serenity/611fe17d9cda8a2f0360fd4a5e0044434a5a44282d734d3f572d018496b6a768.json (using temp file /Users/rodionsavchuk/hybrisAutomation/virco-automatedtests/target/site/serenity/611fe17d9cda8a2f0360fd4a5e0044434a5a44282d734d3f572d018496b6a768.jsonb9d07888-805b-4daf-838d-1ec4f33fc572)
[pool-1-thread-4] INFO net.thucydides.core.reports.json.JSONTestOutcomeReporter - Generating JSON report for VIR-235.05 Verify that the orders can be sorted by to file /Users/rodionsavchuk/hybrisAutomation/virco-automatedtests/target/site/serenity/b3c85d502fdd11d32f7b2c0e62dbb38be0c6f9c593e4d4ccd95adcc5fe60b304.json (using temp file /Users/rodionsavchuk/hybrisAutomation/virco-automatedtests/target/site/serenity/b3c85d502fdd11d32f7b2c0e62dbb38be0c6f9c593e4d4ccd95adcc5fe60b304.jsondab18de5-15b8-4aaf-b469-47b3aa807519)
[pool-1-thread-1] INFO net.thucydides.core.reports.json.JSONTestOutcomeReporter - Generating JSON report for VIR-235.06 Verify that the orders can be grouped by PO# (alpha-numeric) to file /Users/rodionsavchuk/hybrisAutomation/virco-automatedtests/target/site/serenity/69529ca40520069837eb10aa62eb1ab7518abd062932198aaa75ce49a153bdf4.json (using temp file /Users/rodionsavchuk/hybrisAutomation/virco-automatedtests/target/site/serenity/69529ca40520069837eb10aa62eb1ab7518abd062932198aaa75ce49a153bdf4.jsond9b12135-9f47-4bb4-9944-b4c4656affca)
[pool-1-thread-2] INFO net.thucydides.core.reports.json.JSONTestOutcomeReporter - Generating JSON report for VIR-236.01 Verify that the shopper can see the created by him ECC orders withing Orders History to file /Users/rodionsavchuk/hybrisAutomation/virco-automatedtests/target/site/serenity/6e0b05141f32d41efa52a2f8708a010ef30be5406c962e50aa108e52f637ff4f.json (using temp file /Users/rodionsavchuk/hybrisAutomation/virco-automatedtests/target/site/serenity/6e0b05141f32d41efa52a2f8708a010ef30be5406c962e50aa108e52f637ff4f.json927df3aa-a323-46e7-a182-d9b8330d9b98)
[pool-1-thread-3] INFO net.thucydides.core.reports.json.JSONTestOutcomeReporter - Generating JSON report for VIR-236.02 Verify that the shopper is able to see the ECC orders details to file /Users/rodionsavchuk/hybrisAutomation/virco-automatedtests/target/site/serenity/06a785ccbf37298662c0a3d0b35aa8a04f4eb296e14af96a2032ecacd8155265.json (using temp file /Users/rodionsavchuk/hybrisAutomation/virco-automatedtests/target/site/serenity/06a785ccbf37298662c0a3d0b35aa8a04f4eb296e14af96a2032ecacd8155265.jsonc650e1cb-42cc-4f05-95e7-ca3d9258aa04)
[pool-1-thread-4] INFO net.thucydides.core.reports.json.JSONTestOutcomeReporter - Generating JSON report for VIR-236.03 Verify that shopper is not able to reorder the ECC orders to file /Users/rodionsavchuk/hybrisAutomation/virco-automatedtests/target/site/serenity/adad10cc0c0c283641a22aee227822d43a6b04d28868ac5b5b9f65428e2198f1.json (using temp file /Users/rodionsavchuk/hybrisAutomation/virco-automatedtests/target/site/serenity/adad10cc0c0c283641a22aee227822d43a6b04d28868ac5b5b9f65428e2198f1.json942ae1af-10a1-4a60-ab4d-40d0c205e3be)
[pool-1-thread-3] INFO net.thucydides.core.reports.json.JSONTestOutcomeReporter - Generating JSON report for VIR-237.01 Verify that the chief shopper is able to view the orders created by others within their organization to file /Users/rodionsavchuk/hybrisAutomation/virco-automatedtests/target/site/serenity/37ec79a1d6a9cc6a2aec4574466f6dcb64dfed35c002fda7b3134b876ab9d490.json (using temp file /Users/rodionsavchuk/hybrisAutomation/virco-automatedtests/target/site/serenity/37ec79a1d6a9cc6a2aec4574466f6dcb64dfed35c002fda7b3134b876ab9d490.json75fd1691-065a-42d5-9147-87ef7131523c)
[pool-1-thread-2] INFO net.thucydides.core.reports.json.JSONTestOutcomeReporter - Generating JSON report for VIR-237.02 Verify that all orders are shown at the same page to file /Users/rodionsavchuk/hybrisAutomation/virco-automatedtests/target/site/serenity/04c1b88fcf25fa2f1ca595220bf539bd3345daf07b3f5fd975b7cfa258aa1a72.json (using temp file /Users/rodionsavchuk/hybrisAutomation/virco-automatedtests/target/site/serenity/04c1b88fcf25fa2f1ca595220bf539bd3345daf07b3f5fd975b7cfa258aa1a72.json93acc199-4f98-4ea3-8612-12e2bf8ba842)
[pool-1-thread-1] INFO net.thucydides.core.reports.json.JSONTestOutcomeReporter - Generating JSON report for VIR-238.01 Verify that the stuff shopper can view orders created by him/her to file /Users/rodionsavchuk/hybrisAutomation/virco-automatedtests/target/site/serenity/da20584ac40b990dc291e9ae9cb2facdd86f681d176e5cbf03c9dc84024b2dea.json (using temp file /Users/rodionsavchuk/hybrisAutomation/virco-automatedtests/target/site/serenity/da20584ac40b990dc291e9ae9cb2facdd86f681d176e5cbf03c9dc84024b2dea.jsonda65f442-96cb-48ca-bb42-a83f9fb47adc)
[pool-1-thread-3] INFO net.thucydides.core.reports.json.JSONTestOutcomeReporter - Generating JSON report for VIR-239.01 Verify that the shopper can see the Reorder button near each order in the list of orders history to file /Users/rodionsavchuk/hybrisAutomation/virco-automatedtests/target/site/serenity/bc5c957c59b8dd4780a20bc8c811eb7cd90739e0aa75b27ef4276f5d16b25e8a.json (using temp file /Users/rodionsavchuk/hybrisAutomation/virco-automatedtests/target/site/serenity/bc5c957c59b8dd4780a20bc8c811eb7cd90739e0aa75b27ef4276f5d16b25e8a.json271775dc-6bbf-4f85-84c1-543b5e7f70e2)
[pool-1-thread-4] INFO net.thucydides.core.reports.json.JSONTestOutcomeReporter - Generating JSON report for VIR-238.02 Verify that the admin shoppers can view orders placed by admin and stuff shoppers within organization to file /Users/rodionsavchuk/hybrisAutomation/virco-automatedtests/target/site/serenity/049e5266696367738227685efc996b610d41e4a9ff2b91176988ad3e5d046577.json (using temp file /Users/rodionsavchuk/hybrisAutomation/virco-automatedtests/target/site/serenity/049e5266696367738227685efc996b610d41e4a9ff2b91176988ad3e5d046577.json05705ed1-d844-476e-84c9-cc1ac36b7174)
[pool-1-thread-3] INFO net.thucydides.core.reports.json.JSONTestOutcomeReporter - Generating JSON report for VIR-239.02 Verify that the Reorder button is present at the order details page to file /Users/rodionsavchuk/hybrisAutomation/virco-automatedtests/target/site/serenity/7f2baa53bf21c1609ec69298572380037821566fedb28a9f798f27a38a595463.json (using temp file /Users/rodionsavchuk/hybrisAutomation/virco-automatedtests/target/site/serenity/7f2baa53bf21c1609ec69298572380037821566fedb28a9f798f27a38a595463.json3611f5b4-64fc-421a-a7ee-f0d81b5db0b8)
[pool-1-thread-2] INFO net.thucydides.core.reports.json.JSONTestOutcomeReporter - Generating JSON report for VIR-239.04 Verify that the new order with the same order details is created after reordering to file /Users/rodionsavchuk/hybrisAutomation/virco-automatedtests/target/site/serenity/86d284f6d52dd7b06703c0e65ed979dc08ab5e91925669335c8db93a482789bd.json (using temp file /Users/rodionsavchuk/hybrisAutomation/virco-automatedtests/target/site/serenity/86d284f6d52dd7b06703c0e65ed979dc08ab5e91925669335c8db93a482789bd.jsona5ed70a2-e3ee-4ecf-a6c0-76de5f94d996)
[pool-1-thread-1] INFO net.thucydides.core.reports.json.JSONTestOutcomeReporter - Generating JSON report for VIR-239.03 Verify that the Reorder button is present only near the orders created by shopper to file /Users/rodionsavchuk/hybrisAutomation/virco-automatedtests/target/site/serenity/db5d2cc2cdb477151d79acc5ba80f9970445ac1f4a40c15aea05ceaf9d72ab4c.json (using temp file /Users/rodionsavchuk/hybrisAutomation/virco-automatedtests/target/site/serenity/db5d2cc2cdb477151d79acc5ba80f9970445ac1f4a40c15aea05ceaf9d72ab4c.json46b540ee-4653-4472-b90d-1cef9bb5ef7c)
[pool-1-thread-4] INFO net.thucydides.core.reports.json.JSONTestOutcomeReporter - Generating JSON report for VIR-239.05 Verify that the Admin can reorder the orders created by him and stuff shoppers to file /Users/rodionsavchuk/hybrisAutomation/virco-automatedtests/target/site/serenity/bd0258604ad0a60526916081e6985c7c5319337a9181a074ad5638ad9d781d0d.json (using temp file /Users/rodionsavchuk/hybrisAutomation/virco-automatedtests/target/site/serenity/bd0258604ad0a60526916081e6985c7c5319337a9181a074ad5638ad9d781d0d.jsonbb9e3cd9-85e6-4d69-97cf-00dc1f469ccb)
[pool-1-thread-3] INFO net.thucydides.core.reports.json.JSONTestOutcomeReporter - Generating JSON report for VIR-239.06 Verify that the Chief can reorder the orders created by him, admin and stuff shoppers to file /Users/rodionsavchuk/hybrisAutomation/virco-automatedtests/target/site/serenity/ce484b4c5f4b477729fe56f6574c4b704d459afba8238101689edf60627995fe.json (using temp file /Users/rodionsavchuk/hybrisAutomation/virco-automatedtests/target/site/serenity/ce484b4c5f4b477729fe56f6574c4b704d459afba8238101689edf60627995fe.json7f262fa8-51cc-4684-b294-8cc276acce97)
[pool-1-thread-2] INFO net.thucydides.core.reports.json.JSONTestOutcomeReporter - Generating JSON report for VIR-239.07 Verify that the Stuff shopper can reorder the orders created by him\her only to file /Users/rodionsavchuk/hybrisAutomation/virco-automatedtests/target/site/serenity/b8018260c31d901f3d8d776ff65116bc168b781e95b8a9f89641bcafaaa081f8.json (using temp file /Users/rodionsavchuk/hybrisAutomation/virco-automatedtests/target/site/serenity/b8018260c31d901f3d8d776ff65116bc168b781e95b8a9f89641bcafaaa081f8.json537f41bd-7fab-4568-baee-0cf44abb69ca)
[pool-1-thread-4] INFO net.thucydides.core.reports.json.JSONTestOutcomeReporter - Generating JSON report for VIR-240.01 Verify that the following message is shown to the customer if they entered wrong login data at first and second times to file /Users/rodionsavchuk/hybrisAutomation/virco-automatedtests/target/site/serenity/5c983153fe2ebb177f0d9e8b132ca59a6e0ee0ae8654058c47ae107dbb7196e9.json (using temp file /Users/rodionsavchuk/hybrisAutomation/virco-automatedtests/target/site/serenity/5c983153fe2ebb177f0d9e8b132ca59a6e0ee0ae8654058c47ae107dbb7196e9.jsondf7236d4-3be5-47cd-b5d6-3c490e6e4644)
[pool-1-thread-1] INFO net.thucydides.core.reports.json.JSONTestOutcomeReporter - Generating JSON report for VIR-240.02 Verify that the error message is shown to the customer if they entered wrong login data three and more times to file /Users/rodionsavchuk/hybrisAutomation/virco-automatedtests/target/site/serenity/feea09e30f98fa20f26d9fa541c867e47262726ef2edae67658e6fe1f69f795b.json (using temp file /Users/rodionsavchuk/hybrisAutomation/virco-automatedtests/target/site/serenity/feea09e30f98fa20f26d9fa541c867e47262726ef2edae67658e6fe1f69f795b.json379fa4f3-e7d1-4ebf-bfb6-582c5455cde9)
[pool-1-thread-3] INFO net.thucydides.core.reports.json.JSONTestOutcomeReporter - Generating JSON report for VIR-240.03 Verify that the account is locked automatically after 3 incorrect login attempts to file /Users/rodionsavchuk/hybrisAutomation/virco-automatedtests/target/site/serenity/98702c761630d5e96c1885fc6b7d9edc2d3d9276a61dcb964fb55a77180ac4c4.json (using temp file /Users/rodionsavchuk/hybrisAutomation/virco-automatedtests/target/site/serenity/98702c761630d5e96c1885fc6b7d9edc2d3d9276a61dcb964fb55a77180ac4c4.json547c3083-378a-4eef-816e-8bb6a19c2e3f)
[pool-1-thread-2] INFO net.thucydides.core.reports.json.JSONTestOutcomeReporter - Generating JSON report for VIR-240.04 Verify that the customer can phone via Skype when they click on the phone number from desktop browser to file /Users/rodionsavchuk/hybrisAutomation/virco-automatedtests/target/site/serenity/022ceba0bee1a7e3be70af6fce73e28abbfa02e327dc996b425b971073e81949.json (using temp file /Users/rodionsavchuk/hybrisAutomation/virco-automatedtests/target/site/serenity/022ceba0bee1a7e3be70af6fce73e28abbfa02e327dc996b425b971073e81949.json92d8ec95-0b11-40a2-8544-1f40fbac8a59)
[pool-1-thread-4] INFO net.thucydides.core.reports.json.JSONTestOutcomeReporter - Generating JSON report for VIR-240.05 Verify that the customer can phone via phone/skype when they click on the phone number from mobile device to file /Users/rodionsavchuk/hybrisAutomation/virco-automatedtests/target/site/serenity/0acf8d5b428f155bb5cd03ead2beee85cb116b173f667ca0d7eddf263c734900.json (using temp file /Users/rodionsavchuk/hybrisAutomation/virco-automatedtests/target/site/serenity/0acf8d5b428f155bb5cd03ead2beee85cb116b173f667ca0d7eddf263c734900.jsone2ae3a57-b20e-4559-a9c1-58d013f9b457)
[pool-1-thread-1] INFO net.thucydides.core.reports.json.JSONTestOutcomeReporter - Generating JSON report for VIR-241.01 Verify that the bunch of customers are created in hybris after running mass setup script to file /Users/rodionsavchuk/hybrisAutomation/virco-automatedtests/target/site/serenity/463850b14992f16a3a2bf3702fcc5975eee58ce459f840ff047b04c2eaef46d1.json (using temp file /Users/rodionsavchuk/hybrisAutomation/virco-automatedtests/target/site/serenity/463850b14992f16a3a2bf3702fcc5975eee58ce459f840ff047b04c2eaef46d1.json8e43ef9c-64c9-40be-b078-8bc260fd3546)
[pool-1-thread-4] INFO net.thucydides.core.reports.json.JSONTestOutcomeReporter - Generating JSON report for VIR-241.03 Verify that the data outlined in ID3 are copied into the hybris to file /Users/rodionsavchuk/hybrisAutomation/virco-automatedtests/target/site/serenity/39e10a2762693c36aeb39ffa0694d6429714a5caa78716ad3e3a6dc6f9f35100.json (using temp file /Users/rodionsavchuk/hybrisAutomation/virco-automatedtests/target/site/serenity/39e10a2762693c36aeb39ffa0694d6429714a5caa78716ad3e3a6dc6f9f35100.json255dbfa1-bf7b-46b2-b4bc-7d2bd1c62bc4)
[pool-1-thread-3] INFO net.thucydides.core.reports.json.JSONTestOutcomeReporter - Generating JSON report for VIR-241.04 Verify that just set up customers can log into the system and perform appropriate activities (due to the permissions) to file /Users/rodionsavchuk/hybrisAutomation/virco-automatedtests/target/site/serenity/cad527a19b233d2a98237bc580b3e071a577ec5892a5ac544f2f50b81e1edc9a.json (using temp file /Users/rodionsavchuk/hybrisAutomation/virco-automatedtests/target/site/serenity/cad527a19b233d2a98237bc580b3e071a577ec5892a5ac544f2f50b81e1edc9a.jsondbdf42e2-fe3b-4d0d-b056-3124f2187376)
[pool-1-thread-2] INFO net.thucydides.core.reports.json.JSONTestOutcomeReporter - Generating JSON report for VIR-241.02 Verify that the personal details are mapped appropriately to file /Users/rodionsavchuk/hybrisAutomation/virco-automatedtests/target/site/serenity/a13f41939905f13645385d57d811c8cdd84a0cbed0caf2a6b3c4f55c28d79c01.json (using temp file /Users/rodionsavchuk/hybrisAutomation/virco-automatedtests/target/site/serenity/a13f41939905f13645385d57d811c8cdd84a0cbed0caf2a6b3c4f55c28d79c01.json354bdfac-4a04-4d91-8298-71d427663457)
[pool-1-thread-4] INFO net.thucydides.core.reports.json.JSONTestOutcomeReporter - Generating JSON report for VIR-242.01 Verify that the following sub menu My Account menu has following options to file /Users/rodionsavchuk/hybrisAutomation/virco-automatedtests/target/site/serenity/1276140ef62c6432b71b0f37d8025035d8b303a616dfb579c0464109d19a2074.json (using temp file /Users/rodionsavchuk/hybrisAutomation/virco-automatedtests/target/site/serenity/1276140ef62c6432b71b0f37d8025035d8b303a616dfb579c0464109d19a2074.json9273ac3e-47e2-498a-beec-a63f72d61bf6)
[pool-1-thread-1] INFO net.thucydides.core.reports.html.HtmlAcceptanceTestReporter - GENERATING HTML REPORT FOR ACT-10 - Order History Date Range:VIR-235.01 Verify that the shopper can view the order history within My Account in 273677580b5ade55ccb470a2e988196811df982925cdbb1ace31e0a5efaabec1.html in directory target/site/serenity  
[pool-1-thread-3] INFO net.thucydides.core.reports.html.HtmlAcceptanceTestReporter - GENERATING HTML REPORT FOR ACT-10 - Order History Date Range:VIR-235.02 Verify that the newest order is shown first in the list in 8840d0acce101c4828203142f8d64f0725d2637a38c8eebef56a7d6a8b899749.html in directory target/site/serenity  
[pool-1-thread-4] INFO net.thucydides.core.reports.html.HtmlAcceptanceTestReporter - GENERATING HTML REPORT FOR ACT-10 - Order History Date Range:VIR-235.04 Verify that the current year view of orders is set by default in 611fe17d9cda8a2f0360fd4a5e0044434a5a44282d734d3f572d018496b6a768.html in directory target/site/serenity  
[pool-1-thread-2] INFO net.thucydides.core.reports.html.HtmlAcceptanceTestReporter - GENERATING HTML REPORT FOR ACT-10 - Order History Date Range:VIR-235.03 Verify that the orders can be filtered by in 29922dd92355b657a29ca8ceee8ece530ee19fab8572208c0d42c3104ff16960.html in directory target/site/serenity  
[pool-1-thread-1] INFO net.thucydides.core.reports.html.HtmlAcceptanceTestReporter - GENERATING HTML REPORT FOR ACT-10 - Order History Date Range:VIR-235.05 Verify that the orders can be sorted by in b3c85d502fdd11d32f7b2c0e62dbb38be0c6f9c593e4d4ccd95adcc5fe60b304.html in directory target/site/serenity  
[pool-1-thread-4] INFO net.thucydides.core.reports.html.HtmlAcceptanceTestReporter - GENERATING HTML REPORT FOR ACT-10 - Order History Date Range:VIR-235.06 Verify that the orders can be grouped by PO# (alpha-numeric) in 69529ca40520069837eb10aa62eb1ab7518abd062932198aaa75ce49a153bdf4.html in directory target/site/serenity  
[pool-1-thread-2] INFO net.thucydides.core.reports.html.HtmlAcceptanceTestReporter - GENERATING HTML REPORT FOR ACT-11 - View Orders - Shopper ECC:VIR-236.01 Verify that the shopper can see the created by him ECC orders withing Orders History in 6e0b05141f32d41efa52a2f8708a010ef30be5406c962e50aa108e52f637ff4f.html in directory target/site/serenity  
[pool-1-thread-4] INFO net.thucydides.core.reports.html.HtmlAcceptanceTestReporter - GENERATING HTML REPORT FOR ACT-11 - View Orders - Shopper ECC:VIR-236.02 Verify that the shopper is able to see the ECC orders details in 06a785ccbf37298662c0a3d0b35aa8a04f4eb296e14af96a2032ecacd8155265.html in directory target/site/serenity  
[pool-1-thread-2] INFO net.thucydides.core.reports.html.HtmlAcceptanceTestReporter - GENERATING HTML REPORT FOR ACT-11 - View Orders - Shopper ECC:VIR-236.03 Verify that shopper is not able to reorder the ECC orders in adad10cc0c0c283641a22aee227822d43a6b04d28868ac5b5b9f65428e2198f1.html in directory target/site/serenity  
[pool-1-thread-4] INFO net.thucydides.core.reports.html.HtmlAcceptanceTestReporter - GENERATING HTML REPORT FOR ACT-12 - View Orders - Admin:VIR-237.01 Verify that the chief shopper is able to view the orders created by others within their organization in 37ec79a1d6a9cc6a2aec4574466f6dcb64dfed35c002fda7b3134b876ab9d490.html in directory target/site/serenity  
[pool-1-thread-2] INFO net.thucydides.core.reports.html.HtmlAcceptanceTestReporter - GENERATING HTML REPORT FOR ACT-12 - View Orders - Admin:VIR-237.02 Verify that all orders are shown at the same page in 04c1b88fcf25fa2f1ca595220bf539bd3345daf07b3f5fd975b7cfa258aa1a72.html in directory target/site/serenity  
[pool-1-thread-1] INFO net.thucydides.core.reports.html.HtmlAcceptanceTestReporter - GENERATING HTML REPORT FOR ACT-13 - Purchase History:VIR-238.02 Verify that the admin shoppers can view orders placed by admin and stuff shoppers within organization in 049e5266696367738227685efc996b610d41e4a9ff2b91176988ad3e5d046577.html in directory target/site/serenity  
[pool-1-thread-2] INFO net.thucydides.core.reports.html.HtmlAcceptanceTestReporter - GENERATING HTML REPORT FOR ACT-14 - Reorder:VIR-239.01 Verify that the shopper can see the Reorder button near each order in the list of orders history in bc5c957c59b8dd4780a20bc8c811eb7cd90739e0aa75b27ef4276f5d16b25e8a.html in directory target/site/serenity  
[pool-1-thread-4] INFO net.thucydides.core.reports.html.HtmlAcceptanceTestReporter - GENERATING HTML REPORT FOR ACT-13 - Purchase History:VIR-238.01 Verify that the stuff shopper can view orders created by him/her in da20584ac40b990dc291e9ae9cb2facdd86f681d176e5cbf03c9dc84024b2dea.html in directory target/site/serenity  
[pool-1-thread-1] INFO net.thucydides.core.reports.html.HtmlAcceptanceTestReporter - GENERATING HTML REPORT FOR ACT-14 - Reorder:VIR-239.02 Verify that the Reorder button is present at the order details page in 7f2baa53bf21c1609ec69298572380037821566fedb28a9f798f27a38a595463.html in directory target/site/serenity  
[pool-1-thread-4] INFO net.thucydides.core.reports.html.HtmlAcceptanceTestReporter - GENERATING HTML REPORT FOR ACT-14 - Reorder:VIR-239.03 Verify that the Reorder button is present only near the orders created by shopper in db5d2cc2cdb477151d79acc5ba80f9970445ac1f4a40c15aea05ceaf9d72ab4c.html in directory target/site/serenity  
[pool-1-thread-1] INFO net.thucydides.core.reports.html.HtmlAcceptanceTestReporter - GENERATING HTML REPORT FOR ACT-14 - Reorder:VIR-239.04 Verify that the new order with the same order details is created after reordering in 86d284f6d52dd7b06703c0e65ed979dc08ab5e91925669335c8db93a482789bd.html in directory target/site/serenity  
[pool-1-thread-2] INFO net.thucydides.core.reports.html.HtmlAcceptanceTestReporter - GENERATING HTML REPORT FOR ACT-14 - Reorder:VIR-239.06 Verify that the Chief can reorder the orders created by him, admin and stuff shoppers in ce484b4c5f4b477729fe56f6574c4b704d459afba8238101689edf60627995fe.html in directory target/site/serenity  
[pool-1-thread-4] INFO net.thucydides.core.reports.html.HtmlAcceptanceTestReporter - GENERATING HTML REPORT FOR ACT-14 - Reorder:VIR-239.05 Verify that the Admin can reorder the orders created by him and stuff shoppers in bd0258604ad0a60526916081e6985c7c5319337a9181a074ad5638ad9d781d0d.html in directory target/site/serenity  
[pool-1-thread-2] INFO net.thucydides.core.reports.html.HtmlAcceptanceTestReporter - GENERATING HTML REPORT FOR ACT-15 - Customer Management:VIR-240.01 Verify that the following message is shown to the customer if they entered wrong login data at first and second times in 5c983153fe2ebb177f0d9e8b132ca59a6e0ee0ae8654058c47ae107dbb7196e9.html in directory target/site/serenity  
[pool-1-thread-1] INFO net.thucydides.core.reports.html.HtmlAcceptanceTestReporter - GENERATING HTML REPORT FOR ACT-14 - Reorder:VIR-239.07 Verify that the Stuff shopper can reorder the orders created by him\her only in b8018260c31d901f3d8d776ff65116bc168b781e95b8a9f89641bcafaaa081f8.html in directory target/site/serenity  
[pool-1-thread-2] INFO net.thucydides.core.reports.html.HtmlAcceptanceTestReporter - GENERATING HTML REPORT FOR ACT-15 - Customer Management:VIR-240.02 Verify that the error message is shown to the customer if they entered wrong login data three and more times in feea09e30f98fa20f26d9fa541c867e47262726ef2edae67658e6fe1f69f795b.html in directory target/site/serenity  
[pool-1-thread-4] INFO net.thucydides.core.reports.html.HtmlAcceptanceTestReporter - GENERATING HTML REPORT FOR ACT-15 - Customer Management:VIR-240.03 Verify that the account is locked automatically after 3 incorrect login attempts in 98702c761630d5e96c1885fc6b7d9edc2d3d9276a61dcb964fb55a77180ac4c4.html in directory target/site/serenity  
[pool-1-thread-2] INFO net.thucydides.core.reports.html.HtmlAcceptanceTestReporter - GENERATING HTML REPORT FOR ACT-15 - Customer Management:VIR-240.05 Verify that the customer can phone via phone/skype when they click on the phone number from mobile device in 0acf8d5b428f155bb5cd03ead2beee85cb116b173f667ca0d7eddf263c734900.html in directory target/site/serenity  
[pool-1-thread-4] INFO net.thucydides.core.reports.html.HtmlAcceptanceTestReporter - GENERATING HTML REPORT FOR ACT-16 - CSR Mass Set Up:VIR-241.01 Verify that the bunch of customers are created in hybris after running mass setup script in 463850b14992f16a3a2bf3702fcc5975eee58ce459f840ff047b04c2eaef46d1.html in directory target/site/serenity  
[pool-1-thread-1] INFO net.thucydides.core.reports.html.HtmlAcceptanceTestReporter - GENERATING HTML REPORT FOR ACT-15 - Customer Management:VIR-240.04 Verify that the customer can phone via Skype when they click on the phone number from desktop browser in 022ceba0bee1a7e3be70af6fce73e28abbfa02e327dc996b425b971073e81949.html in directory target/site/serenity  
[pool-1-thread-4] INFO net.thucydides.core.reports.html.HtmlAcceptanceTestReporter - GENERATING HTML REPORT FOR ACT-16 - CSR Mass Set Up:VIR-241.02 Verify that the personal details are mapped appropriately in a13f41939905f13645385d57d811c8cdd84a0cbed0caf2a6b3c4f55c28d79c01.html in directory target/site/serenity  
[pool-1-thread-1] INFO net.thucydides.core.reports.html.HtmlAcceptanceTestReporter - GENERATING HTML REPORT FOR ACT-16 - CSR Mass Set Up:VIR-241.04 Verify that just set up customers can log into the system and perform appropriate activities (due to the permissions) in cad527a19b233d2a98237bc580b3e071a577ec5892a5ac544f2f50b81e1edc9a.html in directory target/site/serenity  
[pool-1-thread-4] INFO net.thucydides.core.reports.html.HtmlAcceptanceTestReporter - GENERATING HTML REPORT FOR ACT-17 - My Account View Options:VIR-242.01 Verify that the following sub menu My Account menu has following options in 1276140ef62c6432b71b0f37d8025035d8b303a616dfb579c0464109d19a2074.html in directory target/site/serenity  
[pool-1-thread-2] INFO net.thucydides.core.reports.html.HtmlAcceptanceTestReporter - GENERATING HTML REPORT FOR ACT-16 - CSR Mass Set Up:VIR-241.03 Verify that the data outlined in ID3 are copied into the hybris in 39e10a2762693c36aeb39ffa0694d6429714a5caa78716ad3e3a6dc6f9f35100.html in directory target/site/serenity  
[main] INFO net.serenitybdd.core.Serenity - 
 _____ _____ ____ _____   ____ _____  _    ____ _____ _____ ____  
|_   _| ____/ ___|_   _| / ___|_   _|/ \  |  _ \_   _| ____|  _ \ 
  | | |  _| \___ \ | |   \___ \ | | / _ \ | |_) || | |  _| | | | |
  | | | |___ ___) || |    ___) || |/ ___ \|  _ < | | | |___| |_| |
  |_| |_____|____/ |_|   |____/ |_/_/   \_\_| \_\|_| |_____|____/ 
                                                                  

TEST STARTED: VIR-242.02 Verify that the shopper is moved to the appropriate page after clicking on the sub-menu option
-------------------------------------------------------------------(act-17---my-account-view-options;vir-242.02-verify-that-the-shopper-is-moved-to-the-appropriate-page-after-clicking-on-the-sub-menu-option;;2)
[main] INFO net.serenitybdd.core.Serenity - STARTING STEP VIR-242.02 Verify that the shopper is moved to the appropriate page after clicking on the sub-menu option #1: {link=Personal Details}
[main] INFO net.serenitybdd.core.Serenity - STARTING STEP Given open the site and login
[main] INFO net.serenitybdd.core.Serenity - STARTING STEP Open the site
[main] INFO net.serenitybdd.core.Serenity - STEP ERROR: net.serenitybdd.core.exceptions.SerenityManagedException: Could not initialize class com.virco.locators.SiteData
]]></system-err>
  </testcase>
  <testcase name="| Personal Details |" classname="| Personal Details |" time="0.003">
    <error message="Could not initialize class com.virco.locators.SiteData" type="net.serenitybdd.core.exceptions.SerenityManagedException"><![CDATA[net.serenitybdd.core.exceptions.SerenityManagedException: Could not initialize class com.virco.locators.SiteData
	at com.virco.steps.serenity.CommonUserSteps.openTheSite(CommonUserSteps.java:19)
	at com.virco.steps.serenity.CommonUserSteps$$EnhancerByCGLIB$$d8541bfa.CGLIB$openTheSite$6(<generated>)
	at com.virco.steps.serenity.CommonUserSteps$$EnhancerByCGLIB$$d8541bfa$$FastClassByCGLIB$$ea8e0f86.invoke(<generated>)
	at net.sf.cglib.proxy.MethodProxy.invokeSuper(MethodProxy.java:228)
	at net.thucydides.core.steps.StepInterceptor.invokeMethod(StepInterceptor.java:372)
	at net.thucydides.core.steps.StepInterceptor.executeTestStepMethod(StepInterceptor.java:357)
	at net.thucydides.core.steps.StepInterceptor.runTestStep(StepInterceptor.java:332)
	at net.thucydides.core.steps.StepInterceptor.testStepResult(StepInterceptor.java:134)
	at net.thucydides.core.steps.StepInterceptor.intercept(StepInterceptor.java:61)
	at com.virco.steps.serenity.CommonUserSteps$$EnhancerByCGLIB$$d8541bfa.openTheSite(<generated>)
	at com.virco.steps.CommonDefinitionSteps.openTheSiteAndLogin(CommonDefinitionSteps.java:72)
	at sun.reflect.NativeMethodAccessorImpl.invoke0(Native Method)
	at sun.reflect.NativeMethodAccessorImpl.invoke(NativeMethodAccessorImpl.java:62)
	at sun.reflect.DelegatingMethodAccessorImpl.invoke(DelegatingMethodAccessorImpl.java:43)
	at java.lang.reflect.Method.invoke(Method.java:498)
	at cucumber.runtime.Utils$1.call(Utils.java:40)
	at cucumber.runtime.Timeout.timeout(Timeout.java:16)
	at cucumber.runtime.Utils.invoke(Utils.java:34)
	at cucumber.runtime.java.JavaStepDefinition.execute(JavaStepDefinition.java:38)
	at cucumber.runtime.StepDefinitionMatch.runStep(StepDefinitionMatch.java:37)
	at cucumber.runtime.Runtime.runStep(Runtime.java:300)
	at cucumber.runtime.model.StepContainer.runStep(StepContainer.java:44)
	at cucumber.runtime.model.StepContainer.runSteps(StepContainer.java:39)
	at cucumber.runtime.model.CucumberScenario.run(CucumberScenario.java:44)
	at cucumber.runtime.junit.ExecutionUnitRunner.run(ExecutionUnitRunner.java:102)
	at org.junit.runners.Suite.runChild(Suite.java:128)
	at org.junit.runners.Suite.runChild(Suite.java:27)
	at org.junit.runners.ParentRunner$3.run(ParentRunner.java:290)
	at org.junit.runners.ParentRunner$1.schedule(ParentRunner.java:71)
	at org.junit.runners.ParentRunner.runChildren(ParentRunner.java:288)
	at org.junit.runners.ParentRunner.access$000(ParentRunner.java:58)
	at org.junit.runners.ParentRunner$2.evaluate(ParentRunner.java:268)
	at org.junit.runners.ParentRunner.run(ParentRunner.java:363)
	at cucumber.runtime.junit.ExamplesRunner.run(ExamplesRunner.java:59)
	at org.junit.runners.Suite.runChild(Suite.java:128)
	at org.junit.runners.Suite.runChild(Suite.java:27)
	at org.junit.runners.ParentRunner$3.run(ParentRunner.java:290)
	at org.junit.runners.ParentRunner$1.schedule(ParentRunner.java:71)
	at org.junit.runners.ParentRunner.runChildren(ParentRunner.java:288)
	at org.junit.runners.ParentRunner.access$000(ParentRunner.java:58)
	at org.junit.runners.ParentRunner$2.evaluate(ParentRunner.java:268)
	at org.junit.runners.ParentRunner.run(ParentRunner.java:363)
	at cucumber.runtime.junit.ScenarioOutlineRunner.run(ScenarioOutlineRunner.java:53)
	at cucumber.runtime.junit.FeatureRunner.runChild(FeatureRunner.java:63)
	at cucumber.runtime.junit.FeatureRunner.runChild(FeatureRunner.java:18)
	at org.junit.runners.ParentRunner$3.run(ParentRunner.java:290)
	at org.junit.runners.ParentRunner$1.schedule(ParentRunner.java:71)
	at org.junit.runners.ParentRunner.runChildren(ParentRunner.java:288)
	at org.junit.runners.ParentRunner.access$000(ParentRunner.java:58)
	at org.junit.runners.ParentRunner$2.evaluate(ParentRunner.java:268)
	at org.junit.runners.ParentRunner.run(ParentRunner.java:363)
	at cucumber.runtime.junit.FeatureRunner.run(FeatureRunner.java:70)
	at cucumber.api.junit.Cucumber.runChild(Cucumber.java:95)
	at cucumber.api.junit.Cucumber.runChild(Cucumber.java:38)
	at org.junit.runners.ParentRunner$3.run(ParentRunner.java:290)
	at org.junit.runners.ParentRunner$1.schedule(ParentRunner.java:71)
	at org.junit.runners.ParentRunner.runChildren(ParentRunner.java:288)
	at org.junit.runners.ParentRunner.access$000(ParentRunner.java:58)
	at org.junit.runners.ParentRunner$2.evaluate(ParentRunner.java:268)
	at org.junit.runners.ParentRunner.run(ParentRunner.java:363)
	at cucumber.api.junit.Cucumber.run(Cucumber.java:100)
	at org.apache.maven.surefire.junit4.JUnit4Provider.execute(JUnit4Provider.java:283)
	at org.apache.maven.surefire.junit4.JUnit4Provider.executeWithRerun(JUnit4Provider.java:173)
	at org.apache.maven.surefire.junit4.JUnit4Provider.executeTestSet(JUnit4Provider.java:153)
	at org.apache.maven.surefire.junit4.JUnit4Provider.invoke(JUnit4Provider.java:128)
	at org.apache.maven.surefire.booter.ForkedBooter.invokeProviderInSameClassLoader(ForkedBooter.java:203)
	at org.apache.maven.surefire.booter.ForkedBooter.runSuitesInProcess(ForkedBooter.java:155)
	at org.apache.maven.surefire.booter.ForkedBooter.main(ForkedBooter.java:103)
]]></error>
  </testcase>
  <testcase name="When click on &quot;My Account&quot; link in header" classname="| Personal Details |" time="0">
    <skipped/>
    <system-err><![CDATA[[main] INFO net.serenitybdd.core.Serenity - STEP ERROR: java.lang.NoClassDefFoundError: Could not initialize class com.virco.locators.SiteData
[main] INFO net.serenitybdd.core.Serenity - STARTING STEP When click on "My Account" link in header
]]></system-err>
  </testcase>
  <testcase name="When click on &quot;Personal Details&quot; in My Account drop-down" classname="| Personal Details |" time="0">
    <skipped/>
    <system-err><![CDATA[[main] INFO net.serenitybdd.core.Serenity - IGNORING STEP
[main] INFO net.serenitybdd.core.Serenity - STARTING STEP When click on "Personal Details" in My Account drop-down
]]></system-err>
  </testcase>
  <testcase name="Then the &quot;Personal Details&quot; my account page is opened" classname="| Personal Details |" time="0">
    <skipped/>
    <system-err><![CDATA[[main] INFO net.serenitybdd.core.Serenity - IGNORING STEP
[main] INFO net.serenitybdd.core.Serenity - STARTING STEP Then the "Personal Details" my account page is opened
]]></system-err>
  </testcase>
  <testcase name="Given open the site and login" classname="| Password |" time="0.008">
    <error message="Could not initialize class com.virco.locators.SiteData" type="net.serenitybdd.core.exceptions.SerenityManagedException"><![CDATA[net.serenitybdd.core.exceptions.SerenityManagedException: Could not initialize class com.virco.locators.SiteData
	at com.virco.steps.serenity.CommonUserSteps.openTheSite(CommonUserSteps.java:19)
	at com.virco.steps.serenity.CommonUserSteps$$EnhancerByCGLIB$$d8541bfa.CGLIB$openTheSite$6(<generated>)
	at com.virco.steps.serenity.CommonUserSteps$$EnhancerByCGLIB$$d8541bfa$$FastClassByCGLIB$$ea8e0f86.invoke(<generated>)
	at net.sf.cglib.proxy.MethodProxy.invokeSuper(MethodProxy.java:228)
	at net.thucydides.core.steps.StepInterceptor.invokeMethod(StepInterceptor.java:372)
	at net.thucydides.core.steps.StepInterceptor.executeTestStepMethod(StepInterceptor.java:357)
	at net.thucydides.core.steps.StepInterceptor.runTestStep(StepInterceptor.java:332)
	at net.thucydides.core.steps.StepInterceptor.testStepResult(StepInterceptor.java:134)
	at net.thucydides.core.steps.StepInterceptor.intercept(StepInterceptor.java:61)
	at com.virco.steps.serenity.CommonUserSteps$$EnhancerByCGLIB$$d8541bfa.openTheSite(<generated>)
	at com.virco.steps.CommonDefinitionSteps.openTheSiteAndLogin(CommonDefinitionSteps.java:72)
	at sun.reflect.NativeMethodAccessorImpl.invoke0(Native Method)
	at sun.reflect.NativeMethodAccessorImpl.invoke(NativeMethodAccessorImpl.java:62)
	at sun.reflect.DelegatingMethodAccessorImpl.invoke(DelegatingMethodAccessorImpl.java:43)
	at java.lang.reflect.Method.invoke(Method.java:498)
	at cucumber.runtime.Utils$1.call(Utils.java:40)
	at cucumber.runtime.Timeout.timeout(Timeout.java:16)
	at cucumber.runtime.Utils.invoke(Utils.java:34)
	at cucumber.runtime.java.JavaStepDefinition.execute(JavaStepDefinition.java:38)
	at cucumber.runtime.StepDefinitionMatch.runStep(StepDefinitionMatch.java:37)
	at cucumber.runtime.Runtime.runStep(Runtime.java:300)
	at cucumber.runtime.model.StepContainer.runStep(StepContainer.java:44)
	at cucumber.runtime.model.StepContainer.runSteps(StepContainer.java:39)
	at cucumber.runtime.model.CucumberScenario.run(CucumberScenario.java:44)
	at cucumber.runtime.junit.ExecutionUnitRunner.run(ExecutionUnitRunner.java:102)
	at org.junit.runners.Suite.runChild(Suite.java:128)
	at org.junit.runners.Suite.runChild(Suite.java:27)
	at org.junit.runners.ParentRunner$3.run(ParentRunner.java:290)
	at org.junit.runners.ParentRunner$1.schedule(ParentRunner.java:71)
	at org.junit.runners.ParentRunner.runChildren(ParentRunner.java:288)
	at org.junit.runners.ParentRunner.access$000(ParentRunner.java:58)
	at org.junit.runners.ParentRunner$2.evaluate(ParentRunner.java:268)
	at org.junit.runners.ParentRunner.run(ParentRunner.java:363)
	at cucumber.runtime.junit.ExamplesRunner.run(ExamplesRunner.java:59)
	at org.junit.runners.Suite.runChild(Suite.java:128)
	at org.junit.runners.Suite.runChild(Suite.java:27)
	at org.junit.runners.ParentRunner$3.run(ParentRunner.java:290)
	at org.junit.runners.ParentRunner$1.schedule(ParentRunner.java:71)
	at org.junit.runners.ParentRunner.runChildren(ParentRunner.java:288)
	at org.junit.runners.ParentRunner.access$000(ParentRunner.java:58)
	at org.junit.runners.ParentRunner$2.evaluate(ParentRunner.java:268)
	at org.junit.runners.ParentRunner.run(ParentRunner.java:363)
	at cucumber.runtime.junit.ScenarioOutlineRunner.run(ScenarioOutlineRunner.java:53)
	at cucumber.runtime.junit.FeatureRunner.runChild(FeatureRunner.java:63)
	at cucumber.runtime.junit.FeatureRunner.runChild(FeatureRunner.java:18)
	at org.junit.runners.ParentRunner$3.run(ParentRunner.java:290)
	at org.junit.runners.ParentRunner$1.schedule(ParentRunner.java:71)
	at org.junit.runners.ParentRunner.runChildren(ParentRunner.java:288)
	at org.junit.runners.ParentRunner.access$000(ParentRunner.java:58)
	at org.junit.runners.ParentRunner$2.evaluate(ParentRunner.java:268)
	at org.junit.runners.ParentRunner.run(ParentRunner.java:363)
	at cucumber.runtime.junit.FeatureRunner.run(FeatureRunner.java:70)
	at cucumber.api.junit.Cucumber.runChild(Cucumber.java:95)
	at cucumber.api.junit.Cucumber.runChild(Cucumber.java:38)
	at org.junit.runners.ParentRunner$3.run(ParentRunner.java:290)
	at org.junit.runners.ParentRunner$1.schedule(ParentRunner.java:71)
	at org.junit.runners.ParentRunner.runChildren(ParentRunner.java:288)
	at org.junit.runners.ParentRunner.access$000(ParentRunner.java:58)
	at org.junit.runners.ParentRunner$2.evaluate(ParentRunner.java:268)
	at org.junit.runners.ParentRunner.run(ParentRunner.java:363)
	at cucumber.api.junit.Cucumber.run(Cucumber.java:100)
	at org.apache.maven.surefire.junit4.JUnit4Provider.execute(JUnit4Provider.java:283)
	at org.apache.maven.surefire.junit4.JUnit4Provider.executeWithRerun(JUnit4Provider.java:173)
	at org.apache.maven.surefire.junit4.JUnit4Provider.executeTestSet(JUnit4Provider.java:153)
	at org.apache.maven.surefire.junit4.JUnit4Provider.invoke(JUnit4Provider.java:128)
	at org.apache.maven.surefire.booter.ForkedBooter.invokeProviderInSameClassLoader(ForkedBooter.java:203)
	at org.apache.maven.surefire.booter.ForkedBooter.runSuitesInProcess(ForkedBooter.java:155)
	at org.apache.maven.surefire.booter.ForkedBooter.main(ForkedBooter.java:103)
]]></error>
    <system-err><![CDATA[[main] INFO net.serenitybdd.core.Serenity - IGNORING STEP
[main] INFO net.serenitybdd.core.Serenity - FINISHING STEP
[main] ERROR net.serenitybdd.core.Serenity - 
           __  _____ _____ ____ _____   _____ _    ___ _     _____ ____  
  _       / / |_   _| ____/ ___|_   _| |  ___/ \  |_ _| |   | ____|  _ \ 
 (_)_____| |    | | |  _| \___ \ | |   | |_ / _ \  | || |   |  _| | | | |
  _|_____| |    | | | |___ ___) || |   |  _/ ___ \ | || |___| |___| |_| |
 (_)     | |    |_| |_____|____/ |_|   |_|/_/   \_\___|_____|_____|____/ 
          \_\                                                            

TEST FAILED WITH ERROR: VIR-242.02 Verify that the shopper is moved to the appropriate page after clicking on the sub-menu option
---------------------------------------------------------------------
[main] ERROR net.serenitybdd.core.Serenity - TEST FAILED AT STEP Open the site
[main] ERROR net.serenitybdd.core.Serenity - Could not initialize class com.virco.locators.SiteData
[main] INFO net.serenitybdd.core.Serenity - STARTING STEP VIR-242.02 Verify that the shopper is moved to the appropriate page after clicking on the sub-menu option #2: {link=Password}
[main] INFO net.serenitybdd.core.Serenity - STARTING STEP Given open the site and login
[main] INFO net.serenitybdd.core.Serenity - STARTING STEP Open the site
[main] INFO net.serenitybdd.core.Serenity - STEP ERROR: net.serenitybdd.core.exceptions.SerenityManagedException: Could not initialize class com.virco.locators.SiteData
]]></system-err>
  </testcase>
  <testcase name="| Password |" classname="| Password |" time="0.01">
    <error message="Could not initialize class com.virco.locators.SiteData" type="net.serenitybdd.core.exceptions.SerenityManagedException"><![CDATA[net.serenitybdd.core.exceptions.SerenityManagedException: Could not initialize class com.virco.locators.SiteData
	at com.virco.steps.serenity.CommonUserSteps.openTheSite(CommonUserSteps.java:19)
	at com.virco.steps.serenity.CommonUserSteps$$EnhancerByCGLIB$$d8541bfa.CGLIB$openTheSite$6(<generated>)
	at com.virco.steps.serenity.CommonUserSteps$$EnhancerByCGLIB$$d8541bfa$$FastClassByCGLIB$$ea8e0f86.invoke(<generated>)
	at net.sf.cglib.proxy.MethodProxy.invokeSuper(MethodProxy.java:228)
	at net.thucydides.core.steps.StepInterceptor.invokeMethod(StepInterceptor.java:372)
	at net.thucydides.core.steps.StepInterceptor.executeTestStepMethod(StepInterceptor.java:357)
	at net.thucydides.core.steps.StepInterceptor.runTestStep(StepInterceptor.java:332)
	at net.thucydides.core.steps.StepInterceptor.testStepResult(StepInterceptor.java:134)
	at net.thucydides.core.steps.StepInterceptor.intercept(StepInterceptor.java:61)
	at com.virco.steps.serenity.CommonUserSteps$$EnhancerByCGLIB$$d8541bfa.openTheSite(<generated>)
	at com.virco.steps.CommonDefinitionSteps.openTheSiteAndLogin(CommonDefinitionSteps.java:72)
	at sun.reflect.NativeMethodAccessorImpl.invoke0(Native Method)
	at sun.reflect.NativeMethodAccessorImpl.invoke(NativeMethodAccessorImpl.java:62)
	at sun.reflect.DelegatingMethodAccessorImpl.invoke(DelegatingMethodAccessorImpl.java:43)
	at java.lang.reflect.Method.invoke(Method.java:498)
	at cucumber.runtime.Utils$1.call(Utils.java:40)
	at cucumber.runtime.Timeout.timeout(Timeout.java:16)
	at cucumber.runtime.Utils.invoke(Utils.java:34)
	at cucumber.runtime.java.JavaStepDefinition.execute(JavaStepDefinition.java:38)
	at cucumber.runtime.StepDefinitionMatch.runStep(StepDefinitionMatch.java:37)
	at cucumber.runtime.Runtime.runStep(Runtime.java:300)
	at cucumber.runtime.model.StepContainer.runStep(StepContainer.java:44)
	at cucumber.runtime.model.StepContainer.runSteps(StepContainer.java:39)
	at cucumber.runtime.model.CucumberScenario.run(CucumberScenario.java:44)
	at cucumber.runtime.junit.ExecutionUnitRunner.run(ExecutionUnitRunner.java:102)
	at org.junit.runners.Suite.runChild(Suite.java:128)
	at org.junit.runners.Suite.runChild(Suite.java:27)
	at org.junit.runners.ParentRunner$3.run(ParentRunner.java:290)
	at org.junit.runners.ParentRunner$1.schedule(ParentRunner.java:71)
	at org.junit.runners.ParentRunner.runChildren(ParentRunner.java:288)
	at org.junit.runners.ParentRunner.access$000(ParentRunner.java:58)
	at org.junit.runners.ParentRunner$2.evaluate(ParentRunner.java:268)
	at org.junit.runners.ParentRunner.run(ParentRunner.java:363)
	at cucumber.runtime.junit.ExamplesRunner.run(ExamplesRunner.java:59)
	at org.junit.runners.Suite.runChild(Suite.java:128)
	at org.junit.runners.Suite.runChild(Suite.java:27)
	at org.junit.runners.ParentRunner$3.run(ParentRunner.java:290)
	at org.junit.runners.ParentRunner$1.schedule(ParentRunner.java:71)
	at org.junit.runners.ParentRunner.runChildren(ParentRunner.java:288)
	at org.junit.runners.ParentRunner.access$000(ParentRunner.java:58)
	at org.junit.runners.ParentRunner$2.evaluate(ParentRunner.java:268)
	at org.junit.runners.ParentRunner.run(ParentRunner.java:363)
	at cucumber.runtime.junit.ScenarioOutlineRunner.run(ScenarioOutlineRunner.java:53)
	at cucumber.runtime.junit.FeatureRunner.runChild(FeatureRunner.java:63)
	at cucumber.runtime.junit.FeatureRunner.runChild(FeatureRunner.java:18)
	at org.junit.runners.ParentRunner$3.run(ParentRunner.java:290)
	at org.junit.runners.ParentRunner$1.schedule(ParentRunner.java:71)
	at org.junit.runners.ParentRunner.runChildren(ParentRunner.java:288)
	at org.junit.runners.ParentRunner.access$000(ParentRunner.java:58)
	at org.junit.runners.ParentRunner$2.evaluate(ParentRunner.java:268)
	at org.junit.runners.ParentRunner.run(ParentRunner.java:363)
	at cucumber.runtime.junit.FeatureRunner.run(FeatureRunner.java:70)
	at cucumber.api.junit.Cucumber.runChild(Cucumber.java:95)
	at cucumber.api.junit.Cucumber.runChild(Cucumber.java:38)
	at org.junit.runners.ParentRunner$3.run(ParentRunner.java:290)
	at org.junit.runners.ParentRunner$1.schedule(ParentRunner.java:71)
	at org.junit.runners.ParentRunner.runChildren(ParentRunner.java:288)
	at org.junit.runners.ParentRunner.access$000(ParentRunner.java:58)
	at org.junit.runners.ParentRunner$2.evaluate(ParentRunner.java:268)
	at org.junit.runners.ParentRunner.run(ParentRunner.java:363)
	at cucumber.api.junit.Cucumber.run(Cucumber.java:100)
	at org.apache.maven.surefire.junit4.JUnit4Provider.execute(JUnit4Provider.java:283)
	at org.apache.maven.surefire.junit4.JUnit4Provider.executeWithRerun(JUnit4Provider.java:173)
	at org.apache.maven.surefire.junit4.JUnit4Provider.executeTestSet(JUnit4Provider.java:153)
	at org.apache.maven.surefire.junit4.JUnit4Provider.invoke(JUnit4Provider.java:128)
	at org.apache.maven.surefire.booter.ForkedBooter.invokeProviderInSameClassLoader(ForkedBooter.java:203)
	at org.apache.maven.surefire.booter.ForkedBooter.runSuitesInProcess(ForkedBooter.java:155)
	at org.apache.maven.surefire.booter.ForkedBooter.main(ForkedBooter.java:103)
]]></error>
  </testcase>
  <testcase name="When click on &quot;My Account&quot; link in header" classname="| Password |" time="0">
    <skipped/>
    <system-err><![CDATA[[main] INFO net.serenitybdd.core.Serenity - STEP ERROR: java.lang.NoClassDefFoundError: Could not initialize class com.virco.locators.SiteData
[main] INFO net.serenitybdd.core.Serenity - STARTING STEP When click on "My Account" link in header
]]></system-err>
  </testcase>
  <testcase name="When click on &quot;Password&quot; in My Account drop-down" classname="| Password |" time="0">
    <skipped/>
    <system-err><![CDATA[[main] INFO net.serenitybdd.core.Serenity - IGNORING STEP
[main] INFO net.serenitybdd.core.Serenity - STARTING STEP When click on "Password" in My Account drop-down
]]></system-err>
  </testcase>
  <testcase name="Then the &quot;Password&quot; my account page is opened" classname="| Password |" time="0">
    <skipped/>
    <system-err><![CDATA[[main] INFO net.serenitybdd.core.Serenity - IGNORING STEP
[main] INFO net.serenitybdd.core.Serenity - STARTING STEP Then the "Password" my account page is opened
]]></system-err>
  </testcase>
  <testcase name="Given open the site and login" classname="| Email Address |" time="0.002">
    <error message="Could not initialize class com.virco.locators.SiteData" type="net.serenitybdd.core.exceptions.SerenityManagedException"><![CDATA[net.serenitybdd.core.exceptions.SerenityManagedException: Could not initialize class com.virco.locators.SiteData
	at com.virco.steps.serenity.CommonUserSteps.openTheSite(CommonUserSteps.java:19)
	at com.virco.steps.serenity.CommonUserSteps$$EnhancerByCGLIB$$d8541bfa.CGLIB$openTheSite$6(<generated>)
	at com.virco.steps.serenity.CommonUserSteps$$EnhancerByCGLIB$$d8541bfa$$FastClassByCGLIB$$ea8e0f86.invoke(<generated>)
	at net.sf.cglib.proxy.MethodProxy.invokeSuper(MethodProxy.java:228)
	at net.thucydides.core.steps.StepInterceptor.invokeMethod(StepInterceptor.java:372)
	at net.thucydides.core.steps.StepInterceptor.executeTestStepMethod(StepInterceptor.java:357)
	at net.thucydides.core.steps.StepInterceptor.runTestStep(StepInterceptor.java:332)
	at net.thucydides.core.steps.StepInterceptor.testStepResult(StepInterceptor.java:134)
	at net.thucydides.core.steps.StepInterceptor.intercept(StepInterceptor.java:61)
	at com.virco.steps.serenity.CommonUserSteps$$EnhancerByCGLIB$$d8541bfa.openTheSite(<generated>)
	at com.virco.steps.CommonDefinitionSteps.openTheSiteAndLogin(CommonDefinitionSteps.java:72)
	at sun.reflect.NativeMethodAccessorImpl.invoke0(Native Method)
	at sun.reflect.NativeMethodAccessorImpl.invoke(NativeMethodAccessorImpl.java:62)
	at sun.reflect.DelegatingMethodAccessorImpl.invoke(DelegatingMethodAccessorImpl.java:43)
	at java.lang.reflect.Method.invoke(Method.java:498)
	at cucumber.runtime.Utils$1.call(Utils.java:40)
	at cucumber.runtime.Timeout.timeout(Timeout.java:16)
	at cucumber.runtime.Utils.invoke(Utils.java:34)
	at cucumber.runtime.java.JavaStepDefinition.execute(JavaStepDefinition.java:38)
	at cucumber.runtime.StepDefinitionMatch.runStep(StepDefinitionMatch.java:37)
	at cucumber.runtime.Runtime.runStep(Runtime.java:300)
	at cucumber.runtime.model.StepContainer.runStep(StepContainer.java:44)
	at cucumber.runtime.model.StepContainer.runSteps(StepContainer.java:39)
	at cucumber.runtime.model.CucumberScenario.run(CucumberScenario.java:44)
	at cucumber.runtime.junit.ExecutionUnitRunner.run(ExecutionUnitRunner.java:102)
	at org.junit.runners.Suite.runChild(Suite.java:128)
	at org.junit.runners.Suite.runChild(Suite.java:27)
	at org.junit.runners.ParentRunner$3.run(ParentRunner.java:290)
	at org.junit.runners.ParentRunner$1.schedule(ParentRunner.java:71)
	at org.junit.runners.ParentRunner.runChildren(ParentRunner.java:288)
	at org.junit.runners.ParentRunner.access$000(ParentRunner.java:58)
	at org.junit.runners.ParentRunner$2.evaluate(ParentRunner.java:268)
	at org.junit.runners.ParentRunner.run(ParentRunner.java:363)
	at cucumber.runtime.junit.ExamplesRunner.run(ExamplesRunner.java:59)
	at org.junit.runners.Suite.runChild(Suite.java:128)
	at org.junit.runners.Suite.runChild(Suite.java:27)
	at org.junit.runners.ParentRunner$3.run(ParentRunner.java:290)
	at org.junit.runners.ParentRunner$1.schedule(ParentRunner.java:71)
	at org.junit.runners.ParentRunner.runChildren(ParentRunner.java:288)
	at org.junit.runners.ParentRunner.access$000(ParentRunner.java:58)
	at org.junit.runners.ParentRunner$2.evaluate(ParentRunner.java:268)
	at org.junit.runners.ParentRunner.run(ParentRunner.java:363)
	at cucumber.runtime.junit.ScenarioOutlineRunner.run(ScenarioOutlineRunner.java:53)
	at cucumber.runtime.junit.FeatureRunner.runChild(FeatureRunner.java:63)
	at cucumber.runtime.junit.FeatureRunner.runChild(FeatureRunner.java:18)
	at org.junit.runners.ParentRunner$3.run(ParentRunner.java:290)
	at org.junit.runners.ParentRunner$1.schedule(ParentRunner.java:71)
	at org.junit.runners.ParentRunner.runChildren(ParentRunner.java:288)
	at org.junit.runners.ParentRunner.access$000(ParentRunner.java:58)
	at org.junit.runners.ParentRunner$2.evaluate(ParentRunner.java:268)
	at org.junit.runners.ParentRunner.run(ParentRunner.java:363)
	at cucumber.runtime.junit.FeatureRunner.run(FeatureRunner.java:70)
	at cucumber.api.junit.Cucumber.runChild(Cucumber.java:95)
	at cucumber.api.junit.Cucumber.runChild(Cucumber.java:38)
	at org.junit.runners.ParentRunner$3.run(ParentRunner.java:290)
	at org.junit.runners.ParentRunner$1.schedule(ParentRunner.java:71)
	at org.junit.runners.ParentRunner.runChildren(ParentRunner.java:288)
	at org.junit.runners.ParentRunner.access$000(ParentRunner.java:58)
	at org.junit.runners.ParentRunner$2.evaluate(ParentRunner.java:268)
	at org.junit.runners.ParentRunner.run(ParentRunner.java:363)
	at cucumber.api.junit.Cucumber.run(Cucumber.java:100)
	at org.apache.maven.surefire.junit4.JUnit4Provider.execute(JUnit4Provider.java:283)
	at org.apache.maven.surefire.junit4.JUnit4Provider.executeWithRerun(JUnit4Provider.java:173)
	at org.apache.maven.surefire.junit4.JUnit4Provider.executeTestSet(JUnit4Provider.java:153)
	at org.apache.maven.surefire.junit4.JUnit4Provider.invoke(JUnit4Provider.java:128)
	at org.apache.maven.surefire.booter.ForkedBooter.invokeProviderInSameClassLoader(ForkedBooter.java:203)
	at org.apache.maven.surefire.booter.ForkedBooter.runSuitesInProcess(ForkedBooter.java:155)
	at org.apache.maven.surefire.booter.ForkedBooter.main(ForkedBooter.java:103)
]]></error>
    <system-err><![CDATA[[main] INFO net.serenitybdd.core.Serenity - IGNORING STEP
[main] INFO net.serenitybdd.core.Serenity - FINISHING STEP
[main] ERROR net.serenitybdd.core.Serenity - 
           __  _____ _____ ____ _____   _____ _    ___ _     _____ ____  
  _       / / |_   _| ____/ ___|_   _| |  ___/ \  |_ _| |   | ____|  _ \ 
 (_)_____| |    | | |  _| \___ \ | |   | |_ / _ \  | || |   |  _| | | | |
  _|_____| |    | | | |___ ___) || |   |  _/ ___ \ | || |___| |___| |_| |
 (_)     | |    |_| |_____|____/ |_|   |_|/_/   \_\___|_____|_____|____/ 
          \_\                                                            

TEST FAILED WITH ERROR: VIR-242.02 Verify that the shopper is moved to the appropriate page after clicking on the sub-menu option
---------------------------------------------------------------------
[main] ERROR net.serenitybdd.core.Serenity - TEST FAILED AT STEP Open the site
[main] ERROR net.serenitybdd.core.Serenity - Could not initialize class com.virco.locators.SiteData
[main] INFO net.serenitybdd.core.Serenity - STARTING STEP VIR-242.02 Verify that the shopper is moved to the appropriate page after clicking on the sub-menu option #3: {link=Email Address}
[main] INFO net.serenitybdd.core.Serenity - STARTING STEP Given open the site and login
[main] INFO net.serenitybdd.core.Serenity - STARTING STEP Open the site
[main] INFO net.serenitybdd.core.Serenity - STEP ERROR: net.serenitybdd.core.exceptions.SerenityManagedException: Could not initialize class com.virco.locators.SiteData
]]></system-err>
  </testcase>
  <testcase name="| Email Address |" classname="| Email Address |" time="0.003">
    <error message="Could not initialize class com.virco.locators.SiteData" type="net.serenitybdd.core.exceptions.SerenityManagedException"><![CDATA[net.serenitybdd.core.exceptions.SerenityManagedException: Could not initialize class com.virco.locators.SiteData
	at com.virco.steps.serenity.CommonUserSteps.openTheSite(CommonUserSteps.java:19)
	at com.virco.steps.serenity.CommonUserSteps$$EnhancerByCGLIB$$d8541bfa.CGLIB$openTheSite$6(<generated>)
	at com.virco.steps.serenity.CommonUserSteps$$EnhancerByCGLIB$$d8541bfa$$FastClassByCGLIB$$ea8e0f86.invoke(<generated>)
	at net.sf.cglib.proxy.MethodProxy.invokeSuper(MethodProxy.java:228)
	at net.thucydides.core.steps.StepInterceptor.invokeMethod(StepInterceptor.java:372)
	at net.thucydides.core.steps.StepInterceptor.executeTestStepMethod(StepInterceptor.java:357)
	at net.thucydides.core.steps.StepInterceptor.runTestStep(StepInterceptor.java:332)
	at net.thucydides.core.steps.StepInterceptor.testStepResult(StepInterceptor.java:134)
	at net.thucydides.core.steps.StepInterceptor.intercept(StepInterceptor.java:61)
	at com.virco.steps.serenity.CommonUserSteps$$EnhancerByCGLIB$$d8541bfa.openTheSite(<generated>)
	at com.virco.steps.CommonDefinitionSteps.openTheSiteAndLogin(CommonDefinitionSteps.java:72)
	at sun.reflect.NativeMethodAccessorImpl.invoke0(Native Method)
	at sun.reflect.NativeMethodAccessorImpl.invoke(NativeMethodAccessorImpl.java:62)
	at sun.reflect.DelegatingMethodAccessorImpl.invoke(DelegatingMethodAccessorImpl.java:43)
	at java.lang.reflect.Method.invoke(Method.java:498)
	at cucumber.runtime.Utils$1.call(Utils.java:40)
	at cucumber.runtime.Timeout.timeout(Timeout.java:16)
	at cucumber.runtime.Utils.invoke(Utils.java:34)
	at cucumber.runtime.java.JavaStepDefinition.execute(JavaStepDefinition.java:38)
	at cucumber.runtime.StepDefinitionMatch.runStep(StepDefinitionMatch.java:37)
	at cucumber.runtime.Runtime.runStep(Runtime.java:300)
	at cucumber.runtime.model.StepContainer.runStep(StepContainer.java:44)
	at cucumber.runtime.model.StepContainer.runSteps(StepContainer.java:39)
	at cucumber.runtime.model.CucumberScenario.run(CucumberScenario.java:44)
	at cucumber.runtime.junit.ExecutionUnitRunner.run(ExecutionUnitRunner.java:102)
	at org.junit.runners.Suite.runChild(Suite.java:128)
	at org.junit.runners.Suite.runChild(Suite.java:27)
	at org.junit.runners.ParentRunner$3.run(ParentRunner.java:290)
	at org.junit.runners.ParentRunner$1.schedule(ParentRunner.java:71)
	at org.junit.runners.ParentRunner.runChildren(ParentRunner.java:288)
	at org.junit.runners.ParentRunner.access$000(ParentRunner.java:58)
	at org.junit.runners.ParentRunner$2.evaluate(ParentRunner.java:268)
	at org.junit.runners.ParentRunner.run(ParentRunner.java:363)
	at cucumber.runtime.junit.ExamplesRunner.run(ExamplesRunner.java:59)
	at org.junit.runners.Suite.runChild(Suite.java:128)
	at org.junit.runners.Suite.runChild(Suite.java:27)
	at org.junit.runners.ParentRunner$3.run(ParentRunner.java:290)
	at org.junit.runners.ParentRunner$1.schedule(ParentRunner.java:71)
	at org.junit.runners.ParentRunner.runChildren(ParentRunner.java:288)
	at org.junit.runners.ParentRunner.access$000(ParentRunner.java:58)
	at org.junit.runners.ParentRunner$2.evaluate(ParentRunner.java:268)
	at org.junit.runners.ParentRunner.run(ParentRunner.java:363)
	at cucumber.runtime.junit.ScenarioOutlineRunner.run(ScenarioOutlineRunner.java:53)
	at cucumber.runtime.junit.FeatureRunner.runChild(FeatureRunner.java:63)
	at cucumber.runtime.junit.FeatureRunner.runChild(FeatureRunner.java:18)
	at org.junit.runners.ParentRunner$3.run(ParentRunner.java:290)
	at org.junit.runners.ParentRunner$1.schedule(ParentRunner.java:71)
	at org.junit.runners.ParentRunner.runChildren(ParentRunner.java:288)
	at org.junit.runners.ParentRunner.access$000(ParentRunner.java:58)
	at org.junit.runners.ParentRunner$2.evaluate(ParentRunner.java:268)
	at org.junit.runners.ParentRunner.run(ParentRunner.java:363)
	at cucumber.runtime.junit.FeatureRunner.run(FeatureRunner.java:70)
	at cucumber.api.junit.Cucumber.runChild(Cucumber.java:95)
	at cucumber.api.junit.Cucumber.runChild(Cucumber.java:38)
	at org.junit.runners.ParentRunner$3.run(ParentRunner.java:290)
	at org.junit.runners.ParentRunner$1.schedule(ParentRunner.java:71)
	at org.junit.runners.ParentRunner.runChildren(ParentRunner.java:288)
	at org.junit.runners.ParentRunner.access$000(ParentRunner.java:58)
	at org.junit.runners.ParentRunner$2.evaluate(ParentRunner.java:268)
	at org.junit.runners.ParentRunner.run(ParentRunner.java:363)
	at cucumber.api.junit.Cucumber.run(Cucumber.java:100)
	at org.apache.maven.surefire.junit4.JUnit4Provider.execute(JUnit4Provider.java:283)
	at org.apache.maven.surefire.junit4.JUnit4Provider.executeWithRerun(JUnit4Provider.java:173)
	at org.apache.maven.surefire.junit4.JUnit4Provider.executeTestSet(JUnit4Provider.java:153)
	at org.apache.maven.surefire.junit4.JUnit4Provider.invoke(JUnit4Provider.java:128)
	at org.apache.maven.surefire.booter.ForkedBooter.invokeProviderInSameClassLoader(ForkedBooter.java:203)
	at org.apache.maven.surefire.booter.ForkedBooter.runSuitesInProcess(ForkedBooter.java:155)
	at org.apache.maven.surefire.booter.ForkedBooter.main(ForkedBooter.java:103)
]]></error>
  </testcase>
  <testcase name="When click on &quot;My Account&quot; link in header" classname="| Email Address |" time="0">
    <skipped/>
    <system-err><![CDATA[[main] INFO net.serenitybdd.core.Serenity - STEP ERROR: java.lang.NoClassDefFoundError: Could not initialize class com.virco.locators.SiteData
[main] INFO net.serenitybdd.core.Serenity - STARTING STEP When click on "My Account" link in header
]]></system-err>
  </testcase>
  <testcase name="When click on &quot;Email Address&quot; in My Account drop-down" classname="| Email Address |" time="0">
    <skipped/>
    <system-err><![CDATA[[main] INFO net.serenitybdd.core.Serenity - IGNORING STEP
[main] INFO net.serenitybdd.core.Serenity - STARTING STEP When click on "Email Address" in My Account drop-down
]]></system-err>
  </testcase>
  <testcase name="Then the &quot;Email Address&quot; my account page is opened" classname="| Email Address |" time="0">
    <skipped/>
    <system-err><![CDATA[[main] INFO net.serenitybdd.core.Serenity - IGNORING STEP
[main] INFO net.serenitybdd.core.Serenity - STARTING STEP Then the "Email Address" my account page is opened
]]></system-err>
  </testcase>
  <testcase name="Given open the site and login" classname="| Order History |" time="0.009">
    <error message="Could not initialize class com.virco.locators.SiteData" type="net.serenitybdd.core.exceptions.SerenityManagedException"><![CDATA[net.serenitybdd.core.exceptions.SerenityManagedException: Could not initialize class com.virco.locators.SiteData
	at com.virco.steps.serenity.CommonUserSteps.openTheSite(CommonUserSteps.java:19)
	at com.virco.steps.serenity.CommonUserSteps$$EnhancerByCGLIB$$d8541bfa.CGLIB$openTheSite$6(<generated>)
	at com.virco.steps.serenity.CommonUserSteps$$EnhancerByCGLIB$$d8541bfa$$FastClassByCGLIB$$ea8e0f86.invoke(<generated>)
	at net.sf.cglib.proxy.MethodProxy.invokeSuper(MethodProxy.java:228)
	at net.thucydides.core.steps.StepInterceptor.invokeMethod(StepInterceptor.java:372)
	at net.thucydides.core.steps.StepInterceptor.executeTestStepMethod(StepInterceptor.java:357)
	at net.thucydides.core.steps.StepInterceptor.runTestStep(StepInterceptor.java:332)
	at net.thucydides.core.steps.StepInterceptor.testStepResult(StepInterceptor.java:134)
	at net.thucydides.core.steps.StepInterceptor.intercept(StepInterceptor.java:61)
	at com.virco.steps.serenity.CommonUserSteps$$EnhancerByCGLIB$$d8541bfa.openTheSite(<generated>)
	at com.virco.steps.CommonDefinitionSteps.openTheSiteAndLogin(CommonDefinitionSteps.java:72)
	at sun.reflect.NativeMethodAccessorImpl.invoke0(Native Method)
	at sun.reflect.NativeMethodAccessorImpl.invoke(NativeMethodAccessorImpl.java:62)
	at sun.reflect.DelegatingMethodAccessorImpl.invoke(DelegatingMethodAccessorImpl.java:43)
	at java.lang.reflect.Method.invoke(Method.java:498)
	at cucumber.runtime.Utils$1.call(Utils.java:40)
	at cucumber.runtime.Timeout.timeout(Timeout.java:16)
	at cucumber.runtime.Utils.invoke(Utils.java:34)
	at cucumber.runtime.java.JavaStepDefinition.execute(JavaStepDefinition.java:38)
	at cucumber.runtime.StepDefinitionMatch.runStep(StepDefinitionMatch.java:37)
	at cucumber.runtime.Runtime.runStep(Runtime.java:300)
	at cucumber.runtime.model.StepContainer.runStep(StepContainer.java:44)
	at cucumber.runtime.model.StepContainer.runSteps(StepContainer.java:39)
	at cucumber.runtime.model.CucumberScenario.run(CucumberScenario.java:44)
	at cucumber.runtime.junit.ExecutionUnitRunner.run(ExecutionUnitRunner.java:102)
	at org.junit.runners.Suite.runChild(Suite.java:128)
	at org.junit.runners.Suite.runChild(Suite.java:27)
	at org.junit.runners.ParentRunner$3.run(ParentRunner.java:290)
	at org.junit.runners.ParentRunner$1.schedule(ParentRunner.java:71)
	at org.junit.runners.ParentRunner.runChildren(ParentRunner.java:288)
	at org.junit.runners.ParentRunner.access$000(ParentRunner.java:58)
	at org.junit.runners.ParentRunner$2.evaluate(ParentRunner.java:268)
	at org.junit.runners.ParentRunner.run(ParentRunner.java:363)
	at cucumber.runtime.junit.ExamplesRunner.run(ExamplesRunner.java:59)
	at org.junit.runners.Suite.runChild(Suite.java:128)
	at org.junit.runners.Suite.runChild(Suite.java:27)
	at org.junit.runners.ParentRunner$3.run(ParentRunner.java:290)
	at org.junit.runners.ParentRunner$1.schedule(ParentRunner.java:71)
	at org.junit.runners.ParentRunner.runChildren(ParentRunner.java:288)
	at org.junit.runners.ParentRunner.access$000(ParentRunner.java:58)
	at org.junit.runners.ParentRunner$2.evaluate(ParentRunner.java:268)
	at org.junit.runners.ParentRunner.run(ParentRunner.java:363)
	at cucumber.runtime.junit.ScenarioOutlineRunner.run(ScenarioOutlineRunner.java:53)
	at cucumber.runtime.junit.FeatureRunner.runChild(FeatureRunner.java:63)
	at cucumber.runtime.junit.FeatureRunner.runChild(FeatureRunner.java:18)
	at org.junit.runners.ParentRunner$3.run(ParentRunner.java:290)
	at org.junit.runners.ParentRunner$1.schedule(ParentRunner.java:71)
	at org.junit.runners.ParentRunner.runChildren(ParentRunner.java:288)
	at org.junit.runners.ParentRunner.access$000(ParentRunner.java:58)
	at org.junit.runners.ParentRunner$2.evaluate(ParentRunner.java:268)
	at org.junit.runners.ParentRunner.run(ParentRunner.java:363)
	at cucumber.runtime.junit.FeatureRunner.run(FeatureRunner.java:70)
	at cucumber.api.junit.Cucumber.runChild(Cucumber.java:95)
	at cucumber.api.junit.Cucumber.runChild(Cucumber.java:38)
	at org.junit.runners.ParentRunner$3.run(ParentRunner.java:290)
	at org.junit.runners.ParentRunner$1.schedule(ParentRunner.java:71)
	at org.junit.runners.ParentRunner.runChildren(ParentRunner.java:288)
	at org.junit.runners.ParentRunner.access$000(ParentRunner.java:58)
	at org.junit.runners.ParentRunner$2.evaluate(ParentRunner.java:268)
	at org.junit.runners.ParentRunner.run(ParentRunner.java:363)
	at cucumber.api.junit.Cucumber.run(Cucumber.java:100)
	at org.apache.maven.surefire.junit4.JUnit4Provider.execute(JUnit4Provider.java:283)
	at org.apache.maven.surefire.junit4.JUnit4Provider.executeWithRerun(JUnit4Provider.java:173)
	at org.apache.maven.surefire.junit4.JUnit4Provider.executeTestSet(JUnit4Provider.java:153)
	at org.apache.maven.surefire.junit4.JUnit4Provider.invoke(JUnit4Provider.java:128)
	at org.apache.maven.surefire.booter.ForkedBooter.invokeProviderInSameClassLoader(ForkedBooter.java:203)
	at org.apache.maven.surefire.booter.ForkedBooter.runSuitesInProcess(ForkedBooter.java:155)
	at org.apache.maven.surefire.booter.ForkedBooter.main(ForkedBooter.java:103)
]]></error>
    <system-err><![CDATA[[main] INFO net.serenitybdd.core.Serenity - IGNORING STEP
[main] INFO net.serenitybdd.core.Serenity - FINISHING STEP
[main] ERROR net.serenitybdd.core.Serenity - 
           __  _____ _____ ____ _____   _____ _    ___ _     _____ ____  
  _       / / |_   _| ____/ ___|_   _| |  ___/ \  |_ _| |   | ____|  _ \ 
 (_)_____| |    | | |  _| \___ \ | |   | |_ / _ \  | || |   |  _| | | | |
  _|_____| |    | | | |___ ___) || |   |  _/ ___ \ | || |___| |___| |_| |
 (_)     | |    |_| |_____|____/ |_|   |_|/_/   \_\___|_____|_____|____/ 
          \_\                                                            

TEST FAILED WITH ERROR: VIR-242.02 Verify that the shopper is moved to the appropriate page after clicking on the sub-menu option
---------------------------------------------------------------------
[main] ERROR net.serenitybdd.core.Serenity - TEST FAILED AT STEP Open the site
[main] ERROR net.serenitybdd.core.Serenity - Could not initialize class com.virco.locators.SiteData
[main] INFO net.serenitybdd.core.Serenity - STARTING STEP VIR-242.02 Verify that the shopper is moved to the appropriate page after clicking on the sub-menu option #4: {link=Order History}
[main] INFO net.serenitybdd.core.Serenity - STARTING STEP Given open the site and login
[main] INFO net.serenitybdd.core.Serenity - STARTING STEP Open the site
[main] INFO net.serenitybdd.core.Serenity - STEP ERROR: net.serenitybdd.core.exceptions.SerenityManagedException: Could not initialize class com.virco.locators.SiteData
]]></system-err>
  </testcase>
  <testcase name="| Order History |" classname="| Order History |" time="0.011">
    <error message="Could not initialize class com.virco.locators.SiteData" type="net.serenitybdd.core.exceptions.SerenityManagedException"><![CDATA[net.serenitybdd.core.exceptions.SerenityManagedException: Could not initialize class com.virco.locators.SiteData
	at com.virco.steps.serenity.CommonUserSteps.openTheSite(CommonUserSteps.java:19)
	at com.virco.steps.serenity.CommonUserSteps$$EnhancerByCGLIB$$d8541bfa.CGLIB$openTheSite$6(<generated>)
	at com.virco.steps.serenity.CommonUserSteps$$EnhancerByCGLIB$$d8541bfa$$FastClassByCGLIB$$ea8e0f86.invoke(<generated>)
	at net.sf.cglib.proxy.MethodProxy.invokeSuper(MethodProxy.java:228)
	at net.thucydides.core.steps.StepInterceptor.invokeMethod(StepInterceptor.java:372)
	at net.thucydides.core.steps.StepInterceptor.executeTestStepMethod(StepInterceptor.java:357)
	at net.thucydides.core.steps.StepInterceptor.runTestStep(StepInterceptor.java:332)
	at net.thucydides.core.steps.StepInterceptor.testStepResult(StepInterceptor.java:134)
	at net.thucydides.core.steps.StepInterceptor.intercept(StepInterceptor.java:61)
	at com.virco.steps.serenity.CommonUserSteps$$EnhancerByCGLIB$$d8541bfa.openTheSite(<generated>)
	at com.virco.steps.CommonDefinitionSteps.openTheSiteAndLogin(CommonDefinitionSteps.java:72)
	at sun.reflect.NativeMethodAccessorImpl.invoke0(Native Method)
	at sun.reflect.NativeMethodAccessorImpl.invoke(NativeMethodAccessorImpl.java:62)
	at sun.reflect.DelegatingMethodAccessorImpl.invoke(DelegatingMethodAccessorImpl.java:43)
	at java.lang.reflect.Method.invoke(Method.java:498)
	at cucumber.runtime.Utils$1.call(Utils.java:40)
	at cucumber.runtime.Timeout.timeout(Timeout.java:16)
	at cucumber.runtime.Utils.invoke(Utils.java:34)
	at cucumber.runtime.java.JavaStepDefinition.execute(JavaStepDefinition.java:38)
	at cucumber.runtime.StepDefinitionMatch.runStep(StepDefinitionMatch.java:37)
	at cucumber.runtime.Runtime.runStep(Runtime.java:300)
	at cucumber.runtime.model.StepContainer.runStep(StepContainer.java:44)
	at cucumber.runtime.model.StepContainer.runSteps(StepContainer.java:39)
	at cucumber.runtime.model.CucumberScenario.run(CucumberScenario.java:44)
	at cucumber.runtime.junit.ExecutionUnitRunner.run(ExecutionUnitRunner.java:102)
	at org.junit.runners.Suite.runChild(Suite.java:128)
	at org.junit.runners.Suite.runChild(Suite.java:27)
	at org.junit.runners.ParentRunner$3.run(ParentRunner.java:290)
	at org.junit.runners.ParentRunner$1.schedule(ParentRunner.java:71)
	at org.junit.runners.ParentRunner.runChildren(ParentRunner.java:288)
	at org.junit.runners.ParentRunner.access$000(ParentRunner.java:58)
	at org.junit.runners.ParentRunner$2.evaluate(ParentRunner.java:268)
	at org.junit.runners.ParentRunner.run(ParentRunner.java:363)
	at cucumber.runtime.junit.ExamplesRunner.run(ExamplesRunner.java:59)
	at org.junit.runners.Suite.runChild(Suite.java:128)
	at org.junit.runners.Suite.runChild(Suite.java:27)
	at org.junit.runners.ParentRunner$3.run(ParentRunner.java:290)
	at org.junit.runners.ParentRunner$1.schedule(ParentRunner.java:71)
	at org.junit.runners.ParentRunner.runChildren(ParentRunner.java:288)
	at org.junit.runners.ParentRunner.access$000(ParentRunner.java:58)
	at org.junit.runners.ParentRunner$2.evaluate(ParentRunner.java:268)
	at org.junit.runners.ParentRunner.run(ParentRunner.java:363)
	at cucumber.runtime.junit.ScenarioOutlineRunner.run(ScenarioOutlineRunner.java:53)
	at cucumber.runtime.junit.FeatureRunner.runChild(FeatureRunner.java:63)
	at cucumber.runtime.junit.FeatureRunner.runChild(FeatureRunner.java:18)
	at org.junit.runners.ParentRunner$3.run(ParentRunner.java:290)
	at org.junit.runners.ParentRunner$1.schedule(ParentRunner.java:71)
	at org.junit.runners.ParentRunner.runChildren(ParentRunner.java:288)
	at org.junit.runners.ParentRunner.access$000(ParentRunner.java:58)
	at org.junit.runners.ParentRunner$2.evaluate(ParentRunner.java:268)
	at org.junit.runners.ParentRunner.run(ParentRunner.java:363)
	at cucumber.runtime.junit.FeatureRunner.run(FeatureRunner.java:70)
	at cucumber.api.junit.Cucumber.runChild(Cucumber.java:95)
	at cucumber.api.junit.Cucumber.runChild(Cucumber.java:38)
	at org.junit.runners.ParentRunner$3.run(ParentRunner.java:290)
	at org.junit.runners.ParentRunner$1.schedule(ParentRunner.java:71)
	at org.junit.runners.ParentRunner.runChildren(ParentRunner.java:288)
	at org.junit.runners.ParentRunner.access$000(ParentRunner.java:58)
	at org.junit.runners.ParentRunner$2.evaluate(ParentRunner.java:268)
	at org.junit.runners.ParentRunner.run(ParentRunner.java:363)
	at cucumber.api.junit.Cucumber.run(Cucumber.java:100)
	at org.apache.maven.surefire.junit4.JUnit4Provider.execute(JUnit4Provider.java:283)
	at org.apache.maven.surefire.junit4.JUnit4Provider.executeWithRerun(JUnit4Provider.java:173)
	at org.apache.maven.surefire.junit4.JUnit4Provider.executeTestSet(JUnit4Provider.java:153)
	at org.apache.maven.surefire.junit4.JUnit4Provider.invoke(JUnit4Provider.java:128)
	at org.apache.maven.surefire.booter.ForkedBooter.invokeProviderInSameClassLoader(ForkedBooter.java:203)
	at org.apache.maven.surefire.booter.ForkedBooter.runSuitesInProcess(ForkedBooter.java:155)
	at org.apache.maven.surefire.booter.ForkedBooter.main(ForkedBooter.java:103)
]]></error>
  </testcase>
  <testcase name="When click on &quot;My Account&quot; link in header" classname="| Order History |" time="0">
    <skipped/>
    <system-err><![CDATA[[main] INFO net.serenitybdd.core.Serenity - STEP ERROR: java.lang.NoClassDefFoundError: Could not initialize class com.virco.locators.SiteData
[main] INFO net.serenitybdd.core.Serenity - STARTING STEP When click on "My Account" link in header
]]></system-err>
  </testcase>
  <testcase name="When click on &quot;Order History&quot; in My Account drop-down" classname="| Order History |" time="0">
    <skipped/>
    <system-err><![CDATA[[main] INFO net.serenitybdd.core.Serenity - IGNORING STEP
[main] INFO net.serenitybdd.core.Serenity - STARTING STEP When click on "Order History" in My Account drop-down
]]></system-err>
  </testcase>
  <testcase name="Then the &quot;Order History&quot; my account page is opened" classname="| Order History |" time="0">
    <skipped/>
    <system-err><![CDATA[[main] INFO net.serenitybdd.core.Serenity - IGNORING STEP
[main] INFO net.serenitybdd.core.Serenity - STARTING STEP Then the "Order History" my account page is opened
]]></system-err>
  </testcase>
  <testcase name="Given open the site and login" classname="| Payment Details |" time="0.001">
    <error message="Could not initialize class com.virco.locators.SiteData" type="net.serenitybdd.core.exceptions.SerenityManagedException"><![CDATA[net.serenitybdd.core.exceptions.SerenityManagedException: Could not initialize class com.virco.locators.SiteData
	at com.virco.steps.serenity.CommonUserSteps.openTheSite(CommonUserSteps.java:19)
	at com.virco.steps.serenity.CommonUserSteps$$EnhancerByCGLIB$$d8541bfa.CGLIB$openTheSite$6(<generated>)
	at com.virco.steps.serenity.CommonUserSteps$$EnhancerByCGLIB$$d8541bfa$$FastClassByCGLIB$$ea8e0f86.invoke(<generated>)
	at net.sf.cglib.proxy.MethodProxy.invokeSuper(MethodProxy.java:228)
	at net.thucydides.core.steps.StepInterceptor.invokeMethod(StepInterceptor.java:372)
	at net.thucydides.core.steps.StepInterceptor.executeTestStepMethod(StepInterceptor.java:357)
	at net.thucydides.core.steps.StepInterceptor.runTestStep(StepInterceptor.java:332)
	at net.thucydides.core.steps.StepInterceptor.testStepResult(StepInterceptor.java:134)
	at net.thucydides.core.steps.StepInterceptor.intercept(StepInterceptor.java:61)
	at com.virco.steps.serenity.CommonUserSteps$$EnhancerByCGLIB$$d8541bfa.openTheSite(<generated>)
	at com.virco.steps.CommonDefinitionSteps.openTheSiteAndLogin(CommonDefinitionSteps.java:72)
	at sun.reflect.NativeMethodAccessorImpl.invoke0(Native Method)
	at sun.reflect.NativeMethodAccessorImpl.invoke(NativeMethodAccessorImpl.java:62)
	at sun.reflect.DelegatingMethodAccessorImpl.invoke(DelegatingMethodAccessorImpl.java:43)
	at java.lang.reflect.Method.invoke(Method.java:498)
	at cucumber.runtime.Utils$1.call(Utils.java:40)
	at cucumber.runtime.Timeout.timeout(Timeout.java:16)
	at cucumber.runtime.Utils.invoke(Utils.java:34)
	at cucumber.runtime.java.JavaStepDefinition.execute(JavaStepDefinition.java:38)
	at cucumber.runtime.StepDefinitionMatch.runStep(StepDefinitionMatch.java:37)
	at cucumber.runtime.Runtime.runStep(Runtime.java:300)
	at cucumber.runtime.model.StepContainer.runStep(StepContainer.java:44)
	at cucumber.runtime.model.StepContainer.runSteps(StepContainer.java:39)
	at cucumber.runtime.model.CucumberScenario.run(CucumberScenario.java:44)
	at cucumber.runtime.junit.ExecutionUnitRunner.run(ExecutionUnitRunner.java:102)
	at org.junit.runners.Suite.runChild(Suite.java:128)
	at org.junit.runners.Suite.runChild(Suite.java:27)
	at org.junit.runners.ParentRunner$3.run(ParentRunner.java:290)
	at org.junit.runners.ParentRunner$1.schedule(ParentRunner.java:71)
	at org.junit.runners.ParentRunner.runChildren(ParentRunner.java:288)
	at org.junit.runners.ParentRunner.access$000(ParentRunner.java:58)
	at org.junit.runners.ParentRunner$2.evaluate(ParentRunner.java:268)
	at org.junit.runners.ParentRunner.run(ParentRunner.java:363)
	at cucumber.runtime.junit.ExamplesRunner.run(ExamplesRunner.java:59)
	at org.junit.runners.Suite.runChild(Suite.java:128)
	at org.junit.runners.Suite.runChild(Suite.java:27)
	at org.junit.runners.ParentRunner$3.run(ParentRunner.java:290)
	at org.junit.runners.ParentRunner$1.schedule(ParentRunner.java:71)
	at org.junit.runners.ParentRunner.runChildren(ParentRunner.java:288)
	at org.junit.runners.ParentRunner.access$000(ParentRunner.java:58)
	at org.junit.runners.ParentRunner$2.evaluate(ParentRunner.java:268)
	at org.junit.runners.ParentRunner.run(ParentRunner.java:363)
	at cucumber.runtime.junit.ScenarioOutlineRunner.run(ScenarioOutlineRunner.java:53)
	at cucumber.runtime.junit.FeatureRunner.runChild(FeatureRunner.java:63)
	at cucumber.runtime.junit.FeatureRunner.runChild(FeatureRunner.java:18)
	at org.junit.runners.ParentRunner$3.run(ParentRunner.java:290)
	at org.junit.runners.ParentRunner$1.schedule(ParentRunner.java:71)
	at org.junit.runners.ParentRunner.runChildren(ParentRunner.java:288)
	at org.junit.runners.ParentRunner.access$000(ParentRunner.java:58)
	at org.junit.runners.ParentRunner$2.evaluate(ParentRunner.java:268)
	at org.junit.runners.ParentRunner.run(ParentRunner.java:363)
	at cucumber.runtime.junit.FeatureRunner.run(FeatureRunner.java:70)
	at cucumber.api.junit.Cucumber.runChild(Cucumber.java:95)
	at cucumber.api.junit.Cucumber.runChild(Cucumber.java:38)
	at org.junit.runners.ParentRunner$3.run(ParentRunner.java:290)
	at org.junit.runners.ParentRunner$1.schedule(ParentRunner.java:71)
	at org.junit.runners.ParentRunner.runChildren(ParentRunner.java:288)
	at org.junit.runners.ParentRunner.access$000(ParentRunner.java:58)
	at org.junit.runners.ParentRunner$2.evaluate(ParentRunner.java:268)
	at org.junit.runners.ParentRunner.run(ParentRunner.java:363)
	at cucumber.api.junit.Cucumber.run(Cucumber.java:100)
	at org.apache.maven.surefire.junit4.JUnit4Provider.execute(JUnit4Provider.java:283)
	at org.apache.maven.surefire.junit4.JUnit4Provider.executeWithRerun(JUnit4Provider.java:173)
	at org.apache.maven.surefire.junit4.JUnit4Provider.executeTestSet(JUnit4Provider.java:153)
	at org.apache.maven.surefire.junit4.JUnit4Provider.invoke(JUnit4Provider.java:128)
	at org.apache.maven.surefire.booter.ForkedBooter.invokeProviderInSameClassLoader(ForkedBooter.java:203)
	at org.apache.maven.surefire.booter.ForkedBooter.runSuitesInProcess(ForkedBooter.java:155)
	at org.apache.maven.surefire.booter.ForkedBooter.main(ForkedBooter.java:103)
]]></error>
    <system-err><![CDATA[[main] INFO net.serenitybdd.core.Serenity - IGNORING STEP
[main] INFO net.serenitybdd.core.Serenity - FINISHING STEP
[main] ERROR net.serenitybdd.core.Serenity - 
           __  _____ _____ ____ _____   _____ _    ___ _     _____ ____  
  _       / / |_   _| ____/ ___|_   _| |  ___/ \  |_ _| |   | ____|  _ \ 
 (_)_____| |    | | |  _| \___ \ | |   | |_ / _ \  | || |   |  _| | | | |
  _|_____| |    | | | |___ ___) || |   |  _/ ___ \ | || |___| |___| |_| |
 (_)     | |    |_| |_____|____/ |_|   |_|/_/   \_\___|_____|_____|____/ 
          \_\                                                            

TEST FAILED WITH ERROR: VIR-242.02 Verify that the shopper is moved to the appropriate page after clicking on the sub-menu option
---------------------------------------------------------------------
[main] ERROR net.serenitybdd.core.Serenity - TEST FAILED AT STEP Open the site
[main] ERROR net.serenitybdd.core.Serenity - Could not initialize class com.virco.locators.SiteData
[main] INFO net.serenitybdd.core.Serenity - STARTING STEP VIR-242.02 Verify that the shopper is moved to the appropriate page after clicking on the sub-menu option #5: {link=Payment Details}
[main] INFO net.serenitybdd.core.Serenity - STARTING STEP Given open the site and login
[main] INFO net.serenitybdd.core.Serenity - STARTING STEP Open the site
[main] INFO net.serenitybdd.core.Serenity - STEP ERROR: net.serenitybdd.core.exceptions.SerenityManagedException: Could not initialize class com.virco.locators.SiteData
]]></system-err>
  </testcase>
  <testcase name="| Payment Details |" classname="| Payment Details |" time="0.002">
    <error message="Could not initialize class com.virco.locators.SiteData" type="net.serenitybdd.core.exceptions.SerenityManagedException"><![CDATA[net.serenitybdd.core.exceptions.SerenityManagedException: Could not initialize class com.virco.locators.SiteData
	at com.virco.steps.serenity.CommonUserSteps.openTheSite(CommonUserSteps.java:19)
	at com.virco.steps.serenity.CommonUserSteps$$EnhancerByCGLIB$$d8541bfa.CGLIB$openTheSite$6(<generated>)
	at com.virco.steps.serenity.CommonUserSteps$$EnhancerByCGLIB$$d8541bfa$$FastClassByCGLIB$$ea8e0f86.invoke(<generated>)
	at net.sf.cglib.proxy.MethodProxy.invokeSuper(MethodProxy.java:228)
	at net.thucydides.core.steps.StepInterceptor.invokeMethod(StepInterceptor.java:372)
	at net.thucydides.core.steps.StepInterceptor.executeTestStepMethod(StepInterceptor.java:357)
	at net.thucydides.core.steps.StepInterceptor.runTestStep(StepInterceptor.java:332)
	at net.thucydides.core.steps.StepInterceptor.testStepResult(StepInterceptor.java:134)
	at net.thucydides.core.steps.StepInterceptor.intercept(StepInterceptor.java:61)
	at com.virco.steps.serenity.CommonUserSteps$$EnhancerByCGLIB$$d8541bfa.openTheSite(<generated>)
	at com.virco.steps.CommonDefinitionSteps.openTheSiteAndLogin(CommonDefinitionSteps.java:72)
	at sun.reflect.NativeMethodAccessorImpl.invoke0(Native Method)
	at sun.reflect.NativeMethodAccessorImpl.invoke(NativeMethodAccessorImpl.java:62)
	at sun.reflect.DelegatingMethodAccessorImpl.invoke(DelegatingMethodAccessorImpl.java:43)
	at java.lang.reflect.Method.invoke(Method.java:498)
	at cucumber.runtime.Utils$1.call(Utils.java:40)
	at cucumber.runtime.Timeout.timeout(Timeout.java:16)
	at cucumber.runtime.Utils.invoke(Utils.java:34)
	at cucumber.runtime.java.JavaStepDefinition.execute(JavaStepDefinition.java:38)
	at cucumber.runtime.StepDefinitionMatch.runStep(StepDefinitionMatch.java:37)
	at cucumber.runtime.Runtime.runStep(Runtime.java:300)
	at cucumber.runtime.model.StepContainer.runStep(StepContainer.java:44)
	at cucumber.runtime.model.StepContainer.runSteps(StepContainer.java:39)
	at cucumber.runtime.model.CucumberScenario.run(CucumberScenario.java:44)
	at cucumber.runtime.junit.ExecutionUnitRunner.run(ExecutionUnitRunner.java:102)
	at org.junit.runners.Suite.runChild(Suite.java:128)
	at org.junit.runners.Suite.runChild(Suite.java:27)
	at org.junit.runners.ParentRunner$3.run(ParentRunner.java:290)
	at org.junit.runners.ParentRunner$1.schedule(ParentRunner.java:71)
	at org.junit.runners.ParentRunner.runChildren(ParentRunner.java:288)
	at org.junit.runners.ParentRunner.access$000(ParentRunner.java:58)
	at org.junit.runners.ParentRunner$2.evaluate(ParentRunner.java:268)
	at org.junit.runners.ParentRunner.run(ParentRunner.java:363)
	at cucumber.runtime.junit.ExamplesRunner.run(ExamplesRunner.java:59)
	at org.junit.runners.Suite.runChild(Suite.java:128)
	at org.junit.runners.Suite.runChild(Suite.java:27)
	at org.junit.runners.ParentRunner$3.run(ParentRunner.java:290)
	at org.junit.runners.ParentRunner$1.schedule(ParentRunner.java:71)
	at org.junit.runners.ParentRunner.runChildren(ParentRunner.java:288)
	at org.junit.runners.ParentRunner.access$000(ParentRunner.java:58)
	at org.junit.runners.ParentRunner$2.evaluate(ParentRunner.java:268)
	at org.junit.runners.ParentRunner.run(ParentRunner.java:363)
	at cucumber.runtime.junit.ScenarioOutlineRunner.run(ScenarioOutlineRunner.java:53)
	at cucumber.runtime.junit.FeatureRunner.runChild(FeatureRunner.java:63)
	at cucumber.runtime.junit.FeatureRunner.runChild(FeatureRunner.java:18)
	at org.junit.runners.ParentRunner$3.run(ParentRunner.java:290)
	at org.junit.runners.ParentRunner$1.schedule(ParentRunner.java:71)
	at org.junit.runners.ParentRunner.runChildren(ParentRunner.java:288)
	at org.junit.runners.ParentRunner.access$000(ParentRunner.java:58)
	at org.junit.runners.ParentRunner$2.evaluate(ParentRunner.java:268)
	at org.junit.runners.ParentRunner.run(ParentRunner.java:363)
	at cucumber.runtime.junit.FeatureRunner.run(FeatureRunner.java:70)
	at cucumber.api.junit.Cucumber.runChild(Cucumber.java:95)
	at cucumber.api.junit.Cucumber.runChild(Cucumber.java:38)
	at org.junit.runners.ParentRunner$3.run(ParentRunner.java:290)
	at org.junit.runners.ParentRunner$1.schedule(ParentRunner.java:71)
	at org.junit.runners.ParentRunner.runChildren(ParentRunner.java:288)
	at org.junit.runners.ParentRunner.access$000(ParentRunner.java:58)
	at org.junit.runners.ParentRunner$2.evaluate(ParentRunner.java:268)
	at org.junit.runners.ParentRunner.run(ParentRunner.java:363)
	at cucumber.api.junit.Cucumber.run(Cucumber.java:100)
	at org.apache.maven.surefire.junit4.JUnit4Provider.execute(JUnit4Provider.java:283)
	at org.apache.maven.surefire.junit4.JUnit4Provider.executeWithRerun(JUnit4Provider.java:173)
	at org.apache.maven.surefire.junit4.JUnit4Provider.executeTestSet(JUnit4Provider.java:153)
	at org.apache.maven.surefire.junit4.JUnit4Provider.invoke(JUnit4Provider.java:128)
	at org.apache.maven.surefire.booter.ForkedBooter.invokeProviderInSameClassLoader(ForkedBooter.java:203)
	at org.apache.maven.surefire.booter.ForkedBooter.runSuitesInProcess(ForkedBooter.java:155)
	at org.apache.maven.surefire.booter.ForkedBooter.main(ForkedBooter.java:103)
]]></error>
  </testcase>
  <testcase name="When click on &quot;My Account&quot; link in header" classname="| Payment Details |" time="0">
    <skipped/>
    <system-err><![CDATA[[main] INFO net.serenitybdd.core.Serenity - STEP ERROR: java.lang.NoClassDefFoundError: Could not initialize class com.virco.locators.SiteData
[main] INFO net.serenitybdd.core.Serenity - STARTING STEP When click on "My Account" link in header
]]></system-err>
  </testcase>
  <testcase name="When click on &quot;Payment Details&quot; in My Account drop-down" classname="| Payment Details |" time="0">
    <skipped/>
    <system-err><![CDATA[[main] INFO net.serenitybdd.core.Serenity - IGNORING STEP
[main] INFO net.serenitybdd.core.Serenity - STARTING STEP When click on "Payment Details" in My Account drop-down
]]></system-err>
  </testcase>
  <testcase name="Then the &quot;Payment Details&quot; my account page is opened" classname="| Payment Details |" time="0">
    <skipped/>
    <system-err><![CDATA[[main] INFO net.serenitybdd.core.Serenity - IGNORING STEP
[main] INFO net.serenitybdd.core.Serenity - STARTING STEP Then the "Payment Details" my account page is opened
]]></system-err>
  </testcase>
  <testcase name="Given open the site and login" classname="| Quotes Submitted for Review |" time="0.002">
    <error message="Could not initialize class com.virco.locators.SiteData" type="net.serenitybdd.core.exceptions.SerenityManagedException"><![CDATA[net.serenitybdd.core.exceptions.SerenityManagedException: Could not initialize class com.virco.locators.SiteData
	at com.virco.steps.serenity.CommonUserSteps.openTheSite(CommonUserSteps.java:19)
	at com.virco.steps.serenity.CommonUserSteps$$EnhancerByCGLIB$$d8541bfa.CGLIB$openTheSite$6(<generated>)
	at com.virco.steps.serenity.CommonUserSteps$$EnhancerByCGLIB$$d8541bfa$$FastClassByCGLIB$$ea8e0f86.invoke(<generated>)
	at net.sf.cglib.proxy.MethodProxy.invokeSuper(MethodProxy.java:228)
	at net.thucydides.core.steps.StepInterceptor.invokeMethod(StepInterceptor.java:372)
	at net.thucydides.core.steps.StepInterceptor.executeTestStepMethod(StepInterceptor.java:357)
	at net.thucydides.core.steps.StepInterceptor.runTestStep(StepInterceptor.java:332)
	at net.thucydides.core.steps.StepInterceptor.testStepResult(StepInterceptor.java:134)
	at net.thucydides.core.steps.StepInterceptor.intercept(StepInterceptor.java:61)
	at com.virco.steps.serenity.CommonUserSteps$$EnhancerByCGLIB$$d8541bfa.openTheSite(<generated>)
	at com.virco.steps.CommonDefinitionSteps.openTheSiteAndLogin(CommonDefinitionSteps.java:72)
	at sun.reflect.NativeMethodAccessorImpl.invoke0(Native Method)
	at sun.reflect.NativeMethodAccessorImpl.invoke(NativeMethodAccessorImpl.java:62)
	at sun.reflect.DelegatingMethodAccessorImpl.invoke(DelegatingMethodAccessorImpl.java:43)
	at java.lang.reflect.Method.invoke(Method.java:498)
	at cucumber.runtime.Utils$1.call(Utils.java:40)
	at cucumber.runtime.Timeout.timeout(Timeout.java:16)
	at cucumber.runtime.Utils.invoke(Utils.java:34)
	at cucumber.runtime.java.JavaStepDefinition.execute(JavaStepDefinition.java:38)
	at cucumber.runtime.StepDefinitionMatch.runStep(StepDefinitionMatch.java:37)
	at cucumber.runtime.Runtime.runStep(Runtime.java:300)
	at cucumber.runtime.model.StepContainer.runStep(StepContainer.java:44)
	at cucumber.runtime.model.StepContainer.runSteps(StepContainer.java:39)
	at cucumber.runtime.model.CucumberScenario.run(CucumberScenario.java:44)
	at cucumber.runtime.junit.ExecutionUnitRunner.run(ExecutionUnitRunner.java:102)
	at org.junit.runners.Suite.runChild(Suite.java:128)
	at org.junit.runners.Suite.runChild(Suite.java:27)
	at org.junit.runners.ParentRunner$3.run(ParentRunner.java:290)
	at org.junit.runners.ParentRunner$1.schedule(ParentRunner.java:71)
	at org.junit.runners.ParentRunner.runChildren(ParentRunner.java:288)
	at org.junit.runners.ParentRunner.access$000(ParentRunner.java:58)
	at org.junit.runners.ParentRunner$2.evaluate(ParentRunner.java:268)
	at org.junit.runners.ParentRunner.run(ParentRunner.java:363)
	at cucumber.runtime.junit.ExamplesRunner.run(ExamplesRunner.java:59)
	at org.junit.runners.Suite.runChild(Suite.java:128)
	at org.junit.runners.Suite.runChild(Suite.java:27)
	at org.junit.runners.ParentRunner$3.run(ParentRunner.java:290)
	at org.junit.runners.ParentRunner$1.schedule(ParentRunner.java:71)
	at org.junit.runners.ParentRunner.runChildren(ParentRunner.java:288)
	at org.junit.runners.ParentRunner.access$000(ParentRunner.java:58)
	at org.junit.runners.ParentRunner$2.evaluate(ParentRunner.java:268)
	at org.junit.runners.ParentRunner.run(ParentRunner.java:363)
	at cucumber.runtime.junit.ScenarioOutlineRunner.run(ScenarioOutlineRunner.java:53)
	at cucumber.runtime.junit.FeatureRunner.runChild(FeatureRunner.java:63)
	at cucumber.runtime.junit.FeatureRunner.runChild(FeatureRunner.java:18)
	at org.junit.runners.ParentRunner$3.run(ParentRunner.java:290)
	at org.junit.runners.ParentRunner$1.schedule(ParentRunner.java:71)
	at org.junit.runners.ParentRunner.runChildren(ParentRunner.java:288)
	at org.junit.runners.ParentRunner.access$000(ParentRunner.java:58)
	at org.junit.runners.ParentRunner$2.evaluate(ParentRunner.java:268)
	at org.junit.runners.ParentRunner.run(ParentRunner.java:363)
	at cucumber.runtime.junit.FeatureRunner.run(FeatureRunner.java:70)
	at cucumber.api.junit.Cucumber.runChild(Cucumber.java:95)
	at cucumber.api.junit.Cucumber.runChild(Cucumber.java:38)
	at org.junit.runners.ParentRunner$3.run(ParentRunner.java:290)
	at org.junit.runners.ParentRunner$1.schedule(ParentRunner.java:71)
	at org.junit.runners.ParentRunner.runChildren(ParentRunner.java:288)
	at org.junit.runners.ParentRunner.access$000(ParentRunner.java:58)
	at org.junit.runners.ParentRunner$2.evaluate(ParentRunner.java:268)
	at org.junit.runners.ParentRunner.run(ParentRunner.java:363)
	at cucumber.api.junit.Cucumber.run(Cucumber.java:100)
	at org.apache.maven.surefire.junit4.JUnit4Provider.execute(JUnit4Provider.java:283)
	at org.apache.maven.surefire.junit4.JUnit4Provider.executeWithRerun(JUnit4Provider.java:173)
	at org.apache.maven.surefire.junit4.JUnit4Provider.executeTestSet(JUnit4Provider.java:153)
	at org.apache.maven.surefire.junit4.JUnit4Provider.invoke(JUnit4Provider.java:128)
	at org.apache.maven.surefire.booter.ForkedBooter.invokeProviderInSameClassLoader(ForkedBooter.java:203)
	at org.apache.maven.surefire.booter.ForkedBooter.runSuitesInProcess(ForkedBooter.java:155)
	at org.apache.maven.surefire.booter.ForkedBooter.main(ForkedBooter.java:103)
]]></error>
    <system-err><![CDATA[[main] INFO net.serenitybdd.core.Serenity - IGNORING STEP
[main] INFO net.serenitybdd.core.Serenity - FINISHING STEP
[main] ERROR net.serenitybdd.core.Serenity - 
           __  _____ _____ ____ _____   _____ _    ___ _     _____ ____  
  _       / / |_   _| ____/ ___|_   _| |  ___/ \  |_ _| |   | ____|  _ \ 
 (_)_____| |    | | |  _| \___ \ | |   | |_ / _ \  | || |   |  _| | | | |
  _|_____| |    | | | |___ ___) || |   |  _/ ___ \ | || |___| |___| |_| |
 (_)     | |    |_| |_____|____/ |_|   |_|/_/   \_\___|_____|_____|____/ 
          \_\                                                            

TEST FAILED WITH ERROR: VIR-242.02 Verify that the shopper is moved to the appropriate page after clicking on the sub-menu option
---------------------------------------------------------------------
[main] ERROR net.serenitybdd.core.Serenity - TEST FAILED AT STEP Open the site
[main] ERROR net.serenitybdd.core.Serenity - Could not initialize class com.virco.locators.SiteData
[main] INFO net.serenitybdd.core.Serenity - STARTING STEP VIR-242.02 Verify that the shopper is moved to the appropriate page after clicking on the sub-menu option #6: {link=Quotes Submitted for Review}
[main] INFO net.serenitybdd.core.Serenity - STARTING STEP Given open the site and login
[main] INFO net.serenitybdd.core.Serenity - STARTING STEP Open the site
[main] INFO net.serenitybdd.core.Serenity - STEP ERROR: net.serenitybdd.core.exceptions.SerenityManagedException: Could not initialize class com.virco.locators.SiteData
]]></system-err>
  </testcase>
  <testcase name="| Quotes Submitted for Review |" classname="| Quotes Submitted for Review |" time="0.003">
    <error message="Could not initialize class com.virco.locators.SiteData" type="net.serenitybdd.core.exceptions.SerenityManagedException"><![CDATA[net.serenitybdd.core.exceptions.SerenityManagedException: Could not initialize class com.virco.locators.SiteData
	at com.virco.steps.serenity.CommonUserSteps.openTheSite(CommonUserSteps.java:19)
	at com.virco.steps.serenity.CommonUserSteps$$EnhancerByCGLIB$$d8541bfa.CGLIB$openTheSite$6(<generated>)
	at com.virco.steps.serenity.CommonUserSteps$$EnhancerByCGLIB$$d8541bfa$$FastClassByCGLIB$$ea8e0f86.invoke(<generated>)
	at net.sf.cglib.proxy.MethodProxy.invokeSuper(MethodProxy.java:228)
	at net.thucydides.core.steps.StepInterceptor.invokeMethod(StepInterceptor.java:372)
	at net.thucydides.core.steps.StepInterceptor.executeTestStepMethod(StepInterceptor.java:357)
	at net.thucydides.core.steps.StepInterceptor.runTestStep(StepInterceptor.java:332)
	at net.thucydides.core.steps.StepInterceptor.testStepResult(StepInterceptor.java:134)
	at net.thucydides.core.steps.StepInterceptor.intercept(StepInterceptor.java:61)
	at com.virco.steps.serenity.CommonUserSteps$$EnhancerByCGLIB$$d8541bfa.openTheSite(<generated>)
	at com.virco.steps.CommonDefinitionSteps.openTheSiteAndLogin(CommonDefinitionSteps.java:72)
	at sun.reflect.NativeMethodAccessorImpl.invoke0(Native Method)
	at sun.reflect.NativeMethodAccessorImpl.invoke(NativeMethodAccessorImpl.java:62)
	at sun.reflect.DelegatingMethodAccessorImpl.invoke(DelegatingMethodAccessorImpl.java:43)
	at java.lang.reflect.Method.invoke(Method.java:498)
	at cucumber.runtime.Utils$1.call(Utils.java:40)
	at cucumber.runtime.Timeout.timeout(Timeout.java:16)
	at cucumber.runtime.Utils.invoke(Utils.java:34)
	at cucumber.runtime.java.JavaStepDefinition.execute(JavaStepDefinition.java:38)
	at cucumber.runtime.StepDefinitionMatch.runStep(StepDefinitionMatch.java:37)
	at cucumber.runtime.Runtime.runStep(Runtime.java:300)
	at cucumber.runtime.model.StepContainer.runStep(StepContainer.java:44)
	at cucumber.runtime.model.StepContainer.runSteps(StepContainer.java:39)
	at cucumber.runtime.model.CucumberScenario.run(CucumberScenario.java:44)
	at cucumber.runtime.junit.ExecutionUnitRunner.run(ExecutionUnitRunner.java:102)
	at org.junit.runners.Suite.runChild(Suite.java:128)
	at org.junit.runners.Suite.runChild(Suite.java:27)
	at org.junit.runners.ParentRunner$3.run(ParentRunner.java:290)
	at org.junit.runners.ParentRunner$1.schedule(ParentRunner.java:71)
	at org.junit.runners.ParentRunner.runChildren(ParentRunner.java:288)
	at org.junit.runners.ParentRunner.access$000(ParentRunner.java:58)
	at org.junit.runners.ParentRunner$2.evaluate(ParentRunner.java:268)
	at org.junit.runners.ParentRunner.run(ParentRunner.java:363)
	at cucumber.runtime.junit.ExamplesRunner.run(ExamplesRunner.java:59)
	at org.junit.runners.Suite.runChild(Suite.java:128)
	at org.junit.runners.Suite.runChild(Suite.java:27)
	at org.junit.runners.ParentRunner$3.run(ParentRunner.java:290)
	at org.junit.runners.ParentRunner$1.schedule(ParentRunner.java:71)
	at org.junit.runners.ParentRunner.runChildren(ParentRunner.java:288)
	at org.junit.runners.ParentRunner.access$000(ParentRunner.java:58)
	at org.junit.runners.ParentRunner$2.evaluate(ParentRunner.java:268)
	at org.junit.runners.ParentRunner.run(ParentRunner.java:363)
	at cucumber.runtime.junit.ScenarioOutlineRunner.run(ScenarioOutlineRunner.java:53)
	at cucumber.runtime.junit.FeatureRunner.runChild(FeatureRunner.java:63)
	at cucumber.runtime.junit.FeatureRunner.runChild(FeatureRunner.java:18)
	at org.junit.runners.ParentRunner$3.run(ParentRunner.java:290)
	at org.junit.runners.ParentRunner$1.schedule(ParentRunner.java:71)
	at org.junit.runners.ParentRunner.runChildren(ParentRunner.java:288)
	at org.junit.runners.ParentRunner.access$000(ParentRunner.java:58)
	at org.junit.runners.ParentRunner$2.evaluate(ParentRunner.java:268)
	at org.junit.runners.ParentRunner.run(ParentRunner.java:363)
	at cucumber.runtime.junit.FeatureRunner.run(FeatureRunner.java:70)
	at cucumber.api.junit.Cucumber.runChild(Cucumber.java:95)
	at cucumber.api.junit.Cucumber.runChild(Cucumber.java:38)
	at org.junit.runners.ParentRunner$3.run(ParentRunner.java:290)
	at org.junit.runners.ParentRunner$1.schedule(ParentRunner.java:71)
	at org.junit.runners.ParentRunner.runChildren(ParentRunner.java:288)
	at org.junit.runners.ParentRunner.access$000(ParentRunner.java:58)
	at org.junit.runners.ParentRunner$2.evaluate(ParentRunner.java:268)
	at org.junit.runners.ParentRunner.run(ParentRunner.java:363)
	at cucumber.api.junit.Cucumber.run(Cucumber.java:100)
	at org.apache.maven.surefire.junit4.JUnit4Provider.execute(JUnit4Provider.java:283)
	at org.apache.maven.surefire.junit4.JUnit4Provider.executeWithRerun(JUnit4Provider.java:173)
	at org.apache.maven.surefire.junit4.JUnit4Provider.executeTestSet(JUnit4Provider.java:153)
	at org.apache.maven.surefire.junit4.JUnit4Provider.invoke(JUnit4Provider.java:128)
	at org.apache.maven.surefire.booter.ForkedBooter.invokeProviderInSameClassLoader(ForkedBooter.java:203)
	at org.apache.maven.surefire.booter.ForkedBooter.runSuitesInProcess(ForkedBooter.java:155)
	at org.apache.maven.surefire.booter.ForkedBooter.main(ForkedBooter.java:103)
]]></error>
  </testcase>
  <testcase name="When click on &quot;My Account&quot; link in header" classname="| Quotes Submitted for Review |" time="0">
    <skipped/>
    <system-err><![CDATA[[main] INFO net.serenitybdd.core.Serenity - STEP ERROR: java.lang.NoClassDefFoundError: Could not initialize class com.virco.locators.SiteData
[main] INFO net.serenitybdd.core.Serenity - STARTING STEP When click on "My Account" link in header
]]></system-err>
  </testcase>
  <testcase name="When click on &quot;Quotes Submitted for Review&quot; in My Account drop-down" classname="| Quotes Submitted for Review |" time="0">
    <skipped/>
    <system-err><![CDATA[[main] INFO net.serenitybdd.core.Serenity - IGNORING STEP
[main] INFO net.serenitybdd.core.Serenity - STARTING STEP When click on "Quotes Submitted for Review" in My Account drop-down
]]></system-err>
  </testcase>
  <testcase name="Then the &quot;Quotes Submitted for Review&quot; my account page is opened" classname="| Quotes Submitted for Review |" time="0">
    <skipped/>
    <system-err><![CDATA[[main] INFO net.serenitybdd.core.Serenity - IGNORING STEP
[main] INFO net.serenitybdd.core.Serenity - STARTING STEP Then the "Quotes Submitted for Review" my account page is opened
]]></system-err>
  </testcase>
  <testcase name="Given open the site and login" classname="| Saved Carts |" time="0.002">
    <error message="Could not initialize class com.virco.locators.SiteData" type="net.serenitybdd.core.exceptions.SerenityManagedException"><![CDATA[net.serenitybdd.core.exceptions.SerenityManagedException: Could not initialize class com.virco.locators.SiteData
	at com.virco.steps.serenity.CommonUserSteps.openTheSite(CommonUserSteps.java:19)
	at com.virco.steps.serenity.CommonUserSteps$$EnhancerByCGLIB$$d8541bfa.CGLIB$openTheSite$6(<generated>)
	at com.virco.steps.serenity.CommonUserSteps$$EnhancerByCGLIB$$d8541bfa$$FastClassByCGLIB$$ea8e0f86.invoke(<generated>)
	at net.sf.cglib.proxy.MethodProxy.invokeSuper(MethodProxy.java:228)
	at net.thucydides.core.steps.StepInterceptor.invokeMethod(StepInterceptor.java:372)
	at net.thucydides.core.steps.StepInterceptor.executeTestStepMethod(StepInterceptor.java:357)
	at net.thucydides.core.steps.StepInterceptor.runTestStep(StepInterceptor.java:332)
	at net.thucydides.core.steps.StepInterceptor.testStepResult(StepInterceptor.java:134)
	at net.thucydides.core.steps.StepInterceptor.intercept(StepInterceptor.java:61)
	at com.virco.steps.serenity.CommonUserSteps$$EnhancerByCGLIB$$d8541bfa.openTheSite(<generated>)
	at com.virco.steps.CommonDefinitionSteps.openTheSiteAndLogin(CommonDefinitionSteps.java:72)
	at sun.reflect.NativeMethodAccessorImpl.invoke0(Native Method)
	at sun.reflect.NativeMethodAccessorImpl.invoke(NativeMethodAccessorImpl.java:62)
	at sun.reflect.DelegatingMethodAccessorImpl.invoke(DelegatingMethodAccessorImpl.java:43)
	at java.lang.reflect.Method.invoke(Method.java:498)
	at cucumber.runtime.Utils$1.call(Utils.java:40)
	at cucumber.runtime.Timeout.timeout(Timeout.java:16)
	at cucumber.runtime.Utils.invoke(Utils.java:34)
	at cucumber.runtime.java.JavaStepDefinition.execute(JavaStepDefinition.java:38)
	at cucumber.runtime.StepDefinitionMatch.runStep(StepDefinitionMatch.java:37)
	at cucumber.runtime.Runtime.runStep(Runtime.java:300)
	at cucumber.runtime.model.StepContainer.runStep(StepContainer.java:44)
	at cucumber.runtime.model.StepContainer.runSteps(StepContainer.java:39)
	at cucumber.runtime.model.CucumberScenario.run(CucumberScenario.java:44)
	at cucumber.runtime.junit.ExecutionUnitRunner.run(ExecutionUnitRunner.java:102)
	at org.junit.runners.Suite.runChild(Suite.java:128)
	at org.junit.runners.Suite.runChild(Suite.java:27)
	at org.junit.runners.ParentRunner$3.run(ParentRunner.java:290)
	at org.junit.runners.ParentRunner$1.schedule(ParentRunner.java:71)
	at org.junit.runners.ParentRunner.runChildren(ParentRunner.java:288)
	at org.junit.runners.ParentRunner.access$000(ParentRunner.java:58)
	at org.junit.runners.ParentRunner$2.evaluate(ParentRunner.java:268)
	at org.junit.runners.ParentRunner.run(ParentRunner.java:363)
	at cucumber.runtime.junit.ExamplesRunner.run(ExamplesRunner.java:59)
	at org.junit.runners.Suite.runChild(Suite.java:128)
	at org.junit.runners.Suite.runChild(Suite.java:27)
	at org.junit.runners.ParentRunner$3.run(ParentRunner.java:290)
	at org.junit.runners.ParentRunner$1.schedule(ParentRunner.java:71)
	at org.junit.runners.ParentRunner.runChildren(ParentRunner.java:288)
	at org.junit.runners.ParentRunner.access$000(ParentRunner.java:58)
	at org.junit.runners.ParentRunner$2.evaluate(ParentRunner.java:268)
	at org.junit.runners.ParentRunner.run(ParentRunner.java:363)
	at cucumber.runtime.junit.ScenarioOutlineRunner.run(ScenarioOutlineRunner.java:53)
	at cucumber.runtime.junit.FeatureRunner.runChild(FeatureRunner.java:63)
	at cucumber.runtime.junit.FeatureRunner.runChild(FeatureRunner.java:18)
	at org.junit.runners.ParentRunner$3.run(ParentRunner.java:290)
	at org.junit.runners.ParentRunner$1.schedule(ParentRunner.java:71)
	at org.junit.runners.ParentRunner.runChildren(ParentRunner.java:288)
	at org.junit.runners.ParentRunner.access$000(ParentRunner.java:58)
	at org.junit.runners.ParentRunner$2.evaluate(ParentRunner.java:268)
	at org.junit.runners.ParentRunner.run(ParentRunner.java:363)
	at cucumber.runtime.junit.FeatureRunner.run(FeatureRunner.java:70)
	at cucumber.api.junit.Cucumber.runChild(Cucumber.java:95)
	at cucumber.api.junit.Cucumber.runChild(Cucumber.java:38)
	at org.junit.runners.ParentRunner$3.run(ParentRunner.java:290)
	at org.junit.runners.ParentRunner$1.schedule(ParentRunner.java:71)
	at org.junit.runners.ParentRunner.runChildren(ParentRunner.java:288)
	at org.junit.runners.ParentRunner.access$000(ParentRunner.java:58)
	at org.junit.runners.ParentRunner$2.evaluate(ParentRunner.java:268)
	at org.junit.runners.ParentRunner.run(ParentRunner.java:363)
	at cucumber.api.junit.Cucumber.run(Cucumber.java:100)
	at org.apache.maven.surefire.junit4.JUnit4Provider.execute(JUnit4Provider.java:283)
	at org.apache.maven.surefire.junit4.JUnit4Provider.executeWithRerun(JUnit4Provider.java:173)
	at org.apache.maven.surefire.junit4.JUnit4Provider.executeTestSet(JUnit4Provider.java:153)
	at org.apache.maven.surefire.junit4.JUnit4Provider.invoke(JUnit4Provider.java:128)
	at org.apache.maven.surefire.booter.ForkedBooter.invokeProviderInSameClassLoader(ForkedBooter.java:203)
	at org.apache.maven.surefire.booter.ForkedBooter.runSuitesInProcess(ForkedBooter.java:155)
	at org.apache.maven.surefire.booter.ForkedBooter.main(ForkedBooter.java:103)
]]></error>
    <system-err><![CDATA[[main] INFO net.serenitybdd.core.Serenity - IGNORING STEP
[main] INFO net.serenitybdd.core.Serenity - FINISHING STEP
[main] ERROR net.serenitybdd.core.Serenity - 
           __  _____ _____ ____ _____   _____ _    ___ _     _____ ____  
  _       / / |_   _| ____/ ___|_   _| |  ___/ \  |_ _| |   | ____|  _ \ 
 (_)_____| |    | | |  _| \___ \ | |   | |_ / _ \  | || |   |  _| | | | |
  _|_____| |    | | | |___ ___) || |   |  _/ ___ \ | || |___| |___| |_| |
 (_)     | |    |_| |_____|____/ |_|   |_|/_/   \_\___|_____|_____|____/ 
          \_\                                                            

TEST FAILED WITH ERROR: VIR-242.02 Verify that the shopper is moved to the appropriate page after clicking on the sub-menu option
---------------------------------------------------------------------
[main] ERROR net.serenitybdd.core.Serenity - TEST FAILED AT STEP Open the site
[main] ERROR net.serenitybdd.core.Serenity - Could not initialize class com.virco.locators.SiteData
[main] INFO net.serenitybdd.core.Serenity - STARTING STEP VIR-242.02 Verify that the shopper is moved to the appropriate page after clicking on the sub-menu option #7: {link=Saved Carts}
[main] INFO net.serenitybdd.core.Serenity - STARTING STEP Given open the site and login
[main] INFO net.serenitybdd.core.Serenity - STARTING STEP Open the site
[main] INFO net.serenitybdd.core.Serenity - STEP ERROR: net.serenitybdd.core.exceptions.SerenityManagedException: Could not initialize class com.virco.locators.SiteData
]]></system-err>
  </testcase>
  <testcase name="| Saved Carts |" classname="| Saved Carts |" time="0.002">
    <error message="Could not initialize class com.virco.locators.SiteData" type="net.serenitybdd.core.exceptions.SerenityManagedException"><![CDATA[net.serenitybdd.core.exceptions.SerenityManagedException: Could not initialize class com.virco.locators.SiteData
	at com.virco.steps.serenity.CommonUserSteps.openTheSite(CommonUserSteps.java:19)
	at com.virco.steps.serenity.CommonUserSteps$$EnhancerByCGLIB$$d8541bfa.CGLIB$openTheSite$6(<generated>)
	at com.virco.steps.serenity.CommonUserSteps$$EnhancerByCGLIB$$d8541bfa$$FastClassByCGLIB$$ea8e0f86.invoke(<generated>)
	at net.sf.cglib.proxy.MethodProxy.invokeSuper(MethodProxy.java:228)
	at net.thucydides.core.steps.StepInterceptor.invokeMethod(StepInterceptor.java:372)
	at net.thucydides.core.steps.StepInterceptor.executeTestStepMethod(StepInterceptor.java:357)
	at net.thucydides.core.steps.StepInterceptor.runTestStep(StepInterceptor.java:332)
	at net.thucydides.core.steps.StepInterceptor.testStepResult(StepInterceptor.java:134)
	at net.thucydides.core.steps.StepInterceptor.intercept(StepInterceptor.java:61)
	at com.virco.steps.serenity.CommonUserSteps$$EnhancerByCGLIB$$d8541bfa.openTheSite(<generated>)
	at com.virco.steps.CommonDefinitionSteps.openTheSiteAndLogin(CommonDefinitionSteps.java:72)
	at sun.reflect.NativeMethodAccessorImpl.invoke0(Native Method)
	at sun.reflect.NativeMethodAccessorImpl.invoke(NativeMethodAccessorImpl.java:62)
	at sun.reflect.DelegatingMethodAccessorImpl.invoke(DelegatingMethodAccessorImpl.java:43)
	at java.lang.reflect.Method.invoke(Method.java:498)
	at cucumber.runtime.Utils$1.call(Utils.java:40)
	at cucumber.runtime.Timeout.timeout(Timeout.java:16)
	at cucumber.runtime.Utils.invoke(Utils.java:34)
	at cucumber.runtime.java.JavaStepDefinition.execute(JavaStepDefinition.java:38)
	at cucumber.runtime.StepDefinitionMatch.runStep(StepDefinitionMatch.java:37)
	at cucumber.runtime.Runtime.runStep(Runtime.java:300)
	at cucumber.runtime.model.StepContainer.runStep(StepContainer.java:44)
	at cucumber.runtime.model.StepContainer.runSteps(StepContainer.java:39)
	at cucumber.runtime.model.CucumberScenario.run(CucumberScenario.java:44)
	at cucumber.runtime.junit.ExecutionUnitRunner.run(ExecutionUnitRunner.java:102)
	at org.junit.runners.Suite.runChild(Suite.java:128)
	at org.junit.runners.Suite.runChild(Suite.java:27)
	at org.junit.runners.ParentRunner$3.run(ParentRunner.java:290)
	at org.junit.runners.ParentRunner$1.schedule(ParentRunner.java:71)
	at org.junit.runners.ParentRunner.runChildren(ParentRunner.java:288)
	at org.junit.runners.ParentRunner.access$000(ParentRunner.java:58)
	at org.junit.runners.ParentRunner$2.evaluate(ParentRunner.java:268)
	at org.junit.runners.ParentRunner.run(ParentRunner.java:363)
	at cucumber.runtime.junit.ExamplesRunner.run(ExamplesRunner.java:59)
	at org.junit.runners.Suite.runChild(Suite.java:128)
	at org.junit.runners.Suite.runChild(Suite.java:27)
	at org.junit.runners.ParentRunner$3.run(ParentRunner.java:290)
	at org.junit.runners.ParentRunner$1.schedule(ParentRunner.java:71)
	at org.junit.runners.ParentRunner.runChildren(ParentRunner.java:288)
	at org.junit.runners.ParentRunner.access$000(ParentRunner.java:58)
	at org.junit.runners.ParentRunner$2.evaluate(ParentRunner.java:268)
	at org.junit.runners.ParentRunner.run(ParentRunner.java:363)
	at cucumber.runtime.junit.ScenarioOutlineRunner.run(ScenarioOutlineRunner.java:53)
	at cucumber.runtime.junit.FeatureRunner.runChild(FeatureRunner.java:63)
	at cucumber.runtime.junit.FeatureRunner.runChild(FeatureRunner.java:18)
	at org.junit.runners.ParentRunner$3.run(ParentRunner.java:290)
	at org.junit.runners.ParentRunner$1.schedule(ParentRunner.java:71)
	at org.junit.runners.ParentRunner.runChildren(ParentRunner.java:288)
	at org.junit.runners.ParentRunner.access$000(ParentRunner.java:58)
	at org.junit.runners.ParentRunner$2.evaluate(ParentRunner.java:268)
	at org.junit.runners.ParentRunner.run(ParentRunner.java:363)
	at cucumber.runtime.junit.FeatureRunner.run(FeatureRunner.java:70)
	at cucumber.api.junit.Cucumber.runChild(Cucumber.java:95)
	at cucumber.api.junit.Cucumber.runChild(Cucumber.java:38)
	at org.junit.runners.ParentRunner$3.run(ParentRunner.java:290)
	at org.junit.runners.ParentRunner$1.schedule(ParentRunner.java:71)
	at org.junit.runners.ParentRunner.runChildren(ParentRunner.java:288)
	at org.junit.runners.ParentRunner.access$000(ParentRunner.java:58)
	at org.junit.runners.ParentRunner$2.evaluate(ParentRunner.java:268)
	at org.junit.runners.ParentRunner.run(ParentRunner.java:363)
	at cucumber.api.junit.Cucumber.run(Cucumber.java:100)
	at org.apache.maven.surefire.junit4.JUnit4Provider.execute(JUnit4Provider.java:283)
	at org.apache.maven.surefire.junit4.JUnit4Provider.executeWithRerun(JUnit4Provider.java:173)
	at org.apache.maven.surefire.junit4.JUnit4Provider.executeTestSet(JUnit4Provider.java:153)
	at org.apache.maven.surefire.junit4.JUnit4Provider.invoke(JUnit4Provider.java:128)
	at org.apache.maven.surefire.booter.ForkedBooter.invokeProviderInSameClassLoader(ForkedBooter.java:203)
	at org.apache.maven.surefire.booter.ForkedBooter.runSuitesInProcess(ForkedBooter.java:155)
	at org.apache.maven.surefire.booter.ForkedBooter.main(ForkedBooter.java:103)
]]></error>
  </testcase>
  <testcase name="When click on &quot;My Account&quot; link in header" classname="| Saved Carts |" time="0">
    <skipped/>
    <system-err><![CDATA[[main] INFO net.serenitybdd.core.Serenity - STEP ERROR: java.lang.NoClassDefFoundError: Could not initialize class com.virco.locators.SiteData
[main] INFO net.serenitybdd.core.Serenity - STARTING STEP When click on "My Account" link in header
]]></system-err>
  </testcase>
  <testcase name="When click on &quot;Saved Carts&quot; in My Account drop-down" classname="| Saved Carts |" time="0">
    <skipped/>
    <system-err><![CDATA[[main] INFO net.serenitybdd.core.Serenity - IGNORING STEP
[main] INFO net.serenitybdd.core.Serenity - STARTING STEP When click on "Saved Carts" in My Account drop-down
]]></system-err>
  </testcase>
  <testcase name="Then the &quot;Saved Carts&quot; my account page is opened" classname="| Saved Carts |" time="0">
    <skipped/>
    <system-err><![CDATA[[main] INFO net.serenitybdd.core.Serenity - IGNORING STEP
[main] INFO net.serenitybdd.core.Serenity - STARTING STEP Then the "Saved Carts" my account page is opened
]]></system-err>
  </testcase>
  <testcase name="Scenario: VIR-243.01 Verify that the order tracking number is shown at the Order History and on the Order Details pages" classname="Scenario: VIR-243.01 Verify that the order tracking number is shown at the Order History and on the Order Details pages" time="0.388"/>
  <testcase name="Scenario: VIR-243.02 Verify that the several order tracking number can be shown for one order" classname="Scenario: VIR-243.02 Verify that the several order tracking number can be shown for one order" time="0.374"/>
  <testcase name="Scenario: VIR-243.03 Verify that the order delivery status is shown in new window after clicking on tracking number link" classname="Scenario: VIR-243.03 Verify that the order delivery status is shown in new window after clicking on tracking number link" time="0.311"/>
  <testcase name="Scenario: VIR-243.04 Verify that the chief shopper can see the order tracking number for the orders created by" classname="Scenario: VIR-243.04 Verify that the chief shopper can see the order tracking number for the orders created by" time="0.375"/>
  <testcase name="Scenario: VIR-243.05 Verify that the admin shopper can see the order tracking number for the orders created by" classname="Scenario: VIR-243.05 Verify that the admin shopper can see the order tracking number for the orders created by" time="0.545"/>
  <testcase name="Given open the site and login" classname="Scenario: VIR-244.01 Verify that the shopper can see their email address within Email in My Account Menu" time="0.008">
    <error message="Could not initialize class com.virco.locators.SiteData" type="net.serenitybdd.core.exceptions.SerenityManagedException"><![CDATA[net.serenitybdd.core.exceptions.SerenityManagedException: Could not initialize class com.virco.locators.SiteData
	at com.virco.steps.serenity.CommonUserSteps.openTheSite(CommonUserSteps.java:19)
	at com.virco.steps.serenity.CommonUserSteps$$EnhancerByCGLIB$$d8541bfa.CGLIB$openTheSite$6(<generated>)
	at com.virco.steps.serenity.CommonUserSteps$$EnhancerByCGLIB$$d8541bfa$$FastClassByCGLIB$$ea8e0f86.invoke(<generated>)
	at net.sf.cglib.proxy.MethodProxy.invokeSuper(MethodProxy.java:228)
	at net.thucydides.core.steps.StepInterceptor.invokeMethod(StepInterceptor.java:372)
	at net.thucydides.core.steps.StepInterceptor.executeTestStepMethod(StepInterceptor.java:357)
	at net.thucydides.core.steps.StepInterceptor.runTestStep(StepInterceptor.java:332)
	at net.thucydides.core.steps.StepInterceptor.testStepResult(StepInterceptor.java:134)
	at net.thucydides.core.steps.StepInterceptor.intercept(StepInterceptor.java:61)
	at com.virco.steps.serenity.CommonUserSteps$$EnhancerByCGLIB$$d8541bfa.openTheSite(<generated>)
	at com.virco.steps.CommonDefinitionSteps.openTheSiteAndLogin(CommonDefinitionSteps.java:72)
	at sun.reflect.NativeMethodAccessorImpl.invoke0(Native Method)
	at sun.reflect.NativeMethodAccessorImpl.invoke(NativeMethodAccessorImpl.java:62)
	at sun.reflect.DelegatingMethodAccessorImpl.invoke(DelegatingMethodAccessorImpl.java:43)
	at java.lang.reflect.Method.invoke(Method.java:498)
	at cucumber.runtime.Utils$1.call(Utils.java:40)
	at cucumber.runtime.Timeout.timeout(Timeout.java:16)
	at cucumber.runtime.Utils.invoke(Utils.java:34)
	at cucumber.runtime.java.JavaStepDefinition.execute(JavaStepDefinition.java:38)
	at cucumber.runtime.StepDefinitionMatch.runStep(StepDefinitionMatch.java:37)
	at cucumber.runtime.Runtime.runStep(Runtime.java:300)
	at cucumber.runtime.model.StepContainer.runStep(StepContainer.java:44)
	at cucumber.runtime.model.StepContainer.runSteps(StepContainer.java:39)
	at cucumber.runtime.model.CucumberScenario.run(CucumberScenario.java:44)
	at cucumber.runtime.junit.ExecutionUnitRunner.run(ExecutionUnitRunner.java:102)
	at cucumber.runtime.junit.FeatureRunner.runChild(FeatureRunner.java:63)
	at cucumber.runtime.junit.FeatureRunner.runChild(FeatureRunner.java:18)
	at org.junit.runners.ParentRunner$3.run(ParentRunner.java:290)
	at org.junit.runners.ParentRunner$1.schedule(ParentRunner.java:71)
	at org.junit.runners.ParentRunner.runChildren(ParentRunner.java:288)
	at org.junit.runners.ParentRunner.access$000(ParentRunner.java:58)
	at org.junit.runners.ParentRunner$2.evaluate(ParentRunner.java:268)
	at org.junit.runners.ParentRunner.run(ParentRunner.java:363)
	at cucumber.runtime.junit.FeatureRunner.run(FeatureRunner.java:70)
	at cucumber.api.junit.Cucumber.runChild(Cucumber.java:95)
	at cucumber.api.junit.Cucumber.runChild(Cucumber.java:38)
	at org.junit.runners.ParentRunner$3.run(ParentRunner.java:290)
	at org.junit.runners.ParentRunner$1.schedule(ParentRunner.java:71)
	at org.junit.runners.ParentRunner.runChildren(ParentRunner.java:288)
	at org.junit.runners.ParentRunner.access$000(ParentRunner.java:58)
	at org.junit.runners.ParentRunner$2.evaluate(ParentRunner.java:268)
	at org.junit.runners.ParentRunner.run(ParentRunner.java:363)
	at cucumber.api.junit.Cucumber.run(Cucumber.java:100)
	at org.apache.maven.surefire.junit4.JUnit4Provider.execute(JUnit4Provider.java:283)
	at org.apache.maven.surefire.junit4.JUnit4Provider.executeWithRerun(JUnit4Provider.java:173)
	at org.apache.maven.surefire.junit4.JUnit4Provider.executeTestSet(JUnit4Provider.java:153)
	at org.apache.maven.surefire.junit4.JUnit4Provider.invoke(JUnit4Provider.java:128)
	at org.apache.maven.surefire.booter.ForkedBooter.invokeProviderInSameClassLoader(ForkedBooter.java:203)
	at org.apache.maven.surefire.booter.ForkedBooter.runSuitesInProcess(ForkedBooter.java:155)
	at org.apache.maven.surefire.booter.ForkedBooter.main(ForkedBooter.java:103)
]]></error>
    <system-err><![CDATA[[main] INFO net.serenitybdd.core.Serenity - Test Suite Started: ACT-19 - Static Email Address
[main] INFO net.serenitybdd.core.Serenity - 
 _____ _____ ____ _____   ____ _____  _    ____ _____ _____ ____  
|_   _| ____/ ___|_   _| / ___|_   _|/ \  |  _ \_   _| ____|  _ \ 
  | | |  _| \___ \ | |   \___ \ | | / _ \ | |_) || | |  _| | | | |
  | | | |___ ___) || |    ___) || |/ ___ \|  _ < | | | |___| |_| |
  |_| |_____|____/ |_|   |____/ |_/_/   \_\_| \_\|_| |_____|____/ 
                                                                  

TEST STARTED: VIR-244.01 Verify that the shopper can see their email address within Email in My Account Menu
-------------------------------------------------------------------(act-19---static-email-address;vir-244.01-verify-that-the-shopper-can-see-their-email-address-within-email-in-my-account-menu)
[main] INFO net.serenitybdd.core.Serenity - STARTING STEP Given open the site and login
[main] INFO net.serenitybdd.core.Serenity - STARTING STEP Open the site
[main] INFO net.serenitybdd.core.Serenity - STEP ERROR: net.serenitybdd.core.exceptions.SerenityManagedException: Could not initialize class com.virco.locators.SiteData
]]></system-err>
  </testcase>
  <testcase name="Scenario: VIR-244.01 Verify that the shopper can see their email address within Email in My Account Menu" classname="Scenario: VIR-244.01 Verify that the shopper can see their email address within Email in My Account Menu" time="0.009">
    <error message="Could not initialize class com.virco.locators.SiteData" type="net.serenitybdd.core.exceptions.SerenityManagedException"><![CDATA[net.serenitybdd.core.exceptions.SerenityManagedException: Could not initialize class com.virco.locators.SiteData
	at com.virco.steps.serenity.CommonUserSteps.openTheSite(CommonUserSteps.java:19)
	at com.virco.steps.serenity.CommonUserSteps$$EnhancerByCGLIB$$d8541bfa.CGLIB$openTheSite$6(<generated>)
	at com.virco.steps.serenity.CommonUserSteps$$EnhancerByCGLIB$$d8541bfa$$FastClassByCGLIB$$ea8e0f86.invoke(<generated>)
	at net.sf.cglib.proxy.MethodProxy.invokeSuper(MethodProxy.java:228)
	at net.thucydides.core.steps.StepInterceptor.invokeMethod(StepInterceptor.java:372)
	at net.thucydides.core.steps.StepInterceptor.executeTestStepMethod(StepInterceptor.java:357)
	at net.thucydides.core.steps.StepInterceptor.runTestStep(StepInterceptor.java:332)
	at net.thucydides.core.steps.StepInterceptor.testStepResult(StepInterceptor.java:134)
	at net.thucydides.core.steps.StepInterceptor.intercept(StepInterceptor.java:61)
	at com.virco.steps.serenity.CommonUserSteps$$EnhancerByCGLIB$$d8541bfa.openTheSite(<generated>)
	at com.virco.steps.CommonDefinitionSteps.openTheSiteAndLogin(CommonDefinitionSteps.java:72)
	at sun.reflect.NativeMethodAccessorImpl.invoke0(Native Method)
	at sun.reflect.NativeMethodAccessorImpl.invoke(NativeMethodAccessorImpl.java:62)
	at sun.reflect.DelegatingMethodAccessorImpl.invoke(DelegatingMethodAccessorImpl.java:43)
	at java.lang.reflect.Method.invoke(Method.java:498)
	at cucumber.runtime.Utils$1.call(Utils.java:40)
	at cucumber.runtime.Timeout.timeout(Timeout.java:16)
	at cucumber.runtime.Utils.invoke(Utils.java:34)
	at cucumber.runtime.java.JavaStepDefinition.execute(JavaStepDefinition.java:38)
	at cucumber.runtime.StepDefinitionMatch.runStep(StepDefinitionMatch.java:37)
	at cucumber.runtime.Runtime.runStep(Runtime.java:300)
	at cucumber.runtime.model.StepContainer.runStep(StepContainer.java:44)
	at cucumber.runtime.model.StepContainer.runSteps(StepContainer.java:39)
	at cucumber.runtime.model.CucumberScenario.run(CucumberScenario.java:44)
	at cucumber.runtime.junit.ExecutionUnitRunner.run(ExecutionUnitRunner.java:102)
	at cucumber.runtime.junit.FeatureRunner.runChild(FeatureRunner.java:63)
	at cucumber.runtime.junit.FeatureRunner.runChild(FeatureRunner.java:18)
	at org.junit.runners.ParentRunner$3.run(ParentRunner.java:290)
	at org.junit.runners.ParentRunner$1.schedule(ParentRunner.java:71)
	at org.junit.runners.ParentRunner.runChildren(ParentRunner.java:288)
	at org.junit.runners.ParentRunner.access$000(ParentRunner.java:58)
	at org.junit.runners.ParentRunner$2.evaluate(ParentRunner.java:268)
	at org.junit.runners.ParentRunner.run(ParentRunner.java:363)
	at cucumber.runtime.junit.FeatureRunner.run(FeatureRunner.java:70)
	at cucumber.api.junit.Cucumber.runChild(Cucumber.java:95)
	at cucumber.api.junit.Cucumber.runChild(Cucumber.java:38)
	at org.junit.runners.ParentRunner$3.run(ParentRunner.java:290)
	at org.junit.runners.ParentRunner$1.schedule(ParentRunner.java:71)
	at org.junit.runners.ParentRunner.runChildren(ParentRunner.java:288)
	at org.junit.runners.ParentRunner.access$000(ParentRunner.java:58)
	at org.junit.runners.ParentRunner$2.evaluate(ParentRunner.java:268)
	at org.junit.runners.ParentRunner.run(ParentRunner.java:363)
	at cucumber.api.junit.Cucumber.run(Cucumber.java:100)
	at org.apache.maven.surefire.junit4.JUnit4Provider.execute(JUnit4Provider.java:283)
	at org.apache.maven.surefire.junit4.JUnit4Provider.executeWithRerun(JUnit4Provider.java:173)
	at org.apache.maven.surefire.junit4.JUnit4Provider.executeTestSet(JUnit4Provider.java:153)
	at org.apache.maven.surefire.junit4.JUnit4Provider.invoke(JUnit4Provider.java:128)
	at org.apache.maven.surefire.booter.ForkedBooter.invokeProviderInSameClassLoader(ForkedBooter.java:203)
	at org.apache.maven.surefire.booter.ForkedBooter.runSuitesInProcess(ForkedBooter.java:155)
	at org.apache.maven.surefire.booter.ForkedBooter.main(ForkedBooter.java:103)
]]></error>
  </testcase>
  <testcase name="When click on &quot;My Account&quot; link in header" classname="Scenario: VIR-244.01 Verify that the shopper can see their email address within Email in My Account Menu" time="0">
    <skipped/>
    <system-err><![CDATA[[main] INFO net.serenitybdd.core.Serenity - STEP ERROR: java.lang.NoClassDefFoundError: Could not initialize class com.virco.locators.SiteData
[main] INFO net.serenitybdd.core.Serenity - STARTING STEP When click on "My Account" link in header
]]></system-err>
  </testcase>
  <testcase name="When click on &quot;Email Address&quot; in My Account drop-down" classname="Scenario: VIR-244.01 Verify that the shopper can see their email address within Email in My Account Menu" time="0">
    <skipped/>
    <system-err><![CDATA[[main] INFO net.serenitybdd.core.Serenity - IGNORING STEP
[main] INFO net.serenitybdd.core.Serenity - STARTING STEP When click on "Email Address" in My Account drop-down
]]></system-err>
  </testcase>
  <testcase name="Then the data in &quot;Email Address&quot; field is &quot;anthony.lombardi@rustic-hw.com&quot;" classname="Scenario: VIR-244.01 Verify that the shopper can see their email address within Email in My Account Menu" time="0">
    <skipped/>
    <system-err><![CDATA[[main] INFO net.serenitybdd.core.Serenity - IGNORING STEP
[main] INFO net.serenitybdd.core.Serenity - STARTING STEP Then the data in "Email Address" field is "anthony.lombardi@rustic-hw.com"
]]></system-err>
  </testcase>
  <testcase name="Given open the site and login" classname="Scenario: VIR-244.02 Verify that the email address is not editable" time="0.004">
    <error message="Could not initialize class com.virco.locators.SiteData" type="net.serenitybdd.core.exceptions.SerenityManagedException"><![CDATA[net.serenitybdd.core.exceptions.SerenityManagedException: Could not initialize class com.virco.locators.SiteData
	at com.virco.steps.serenity.CommonUserSteps.openTheSite(CommonUserSteps.java:19)
	at com.virco.steps.serenity.CommonUserSteps$$EnhancerByCGLIB$$d8541bfa.CGLIB$openTheSite$6(<generated>)
	at com.virco.steps.serenity.CommonUserSteps$$EnhancerByCGLIB$$d8541bfa$$FastClassByCGLIB$$ea8e0f86.invoke(<generated>)
	at net.sf.cglib.proxy.MethodProxy.invokeSuper(MethodProxy.java:228)
	at net.thucydides.core.steps.StepInterceptor.invokeMethod(StepInterceptor.java:372)
	at net.thucydides.core.steps.StepInterceptor.executeTestStepMethod(StepInterceptor.java:357)
	at net.thucydides.core.steps.StepInterceptor.runTestStep(StepInterceptor.java:332)
	at net.thucydides.core.steps.StepInterceptor.testStepResult(StepInterceptor.java:134)
	at net.thucydides.core.steps.StepInterceptor.intercept(StepInterceptor.java:61)
	at com.virco.steps.serenity.CommonUserSteps$$EnhancerByCGLIB$$d8541bfa.openTheSite(<generated>)
	at com.virco.steps.CommonDefinitionSteps.openTheSiteAndLogin(CommonDefinitionSteps.java:72)
	at sun.reflect.NativeMethodAccessorImpl.invoke0(Native Method)
	at sun.reflect.NativeMethodAccessorImpl.invoke(NativeMethodAccessorImpl.java:62)
	at sun.reflect.DelegatingMethodAccessorImpl.invoke(DelegatingMethodAccessorImpl.java:43)
	at java.lang.reflect.Method.invoke(Method.java:498)
	at cucumber.runtime.Utils$1.call(Utils.java:40)
	at cucumber.runtime.Timeout.timeout(Timeout.java:16)
	at cucumber.runtime.Utils.invoke(Utils.java:34)
	at cucumber.runtime.java.JavaStepDefinition.execute(JavaStepDefinition.java:38)
	at cucumber.runtime.StepDefinitionMatch.runStep(StepDefinitionMatch.java:37)
	at cucumber.runtime.Runtime.runStep(Runtime.java:300)
	at cucumber.runtime.model.StepContainer.runStep(StepContainer.java:44)
	at cucumber.runtime.model.StepContainer.runSteps(StepContainer.java:39)
	at cucumber.runtime.model.CucumberScenario.run(CucumberScenario.java:44)
	at cucumber.runtime.junit.ExecutionUnitRunner.run(ExecutionUnitRunner.java:102)
	at cucumber.runtime.junit.FeatureRunner.runChild(FeatureRunner.java:63)
	at cucumber.runtime.junit.FeatureRunner.runChild(FeatureRunner.java:18)
	at org.junit.runners.ParentRunner$3.run(ParentRunner.java:290)
	at org.junit.runners.ParentRunner$1.schedule(ParentRunner.java:71)
	at org.junit.runners.ParentRunner.runChildren(ParentRunner.java:288)
	at org.junit.runners.ParentRunner.access$000(ParentRunner.java:58)
	at org.junit.runners.ParentRunner$2.evaluate(ParentRunner.java:268)
	at org.junit.runners.ParentRunner.run(ParentRunner.java:363)
	at cucumber.runtime.junit.FeatureRunner.run(FeatureRunner.java:70)
	at cucumber.api.junit.Cucumber.runChild(Cucumber.java:95)
	at cucumber.api.junit.Cucumber.runChild(Cucumber.java:38)
	at org.junit.runners.ParentRunner$3.run(ParentRunner.java:290)
	at org.junit.runners.ParentRunner$1.schedule(ParentRunner.java:71)
	at org.junit.runners.ParentRunner.runChildren(ParentRunner.java:288)
	at org.junit.runners.ParentRunner.access$000(ParentRunner.java:58)
	at org.junit.runners.ParentRunner$2.evaluate(ParentRunner.java:268)
	at org.junit.runners.ParentRunner.run(ParentRunner.java:363)
	at cucumber.api.junit.Cucumber.run(Cucumber.java:100)
	at org.apache.maven.surefire.junit4.JUnit4Provider.execute(JUnit4Provider.java:283)
	at org.apache.maven.surefire.junit4.JUnit4Provider.executeWithRerun(JUnit4Provider.java:173)
	at org.apache.maven.surefire.junit4.JUnit4Provider.executeTestSet(JUnit4Provider.java:153)
	at org.apache.maven.surefire.junit4.JUnit4Provider.invoke(JUnit4Provider.java:128)
	at org.apache.maven.surefire.booter.ForkedBooter.invokeProviderInSameClassLoader(ForkedBooter.java:203)
	at org.apache.maven.surefire.booter.ForkedBooter.runSuitesInProcess(ForkedBooter.java:155)
	at org.apache.maven.surefire.booter.ForkedBooter.main(ForkedBooter.java:103)
]]></error>
    <system-err><![CDATA[[main] INFO net.serenitybdd.core.Serenity - IGNORING STEP
[main] ERROR net.serenitybdd.core.Serenity - 
           __  _____ _____ ____ _____   _____ _    ___ _     _____ ____  
  _       / / |_   _| ____/ ___|_   _| |  ___/ \  |_ _| |   | ____|  _ \ 
 (_)_____| |    | | |  _| \___ \ | |   | |_ / _ \  | || |   |  _| | | | |
  _|_____| |    | | | |___ ___) || |   |  _/ ___ \ | || |___| |___| |_| |
 (_)     | |    |_| |_____|____/ |_|   |_|/_/   \_\___|_____|_____|____/ 
          \_\                                                            

TEST FAILED WITH ERROR: VIR-244.01 Verify that the shopper can see their email address within Email in My Account Menu
---------------------------------------------------------------------
[main] ERROR net.serenitybdd.core.Serenity - TEST FAILED AT STEP Open the site
[main] ERROR net.serenitybdd.core.Serenity - Could not initialize class com.virco.locators.SiteData
[pool-1-thread-4] INFO net.thucydides.core.reports.json.JSONTestOutcomeReporter - Generating JSON report for VIR-235.01 Verify that the shopper can view the order history within My Account to file /Users/rodionsavchuk/hybrisAutomation/virco-automatedtests/target/site/serenity/273677580b5ade55ccb470a2e988196811df982925cdbb1ace31e0a5efaabec1.json (using temp file /Users/rodionsavchuk/hybrisAutomation/virco-automatedtests/target/site/serenity/273677580b5ade55ccb470a2e988196811df982925cdbb1ace31e0a5efaabec1.json796e6e3e-0013-4aa3-a05f-bf42b2584151)
[pool-1-thread-2] INFO net.thucydides.core.reports.json.JSONTestOutcomeReporter - Generating JSON report for VIR-235.02 Verify that the newest order is shown first in the list to file /Users/rodionsavchuk/hybrisAutomation/virco-automatedtests/target/site/serenity/8840d0acce101c4828203142f8d64f0725d2637a38c8eebef56a7d6a8b899749.json (using temp file /Users/rodionsavchuk/hybrisAutomation/virco-automatedtests/target/site/serenity/8840d0acce101c4828203142f8d64f0725d2637a38c8eebef56a7d6a8b899749.json5c75f362-ef93-4b4e-b05a-0730e9c3777f)
[pool-1-thread-1] INFO net.thucydides.core.reports.json.JSONTestOutcomeReporter - Generating JSON report for VIR-235.03 Verify that the orders can be filtered by to file /Users/rodionsavchuk/hybrisAutomation/virco-automatedtests/target/site/serenity/29922dd92355b657a29ca8ceee8ece530ee19fab8572208c0d42c3104ff16960.json (using temp file /Users/rodionsavchuk/hybrisAutomation/virco-automatedtests/target/site/serenity/29922dd92355b657a29ca8ceee8ece530ee19fab8572208c0d42c3104ff16960.json427b5891-ef91-4d7f-93e3-809879161e96)
[pool-1-thread-3] INFO net.thucydides.core.reports.json.JSONTestOutcomeReporter - Generating JSON report for VIR-235.04 Verify that the current year view of orders is set by default to file /Users/rodionsavchuk/hybrisAutomation/virco-automatedtests/target/site/serenity/611fe17d9cda8a2f0360fd4a5e0044434a5a44282d734d3f572d018496b6a768.json (using temp file /Users/rodionsavchuk/hybrisAutomation/virco-automatedtests/target/site/serenity/611fe17d9cda8a2f0360fd4a5e0044434a5a44282d734d3f572d018496b6a768.jsoncb34bf72-470a-4155-9694-11b0685f0170)
[pool-1-thread-4] INFO net.thucydides.core.reports.json.JSONTestOutcomeReporter - Generating JSON report for VIR-235.05 Verify that the orders can be sorted by to file /Users/rodionsavchuk/hybrisAutomation/virco-automatedtests/target/site/serenity/b3c85d502fdd11d32f7b2c0e62dbb38be0c6f9c593e4d4ccd95adcc5fe60b304.json (using temp file /Users/rodionsavchuk/hybrisAutomation/virco-automatedtests/target/site/serenity/b3c85d502fdd11d32f7b2c0e62dbb38be0c6f9c593e4d4ccd95adcc5fe60b304.json621aa580-4a8a-4469-959d-8dc4997b584d)
[pool-1-thread-2] INFO net.thucydides.core.reports.json.JSONTestOutcomeReporter - Generating JSON report for VIR-235.06 Verify that the orders can be grouped by PO# (alpha-numeric) to file /Users/rodionsavchuk/hybrisAutomation/virco-automatedtests/target/site/serenity/69529ca40520069837eb10aa62eb1ab7518abd062932198aaa75ce49a153bdf4.json (using temp file /Users/rodionsavchuk/hybrisAutomation/virco-automatedtests/target/site/serenity/69529ca40520069837eb10aa62eb1ab7518abd062932198aaa75ce49a153bdf4.json2c9c1256-cde2-477c-8369-1e77712873db)
[pool-1-thread-1] INFO net.thucydides.core.reports.json.JSONTestOutcomeReporter - Generating JSON report for VIR-236.01 Verify that the shopper can see the created by him ECC orders withing Orders History to file /Users/rodionsavchuk/hybrisAutomation/virco-automatedtests/target/site/serenity/6e0b05141f32d41efa52a2f8708a010ef30be5406c962e50aa108e52f637ff4f.json (using temp file /Users/rodionsavchuk/hybrisAutomation/virco-automatedtests/target/site/serenity/6e0b05141f32d41efa52a2f8708a010ef30be5406c962e50aa108e52f637ff4f.jsoncb3a4231-3417-4b20-8131-55b577e71e62)
[pool-1-thread-3] INFO net.thucydides.core.reports.json.JSONTestOutcomeReporter - Generating JSON report for VIR-236.02 Verify that the shopper is able to see the ECC orders details to file /Users/rodionsavchuk/hybrisAutomation/virco-automatedtests/target/site/serenity/06a785ccbf37298662c0a3d0b35aa8a04f4eb296e14af96a2032ecacd8155265.json (using temp file /Users/rodionsavchuk/hybrisAutomation/virco-automatedtests/target/site/serenity/06a785ccbf37298662c0a3d0b35aa8a04f4eb296e14af96a2032ecacd8155265.json24c44a65-3181-4fb1-9779-9108e118c33e)
[pool-1-thread-4] INFO net.thucydides.core.reports.json.JSONTestOutcomeReporter - Generating JSON report for VIR-236.03 Verify that shopper is not able to reorder the ECC orders to file /Users/rodionsavchuk/hybrisAutomation/virco-automatedtests/target/site/serenity/adad10cc0c0c283641a22aee227822d43a6b04d28868ac5b5b9f65428e2198f1.json (using temp file /Users/rodionsavchuk/hybrisAutomation/virco-automatedtests/target/site/serenity/adad10cc0c0c283641a22aee227822d43a6b04d28868ac5b5b9f65428e2198f1.json88b1dffe-583e-4807-aba0-8fb2940c49df)
[pool-1-thread-2] INFO net.thucydides.core.reports.json.JSONTestOutcomeReporter - Generating JSON report for VIR-237.01 Verify that the chief shopper is able to view the orders created by others within their organization to file /Users/rodionsavchuk/hybrisAutomation/virco-automatedtests/target/site/serenity/37ec79a1d6a9cc6a2aec4574466f6dcb64dfed35c002fda7b3134b876ab9d490.json (using temp file /Users/rodionsavchuk/hybrisAutomation/virco-automatedtests/target/site/serenity/37ec79a1d6a9cc6a2aec4574466f6dcb64dfed35c002fda7b3134b876ab9d490.jsona164b7ff-a169-4f3c-95be-f5684de808cd)
[pool-1-thread-1] INFO net.thucydides.core.reports.json.JSONTestOutcomeReporter - Generating JSON report for VIR-237.02 Verify that all orders are shown at the same page to file /Users/rodionsavchuk/hybrisAutomation/virco-automatedtests/target/site/serenity/04c1b88fcf25fa2f1ca595220bf539bd3345daf07b3f5fd975b7cfa258aa1a72.json (using temp file /Users/rodionsavchuk/hybrisAutomation/virco-automatedtests/target/site/serenity/04c1b88fcf25fa2f1ca595220bf539bd3345daf07b3f5fd975b7cfa258aa1a72.jsone7af7fc0-c4df-41f5-86dd-18269042a04e)
[pool-1-thread-3] INFO net.thucydides.core.reports.json.JSONTestOutcomeReporter - Generating JSON report for VIR-238.01 Verify that the stuff shopper can view orders created by him/her to file /Users/rodionsavchuk/hybrisAutomation/virco-automatedtests/target/site/serenity/da20584ac40b990dc291e9ae9cb2facdd86f681d176e5cbf03c9dc84024b2dea.json (using temp file /Users/rodionsavchuk/hybrisAutomation/virco-automatedtests/target/site/serenity/da20584ac40b990dc291e9ae9cb2facdd86f681d176e5cbf03c9dc84024b2dea.json389a26f4-a417-41fb-afe6-61d3d1addf0d)
[pool-1-thread-4] INFO net.thucydides.core.reports.json.JSONTestOutcomeReporter - Generating JSON report for VIR-238.02 Verify that the admin shoppers can view orders placed by admin and stuff shoppers within organization to file /Users/rodionsavchuk/hybrisAutomation/virco-automatedtests/target/site/serenity/049e5266696367738227685efc996b610d41e4a9ff2b91176988ad3e5d046577.json (using temp file /Users/rodionsavchuk/hybrisAutomation/virco-automatedtests/target/site/serenity/049e5266696367738227685efc996b610d41e4a9ff2b91176988ad3e5d046577.json12c0ebe7-7a76-4e30-bbf8-ab768792937f)
[pool-1-thread-2] INFO net.thucydides.core.reports.json.JSONTestOutcomeReporter - Generating JSON report for VIR-239.01 Verify that the shopper can see the Reorder button near each order in the list of orders history to file /Users/rodionsavchuk/hybrisAutomation/virco-automatedtests/target/site/serenity/bc5c957c59b8dd4780a20bc8c811eb7cd90739e0aa75b27ef4276f5d16b25e8a.json (using temp file /Users/rodionsavchuk/hybrisAutomation/virco-automatedtests/target/site/serenity/bc5c957c59b8dd4780a20bc8c811eb7cd90739e0aa75b27ef4276f5d16b25e8a.json6009355d-6f71-401f-b17b-c48c654d506c)
[pool-1-thread-1] INFO net.thucydides.core.reports.json.JSONTestOutcomeReporter - Generating JSON report for VIR-239.02 Verify that the Reorder button is present at the order details page to file /Users/rodionsavchuk/hybrisAutomation/virco-automatedtests/target/site/serenity/7f2baa53bf21c1609ec69298572380037821566fedb28a9f798f27a38a595463.json (using temp file /Users/rodionsavchuk/hybrisAutomation/virco-automatedtests/target/site/serenity/7f2baa53bf21c1609ec69298572380037821566fedb28a9f798f27a38a595463.json36ddff75-1b9a-45b9-8b2e-6d3aec379d23)
[pool-1-thread-3] INFO net.thucydides.core.reports.json.JSONTestOutcomeReporter - Generating JSON report for VIR-239.03 Verify that the Reorder button is present only near the orders created by shopper to file /Users/rodionsavchuk/hybrisAutomation/virco-automatedtests/target/site/serenity/db5d2cc2cdb477151d79acc5ba80f9970445ac1f4a40c15aea05ceaf9d72ab4c.json (using temp file /Users/rodionsavchuk/hybrisAutomation/virco-automatedtests/target/site/serenity/db5d2cc2cdb477151d79acc5ba80f9970445ac1f4a40c15aea05ceaf9d72ab4c.json14821bbc-5e2f-429d-b0ae-9e09de588b8f)
[pool-1-thread-4] INFO net.thucydides.core.reports.json.JSONTestOutcomeReporter - Generating JSON report for VIR-239.04 Verify that the new order with the same order details is created after reordering to file /Users/rodionsavchuk/hybrisAutomation/virco-automatedtests/target/site/serenity/86d284f6d52dd7b06703c0e65ed979dc08ab5e91925669335c8db93a482789bd.json (using temp file /Users/rodionsavchuk/hybrisAutomation/virco-automatedtests/target/site/serenity/86d284f6d52dd7b06703c0e65ed979dc08ab5e91925669335c8db93a482789bd.jsond4a26df8-3543-460f-a23a-bba5b54f2c05)
[pool-1-thread-2] INFO net.thucydides.core.reports.json.JSONTestOutcomeReporter - Generating JSON report for VIR-239.05 Verify that the Admin can reorder the orders created by him and stuff shoppers to file /Users/rodionsavchuk/hybrisAutomation/virco-automatedtests/target/site/serenity/bd0258604ad0a60526916081e6985c7c5319337a9181a074ad5638ad9d781d0d.json (using temp file /Users/rodionsavchuk/hybrisAutomation/virco-automatedtests/target/site/serenity/bd0258604ad0a60526916081e6985c7c5319337a9181a074ad5638ad9d781d0d.json119dc1ed-c8f8-459d-afce-350c33bd41b6)
[pool-1-thread-1] INFO net.thucydides.core.reports.json.JSONTestOutcomeReporter - Generating JSON report for VIR-239.06 Verify that the Chief can reorder the orders created by him, admin and stuff shoppers to file /Users/rodionsavchuk/hybrisAutomation/virco-automatedtests/target/site/serenity/ce484b4c5f4b477729fe56f6574c4b704d459afba8238101689edf60627995fe.json (using temp file /Users/rodionsavchuk/hybrisAutomation/virco-automatedtests/target/site/serenity/ce484b4c5f4b477729fe56f6574c4b704d459afba8238101689edf60627995fe.jsone04a6aa9-b8ea-4e06-90f6-3fe53bea04e1)
[pool-1-thread-3] INFO net.thucydides.core.reports.json.JSONTestOutcomeReporter - Generating JSON report for VIR-239.07 Verify that the Stuff shopper can reorder the orders created by him\her only to file /Users/rodionsavchuk/hybrisAutomation/virco-automatedtests/target/site/serenity/b8018260c31d901f3d8d776ff65116bc168b781e95b8a9f89641bcafaaa081f8.json (using temp file /Users/rodionsavchuk/hybrisAutomation/virco-automatedtests/target/site/serenity/b8018260c31d901f3d8d776ff65116bc168b781e95b8a9f89641bcafaaa081f8.jsonea1cc502-a6e5-4e59-b22b-c560f334505a)
[pool-1-thread-4] INFO net.thucydides.core.reports.json.JSONTestOutcomeReporter - Generating JSON report for VIR-240.01 Verify that the following message is shown to the customer if they entered wrong login data at first and second times to file /Users/rodionsavchuk/hybrisAutomation/virco-automatedtests/target/site/serenity/5c983153fe2ebb177f0d9e8b132ca59a6e0ee0ae8654058c47ae107dbb7196e9.json (using temp file /Users/rodionsavchuk/hybrisAutomation/virco-automatedtests/target/site/serenity/5c983153fe2ebb177f0d9e8b132ca59a6e0ee0ae8654058c47ae107dbb7196e9.jsonbec8d596-90ee-4788-8cd5-ca92dc4ee6ae)
[pool-1-thread-2] INFO net.thucydides.core.reports.json.JSONTestOutcomeReporter - Generating JSON report for VIR-240.02 Verify that the error message is shown to the customer if they entered wrong login data three and more times to file /Users/rodionsavchuk/hybrisAutomation/virco-automatedtests/target/site/serenity/feea09e30f98fa20f26d9fa541c867e47262726ef2edae67658e6fe1f69f795b.json (using temp file /Users/rodionsavchuk/hybrisAutomation/virco-automatedtests/target/site/serenity/feea09e30f98fa20f26d9fa541c867e47262726ef2edae67658e6fe1f69f795b.json16dc4895-58cb-4950-b7bc-5d634d6e2f80)
[pool-1-thread-1] INFO net.thucydides.core.reports.json.JSONTestOutcomeReporter - Generating JSON report for VIR-240.03 Verify that the account is locked automatically after 3 incorrect login attempts to file /Users/rodionsavchuk/hybrisAutomation/virco-automatedtests/target/site/serenity/98702c761630d5e96c1885fc6b7d9edc2d3d9276a61dcb964fb55a77180ac4c4.json (using temp file /Users/rodionsavchuk/hybrisAutomation/virco-automatedtests/target/site/serenity/98702c761630d5e96c1885fc6b7d9edc2d3d9276a61dcb964fb55a77180ac4c4.json5ce31ce7-fc05-47e4-8140-8cb614be1a16)
[pool-1-thread-3] INFO net.thucydides.core.reports.json.JSONTestOutcomeReporter - Generating JSON report for VIR-240.04 Verify that the customer can phone via Skype when they click on the phone number from desktop browser to file /Users/rodionsavchuk/hybrisAutomation/virco-automatedtests/target/site/serenity/022ceba0bee1a7e3be70af6fce73e28abbfa02e327dc996b425b971073e81949.json (using temp file /Users/rodionsavchuk/hybrisAutomation/virco-automatedtests/target/site/serenity/022ceba0bee1a7e3be70af6fce73e28abbfa02e327dc996b425b971073e81949.json823ac6b2-8d97-404e-b0f9-4b827371ce9c)
[pool-1-thread-4] INFO net.thucydides.core.reports.json.JSONTestOutcomeReporter - Generating JSON report for VIR-240.05 Verify that the customer can phone via phone/skype when they click on the phone number from mobile device to file /Users/rodionsavchuk/hybrisAutomation/virco-automatedtests/target/site/serenity/0acf8d5b428f155bb5cd03ead2beee85cb116b173f667ca0d7eddf263c734900.json (using temp file /Users/rodionsavchuk/hybrisAutomation/virco-automatedtests/target/site/serenity/0acf8d5b428f155bb5cd03ead2beee85cb116b173f667ca0d7eddf263c734900.json7d9437b6-707c-4b9b-a092-48702f0f520f)
[pool-1-thread-2] INFO net.thucydides.core.reports.json.JSONTestOutcomeReporter - Generating JSON report for VIR-241.01 Verify that the bunch of customers are created in hybris after running mass setup script to file /Users/rodionsavchuk/hybrisAutomation/virco-automatedtests/target/site/serenity/463850b14992f16a3a2bf3702fcc5975eee58ce459f840ff047b04c2eaef46d1.json (using temp file /Users/rodionsavchuk/hybrisAutomation/virco-automatedtests/target/site/serenity/463850b14992f16a3a2bf3702fcc5975eee58ce459f840ff047b04c2eaef46d1.json827ab622-2e3b-433b-8661-3cf19ae113fe)
[pool-1-thread-1] INFO net.thucydides.core.reports.json.JSONTestOutcomeReporter - Generating JSON report for VIR-241.02 Verify that the personal details are mapped appropriately to file /Users/rodionsavchuk/hybrisAutomation/virco-automatedtests/target/site/serenity/a13f41939905f13645385d57d811c8cdd84a0cbed0caf2a6b3c4f55c28d79c01.json (using temp file /Users/rodionsavchuk/hybrisAutomation/virco-automatedtests/target/site/serenity/a13f41939905f13645385d57d811c8cdd84a0cbed0caf2a6b3c4f55c28d79c01.jsona5b024d9-2314-4539-a66d-3ef836c60c58)
[pool-1-thread-3] INFO net.thucydides.core.reports.json.JSONTestOutcomeReporter - Generating JSON report for VIR-241.03 Verify that the data outlined in ID3 are copied into the hybris to file /Users/rodionsavchuk/hybrisAutomation/virco-automatedtests/target/site/serenity/39e10a2762693c36aeb39ffa0694d6429714a5caa78716ad3e3a6dc6f9f35100.json (using temp file /Users/rodionsavchuk/hybrisAutomation/virco-automatedtests/target/site/serenity/39e10a2762693c36aeb39ffa0694d6429714a5caa78716ad3e3a6dc6f9f35100.json55dd8e1c-d5d5-4bd5-99fc-3717945c2a61)
[pool-1-thread-2] INFO net.thucydides.core.reports.json.JSONTestOutcomeReporter - Generating JSON report for VIR-242.01 Verify that the following sub menu My Account menu has following options to file /Users/rodionsavchuk/hybrisAutomation/virco-automatedtests/target/site/serenity/1276140ef62c6432b71b0f37d8025035d8b303a616dfb579c0464109d19a2074.json (using temp file /Users/rodionsavchuk/hybrisAutomation/virco-automatedtests/target/site/serenity/1276140ef62c6432b71b0f37d8025035d8b303a616dfb579c0464109d19a2074.jsona46b29d0-2450-4479-8e1e-54ca01013680)
[pool-1-thread-4] INFO net.thucydides.core.reports.json.JSONTestOutcomeReporter - Generating JSON report for VIR-241.04 Verify that just set up customers can log into the system and perform appropriate activities (due to the permissions) to file /Users/rodionsavchuk/hybrisAutomation/virco-automatedtests/target/site/serenity/cad527a19b233d2a98237bc580b3e071a577ec5892a5ac544f2f50b81e1edc9a.json (using temp file /Users/rodionsavchuk/hybrisAutomation/virco-automatedtests/target/site/serenity/cad527a19b233d2a98237bc580b3e071a577ec5892a5ac544f2f50b81e1edc9a.json5f7b6b34-ee15-40f9-90d9-4e00368821d9)
[pool-1-thread-4] INFO net.thucydides.core.reports.json.JSONTestOutcomeReporter - Generating JSON report for VIR-242.02 Verify that the shopper is moved to the appropriate page after clicking on the sub-menu option to file /Users/rodionsavchuk/hybrisAutomation/virco-automatedtests/target/site/serenity/28ef021d759f2a4643b61547ae2c5a1b9ce2544b0930e552ce883dc4238eb54c.json (using temp file /Users/rodionsavchuk/hybrisAutomation/virco-automatedtests/target/site/serenity/28ef021d759f2a4643b61547ae2c5a1b9ce2544b0930e552ce883dc4238eb54c.json4aec6d27-dd7f-4ea6-902f-d36c4fad95f0)
[pool-1-thread-3] INFO net.thucydides.core.reports.json.JSONTestOutcomeReporter - Generating JSON report for VIR-243.01 Verify that the order tracking number is shown at the Order History and on the Order Details pages to file /Users/rodionsavchuk/hybrisAutomation/virco-automatedtests/target/site/serenity/70b6f3d948299c508f0755eca224d394eabc6d05bab5864a70e0f1b9c6b1e644.json (using temp file /Users/rodionsavchuk/hybrisAutomation/virco-automatedtests/target/site/serenity/70b6f3d948299c508f0755eca224d394eabc6d05bab5864a70e0f1b9c6b1e644.json21611ecc-665a-4341-8caa-c519b4630b59)
[pool-1-thread-2] INFO net.thucydides.core.reports.json.JSONTestOutcomeReporter - Generating JSON report for VIR-243.02 Verify that the several order tracking number can be shown for one order to file /Users/rodionsavchuk/hybrisAutomation/virco-automatedtests/target/site/serenity/962a8661ed130dbc7b367611253983130c921d9ccf15ff013ae776fad79d5178.json (using temp file /Users/rodionsavchuk/hybrisAutomation/virco-automatedtests/target/site/serenity/962a8661ed130dbc7b367611253983130c921d9ccf15ff013ae776fad79d5178.json85bac2f7-a7dd-4e5c-a30a-985aa040ac0d)
[pool-1-thread-4] INFO net.thucydides.core.reports.json.JSONTestOutcomeReporter - Generating JSON report for VIR-243.03 Verify that the order delivery status is shown in new window after clicking on tracking number link to file /Users/rodionsavchuk/hybrisAutomation/virco-automatedtests/target/site/serenity/05de3555ce50877d7a68bf12b1c9ce484c460fe5f0202de33af8de7536c5347d.json (using temp file /Users/rodionsavchuk/hybrisAutomation/virco-automatedtests/target/site/serenity/05de3555ce50877d7a68bf12b1c9ce484c460fe5f0202de33af8de7536c5347d.json59ed1258-efc8-4a39-aae9-2fdc339ba84b)
[pool-1-thread-1] INFO net.thucydides.core.reports.json.JSONTestOutcomeReporter - Generating JSON report for VIR-243.04 Verify that the chief shopper can see the order tracking number for the orders created by to file /Users/rodionsavchuk/hybrisAutomation/virco-automatedtests/target/site/serenity/6679b678bf94497d010ee1d2e4e9da687ae39e591aaeb2628364a7db535048bd.json (using temp file /Users/rodionsavchuk/hybrisAutomation/virco-automatedtests/target/site/serenity/6679b678bf94497d010ee1d2e4e9da687ae39e591aaeb2628364a7db535048bd.jsoncf258ccf-94f3-4f8e-a53f-b32a3c29c26f)
[pool-1-thread-3] INFO net.thucydides.core.reports.json.JSONTestOutcomeReporter - Generating JSON report for VIR-243.05 Verify that the admin shopper can see the order tracking number for the orders created by to file /Users/rodionsavchuk/hybrisAutomation/virco-automatedtests/target/site/serenity/62c275f127453f29fafc4c2149202cb494bb82c96be65d9c7ffdda17d402d199.json (using temp file /Users/rodionsavchuk/hybrisAutomation/virco-automatedtests/target/site/serenity/62c275f127453f29fafc4c2149202cb494bb82c96be65d9c7ffdda17d402d199.json26144930-a588-45eb-9c07-d1897104b5cd)
[pool-1-thread-2] INFO net.thucydides.core.reports.json.JSONTestOutcomeReporter - Generating JSON report for VIR-244.01 Verify that the shopper can see their email address within Email in My Account Menu to file /Users/rodionsavchuk/hybrisAutomation/virco-automatedtests/target/site/serenity/bf8e1443a8f088c9e57e0348c8704fc75e0549ba1f9d96c39d9d0ad3f4b04b32.json (using temp file /Users/rodionsavchuk/hybrisAutomation/virco-automatedtests/target/site/serenity/bf8e1443a8f088c9e57e0348c8704fc75e0549ba1f9d96c39d9d0ad3f4b04b32.json3c56499b-7f7c-44d7-ad15-ecd72e78f519)
[pool-1-thread-3] INFO net.thucydides.core.reports.html.HtmlAcceptanceTestReporter - GENERATING HTML REPORT FOR ACT-10 - Order History Date Range:VIR-235.03 Verify that the orders can be filtered by in 29922dd92355b657a29ca8ceee8ece530ee19fab8572208c0d42c3104ff16960.html in directory target/site/serenity  
[pool-1-thread-4] INFO net.thucydides.core.reports.html.HtmlAcceptanceTestReporter - GENERATING HTML REPORT FOR ACT-10 - Order History Date Range:VIR-235.02 Verify that the newest order is shown first in the list in 8840d0acce101c4828203142f8d64f0725d2637a38c8eebef56a7d6a8b899749.html in directory target/site/serenity  
[pool-1-thread-2] INFO net.thucydides.core.reports.html.HtmlAcceptanceTestReporter - GENERATING HTML REPORT FOR ACT-10 - Order History Date Range:VIR-235.04 Verify that the current year view of orders is set by default in 611fe17d9cda8a2f0360fd4a5e0044434a5a44282d734d3f572d018496b6a768.html in directory target/site/serenity  
[pool-1-thread-1] INFO net.thucydides.core.reports.html.HtmlAcceptanceTestReporter - GENERATING HTML REPORT FOR ACT-10 - Order History Date Range:VIR-235.01 Verify that the shopper can view the order history within My Account in 273677580b5ade55ccb470a2e988196811df982925cdbb1ace31e0a5efaabec1.html in directory target/site/serenity  
[pool-1-thread-3] INFO net.thucydides.core.reports.html.HtmlAcceptanceTestReporter - GENERATING HTML REPORT FOR ACT-10 - Order History Date Range:VIR-235.05 Verify that the orders can be sorted by in b3c85d502fdd11d32f7b2c0e62dbb38be0c6f9c593e4d4ccd95adcc5fe60b304.html in directory target/site/serenity  
[pool-1-thread-4] INFO net.thucydides.core.reports.html.HtmlAcceptanceTestReporter - GENERATING HTML REPORT FOR ACT-10 - Order History Date Range:VIR-235.06 Verify that the orders can be grouped by PO# (alpha-numeric) in 69529ca40520069837eb10aa62eb1ab7518abd062932198aaa75ce49a153bdf4.html in directory target/site/serenity  
[pool-1-thread-2] INFO net.thucydides.core.reports.html.HtmlAcceptanceTestReporter - GENERATING HTML REPORT FOR ACT-11 - View Orders - Shopper ECC:VIR-236.01 Verify that the shopper can see the created by him ECC orders withing Orders History in 6e0b05141f32d41efa52a2f8708a010ef30be5406c962e50aa108e52f637ff4f.html in directory target/site/serenity  
[pool-1-thread-1] INFO net.thucydides.core.reports.html.HtmlAcceptanceTestReporter - GENERATING HTML REPORT FOR ACT-11 - View Orders - Shopper ECC:VIR-236.02 Verify that the shopper is able to see the ECC orders details in 06a785ccbf37298662c0a3d0b35aa8a04f4eb296e14af96a2032ecacd8155265.html in directory target/site/serenity  
[pool-1-thread-2] INFO net.thucydides.core.reports.html.HtmlAcceptanceTestReporter - GENERATING HTML REPORT FOR ACT-13 - Purchase History:VIR-238.01 Verify that the stuff shopper can view orders created by him/her in da20584ac40b990dc291e9ae9cb2facdd86f681d176e5cbf03c9dc84024b2dea.html in directory target/site/serenity  
[pool-1-thread-1] INFO net.thucydides.core.reports.html.HtmlAcceptanceTestReporter - GENERATING HTML REPORT FOR ACT-12 - View Orders - Admin:VIR-237.02 Verify that all orders are shown at the same page in 04c1b88fcf25fa2f1ca595220bf539bd3345daf07b3f5fd975b7cfa258aa1a72.html in directory target/site/serenity  
[pool-1-thread-4] INFO net.thucydides.core.reports.html.HtmlAcceptanceTestReporter - GENERATING HTML REPORT FOR ACT-11 - View Orders - Shopper ECC:VIR-236.03 Verify that shopper is not able to reorder the ECC orders in adad10cc0c0c283641a22aee227822d43a6b04d28868ac5b5b9f65428e2198f1.html in directory target/site/serenity  
[pool-1-thread-3] INFO net.thucydides.core.reports.html.HtmlAcceptanceTestReporter - GENERATING HTML REPORT FOR ACT-12 - View Orders - Admin:VIR-237.01 Verify that the chief shopper is able to view the orders created by others within their organization in 37ec79a1d6a9cc6a2aec4574466f6dcb64dfed35c002fda7b3134b876ab9d490.html in directory target/site/serenity  
[pool-1-thread-4] INFO net.thucydides.core.reports.html.HtmlAcceptanceTestReporter - GENERATING HTML REPORT FOR ACT-14 - Reorder:VIR-239.03 Verify that the Reorder button is present only near the orders created by shopper in db5d2cc2cdb477151d79acc5ba80f9970445ac1f4a40c15aea05ceaf9d72ab4c.html in directory target/site/serenity  
[pool-1-thread-1] INFO net.thucydides.core.reports.html.HtmlAcceptanceTestReporter - GENERATING HTML REPORT FOR ACT-14 - Reorder:VIR-239.01 Verify that the shopper can see the Reorder button near each order in the list of orders history in bc5c957c59b8dd4780a20bc8c811eb7cd90739e0aa75b27ef4276f5d16b25e8a.html in directory target/site/serenity  
[pool-1-thread-3] INFO net.thucydides.core.reports.html.HtmlAcceptanceTestReporter - GENERATING HTML REPORT FOR ACT-13 - Purchase History:VIR-238.02 Verify that the admin shoppers can view orders placed by admin and stuff shoppers within organization in 049e5266696367738227685efc996b610d41e4a9ff2b91176988ad3e5d046577.html in directory target/site/serenity  
[pool-1-thread-2] INFO net.thucydides.core.reports.html.HtmlAcceptanceTestReporter - GENERATING HTML REPORT FOR ACT-14 - Reorder:VIR-239.02 Verify that the Reorder button is present at the order details page in 7f2baa53bf21c1609ec69298572380037821566fedb28a9f798f27a38a595463.html in directory target/site/serenity  
[pool-1-thread-3] INFO net.thucydides.core.reports.html.HtmlAcceptanceTestReporter - GENERATING HTML REPORT FOR ACT-14 - Reorder:VIR-239.07 Verify that the Stuff shopper can reorder the orders created by him\her only in b8018260c31d901f3d8d776ff65116bc168b781e95b8a9f89641bcafaaa081f8.html in directory target/site/serenity  
[pool-1-thread-4] INFO net.thucydides.core.reports.html.HtmlAcceptanceTestReporter - GENERATING HTML REPORT FOR ACT-14 - Reorder:VIR-239.06 Verify that the Chief can reorder the orders created by him, admin and stuff shoppers in ce484b4c5f4b477729fe56f6574c4b704d459afba8238101689edf60627995fe.html in directory target/site/serenity  
[pool-1-thread-2] INFO net.thucydides.core.reports.html.HtmlAcceptanceTestReporter - GENERATING HTML REPORT FOR ACT-14 - Reorder:VIR-239.05 Verify that the Admin can reorder the orders created by him and stuff shoppers in bd0258604ad0a60526916081e6985c7c5319337a9181a074ad5638ad9d781d0d.html in directory target/site/serenity  
[pool-1-thread-1] INFO net.thucydides.core.reports.html.HtmlAcceptanceTestReporter - GENERATING HTML REPORT FOR ACT-14 - Reorder:VIR-239.04 Verify that the new order with the same order details is created after reordering in 86d284f6d52dd7b06703c0e65ed979dc08ab5e91925669335c8db93a482789bd.html in directory target/site/serenity  
[pool-1-thread-2] INFO net.thucydides.core.reports.html.HtmlAcceptanceTestReporter - GENERATING HTML REPORT FOR ACT-15 - Customer Management:VIR-240.03 Verify that the account is locked automatically after 3 incorrect login attempts in 98702c761630d5e96c1885fc6b7d9edc2d3d9276a61dcb964fb55a77180ac4c4.html in directory target/site/serenity  
[pool-1-thread-4] INFO net.thucydides.core.reports.html.HtmlAcceptanceTestReporter - GENERATING HTML REPORT FOR ACT-15 - Customer Management:VIR-240.01 Verify that the following message is shown to the customer if they entered wrong login data at first and second times in 5c983153fe2ebb177f0d9e8b132ca59a6e0ee0ae8654058c47ae107dbb7196e9.html in directory target/site/serenity  
[pool-1-thread-1] INFO net.thucydides.core.reports.html.HtmlAcceptanceTestReporter - GENERATING HTML REPORT FOR ACT-15 - Customer Management:VIR-240.02 Verify that the error message is shown to the customer if they entered wrong login data three and more times in feea09e30f98fa20f26d9fa541c867e47262726ef2edae67658e6fe1f69f795b.html in directory target/site/serenity  
[pool-1-thread-3] INFO net.thucydides.core.reports.html.HtmlAcceptanceTestReporter - GENERATING HTML REPORT FOR ACT-15 - Customer Management:VIR-240.04 Verify that the customer can phone via Skype when they click on the phone number from desktop browser in 022ceba0bee1a7e3be70af6fce73e28abbfa02e327dc996b425b971073e81949.html in directory target/site/serenity  
[pool-1-thread-1] INFO net.thucydides.core.reports.html.HtmlAcceptanceTestReporter - GENERATING HTML REPORT FOR ACT-15 - Customer Management:VIR-240.05 Verify that the customer can phone via phone/skype when they click on the phone number from mobile device in 0acf8d5b428f155bb5cd03ead2beee85cb116b173f667ca0d7eddf263c734900.html in directory target/site/serenity  
[pool-1-thread-3] INFO net.thucydides.core.reports.html.HtmlAcceptanceTestReporter - GENERATING HTML REPORT FOR ACT-16 - CSR Mass Set Up:VIR-241.01 Verify that the bunch of customers are created in hybris after running mass setup script in 463850b14992f16a3a2bf3702fcc5975eee58ce459f840ff047b04c2eaef46d1.html in directory target/site/serenity  
[pool-1-thread-4] INFO net.thucydides.core.reports.html.HtmlAcceptanceTestReporter - GENERATING HTML REPORT FOR ACT-16 - CSR Mass Set Up:VIR-241.02 Verify that the personal details are mapped appropriately in a13f41939905f13645385d57d811c8cdd84a0cbed0caf2a6b3c4f55c28d79c01.html in directory target/site/serenity  
[pool-1-thread-2] INFO net.thucydides.core.reports.html.HtmlAcceptanceTestReporter - GENERATING HTML REPORT FOR ACT-16 - CSR Mass Set Up:VIR-241.03 Verify that the data outlined in ID3 are copied into the hybris in 39e10a2762693c36aeb39ffa0694d6429714a5caa78716ad3e3a6dc6f9f35100.html in directory target/site/serenity  
[pool-1-thread-1] INFO net.thucydides.core.reports.html.HtmlAcceptanceTestReporter - GENERATING HTML REPORT FOR ACT-16 - CSR Mass Set Up:VIR-241.04 Verify that just set up customers can log into the system and perform appropriate activities (due to the permissions) in cad527a19b233d2a98237bc580b3e071a577ec5892a5ac544f2f50b81e1edc9a.html in directory target/site/serenity  
[pool-1-thread-2] INFO net.thucydides.core.reports.html.HtmlAcceptanceTestReporter - GENERATING HTML REPORT FOR ACT-17 - My Account View Options:VIR-242.01 Verify that the following sub menu My Account menu has following options in 1276140ef62c6432b71b0f37d8025035d8b303a616dfb579c0464109d19a2074.html in directory target/site/serenity  
[pool-1-thread-3] INFO net.thucydides.core.reports.html.HtmlAcceptanceTestReporter - GENERATING HTML REPORT FOR ACT-17 - My Account View Options:VIR-242.02 Verify that the shopper is moved to the appropriate page after clicking on the sub-menu option in 28ef021d759f2a4643b61547ae2c5a1b9ce2544b0930e552ce883dc4238eb54c.html in directory target/site/serenity  
[pool-1-thread-4] INFO net.thucydides.core.reports.html.HtmlAcceptanceTestReporter - GENERATING HTML REPORT FOR ACT-18 - Tracking Information:VIR-243.01 Verify that the order tracking number is shown at the Order History and on the Order Details pages in 70b6f3d948299c508f0755eca224d394eabc6d05bab5864a70e0f1b9c6b1e644.html in directory target/site/serenity  
[pool-1-thread-1] INFO net.thucydides.core.reports.html.HtmlAcceptanceTestReporter - GENERATING HTML REPORT FOR ACT-18 - Tracking Information:VIR-243.02 Verify that the several order tracking number can be shown for one order in 962a8661ed130dbc7b367611253983130c921d9ccf15ff013ae776fad79d5178.html in directory target/site/serenity  
[pool-1-thread-4] INFO net.thucydides.core.reports.html.HtmlAcceptanceTestReporter - GENERATING HTML REPORT FOR ACT-18 - Tracking Information:VIR-243.03 Verify that the order delivery status is shown in new window after clicking on tracking number link in 05de3555ce50877d7a68bf12b1c9ce484c460fe5f0202de33af8de7536c5347d.html in directory target/site/serenity  
[pool-1-thread-2] INFO net.thucydides.core.reports.html.HtmlAcceptanceTestReporter - GENERATING HTML REPORT FOR ACT-18 - Tracking Information:VIR-243.04 Verify that the chief shopper can see the order tracking number for the orders created by in 6679b678bf94497d010ee1d2e4e9da687ae39e591aaeb2628364a7db535048bd.html in directory target/site/serenity  
[pool-1-thread-4] INFO net.thucydides.core.reports.html.HtmlAcceptanceTestReporter - GENERATING HTML REPORT FOR ACT-18 - Tracking Information:VIR-243.05 Verify that the admin shopper can see the order tracking number for the orders created by in 62c275f127453f29fafc4c2149202cb494bb82c96be65d9c7ffdda17d402d199.html in directory target/site/serenity  
[pool-1-thread-2] INFO net.thucydides.core.reports.html.HtmlAcceptanceTestReporter - GENERATING HTML REPORT FOR ACT-19 - Static Email Address:VIR-244.01 Verify that the shopper can see their email address within Email in My Account Menu in bf8e1443a8f088c9e57e0348c8704fc75e0549ba1f9d96c39d9d0ad3f4b04b32.html in directory target/site/serenity  
[main] INFO net.serenitybdd.core.Serenity - 
 _____ _____ ____ _____   ____ _____  _    ____ _____ _____ ____  
|_   _| ____/ ___|_   _| / ___|_   _|/ \  |  _ \_   _| ____|  _ \ 
  | | |  _| \___ \ | |   \___ \ | | / _ \ | |_) || | |  _| | | | |
  | | | |___ ___) || |    ___) || |/ ___ \|  _ < | | | |___| |_| |
  |_| |_____|____/ |_|   |____/ |_/_/   \_\_| \_\|_| |_____|____/ 
                                                                  

TEST STARTED: VIR-244.02 Verify that the email address is not editable
-------------------------------------------------------------------(act-19---static-email-address;vir-244.02-verify-that-the-email-address-is-not-editable)
[main] INFO net.serenitybdd.core.Serenity - STARTING STEP Given open the site and login
[main] INFO net.serenitybdd.core.Serenity - STARTING STEP Open the site
[main] INFO net.serenitybdd.core.Serenity - STEP ERROR: net.serenitybdd.core.exceptions.SerenityManagedException: Could not initialize class com.virco.locators.SiteData
]]></system-err>
  </testcase>
  <testcase name="Scenario: VIR-244.02 Verify that the email address is not editable" classname="Scenario: VIR-244.02 Verify that the email address is not editable" time="0.006">
    <error message="Could not initialize class com.virco.locators.SiteData" type="net.serenitybdd.core.exceptions.SerenityManagedException"><![CDATA[net.serenitybdd.core.exceptions.SerenityManagedException: Could not initialize class com.virco.locators.SiteData
	at com.virco.steps.serenity.CommonUserSteps.openTheSite(CommonUserSteps.java:19)
	at com.virco.steps.serenity.CommonUserSteps$$EnhancerByCGLIB$$d8541bfa.CGLIB$openTheSite$6(<generated>)
	at com.virco.steps.serenity.CommonUserSteps$$EnhancerByCGLIB$$d8541bfa$$FastClassByCGLIB$$ea8e0f86.invoke(<generated>)
	at net.sf.cglib.proxy.MethodProxy.invokeSuper(MethodProxy.java:228)
	at net.thucydides.core.steps.StepInterceptor.invokeMethod(StepInterceptor.java:372)
	at net.thucydides.core.steps.StepInterceptor.executeTestStepMethod(StepInterceptor.java:357)
	at net.thucydides.core.steps.StepInterceptor.runTestStep(StepInterceptor.java:332)
	at net.thucydides.core.steps.StepInterceptor.testStepResult(StepInterceptor.java:134)
	at net.thucydides.core.steps.StepInterceptor.intercept(StepInterceptor.java:61)
	at com.virco.steps.serenity.CommonUserSteps$$EnhancerByCGLIB$$d8541bfa.openTheSite(<generated>)
	at com.virco.steps.CommonDefinitionSteps.openTheSiteAndLogin(CommonDefinitionSteps.java:72)
	at sun.reflect.NativeMethodAccessorImpl.invoke0(Native Method)
	at sun.reflect.NativeMethodAccessorImpl.invoke(NativeMethodAccessorImpl.java:62)
	at sun.reflect.DelegatingMethodAccessorImpl.invoke(DelegatingMethodAccessorImpl.java:43)
	at java.lang.reflect.Method.invoke(Method.java:498)
	at cucumber.runtime.Utils$1.call(Utils.java:40)
	at cucumber.runtime.Timeout.timeout(Timeout.java:16)
	at cucumber.runtime.Utils.invoke(Utils.java:34)
	at cucumber.runtime.java.JavaStepDefinition.execute(JavaStepDefinition.java:38)
	at cucumber.runtime.StepDefinitionMatch.runStep(StepDefinitionMatch.java:37)
	at cucumber.runtime.Runtime.runStep(Runtime.java:300)
	at cucumber.runtime.model.StepContainer.runStep(StepContainer.java:44)
	at cucumber.runtime.model.StepContainer.runSteps(StepContainer.java:39)
	at cucumber.runtime.model.CucumberScenario.run(CucumberScenario.java:44)
	at cucumber.runtime.junit.ExecutionUnitRunner.run(ExecutionUnitRunner.java:102)
	at cucumber.runtime.junit.FeatureRunner.runChild(FeatureRunner.java:63)
	at cucumber.runtime.junit.FeatureRunner.runChild(FeatureRunner.java:18)
	at org.junit.runners.ParentRunner$3.run(ParentRunner.java:290)
	at org.junit.runners.ParentRunner$1.schedule(ParentRunner.java:71)
	at org.junit.runners.ParentRunner.runChildren(ParentRunner.java:288)
	at org.junit.runners.ParentRunner.access$000(ParentRunner.java:58)
	at org.junit.runners.ParentRunner$2.evaluate(ParentRunner.java:268)
	at org.junit.runners.ParentRunner.run(ParentRunner.java:363)
	at cucumber.runtime.junit.FeatureRunner.run(FeatureRunner.java:70)
	at cucumber.api.junit.Cucumber.runChild(Cucumber.java:95)
	at cucumber.api.junit.Cucumber.runChild(Cucumber.java:38)
	at org.junit.runners.ParentRunner$3.run(ParentRunner.java:290)
	at org.junit.runners.ParentRunner$1.schedule(ParentRunner.java:71)
	at org.junit.runners.ParentRunner.runChildren(ParentRunner.java:288)
	at org.junit.runners.ParentRunner.access$000(ParentRunner.java:58)
	at org.junit.runners.ParentRunner$2.evaluate(ParentRunner.java:268)
	at org.junit.runners.ParentRunner.run(ParentRunner.java:363)
	at cucumber.api.junit.Cucumber.run(Cucumber.java:100)
	at org.apache.maven.surefire.junit4.JUnit4Provider.execute(JUnit4Provider.java:283)
	at org.apache.maven.surefire.junit4.JUnit4Provider.executeWithRerun(JUnit4Provider.java:173)
	at org.apache.maven.surefire.junit4.JUnit4Provider.executeTestSet(JUnit4Provider.java:153)
	at org.apache.maven.surefire.junit4.JUnit4Provider.invoke(JUnit4Provider.java:128)
	at org.apache.maven.surefire.booter.ForkedBooter.invokeProviderInSameClassLoader(ForkedBooter.java:203)
	at org.apache.maven.surefire.booter.ForkedBooter.runSuitesInProcess(ForkedBooter.java:155)
	at org.apache.maven.surefire.booter.ForkedBooter.main(ForkedBooter.java:103)
]]></error>
  </testcase>
  <testcase name="When click on &quot;My Account&quot; link in header" classname="Scenario: VIR-244.02 Verify that the email address is not editable" time="0">
    <skipped/>
    <system-err><![CDATA[[main] INFO net.serenitybdd.core.Serenity - STEP ERROR: java.lang.NoClassDefFoundError: Could not initialize class com.virco.locators.SiteData
[main] INFO net.serenitybdd.core.Serenity - STARTING STEP When click on "My Account" link in header
]]></system-err>
  </testcase>
  <testcase name="When click on &quot;Email Address&quot; in My Account drop-down" classname="Scenario: VIR-244.02 Verify that the email address is not editable" time="0">
    <skipped/>
    <system-err><![CDATA[[main] INFO net.serenitybdd.core.Serenity - IGNORING STEP
[main] INFO net.serenitybdd.core.Serenity - STARTING STEP When click on "Email Address" in My Account drop-down
]]></system-err>
  </testcase>
  <testcase name="Then the field &quot;Email Address&quot; is not editable" classname="Scenario: VIR-244.02 Verify that the email address is not editable" time="0">
    <skipped/>
    <system-err><![CDATA[[main] INFO net.serenitybdd.core.Serenity - IGNORING STEP
[main] INFO net.serenitybdd.core.Serenity - STARTING STEP Then the field "Email Address" is not editable
]]></system-err>
  </testcase>
  <testcase name="Scenario: VIR-226.01 Verify that the dropdown list with contracts is shown in the header" classname="Scenario: VIR-226.01 Verify that the dropdown list with contracts is shown in the header" time="0.448"/>
  <testcase name="Scenario: VIR-226.02 Verify that the default contract is selected automatically if no other contract is selected" classname="Scenario: VIR-226.02 Verify that the default contract is selected automatically if no other contract is selected" time="0.371"/>
  <testcase name="Scenario: VIR-226.03 Verify that each customer has their own default contract" classname="Scenario: VIR-226.03 Verify that each customer has their own default contract" time="0.397"/>
  <testcase name="Scenario: VIR-226.04 Verify that the assigned to the shopper contracts " classname="Scenario: VIR-226.04 Verify that the assigned to the shopper contracts (defined at the Ship To level) are shown in the list" time="0.326"/>
  <testcase name="Scenario: VIR-226.05 Verify that shopper can change the contract as many times, as they want" classname="Scenario: VIR-226.05 Verify that shopper can change the contract as many times, as they want" time="0.373"/>
  <testcase name="Scenario: VIR-226.06 Verify that if the shopper changed the contract, the prices and product list are updated accordingly to the selected contract" classname="Scenario: VIR-226.06 Verify that if the shopper changed the contract, the prices and product list are updated accordingly to the selected contract" time="0.373"/>
  <testcase name="Scenario: VIR-226.07 Verify that if the contract is changed in customer master, it is changed to the customer without any notification" classname="Scenario: VIR-226.07 Verify that if the contract is changed in customer master, it is changed to the customer without any notification" time="0.344"/>
  <testcase name="Scenario: VIR-226.08 Verify that the prices shows n/a, if the contract expired and the new one is not selected by shopper" classname="Scenario: VIR-226.08 Verify that the prices shows n/a, if the contract expired and the new one is not selected by shopper" time="0.403"/>
  <testcase name="Scenario: VIR-226.01A Verify that the script switch the contract A to the contract B automatically for bunch of selected customers" classname="Scenario: VIR-226.01A Verify that the script switch the contract A to the contract B automatically for bunch of selected customers" time="0.49"/>
  <testcase name="Given open the site and login" classname="Scenario: VIR-246.01 Verify that the shopper can see the saved carts within My Account" time="0.166">
    <error message="Could not initialize class com.virco.locators.SiteData" type="net.serenitybdd.core.exceptions.SerenityManagedException"><![CDATA[net.serenitybdd.core.exceptions.SerenityManagedException: Could not initialize class com.virco.locators.SiteData
	at com.virco.steps.serenity.CommonUserSteps.openTheSite(CommonUserSteps.java:19)
	at com.virco.steps.serenity.CommonUserSteps$$EnhancerByCGLIB$$d8541bfa.CGLIB$openTheSite$6(<generated>)
	at com.virco.steps.serenity.CommonUserSteps$$EnhancerByCGLIB$$d8541bfa$$FastClassByCGLIB$$ea8e0f86.invoke(<generated>)
	at net.sf.cglib.proxy.MethodProxy.invokeSuper(MethodProxy.java:228)
	at net.thucydides.core.steps.StepInterceptor.invokeMethod(StepInterceptor.java:372)
	at net.thucydides.core.steps.StepInterceptor.executeTestStepMethod(StepInterceptor.java:357)
	at net.thucydides.core.steps.StepInterceptor.runTestStep(StepInterceptor.java:332)
	at net.thucydides.core.steps.StepInterceptor.testStepResult(StepInterceptor.java:134)
	at net.thucydides.core.steps.StepInterceptor.intercept(StepInterceptor.java:61)
	at com.virco.steps.serenity.CommonUserSteps$$EnhancerByCGLIB$$d8541bfa.openTheSite(<generated>)
	at com.virco.steps.CommonDefinitionSteps.openTheSiteAndLogin(CommonDefinitionSteps.java:72)
	at sun.reflect.NativeMethodAccessorImpl.invoke0(Native Method)
	at sun.reflect.NativeMethodAccessorImpl.invoke(NativeMethodAccessorImpl.java:62)
	at sun.reflect.DelegatingMethodAccessorImpl.invoke(DelegatingMethodAccessorImpl.java:43)
	at java.lang.reflect.Method.invoke(Method.java:498)
	at cucumber.runtime.Utils$1.call(Utils.java:40)
	at cucumber.runtime.Timeout.timeout(Timeout.java:16)
	at cucumber.runtime.Utils.invoke(Utils.java:34)
	at cucumber.runtime.java.JavaStepDefinition.execute(JavaStepDefinition.java:38)
	at cucumber.runtime.StepDefinitionMatch.runStep(StepDefinitionMatch.java:37)
	at cucumber.runtime.Runtime.runStep(Runtime.java:300)
	at cucumber.runtime.model.StepContainer.runStep(StepContainer.java:44)
	at cucumber.runtime.model.StepContainer.runSteps(StepContainer.java:39)
	at cucumber.runtime.model.CucumberScenario.run(CucumberScenario.java:44)
	at cucumber.runtime.junit.ExecutionUnitRunner.run(ExecutionUnitRunner.java:102)
	at cucumber.runtime.junit.FeatureRunner.runChild(FeatureRunner.java:63)
	at cucumber.runtime.junit.FeatureRunner.runChild(FeatureRunner.java:18)
	at org.junit.runners.ParentRunner$3.run(ParentRunner.java:290)
	at org.junit.runners.ParentRunner$1.schedule(ParentRunner.java:71)
	at org.junit.runners.ParentRunner.runChildren(ParentRunner.java:288)
	at org.junit.runners.ParentRunner.access$000(ParentRunner.java:58)
	at org.junit.runners.ParentRunner$2.evaluate(ParentRunner.java:268)
	at org.junit.runners.ParentRunner.run(ParentRunner.java:363)
	at cucumber.runtime.junit.FeatureRunner.run(FeatureRunner.java:70)
	at cucumber.api.junit.Cucumber.runChild(Cucumber.java:95)
	at cucumber.api.junit.Cucumber.runChild(Cucumber.java:38)
	at org.junit.runners.ParentRunner$3.run(ParentRunner.java:290)
	at org.junit.runners.ParentRunner$1.schedule(ParentRunner.java:71)
	at org.junit.runners.ParentRunner.runChildren(ParentRunner.java:288)
	at org.junit.runners.ParentRunner.access$000(ParentRunner.java:58)
	at org.junit.runners.ParentRunner$2.evaluate(ParentRunner.java:268)
	at org.junit.runners.ParentRunner.run(ParentRunner.java:363)
	at cucumber.api.junit.Cucumber.run(Cucumber.java:100)
	at org.apache.maven.surefire.junit4.JUnit4Provider.execute(JUnit4Provider.java:283)
	at org.apache.maven.surefire.junit4.JUnit4Provider.executeWithRerun(JUnit4Provider.java:173)
	at org.apache.maven.surefire.junit4.JUnit4Provider.executeTestSet(JUnit4Provider.java:153)
	at org.apache.maven.surefire.junit4.JUnit4Provider.invoke(JUnit4Provider.java:128)
	at org.apache.maven.surefire.booter.ForkedBooter.invokeProviderInSameClassLoader(ForkedBooter.java:203)
	at org.apache.maven.surefire.booter.ForkedBooter.runSuitesInProcess(ForkedBooter.java:155)
	at org.apache.maven.surefire.booter.ForkedBooter.main(ForkedBooter.java:103)
]]></error>
    <system-err><![CDATA[[main] INFO net.serenitybdd.core.Serenity - Test Suite Started: ACT-21 - View Saved Carts
[main] INFO net.serenitybdd.core.Serenity - 
 _____ _____ ____ _____   ____ _____  _    ____ _____ _____ ____  
|_   _| ____/ ___|_   _| / ___|_   _|/ \  |  _ \_   _| ____|  _ \ 
  | | |  _| \___ \ | |   \___ \ | | / _ \ | |_) || | |  _| | | | |
  | | | |___ ___) || |    ___) || |/ ___ \|  _ < | | | |___| |_| |
  |_| |_____|____/ |_|   |____/ |_/_/   \_\_| \_\|_| |_____|____/ 
                                                                  

TEST STARTED: VIR-246.01 Verify that the shopper can see the saved carts within My Account
-------------------------------------------------------------------(act-21---view-saved-carts;vir-246.01-verify-that-the-shopper-can-see-the-saved-carts-within-my-account)
[main] INFO net.serenitybdd.core.Serenity - STARTING STEP Given open the site and login
[main] INFO net.serenitybdd.core.Serenity - STARTING STEP Open the site
[main] INFO net.serenitybdd.core.Serenity - STEP ERROR: net.serenitybdd.core.exceptions.SerenityManagedException: Could not initialize class com.virco.locators.SiteData
]]></system-err>
  </testcase>
  <testcase name="Scenario: VIR-246.01 Verify that the shopper can see the saved carts within My Account" classname="Scenario: VIR-246.01 Verify that the shopper can see the saved carts within My Account" time="0.167">
    <error message="Could not initialize class com.virco.locators.SiteData" type="net.serenitybdd.core.exceptions.SerenityManagedException"><![CDATA[net.serenitybdd.core.exceptions.SerenityManagedException: Could not initialize class com.virco.locators.SiteData
	at com.virco.steps.serenity.CommonUserSteps.openTheSite(CommonUserSteps.java:19)
	at com.virco.steps.serenity.CommonUserSteps$$EnhancerByCGLIB$$d8541bfa.CGLIB$openTheSite$6(<generated>)
	at com.virco.steps.serenity.CommonUserSteps$$EnhancerByCGLIB$$d8541bfa$$FastClassByCGLIB$$ea8e0f86.invoke(<generated>)
	at net.sf.cglib.proxy.MethodProxy.invokeSuper(MethodProxy.java:228)
	at net.thucydides.core.steps.StepInterceptor.invokeMethod(StepInterceptor.java:372)
	at net.thucydides.core.steps.StepInterceptor.executeTestStepMethod(StepInterceptor.java:357)
	at net.thucydides.core.steps.StepInterceptor.runTestStep(StepInterceptor.java:332)
	at net.thucydides.core.steps.StepInterceptor.testStepResult(StepInterceptor.java:134)
	at net.thucydides.core.steps.StepInterceptor.intercept(StepInterceptor.java:61)
	at com.virco.steps.serenity.CommonUserSteps$$EnhancerByCGLIB$$d8541bfa.openTheSite(<generated>)
	at com.virco.steps.CommonDefinitionSteps.openTheSiteAndLogin(CommonDefinitionSteps.java:72)
	at sun.reflect.NativeMethodAccessorImpl.invoke0(Native Method)
	at sun.reflect.NativeMethodAccessorImpl.invoke(NativeMethodAccessorImpl.java:62)
	at sun.reflect.DelegatingMethodAccessorImpl.invoke(DelegatingMethodAccessorImpl.java:43)
	at java.lang.reflect.Method.invoke(Method.java:498)
	at cucumber.runtime.Utils$1.call(Utils.java:40)
	at cucumber.runtime.Timeout.timeout(Timeout.java:16)
	at cucumber.runtime.Utils.invoke(Utils.java:34)
	at cucumber.runtime.java.JavaStepDefinition.execute(JavaStepDefinition.java:38)
	at cucumber.runtime.StepDefinitionMatch.runStep(StepDefinitionMatch.java:37)
	at cucumber.runtime.Runtime.runStep(Runtime.java:300)
	at cucumber.runtime.model.StepContainer.runStep(StepContainer.java:44)
	at cucumber.runtime.model.StepContainer.runSteps(StepContainer.java:39)
	at cucumber.runtime.model.CucumberScenario.run(CucumberScenario.java:44)
	at cucumber.runtime.junit.ExecutionUnitRunner.run(ExecutionUnitRunner.java:102)
	at cucumber.runtime.junit.FeatureRunner.runChild(FeatureRunner.java:63)
	at cucumber.runtime.junit.FeatureRunner.runChild(FeatureRunner.java:18)
	at org.junit.runners.ParentRunner$3.run(ParentRunner.java:290)
	at org.junit.runners.ParentRunner$1.schedule(ParentRunner.java:71)
	at org.junit.runners.ParentRunner.runChildren(ParentRunner.java:288)
	at org.junit.runners.ParentRunner.access$000(ParentRunner.java:58)
	at org.junit.runners.ParentRunner$2.evaluate(ParentRunner.java:268)
	at org.junit.runners.ParentRunner.run(ParentRunner.java:363)
	at cucumber.runtime.junit.FeatureRunner.run(FeatureRunner.java:70)
	at cucumber.api.junit.Cucumber.runChild(Cucumber.java:95)
	at cucumber.api.junit.Cucumber.runChild(Cucumber.java:38)
	at org.junit.runners.ParentRunner$3.run(ParentRunner.java:290)
	at org.junit.runners.ParentRunner$1.schedule(ParentRunner.java:71)
	at org.junit.runners.ParentRunner.runChildren(ParentRunner.java:288)
	at org.junit.runners.ParentRunner.access$000(ParentRunner.java:58)
	at org.junit.runners.ParentRunner$2.evaluate(ParentRunner.java:268)
	at org.junit.runners.ParentRunner.run(ParentRunner.java:363)
	at cucumber.api.junit.Cucumber.run(Cucumber.java:100)
	at org.apache.maven.surefire.junit4.JUnit4Provider.execute(JUnit4Provider.java:283)
	at org.apache.maven.surefire.junit4.JUnit4Provider.executeWithRerun(JUnit4Provider.java:173)
	at org.apache.maven.surefire.junit4.JUnit4Provider.executeTestSet(JUnit4Provider.java:153)
	at org.apache.maven.surefire.junit4.JUnit4Provider.invoke(JUnit4Provider.java:128)
	at org.apache.maven.surefire.booter.ForkedBooter.invokeProviderInSameClassLoader(ForkedBooter.java:203)
	at org.apache.maven.surefire.booter.ForkedBooter.runSuitesInProcess(ForkedBooter.java:155)
	at org.apache.maven.surefire.booter.ForkedBooter.main(ForkedBooter.java:103)
]]></error>
  </testcase>
  <testcase name="When click on &quot;My Account&quot; link in header" classname="Scenario: VIR-246.01 Verify that the shopper can see the saved carts within My Account" time="0">
    <skipped/>
    <system-err><![CDATA[[main] INFO net.serenitybdd.core.Serenity - STEP ERROR: java.lang.NoClassDefFoundError: Could not initialize class com.virco.locators.SiteData
[main] INFO net.serenitybdd.core.Serenity - STARTING STEP When click on "My Account" link in header
]]></system-err>
  </testcase>
  <testcase name="When click on &quot;Saved Carts&quot; in My Account drop-down" classname="Scenario: VIR-246.01 Verify that the shopper can see the saved carts within My Account" time="0">
    <skipped/>
    <system-err><![CDATA[[main] INFO net.serenitybdd.core.Serenity - IGNORING STEP
[main] INFO net.serenitybdd.core.Serenity - STARTING STEP When click on "Saved Carts" in My Account drop-down
]]></system-err>
  </testcase>
  <testcase name="Then the &quot;Saved Carts&quot; my account page is opened" classname="Scenario: VIR-246.01 Verify that the shopper can see the saved carts within My Account" time="0">
    <skipped/>
    <system-err><![CDATA[[main] INFO net.serenitybdd.core.Serenity - IGNORING STEP
[main] INFO net.serenitybdd.core.Serenity - STARTING STEP Then the "Saved Carts" my account page is opened
]]></system-err>
  </testcase>
  <testcase name="Given open the site and login" classname="Scenario: VIR-246.02 Remove all from saved carts" time="0.001">
    <error message="Could not initialize class com.virco.locators.SiteData" type="net.serenitybdd.core.exceptions.SerenityManagedException"><![CDATA[net.serenitybdd.core.exceptions.SerenityManagedException: Could not initialize class com.virco.locators.SiteData
	at com.virco.steps.serenity.CommonUserSteps.openTheSite(CommonUserSteps.java:19)
	at com.virco.steps.serenity.CommonUserSteps$$EnhancerByCGLIB$$d8541bfa.CGLIB$openTheSite$6(<generated>)
	at com.virco.steps.serenity.CommonUserSteps$$EnhancerByCGLIB$$d8541bfa$$FastClassByCGLIB$$ea8e0f86.invoke(<generated>)
	at net.sf.cglib.proxy.MethodProxy.invokeSuper(MethodProxy.java:228)
	at net.thucydides.core.steps.StepInterceptor.invokeMethod(StepInterceptor.java:372)
	at net.thucydides.core.steps.StepInterceptor.executeTestStepMethod(StepInterceptor.java:357)
	at net.thucydides.core.steps.StepInterceptor.runTestStep(StepInterceptor.java:332)
	at net.thucydides.core.steps.StepInterceptor.testStepResult(StepInterceptor.java:134)
	at net.thucydides.core.steps.StepInterceptor.intercept(StepInterceptor.java:61)
	at com.virco.steps.serenity.CommonUserSteps$$EnhancerByCGLIB$$d8541bfa.openTheSite(<generated>)
	at com.virco.steps.CommonDefinitionSteps.openTheSiteAndLogin(CommonDefinitionSteps.java:72)
	at sun.reflect.NativeMethodAccessorImpl.invoke0(Native Method)
	at sun.reflect.NativeMethodAccessorImpl.invoke(NativeMethodAccessorImpl.java:62)
	at sun.reflect.DelegatingMethodAccessorImpl.invoke(DelegatingMethodAccessorImpl.java:43)
	at java.lang.reflect.Method.invoke(Method.java:498)
	at cucumber.runtime.Utils$1.call(Utils.java:40)
	at cucumber.runtime.Timeout.timeout(Timeout.java:16)
	at cucumber.runtime.Utils.invoke(Utils.java:34)
	at cucumber.runtime.java.JavaStepDefinition.execute(JavaStepDefinition.java:38)
	at cucumber.runtime.StepDefinitionMatch.runStep(StepDefinitionMatch.java:37)
	at cucumber.runtime.Runtime.runStep(Runtime.java:300)
	at cucumber.runtime.model.StepContainer.runStep(StepContainer.java:44)
	at cucumber.runtime.model.StepContainer.runSteps(StepContainer.java:39)
	at cucumber.runtime.model.CucumberScenario.run(CucumberScenario.java:44)
	at cucumber.runtime.junit.ExecutionUnitRunner.run(ExecutionUnitRunner.java:102)
	at cucumber.runtime.junit.FeatureRunner.runChild(FeatureRunner.java:63)
	at cucumber.runtime.junit.FeatureRunner.runChild(FeatureRunner.java:18)
	at org.junit.runners.ParentRunner$3.run(ParentRunner.java:290)
	at org.junit.runners.ParentRunner$1.schedule(ParentRunner.java:71)
	at org.junit.runners.ParentRunner.runChildren(ParentRunner.java:288)
	at org.junit.runners.ParentRunner.access$000(ParentRunner.java:58)
	at org.junit.runners.ParentRunner$2.evaluate(ParentRunner.java:268)
	at org.junit.runners.ParentRunner.run(ParentRunner.java:363)
	at cucumber.runtime.junit.FeatureRunner.run(FeatureRunner.java:70)
	at cucumber.api.junit.Cucumber.runChild(Cucumber.java:95)
	at cucumber.api.junit.Cucumber.runChild(Cucumber.java:38)
	at org.junit.runners.ParentRunner$3.run(ParentRunner.java:290)
	at org.junit.runners.ParentRunner$1.schedule(ParentRunner.java:71)
	at org.junit.runners.ParentRunner.runChildren(ParentRunner.java:288)
	at org.junit.runners.ParentRunner.access$000(ParentRunner.java:58)
	at org.junit.runners.ParentRunner$2.evaluate(ParentRunner.java:268)
	at org.junit.runners.ParentRunner.run(ParentRunner.java:363)
	at cucumber.api.junit.Cucumber.run(Cucumber.java:100)
	at org.apache.maven.surefire.junit4.JUnit4Provider.execute(JUnit4Provider.java:283)
	at org.apache.maven.surefire.junit4.JUnit4Provider.executeWithRerun(JUnit4Provider.java:173)
	at org.apache.maven.surefire.junit4.JUnit4Provider.executeTestSet(JUnit4Provider.java:153)
	at org.apache.maven.surefire.junit4.JUnit4Provider.invoke(JUnit4Provider.java:128)
	at org.apache.maven.surefire.booter.ForkedBooter.invokeProviderInSameClassLoader(ForkedBooter.java:203)
	at org.apache.maven.surefire.booter.ForkedBooter.runSuitesInProcess(ForkedBooter.java:155)
	at org.apache.maven.surefire.booter.ForkedBooter.main(ForkedBooter.java:103)
]]></error>
    <system-err><![CDATA[[main] INFO net.serenitybdd.core.Serenity - IGNORING STEP
[main] ERROR net.serenitybdd.core.Serenity - 
           __  _____ _____ ____ _____   _____ _    ___ _     _____ ____  
  _       / / |_   _| ____/ ___|_   _| |  ___/ \  |_ _| |   | ____|  _ \ 
 (_)_____| |    | | |  _| \___ \ | |   | |_ / _ \  | || |   |  _| | | | |
  _|_____| |    | | | |___ ___) || |   |  _/ ___ \ | || |___| |___| |_| |
 (_)     | |    |_| |_____|____/ |_|   |_|/_/   \_\___|_____|_____|____/ 
          \_\                                                            

TEST FAILED WITH ERROR: VIR-246.01 Verify that the shopper can see the saved carts within My Account
---------------------------------------------------------------------
[main] ERROR net.serenitybdd.core.Serenity - TEST FAILED AT STEP Open the site
[main] ERROR net.serenitybdd.core.Serenity - Could not initialize class com.virco.locators.SiteData
[pool-1-thread-4] INFO net.thucydides.core.reports.json.JSONTestOutcomeReporter - Generating JSON report for VIR-235.01 Verify that the shopper can view the order history within My Account to file /Users/rodionsavchuk/hybrisAutomation/virco-automatedtests/target/site/serenity/273677580b5ade55ccb470a2e988196811df982925cdbb1ace31e0a5efaabec1.json (using temp file /Users/rodionsavchuk/hybrisAutomation/virco-automatedtests/target/site/serenity/273677580b5ade55ccb470a2e988196811df982925cdbb1ace31e0a5efaabec1.jsona6d93f8d-f680-4f81-8799-c8e0fe56a74f)
[pool-1-thread-2] INFO net.thucydides.core.reports.json.JSONTestOutcomeReporter - Generating JSON report for VIR-235.02 Verify that the newest order is shown first in the list to file /Users/rodionsavchuk/hybrisAutomation/virco-automatedtests/target/site/serenity/8840d0acce101c4828203142f8d64f0725d2637a38c8eebef56a7d6a8b899749.json (using temp file /Users/rodionsavchuk/hybrisAutomation/virco-automatedtests/target/site/serenity/8840d0acce101c4828203142f8d64f0725d2637a38c8eebef56a7d6a8b899749.jsonc7634864-450b-44da-9420-5ba14d6ba366)
[pool-1-thread-3] INFO net.thucydides.core.reports.json.JSONTestOutcomeReporter - Generating JSON report for VIR-235.03 Verify that the orders can be filtered by to file /Users/rodionsavchuk/hybrisAutomation/virco-automatedtests/target/site/serenity/29922dd92355b657a29ca8ceee8ece530ee19fab8572208c0d42c3104ff16960.json (using temp file /Users/rodionsavchuk/hybrisAutomation/virco-automatedtests/target/site/serenity/29922dd92355b657a29ca8ceee8ece530ee19fab8572208c0d42c3104ff16960.jsonbea4bb4f-7ea5-4a25-8e3f-bae306f3dd6f)
[pool-1-thread-1] INFO net.thucydides.core.reports.json.JSONTestOutcomeReporter - Generating JSON report for VIR-235.04 Verify that the current year view of orders is set by default to file /Users/rodionsavchuk/hybrisAutomation/virco-automatedtests/target/site/serenity/611fe17d9cda8a2f0360fd4a5e0044434a5a44282d734d3f572d018496b6a768.json (using temp file /Users/rodionsavchuk/hybrisAutomation/virco-automatedtests/target/site/serenity/611fe17d9cda8a2f0360fd4a5e0044434a5a44282d734d3f572d018496b6a768.jsond8ebeca7-dedd-4073-9c99-dac44805f9f4)
[pool-1-thread-2] INFO net.thucydides.core.reports.json.JSONTestOutcomeReporter - Generating JSON report for VIR-235.05 Verify that the orders can be sorted by to file /Users/rodionsavchuk/hybrisAutomation/virco-automatedtests/target/site/serenity/b3c85d502fdd11d32f7b2c0e62dbb38be0c6f9c593e4d4ccd95adcc5fe60b304.json (using temp file /Users/rodionsavchuk/hybrisAutomation/virco-automatedtests/target/site/serenity/b3c85d502fdd11d32f7b2c0e62dbb38be0c6f9c593e4d4ccd95adcc5fe60b304.json982c238f-d67d-4902-b9e8-6d5abd5c14de)
[pool-1-thread-3] INFO net.thucydides.core.reports.json.JSONTestOutcomeReporter - Generating JSON report for VIR-235.06 Verify that the orders can be grouped by PO# (alpha-numeric) to file /Users/rodionsavchuk/hybrisAutomation/virco-automatedtests/target/site/serenity/69529ca40520069837eb10aa62eb1ab7518abd062932198aaa75ce49a153bdf4.json (using temp file /Users/rodionsavchuk/hybrisAutomation/virco-automatedtests/target/site/serenity/69529ca40520069837eb10aa62eb1ab7518abd062932198aaa75ce49a153bdf4.jsona20c462e-90fd-465a-a680-b5325428aa82)
[pool-1-thread-4] INFO net.thucydides.core.reports.json.JSONTestOutcomeReporter - Generating JSON report for VIR-236.01 Verify that the shopper can see the created by him ECC orders withing Orders History to file /Users/rodionsavchuk/hybrisAutomation/virco-automatedtests/target/site/serenity/6e0b05141f32d41efa52a2f8708a010ef30be5406c962e50aa108e52f637ff4f.json (using temp file /Users/rodionsavchuk/hybrisAutomation/virco-automatedtests/target/site/serenity/6e0b05141f32d41efa52a2f8708a010ef30be5406c962e50aa108e52f637ff4f.json02c5b18f-db55-43d5-9c8e-bb2439b0fbdf)
[pool-1-thread-1] INFO net.thucydides.core.reports.json.JSONTestOutcomeReporter - Generating JSON report for VIR-236.02 Verify that the shopper is able to see the ECC orders details to file /Users/rodionsavchuk/hybrisAutomation/virco-automatedtests/target/site/serenity/06a785ccbf37298662c0a3d0b35aa8a04f4eb296e14af96a2032ecacd8155265.json (using temp file /Users/rodionsavchuk/hybrisAutomation/virco-automatedtests/target/site/serenity/06a785ccbf37298662c0a3d0b35aa8a04f4eb296e14af96a2032ecacd8155265.json4bbdae9b-cecb-4f14-9c37-6521ff8573cf)
[pool-1-thread-2] INFO net.thucydides.core.reports.json.JSONTestOutcomeReporter - Generating JSON report for VIR-236.03 Verify that shopper is not able to reorder the ECC orders to file /Users/rodionsavchuk/hybrisAutomation/virco-automatedtests/target/site/serenity/adad10cc0c0c283641a22aee227822d43a6b04d28868ac5b5b9f65428e2198f1.json (using temp file /Users/rodionsavchuk/hybrisAutomation/virco-automatedtests/target/site/serenity/adad10cc0c0c283641a22aee227822d43a6b04d28868ac5b5b9f65428e2198f1.json1f64d204-b19c-4048-b40e-3d9a0f771336)
[pool-1-thread-4] INFO net.thucydides.core.reports.json.JSONTestOutcomeReporter - Generating JSON report for VIR-237.01 Verify that the chief shopper is able to view the orders created by others within their organization to file /Users/rodionsavchuk/hybrisAutomation/virco-automatedtests/target/site/serenity/37ec79a1d6a9cc6a2aec4574466f6dcb64dfed35c002fda7b3134b876ab9d490.json (using temp file /Users/rodionsavchuk/hybrisAutomation/virco-automatedtests/target/site/serenity/37ec79a1d6a9cc6a2aec4574466f6dcb64dfed35c002fda7b3134b876ab9d490.json4a47abf3-0690-49ef-93ad-a1da539d546c)
[pool-1-thread-3] INFO net.thucydides.core.reports.json.JSONTestOutcomeReporter - Generating JSON report for VIR-237.02 Verify that all orders are shown at the same page to file /Users/rodionsavchuk/hybrisAutomation/virco-automatedtests/target/site/serenity/04c1b88fcf25fa2f1ca595220bf539bd3345daf07b3f5fd975b7cfa258aa1a72.json (using temp file /Users/rodionsavchuk/hybrisAutomation/virco-automatedtests/target/site/serenity/04c1b88fcf25fa2f1ca595220bf539bd3345daf07b3f5fd975b7cfa258aa1a72.json595bc001-2910-40bd-b6e6-df79335fbc3b)
[pool-1-thread-1] INFO net.thucydides.core.reports.json.JSONTestOutcomeReporter - Generating JSON report for VIR-238.01 Verify that the stuff shopper can view orders created by him/her to file /Users/rodionsavchuk/hybrisAutomation/virco-automatedtests/target/site/serenity/da20584ac40b990dc291e9ae9cb2facdd86f681d176e5cbf03c9dc84024b2dea.json (using temp file /Users/rodionsavchuk/hybrisAutomation/virco-automatedtests/target/site/serenity/da20584ac40b990dc291e9ae9cb2facdd86f681d176e5cbf03c9dc84024b2dea.json9a9b4fe1-df28-403d-96ab-b8e4312a0ae9)
[pool-1-thread-2] INFO net.thucydides.core.reports.json.JSONTestOutcomeReporter - Generating JSON report for VIR-238.02 Verify that the admin shoppers can view orders placed by admin and stuff shoppers within organization to file /Users/rodionsavchuk/hybrisAutomation/virco-automatedtests/target/site/serenity/049e5266696367738227685efc996b610d41e4a9ff2b91176988ad3e5d046577.json (using temp file /Users/rodionsavchuk/hybrisAutomation/virco-automatedtests/target/site/serenity/049e5266696367738227685efc996b610d41e4a9ff2b91176988ad3e5d046577.jsone4b0eea6-f996-4291-a517-b6e1e710bb6f)
[pool-1-thread-4] INFO net.thucydides.core.reports.json.JSONTestOutcomeReporter - Generating JSON report for VIR-239.01 Verify that the shopper can see the Reorder button near each order in the list of orders history to file /Users/rodionsavchuk/hybrisAutomation/virco-automatedtests/target/site/serenity/bc5c957c59b8dd4780a20bc8c811eb7cd90739e0aa75b27ef4276f5d16b25e8a.json (using temp file /Users/rodionsavchuk/hybrisAutomation/virco-automatedtests/target/site/serenity/bc5c957c59b8dd4780a20bc8c811eb7cd90739e0aa75b27ef4276f5d16b25e8a.json57775c2a-ebf2-4808-8553-e58111b7ef09)
[pool-1-thread-3] INFO net.thucydides.core.reports.json.JSONTestOutcomeReporter - Generating JSON report for VIR-239.02 Verify that the Reorder button is present at the order details page to file /Users/rodionsavchuk/hybrisAutomation/virco-automatedtests/target/site/serenity/7f2baa53bf21c1609ec69298572380037821566fedb28a9f798f27a38a595463.json (using temp file /Users/rodionsavchuk/hybrisAutomation/virco-automatedtests/target/site/serenity/7f2baa53bf21c1609ec69298572380037821566fedb28a9f798f27a38a595463.json2db37f36-1bae-47f2-886b-5a3d5e1a484d)
[pool-1-thread-2] INFO net.thucydides.core.reports.json.JSONTestOutcomeReporter - Generating JSON report for VIR-239.03 Verify that the Reorder button is present only near the orders created by shopper to file /Users/rodionsavchuk/hybrisAutomation/virco-automatedtests/target/site/serenity/db5d2cc2cdb477151d79acc5ba80f9970445ac1f4a40c15aea05ceaf9d72ab4c.json (using temp file /Users/rodionsavchuk/hybrisAutomation/virco-automatedtests/target/site/serenity/db5d2cc2cdb477151d79acc5ba80f9970445ac1f4a40c15aea05ceaf9d72ab4c.json93e01937-b71a-45de-a9c8-9a5de34d47e7)
[pool-1-thread-1] INFO net.thucydides.core.reports.json.JSONTestOutcomeReporter - Generating JSON report for VIR-239.04 Verify that the new order with the same order details is created after reordering to file /Users/rodionsavchuk/hybrisAutomation/virco-automatedtests/target/site/serenity/86d284f6d52dd7b06703c0e65ed979dc08ab5e91925669335c8db93a482789bd.json (using temp file /Users/rodionsavchuk/hybrisAutomation/virco-automatedtests/target/site/serenity/86d284f6d52dd7b06703c0e65ed979dc08ab5e91925669335c8db93a482789bd.json787ca12f-258a-4ab1-a86b-4a3a68bb92a1)
[pool-1-thread-4] INFO net.thucydides.core.reports.json.JSONTestOutcomeReporter - Generating JSON report for VIR-239.05 Verify that the Admin can reorder the orders created by him and stuff shoppers to file /Users/rodionsavchuk/hybrisAutomation/virco-automatedtests/target/site/serenity/bd0258604ad0a60526916081e6985c7c5319337a9181a074ad5638ad9d781d0d.json (using temp file /Users/rodionsavchuk/hybrisAutomation/virco-automatedtests/target/site/serenity/bd0258604ad0a60526916081e6985c7c5319337a9181a074ad5638ad9d781d0d.json84cfdbfd-29c2-483a-89a1-8e3b76117ff7)
[pool-1-thread-2] INFO net.thucydides.core.reports.json.JSONTestOutcomeReporter - Generating JSON report for VIR-239.06 Verify that the Chief can reorder the orders created by him, admin and stuff shoppers to file /Users/rodionsavchuk/hybrisAutomation/virco-automatedtests/target/site/serenity/ce484b4c5f4b477729fe56f6574c4b704d459afba8238101689edf60627995fe.json (using temp file /Users/rodionsavchuk/hybrisAutomation/virco-automatedtests/target/site/serenity/ce484b4c5f4b477729fe56f6574c4b704d459afba8238101689edf60627995fe.jsone24acf58-3ce5-4dfc-9296-511368e8ded8)
[pool-1-thread-3] INFO net.thucydides.core.reports.json.JSONTestOutcomeReporter - Generating JSON report for VIR-239.07 Verify that the Stuff shopper can reorder the orders created by him\her only to file /Users/rodionsavchuk/hybrisAutomation/virco-automatedtests/target/site/serenity/b8018260c31d901f3d8d776ff65116bc168b781e95b8a9f89641bcafaaa081f8.json (using temp file /Users/rodionsavchuk/hybrisAutomation/virco-automatedtests/target/site/serenity/b8018260c31d901f3d8d776ff65116bc168b781e95b8a9f89641bcafaaa081f8.json24669e9d-bd71-4348-aefe-56fde8151c30)
[pool-1-thread-1] INFO net.thucydides.core.reports.json.JSONTestOutcomeReporter - Generating JSON report for VIR-240.01 Verify that the following message is shown to the customer if they entered wrong login data at first and second times to file /Users/rodionsavchuk/hybrisAutomation/virco-automatedtests/target/site/serenity/5c983153fe2ebb177f0d9e8b132ca59a6e0ee0ae8654058c47ae107dbb7196e9.json (using temp file /Users/rodionsavchuk/hybrisAutomation/virco-automatedtests/target/site/serenity/5c983153fe2ebb177f0d9e8b132ca59a6e0ee0ae8654058c47ae107dbb7196e9.json1b38e5eb-30b2-49f3-a994-dce642757737)
[pool-1-thread-2] INFO net.thucydides.core.reports.json.JSONTestOutcomeReporter - Generating JSON report for VIR-240.02 Verify that the error message is shown to the customer if they entered wrong login data three and more times to file /Users/rodionsavchuk/hybrisAutomation/virco-automatedtests/target/site/serenity/feea09e30f98fa20f26d9fa541c867e47262726ef2edae67658e6fe1f69f795b.json (using temp file /Users/rodionsavchuk/hybrisAutomation/virco-automatedtests/target/site/serenity/feea09e30f98fa20f26d9fa541c867e47262726ef2edae67658e6fe1f69f795b.json235d43d9-6f52-4ed4-98e4-0060d042b09a)
[pool-1-thread-4] INFO net.thucydides.core.reports.json.JSONTestOutcomeReporter - Generating JSON report for VIR-240.03 Verify that the account is locked automatically after 3 incorrect login attempts to file /Users/rodionsavchuk/hybrisAutomation/virco-automatedtests/target/site/serenity/98702c761630d5e96c1885fc6b7d9edc2d3d9276a61dcb964fb55a77180ac4c4.json (using temp file /Users/rodionsavchuk/hybrisAutomation/virco-automatedtests/target/site/serenity/98702c761630d5e96c1885fc6b7d9edc2d3d9276a61dcb964fb55a77180ac4c4.json496443f8-d05a-4c2b-be48-f0cd840f04f5)
[pool-1-thread-3] INFO net.thucydides.core.reports.json.JSONTestOutcomeReporter - Generating JSON report for VIR-240.04 Verify that the customer can phone via Skype when they click on the phone number from desktop browser to file /Users/rodionsavchuk/hybrisAutomation/virco-automatedtests/target/site/serenity/022ceba0bee1a7e3be70af6fce73e28abbfa02e327dc996b425b971073e81949.json (using temp file /Users/rodionsavchuk/hybrisAutomation/virco-automatedtests/target/site/serenity/022ceba0bee1a7e3be70af6fce73e28abbfa02e327dc996b425b971073e81949.jsona6178dbc-25ea-4218-ae3b-72d5eeeb77d4)
[pool-1-thread-2] INFO net.thucydides.core.reports.json.JSONTestOutcomeReporter - Generating JSON report for VIR-240.05 Verify that the customer can phone via phone/skype when they click on the phone number from mobile device to file /Users/rodionsavchuk/hybrisAutomation/virco-automatedtests/target/site/serenity/0acf8d5b428f155bb5cd03ead2beee85cb116b173f667ca0d7eddf263c734900.json (using temp file /Users/rodionsavchuk/hybrisAutomation/virco-automatedtests/target/site/serenity/0acf8d5b428f155bb5cd03ead2beee85cb116b173f667ca0d7eddf263c734900.json09e5a334-e17a-4b0d-9933-4f240a2c00d3)
[pool-1-thread-1] INFO net.thucydides.core.reports.json.JSONTestOutcomeReporter - Generating JSON report for VIR-241.01 Verify that the bunch of customers are created in hybris after running mass setup script to file /Users/rodionsavchuk/hybrisAutomation/virco-automatedtests/target/site/serenity/463850b14992f16a3a2bf3702fcc5975eee58ce459f840ff047b04c2eaef46d1.json (using temp file /Users/rodionsavchuk/hybrisAutomation/virco-automatedtests/target/site/serenity/463850b14992f16a3a2bf3702fcc5975eee58ce459f840ff047b04c2eaef46d1.jsonef4e9033-2f81-4f49-bea7-826efe681a16)
[pool-1-thread-3] INFO net.thucydides.core.reports.json.JSONTestOutcomeReporter - Generating JSON report for VIR-241.02 Verify that the personal details are mapped appropriately to file /Users/rodionsavchuk/hybrisAutomation/virco-automatedtests/target/site/serenity/a13f41939905f13645385d57d811c8cdd84a0cbed0caf2a6b3c4f55c28d79c01.json (using temp file /Users/rodionsavchuk/hybrisAutomation/virco-automatedtests/target/site/serenity/a13f41939905f13645385d57d811c8cdd84a0cbed0caf2a6b3c4f55c28d79c01.jsonce7d2b77-2979-49e4-b075-5a38587b6e9a)
[pool-1-thread-2] INFO net.thucydides.core.reports.json.JSONTestOutcomeReporter - Generating JSON report for VIR-241.04 Verify that just set up customers can log into the system and perform appropriate activities (due to the permissions) to file /Users/rodionsavchuk/hybrisAutomation/virco-automatedtests/target/site/serenity/cad527a19b233d2a98237bc580b3e071a577ec5892a5ac544f2f50b81e1edc9a.json (using temp file /Users/rodionsavchuk/hybrisAutomation/virco-automatedtests/target/site/serenity/cad527a19b233d2a98237bc580b3e071a577ec5892a5ac544f2f50b81e1edc9a.json66bf4582-5aa7-4302-be53-05afc05a4614)
[pool-1-thread-1] INFO net.thucydides.core.reports.json.JSONTestOutcomeReporter - Generating JSON report for VIR-241.03 Verify that the data outlined in ID3 are copied into the hybris to file /Users/rodionsavchuk/hybrisAutomation/virco-automatedtests/target/site/serenity/39e10a2762693c36aeb39ffa0694d6429714a5caa78716ad3e3a6dc6f9f35100.json (using temp file /Users/rodionsavchuk/hybrisAutomation/virco-automatedtests/target/site/serenity/39e10a2762693c36aeb39ffa0694d6429714a5caa78716ad3e3a6dc6f9f35100.json89057019-dd6d-4720-a679-4e3fd07c9aa0)
[pool-1-thread-2] INFO net.thucydides.core.reports.json.JSONTestOutcomeReporter - Generating JSON report for VIR-242.01 Verify that the following sub menu My Account menu has following options to file /Users/rodionsavchuk/hybrisAutomation/virco-automatedtests/target/site/serenity/1276140ef62c6432b71b0f37d8025035d8b303a616dfb579c0464109d19a2074.json (using temp file /Users/rodionsavchuk/hybrisAutomation/virco-automatedtests/target/site/serenity/1276140ef62c6432b71b0f37d8025035d8b303a616dfb579c0464109d19a2074.json0b25490d-ee17-4b46-b715-24c2845c8ac0)
[pool-1-thread-1] INFO net.thucydides.core.reports.json.JSONTestOutcomeReporter - Generating JSON report for VIR-243.01 Verify that the order tracking number is shown at the Order History and on the Order Details pages to file /Users/rodionsavchuk/hybrisAutomation/virco-automatedtests/target/site/serenity/70b6f3d948299c508f0755eca224d394eabc6d05bab5864a70e0f1b9c6b1e644.json (using temp file /Users/rodionsavchuk/hybrisAutomation/virco-automatedtests/target/site/serenity/70b6f3d948299c508f0755eca224d394eabc6d05bab5864a70e0f1b9c6b1e644.jsone53370f7-ce0d-42ab-8cbd-732fe476ca70)
[pool-1-thread-4] INFO net.thucydides.core.reports.json.JSONTestOutcomeReporter - Generating JSON report for VIR-242.02 Verify that the shopper is moved to the appropriate page after clicking on the sub-menu option to file /Users/rodionsavchuk/hybrisAutomation/virco-automatedtests/target/site/serenity/28ef021d759f2a4643b61547ae2c5a1b9ce2544b0930e552ce883dc4238eb54c.json (using temp file /Users/rodionsavchuk/hybrisAutomation/virco-automatedtests/target/site/serenity/28ef021d759f2a4643b61547ae2c5a1b9ce2544b0930e552ce883dc4238eb54c.jsona543e029-a068-42fb-ba9b-f71ece1e8b51)
[pool-1-thread-2] INFO net.thucydides.core.reports.json.JSONTestOutcomeReporter - Generating JSON report for VIR-243.02 Verify that the several order tracking number can be shown for one order to file /Users/rodionsavchuk/hybrisAutomation/virco-automatedtests/target/site/serenity/962a8661ed130dbc7b367611253983130c921d9ccf15ff013ae776fad79d5178.json (using temp file /Users/rodionsavchuk/hybrisAutomation/virco-automatedtests/target/site/serenity/962a8661ed130dbc7b367611253983130c921d9ccf15ff013ae776fad79d5178.json3ae926db-bef3-454e-91bc-1c14d11bacc8)
[pool-1-thread-1] INFO net.thucydides.core.reports.json.JSONTestOutcomeReporter - Generating JSON report for VIR-243.03 Verify that the order delivery status is shown in new window after clicking on tracking number link to file /Users/rodionsavchuk/hybrisAutomation/virco-automatedtests/target/site/serenity/05de3555ce50877d7a68bf12b1c9ce484c460fe5f0202de33af8de7536c5347d.json (using temp file /Users/rodionsavchuk/hybrisAutomation/virco-automatedtests/target/site/serenity/05de3555ce50877d7a68bf12b1c9ce484c460fe5f0202de33af8de7536c5347d.json0d2a10a1-06dc-4f91-a1be-c3787022436b)
[pool-1-thread-1] INFO net.thucydides.core.reports.json.JSONTestOutcomeReporter - Generating JSON report for VIR-243.05 Verify that the admin shopper can see the order tracking number for the orders created by to file /Users/rodionsavchuk/hybrisAutomation/virco-automatedtests/target/site/serenity/62c275f127453f29fafc4c2149202cb494bb82c96be65d9c7ffdda17d402d199.json (using temp file /Users/rodionsavchuk/hybrisAutomation/virco-automatedtests/target/site/serenity/62c275f127453f29fafc4c2149202cb494bb82c96be65d9c7ffdda17d402d199.json1b366a06-d865-4746-80cc-43a4062c5ab8)
[pool-1-thread-2] INFO net.thucydides.core.reports.json.JSONTestOutcomeReporter - Generating JSON report for VIR-243.04 Verify that the chief shopper can see the order tracking number for the orders created by to file /Users/rodionsavchuk/hybrisAutomation/virco-automatedtests/target/site/serenity/6679b678bf94497d010ee1d2e4e9da687ae39e591aaeb2628364a7db535048bd.json (using temp file /Users/rodionsavchuk/hybrisAutomation/virco-automatedtests/target/site/serenity/6679b678bf94497d010ee1d2e4e9da687ae39e591aaeb2628364a7db535048bd.json5163806b-b309-435a-bc12-eac2534e6725)
[pool-1-thread-2] INFO net.thucydides.core.reports.json.JSONTestOutcomeReporter - Generating JSON report for VIR-244.01 Verify that the shopper can see their email address within Email in My Account Menu to file /Users/rodionsavchuk/hybrisAutomation/virco-automatedtests/target/site/serenity/bf8e1443a8f088c9e57e0348c8704fc75e0549ba1f9d96c39d9d0ad3f4b04b32.json (using temp file /Users/rodionsavchuk/hybrisAutomation/virco-automatedtests/target/site/serenity/bf8e1443a8f088c9e57e0348c8704fc75e0549ba1f9d96c39d9d0ad3f4b04b32.jsonf5ecde8b-f24a-4a16-aca1-949eee256d86)
[pool-1-thread-1] INFO net.thucydides.core.reports.json.JSONTestOutcomeReporter - Generating JSON report for VIR-244.02 Verify that the email address is not editable to file /Users/rodionsavchuk/hybrisAutomation/virco-automatedtests/target/site/serenity/bfc781d1f39529c42f3e2e6163fe397cb7cd1efdb5aea56fac29b0f0f66e1a5e.json (using temp file /Users/rodionsavchuk/hybrisAutomation/virco-automatedtests/target/site/serenity/bfc781d1f39529c42f3e2e6163fe397cb7cd1efdb5aea56fac29b0f0f66e1a5e.jsonb6e14cf0-f552-41b5-9761-56e32b7e578f)
[pool-1-thread-3] INFO net.thucydides.core.reports.json.JSONTestOutcomeReporter - Generating JSON report for VIR-226.01 Verify that the dropdown list with contracts is shown in the header to file /Users/rodionsavchuk/hybrisAutomation/virco-automatedtests/target/site/serenity/1a7109a2e435410aec76a6616813b89a7a128938fc747b573a8bea77b5dc2e74.json (using temp file /Users/rodionsavchuk/hybrisAutomation/virco-automatedtests/target/site/serenity/1a7109a2e435410aec76a6616813b89a7a128938fc747b573a8bea77b5dc2e74.json29b0721b-541c-4af0-a46b-3e7e6d93532d)
[pool-1-thread-2] INFO net.thucydides.core.reports.json.JSONTestOutcomeReporter - Generating JSON report for VIR-226.02 Verify that the default contract is selected automatically if no other contract is selected to file /Users/rodionsavchuk/hybrisAutomation/virco-automatedtests/target/site/serenity/a1cdc501ba181282011afc75c778ae005a66a25ac465bd9f54fb47cebe8da2b6.json (using temp file /Users/rodionsavchuk/hybrisAutomation/virco-automatedtests/target/site/serenity/a1cdc501ba181282011afc75c778ae005a66a25ac465bd9f54fb47cebe8da2b6.json7c64bddf-d25b-4493-81fd-125d21355aae)
[pool-1-thread-1] INFO net.thucydides.core.reports.json.JSONTestOutcomeReporter - Generating JSON report for VIR-226.03 Verify that each customer has their own default contract to file /Users/rodionsavchuk/hybrisAutomation/virco-automatedtests/target/site/serenity/1100df39b069668be73bd3fa061625067d18d2c8d7eb03db90d26ed720e1bad6.json (using temp file /Users/rodionsavchuk/hybrisAutomation/virco-automatedtests/target/site/serenity/1100df39b069668be73bd3fa061625067d18d2c8d7eb03db90d26ed720e1bad6.jsonfe6b82b5-72a3-4123-b145-0dfb5b5ddb27)
[pool-1-thread-3] INFO net.thucydides.core.reports.json.JSONTestOutcomeReporter - Generating JSON report for VIR-226.04 Verify that the assigned to the shopper contracts (defined at the Ship To level) are shown in the list to file /Users/rodionsavchuk/hybrisAutomation/virco-automatedtests/target/site/serenity/736a6f27c422f3f6d8305a0f397a2adb789d1ed4974f92482a9f738f0fdbbfec.json (using temp file /Users/rodionsavchuk/hybrisAutomation/virco-automatedtests/target/site/serenity/736a6f27c422f3f6d8305a0f397a2adb789d1ed4974f92482a9f738f0fdbbfec.json1b01285b-99ae-4bea-bd08-080740af4e0e)
[pool-1-thread-1] INFO net.thucydides.core.reports.json.JSONTestOutcomeReporter - Generating JSON report for VIR-226.05 Verify that shopper can change the contract as many times, as they want to file /Users/rodionsavchuk/hybrisAutomation/virco-automatedtests/target/site/serenity/d72154fb388d26ac97bf25cdf1619f4513466127fb36eb261ec18074f0a654cd.json (using temp file /Users/rodionsavchuk/hybrisAutomation/virco-automatedtests/target/site/serenity/d72154fb388d26ac97bf25cdf1619f4513466127fb36eb261ec18074f0a654cd.jsonce3fec0b-384c-41e9-b0d5-d97b1a3d14e8)
[pool-1-thread-2] INFO net.thucydides.core.reports.json.JSONTestOutcomeReporter - Generating JSON report for VIR-226.06 Verify that if the shopper changed the contract, the prices and product list are updated accordingly to the selected contract to file /Users/rodionsavchuk/hybrisAutomation/virco-automatedtests/target/site/serenity/cb991777f2dcd6cec892aca2a17766a44ff88538bd62762eb06275f337f59188.json (using temp file /Users/rodionsavchuk/hybrisAutomation/virco-automatedtests/target/site/serenity/cb991777f2dcd6cec892aca2a17766a44ff88538bd62762eb06275f337f59188.jsonac07caf1-d011-4831-a340-148941412979)
[pool-1-thread-1] INFO net.thucydides.core.reports.json.JSONTestOutcomeReporter - Generating JSON report for VIR-226.07 Verify that if the contract is changed in customer master, it is changed to the customer without any notification to file /Users/rodionsavchuk/hybrisAutomation/virco-automatedtests/target/site/serenity/97d516a9dd97a3564503058531e457f4fe37c4fa911c4e0a2cd67d9e4f26df95.json (using temp file /Users/rodionsavchuk/hybrisAutomation/virco-automatedtests/target/site/serenity/97d516a9dd97a3564503058531e457f4fe37c4fa911c4e0a2cd67d9e4f26df95.json6179dae1-0583-4466-bb61-ef3a833515b5)
[pool-1-thread-2] INFO net.thucydides.core.reports.json.JSONTestOutcomeReporter - Generating JSON report for VIR-226.08 Verify that the prices shows n/a, if the contract expired and the new one is not selected by shopper to file /Users/rodionsavchuk/hybrisAutomation/virco-automatedtests/target/site/serenity/90eacd21eb1e7e24d79a439ece9e6416daa13b514c337bcef555c498996ee27a.json (using temp file /Users/rodionsavchuk/hybrisAutomation/virco-automatedtests/target/site/serenity/90eacd21eb1e7e24d79a439ece9e6416daa13b514c337bcef555c498996ee27a.json855c91e9-5c8f-43f3-bc5c-5866bda0f642)
[pool-1-thread-1] INFO net.thucydides.core.reports.json.JSONTestOutcomeReporter - Generating JSON report for VIR-226.01A Verify that the script switch the contract A to the contract B automatically for bunch of selected customers to file /Users/rodionsavchuk/hybrisAutomation/virco-automatedtests/target/site/serenity/40b3604109cc54897930215a5dff112d2f2a0f9a3f3a7c2ebf97db43a508944d.json (using temp file /Users/rodionsavchuk/hybrisAutomation/virco-automatedtests/target/site/serenity/40b3604109cc54897930215a5dff112d2f2a0f9a3f3a7c2ebf97db43a508944d.json7f1ab119-ce3b-4f4f-98f6-5176efb37d33)
[pool-1-thread-3] INFO net.thucydides.core.reports.json.JSONTestOutcomeReporter - Generating JSON report for VIR-246.01 Verify that the shopper can see the saved carts within My Account to file /Users/rodionsavchuk/hybrisAutomation/virco-automatedtests/target/site/serenity/8f924b8e28c6b842e118d033edbc4760c495b83f62c62df3597462885f301c84.json (using temp file /Users/rodionsavchuk/hybrisAutomation/virco-automatedtests/target/site/serenity/8f924b8e28c6b842e118d033edbc4760c495b83f62c62df3597462885f301c84.json23baee29-8de1-4d82-a2fb-e16cf9b31b5c)
[pool-1-thread-1] INFO net.thucydides.core.reports.html.HtmlAcceptanceTestReporter - GENERATING HTML REPORT FOR ACT-10 - Order History Date Range:VIR-235.02 Verify that the newest order is shown first in the list in 8840d0acce101c4828203142f8d64f0725d2637a38c8eebef56a7d6a8b899749.html in directory target/site/serenity  
[pool-1-thread-4] INFO net.thucydides.core.reports.html.HtmlAcceptanceTestReporter - GENERATING HTML REPORT FOR ACT-10 - Order History Date Range:VIR-235.03 Verify that the orders can be filtered by in 29922dd92355b657a29ca8ceee8ece530ee19fab8572208c0d42c3104ff16960.html in directory target/site/serenity  
[pool-1-thread-2] INFO net.thucydides.core.reports.html.HtmlAcceptanceTestReporter - GENERATING HTML REPORT FOR ACT-10 - Order History Date Range:VIR-235.01 Verify that the shopper can view the order history within My Account in 273677580b5ade55ccb470a2e988196811df982925cdbb1ace31e0a5efaabec1.html in directory target/site/serenity  
[pool-1-thread-3] INFO net.thucydides.core.reports.html.HtmlAcceptanceTestReporter - GENERATING HTML REPORT FOR ACT-10 - Order History Date Range:VIR-235.04 Verify that the current year view of orders is set by default in 611fe17d9cda8a2f0360fd4a5e0044434a5a44282d734d3f572d018496b6a768.html in directory target/site/serenity  
[pool-1-thread-1] INFO net.thucydides.core.reports.html.HtmlAcceptanceTestReporter - GENERATING HTML REPORT FOR ACT-10 - Order History Date Range:VIR-235.05 Verify that the orders can be sorted by in b3c85d502fdd11d32f7b2c0e62dbb38be0c6f9c593e4d4ccd95adcc5fe60b304.html in directory target/site/serenity  
[pool-1-thread-4] INFO net.thucydides.core.reports.html.HtmlAcceptanceTestReporter - GENERATING HTML REPORT FOR ACT-10 - Order History Date Range:VIR-235.06 Verify that the orders can be grouped by PO# (alpha-numeric) in 69529ca40520069837eb10aa62eb1ab7518abd062932198aaa75ce49a153bdf4.html in directory target/site/serenity  
[pool-1-thread-2] INFO net.thucydides.core.reports.html.HtmlAcceptanceTestReporter - GENERATING HTML REPORT FOR ACT-11 - View Orders - Shopper ECC:VIR-236.01 Verify that the shopper can see the created by him ECC orders withing Orders History in 6e0b05141f32d41efa52a2f8708a010ef30be5406c962e50aa108e52f637ff4f.html in directory target/site/serenity  
[pool-1-thread-4] INFO net.thucydides.core.reports.html.HtmlAcceptanceTestReporter - GENERATING HTML REPORT FOR ACT-11 - View Orders - Shopper ECC:VIR-236.02 Verify that the shopper is able to see the ECC orders details in 06a785ccbf37298662c0a3d0b35aa8a04f4eb296e14af96a2032ecacd8155265.html in directory target/site/serenity  
[pool-1-thread-1] INFO net.thucydides.core.reports.html.HtmlAcceptanceTestReporter - GENERATING HTML REPORT FOR ACT-11 - View Orders - Shopper ECC:VIR-236.03 Verify that shopper is not able to reorder the ECC orders in adad10cc0c0c283641a22aee227822d43a6b04d28868ac5b5b9f65428e2198f1.html in directory target/site/serenity  
[pool-1-thread-3] INFO net.thucydides.core.reports.html.HtmlAcceptanceTestReporter - GENERATING HTML REPORT FOR ACT-12 - View Orders - Admin:VIR-237.01 Verify that the chief shopper is able to view the orders created by others within their organization in 37ec79a1d6a9cc6a2aec4574466f6dcb64dfed35c002fda7b3134b876ab9d490.html in directory target/site/serenity  
[pool-1-thread-4] INFO net.thucydides.core.reports.html.HtmlAcceptanceTestReporter - GENERATING HTML REPORT FOR ACT-12 - View Orders - Admin:VIR-237.02 Verify that all orders are shown at the same page in 04c1b88fcf25fa2f1ca595220bf539bd3345daf07b3f5fd975b7cfa258aa1a72.html in directory target/site/serenity  
[pool-1-thread-2] INFO net.thucydides.core.reports.html.HtmlAcceptanceTestReporter - GENERATING HTML REPORT FOR ACT-13 - Purchase History:VIR-238.01 Verify that the stuff shopper can view orders created by him/her in da20584ac40b990dc291e9ae9cb2facdd86f681d176e5cbf03c9dc84024b2dea.html in directory target/site/serenity  
[pool-1-thread-3] INFO net.thucydides.core.reports.html.HtmlAcceptanceTestReporter - GENERATING HTML REPORT FOR ACT-13 - Purchase History:VIR-238.02 Verify that the admin shoppers can view orders placed by admin and stuff shoppers within organization in 049e5266696367738227685efc996b610d41e4a9ff2b91176988ad3e5d046577.html in directory target/site/serenity  
[pool-1-thread-1] INFO net.thucydides.core.reports.html.HtmlAcceptanceTestReporter - GENERATING HTML REPORT FOR ACT-14 - Reorder:VIR-239.01 Verify that the shopper can see the Reorder button near each order in the list of orders history in bc5c957c59b8dd4780a20bc8c811eb7cd90739e0aa75b27ef4276f5d16b25e8a.html in directory target/site/serenity  
[pool-1-thread-4] INFO net.thucydides.core.reports.html.HtmlAcceptanceTestReporter - GENERATING HTML REPORT FOR ACT-14 - Reorder:VIR-239.02 Verify that the Reorder button is present at the order details page in 7f2baa53bf21c1609ec69298572380037821566fedb28a9f798f27a38a595463.html in directory target/site/serenity  
[pool-1-thread-3] INFO net.thucydides.core.reports.html.HtmlAcceptanceTestReporter - GENERATING HTML REPORT FOR ACT-14 - Reorder:VIR-239.03 Verify that the Reorder button is present only near the orders created by shopper in db5d2cc2cdb477151d79acc5ba80f9970445ac1f4a40c15aea05ceaf9d72ab4c.html in directory target/site/serenity  
[pool-1-thread-1] INFO net.thucydides.core.reports.html.HtmlAcceptanceTestReporter - GENERATING HTML REPORT FOR ACT-14 - Reorder:VIR-239.04 Verify that the new order with the same order details is created after reordering in 86d284f6d52dd7b06703c0e65ed979dc08ab5e91925669335c8db93a482789bd.html in directory target/site/serenity  
[pool-1-thread-4] INFO net.thucydides.core.reports.html.HtmlAcceptanceTestReporter - GENERATING HTML REPORT FOR ACT-14 - Reorder:VIR-239.06 Verify that the Chief can reorder the orders created by him, admin and stuff shoppers in ce484b4c5f4b477729fe56f6574c4b704d459afba8238101689edf60627995fe.html in directory target/site/serenity  
[pool-1-thread-3] INFO net.thucydides.core.reports.html.HtmlAcceptanceTestReporter - GENERATING HTML REPORT FOR ACT-14 - Reorder:VIR-239.05 Verify that the Admin can reorder the orders created by him and stuff shoppers in bd0258604ad0a60526916081e6985c7c5319337a9181a074ad5638ad9d781d0d.html in directory target/site/serenity  
[pool-1-thread-1] INFO net.thucydides.core.reports.html.HtmlAcceptanceTestReporter - GENERATING HTML REPORT FOR ACT-15 - Customer Management:VIR-240.01 Verify that the following message is shown to the customer if they entered wrong login data at first and second times in 5c983153fe2ebb177f0d9e8b132ca59a6e0ee0ae8654058c47ae107dbb7196e9.html in directory target/site/serenity  
[pool-1-thread-3] INFO net.thucydides.core.reports.html.HtmlAcceptanceTestReporter - GENERATING HTML REPORT FOR ACT-15 - Customer Management:VIR-240.02 Verify that the error message is shown to the customer if they entered wrong login data three and more times in feea09e30f98fa20f26d9fa541c867e47262726ef2edae67658e6fe1f69f795b.html in directory target/site/serenity  
[pool-1-thread-2] INFO net.thucydides.core.reports.html.HtmlAcceptanceTestReporter - GENERATING HTML REPORT FOR ACT-14 - Reorder:VIR-239.07 Verify that the Stuff shopper can reorder the orders created by him\her only in b8018260c31d901f3d8d776ff65116bc168b781e95b8a9f89641bcafaaa081f8.html in directory target/site/serenity  
[pool-1-thread-3] INFO net.thucydides.core.reports.html.HtmlAcceptanceTestReporter - GENERATING HTML REPORT FOR ACT-15 - Customer Management:VIR-240.04 Verify that the customer can phone via Skype when they click on the phone number from desktop browser in 022ceba0bee1a7e3be70af6fce73e28abbfa02e327dc996b425b971073e81949.html in directory target/site/serenity  
[pool-1-thread-1] INFO net.thucydides.core.reports.html.HtmlAcceptanceTestReporter - GENERATING HTML REPORT FOR ACT-15 - Customer Management:VIR-240.05 Verify that the customer can phone via phone/skype when they click on the phone number from mobile device in 0acf8d5b428f155bb5cd03ead2beee85cb116b173f667ca0d7eddf263c734900.html in directory target/site/serenity  
[pool-1-thread-4] INFO net.thucydides.core.reports.html.HtmlAcceptanceTestReporter - GENERATING HTML REPORT FOR ACT-15 - Customer Management:VIR-240.03 Verify that the account is locked automatically after 3 incorrect login attempts in 98702c761630d5e96c1885fc6b7d9edc2d3d9276a61dcb964fb55a77180ac4c4.html in directory target/site/serenity  
[pool-1-thread-4] INFO net.thucydides.core.reports.html.HtmlAcceptanceTestReporter - GENERATING HTML REPORT FOR ACT-16 - CSR Mass Set Up:VIR-241.01 Verify that the bunch of customers are created in hybris after running mass setup script in 463850b14992f16a3a2bf3702fcc5975eee58ce459f840ff047b04c2eaef46d1.html in directory target/site/serenity  
[pool-1-thread-3] INFO net.thucydides.core.reports.html.HtmlAcceptanceTestReporter - GENERATING HTML REPORT FOR ACT-16 - CSR Mass Set Up:VIR-241.02 Verify that the personal details are mapped appropriately in a13f41939905f13645385d57d811c8cdd84a0cbed0caf2a6b3c4f55c28d79c01.html in directory target/site/serenity  
[pool-1-thread-2] INFO net.thucydides.core.reports.html.HtmlAcceptanceTestReporter - GENERATING HTML REPORT FOR ACT-16 - CSR Mass Set Up:VIR-241.03 Verify that the data outlined in ID3 are copied into the hybris in 39e10a2762693c36aeb39ffa0694d6429714a5caa78716ad3e3a6dc6f9f35100.html in directory target/site/serenity  
[pool-1-thread-4] INFO net.thucydides.core.reports.html.HtmlAcceptanceTestReporter - GENERATING HTML REPORT FOR ACT-16 - CSR Mass Set Up:VIR-241.04 Verify that just set up customers can log into the system and perform appropriate activities (due to the permissions) in cad527a19b233d2a98237bc580b3e071a577ec5892a5ac544f2f50b81e1edc9a.html in directory target/site/serenity  
[pool-1-thread-4] INFO net.thucydides.core.reports.html.HtmlAcceptanceTestReporter - GENERATING HTML REPORT FOR ACT-18 - Tracking Information:VIR-243.02 Verify that the several order tracking number can be shown for one order in 962a8661ed130dbc7b367611253983130c921d9ccf15ff013ae776fad79d5178.html in directory target/site/serenity  
[pool-1-thread-2] INFO net.thucydides.core.reports.html.HtmlAcceptanceTestReporter - GENERATING HTML REPORT FOR ACT-18 - Tracking Information:VIR-243.01 Verify that the order tracking number is shown at the Order History and on the Order Details pages in 70b6f3d948299c508f0755eca224d394eabc6d05bab5864a70e0f1b9c6b1e644.html in directory target/site/serenity  
[pool-1-thread-3] INFO net.thucydides.core.reports.html.HtmlAcceptanceTestReporter - GENERATING HTML REPORT FOR ACT-17 - My Account View Options:VIR-242.02 Verify that the shopper is moved to the appropriate page after clicking on the sub-menu option in 28ef021d759f2a4643b61547ae2c5a1b9ce2544b0930e552ce883dc4238eb54c.html in directory target/site/serenity  
[pool-1-thread-1] INFO net.thucydides.core.reports.html.HtmlAcceptanceTestReporter - GENERATING HTML REPORT FOR ACT-17 - My Account View Options:VIR-242.01 Verify that the following sub menu My Account menu has following options in 1276140ef62c6432b71b0f37d8025035d8b303a616dfb579c0464109d19a2074.html in directory target/site/serenity  
[pool-1-thread-4] INFO net.thucydides.core.reports.html.HtmlAcceptanceTestReporter - GENERATING HTML REPORT FOR ACT-18 - Tracking Information:VIR-243.03 Verify that the order delivery status is shown in new window after clicking on tracking number link in 05de3555ce50877d7a68bf12b1c9ce484c460fe5f0202de33af8de7536c5347d.html in directory target/site/serenity  
[pool-1-thread-2] INFO net.thucydides.core.reports.html.HtmlAcceptanceTestReporter - GENERATING HTML REPORT FOR ACT-18 - Tracking Information:VIR-243.04 Verify that the chief shopper can see the order tracking number for the orders created by in 6679b678bf94497d010ee1d2e4e9da687ae39e591aaeb2628364a7db535048bd.html in directory target/site/serenity  
[pool-1-thread-4] INFO net.thucydides.core.reports.html.HtmlAcceptanceTestReporter - GENERATING HTML REPORT FOR ACT-18 - Tracking Information:VIR-243.05 Verify that the admin shopper can see the order tracking number for the orders created by in 62c275f127453f29fafc4c2149202cb494bb82c96be65d9c7ffdda17d402d199.html in directory target/site/serenity  
[pool-1-thread-4] INFO net.thucydides.core.reports.html.HtmlAcceptanceTestReporter - GENERATING HTML REPORT FOR ACT-19 - Static Email Address:VIR-244.01 Verify that the shopper can see their email address within Email in My Account Menu in bf8e1443a8f088c9e57e0348c8704fc75e0549ba1f9d96c39d9d0ad3f4b04b32.html in directory target/site/serenity  
[pool-1-thread-2] INFO net.thucydides.core.reports.html.HtmlAcceptanceTestReporter - GENERATING HTML REPORT FOR ACT-19 - Static Email Address:VIR-244.02 Verify that the email address is not editable in bfc781d1f39529c42f3e2e6163fe397cb7cd1efdb5aea56fac29b0f0f66e1a5e.html in directory target/site/serenity  
[pool-1-thread-1] INFO net.thucydides.core.reports.html.HtmlAcceptanceTestReporter - GENERATING HTML REPORT FOR ACT-1 - Default Contract:VIR-226.01 Verify that the dropdown list with contracts is shown in the header in 1a7109a2e435410aec76a6616813b89a7a128938fc747b573a8bea77b5dc2e74.html in directory target/site/serenity  
[pool-1-thread-1] INFO net.thucydides.core.reports.html.HtmlAcceptanceTestReporter - GENERATING HTML REPORT FOR ACT-1 - Default Contract:VIR-226.02 Verify that the default contract is selected automatically if no other contract is selected in a1cdc501ba181282011afc75c778ae005a66a25ac465bd9f54fb47cebe8da2b6.html in directory target/site/serenity  
[pool-1-thread-2] INFO net.thucydides.core.reports.html.HtmlAcceptanceTestReporter - GENERATING HTML REPORT FOR ACT-1 - Default Contract:VIR-226.03 Verify that each customer has their own default contract in 1100df39b069668be73bd3fa061625067d18d2c8d7eb03db90d26ed720e1bad6.html in directory target/site/serenity  
[pool-1-thread-2] INFO net.thucydides.core.reports.html.HtmlAcceptanceTestReporter - GENERATING HTML REPORT FOR ACT-1 - Default Contract:VIR-226.04 Verify that the assigned to the shopper contracts (defined at the Ship To level) are shown in the list in 736a6f27c422f3f6d8305a0f397a2adb789d1ed4974f92482a9f738f0fdbbfec.html in directory target/site/serenity  
[pool-1-thread-2] INFO net.thucydides.core.reports.html.HtmlAcceptanceTestReporter - GENERATING HTML REPORT FOR ACT-1 - Default Contract:VIR-226.05 Verify that shopper can change the contract as many times, as they want in d72154fb388d26ac97bf25cdf1619f4513466127fb36eb261ec18074f0a654cd.html in directory target/site/serenity  
[pool-1-thread-3] INFO net.thucydides.core.reports.html.HtmlAcceptanceTestReporter - GENERATING HTML REPORT FOR ACT-1 - Default Contract:VIR-226.06 Verify that if the shopper changed the contract, the prices and product list are updated accordingly to the selected contract in cb991777f2dcd6cec892aca2a17766a44ff88538bd62762eb06275f337f59188.html in directory target/site/serenity  
[pool-1-thread-3] INFO net.thucydides.core.reports.html.HtmlAcceptanceTestReporter - GENERATING HTML REPORT FOR ACT-1 - Default Contract:VIR-226.07 Verify that if the contract is changed in customer master, it is changed to the customer without any notification in 97d516a9dd97a3564503058531e457f4fe37c4fa911c4e0a2cd67d9e4f26df95.html in directory target/site/serenity  
[pool-1-thread-1] INFO net.thucydides.core.reports.html.HtmlAcceptanceTestReporter - GENERATING HTML REPORT FOR ACT-1 - Default Contract:VIR-226.08 Verify that the prices shows n/a, if the contract expired and the new one is not selected by shopper in 90eacd21eb1e7e24d79a439ece9e6416daa13b514c337bcef555c498996ee27a.html in directory target/site/serenity  
[pool-1-thread-1] INFO net.thucydides.core.reports.html.HtmlAcceptanceTestReporter - GENERATING HTML REPORT FOR ACT-1 - Default Contract:VIR-226.01A Verify that the script switch the contract A to the contract B automatically for bunch of selected customers in 40b3604109cc54897930215a5dff112d2f2a0f9a3f3a7c2ebf97db43a508944d.html in directory target/site/serenity  
[pool-1-thread-3] INFO net.thucydides.core.reports.html.HtmlAcceptanceTestReporter - GENERATING HTML REPORT FOR ACT-21 - View Saved Carts:VIR-246.01 Verify that the shopper can see the saved carts within My Account in 8f924b8e28c6b842e118d033edbc4760c495b83f62c62df3597462885f301c84.html in directory target/site/serenity  
[main] INFO net.serenitybdd.core.Serenity - 
 _____ _____ ____ _____   ____ _____  _    ____ _____ _____ ____  
|_   _| ____/ ___|_   _| / ___|_   _|/ \  |  _ \_   _| ____|  _ \ 
  | | |  _| \___ \ | |   \___ \ | | / _ \ | |_) || | |  _| | | | |
  | | | |___ ___) || |    ___) || |/ ___ \|  _ < | | | |___| |_| |
  |_| |_____|____/ |_|   |____/ |_/_/   \_\_| \_\|_| |_____|____/ 
                                                                  

TEST STARTED: VIR-246.02 Remove all from saved carts
-------------------------------------------------------------------(act-21---view-saved-carts;vir-246.02-remove-all-from-saved-carts)
[main] INFO net.serenitybdd.core.Serenity - STARTING STEP Given open the site and login
[main] INFO net.serenitybdd.core.Serenity - STARTING STEP Open the site
[main] INFO net.serenitybdd.core.Serenity - STEP ERROR: net.serenitybdd.core.exceptions.SerenityManagedException: Could not initialize class com.virco.locators.SiteData
]]></system-err>
  </testcase>
  <testcase name="Scenario: VIR-246.02 Remove all from saved carts" classname="Scenario: VIR-246.02 Remove all from saved carts" time="0.002">
    <error message="Could not initialize class com.virco.locators.SiteData" type="net.serenitybdd.core.exceptions.SerenityManagedException"><![CDATA[net.serenitybdd.core.exceptions.SerenityManagedException: Could not initialize class com.virco.locators.SiteData
	at com.virco.steps.serenity.CommonUserSteps.openTheSite(CommonUserSteps.java:19)
	at com.virco.steps.serenity.CommonUserSteps$$EnhancerByCGLIB$$d8541bfa.CGLIB$openTheSite$6(<generated>)
	at com.virco.steps.serenity.CommonUserSteps$$EnhancerByCGLIB$$d8541bfa$$FastClassByCGLIB$$ea8e0f86.invoke(<generated>)
	at net.sf.cglib.proxy.MethodProxy.invokeSuper(MethodProxy.java:228)
	at net.thucydides.core.steps.StepInterceptor.invokeMethod(StepInterceptor.java:372)
	at net.thucydides.core.steps.StepInterceptor.executeTestStepMethod(StepInterceptor.java:357)
	at net.thucydides.core.steps.StepInterceptor.runTestStep(StepInterceptor.java:332)
	at net.thucydides.core.steps.StepInterceptor.testStepResult(StepInterceptor.java:134)
	at net.thucydides.core.steps.StepInterceptor.intercept(StepInterceptor.java:61)
	at com.virco.steps.serenity.CommonUserSteps$$EnhancerByCGLIB$$d8541bfa.openTheSite(<generated>)
	at com.virco.steps.CommonDefinitionSteps.openTheSiteAndLogin(CommonDefinitionSteps.java:72)
	at sun.reflect.NativeMethodAccessorImpl.invoke0(Native Method)
	at sun.reflect.NativeMethodAccessorImpl.invoke(NativeMethodAccessorImpl.java:62)
	at sun.reflect.DelegatingMethodAccessorImpl.invoke(DelegatingMethodAccessorImpl.java:43)
	at java.lang.reflect.Method.invoke(Method.java:498)
	at cucumber.runtime.Utils$1.call(Utils.java:40)
	at cucumber.runtime.Timeout.timeout(Timeout.java:16)
	at cucumber.runtime.Utils.invoke(Utils.java:34)
	at cucumber.runtime.java.JavaStepDefinition.execute(JavaStepDefinition.java:38)
	at cucumber.runtime.StepDefinitionMatch.runStep(StepDefinitionMatch.java:37)
	at cucumber.runtime.Runtime.runStep(Runtime.java:300)
	at cucumber.runtime.model.StepContainer.runStep(StepContainer.java:44)
	at cucumber.runtime.model.StepContainer.runSteps(StepContainer.java:39)
	at cucumber.runtime.model.CucumberScenario.run(CucumberScenario.java:44)
	at cucumber.runtime.junit.ExecutionUnitRunner.run(ExecutionUnitRunner.java:102)
	at cucumber.runtime.junit.FeatureRunner.runChild(FeatureRunner.java:63)
	at cucumber.runtime.junit.FeatureRunner.runChild(FeatureRunner.java:18)
	at org.junit.runners.ParentRunner$3.run(ParentRunner.java:290)
	at org.junit.runners.ParentRunner$1.schedule(ParentRunner.java:71)
	at org.junit.runners.ParentRunner.runChildren(ParentRunner.java:288)
	at org.junit.runners.ParentRunner.access$000(ParentRunner.java:58)
	at org.junit.runners.ParentRunner$2.evaluate(ParentRunner.java:268)
	at org.junit.runners.ParentRunner.run(ParentRunner.java:363)
	at cucumber.runtime.junit.FeatureRunner.run(FeatureRunner.java:70)
	at cucumber.api.junit.Cucumber.runChild(Cucumber.java:95)
	at cucumber.api.junit.Cucumber.runChild(Cucumber.java:38)
	at org.junit.runners.ParentRunner$3.run(ParentRunner.java:290)
	at org.junit.runners.ParentRunner$1.schedule(ParentRunner.java:71)
	at org.junit.runners.ParentRunner.runChildren(ParentRunner.java:288)
	at org.junit.runners.ParentRunner.access$000(ParentRunner.java:58)
	at org.junit.runners.ParentRunner$2.evaluate(ParentRunner.java:268)
	at org.junit.runners.ParentRunner.run(ParentRunner.java:363)
	at cucumber.api.junit.Cucumber.run(Cucumber.java:100)
	at org.apache.maven.surefire.junit4.JUnit4Provider.execute(JUnit4Provider.java:283)
	at org.apache.maven.surefire.junit4.JUnit4Provider.executeWithRerun(JUnit4Provider.java:173)
	at org.apache.maven.surefire.junit4.JUnit4Provider.executeTestSet(JUnit4Provider.java:153)
	at org.apache.maven.surefire.junit4.JUnit4Provider.invoke(JUnit4Provider.java:128)
	at org.apache.maven.surefire.booter.ForkedBooter.invokeProviderInSameClassLoader(ForkedBooter.java:203)
	at org.apache.maven.surefire.booter.ForkedBooter.runSuitesInProcess(ForkedBooter.java:155)
	at org.apache.maven.surefire.booter.ForkedBooter.main(ForkedBooter.java:103)
]]></error>
  </testcase>
  <testcase name="When click on &quot;My Account&quot; link in header" classname="Scenario: VIR-246.02 Remove all from saved carts" time="0">
    <skipped/>
    <system-err><![CDATA[[main] INFO net.serenitybdd.core.Serenity - STEP ERROR: java.lang.NoClassDefFoundError: Could not initialize class com.virco.locators.SiteData
[main] INFO net.serenitybdd.core.Serenity - STARTING STEP When click on "My Account" link in header
]]></system-err>
  </testcase>
  <testcase name="When click on &quot;Saved Carts&quot; in My Account drop-down" classname="Scenario: VIR-246.02 Remove all from saved carts" time="0">
    <skipped/>
    <system-err><![CDATA[[main] INFO net.serenitybdd.core.Serenity - IGNORING STEP
[main] INFO net.serenitybdd.core.Serenity - STARTING STEP When click on "Saved Carts" in My Account drop-down
]]></system-err>
  </testcase>
  <testcase name="Then delete all saved carts" classname="Scenario: VIR-246.02 Remove all from saved carts" time="0">
    <skipped/>
    <system-err><![CDATA[[main] INFO net.serenitybdd.core.Serenity - IGNORING STEP
[main] INFO net.serenitybdd.core.Serenity - STARTING STEP Then delete all saved carts
]]></system-err>
  </testcase>
  <testcase name="Given open the site and login" classname="Scenario: VIR-246.03 Verify that the saved cart is shown on the saved carts page" time="0.005">
    <error message="Could not initialize class com.virco.locators.SiteData" type="net.serenitybdd.core.exceptions.SerenityManagedException"><![CDATA[net.serenitybdd.core.exceptions.SerenityManagedException: Could not initialize class com.virco.locators.SiteData
	at com.virco.steps.serenity.CommonUserSteps.openTheSite(CommonUserSteps.java:19)
	at com.virco.steps.serenity.CommonUserSteps$$EnhancerByCGLIB$$d8541bfa.CGLIB$openTheSite$6(<generated>)
	at com.virco.steps.serenity.CommonUserSteps$$EnhancerByCGLIB$$d8541bfa$$FastClassByCGLIB$$ea8e0f86.invoke(<generated>)
	at net.sf.cglib.proxy.MethodProxy.invokeSuper(MethodProxy.java:228)
	at net.thucydides.core.steps.StepInterceptor.invokeMethod(StepInterceptor.java:372)
	at net.thucydides.core.steps.StepInterceptor.executeTestStepMethod(StepInterceptor.java:357)
	at net.thucydides.core.steps.StepInterceptor.runTestStep(StepInterceptor.java:332)
	at net.thucydides.core.steps.StepInterceptor.testStepResult(StepInterceptor.java:134)
	at net.thucydides.core.steps.StepInterceptor.intercept(StepInterceptor.java:61)
	at com.virco.steps.serenity.CommonUserSteps$$EnhancerByCGLIB$$d8541bfa.openTheSite(<generated>)
	at com.virco.steps.CommonDefinitionSteps.openTheSiteAndLogin(CommonDefinitionSteps.java:72)
	at sun.reflect.NativeMethodAccessorImpl.invoke0(Native Method)
	at sun.reflect.NativeMethodAccessorImpl.invoke(NativeMethodAccessorImpl.java:62)
	at sun.reflect.DelegatingMethodAccessorImpl.invoke(DelegatingMethodAccessorImpl.java:43)
	at java.lang.reflect.Method.invoke(Method.java:498)
	at cucumber.runtime.Utils$1.call(Utils.java:40)
	at cucumber.runtime.Timeout.timeout(Timeout.java:16)
	at cucumber.runtime.Utils.invoke(Utils.java:34)
	at cucumber.runtime.java.JavaStepDefinition.execute(JavaStepDefinition.java:38)
	at cucumber.runtime.StepDefinitionMatch.runStep(StepDefinitionMatch.java:37)
	at cucumber.runtime.Runtime.runStep(Runtime.java:300)
	at cucumber.runtime.model.StepContainer.runStep(StepContainer.java:44)
	at cucumber.runtime.model.StepContainer.runSteps(StepContainer.java:39)
	at cucumber.runtime.model.CucumberScenario.run(CucumberScenario.java:44)
	at cucumber.runtime.junit.ExecutionUnitRunner.run(ExecutionUnitRunner.java:102)
	at cucumber.runtime.junit.FeatureRunner.runChild(FeatureRunner.java:63)
	at cucumber.runtime.junit.FeatureRunner.runChild(FeatureRunner.java:18)
	at org.junit.runners.ParentRunner$3.run(ParentRunner.java:290)
	at org.junit.runners.ParentRunner$1.schedule(ParentRunner.java:71)
	at org.junit.runners.ParentRunner.runChildren(ParentRunner.java:288)
	at org.junit.runners.ParentRunner.access$000(ParentRunner.java:58)
	at org.junit.runners.ParentRunner$2.evaluate(ParentRunner.java:268)
	at org.junit.runners.ParentRunner.run(ParentRunner.java:363)
	at cucumber.runtime.junit.FeatureRunner.run(FeatureRunner.java:70)
	at cucumber.api.junit.Cucumber.runChild(Cucumber.java:95)
	at cucumber.api.junit.Cucumber.runChild(Cucumber.java:38)
	at org.junit.runners.ParentRunner$3.run(ParentRunner.java:290)
	at org.junit.runners.ParentRunner$1.schedule(ParentRunner.java:71)
	at org.junit.runners.ParentRunner.runChildren(ParentRunner.java:288)
	at org.junit.runners.ParentRunner.access$000(ParentRunner.java:58)
	at org.junit.runners.ParentRunner$2.evaluate(ParentRunner.java:268)
	at org.junit.runners.ParentRunner.run(ParentRunner.java:363)
	at cucumber.api.junit.Cucumber.run(Cucumber.java:100)
	at org.apache.maven.surefire.junit4.JUnit4Provider.execute(JUnit4Provider.java:283)
	at org.apache.maven.surefire.junit4.JUnit4Provider.executeWithRerun(JUnit4Provider.java:173)
	at org.apache.maven.surefire.junit4.JUnit4Provider.executeTestSet(JUnit4Provider.java:153)
	at org.apache.maven.surefire.junit4.JUnit4Provider.invoke(JUnit4Provider.java:128)
	at org.apache.maven.surefire.booter.ForkedBooter.invokeProviderInSameClassLoader(ForkedBooter.java:203)
	at org.apache.maven.surefire.booter.ForkedBooter.runSuitesInProcess(ForkedBooter.java:155)
	at org.apache.maven.surefire.booter.ForkedBooter.main(ForkedBooter.java:103)
]]></error>
    <system-err><![CDATA[[main] INFO net.serenitybdd.core.Serenity - IGNORING STEP
[main] ERROR net.serenitybdd.core.Serenity - 
           __  _____ _____ ____ _____   _____ _    ___ _     _____ ____  
  _       / / |_   _| ____/ ___|_   _| |  ___/ \  |_ _| |   | ____|  _ \ 
 (_)_____| |    | | |  _| \___ \ | |   | |_ / _ \  | || |   |  _| | | | |
  _|_____| |    | | | |___ ___) || |   |  _/ ___ \ | || |___| |___| |_| |
 (_)     | |    |_| |_____|____/ |_|   |_|/_/   \_\___|_____|_____|____/ 
          \_\                                                            

TEST FAILED WITH ERROR: VIR-246.02 Remove all from saved carts
---------------------------------------------------------------------
[main] ERROR net.serenitybdd.core.Serenity - TEST FAILED AT STEP Open the site
[main] ERROR net.serenitybdd.core.Serenity - Could not initialize class com.virco.locators.SiteData
[pool-1-thread-1] INFO net.thucydides.core.reports.json.JSONTestOutcomeReporter - Generating JSON report for VIR-235.01 Verify that the shopper can view the order history within My Account to file /Users/rodionsavchuk/hybrisAutomation/virco-automatedtests/target/site/serenity/273677580b5ade55ccb470a2e988196811df982925cdbb1ace31e0a5efaabec1.json (using temp file /Users/rodionsavchuk/hybrisAutomation/virco-automatedtests/target/site/serenity/273677580b5ade55ccb470a2e988196811df982925cdbb1ace31e0a5efaabec1.json74d4384f-e4fd-4169-af4d-63eb85ac78f2)
[pool-1-thread-3] INFO net.thucydides.core.reports.json.JSONTestOutcomeReporter - Generating JSON report for VIR-235.02 Verify that the newest order is shown first in the list to file /Users/rodionsavchuk/hybrisAutomation/virco-automatedtests/target/site/serenity/8840d0acce101c4828203142f8d64f0725d2637a38c8eebef56a7d6a8b899749.json (using temp file /Users/rodionsavchuk/hybrisAutomation/virco-automatedtests/target/site/serenity/8840d0acce101c4828203142f8d64f0725d2637a38c8eebef56a7d6a8b899749.jsone46e0013-521f-4b24-8b2d-c76aa5901a17)
[pool-1-thread-4] INFO net.thucydides.core.reports.json.JSONTestOutcomeReporter - Generating JSON report for VIR-235.03 Verify that the orders can be filtered by to file /Users/rodionsavchuk/hybrisAutomation/virco-automatedtests/target/site/serenity/29922dd92355b657a29ca8ceee8ece530ee19fab8572208c0d42c3104ff16960.json (using temp file /Users/rodionsavchuk/hybrisAutomation/virco-automatedtests/target/site/serenity/29922dd92355b657a29ca8ceee8ece530ee19fab8572208c0d42c3104ff16960.json51ed9e56-ad84-4461-8512-8860280f6d5a)
[pool-1-thread-2] INFO net.thucydides.core.reports.json.JSONTestOutcomeReporter - Generating JSON report for VIR-235.04 Verify that the current year view of orders is set by default to file /Users/rodionsavchuk/hybrisAutomation/virco-automatedtests/target/site/serenity/611fe17d9cda8a2f0360fd4a5e0044434a5a44282d734d3f572d018496b6a768.json (using temp file /Users/rodionsavchuk/hybrisAutomation/virco-automatedtests/target/site/serenity/611fe17d9cda8a2f0360fd4a5e0044434a5a44282d734d3f572d018496b6a768.json3896ff01-2a3b-4ae3-840b-530c76e5704a)
[pool-1-thread-3] INFO net.thucydides.core.reports.json.JSONTestOutcomeReporter - Generating JSON report for VIR-235.05 Verify that the orders can be sorted by to file /Users/rodionsavchuk/hybrisAutomation/virco-automatedtests/target/site/serenity/b3c85d502fdd11d32f7b2c0e62dbb38be0c6f9c593e4d4ccd95adcc5fe60b304.json (using temp file /Users/rodionsavchuk/hybrisAutomation/virco-automatedtests/target/site/serenity/b3c85d502fdd11d32f7b2c0e62dbb38be0c6f9c593e4d4ccd95adcc5fe60b304.jsonec5052ba-6ff9-45d2-867f-0efa81fa75bc)
[pool-1-thread-4] INFO net.thucydides.core.reports.json.JSONTestOutcomeReporter - Generating JSON report for VIR-235.06 Verify that the orders can be grouped by PO# (alpha-numeric) to file /Users/rodionsavchuk/hybrisAutomation/virco-automatedtests/target/site/serenity/69529ca40520069837eb10aa62eb1ab7518abd062932198aaa75ce49a153bdf4.json (using temp file /Users/rodionsavchuk/hybrisAutomation/virco-automatedtests/target/site/serenity/69529ca40520069837eb10aa62eb1ab7518abd062932198aaa75ce49a153bdf4.json4b914f9a-bd2c-4e48-ab16-dd7af910a001)
[pool-1-thread-4] INFO net.thucydides.core.reports.json.JSONTestOutcomeReporter - Generating JSON report for VIR-236.02 Verify that the shopper is able to see the ECC orders details to file /Users/rodionsavchuk/hybrisAutomation/virco-automatedtests/target/site/serenity/06a785ccbf37298662c0a3d0b35aa8a04f4eb296e14af96a2032ecacd8155265.json (using temp file /Users/rodionsavchuk/hybrisAutomation/virco-automatedtests/target/site/serenity/06a785ccbf37298662c0a3d0b35aa8a04f4eb296e14af96a2032ecacd8155265.jsonea00923b-9edf-4de3-a32c-cb89b686d02b)
[pool-1-thread-3] INFO net.thucydides.core.reports.json.JSONTestOutcomeReporter - Generating JSON report for VIR-236.01 Verify that the shopper can see the created by him ECC orders withing Orders History to file /Users/rodionsavchuk/hybrisAutomation/virco-automatedtests/target/site/serenity/6e0b05141f32d41efa52a2f8708a010ef30be5406c962e50aa108e52f637ff4f.json (using temp file /Users/rodionsavchuk/hybrisAutomation/virco-automatedtests/target/site/serenity/6e0b05141f32d41efa52a2f8708a010ef30be5406c962e50aa108e52f637ff4f.json91553a73-4f66-40e0-b3dc-3d8b3583be57)
[pool-1-thread-1] INFO net.thucydides.core.reports.json.JSONTestOutcomeReporter - Generating JSON report for VIR-236.03 Verify that shopper is not able to reorder the ECC orders to file /Users/rodionsavchuk/hybrisAutomation/virco-automatedtests/target/site/serenity/adad10cc0c0c283641a22aee227822d43a6b04d28868ac5b5b9f65428e2198f1.json (using temp file /Users/rodionsavchuk/hybrisAutomation/virco-automatedtests/target/site/serenity/adad10cc0c0c283641a22aee227822d43a6b04d28868ac5b5b9f65428e2198f1.json2b5d112f-5cd5-4381-b461-1b04910dd6fe)
[pool-1-thread-2] INFO net.thucydides.core.reports.json.JSONTestOutcomeReporter - Generating JSON report for VIR-237.01 Verify that the chief shopper is able to view the orders created by others within their organization to file /Users/rodionsavchuk/hybrisAutomation/virco-automatedtests/target/site/serenity/37ec79a1d6a9cc6a2aec4574466f6dcb64dfed35c002fda7b3134b876ab9d490.json (using temp file /Users/rodionsavchuk/hybrisAutomation/virco-automatedtests/target/site/serenity/37ec79a1d6a9cc6a2aec4574466f6dcb64dfed35c002fda7b3134b876ab9d490.json9ac11441-35db-472e-8385-b69d5cd3911d)
[pool-1-thread-4] INFO net.thucydides.core.reports.json.JSONTestOutcomeReporter - Generating JSON report for VIR-237.02 Verify that all orders are shown at the same page to file /Users/rodionsavchuk/hybrisAutomation/virco-automatedtests/target/site/serenity/04c1b88fcf25fa2f1ca595220bf539bd3345daf07b3f5fd975b7cfa258aa1a72.json (using temp file /Users/rodionsavchuk/hybrisAutomation/virco-automatedtests/target/site/serenity/04c1b88fcf25fa2f1ca595220bf539bd3345daf07b3f5fd975b7cfa258aa1a72.json635e70ee-6d2f-48aa-972f-eede1637e105)
[pool-1-thread-3] INFO net.thucydides.core.reports.json.JSONTestOutcomeReporter - Generating JSON report for VIR-238.01 Verify that the stuff shopper can view orders created by him/her to file /Users/rodionsavchuk/hybrisAutomation/virco-automatedtests/target/site/serenity/da20584ac40b990dc291e9ae9cb2facdd86f681d176e5cbf03c9dc84024b2dea.json (using temp file /Users/rodionsavchuk/hybrisAutomation/virco-automatedtests/target/site/serenity/da20584ac40b990dc291e9ae9cb2facdd86f681d176e5cbf03c9dc84024b2dea.jsonb9d37a6c-4ec9-4ab0-a289-cd3ba20297f6)
[pool-1-thread-4] INFO net.thucydides.core.reports.json.JSONTestOutcomeReporter - Generating JSON report for VIR-238.02 Verify that the admin shoppers can view orders placed by admin and stuff shoppers within organization to file /Users/rodionsavchuk/hybrisAutomation/virco-automatedtests/target/site/serenity/049e5266696367738227685efc996b610d41e4a9ff2b91176988ad3e5d046577.json (using temp file /Users/rodionsavchuk/hybrisAutomation/virco-automatedtests/target/site/serenity/049e5266696367738227685efc996b610d41e4a9ff2b91176988ad3e5d046577.json1f8cfa81-9158-4fe2-a070-60a8909b5cc4)
[pool-1-thread-1] INFO net.thucydides.core.reports.json.JSONTestOutcomeReporter - Generating JSON report for VIR-239.02 Verify that the Reorder button is present at the order details page to file /Users/rodionsavchuk/hybrisAutomation/virco-automatedtests/target/site/serenity/7f2baa53bf21c1609ec69298572380037821566fedb28a9f798f27a38a595463.json (using temp file /Users/rodionsavchuk/hybrisAutomation/virco-automatedtests/target/site/serenity/7f2baa53bf21c1609ec69298572380037821566fedb28a9f798f27a38a595463.jsona8323b79-cb63-476a-93d2-151f177526c5)
[pool-1-thread-4] INFO net.thucydides.core.reports.json.JSONTestOutcomeReporter - Generating JSON report for VIR-239.04 Verify that the new order with the same order details is created after reordering to file /Users/rodionsavchuk/hybrisAutomation/virco-automatedtests/target/site/serenity/86d284f6d52dd7b06703c0e65ed979dc08ab5e91925669335c8db93a482789bd.json (using temp file /Users/rodionsavchuk/hybrisAutomation/virco-automatedtests/target/site/serenity/86d284f6d52dd7b06703c0e65ed979dc08ab5e91925669335c8db93a482789bd.json8f629ce9-0513-4a1b-aff9-25c523d6b1c7)
[pool-1-thread-3] INFO net.thucydides.core.reports.json.JSONTestOutcomeReporter - Generating JSON report for VIR-239.03 Verify that the Reorder button is present only near the orders created by shopper to file /Users/rodionsavchuk/hybrisAutomation/virco-automatedtests/target/site/serenity/db5d2cc2cdb477151d79acc5ba80f9970445ac1f4a40c15aea05ceaf9d72ab4c.json (using temp file /Users/rodionsavchuk/hybrisAutomation/virco-automatedtests/target/site/serenity/db5d2cc2cdb477151d79acc5ba80f9970445ac1f4a40c15aea05ceaf9d72ab4c.json55fdb265-ef34-4905-ad76-2a43f5250c5e)
[pool-1-thread-2] INFO net.thucydides.core.reports.json.JSONTestOutcomeReporter - Generating JSON report for VIR-239.01 Verify that the shopper can see the Reorder button near each order in the list of orders history to file /Users/rodionsavchuk/hybrisAutomation/virco-automatedtests/target/site/serenity/bc5c957c59b8dd4780a20bc8c811eb7cd90739e0aa75b27ef4276f5d16b25e8a.json (using temp file /Users/rodionsavchuk/hybrisAutomation/virco-automatedtests/target/site/serenity/bc5c957c59b8dd4780a20bc8c811eb7cd90739e0aa75b27ef4276f5d16b25e8a.jsone5924e64-2e25-4265-8705-844fb9d617b2)
[pool-1-thread-4] INFO net.thucydides.core.reports.json.JSONTestOutcomeReporter - Generating JSON report for VIR-239.05 Verify that the Admin can reorder the orders created by him and stuff shoppers to file /Users/rodionsavchuk/hybrisAutomation/virco-automatedtests/target/site/serenity/bd0258604ad0a60526916081e6985c7c5319337a9181a074ad5638ad9d781d0d.json (using temp file /Users/rodionsavchuk/hybrisAutomation/virco-automatedtests/target/site/serenity/bd0258604ad0a60526916081e6985c7c5319337a9181a074ad5638ad9d781d0d.jsondd7e0ba6-9540-4900-8476-a991fe459a8b)
[pool-1-thread-2] INFO net.thucydides.core.reports.json.JSONTestOutcomeReporter - Generating JSON report for VIR-239.06 Verify that the Chief can reorder the orders created by him, admin and stuff shoppers to file /Users/rodionsavchuk/hybrisAutomation/virco-automatedtests/target/site/serenity/ce484b4c5f4b477729fe56f6574c4b704d459afba8238101689edf60627995fe.json (using temp file /Users/rodionsavchuk/hybrisAutomation/virco-automatedtests/target/site/serenity/ce484b4c5f4b477729fe56f6574c4b704d459afba8238101689edf60627995fe.jsonb19f17b6-12b7-4e95-85ac-736262de6b64)
[pool-1-thread-4] INFO net.thucydides.core.reports.json.JSONTestOutcomeReporter - Generating JSON report for VIR-239.07 Verify that the Stuff shopper can reorder the orders created by him\her only to file /Users/rodionsavchuk/hybrisAutomation/virco-automatedtests/target/site/serenity/b8018260c31d901f3d8d776ff65116bc168b781e95b8a9f89641bcafaaa081f8.json (using temp file /Users/rodionsavchuk/hybrisAutomation/virco-automatedtests/target/site/serenity/b8018260c31d901f3d8d776ff65116bc168b781e95b8a9f89641bcafaaa081f8.json4d68ba8c-1a99-4bc8-a7c1-f575c239a43e)
[pool-1-thread-1] INFO net.thucydides.core.reports.json.JSONTestOutcomeReporter - Generating JSON report for VIR-240.01 Verify that the following message is shown to the customer if they entered wrong login data at first and second times to file /Users/rodionsavchuk/hybrisAutomation/virco-automatedtests/target/site/serenity/5c983153fe2ebb177f0d9e8b132ca59a6e0ee0ae8654058c47ae107dbb7196e9.json (using temp file /Users/rodionsavchuk/hybrisAutomation/virco-automatedtests/target/site/serenity/5c983153fe2ebb177f0d9e8b132ca59a6e0ee0ae8654058c47ae107dbb7196e9.json23e33a8b-a067-42fc-979d-3562f2f891ed)
[pool-1-thread-3] INFO net.thucydides.core.reports.json.JSONTestOutcomeReporter - Generating JSON report for VIR-240.02 Verify that the error message is shown to the customer if they entered wrong login data three and more times to file /Users/rodionsavchuk/hybrisAutomation/virco-automatedtests/target/site/serenity/feea09e30f98fa20f26d9fa541c867e47262726ef2edae67658e6fe1f69f795b.json (using temp file /Users/rodionsavchuk/hybrisAutomation/virco-automatedtests/target/site/serenity/feea09e30f98fa20f26d9fa541c867e47262726ef2edae67658e6fe1f69f795b.json8f79fec4-b7e9-4b6f-9431-4e519ae3b7fa)
[pool-1-thread-4] INFO net.thucydides.core.reports.json.JSONTestOutcomeReporter - Generating JSON report for VIR-240.03 Verify that the account is locked automatically after 3 incorrect login attempts to file /Users/rodionsavchuk/hybrisAutomation/virco-automatedtests/target/site/serenity/98702c761630d5e96c1885fc6b7d9edc2d3d9276a61dcb964fb55a77180ac4c4.json (using temp file /Users/rodionsavchuk/hybrisAutomation/virco-automatedtests/target/site/serenity/98702c761630d5e96c1885fc6b7d9edc2d3d9276a61dcb964fb55a77180ac4c4.json01206f60-cf62-468a-ac1d-129b14795b6e)
[pool-1-thread-1] INFO net.thucydides.core.reports.json.JSONTestOutcomeReporter - Generating JSON report for VIR-240.04 Verify that the customer can phone via Skype when they click on the phone number from desktop browser to file /Users/rodionsavchuk/hybrisAutomation/virco-automatedtests/target/site/serenity/022ceba0bee1a7e3be70af6fce73e28abbfa02e327dc996b425b971073e81949.json (using temp file /Users/rodionsavchuk/hybrisAutomation/virco-automatedtests/target/site/serenity/022ceba0bee1a7e3be70af6fce73e28abbfa02e327dc996b425b971073e81949.jsonb3e192a6-b888-4fb5-869b-f764e3737704)
[pool-1-thread-4] INFO net.thucydides.core.reports.json.JSONTestOutcomeReporter - Generating JSON report for VIR-240.05 Verify that the customer can phone via phone/skype when they click on the phone number from mobile device to file /Users/rodionsavchuk/hybrisAutomation/virco-automatedtests/target/site/serenity/0acf8d5b428f155bb5cd03ead2beee85cb116b173f667ca0d7eddf263c734900.json (using temp file /Users/rodionsavchuk/hybrisAutomation/virco-automatedtests/target/site/serenity/0acf8d5b428f155bb5cd03ead2beee85cb116b173f667ca0d7eddf263c734900.jsonb290f53a-69a4-40bf-bb04-7043efbf65f9)
[pool-1-thread-3] INFO net.thucydides.core.reports.json.JSONTestOutcomeReporter - Generating JSON report for VIR-241.01 Verify that the bunch of customers are created in hybris after running mass setup script to file /Users/rodionsavchuk/hybrisAutomation/virco-automatedtests/target/site/serenity/463850b14992f16a3a2bf3702fcc5975eee58ce459f840ff047b04c2eaef46d1.json (using temp file /Users/rodionsavchuk/hybrisAutomation/virco-automatedtests/target/site/serenity/463850b14992f16a3a2bf3702fcc5975eee58ce459f840ff047b04c2eaef46d1.jsonc49411ff-e28c-4e9b-bf75-697bbd5b4a06)
[pool-1-thread-2] INFO net.thucydides.core.reports.json.JSONTestOutcomeReporter - Generating JSON report for VIR-241.02 Verify that the personal details are mapped appropriately to file /Users/rodionsavchuk/hybrisAutomation/virco-automatedtests/target/site/serenity/a13f41939905f13645385d57d811c8cdd84a0cbed0caf2a6b3c4f55c28d79c01.json (using temp file /Users/rodionsavchuk/hybrisAutomation/virco-automatedtests/target/site/serenity/a13f41939905f13645385d57d811c8cdd84a0cbed0caf2a6b3c4f55c28d79c01.json6ee21fa7-e9f3-438b-87da-9ce137e81ad6)
[pool-1-thread-4] INFO net.thucydides.core.reports.json.JSONTestOutcomeReporter - Generating JSON report for VIR-241.03 Verify that the data outlined in ID3 are copied into the hybris to file /Users/rodionsavchuk/hybrisAutomation/virco-automatedtests/target/site/serenity/39e10a2762693c36aeb39ffa0694d6429714a5caa78716ad3e3a6dc6f9f35100.json (using temp file /Users/rodionsavchuk/hybrisAutomation/virco-automatedtests/target/site/serenity/39e10a2762693c36aeb39ffa0694d6429714a5caa78716ad3e3a6dc6f9f35100.json83b1bf1d-27bc-4e41-b8e7-b186f073a827)
[pool-1-thread-4] INFO net.thucydides.core.reports.json.JSONTestOutcomeReporter - Generating JSON report for VIR-241.04 Verify that just set up customers can log into the system and perform appropriate activities (due to the permissions) to file /Users/rodionsavchuk/hybrisAutomation/virco-automatedtests/target/site/serenity/cad527a19b233d2a98237bc580b3e071a577ec5892a5ac544f2f50b81e1edc9a.json (using temp file /Users/rodionsavchuk/hybrisAutomation/virco-automatedtests/target/site/serenity/cad527a19b233d2a98237bc580b3e071a577ec5892a5ac544f2f50b81e1edc9a.json9caea368-c650-45b3-82cd-4513d65e8d28)
[pool-1-thread-3] INFO net.thucydides.core.reports.json.JSONTestOutcomeReporter - Generating JSON report for VIR-242.01 Verify that the following sub menu My Account menu has following options to file /Users/rodionsavchuk/hybrisAutomation/virco-automatedtests/target/site/serenity/1276140ef62c6432b71b0f37d8025035d8b303a616dfb579c0464109d19a2074.json (using temp file /Users/rodionsavchuk/hybrisAutomation/virco-automatedtests/target/site/serenity/1276140ef62c6432b71b0f37d8025035d8b303a616dfb579c0464109d19a2074.jsonc94209fb-9055-4cbc-bc86-7538dea1e930)
[pool-1-thread-2] INFO net.thucydides.core.reports.json.JSONTestOutcomeReporter - Generating JSON report for VIR-242.02 Verify that the shopper is moved to the appropriate page after clicking on the sub-menu option to file /Users/rodionsavchuk/hybrisAutomation/virco-automatedtests/target/site/serenity/28ef021d759f2a4643b61547ae2c5a1b9ce2544b0930e552ce883dc4238eb54c.json (using temp file /Users/rodionsavchuk/hybrisAutomation/virco-automatedtests/target/site/serenity/28ef021d759f2a4643b61547ae2c5a1b9ce2544b0930e552ce883dc4238eb54c.json2bb68593-eea1-44c7-bb4c-5d5dab1ead0b)
[pool-1-thread-4] INFO net.thucydides.core.reports.json.JSONTestOutcomeReporter - Generating JSON report for VIR-243.01 Verify that the order tracking number is shown at the Order History and on the Order Details pages to file /Users/rodionsavchuk/hybrisAutomation/virco-automatedtests/target/site/serenity/70b6f3d948299c508f0755eca224d394eabc6d05bab5864a70e0f1b9c6b1e644.json (using temp file /Users/rodionsavchuk/hybrisAutomation/virco-automatedtests/target/site/serenity/70b6f3d948299c508f0755eca224d394eabc6d05bab5864a70e0f1b9c6b1e644.jsondbd4f942-2eb8-4013-8f02-8d518de3289d)
[pool-1-thread-1] INFO net.thucydides.core.reports.json.JSONTestOutcomeReporter - Generating JSON report for VIR-243.02 Verify that the several order tracking number can be shown for one order to file /Users/rodionsavchuk/hybrisAutomation/virco-automatedtests/target/site/serenity/962a8661ed130dbc7b367611253983130c921d9ccf15ff013ae776fad79d5178.json (using temp file /Users/rodionsavchuk/hybrisAutomation/virco-automatedtests/target/site/serenity/962a8661ed130dbc7b367611253983130c921d9ccf15ff013ae776fad79d5178.json7249ece3-3ee1-4075-a8cb-97116aa53b9a)
[pool-1-thread-4] INFO net.thucydides.core.reports.json.JSONTestOutcomeReporter - Generating JSON report for VIR-243.04 Verify that the chief shopper can see the order tracking number for the orders created by to file /Users/rodionsavchuk/hybrisAutomation/virco-automatedtests/target/site/serenity/6679b678bf94497d010ee1d2e4e9da687ae39e591aaeb2628364a7db535048bd.json (using temp file /Users/rodionsavchuk/hybrisAutomation/virco-automatedtests/target/site/serenity/6679b678bf94497d010ee1d2e4e9da687ae39e591aaeb2628364a7db535048bd.jsonc77d1182-7bf5-4f4c-98cf-5f0526a3e7b5)
[pool-1-thread-4] INFO net.thucydides.core.reports.json.JSONTestOutcomeReporter - Generating JSON report for VIR-243.05 Verify that the admin shopper can see the order tracking number for the orders created by to file /Users/rodionsavchuk/hybrisAutomation/virco-automatedtests/target/site/serenity/62c275f127453f29fafc4c2149202cb494bb82c96be65d9c7ffdda17d402d199.json (using temp file /Users/rodionsavchuk/hybrisAutomation/virco-automatedtests/target/site/serenity/62c275f127453f29fafc4c2149202cb494bb82c96be65d9c7ffdda17d402d199.jsond93f15be-efa0-4c3d-acf6-2a5ed028f247)
[pool-1-thread-3] INFO net.thucydides.core.reports.json.JSONTestOutcomeReporter - Generating JSON report for VIR-243.03 Verify that the order delivery status is shown in new window after clicking on tracking number link to file /Users/rodionsavchuk/hybrisAutomation/virco-automatedtests/target/site/serenity/05de3555ce50877d7a68bf12b1c9ce484c460fe5f0202de33af8de7536c5347d.json (using temp file /Users/rodionsavchuk/hybrisAutomation/virco-automatedtests/target/site/serenity/05de3555ce50877d7a68bf12b1c9ce484c460fe5f0202de33af8de7536c5347d.jsonf59c2973-d4de-44c2-84ef-ef7c3032b993)
[pool-1-thread-1] INFO net.thucydides.core.reports.json.JSONTestOutcomeReporter - Generating JSON report for VIR-244.01 Verify that the shopper can see their email address within Email in My Account Menu to file /Users/rodionsavchuk/hybrisAutomation/virco-automatedtests/target/site/serenity/bf8e1443a8f088c9e57e0348c8704fc75e0549ba1f9d96c39d9d0ad3f4b04b32.json (using temp file /Users/rodionsavchuk/hybrisAutomation/virco-automatedtests/target/site/serenity/bf8e1443a8f088c9e57e0348c8704fc75e0549ba1f9d96c39d9d0ad3f4b04b32.jsonfc0ed528-e1d0-4a9c-912e-cb539f523ef0)
[pool-1-thread-4] INFO net.thucydides.core.reports.json.JSONTestOutcomeReporter - Generating JSON report for VIR-244.02 Verify that the email address is not editable to file /Users/rodionsavchuk/hybrisAutomation/virco-automatedtests/target/site/serenity/bfc781d1f39529c42f3e2e6163fe397cb7cd1efdb5aea56fac29b0f0f66e1a5e.json (using temp file /Users/rodionsavchuk/hybrisAutomation/virco-automatedtests/target/site/serenity/bfc781d1f39529c42f3e2e6163fe397cb7cd1efdb5aea56fac29b0f0f66e1a5e.jsona80fa586-aa3c-4069-a03a-5565fc212a50)
[pool-1-thread-3] INFO net.thucydides.core.reports.json.JSONTestOutcomeReporter - Generating JSON report for VIR-226.01 Verify that the dropdown list with contracts is shown in the header to file /Users/rodionsavchuk/hybrisAutomation/virco-automatedtests/target/site/serenity/1a7109a2e435410aec76a6616813b89a7a128938fc747b573a8bea77b5dc2e74.json (using temp file /Users/rodionsavchuk/hybrisAutomation/virco-automatedtests/target/site/serenity/1a7109a2e435410aec76a6616813b89a7a128938fc747b573a8bea77b5dc2e74.jsonf02afd02-3563-476f-8473-f6cee1c456cb)
[pool-1-thread-2] INFO net.thucydides.core.reports.json.JSONTestOutcomeReporter - Generating JSON report for VIR-226.02 Verify that the default contract is selected automatically if no other contract is selected to file /Users/rodionsavchuk/hybrisAutomation/virco-automatedtests/target/site/serenity/a1cdc501ba181282011afc75c778ae005a66a25ac465bd9f54fb47cebe8da2b6.json (using temp file /Users/rodionsavchuk/hybrisAutomation/virco-automatedtests/target/site/serenity/a1cdc501ba181282011afc75c778ae005a66a25ac465bd9f54fb47cebe8da2b6.json71f706f5-f5d2-43ec-8ac7-60d1108448ca)
[pool-1-thread-4] INFO net.thucydides.core.reports.json.JSONTestOutcomeReporter - Generating JSON report for VIR-226.03 Verify that each customer has their own default contract to file /Users/rodionsavchuk/hybrisAutomation/virco-automatedtests/target/site/serenity/1100df39b069668be73bd3fa061625067d18d2c8d7eb03db90d26ed720e1bad6.json (using temp file /Users/rodionsavchuk/hybrisAutomation/virco-automatedtests/target/site/serenity/1100df39b069668be73bd3fa061625067d18d2c8d7eb03db90d26ed720e1bad6.jsonb0b2f2a7-6b67-4678-8dc4-609e4a549c7c)
[pool-1-thread-1] INFO net.thucydides.core.reports.json.JSONTestOutcomeReporter - Generating JSON report for VIR-226.04 Verify that the assigned to the shopper contracts (defined at the Ship To level) are shown in the list to file /Users/rodionsavchuk/hybrisAutomation/virco-automatedtests/target/site/serenity/736a6f27c422f3f6d8305a0f397a2adb789d1ed4974f92482a9f738f0fdbbfec.json (using temp file /Users/rodionsavchuk/hybrisAutomation/virco-automatedtests/target/site/serenity/736a6f27c422f3f6d8305a0f397a2adb789d1ed4974f92482a9f738f0fdbbfec.jsonfc5f43e6-9aaf-4d0d-bb24-d8f29a5e4777)
[pool-1-thread-3] INFO net.thucydides.core.reports.json.JSONTestOutcomeReporter - Generating JSON report for VIR-226.05 Verify that shopper can change the contract as many times, as they want to file /Users/rodionsavchuk/hybrisAutomation/virco-automatedtests/target/site/serenity/d72154fb388d26ac97bf25cdf1619f4513466127fb36eb261ec18074f0a654cd.json (using temp file /Users/rodionsavchuk/hybrisAutomation/virco-automatedtests/target/site/serenity/d72154fb388d26ac97bf25cdf1619f4513466127fb36eb261ec18074f0a654cd.json9053ec6a-4722-4403-9e54-17dd6f3a5ff4)
[pool-1-thread-4] INFO net.thucydides.core.reports.json.JSONTestOutcomeReporter - Generating JSON report for VIR-226.06 Verify that if the shopper changed the contract, the prices and product list are updated accordingly to the selected contract to file /Users/rodionsavchuk/hybrisAutomation/virco-automatedtests/target/site/serenity/cb991777f2dcd6cec892aca2a17766a44ff88538bd62762eb06275f337f59188.json (using temp file /Users/rodionsavchuk/hybrisAutomation/virco-automatedtests/target/site/serenity/cb991777f2dcd6cec892aca2a17766a44ff88538bd62762eb06275f337f59188.json8081763f-d71d-475b-bf82-c759b6605c52)
[pool-1-thread-1] INFO net.thucydides.core.reports.json.JSONTestOutcomeReporter - Generating JSON report for VIR-226.07 Verify that if the contract is changed in customer master, it is changed to the customer without any notification to file /Users/rodionsavchuk/hybrisAutomation/virco-automatedtests/target/site/serenity/97d516a9dd97a3564503058531e457f4fe37c4fa911c4e0a2cd67d9e4f26df95.json (using temp file /Users/rodionsavchuk/hybrisAutomation/virco-automatedtests/target/site/serenity/97d516a9dd97a3564503058531e457f4fe37c4fa911c4e0a2cd67d9e4f26df95.jsonfc11cd6c-ece9-46b6-ba4b-1b51247663cf)
[pool-1-thread-1] INFO net.thucydides.core.reports.json.JSONTestOutcomeReporter - Generating JSON report for VIR-226.01A Verify that the script switch the contract A to the contract B automatically for bunch of selected customers to file /Users/rodionsavchuk/hybrisAutomation/virco-automatedtests/target/site/serenity/40b3604109cc54897930215a5dff112d2f2a0f9a3f3a7c2ebf97db43a508944d.json (using temp file /Users/rodionsavchuk/hybrisAutomation/virco-automatedtests/target/site/serenity/40b3604109cc54897930215a5dff112d2f2a0f9a3f3a7c2ebf97db43a508944d.json85ea86f9-fbc2-4cb5-a584-dc3b86c7454c)
[pool-1-thread-2] INFO net.thucydides.core.reports.json.JSONTestOutcomeReporter - Generating JSON report for VIR-226.08 Verify that the prices shows n/a, if the contract expired and the new one is not selected by shopper to file /Users/rodionsavchuk/hybrisAutomation/virco-automatedtests/target/site/serenity/90eacd21eb1e7e24d79a439ece9e6416daa13b514c337bcef555c498996ee27a.json (using temp file /Users/rodionsavchuk/hybrisAutomation/virco-automatedtests/target/site/serenity/90eacd21eb1e7e24d79a439ece9e6416daa13b514c337bcef555c498996ee27a.json9aff8d4a-f789-4948-949c-74f2641953ae)
[pool-1-thread-1] INFO net.thucydides.core.reports.json.JSONTestOutcomeReporter - Generating JSON report for VIR-246.01 Verify that the shopper can see the saved carts within My Account to file /Users/rodionsavchuk/hybrisAutomation/virco-automatedtests/target/site/serenity/8f924b8e28c6b842e118d033edbc4760c495b83f62c62df3597462885f301c84.json (using temp file /Users/rodionsavchuk/hybrisAutomation/virco-automatedtests/target/site/serenity/8f924b8e28c6b842e118d033edbc4760c495b83f62c62df3597462885f301c84.json2608d755-d989-4e9c-a84a-d35260f9c7c9)
[pool-1-thread-1] INFO net.thucydides.core.reports.json.JSONTestOutcomeReporter - Generating JSON report for VIR-246.02 Remove all from saved carts to file /Users/rodionsavchuk/hybrisAutomation/virco-automatedtests/target/site/serenity/57ad878c80f86f37b436866d9406bfc876bcc2a4fe8f331b75642b3504e58b7f.json (using temp file /Users/rodionsavchuk/hybrisAutomation/virco-automatedtests/target/site/serenity/57ad878c80f86f37b436866d9406bfc876bcc2a4fe8f331b75642b3504e58b7f.json0d484e81-7043-4a17-bb97-1e9ca563b4c8)
[pool-1-thread-3] INFO net.thucydides.core.reports.html.HtmlAcceptanceTestReporter - GENERATING HTML REPORT FOR ACT-10 - Order History Date Range:VIR-235.02 Verify that the newest order is shown first in the list in 8840d0acce101c4828203142f8d64f0725d2637a38c8eebef56a7d6a8b899749.html in directory target/site/serenity  
[pool-1-thread-1] INFO net.thucydides.core.reports.html.HtmlAcceptanceTestReporter - GENERATING HTML REPORT FOR ACT-10 - Order History Date Range:VIR-235.04 Verify that the current year view of orders is set by default in 611fe17d9cda8a2f0360fd4a5e0044434a5a44282d734d3f572d018496b6a768.html in directory target/site/serenity  
[pool-1-thread-2] INFO net.thucydides.core.reports.html.HtmlAcceptanceTestReporter - GENERATING HTML REPORT FOR ACT-10 - Order History Date Range:VIR-235.03 Verify that the orders can be filtered by in 29922dd92355b657a29ca8ceee8ece530ee19fab8572208c0d42c3104ff16960.html in directory target/site/serenity  
[pool-1-thread-1] INFO net.thucydides.core.reports.html.HtmlAcceptanceTestReporter - GENERATING HTML REPORT FOR ACT-10 - Order History Date Range:VIR-235.05 Verify that the orders can be sorted by in b3c85d502fdd11d32f7b2c0e62dbb38be0c6f9c593e4d4ccd95adcc5fe60b304.html in directory target/site/serenity  
[pool-1-thread-1] INFO net.thucydides.core.reports.html.HtmlAcceptanceTestReporter - GENERATING HTML REPORT FOR ACT-10 - Order History Date Range:VIR-235.06 Verify that the orders can be grouped by PO# (alpha-numeric) in 69529ca40520069837eb10aa62eb1ab7518abd062932198aaa75ce49a153bdf4.html in directory target/site/serenity  
[pool-1-thread-1] INFO net.thucydides.core.reports.html.HtmlAcceptanceTestReporter - GENERATING HTML REPORT FOR ACT-11 - View Orders - Shopper ECC:VIR-236.01 Verify that the shopper can see the created by him ECC orders withing Orders History in 6e0b05141f32d41efa52a2f8708a010ef30be5406c962e50aa108e52f637ff4f.html in directory target/site/serenity  
[pool-1-thread-2] INFO net.thucydides.core.reports.html.HtmlAcceptanceTestReporter - GENERATING HTML REPORT FOR ACT-11 - View Orders - Shopper ECC:VIR-236.02 Verify that the shopper is able to see the ECC orders details in 06a785ccbf37298662c0a3d0b35aa8a04f4eb296e14af96a2032ecacd8155265.html in directory target/site/serenity  
[pool-1-thread-3] INFO net.thucydides.core.reports.html.HtmlAcceptanceTestReporter - GENERATING HTML REPORT FOR ACT-11 - View Orders - Shopper ECC:VIR-236.03 Verify that shopper is not able to reorder the ECC orders in adad10cc0c0c283641a22aee227822d43a6b04d28868ac5b5b9f65428e2198f1.html in directory target/site/serenity  
[pool-1-thread-4] INFO net.thucydides.core.reports.html.HtmlAcceptanceTestReporter - GENERATING HTML REPORT FOR ACT-10 - Order History Date Range:VIR-235.01 Verify that the shopper can view the order history within My Account in 273677580b5ade55ccb470a2e988196811df982925cdbb1ace31e0a5efaabec1.html in directory target/site/serenity  
[pool-1-thread-1] INFO net.thucydides.core.reports.html.HtmlAcceptanceTestReporter - GENERATING HTML REPORT FOR ACT-12 - View Orders - Admin:VIR-237.01 Verify that the chief shopper is able to view the orders created by others within their organization in 37ec79a1d6a9cc6a2aec4574466f6dcb64dfed35c002fda7b3134b876ab9d490.html in directory target/site/serenity  
[pool-1-thread-3] INFO net.thucydides.core.reports.html.HtmlAcceptanceTestReporter - GENERATING HTML REPORT FOR ACT-12 - View Orders - Admin:VIR-237.02 Verify that all orders are shown at the same page in 04c1b88fcf25fa2f1ca595220bf539bd3345daf07b3f5fd975b7cfa258aa1a72.html in directory target/site/serenity  
[pool-1-thread-1] INFO net.thucydides.core.reports.html.HtmlAcceptanceTestReporter - GENERATING HTML REPORT FOR ACT-13 - Purchase History:VIR-238.02 Verify that the admin shoppers can view orders placed by admin and stuff shoppers within organization in 049e5266696367738227685efc996b610d41e4a9ff2b91176988ad3e5d046577.html in directory target/site/serenity  
[pool-1-thread-2] INFO net.thucydides.core.reports.html.HtmlAcceptanceTestReporter - GENERATING HTML REPORT FOR ACT-13 - Purchase History:VIR-238.01 Verify that the stuff shopper can view orders created by him/her in da20584ac40b990dc291e9ae9cb2facdd86f681d176e5cbf03c9dc84024b2dea.html in directory target/site/serenity  
[pool-1-thread-4] INFO net.thucydides.core.reports.html.HtmlAcceptanceTestReporter - GENERATING HTML REPORT FOR ACT-14 - Reorder:VIR-239.01 Verify that the shopper can see the Reorder button near each order in the list of orders history in bc5c957c59b8dd4780a20bc8c811eb7cd90739e0aa75b27ef4276f5d16b25e8a.html in directory target/site/serenity  
[pool-1-thread-2] INFO net.thucydides.core.reports.html.HtmlAcceptanceTestReporter - GENERATING HTML REPORT FOR ACT-14 - Reorder:VIR-239.02 Verify that the Reorder button is present at the order details page in 7f2baa53bf21c1609ec69298572380037821566fedb28a9f798f27a38a595463.html in directory target/site/serenity  
[pool-1-thread-1] INFO net.thucydides.core.reports.html.HtmlAcceptanceTestReporter - GENERATING HTML REPORT FOR ACT-14 - Reorder:VIR-239.03 Verify that the Reorder button is present only near the orders created by shopper in db5d2cc2cdb477151d79acc5ba80f9970445ac1f4a40c15aea05ceaf9d72ab4c.html in directory target/site/serenity  
[pool-1-thread-3] INFO net.thucydides.core.reports.html.HtmlAcceptanceTestReporter - GENERATING HTML REPORT FOR ACT-14 - Reorder:VIR-239.04 Verify that the new order with the same order details is created after reordering in 86d284f6d52dd7b06703c0e65ed979dc08ab5e91925669335c8db93a482789bd.html in directory target/site/serenity  
[pool-1-thread-2] INFO net.thucydides.core.reports.html.HtmlAcceptanceTestReporter - GENERATING HTML REPORT FOR ACT-14 - Reorder:VIR-239.05 Verify that the Admin can reorder the orders created by him and stuff shoppers in bd0258604ad0a60526916081e6985c7c5319337a9181a074ad5638ad9d781d0d.html in directory target/site/serenity  
[pool-1-thread-1] INFO net.thucydides.core.reports.html.HtmlAcceptanceTestReporter - GENERATING HTML REPORT FOR ACT-14 - Reorder:VIR-239.06 Verify that the Chief can reorder the orders created by him, admin and stuff shoppers in ce484b4c5f4b477729fe56f6574c4b704d459afba8238101689edf60627995fe.html in directory target/site/serenity  
[pool-1-thread-3] INFO net.thucydides.core.reports.html.HtmlAcceptanceTestReporter - GENERATING HTML REPORT FOR ACT-15 - Customer Management:VIR-240.01 Verify that the following message is shown to the customer if they entered wrong login data at first and second times in 5c983153fe2ebb177f0d9e8b132ca59a6e0ee0ae8654058c47ae107dbb7196e9.html in directory target/site/serenity  
[pool-1-thread-2] INFO net.thucydides.core.reports.html.HtmlAcceptanceTestReporter - GENERATING HTML REPORT FOR ACT-15 - Customer Management:VIR-240.02 Verify that the error message is shown to the customer if they entered wrong login data three and more times in feea09e30f98fa20f26d9fa541c867e47262726ef2edae67658e6fe1f69f795b.html in directory target/site/serenity  
[pool-1-thread-4] INFO net.thucydides.core.reports.html.HtmlAcceptanceTestReporter - GENERATING HTML REPORT FOR ACT-14 - Reorder:VIR-239.07 Verify that the Stuff shopper can reorder the orders created by him\her only in b8018260c31d901f3d8d776ff65116bc168b781e95b8a9f89641bcafaaa081f8.html in directory target/site/serenity  
[pool-1-thread-1] INFO net.thucydides.core.reports.html.HtmlAcceptanceTestReporter - GENERATING HTML REPORT FOR ACT-15 - Customer Management:VIR-240.03 Verify that the account is locked automatically after 3 incorrect login attempts in 98702c761630d5e96c1885fc6b7d9edc2d3d9276a61dcb964fb55a77180ac4c4.html in directory target/site/serenity  
[pool-1-thread-2] INFO net.thucydides.core.reports.html.HtmlAcceptanceTestReporter - GENERATING HTML REPORT FOR ACT-15 - Customer Management:VIR-240.05 Verify that the customer can phone via phone/skype when they click on the phone number from mobile device in 0acf8d5b428f155bb5cd03ead2beee85cb116b173f667ca0d7eddf263c734900.html in directory target/site/serenity  
[pool-1-thread-4] INFO net.thucydides.core.reports.html.HtmlAcceptanceTestReporter - GENERATING HTML REPORT FOR ACT-16 - CSR Mass Set Up:VIR-241.01 Verify that the bunch of customers are created in hybris after running mass setup script in 463850b14992f16a3a2bf3702fcc5975eee58ce459f840ff047b04c2eaef46d1.html in directory target/site/serenity  
[pool-1-thread-3] INFO net.thucydides.core.reports.html.HtmlAcceptanceTestReporter - GENERATING HTML REPORT FOR ACT-15 - Customer Management:VIR-240.04 Verify that the customer can phone via Skype when they click on the phone number from desktop browser in 022ceba0bee1a7e3be70af6fce73e28abbfa02e327dc996b425b971073e81949.html in directory target/site/serenity  
[pool-1-thread-2] INFO net.thucydides.core.reports.html.HtmlAcceptanceTestReporter - GENERATING HTML REPORT FOR ACT-16 - CSR Mass Set Up:VIR-241.02 Verify that the personal details are mapped appropriately in a13f41939905f13645385d57d811c8cdd84a0cbed0caf2a6b3c4f55c28d79c01.html in directory target/site/serenity  
[pool-1-thread-4] INFO net.thucydides.core.reports.html.HtmlAcceptanceTestReporter - GENERATING HTML REPORT FOR ACT-16 - CSR Mass Set Up:VIR-241.03 Verify that the data outlined in ID3 are copied into the hybris in 39e10a2762693c36aeb39ffa0694d6429714a5caa78716ad3e3a6dc6f9f35100.html in directory target/site/serenity  
[pool-1-thread-2] INFO net.thucydides.core.reports.html.HtmlAcceptanceTestReporter - GENERATING HTML REPORT FOR ACT-16 - CSR Mass Set Up:VIR-241.04 Verify that just set up customers can log into the system and perform appropriate activities (due to the permissions) in cad527a19b233d2a98237bc580b3e071a577ec5892a5ac544f2f50b81e1edc9a.html in directory target/site/serenity  
[pool-1-thread-3] INFO net.thucydides.core.reports.html.HtmlAcceptanceTestReporter - GENERATING HTML REPORT FOR ACT-17 - My Account View Options:VIR-242.01 Verify that the following sub menu My Account menu has following options in 1276140ef62c6432b71b0f37d8025035d8b303a616dfb579c0464109d19a2074.html in directory target/site/serenity  
[pool-1-thread-4] INFO net.thucydides.core.reports.html.HtmlAcceptanceTestReporter - GENERATING HTML REPORT FOR ACT-17 - My Account View Options:VIR-242.02 Verify that the shopper is moved to the appropriate page after clicking on the sub-menu option in 28ef021d759f2a4643b61547ae2c5a1b9ce2544b0930e552ce883dc4238eb54c.html in directory target/site/serenity  
[pool-1-thread-3] INFO net.thucydides.core.reports.html.HtmlAcceptanceTestReporter - GENERATING HTML REPORT FOR ACT-18 - Tracking Information:VIR-243.02 Verify that the several order tracking number can be shown for one order in 962a8661ed130dbc7b367611253983130c921d9ccf15ff013ae776fad79d5178.html in directory target/site/serenity  
[pool-1-thread-2] INFO net.thucydides.core.reports.html.HtmlAcceptanceTestReporter - GENERATING HTML REPORT FOR ACT-18 - Tracking Information:VIR-243.01 Verify that the order tracking number is shown at the Order History and on the Order Details pages in 70b6f3d948299c508f0755eca224d394eabc6d05bab5864a70e0f1b9c6b1e644.html in directory target/site/serenity  
[pool-1-thread-3] INFO net.thucydides.core.reports.html.HtmlAcceptanceTestReporter - GENERATING HTML REPORT FOR ACT-18 - Tracking Information:VIR-243.03 Verify that the order delivery status is shown in new window after clicking on tracking number link in 05de3555ce50877d7a68bf12b1c9ce484c460fe5f0202de33af8de7536c5347d.html in directory target/site/serenity  
[pool-1-thread-2] INFO net.thucydides.core.reports.html.HtmlAcceptanceTestReporter - GENERATING HTML REPORT FOR ACT-18 - Tracking Information:VIR-243.04 Verify that the chief shopper can see the order tracking number for the orders created by in 6679b678bf94497d010ee1d2e4e9da687ae39e591aaeb2628364a7db535048bd.html in directory target/site/serenity  
[pool-1-thread-2] INFO net.thucydides.core.reports.html.HtmlAcceptanceTestReporter - GENERATING HTML REPORT FOR ACT-19 - Static Email Address:VIR-244.01 Verify that the shopper can see their email address within Email in My Account Menu in bf8e1443a8f088c9e57e0348c8704fc75e0549ba1f9d96c39d9d0ad3f4b04b32.html in directory target/site/serenity  
[pool-1-thread-2] INFO net.thucydides.core.reports.html.HtmlAcceptanceTestReporter - GENERATING HTML REPORT FOR ACT-1 - Default Contract:VIR-226.01 Verify that the dropdown list with contracts is shown in the header in 1a7109a2e435410aec76a6616813b89a7a128938fc747b573a8bea77b5dc2e74.html in directory target/site/serenity  
[pool-1-thread-1] INFO net.thucydides.core.reports.html.HtmlAcceptanceTestReporter - GENERATING HTML REPORT FOR ACT-1 - Default Contract:VIR-226.02 Verify that the default contract is selected automatically if no other contract is selected in a1cdc501ba181282011afc75c778ae005a66a25ac465bd9f54fb47cebe8da2b6.html in directory target/site/serenity  
[pool-1-thread-4] INFO net.thucydides.core.reports.html.HtmlAcceptanceTestReporter - GENERATING HTML REPORT FOR ACT-19 - Static Email Address:VIR-244.02 Verify that the email address is not editable in bfc781d1f39529c42f3e2e6163fe397cb7cd1efdb5aea56fac29b0f0f66e1a5e.html in directory target/site/serenity  
[pool-1-thread-3] INFO net.thucydides.core.reports.html.HtmlAcceptanceTestReporter - GENERATING HTML REPORT FOR ACT-18 - Tracking Information:VIR-243.05 Verify that the admin shopper can see the order tracking number for the orders created by in 62c275f127453f29fafc4c2149202cb494bb82c96be65d9c7ffdda17d402d199.html in directory target/site/serenity  
[pool-1-thread-1] INFO net.thucydides.core.reports.html.HtmlAcceptanceTestReporter - GENERATING HTML REPORT FOR ACT-1 - Default Contract:VIR-226.03 Verify that each customer has their own default contract in 1100df39b069668be73bd3fa061625067d18d2c8d7eb03db90d26ed720e1bad6.html in directory target/site/serenity  
[pool-1-thread-4] INFO net.thucydides.core.reports.html.HtmlAcceptanceTestReporter - GENERATING HTML REPORT FOR ACT-1 - Default Contract:VIR-226.05 Verify that shopper can change the contract as many times, as they want in d72154fb388d26ac97bf25cdf1619f4513466127fb36eb261ec18074f0a654cd.html in directory target/site/serenity  
[pool-1-thread-1] INFO net.thucydides.core.reports.html.HtmlAcceptanceTestReporter - GENERATING HTML REPORT FOR ACT-1 - Default Contract:VIR-226.06 Verify that if the shopper changed the contract, the prices and product list are updated accordingly to the selected contract in cb991777f2dcd6cec892aca2a17766a44ff88538bd62762eb06275f337f59188.html in directory target/site/serenity  
[pool-1-thread-4] INFO net.thucydides.core.reports.html.HtmlAcceptanceTestReporter - GENERATING HTML REPORT FOR ACT-1 - Default Contract:VIR-226.07 Verify that if the contract is changed in customer master, it is changed to the customer without any notification in 97d516a9dd97a3564503058531e457f4fe37c4fa911c4e0a2cd67d9e4f26df95.html in directory target/site/serenity  
[pool-1-thread-4] INFO net.thucydides.core.reports.html.HtmlAcceptanceTestReporter - GENERATING HTML REPORT FOR ACT-1 - Default Contract:VIR-226.08 Verify that the prices shows n/a, if the contract expired and the new one is not selected by shopper in 90eacd21eb1e7e24d79a439ece9e6416daa13b514c337bcef555c498996ee27a.html in directory target/site/serenity  
[pool-1-thread-1] INFO net.thucydides.core.reports.html.HtmlAcceptanceTestReporter - GENERATING HTML REPORT FOR ACT-1 - Default Contract:VIR-226.01A Verify that the script switch the contract A to the contract B automatically for bunch of selected customers in 40b3604109cc54897930215a5dff112d2f2a0f9a3f3a7c2ebf97db43a508944d.html in directory target/site/serenity  
[pool-1-thread-3] INFO net.thucydides.core.reports.html.HtmlAcceptanceTestReporter - GENERATING HTML REPORT FOR ACT-1 - Default Contract:VIR-226.04 Verify that the assigned to the shopper contracts (defined at the Ship To level) are shown in the list in 736a6f27c422f3f6d8305a0f397a2adb789d1ed4974f92482a9f738f0fdbbfec.html in directory target/site/serenity  
[pool-1-thread-4] INFO net.thucydides.core.reports.html.HtmlAcceptanceTestReporter - GENERATING HTML REPORT FOR ACT-21 - View Saved Carts:VIR-246.01 Verify that the shopper can see the saved carts within My Account in 8f924b8e28c6b842e118d033edbc4760c495b83f62c62df3597462885f301c84.html in directory target/site/serenity  
[pool-1-thread-1] INFO net.thucydides.core.reports.html.HtmlAcceptanceTestReporter - GENERATING HTML REPORT FOR ACT-21 - View Saved Carts:VIR-246.02 Remove all from saved carts in 57ad878c80f86f37b436866d9406bfc876bcc2a4fe8f331b75642b3504e58b7f.html in directory target/site/serenity  
[main] INFO net.serenitybdd.core.Serenity - 
 _____ _____ ____ _____   ____ _____  _    ____ _____ _____ ____  
|_   _| ____/ ___|_   _| / ___|_   _|/ \  |  _ \_   _| ____|  _ \ 
  | | |  _| \___ \ | |   \___ \ | | / _ \ | |_) || | |  _| | | | |
  | | | |___ ___) || |    ___) || |/ ___ \|  _ < | | | |___| |_| |
  |_| |_____|____/ |_|   |____/ |_/_/   \_\_| \_\|_| |_____|____/ 
                                                                  

TEST STARTED: VIR-246.03 Verify that the saved cart is shown on the saved carts page
-------------------------------------------------------------------(act-21---view-saved-carts;vir-246.03-verify-that-the-saved-cart-is-shown-on-the-saved-carts-page)
[main] INFO net.serenitybdd.core.Serenity - STARTING STEP Given open the site and login
[main] INFO net.serenitybdd.core.Serenity - STARTING STEP Open the site
[main] INFO net.serenitybdd.core.Serenity - STEP ERROR: net.serenitybdd.core.exceptions.SerenityManagedException: Could not initialize class com.virco.locators.SiteData
]]></system-err>
  </testcase>
  <testcase name="Scenario: VIR-246.03 Verify that the saved cart is shown on the saved carts page" classname="Scenario: VIR-246.03 Verify that the saved cart is shown on the saved carts page" time="0.007">
    <error message="Could not initialize class com.virco.locators.SiteData" type="net.serenitybdd.core.exceptions.SerenityManagedException"><![CDATA[net.serenitybdd.core.exceptions.SerenityManagedException: Could not initialize class com.virco.locators.SiteData
	at com.virco.steps.serenity.CommonUserSteps.openTheSite(CommonUserSteps.java:19)
	at com.virco.steps.serenity.CommonUserSteps$$EnhancerByCGLIB$$d8541bfa.CGLIB$openTheSite$6(<generated>)
	at com.virco.steps.serenity.CommonUserSteps$$EnhancerByCGLIB$$d8541bfa$$FastClassByCGLIB$$ea8e0f86.invoke(<generated>)
	at net.sf.cglib.proxy.MethodProxy.invokeSuper(MethodProxy.java:228)
	at net.thucydides.core.steps.StepInterceptor.invokeMethod(StepInterceptor.java:372)
	at net.thucydides.core.steps.StepInterceptor.executeTestStepMethod(StepInterceptor.java:357)
	at net.thucydides.core.steps.StepInterceptor.runTestStep(StepInterceptor.java:332)
	at net.thucydides.core.steps.StepInterceptor.testStepResult(StepInterceptor.java:134)
	at net.thucydides.core.steps.StepInterceptor.intercept(StepInterceptor.java:61)
	at com.virco.steps.serenity.CommonUserSteps$$EnhancerByCGLIB$$d8541bfa.openTheSite(<generated>)
	at com.virco.steps.CommonDefinitionSteps.openTheSiteAndLogin(CommonDefinitionSteps.java:72)
	at sun.reflect.NativeMethodAccessorImpl.invoke0(Native Method)
	at sun.reflect.NativeMethodAccessorImpl.invoke(NativeMethodAccessorImpl.java:62)
	at sun.reflect.DelegatingMethodAccessorImpl.invoke(DelegatingMethodAccessorImpl.java:43)
	at java.lang.reflect.Method.invoke(Method.java:498)
	at cucumber.runtime.Utils$1.call(Utils.java:40)
	at cucumber.runtime.Timeout.timeout(Timeout.java:16)
	at cucumber.runtime.Utils.invoke(Utils.java:34)
	at cucumber.runtime.java.JavaStepDefinition.execute(JavaStepDefinition.java:38)
	at cucumber.runtime.StepDefinitionMatch.runStep(StepDefinitionMatch.java:37)
	at cucumber.runtime.Runtime.runStep(Runtime.java:300)
	at cucumber.runtime.model.StepContainer.runStep(StepContainer.java:44)
	at cucumber.runtime.model.StepContainer.runSteps(StepContainer.java:39)
	at cucumber.runtime.model.CucumberScenario.run(CucumberScenario.java:44)
	at cucumber.runtime.junit.ExecutionUnitRunner.run(ExecutionUnitRunner.java:102)
	at cucumber.runtime.junit.FeatureRunner.runChild(FeatureRunner.java:63)
	at cucumber.runtime.junit.FeatureRunner.runChild(FeatureRunner.java:18)
	at org.junit.runners.ParentRunner$3.run(ParentRunner.java:290)
	at org.junit.runners.ParentRunner$1.schedule(ParentRunner.java:71)
	at org.junit.runners.ParentRunner.runChildren(ParentRunner.java:288)
	at org.junit.runners.ParentRunner.access$000(ParentRunner.java:58)
	at org.junit.runners.ParentRunner$2.evaluate(ParentRunner.java:268)
	at org.junit.runners.ParentRunner.run(ParentRunner.java:363)
	at cucumber.runtime.junit.FeatureRunner.run(FeatureRunner.java:70)
	at cucumber.api.junit.Cucumber.runChild(Cucumber.java:95)
	at cucumber.api.junit.Cucumber.runChild(Cucumber.java:38)
	at org.junit.runners.ParentRunner$3.run(ParentRunner.java:290)
	at org.junit.runners.ParentRunner$1.schedule(ParentRunner.java:71)
	at org.junit.runners.ParentRunner.runChildren(ParentRunner.java:288)
	at org.junit.runners.ParentRunner.access$000(ParentRunner.java:58)
	at org.junit.runners.ParentRunner$2.evaluate(ParentRunner.java:268)
	at org.junit.runners.ParentRunner.run(ParentRunner.java:363)
	at cucumber.api.junit.Cucumber.run(Cucumber.java:100)
	at org.apache.maven.surefire.junit4.JUnit4Provider.execute(JUnit4Provider.java:283)
	at org.apache.maven.surefire.junit4.JUnit4Provider.executeWithRerun(JUnit4Provider.java:173)
	at org.apache.maven.surefire.junit4.JUnit4Provider.executeTestSet(JUnit4Provider.java:153)
	at org.apache.maven.surefire.junit4.JUnit4Provider.invoke(JUnit4Provider.java:128)
	at org.apache.maven.surefire.booter.ForkedBooter.invokeProviderInSameClassLoader(ForkedBooter.java:203)
	at org.apache.maven.surefire.booter.ForkedBooter.runSuitesInProcess(ForkedBooter.java:155)
	at org.apache.maven.surefire.booter.ForkedBooter.main(ForkedBooter.java:103)
]]></error>
  </testcase>
  <testcase name="When open category with pagination" classname="Scenario: VIR-246.03 Verify that the saved cart is shown on the saved carts page" time="0">
    <skipped/>
    <system-err><![CDATA[[main] INFO net.serenitybdd.core.Serenity - STEP ERROR: java.lang.NoClassDefFoundError: Could not initialize class com.virco.locators.SiteData
[main] INFO net.serenitybdd.core.Serenity - STARTING STEP When open category with pagination
]]></system-err>
  </testcase>
  <testcase name="When click on &quot;1&quot; product image in list" classname="Scenario: VIR-246.03 Verify that the saved cart is shown on the saved carts page" time="0">
    <skipped/>
    <system-err><![CDATA[[main] INFO net.serenitybdd.core.Serenity - IGNORING STEP
[main] INFO net.serenitybdd.core.Serenity - STARTING STEP When click on "1" product image in list
]]></system-err>
  </testcase>
  <testcase name="When click on &quot;Add to cart&quot; button" classname="Scenario: VIR-246.03 Verify that the saved cart is shown on the saved carts page" time="0">
    <skipped/>
    <system-err><![CDATA[[main] INFO net.serenitybdd.core.Serenity - IGNORING STEP
[main] INFO net.serenitybdd.core.Serenity - STARTING STEP When click on "Add to cart" button
]]></system-err>
  </testcase>
  <testcase name="When click on &quot;Checkout&quot; button" classname="Scenario: VIR-246.03 Verify that the saved cart is shown on the saved carts page" time="0">
    <skipped/>
    <system-err><![CDATA[[main] INFO net.serenitybdd.core.Serenity - IGNORING STEP
[main] INFO net.serenitybdd.core.Serenity - STARTING STEP When click on "Checkout" button
]]></system-err>
  </testcase>
  <testcase name="When remember products information on checkout page" classname="Scenario: VIR-246.03 Verify that the saved cart is shown on the saved carts page" time="0">
    <skipped/>
    <system-err><![CDATA[[main] INFO net.serenitybdd.core.Serenity - IGNORING STEP
[main] INFO net.serenitybdd.core.Serenity - STARTING STEP When remember products information on checkout page
]]></system-err>
  </testcase>
  <testcase name="When click on &quot;New Cart&quot; button" classname="Scenario: VIR-246.03 Verify that the saved cart is shown on the saved carts page" time="0">
    <skipped/>
    <system-err><![CDATA[[main] INFO net.serenitybdd.core.Serenity - IGNORING STEP
[main] INFO net.serenitybdd.core.Serenity - STARTING STEP When click on "New Cart" button
]]></system-err>
  </testcase>
  <testcase name="When enter &quot;TestSaved&quot; in the &quot;Name&quot; field" classname="Scenario: VIR-246.03 Verify that the saved cart is shown on the saved carts page" time="0">
    <skipped/>
    <system-err><![CDATA[[main] INFO net.serenitybdd.core.Serenity - IGNORING STEP
[main] INFO net.serenitybdd.core.Serenity - STARTING STEP When enter "TestSaved" in the "Name" field
]]></system-err>
  </testcase>
  <testcase name="When enter &quot;TestDescription&quot; in the &quot;Description&quot; textarea" classname="Scenario: VIR-246.03 Verify that the saved cart is shown on the saved carts page" time="0">
    <skipped/>
    <system-err><![CDATA[[main] INFO net.serenitybdd.core.Serenity - IGNORING STEP
[main] INFO net.serenitybdd.core.Serenity - STARTING STEP When enter "TestDescription" in the "Description" textarea
]]></system-err>
  </testcase>
  <testcase name="When click on &quot;Save&quot; modal button" classname="Scenario: VIR-246.03 Verify that the saved cart is shown on the saved carts page" time="0">
    <skipped/>
    <system-err><![CDATA[[main] INFO net.serenitybdd.core.Serenity - IGNORING STEP
[main] INFO net.serenitybdd.core.Serenity - STARTING STEP When click on "Save" modal button
]]></system-err>
  </testcase>
  <testcase name="Then alert with text &quot;Cart TestSaved was successfully saved&quot; is shown" classname="Scenario: VIR-246.03 Verify that the saved cart is shown on the saved carts page" time="0">
    <skipped/>
    <system-err><![CDATA[[main] INFO net.serenitybdd.core.Serenity - IGNORING STEP
[main] INFO net.serenitybdd.core.Serenity - STARTING STEP Then alert with text "Cart TestSaved was successfully saved" is shown
]]></system-err>
  </testcase>
  <testcase name="When click on &quot;Saved Carts (&quot; button" classname="Scenario: VIR-246.03 Verify that the saved cart is shown on the saved carts page" time="0">
    <skipped/>
    <system-err><![CDATA[[main] INFO net.serenitybdd.core.Serenity - IGNORING STEP
[main] INFO net.serenitybdd.core.Serenity - STARTING STEP When click on "Saved Carts (" button
]]></system-err>
  </testcase>
  <testcase name="Then the saved cart &quot;TestSaved&quot; with description &quot;TestDescription&quot; is shown on the page" classname="Scenario: VIR-246.03 Verify that the saved cart is shown on the saved carts page" time="0">
    <skipped/>
    <system-err><![CDATA[[main] INFO net.serenitybdd.core.Serenity - IGNORING STEP
[main] INFO net.serenitybdd.core.Serenity - STARTING STEP Then the saved cart "TestSaved" with description "TestDescription" is shown on the page
]]></system-err>
  </testcase>
  <testcase name="Given open the site and login" classname="Scenario: VIR-246.04 Verify that the products and their selected quantities are shown at the saved cart page" time="0.002">
    <error message="Could not initialize class com.virco.locators.SiteData" type="net.serenitybdd.core.exceptions.SerenityManagedException"><![CDATA[net.serenitybdd.core.exceptions.SerenityManagedException: Could not initialize class com.virco.locators.SiteData
	at com.virco.steps.serenity.CommonUserSteps.openTheSite(CommonUserSteps.java:19)
	at com.virco.steps.serenity.CommonUserSteps$$EnhancerByCGLIB$$d8541bfa.CGLIB$openTheSite$6(<generated>)
	at com.virco.steps.serenity.CommonUserSteps$$EnhancerByCGLIB$$d8541bfa$$FastClassByCGLIB$$ea8e0f86.invoke(<generated>)
	at net.sf.cglib.proxy.MethodProxy.invokeSuper(MethodProxy.java:228)
	at net.thucydides.core.steps.StepInterceptor.invokeMethod(StepInterceptor.java:372)
	at net.thucydides.core.steps.StepInterceptor.executeTestStepMethod(StepInterceptor.java:357)
	at net.thucydides.core.steps.StepInterceptor.runTestStep(StepInterceptor.java:332)
	at net.thucydides.core.steps.StepInterceptor.testStepResult(StepInterceptor.java:134)
	at net.thucydides.core.steps.StepInterceptor.intercept(StepInterceptor.java:61)
	at com.virco.steps.serenity.CommonUserSteps$$EnhancerByCGLIB$$d8541bfa.openTheSite(<generated>)
	at com.virco.steps.CommonDefinitionSteps.openTheSiteAndLogin(CommonDefinitionSteps.java:72)
	at sun.reflect.NativeMethodAccessorImpl.invoke0(Native Method)
	at sun.reflect.NativeMethodAccessorImpl.invoke(NativeMethodAccessorImpl.java:62)
	at sun.reflect.DelegatingMethodAccessorImpl.invoke(DelegatingMethodAccessorImpl.java:43)
	at java.lang.reflect.Method.invoke(Method.java:498)
	at cucumber.runtime.Utils$1.call(Utils.java:40)
	at cucumber.runtime.Timeout.timeout(Timeout.java:16)
	at cucumber.runtime.Utils.invoke(Utils.java:34)
	at cucumber.runtime.java.JavaStepDefinition.execute(JavaStepDefinition.java:38)
	at cucumber.runtime.StepDefinitionMatch.runStep(StepDefinitionMatch.java:37)
	at cucumber.runtime.Runtime.runStep(Runtime.java:300)
	at cucumber.runtime.model.StepContainer.runStep(StepContainer.java:44)
	at cucumber.runtime.model.StepContainer.runSteps(StepContainer.java:39)
	at cucumber.runtime.model.CucumberScenario.run(CucumberScenario.java:44)
	at cucumber.runtime.junit.ExecutionUnitRunner.run(ExecutionUnitRunner.java:102)
	at cucumber.runtime.junit.FeatureRunner.runChild(FeatureRunner.java:63)
	at cucumber.runtime.junit.FeatureRunner.runChild(FeatureRunner.java:18)
	at org.junit.runners.ParentRunner$3.run(ParentRunner.java:290)
	at org.junit.runners.ParentRunner$1.schedule(ParentRunner.java:71)
	at org.junit.runners.ParentRunner.runChildren(ParentRunner.java:288)
	at org.junit.runners.ParentRunner.access$000(ParentRunner.java:58)
	at org.junit.runners.ParentRunner$2.evaluate(ParentRunner.java:268)
	at org.junit.runners.ParentRunner.run(ParentRunner.java:363)
	at cucumber.runtime.junit.FeatureRunner.run(FeatureRunner.java:70)
	at cucumber.api.junit.Cucumber.runChild(Cucumber.java:95)
	at cucumber.api.junit.Cucumber.runChild(Cucumber.java:38)
	at org.junit.runners.ParentRunner$3.run(ParentRunner.java:290)
	at org.junit.runners.ParentRunner$1.schedule(ParentRunner.java:71)
	at org.junit.runners.ParentRunner.runChildren(ParentRunner.java:288)
	at org.junit.runners.ParentRunner.access$000(ParentRunner.java:58)
	at org.junit.runners.ParentRunner$2.evaluate(ParentRunner.java:268)
	at org.junit.runners.ParentRunner.run(ParentRunner.java:363)
	at cucumber.api.junit.Cucumber.run(Cucumber.java:100)
	at org.apache.maven.surefire.junit4.JUnit4Provider.execute(JUnit4Provider.java:283)
	at org.apache.maven.surefire.junit4.JUnit4Provider.executeWithRerun(JUnit4Provider.java:173)
	at org.apache.maven.surefire.junit4.JUnit4Provider.executeTestSet(JUnit4Provider.java:153)
	at org.apache.maven.surefire.junit4.JUnit4Provider.invoke(JUnit4Provider.java:128)
	at org.apache.maven.surefire.booter.ForkedBooter.invokeProviderInSameClassLoader(ForkedBooter.java:203)
	at org.apache.maven.surefire.booter.ForkedBooter.runSuitesInProcess(ForkedBooter.java:155)
	at org.apache.maven.surefire.booter.ForkedBooter.main(ForkedBooter.java:103)
]]></error>
    <system-err><![CDATA[[main] INFO net.serenitybdd.core.Serenity - IGNORING STEP
[main] ERROR net.serenitybdd.core.Serenity - 
           __  _____ _____ ____ _____   _____ _    ___ _     _____ ____  
  _       / / |_   _| ____/ ___|_   _| |  ___/ \  |_ _| |   | ____|  _ \ 
 (_)_____| |    | | |  _| \___ \ | |   | |_ / _ \  | || |   |  _| | | | |
  _|_____| |    | | | |___ ___) || |   |  _/ ___ \ | || |___| |___| |_| |
 (_)     | |    |_| |_____|____/ |_|   |_|/_/   \_\___|_____|_____|____/ 
          \_\                                                            

TEST FAILED WITH ERROR: VIR-246.03 Verify that the saved cart is shown on the saved carts page
---------------------------------------------------------------------
[main] ERROR net.serenitybdd.core.Serenity - TEST FAILED AT STEP Open the site
[main] ERROR net.serenitybdd.core.Serenity - Could not initialize class com.virco.locators.SiteData
[pool-1-thread-4] INFO net.thucydides.core.reports.json.JSONTestOutcomeReporter - Generating JSON report for VIR-235.01 Verify that the shopper can view the order history within My Account to file /Users/rodionsavchuk/hybrisAutomation/virco-automatedtests/target/site/serenity/273677580b5ade55ccb470a2e988196811df982925cdbb1ace31e0a5efaabec1.json (using temp file /Users/rodionsavchuk/hybrisAutomation/virco-automatedtests/target/site/serenity/273677580b5ade55ccb470a2e988196811df982925cdbb1ace31e0a5efaabec1.jsonb5b88b94-e60f-46d9-b208-4d262efc9ef7)
[pool-1-thread-3] INFO net.thucydides.core.reports.json.JSONTestOutcomeReporter - Generating JSON report for VIR-235.02 Verify that the newest order is shown first in the list to file /Users/rodionsavchuk/hybrisAutomation/virco-automatedtests/target/site/serenity/8840d0acce101c4828203142f8d64f0725d2637a38c8eebef56a7d6a8b899749.json (using temp file /Users/rodionsavchuk/hybrisAutomation/virco-automatedtests/target/site/serenity/8840d0acce101c4828203142f8d64f0725d2637a38c8eebef56a7d6a8b899749.json240337a0-8ac0-469a-950c-dc5571184ecb)
[pool-1-thread-1] INFO net.thucydides.core.reports.json.JSONTestOutcomeReporter - Generating JSON report for VIR-235.03 Verify that the orders can be filtered by to file /Users/rodionsavchuk/hybrisAutomation/virco-automatedtests/target/site/serenity/29922dd92355b657a29ca8ceee8ece530ee19fab8572208c0d42c3104ff16960.json (using temp file /Users/rodionsavchuk/hybrisAutomation/virco-automatedtests/target/site/serenity/29922dd92355b657a29ca8ceee8ece530ee19fab8572208c0d42c3104ff16960.json5fa4c431-4b13-434e-ad5a-b7c39722c07a)
[pool-1-thread-4] INFO net.thucydides.core.reports.json.JSONTestOutcomeReporter - Generating JSON report for VIR-235.05 Verify that the orders can be sorted by to file /Users/rodionsavchuk/hybrisAutomation/virco-automatedtests/target/site/serenity/b3c85d502fdd11d32f7b2c0e62dbb38be0c6f9c593e4d4ccd95adcc5fe60b304.json (using temp file /Users/rodionsavchuk/hybrisAutomation/virco-automatedtests/target/site/serenity/b3c85d502fdd11d32f7b2c0e62dbb38be0c6f9c593e4d4ccd95adcc5fe60b304.json210e5cbd-d897-4ffe-ab29-4c9e2aadbe5b)
[pool-1-thread-2] INFO net.thucydides.core.reports.json.JSONTestOutcomeReporter - Generating JSON report for VIR-235.04 Verify that the current year view of orders is set by default to file /Users/rodionsavchuk/hybrisAutomation/virco-automatedtests/target/site/serenity/611fe17d9cda8a2f0360fd4a5e0044434a5a44282d734d3f572d018496b6a768.json (using temp file /Users/rodionsavchuk/hybrisAutomation/virco-automatedtests/target/site/serenity/611fe17d9cda8a2f0360fd4a5e0044434a5a44282d734d3f572d018496b6a768.jsonad9f27cb-a526-4cb0-babf-2c837d0db142)
[pool-1-thread-1] INFO net.thucydides.core.reports.json.JSONTestOutcomeReporter - Generating JSON report for VIR-235.06 Verify that the orders can be grouped by PO# (alpha-numeric) to file /Users/rodionsavchuk/hybrisAutomation/virco-automatedtests/target/site/serenity/69529ca40520069837eb10aa62eb1ab7518abd062932198aaa75ce49a153bdf4.json (using temp file /Users/rodionsavchuk/hybrisAutomation/virco-automatedtests/target/site/serenity/69529ca40520069837eb10aa62eb1ab7518abd062932198aaa75ce49a153bdf4.json060ce32b-5b27-45bb-908f-94f7eafa2f8f)
[pool-1-thread-3] INFO net.thucydides.core.reports.json.JSONTestOutcomeReporter - Generating JSON report for VIR-236.01 Verify that the shopper can see the created by him ECC orders withing Orders History to file /Users/rodionsavchuk/hybrisAutomation/virco-automatedtests/target/site/serenity/6e0b05141f32d41efa52a2f8708a010ef30be5406c962e50aa108e52f637ff4f.json (using temp file /Users/rodionsavchuk/hybrisAutomation/virco-automatedtests/target/site/serenity/6e0b05141f32d41efa52a2f8708a010ef30be5406c962e50aa108e52f637ff4f.json2f957e79-73fe-4157-90e5-f73ba1146a03)
[pool-1-thread-1] INFO net.thucydides.core.reports.json.JSONTestOutcomeReporter - Generating JSON report for VIR-236.02 Verify that the shopper is able to see the ECC orders details to file /Users/rodionsavchuk/hybrisAutomation/virco-automatedtests/target/site/serenity/06a785ccbf37298662c0a3d0b35aa8a04f4eb296e14af96a2032ecacd8155265.json (using temp file /Users/rodionsavchuk/hybrisAutomation/virco-automatedtests/target/site/serenity/06a785ccbf37298662c0a3d0b35aa8a04f4eb296e14af96a2032ecacd8155265.jsonf50f4c6d-fca1-47c2-86a5-87c2f520190d)
[pool-1-thread-4] INFO net.thucydides.core.reports.json.JSONTestOutcomeReporter - Generating JSON report for VIR-236.03 Verify that shopper is not able to reorder the ECC orders to file /Users/rodionsavchuk/hybrisAutomation/virco-automatedtests/target/site/serenity/adad10cc0c0c283641a22aee227822d43a6b04d28868ac5b5b9f65428e2198f1.json (using temp file /Users/rodionsavchuk/hybrisAutomation/virco-automatedtests/target/site/serenity/adad10cc0c0c283641a22aee227822d43a6b04d28868ac5b5b9f65428e2198f1.jsone53ece20-fb8e-4a66-b3c3-868c17448634)
[pool-1-thread-2] INFO net.thucydides.core.reports.json.JSONTestOutcomeReporter - Generating JSON report for VIR-237.01 Verify that the chief shopper is able to view the orders created by others within their organization to file /Users/rodionsavchuk/hybrisAutomation/virco-automatedtests/target/site/serenity/37ec79a1d6a9cc6a2aec4574466f6dcb64dfed35c002fda7b3134b876ab9d490.json (using temp file /Users/rodionsavchuk/hybrisAutomation/virco-automatedtests/target/site/serenity/37ec79a1d6a9cc6a2aec4574466f6dcb64dfed35c002fda7b3134b876ab9d490.jsonfa8f8156-dd2f-495c-b7f0-0d7123f80f1d)
[pool-1-thread-3] INFO net.thucydides.core.reports.json.JSONTestOutcomeReporter - Generating JSON report for VIR-237.02 Verify that all orders are shown at the same page to file /Users/rodionsavchuk/hybrisAutomation/virco-automatedtests/target/site/serenity/04c1b88fcf25fa2f1ca595220bf539bd3345daf07b3f5fd975b7cfa258aa1a72.json (using temp file /Users/rodionsavchuk/hybrisAutomation/virco-automatedtests/target/site/serenity/04c1b88fcf25fa2f1ca595220bf539bd3345daf07b3f5fd975b7cfa258aa1a72.json546af2e1-f485-4be8-abbd-d96231499f3f)
[pool-1-thread-4] INFO net.thucydides.core.reports.json.JSONTestOutcomeReporter - Generating JSON report for VIR-238.01 Verify that the stuff shopper can view orders created by him/her to file /Users/rodionsavchuk/hybrisAutomation/virco-automatedtests/target/site/serenity/da20584ac40b990dc291e9ae9cb2facdd86f681d176e5cbf03c9dc84024b2dea.json (using temp file /Users/rodionsavchuk/hybrisAutomation/virco-automatedtests/target/site/serenity/da20584ac40b990dc291e9ae9cb2facdd86f681d176e5cbf03c9dc84024b2dea.json59b393ef-57c8-4163-8aa8-ad6fdb723033)
[pool-1-thread-4] INFO net.thucydides.core.reports.json.JSONTestOutcomeReporter - Generating JSON report for VIR-238.02 Verify that the admin shoppers can view orders placed by admin and stuff shoppers within organization to file /Users/rodionsavchuk/hybrisAutomation/virco-automatedtests/target/site/serenity/049e5266696367738227685efc996b610d41e4a9ff2b91176988ad3e5d046577.json (using temp file /Users/rodionsavchuk/hybrisAutomation/virco-automatedtests/target/site/serenity/049e5266696367738227685efc996b610d41e4a9ff2b91176988ad3e5d046577.json352cbc51-5bcc-4ce3-8964-a29b6046f339)
[pool-1-thread-4] INFO net.thucydides.core.reports.json.JSONTestOutcomeReporter - Generating JSON report for VIR-239.01 Verify that the shopper can see the Reorder button near each order in the list of orders history to file /Users/rodionsavchuk/hybrisAutomation/virco-automatedtests/target/site/serenity/bc5c957c59b8dd4780a20bc8c811eb7cd90739e0aa75b27ef4276f5d16b25e8a.json (using temp file /Users/rodionsavchuk/hybrisAutomation/virco-automatedtests/target/site/serenity/bc5c957c59b8dd4780a20bc8c811eb7cd90739e0aa75b27ef4276f5d16b25e8a.jsonbcbc23f3-ebf7-4f8f-8997-14c39206cf1a)
[pool-1-thread-2] INFO net.thucydides.core.reports.json.JSONTestOutcomeReporter - Generating JSON report for VIR-239.03 Verify that the Reorder button is present only near the orders created by shopper to file /Users/rodionsavchuk/hybrisAutomation/virco-automatedtests/target/site/serenity/db5d2cc2cdb477151d79acc5ba80f9970445ac1f4a40c15aea05ceaf9d72ab4c.json (using temp file /Users/rodionsavchuk/hybrisAutomation/virco-automatedtests/target/site/serenity/db5d2cc2cdb477151d79acc5ba80f9970445ac1f4a40c15aea05ceaf9d72ab4c.json6b6ab34d-a468-4842-9a25-a5bcf7732411)
[pool-1-thread-1] INFO net.thucydides.core.reports.json.JSONTestOutcomeReporter - Generating JSON report for VIR-239.02 Verify that the Reorder button is present at the order details page to file /Users/rodionsavchuk/hybrisAutomation/virco-automatedtests/target/site/serenity/7f2baa53bf21c1609ec69298572380037821566fedb28a9f798f27a38a595463.json (using temp file /Users/rodionsavchuk/hybrisAutomation/virco-automatedtests/target/site/serenity/7f2baa53bf21c1609ec69298572380037821566fedb28a9f798f27a38a595463.jsond9c0c014-fdc4-4d4c-9fb2-a722b50d225e)
[pool-1-thread-4] INFO net.thucydides.core.reports.json.JSONTestOutcomeReporter - Generating JSON report for VIR-239.04 Verify that the new order with the same order details is created after reordering to file /Users/rodionsavchuk/hybrisAutomation/virco-automatedtests/target/site/serenity/86d284f6d52dd7b06703c0e65ed979dc08ab5e91925669335c8db93a482789bd.json (using temp file /Users/rodionsavchuk/hybrisAutomation/virco-automatedtests/target/site/serenity/86d284f6d52dd7b06703c0e65ed979dc08ab5e91925669335c8db93a482789bd.jsona811d803-8ce6-4e27-99ce-05bde19217fc)
[pool-1-thread-3] INFO net.thucydides.core.reports.json.JSONTestOutcomeReporter - Generating JSON report for VIR-239.05 Verify that the Admin can reorder the orders created by him and stuff shoppers to file /Users/rodionsavchuk/hybrisAutomation/virco-automatedtests/target/site/serenity/bd0258604ad0a60526916081e6985c7c5319337a9181a074ad5638ad9d781d0d.json (using temp file /Users/rodionsavchuk/hybrisAutomation/virco-automatedtests/target/site/serenity/bd0258604ad0a60526916081e6985c7c5319337a9181a074ad5638ad9d781d0d.json3a0d14bf-535c-436c-9323-3e774eea6134)
[pool-1-thread-2] INFO net.thucydides.core.reports.json.JSONTestOutcomeReporter - Generating JSON report for VIR-239.07 Verify that the Stuff shopper can reorder the orders created by him\her only to file /Users/rodionsavchuk/hybrisAutomation/virco-automatedtests/target/site/serenity/b8018260c31d901f3d8d776ff65116bc168b781e95b8a9f89641bcafaaa081f8.json (using temp file /Users/rodionsavchuk/hybrisAutomation/virco-automatedtests/target/site/serenity/b8018260c31d901f3d8d776ff65116bc168b781e95b8a9f89641bcafaaa081f8.jsoncbb2d78d-d8e3-4a94-acc3-b51595ba8c3b)
[pool-1-thread-1] INFO net.thucydides.core.reports.json.JSONTestOutcomeReporter - Generating JSON report for VIR-239.06 Verify that the Chief can reorder the orders created by him, admin and stuff shoppers to file /Users/rodionsavchuk/hybrisAutomation/virco-automatedtests/target/site/serenity/ce484b4c5f4b477729fe56f6574c4b704d459afba8238101689edf60627995fe.json (using temp file /Users/rodionsavchuk/hybrisAutomation/virco-automatedtests/target/site/serenity/ce484b4c5f4b477729fe56f6574c4b704d459afba8238101689edf60627995fe.jsonf60c137f-28f4-49a4-8d7a-e286f2f365cc)
[pool-1-thread-3] INFO net.thucydides.core.reports.json.JSONTestOutcomeReporter - Generating JSON report for VIR-240.02 Verify that the error message is shown to the customer if they entered wrong login data three and more times to file /Users/rodionsavchuk/hybrisAutomation/virco-automatedtests/target/site/serenity/feea09e30f98fa20f26d9fa541c867e47262726ef2edae67658e6fe1f69f795b.json (using temp file /Users/rodionsavchuk/hybrisAutomation/virco-automatedtests/target/site/serenity/feea09e30f98fa20f26d9fa541c867e47262726ef2edae67658e6fe1f69f795b.jsondd849ac2-62cb-4202-beed-5d4931a198d8)
[pool-1-thread-4] INFO net.thucydides.core.reports.json.JSONTestOutcomeReporter - Generating JSON report for VIR-240.01 Verify that the following message is shown to the customer if they entered wrong login data at first and second times to file /Users/rodionsavchuk/hybrisAutomation/virco-automatedtests/target/site/serenity/5c983153fe2ebb177f0d9e8b132ca59a6e0ee0ae8654058c47ae107dbb7196e9.json (using temp file /Users/rodionsavchuk/hybrisAutomation/virco-automatedtests/target/site/serenity/5c983153fe2ebb177f0d9e8b132ca59a6e0ee0ae8654058c47ae107dbb7196e9.jsonb3421270-e731-463e-a059-e5e929248f53)
[pool-1-thread-2] INFO net.thucydides.core.reports.json.JSONTestOutcomeReporter - Generating JSON report for VIR-240.03 Verify that the account is locked automatically after 3 incorrect login attempts to file /Users/rodionsavchuk/hybrisAutomation/virco-automatedtests/target/site/serenity/98702c761630d5e96c1885fc6b7d9edc2d3d9276a61dcb964fb55a77180ac4c4.json (using temp file /Users/rodionsavchuk/hybrisAutomation/virco-automatedtests/target/site/serenity/98702c761630d5e96c1885fc6b7d9edc2d3d9276a61dcb964fb55a77180ac4c4.jsondf1409d3-2279-4252-a088-f91d9e996952)
[pool-1-thread-4] INFO net.thucydides.core.reports.json.JSONTestOutcomeReporter - Generating JSON report for VIR-240.04 Verify that the customer can phone via Skype when they click on the phone number from desktop browser to file /Users/rodionsavchuk/hybrisAutomation/virco-automatedtests/target/site/serenity/022ceba0bee1a7e3be70af6fce73e28abbfa02e327dc996b425b971073e81949.json (using temp file /Users/rodionsavchuk/hybrisAutomation/virco-automatedtests/target/site/serenity/022ceba0bee1a7e3be70af6fce73e28abbfa02e327dc996b425b971073e81949.jsonbc09f294-51ca-41f8-bf06-ed1ff8eb94f7)
[pool-1-thread-1] INFO net.thucydides.core.reports.json.JSONTestOutcomeReporter - Generating JSON report for VIR-240.05 Verify that the customer can phone via phone/skype when they click on the phone number from mobile device to file /Users/rodionsavchuk/hybrisAutomation/virco-automatedtests/target/site/serenity/0acf8d5b428f155bb5cd03ead2beee85cb116b173f667ca0d7eddf263c734900.json (using temp file /Users/rodionsavchuk/hybrisAutomation/virco-automatedtests/target/site/serenity/0acf8d5b428f155bb5cd03ead2beee85cb116b173f667ca0d7eddf263c734900.json83740db8-3d07-4cad-9bb3-4b8f122b9151)
[pool-1-thread-3] INFO net.thucydides.core.reports.json.JSONTestOutcomeReporter - Generating JSON report for VIR-241.01 Verify that the bunch of customers are created in hybris after running mass setup script to file /Users/rodionsavchuk/hybrisAutomation/virco-automatedtests/target/site/serenity/463850b14992f16a3a2bf3702fcc5975eee58ce459f840ff047b04c2eaef46d1.json (using temp file /Users/rodionsavchuk/hybrisAutomation/virco-automatedtests/target/site/serenity/463850b14992f16a3a2bf3702fcc5975eee58ce459f840ff047b04c2eaef46d1.jsona72cdbe6-fbd7-483c-817b-1e63aeb4dc5c)
[pool-1-thread-2] INFO net.thucydides.core.reports.json.JSONTestOutcomeReporter - Generating JSON report for VIR-241.02 Verify that the personal details are mapped appropriately to file /Users/rodionsavchuk/hybrisAutomation/virco-automatedtests/target/site/serenity/a13f41939905f13645385d57d811c8cdd84a0cbed0caf2a6b3c4f55c28d79c01.json (using temp file /Users/rodionsavchuk/hybrisAutomation/virco-automatedtests/target/site/serenity/a13f41939905f13645385d57d811c8cdd84a0cbed0caf2a6b3c4f55c28d79c01.json0c6a8aa8-9e78-41e0-9953-6edc44775c12)
[pool-1-thread-4] INFO net.thucydides.core.reports.json.JSONTestOutcomeReporter - Generating JSON report for VIR-241.03 Verify that the data outlined in ID3 are copied into the hybris to file /Users/rodionsavchuk/hybrisAutomation/virco-automatedtests/target/site/serenity/39e10a2762693c36aeb39ffa0694d6429714a5caa78716ad3e3a6dc6f9f35100.json (using temp file /Users/rodionsavchuk/hybrisAutomation/virco-automatedtests/target/site/serenity/39e10a2762693c36aeb39ffa0694d6429714a5caa78716ad3e3a6dc6f9f35100.json020bfdc2-6e59-4a47-b835-85339a0c4f9d)
[pool-1-thread-1] INFO net.thucydides.core.reports.json.JSONTestOutcomeReporter - Generating JSON report for VIR-241.04 Verify that just set up customers can log into the system and perform appropriate activities (due to the permissions) to file /Users/rodionsavchuk/hybrisAutomation/virco-automatedtests/target/site/serenity/cad527a19b233d2a98237bc580b3e071a577ec5892a5ac544f2f50b81e1edc9a.json (using temp file /Users/rodionsavchuk/hybrisAutomation/virco-automatedtests/target/site/serenity/cad527a19b233d2a98237bc580b3e071a577ec5892a5ac544f2f50b81e1edc9a.json67c6f29d-d8d0-4839-97f1-864e6e6cb37d)
[pool-1-thread-2] INFO net.thucydides.core.reports.json.JSONTestOutcomeReporter - Generating JSON report for VIR-242.02 Verify that the shopper is moved to the appropriate page after clicking on the sub-menu option to file /Users/rodionsavchuk/hybrisAutomation/virco-automatedtests/target/site/serenity/28ef021d759f2a4643b61547ae2c5a1b9ce2544b0930e552ce883dc4238eb54c.json (using temp file /Users/rodionsavchuk/hybrisAutomation/virco-automatedtests/target/site/serenity/28ef021d759f2a4643b61547ae2c5a1b9ce2544b0930e552ce883dc4238eb54c.json181ddeff-0a49-4f01-8858-74464c0766f4)
[pool-1-thread-3] INFO net.thucydides.core.reports.json.JSONTestOutcomeReporter - Generating JSON report for VIR-242.01 Verify that the following sub menu My Account menu has following options to file /Users/rodionsavchuk/hybrisAutomation/virco-automatedtests/target/site/serenity/1276140ef62c6432b71b0f37d8025035d8b303a616dfb579c0464109d19a2074.json (using temp file /Users/rodionsavchuk/hybrisAutomation/virco-automatedtests/target/site/serenity/1276140ef62c6432b71b0f37d8025035d8b303a616dfb579c0464109d19a2074.json34cacd1a-826b-4d05-a8a5-3e7639d12d76)
[pool-1-thread-4] INFO net.thucydides.core.reports.json.JSONTestOutcomeReporter - Generating JSON report for VIR-243.01 Verify that the order tracking number is shown at the Order History and on the Order Details pages to file /Users/rodionsavchuk/hybrisAutomation/virco-automatedtests/target/site/serenity/70b6f3d948299c508f0755eca224d394eabc6d05bab5864a70e0f1b9c6b1e644.json (using temp file /Users/rodionsavchuk/hybrisAutomation/virco-automatedtests/target/site/serenity/70b6f3d948299c508f0755eca224d394eabc6d05bab5864a70e0f1b9c6b1e644.json4c628c80-1fcd-482f-9130-d2db9e1542d2)
[pool-1-thread-1] INFO net.thucydides.core.reports.json.JSONTestOutcomeReporter - Generating JSON report for VIR-243.02 Verify that the several order tracking number can be shown for one order to file /Users/rodionsavchuk/hybrisAutomation/virco-automatedtests/target/site/serenity/962a8661ed130dbc7b367611253983130c921d9ccf15ff013ae776fad79d5178.json (using temp file /Users/rodionsavchuk/hybrisAutomation/virco-automatedtests/target/site/serenity/962a8661ed130dbc7b367611253983130c921d9ccf15ff013ae776fad79d5178.json0ed98b07-9ea7-4472-8739-6911053d7147)
[pool-1-thread-3] INFO net.thucydides.core.reports.json.JSONTestOutcomeReporter - Generating JSON report for VIR-243.03 Verify that the order delivery status is shown in new window after clicking on tracking number link to file /Users/rodionsavchuk/hybrisAutomation/virco-automatedtests/target/site/serenity/05de3555ce50877d7a68bf12b1c9ce484c460fe5f0202de33af8de7536c5347d.json (using temp file /Users/rodionsavchuk/hybrisAutomation/virco-automatedtests/target/site/serenity/05de3555ce50877d7a68bf12b1c9ce484c460fe5f0202de33af8de7536c5347d.json973fa408-2ed3-4dda-8a6f-59733f643256)
[pool-1-thread-4] INFO net.thucydides.core.reports.json.JSONTestOutcomeReporter - Generating JSON report for VIR-243.05 Verify that the admin shopper can see the order tracking number for the orders created by to file /Users/rodionsavchuk/hybrisAutomation/virco-automatedtests/target/site/serenity/62c275f127453f29fafc4c2149202cb494bb82c96be65d9c7ffdda17d402d199.json (using temp file /Users/rodionsavchuk/hybrisAutomation/virco-automatedtests/target/site/serenity/62c275f127453f29fafc4c2149202cb494bb82c96be65d9c7ffdda17d402d199.json61b08762-aeaa-4a72-984e-25caabda3c27)
[pool-1-thread-1] INFO net.thucydides.core.reports.json.JSONTestOutcomeReporter - Generating JSON report for VIR-243.04 Verify that the chief shopper can see the order tracking number for the orders created by to file /Users/rodionsavchuk/hybrisAutomation/virco-automatedtests/target/site/serenity/6679b678bf94497d010ee1d2e4e9da687ae39e591aaeb2628364a7db535048bd.json (using temp file /Users/rodionsavchuk/hybrisAutomation/virco-automatedtests/target/site/serenity/6679b678bf94497d010ee1d2e4e9da687ae39e591aaeb2628364a7db535048bd.json740c73fc-dcd0-4c81-83df-bb851be0876c)
[pool-1-thread-2] INFO net.thucydides.core.reports.json.JSONTestOutcomeReporter - Generating JSON report for VIR-244.01 Verify that the shopper can see their email address within Email in My Account Menu to file /Users/rodionsavchuk/hybrisAutomation/virco-automatedtests/target/site/serenity/bf8e1443a8f088c9e57e0348c8704fc75e0549ba1f9d96c39d9d0ad3f4b04b32.json (using temp file /Users/rodionsavchuk/hybrisAutomation/virco-automatedtests/target/site/serenity/bf8e1443a8f088c9e57e0348c8704fc75e0549ba1f9d96c39d9d0ad3f4b04b32.jsonc802eded-b682-4c3a-8dc7-d938328121eb)
[pool-1-thread-3] INFO net.thucydides.core.reports.json.JSONTestOutcomeReporter - Generating JSON report for VIR-244.02 Verify that the email address is not editable to file /Users/rodionsavchuk/hybrisAutomation/virco-automatedtests/target/site/serenity/bfc781d1f39529c42f3e2e6163fe397cb7cd1efdb5aea56fac29b0f0f66e1a5e.json (using temp file /Users/rodionsavchuk/hybrisAutomation/virco-automatedtests/target/site/serenity/bfc781d1f39529c42f3e2e6163fe397cb7cd1efdb5aea56fac29b0f0f66e1a5e.jsonf3ae44a2-ecbd-4c6e-85ad-b52730bacf52)
[pool-1-thread-1] INFO net.thucydides.core.reports.json.JSONTestOutcomeReporter - Generating JSON report for VIR-226.01 Verify that the dropdown list with contracts is shown in the header to file /Users/rodionsavchuk/hybrisAutomation/virco-automatedtests/target/site/serenity/1a7109a2e435410aec76a6616813b89a7a128938fc747b573a8bea77b5dc2e74.json (using temp file /Users/rodionsavchuk/hybrisAutomation/virco-automatedtests/target/site/serenity/1a7109a2e435410aec76a6616813b89a7a128938fc747b573a8bea77b5dc2e74.jsonab19a319-cd01-4f0a-9125-9f8c7678e1ac)
[pool-1-thread-4] INFO net.thucydides.core.reports.json.JSONTestOutcomeReporter - Generating JSON report for VIR-226.02 Verify that the default contract is selected automatically if no other contract is selected to file /Users/rodionsavchuk/hybrisAutomation/virco-automatedtests/target/site/serenity/a1cdc501ba181282011afc75c778ae005a66a25ac465bd9f54fb47cebe8da2b6.json (using temp file /Users/rodionsavchuk/hybrisAutomation/virco-automatedtests/target/site/serenity/a1cdc501ba181282011afc75c778ae005a66a25ac465bd9f54fb47cebe8da2b6.json27b9cc1a-0504-4bef-8db9-3fa49f7c8af1)
[pool-1-thread-3] INFO net.thucydides.core.reports.json.JSONTestOutcomeReporter - Generating JSON report for VIR-226.03 Verify that each customer has their own default contract to file /Users/rodionsavchuk/hybrisAutomation/virco-automatedtests/target/site/serenity/1100df39b069668be73bd3fa061625067d18d2c8d7eb03db90d26ed720e1bad6.json (using temp file /Users/rodionsavchuk/hybrisAutomation/virco-automatedtests/target/site/serenity/1100df39b069668be73bd3fa061625067d18d2c8d7eb03db90d26ed720e1bad6.json30b96a39-0177-47d2-99a0-29fd845cc618)
[pool-1-thread-1] INFO net.thucydides.core.reports.json.JSONTestOutcomeReporter - Generating JSON report for VIR-226.04 Verify that the assigned to the shopper contracts (defined at the Ship To level) are shown in the list to file /Users/rodionsavchuk/hybrisAutomation/virco-automatedtests/target/site/serenity/736a6f27c422f3f6d8305a0f397a2adb789d1ed4974f92482a9f738f0fdbbfec.json (using temp file /Users/rodionsavchuk/hybrisAutomation/virco-automatedtests/target/site/serenity/736a6f27c422f3f6d8305a0f397a2adb789d1ed4974f92482a9f738f0fdbbfec.jsonbba80ae1-e52b-477b-9f24-e98b03d948d7)
[pool-1-thread-2] INFO net.thucydides.core.reports.json.JSONTestOutcomeReporter - Generating JSON report for VIR-226.05 Verify that shopper can change the contract as many times, as they want to file /Users/rodionsavchuk/hybrisAutomation/virco-automatedtests/target/site/serenity/d72154fb388d26ac97bf25cdf1619f4513466127fb36eb261ec18074f0a654cd.json (using temp file /Users/rodionsavchuk/hybrisAutomation/virco-automatedtests/target/site/serenity/d72154fb388d26ac97bf25cdf1619f4513466127fb36eb261ec18074f0a654cd.json36dfce91-7382-4535-860e-5b9bba6709d2)
[pool-1-thread-4] INFO net.thucydides.core.reports.json.JSONTestOutcomeReporter - Generating JSON report for VIR-226.06 Verify that if the shopper changed the contract, the prices and product list are updated accordingly to the selected contract to file /Users/rodionsavchuk/hybrisAutomation/virco-automatedtests/target/site/serenity/cb991777f2dcd6cec892aca2a17766a44ff88538bd62762eb06275f337f59188.json (using temp file /Users/rodionsavchuk/hybrisAutomation/virco-automatedtests/target/site/serenity/cb991777f2dcd6cec892aca2a17766a44ff88538bd62762eb06275f337f59188.json648476cc-05f4-4509-8abe-54f68a8a9c19)
[pool-1-thread-3] INFO net.thucydides.core.reports.json.JSONTestOutcomeReporter - Generating JSON report for VIR-226.07 Verify that if the contract is changed in customer master, it is changed to the customer without any notification to file /Users/rodionsavchuk/hybrisAutomation/virco-automatedtests/target/site/serenity/97d516a9dd97a3564503058531e457f4fe37c4fa911c4e0a2cd67d9e4f26df95.json (using temp file /Users/rodionsavchuk/hybrisAutomation/virco-automatedtests/target/site/serenity/97d516a9dd97a3564503058531e457f4fe37c4fa911c4e0a2cd67d9e4f26df95.json809b5fa4-a00f-4bfe-8364-f072164cb92f)
[pool-1-thread-2] INFO net.thucydides.core.reports.json.JSONTestOutcomeReporter - Generating JSON report for VIR-226.08 Verify that the prices shows n/a, if the contract expired and the new one is not selected by shopper to file /Users/rodionsavchuk/hybrisAutomation/virco-automatedtests/target/site/serenity/90eacd21eb1e7e24d79a439ece9e6416daa13b514c337bcef555c498996ee27a.json (using temp file /Users/rodionsavchuk/hybrisAutomation/virco-automatedtests/target/site/serenity/90eacd21eb1e7e24d79a439ece9e6416daa13b514c337bcef555c498996ee27a.jsonceb8f96f-32f5-4320-8302-e27d614f72de)
[pool-1-thread-1] INFO net.thucydides.core.reports.json.JSONTestOutcomeReporter - Generating JSON report for VIR-226.01A Verify that the script switch the contract A to the contract B automatically for bunch of selected customers to file /Users/rodionsavchuk/hybrisAutomation/virco-automatedtests/target/site/serenity/40b3604109cc54897930215a5dff112d2f2a0f9a3f3a7c2ebf97db43a508944d.json (using temp file /Users/rodionsavchuk/hybrisAutomation/virco-automatedtests/target/site/serenity/40b3604109cc54897930215a5dff112d2f2a0f9a3f3a7c2ebf97db43a508944d.json660f5f07-7682-4201-a625-542c04267f41)
[pool-1-thread-4] INFO net.thucydides.core.reports.json.JSONTestOutcomeReporter - Generating JSON report for VIR-246.01 Verify that the shopper can see the saved carts within My Account to file /Users/rodionsavchuk/hybrisAutomation/virco-automatedtests/target/site/serenity/8f924b8e28c6b842e118d033edbc4760c495b83f62c62df3597462885f301c84.json (using temp file /Users/rodionsavchuk/hybrisAutomation/virco-automatedtests/target/site/serenity/8f924b8e28c6b842e118d033edbc4760c495b83f62c62df3597462885f301c84.json31bf8b41-280a-4b21-a3f2-490a31823f09)
[pool-1-thread-3] INFO net.thucydides.core.reports.json.JSONTestOutcomeReporter - Generating JSON report for VIR-246.02 Remove all from saved carts to file /Users/rodionsavchuk/hybrisAutomation/virco-automatedtests/target/site/serenity/57ad878c80f86f37b436866d9406bfc876bcc2a4fe8f331b75642b3504e58b7f.json (using temp file /Users/rodionsavchuk/hybrisAutomation/virco-automatedtests/target/site/serenity/57ad878c80f86f37b436866d9406bfc876bcc2a4fe8f331b75642b3504e58b7f.jsonc12549c1-0d66-4f3f-991d-f54e3b76d892)
[pool-1-thread-2] INFO net.thucydides.core.reports.json.JSONTestOutcomeReporter - Generating JSON report for VIR-246.03 Verify that the saved cart is shown on the saved carts page to file /Users/rodionsavchuk/hybrisAutomation/virco-automatedtests/target/site/serenity/a78cc380adec40d2bde41cc9dd7bf1cd6cc7f6dd92d52beceefba632467fc268.json (using temp file /Users/rodionsavchuk/hybrisAutomation/virco-automatedtests/target/site/serenity/a78cc380adec40d2bde41cc9dd7bf1cd6cc7f6dd92d52beceefba632467fc268.json7c2e17ce-2924-459a-8cbe-b8a2b56840f5)
[pool-1-thread-1] INFO net.thucydides.core.reports.html.HtmlAcceptanceTestReporter - GENERATING HTML REPORT FOR ACT-10 - Order History Date Range:VIR-235.01 Verify that the shopper can view the order history within My Account in 273677580b5ade55ccb470a2e988196811df982925cdbb1ace31e0a5efaabec1.html in directory target/site/serenity  
[pool-1-thread-3] INFO net.thucydides.core.reports.html.HtmlAcceptanceTestReporter - GENERATING HTML REPORT FOR ACT-10 - Order History Date Range:VIR-235.02 Verify that the newest order is shown first in the list in 8840d0acce101c4828203142f8d64f0725d2637a38c8eebef56a7d6a8b899749.html in directory target/site/serenity  
[pool-1-thread-2] INFO net.thucydides.core.reports.html.HtmlAcceptanceTestReporter - GENERATING HTML REPORT FOR ACT-10 - Order History Date Range:VIR-235.03 Verify that the orders can be filtered by in 29922dd92355b657a29ca8ceee8ece530ee19fab8572208c0d42c3104ff16960.html in directory target/site/serenity  
[pool-1-thread-1] INFO net.thucydides.core.reports.html.HtmlAcceptanceTestReporter - GENERATING HTML REPORT FOR ACT-10 - Order History Date Range:VIR-235.04 Verify that the current year view of orders is set by default in 611fe17d9cda8a2f0360fd4a5e0044434a5a44282d734d3f572d018496b6a768.html in directory target/site/serenity  
[pool-1-thread-3] INFO net.thucydides.core.reports.html.HtmlAcceptanceTestReporter - GENERATING HTML REPORT FOR ACT-10 - Order History Date Range:VIR-235.05 Verify that the orders can be sorted by in b3c85d502fdd11d32f7b2c0e62dbb38be0c6f9c593e4d4ccd95adcc5fe60b304.html in directory target/site/serenity  
[pool-1-thread-4] INFO net.thucydides.core.reports.html.HtmlAcceptanceTestReporter - GENERATING HTML REPORT FOR ACT-10 - Order History Date Range:VIR-235.06 Verify that the orders can be grouped by PO# (alpha-numeric) in 69529ca40520069837eb10aa62eb1ab7518abd062932198aaa75ce49a153bdf4.html in directory target/site/serenity  
[pool-1-thread-2] INFO net.thucydides.core.reports.html.HtmlAcceptanceTestReporter - GENERATING HTML REPORT FOR ACT-11 - View Orders - Shopper ECC:VIR-236.01 Verify that the shopper can see the created by him ECC orders withing Orders History in 6e0b05141f32d41efa52a2f8708a010ef30be5406c962e50aa108e52f637ff4f.html in directory target/site/serenity  
[pool-1-thread-3] INFO net.thucydides.core.reports.html.HtmlAcceptanceTestReporter - GENERATING HTML REPORT FOR ACT-11 - View Orders - Shopper ECC:VIR-236.02 Verify that the shopper is able to see the ECC orders details in 06a785ccbf37298662c0a3d0b35aa8a04f4eb296e14af96a2032ecacd8155265.html in directory target/site/serenity  
[pool-1-thread-1] INFO net.thucydides.core.reports.html.HtmlAcceptanceTestReporter - GENERATING HTML REPORT FOR ACT-11 - View Orders - Shopper ECC:VIR-236.03 Verify that shopper is not able to reorder the ECC orders in adad10cc0c0c283641a22aee227822d43a6b04d28868ac5b5b9f65428e2198f1.html in directory target/site/serenity  
[pool-1-thread-2] INFO net.thucydides.core.reports.html.HtmlAcceptanceTestReporter - GENERATING HTML REPORT FOR ACT-12 - View Orders - Admin:VIR-237.01 Verify that the chief shopper is able to view the orders created by others within their organization in 37ec79a1d6a9cc6a2aec4574466f6dcb64dfed35c002fda7b3134b876ab9d490.html in directory target/site/serenity  
[pool-1-thread-4] INFO net.thucydides.core.reports.html.HtmlAcceptanceTestReporter - GENERATING HTML REPORT FOR ACT-12 - View Orders - Admin:VIR-237.02 Verify that all orders are shown at the same page in 04c1b88fcf25fa2f1ca595220bf539bd3345daf07b3f5fd975b7cfa258aa1a72.html in directory target/site/serenity  
[pool-1-thread-1] INFO net.thucydides.core.reports.html.HtmlAcceptanceTestReporter - GENERATING HTML REPORT FOR ACT-13 - Purchase History:VIR-238.01 Verify that the stuff shopper can view orders created by him/her in da20584ac40b990dc291e9ae9cb2facdd86f681d176e5cbf03c9dc84024b2dea.html in directory target/site/serenity  
[pool-1-thread-4] INFO net.thucydides.core.reports.html.HtmlAcceptanceTestReporter - GENERATING HTML REPORT FOR ACT-14 - Reorder:VIR-239.01 Verify that the shopper can see the Reorder button near each order in the list of orders history in bc5c957c59b8dd4780a20bc8c811eb7cd90739e0aa75b27ef4276f5d16b25e8a.html in directory target/site/serenity  
[pool-1-thread-3] INFO net.thucydides.core.reports.html.HtmlAcceptanceTestReporter - GENERATING HTML REPORT FOR ACT-13 - Purchase History:VIR-238.02 Verify that the admin shoppers can view orders placed by admin and stuff shoppers within organization in 049e5266696367738227685efc996b610d41e4a9ff2b91176988ad3e5d046577.html in directory target/site/serenity  
[pool-1-thread-2] INFO net.thucydides.core.reports.html.HtmlAcceptanceTestReporter - GENERATING HTML REPORT FOR ACT-14 - Reorder:VIR-239.02 Verify that the Reorder button is present at the order details page in 7f2baa53bf21c1609ec69298572380037821566fedb28a9f798f27a38a595463.html in directory target/site/serenity  
[pool-1-thread-1] INFO net.thucydides.core.reports.html.HtmlAcceptanceTestReporter - GENERATING HTML REPORT FOR ACT-14 - Reorder:VIR-239.03 Verify that the Reorder button is present only near the orders created by shopper in db5d2cc2cdb477151d79acc5ba80f9970445ac1f4a40c15aea05ceaf9d72ab4c.html in directory target/site/serenity  
[pool-1-thread-4] INFO net.thucydides.core.reports.html.HtmlAcceptanceTestReporter - GENERATING HTML REPORT FOR ACT-14 - Reorder:VIR-239.05 Verify that the Admin can reorder the orders created by him and stuff shoppers in bd0258604ad0a60526916081e6985c7c5319337a9181a074ad5638ad9d781d0d.html in directory target/site/serenity  
[pool-1-thread-2] INFO net.thucydides.core.reports.html.HtmlAcceptanceTestReporter - GENERATING HTML REPORT FOR ACT-14 - Reorder:VIR-239.04 Verify that the new order with the same order details is created after reordering in 86d284f6d52dd7b06703c0e65ed979dc08ab5e91925669335c8db93a482789bd.html in directory target/site/serenity  
[pool-1-thread-3] INFO net.thucydides.core.reports.html.HtmlAcceptanceTestReporter - GENERATING HTML REPORT FOR ACT-14 - Reorder:VIR-239.06 Verify that the Chief can reorder the orders created by him, admin and stuff shoppers in ce484b4c5f4b477729fe56f6574c4b704d459afba8238101689edf60627995fe.html in directory target/site/serenity  
[pool-1-thread-4] INFO net.thucydides.core.reports.html.HtmlAcceptanceTestReporter - GENERATING HTML REPORT FOR ACT-14 - Reorder:VIR-239.07 Verify that the Stuff shopper can reorder the orders created by him\her only in b8018260c31d901f3d8d776ff65116bc168b781e95b8a9f89641bcafaaa081f8.html in directory target/site/serenity  
[pool-1-thread-1] INFO net.thucydides.core.reports.html.HtmlAcceptanceTestReporter - GENERATING HTML REPORT FOR ACT-15 - Customer Management:VIR-240.01 Verify that the following message is shown to the customer if they entered wrong login data at first and second times in 5c983153fe2ebb177f0d9e8b132ca59a6e0ee0ae8654058c47ae107dbb7196e9.html in directory target/site/serenity  
[pool-1-thread-2] INFO net.thucydides.core.reports.html.HtmlAcceptanceTestReporter - GENERATING HTML REPORT FOR ACT-15 - Customer Management:VIR-240.03 Verify that the account is locked automatically after 3 incorrect login attempts in 98702c761630d5e96c1885fc6b7d9edc2d3d9276a61dcb964fb55a77180ac4c4.html in directory target/site/serenity  
[pool-1-thread-3] INFO net.thucydides.core.reports.html.HtmlAcceptanceTestReporter - GENERATING HTML REPORT FOR ACT-15 - Customer Management:VIR-240.02 Verify that the error message is shown to the customer if they entered wrong login data three and more times in feea09e30f98fa20f26d9fa541c867e47262726ef2edae67658e6fe1f69f795b.html in directory target/site/serenity  
[pool-1-thread-4] INFO net.thucydides.core.reports.html.HtmlAcceptanceTestReporter - GENERATING HTML REPORT FOR ACT-15 - Customer Management:VIR-240.04 Verify that the customer can phone via Skype when they click on the phone number from desktop browser in 022ceba0bee1a7e3be70af6fce73e28abbfa02e327dc996b425b971073e81949.html in directory target/site/serenity  
[pool-1-thread-2] INFO net.thucydides.core.reports.html.HtmlAcceptanceTestReporter - GENERATING HTML REPORT FOR ACT-15 - Customer Management:VIR-240.05 Verify that the customer can phone via phone/skype when they click on the phone number from mobile device in 0acf8d5b428f155bb5cd03ead2beee85cb116b173f667ca0d7eddf263c734900.html in directory target/site/serenity  
[pool-1-thread-1] INFO net.thucydides.core.reports.html.HtmlAcceptanceTestReporter - GENERATING HTML REPORT FOR ACT-16 - CSR Mass Set Up:VIR-241.02 Verify that the personal details are mapped appropriately in a13f41939905f13645385d57d811c8cdd84a0cbed0caf2a6b3c4f55c28d79c01.html in directory target/site/serenity  
[pool-1-thread-3] INFO net.thucydides.core.reports.html.HtmlAcceptanceTestReporter - GENERATING HTML REPORT FOR ACT-16 - CSR Mass Set Up:VIR-241.03 Verify that the data outlined in ID3 are copied into the hybris in 39e10a2762693c36aeb39ffa0694d6429714a5caa78716ad3e3a6dc6f9f35100.html in directory target/site/serenity  
[pool-1-thread-4] INFO net.thucydides.core.reports.html.HtmlAcceptanceTestReporter - GENERATING HTML REPORT FOR ACT-16 - CSR Mass Set Up:VIR-241.01 Verify that the bunch of customers are created in hybris after running mass setup script in 463850b14992f16a3a2bf3702fcc5975eee58ce459f840ff047b04c2eaef46d1.html in directory target/site/serenity  
[pool-1-thread-3] INFO net.thucydides.core.reports.html.HtmlAcceptanceTestReporter - GENERATING HTML REPORT FOR ACT-17 - My Account View Options:VIR-242.01 Verify that the following sub menu My Account menu has following options in 1276140ef62c6432b71b0f37d8025035d8b303a616dfb579c0464109d19a2074.html in directory target/site/serenity  
[pool-1-thread-2] INFO net.thucydides.core.reports.html.HtmlAcceptanceTestReporter - GENERATING HTML REPORT FOR ACT-16 - CSR Mass Set Up:VIR-241.04 Verify that just set up customers can log into the system and perform appropriate activities (due to the permissions) in cad527a19b233d2a98237bc580b3e071a577ec5892a5ac544f2f50b81e1edc9a.html in directory target/site/serenity  
[pool-1-thread-1] INFO net.thucydides.core.reports.html.HtmlAcceptanceTestReporter - GENERATING HTML REPORT FOR ACT-17 - My Account View Options:VIR-242.02 Verify that the shopper is moved to the appropriate page after clicking on the sub-menu option in 28ef021d759f2a4643b61547ae2c5a1b9ce2544b0930e552ce883dc4238eb54c.html in directory target/site/serenity  
[pool-1-thread-3] INFO net.thucydides.core.reports.html.HtmlAcceptanceTestReporter - GENERATING HTML REPORT FOR ACT-18 - Tracking Information:VIR-243.02 Verify that the several order tracking number can be shown for one order in 962a8661ed130dbc7b367611253983130c921d9ccf15ff013ae776fad79d5178.html in directory target/site/serenity  
[pool-1-thread-4] INFO net.thucydides.core.reports.html.HtmlAcceptanceTestReporter - GENERATING HTML REPORT FOR ACT-18 - Tracking Information:VIR-243.01 Verify that the order tracking number is shown at the Order History and on the Order Details pages in 70b6f3d948299c508f0755eca224d394eabc6d05bab5864a70e0f1b9c6b1e644.html in directory target/site/serenity  
[pool-1-thread-2] INFO net.thucydides.core.reports.html.HtmlAcceptanceTestReporter - GENERATING HTML REPORT FOR ACT-18 - Tracking Information:VIR-243.03 Verify that the order delivery status is shown in new window after clicking on tracking number link in 05de3555ce50877d7a68bf12b1c9ce484c460fe5f0202de33af8de7536c5347d.html in directory target/site/serenity  
[pool-1-thread-4] INFO net.thucydides.core.reports.html.HtmlAcceptanceTestReporter - GENERATING HTML REPORT FOR ACT-18 - Tracking Information:VIR-243.04 Verify that the chief shopper can see the order tracking number for the orders created by in 6679b678bf94497d010ee1d2e4e9da687ae39e591aaeb2628364a7db535048bd.html in directory target/site/serenity  
[pool-1-thread-3] INFO net.thucydides.core.reports.html.HtmlAcceptanceTestReporter - GENERATING HTML REPORT FOR ACT-18 - Tracking Information:VIR-243.05 Verify that the admin shopper can see the order tracking number for the orders created by in 62c275f127453f29fafc4c2149202cb494bb82c96be65d9c7ffdda17d402d199.html in directory target/site/serenity  
[pool-1-thread-2] INFO net.thucydides.core.reports.html.HtmlAcceptanceTestReporter - GENERATING HTML REPORT FOR ACT-19 - Static Email Address:VIR-244.01 Verify that the shopper can see their email address within Email in My Account Menu in bf8e1443a8f088c9e57e0348c8704fc75e0549ba1f9d96c39d9d0ad3f4b04b32.html in directory target/site/serenity  
[pool-1-thread-4] INFO net.thucydides.core.reports.html.HtmlAcceptanceTestReporter - GENERATING HTML REPORT FOR ACT-19 - Static Email Address:VIR-244.02 Verify that the email address is not editable in bfc781d1f39529c42f3e2e6163fe397cb7cd1efdb5aea56fac29b0f0f66e1a5e.html in directory target/site/serenity  
[pool-1-thread-3] INFO net.thucydides.core.reports.html.HtmlAcceptanceTestReporter - GENERATING HTML REPORT FOR ACT-1 - Default Contract:VIR-226.01 Verify that the dropdown list with contracts is shown in the header in 1a7109a2e435410aec76a6616813b89a7a128938fc747b573a8bea77b5dc2e74.html in directory target/site/serenity  
[pool-1-thread-1] INFO net.thucydides.core.reports.html.HtmlAcceptanceTestReporter - GENERATING HTML REPORT FOR ACT-1 - Default Contract:VIR-226.02 Verify that the default contract is selected automatically if no other contract is selected in a1cdc501ba181282011afc75c778ae005a66a25ac465bd9f54fb47cebe8da2b6.html in directory target/site/serenity  
[pool-1-thread-2] INFO net.thucydides.core.reports.html.HtmlAcceptanceTestReporter - GENERATING HTML REPORT FOR ACT-1 - Default Contract:VIR-226.03 Verify that each customer has their own default contract in 1100df39b069668be73bd3fa061625067d18d2c8d7eb03db90d26ed720e1bad6.html in directory target/site/serenity  
[pool-1-thread-3] INFO net.thucydides.core.reports.html.HtmlAcceptanceTestReporter - GENERATING HTML REPORT FOR ACT-1 - Default Contract:VIR-226.05 Verify that shopper can change the contract as many times, as they want in d72154fb388d26ac97bf25cdf1619f4513466127fb36eb261ec18074f0a654cd.html in directory target/site/serenity  
[pool-1-thread-4] INFO net.thucydides.core.reports.html.HtmlAcceptanceTestReporter - GENERATING HTML REPORT FOR ACT-1 - Default Contract:VIR-226.04 Verify that the assigned to the shopper contracts (defined at the Ship To level) are shown in the list in 736a6f27c422f3f6d8305a0f397a2adb789d1ed4974f92482a9f738f0fdbbfec.html in directory target/site/serenity  
[pool-1-thread-1] INFO net.thucydides.core.reports.html.HtmlAcceptanceTestReporter - GENERATING HTML REPORT FOR ACT-1 - Default Contract:VIR-226.06 Verify that if the shopper changed the contract, the prices and product list are updated accordingly to the selected contract in cb991777f2dcd6cec892aca2a17766a44ff88538bd62762eb06275f337f59188.html in directory target/site/serenity  
[pool-1-thread-2] INFO net.thucydides.core.reports.html.HtmlAcceptanceTestReporter - GENERATING HTML REPORT FOR ACT-1 - Default Contract:VIR-226.07 Verify that if the contract is changed in customer master, it is changed to the customer without any notification in 97d516a9dd97a3564503058531e457f4fe37c4fa911c4e0a2cd67d9e4f26df95.html in directory target/site/serenity  
[pool-1-thread-1] INFO net.thucydides.core.reports.html.HtmlAcceptanceTestReporter - GENERATING HTML REPORT FOR ACT-1 - Default Contract:VIR-226.01A Verify that the script switch the contract A to the contract B automatically for bunch of selected customers in 40b3604109cc54897930215a5dff112d2f2a0f9a3f3a7c2ebf97db43a508944d.html in directory target/site/serenity  
[pool-1-thread-4] INFO net.thucydides.core.reports.html.HtmlAcceptanceTestReporter - GENERATING HTML REPORT FOR ACT-1 - Default Contract:VIR-226.08 Verify that the prices shows n/a, if the contract expired and the new one is not selected by shopper in 90eacd21eb1e7e24d79a439ece9e6416daa13b514c337bcef555c498996ee27a.html in directory target/site/serenity  
[pool-1-thread-3] INFO net.thucydides.core.reports.html.HtmlAcceptanceTestReporter - GENERATING HTML REPORT FOR ACT-21 - View Saved Carts:VIR-246.01 Verify that the shopper can see the saved carts within My Account in 8f924b8e28c6b842e118d033edbc4760c495b83f62c62df3597462885f301c84.html in directory target/site/serenity  
[pool-1-thread-1] INFO net.thucydides.core.reports.html.HtmlAcceptanceTestReporter - GENERATING HTML REPORT FOR ACT-21 - View Saved Carts:VIR-246.03 Verify that the saved cart is shown on the saved carts page in a78cc380adec40d2bde41cc9dd7bf1cd6cc7f6dd92d52beceefba632467fc268.html in directory target/site/serenity  
[pool-1-thread-2] INFO net.thucydides.core.reports.html.HtmlAcceptanceTestReporter - GENERATING HTML REPORT FOR ACT-21 - View Saved Carts:VIR-246.02 Remove all from saved carts in 57ad878c80f86f37b436866d9406bfc876bcc2a4fe8f331b75642b3504e58b7f.html in directory target/site/serenity  
[main] INFO net.serenitybdd.core.Serenity - 
 _____ _____ ____ _____   ____ _____  _    ____ _____ _____ ____  
|_   _| ____/ ___|_   _| / ___|_   _|/ \  |  _ \_   _| ____|  _ \ 
  | | |  _| \___ \ | |   \___ \ | | / _ \ | |_) || | |  _| | | | |
  | | | |___ ___) || |    ___) || |/ ___ \|  _ < | | | |___| |_| |
  |_| |_____|____/ |_|   |____/ |_/_/   \_\_| \_\|_| |_____|____/ 
                                                                  

TEST STARTED: VIR-246.04 Verify that the products and their selected quantities are shown at the saved cart page
-------------------------------------------------------------------(act-21---view-saved-carts;vir-246.04-verify-that-the-products-and-their-selected-quantities-are-shown-at-the-saved-cart-page)
[main] INFO net.serenitybdd.core.Serenity - STARTING STEP Given open the site and login
[main] INFO net.serenitybdd.core.Serenity - STARTING STEP Open the site
[main] INFO net.serenitybdd.core.Serenity - STEP ERROR: net.serenitybdd.core.exceptions.SerenityManagedException: Could not initialize class com.virco.locators.SiteData
]]></system-err>
  </testcase>
  <testcase name="Scenario: VIR-246.04 Verify that the products and their selected quantities are shown at the saved cart page" classname="Scenario: VIR-246.04 Verify that the products and their selected quantities are shown at the saved cart page" time="0.004">
    <error message="Could not initialize class com.virco.locators.SiteData" type="net.serenitybdd.core.exceptions.SerenityManagedException"><![CDATA[net.serenitybdd.core.exceptions.SerenityManagedException: Could not initialize class com.virco.locators.SiteData
	at com.virco.steps.serenity.CommonUserSteps.openTheSite(CommonUserSteps.java:19)
	at com.virco.steps.serenity.CommonUserSteps$$EnhancerByCGLIB$$d8541bfa.CGLIB$openTheSite$6(<generated>)
	at com.virco.steps.serenity.CommonUserSteps$$EnhancerByCGLIB$$d8541bfa$$FastClassByCGLIB$$ea8e0f86.invoke(<generated>)
	at net.sf.cglib.proxy.MethodProxy.invokeSuper(MethodProxy.java:228)
	at net.thucydides.core.steps.StepInterceptor.invokeMethod(StepInterceptor.java:372)
	at net.thucydides.core.steps.StepInterceptor.executeTestStepMethod(StepInterceptor.java:357)
	at net.thucydides.core.steps.StepInterceptor.runTestStep(StepInterceptor.java:332)
	at net.thucydides.core.steps.StepInterceptor.testStepResult(StepInterceptor.java:134)
	at net.thucydides.core.steps.StepInterceptor.intercept(StepInterceptor.java:61)
	at com.virco.steps.serenity.CommonUserSteps$$EnhancerByCGLIB$$d8541bfa.openTheSite(<generated>)
	at com.virco.steps.CommonDefinitionSteps.openTheSiteAndLogin(CommonDefinitionSteps.java:72)
	at sun.reflect.NativeMethodAccessorImpl.invoke0(Native Method)
	at sun.reflect.NativeMethodAccessorImpl.invoke(NativeMethodAccessorImpl.java:62)
	at sun.reflect.DelegatingMethodAccessorImpl.invoke(DelegatingMethodAccessorImpl.java:43)
	at java.lang.reflect.Method.invoke(Method.java:498)
	at cucumber.runtime.Utils$1.call(Utils.java:40)
	at cucumber.runtime.Timeout.timeout(Timeout.java:16)
	at cucumber.runtime.Utils.invoke(Utils.java:34)
	at cucumber.runtime.java.JavaStepDefinition.execute(JavaStepDefinition.java:38)
	at cucumber.runtime.StepDefinitionMatch.runStep(StepDefinitionMatch.java:37)
	at cucumber.runtime.Runtime.runStep(Runtime.java:300)
	at cucumber.runtime.model.StepContainer.runStep(StepContainer.java:44)
	at cucumber.runtime.model.StepContainer.runSteps(StepContainer.java:39)
	at cucumber.runtime.model.CucumberScenario.run(CucumberScenario.java:44)
	at cucumber.runtime.junit.ExecutionUnitRunner.run(ExecutionUnitRunner.java:102)
	at cucumber.runtime.junit.FeatureRunner.runChild(FeatureRunner.java:63)
	at cucumber.runtime.junit.FeatureRunner.runChild(FeatureRunner.java:18)
	at org.junit.runners.ParentRunner$3.run(ParentRunner.java:290)
	at org.junit.runners.ParentRunner$1.schedule(ParentRunner.java:71)
	at org.junit.runners.ParentRunner.runChildren(ParentRunner.java:288)
	at org.junit.runners.ParentRunner.access$000(ParentRunner.java:58)
	at org.junit.runners.ParentRunner$2.evaluate(ParentRunner.java:268)
	at org.junit.runners.ParentRunner.run(ParentRunner.java:363)
	at cucumber.runtime.junit.FeatureRunner.run(FeatureRunner.java:70)
	at cucumber.api.junit.Cucumber.runChild(Cucumber.java:95)
	at cucumber.api.junit.Cucumber.runChild(Cucumber.java:38)
	at org.junit.runners.ParentRunner$3.run(ParentRunner.java:290)
	at org.junit.runners.ParentRunner$1.schedule(ParentRunner.java:71)
	at org.junit.runners.ParentRunner.runChildren(ParentRunner.java:288)
	at org.junit.runners.ParentRunner.access$000(ParentRunner.java:58)
	at org.junit.runners.ParentRunner$2.evaluate(ParentRunner.java:268)
	at org.junit.runners.ParentRunner.run(ParentRunner.java:363)
	at cucumber.api.junit.Cucumber.run(Cucumber.java:100)
	at org.apache.maven.surefire.junit4.JUnit4Provider.execute(JUnit4Provider.java:283)
	at org.apache.maven.surefire.junit4.JUnit4Provider.executeWithRerun(JUnit4Provider.java:173)
	at org.apache.maven.surefire.junit4.JUnit4Provider.executeTestSet(JUnit4Provider.java:153)
	at org.apache.maven.surefire.junit4.JUnit4Provider.invoke(JUnit4Provider.java:128)
	at org.apache.maven.surefire.booter.ForkedBooter.invokeProviderInSameClassLoader(ForkedBooter.java:203)
	at org.apache.maven.surefire.booter.ForkedBooter.runSuitesInProcess(ForkedBooter.java:155)
	at org.apache.maven.surefire.booter.ForkedBooter.main(ForkedBooter.java:103)
]]></error>
  </testcase>
  <testcase name="When open category with pagination" classname="Scenario: VIR-246.04 Verify that the products and their selected quantities are shown at the saved cart page" time="0">
    <skipped/>
    <system-err><![CDATA[[main] INFO net.serenitybdd.core.Serenity - STEP ERROR: java.lang.NoClassDefFoundError: Could not initialize class com.virco.locators.SiteData
[main] INFO net.serenitybdd.core.Serenity - STARTING STEP When open category with pagination
]]></system-err>
  </testcase>
  <testcase name="When click on &quot;1&quot; product image in list" classname="Scenario: VIR-246.04 Verify that the products and their selected quantities are shown at the saved cart page" time="0">
    <skipped/>
    <system-err><![CDATA[[main] INFO net.serenitybdd.core.Serenity - IGNORING STEP
[main] INFO net.serenitybdd.core.Serenity - STARTING STEP When click on "1" product image in list
]]></system-err>
  </testcase>
  <testcase name="When click on &quot;Add to cart&quot; button" classname="Scenario: VIR-246.04 Verify that the products and their selected quantities are shown at the saved cart page" time="0">
    <skipped/>
    <system-err><![CDATA[[main] INFO net.serenitybdd.core.Serenity - IGNORING STEP
[main] INFO net.serenitybdd.core.Serenity - STARTING STEP When click on "Add to cart" button
]]></system-err>
  </testcase>
  <testcase name="When click on &quot;Checkout&quot; button" classname="Scenario: VIR-246.04 Verify that the products and their selected quantities are shown at the saved cart page" time="0">
    <skipped/>
    <system-err><![CDATA[[main] INFO net.serenitybdd.core.Serenity - IGNORING STEP
[main] INFO net.serenitybdd.core.Serenity - STARTING STEP When click on "Checkout" button
]]></system-err>
  </testcase>
  <testcase name="When remember products information on checkout page" classname="Scenario: VIR-246.04 Verify that the products and their selected quantities are shown at the saved cart page" time="0">
    <skipped/>
    <system-err><![CDATA[[main] INFO net.serenitybdd.core.Serenity - IGNORING STEP
[main] INFO net.serenitybdd.core.Serenity - STARTING STEP When remember products information on checkout page
]]></system-err>
  </testcase>
  <testcase name="When click on &quot;New Cart&quot; button" classname="Scenario: VIR-246.04 Verify that the products and their selected quantities are shown at the saved cart page" time="0">
    <skipped/>
    <system-err><![CDATA[[main] INFO net.serenitybdd.core.Serenity - IGNORING STEP
[main] INFO net.serenitybdd.core.Serenity - STARTING STEP When click on "New Cart" button
]]></system-err>
  </testcase>
  <testcase name="When enter &quot;TestProducts&quot; in the &quot;Name&quot; field" classname="Scenario: VIR-246.04 Verify that the products and their selected quantities are shown at the saved cart page" time="0">
    <skipped/>
    <system-err><![CDATA[[main] INFO net.serenitybdd.core.Serenity - IGNORING STEP
[main] INFO net.serenitybdd.core.Serenity - STARTING STEP When enter "TestProducts" in the "Name" field
]]></system-err>
  </testcase>
  <testcase name="When enter &quot;TestProductsDescription&quot; in the &quot;Description&quot; textarea" classname="Scenario: VIR-246.04 Verify that the products and their selected quantities are shown at the saved cart page" time="0">
    <skipped/>
    <system-err><![CDATA[[main] INFO net.serenitybdd.core.Serenity - IGNORING STEP
[main] INFO net.serenitybdd.core.Serenity - STARTING STEP When enter "TestProductsDescription" in the "Description" textarea
]]></system-err>
  </testcase>
  <testcase name="When click on &quot;Save&quot; modal button" classname="Scenario: VIR-246.04 Verify that the products and their selected quantities are shown at the saved cart page" time="0">
    <skipped/>
    <system-err><![CDATA[[main] INFO net.serenitybdd.core.Serenity - IGNORING STEP
[main] INFO net.serenitybdd.core.Serenity - STARTING STEP When click on "Save" modal button
]]></system-err>
  </testcase>
  <testcase name="Then alert with text &quot;Cart TestProducts was successfully saved&quot; is shown" classname="Scenario: VIR-246.04 Verify that the products and their selected quantities are shown at the saved cart page" time="0">
    <skipped/>
    <system-err><![CDATA[[main] INFO net.serenitybdd.core.Serenity - IGNORING STEP
[main] INFO net.serenitybdd.core.Serenity - STARTING STEP Then alert with text "Cart TestProducts was successfully saved" is shown
]]></system-err>
  </testcase>
  <testcase name="When click on &quot;Saved Carts (&quot; button" classname="Scenario: VIR-246.04 Verify that the products and their selected quantities are shown at the saved cart page" time="0">
    <skipped/>
    <system-err><![CDATA[[main] INFO net.serenitybdd.core.Serenity - IGNORING STEP
[main] INFO net.serenitybdd.core.Serenity - STARTING STEP When click on "Saved Carts (" button
]]></system-err>
  </testcase>
  <testcase name="When click on &quot;TestProducts&quot; saved cart" classname="Scenario: VIR-246.04 Verify that the products and their selected quantities are shown at the saved cart page" time="0">
    <skipped/>
    <system-err><![CDATA[[main] INFO net.serenitybdd.core.Serenity - IGNORING STEP
[main] INFO net.serenitybdd.core.Serenity - STARTING STEP When click on "TestProducts" saved cart
]]></system-err>
  </testcase>
  <testcase name="Then products on saved cart are correct" classname="Scenario: VIR-246.04 Verify that the products and their selected quantities are shown at the saved cart page" time="0">
    <skipped/>
    <system-err><![CDATA[[main] INFO net.serenitybdd.core.Serenity - IGNORING STEP
[main] INFO net.serenitybdd.core.Serenity - STARTING STEP Then products on saved cart are correct
]]></system-err>
  </testcase>
  <testcase name="Given open the site and login" classname="Scenario: VIR-246.05 Verify that saved cart can be restored" time="0.002">
    <error message="Could not initialize class com.virco.locators.SiteData" type="net.serenitybdd.core.exceptions.SerenityManagedException"><![CDATA[net.serenitybdd.core.exceptions.SerenityManagedException: Could not initialize class com.virco.locators.SiteData
	at com.virco.steps.serenity.CommonUserSteps.openTheSite(CommonUserSteps.java:19)
	at com.virco.steps.serenity.CommonUserSteps$$EnhancerByCGLIB$$d8541bfa.CGLIB$openTheSite$6(<generated>)
	at com.virco.steps.serenity.CommonUserSteps$$EnhancerByCGLIB$$d8541bfa$$FastClassByCGLIB$$ea8e0f86.invoke(<generated>)
	at net.sf.cglib.proxy.MethodProxy.invokeSuper(MethodProxy.java:228)
	at net.thucydides.core.steps.StepInterceptor.invokeMethod(StepInterceptor.java:372)
	at net.thucydides.core.steps.StepInterceptor.executeTestStepMethod(StepInterceptor.java:357)
	at net.thucydides.core.steps.StepInterceptor.runTestStep(StepInterceptor.java:332)
	at net.thucydides.core.steps.StepInterceptor.testStepResult(StepInterceptor.java:134)
	at net.thucydides.core.steps.StepInterceptor.intercept(StepInterceptor.java:61)
	at com.virco.steps.serenity.CommonUserSteps$$EnhancerByCGLIB$$d8541bfa.openTheSite(<generated>)
	at com.virco.steps.CommonDefinitionSteps.openTheSiteAndLogin(CommonDefinitionSteps.java:72)
	at sun.reflect.NativeMethodAccessorImpl.invoke0(Native Method)
	at sun.reflect.NativeMethodAccessorImpl.invoke(NativeMethodAccessorImpl.java:62)
	at sun.reflect.DelegatingMethodAccessorImpl.invoke(DelegatingMethodAccessorImpl.java:43)
	at java.lang.reflect.Method.invoke(Method.java:498)
	at cucumber.runtime.Utils$1.call(Utils.java:40)
	at cucumber.runtime.Timeout.timeout(Timeout.java:16)
	at cucumber.runtime.Utils.invoke(Utils.java:34)
	at cucumber.runtime.java.JavaStepDefinition.execute(JavaStepDefinition.java:38)
	at cucumber.runtime.StepDefinitionMatch.runStep(StepDefinitionMatch.java:37)
	at cucumber.runtime.Runtime.runStep(Runtime.java:300)
	at cucumber.runtime.model.StepContainer.runStep(StepContainer.java:44)
	at cucumber.runtime.model.StepContainer.runSteps(StepContainer.java:39)
	at cucumber.runtime.model.CucumberScenario.run(CucumberScenario.java:44)
	at cucumber.runtime.junit.ExecutionUnitRunner.run(ExecutionUnitRunner.java:102)
	at cucumber.runtime.junit.FeatureRunner.runChild(FeatureRunner.java:63)
	at cucumber.runtime.junit.FeatureRunner.runChild(FeatureRunner.java:18)
	at org.junit.runners.ParentRunner$3.run(ParentRunner.java:290)
	at org.junit.runners.ParentRunner$1.schedule(ParentRunner.java:71)
	at org.junit.runners.ParentRunner.runChildren(ParentRunner.java:288)
	at org.junit.runners.ParentRunner.access$000(ParentRunner.java:58)
	at org.junit.runners.ParentRunner$2.evaluate(ParentRunner.java:268)
	at org.junit.runners.ParentRunner.run(ParentRunner.java:363)
	at cucumber.runtime.junit.FeatureRunner.run(FeatureRunner.java:70)
	at cucumber.api.junit.Cucumber.runChild(Cucumber.java:95)
	at cucumber.api.junit.Cucumber.runChild(Cucumber.java:38)
	at org.junit.runners.ParentRunner$3.run(ParentRunner.java:290)
	at org.junit.runners.ParentRunner$1.schedule(ParentRunner.java:71)
	at org.junit.runners.ParentRunner.runChildren(ParentRunner.java:288)
	at org.junit.runners.ParentRunner.access$000(ParentRunner.java:58)
	at org.junit.runners.ParentRunner$2.evaluate(ParentRunner.java:268)
	at org.junit.runners.ParentRunner.run(ParentRunner.java:363)
	at cucumber.api.junit.Cucumber.run(Cucumber.java:100)
	at org.apache.maven.surefire.junit4.JUnit4Provider.execute(JUnit4Provider.java:283)
	at org.apache.maven.surefire.junit4.JUnit4Provider.executeWithRerun(JUnit4Provider.java:173)
	at org.apache.maven.surefire.junit4.JUnit4Provider.executeTestSet(JUnit4Provider.java:153)
	at org.apache.maven.surefire.junit4.JUnit4Provider.invoke(JUnit4Provider.java:128)
	at org.apache.maven.surefire.booter.ForkedBooter.invokeProviderInSameClassLoader(ForkedBooter.java:203)
	at org.apache.maven.surefire.booter.ForkedBooter.runSuitesInProcess(ForkedBooter.java:155)
	at org.apache.maven.surefire.booter.ForkedBooter.main(ForkedBooter.java:103)
]]></error>
    <system-err><![CDATA[[main] INFO net.serenitybdd.core.Serenity - IGNORING STEP
[main] ERROR net.serenitybdd.core.Serenity - 
           __  _____ _____ ____ _____   _____ _    ___ _     _____ ____  
  _       / / |_   _| ____/ ___|_   _| |  ___/ \  |_ _| |   | ____|  _ \ 
 (_)_____| |    | | |  _| \___ \ | |   | |_ / _ \  | || |   |  _| | | | |
  _|_____| |    | | | |___ ___) || |   |  _/ ___ \ | || |___| |___| |_| |
 (_)     | |    |_| |_____|____/ |_|   |_|/_/   \_\___|_____|_____|____/ 
          \_\                                                            

TEST FAILED WITH ERROR: VIR-246.04 Verify that the products and their selected quantities are shown at the saved cart page
---------------------------------------------------------------------
[main] ERROR net.serenitybdd.core.Serenity - TEST FAILED AT STEP Open the site
[main] ERROR net.serenitybdd.core.Serenity - Could not initialize class com.virco.locators.SiteData
[pool-1-thread-3] INFO net.thucydides.core.reports.json.JSONTestOutcomeReporter - Generating JSON report for VIR-235.01 Verify that the shopper can view the order history within My Account to file /Users/rodionsavchuk/hybrisAutomation/virco-automatedtests/target/site/serenity/273677580b5ade55ccb470a2e988196811df982925cdbb1ace31e0a5efaabec1.json (using temp file /Users/rodionsavchuk/hybrisAutomation/virco-automatedtests/target/site/serenity/273677580b5ade55ccb470a2e988196811df982925cdbb1ace31e0a5efaabec1.jsonc5cac25e-ee59-4b44-9309-bc51b6810c5c)
[pool-1-thread-2] INFO net.thucydides.core.reports.json.JSONTestOutcomeReporter - Generating JSON report for VIR-235.02 Verify that the newest order is shown first in the list to file /Users/rodionsavchuk/hybrisAutomation/virco-automatedtests/target/site/serenity/8840d0acce101c4828203142f8d64f0725d2637a38c8eebef56a7d6a8b899749.json (using temp file /Users/rodionsavchuk/hybrisAutomation/virco-automatedtests/target/site/serenity/8840d0acce101c4828203142f8d64f0725d2637a38c8eebef56a7d6a8b899749.json9d5324f8-1df0-4067-b672-3bd703a1770a)
[pool-1-thread-1] INFO net.thucydides.core.reports.json.JSONTestOutcomeReporter - Generating JSON report for VIR-235.03 Verify that the orders can be filtered by to file /Users/rodionsavchuk/hybrisAutomation/virco-automatedtests/target/site/serenity/29922dd92355b657a29ca8ceee8ece530ee19fab8572208c0d42c3104ff16960.json (using temp file /Users/rodionsavchuk/hybrisAutomation/virco-automatedtests/target/site/serenity/29922dd92355b657a29ca8ceee8ece530ee19fab8572208c0d42c3104ff16960.jsonf3166b8a-e656-4252-a598-966b0cf93cde)
[pool-1-thread-2] INFO net.thucydides.core.reports.json.JSONTestOutcomeReporter - Generating JSON report for VIR-235.05 Verify that the orders can be sorted by to file /Users/rodionsavchuk/hybrisAutomation/virco-automatedtests/target/site/serenity/b3c85d502fdd11d32f7b2c0e62dbb38be0c6f9c593e4d4ccd95adcc5fe60b304.json (using temp file /Users/rodionsavchuk/hybrisAutomation/virco-automatedtests/target/site/serenity/b3c85d502fdd11d32f7b2c0e62dbb38be0c6f9c593e4d4ccd95adcc5fe60b304.json25f3dd98-5603-4ffc-baa4-935b01d03c79)
[pool-1-thread-4] INFO net.thucydides.core.reports.json.JSONTestOutcomeReporter - Generating JSON report for VIR-235.04 Verify that the current year view of orders is set by default to file /Users/rodionsavchuk/hybrisAutomation/virco-automatedtests/target/site/serenity/611fe17d9cda8a2f0360fd4a5e0044434a5a44282d734d3f572d018496b6a768.json (using temp file /Users/rodionsavchuk/hybrisAutomation/virco-automatedtests/target/site/serenity/611fe17d9cda8a2f0360fd4a5e0044434a5a44282d734d3f572d018496b6a768.json63f1f956-49ba-490b-bdaa-7b776a35f441)
[pool-1-thread-3] INFO net.thucydides.core.reports.json.JSONTestOutcomeReporter - Generating JSON report for VIR-235.06 Verify that the orders can be grouped by PO# (alpha-numeric) to file /Users/rodionsavchuk/hybrisAutomation/virco-automatedtests/target/site/serenity/69529ca40520069837eb10aa62eb1ab7518abd062932198aaa75ce49a153bdf4.json (using temp file /Users/rodionsavchuk/hybrisAutomation/virco-automatedtests/target/site/serenity/69529ca40520069837eb10aa62eb1ab7518abd062932198aaa75ce49a153bdf4.json85cf2e73-fe5f-4903-8249-3a48052c0fc4)
[pool-1-thread-2] INFO net.thucydides.core.reports.json.JSONTestOutcomeReporter - Generating JSON report for VIR-236.01 Verify that the shopper can see the created by him ECC orders withing Orders History to file /Users/rodionsavchuk/hybrisAutomation/virco-automatedtests/target/site/serenity/6e0b05141f32d41efa52a2f8708a010ef30be5406c962e50aa108e52f637ff4f.json (using temp file /Users/rodionsavchuk/hybrisAutomation/virco-automatedtests/target/site/serenity/6e0b05141f32d41efa52a2f8708a010ef30be5406c962e50aa108e52f637ff4f.jsonc1a307f1-6eff-4630-a05e-640ca51e6624)
[pool-1-thread-4] INFO net.thucydides.core.reports.json.JSONTestOutcomeReporter - Generating JSON report for VIR-236.02 Verify that the shopper is able to see the ECC orders details to file /Users/rodionsavchuk/hybrisAutomation/virco-automatedtests/target/site/serenity/06a785ccbf37298662c0a3d0b35aa8a04f4eb296e14af96a2032ecacd8155265.json (using temp file /Users/rodionsavchuk/hybrisAutomation/virco-automatedtests/target/site/serenity/06a785ccbf37298662c0a3d0b35aa8a04f4eb296e14af96a2032ecacd8155265.json5cd7cf0d-e44a-4993-b0a2-a7029a4baf87)
[pool-1-thread-2] INFO net.thucydides.core.reports.json.JSONTestOutcomeReporter - Generating JSON report for VIR-236.03 Verify that shopper is not able to reorder the ECC orders to file /Users/rodionsavchuk/hybrisAutomation/virco-automatedtests/target/site/serenity/adad10cc0c0c283641a22aee227822d43a6b04d28868ac5b5b9f65428e2198f1.json (using temp file /Users/rodionsavchuk/hybrisAutomation/virco-automatedtests/target/site/serenity/adad10cc0c0c283641a22aee227822d43a6b04d28868ac5b5b9f65428e2198f1.jsonda2c1624-3d9f-4d32-a677-131f336c98ad)
[pool-1-thread-4] INFO net.thucydides.core.reports.json.JSONTestOutcomeReporter - Generating JSON report for VIR-237.01 Verify that the chief shopper is able to view the orders created by others within their organization to file /Users/rodionsavchuk/hybrisAutomation/virco-automatedtests/target/site/serenity/37ec79a1d6a9cc6a2aec4574466f6dcb64dfed35c002fda7b3134b876ab9d490.json (using temp file /Users/rodionsavchuk/hybrisAutomation/virco-automatedtests/target/site/serenity/37ec79a1d6a9cc6a2aec4574466f6dcb64dfed35c002fda7b3134b876ab9d490.json82266b4c-b4ed-4644-9cad-35859118155f)
[pool-1-thread-3] INFO net.thucydides.core.reports.json.JSONTestOutcomeReporter - Generating JSON report for VIR-237.02 Verify that all orders are shown at the same page to file /Users/rodionsavchuk/hybrisAutomation/virco-automatedtests/target/site/serenity/04c1b88fcf25fa2f1ca595220bf539bd3345daf07b3f5fd975b7cfa258aa1a72.json (using temp file /Users/rodionsavchuk/hybrisAutomation/virco-automatedtests/target/site/serenity/04c1b88fcf25fa2f1ca595220bf539bd3345daf07b3f5fd975b7cfa258aa1a72.json768a1a08-ce34-4eee-ae55-7d047956cbcd)
[pool-1-thread-2] INFO net.thucydides.core.reports.json.JSONTestOutcomeReporter - Generating JSON report for VIR-238.01 Verify that the stuff shopper can view orders created by him/her to file /Users/rodionsavchuk/hybrisAutomation/virco-automatedtests/target/site/serenity/da20584ac40b990dc291e9ae9cb2facdd86f681d176e5cbf03c9dc84024b2dea.json (using temp file /Users/rodionsavchuk/hybrisAutomation/virco-automatedtests/target/site/serenity/da20584ac40b990dc291e9ae9cb2facdd86f681d176e5cbf03c9dc84024b2dea.json73e310fc-c3b0-47b1-b35d-504daa806f65)
[pool-1-thread-3] INFO net.thucydides.core.reports.json.JSONTestOutcomeReporter - Generating JSON report for VIR-239.01 Verify that the shopper can see the Reorder button near each order in the list of orders history to file /Users/rodionsavchuk/hybrisAutomation/virco-automatedtests/target/site/serenity/bc5c957c59b8dd4780a20bc8c811eb7cd90739e0aa75b27ef4276f5d16b25e8a.json (using temp file /Users/rodionsavchuk/hybrisAutomation/virco-automatedtests/target/site/serenity/bc5c957c59b8dd4780a20bc8c811eb7cd90739e0aa75b27ef4276f5d16b25e8a.json9dc40e2c-b7b9-474c-a0e1-a5aa9721dfe0)
[pool-1-thread-4] INFO net.thucydides.core.reports.json.JSONTestOutcomeReporter - Generating JSON report for VIR-238.02 Verify that the admin shoppers can view orders placed by admin and stuff shoppers within organization to file /Users/rodionsavchuk/hybrisAutomation/virco-automatedtests/target/site/serenity/049e5266696367738227685efc996b610d41e4a9ff2b91176988ad3e5d046577.json (using temp file /Users/rodionsavchuk/hybrisAutomation/virco-automatedtests/target/site/serenity/049e5266696367738227685efc996b610d41e4a9ff2b91176988ad3e5d046577.json9d20c498-5fa6-471c-9dcd-854ebd81ee09)
[pool-1-thread-4] INFO net.thucydides.core.reports.json.JSONTestOutcomeReporter - Generating JSON report for VIR-239.02 Verify that the Reorder button is present at the order details page to file /Users/rodionsavchuk/hybrisAutomation/virco-automatedtests/target/site/serenity/7f2baa53bf21c1609ec69298572380037821566fedb28a9f798f27a38a595463.json (using temp file /Users/rodionsavchuk/hybrisAutomation/virco-automatedtests/target/site/serenity/7f2baa53bf21c1609ec69298572380037821566fedb28a9f798f27a38a595463.json1434157d-0f71-4c91-a162-d8a45cbef457)
[pool-1-thread-2] INFO net.thucydides.core.reports.json.JSONTestOutcomeReporter - Generating JSON report for VIR-239.03 Verify that the Reorder button is present only near the orders created by shopper to file /Users/rodionsavchuk/hybrisAutomation/virco-automatedtests/target/site/serenity/db5d2cc2cdb477151d79acc5ba80f9970445ac1f4a40c15aea05ceaf9d72ab4c.json (using temp file /Users/rodionsavchuk/hybrisAutomation/virco-automatedtests/target/site/serenity/db5d2cc2cdb477151d79acc5ba80f9970445ac1f4a40c15aea05ceaf9d72ab4c.jsonc4f98655-d48a-4e3f-947c-00cddefb0072)
[pool-1-thread-3] INFO net.thucydides.core.reports.json.JSONTestOutcomeReporter - Generating JSON report for VIR-239.04 Verify that the new order with the same order details is created after reordering to file /Users/rodionsavchuk/hybrisAutomation/virco-automatedtests/target/site/serenity/86d284f6d52dd7b06703c0e65ed979dc08ab5e91925669335c8db93a482789bd.json (using temp file /Users/rodionsavchuk/hybrisAutomation/virco-automatedtests/target/site/serenity/86d284f6d52dd7b06703c0e65ed979dc08ab5e91925669335c8db93a482789bd.jsone66fc5d6-c938-4228-946b-5b25d5ac09c3)
[pool-1-thread-2] INFO net.thucydides.core.reports.json.JSONTestOutcomeReporter - Generating JSON report for VIR-239.05 Verify that the Admin can reorder the orders created by him and stuff shoppers to file /Users/rodionsavchuk/hybrisAutomation/virco-automatedtests/target/site/serenity/bd0258604ad0a60526916081e6985c7c5319337a9181a074ad5638ad9d781d0d.json (using temp file /Users/rodionsavchuk/hybrisAutomation/virco-automatedtests/target/site/serenity/bd0258604ad0a60526916081e6985c7c5319337a9181a074ad5638ad9d781d0d.jsonc2ea9705-1c21-4c50-8041-3794f4cd8a75)
[pool-1-thread-4] INFO net.thucydides.core.reports.json.JSONTestOutcomeReporter - Generating JSON report for VIR-239.06 Verify that the Chief can reorder the orders created by him, admin and stuff shoppers to file /Users/rodionsavchuk/hybrisAutomation/virco-automatedtests/target/site/serenity/ce484b4c5f4b477729fe56f6574c4b704d459afba8238101689edf60627995fe.json (using temp file /Users/rodionsavchuk/hybrisAutomation/virco-automatedtests/target/site/serenity/ce484b4c5f4b477729fe56f6574c4b704d459afba8238101689edf60627995fe.json5182ac50-216b-4fd0-b07a-39c1aadbb0a3)
[pool-1-thread-3] INFO net.thucydides.core.reports.json.JSONTestOutcomeReporter - Generating JSON report for VIR-240.01 Verify that the following message is shown to the customer if they entered wrong login data at first and second times to file /Users/rodionsavchuk/hybrisAutomation/virco-automatedtests/target/site/serenity/5c983153fe2ebb177f0d9e8b132ca59a6e0ee0ae8654058c47ae107dbb7196e9.json (using temp file /Users/rodionsavchuk/hybrisAutomation/virco-automatedtests/target/site/serenity/5c983153fe2ebb177f0d9e8b132ca59a6e0ee0ae8654058c47ae107dbb7196e9.jsond3bee7ae-1a19-4851-ba8e-dfec0aa8f9ab)
[pool-1-thread-2] INFO net.thucydides.core.reports.json.JSONTestOutcomeReporter - Generating JSON report for VIR-240.02 Verify that the error message is shown to the customer if they entered wrong login data three and more times to file /Users/rodionsavchuk/hybrisAutomation/virco-automatedtests/target/site/serenity/feea09e30f98fa20f26d9fa541c867e47262726ef2edae67658e6fe1f69f795b.json (using temp file /Users/rodionsavchuk/hybrisAutomation/virco-automatedtests/target/site/serenity/feea09e30f98fa20f26d9fa541c867e47262726ef2edae67658e6fe1f69f795b.json36b93ee2-56b2-4990-b81b-01b1a57d95a4)
[pool-1-thread-4] INFO net.thucydides.core.reports.json.JSONTestOutcomeReporter - Generating JSON report for VIR-240.03 Verify that the account is locked automatically after 3 incorrect login attempts to file /Users/rodionsavchuk/hybrisAutomation/virco-automatedtests/target/site/serenity/98702c761630d5e96c1885fc6b7d9edc2d3d9276a61dcb964fb55a77180ac4c4.json (using temp file /Users/rodionsavchuk/hybrisAutomation/virco-automatedtests/target/site/serenity/98702c761630d5e96c1885fc6b7d9edc2d3d9276a61dcb964fb55a77180ac4c4.jsond1d1ad45-65e3-4c94-b223-e1b2438f7008)
[pool-1-thread-3] INFO net.thucydides.core.reports.json.JSONTestOutcomeReporter - Generating JSON report for VIR-240.04 Verify that the customer can phone via Skype when they click on the phone number from desktop browser to file /Users/rodionsavchuk/hybrisAutomation/virco-automatedtests/target/site/serenity/022ceba0bee1a7e3be70af6fce73e28abbfa02e327dc996b425b971073e81949.json (using temp file /Users/rodionsavchuk/hybrisAutomation/virco-automatedtests/target/site/serenity/022ceba0bee1a7e3be70af6fce73e28abbfa02e327dc996b425b971073e81949.json245afd49-2f08-4c21-9953-fe894e2063f1)
[pool-1-thread-2] INFO net.thucydides.core.reports.json.JSONTestOutcomeReporter - Generating JSON report for VIR-240.05 Verify that the customer can phone via phone/skype when they click on the phone number from mobile device to file /Users/rodionsavchuk/hybrisAutomation/virco-automatedtests/target/site/serenity/0acf8d5b428f155bb5cd03ead2beee85cb116b173f667ca0d7eddf263c734900.json (using temp file /Users/rodionsavchuk/hybrisAutomation/virco-automatedtests/target/site/serenity/0acf8d5b428f155bb5cd03ead2beee85cb116b173f667ca0d7eddf263c734900.jsonfdea6bd7-ba7f-4c1a-b55f-92880c886882)
[pool-1-thread-4] INFO net.thucydides.core.reports.json.JSONTestOutcomeReporter - Generating JSON report for VIR-241.01 Verify that the bunch of customers are created in hybris after running mass setup script to file /Users/rodionsavchuk/hybrisAutomation/virco-automatedtests/target/site/serenity/463850b14992f16a3a2bf3702fcc5975eee58ce459f840ff047b04c2eaef46d1.json (using temp file /Users/rodionsavchuk/hybrisAutomation/virco-automatedtests/target/site/serenity/463850b14992f16a3a2bf3702fcc5975eee58ce459f840ff047b04c2eaef46d1.jsonc2731c52-69ef-4987-94d8-1d20dab17244)
[pool-1-thread-1] INFO net.thucydides.core.reports.json.JSONTestOutcomeReporter - Generating JSON report for VIR-239.07 Verify that the Stuff shopper can reorder the orders created by him\her only to file /Users/rodionsavchuk/hybrisAutomation/virco-automatedtests/target/site/serenity/b8018260c31d901f3d8d776ff65116bc168b781e95b8a9f89641bcafaaa081f8.json (using temp file /Users/rodionsavchuk/hybrisAutomation/virco-automatedtests/target/site/serenity/b8018260c31d901f3d8d776ff65116bc168b781e95b8a9f89641bcafaaa081f8.jsoned894e60-696e-4ff5-bf03-3c7cf091e699)
[pool-1-thread-3] INFO net.thucydides.core.reports.json.JSONTestOutcomeReporter - Generating JSON report for VIR-241.02 Verify that the personal details are mapped appropriately to file /Users/rodionsavchuk/hybrisAutomation/virco-automatedtests/target/site/serenity/a13f41939905f13645385d57d811c8cdd84a0cbed0caf2a6b3c4f55c28d79c01.json (using temp file /Users/rodionsavchuk/hybrisAutomation/virco-automatedtests/target/site/serenity/a13f41939905f13645385d57d811c8cdd84a0cbed0caf2a6b3c4f55c28d79c01.json1561a934-6772-4a62-9453-368d4503b476)
[pool-1-thread-2] INFO net.thucydides.core.reports.json.JSONTestOutcomeReporter - Generating JSON report for VIR-241.03 Verify that the data outlined in ID3 are copied into the hybris to file /Users/rodionsavchuk/hybrisAutomation/virco-automatedtests/target/site/serenity/39e10a2762693c36aeb39ffa0694d6429714a5caa78716ad3e3a6dc6f9f35100.json (using temp file /Users/rodionsavchuk/hybrisAutomation/virco-automatedtests/target/site/serenity/39e10a2762693c36aeb39ffa0694d6429714a5caa78716ad3e3a6dc6f9f35100.jsonefb81cc8-40d8-4488-891b-5560eeb8acb8)
[pool-1-thread-4] INFO net.thucydides.core.reports.json.JSONTestOutcomeReporter - Generating JSON report for VIR-241.04 Verify that just set up customers can log into the system and perform appropriate activities (due to the permissions) to file /Users/rodionsavchuk/hybrisAutomation/virco-automatedtests/target/site/serenity/cad527a19b233d2a98237bc580b3e071a577ec5892a5ac544f2f50b81e1edc9a.json (using temp file /Users/rodionsavchuk/hybrisAutomation/virco-automatedtests/target/site/serenity/cad527a19b233d2a98237bc580b3e071a577ec5892a5ac544f2f50b81e1edc9a.jsond628ac07-1758-4a81-a443-e6d23a271d7f)
[pool-1-thread-3] INFO net.thucydides.core.reports.json.JSONTestOutcomeReporter - Generating JSON report for VIR-242.01 Verify that the following sub menu My Account menu has following options to file /Users/rodionsavchuk/hybrisAutomation/virco-automatedtests/target/site/serenity/1276140ef62c6432b71b0f37d8025035d8b303a616dfb579c0464109d19a2074.json (using temp file /Users/rodionsavchuk/hybrisAutomation/virco-automatedtests/target/site/serenity/1276140ef62c6432b71b0f37d8025035d8b303a616dfb579c0464109d19a2074.jsonbb680515-c256-4108-a549-958529dcb4d8)
[pool-1-thread-2] INFO net.thucydides.core.reports.json.JSONTestOutcomeReporter - Generating JSON report for VIR-242.02 Verify that the shopper is moved to the appropriate page after clicking on the sub-menu option to file /Users/rodionsavchuk/hybrisAutomation/virco-automatedtests/target/site/serenity/28ef021d759f2a4643b61547ae2c5a1b9ce2544b0930e552ce883dc4238eb54c.json (using temp file /Users/rodionsavchuk/hybrisAutomation/virco-automatedtests/target/site/serenity/28ef021d759f2a4643b61547ae2c5a1b9ce2544b0930e552ce883dc4238eb54c.json0c6ae09c-eb91-4557-8ce1-fe1c21e17b20)
[pool-1-thread-4] INFO net.thucydides.core.reports.json.JSONTestOutcomeReporter - Generating JSON report for VIR-243.01 Verify that the order tracking number is shown at the Order History and on the Order Details pages to file /Users/rodionsavchuk/hybrisAutomation/virco-automatedtests/target/site/serenity/70b6f3d948299c508f0755eca224d394eabc6d05bab5864a70e0f1b9c6b1e644.json (using temp file /Users/rodionsavchuk/hybrisAutomation/virco-automatedtests/target/site/serenity/70b6f3d948299c508f0755eca224d394eabc6d05bab5864a70e0f1b9c6b1e644.json9da1bcb9-8064-467d-9226-ad34d50e0a8a)
[pool-1-thread-3] INFO net.thucydides.core.reports.json.JSONTestOutcomeReporter - Generating JSON report for VIR-243.02 Verify that the several order tracking number can be shown for one order to file /Users/rodionsavchuk/hybrisAutomation/virco-automatedtests/target/site/serenity/962a8661ed130dbc7b367611253983130c921d9ccf15ff013ae776fad79d5178.json (using temp file /Users/rodionsavchuk/hybrisAutomation/virco-automatedtests/target/site/serenity/962a8661ed130dbc7b367611253983130c921d9ccf15ff013ae776fad79d5178.json96faa59b-de80-4e19-8c0e-c4e467e369f5)
[pool-1-thread-4] INFO net.thucydides.core.reports.json.JSONTestOutcomeReporter - Generating JSON report for VIR-243.03 Verify that the order delivery status is shown in new window after clicking on tracking number link to file /Users/rodionsavchuk/hybrisAutomation/virco-automatedtests/target/site/serenity/05de3555ce50877d7a68bf12b1c9ce484c460fe5f0202de33af8de7536c5347d.json (using temp file /Users/rodionsavchuk/hybrisAutomation/virco-automatedtests/target/site/serenity/05de3555ce50877d7a68bf12b1c9ce484c460fe5f0202de33af8de7536c5347d.json292f629c-b954-440a-b6b5-640ba082cfc2)
[pool-1-thread-3] INFO net.thucydides.core.reports.json.JSONTestOutcomeReporter - Generating JSON report for VIR-243.04 Verify that the chief shopper can see the order tracking number for the orders created by to file /Users/rodionsavchuk/hybrisAutomation/virco-automatedtests/target/site/serenity/6679b678bf94497d010ee1d2e4e9da687ae39e591aaeb2628364a7db535048bd.json (using temp file /Users/rodionsavchuk/hybrisAutomation/virco-automatedtests/target/site/serenity/6679b678bf94497d010ee1d2e4e9da687ae39e591aaeb2628364a7db535048bd.json3e6acdc2-0b0a-49e3-9019-1ed581d431ef)
[pool-1-thread-4] INFO net.thucydides.core.reports.json.JSONTestOutcomeReporter - Generating JSON report for VIR-243.05 Verify that the admin shopper can see the order tracking number for the orders created by to file /Users/rodionsavchuk/hybrisAutomation/virco-automatedtests/target/site/serenity/62c275f127453f29fafc4c2149202cb494bb82c96be65d9c7ffdda17d402d199.json (using temp file /Users/rodionsavchuk/hybrisAutomation/virco-automatedtests/target/site/serenity/62c275f127453f29fafc4c2149202cb494bb82c96be65d9c7ffdda17d402d199.json8ef8ec7f-efb7-4169-b1ce-f165754a2ed6)
[pool-1-thread-2] INFO net.thucydides.core.reports.json.JSONTestOutcomeReporter - Generating JSON report for VIR-244.01 Verify that the shopper can see their email address within Email in My Account Menu to file /Users/rodionsavchuk/hybrisAutomation/virco-automatedtests/target/site/serenity/bf8e1443a8f088c9e57e0348c8704fc75e0549ba1f9d96c39d9d0ad3f4b04b32.json (using temp file /Users/rodionsavchuk/hybrisAutomation/virco-automatedtests/target/site/serenity/bf8e1443a8f088c9e57e0348c8704fc75e0549ba1f9d96c39d9d0ad3f4b04b32.jsoneec0a03c-e900-4a93-a1e5-449447fa0cb5)
[pool-1-thread-3] INFO net.thucydides.core.reports.json.JSONTestOutcomeReporter - Generating JSON report for VIR-244.02 Verify that the email address is not editable to file /Users/rodionsavchuk/hybrisAutomation/virco-automatedtests/target/site/serenity/bfc781d1f39529c42f3e2e6163fe397cb7cd1efdb5aea56fac29b0f0f66e1a5e.json (using temp file /Users/rodionsavchuk/hybrisAutomation/virco-automatedtests/target/site/serenity/bfc781d1f39529c42f3e2e6163fe397cb7cd1efdb5aea56fac29b0f0f66e1a5e.jsona42b38f6-8165-45e5-bfca-3f33c4265c10)
[pool-1-thread-4] INFO net.thucydides.core.reports.json.JSONTestOutcomeReporter - Generating JSON report for VIR-226.01 Verify that the dropdown list with contracts is shown in the header to file /Users/rodionsavchuk/hybrisAutomation/virco-automatedtests/target/site/serenity/1a7109a2e435410aec76a6616813b89a7a128938fc747b573a8bea77b5dc2e74.json (using temp file /Users/rodionsavchuk/hybrisAutomation/virco-automatedtests/target/site/serenity/1a7109a2e435410aec76a6616813b89a7a128938fc747b573a8bea77b5dc2e74.jsona5ba14d2-a7c0-49c7-9616-18a5f2e651cc)
[pool-1-thread-2] INFO net.thucydides.core.reports.json.JSONTestOutcomeReporter - Generating JSON report for VIR-226.03 Verify that each customer has their own default contract to file /Users/rodionsavchuk/hybrisAutomation/virco-automatedtests/target/site/serenity/1100df39b069668be73bd3fa061625067d18d2c8d7eb03db90d26ed720e1bad6.json (using temp file /Users/rodionsavchuk/hybrisAutomation/virco-automatedtests/target/site/serenity/1100df39b069668be73bd3fa061625067d18d2c8d7eb03db90d26ed720e1bad6.jsone4a691fc-3f31-497e-ae33-aa38531d2982)
[pool-1-thread-4] INFO net.thucydides.core.reports.json.JSONTestOutcomeReporter - Generating JSON report for VIR-226.05 Verify that shopper can change the contract as many times, as they want to file /Users/rodionsavchuk/hybrisAutomation/virco-automatedtests/target/site/serenity/d72154fb388d26ac97bf25cdf1619f4513466127fb36eb261ec18074f0a654cd.json (using temp file /Users/rodionsavchuk/hybrisAutomation/virco-automatedtests/target/site/serenity/d72154fb388d26ac97bf25cdf1619f4513466127fb36eb261ec18074f0a654cd.json90ceb57e-710e-48cc-a04e-0638a123b23d)
[pool-1-thread-2] INFO net.thucydides.core.reports.json.JSONTestOutcomeReporter - Generating JSON report for VIR-226.04 Verify that the assigned to the shopper contracts (defined at the Ship To level) are shown in the list to file /Users/rodionsavchuk/hybrisAutomation/virco-automatedtests/target/site/serenity/736a6f27c422f3f6d8305a0f397a2adb789d1ed4974f92482a9f738f0fdbbfec.json (using temp file /Users/rodionsavchuk/hybrisAutomation/virco-automatedtests/target/site/serenity/736a6f27c422f3f6d8305a0f397a2adb789d1ed4974f92482a9f738f0fdbbfec.json586166fd-f259-4952-8a35-01d13903b02c)
[pool-1-thread-1] INFO net.thucydides.core.reports.json.JSONTestOutcomeReporter - Generating JSON report for VIR-226.02 Verify that the default contract is selected automatically if no other contract is selected to file /Users/rodionsavchuk/hybrisAutomation/virco-automatedtests/target/site/serenity/a1cdc501ba181282011afc75c778ae005a66a25ac465bd9f54fb47cebe8da2b6.json (using temp file /Users/rodionsavchuk/hybrisAutomation/virco-automatedtests/target/site/serenity/a1cdc501ba181282011afc75c778ae005a66a25ac465bd9f54fb47cebe8da2b6.json1acb247f-f2ec-47c7-9bd7-099f6619e684)
[pool-1-thread-3] INFO net.thucydides.core.reports.json.JSONTestOutcomeReporter - Generating JSON report for VIR-226.06 Verify that if the shopper changed the contract, the prices and product list are updated accordingly to the selected contract to file /Users/rodionsavchuk/hybrisAutomation/virco-automatedtests/target/site/serenity/cb991777f2dcd6cec892aca2a17766a44ff88538bd62762eb06275f337f59188.json (using temp file /Users/rodionsavchuk/hybrisAutomation/virco-automatedtests/target/site/serenity/cb991777f2dcd6cec892aca2a17766a44ff88538bd62762eb06275f337f59188.jsonb9eb12b2-19e2-49e2-9801-1ab7e84a9944)
[pool-1-thread-2] INFO net.thucydides.core.reports.json.JSONTestOutcomeReporter - Generating JSON report for VIR-226.07 Verify that if the contract is changed in customer master, it is changed to the customer without any notification to file /Users/rodionsavchuk/hybrisAutomation/virco-automatedtests/target/site/serenity/97d516a9dd97a3564503058531e457f4fe37c4fa911c4e0a2cd67d9e4f26df95.json (using temp file /Users/rodionsavchuk/hybrisAutomation/virco-automatedtests/target/site/serenity/97d516a9dd97a3564503058531e457f4fe37c4fa911c4e0a2cd67d9e4f26df95.json9db5ce98-5206-41e8-8cd6-cb19226fa57c)
[pool-1-thread-4] INFO net.thucydides.core.reports.json.JSONTestOutcomeReporter - Generating JSON report for VIR-226.08 Verify that the prices shows n/a, if the contract expired and the new one is not selected by shopper to file /Users/rodionsavchuk/hybrisAutomation/virco-automatedtests/target/site/serenity/90eacd21eb1e7e24d79a439ece9e6416daa13b514c337bcef555c498996ee27a.json (using temp file /Users/rodionsavchuk/hybrisAutomation/virco-automatedtests/target/site/serenity/90eacd21eb1e7e24d79a439ece9e6416daa13b514c337bcef555c498996ee27a.jsoned233ccc-070b-4677-8516-5eb9cedeb32e)
[pool-1-thread-2] INFO net.thucydides.core.reports.json.JSONTestOutcomeReporter - Generating JSON report for VIR-226.01A Verify that the script switch the contract A to the contract B automatically for bunch of selected customers to file /Users/rodionsavchuk/hybrisAutomation/virco-automatedtests/target/site/serenity/40b3604109cc54897930215a5dff112d2f2a0f9a3f3a7c2ebf97db43a508944d.json (using temp file /Users/rodionsavchuk/hybrisAutomation/virco-automatedtests/target/site/serenity/40b3604109cc54897930215a5dff112d2f2a0f9a3f3a7c2ebf97db43a508944d.jsonbb107ae4-9971-4d00-a9db-a677b04f5d52)
[pool-1-thread-4] INFO net.thucydides.core.reports.json.JSONTestOutcomeReporter - Generating JSON report for VIR-246.01 Verify that the shopper can see the saved carts within My Account to file /Users/rodionsavchuk/hybrisAutomation/virco-automatedtests/target/site/serenity/8f924b8e28c6b842e118d033edbc4760c495b83f62c62df3597462885f301c84.json (using temp file /Users/rodionsavchuk/hybrisAutomation/virco-automatedtests/target/site/serenity/8f924b8e28c6b842e118d033edbc4760c495b83f62c62df3597462885f301c84.json5130ccae-4dd6-49cc-99d5-99cfa5eab7a9)
[pool-1-thread-3] INFO net.thucydides.core.reports.json.JSONTestOutcomeReporter - Generating JSON report for VIR-246.02 Remove all from saved carts to file /Users/rodionsavchuk/hybrisAutomation/virco-automatedtests/target/site/serenity/57ad878c80f86f37b436866d9406bfc876bcc2a4fe8f331b75642b3504e58b7f.json (using temp file /Users/rodionsavchuk/hybrisAutomation/virco-automatedtests/target/site/serenity/57ad878c80f86f37b436866d9406bfc876bcc2a4fe8f331b75642b3504e58b7f.json2aa737d2-850b-4240-8c04-6fe1226b2f05)
[pool-1-thread-1] INFO net.thucydides.core.reports.json.JSONTestOutcomeReporter - Generating JSON report for VIR-246.03 Verify that the saved cart is shown on the saved carts page to file /Users/rodionsavchuk/hybrisAutomation/virco-automatedtests/target/site/serenity/a78cc380adec40d2bde41cc9dd7bf1cd6cc7f6dd92d52beceefba632467fc268.json (using temp file /Users/rodionsavchuk/hybrisAutomation/virco-automatedtests/target/site/serenity/a78cc380adec40d2bde41cc9dd7bf1cd6cc7f6dd92d52beceefba632467fc268.json98d10bf3-b4c2-4844-8993-2f9c71840be4)
[pool-1-thread-2] INFO net.thucydides.core.reports.json.JSONTestOutcomeReporter - Generating JSON report for VIR-246.04 Verify that the products and their selected quantities are shown at the saved cart page to file /Users/rodionsavchuk/hybrisAutomation/virco-automatedtests/target/site/serenity/71d7b3b019de0d80556b2ab92ce7c04958edcacdb5185c7868f851880fce7a8c.json (using temp file /Users/rodionsavchuk/hybrisAutomation/virco-automatedtests/target/site/serenity/71d7b3b019de0d80556b2ab92ce7c04958edcacdb5185c7868f851880fce7a8c.json0ec14cb1-316f-4782-b857-f25f78c25c61)
[pool-1-thread-3] INFO net.thucydides.core.reports.html.HtmlAcceptanceTestReporter - GENERATING HTML REPORT FOR ACT-10 - Order History Date Range:VIR-235.02 Verify that the newest order is shown first in the list in 8840d0acce101c4828203142f8d64f0725d2637a38c8eebef56a7d6a8b899749.html in directory target/site/serenity  
[pool-1-thread-4] INFO net.thucydides.core.reports.html.HtmlAcceptanceTestReporter - GENERATING HTML REPORT FOR ACT-10 - Order History Date Range:VIR-235.01 Verify that the shopper can view the order history within My Account in 273677580b5ade55ccb470a2e988196811df982925cdbb1ace31e0a5efaabec1.html in directory target/site/serenity  
[pool-1-thread-1] INFO net.thucydides.core.reports.html.HtmlAcceptanceTestReporter - GENERATING HTML REPORT FOR ACT-10 - Order History Date Range:VIR-235.03 Verify that the orders can be filtered by in 29922dd92355b657a29ca8ceee8ece530ee19fab8572208c0d42c3104ff16960.html in directory target/site/serenity  
[pool-1-thread-2] INFO net.thucydides.core.reports.html.HtmlAcceptanceTestReporter - GENERATING HTML REPORT FOR ACT-10 - Order History Date Range:VIR-235.04 Verify that the current year view of orders is set by default in 611fe17d9cda8a2f0360fd4a5e0044434a5a44282d734d3f572d018496b6a768.html in directory target/site/serenity  
[pool-1-thread-4] INFO net.thucydides.core.reports.html.HtmlAcceptanceTestReporter - GENERATING HTML REPORT FOR ACT-10 - Order History Date Range:VIR-235.05 Verify that the orders can be sorted by in b3c85d502fdd11d32f7b2c0e62dbb38be0c6f9c593e4d4ccd95adcc5fe60b304.html in directory target/site/serenity  
[pool-1-thread-3] INFO net.thucydides.core.reports.html.HtmlAcceptanceTestReporter - GENERATING HTML REPORT FOR ACT-10 - Order History Date Range:VIR-235.06 Verify that the orders can be grouped by PO# (alpha-numeric) in 69529ca40520069837eb10aa62eb1ab7518abd062932198aaa75ce49a153bdf4.html in directory target/site/serenity  
[pool-1-thread-2] INFO net.thucydides.core.reports.html.HtmlAcceptanceTestReporter - GENERATING HTML REPORT FOR ACT-11 - View Orders - Shopper ECC:VIR-236.02 Verify that the shopper is able to see the ECC orders details in 06a785ccbf37298662c0a3d0b35aa8a04f4eb296e14af96a2032ecacd8155265.html in directory target/site/serenity  
[pool-1-thread-1] INFO net.thucydides.core.reports.html.HtmlAcceptanceTestReporter - GENERATING HTML REPORT FOR ACT-11 - View Orders - Shopper ECC:VIR-236.01 Verify that the shopper can see the created by him ECC orders withing Orders History in 6e0b05141f32d41efa52a2f8708a010ef30be5406c962e50aa108e52f637ff4f.html in directory target/site/serenity  
[pool-1-thread-4] INFO net.thucydides.core.reports.html.HtmlAcceptanceTestReporter - GENERATING HTML REPORT FOR ACT-11 - View Orders - Shopper ECC:VIR-236.03 Verify that shopper is not able to reorder the ECC orders in adad10cc0c0c283641a22aee227822d43a6b04d28868ac5b5b9f65428e2198f1.html in directory target/site/serenity  
[pool-1-thread-3] INFO net.thucydides.core.reports.html.HtmlAcceptanceTestReporter - GENERATING HTML REPORT FOR ACT-12 - View Orders - Admin:VIR-237.01 Verify that the chief shopper is able to view the orders created by others within their organization in 37ec79a1d6a9cc6a2aec4574466f6dcb64dfed35c002fda7b3134b876ab9d490.html in directory target/site/serenity  
[pool-1-thread-2] INFO net.thucydides.core.reports.html.HtmlAcceptanceTestReporter - GENERATING HTML REPORT FOR ACT-12 - View Orders - Admin:VIR-237.02 Verify that all orders are shown at the same page in 04c1b88fcf25fa2f1ca595220bf539bd3345daf07b3f5fd975b7cfa258aa1a72.html in directory target/site/serenity  
[pool-1-thread-4] INFO net.thucydides.core.reports.html.HtmlAcceptanceTestReporter - GENERATING HTML REPORT FOR ACT-13 - Purchase History:VIR-238.01 Verify that the stuff shopper can view orders created by him/her in da20584ac40b990dc291e9ae9cb2facdd86f681d176e5cbf03c9dc84024b2dea.html in directory target/site/serenity  
[pool-1-thread-1] INFO net.thucydides.core.reports.html.HtmlAcceptanceTestReporter - GENERATING HTML REPORT FOR ACT-13 - Purchase History:VIR-238.02 Verify that the admin shoppers can view orders placed by admin and stuff shoppers within organization in 049e5266696367738227685efc996b610d41e4a9ff2b91176988ad3e5d046577.html in directory target/site/serenity  
[pool-1-thread-4] INFO net.thucydides.core.reports.html.HtmlAcceptanceTestReporter - GENERATING HTML REPORT FOR ACT-14 - Reorder:VIR-239.02 Verify that the Reorder button is present at the order details page in 7f2baa53bf21c1609ec69298572380037821566fedb28a9f798f27a38a595463.html in directory target/site/serenity  
[pool-1-thread-2] INFO net.thucydides.core.reports.html.HtmlAcceptanceTestReporter - GENERATING HTML REPORT FOR ACT-14 - Reorder:VIR-239.01 Verify that the shopper can see the Reorder button near each order in the list of orders history in bc5c957c59b8dd4780a20bc8c811eb7cd90739e0aa75b27ef4276f5d16b25e8a.html in directory target/site/serenity  
[pool-1-thread-2] INFO net.thucydides.core.reports.html.HtmlAcceptanceTestReporter - GENERATING HTML REPORT FOR ACT-14 - Reorder:VIR-239.04 Verify that the new order with the same order details is created after reordering in 86d284f6d52dd7b06703c0e65ed979dc08ab5e91925669335c8db93a482789bd.html in directory target/site/serenity  
[pool-1-thread-3] INFO net.thucydides.core.reports.html.HtmlAcceptanceTestReporter - GENERATING HTML REPORT FOR ACT-14 - Reorder:VIR-239.03 Verify that the Reorder button is present only near the orders created by shopper in db5d2cc2cdb477151d79acc5ba80f9970445ac1f4a40c15aea05ceaf9d72ab4c.html in directory target/site/serenity  
[pool-1-thread-1] INFO net.thucydides.core.reports.html.HtmlAcceptanceTestReporter - GENERATING HTML REPORT FOR ACT-14 - Reorder:VIR-239.05 Verify that the Admin can reorder the orders created by him and stuff shoppers in bd0258604ad0a60526916081e6985c7c5319337a9181a074ad5638ad9d781d0d.html in directory target/site/serenity  
[pool-1-thread-4] INFO net.thucydides.core.reports.html.HtmlAcceptanceTestReporter - GENERATING HTML REPORT FOR ACT-14 - Reorder:VIR-239.06 Verify that the Chief can reorder the orders created by him, admin and stuff shoppers in ce484b4c5f4b477729fe56f6574c4b704d459afba8238101689edf60627995fe.html in directory target/site/serenity  
[pool-1-thread-2] INFO net.thucydides.core.reports.html.HtmlAcceptanceTestReporter - GENERATING HTML REPORT FOR ACT-14 - Reorder:VIR-239.07 Verify that the Stuff shopper can reorder the orders created by him\her only in b8018260c31d901f3d8d776ff65116bc168b781e95b8a9f89641bcafaaa081f8.html in directory target/site/serenity  
[pool-1-thread-3] INFO net.thucydides.core.reports.html.HtmlAcceptanceTestReporter - GENERATING HTML REPORT FOR ACT-15 - Customer Management:VIR-240.01 Verify that the following message is shown to the customer if they entered wrong login data at first and second times in 5c983153fe2ebb177f0d9e8b132ca59a6e0ee0ae8654058c47ae107dbb7196e9.html in directory target/site/serenity  
[pool-1-thread-1] INFO net.thucydides.core.reports.html.HtmlAcceptanceTestReporter - GENERATING HTML REPORT FOR ACT-15 - Customer Management:VIR-240.02 Verify that the error message is shown to the customer if they entered wrong login data three and more times in feea09e30f98fa20f26d9fa541c867e47262726ef2edae67658e6fe1f69f795b.html in directory target/site/serenity  
[pool-1-thread-4] INFO net.thucydides.core.reports.html.HtmlAcceptanceTestReporter - GENERATING HTML REPORT FOR ACT-15 - Customer Management:VIR-240.03 Verify that the account is locked automatically after 3 incorrect login attempts in 98702c761630d5e96c1885fc6b7d9edc2d3d9276a61dcb964fb55a77180ac4c4.html in directory target/site/serenity  
[pool-1-thread-2] INFO net.thucydides.core.reports.html.HtmlAcceptanceTestReporter - GENERATING HTML REPORT FOR ACT-15 - Customer Management:VIR-240.04 Verify that the customer can phone via Skype when they click on the phone number from desktop browser in 022ceba0bee1a7e3be70af6fce73e28abbfa02e327dc996b425b971073e81949.html in directory target/site/serenity  
[pool-1-thread-3] INFO net.thucydides.core.reports.html.HtmlAcceptanceTestReporter - GENERATING HTML REPORT FOR ACT-15 - Customer Management:VIR-240.05 Verify that the customer can phone via phone/skype when they click on the phone number from mobile device in 0acf8d5b428f155bb5cd03ead2beee85cb116b173f667ca0d7eddf263c734900.html in directory target/site/serenity  
[pool-1-thread-2] INFO net.thucydides.core.reports.html.HtmlAcceptanceTestReporter - GENERATING HTML REPORT FOR ACT-16 - CSR Mass Set Up:VIR-241.03 Verify that the data outlined in ID3 are copied into the hybris in 39e10a2762693c36aeb39ffa0694d6429714a5caa78716ad3e3a6dc6f9f35100.html in directory target/site/serenity  
[pool-1-thread-4] INFO net.thucydides.core.reports.html.HtmlAcceptanceTestReporter - GENERATING HTML REPORT FOR ACT-16 - CSR Mass Set Up:VIR-241.01 Verify that the bunch of customers are created in hybris after running mass setup script in 463850b14992f16a3a2bf3702fcc5975eee58ce459f840ff047b04c2eaef46d1.html in directory target/site/serenity  
[pool-1-thread-1] INFO net.thucydides.core.reports.html.HtmlAcceptanceTestReporter - GENERATING HTML REPORT FOR ACT-16 - CSR Mass Set Up:VIR-241.02 Verify that the personal details are mapped appropriately in a13f41939905f13645385d57d811c8cdd84a0cbed0caf2a6b3c4f55c28d79c01.html in directory target/site/serenity  
[pool-1-thread-3] INFO net.thucydides.core.reports.html.HtmlAcceptanceTestReporter - GENERATING HTML REPORT FOR ACT-16 - CSR Mass Set Up:VIR-241.04 Verify that just set up customers can log into the system and perform appropriate activities (due to the permissions) in cad527a19b233d2a98237bc580b3e071a577ec5892a5ac544f2f50b81e1edc9a.html in directory target/site/serenity  
[pool-1-thread-2] INFO net.thucydides.core.reports.html.HtmlAcceptanceTestReporter - GENERATING HTML REPORT FOR ACT-17 - My Account View Options:VIR-242.01 Verify that the following sub menu My Account menu has following options in 1276140ef62c6432b71b0f37d8025035d8b303a616dfb579c0464109d19a2074.html in directory target/site/serenity  
[pool-1-thread-1] INFO net.thucydides.core.reports.html.HtmlAcceptanceTestReporter - GENERATING HTML REPORT FOR ACT-18 - Tracking Information:VIR-243.01 Verify that the order tracking number is shown at the Order History and on the Order Details pages in 70b6f3d948299c508f0755eca224d394eabc6d05bab5864a70e0f1b9c6b1e644.html in directory target/site/serenity  
[pool-1-thread-4] INFO net.thucydides.core.reports.html.HtmlAcceptanceTestReporter - GENERATING HTML REPORT FOR ACT-17 - My Account View Options:VIR-242.02 Verify that the shopper is moved to the appropriate page after clicking on the sub-menu option in 28ef021d759f2a4643b61547ae2c5a1b9ce2544b0930e552ce883dc4238eb54c.html in directory target/site/serenity  
[pool-1-thread-3] INFO net.thucydides.core.reports.html.HtmlAcceptanceTestReporter - GENERATING HTML REPORT FOR ACT-18 - Tracking Information:VIR-243.02 Verify that the several order tracking number can be shown for one order in 962a8661ed130dbc7b367611253983130c921d9ccf15ff013ae776fad79d5178.html in directory target/site/serenity  
[pool-1-thread-2] INFO net.thucydides.core.reports.html.HtmlAcceptanceTestReporter - GENERATING HTML REPORT FOR ACT-18 - Tracking Information:VIR-243.03 Verify that the order delivery status is shown in new window after clicking on tracking number link in 05de3555ce50877d7a68bf12b1c9ce484c460fe5f0202de33af8de7536c5347d.html in directory target/site/serenity  
[pool-1-thread-1] INFO net.thucydides.core.reports.html.HtmlAcceptanceTestReporter - GENERATING HTML REPORT FOR ACT-18 - Tracking Information:VIR-243.04 Verify that the chief shopper can see the order tracking number for the orders created by in 6679b678bf94497d010ee1d2e4e9da687ae39e591aaeb2628364a7db535048bd.html in directory target/site/serenity  
[pool-1-thread-2] INFO net.thucydides.core.reports.html.HtmlAcceptanceTestReporter - GENERATING HTML REPORT FOR ACT-18 - Tracking Information:VIR-243.05 Verify that the admin shopper can see the order tracking number for the orders created by in 62c275f127453f29fafc4c2149202cb494bb82c96be65d9c7ffdda17d402d199.html in directory target/site/serenity  
[pool-1-thread-2] INFO net.thucydides.core.reports.html.HtmlAcceptanceTestReporter - GENERATING HTML REPORT FOR ACT-1 - Default Contract:VIR-226.01 Verify that the dropdown list with contracts is shown in the header in 1a7109a2e435410aec76a6616813b89a7a128938fc747b573a8bea77b5dc2e74.html in directory target/site/serenity  
[pool-1-thread-3] INFO net.thucydides.core.reports.html.HtmlAcceptanceTestReporter - GENERATING HTML REPORT FOR ACT-19 - Static Email Address:VIR-244.02 Verify that the email address is not editable in bfc781d1f39529c42f3e2e6163fe397cb7cd1efdb5aea56fac29b0f0f66e1a5e.html in directory target/site/serenity  
[pool-1-thread-1] INFO net.thucydides.core.reports.html.HtmlAcceptanceTestReporter - GENERATING HTML REPORT FOR ACT-19 - Static Email Address:VIR-244.01 Verify that the shopper can see their email address within Email in My Account Menu in bf8e1443a8f088c9e57e0348c8704fc75e0549ba1f9d96c39d9d0ad3f4b04b32.html in directory target/site/serenity  
[pool-1-thread-2] INFO net.thucydides.core.reports.html.HtmlAcceptanceTestReporter - GENERATING HTML REPORT FOR ACT-1 - Default Contract:VIR-226.02 Verify that the default contract is selected automatically if no other contract is selected in a1cdc501ba181282011afc75c778ae005a66a25ac465bd9f54fb47cebe8da2b6.html in directory target/site/serenity  
[pool-1-thread-2] INFO net.thucydides.core.reports.html.HtmlAcceptanceTestReporter - GENERATING HTML REPORT FOR ACT-1 - Default Contract:VIR-226.03 Verify that each customer has their own default contract in 1100df39b069668be73bd3fa061625067d18d2c8d7eb03db90d26ed720e1bad6.html in directory target/site/serenity  
[pool-1-thread-2] INFO net.thucydides.core.reports.html.HtmlAcceptanceTestReporter - GENERATING HTML REPORT FOR ACT-1 - Default Contract:VIR-226.04 Verify that the assigned to the shopper contracts (defined at the Ship To level) are shown in the list in 736a6f27c422f3f6d8305a0f397a2adb789d1ed4974f92482a9f738f0fdbbfec.html in directory target/site/serenity  
[pool-1-thread-2] INFO net.thucydides.core.reports.html.HtmlAcceptanceTestReporter - GENERATING HTML REPORT FOR ACT-1 - Default Contract:VIR-226.06 Verify that if the shopper changed the contract, the prices and product list are updated accordingly to the selected contract in cb991777f2dcd6cec892aca2a17766a44ff88538bd62762eb06275f337f59188.html in directory target/site/serenity  
[pool-1-thread-4] INFO net.thucydides.core.reports.html.HtmlAcceptanceTestReporter - GENERATING HTML REPORT FOR ACT-1 - Default Contract:VIR-226.07 Verify that if the contract is changed in customer master, it is changed to the customer without any notification in 97d516a9dd97a3564503058531e457f4fe37c4fa911c4e0a2cd67d9e4f26df95.html in directory target/site/serenity  
[pool-1-thread-1] INFO net.thucydides.core.reports.html.HtmlAcceptanceTestReporter - GENERATING HTML REPORT FOR ACT-1 - Default Contract:VIR-226.05 Verify that shopper can change the contract as many times, as they want in d72154fb388d26ac97bf25cdf1619f4513466127fb36eb261ec18074f0a654cd.html in directory target/site/serenity  
[pool-1-thread-4] INFO net.thucydides.core.reports.html.HtmlAcceptanceTestReporter - GENERATING HTML REPORT FOR ACT-1 - Default Contract:VIR-226.08 Verify that the prices shows n/a, if the contract expired and the new one is not selected by shopper in 90eacd21eb1e7e24d79a439ece9e6416daa13b514c337bcef555c498996ee27a.html in directory target/site/serenity  
[pool-1-thread-2] INFO net.thucydides.core.reports.html.HtmlAcceptanceTestReporter - GENERATING HTML REPORT FOR ACT-1 - Default Contract:VIR-226.01A Verify that the script switch the contract A to the contract B automatically for bunch of selected customers in 40b3604109cc54897930215a5dff112d2f2a0f9a3f3a7c2ebf97db43a508944d.html in directory target/site/serenity  
[pool-1-thread-1] INFO net.thucydides.core.reports.html.HtmlAcceptanceTestReporter - GENERATING HTML REPORT FOR ACT-21 - View Saved Carts:VIR-246.01 Verify that the shopper can see the saved carts within My Account in 8f924b8e28c6b842e118d033edbc4760c495b83f62c62df3597462885f301c84.html in directory target/site/serenity  
[pool-1-thread-4] INFO net.thucydides.core.reports.html.HtmlAcceptanceTestReporter - GENERATING HTML REPORT FOR ACT-21 - View Saved Carts:VIR-246.02 Remove all from saved carts in 57ad878c80f86f37b436866d9406bfc876bcc2a4fe8f331b75642b3504e58b7f.html in directory target/site/serenity  
[pool-1-thread-2] INFO net.thucydides.core.reports.html.HtmlAcceptanceTestReporter - GENERATING HTML REPORT FOR ACT-21 - View Saved Carts:VIR-246.03 Verify that the saved cart is shown on the saved carts page in a78cc380adec40d2bde41cc9dd7bf1cd6cc7f6dd92d52beceefba632467fc268.html in directory target/site/serenity  
[pool-1-thread-4] INFO net.thucydides.core.reports.html.HtmlAcceptanceTestReporter - GENERATING HTML REPORT FOR ACT-21 - View Saved Carts:VIR-246.04 Verify that the products and their selected quantities are shown at the saved cart page in 71d7b3b019de0d80556b2ab92ce7c04958edcacdb5185c7868f851880fce7a8c.html in directory target/site/serenity  
[main] INFO net.serenitybdd.core.Serenity - 
 _____ _____ ____ _____   ____ _____  _    ____ _____ _____ ____  
|_   _| ____/ ___|_   _| / ___|_   _|/ \  |  _ \_   _| ____|  _ \ 
  | | |  _| \___ \ | |   \___ \ | | / _ \ | |_) || | |  _| | | | |
  | | | |___ ___) || |    ___) || |/ ___ \|  _ < | | | |___| |_| |
  |_| |_____|____/ |_|   |____/ |_/_/   \_\_| \_\|_| |_____|____/ 
                                                                  

TEST STARTED: VIR-246.05 Verify that saved cart can be restored
-------------------------------------------------------------------(act-21---view-saved-carts;vir-246.05-verify-that-saved-cart-can-be-restored)
[main] INFO net.serenitybdd.core.Serenity - STARTING STEP Given open the site and login
[main] INFO net.serenitybdd.core.Serenity - STARTING STEP Open the site
[main] INFO net.serenitybdd.core.Serenity - STEP ERROR: net.serenitybdd.core.exceptions.SerenityManagedException: Could not initialize class com.virco.locators.SiteData
]]></system-err>
  </testcase>
  <testcase name="Scenario: VIR-246.05 Verify that saved cart can be restored" classname="Scenario: VIR-246.05 Verify that saved cart can be restored" time="0.003">
    <error message="Could not initialize class com.virco.locators.SiteData" type="net.serenitybdd.core.exceptions.SerenityManagedException"><![CDATA[net.serenitybdd.core.exceptions.SerenityManagedException: Could not initialize class com.virco.locators.SiteData
	at com.virco.steps.serenity.CommonUserSteps.openTheSite(CommonUserSteps.java:19)
	at com.virco.steps.serenity.CommonUserSteps$$EnhancerByCGLIB$$d8541bfa.CGLIB$openTheSite$6(<generated>)
	at com.virco.steps.serenity.CommonUserSteps$$EnhancerByCGLIB$$d8541bfa$$FastClassByCGLIB$$ea8e0f86.invoke(<generated>)
	at net.sf.cglib.proxy.MethodProxy.invokeSuper(MethodProxy.java:228)
	at net.thucydides.core.steps.StepInterceptor.invokeMethod(StepInterceptor.java:372)
	at net.thucydides.core.steps.StepInterceptor.executeTestStepMethod(StepInterceptor.java:357)
	at net.thucydides.core.steps.StepInterceptor.runTestStep(StepInterceptor.java:332)
	at net.thucydides.core.steps.StepInterceptor.testStepResult(StepInterceptor.java:134)
	at net.thucydides.core.steps.StepInterceptor.intercept(StepInterceptor.java:61)
	at com.virco.steps.serenity.CommonUserSteps$$EnhancerByCGLIB$$d8541bfa.openTheSite(<generated>)
	at com.virco.steps.CommonDefinitionSteps.openTheSiteAndLogin(CommonDefinitionSteps.java:72)
	at sun.reflect.NativeMethodAccessorImpl.invoke0(Native Method)
	at sun.reflect.NativeMethodAccessorImpl.invoke(NativeMethodAccessorImpl.java:62)
	at sun.reflect.DelegatingMethodAccessorImpl.invoke(DelegatingMethodAccessorImpl.java:43)
	at java.lang.reflect.Method.invoke(Method.java:498)
	at cucumber.runtime.Utils$1.call(Utils.java:40)
	at cucumber.runtime.Timeout.timeout(Timeout.java:16)
	at cucumber.runtime.Utils.invoke(Utils.java:34)
	at cucumber.runtime.java.JavaStepDefinition.execute(JavaStepDefinition.java:38)
	at cucumber.runtime.StepDefinitionMatch.runStep(StepDefinitionMatch.java:37)
	at cucumber.runtime.Runtime.runStep(Runtime.java:300)
	at cucumber.runtime.model.StepContainer.runStep(StepContainer.java:44)
	at cucumber.runtime.model.StepContainer.runSteps(StepContainer.java:39)
	at cucumber.runtime.model.CucumberScenario.run(CucumberScenario.java:44)
	at cucumber.runtime.junit.ExecutionUnitRunner.run(ExecutionUnitRunner.java:102)
	at cucumber.runtime.junit.FeatureRunner.runChild(FeatureRunner.java:63)
	at cucumber.runtime.junit.FeatureRunner.runChild(FeatureRunner.java:18)
	at org.junit.runners.ParentRunner$3.run(ParentRunner.java:290)
	at org.junit.runners.ParentRunner$1.schedule(ParentRunner.java:71)
	at org.junit.runners.ParentRunner.runChildren(ParentRunner.java:288)
	at org.junit.runners.ParentRunner.access$000(ParentRunner.java:58)
	at org.junit.runners.ParentRunner$2.evaluate(ParentRunner.java:268)
	at org.junit.runners.ParentRunner.run(ParentRunner.java:363)
	at cucumber.runtime.junit.FeatureRunner.run(FeatureRunner.java:70)
	at cucumber.api.junit.Cucumber.runChild(Cucumber.java:95)
	at cucumber.api.junit.Cucumber.runChild(Cucumber.java:38)
	at org.junit.runners.ParentRunner$3.run(ParentRunner.java:290)
	at org.junit.runners.ParentRunner$1.schedule(ParentRunner.java:71)
	at org.junit.runners.ParentRunner.runChildren(ParentRunner.java:288)
	at org.junit.runners.ParentRunner.access$000(ParentRunner.java:58)
	at org.junit.runners.ParentRunner$2.evaluate(ParentRunner.java:268)
	at org.junit.runners.ParentRunner.run(ParentRunner.java:363)
	at cucumber.api.junit.Cucumber.run(Cucumber.java:100)
	at org.apache.maven.surefire.junit4.JUnit4Provider.execute(JUnit4Provider.java:283)
	at org.apache.maven.surefire.junit4.JUnit4Provider.executeWithRerun(JUnit4Provider.java:173)
	at org.apache.maven.surefire.junit4.JUnit4Provider.executeTestSet(JUnit4Provider.java:153)
	at org.apache.maven.surefire.junit4.JUnit4Provider.invoke(JUnit4Provider.java:128)
	at org.apache.maven.surefire.booter.ForkedBooter.invokeProviderInSameClassLoader(ForkedBooter.java:203)
	at org.apache.maven.surefire.booter.ForkedBooter.runSuitesInProcess(ForkedBooter.java:155)
	at org.apache.maven.surefire.booter.ForkedBooter.main(ForkedBooter.java:103)
]]></error>
  </testcase>
  <testcase name="When open category with pagination" classname="Scenario: VIR-246.05 Verify that saved cart can be restored" time="0">
    <skipped/>
    <system-err><![CDATA[[main] INFO net.serenitybdd.core.Serenity - STEP ERROR: java.lang.NoClassDefFoundError: Could not initialize class com.virco.locators.SiteData
[main] INFO net.serenitybdd.core.Serenity - STARTING STEP When open category with pagination
]]></system-err>
  </testcase>
  <testcase name="When click on &quot;1&quot; product image in list" classname="Scenario: VIR-246.05 Verify that saved cart can be restored" time="0">
    <skipped/>
    <system-err><![CDATA[[main] INFO net.serenitybdd.core.Serenity - IGNORING STEP
[main] INFO net.serenitybdd.core.Serenity - STARTING STEP When click on "1" product image in list
]]></system-err>
  </testcase>
  <testcase name="When click on &quot;Add to cart&quot; button" classname="Scenario: VIR-246.05 Verify that saved cart can be restored" time="0">
    <skipped/>
    <system-err><![CDATA[[main] INFO net.serenitybdd.core.Serenity - IGNORING STEP
[main] INFO net.serenitybdd.core.Serenity - STARTING STEP When click on "Add to cart" button
]]></system-err>
  </testcase>
  <testcase name="When click on &quot;Checkout&quot; button" classname="Scenario: VIR-246.05 Verify that saved cart can be restored" time="0">
    <skipped/>
    <system-err><![CDATA[[main] INFO net.serenitybdd.core.Serenity - IGNORING STEP
[main] INFO net.serenitybdd.core.Serenity - STARTING STEP When click on "Checkout" button
]]></system-err>
  </testcase>
  <testcase name="When remember products information on checkout page" classname="Scenario: VIR-246.05 Verify that saved cart can be restored" time="0">
    <skipped/>
    <system-err><![CDATA[[main] INFO net.serenitybdd.core.Serenity - IGNORING STEP
[main] INFO net.serenitybdd.core.Serenity - STARTING STEP When remember products information on checkout page
]]></system-err>
  </testcase>
  <testcase name="When click on &quot;New Cart&quot; button" classname="Scenario: VIR-246.05 Verify that saved cart can be restored" time="0">
    <skipped/>
    <system-err><![CDATA[[main] INFO net.serenitybdd.core.Serenity - IGNORING STEP
[main] INFO net.serenitybdd.core.Serenity - STARTING STEP When click on "New Cart" button
]]></system-err>
  </testcase>
  <testcase name="When enter &quot;TestRestore&quot; in the &quot;Name&quot; field" classname="Scenario: VIR-246.05 Verify that saved cart can be restored" time="0">
    <skipped/>
    <system-err><![CDATA[[main] INFO net.serenitybdd.core.Serenity - IGNORING STEP
[main] INFO net.serenitybdd.core.Serenity - STARTING STEP When enter "TestRestore" in the "Name" field
]]></system-err>
  </testcase>
  <testcase name="When enter &quot;TestRestoreDescription&quot; in the &quot;Description&quot; textarea" classname="Scenario: VIR-246.05 Verify that saved cart can be restored" time="0">
    <skipped/>
    <system-err><![CDATA[[main] INFO net.serenitybdd.core.Serenity - IGNORING STEP
[main] INFO net.serenitybdd.core.Serenity - STARTING STEP When enter "TestRestoreDescription" in the "Description" textarea
]]></system-err>
  </testcase>
  <testcase name="When click on &quot;Save&quot; modal button" classname="Scenario: VIR-246.05 Verify that saved cart can be restored" time="0">
    <skipped/>
    <system-err><![CDATA[[main] INFO net.serenitybdd.core.Serenity - IGNORING STEP
[main] INFO net.serenitybdd.core.Serenity - STARTING STEP When click on "Save" modal button
]]></system-err>
  </testcase>
  <testcase name="Then alert with text &quot;Cart TestRestore was successfully saved&quot; is shown" classname="Scenario: VIR-246.05 Verify that saved cart can be restored" time="0">
    <skipped/>
    <system-err><![CDATA[[main] INFO net.serenitybdd.core.Serenity - IGNORING STEP
[main] INFO net.serenitybdd.core.Serenity - STARTING STEP Then alert with text "Cart TestRestore was successfully saved" is shown
]]></system-err>
  </testcase>
  <testcase name="When click on &quot;My Account&quot; link in header" classname="Scenario: VIR-246.05 Verify that saved cart can be restored" time="0">
    <skipped/>
    <system-err><![CDATA[[main] INFO net.serenitybdd.core.Serenity - IGNORING STEP
[main] INFO net.serenitybdd.core.Serenity - STARTING STEP When click on "My Account" link in header
]]></system-err>
  </testcase>
  <testcase name="When click on &quot;Saved Carts&quot; in My Account drop-down" classname="Scenario: VIR-246.05 Verify that saved cart can be restored" time="0">
    <skipped/>
    <system-err><![CDATA[[main] INFO net.serenitybdd.core.Serenity - IGNORING STEP
[main] INFO net.serenitybdd.core.Serenity - STARTING STEP When click on "Saved Carts" in My Account drop-down
]]></system-err>
  </testcase>
  <testcase name="When click on &quot;TestRestore&quot; saved cart" classname="Scenario: VIR-246.05 Verify that saved cart can be restored" time="0">
    <skipped/>
    <system-err><![CDATA[[main] INFO net.serenitybdd.core.Serenity - IGNORING STEP
[main] INFO net.serenitybdd.core.Serenity - STARTING STEP When click on "TestRestore" saved cart
]]></system-err>
  </testcase>
  <testcase name="When restore the cart" classname="Scenario: VIR-246.05 Verify that saved cart can be restored" time="0">
    <skipped/>
    <system-err><![CDATA[[main] INFO net.serenitybdd.core.Serenity - IGNORING STEP
[main] INFO net.serenitybdd.core.Serenity - STARTING STEP When restore the cart
]]></system-err>
  </testcase>
  <testcase name="Then products on checkout page are correct" classname="Scenario: VIR-246.05 Verify that saved cart can be restored" time="0">
    <skipped/>
    <system-err><![CDATA[[main] INFO net.serenitybdd.core.Serenity - IGNORING STEP
[main] INFO net.serenitybdd.core.Serenity - STARTING STEP Then products on checkout page are correct
]]></system-err>
  </testcase>
  <testcase name="Given open the site and login" classname="Scenario: VIR-246.06 Verify that saved cart can be updated" time="0.002">
    <error message="Could not initialize class com.virco.locators.SiteData" type="net.serenitybdd.core.exceptions.SerenityManagedException"><![CDATA[net.serenitybdd.core.exceptions.SerenityManagedException: Could not initialize class com.virco.locators.SiteData
	at com.virco.steps.serenity.CommonUserSteps.openTheSite(CommonUserSteps.java:19)
	at com.virco.steps.serenity.CommonUserSteps$$EnhancerByCGLIB$$d8541bfa.CGLIB$openTheSite$6(<generated>)
	at com.virco.steps.serenity.CommonUserSteps$$EnhancerByCGLIB$$d8541bfa$$FastClassByCGLIB$$ea8e0f86.invoke(<generated>)
	at net.sf.cglib.proxy.MethodProxy.invokeSuper(MethodProxy.java:228)
	at net.thucydides.core.steps.StepInterceptor.invokeMethod(StepInterceptor.java:372)
	at net.thucydides.core.steps.StepInterceptor.executeTestStepMethod(StepInterceptor.java:357)
	at net.thucydides.core.steps.StepInterceptor.runTestStep(StepInterceptor.java:332)
	at net.thucydides.core.steps.StepInterceptor.testStepResult(StepInterceptor.java:134)
	at net.thucydides.core.steps.StepInterceptor.intercept(StepInterceptor.java:61)
	at com.virco.steps.serenity.CommonUserSteps$$EnhancerByCGLIB$$d8541bfa.openTheSite(<generated>)
	at com.virco.steps.CommonDefinitionSteps.openTheSiteAndLogin(CommonDefinitionSteps.java:72)
	at sun.reflect.NativeMethodAccessorImpl.invoke0(Native Method)
	at sun.reflect.NativeMethodAccessorImpl.invoke(NativeMethodAccessorImpl.java:62)
	at sun.reflect.DelegatingMethodAccessorImpl.invoke(DelegatingMethodAccessorImpl.java:43)
	at java.lang.reflect.Method.invoke(Method.java:498)
	at cucumber.runtime.Utils$1.call(Utils.java:40)
	at cucumber.runtime.Timeout.timeout(Timeout.java:16)
	at cucumber.runtime.Utils.invoke(Utils.java:34)
	at cucumber.runtime.java.JavaStepDefinition.execute(JavaStepDefinition.java:38)
	at cucumber.runtime.StepDefinitionMatch.runStep(StepDefinitionMatch.java:37)
	at cucumber.runtime.Runtime.runStep(Runtime.java:300)
	at cucumber.runtime.model.StepContainer.runStep(StepContainer.java:44)
	at cucumber.runtime.model.StepContainer.runSteps(StepContainer.java:39)
	at cucumber.runtime.model.CucumberScenario.run(CucumberScenario.java:44)
	at cucumber.runtime.junit.ExecutionUnitRunner.run(ExecutionUnitRunner.java:102)
	at cucumber.runtime.junit.FeatureRunner.runChild(FeatureRunner.java:63)
	at cucumber.runtime.junit.FeatureRunner.runChild(FeatureRunner.java:18)
	at org.junit.runners.ParentRunner$3.run(ParentRunner.java:290)
	at org.junit.runners.ParentRunner$1.schedule(ParentRunner.java:71)
	at org.junit.runners.ParentRunner.runChildren(ParentRunner.java:288)
	at org.junit.runners.ParentRunner.access$000(ParentRunner.java:58)
	at org.junit.runners.ParentRunner$2.evaluate(ParentRunner.java:268)
	at org.junit.runners.ParentRunner.run(ParentRunner.java:363)
	at cucumber.runtime.junit.FeatureRunner.run(FeatureRunner.java:70)
	at cucumber.api.junit.Cucumber.runChild(Cucumber.java:95)
	at cucumber.api.junit.Cucumber.runChild(Cucumber.java:38)
	at org.junit.runners.ParentRunner$3.run(ParentRunner.java:290)
	at org.junit.runners.ParentRunner$1.schedule(ParentRunner.java:71)
	at org.junit.runners.ParentRunner.runChildren(ParentRunner.java:288)
	at org.junit.runners.ParentRunner.access$000(ParentRunner.java:58)
	at org.junit.runners.ParentRunner$2.evaluate(ParentRunner.java:268)
	at org.junit.runners.ParentRunner.run(ParentRunner.java:363)
	at cucumber.api.junit.Cucumber.run(Cucumber.java:100)
	at org.apache.maven.surefire.junit4.JUnit4Provider.execute(JUnit4Provider.java:283)
	at org.apache.maven.surefire.junit4.JUnit4Provider.executeWithRerun(JUnit4Provider.java:173)
	at org.apache.maven.surefire.junit4.JUnit4Provider.executeTestSet(JUnit4Provider.java:153)
	at org.apache.maven.surefire.junit4.JUnit4Provider.invoke(JUnit4Provider.java:128)
	at org.apache.maven.surefire.booter.ForkedBooter.invokeProviderInSameClassLoader(ForkedBooter.java:203)
	at org.apache.maven.surefire.booter.ForkedBooter.runSuitesInProcess(ForkedBooter.java:155)
	at org.apache.maven.surefire.booter.ForkedBooter.main(ForkedBooter.java:103)
]]></error>
    <system-err><![CDATA[[main] INFO net.serenitybdd.core.Serenity - IGNORING STEP
[main] ERROR net.serenitybdd.core.Serenity - 
           __  _____ _____ ____ _____   _____ _    ___ _     _____ ____  
  _       / / |_   _| ____/ ___|_   _| |  ___/ \  |_ _| |   | ____|  _ \ 
 (_)_____| |    | | |  _| \___ \ | |   | |_ / _ \  | || |   |  _| | | | |
  _|_____| |    | | | |___ ___) || |   |  _/ ___ \ | || |___| |___| |_| |
 (_)     | |    |_| |_____|____/ |_|   |_|/_/   \_\___|_____|_____|____/ 
          \_\                                                            

TEST FAILED WITH ERROR: VIR-246.05 Verify that saved cart can be restored
---------------------------------------------------------------------
[main] ERROR net.serenitybdd.core.Serenity - TEST FAILED AT STEP Open the site
[main] ERROR net.serenitybdd.core.Serenity - Could not initialize class com.virco.locators.SiteData
[pool-1-thread-2] INFO net.thucydides.core.reports.json.JSONTestOutcomeReporter - Generating JSON report for VIR-235.02 Verify that the newest order is shown first in the list to file /Users/rodionsavchuk/hybrisAutomation/virco-automatedtests/target/site/serenity/8840d0acce101c4828203142f8d64f0725d2637a38c8eebef56a7d6a8b899749.json (using temp file /Users/rodionsavchuk/hybrisAutomation/virco-automatedtests/target/site/serenity/8840d0acce101c4828203142f8d64f0725d2637a38c8eebef56a7d6a8b899749.json93854694-c62c-46cf-bc7f-0aa522896b35)
[pool-1-thread-1] INFO net.thucydides.core.reports.json.JSONTestOutcomeReporter - Generating JSON report for VIR-235.01 Verify that the shopper can view the order history within My Account to file /Users/rodionsavchuk/hybrisAutomation/virco-automatedtests/target/site/serenity/273677580b5ade55ccb470a2e988196811df982925cdbb1ace31e0a5efaabec1.json (using temp file /Users/rodionsavchuk/hybrisAutomation/virco-automatedtests/target/site/serenity/273677580b5ade55ccb470a2e988196811df982925cdbb1ace31e0a5efaabec1.json726733b5-7576-4b69-974a-e7c0605d8a78)
[pool-1-thread-4] INFO net.thucydides.core.reports.json.JSONTestOutcomeReporter - Generating JSON report for VIR-235.03 Verify that the orders can be filtered by to file /Users/rodionsavchuk/hybrisAutomation/virco-automatedtests/target/site/serenity/29922dd92355b657a29ca8ceee8ece530ee19fab8572208c0d42c3104ff16960.json (using temp file /Users/rodionsavchuk/hybrisAutomation/virco-automatedtests/target/site/serenity/29922dd92355b657a29ca8ceee8ece530ee19fab8572208c0d42c3104ff16960.jsoncec352fe-581b-4b73-9bb3-3bec1440f8b2)
[pool-1-thread-3] INFO net.thucydides.core.reports.json.JSONTestOutcomeReporter - Generating JSON report for VIR-235.04 Verify that the current year view of orders is set by default to file /Users/rodionsavchuk/hybrisAutomation/virco-automatedtests/target/site/serenity/611fe17d9cda8a2f0360fd4a5e0044434a5a44282d734d3f572d018496b6a768.json (using temp file /Users/rodionsavchuk/hybrisAutomation/virco-automatedtests/target/site/serenity/611fe17d9cda8a2f0360fd4a5e0044434a5a44282d734d3f572d018496b6a768.jsonaeb1887d-f3cf-4f91-adb3-e6499c14841a)
[pool-1-thread-2] INFO net.thucydides.core.reports.json.JSONTestOutcomeReporter - Generating JSON report for VIR-235.05 Verify that the orders can be sorted by to file /Users/rodionsavchuk/hybrisAutomation/virco-automatedtests/target/site/serenity/b3c85d502fdd11d32f7b2c0e62dbb38be0c6f9c593e4d4ccd95adcc5fe60b304.json (using temp file /Users/rodionsavchuk/hybrisAutomation/virco-automatedtests/target/site/serenity/b3c85d502fdd11d32f7b2c0e62dbb38be0c6f9c593e4d4ccd95adcc5fe60b304.json994687b2-8f90-4f2d-b465-1f5635248d98)
[pool-1-thread-1] INFO net.thucydides.core.reports.json.JSONTestOutcomeReporter - Generating JSON report for VIR-235.06 Verify that the orders can be grouped by PO# (alpha-numeric) to file /Users/rodionsavchuk/hybrisAutomation/virco-automatedtests/target/site/serenity/69529ca40520069837eb10aa62eb1ab7518abd062932198aaa75ce49a153bdf4.json (using temp file /Users/rodionsavchuk/hybrisAutomation/virco-automatedtests/target/site/serenity/69529ca40520069837eb10aa62eb1ab7518abd062932198aaa75ce49a153bdf4.json42faa36f-a295-463a-8333-0b2712ef0301)
[pool-1-thread-2] INFO net.thucydides.core.reports.json.JSONTestOutcomeReporter - Generating JSON report for VIR-236.01 Verify that the shopper can see the created by him ECC orders withing Orders History to file /Users/rodionsavchuk/hybrisAutomation/virco-automatedtests/target/site/serenity/6e0b05141f32d41efa52a2f8708a010ef30be5406c962e50aa108e52f637ff4f.json (using temp file /Users/rodionsavchuk/hybrisAutomation/virco-automatedtests/target/site/serenity/6e0b05141f32d41efa52a2f8708a010ef30be5406c962e50aa108e52f637ff4f.json920cbf30-509c-45a5-83f0-c6b652ec0417)
[pool-1-thread-3] INFO net.thucydides.core.reports.json.JSONTestOutcomeReporter - Generating JSON report for VIR-236.02 Verify that the shopper is able to see the ECC orders details to file /Users/rodionsavchuk/hybrisAutomation/virco-automatedtests/target/site/serenity/06a785ccbf37298662c0a3d0b35aa8a04f4eb296e14af96a2032ecacd8155265.json (using temp file /Users/rodionsavchuk/hybrisAutomation/virco-automatedtests/target/site/serenity/06a785ccbf37298662c0a3d0b35aa8a04f4eb296e14af96a2032ecacd8155265.jsonf342947d-7085-4e29-8241-7ab0a8a5f8a2)
[pool-1-thread-2] INFO net.thucydides.core.reports.json.JSONTestOutcomeReporter - Generating JSON report for VIR-236.03 Verify that shopper is not able to reorder the ECC orders to file /Users/rodionsavchuk/hybrisAutomation/virco-automatedtests/target/site/serenity/adad10cc0c0c283641a22aee227822d43a6b04d28868ac5b5b9f65428e2198f1.json (using temp file /Users/rodionsavchuk/hybrisAutomation/virco-automatedtests/target/site/serenity/adad10cc0c0c283641a22aee227822d43a6b04d28868ac5b5b9f65428e2198f1.json1d213130-d506-4178-9685-3478f16a8e65)
[pool-1-thread-2] INFO net.thucydides.core.reports.json.JSONTestOutcomeReporter - Generating JSON report for VIR-237.02 Verify that all orders are shown at the same page to file /Users/rodionsavchuk/hybrisAutomation/virco-automatedtests/target/site/serenity/04c1b88fcf25fa2f1ca595220bf539bd3345daf07b3f5fd975b7cfa258aa1a72.json (using temp file /Users/rodionsavchuk/hybrisAutomation/virco-automatedtests/target/site/serenity/04c1b88fcf25fa2f1ca595220bf539bd3345daf07b3f5fd975b7cfa258aa1a72.json3f4bfcd3-907a-4ecb-928c-627507405a07)
[pool-1-thread-1] INFO net.thucydides.core.reports.json.JSONTestOutcomeReporter - Generating JSON report for VIR-237.01 Verify that the chief shopper is able to view the orders created by others within their organization to file /Users/rodionsavchuk/hybrisAutomation/virco-automatedtests/target/site/serenity/37ec79a1d6a9cc6a2aec4574466f6dcb64dfed35c002fda7b3134b876ab9d490.json (using temp file /Users/rodionsavchuk/hybrisAutomation/virco-automatedtests/target/site/serenity/37ec79a1d6a9cc6a2aec4574466f6dcb64dfed35c002fda7b3134b876ab9d490.json568b6283-cb4d-484b-96c7-1cc9c60424a2)
[pool-1-thread-2] INFO net.thucydides.core.reports.json.JSONTestOutcomeReporter - Generating JSON report for VIR-238.01 Verify that the stuff shopper can view orders created by him/her to file /Users/rodionsavchuk/hybrisAutomation/virco-automatedtests/target/site/serenity/da20584ac40b990dc291e9ae9cb2facdd86f681d176e5cbf03c9dc84024b2dea.json (using temp file /Users/rodionsavchuk/hybrisAutomation/virco-automatedtests/target/site/serenity/da20584ac40b990dc291e9ae9cb2facdd86f681d176e5cbf03c9dc84024b2dea.json3abe02a0-ab6f-4c11-967b-c576aa1eb16f)
[pool-1-thread-3] INFO net.thucydides.core.reports.json.JSONTestOutcomeReporter - Generating JSON report for VIR-238.02 Verify that the admin shoppers can view orders placed by admin and stuff shoppers within organization to file /Users/rodionsavchuk/hybrisAutomation/virco-automatedtests/target/site/serenity/049e5266696367738227685efc996b610d41e4a9ff2b91176988ad3e5d046577.json (using temp file /Users/rodionsavchuk/hybrisAutomation/virco-automatedtests/target/site/serenity/049e5266696367738227685efc996b610d41e4a9ff2b91176988ad3e5d046577.json13202782-8f57-42ce-a9f9-86cdfcfa1ea2)
[pool-1-thread-2] INFO net.thucydides.core.reports.json.JSONTestOutcomeReporter - Generating JSON report for VIR-239.02 Verify that the Reorder button is present at the order details page to file /Users/rodionsavchuk/hybrisAutomation/virco-automatedtests/target/site/serenity/7f2baa53bf21c1609ec69298572380037821566fedb28a9f798f27a38a595463.json (using temp file /Users/rodionsavchuk/hybrisAutomation/virco-automatedtests/target/site/serenity/7f2baa53bf21c1609ec69298572380037821566fedb28a9f798f27a38a595463.jsonb53548c3-8e4d-4cc9-a56c-d47ee56d4752)
[pool-1-thread-1] INFO net.thucydides.core.reports.json.JSONTestOutcomeReporter - Generating JSON report for VIR-239.01 Verify that the shopper can see the Reorder button near each order in the list of orders history to file /Users/rodionsavchuk/hybrisAutomation/virco-automatedtests/target/site/serenity/bc5c957c59b8dd4780a20bc8c811eb7cd90739e0aa75b27ef4276f5d16b25e8a.json (using temp file /Users/rodionsavchuk/hybrisAutomation/virco-automatedtests/target/site/serenity/bc5c957c59b8dd4780a20bc8c811eb7cd90739e0aa75b27ef4276f5d16b25e8a.jsonf3366fbd-ce76-4d3d-9a1a-40ff0394200d)
[pool-1-thread-4] INFO net.thucydides.core.reports.json.JSONTestOutcomeReporter - Generating JSON report for VIR-239.03 Verify that the Reorder button is present only near the orders created by shopper to file /Users/rodionsavchuk/hybrisAutomation/virco-automatedtests/target/site/serenity/db5d2cc2cdb477151d79acc5ba80f9970445ac1f4a40c15aea05ceaf9d72ab4c.json (using temp file /Users/rodionsavchuk/hybrisAutomation/virco-automatedtests/target/site/serenity/db5d2cc2cdb477151d79acc5ba80f9970445ac1f4a40c15aea05ceaf9d72ab4c.jsonedbc41ae-3d5e-49a2-80bc-f06777ad41da)
[pool-1-thread-1] INFO net.thucydides.core.reports.json.JSONTestOutcomeReporter - Generating JSON report for VIR-239.06 Verify that the Chief can reorder the orders created by him, admin and stuff shoppers to file /Users/rodionsavchuk/hybrisAutomation/virco-automatedtests/target/site/serenity/ce484b4c5f4b477729fe56f6574c4b704d459afba8238101689edf60627995fe.json (using temp file /Users/rodionsavchuk/hybrisAutomation/virco-automatedtests/target/site/serenity/ce484b4c5f4b477729fe56f6574c4b704d459afba8238101689edf60627995fe.json20c66214-1700-4422-9201-6d247d95ae8c)
[pool-1-thread-2] INFO net.thucydides.core.reports.json.JSONTestOutcomeReporter - Generating JSON report for VIR-239.05 Verify that the Admin can reorder the orders created by him and stuff shoppers to file /Users/rodionsavchuk/hybrisAutomation/virco-automatedtests/target/site/serenity/bd0258604ad0a60526916081e6985c7c5319337a9181a074ad5638ad9d781d0d.json (using temp file /Users/rodionsavchuk/hybrisAutomation/virco-automatedtests/target/site/serenity/bd0258604ad0a60526916081e6985c7c5319337a9181a074ad5638ad9d781d0d.json77804a90-1c5a-42d9-b3f2-1d7a694ee3db)
[pool-1-thread-3] INFO net.thucydides.core.reports.json.JSONTestOutcomeReporter - Generating JSON report for VIR-239.04 Verify that the new order with the same order details is created after reordering to file /Users/rodionsavchuk/hybrisAutomation/virco-automatedtests/target/site/serenity/86d284f6d52dd7b06703c0e65ed979dc08ab5e91925669335c8db93a482789bd.json (using temp file /Users/rodionsavchuk/hybrisAutomation/virco-automatedtests/target/site/serenity/86d284f6d52dd7b06703c0e65ed979dc08ab5e91925669335c8db93a482789bd.json1c240863-62a1-4583-8459-ddadb1fb54db)
[pool-1-thread-2] INFO net.thucydides.core.reports.json.JSONTestOutcomeReporter - Generating JSON report for VIR-239.07 Verify that the Stuff shopper can reorder the orders created by him\her only to file /Users/rodionsavchuk/hybrisAutomation/virco-automatedtests/target/site/serenity/b8018260c31d901f3d8d776ff65116bc168b781e95b8a9f89641bcafaaa081f8.json (using temp file /Users/rodionsavchuk/hybrisAutomation/virco-automatedtests/target/site/serenity/b8018260c31d901f3d8d776ff65116bc168b781e95b8a9f89641bcafaaa081f8.json890c8f56-fb43-4345-a856-cdcc389e6be9)
[pool-1-thread-3] INFO net.thucydides.core.reports.json.JSONTestOutcomeReporter - Generating JSON report for VIR-240.01 Verify that the following message is shown to the customer if they entered wrong login data at first and second times to file /Users/rodionsavchuk/hybrisAutomation/virco-automatedtests/target/site/serenity/5c983153fe2ebb177f0d9e8b132ca59a6e0ee0ae8654058c47ae107dbb7196e9.json (using temp file /Users/rodionsavchuk/hybrisAutomation/virco-automatedtests/target/site/serenity/5c983153fe2ebb177f0d9e8b132ca59a6e0ee0ae8654058c47ae107dbb7196e9.json3f17a117-b6e3-4f83-b4fd-02a82188b7be)
[pool-1-thread-1] INFO net.thucydides.core.reports.json.JSONTestOutcomeReporter - Generating JSON report for VIR-240.02 Verify that the error message is shown to the customer if they entered wrong login data three and more times to file /Users/rodionsavchuk/hybrisAutomation/virco-automatedtests/target/site/serenity/feea09e30f98fa20f26d9fa541c867e47262726ef2edae67658e6fe1f69f795b.json (using temp file /Users/rodionsavchuk/hybrisAutomation/virco-automatedtests/target/site/serenity/feea09e30f98fa20f26d9fa541c867e47262726ef2edae67658e6fe1f69f795b.json2dd17845-5b35-488a-bdc3-412726cce197)
[pool-1-thread-2] INFO net.thucydides.core.reports.json.JSONTestOutcomeReporter - Generating JSON report for VIR-240.03 Verify that the account is locked automatically after 3 incorrect login attempts to file /Users/rodionsavchuk/hybrisAutomation/virco-automatedtests/target/site/serenity/98702c761630d5e96c1885fc6b7d9edc2d3d9276a61dcb964fb55a77180ac4c4.json (using temp file /Users/rodionsavchuk/hybrisAutomation/virco-automatedtests/target/site/serenity/98702c761630d5e96c1885fc6b7d9edc2d3d9276a61dcb964fb55a77180ac4c4.jsonafe8455a-a09f-4109-9913-94cb39cb6ecb)
[pool-1-thread-1] INFO net.thucydides.core.reports.json.JSONTestOutcomeReporter - Generating JSON report for VIR-241.01 Verify that the bunch of customers are created in hybris after running mass setup script to file /Users/rodionsavchuk/hybrisAutomation/virco-automatedtests/target/site/serenity/463850b14992f16a3a2bf3702fcc5975eee58ce459f840ff047b04c2eaef46d1.json (using temp file /Users/rodionsavchuk/hybrisAutomation/virco-automatedtests/target/site/serenity/463850b14992f16a3a2bf3702fcc5975eee58ce459f840ff047b04c2eaef46d1.jsonbaf813c2-fefa-4d63-93e7-67ab86526162)
[pool-1-thread-3] INFO net.thucydides.core.reports.json.JSONTestOutcomeReporter - Generating JSON report for VIR-240.05 Verify that the customer can phone via phone/skype when they click on the phone number from mobile device to file /Users/rodionsavchuk/hybrisAutomation/virco-automatedtests/target/site/serenity/0acf8d5b428f155bb5cd03ead2beee85cb116b173f667ca0d7eddf263c734900.json (using temp file /Users/rodionsavchuk/hybrisAutomation/virco-automatedtests/target/site/serenity/0acf8d5b428f155bb5cd03ead2beee85cb116b173f667ca0d7eddf263c734900.jsonb7e8e4fa-b103-4e7a-b49b-94a3ba161872)
[pool-1-thread-2] INFO net.thucydides.core.reports.json.JSONTestOutcomeReporter - Generating JSON report for VIR-241.02 Verify that the personal details are mapped appropriately to file /Users/rodionsavchuk/hybrisAutomation/virco-automatedtests/target/site/serenity/a13f41939905f13645385d57d811c8cdd84a0cbed0caf2a6b3c4f55c28d79c01.json (using temp file /Users/rodionsavchuk/hybrisAutomation/virco-automatedtests/target/site/serenity/a13f41939905f13645385d57d811c8cdd84a0cbed0caf2a6b3c4f55c28d79c01.json9e3ed3e8-5c93-4061-a230-c9d0597153d4)
[pool-1-thread-4] INFO net.thucydides.core.reports.json.JSONTestOutcomeReporter - Generating JSON report for VIR-240.04 Verify that the customer can phone via Skype when they click on the phone number from desktop browser to file /Users/rodionsavchuk/hybrisAutomation/virco-automatedtests/target/site/serenity/022ceba0bee1a7e3be70af6fce73e28abbfa02e327dc996b425b971073e81949.json (using temp file /Users/rodionsavchuk/hybrisAutomation/virco-automatedtests/target/site/serenity/022ceba0bee1a7e3be70af6fce73e28abbfa02e327dc996b425b971073e81949.json419e743c-ea1c-404b-baa5-d416f79e05cb)
[pool-1-thread-2] INFO net.thucydides.core.reports.json.JSONTestOutcomeReporter - Generating JSON report for VIR-241.03 Verify that the data outlined in ID3 are copied into the hybris to file /Users/rodionsavchuk/hybrisAutomation/virco-automatedtests/target/site/serenity/39e10a2762693c36aeb39ffa0694d6429714a5caa78716ad3e3a6dc6f9f35100.json (using temp file /Users/rodionsavchuk/hybrisAutomation/virco-automatedtests/target/site/serenity/39e10a2762693c36aeb39ffa0694d6429714a5caa78716ad3e3a6dc6f9f35100.jsoneca92d41-47a6-4e5c-9e4f-c2cf038a427c)
[pool-1-thread-1] INFO net.thucydides.core.reports.json.JSONTestOutcomeReporter - Generating JSON report for VIR-241.04 Verify that just set up customers can log into the system and perform appropriate activities (due to the permissions) to file /Users/rodionsavchuk/hybrisAutomation/virco-automatedtests/target/site/serenity/cad527a19b233d2a98237bc580b3e071a577ec5892a5ac544f2f50b81e1edc9a.json (using temp file /Users/rodionsavchuk/hybrisAutomation/virco-automatedtests/target/site/serenity/cad527a19b233d2a98237bc580b3e071a577ec5892a5ac544f2f50b81e1edc9a.jsond1ab7fd8-0e9a-4109-a5be-3c381952a976)
[pool-1-thread-3] INFO net.thucydides.core.reports.json.JSONTestOutcomeReporter - Generating JSON report for VIR-242.01 Verify that the following sub menu My Account menu has following options to file /Users/rodionsavchuk/hybrisAutomation/virco-automatedtests/target/site/serenity/1276140ef62c6432b71b0f37d8025035d8b303a616dfb579c0464109d19a2074.json (using temp file /Users/rodionsavchuk/hybrisAutomation/virco-automatedtests/target/site/serenity/1276140ef62c6432b71b0f37d8025035d8b303a616dfb579c0464109d19a2074.json3e4c13f2-0558-4442-9b74-b865d184a530)
[pool-1-thread-2] INFO net.thucydides.core.reports.json.JSONTestOutcomeReporter - Generating JSON report for VIR-242.02 Verify that the shopper is moved to the appropriate page after clicking on the sub-menu option to file /Users/rodionsavchuk/hybrisAutomation/virco-automatedtests/target/site/serenity/28ef021d759f2a4643b61547ae2c5a1b9ce2544b0930e552ce883dc4238eb54c.json (using temp file /Users/rodionsavchuk/hybrisAutomation/virco-automatedtests/target/site/serenity/28ef021d759f2a4643b61547ae2c5a1b9ce2544b0930e552ce883dc4238eb54c.json265bd174-665d-4d22-b89b-032899ec7598)
[pool-1-thread-1] INFO net.thucydides.core.reports.json.JSONTestOutcomeReporter - Generating JSON report for VIR-243.01 Verify that the order tracking number is shown at the Order History and on the Order Details pages to file /Users/rodionsavchuk/hybrisAutomation/virco-automatedtests/target/site/serenity/70b6f3d948299c508f0755eca224d394eabc6d05bab5864a70e0f1b9c6b1e644.json (using temp file /Users/rodionsavchuk/hybrisAutomation/virco-automatedtests/target/site/serenity/70b6f3d948299c508f0755eca224d394eabc6d05bab5864a70e0f1b9c6b1e644.json3ed7fbf8-5224-429f-90b5-b7fd7e0816e9)
[pool-1-thread-3] INFO net.thucydides.core.reports.json.JSONTestOutcomeReporter - Generating JSON report for VIR-243.02 Verify that the several order tracking number can be shown for one order to file /Users/rodionsavchuk/hybrisAutomation/virco-automatedtests/target/site/serenity/962a8661ed130dbc7b367611253983130c921d9ccf15ff013ae776fad79d5178.json (using temp file /Users/rodionsavchuk/hybrisAutomation/virco-automatedtests/target/site/serenity/962a8661ed130dbc7b367611253983130c921d9ccf15ff013ae776fad79d5178.jsonf2477c9d-d9e9-4704-b1f9-58254080e38d)
[pool-1-thread-2] INFO net.thucydides.core.reports.json.JSONTestOutcomeReporter - Generating JSON report for VIR-243.03 Verify that the order delivery status is shown in new window after clicking on tracking number link to file /Users/rodionsavchuk/hybrisAutomation/virco-automatedtests/target/site/serenity/05de3555ce50877d7a68bf12b1c9ce484c460fe5f0202de33af8de7536c5347d.json (using temp file /Users/rodionsavchuk/hybrisAutomation/virco-automatedtests/target/site/serenity/05de3555ce50877d7a68bf12b1c9ce484c460fe5f0202de33af8de7536c5347d.jsoncb6df5ef-3598-4fc9-9c81-4d66042d9dc2)
[pool-1-thread-3] INFO net.thucydides.core.reports.json.JSONTestOutcomeReporter - Generating JSON report for VIR-243.05 Verify that the admin shopper can see the order tracking number for the orders created by to file /Users/rodionsavchuk/hybrisAutomation/virco-automatedtests/target/site/serenity/62c275f127453f29fafc4c2149202cb494bb82c96be65d9c7ffdda17d402d199.json (using temp file /Users/rodionsavchuk/hybrisAutomation/virco-automatedtests/target/site/serenity/62c275f127453f29fafc4c2149202cb494bb82c96be65d9c7ffdda17d402d199.jsonef4cb5c7-7256-4588-a334-9a434b1938ca)
[pool-1-thread-3] INFO net.thucydides.core.reports.json.JSONTestOutcomeReporter - Generating JSON report for VIR-244.01 Verify that the shopper can see their email address within Email in My Account Menu to file /Users/rodionsavchuk/hybrisAutomation/virco-automatedtests/target/site/serenity/bf8e1443a8f088c9e57e0348c8704fc75e0549ba1f9d96c39d9d0ad3f4b04b32.json (using temp file /Users/rodionsavchuk/hybrisAutomation/virco-automatedtests/target/site/serenity/bf8e1443a8f088c9e57e0348c8704fc75e0549ba1f9d96c39d9d0ad3f4b04b32.jsone5f8a0cf-47c0-4b5d-bc79-5e88252ecf99)
[pool-1-thread-2] INFO net.thucydides.core.reports.json.JSONTestOutcomeReporter - Generating JSON report for VIR-244.02 Verify that the email address is not editable to file /Users/rodionsavchuk/hybrisAutomation/virco-automatedtests/target/site/serenity/bfc781d1f39529c42f3e2e6163fe397cb7cd1efdb5aea56fac29b0f0f66e1a5e.json (using temp file /Users/rodionsavchuk/hybrisAutomation/virco-automatedtests/target/site/serenity/bfc781d1f39529c42f3e2e6163fe397cb7cd1efdb5aea56fac29b0f0f66e1a5e.json20d41e49-8662-482d-87de-2cbc621d8176)
[pool-1-thread-2] INFO net.thucydides.core.reports.json.JSONTestOutcomeReporter - Generating JSON report for VIR-226.01 Verify that the dropdown list with contracts is shown in the header to file /Users/rodionsavchuk/hybrisAutomation/virco-automatedtests/target/site/serenity/1a7109a2e435410aec76a6616813b89a7a128938fc747b573a8bea77b5dc2e74.json (using temp file /Users/rodionsavchuk/hybrisAutomation/virco-automatedtests/target/site/serenity/1a7109a2e435410aec76a6616813b89a7a128938fc747b573a8bea77b5dc2e74.json181753e3-e088-4bea-a79a-333cb4c8c800)
[pool-1-thread-3] INFO net.thucydides.core.reports.json.JSONTestOutcomeReporter - Generating JSON report for VIR-226.02 Verify that the default contract is selected automatically if no other contract is selected to file /Users/rodionsavchuk/hybrisAutomation/virco-automatedtests/target/site/serenity/a1cdc501ba181282011afc75c778ae005a66a25ac465bd9f54fb47cebe8da2b6.json (using temp file /Users/rodionsavchuk/hybrisAutomation/virco-automatedtests/target/site/serenity/a1cdc501ba181282011afc75c778ae005a66a25ac465bd9f54fb47cebe8da2b6.jsone2c0aec4-da79-4cea-b1a8-4531a5d62519)
[pool-1-thread-2] INFO net.thucydides.core.reports.json.JSONTestOutcomeReporter - Generating JSON report for VIR-226.03 Verify that each customer has their own default contract to file /Users/rodionsavchuk/hybrisAutomation/virco-automatedtests/target/site/serenity/1100df39b069668be73bd3fa061625067d18d2c8d7eb03db90d26ed720e1bad6.json (using temp file /Users/rodionsavchuk/hybrisAutomation/virco-automatedtests/target/site/serenity/1100df39b069668be73bd3fa061625067d18d2c8d7eb03db90d26ed720e1bad6.json9762a1b0-37d1-44e9-a9d2-1c797b14384e)
[pool-1-thread-1] INFO net.thucydides.core.reports.json.JSONTestOutcomeReporter - Generating JSON report for VIR-226.04 Verify that the assigned to the shopper contracts (defined at the Ship To level) are shown in the list to file /Users/rodionsavchuk/hybrisAutomation/virco-automatedtests/target/site/serenity/736a6f27c422f3f6d8305a0f397a2adb789d1ed4974f92482a9f738f0fdbbfec.json (using temp file /Users/rodionsavchuk/hybrisAutomation/virco-automatedtests/target/site/serenity/736a6f27c422f3f6d8305a0f397a2adb789d1ed4974f92482a9f738f0fdbbfec.jsona8c3632f-7f75-4398-8312-dfc7c8b625a8)
[pool-1-thread-4] INFO net.thucydides.core.reports.json.JSONTestOutcomeReporter - Generating JSON report for VIR-243.04 Verify that the chief shopper can see the order tracking number for the orders created by to file /Users/rodionsavchuk/hybrisAutomation/virco-automatedtests/target/site/serenity/6679b678bf94497d010ee1d2e4e9da687ae39e591aaeb2628364a7db535048bd.json (using temp file /Users/rodionsavchuk/hybrisAutomation/virco-automatedtests/target/site/serenity/6679b678bf94497d010ee1d2e4e9da687ae39e591aaeb2628364a7db535048bd.jsond5da986c-9e1f-4008-b7e8-b44c61bf6f56)
[pool-1-thread-2] INFO net.thucydides.core.reports.json.JSONTestOutcomeReporter - Generating JSON report for VIR-226.05 Verify that shopper can change the contract as many times, as they want to file /Users/rodionsavchuk/hybrisAutomation/virco-automatedtests/target/site/serenity/d72154fb388d26ac97bf25cdf1619f4513466127fb36eb261ec18074f0a654cd.json (using temp file /Users/rodionsavchuk/hybrisAutomation/virco-automatedtests/target/site/serenity/d72154fb388d26ac97bf25cdf1619f4513466127fb36eb261ec18074f0a654cd.jsondf65746c-114a-44fa-8c50-055c6f92dfe9)
[pool-1-thread-3] INFO net.thucydides.core.reports.json.JSONTestOutcomeReporter - Generating JSON report for VIR-226.06 Verify that if the shopper changed the contract, the prices and product list are updated accordingly to the selected contract to file /Users/rodionsavchuk/hybrisAutomation/virco-automatedtests/target/site/serenity/cb991777f2dcd6cec892aca2a17766a44ff88538bd62762eb06275f337f59188.json (using temp file /Users/rodionsavchuk/hybrisAutomation/virco-automatedtests/target/site/serenity/cb991777f2dcd6cec892aca2a17766a44ff88538bd62762eb06275f337f59188.json37d5fe18-1f10-43b6-85b7-553ebe04ca34)
[pool-1-thread-2] INFO net.thucydides.core.reports.json.JSONTestOutcomeReporter - Generating JSON report for VIR-226.07 Verify that if the contract is changed in customer master, it is changed to the customer without any notification to file /Users/rodionsavchuk/hybrisAutomation/virco-automatedtests/target/site/serenity/97d516a9dd97a3564503058531e457f4fe37c4fa911c4e0a2cd67d9e4f26df95.json (using temp file /Users/rodionsavchuk/hybrisAutomation/virco-automatedtests/target/site/serenity/97d516a9dd97a3564503058531e457f4fe37c4fa911c4e0a2cd67d9e4f26df95.json5bb88dd8-6c9f-4f44-b707-3d171922fc1c)
[pool-1-thread-3] INFO net.thucydides.core.reports.json.JSONTestOutcomeReporter - Generating JSON report for VIR-226.01A Verify that the script switch the contract A to the contract B automatically for bunch of selected customers to file /Users/rodionsavchuk/hybrisAutomation/virco-automatedtests/target/site/serenity/40b3604109cc54897930215a5dff112d2f2a0f9a3f3a7c2ebf97db43a508944d.json (using temp file /Users/rodionsavchuk/hybrisAutomation/virco-automatedtests/target/site/serenity/40b3604109cc54897930215a5dff112d2f2a0f9a3f3a7c2ebf97db43a508944d.json5e68cfd6-00b9-46d0-8e52-2f113eb1e1bb)
[pool-1-thread-2] INFO net.thucydides.core.reports.json.JSONTestOutcomeReporter - Generating JSON report for VIR-246.01 Verify that the shopper can see the saved carts within My Account to file /Users/rodionsavchuk/hybrisAutomation/virco-automatedtests/target/site/serenity/8f924b8e28c6b842e118d033edbc4760c495b83f62c62df3597462885f301c84.json (using temp file /Users/rodionsavchuk/hybrisAutomation/virco-automatedtests/target/site/serenity/8f924b8e28c6b842e118d033edbc4760c495b83f62c62df3597462885f301c84.json71b90a87-b27c-40e8-b8aa-a1506e3547f0)
[pool-1-thread-3] INFO net.thucydides.core.reports.json.JSONTestOutcomeReporter - Generating JSON report for VIR-246.02 Remove all from saved carts to file /Users/rodionsavchuk/hybrisAutomation/virco-automatedtests/target/site/serenity/57ad878c80f86f37b436866d9406bfc876bcc2a4fe8f331b75642b3504e58b7f.json (using temp file /Users/rodionsavchuk/hybrisAutomation/virco-automatedtests/target/site/serenity/57ad878c80f86f37b436866d9406bfc876bcc2a4fe8f331b75642b3504e58b7f.json12e7181a-91fa-4bfc-b0e2-27b204741ee8)
[pool-1-thread-1] INFO net.thucydides.core.reports.json.JSONTestOutcomeReporter - Generating JSON report for VIR-226.08 Verify that the prices shows n/a, if the contract expired and the new one is not selected by shopper to file /Users/rodionsavchuk/hybrisAutomation/virco-automatedtests/target/site/serenity/90eacd21eb1e7e24d79a439ece9e6416daa13b514c337bcef555c498996ee27a.json (using temp file /Users/rodionsavchuk/hybrisAutomation/virco-automatedtests/target/site/serenity/90eacd21eb1e7e24d79a439ece9e6416daa13b514c337bcef555c498996ee27a.json00c58b4c-4a9a-4e2b-9606-c2cd00f3b3f9)
[pool-1-thread-2] INFO net.thucydides.core.reports.json.JSONTestOutcomeReporter - Generating JSON report for VIR-246.03 Verify that the saved cart is shown on the saved carts page to file /Users/rodionsavchuk/hybrisAutomation/virco-automatedtests/target/site/serenity/a78cc380adec40d2bde41cc9dd7bf1cd6cc7f6dd92d52beceefba632467fc268.json (using temp file /Users/rodionsavchuk/hybrisAutomation/virco-automatedtests/target/site/serenity/a78cc380adec40d2bde41cc9dd7bf1cd6cc7f6dd92d52beceefba632467fc268.jsone682ed73-a159-49a8-a1fe-427d5fe7467a)
[pool-1-thread-3] INFO net.thucydides.core.reports.json.JSONTestOutcomeReporter - Generating JSON report for VIR-246.04 Verify that the products and their selected quantities are shown at the saved cart page to file /Users/rodionsavchuk/hybrisAutomation/virco-automatedtests/target/site/serenity/71d7b3b019de0d80556b2ab92ce7c04958edcacdb5185c7868f851880fce7a8c.json (using temp file /Users/rodionsavchuk/hybrisAutomation/virco-automatedtests/target/site/serenity/71d7b3b019de0d80556b2ab92ce7c04958edcacdb5185c7868f851880fce7a8c.json342350b5-eb3b-4ad5-83e1-6930769c5af9)
[pool-1-thread-2] INFO net.thucydides.core.reports.json.JSONTestOutcomeReporter - Generating JSON report for VIR-246.05 Verify that saved cart can be restored to file /Users/rodionsavchuk/hybrisAutomation/virco-automatedtests/target/site/serenity/ad1c57abe3cc4827685bdae4426a5445264c10ce7dec22879e678adfd3c0c6cb.json (using temp file /Users/rodionsavchuk/hybrisAutomation/virco-automatedtests/target/site/serenity/ad1c57abe3cc4827685bdae4426a5445264c10ce7dec22879e678adfd3c0c6cb.json6389125e-5095-47a5-8dcf-13cc51d2087e)
[pool-1-thread-1] INFO net.thucydides.core.reports.html.HtmlAcceptanceTestReporter - GENERATING HTML REPORT FOR ACT-10 - Order History Date Range:VIR-235.02 Verify that the newest order is shown first in the list in 8840d0acce101c4828203142f8d64f0725d2637a38c8eebef56a7d6a8b899749.html in directory target/site/serenity  
[pool-1-thread-3] INFO net.thucydides.core.reports.html.HtmlAcceptanceTestReporter - GENERATING HTML REPORT FOR ACT-10 - Order History Date Range:VIR-235.03 Verify that the orders can be filtered by in 29922dd92355b657a29ca8ceee8ece530ee19fab8572208c0d42c3104ff16960.html in directory target/site/serenity  
[pool-1-thread-2] INFO net.thucydides.core.reports.html.HtmlAcceptanceTestReporter - GENERATING HTML REPORT FOR ACT-10 - Order History Date Range:VIR-235.04 Verify that the current year view of orders is set by default in 611fe17d9cda8a2f0360fd4a5e0044434a5a44282d734d3f572d018496b6a768.html in directory target/site/serenity  
[pool-1-thread-2] INFO net.thucydides.core.reports.html.HtmlAcceptanceTestReporter - GENERATING HTML REPORT FOR ACT-10 - Order History Date Range:VIR-235.06 Verify that the orders can be grouped by PO# (alpha-numeric) in 69529ca40520069837eb10aa62eb1ab7518abd062932198aaa75ce49a153bdf4.html in directory target/site/serenity  
[pool-1-thread-3] INFO net.thucydides.core.reports.html.HtmlAcceptanceTestReporter - GENERATING HTML REPORT FOR ACT-10 - Order History Date Range:VIR-235.05 Verify that the orders can be sorted by in b3c85d502fdd11d32f7b2c0e62dbb38be0c6f9c593e4d4ccd95adcc5fe60b304.html in directory target/site/serenity  
[pool-1-thread-1] INFO net.thucydides.core.reports.html.HtmlAcceptanceTestReporter - GENERATING HTML REPORT FOR ACT-11 - View Orders - Shopper ECC:VIR-236.01 Verify that the shopper can see the created by him ECC orders withing Orders History in 6e0b05141f32d41efa52a2f8708a010ef30be5406c962e50aa108e52f637ff4f.html in directory target/site/serenity  
[pool-1-thread-4] INFO net.thucydides.core.reports.html.HtmlAcceptanceTestReporter - GENERATING HTML REPORT FOR ACT-10 - Order History Date Range:VIR-235.01 Verify that the shopper can view the order history within My Account in 273677580b5ade55ccb470a2e988196811df982925cdbb1ace31e0a5efaabec1.html in directory target/site/serenity  
[pool-1-thread-2] INFO net.thucydides.core.reports.html.HtmlAcceptanceTestReporter - GENERATING HTML REPORT FOR ACT-11 - View Orders - Shopper ECC:VIR-236.02 Verify that the shopper is able to see the ECC orders details in 06a785ccbf37298662c0a3d0b35aa8a04f4eb296e14af96a2032ecacd8155265.html in directory target/site/serenity  
[pool-1-thread-3] INFO net.thucydides.core.reports.html.HtmlAcceptanceTestReporter - GENERATING HTML REPORT FOR ACT-11 - View Orders - Shopper ECC:VIR-236.03 Verify that shopper is not able to reorder the ECC orders in adad10cc0c0c283641a22aee227822d43a6b04d28868ac5b5b9f65428e2198f1.html in directory target/site/serenity  
[pool-1-thread-2] INFO net.thucydides.core.reports.html.HtmlAcceptanceTestReporter - GENERATING HTML REPORT FOR ACT-12 - View Orders - Admin:VIR-237.02 Verify that all orders are shown at the same page in 04c1b88fcf25fa2f1ca595220bf539bd3345daf07b3f5fd975b7cfa258aa1a72.html in directory target/site/serenity  
[pool-1-thread-3] INFO net.thucydides.core.reports.html.HtmlAcceptanceTestReporter - GENERATING HTML REPORT FOR ACT-12 - View Orders - Admin:VIR-237.01 Verify that the chief shopper is able to view the orders created by others within their organization in 37ec79a1d6a9cc6a2aec4574466f6dcb64dfed35c002fda7b3134b876ab9d490.html in directory target/site/serenity  
[pool-1-thread-1] INFO net.thucydides.core.reports.html.HtmlAcceptanceTestReporter - GENERATING HTML REPORT FOR ACT-13 - Purchase History:VIR-238.02 Verify that the admin shoppers can view orders placed by admin and stuff shoppers within organization in 049e5266696367738227685efc996b610d41e4a9ff2b91176988ad3e5d046577.html in directory target/site/serenity  
[pool-1-thread-2] INFO net.thucydides.core.reports.html.HtmlAcceptanceTestReporter - GENERATING HTML REPORT FOR ACT-14 - Reorder:VIR-239.02 Verify that the Reorder button is present at the order details page in 7f2baa53bf21c1609ec69298572380037821566fedb28a9f798f27a38a595463.html in directory target/site/serenity  
[pool-1-thread-3] INFO net.thucydides.core.reports.html.HtmlAcceptanceTestReporter - GENERATING HTML REPORT FOR ACT-14 - Reorder:VIR-239.01 Verify that the shopper can see the Reorder button near each order in the list of orders history in bc5c957c59b8dd4780a20bc8c811eb7cd90739e0aa75b27ef4276f5d16b25e8a.html in directory target/site/serenity  
[pool-1-thread-4] INFO net.thucydides.core.reports.html.HtmlAcceptanceTestReporter - GENERATING HTML REPORT FOR ACT-13 - Purchase History:VIR-238.01 Verify that the stuff shopper can view orders created by him/her in da20584ac40b990dc291e9ae9cb2facdd86f681d176e5cbf03c9dc84024b2dea.html in directory target/site/serenity  
[pool-1-thread-3] INFO net.thucydides.core.reports.html.HtmlAcceptanceTestReporter - GENERATING HTML REPORT FOR ACT-14 - Reorder:VIR-239.04 Verify that the new order with the same order details is created after reordering in 86d284f6d52dd7b06703c0e65ed979dc08ab5e91925669335c8db93a482789bd.html in directory target/site/serenity  
[pool-1-thread-2] INFO net.thucydides.core.reports.html.HtmlAcceptanceTestReporter - GENERATING HTML REPORT FOR ACT-14 - Reorder:VIR-239.03 Verify that the Reorder button is present only near the orders created by shopper in db5d2cc2cdb477151d79acc5ba80f9970445ac1f4a40c15aea05ceaf9d72ab4c.html in directory target/site/serenity  
[pool-1-thread-3] INFO net.thucydides.core.reports.html.HtmlAcceptanceTestReporter - GENERATING HTML REPORT FOR ACT-14 - Reorder:VIR-239.05 Verify that the Admin can reorder the orders created by him and stuff shoppers in bd0258604ad0a60526916081e6985c7c5319337a9181a074ad5638ad9d781d0d.html in directory target/site/serenity  
[pool-1-thread-2] INFO net.thucydides.core.reports.html.HtmlAcceptanceTestReporter - GENERATING HTML REPORT FOR ACT-14 - Reorder:VIR-239.07 Verify that the Stuff shopper can reorder the orders created by him\her only in b8018260c31d901f3d8d776ff65116bc168b781e95b8a9f89641bcafaaa081f8.html in directory target/site/serenity  
[pool-1-thread-4] INFO net.thucydides.core.reports.html.HtmlAcceptanceTestReporter - GENERATING HTML REPORT FOR ACT-14 - Reorder:VIR-239.06 Verify that the Chief can reorder the orders created by him, admin and stuff shoppers in ce484b4c5f4b477729fe56f6574c4b704d459afba8238101689edf60627995fe.html in directory target/site/serenity  
[pool-1-thread-1] INFO net.thucydides.core.reports.html.HtmlAcceptanceTestReporter - GENERATING HTML REPORT FOR ACT-15 - Customer Management:VIR-240.01 Verify that the following message is shown to the customer if they entered wrong login data at first and second times in 5c983153fe2ebb177f0d9e8b132ca59a6e0ee0ae8654058c47ae107dbb7196e9.html in directory target/site/serenity  
[pool-1-thread-3] INFO net.thucydides.core.reports.html.HtmlAcceptanceTestReporter - GENERATING HTML REPORT FOR ACT-15 - Customer Management:VIR-240.02 Verify that the error message is shown to the customer if they entered wrong login data three and more times in feea09e30f98fa20f26d9fa541c867e47262726ef2edae67658e6fe1f69f795b.html in directory target/site/serenity  
[pool-1-thread-2] INFO net.thucydides.core.reports.html.HtmlAcceptanceTestReporter - GENERATING HTML REPORT FOR ACT-15 - Customer Management:VIR-240.03 Verify that the account is locked automatically after 3 incorrect login attempts in 98702c761630d5e96c1885fc6b7d9edc2d3d9276a61dcb964fb55a77180ac4c4.html in directory target/site/serenity  
[pool-1-thread-4] INFO net.thucydides.core.reports.html.HtmlAcceptanceTestReporter - GENERATING HTML REPORT FOR ACT-15 - Customer Management:VIR-240.05 Verify that the customer can phone via phone/skype when they click on the phone number from mobile device in 0acf8d5b428f155bb5cd03ead2beee85cb116b173f667ca0d7eddf263c734900.html in directory target/site/serenity  
[pool-1-thread-1] INFO net.thucydides.core.reports.html.HtmlAcceptanceTestReporter - GENERATING HTML REPORT FOR ACT-15 - Customer Management:VIR-240.04 Verify that the customer can phone via Skype when they click on the phone number from desktop browser in 022ceba0bee1a7e3be70af6fce73e28abbfa02e327dc996b425b971073e81949.html in directory target/site/serenity  
[pool-1-thread-3] INFO net.thucydides.core.reports.html.HtmlAcceptanceTestReporter - GENERATING HTML REPORT FOR ACT-16 - CSR Mass Set Up:VIR-241.01 Verify that the bunch of customers are created in hybris after running mass setup script in 463850b14992f16a3a2bf3702fcc5975eee58ce459f840ff047b04c2eaef46d1.html in directory target/site/serenity  
[pool-1-thread-2] INFO net.thucydides.core.reports.html.HtmlAcceptanceTestReporter - GENERATING HTML REPORT FOR ACT-16 - CSR Mass Set Up:VIR-241.02 Verify that the personal details are mapped appropriately in a13f41939905f13645385d57d811c8cdd84a0cbed0caf2a6b3c4f55c28d79c01.html in directory target/site/serenity  
[pool-1-thread-4] INFO net.thucydides.core.reports.html.HtmlAcceptanceTestReporter - GENERATING HTML REPORT FOR ACT-16 - CSR Mass Set Up:VIR-241.03 Verify that the data outlined in ID3 are copied into the hybris in 39e10a2762693c36aeb39ffa0694d6429714a5caa78716ad3e3a6dc6f9f35100.html in directory target/site/serenity  
[pool-1-thread-3] INFO net.thucydides.core.reports.html.HtmlAcceptanceTestReporter - GENERATING HTML REPORT FOR ACT-16 - CSR Mass Set Up:VIR-241.04 Verify that just set up customers can log into the system and perform appropriate activities (due to the permissions) in cad527a19b233d2a98237bc580b3e071a577ec5892a5ac544f2f50b81e1edc9a.html in directory target/site/serenity  
[pool-1-thread-4] INFO net.thucydides.core.reports.html.HtmlAcceptanceTestReporter - GENERATING HTML REPORT FOR ACT-17 - My Account View Options:VIR-242.01 Verify that the following sub menu My Account menu has following options in 1276140ef62c6432b71b0f37d8025035d8b303a616dfb579c0464109d19a2074.html in directory target/site/serenity  
[pool-1-thread-1] INFO net.thucydides.core.reports.html.HtmlAcceptanceTestReporter - GENERATING HTML REPORT FOR ACT-18 - Tracking Information:VIR-243.01 Verify that the order tracking number is shown at the Order History and on the Order Details pages in 70b6f3d948299c508f0755eca224d394eabc6d05bab5864a70e0f1b9c6b1e644.html in directory target/site/serenity  
[pool-1-thread-4] INFO net.thucydides.core.reports.html.HtmlAcceptanceTestReporter - GENERATING HTML REPORT FOR ACT-18 - Tracking Information:VIR-243.03 Verify that the order delivery status is shown in new window after clicking on tracking number link in 05de3555ce50877d7a68bf12b1c9ce484c460fe5f0202de33af8de7536c5347d.html in directory target/site/serenity  
[pool-1-thread-3] INFO net.thucydides.core.reports.html.HtmlAcceptanceTestReporter - GENERATING HTML REPORT FOR ACT-18 - Tracking Information:VIR-243.02 Verify that the several order tracking number can be shown for one order in 962a8661ed130dbc7b367611253983130c921d9ccf15ff013ae776fad79d5178.html in directory target/site/serenity  
[pool-1-thread-1] INFO net.thucydides.core.reports.html.HtmlAcceptanceTestReporter - GENERATING HTML REPORT FOR ACT-18 - Tracking Information:VIR-243.04 Verify that the chief shopper can see the order tracking number for the orders created by in 6679b678bf94497d010ee1d2e4e9da687ae39e591aaeb2628364a7db535048bd.html in directory target/site/serenity  
[pool-1-thread-3] INFO net.thucydides.core.reports.html.HtmlAcceptanceTestReporter - GENERATING HTML REPORT FOR ACT-18 - Tracking Information:VIR-243.05 Verify that the admin shopper can see the order tracking number for the orders created by in 62c275f127453f29fafc4c2149202cb494bb82c96be65d9c7ffdda17d402d199.html in directory target/site/serenity  
[pool-1-thread-4] INFO net.thucydides.core.reports.html.HtmlAcceptanceTestReporter - GENERATING HTML REPORT FOR ACT-19 - Static Email Address:VIR-244.01 Verify that the shopper can see their email address within Email in My Account Menu in bf8e1443a8f088c9e57e0348c8704fc75e0549ba1f9d96c39d9d0ad3f4b04b32.html in directory target/site/serenity  
[pool-1-thread-3] INFO net.thucydides.core.reports.html.HtmlAcceptanceTestReporter - GENERATING HTML REPORT FOR ACT-1 - Default Contract:VIR-226.01 Verify that the dropdown list with contracts is shown in the header in 1a7109a2e435410aec76a6616813b89a7a128938fc747b573a8bea77b5dc2e74.html in directory target/site/serenity  
[pool-1-thread-1] INFO net.thucydides.core.reports.html.HtmlAcceptanceTestReporter - GENERATING HTML REPORT FOR ACT-19 - Static Email Address:VIR-244.02 Verify that the email address is not editable in bfc781d1f39529c42f3e2e6163fe397cb7cd1efdb5aea56fac29b0f0f66e1a5e.html in directory target/site/serenity  
[pool-1-thread-4] INFO net.thucydides.core.reports.html.HtmlAcceptanceTestReporter - GENERATING HTML REPORT FOR ACT-1 - Default Contract:VIR-226.02 Verify that the default contract is selected automatically if no other contract is selected in a1cdc501ba181282011afc75c778ae005a66a25ac465bd9f54fb47cebe8da2b6.html in directory target/site/serenity  
[pool-1-thread-3] INFO net.thucydides.core.reports.html.HtmlAcceptanceTestReporter - GENERATING HTML REPORT FOR ACT-1 - Default Contract:VIR-226.03 Verify that each customer has their own default contract in 1100df39b069668be73bd3fa061625067d18d2c8d7eb03db90d26ed720e1bad6.html in directory target/site/serenity  
[pool-1-thread-4] INFO net.thucydides.core.reports.html.HtmlAcceptanceTestReporter - GENERATING HTML REPORT FOR ACT-1 - Default Contract:VIR-226.04 Verify that the assigned to the shopper contracts (defined at the Ship To level) are shown in the list in 736a6f27c422f3f6d8305a0f397a2adb789d1ed4974f92482a9f738f0fdbbfec.html in directory target/site/serenity  
[pool-1-thread-1] INFO net.thucydides.core.reports.html.HtmlAcceptanceTestReporter - GENERATING HTML REPORT FOR ACT-1 - Default Contract:VIR-226.05 Verify that shopper can change the contract as many times, as they want in d72154fb388d26ac97bf25cdf1619f4513466127fb36eb261ec18074f0a654cd.html in directory target/site/serenity  
[pool-1-thread-2] INFO net.thucydides.core.reports.html.HtmlAcceptanceTestReporter - GENERATING HTML REPORT FOR ACT-17 - My Account View Options:VIR-242.02 Verify that the shopper is moved to the appropriate page after clicking on the sub-menu option in 28ef021d759f2a4643b61547ae2c5a1b9ce2544b0930e552ce883dc4238eb54c.html in directory target/site/serenity  
[pool-1-thread-4] INFO net.thucydides.core.reports.html.HtmlAcceptanceTestReporter - GENERATING HTML REPORT FOR ACT-1 - Default Contract:VIR-226.07 Verify that if the contract is changed in customer master, it is changed to the customer without any notification in 97d516a9dd97a3564503058531e457f4fe37c4fa911c4e0a2cd67d9e4f26df95.html in directory target/site/serenity  
[pool-1-thread-1] INFO net.thucydides.core.reports.html.HtmlAcceptanceTestReporter - GENERATING HTML REPORT FOR ACT-1 - Default Contract:VIR-226.08 Verify that the prices shows n/a, if the contract expired and the new one is not selected by shopper in 90eacd21eb1e7e24d79a439ece9e6416daa13b514c337bcef555c498996ee27a.html in directory target/site/serenity  
[pool-1-thread-4] INFO net.thucydides.core.reports.html.HtmlAcceptanceTestReporter - GENERATING HTML REPORT FOR ACT-1 - Default Contract:VIR-226.01A Verify that the script switch the contract A to the contract B automatically for bunch of selected customers in 40b3604109cc54897930215a5dff112d2f2a0f9a3f3a7c2ebf97db43a508944d.html in directory target/site/serenity  
[pool-1-thread-4] INFO net.thucydides.core.reports.html.HtmlAcceptanceTestReporter - GENERATING HTML REPORT FOR ACT-21 - View Saved Carts:VIR-246.02 Remove all from saved carts in 57ad878c80f86f37b436866d9406bfc876bcc2a4fe8f331b75642b3504e58b7f.html in directory target/site/serenity  
[pool-1-thread-1] INFO net.thucydides.core.reports.html.HtmlAcceptanceTestReporter - GENERATING HTML REPORT FOR ACT-21 - View Saved Carts:VIR-246.01 Verify that the shopper can see the saved carts within My Account in 8f924b8e28c6b842e118d033edbc4760c495b83f62c62df3597462885f301c84.html in directory target/site/serenity  
[pool-1-thread-4] INFO net.thucydides.core.reports.html.HtmlAcceptanceTestReporter - GENERATING HTML REPORT FOR ACT-21 - View Saved Carts:VIR-246.03 Verify that the saved cart is shown on the saved carts page in a78cc380adec40d2bde41cc9dd7bf1cd6cc7f6dd92d52beceefba632467fc268.html in directory target/site/serenity  
[pool-1-thread-1] INFO net.thucydides.core.reports.html.HtmlAcceptanceTestReporter - GENERATING HTML REPORT FOR ACT-21 - View Saved Carts:VIR-246.04 Verify that the products and their selected quantities are shown at the saved cart page in 71d7b3b019de0d80556b2ab92ce7c04958edcacdb5185c7868f851880fce7a8c.html in directory target/site/serenity  
[pool-1-thread-2] INFO net.thucydides.core.reports.html.HtmlAcceptanceTestReporter - GENERATING HTML REPORT FOR ACT-21 - View Saved Carts:VIR-246.05 Verify that saved cart can be restored in ad1c57abe3cc4827685bdae4426a5445264c10ce7dec22879e678adfd3c0c6cb.html in directory target/site/serenity  
[pool-1-thread-3] INFO net.thucydides.core.reports.html.HtmlAcceptanceTestReporter - GENERATING HTML REPORT FOR ACT-1 - Default Contract:VIR-226.06 Verify that if the shopper changed the contract, the prices and product list are updated accordingly to the selected contract in cb991777f2dcd6cec892aca2a17766a44ff88538bd62762eb06275f337f59188.html in directory target/site/serenity  
[main] INFO net.serenitybdd.core.Serenity - 
 _____ _____ ____ _____   ____ _____  _    ____ _____ _____ ____  
|_   _| ____/ ___|_   _| / ___|_   _|/ \  |  _ \_   _| ____|  _ \ 
  | | |  _| \___ \ | |   \___ \ | | / _ \ | |_) || | |  _| | | | |
  | | | |___ ___) || |    ___) || |/ ___ \|  _ < | | | |___| |_| |
  |_| |_____|____/ |_|   |____/ |_/_/   \_\_| \_\|_| |_____|____/ 
                                                                  

TEST STARTED: VIR-246.06 Verify that saved cart can be updated
-------------------------------------------------------------------(act-21---view-saved-carts;vir-246.06-verify-that-saved-cart-can-be-updated)
[main] INFO net.serenitybdd.core.Serenity - STARTING STEP Given open the site and login
[main] INFO net.serenitybdd.core.Serenity - STARTING STEP Open the site
[main] INFO net.serenitybdd.core.Serenity - STEP ERROR: net.serenitybdd.core.exceptions.SerenityManagedException: Could not initialize class com.virco.locators.SiteData
]]></system-err>
  </testcase>
  <testcase name="Scenario: VIR-246.06 Verify that saved cart can be updated" classname="Scenario: VIR-246.06 Verify that saved cart can be updated" time="0.027">
    <error message="Could not initialize class com.virco.locators.SiteData" type="net.serenitybdd.core.exceptions.SerenityManagedException"><![CDATA[net.serenitybdd.core.exceptions.SerenityManagedException: Could not initialize class com.virco.locators.SiteData
	at com.virco.steps.serenity.CommonUserSteps.openTheSite(CommonUserSteps.java:19)
	at com.virco.steps.serenity.CommonUserSteps$$EnhancerByCGLIB$$d8541bfa.CGLIB$openTheSite$6(<generated>)
	at com.virco.steps.serenity.CommonUserSteps$$EnhancerByCGLIB$$d8541bfa$$FastClassByCGLIB$$ea8e0f86.invoke(<generated>)
	at net.sf.cglib.proxy.MethodProxy.invokeSuper(MethodProxy.java:228)
	at net.thucydides.core.steps.StepInterceptor.invokeMethod(StepInterceptor.java:372)
	at net.thucydides.core.steps.StepInterceptor.executeTestStepMethod(StepInterceptor.java:357)
	at net.thucydides.core.steps.StepInterceptor.runTestStep(StepInterceptor.java:332)
	at net.thucydides.core.steps.StepInterceptor.testStepResult(StepInterceptor.java:134)
	at net.thucydides.core.steps.StepInterceptor.intercept(StepInterceptor.java:61)
	at com.virco.steps.serenity.CommonUserSteps$$EnhancerByCGLIB$$d8541bfa.openTheSite(<generated>)
	at com.virco.steps.CommonDefinitionSteps.openTheSiteAndLogin(CommonDefinitionSteps.java:72)
	at sun.reflect.NativeMethodAccessorImpl.invoke0(Native Method)
	at sun.reflect.NativeMethodAccessorImpl.invoke(NativeMethodAccessorImpl.java:62)
	at sun.reflect.DelegatingMethodAccessorImpl.invoke(DelegatingMethodAccessorImpl.java:43)
	at java.lang.reflect.Method.invoke(Method.java:498)
	at cucumber.runtime.Utils$1.call(Utils.java:40)
	at cucumber.runtime.Timeout.timeout(Timeout.java:16)
	at cucumber.runtime.Utils.invoke(Utils.java:34)
	at cucumber.runtime.java.JavaStepDefinition.execute(JavaStepDefinition.java:38)
	at cucumber.runtime.StepDefinitionMatch.runStep(StepDefinitionMatch.java:37)
	at cucumber.runtime.Runtime.runStep(Runtime.java:300)
	at cucumber.runtime.model.StepContainer.runStep(StepContainer.java:44)
	at cucumber.runtime.model.StepContainer.runSteps(StepContainer.java:39)
	at cucumber.runtime.model.CucumberScenario.run(CucumberScenario.java:44)
	at cucumber.runtime.junit.ExecutionUnitRunner.run(ExecutionUnitRunner.java:102)
	at cucumber.runtime.junit.FeatureRunner.runChild(FeatureRunner.java:63)
	at cucumber.runtime.junit.FeatureRunner.runChild(FeatureRunner.java:18)
	at org.junit.runners.ParentRunner$3.run(ParentRunner.java:290)
	at org.junit.runners.ParentRunner$1.schedule(ParentRunner.java:71)
	at org.junit.runners.ParentRunner.runChildren(ParentRunner.java:288)
	at org.junit.runners.ParentRunner.access$000(ParentRunner.java:58)
	at org.junit.runners.ParentRunner$2.evaluate(ParentRunner.java:268)
	at org.junit.runners.ParentRunner.run(ParentRunner.java:363)
	at cucumber.runtime.junit.FeatureRunner.run(FeatureRunner.java:70)
	at cucumber.api.junit.Cucumber.runChild(Cucumber.java:95)
	at cucumber.api.junit.Cucumber.runChild(Cucumber.java:38)
	at org.junit.runners.ParentRunner$3.run(ParentRunner.java:290)
	at org.junit.runners.ParentRunner$1.schedule(ParentRunner.java:71)
	at org.junit.runners.ParentRunner.runChildren(ParentRunner.java:288)
	at org.junit.runners.ParentRunner.access$000(ParentRunner.java:58)
	at org.junit.runners.ParentRunner$2.evaluate(ParentRunner.java:268)
	at org.junit.runners.ParentRunner.run(ParentRunner.java:363)
	at cucumber.api.junit.Cucumber.run(Cucumber.java:100)
	at org.apache.maven.surefire.junit4.JUnit4Provider.execute(JUnit4Provider.java:283)
	at org.apache.maven.surefire.junit4.JUnit4Provider.executeWithRerun(JUnit4Provider.java:173)
	at org.apache.maven.surefire.junit4.JUnit4Provider.executeTestSet(JUnit4Provider.java:153)
	at org.apache.maven.surefire.junit4.JUnit4Provider.invoke(JUnit4Provider.java:128)
	at org.apache.maven.surefire.booter.ForkedBooter.invokeProviderInSameClassLoader(ForkedBooter.java:203)
	at org.apache.maven.surefire.booter.ForkedBooter.runSuitesInProcess(ForkedBooter.java:155)
	at org.apache.maven.surefire.booter.ForkedBooter.main(ForkedBooter.java:103)
]]></error>
  </testcase>
  <testcase name="When open category with pagination" classname="Scenario: VIR-246.06 Verify that saved cart can be updated" time="0">
    <skipped/>
    <system-err><![CDATA[[main] INFO net.serenitybdd.core.Serenity - STEP ERROR: java.lang.NoClassDefFoundError: Could not initialize class com.virco.locators.SiteData
[main] INFO net.serenitybdd.core.Serenity - STARTING STEP When open category with pagination
]]></system-err>
  </testcase>
  <testcase name="When click on &quot;1&quot; product image in list" classname="Scenario: VIR-246.06 Verify that saved cart can be updated" time="0">
    <skipped/>
    <system-err><![CDATA[[main] INFO net.serenitybdd.core.Serenity - IGNORING STEP
[main] INFO net.serenitybdd.core.Serenity - STARTING STEP When click on "1" product image in list
]]></system-err>
  </testcase>
  <testcase name="When click on &quot;Add to cart&quot; button" classname="Scenario: VIR-246.06 Verify that saved cart can be updated" time="0">
    <skipped/>
    <system-err><![CDATA[[main] INFO net.serenitybdd.core.Serenity - IGNORING STEP
[main] INFO net.serenitybdd.core.Serenity - STARTING STEP When click on "Add to cart" button
]]></system-err>
  </testcase>
  <testcase name="When click on &quot;Checkout&quot; button" classname="Scenario: VIR-246.06 Verify that saved cart can be updated" time="0">
    <skipped/>
    <system-err><![CDATA[[main] INFO net.serenitybdd.core.Serenity - IGNORING STEP
[main] INFO net.serenitybdd.core.Serenity - STARTING STEP When click on "Checkout" button
]]></system-err>
  </testcase>
  <testcase name="When click on &quot;New Cart&quot; button" classname="Scenario: VIR-246.06 Verify that saved cart can be updated" time="0">
    <skipped/>
    <system-err><![CDATA[[main] INFO net.serenitybdd.core.Serenity - IGNORING STEP
[main] INFO net.serenitybdd.core.Serenity - STARTING STEP When click on "New Cart" button
]]></system-err>
  </testcase>
  <testcase name="When enter &quot;TestUpdate&quot; in the &quot;Name&quot; field" classname="Scenario: VIR-246.06 Verify that saved cart can be updated" time="0">
    <skipped/>
    <system-err><![CDATA[[main] INFO net.serenitybdd.core.Serenity - IGNORING STEP
[main] INFO net.serenitybdd.core.Serenity - STARTING STEP When enter "TestUpdate" in the "Name" field
]]></system-err>
  </testcase>
  <testcase name="When enter &quot;TestDescriptionUpdate&quot; in the &quot;Description&quot; textarea" classname="Scenario: VIR-246.06 Verify that saved cart can be updated" time="0">
    <skipped/>
    <system-err><![CDATA[[main] INFO net.serenitybdd.core.Serenity - IGNORING STEP
[main] INFO net.serenitybdd.core.Serenity - STARTING STEP When enter "TestDescriptionUpdate" in the "Description" textarea
]]></system-err>
  </testcase>
  <testcase name="When click on &quot;Save&quot; modal button" classname="Scenario: VIR-246.06 Verify that saved cart can be updated" time="0">
    <skipped/>
    <system-err><![CDATA[[main] INFO net.serenitybdd.core.Serenity - IGNORING STEP
[main] INFO net.serenitybdd.core.Serenity - STARTING STEP When click on "Save" modal button
]]></system-err>
  </testcase>
  <testcase name="Then alert with text &quot;Cart TestUpdate was successfully saved&quot; is shown" classname="Scenario: VIR-246.06 Verify that saved cart can be updated" time="0">
    <skipped/>
    <system-err><![CDATA[[main] INFO net.serenitybdd.core.Serenity - IGNORING STEP
[main] INFO net.serenitybdd.core.Serenity - STARTING STEP Then alert with text "Cart TestUpdate was successfully saved" is shown
]]></system-err>
  </testcase>
  <testcase name="When click on &quot;Saved Carts (&quot; button" classname="Scenario: VIR-246.06 Verify that saved cart can be updated" time="0">
    <skipped/>
    <system-err><![CDATA[[main] INFO net.serenitybdd.core.Serenity - IGNORING STEP
[main] INFO net.serenitybdd.core.Serenity - STARTING STEP When click on "Saved Carts (" button
]]></system-err>
  </testcase>
  <testcase name="When click on &quot;TestUpdate&quot; saved cart" classname="Scenario: VIR-246.06 Verify that saved cart can be updated" time="0">
    <skipped/>
    <system-err><![CDATA[[main] INFO net.serenitybdd.core.Serenity - IGNORING STEP
[main] INFO net.serenitybdd.core.Serenity - STARTING STEP When click on "TestUpdate" saved cart
]]></system-err>
  </testcase>
  <testcase name="When click on &quot;Edit&quot; button" classname="Scenario: VIR-246.06 Verify that saved cart can be updated" time="0">
    <skipped/>
    <system-err><![CDATA[[main] INFO net.serenitybdd.core.Serenity - IGNORING STEP
[main] INFO net.serenitybdd.core.Serenity - STARTING STEP When click on "Edit" button
]]></system-err>
  </testcase>
  <testcase name="When enter &quot;TestUpdateTest&quot; in the &quot;Name&quot; field" classname="Scenario: VIR-246.06 Verify that saved cart can be updated" time="0">
    <skipped/>
    <system-err><![CDATA[[main] INFO net.serenitybdd.core.Serenity - IGNORING STEP
[main] INFO net.serenitybdd.core.Serenity - STARTING STEP When enter "TestUpdateTest" in the "Name" field
]]></system-err>
  </testcase>
  <testcase name="When enter &quot;TestDescriptionUpdateTest&quot; in the &quot;Description&quot; textarea" classname="Scenario: VIR-246.06 Verify that saved cart can be updated" time="0">
    <skipped/>
    <system-err><![CDATA[[main] INFO net.serenitybdd.core.Serenity - IGNORING STEP
[main] INFO net.serenitybdd.core.Serenity - STARTING STEP When enter "TestDescriptionUpdateTest" in the "Description" textarea
]]></system-err>
  </testcase>
  <testcase name="When save edited cart" classname="Scenario: VIR-246.06 Verify that saved cart can be updated" time="0">
    <skipped/>
    <system-err><![CDATA[[main] INFO net.serenitybdd.core.Serenity - IGNORING STEP
[main] INFO net.serenitybdd.core.Serenity - STARTING STEP When save edited cart
]]></system-err>
  </testcase>
  <testcase name="Then alert with text &quot;Cart TestUpdateTest was successfully updated&quot; is shown" classname="Scenario: VIR-246.06 Verify that saved cart can be updated" time="0">
    <skipped/>
    <system-err><![CDATA[[main] INFO net.serenitybdd.core.Serenity - IGNORING STEP
[main] INFO net.serenitybdd.core.Serenity - STARTING STEP Then alert with text "Cart TestUpdateTest was successfully updated" is shown
]]></system-err>
  </testcase>
  <testcase name="When click on &quot;Back to Saved Carts&quot; button" classname="Scenario: VIR-246.06 Verify that saved cart can be updated" time="0">
    <skipped/>
    <system-err><![CDATA[[main] INFO net.serenitybdd.core.Serenity - IGNORING STEP
[main] INFO net.serenitybdd.core.Serenity - STARTING STEP When click on "Back to Saved Carts" button
]]></system-err>
  </testcase>
  <testcase name="Then the cart &quot;TestUpdateTest&quot; is presented on saved cart page" classname="Scenario: VIR-246.06 Verify that saved cart can be updated" time="0">
    <skipped/>
    <system-err><![CDATA[[main] INFO net.serenitybdd.core.Serenity - IGNORING STEP
[main] INFO net.serenitybdd.core.Serenity - STARTING STEP Then the cart "TestUpdateTest" is presented on saved cart page
]]></system-err>
  </testcase>
  <testcase name="Then the description of &quot;TestUpdateTest&quot; cart is &quot;TestDescriptionUpdateTest&quot;" classname="Scenario: VIR-246.06 Verify that saved cart can be updated" time="0">
    <skipped/>
    <system-err><![CDATA[[main] INFO net.serenitybdd.core.Serenity - IGNORING STEP
[main] INFO net.serenitybdd.core.Serenity - STARTING STEP Then the description of "TestUpdateTest" cart is "TestDescriptionUpdateTest"
]]></system-err>
  </testcase>
  <testcase name="Given open the site and login" classname="Scenario: VIR-246.07 Verify that saved cart can be removed" time="0.003">
    <error message="Could not initialize class com.virco.locators.SiteData" type="net.serenitybdd.core.exceptions.SerenityManagedException"><![CDATA[net.serenitybdd.core.exceptions.SerenityManagedException: Could not initialize class com.virco.locators.SiteData
	at com.virco.steps.serenity.CommonUserSteps.openTheSite(CommonUserSteps.java:19)
	at com.virco.steps.serenity.CommonUserSteps$$EnhancerByCGLIB$$d8541bfa.CGLIB$openTheSite$6(<generated>)
	at com.virco.steps.serenity.CommonUserSteps$$EnhancerByCGLIB$$d8541bfa$$FastClassByCGLIB$$ea8e0f86.invoke(<generated>)
	at net.sf.cglib.proxy.MethodProxy.invokeSuper(MethodProxy.java:228)
	at net.thucydides.core.steps.StepInterceptor.invokeMethod(StepInterceptor.java:372)
	at net.thucydides.core.steps.StepInterceptor.executeTestStepMethod(StepInterceptor.java:357)
	at net.thucydides.core.steps.StepInterceptor.runTestStep(StepInterceptor.java:332)
	at net.thucydides.core.steps.StepInterceptor.testStepResult(StepInterceptor.java:134)
	at net.thucydides.core.steps.StepInterceptor.intercept(StepInterceptor.java:61)
	at com.virco.steps.serenity.CommonUserSteps$$EnhancerByCGLIB$$d8541bfa.openTheSite(<generated>)
	at com.virco.steps.CommonDefinitionSteps.openTheSiteAndLogin(CommonDefinitionSteps.java:72)
	at sun.reflect.GeneratedMethodAccessor143.invoke(Unknown Source)
	at sun.reflect.DelegatingMethodAccessorImpl.invoke(DelegatingMethodAccessorImpl.java:43)
	at java.lang.reflect.Method.invoke(Method.java:498)
	at cucumber.runtime.Utils$1.call(Utils.java:40)
	at cucumber.runtime.Timeout.timeout(Timeout.java:16)
	at cucumber.runtime.Utils.invoke(Utils.java:34)
	at cucumber.runtime.java.JavaStepDefinition.execute(JavaStepDefinition.java:38)
	at cucumber.runtime.StepDefinitionMatch.runStep(StepDefinitionMatch.java:37)
	at cucumber.runtime.Runtime.runStep(Runtime.java:300)
	at cucumber.runtime.model.StepContainer.runStep(StepContainer.java:44)
	at cucumber.runtime.model.StepContainer.runSteps(StepContainer.java:39)
	at cucumber.runtime.model.CucumberScenario.run(CucumberScenario.java:44)
	at cucumber.runtime.junit.ExecutionUnitRunner.run(ExecutionUnitRunner.java:102)
	at cucumber.runtime.junit.FeatureRunner.runChild(FeatureRunner.java:63)
	at cucumber.runtime.junit.FeatureRunner.runChild(FeatureRunner.java:18)
	at org.junit.runners.ParentRunner$3.run(ParentRunner.java:290)
	at org.junit.runners.ParentRunner$1.schedule(ParentRunner.java:71)
	at org.junit.runners.ParentRunner.runChildren(ParentRunner.java:288)
	at org.junit.runners.ParentRunner.access$000(ParentRunner.java:58)
	at org.junit.runners.ParentRunner$2.evaluate(ParentRunner.java:268)
	at org.junit.runners.ParentRunner.run(ParentRunner.java:363)
	at cucumber.runtime.junit.FeatureRunner.run(FeatureRunner.java:70)
	at cucumber.api.junit.Cucumber.runChild(Cucumber.java:95)
	at cucumber.api.junit.Cucumber.runChild(Cucumber.java:38)
	at org.junit.runners.ParentRunner$3.run(ParentRunner.java:290)
	at org.junit.runners.ParentRunner$1.schedule(ParentRunner.java:71)
	at org.junit.runners.ParentRunner.runChildren(ParentRunner.java:288)
	at org.junit.runners.ParentRunner.access$000(ParentRunner.java:58)
	at org.junit.runners.ParentRunner$2.evaluate(ParentRunner.java:268)
	at org.junit.runners.ParentRunner.run(ParentRunner.java:363)
	at cucumber.api.junit.Cucumber.run(Cucumber.java:100)
	at org.apache.maven.surefire.junit4.JUnit4Provider.execute(JUnit4Provider.java:283)
	at org.apache.maven.surefire.junit4.JUnit4Provider.executeWithRerun(JUnit4Provider.java:173)
	at org.apache.maven.surefire.junit4.JUnit4Provider.executeTestSet(JUnit4Provider.java:153)
	at org.apache.maven.surefire.junit4.JUnit4Provider.invoke(JUnit4Provider.java:128)
	at org.apache.maven.surefire.booter.ForkedBooter.invokeProviderInSameClassLoader(ForkedBooter.java:203)
	at org.apache.maven.surefire.booter.ForkedBooter.runSuitesInProcess(ForkedBooter.java:155)
	at org.apache.maven.surefire.booter.ForkedBooter.main(ForkedBooter.java:103)
]]></error>
    <system-err><![CDATA[[main] INFO net.serenitybdd.core.Serenity - IGNORING STEP
[main] ERROR net.serenitybdd.core.Serenity - 
           __  _____ _____ ____ _____   _____ _    ___ _     _____ ____  
  _       / / |_   _| ____/ ___|_   _| |  ___/ \  |_ _| |   | ____|  _ \ 
 (_)_____| |    | | |  _| \___ \ | |   | |_ / _ \  | || |   |  _| | | | |
  _|_____| |    | | | |___ ___) || |   |  _/ ___ \ | || |___| |___| |_| |
 (_)     | |    |_| |_____|____/ |_|   |_|/_/   \_\___|_____|_____|____/ 
          \_\                                                            

TEST FAILED WITH ERROR: VIR-246.06 Verify that saved cart can be updated
---------------------------------------------------------------------
[main] ERROR net.serenitybdd.core.Serenity - TEST FAILED AT STEP Open the site
[main] ERROR net.serenitybdd.core.Serenity - Could not initialize class com.virco.locators.SiteData
[pool-1-thread-1] INFO net.thucydides.core.reports.json.JSONTestOutcomeReporter - Generating JSON report for VIR-235.01 Verify that the shopper can view the order history within My Account to file /Users/rodionsavchuk/hybrisAutomation/virco-automatedtests/target/site/serenity/273677580b5ade55ccb470a2e988196811df982925cdbb1ace31e0a5efaabec1.json (using temp file /Users/rodionsavchuk/hybrisAutomation/virco-automatedtests/target/site/serenity/273677580b5ade55ccb470a2e988196811df982925cdbb1ace31e0a5efaabec1.json1e4ffe55-10d9-474b-ab19-46842da26589)
[pool-1-thread-2] INFO net.thucydides.core.reports.json.JSONTestOutcomeReporter - Generating JSON report for VIR-235.03 Verify that the orders can be filtered by to file /Users/rodionsavchuk/hybrisAutomation/virco-automatedtests/target/site/serenity/29922dd92355b657a29ca8ceee8ece530ee19fab8572208c0d42c3104ff16960.json (using temp file /Users/rodionsavchuk/hybrisAutomation/virco-automatedtests/target/site/serenity/29922dd92355b657a29ca8ceee8ece530ee19fab8572208c0d42c3104ff16960.jsondec51b23-eef5-48dc-99e7-1d37e37b302f)
[pool-1-thread-4] INFO net.thucydides.core.reports.json.JSONTestOutcomeReporter - Generating JSON report for VIR-235.02 Verify that the newest order is shown first in the list to file /Users/rodionsavchuk/hybrisAutomation/virco-automatedtests/target/site/serenity/8840d0acce101c4828203142f8d64f0725d2637a38c8eebef56a7d6a8b899749.json (using temp file /Users/rodionsavchuk/hybrisAutomation/virco-automatedtests/target/site/serenity/8840d0acce101c4828203142f8d64f0725d2637a38c8eebef56a7d6a8b899749.jsonb6309690-6c76-4399-a039-d601c2ede00c)
[pool-1-thread-3] INFO net.thucydides.core.reports.json.JSONTestOutcomeReporter - Generating JSON report for VIR-235.04 Verify that the current year view of orders is set by default to file /Users/rodionsavchuk/hybrisAutomation/virco-automatedtests/target/site/serenity/611fe17d9cda8a2f0360fd4a5e0044434a5a44282d734d3f572d018496b6a768.json (using temp file /Users/rodionsavchuk/hybrisAutomation/virco-automatedtests/target/site/serenity/611fe17d9cda8a2f0360fd4a5e0044434a5a44282d734d3f572d018496b6a768.json75c42913-79e6-481a-a673-3d3b23a3b5a6)
[pool-1-thread-2] INFO net.thucydides.core.reports.json.JSONTestOutcomeReporter - Generating JSON report for VIR-235.05 Verify that the orders can be sorted by to file /Users/rodionsavchuk/hybrisAutomation/virco-automatedtests/target/site/serenity/b3c85d502fdd11d32f7b2c0e62dbb38be0c6f9c593e4d4ccd95adcc5fe60b304.json (using temp file /Users/rodionsavchuk/hybrisAutomation/virco-automatedtests/target/site/serenity/b3c85d502fdd11d32f7b2c0e62dbb38be0c6f9c593e4d4ccd95adcc5fe60b304.json6fad22ae-379a-4195-a6de-b2ed5fa86854)
[pool-1-thread-3] INFO net.thucydides.core.reports.json.JSONTestOutcomeReporter - Generating JSON report for VIR-235.06 Verify that the orders can be grouped by PO# (alpha-numeric) to file /Users/rodionsavchuk/hybrisAutomation/virco-automatedtests/target/site/serenity/69529ca40520069837eb10aa62eb1ab7518abd062932198aaa75ce49a153bdf4.json (using temp file /Users/rodionsavchuk/hybrisAutomation/virco-automatedtests/target/site/serenity/69529ca40520069837eb10aa62eb1ab7518abd062932198aaa75ce49a153bdf4.json44a906e3-e45f-4a43-a03f-52b6880d197c)
[pool-1-thread-4] INFO net.thucydides.core.reports.json.JSONTestOutcomeReporter - Generating JSON report for VIR-236.01 Verify that the shopper can see the created by him ECC orders withing Orders History to file /Users/rodionsavchuk/hybrisAutomation/virco-automatedtests/target/site/serenity/6e0b05141f32d41efa52a2f8708a010ef30be5406c962e50aa108e52f637ff4f.json (using temp file /Users/rodionsavchuk/hybrisAutomation/virco-automatedtests/target/site/serenity/6e0b05141f32d41efa52a2f8708a010ef30be5406c962e50aa108e52f637ff4f.json11d4f413-4092-4408-9bcb-c4b0a466124a)
[pool-1-thread-1] INFO net.thucydides.core.reports.json.JSONTestOutcomeReporter - Generating JSON report for VIR-236.02 Verify that the shopper is able to see the ECC orders details to file /Users/rodionsavchuk/hybrisAutomation/virco-automatedtests/target/site/serenity/06a785ccbf37298662c0a3d0b35aa8a04f4eb296e14af96a2032ecacd8155265.json (using temp file /Users/rodionsavchuk/hybrisAutomation/virco-automatedtests/target/site/serenity/06a785ccbf37298662c0a3d0b35aa8a04f4eb296e14af96a2032ecacd8155265.jsoneb4762da-70cf-48c3-8cc1-fff95d047daf)
[pool-1-thread-3] INFO net.thucydides.core.reports.json.JSONTestOutcomeReporter - Generating JSON report for VIR-236.03 Verify that shopper is not able to reorder the ECC orders to file /Users/rodionsavchuk/hybrisAutomation/virco-automatedtests/target/site/serenity/adad10cc0c0c283641a22aee227822d43a6b04d28868ac5b5b9f65428e2198f1.json (using temp file /Users/rodionsavchuk/hybrisAutomation/virco-automatedtests/target/site/serenity/adad10cc0c0c283641a22aee227822d43a6b04d28868ac5b5b9f65428e2198f1.jsonf61d23ea-b878-4179-bf86-7a27d110be3f)
[pool-1-thread-4] INFO net.thucydides.core.reports.json.JSONTestOutcomeReporter - Generating JSON report for VIR-237.01 Verify that the chief shopper is able to view the orders created by others within their organization to file /Users/rodionsavchuk/hybrisAutomation/virco-automatedtests/target/site/serenity/37ec79a1d6a9cc6a2aec4574466f6dcb64dfed35c002fda7b3134b876ab9d490.json (using temp file /Users/rodionsavchuk/hybrisAutomation/virco-automatedtests/target/site/serenity/37ec79a1d6a9cc6a2aec4574466f6dcb64dfed35c002fda7b3134b876ab9d490.json9c886950-8a93-407d-89f6-7299f284ad6b)
[pool-1-thread-1] INFO net.thucydides.core.reports.json.JSONTestOutcomeReporter - Generating JSON report for VIR-237.02 Verify that all orders are shown at the same page to file /Users/rodionsavchuk/hybrisAutomation/virco-automatedtests/target/site/serenity/04c1b88fcf25fa2f1ca595220bf539bd3345daf07b3f5fd975b7cfa258aa1a72.json (using temp file /Users/rodionsavchuk/hybrisAutomation/virco-automatedtests/target/site/serenity/04c1b88fcf25fa2f1ca595220bf539bd3345daf07b3f5fd975b7cfa258aa1a72.json50c5c9b0-e8fe-4f70-b976-a2dd780dab80)
[pool-1-thread-2] INFO net.thucydides.core.reports.json.JSONTestOutcomeReporter - Generating JSON report for VIR-238.01 Verify that the stuff shopper can view orders created by him/her to file /Users/rodionsavchuk/hybrisAutomation/virco-automatedtests/target/site/serenity/da20584ac40b990dc291e9ae9cb2facdd86f681d176e5cbf03c9dc84024b2dea.json (using temp file /Users/rodionsavchuk/hybrisAutomation/virco-automatedtests/target/site/serenity/da20584ac40b990dc291e9ae9cb2facdd86f681d176e5cbf03c9dc84024b2dea.jsonff8ad00e-0f71-4844-8ad4-c28c41889cc0)
[pool-1-thread-1] INFO net.thucydides.core.reports.json.JSONTestOutcomeReporter - Generating JSON report for VIR-238.02 Verify that the admin shoppers can view orders placed by admin and stuff shoppers within organization to file /Users/rodionsavchuk/hybrisAutomation/virco-automatedtests/target/site/serenity/049e5266696367738227685efc996b610d41e4a9ff2b91176988ad3e5d046577.json (using temp file /Users/rodionsavchuk/hybrisAutomation/virco-automatedtests/target/site/serenity/049e5266696367738227685efc996b610d41e4a9ff2b91176988ad3e5d046577.jsonb9159043-e0db-4acc-b3b5-627b7066f28f)
[pool-1-thread-3] INFO net.thucydides.core.reports.json.JSONTestOutcomeReporter - Generating JSON report for VIR-239.02 Verify that the Reorder button is present at the order details page to file /Users/rodionsavchuk/hybrisAutomation/virco-automatedtests/target/site/serenity/7f2baa53bf21c1609ec69298572380037821566fedb28a9f798f27a38a595463.json (using temp file /Users/rodionsavchuk/hybrisAutomation/virco-automatedtests/target/site/serenity/7f2baa53bf21c1609ec69298572380037821566fedb28a9f798f27a38a595463.jsoncb36c595-98c1-4c37-84f8-02a1cdd544a3)
[pool-1-thread-4] INFO net.thucydides.core.reports.json.JSONTestOutcomeReporter - Generating JSON report for VIR-239.01 Verify that the shopper can see the Reorder button near each order in the list of orders history to file /Users/rodionsavchuk/hybrisAutomation/virco-automatedtests/target/site/serenity/bc5c957c59b8dd4780a20bc8c811eb7cd90739e0aa75b27ef4276f5d16b25e8a.json (using temp file /Users/rodionsavchuk/hybrisAutomation/virco-automatedtests/target/site/serenity/bc5c957c59b8dd4780a20bc8c811eb7cd90739e0aa75b27ef4276f5d16b25e8a.json27d6a082-fa16-4194-927a-a4c633afb7b5)
[pool-1-thread-2] INFO net.thucydides.core.reports.json.JSONTestOutcomeReporter - Generating JSON report for VIR-239.04 Verify that the new order with the same order details is created after reordering to file /Users/rodionsavchuk/hybrisAutomation/virco-automatedtests/target/site/serenity/86d284f6d52dd7b06703c0e65ed979dc08ab5e91925669335c8db93a482789bd.json (using temp file /Users/rodionsavchuk/hybrisAutomation/virco-automatedtests/target/site/serenity/86d284f6d52dd7b06703c0e65ed979dc08ab5e91925669335c8db93a482789bd.json6016fc42-0823-4876-b421-e3d010198aba)
[pool-1-thread-1] INFO net.thucydides.core.reports.json.JSONTestOutcomeReporter - Generating JSON report for VIR-239.05 Verify that the Admin can reorder the orders created by him and stuff shoppers to file /Users/rodionsavchuk/hybrisAutomation/virco-automatedtests/target/site/serenity/bd0258604ad0a60526916081e6985c7c5319337a9181a074ad5638ad9d781d0d.json (using temp file /Users/rodionsavchuk/hybrisAutomation/virco-automatedtests/target/site/serenity/bd0258604ad0a60526916081e6985c7c5319337a9181a074ad5638ad9d781d0d.json2f69b19f-a17d-4914-a408-ac58add9e29b)
[pool-1-thread-4] INFO net.thucydides.core.reports.json.JSONTestOutcomeReporter - Generating JSON report for VIR-239.06 Verify that the Chief can reorder the orders created by him, admin and stuff shoppers to file /Users/rodionsavchuk/hybrisAutomation/virco-automatedtests/target/site/serenity/ce484b4c5f4b477729fe56f6574c4b704d459afba8238101689edf60627995fe.json (using temp file /Users/rodionsavchuk/hybrisAutomation/virco-automatedtests/target/site/serenity/ce484b4c5f4b477729fe56f6574c4b704d459afba8238101689edf60627995fe.json07fc2bb9-3008-4900-88f8-7360468b5476)
[pool-1-thread-3] INFO net.thucydides.core.reports.json.JSONTestOutcomeReporter - Generating JSON report for VIR-239.03 Verify that the Reorder button is present only near the orders created by shopper to file /Users/rodionsavchuk/hybrisAutomation/virco-automatedtests/target/site/serenity/db5d2cc2cdb477151d79acc5ba80f9970445ac1f4a40c15aea05ceaf9d72ab4c.json (using temp file /Users/rodionsavchuk/hybrisAutomation/virco-automatedtests/target/site/serenity/db5d2cc2cdb477151d79acc5ba80f9970445ac1f4a40c15aea05ceaf9d72ab4c.json11d7126a-33fb-418c-aded-546398bffb05)
[pool-1-thread-2] INFO net.thucydides.core.reports.json.JSONTestOutcomeReporter - Generating JSON report for VIR-239.07 Verify that the Stuff shopper can reorder the orders created by him\her only to file /Users/rodionsavchuk/hybrisAutomation/virco-automatedtests/target/site/serenity/b8018260c31d901f3d8d776ff65116bc168b781e95b8a9f89641bcafaaa081f8.json (using temp file /Users/rodionsavchuk/hybrisAutomation/virco-automatedtests/target/site/serenity/b8018260c31d901f3d8d776ff65116bc168b781e95b8a9f89641bcafaaa081f8.json3909526f-f396-46ba-b181-fa7b3b8a4e3b)
[pool-1-thread-4] INFO net.thucydides.core.reports.json.JSONTestOutcomeReporter - Generating JSON report for VIR-240.01 Verify that the following message is shown to the customer if they entered wrong login data at first and second times to file /Users/rodionsavchuk/hybrisAutomation/virco-automatedtests/target/site/serenity/5c983153fe2ebb177f0d9e8b132ca59a6e0ee0ae8654058c47ae107dbb7196e9.json (using temp file /Users/rodionsavchuk/hybrisAutomation/virco-automatedtests/target/site/serenity/5c983153fe2ebb177f0d9e8b132ca59a6e0ee0ae8654058c47ae107dbb7196e9.jsona0c1c1a8-1146-444c-a009-1deef652bf5a)
[pool-1-thread-1] INFO net.thucydides.core.reports.json.JSONTestOutcomeReporter - Generating JSON report for VIR-240.02 Verify that the error message is shown to the customer if they entered wrong login data three and more times to file /Users/rodionsavchuk/hybrisAutomation/virco-automatedtests/target/site/serenity/feea09e30f98fa20f26d9fa541c867e47262726ef2edae67658e6fe1f69f795b.json (using temp file /Users/rodionsavchuk/hybrisAutomation/virco-automatedtests/target/site/serenity/feea09e30f98fa20f26d9fa541c867e47262726ef2edae67658e6fe1f69f795b.json04396290-85d8-435a-ad87-9ca88f6dafd8)
[pool-1-thread-4] INFO net.thucydides.core.reports.json.JSONTestOutcomeReporter - Generating JSON report for VIR-240.03 Verify that the account is locked automatically after 3 incorrect login attempts to file /Users/rodionsavchuk/hybrisAutomation/virco-automatedtests/target/site/serenity/98702c761630d5e96c1885fc6b7d9edc2d3d9276a61dcb964fb55a77180ac4c4.json (using temp file /Users/rodionsavchuk/hybrisAutomation/virco-automatedtests/target/site/serenity/98702c761630d5e96c1885fc6b7d9edc2d3d9276a61dcb964fb55a77180ac4c4.jsona7a90458-e477-4df2-bba8-cf87eae095e4)
[pool-1-thread-2] INFO net.thucydides.core.reports.json.JSONTestOutcomeReporter - Generating JSON report for VIR-240.04 Verify that the customer can phone via Skype when they click on the phone number from desktop browser to file /Users/rodionsavchuk/hybrisAutomation/virco-automatedtests/target/site/serenity/022ceba0bee1a7e3be70af6fce73e28abbfa02e327dc996b425b971073e81949.json (using temp file /Users/rodionsavchuk/hybrisAutomation/virco-automatedtests/target/site/serenity/022ceba0bee1a7e3be70af6fce73e28abbfa02e327dc996b425b971073e81949.json13040b97-2a30-4401-9859-26ff617eadef)
[pool-1-thread-3] INFO net.thucydides.core.reports.json.JSONTestOutcomeReporter - Generating JSON report for VIR-240.05 Verify that the customer can phone via phone/skype when they click on the phone number from mobile device to file /Users/rodionsavchuk/hybrisAutomation/virco-automatedtests/target/site/serenity/0acf8d5b428f155bb5cd03ead2beee85cb116b173f667ca0d7eddf263c734900.json (using temp file /Users/rodionsavchuk/hybrisAutomation/virco-automatedtests/target/site/serenity/0acf8d5b428f155bb5cd03ead2beee85cb116b173f667ca0d7eddf263c734900.jsona94d9cb8-32fb-4926-8a18-04f489050144)
[pool-1-thread-4] INFO net.thucydides.core.reports.json.JSONTestOutcomeReporter - Generating JSON report for VIR-241.02 Verify that the personal details are mapped appropriately to file /Users/rodionsavchuk/hybrisAutomation/virco-automatedtests/target/site/serenity/a13f41939905f13645385d57d811c8cdd84a0cbed0caf2a6b3c4f55c28d79c01.json (using temp file /Users/rodionsavchuk/hybrisAutomation/virco-automatedtests/target/site/serenity/a13f41939905f13645385d57d811c8cdd84a0cbed0caf2a6b3c4f55c28d79c01.jsoncdc34ea3-97ac-4827-8887-33b2642a1656)
[pool-1-thread-1] INFO net.thucydides.core.reports.json.JSONTestOutcomeReporter - Generating JSON report for VIR-241.01 Verify that the bunch of customers are created in hybris after running mass setup script to file /Users/rodionsavchuk/hybrisAutomation/virco-automatedtests/target/site/serenity/463850b14992f16a3a2bf3702fcc5975eee58ce459f840ff047b04c2eaef46d1.json (using temp file /Users/rodionsavchuk/hybrisAutomation/virco-automatedtests/target/site/serenity/463850b14992f16a3a2bf3702fcc5975eee58ce459f840ff047b04c2eaef46d1.json60a332e3-d56b-479d-8235-3a54692f3f19)
[pool-1-thread-2] INFO net.thucydides.core.reports.json.JSONTestOutcomeReporter - Generating JSON report for VIR-241.04 Verify that just set up customers can log into the system and perform appropriate activities (due to the permissions) to file /Users/rodionsavchuk/hybrisAutomation/virco-automatedtests/target/site/serenity/cad527a19b233d2a98237bc580b3e071a577ec5892a5ac544f2f50b81e1edc9a.json (using temp file /Users/rodionsavchuk/hybrisAutomation/virco-automatedtests/target/site/serenity/cad527a19b233d2a98237bc580b3e071a577ec5892a5ac544f2f50b81e1edc9a.json4d392cd8-21a3-4992-bf73-ec741873a99e)
[pool-1-thread-3] INFO net.thucydides.core.reports.json.JSONTestOutcomeReporter - Generating JSON report for VIR-241.03 Verify that the data outlined in ID3 are copied into the hybris to file /Users/rodionsavchuk/hybrisAutomation/virco-automatedtests/target/site/serenity/39e10a2762693c36aeb39ffa0694d6429714a5caa78716ad3e3a6dc6f9f35100.json (using temp file /Users/rodionsavchuk/hybrisAutomation/virco-automatedtests/target/site/serenity/39e10a2762693c36aeb39ffa0694d6429714a5caa78716ad3e3a6dc6f9f35100.json8da0f0ae-5bf9-4fd8-a6b6-dc0fda5a1e83)
[pool-1-thread-4] INFO net.thucydides.core.reports.json.JSONTestOutcomeReporter - Generating JSON report for VIR-242.01 Verify that the following sub menu My Account menu has following options to file /Users/rodionsavchuk/hybrisAutomation/virco-automatedtests/target/site/serenity/1276140ef62c6432b71b0f37d8025035d8b303a616dfb579c0464109d19a2074.json (using temp file /Users/rodionsavchuk/hybrisAutomation/virco-automatedtests/target/site/serenity/1276140ef62c6432b71b0f37d8025035d8b303a616dfb579c0464109d19a2074.json80e58cfb-6322-4f5f-83cc-9eb5cb21532c)
[pool-1-thread-1] INFO net.thucydides.core.reports.json.JSONTestOutcomeReporter - Generating JSON report for VIR-242.02 Verify that the shopper is moved to the appropriate page after clicking on the sub-menu option to file /Users/rodionsavchuk/hybrisAutomation/virco-automatedtests/target/site/serenity/28ef021d759f2a4643b61547ae2c5a1b9ce2544b0930e552ce883dc4238eb54c.json (using temp file /Users/rodionsavchuk/hybrisAutomation/virco-automatedtests/target/site/serenity/28ef021d759f2a4643b61547ae2c5a1b9ce2544b0930e552ce883dc4238eb54c.json7224a8ee-f1f2-43e6-9950-49697886b18b)
[pool-1-thread-2] INFO net.thucydides.core.reports.json.JSONTestOutcomeReporter - Generating JSON report for VIR-243.01 Verify that the order tracking number is shown at the Order History and on the Order Details pages to file /Users/rodionsavchuk/hybrisAutomation/virco-automatedtests/target/site/serenity/70b6f3d948299c508f0755eca224d394eabc6d05bab5864a70e0f1b9c6b1e644.json (using temp file /Users/rodionsavchuk/hybrisAutomation/virco-automatedtests/target/site/serenity/70b6f3d948299c508f0755eca224d394eabc6d05bab5864a70e0f1b9c6b1e644.jsona8babbb5-cca2-42d0-9cd2-31e1b6027b2d)
[pool-1-thread-3] INFO net.thucydides.core.reports.json.JSONTestOutcomeReporter - Generating JSON report for VIR-243.02 Verify that the several order tracking number can be shown for one order to file /Users/rodionsavchuk/hybrisAutomation/virco-automatedtests/target/site/serenity/962a8661ed130dbc7b367611253983130c921d9ccf15ff013ae776fad79d5178.json (using temp file /Users/rodionsavchuk/hybrisAutomation/virco-automatedtests/target/site/serenity/962a8661ed130dbc7b367611253983130c921d9ccf15ff013ae776fad79d5178.json4afddd21-f2db-4087-b239-8b8fe320b118)
[pool-1-thread-4] INFO net.thucydides.core.reports.json.JSONTestOutcomeReporter - Generating JSON report for VIR-243.03 Verify that the order delivery status is shown in new window after clicking on tracking number link to file /Users/rodionsavchuk/hybrisAutomation/virco-automatedtests/target/site/serenity/05de3555ce50877d7a68bf12b1c9ce484c460fe5f0202de33af8de7536c5347d.json (using temp file /Users/rodionsavchuk/hybrisAutomation/virco-automatedtests/target/site/serenity/05de3555ce50877d7a68bf12b1c9ce484c460fe5f0202de33af8de7536c5347d.jsoncc6f1aa2-6e12-4419-abe7-970f63ce42f0)
[pool-1-thread-2] INFO net.thucydides.core.reports.json.JSONTestOutcomeReporter - Generating JSON report for VIR-243.04 Verify that the chief shopper can see the order tracking number for the orders created by to file /Users/rodionsavchuk/hybrisAutomation/virco-automatedtests/target/site/serenity/6679b678bf94497d010ee1d2e4e9da687ae39e591aaeb2628364a7db535048bd.json (using temp file /Users/rodionsavchuk/hybrisAutomation/virco-automatedtests/target/site/serenity/6679b678bf94497d010ee1d2e4e9da687ae39e591aaeb2628364a7db535048bd.json7da45d76-5a51-43c9-931d-bcaf62ef3d3e)
[pool-1-thread-4] INFO net.thucydides.core.reports.json.JSONTestOutcomeReporter - Generating JSON report for VIR-243.05 Verify that the admin shopper can see the order tracking number for the orders created by to file /Users/rodionsavchuk/hybrisAutomation/virco-automatedtests/target/site/serenity/62c275f127453f29fafc4c2149202cb494bb82c96be65d9c7ffdda17d402d199.json (using temp file /Users/rodionsavchuk/hybrisAutomation/virco-automatedtests/target/site/serenity/62c275f127453f29fafc4c2149202cb494bb82c96be65d9c7ffdda17d402d199.json476533b4-51aa-4365-9b72-e8cbd8485d59)
[pool-1-thread-2] INFO net.thucydides.core.reports.json.JSONTestOutcomeReporter - Generating JSON report for VIR-226.01 Verify that the dropdown list with contracts is shown in the header to file /Users/rodionsavchuk/hybrisAutomation/virco-automatedtests/target/site/serenity/1a7109a2e435410aec76a6616813b89a7a128938fc747b573a8bea77b5dc2e74.json (using temp file /Users/rodionsavchuk/hybrisAutomation/virco-automatedtests/target/site/serenity/1a7109a2e435410aec76a6616813b89a7a128938fc747b573a8bea77b5dc2e74.json863c70d5-1a8b-4181-8708-e92d7b58e8ee)
[pool-1-thread-3] INFO net.thucydides.core.reports.json.JSONTestOutcomeReporter - Generating JSON report for VIR-244.02 Verify that the email address is not editable to file /Users/rodionsavchuk/hybrisAutomation/virco-automatedtests/target/site/serenity/bfc781d1f39529c42f3e2e6163fe397cb7cd1efdb5aea56fac29b0f0f66e1a5e.json (using temp file /Users/rodionsavchuk/hybrisAutomation/virco-automatedtests/target/site/serenity/bfc781d1f39529c42f3e2e6163fe397cb7cd1efdb5aea56fac29b0f0f66e1a5e.json296332b9-80a0-48fd-ad88-c43c2701a71d)
[pool-1-thread-4] INFO net.thucydides.core.reports.json.JSONTestOutcomeReporter - Generating JSON report for VIR-226.02 Verify that the default contract is selected automatically if no other contract is selected to file /Users/rodionsavchuk/hybrisAutomation/virco-automatedtests/target/site/serenity/a1cdc501ba181282011afc75c778ae005a66a25ac465bd9f54fb47cebe8da2b6.json (using temp file /Users/rodionsavchuk/hybrisAutomation/virco-automatedtests/target/site/serenity/a1cdc501ba181282011afc75c778ae005a66a25ac465bd9f54fb47cebe8da2b6.json23788d21-8042-4b0e-a771-179ea5db62f3)
[pool-1-thread-1] INFO net.thucydides.core.reports.json.JSONTestOutcomeReporter - Generating JSON report for VIR-244.01 Verify that the shopper can see their email address within Email in My Account Menu to file /Users/rodionsavchuk/hybrisAutomation/virco-automatedtests/target/site/serenity/bf8e1443a8f088c9e57e0348c8704fc75e0549ba1f9d96c39d9d0ad3f4b04b32.json (using temp file /Users/rodionsavchuk/hybrisAutomation/virco-automatedtests/target/site/serenity/bf8e1443a8f088c9e57e0348c8704fc75e0549ba1f9d96c39d9d0ad3f4b04b32.jsonc7035fff-19d8-4087-b208-f70eecaa464a)
[pool-1-thread-4] INFO net.thucydides.core.reports.json.JSONTestOutcomeReporter - Generating JSON report for VIR-226.05 Verify that shopper can change the contract as many times, as they want to file /Users/rodionsavchuk/hybrisAutomation/virco-automatedtests/target/site/serenity/d72154fb388d26ac97bf25cdf1619f4513466127fb36eb261ec18074f0a654cd.json (using temp file /Users/rodionsavchuk/hybrisAutomation/virco-automatedtests/target/site/serenity/d72154fb388d26ac97bf25cdf1619f4513466127fb36eb261ec18074f0a654cd.jsona2daeb97-3382-4f59-9550-ecaa9e8f3f2f)
[pool-1-thread-2] INFO net.thucydides.core.reports.json.JSONTestOutcomeReporter - Generating JSON report for VIR-226.06 Verify that if the shopper changed the contract, the prices and product list are updated accordingly to the selected contract to file /Users/rodionsavchuk/hybrisAutomation/virco-automatedtests/target/site/serenity/cb991777f2dcd6cec892aca2a17766a44ff88538bd62762eb06275f337f59188.json (using temp file /Users/rodionsavchuk/hybrisAutomation/virco-automatedtests/target/site/serenity/cb991777f2dcd6cec892aca2a17766a44ff88538bd62762eb06275f337f59188.json17c439ac-12be-4a90-93d7-1afbca6fb3f9)
[pool-1-thread-1] INFO net.thucydides.core.reports.json.JSONTestOutcomeReporter - Generating JSON report for VIR-226.04 Verify that the assigned to the shopper contracts (defined at the Ship To level) are shown in the list to file /Users/rodionsavchuk/hybrisAutomation/virco-automatedtests/target/site/serenity/736a6f27c422f3f6d8305a0f397a2adb789d1ed4974f92482a9f738f0fdbbfec.json (using temp file /Users/rodionsavchuk/hybrisAutomation/virco-automatedtests/target/site/serenity/736a6f27c422f3f6d8305a0f397a2adb789d1ed4974f92482a9f738f0fdbbfec.json88d40009-9f5b-4b6d-b3f7-8463232e19be)
[pool-1-thread-3] INFO net.thucydides.core.reports.json.JSONTestOutcomeReporter - Generating JSON report for VIR-226.03 Verify that each customer has their own default contract to file /Users/rodionsavchuk/hybrisAutomation/virco-automatedtests/target/site/serenity/1100df39b069668be73bd3fa061625067d18d2c8d7eb03db90d26ed720e1bad6.json (using temp file /Users/rodionsavchuk/hybrisAutomation/virco-automatedtests/target/site/serenity/1100df39b069668be73bd3fa061625067d18d2c8d7eb03db90d26ed720e1bad6.jsona8713adf-ed5e-4a23-bde4-831a8409d55a)
[pool-1-thread-4] INFO net.thucydides.core.reports.json.JSONTestOutcomeReporter - Generating JSON report for VIR-226.07 Verify that if the contract is changed in customer master, it is changed to the customer without any notification to file /Users/rodionsavchuk/hybrisAutomation/virco-automatedtests/target/site/serenity/97d516a9dd97a3564503058531e457f4fe37c4fa911c4e0a2cd67d9e4f26df95.json (using temp file /Users/rodionsavchuk/hybrisAutomation/virco-automatedtests/target/site/serenity/97d516a9dd97a3564503058531e457f4fe37c4fa911c4e0a2cd67d9e4f26df95.json9eccb746-5b49-46cd-a587-c40c808094c5)
[pool-1-thread-1] INFO net.thucydides.core.reports.json.JSONTestOutcomeReporter - Generating JSON report for VIR-226.01A Verify that the script switch the contract A to the contract B automatically for bunch of selected customers to file /Users/rodionsavchuk/hybrisAutomation/virco-automatedtests/target/site/serenity/40b3604109cc54897930215a5dff112d2f2a0f9a3f3a7c2ebf97db43a508944d.json (using temp file /Users/rodionsavchuk/hybrisAutomation/virco-automatedtests/target/site/serenity/40b3604109cc54897930215a5dff112d2f2a0f9a3f3a7c2ebf97db43a508944d.json297395db-43a1-423e-a3cb-f1d947105437)
[pool-1-thread-2] INFO net.thucydides.core.reports.json.JSONTestOutcomeReporter - Generating JSON report for VIR-246.01 Verify that the shopper can see the saved carts within My Account to file /Users/rodionsavchuk/hybrisAutomation/virco-automatedtests/target/site/serenity/8f924b8e28c6b842e118d033edbc4760c495b83f62c62df3597462885f301c84.json (using temp file /Users/rodionsavchuk/hybrisAutomation/virco-automatedtests/target/site/serenity/8f924b8e28c6b842e118d033edbc4760c495b83f62c62df3597462885f301c84.jsonc0b677d9-e270-4f76-b0ab-1fcdcabb6994)
[pool-1-thread-3] INFO net.thucydides.core.reports.json.JSONTestOutcomeReporter - Generating JSON report for VIR-226.08 Verify that the prices shows n/a, if the contract expired and the new one is not selected by shopper to file /Users/rodionsavchuk/hybrisAutomation/virco-automatedtests/target/site/serenity/90eacd21eb1e7e24d79a439ece9e6416daa13b514c337bcef555c498996ee27a.json (using temp file /Users/rodionsavchuk/hybrisAutomation/virco-automatedtests/target/site/serenity/90eacd21eb1e7e24d79a439ece9e6416daa13b514c337bcef555c498996ee27a.jsonafa6d0e0-d903-4f68-8fd6-e31ddbb6e8e9)
[pool-1-thread-4] INFO net.thucydides.core.reports.json.JSONTestOutcomeReporter - Generating JSON report for VIR-246.02 Remove all from saved carts to file /Users/rodionsavchuk/hybrisAutomation/virco-automatedtests/target/site/serenity/57ad878c80f86f37b436866d9406bfc876bcc2a4fe8f331b75642b3504e58b7f.json (using temp file /Users/rodionsavchuk/hybrisAutomation/virco-automatedtests/target/site/serenity/57ad878c80f86f37b436866d9406bfc876bcc2a4fe8f331b75642b3504e58b7f.json1b39d627-0402-4dee-b1b5-1cbb5f1e85a5)
[pool-1-thread-3] INFO net.thucydides.core.reports.json.JSONTestOutcomeReporter - Generating JSON report for VIR-246.04 Verify that the products and their selected quantities are shown at the saved cart page to file /Users/rodionsavchuk/hybrisAutomation/virco-automatedtests/target/site/serenity/71d7b3b019de0d80556b2ab92ce7c04958edcacdb5185c7868f851880fce7a8c.json (using temp file /Users/rodionsavchuk/hybrisAutomation/virco-automatedtests/target/site/serenity/71d7b3b019de0d80556b2ab92ce7c04958edcacdb5185c7868f851880fce7a8c.json9037a3a1-9799-4da1-9a35-188a02c60686)
[pool-1-thread-2] INFO net.thucydides.core.reports.json.JSONTestOutcomeReporter - Generating JSON report for VIR-246.05 Verify that saved cart can be restored to file /Users/rodionsavchuk/hybrisAutomation/virco-automatedtests/target/site/serenity/ad1c57abe3cc4827685bdae4426a5445264c10ce7dec22879e678adfd3c0c6cb.json (using temp file /Users/rodionsavchuk/hybrisAutomation/virco-automatedtests/target/site/serenity/ad1c57abe3cc4827685bdae4426a5445264c10ce7dec22879e678adfd3c0c6cb.json8e7d7194-f1fe-423d-9492-290b4fecd15e)
[pool-1-thread-1] INFO net.thucydides.core.reports.json.JSONTestOutcomeReporter - Generating JSON report for VIR-246.03 Verify that the saved cart is shown on the saved carts page to file /Users/rodionsavchuk/hybrisAutomation/virco-automatedtests/target/site/serenity/a78cc380adec40d2bde41cc9dd7bf1cd6cc7f6dd92d52beceefba632467fc268.json (using temp file /Users/rodionsavchuk/hybrisAutomation/virco-automatedtests/target/site/serenity/a78cc380adec40d2bde41cc9dd7bf1cd6cc7f6dd92d52beceefba632467fc268.json59993812-7ac4-4892-93bb-da1e2f61d96d)
[pool-1-thread-3] INFO net.thucydides.core.reports.json.JSONTestOutcomeReporter - Generating JSON report for VIR-246.06 Verify that saved cart can be updated to file /Users/rodionsavchuk/hybrisAutomation/virco-automatedtests/target/site/serenity/7220eba5f2eae10da2dd4b065bbaeb5e362fcdf624f7734decc62917e1fdaa2b.json (using temp file /Users/rodionsavchuk/hybrisAutomation/virco-automatedtests/target/site/serenity/7220eba5f2eae10da2dd4b065bbaeb5e362fcdf624f7734decc62917e1fdaa2b.json52d13479-af85-4543-9b01-585df08948e6)
[pool-1-thread-1] INFO net.thucydides.core.reports.html.HtmlAcceptanceTestReporter - GENERATING HTML REPORT FOR ACT-10 - Order History Date Range:VIR-235.01 Verify that the shopper can view the order history within My Account in 273677580b5ade55ccb470a2e988196811df982925cdbb1ace31e0a5efaabec1.html in directory target/site/serenity  
[pool-1-thread-3] INFO net.thucydides.core.reports.html.HtmlAcceptanceTestReporter - GENERATING HTML REPORT FOR ACT-10 - Order History Date Range:VIR-235.04 Verify that the current year view of orders is set by default in 611fe17d9cda8a2f0360fd4a5e0044434a5a44282d734d3f572d018496b6a768.html in directory target/site/serenity  
[pool-1-thread-4] INFO net.thucydides.core.reports.html.HtmlAcceptanceTestReporter - GENERATING HTML REPORT FOR ACT-10 - Order History Date Range:VIR-235.02 Verify that the newest order is shown first in the list in 8840d0acce101c4828203142f8d64f0725d2637a38c8eebef56a7d6a8b899749.html in directory target/site/serenity  
[pool-1-thread-2] INFO net.thucydides.core.reports.html.HtmlAcceptanceTestReporter - GENERATING HTML REPORT FOR ACT-10 - Order History Date Range:VIR-235.03 Verify that the orders can be filtered by in 29922dd92355b657a29ca8ceee8ece530ee19fab8572208c0d42c3104ff16960.html in directory target/site/serenity  
[pool-1-thread-3] INFO net.thucydides.core.reports.html.HtmlAcceptanceTestReporter - GENERATING HTML REPORT FOR ACT-10 - Order History Date Range:VIR-235.05 Verify that the orders can be sorted by in b3c85d502fdd11d32f7b2c0e62dbb38be0c6f9c593e4d4ccd95adcc5fe60b304.html in directory target/site/serenity  
[pool-1-thread-4] INFO net.thucydides.core.reports.html.HtmlAcceptanceTestReporter - GENERATING HTML REPORT FOR ACT-11 - View Orders - Shopper ECC:VIR-236.01 Verify that the shopper can see the created by him ECC orders withing Orders History in 6e0b05141f32d41efa52a2f8708a010ef30be5406c962e50aa108e52f637ff4f.html in directory target/site/serenity  
[pool-1-thread-2] INFO net.thucydides.core.reports.html.HtmlAcceptanceTestReporter - GENERATING HTML REPORT FOR ACT-11 - View Orders - Shopper ECC:VIR-236.02 Verify that the shopper is able to see the ECC orders details in 06a785ccbf37298662c0a3d0b35aa8a04f4eb296e14af96a2032ecacd8155265.html in directory target/site/serenity  
[pool-1-thread-1] INFO net.thucydides.core.reports.html.HtmlAcceptanceTestReporter - GENERATING HTML REPORT FOR ACT-10 - Order History Date Range:VIR-235.06 Verify that the orders can be grouped by PO# (alpha-numeric) in 69529ca40520069837eb10aa62eb1ab7518abd062932198aaa75ce49a153bdf4.html in directory target/site/serenity  
[pool-1-thread-3] INFO net.thucydides.core.reports.html.HtmlAcceptanceTestReporter - GENERATING HTML REPORT FOR ACT-11 - View Orders - Shopper ECC:VIR-236.03 Verify that shopper is not able to reorder the ECC orders in adad10cc0c0c283641a22aee227822d43a6b04d28868ac5b5b9f65428e2198f1.html in directory target/site/serenity  
[pool-1-thread-4] INFO net.thucydides.core.reports.html.HtmlAcceptanceTestReporter - GENERATING HTML REPORT FOR ACT-12 - View Orders - Admin:VIR-237.02 Verify that all orders are shown at the same page in 04c1b88fcf25fa2f1ca595220bf539bd3345daf07b3f5fd975b7cfa258aa1a72.html in directory target/site/serenity  
[pool-1-thread-3] INFO net.thucydides.core.reports.html.HtmlAcceptanceTestReporter - GENERATING HTML REPORT FOR ACT-13 - Purchase History:VIR-238.02 Verify that the admin shoppers can view orders placed by admin and stuff shoppers within organization in 049e5266696367738227685efc996b610d41e4a9ff2b91176988ad3e5d046577.html in directory target/site/serenity  
[pool-1-thread-1] INFO net.thucydides.core.reports.html.HtmlAcceptanceTestReporter - GENERATING HTML REPORT FOR ACT-13 - Purchase History:VIR-238.01 Verify that the stuff shopper can view orders created by him/her in da20584ac40b990dc291e9ae9cb2facdd86f681d176e5cbf03c9dc84024b2dea.html in directory target/site/serenity  
[pool-1-thread-2] INFO net.thucydides.core.reports.html.HtmlAcceptanceTestReporter - GENERATING HTML REPORT FOR ACT-12 - View Orders - Admin:VIR-237.01 Verify that the chief shopper is able to view the orders created by others within their organization in 37ec79a1d6a9cc6a2aec4574466f6dcb64dfed35c002fda7b3134b876ab9d490.html in directory target/site/serenity  
[pool-1-thread-3] INFO net.thucydides.core.reports.html.HtmlAcceptanceTestReporter - GENERATING HTML REPORT FOR ACT-14 - Reorder:VIR-239.02 Verify that the Reorder button is present at the order details page in 7f2baa53bf21c1609ec69298572380037821566fedb28a9f798f27a38a595463.html in directory target/site/serenity  
[pool-1-thread-2] INFO net.thucydides.core.reports.html.HtmlAcceptanceTestReporter - GENERATING HTML REPORT FOR ACT-14 - Reorder:VIR-239.04 Verify that the new order with the same order details is created after reordering in 86d284f6d52dd7b06703c0e65ed979dc08ab5e91925669335c8db93a482789bd.html in directory target/site/serenity  
[pool-1-thread-1] INFO net.thucydides.core.reports.html.HtmlAcceptanceTestReporter - GENERATING HTML REPORT FOR ACT-14 - Reorder:VIR-239.03 Verify that the Reorder button is present only near the orders created by shopper in db5d2cc2cdb477151d79acc5ba80f9970445ac1f4a40c15aea05ceaf9d72ab4c.html in directory target/site/serenity  
[pool-1-thread-4] INFO net.thucydides.core.reports.html.HtmlAcceptanceTestReporter - GENERATING HTML REPORT FOR ACT-14 - Reorder:VIR-239.01 Verify that the shopper can see the Reorder button near each order in the list of orders history in bc5c957c59b8dd4780a20bc8c811eb7cd90739e0aa75b27ef4276f5d16b25e8a.html in directory target/site/serenity  
[pool-1-thread-3] INFO net.thucydides.core.reports.html.HtmlAcceptanceTestReporter - GENERATING HTML REPORT FOR ACT-14 - Reorder:VIR-239.05 Verify that the Admin can reorder the orders created by him and stuff shoppers in bd0258604ad0a60526916081e6985c7c5319337a9181a074ad5638ad9d781d0d.html in directory target/site/serenity  
[pool-1-thread-1] INFO net.thucydides.core.reports.html.HtmlAcceptanceTestReporter - GENERATING HTML REPORT FOR ACT-14 - Reorder:VIR-239.06 Verify that the Chief can reorder the orders created by him, admin and stuff shoppers in ce484b4c5f4b477729fe56f6574c4b704d459afba8238101689edf60627995fe.html in directory target/site/serenity  
[pool-1-thread-2] INFO net.thucydides.core.reports.html.HtmlAcceptanceTestReporter - GENERATING HTML REPORT FOR ACT-14 - Reorder:VIR-239.07 Verify that the Stuff shopper can reorder the orders created by him\her only in b8018260c31d901f3d8d776ff65116bc168b781e95b8a9f89641bcafaaa081f8.html in directory target/site/serenity  
[pool-1-thread-3] INFO net.thucydides.core.reports.html.HtmlAcceptanceTestReporter - GENERATING HTML REPORT FOR ACT-15 - Customer Management:VIR-240.01 Verify that the following message is shown to the customer if they entered wrong login data at first and second times in 5c983153fe2ebb177f0d9e8b132ca59a6e0ee0ae8654058c47ae107dbb7196e9.html in directory target/site/serenity  
[pool-1-thread-1] INFO net.thucydides.core.reports.html.HtmlAcceptanceTestReporter - GENERATING HTML REPORT FOR ACT-15 - Customer Management:VIR-240.02 Verify that the error message is shown to the customer if they entered wrong login data three and more times in feea09e30f98fa20f26d9fa541c867e47262726ef2edae67658e6fe1f69f795b.html in directory target/site/serenity  
[pool-1-thread-4] INFO net.thucydides.core.reports.html.HtmlAcceptanceTestReporter - GENERATING HTML REPORT FOR ACT-15 - Customer Management:VIR-240.03 Verify that the account is locked automatically after 3 incorrect login attempts in 98702c761630d5e96c1885fc6b7d9edc2d3d9276a61dcb964fb55a77180ac4c4.html in directory target/site/serenity  
[pool-1-thread-3] INFO net.thucydides.core.reports.html.HtmlAcceptanceTestReporter - GENERATING HTML REPORT FOR ACT-15 - Customer Management:VIR-240.04 Verify that the customer can phone via Skype when they click on the phone number from desktop browser in 022ceba0bee1a7e3be70af6fce73e28abbfa02e327dc996b425b971073e81949.html in directory target/site/serenity  
[pool-1-thread-2] INFO net.thucydides.core.reports.html.HtmlAcceptanceTestReporter - GENERATING HTML REPORT FOR ACT-15 - Customer Management:VIR-240.05 Verify that the customer can phone via phone/skype when they click on the phone number from mobile device in 0acf8d5b428f155bb5cd03ead2beee85cb116b173f667ca0d7eddf263c734900.html in directory target/site/serenity  
[pool-1-thread-3] INFO net.thucydides.core.reports.html.HtmlAcceptanceTestReporter - GENERATING HTML REPORT FOR ACT-16 - CSR Mass Set Up:VIR-241.02 Verify that the personal details are mapped appropriately in a13f41939905f13645385d57d811c8cdd84a0cbed0caf2a6b3c4f55c28d79c01.html in directory target/site/serenity  
[pool-1-thread-4] INFO net.thucydides.core.reports.html.HtmlAcceptanceTestReporter - GENERATING HTML REPORT FOR ACT-16 - CSR Mass Set Up:VIR-241.01 Verify that the bunch of customers are created in hybris after running mass setup script in 463850b14992f16a3a2bf3702fcc5975eee58ce459f840ff047b04c2eaef46d1.html in directory target/site/serenity  
[pool-1-thread-2] INFO net.thucydides.core.reports.html.HtmlAcceptanceTestReporter - GENERATING HTML REPORT FOR ACT-16 - CSR Mass Set Up:VIR-241.03 Verify that the data outlined in ID3 are copied into the hybris in 39e10a2762693c36aeb39ffa0694d6429714a5caa78716ad3e3a6dc6f9f35100.html in directory target/site/serenity  
[pool-1-thread-1] INFO net.thucydides.core.reports.html.HtmlAcceptanceTestReporter - GENERATING HTML REPORT FOR ACT-16 - CSR Mass Set Up:VIR-241.04 Verify that just set up customers can log into the system and perform appropriate activities (due to the permissions) in cad527a19b233d2a98237bc580b3e071a577ec5892a5ac544f2f50b81e1edc9a.html in directory target/site/serenity  
[pool-1-thread-4] INFO net.thucydides.core.reports.html.HtmlAcceptanceTestReporter - GENERATING HTML REPORT FOR ACT-17 - My Account View Options:VIR-242.01 Verify that the following sub menu My Account menu has following options in 1276140ef62c6432b71b0f37d8025035d8b303a616dfb579c0464109d19a2074.html in directory target/site/serenity  
[pool-1-thread-3] INFO net.thucydides.core.reports.html.HtmlAcceptanceTestReporter - GENERATING HTML REPORT FOR ACT-17 - My Account View Options:VIR-242.02 Verify that the shopper is moved to the appropriate page after clicking on the sub-menu option in 28ef021d759f2a4643b61547ae2c5a1b9ce2544b0930e552ce883dc4238eb54c.html in directory target/site/serenity  
[pool-1-thread-4] INFO net.thucydides.core.reports.html.HtmlAcceptanceTestReporter - GENERATING HTML REPORT FOR ACT-18 - Tracking Information:VIR-243.02 Verify that the several order tracking number can be shown for one order in 962a8661ed130dbc7b367611253983130c921d9ccf15ff013ae776fad79d5178.html in directory target/site/serenity  
[pool-1-thread-2] INFO net.thucydides.core.reports.html.HtmlAcceptanceTestReporter - GENERATING HTML REPORT FOR ACT-18 - Tracking Information:VIR-243.01 Verify that the order tracking number is shown at the Order History and on the Order Details pages in 70b6f3d948299c508f0755eca224d394eabc6d05bab5864a70e0f1b9c6b1e644.html in directory target/site/serenity  
[pool-1-thread-1] INFO net.thucydides.core.reports.html.HtmlAcceptanceTestReporter - GENERATING HTML REPORT FOR ACT-18 - Tracking Information:VIR-243.03 Verify that the order delivery status is shown in new window after clicking on tracking number link in 05de3555ce50877d7a68bf12b1c9ce484c460fe5f0202de33af8de7536c5347d.html in directory target/site/serenity  
[pool-1-thread-4] INFO net.thucydides.core.reports.html.HtmlAcceptanceTestReporter - GENERATING HTML REPORT FOR ACT-18 - Tracking Information:VIR-243.04 Verify that the chief shopper can see the order tracking number for the orders created by in 6679b678bf94497d010ee1d2e4e9da687ae39e591aaeb2628364a7db535048bd.html in directory target/site/serenity  
[pool-1-thread-2] INFO net.thucydides.core.reports.html.HtmlAcceptanceTestReporter - GENERATING HTML REPORT FOR ACT-18 - Tracking Information:VIR-243.05 Verify that the admin shopper can see the order tracking number for the orders created by in 62c275f127453f29fafc4c2149202cb494bb82c96be65d9c7ffdda17d402d199.html in directory target/site/serenity  
[pool-1-thread-1] INFO net.thucydides.core.reports.html.HtmlAcceptanceTestReporter - GENERATING HTML REPORT FOR ACT-19 - Static Email Address:VIR-244.01 Verify that the shopper can see their email address within Email in My Account Menu in bf8e1443a8f088c9e57e0348c8704fc75e0549ba1f9d96c39d9d0ad3f4b04b32.html in directory target/site/serenity  
[pool-1-thread-2] INFO net.thucydides.core.reports.html.HtmlAcceptanceTestReporter - GENERATING HTML REPORT FOR ACT-19 - Static Email Address:VIR-244.02 Verify that the email address is not editable in bfc781d1f39529c42f3e2e6163fe397cb7cd1efdb5aea56fac29b0f0f66e1a5e.html in directory target/site/serenity  
[pool-1-thread-4] INFO net.thucydides.core.reports.html.HtmlAcceptanceTestReporter - GENERATING HTML REPORT FOR ACT-1 - Default Contract:VIR-226.01 Verify that the dropdown list with contracts is shown in the header in 1a7109a2e435410aec76a6616813b89a7a128938fc747b573a8bea77b5dc2e74.html in directory target/site/serenity  
[pool-1-thread-1] INFO net.thucydides.core.reports.html.HtmlAcceptanceTestReporter - GENERATING HTML REPORT FOR ACT-1 - Default Contract:VIR-226.02 Verify that the default contract is selected automatically if no other contract is selected in a1cdc501ba181282011afc75c778ae005a66a25ac465bd9f54fb47cebe8da2b6.html in directory target/site/serenity  
[pool-1-thread-2] INFO net.thucydides.core.reports.html.HtmlAcceptanceTestReporter - GENERATING HTML REPORT FOR ACT-1 - Default Contract:VIR-226.03 Verify that each customer has their own default contract in 1100df39b069668be73bd3fa061625067d18d2c8d7eb03db90d26ed720e1bad6.html in directory target/site/serenity  
[pool-1-thread-4] INFO net.thucydides.core.reports.html.HtmlAcceptanceTestReporter - GENERATING HTML REPORT FOR ACT-1 - Default Contract:VIR-226.04 Verify that the assigned to the shopper contracts (defined at the Ship To level) are shown in the list in 736a6f27c422f3f6d8305a0f397a2adb789d1ed4974f92482a9f738f0fdbbfec.html in directory target/site/serenity  
[pool-1-thread-1] INFO net.thucydides.core.reports.html.HtmlAcceptanceTestReporter - GENERATING HTML REPORT FOR ACT-1 - Default Contract:VIR-226.05 Verify that shopper can change the contract as many times, as they want in d72154fb388d26ac97bf25cdf1619f4513466127fb36eb261ec18074f0a654cd.html in directory target/site/serenity  
[pool-1-thread-4] INFO net.thucydides.core.reports.html.HtmlAcceptanceTestReporter - GENERATING HTML REPORT FOR ACT-1 - Default Contract:VIR-226.07 Verify that if the contract is changed in customer master, it is changed to the customer without any notification in 97d516a9dd97a3564503058531e457f4fe37c4fa911c4e0a2cd67d9e4f26df95.html in directory target/site/serenity  
[pool-1-thread-2] INFO net.thucydides.core.reports.html.HtmlAcceptanceTestReporter - GENERATING HTML REPORT FOR ACT-1 - Default Contract:VIR-226.06 Verify that if the shopper changed the contract, the prices and product list are updated accordingly to the selected contract in cb991777f2dcd6cec892aca2a17766a44ff88538bd62762eb06275f337f59188.html in directory target/site/serenity  
[pool-1-thread-1] INFO net.thucydides.core.reports.html.HtmlAcceptanceTestReporter - GENERATING HTML REPORT FOR ACT-1 - Default Contract:VIR-226.08 Verify that the prices shows n/a, if the contract expired and the new one is not selected by shopper in 90eacd21eb1e7e24d79a439ece9e6416daa13b514c337bcef555c498996ee27a.html in directory target/site/serenity  
[pool-1-thread-2] INFO net.thucydides.core.reports.html.HtmlAcceptanceTestReporter - GENERATING HTML REPORT FOR ACT-1 - Default Contract:VIR-226.01A Verify that the script switch the contract A to the contract B automatically for bunch of selected customers in 40b3604109cc54897930215a5dff112d2f2a0f9a3f3a7c2ebf97db43a508944d.html in directory target/site/serenity  
[pool-1-thread-4] INFO net.thucydides.core.reports.html.HtmlAcceptanceTestReporter - GENERATING HTML REPORT FOR ACT-21 - View Saved Carts:VIR-246.01 Verify that the shopper can see the saved carts within My Account in 8f924b8e28c6b842e118d033edbc4760c495b83f62c62df3597462885f301c84.html in directory target/site/serenity  
[pool-1-thread-2] INFO net.thucydides.core.reports.html.HtmlAcceptanceTestReporter - GENERATING HTML REPORT FOR ACT-21 - View Saved Carts:VIR-246.02 Remove all from saved carts in 57ad878c80f86f37b436866d9406bfc876bcc2a4fe8f331b75642b3504e58b7f.html in directory target/site/serenity  
[pool-1-thread-4] INFO net.thucydides.core.reports.html.HtmlAcceptanceTestReporter - GENERATING HTML REPORT FOR ACT-21 - View Saved Carts:VIR-246.03 Verify that the saved cart is shown on the saved carts page in a78cc380adec40d2bde41cc9dd7bf1cd6cc7f6dd92d52beceefba632467fc268.html in directory target/site/serenity  
[pool-1-thread-2] INFO net.thucydides.core.reports.html.HtmlAcceptanceTestReporter - GENERATING HTML REPORT FOR ACT-21 - View Saved Carts:VIR-246.04 Verify that the products and their selected quantities are shown at the saved cart page in 71d7b3b019de0d80556b2ab92ce7c04958edcacdb5185c7868f851880fce7a8c.html in directory target/site/serenity  
[pool-1-thread-2] INFO net.thucydides.core.reports.html.HtmlAcceptanceTestReporter - GENERATING HTML REPORT FOR ACT-21 - View Saved Carts:VIR-246.06 Verify that saved cart can be updated in 7220eba5f2eae10da2dd4b065bbaeb5e362fcdf624f7734decc62917e1fdaa2b.html in directory target/site/serenity  
[pool-1-thread-4] INFO net.thucydides.core.reports.html.HtmlAcceptanceTestReporter - GENERATING HTML REPORT FOR ACT-21 - View Saved Carts:VIR-246.05 Verify that saved cart can be restored in ad1c57abe3cc4827685bdae4426a5445264c10ce7dec22879e678adfd3c0c6cb.html in directory target/site/serenity  
[main] INFO net.serenitybdd.core.Serenity - 
 _____ _____ ____ _____   ____ _____  _    ____ _____ _____ ____  
|_   _| ____/ ___|_   _| / ___|_   _|/ \  |  _ \_   _| ____|  _ \ 
  | | |  _| \___ \ | |   \___ \ | | / _ \ | |_) || | |  _| | | | |
  | | | |___ ___) || |    ___) || |/ ___ \|  _ < | | | |___| |_| |
  |_| |_____|____/ |_|   |____/ |_/_/   \_\_| \_\|_| |_____|____/ 
                                                                  

TEST STARTED: VIR-246.07 Verify that saved cart can be removed
-------------------------------------------------------------------(act-21---view-saved-carts;vir-246.07-verify-that-saved-cart-can-be-removed)
[main] INFO net.serenitybdd.core.Serenity - STARTING STEP Given open the site and login
[main] INFO net.serenitybdd.core.Serenity - STARTING STEP Open the site
[main] INFO net.serenitybdd.core.Serenity - STEP ERROR: net.serenitybdd.core.exceptions.SerenityManagedException: Could not initialize class com.virco.locators.SiteData
]]></system-err>
  </testcase>
  <testcase name="Scenario: VIR-246.07 Verify that saved cart can be removed" classname="Scenario: VIR-246.07 Verify that saved cart can be removed" time="0.005">
    <error message="Could not initialize class com.virco.locators.SiteData" type="net.serenitybdd.core.exceptions.SerenityManagedException"><![CDATA[net.serenitybdd.core.exceptions.SerenityManagedException: Could not initialize class com.virco.locators.SiteData
	at com.virco.steps.serenity.CommonUserSteps.openTheSite(CommonUserSteps.java:19)
	at com.virco.steps.serenity.CommonUserSteps$$EnhancerByCGLIB$$d8541bfa.CGLIB$openTheSite$6(<generated>)
	at com.virco.steps.serenity.CommonUserSteps$$EnhancerByCGLIB$$d8541bfa$$FastClassByCGLIB$$ea8e0f86.invoke(<generated>)
	at net.sf.cglib.proxy.MethodProxy.invokeSuper(MethodProxy.java:228)
	at net.thucydides.core.steps.StepInterceptor.invokeMethod(StepInterceptor.java:372)
	at net.thucydides.core.steps.StepInterceptor.executeTestStepMethod(StepInterceptor.java:357)
	at net.thucydides.core.steps.StepInterceptor.runTestStep(StepInterceptor.java:332)
	at net.thucydides.core.steps.StepInterceptor.testStepResult(StepInterceptor.java:134)
	at net.thucydides.core.steps.StepInterceptor.intercept(StepInterceptor.java:61)
	at com.virco.steps.serenity.CommonUserSteps$$EnhancerByCGLIB$$d8541bfa.openTheSite(<generated>)
	at com.virco.steps.CommonDefinitionSteps.openTheSiteAndLogin(CommonDefinitionSteps.java:72)
	at sun.reflect.GeneratedMethodAccessor143.invoke(Unknown Source)
	at sun.reflect.DelegatingMethodAccessorImpl.invoke(DelegatingMethodAccessorImpl.java:43)
	at java.lang.reflect.Method.invoke(Method.java:498)
	at cucumber.runtime.Utils$1.call(Utils.java:40)
	at cucumber.runtime.Timeout.timeout(Timeout.java:16)
	at cucumber.runtime.Utils.invoke(Utils.java:34)
	at cucumber.runtime.java.JavaStepDefinition.execute(JavaStepDefinition.java:38)
	at cucumber.runtime.StepDefinitionMatch.runStep(StepDefinitionMatch.java:37)
	at cucumber.runtime.Runtime.runStep(Runtime.java:300)
	at cucumber.runtime.model.StepContainer.runStep(StepContainer.java:44)
	at cucumber.runtime.model.StepContainer.runSteps(StepContainer.java:39)
	at cucumber.runtime.model.CucumberScenario.run(CucumberScenario.java:44)
	at cucumber.runtime.junit.ExecutionUnitRunner.run(ExecutionUnitRunner.java:102)
	at cucumber.runtime.junit.FeatureRunner.runChild(FeatureRunner.java:63)
	at cucumber.runtime.junit.FeatureRunner.runChild(FeatureRunner.java:18)
	at org.junit.runners.ParentRunner$3.run(ParentRunner.java:290)
	at org.junit.runners.ParentRunner$1.schedule(ParentRunner.java:71)
	at org.junit.runners.ParentRunner.runChildren(ParentRunner.java:288)
	at org.junit.runners.ParentRunner.access$000(ParentRunner.java:58)
	at org.junit.runners.ParentRunner$2.evaluate(ParentRunner.java:268)
	at org.junit.runners.ParentRunner.run(ParentRunner.java:363)
	at cucumber.runtime.junit.FeatureRunner.run(FeatureRunner.java:70)
	at cucumber.api.junit.Cucumber.runChild(Cucumber.java:95)
	at cucumber.api.junit.Cucumber.runChild(Cucumber.java:38)
	at org.junit.runners.ParentRunner$3.run(ParentRunner.java:290)
	at org.junit.runners.ParentRunner$1.schedule(ParentRunner.java:71)
	at org.junit.runners.ParentRunner.runChildren(ParentRunner.java:288)
	at org.junit.runners.ParentRunner.access$000(ParentRunner.java:58)
	at org.junit.runners.ParentRunner$2.evaluate(ParentRunner.java:268)
	at org.junit.runners.ParentRunner.run(ParentRunner.java:363)
	at cucumber.api.junit.Cucumber.run(Cucumber.java:100)
	at org.apache.maven.surefire.junit4.JUnit4Provider.execute(JUnit4Provider.java:283)
	at org.apache.maven.surefire.junit4.JUnit4Provider.executeWithRerun(JUnit4Provider.java:173)
	at org.apache.maven.surefire.junit4.JUnit4Provider.executeTestSet(JUnit4Provider.java:153)
	at org.apache.maven.surefire.junit4.JUnit4Provider.invoke(JUnit4Provider.java:128)
	at org.apache.maven.surefire.booter.ForkedBooter.invokeProviderInSameClassLoader(ForkedBooter.java:203)
	at org.apache.maven.surefire.booter.ForkedBooter.runSuitesInProcess(ForkedBooter.java:155)
	at org.apache.maven.surefire.booter.ForkedBooter.main(ForkedBooter.java:103)
]]></error>
  </testcase>
  <testcase name="When open category with pagination" classname="Scenario: VIR-246.07 Verify that saved cart can be removed" time="0">
    <skipped/>
    <system-err><![CDATA[[main] INFO net.serenitybdd.core.Serenity - STEP ERROR: java.lang.NoClassDefFoundError: Could not initialize class com.virco.locators.SiteData
[main] INFO net.serenitybdd.core.Serenity - STARTING STEP When open category with pagination
]]></system-err>
  </testcase>
  <testcase name="When click on &quot;1&quot; product image in list" classname="Scenario: VIR-246.07 Verify that saved cart can be removed" time="0">
    <skipped/>
    <system-err><![CDATA[[main] INFO net.serenitybdd.core.Serenity - IGNORING STEP
[main] INFO net.serenitybdd.core.Serenity - STARTING STEP When click on "1" product image in list
]]></system-err>
  </testcase>
  <testcase name="When click on &quot;Add to cart&quot; button" classname="Scenario: VIR-246.07 Verify that saved cart can be removed" time="0">
    <skipped/>
    <system-err><![CDATA[[main] INFO net.serenitybdd.core.Serenity - IGNORING STEP
[main] INFO net.serenitybdd.core.Serenity - STARTING STEP When click on "Add to cart" button
]]></system-err>
  </testcase>
  <testcase name="When click on &quot;Checkout&quot; button" classname="Scenario: VIR-246.07 Verify that saved cart can be removed" time="0">
    <skipped/>
    <system-err><![CDATA[[main] INFO net.serenitybdd.core.Serenity - IGNORING STEP
[main] INFO net.serenitybdd.core.Serenity - STARTING STEP When click on "Checkout" button
]]></system-err>
  </testcase>
  <testcase name="When click on &quot;New Cart&quot; button" classname="Scenario: VIR-246.07 Verify that saved cart can be removed" time="0">
    <skipped/>
    <system-err><![CDATA[[main] INFO net.serenitybdd.core.Serenity - IGNORING STEP
[main] INFO net.serenitybdd.core.Serenity - STARTING STEP When click on "New Cart" button
]]></system-err>
  </testcase>
  <testcase name="When enter &quot;TestRemove&quot; in the &quot;Name&quot; field" classname="Scenario: VIR-246.07 Verify that saved cart can be removed" time="0">
    <skipped/>
    <system-err><![CDATA[[main] INFO net.serenitybdd.core.Serenity - IGNORING STEP
[main] INFO net.serenitybdd.core.Serenity - STARTING STEP When enter "TestRemove" in the "Name" field
]]></system-err>
  </testcase>
  <testcase name="When enter &quot;TestDescriptionRemove&quot; in the &quot;Description&quot; textarea" classname="Scenario: VIR-246.07 Verify that saved cart can be removed" time="0">
    <skipped/>
    <system-err><![CDATA[[main] INFO net.serenitybdd.core.Serenity - IGNORING STEP
[main] INFO net.serenitybdd.core.Serenity - STARTING STEP When enter "TestDescriptionRemove" in the "Description" textarea
]]></system-err>
  </testcase>
  <testcase name="When click on &quot;Save&quot; modal button" classname="Scenario: VIR-246.07 Verify that saved cart can be removed" time="0">
    <skipped/>
    <system-err><![CDATA[[main] INFO net.serenitybdd.core.Serenity - IGNORING STEP
[main] INFO net.serenitybdd.core.Serenity - STARTING STEP When click on "Save" modal button
]]></system-err>
  </testcase>
  <testcase name="Then alert with text &quot;Cart TestRemove was successfully saved&quot; is shown" classname="Scenario: VIR-246.07 Verify that saved cart can be removed" time="0">
    <skipped/>
    <system-err><![CDATA[[main] INFO net.serenitybdd.core.Serenity - IGNORING STEP
[main] INFO net.serenitybdd.core.Serenity - STARTING STEP Then alert with text "Cart TestRemove was successfully saved" is shown
]]></system-err>
  </testcase>
  <testcase name="When click on &quot;Saved Carts (&quot; button" classname="Scenario: VIR-246.07 Verify that saved cart can be removed" time="0">
    <skipped/>
    <system-err><![CDATA[[main] INFO net.serenitybdd.core.Serenity - IGNORING STEP
[main] INFO net.serenitybdd.core.Serenity - STARTING STEP When click on "Saved Carts (" button
]]></system-err>
  </testcase>
  <testcase name="When remove &quot;TestRemove&quot; saved cart" classname="Scenario: VIR-246.07 Verify that saved cart can be removed" time="0">
    <skipped/>
    <system-err><![CDATA[[main] INFO net.serenitybdd.core.Serenity - IGNORING STEP
[main] INFO net.serenitybdd.core.Serenity - STARTING STEP When remove "TestRemove" saved cart
]]></system-err>
  </testcase>
  <testcase name="When remove saved cart" classname="Scenario: VIR-246.07 Verify that saved cart can be removed" time="0">
    <skipped/>
    <system-err><![CDATA[[main] INFO net.serenitybdd.core.Serenity - IGNORING STEP
[main] INFO net.serenitybdd.core.Serenity - STARTING STEP When remove saved cart
]]></system-err>
  </testcase>
  <testcase name="Then the cart &quot;TestRemove&quot; is not presented on saved cart page" classname="Scenario: VIR-246.07 Verify that saved cart can be removed" time="0">
    <skipped/>
    <system-err><![CDATA[[main] INFO net.serenitybdd.core.Serenity - IGNORING STEP
[main] INFO net.serenitybdd.core.Serenity - STARTING STEP Then the cart "TestRemove" is not presented on saved cart page
]]></system-err>
  </testcase>
  <testcase name="Scenario: VIR-440.01 The cart q-ty is not based on the item level for the saved carts" classname="Scenario: VIR-440.01 The cart q-ty is not based on the item level for the saved carts" time="0.348"/>
  <testcase name="Given open the site and login" classname="Scenario: VIR-247.01 Verify that the shopper can see their personal details within My Account" time="0.003">
    <error message="Could not initialize class com.virco.locators.SiteData" type="net.serenitybdd.core.exceptions.SerenityManagedException"><![CDATA[net.serenitybdd.core.exceptions.SerenityManagedException: Could not initialize class com.virco.locators.SiteData
	at com.virco.steps.serenity.CommonUserSteps.openTheSite(CommonUserSteps.java:19)
	at com.virco.steps.serenity.CommonUserSteps$$EnhancerByCGLIB$$d8541bfa.CGLIB$openTheSite$6(<generated>)
	at com.virco.steps.serenity.CommonUserSteps$$EnhancerByCGLIB$$d8541bfa$$FastClassByCGLIB$$ea8e0f86.invoke(<generated>)
	at net.sf.cglib.proxy.MethodProxy.invokeSuper(MethodProxy.java:228)
	at net.thucydides.core.steps.StepInterceptor.invokeMethod(StepInterceptor.java:372)
	at net.thucydides.core.steps.StepInterceptor.executeTestStepMethod(StepInterceptor.java:357)
	at net.thucydides.core.steps.StepInterceptor.runTestStep(StepInterceptor.java:332)
	at net.thucydides.core.steps.StepInterceptor.testStepResult(StepInterceptor.java:134)
	at net.thucydides.core.steps.StepInterceptor.intercept(StepInterceptor.java:61)
	at com.virco.steps.serenity.CommonUserSteps$$EnhancerByCGLIB$$d8541bfa.openTheSite(<generated>)
	at com.virco.steps.CommonDefinitionSteps.openTheSiteAndLogin(CommonDefinitionSteps.java:72)
	at sun.reflect.GeneratedMethodAccessor143.invoke(Unknown Source)
	at sun.reflect.DelegatingMethodAccessorImpl.invoke(DelegatingMethodAccessorImpl.java:43)
	at java.lang.reflect.Method.invoke(Method.java:498)
	at cucumber.runtime.Utils$1.call(Utils.java:40)
	at cucumber.runtime.Timeout.timeout(Timeout.java:16)
	at cucumber.runtime.Utils.invoke(Utils.java:34)
	at cucumber.runtime.java.JavaStepDefinition.execute(JavaStepDefinition.java:38)
	at cucumber.runtime.StepDefinitionMatch.runStep(StepDefinitionMatch.java:37)
	at cucumber.runtime.Runtime.runStep(Runtime.java:300)
	at cucumber.runtime.model.StepContainer.runStep(StepContainer.java:44)
	at cucumber.runtime.model.StepContainer.runSteps(StepContainer.java:39)
	at cucumber.runtime.model.CucumberScenario.run(CucumberScenario.java:44)
	at cucumber.runtime.junit.ExecutionUnitRunner.run(ExecutionUnitRunner.java:102)
	at cucumber.runtime.junit.FeatureRunner.runChild(FeatureRunner.java:63)
	at cucumber.runtime.junit.FeatureRunner.runChild(FeatureRunner.java:18)
	at org.junit.runners.ParentRunner$3.run(ParentRunner.java:290)
	at org.junit.runners.ParentRunner$1.schedule(ParentRunner.java:71)
	at org.junit.runners.ParentRunner.runChildren(ParentRunner.java:288)
	at org.junit.runners.ParentRunner.access$000(ParentRunner.java:58)
	at org.junit.runners.ParentRunner$2.evaluate(ParentRunner.java:268)
	at org.junit.runners.ParentRunner.run(ParentRunner.java:363)
	at cucumber.runtime.junit.FeatureRunner.run(FeatureRunner.java:70)
	at cucumber.api.junit.Cucumber.runChild(Cucumber.java:95)
	at cucumber.api.junit.Cucumber.runChild(Cucumber.java:38)
	at org.junit.runners.ParentRunner$3.run(ParentRunner.java:290)
	at org.junit.runners.ParentRunner$1.schedule(ParentRunner.java:71)
	at org.junit.runners.ParentRunner.runChildren(ParentRunner.java:288)
	at org.junit.runners.ParentRunner.access$000(ParentRunner.java:58)
	at org.junit.runners.ParentRunner$2.evaluate(ParentRunner.java:268)
	at org.junit.runners.ParentRunner.run(ParentRunner.java:363)
	at cucumber.api.junit.Cucumber.run(Cucumber.java:100)
	at org.apache.maven.surefire.junit4.JUnit4Provider.execute(JUnit4Provider.java:283)
	at org.apache.maven.surefire.junit4.JUnit4Provider.executeWithRerun(JUnit4Provider.java:173)
	at org.apache.maven.surefire.junit4.JUnit4Provider.executeTestSet(JUnit4Provider.java:153)
	at org.apache.maven.surefire.junit4.JUnit4Provider.invoke(JUnit4Provider.java:128)
	at org.apache.maven.surefire.booter.ForkedBooter.invokeProviderInSameClassLoader(ForkedBooter.java:203)
	at org.apache.maven.surefire.booter.ForkedBooter.runSuitesInProcess(ForkedBooter.java:155)
	at org.apache.maven.surefire.booter.ForkedBooter.main(ForkedBooter.java:103)
]]></error>
    <system-err><![CDATA[[main] INFO net.serenitybdd.core.Serenity - Test Suite Started: ACT-22 - View Personal Details
[main] INFO net.serenitybdd.core.Serenity - 
 _____ _____ ____ _____   ____ _____  _    ____ _____ _____ ____  
|_   _| ____/ ___|_   _| / ___|_   _|/ \  |  _ \_   _| ____|  _ \ 
  | | |  _| \___ \ | |   \___ \ | | / _ \ | |_) || | |  _| | | | |
  | | | |___ ___) || |    ___) || |/ ___ \|  _ < | | | |___| |_| |
  |_| |_____|____/ |_|   |____/ |_/_/   \_\_| \_\|_| |_____|____/ 
                                                                  

TEST STARTED: VIR-247.01 Verify that the shopper can see their personal details within My Account
-------------------------------------------------------------------(act-22---view-personal-details;vir-247.01-verify-that-the-shopper-can-see-their-personal-details-within-my-account)
[main] INFO net.serenitybdd.core.Serenity - STARTING STEP Given open the site and login
[main] INFO net.serenitybdd.core.Serenity - STARTING STEP Open the site
[main] INFO net.serenitybdd.core.Serenity - STEP ERROR: net.serenitybdd.core.exceptions.SerenityManagedException: Could not initialize class com.virco.locators.SiteData
]]></system-err>
  </testcase>
  <testcase name="Scenario: VIR-247.01 Verify that the shopper can see their personal details within My Account" classname="Scenario: VIR-247.01 Verify that the shopper can see their personal details within My Account" time="0.006">
    <error message="Could not initialize class com.virco.locators.SiteData" type="net.serenitybdd.core.exceptions.SerenityManagedException"><![CDATA[net.serenitybdd.core.exceptions.SerenityManagedException: Could not initialize class com.virco.locators.SiteData
	at com.virco.steps.serenity.CommonUserSteps.openTheSite(CommonUserSteps.java:19)
	at com.virco.steps.serenity.CommonUserSteps$$EnhancerByCGLIB$$d8541bfa.CGLIB$openTheSite$6(<generated>)
	at com.virco.steps.serenity.CommonUserSteps$$EnhancerByCGLIB$$d8541bfa$$FastClassByCGLIB$$ea8e0f86.invoke(<generated>)
	at net.sf.cglib.proxy.MethodProxy.invokeSuper(MethodProxy.java:228)
	at net.thucydides.core.steps.StepInterceptor.invokeMethod(StepInterceptor.java:372)
	at net.thucydides.core.steps.StepInterceptor.executeTestStepMethod(StepInterceptor.java:357)
	at net.thucydides.core.steps.StepInterceptor.runTestStep(StepInterceptor.java:332)
	at net.thucydides.core.steps.StepInterceptor.testStepResult(StepInterceptor.java:134)
	at net.thucydides.core.steps.StepInterceptor.intercept(StepInterceptor.java:61)
	at com.virco.steps.serenity.CommonUserSteps$$EnhancerByCGLIB$$d8541bfa.openTheSite(<generated>)
	at com.virco.steps.CommonDefinitionSteps.openTheSiteAndLogin(CommonDefinitionSteps.java:72)
	at sun.reflect.GeneratedMethodAccessor143.invoke(Unknown Source)
	at sun.reflect.DelegatingMethodAccessorImpl.invoke(DelegatingMethodAccessorImpl.java:43)
	at java.lang.reflect.Method.invoke(Method.java:498)
	at cucumber.runtime.Utils$1.call(Utils.java:40)
	at cucumber.runtime.Timeout.timeout(Timeout.java:16)
	at cucumber.runtime.Utils.invoke(Utils.java:34)
	at cucumber.runtime.java.JavaStepDefinition.execute(JavaStepDefinition.java:38)
	at cucumber.runtime.StepDefinitionMatch.runStep(StepDefinitionMatch.java:37)
	at cucumber.runtime.Runtime.runStep(Runtime.java:300)
	at cucumber.runtime.model.StepContainer.runStep(StepContainer.java:44)
	at cucumber.runtime.model.StepContainer.runSteps(StepContainer.java:39)
	at cucumber.runtime.model.CucumberScenario.run(CucumberScenario.java:44)
	at cucumber.runtime.junit.ExecutionUnitRunner.run(ExecutionUnitRunner.java:102)
	at cucumber.runtime.junit.FeatureRunner.runChild(FeatureRunner.java:63)
	at cucumber.runtime.junit.FeatureRunner.runChild(FeatureRunner.java:18)
	at org.junit.runners.ParentRunner$3.run(ParentRunner.java:290)
	at org.junit.runners.ParentRunner$1.schedule(ParentRunner.java:71)
	at org.junit.runners.ParentRunner.runChildren(ParentRunner.java:288)
	at org.junit.runners.ParentRunner.access$000(ParentRunner.java:58)
	at org.junit.runners.ParentRunner$2.evaluate(ParentRunner.java:268)
	at org.junit.runners.ParentRunner.run(ParentRunner.java:363)
	at cucumber.runtime.junit.FeatureRunner.run(FeatureRunner.java:70)
	at cucumber.api.junit.Cucumber.runChild(Cucumber.java:95)
	at cucumber.api.junit.Cucumber.runChild(Cucumber.java:38)
	at org.junit.runners.ParentRunner$3.run(ParentRunner.java:290)
	at org.junit.runners.ParentRunner$1.schedule(ParentRunner.java:71)
	at org.junit.runners.ParentRunner.runChildren(ParentRunner.java:288)
	at org.junit.runners.ParentRunner.access$000(ParentRunner.java:58)
	at org.junit.runners.ParentRunner$2.evaluate(ParentRunner.java:268)
	at org.junit.runners.ParentRunner.run(ParentRunner.java:363)
	at cucumber.api.junit.Cucumber.run(Cucumber.java:100)
	at org.apache.maven.surefire.junit4.JUnit4Provider.execute(JUnit4Provider.java:283)
	at org.apache.maven.surefire.junit4.JUnit4Provider.executeWithRerun(JUnit4Provider.java:173)
	at org.apache.maven.surefire.junit4.JUnit4Provider.executeTestSet(JUnit4Provider.java:153)
	at org.apache.maven.surefire.junit4.JUnit4Provider.invoke(JUnit4Provider.java:128)
	at org.apache.maven.surefire.booter.ForkedBooter.invokeProviderInSameClassLoader(ForkedBooter.java:203)
	at org.apache.maven.surefire.booter.ForkedBooter.runSuitesInProcess(ForkedBooter.java:155)
	at org.apache.maven.surefire.booter.ForkedBooter.main(ForkedBooter.java:103)
]]></error>
  </testcase>
  <testcase name="When click on &quot;My Account&quot; link in header" classname="Scenario: VIR-247.01 Verify that the shopper can see their personal details within My Account" time="0">
    <skipped/>
    <system-err><![CDATA[[main] INFO net.serenitybdd.core.Serenity - STEP ERROR: java.lang.NoClassDefFoundError: Could not initialize class com.virco.locators.SiteData
[main] INFO net.serenitybdd.core.Serenity - STARTING STEP When click on "My Account" link in header
]]></system-err>
  </testcase>
  <testcase name="When click on &quot;Personal Details&quot; in My Account drop-down" classname="Scenario: VIR-247.01 Verify that the shopper can see their personal details within My Account" time="0">
    <skipped/>
    <system-err><![CDATA[[main] INFO net.serenitybdd.core.Serenity - IGNORING STEP
[main] INFO net.serenitybdd.core.Serenity - STARTING STEP When click on "Personal Details" in My Account drop-down
]]></system-err>
  </testcase>
  <testcase name="Then the &quot;Personal Details&quot; my account page is opened" classname="Scenario: VIR-247.01 Verify that the shopper can see their personal details within My Account" time="0">
    <skipped/>
    <system-err><![CDATA[[main] INFO net.serenitybdd.core.Serenity - IGNORING STEP
[main] INFO net.serenitybdd.core.Serenity - STARTING STEP Then the "Personal Details" my account page is opened
]]></system-err>
  </testcase>
  <testcase name="Given open the site and login" classname="Scenario: VIR-247.02 Verify that the information is shown on Personal Details page" time="0.001">
    <error message="Could not initialize class com.virco.locators.SiteData" type="net.serenitybdd.core.exceptions.SerenityManagedException"><![CDATA[net.serenitybdd.core.exceptions.SerenityManagedException: Could not initialize class com.virco.locators.SiteData
	at com.virco.steps.serenity.CommonUserSteps.openTheSite(CommonUserSteps.java:19)
	at com.virco.steps.serenity.CommonUserSteps$$EnhancerByCGLIB$$d8541bfa.CGLIB$openTheSite$6(<generated>)
	at com.virco.steps.serenity.CommonUserSteps$$EnhancerByCGLIB$$d8541bfa$$FastClassByCGLIB$$ea8e0f86.invoke(<generated>)
	at net.sf.cglib.proxy.MethodProxy.invokeSuper(MethodProxy.java:228)
	at net.thucydides.core.steps.StepInterceptor.invokeMethod(StepInterceptor.java:372)
	at net.thucydides.core.steps.StepInterceptor.executeTestStepMethod(StepInterceptor.java:357)
	at net.thucydides.core.steps.StepInterceptor.runTestStep(StepInterceptor.java:332)
	at net.thucydides.core.steps.StepInterceptor.testStepResult(StepInterceptor.java:134)
	at net.thucydides.core.steps.StepInterceptor.intercept(StepInterceptor.java:61)
	at com.virco.steps.serenity.CommonUserSteps$$EnhancerByCGLIB$$d8541bfa.openTheSite(<generated>)
	at com.virco.steps.CommonDefinitionSteps.openTheSiteAndLogin(CommonDefinitionSteps.java:72)
	at sun.reflect.GeneratedMethodAccessor143.invoke(Unknown Source)
	at sun.reflect.DelegatingMethodAccessorImpl.invoke(DelegatingMethodAccessorImpl.java:43)
	at java.lang.reflect.Method.invoke(Method.java:498)
	at cucumber.runtime.Utils$1.call(Utils.java:40)
	at cucumber.runtime.Timeout.timeout(Timeout.java:16)
	at cucumber.runtime.Utils.invoke(Utils.java:34)
	at cucumber.runtime.java.JavaStepDefinition.execute(JavaStepDefinition.java:38)
	at cucumber.runtime.StepDefinitionMatch.runStep(StepDefinitionMatch.java:37)
	at cucumber.runtime.Runtime.runStep(Runtime.java:300)
	at cucumber.runtime.model.StepContainer.runStep(StepContainer.java:44)
	at cucumber.runtime.model.StepContainer.runSteps(StepContainer.java:39)
	at cucumber.runtime.model.CucumberScenario.run(CucumberScenario.java:44)
	at cucumber.runtime.junit.ExecutionUnitRunner.run(ExecutionUnitRunner.java:102)
	at cucumber.runtime.junit.FeatureRunner.runChild(FeatureRunner.java:63)
	at cucumber.runtime.junit.FeatureRunner.runChild(FeatureRunner.java:18)
	at org.junit.runners.ParentRunner$3.run(ParentRunner.java:290)
	at org.junit.runners.ParentRunner$1.schedule(ParentRunner.java:71)
	at org.junit.runners.ParentRunner.runChildren(ParentRunner.java:288)
	at org.junit.runners.ParentRunner.access$000(ParentRunner.java:58)
	at org.junit.runners.ParentRunner$2.evaluate(ParentRunner.java:268)
	at org.junit.runners.ParentRunner.run(ParentRunner.java:363)
	at cucumber.runtime.junit.FeatureRunner.run(FeatureRunner.java:70)
	at cucumber.api.junit.Cucumber.runChild(Cucumber.java:95)
	at cucumber.api.junit.Cucumber.runChild(Cucumber.java:38)
	at org.junit.runners.ParentRunner$3.run(ParentRunner.java:290)
	at org.junit.runners.ParentRunner$1.schedule(ParentRunner.java:71)
	at org.junit.runners.ParentRunner.runChildren(ParentRunner.java:288)
	at org.junit.runners.ParentRunner.access$000(ParentRunner.java:58)
	at org.junit.runners.ParentRunner$2.evaluate(ParentRunner.java:268)
	at org.junit.runners.ParentRunner.run(ParentRunner.java:363)
	at cucumber.api.junit.Cucumber.run(Cucumber.java:100)
	at org.apache.maven.surefire.junit4.JUnit4Provider.execute(JUnit4Provider.java:283)
	at org.apache.maven.surefire.junit4.JUnit4Provider.executeWithRerun(JUnit4Provider.java:173)
	at org.apache.maven.surefire.junit4.JUnit4Provider.executeTestSet(JUnit4Provider.java:153)
	at org.apache.maven.surefire.junit4.JUnit4Provider.invoke(JUnit4Provider.java:128)
	at org.apache.maven.surefire.booter.ForkedBooter.invokeProviderInSameClassLoader(ForkedBooter.java:203)
	at org.apache.maven.surefire.booter.ForkedBooter.runSuitesInProcess(ForkedBooter.java:155)
	at org.apache.maven.surefire.booter.ForkedBooter.main(ForkedBooter.java:103)
]]></error>
    <system-err><![CDATA[[main] INFO net.serenitybdd.core.Serenity - IGNORING STEP
[main] ERROR net.serenitybdd.core.Serenity - 
           __  _____ _____ ____ _____   _____ _    ___ _     _____ ____  
  _       / / |_   _| ____/ ___|_   _| |  ___/ \  |_ _| |   | ____|  _ \ 
 (_)_____| |    | | |  _| \___ \ | |   | |_ / _ \  | || |   |  _| | | | |
  _|_____| |    | | | |___ ___) || |   |  _/ ___ \ | || |___| |___| |_| |
 (_)     | |    |_| |_____|____/ |_|   |_|/_/   \_\___|_____|_____|____/ 
          \_\                                                            

TEST FAILED WITH ERROR: VIR-247.01 Verify that the shopper can see their personal details within My Account
---------------------------------------------------------------------
[main] ERROR net.serenitybdd.core.Serenity - TEST FAILED AT STEP Open the site
[main] ERROR net.serenitybdd.core.Serenity - Could not initialize class com.virco.locators.SiteData
[pool-1-thread-4] INFO net.thucydides.core.reports.json.JSONTestOutcomeReporter - Generating JSON report for VIR-235.04 Verify that the current year view of orders is set by default to file /Users/rodionsavchuk/hybrisAutomation/virco-automatedtests/target/site/serenity/611fe17d9cda8a2f0360fd4a5e0044434a5a44282d734d3f572d018496b6a768.json (using temp file /Users/rodionsavchuk/hybrisAutomation/virco-automatedtests/target/site/serenity/611fe17d9cda8a2f0360fd4a5e0044434a5a44282d734d3f572d018496b6a768.json312b8ca9-1a8a-4c54-8428-57fb73fe36cb)
[pool-1-thread-3] INFO net.thucydides.core.reports.json.JSONTestOutcomeReporter - Generating JSON report for VIR-235.01 Verify that the shopper can view the order history within My Account to file /Users/rodionsavchuk/hybrisAutomation/virco-automatedtests/target/site/serenity/273677580b5ade55ccb470a2e988196811df982925cdbb1ace31e0a5efaabec1.json (using temp file /Users/rodionsavchuk/hybrisAutomation/virco-automatedtests/target/site/serenity/273677580b5ade55ccb470a2e988196811df982925cdbb1ace31e0a5efaabec1.json0c193c0a-eb89-4fcc-b1cb-ad34d2d1c73f)
[pool-1-thread-2] INFO net.thucydides.core.reports.json.JSONTestOutcomeReporter - Generating JSON report for VIR-235.02 Verify that the newest order is shown first in the list to file /Users/rodionsavchuk/hybrisAutomation/virco-automatedtests/target/site/serenity/8840d0acce101c4828203142f8d64f0725d2637a38c8eebef56a7d6a8b899749.json (using temp file /Users/rodionsavchuk/hybrisAutomation/virco-automatedtests/target/site/serenity/8840d0acce101c4828203142f8d64f0725d2637a38c8eebef56a7d6a8b899749.jsondabc6359-664a-487a-bf77-92a0c2542f57)
[pool-1-thread-1] INFO net.thucydides.core.reports.json.JSONTestOutcomeReporter - Generating JSON report for VIR-235.03 Verify that the orders can be filtered by to file /Users/rodionsavchuk/hybrisAutomation/virco-automatedtests/target/site/serenity/29922dd92355b657a29ca8ceee8ece530ee19fab8572208c0d42c3104ff16960.json (using temp file /Users/rodionsavchuk/hybrisAutomation/virco-automatedtests/target/site/serenity/29922dd92355b657a29ca8ceee8ece530ee19fab8572208c0d42c3104ff16960.jsona359ac08-827a-4bed-ad9e-f31356ed7402)
[pool-1-thread-4] INFO net.thucydides.core.reports.json.JSONTestOutcomeReporter - Generating JSON report for VIR-235.05 Verify that the orders can be sorted by to file /Users/rodionsavchuk/hybrisAutomation/virco-automatedtests/target/site/serenity/b3c85d502fdd11d32f7b2c0e62dbb38be0c6f9c593e4d4ccd95adcc5fe60b304.json (using temp file /Users/rodionsavchuk/hybrisAutomation/virco-automatedtests/target/site/serenity/b3c85d502fdd11d32f7b2c0e62dbb38be0c6f9c593e4d4ccd95adcc5fe60b304.json79b0277b-37d2-453a-8c0a-4c2e9fd119e2)
[pool-1-thread-2] INFO net.thucydides.core.reports.json.JSONTestOutcomeReporter - Generating JSON report for VIR-235.06 Verify that the orders can be grouped by PO# (alpha-numeric) to file /Users/rodionsavchuk/hybrisAutomation/virco-automatedtests/target/site/serenity/69529ca40520069837eb10aa62eb1ab7518abd062932198aaa75ce49a153bdf4.json (using temp file /Users/rodionsavchuk/hybrisAutomation/virco-automatedtests/target/site/serenity/69529ca40520069837eb10aa62eb1ab7518abd062932198aaa75ce49a153bdf4.json392a0701-6537-4b83-b853-8acdcf5bda51)
[pool-1-thread-1] INFO net.thucydides.core.reports.json.JSONTestOutcomeReporter - Generating JSON report for VIR-236.01 Verify that the shopper can see the created by him ECC orders withing Orders History to file /Users/rodionsavchuk/hybrisAutomation/virco-automatedtests/target/site/serenity/6e0b05141f32d41efa52a2f8708a010ef30be5406c962e50aa108e52f637ff4f.json (using temp file /Users/rodionsavchuk/hybrisAutomation/virco-automatedtests/target/site/serenity/6e0b05141f32d41efa52a2f8708a010ef30be5406c962e50aa108e52f637ff4f.jsoned6fbbd9-ce97-40e5-a36c-3aecbc68a73c)
[pool-1-thread-3] INFO net.thucydides.core.reports.json.JSONTestOutcomeReporter - Generating JSON report for VIR-236.02 Verify that the shopper is able to see the ECC orders details to file /Users/rodionsavchuk/hybrisAutomation/virco-automatedtests/target/site/serenity/06a785ccbf37298662c0a3d0b35aa8a04f4eb296e14af96a2032ecacd8155265.json (using temp file /Users/rodionsavchuk/hybrisAutomation/virco-automatedtests/target/site/serenity/06a785ccbf37298662c0a3d0b35aa8a04f4eb296e14af96a2032ecacd8155265.json92c4d0bb-6e91-48c8-8233-ed7d95b42072)
[pool-1-thread-1] INFO net.thucydides.core.reports.json.JSONTestOutcomeReporter - Generating JSON report for VIR-237.01 Verify that the chief shopper is able to view the orders created by others within their organization to file /Users/rodionsavchuk/hybrisAutomation/virco-automatedtests/target/site/serenity/37ec79a1d6a9cc6a2aec4574466f6dcb64dfed35c002fda7b3134b876ab9d490.json (using temp file /Users/rodionsavchuk/hybrisAutomation/virco-automatedtests/target/site/serenity/37ec79a1d6a9cc6a2aec4574466f6dcb64dfed35c002fda7b3134b876ab9d490.jsone6286c03-db30-4d5d-acda-bb3a8ceaa5e4)
[pool-1-thread-2] INFO net.thucydides.core.reports.json.JSONTestOutcomeReporter - Generating JSON report for VIR-237.02 Verify that all orders are shown at the same page to file /Users/rodionsavchuk/hybrisAutomation/virco-automatedtests/target/site/serenity/04c1b88fcf25fa2f1ca595220bf539bd3345daf07b3f5fd975b7cfa258aa1a72.json (using temp file /Users/rodionsavchuk/hybrisAutomation/virco-automatedtests/target/site/serenity/04c1b88fcf25fa2f1ca595220bf539bd3345daf07b3f5fd975b7cfa258aa1a72.jsond547547f-5386-49eb-9c42-637f2c1769ee)
[pool-1-thread-4] INFO net.thucydides.core.reports.json.JSONTestOutcomeReporter - Generating JSON report for VIR-236.03 Verify that shopper is not able to reorder the ECC orders to file /Users/rodionsavchuk/hybrisAutomation/virco-automatedtests/target/site/serenity/adad10cc0c0c283641a22aee227822d43a6b04d28868ac5b5b9f65428e2198f1.json (using temp file /Users/rodionsavchuk/hybrisAutomation/virco-automatedtests/target/site/serenity/adad10cc0c0c283641a22aee227822d43a6b04d28868ac5b5b9f65428e2198f1.jsond422e514-3e51-4a55-b90b-3c47407db738)
[pool-1-thread-4] INFO net.thucydides.core.reports.json.JSONTestOutcomeReporter - Generating JSON report for VIR-238.01 Verify that the stuff shopper can view orders created by him/her to file /Users/rodionsavchuk/hybrisAutomation/virco-automatedtests/target/site/serenity/da20584ac40b990dc291e9ae9cb2facdd86f681d176e5cbf03c9dc84024b2dea.json (using temp file /Users/rodionsavchuk/hybrisAutomation/virco-automatedtests/target/site/serenity/da20584ac40b990dc291e9ae9cb2facdd86f681d176e5cbf03c9dc84024b2dea.jsone06bb375-1842-4106-b4a7-04cda4c6c12d)
[pool-1-thread-3] INFO net.thucydides.core.reports.json.JSONTestOutcomeReporter - Generating JSON report for VIR-238.02 Verify that the admin shoppers can view orders placed by admin and stuff shoppers within organization to file /Users/rodionsavchuk/hybrisAutomation/virco-automatedtests/target/site/serenity/049e5266696367738227685efc996b610d41e4a9ff2b91176988ad3e5d046577.json (using temp file /Users/rodionsavchuk/hybrisAutomation/virco-automatedtests/target/site/serenity/049e5266696367738227685efc996b610d41e4a9ff2b91176988ad3e5d046577.json46abfecc-696c-4629-8c55-1886afc10550)
[pool-1-thread-1] INFO net.thucydides.core.reports.json.JSONTestOutcomeReporter - Generating JSON report for VIR-239.01 Verify that the shopper can see the Reorder button near each order in the list of orders history to file /Users/rodionsavchuk/hybrisAutomation/virco-automatedtests/target/site/serenity/bc5c957c59b8dd4780a20bc8c811eb7cd90739e0aa75b27ef4276f5d16b25e8a.json (using temp file /Users/rodionsavchuk/hybrisAutomation/virco-automatedtests/target/site/serenity/bc5c957c59b8dd4780a20bc8c811eb7cd90739e0aa75b27ef4276f5d16b25e8a.json3e9f9cc6-ad2d-4a83-9620-7020570b56c7)
[pool-1-thread-3] INFO net.thucydides.core.reports.json.JSONTestOutcomeReporter - Generating JSON report for VIR-239.03 Verify that the Reorder button is present only near the orders created by shopper to file /Users/rodionsavchuk/hybrisAutomation/virco-automatedtests/target/site/serenity/db5d2cc2cdb477151d79acc5ba80f9970445ac1f4a40c15aea05ceaf9d72ab4c.json (using temp file /Users/rodionsavchuk/hybrisAutomation/virco-automatedtests/target/site/serenity/db5d2cc2cdb477151d79acc5ba80f9970445ac1f4a40c15aea05ceaf9d72ab4c.jsonb2ee2ff5-999c-41cd-a69f-8d20dbbd2992)
[pool-1-thread-2] INFO net.thucydides.core.reports.json.JSONTestOutcomeReporter - Generating JSON report for VIR-239.02 Verify that the Reorder button is present at the order details page to file /Users/rodionsavchuk/hybrisAutomation/virco-automatedtests/target/site/serenity/7f2baa53bf21c1609ec69298572380037821566fedb28a9f798f27a38a595463.json (using temp file /Users/rodionsavchuk/hybrisAutomation/virco-automatedtests/target/site/serenity/7f2baa53bf21c1609ec69298572380037821566fedb28a9f798f27a38a595463.jsona7238314-44c5-4fde-b6df-32d868a179c5)
[pool-1-thread-4] INFO net.thucydides.core.reports.json.JSONTestOutcomeReporter - Generating JSON report for VIR-239.04 Verify that the new order with the same order details is created after reordering to file /Users/rodionsavchuk/hybrisAutomation/virco-automatedtests/target/site/serenity/86d284f6d52dd7b06703c0e65ed979dc08ab5e91925669335c8db93a482789bd.json (using temp file /Users/rodionsavchuk/hybrisAutomation/virco-automatedtests/target/site/serenity/86d284f6d52dd7b06703c0e65ed979dc08ab5e91925669335c8db93a482789bd.json0d91c29a-aa15-48dd-bab1-98b2507b97f8)
[pool-1-thread-1] INFO net.thucydides.core.reports.json.JSONTestOutcomeReporter - Generating JSON report for VIR-239.05 Verify that the Admin can reorder the orders created by him and stuff shoppers to file /Users/rodionsavchuk/hybrisAutomation/virco-automatedtests/target/site/serenity/bd0258604ad0a60526916081e6985c7c5319337a9181a074ad5638ad9d781d0d.json (using temp file /Users/rodionsavchuk/hybrisAutomation/virco-automatedtests/target/site/serenity/bd0258604ad0a60526916081e6985c7c5319337a9181a074ad5638ad9d781d0d.json67e2f621-0a1b-4478-a5e1-bdd08737c44c)
[pool-1-thread-1] INFO net.thucydides.core.reports.json.JSONTestOutcomeReporter - Generating JSON report for VIR-239.06 Verify that the Chief can reorder the orders created by him, admin and stuff shoppers to file /Users/rodionsavchuk/hybrisAutomation/virco-automatedtests/target/site/serenity/ce484b4c5f4b477729fe56f6574c4b704d459afba8238101689edf60627995fe.json (using temp file /Users/rodionsavchuk/hybrisAutomation/virco-automatedtests/target/site/serenity/ce484b4c5f4b477729fe56f6574c4b704d459afba8238101689edf60627995fe.json5f84f5a5-83f5-49a7-a24b-d4d97c9a95d4)
[pool-1-thread-3] INFO net.thucydides.core.reports.json.JSONTestOutcomeReporter - Generating JSON report for VIR-239.07 Verify that the Stuff shopper can reorder the orders created by him\her only to file /Users/rodionsavchuk/hybrisAutomation/virco-automatedtests/target/site/serenity/b8018260c31d901f3d8d776ff65116bc168b781e95b8a9f89641bcafaaa081f8.json (using temp file /Users/rodionsavchuk/hybrisAutomation/virco-automatedtests/target/site/serenity/b8018260c31d901f3d8d776ff65116bc168b781e95b8a9f89641bcafaaa081f8.json841b38f9-ab26-43fe-acd5-354ef9a13255)
[pool-1-thread-2] INFO net.thucydides.core.reports.json.JSONTestOutcomeReporter - Generating JSON report for VIR-240.01 Verify that the following message is shown to the customer if they entered wrong login data at first and second times to file /Users/rodionsavchuk/hybrisAutomation/virco-automatedtests/target/site/serenity/5c983153fe2ebb177f0d9e8b132ca59a6e0ee0ae8654058c47ae107dbb7196e9.json (using temp file /Users/rodionsavchuk/hybrisAutomation/virco-automatedtests/target/site/serenity/5c983153fe2ebb177f0d9e8b132ca59a6e0ee0ae8654058c47ae107dbb7196e9.jsonddd818e9-e3cb-4015-a6c4-24f02d3927a6)
[pool-1-thread-4] INFO net.thucydides.core.reports.json.JSONTestOutcomeReporter - Generating JSON report for VIR-240.02 Verify that the error message is shown to the customer if they entered wrong login data three and more times to file /Users/rodionsavchuk/hybrisAutomation/virco-automatedtests/target/site/serenity/feea09e30f98fa20f26d9fa541c867e47262726ef2edae67658e6fe1f69f795b.json (using temp file /Users/rodionsavchuk/hybrisAutomation/virco-automatedtests/target/site/serenity/feea09e30f98fa20f26d9fa541c867e47262726ef2edae67658e6fe1f69f795b.jsonf15ed467-eb70-46d3-ac6a-06dd30e97c77)
[pool-1-thread-1] INFO net.thucydides.core.reports.json.JSONTestOutcomeReporter - Generating JSON report for VIR-240.03 Verify that the account is locked automatically after 3 incorrect login attempts to file /Users/rodionsavchuk/hybrisAutomation/virco-automatedtests/target/site/serenity/98702c761630d5e96c1885fc6b7d9edc2d3d9276a61dcb964fb55a77180ac4c4.json (using temp file /Users/rodionsavchuk/hybrisAutomation/virco-automatedtests/target/site/serenity/98702c761630d5e96c1885fc6b7d9edc2d3d9276a61dcb964fb55a77180ac4c4.json3335772a-6d42-481a-a716-5c328531924d)
[pool-1-thread-3] INFO net.thucydides.core.reports.json.JSONTestOutcomeReporter - Generating JSON report for VIR-240.04 Verify that the customer can phone via Skype when they click on the phone number from desktop browser to file /Users/rodionsavchuk/hybrisAutomation/virco-automatedtests/target/site/serenity/022ceba0bee1a7e3be70af6fce73e28abbfa02e327dc996b425b971073e81949.json (using temp file /Users/rodionsavchuk/hybrisAutomation/virco-automatedtests/target/site/serenity/022ceba0bee1a7e3be70af6fce73e28abbfa02e327dc996b425b971073e81949.json526ee1c1-0a8e-4bea-92ba-d2f0f8db8dff)
[pool-1-thread-1] INFO net.thucydides.core.reports.json.JSONTestOutcomeReporter - Generating JSON report for VIR-240.05 Verify that the customer can phone via phone/skype when they click on the phone number from mobile device to file /Users/rodionsavchuk/hybrisAutomation/virco-automatedtests/target/site/serenity/0acf8d5b428f155bb5cd03ead2beee85cb116b173f667ca0d7eddf263c734900.json (using temp file /Users/rodionsavchuk/hybrisAutomation/virco-automatedtests/target/site/serenity/0acf8d5b428f155bb5cd03ead2beee85cb116b173f667ca0d7eddf263c734900.jsone9126e0d-f872-4ed9-8b25-9d5c3e1ca6d6)
[pool-1-thread-4] INFO net.thucydides.core.reports.json.JSONTestOutcomeReporter - Generating JSON report for VIR-241.03 Verify that the data outlined in ID3 are copied into the hybris to file /Users/rodionsavchuk/hybrisAutomation/virco-automatedtests/target/site/serenity/39e10a2762693c36aeb39ffa0694d6429714a5caa78716ad3e3a6dc6f9f35100.json (using temp file /Users/rodionsavchuk/hybrisAutomation/virco-automatedtests/target/site/serenity/39e10a2762693c36aeb39ffa0694d6429714a5caa78716ad3e3a6dc6f9f35100.jsonde611ead-2b8e-40c0-a30a-e489bec8baba)
[pool-1-thread-2] INFO net.thucydides.core.reports.json.JSONTestOutcomeReporter - Generating JSON report for VIR-241.02 Verify that the personal details are mapped appropriately to file /Users/rodionsavchuk/hybrisAutomation/virco-automatedtests/target/site/serenity/a13f41939905f13645385d57d811c8cdd84a0cbed0caf2a6b3c4f55c28d79c01.json (using temp file /Users/rodionsavchuk/hybrisAutomation/virco-automatedtests/target/site/serenity/a13f41939905f13645385d57d811c8cdd84a0cbed0caf2a6b3c4f55c28d79c01.jsonb274bf73-c8b2-4ee4-9f38-61dc1c03d177)
[pool-1-thread-3] INFO net.thucydides.core.reports.json.JSONTestOutcomeReporter - Generating JSON report for VIR-241.01 Verify that the bunch of customers are created in hybris after running mass setup script to file /Users/rodionsavchuk/hybrisAutomation/virco-automatedtests/target/site/serenity/463850b14992f16a3a2bf3702fcc5975eee58ce459f840ff047b04c2eaef46d1.json (using temp file /Users/rodionsavchuk/hybrisAutomation/virco-automatedtests/target/site/serenity/463850b14992f16a3a2bf3702fcc5975eee58ce459f840ff047b04c2eaef46d1.jsonb7703e12-026d-4bcc-ba47-3e62524877f4)
[pool-1-thread-1] INFO net.thucydides.core.reports.json.JSONTestOutcomeReporter - Generating JSON report for VIR-241.04 Verify that just set up customers can log into the system and perform appropriate activities (due to the permissions) to file /Users/rodionsavchuk/hybrisAutomation/virco-automatedtests/target/site/serenity/cad527a19b233d2a98237bc580b3e071a577ec5892a5ac544f2f50b81e1edc9a.json (using temp file /Users/rodionsavchuk/hybrisAutomation/virco-automatedtests/target/site/serenity/cad527a19b233d2a98237bc580b3e071a577ec5892a5ac544f2f50b81e1edc9a.jsondaa4d488-0f1b-4bbb-b1f2-06e6362fd1af)
[pool-1-thread-2] INFO net.thucydides.core.reports.json.JSONTestOutcomeReporter - Generating JSON report for VIR-242.01 Verify that the following sub menu My Account menu has following options to file /Users/rodionsavchuk/hybrisAutomation/virco-automatedtests/target/site/serenity/1276140ef62c6432b71b0f37d8025035d8b303a616dfb579c0464109d19a2074.json (using temp file /Users/rodionsavchuk/hybrisAutomation/virco-automatedtests/target/site/serenity/1276140ef62c6432b71b0f37d8025035d8b303a616dfb579c0464109d19a2074.json48bd5ab4-a5bc-4707-8f2f-efaafb96d3a6)
[pool-1-thread-1] INFO net.thucydides.core.reports.json.JSONTestOutcomeReporter - Generating JSON report for VIR-243.01 Verify that the order tracking number is shown at the Order History and on the Order Details pages to file /Users/rodionsavchuk/hybrisAutomation/virco-automatedtests/target/site/serenity/70b6f3d948299c508f0755eca224d394eabc6d05bab5864a70e0f1b9c6b1e644.json (using temp file /Users/rodionsavchuk/hybrisAutomation/virco-automatedtests/target/site/serenity/70b6f3d948299c508f0755eca224d394eabc6d05bab5864a70e0f1b9c6b1e644.jsona7820f85-adad-4347-81f4-6e2c54803762)
[pool-1-thread-4] INFO net.thucydides.core.reports.json.JSONTestOutcomeReporter - Generating JSON report for VIR-242.02 Verify that the shopper is moved to the appropriate page after clicking on the sub-menu option to file /Users/rodionsavchuk/hybrisAutomation/virco-automatedtests/target/site/serenity/28ef021d759f2a4643b61547ae2c5a1b9ce2544b0930e552ce883dc4238eb54c.json (using temp file /Users/rodionsavchuk/hybrisAutomation/virco-automatedtests/target/site/serenity/28ef021d759f2a4643b61547ae2c5a1b9ce2544b0930e552ce883dc4238eb54c.json08d836ec-6932-4517-8ac8-4279045b017e)
[pool-1-thread-3] INFO net.thucydides.core.reports.json.JSONTestOutcomeReporter - Generating JSON report for VIR-243.02 Verify that the several order tracking number can be shown for one order to file /Users/rodionsavchuk/hybrisAutomation/virco-automatedtests/target/site/serenity/962a8661ed130dbc7b367611253983130c921d9ccf15ff013ae776fad79d5178.json (using temp file /Users/rodionsavchuk/hybrisAutomation/virco-automatedtests/target/site/serenity/962a8661ed130dbc7b367611253983130c921d9ccf15ff013ae776fad79d5178.json7510aa36-e75a-4013-be64-cbe6e72bf451)
[pool-1-thread-1] INFO net.thucydides.core.reports.json.JSONTestOutcomeReporter - Generating JSON report for VIR-243.03 Verify that the order delivery status is shown in new window after clicking on tracking number link to file /Users/rodionsavchuk/hybrisAutomation/virco-automatedtests/target/site/serenity/05de3555ce50877d7a68bf12b1c9ce484c460fe5f0202de33af8de7536c5347d.json (using temp file /Users/rodionsavchuk/hybrisAutomation/virco-automatedtests/target/site/serenity/05de3555ce50877d7a68bf12b1c9ce484c460fe5f0202de33af8de7536c5347d.json1f3996e8-3ce3-4f3d-8e9b-b62dfc6c5284)
[pool-1-thread-2] INFO net.thucydides.core.reports.json.JSONTestOutcomeReporter - Generating JSON report for VIR-243.04 Verify that the chief shopper can see the order tracking number for the orders created by to file /Users/rodionsavchuk/hybrisAutomation/virco-automatedtests/target/site/serenity/6679b678bf94497d010ee1d2e4e9da687ae39e591aaeb2628364a7db535048bd.json (using temp file /Users/rodionsavchuk/hybrisAutomation/virco-automatedtests/target/site/serenity/6679b678bf94497d010ee1d2e4e9da687ae39e591aaeb2628364a7db535048bd.jsona339d504-f547-436a-9171-f7f7618219b1)
[pool-1-thread-3] INFO net.thucydides.core.reports.json.JSONTestOutcomeReporter - Generating JSON report for VIR-243.05 Verify that the admin shopper can see the order tracking number for the orders created by to file /Users/rodionsavchuk/hybrisAutomation/virco-automatedtests/target/site/serenity/62c275f127453f29fafc4c2149202cb494bb82c96be65d9c7ffdda17d402d199.json (using temp file /Users/rodionsavchuk/hybrisAutomation/virco-automatedtests/target/site/serenity/62c275f127453f29fafc4c2149202cb494bb82c96be65d9c7ffdda17d402d199.jsond3fc0978-f58b-494f-803f-b5cf5ad013f7)
[pool-1-thread-1] INFO net.thucydides.core.reports.json.JSONTestOutcomeReporter - Generating JSON report for VIR-244.01 Verify that the shopper can see their email address within Email in My Account Menu to file /Users/rodionsavchuk/hybrisAutomation/virco-automatedtests/target/site/serenity/bf8e1443a8f088c9e57e0348c8704fc75e0549ba1f9d96c39d9d0ad3f4b04b32.json (using temp file /Users/rodionsavchuk/hybrisAutomation/virco-automatedtests/target/site/serenity/bf8e1443a8f088c9e57e0348c8704fc75e0549ba1f9d96c39d9d0ad3f4b04b32.json3b1bf8f9-2930-4a27-ae40-d8814377d164)
[pool-1-thread-2] INFO net.thucydides.core.reports.json.JSONTestOutcomeReporter - Generating JSON report for VIR-244.02 Verify that the email address is not editable to file /Users/rodionsavchuk/hybrisAutomation/virco-automatedtests/target/site/serenity/bfc781d1f39529c42f3e2e6163fe397cb7cd1efdb5aea56fac29b0f0f66e1a5e.json (using temp file /Users/rodionsavchuk/hybrisAutomation/virco-automatedtests/target/site/serenity/bfc781d1f39529c42f3e2e6163fe397cb7cd1efdb5aea56fac29b0f0f66e1a5e.json0fd3e98e-d92c-4ac5-9ff3-6cbc294e5ca8)
[pool-1-thread-3] INFO net.thucydides.core.reports.json.JSONTestOutcomeReporter - Generating JSON report for VIR-226.01 Verify that the dropdown list with contracts is shown in the header to file /Users/rodionsavchuk/hybrisAutomation/virco-automatedtests/target/site/serenity/1a7109a2e435410aec76a6616813b89a7a128938fc747b573a8bea77b5dc2e74.json (using temp file /Users/rodionsavchuk/hybrisAutomation/virco-automatedtests/target/site/serenity/1a7109a2e435410aec76a6616813b89a7a128938fc747b573a8bea77b5dc2e74.json9d20d781-0ad5-46d1-8990-b372da255626)
[pool-1-thread-4] INFO net.thucydides.core.reports.json.JSONTestOutcomeReporter - Generating JSON report for VIR-226.02 Verify that the default contract is selected automatically if no other contract is selected to file /Users/rodionsavchuk/hybrisAutomation/virco-automatedtests/target/site/serenity/a1cdc501ba181282011afc75c778ae005a66a25ac465bd9f54fb47cebe8da2b6.json (using temp file /Users/rodionsavchuk/hybrisAutomation/virco-automatedtests/target/site/serenity/a1cdc501ba181282011afc75c778ae005a66a25ac465bd9f54fb47cebe8da2b6.json13bf557c-63bc-4c21-ae7c-00852f9fe599)
[pool-1-thread-3] INFO net.thucydides.core.reports.json.JSONTestOutcomeReporter - Generating JSON report for VIR-226.03 Verify that each customer has their own default contract to file /Users/rodionsavchuk/hybrisAutomation/virco-automatedtests/target/site/serenity/1100df39b069668be73bd3fa061625067d18d2c8d7eb03db90d26ed720e1bad6.json (using temp file /Users/rodionsavchuk/hybrisAutomation/virco-automatedtests/target/site/serenity/1100df39b069668be73bd3fa061625067d18d2c8d7eb03db90d26ed720e1bad6.json4ac7b95d-911f-4c7c-9691-cca0ba788124)
[pool-1-thread-2] INFO net.thucydides.core.reports.json.JSONTestOutcomeReporter - Generating JSON report for VIR-226.04 Verify that the assigned to the shopper contracts (defined at the Ship To level) are shown in the list to file /Users/rodionsavchuk/hybrisAutomation/virco-automatedtests/target/site/serenity/736a6f27c422f3f6d8305a0f397a2adb789d1ed4974f92482a9f738f0fdbbfec.json (using temp file /Users/rodionsavchuk/hybrisAutomation/virco-automatedtests/target/site/serenity/736a6f27c422f3f6d8305a0f397a2adb789d1ed4974f92482a9f738f0fdbbfec.jsonbd33a9de-c06c-4f65-b407-3cb5742e17c6)
[pool-1-thread-2] INFO net.thucydides.core.reports.json.JSONTestOutcomeReporter - Generating JSON report for VIR-226.05 Verify that shopper can change the contract as many times, as they want to file /Users/rodionsavchuk/hybrisAutomation/virco-automatedtests/target/site/serenity/d72154fb388d26ac97bf25cdf1619f4513466127fb36eb261ec18074f0a654cd.json (using temp file /Users/rodionsavchuk/hybrisAutomation/virco-automatedtests/target/site/serenity/d72154fb388d26ac97bf25cdf1619f4513466127fb36eb261ec18074f0a654cd.jsone968ed02-edb5-445c-99da-80f7e109dbe2)
[pool-1-thread-1] INFO net.thucydides.core.reports.json.JSONTestOutcomeReporter - Generating JSON report for VIR-226.06 Verify that if the shopper changed the contract, the prices and product list are updated accordingly to the selected contract to file /Users/rodionsavchuk/hybrisAutomation/virco-automatedtests/target/site/serenity/cb991777f2dcd6cec892aca2a17766a44ff88538bd62762eb06275f337f59188.json (using temp file /Users/rodionsavchuk/hybrisAutomation/virco-automatedtests/target/site/serenity/cb991777f2dcd6cec892aca2a17766a44ff88538bd62762eb06275f337f59188.json33c26217-f565-4a52-ae70-2e86edc5766b)
[pool-1-thread-3] INFO net.thucydides.core.reports.json.JSONTestOutcomeReporter - Generating JSON report for VIR-226.07 Verify that if the contract is changed in customer master, it is changed to the customer without any notification to file /Users/rodionsavchuk/hybrisAutomation/virco-automatedtests/target/site/serenity/97d516a9dd97a3564503058531e457f4fe37c4fa911c4e0a2cd67d9e4f26df95.json (using temp file /Users/rodionsavchuk/hybrisAutomation/virco-automatedtests/target/site/serenity/97d516a9dd97a3564503058531e457f4fe37c4fa911c4e0a2cd67d9e4f26df95.json50a9ebb7-6840-4fa2-8c09-0e4db0adfe0d)
[pool-1-thread-4] INFO net.thucydides.core.reports.json.JSONTestOutcomeReporter - Generating JSON report for VIR-226.08 Verify that the prices shows n/a, if the contract expired and the new one is not selected by shopper to file /Users/rodionsavchuk/hybrisAutomation/virco-automatedtests/target/site/serenity/90eacd21eb1e7e24d79a439ece9e6416daa13b514c337bcef555c498996ee27a.json (using temp file /Users/rodionsavchuk/hybrisAutomation/virco-automatedtests/target/site/serenity/90eacd21eb1e7e24d79a439ece9e6416daa13b514c337bcef555c498996ee27a.jsone93c4095-efb9-4094-89c5-a23364a585af)
[pool-1-thread-1] INFO net.thucydides.core.reports.json.JSONTestOutcomeReporter - Generating JSON report for VIR-246.01 Verify that the shopper can see the saved carts within My Account to file /Users/rodionsavchuk/hybrisAutomation/virco-automatedtests/target/site/serenity/8f924b8e28c6b842e118d033edbc4760c495b83f62c62df3597462885f301c84.json (using temp file /Users/rodionsavchuk/hybrisAutomation/virco-automatedtests/target/site/serenity/8f924b8e28c6b842e118d033edbc4760c495b83f62c62df3597462885f301c84.json39399968-8b84-456f-b912-67cb1705e667)
[pool-1-thread-3] INFO net.thucydides.core.reports.json.JSONTestOutcomeReporter - Generating JSON report for VIR-226.01A Verify that the script switch the contract A to the contract B automatically for bunch of selected customers to file /Users/rodionsavchuk/hybrisAutomation/virco-automatedtests/target/site/serenity/40b3604109cc54897930215a5dff112d2f2a0f9a3f3a7c2ebf97db43a508944d.json (using temp file /Users/rodionsavchuk/hybrisAutomation/virco-automatedtests/target/site/serenity/40b3604109cc54897930215a5dff112d2f2a0f9a3f3a7c2ebf97db43a508944d.json5b158453-5b56-4019-a380-66c66c34c863)
[pool-1-thread-1] INFO net.thucydides.core.reports.json.JSONTestOutcomeReporter - Generating JSON report for VIR-246.02 Remove all from saved carts to file /Users/rodionsavchuk/hybrisAutomation/virco-automatedtests/target/site/serenity/57ad878c80f86f37b436866d9406bfc876bcc2a4fe8f331b75642b3504e58b7f.json (using temp file /Users/rodionsavchuk/hybrisAutomation/virco-automatedtests/target/site/serenity/57ad878c80f86f37b436866d9406bfc876bcc2a4fe8f331b75642b3504e58b7f.jsond3a02d0b-048f-434f-92a4-6d21b7125e51)
[pool-1-thread-2] INFO net.thucydides.core.reports.json.JSONTestOutcomeReporter - Generating JSON report for VIR-246.03 Verify that the saved cart is shown on the saved carts page to file /Users/rodionsavchuk/hybrisAutomation/virco-automatedtests/target/site/serenity/a78cc380adec40d2bde41cc9dd7bf1cd6cc7f6dd92d52beceefba632467fc268.json (using temp file /Users/rodionsavchuk/hybrisAutomation/virco-automatedtests/target/site/serenity/a78cc380adec40d2bde41cc9dd7bf1cd6cc7f6dd92d52beceefba632467fc268.json9dcf6d3e-96a8-44ff-9412-4dbcac0a7156)
[pool-1-thread-4] INFO net.thucydides.core.reports.json.JSONTestOutcomeReporter - Generating JSON report for VIR-246.04 Verify that the products and their selected quantities are shown at the saved cart page to file /Users/rodionsavchuk/hybrisAutomation/virco-automatedtests/target/site/serenity/71d7b3b019de0d80556b2ab92ce7c04958edcacdb5185c7868f851880fce7a8c.json (using temp file /Users/rodionsavchuk/hybrisAutomation/virco-automatedtests/target/site/serenity/71d7b3b019de0d80556b2ab92ce7c04958edcacdb5185c7868f851880fce7a8c.json849d282c-d70f-4c66-84bf-f0505d1c54cd)
[pool-1-thread-3] INFO net.thucydides.core.reports.json.JSONTestOutcomeReporter - Generating JSON report for VIR-246.05 Verify that saved cart can be restored to file /Users/rodionsavchuk/hybrisAutomation/virco-automatedtests/target/site/serenity/ad1c57abe3cc4827685bdae4426a5445264c10ce7dec22879e678adfd3c0c6cb.json (using temp file /Users/rodionsavchuk/hybrisAutomation/virco-automatedtests/target/site/serenity/ad1c57abe3cc4827685bdae4426a5445264c10ce7dec22879e678adfd3c0c6cb.jsonec4d7c5b-c846-4281-ae98-72301caef005)
[pool-1-thread-1] INFO net.thucydides.core.reports.json.JSONTestOutcomeReporter - Generating JSON report for VIR-246.06 Verify that saved cart can be updated to file /Users/rodionsavchuk/hybrisAutomation/virco-automatedtests/target/site/serenity/7220eba5f2eae10da2dd4b065bbaeb5e362fcdf624f7734decc62917e1fdaa2b.json (using temp file /Users/rodionsavchuk/hybrisAutomation/virco-automatedtests/target/site/serenity/7220eba5f2eae10da2dd4b065bbaeb5e362fcdf624f7734decc62917e1fdaa2b.json38ef7372-a38d-4dca-9820-4e46108b940b)
[pool-1-thread-4] INFO net.thucydides.core.reports.json.JSONTestOutcomeReporter - Generating JSON report for VIR-246.07 Verify that saved cart can be removed to file /Users/rodionsavchuk/hybrisAutomation/virco-automatedtests/target/site/serenity/061f516f07433f1a6cec7dbbd7f35884d8c98eda047d9b875d1850373e38237b.json (using temp file /Users/rodionsavchuk/hybrisAutomation/virco-automatedtests/target/site/serenity/061f516f07433f1a6cec7dbbd7f35884d8c98eda047d9b875d1850373e38237b.json396daa6f-9acf-4118-bccb-2f386be8223d)
[pool-1-thread-2] INFO net.thucydides.core.reports.json.JSONTestOutcomeReporter - Generating JSON report for VIR-440.01 The cart q-ty is not based on the item level for the saved carts to file /Users/rodionsavchuk/hybrisAutomation/virco-automatedtests/target/site/serenity/094b9e637c71855896733520bffafcb8ad6030ed7d623ef6ac0130a6fc0c2d53.json (using temp file /Users/rodionsavchuk/hybrisAutomation/virco-automatedtests/target/site/serenity/094b9e637c71855896733520bffafcb8ad6030ed7d623ef6ac0130a6fc0c2d53.jsone1b8c3fa-4afc-4091-9526-9ea755e1c32f)
[pool-1-thread-3] INFO net.thucydides.core.reports.json.JSONTestOutcomeReporter - Generating JSON report for VIR-247.01 Verify that the shopper can see their personal details within My Account to file /Users/rodionsavchuk/hybrisAutomation/virco-automatedtests/target/site/serenity/74c15acd41fcdfbd9ec94e06d76d8942b8816c278890834a38d2d05ac18bd9cb.json (using temp file /Users/rodionsavchuk/hybrisAutomation/virco-automatedtests/target/site/serenity/74c15acd41fcdfbd9ec94e06d76d8942b8816c278890834a38d2d05ac18bd9cb.json72e35527-c6df-45a0-80ba-ee5010cf2cc8)
[pool-1-thread-1] INFO net.thucydides.core.reports.html.HtmlAcceptanceTestReporter - GENERATING HTML REPORT FOR ACT-10 - Order History Date Range:VIR-235.01 Verify that the shopper can view the order history within My Account in 273677580b5ade55ccb470a2e988196811df982925cdbb1ace31e0a5efaabec1.html in directory target/site/serenity  
[pool-1-thread-4] INFO net.thucydides.core.reports.html.HtmlAcceptanceTestReporter - GENERATING HTML REPORT FOR ACT-10 - Order History Date Range:VIR-235.02 Verify that the newest order is shown first in the list in 8840d0acce101c4828203142f8d64f0725d2637a38c8eebef56a7d6a8b899749.html in directory target/site/serenity  
[pool-1-thread-2] INFO net.thucydides.core.reports.html.HtmlAcceptanceTestReporter - GENERATING HTML REPORT FOR ACT-10 - Order History Date Range:VIR-235.03 Verify that the orders can be filtered by in 29922dd92355b657a29ca8ceee8ece530ee19fab8572208c0d42c3104ff16960.html in directory target/site/serenity  
[pool-1-thread-3] INFO net.thucydides.core.reports.html.HtmlAcceptanceTestReporter - GENERATING HTML REPORT FOR ACT-10 - Order History Date Range:VIR-235.04 Verify that the current year view of orders is set by default in 611fe17d9cda8a2f0360fd4a5e0044434a5a44282d734d3f572d018496b6a768.html in directory target/site/serenity  
[pool-1-thread-1] INFO net.thucydides.core.reports.html.HtmlAcceptanceTestReporter - GENERATING HTML REPORT FOR ACT-10 - Order History Date Range:VIR-235.05 Verify that the orders can be sorted by in b3c85d502fdd11d32f7b2c0e62dbb38be0c6f9c593e4d4ccd95adcc5fe60b304.html in directory target/site/serenity  
[pool-1-thread-4] INFO net.thucydides.core.reports.html.HtmlAcceptanceTestReporter - GENERATING HTML REPORT FOR ACT-10 - Order History Date Range:VIR-235.06 Verify that the orders can be grouped by PO# (alpha-numeric) in 69529ca40520069837eb10aa62eb1ab7518abd062932198aaa75ce49a153bdf4.html in directory target/site/serenity  
[pool-1-thread-3] INFO net.thucydides.core.reports.html.HtmlAcceptanceTestReporter - GENERATING HTML REPORT FOR ACT-11 - View Orders - Shopper ECC:VIR-236.01 Verify that the shopper can see the created by him ECC orders withing Orders History in 6e0b05141f32d41efa52a2f8708a010ef30be5406c962e50aa108e52f637ff4f.html in directory target/site/serenity  
[pool-1-thread-1] INFO net.thucydides.core.reports.html.HtmlAcceptanceTestReporter - GENERATING HTML REPORT FOR ACT-11 - View Orders - Shopper ECC:VIR-236.02 Verify that the shopper is able to see the ECC orders details in 06a785ccbf37298662c0a3d0b35aa8a04f4eb296e14af96a2032ecacd8155265.html in directory target/site/serenity  
[pool-1-thread-1] INFO net.thucydides.core.reports.html.HtmlAcceptanceTestReporter - GENERATING HTML REPORT FOR ACT-12 - View Orders - Admin:VIR-237.02 Verify that all orders are shown at the same page in 04c1b88fcf25fa2f1ca595220bf539bd3345daf07b3f5fd975b7cfa258aa1a72.html in directory target/site/serenity  
[pool-1-thread-4] INFO net.thucydides.core.reports.html.HtmlAcceptanceTestReporter - GENERATING HTML REPORT FOR ACT-11 - View Orders - Shopper ECC:VIR-236.03 Verify that shopper is not able to reorder the ECC orders in adad10cc0c0c283641a22aee227822d43a6b04d28868ac5b5b9f65428e2198f1.html in directory target/site/serenity  
[pool-1-thread-3] INFO net.thucydides.core.reports.html.HtmlAcceptanceTestReporter - GENERATING HTML REPORT FOR ACT-12 - View Orders - Admin:VIR-237.01 Verify that the chief shopper is able to view the orders created by others within their organization in 37ec79a1d6a9cc6a2aec4574466f6dcb64dfed35c002fda7b3134b876ab9d490.html in directory target/site/serenity  
[pool-1-thread-3] INFO net.thucydides.core.reports.html.HtmlAcceptanceTestReporter - GENERATING HTML REPORT FOR ACT-13 - Purchase History:VIR-238.02 Verify that the admin shoppers can view orders placed by admin and stuff shoppers within organization in 049e5266696367738227685efc996b610d41e4a9ff2b91176988ad3e5d046577.html in directory target/site/serenity  
[pool-1-thread-4] INFO net.thucydides.core.reports.html.HtmlAcceptanceTestReporter - GENERATING HTML REPORT FOR ACT-14 - Reorder:VIR-239.01 Verify that the shopper can see the Reorder button near each order in the list of orders history in bc5c957c59b8dd4780a20bc8c811eb7cd90739e0aa75b27ef4276f5d16b25e8a.html in directory target/site/serenity  
[pool-1-thread-1] INFO net.thucydides.core.reports.html.HtmlAcceptanceTestReporter - GENERATING HTML REPORT FOR ACT-14 - Reorder:VIR-239.02 Verify that the Reorder button is present at the order details page in 7f2baa53bf21c1609ec69298572380037821566fedb28a9f798f27a38a595463.html in directory target/site/serenity  
[pool-1-thread-2] INFO net.thucydides.core.reports.html.HtmlAcceptanceTestReporter - GENERATING HTML REPORT FOR ACT-13 - Purchase History:VIR-238.01 Verify that the stuff shopper can view orders created by him/her in da20584ac40b990dc291e9ae9cb2facdd86f681d176e5cbf03c9dc84024b2dea.html in directory target/site/serenity  
[pool-1-thread-3] INFO net.thucydides.core.reports.html.HtmlAcceptanceTestReporter - GENERATING HTML REPORT FOR ACT-14 - Reorder:VIR-239.03 Verify that the Reorder button is present only near the orders created by shopper in db5d2cc2cdb477151d79acc5ba80f9970445ac1f4a40c15aea05ceaf9d72ab4c.html in directory target/site/serenity  
[pool-1-thread-4] INFO net.thucydides.core.reports.html.HtmlAcceptanceTestReporter - GENERATING HTML REPORT FOR ACT-14 - Reorder:VIR-239.04 Verify that the new order with the same order details is created after reordering in 86d284f6d52dd7b06703c0e65ed979dc08ab5e91925669335c8db93a482789bd.html in directory target/site/serenity  
[pool-1-thread-2] INFO net.thucydides.core.reports.html.HtmlAcceptanceTestReporter - GENERATING HTML REPORT FOR ACT-14 - Reorder:VIR-239.05 Verify that the Admin can reorder the orders created by him and stuff shoppers in bd0258604ad0a60526916081e6985c7c5319337a9181a074ad5638ad9d781d0d.html in directory target/site/serenity  
[pool-1-thread-3] INFO net.thucydides.core.reports.html.HtmlAcceptanceTestReporter - GENERATING HTML REPORT FOR ACT-14 - Reorder:VIR-239.06 Verify that the Chief can reorder the orders created by him, admin and stuff shoppers in ce484b4c5f4b477729fe56f6574c4b704d459afba8238101689edf60627995fe.html in directory target/site/serenity  
[pool-1-thread-4] INFO net.thucydides.core.reports.html.HtmlAcceptanceTestReporter - GENERATING HTML REPORT FOR ACT-14 - Reorder:VIR-239.07 Verify that the Stuff shopper can reorder the orders created by him\her only in b8018260c31d901f3d8d776ff65116bc168b781e95b8a9f89641bcafaaa081f8.html in directory target/site/serenity  
[pool-1-thread-1] INFO net.thucydides.core.reports.html.HtmlAcceptanceTestReporter - GENERATING HTML REPORT FOR ACT-15 - Customer Management:VIR-240.01 Verify that the following message is shown to the customer if they entered wrong login data at first and second times in 5c983153fe2ebb177f0d9e8b132ca59a6e0ee0ae8654058c47ae107dbb7196e9.html in directory target/site/serenity  
[pool-1-thread-4] INFO net.thucydides.core.reports.html.HtmlAcceptanceTestReporter - GENERATING HTML REPORT FOR ACT-15 - Customer Management:VIR-240.03 Verify that the account is locked automatically after 3 incorrect login attempts in 98702c761630d5e96c1885fc6b7d9edc2d3d9276a61dcb964fb55a77180ac4c4.html in directory target/site/serenity  
[pool-1-thread-3] INFO net.thucydides.core.reports.html.HtmlAcceptanceTestReporter - GENERATING HTML REPORT FOR ACT-15 - Customer Management:VIR-240.02 Verify that the error message is shown to the customer if they entered wrong login data three and more times in feea09e30f98fa20f26d9fa541c867e47262726ef2edae67658e6fe1f69f795b.html in directory target/site/serenity  
[pool-1-thread-2] INFO net.thucydides.core.reports.html.HtmlAcceptanceTestReporter - GENERATING HTML REPORT FOR ACT-15 - Customer Management:VIR-240.04 Verify that the customer can phone via Skype when they click on the phone number from desktop browser in 022ceba0bee1a7e3be70af6fce73e28abbfa02e327dc996b425b971073e81949.html in directory target/site/serenity  
[pool-1-thread-3] INFO net.thucydides.core.reports.html.HtmlAcceptanceTestReporter - GENERATING HTML REPORT FOR ACT-16 - CSR Mass Set Up:VIR-241.02 Verify that the personal details are mapped appropriately in a13f41939905f13645385d57d811c8cdd84a0cbed0caf2a6b3c4f55c28d79c01.html in directory target/site/serenity  
[pool-1-thread-4] INFO net.thucydides.core.reports.html.HtmlAcceptanceTestReporter - GENERATING HTML REPORT FOR ACT-15 - Customer Management:VIR-240.05 Verify that the customer can phone via phone/skype when they click on the phone number from mobile device in 0acf8d5b428f155bb5cd03ead2beee85cb116b173f667ca0d7eddf263c734900.html in directory target/site/serenity  
[pool-1-thread-1] INFO net.thucydides.core.reports.html.HtmlAcceptanceTestReporter - GENERATING HTML REPORT FOR ACT-16 - CSR Mass Set Up:VIR-241.01 Verify that the bunch of customers are created in hybris after running mass setup script in 463850b14992f16a3a2bf3702fcc5975eee58ce459f840ff047b04c2eaef46d1.html in directory target/site/serenity  
[pool-1-thread-2] INFO net.thucydides.core.reports.html.HtmlAcceptanceTestReporter - GENERATING HTML REPORT FOR ACT-16 - CSR Mass Set Up:VIR-241.03 Verify that the data outlined in ID3 are copied into the hybris in 39e10a2762693c36aeb39ffa0694d6429714a5caa78716ad3e3a6dc6f9f35100.html in directory target/site/serenity  
[pool-1-thread-3] INFO net.thucydides.core.reports.html.HtmlAcceptanceTestReporter - GENERATING HTML REPORT FOR ACT-16 - CSR Mass Set Up:VIR-241.04 Verify that just set up customers can log into the system and perform appropriate activities (due to the permissions) in cad527a19b233d2a98237bc580b3e071a577ec5892a5ac544f2f50b81e1edc9a.html in directory target/site/serenity  
[pool-1-thread-4] INFO net.thucydides.core.reports.html.HtmlAcceptanceTestReporter - GENERATING HTML REPORT FOR ACT-17 - My Account View Options:VIR-242.01 Verify that the following sub menu My Account menu has following options in 1276140ef62c6432b71b0f37d8025035d8b303a616dfb579c0464109d19a2074.html in directory target/site/serenity  
[pool-1-thread-1] INFO net.thucydides.core.reports.html.HtmlAcceptanceTestReporter - GENERATING HTML REPORT FOR ACT-18 - Tracking Information:VIR-243.01 Verify that the order tracking number is shown at the Order History and on the Order Details pages in 70b6f3d948299c508f0755eca224d394eabc6d05bab5864a70e0f1b9c6b1e644.html in directory target/site/serenity  
[pool-1-thread-2] INFO net.thucydides.core.reports.html.HtmlAcceptanceTestReporter - GENERATING HTML REPORT FOR ACT-17 - My Account View Options:VIR-242.02 Verify that the shopper is moved to the appropriate page after clicking on the sub-menu option in 28ef021d759f2a4643b61547ae2c5a1b9ce2544b0930e552ce883dc4238eb54c.html in directory target/site/serenity  
[pool-1-thread-3] INFO net.thucydides.core.reports.html.HtmlAcceptanceTestReporter - GENERATING HTML REPORT FOR ACT-18 - Tracking Information:VIR-243.02 Verify that the several order tracking number can be shown for one order in 962a8661ed130dbc7b367611253983130c921d9ccf15ff013ae776fad79d5178.html in directory target/site/serenity  
[pool-1-thread-4] INFO net.thucydides.core.reports.html.HtmlAcceptanceTestReporter - GENERATING HTML REPORT FOR ACT-18 - Tracking Information:VIR-243.03 Verify that the order delivery status is shown in new window after clicking on tracking number link in 05de3555ce50877d7a68bf12b1c9ce484c460fe5f0202de33af8de7536c5347d.html in directory target/site/serenity  
[pool-1-thread-3] INFO net.thucydides.core.reports.html.HtmlAcceptanceTestReporter - GENERATING HTML REPORT FOR ACT-18 - Tracking Information:VIR-243.05 Verify that the admin shopper can see the order tracking number for the orders created by in 62c275f127453f29fafc4c2149202cb494bb82c96be65d9c7ffdda17d402d199.html in directory target/site/serenity  
[pool-1-thread-1] INFO net.thucydides.core.reports.html.HtmlAcceptanceTestReporter - GENERATING HTML REPORT FOR ACT-18 - Tracking Information:VIR-243.04 Verify that the chief shopper can see the order tracking number for the orders created by in 6679b678bf94497d010ee1d2e4e9da687ae39e591aaeb2628364a7db535048bd.html in directory target/site/serenity  
[pool-1-thread-4] INFO net.thucydides.core.reports.html.HtmlAcceptanceTestReporter - GENERATING HTML REPORT FOR ACT-19 - Static Email Address:VIR-244.01 Verify that the shopper can see their email address within Email in My Account Menu in bf8e1443a8f088c9e57e0348c8704fc75e0549ba1f9d96c39d9d0ad3f4b04b32.html in directory target/site/serenity  
[pool-1-thread-1] INFO net.thucydides.core.reports.html.HtmlAcceptanceTestReporter - GENERATING HTML REPORT FOR ACT-1 - Default Contract:VIR-226.01 Verify that the dropdown list with contracts is shown in the header in 1a7109a2e435410aec76a6616813b89a7a128938fc747b573a8bea77b5dc2e74.html in directory target/site/serenity  
[pool-1-thread-3] INFO net.thucydides.core.reports.html.HtmlAcceptanceTestReporter - GENERATING HTML REPORT FOR ACT-19 - Static Email Address:VIR-244.02 Verify that the email address is not editable in bfc781d1f39529c42f3e2e6163fe397cb7cd1efdb5aea56fac29b0f0f66e1a5e.html in directory target/site/serenity  
[pool-1-thread-3] INFO net.thucydides.core.reports.html.HtmlAcceptanceTestReporter - GENERATING HTML REPORT FOR ACT-1 - Default Contract:VIR-226.04 Verify that the assigned to the shopper contracts (defined at the Ship To level) are shown in the list in 736a6f27c422f3f6d8305a0f397a2adb789d1ed4974f92482a9f738f0fdbbfec.html in directory target/site/serenity  
[pool-1-thread-4] INFO net.thucydides.core.reports.html.HtmlAcceptanceTestReporter - GENERATING HTML REPORT FOR ACT-1 - Default Contract:VIR-226.03 Verify that each customer has their own default contract in 1100df39b069668be73bd3fa061625067d18d2c8d7eb03db90d26ed720e1bad6.html in directory target/site/serenity  
[pool-1-thread-1] INFO net.thucydides.core.reports.html.HtmlAcceptanceTestReporter - GENERATING HTML REPORT FOR ACT-1 - Default Contract:VIR-226.02 Verify that the default contract is selected automatically if no other contract is selected in a1cdc501ba181282011afc75c778ae005a66a25ac465bd9f54fb47cebe8da2b6.html in directory target/site/serenity  
[pool-1-thread-4] INFO net.thucydides.core.reports.html.HtmlAcceptanceTestReporter - GENERATING HTML REPORT FOR ACT-1 - Default Contract:VIR-226.05 Verify that shopper can change the contract as many times, as they want in d72154fb388d26ac97bf25cdf1619f4513466127fb36eb261ec18074f0a654cd.html in directory target/site/serenity  
[pool-1-thread-3] INFO net.thucydides.core.reports.html.HtmlAcceptanceTestReporter - GENERATING HTML REPORT FOR ACT-1 - Default Contract:VIR-226.06 Verify that if the shopper changed the contract, the prices and product list are updated accordingly to the selected contract in cb991777f2dcd6cec892aca2a17766a44ff88538bd62762eb06275f337f59188.html in directory target/site/serenity  
[pool-1-thread-1] INFO net.thucydides.core.reports.html.HtmlAcceptanceTestReporter - GENERATING HTML REPORT FOR ACT-1 - Default Contract:VIR-226.07 Verify that if the contract is changed in customer master, it is changed to the customer without any notification in 97d516a9dd97a3564503058531e457f4fe37c4fa911c4e0a2cd67d9e4f26df95.html in directory target/site/serenity  
[pool-1-thread-2] INFO net.thucydides.core.reports.html.HtmlAcceptanceTestReporter - GENERATING HTML REPORT FOR ACT-1 - Default Contract:VIR-226.08 Verify that the prices shows n/a, if the contract expired and the new one is not selected by shopper in 90eacd21eb1e7e24d79a439ece9e6416daa13b514c337bcef555c498996ee27a.html in directory target/site/serenity  
[pool-1-thread-4] INFO net.thucydides.core.reports.html.HtmlAcceptanceTestReporter - GENERATING HTML REPORT FOR ACT-1 - Default Contract:VIR-226.01A Verify that the script switch the contract A to the contract B automatically for bunch of selected customers in 40b3604109cc54897930215a5dff112d2f2a0f9a3f3a7c2ebf97db43a508944d.html in directory target/site/serenity  
[pool-1-thread-3] INFO net.thucydides.core.reports.html.HtmlAcceptanceTestReporter - GENERATING HTML REPORT FOR ACT-21 - View Saved Carts:VIR-246.01 Verify that the shopper can see the saved carts within My Account in 8f924b8e28c6b842e118d033edbc4760c495b83f62c62df3597462885f301c84.html in directory target/site/serenity  
[pool-1-thread-4] INFO net.thucydides.core.reports.html.HtmlAcceptanceTestReporter - GENERATING HTML REPORT FOR ACT-21 - View Saved Carts:VIR-246.03 Verify that the saved cart is shown on the saved carts page in a78cc380adec40d2bde41cc9dd7bf1cd6cc7f6dd92d52beceefba632467fc268.html in directory target/site/serenity  
[pool-1-thread-2] INFO net.thucydides.core.reports.html.HtmlAcceptanceTestReporter - GENERATING HTML REPORT FOR ACT-21 - View Saved Carts:VIR-246.02 Remove all from saved carts in 57ad878c80f86f37b436866d9406bfc876bcc2a4fe8f331b75642b3504e58b7f.html in directory target/site/serenity  
[pool-1-thread-1] INFO net.thucydides.core.reports.html.HtmlAcceptanceTestReporter - GENERATING HTML REPORT FOR ACT-21 - View Saved Carts:VIR-246.04 Verify that the products and their selected quantities are shown at the saved cart page in 71d7b3b019de0d80556b2ab92ce7c04958edcacdb5185c7868f851880fce7a8c.html in directory target/site/serenity  
[pool-1-thread-3] INFO net.thucydides.core.reports.html.HtmlAcceptanceTestReporter - GENERATING HTML REPORT FOR ACT-21 - View Saved Carts:VIR-246.05 Verify that saved cart can be restored in ad1c57abe3cc4827685bdae4426a5445264c10ce7dec22879e678adfd3c0c6cb.html in directory target/site/serenity  
[pool-1-thread-4] INFO net.thucydides.core.reports.html.HtmlAcceptanceTestReporter - GENERATING HTML REPORT FOR ACT-21 - View Saved Carts:VIR-246.06 Verify that saved cart can be updated in 7220eba5f2eae10da2dd4b065bbaeb5e362fcdf624f7734decc62917e1fdaa2b.html in directory target/site/serenity  
[pool-1-thread-2] INFO net.thucydides.core.reports.html.HtmlAcceptanceTestReporter - GENERATING HTML REPORT FOR ACT-21 - View Saved Carts:VIR-246.07 Verify that saved cart can be removed in 061f516f07433f1a6cec7dbbd7f35884d8c98eda047d9b875d1850373e38237b.html in directory target/site/serenity  
[pool-1-thread-1] INFO net.thucydides.core.reports.html.HtmlAcceptanceTestReporter - GENERATING HTML REPORT FOR ACT-22 - View Personal Details:VIR-247.01 Verify that the shopper can see their personal details within My Account in 74c15acd41fcdfbd9ec94e06d76d8942b8816c278890834a38d2d05ac18bd9cb.html in directory target/site/serenity  
[pool-1-thread-3] INFO net.thucydides.core.reports.html.HtmlAcceptanceTestReporter - GENERATING HTML REPORT FOR ACT-21 - View Saved Carts:VIR-440.01 The cart q-ty is not based on the item level for the saved carts in 094b9e637c71855896733520bffafcb8ad6030ed7d623ef6ac0130a6fc0c2d53.html in directory target/site/serenity  
[main] INFO net.serenitybdd.core.Serenity - 
 _____ _____ ____ _____   ____ _____  _    ____ _____ _____ ____  
|_   _| ____/ ___|_   _| / ___|_   _|/ \  |  _ \_   _| ____|  _ \ 
  | | |  _| \___ \ | |   \___ \ | | / _ \ | |_) || | |  _| | | | |
  | | | |___ ___) || |    ___) || |/ ___ \|  _ < | | | |___| |_| |
  |_| |_____|____/ |_|   |____/ |_/_/   \_\_| \_\|_| |_____|____/ 
                                                                  

TEST STARTED: VIR-247.02 Verify that the information is shown on Personal Details page
-------------------------------------------------------------------(act-22---view-personal-details;vir-247.02-verify-that-the-information-is-shown-on-personal-details-page)
[main] INFO net.serenitybdd.core.Serenity - STARTING STEP Given open the site and login
[main] INFO net.serenitybdd.core.Serenity - STARTING STEP Open the site
[main] INFO net.serenitybdd.core.Serenity - STEP ERROR: net.serenitybdd.core.exceptions.SerenityManagedException: Could not initialize class com.virco.locators.SiteData
]]></system-err>
  </testcase>
  <testcase name="Scenario: VIR-247.02 Verify that the information is shown on Personal Details page" classname="Scenario: VIR-247.02 Verify that the information is shown on Personal Details page" time="0.002">
    <error message="Could not initialize class com.virco.locators.SiteData" type="net.serenitybdd.core.exceptions.SerenityManagedException"><![CDATA[net.serenitybdd.core.exceptions.SerenityManagedException: Could not initialize class com.virco.locators.SiteData
	at com.virco.steps.serenity.CommonUserSteps.openTheSite(CommonUserSteps.java:19)
	at com.virco.steps.serenity.CommonUserSteps$$EnhancerByCGLIB$$d8541bfa.CGLIB$openTheSite$6(<generated>)
	at com.virco.steps.serenity.CommonUserSteps$$EnhancerByCGLIB$$d8541bfa$$FastClassByCGLIB$$ea8e0f86.invoke(<generated>)
	at net.sf.cglib.proxy.MethodProxy.invokeSuper(MethodProxy.java:228)
	at net.thucydides.core.steps.StepInterceptor.invokeMethod(StepInterceptor.java:372)
	at net.thucydides.core.steps.StepInterceptor.executeTestStepMethod(StepInterceptor.java:357)
	at net.thucydides.core.steps.StepInterceptor.runTestStep(StepInterceptor.java:332)
	at net.thucydides.core.steps.StepInterceptor.testStepResult(StepInterceptor.java:134)
	at net.thucydides.core.steps.StepInterceptor.intercept(StepInterceptor.java:61)
	at com.virco.steps.serenity.CommonUserSteps$$EnhancerByCGLIB$$d8541bfa.openTheSite(<generated>)
	at com.virco.steps.CommonDefinitionSteps.openTheSiteAndLogin(CommonDefinitionSteps.java:72)
	at sun.reflect.GeneratedMethodAccessor143.invoke(Unknown Source)
	at sun.reflect.DelegatingMethodAccessorImpl.invoke(DelegatingMethodAccessorImpl.java:43)
	at java.lang.reflect.Method.invoke(Method.java:498)
	at cucumber.runtime.Utils$1.call(Utils.java:40)
	at cucumber.runtime.Timeout.timeout(Timeout.java:16)
	at cucumber.runtime.Utils.invoke(Utils.java:34)
	at cucumber.runtime.java.JavaStepDefinition.execute(JavaStepDefinition.java:38)
	at cucumber.runtime.StepDefinitionMatch.runStep(StepDefinitionMatch.java:37)
	at cucumber.runtime.Runtime.runStep(Runtime.java:300)
	at cucumber.runtime.model.StepContainer.runStep(StepContainer.java:44)
	at cucumber.runtime.model.StepContainer.runSteps(StepContainer.java:39)
	at cucumber.runtime.model.CucumberScenario.run(CucumberScenario.java:44)
	at cucumber.runtime.junit.ExecutionUnitRunner.run(ExecutionUnitRunner.java:102)
	at cucumber.runtime.junit.FeatureRunner.runChild(FeatureRunner.java:63)
	at cucumber.runtime.junit.FeatureRunner.runChild(FeatureRunner.java:18)
	at org.junit.runners.ParentRunner$3.run(ParentRunner.java:290)
	at org.junit.runners.ParentRunner$1.schedule(ParentRunner.java:71)
	at org.junit.runners.ParentRunner.runChildren(ParentRunner.java:288)
	at org.junit.runners.ParentRunner.access$000(ParentRunner.java:58)
	at org.junit.runners.ParentRunner$2.evaluate(ParentRunner.java:268)
	at org.junit.runners.ParentRunner.run(ParentRunner.java:363)
	at cucumber.runtime.junit.FeatureRunner.run(FeatureRunner.java:70)
	at cucumber.api.junit.Cucumber.runChild(Cucumber.java:95)
	at cucumber.api.junit.Cucumber.runChild(Cucumber.java:38)
	at org.junit.runners.ParentRunner$3.run(ParentRunner.java:290)
	at org.junit.runners.ParentRunner$1.schedule(ParentRunner.java:71)
	at org.junit.runners.ParentRunner.runChildren(ParentRunner.java:288)
	at org.junit.runners.ParentRunner.access$000(ParentRunner.java:58)
	at org.junit.runners.ParentRunner$2.evaluate(ParentRunner.java:268)
	at org.junit.runners.ParentRunner.run(ParentRunner.java:363)
	at cucumber.api.junit.Cucumber.run(Cucumber.java:100)
	at org.apache.maven.surefire.junit4.JUnit4Provider.execute(JUnit4Provider.java:283)
	at org.apache.maven.surefire.junit4.JUnit4Provider.executeWithRerun(JUnit4Provider.java:173)
	at org.apache.maven.surefire.junit4.JUnit4Provider.executeTestSet(JUnit4Provider.java:153)
	at org.apache.maven.surefire.junit4.JUnit4Provider.invoke(JUnit4Provider.java:128)
	at org.apache.maven.surefire.booter.ForkedBooter.invokeProviderInSameClassLoader(ForkedBooter.java:203)
	at org.apache.maven.surefire.booter.ForkedBooter.runSuitesInProcess(ForkedBooter.java:155)
	at org.apache.maven.surefire.booter.ForkedBooter.main(ForkedBooter.java:103)
]]></error>
  </testcase>
  <testcase name="When click on &quot;My Account&quot; link in header" classname="Scenario: VIR-247.02 Verify that the information is shown on Personal Details page" time="0">
    <skipped/>
    <system-err><![CDATA[[main] INFO net.serenitybdd.core.Serenity - STEP ERROR: java.lang.NoClassDefFoundError: Could not initialize class com.virco.locators.SiteData
[main] INFO net.serenitybdd.core.Serenity - STARTING STEP When click on "My Account" link in header
]]></system-err>
  </testcase>
  <testcase name="When click on &quot;Personal Details&quot; in My Account drop-down" classname="Scenario: VIR-247.02 Verify that the information is shown on Personal Details page" time="0">
    <skipped/>
    <system-err><![CDATA[[main] INFO net.serenitybdd.core.Serenity - IGNORING STEP
[main] INFO net.serenitybdd.core.Serenity - STARTING STEP When click on "Personal Details" in My Account drop-down
]]></system-err>
  </testcase>
  <testcase name="Then the &quot;First Name&quot; field is present" classname="Scenario: VIR-247.02 Verify that the information is shown on Personal Details page" time="0">
    <skipped/>
    <system-err><![CDATA[[main] INFO net.serenitybdd.core.Serenity - IGNORING STEP
[main] INFO net.serenitybdd.core.Serenity - STARTING STEP Then the "First Name" field is present
]]></system-err>
  </testcase>
  <testcase name="Then the &quot;Last Name&quot; field is present" classname="Scenario: VIR-247.02 Verify that the information is shown on Personal Details page" time="0">
    <skipped/>
    <system-err><![CDATA[[main] INFO net.serenitybdd.core.Serenity - IGNORING STEP
[main] INFO net.serenitybdd.core.Serenity - STARTING STEP Then the "Last Name" field is present
]]></system-err>
  </testcase>
  <testcase name="Then the &quot;Phone Number&quot; field is present" classname="Scenario: VIR-247.02 Verify that the information is shown on Personal Details page" time="0">
    <skipped/>
    <system-err><![CDATA[[main] INFO net.serenitybdd.core.Serenity - IGNORING STEP
[main] INFO net.serenitybdd.core.Serenity - STARTING STEP Then the "Phone Number" field is present
]]></system-err>
  </testcase>
  <testcase name="Then the &quot;Mobile Phone Number&quot; field is present" classname="Scenario: VIR-247.02 Verify that the information is shown on Personal Details page" time="0">
    <skipped/>
    <system-err><![CDATA[[main] INFO net.serenitybdd.core.Serenity - IGNORING STEP
[main] INFO net.serenitybdd.core.Serenity - STARTING STEP Then the "Mobile Phone Number" field is present
]]></system-err>
  </testcase>
  <testcase name="Then the &quot;Organization&quot; field is present" classname="Scenario: VIR-247.02 Verify that the information is shown on Personal Details page" time="0">
    <skipped/>
    <system-err><![CDATA[[main] INFO net.serenitybdd.core.Serenity - IGNORING STEP
[main] INFO net.serenitybdd.core.Serenity - STARTING STEP Then the "Organization" field is present
]]></system-err>
  </testcase>
  <testcase name="Then the &quot;Organization&quot; field is present" classname="Scenario: VIR-247.02 Verify that the information is shown on Personal Details page" time="0">
    <skipped/>
    <system-err><![CDATA[[main] INFO net.serenitybdd.core.Serenity - IGNORING STEP
[main] INFO net.serenitybdd.core.Serenity - STARTING STEP Then the "Organization" field is present
]]></system-err>
  </testcase>
  <testcase name="Then the &quot;Type of Company&quot; field is present" classname="Scenario: VIR-247.02 Verify that the information is shown on Personal Details page" time="0">
    <skipped/>
    <system-err><![CDATA[[main] INFO net.serenitybdd.core.Serenity - IGNORING STEP
[main] INFO net.serenitybdd.core.Serenity - STARTING STEP Then the "Type of Company" field is present
]]></system-err>
  </testcase>
  <testcase name="Then the &quot;Title&quot; drop-down is presented" classname="Scenario: VIR-247.02 Verify that the information is shown on Personal Details page" time="0">
    <skipped/>
    <system-err><![CDATA[[main] INFO net.serenitybdd.core.Serenity - IGNORING STEP
[main] INFO net.serenitybdd.core.Serenity - STARTING STEP Then the "Title" drop-down is presented
]]></system-err>
  </testcase>
  <testcase name="Then the &quot;Contact preference&quot; drop-down is presented" classname="Scenario: VIR-247.02 Verify that the information is shown on Personal Details page" time="0">
    <skipped/>
    <system-err><![CDATA[[main] INFO net.serenitybdd.core.Serenity - IGNORING STEP
[main] INFO net.serenitybdd.core.Serenity - STARTING STEP Then the "Contact preference" drop-down is presented
]]></system-err>
  </testcase>
  <testcase name="Given open the site and login" classname="Scenario: VIR-247.03 Verify that the shopper can edit the following personal details" time="0">
    <error message="Could not initialize class com.virco.locators.SiteData" type="net.serenitybdd.core.exceptions.SerenityManagedException"><![CDATA[net.serenitybdd.core.exceptions.SerenityManagedException: Could not initialize class com.virco.locators.SiteData
	at com.virco.steps.serenity.CommonUserSteps.openTheSite(CommonUserSteps.java:19)
	at com.virco.steps.serenity.CommonUserSteps$$EnhancerByCGLIB$$d8541bfa.CGLIB$openTheSite$6(<generated>)
	at com.virco.steps.serenity.CommonUserSteps$$EnhancerByCGLIB$$d8541bfa$$FastClassByCGLIB$$ea8e0f86.invoke(<generated>)
	at net.sf.cglib.proxy.MethodProxy.invokeSuper(MethodProxy.java:228)
	at net.thucydides.core.steps.StepInterceptor.invokeMethod(StepInterceptor.java:372)
	at net.thucydides.core.steps.StepInterceptor.executeTestStepMethod(StepInterceptor.java:357)
	at net.thucydides.core.steps.StepInterceptor.runTestStep(StepInterceptor.java:332)
	at net.thucydides.core.steps.StepInterceptor.testStepResult(StepInterceptor.java:134)
	at net.thucydides.core.steps.StepInterceptor.intercept(StepInterceptor.java:61)
	at com.virco.steps.serenity.CommonUserSteps$$EnhancerByCGLIB$$d8541bfa.openTheSite(<generated>)
	at com.virco.steps.CommonDefinitionSteps.openTheSiteAndLogin(CommonDefinitionSteps.java:72)
	at sun.reflect.GeneratedMethodAccessor143.invoke(Unknown Source)
	at sun.reflect.DelegatingMethodAccessorImpl.invoke(DelegatingMethodAccessorImpl.java:43)
	at java.lang.reflect.Method.invoke(Method.java:498)
	at cucumber.runtime.Utils$1.call(Utils.java:40)
	at cucumber.runtime.Timeout.timeout(Timeout.java:16)
	at cucumber.runtime.Utils.invoke(Utils.java:34)
	at cucumber.runtime.java.JavaStepDefinition.execute(JavaStepDefinition.java:38)
	at cucumber.runtime.StepDefinitionMatch.runStep(StepDefinitionMatch.java:37)
	at cucumber.runtime.Runtime.runStep(Runtime.java:300)
	at cucumber.runtime.model.StepContainer.runStep(StepContainer.java:44)
	at cucumber.runtime.model.StepContainer.runSteps(StepContainer.java:39)
	at cucumber.runtime.model.CucumberScenario.run(CucumberScenario.java:44)
	at cucumber.runtime.junit.ExecutionUnitRunner.run(ExecutionUnitRunner.java:102)
	at cucumber.runtime.junit.FeatureRunner.runChild(FeatureRunner.java:63)
	at cucumber.runtime.junit.FeatureRunner.runChild(FeatureRunner.java:18)
	at org.junit.runners.ParentRunner$3.run(ParentRunner.java:290)
	at org.junit.runners.ParentRunner$1.schedule(ParentRunner.java:71)
	at org.junit.runners.ParentRunner.runChildren(ParentRunner.java:288)
	at org.junit.runners.ParentRunner.access$000(ParentRunner.java:58)
	at org.junit.runners.ParentRunner$2.evaluate(ParentRunner.java:268)
	at org.junit.runners.ParentRunner.run(ParentRunner.java:363)
	at cucumber.runtime.junit.FeatureRunner.run(FeatureRunner.java:70)
	at cucumber.api.junit.Cucumber.runChild(Cucumber.java:95)
	at cucumber.api.junit.Cucumber.runChild(Cucumber.java:38)
	at org.junit.runners.ParentRunner$3.run(ParentRunner.java:290)
	at org.junit.runners.ParentRunner$1.schedule(ParentRunner.java:71)
	at org.junit.runners.ParentRunner.runChildren(ParentRunner.java:288)
	at org.junit.runners.ParentRunner.access$000(ParentRunner.java:58)
	at org.junit.runners.ParentRunner$2.evaluate(ParentRunner.java:268)
	at org.junit.runners.ParentRunner.run(ParentRunner.java:363)
	at cucumber.api.junit.Cucumber.run(Cucumber.java:100)
	at org.apache.maven.surefire.junit4.JUnit4Provider.execute(JUnit4Provider.java:283)
	at org.apache.maven.surefire.junit4.JUnit4Provider.executeWithRerun(JUnit4Provider.java:173)
	at org.apache.maven.surefire.junit4.JUnit4Provider.executeTestSet(JUnit4Provider.java:153)
	at org.apache.maven.surefire.junit4.JUnit4Provider.invoke(JUnit4Provider.java:128)
	at org.apache.maven.surefire.booter.ForkedBooter.invokeProviderInSameClassLoader(ForkedBooter.java:203)
	at org.apache.maven.surefire.booter.ForkedBooter.runSuitesInProcess(ForkedBooter.java:155)
	at org.apache.maven.surefire.booter.ForkedBooter.main(ForkedBooter.java:103)
]]></error>
    <system-err><![CDATA[[main] INFO net.serenitybdd.core.Serenity - IGNORING STEP
[main] ERROR net.serenitybdd.core.Serenity - 
           __  _____ _____ ____ _____   _____ _    ___ _     _____ ____  
  _       / / |_   _| ____/ ___|_   _| |  ___/ \  |_ _| |   | ____|  _ \ 
 (_)_____| |    | | |  _| \___ \ | |   | |_ / _ \  | || |   |  _| | | | |
  _|_____| |    | | | |___ ___) || |   |  _/ ___ \ | || |___| |___| |_| |
 (_)     | |    |_| |_____|____/ |_|   |_|/_/   \_\___|_____|_____|____/ 
          \_\                                                            

TEST FAILED WITH ERROR: VIR-247.02 Verify that the information is shown on Personal Details page
---------------------------------------------------------------------
[main] ERROR net.serenitybdd.core.Serenity - TEST FAILED AT STEP Open the site
[main] ERROR net.serenitybdd.core.Serenity - Could not initialize class com.virco.locators.SiteData
[pool-1-thread-4] INFO net.thucydides.core.reports.json.JSONTestOutcomeReporter - Generating JSON report for VIR-235.01 Verify that the shopper can view the order history within My Account to file /Users/rodionsavchuk/hybrisAutomation/virco-automatedtests/target/site/serenity/273677580b5ade55ccb470a2e988196811df982925cdbb1ace31e0a5efaabec1.json (using temp file /Users/rodionsavchuk/hybrisAutomation/virco-automatedtests/target/site/serenity/273677580b5ade55ccb470a2e988196811df982925cdbb1ace31e0a5efaabec1.jsoncb94a81e-72ac-4a30-89fb-ca9438cd2afb)
[pool-1-thread-2] INFO net.thucydides.core.reports.json.JSONTestOutcomeReporter - Generating JSON report for VIR-235.02 Verify that the newest order is shown first in the list to file /Users/rodionsavchuk/hybrisAutomation/virco-automatedtests/target/site/serenity/8840d0acce101c4828203142f8d64f0725d2637a38c8eebef56a7d6a8b899749.json (using temp file /Users/rodionsavchuk/hybrisAutomation/virco-automatedtests/target/site/serenity/8840d0acce101c4828203142f8d64f0725d2637a38c8eebef56a7d6a8b899749.jsonced25584-7dd7-46b5-ba33-5eac2281835c)
[pool-1-thread-3] INFO net.thucydides.core.reports.json.JSONTestOutcomeReporter - Generating JSON report for VIR-235.03 Verify that the orders can be filtered by to file /Users/rodionsavchuk/hybrisAutomation/virco-automatedtests/target/site/serenity/29922dd92355b657a29ca8ceee8ece530ee19fab8572208c0d42c3104ff16960.json (using temp file /Users/rodionsavchuk/hybrisAutomation/virco-automatedtests/target/site/serenity/29922dd92355b657a29ca8ceee8ece530ee19fab8572208c0d42c3104ff16960.json94dd871f-98d7-4a2c-b841-d1e3bf92635c)
[pool-1-thread-1] INFO net.thucydides.core.reports.json.JSONTestOutcomeReporter - Generating JSON report for VIR-235.04 Verify that the current year view of orders is set by default to file /Users/rodionsavchuk/hybrisAutomation/virco-automatedtests/target/site/serenity/611fe17d9cda8a2f0360fd4a5e0044434a5a44282d734d3f572d018496b6a768.json (using temp file /Users/rodionsavchuk/hybrisAutomation/virco-automatedtests/target/site/serenity/611fe17d9cda8a2f0360fd4a5e0044434a5a44282d734d3f572d018496b6a768.jsona02c9c1b-cf7e-472b-afb4-b6235136bf4c)
[pool-1-thread-4] INFO net.thucydides.core.reports.json.JSONTestOutcomeReporter - Generating JSON report for VIR-235.05 Verify that the orders can be sorted by to file /Users/rodionsavchuk/hybrisAutomation/virco-automatedtests/target/site/serenity/b3c85d502fdd11d32f7b2c0e62dbb38be0c6f9c593e4d4ccd95adcc5fe60b304.json (using temp file /Users/rodionsavchuk/hybrisAutomation/virco-automatedtests/target/site/serenity/b3c85d502fdd11d32f7b2c0e62dbb38be0c6f9c593e4d4ccd95adcc5fe60b304.json06a21e50-f497-42e4-960a-5b1fba069476)
[pool-1-thread-4] INFO net.thucydides.core.reports.json.JSONTestOutcomeReporter - Generating JSON report for VIR-235.06 Verify that the orders can be grouped by PO# (alpha-numeric) to file /Users/rodionsavchuk/hybrisAutomation/virco-automatedtests/target/site/serenity/69529ca40520069837eb10aa62eb1ab7518abd062932198aaa75ce49a153bdf4.json (using temp file /Users/rodionsavchuk/hybrisAutomation/virco-automatedtests/target/site/serenity/69529ca40520069837eb10aa62eb1ab7518abd062932198aaa75ce49a153bdf4.json02add860-32ac-4d23-8008-fb96ced3d8d1)
[pool-1-thread-2] INFO net.thucydides.core.reports.json.JSONTestOutcomeReporter - Generating JSON report for VIR-236.01 Verify that the shopper can see the created by him ECC orders withing Orders History to file /Users/rodionsavchuk/hybrisAutomation/virco-automatedtests/target/site/serenity/6e0b05141f32d41efa52a2f8708a010ef30be5406c962e50aa108e52f637ff4f.json (using temp file /Users/rodionsavchuk/hybrisAutomation/virco-automatedtests/target/site/serenity/6e0b05141f32d41efa52a2f8708a010ef30be5406c962e50aa108e52f637ff4f.json3658e38e-038a-495d-bed9-d4c1ee0d6bc8)
[pool-1-thread-3] INFO net.thucydides.core.reports.json.JSONTestOutcomeReporter - Generating JSON report for VIR-236.02 Verify that the shopper is able to see the ECC orders details to file /Users/rodionsavchuk/hybrisAutomation/virco-automatedtests/target/site/serenity/06a785ccbf37298662c0a3d0b35aa8a04f4eb296e14af96a2032ecacd8155265.json (using temp file /Users/rodionsavchuk/hybrisAutomation/virco-automatedtests/target/site/serenity/06a785ccbf37298662c0a3d0b35aa8a04f4eb296e14af96a2032ecacd8155265.json5bd23198-25d7-4e6e-839e-7837274c11e4)
[pool-1-thread-1] INFO net.thucydides.core.reports.json.JSONTestOutcomeReporter - Generating JSON report for VIR-236.03 Verify that shopper is not able to reorder the ECC orders to file /Users/rodionsavchuk/hybrisAutomation/virco-automatedtests/target/site/serenity/adad10cc0c0c283641a22aee227822d43a6b04d28868ac5b5b9f65428e2198f1.json (using temp file /Users/rodionsavchuk/hybrisAutomation/virco-automatedtests/target/site/serenity/adad10cc0c0c283641a22aee227822d43a6b04d28868ac5b5b9f65428e2198f1.json2053bec2-54bb-42d5-a9c3-2a11039b1127)
[pool-1-thread-3] INFO net.thucydides.core.reports.json.JSONTestOutcomeReporter - Generating JSON report for VIR-237.02 Verify that all orders are shown at the same page to file /Users/rodionsavchuk/hybrisAutomation/virco-automatedtests/target/site/serenity/04c1b88fcf25fa2f1ca595220bf539bd3345daf07b3f5fd975b7cfa258aa1a72.json (using temp file /Users/rodionsavchuk/hybrisAutomation/virco-automatedtests/target/site/serenity/04c1b88fcf25fa2f1ca595220bf539bd3345daf07b3f5fd975b7cfa258aa1a72.json088d6291-9cc1-4bb1-a881-41c27b8c0a58)
[pool-1-thread-2] INFO net.thucydides.core.reports.json.JSONTestOutcomeReporter - Generating JSON report for VIR-237.01 Verify that the chief shopper is able to view the orders created by others within their organization to file /Users/rodionsavchuk/hybrisAutomation/virco-automatedtests/target/site/serenity/37ec79a1d6a9cc6a2aec4574466f6dcb64dfed35c002fda7b3134b876ab9d490.json (using temp file /Users/rodionsavchuk/hybrisAutomation/virco-automatedtests/target/site/serenity/37ec79a1d6a9cc6a2aec4574466f6dcb64dfed35c002fda7b3134b876ab9d490.jsoncd933de8-e436-4e5e-825c-a2923ceaaee3)
[pool-1-thread-4] INFO net.thucydides.core.reports.json.JSONTestOutcomeReporter - Generating JSON report for VIR-238.01 Verify that the stuff shopper can view orders created by him/her to file /Users/rodionsavchuk/hybrisAutomation/virco-automatedtests/target/site/serenity/da20584ac40b990dc291e9ae9cb2facdd86f681d176e5cbf03c9dc84024b2dea.json (using temp file /Users/rodionsavchuk/hybrisAutomation/virco-automatedtests/target/site/serenity/da20584ac40b990dc291e9ae9cb2facdd86f681d176e5cbf03c9dc84024b2dea.json8634007c-2aa6-4862-8ef8-e1781e6685c4)
[pool-1-thread-1] INFO net.thucydides.core.reports.json.JSONTestOutcomeReporter - Generating JSON report for VIR-238.02 Verify that the admin shoppers can view orders placed by admin and stuff shoppers within organization to file /Users/rodionsavchuk/hybrisAutomation/virco-automatedtests/target/site/serenity/049e5266696367738227685efc996b610d41e4a9ff2b91176988ad3e5d046577.json (using temp file /Users/rodionsavchuk/hybrisAutomation/virco-automatedtests/target/site/serenity/049e5266696367738227685efc996b610d41e4a9ff2b91176988ad3e5d046577.json5432331b-8c6d-4dcb-8f27-3e3621aaca1e)
[pool-1-thread-2] INFO net.thucydides.core.reports.json.JSONTestOutcomeReporter - Generating JSON report for VIR-239.01 Verify that the shopper can see the Reorder button near each order in the list of orders history to file /Users/rodionsavchuk/hybrisAutomation/virco-automatedtests/target/site/serenity/bc5c957c59b8dd4780a20bc8c811eb7cd90739e0aa75b27ef4276f5d16b25e8a.json (using temp file /Users/rodionsavchuk/hybrisAutomation/virco-automatedtests/target/site/serenity/bc5c957c59b8dd4780a20bc8c811eb7cd90739e0aa75b27ef4276f5d16b25e8a.json0b2714cd-a1b8-469d-b9ad-f1c41cc5b518)
[pool-1-thread-3] INFO net.thucydides.core.reports.json.JSONTestOutcomeReporter - Generating JSON report for VIR-239.02 Verify that the Reorder button is present at the order details page to file /Users/rodionsavchuk/hybrisAutomation/virco-automatedtests/target/site/serenity/7f2baa53bf21c1609ec69298572380037821566fedb28a9f798f27a38a595463.json (using temp file /Users/rodionsavchuk/hybrisAutomation/virco-automatedtests/target/site/serenity/7f2baa53bf21c1609ec69298572380037821566fedb28a9f798f27a38a595463.jsonf9e682d3-5bef-41dc-ac39-766a43fc7429)
[pool-1-thread-3] INFO net.thucydides.core.reports.json.JSONTestOutcomeReporter - Generating JSON report for VIR-239.03 Verify that the Reorder button is present only near the orders created by shopper to file /Users/rodionsavchuk/hybrisAutomation/virco-automatedtests/target/site/serenity/db5d2cc2cdb477151d79acc5ba80f9970445ac1f4a40c15aea05ceaf9d72ab4c.json (using temp file /Users/rodionsavchuk/hybrisAutomation/virco-automatedtests/target/site/serenity/db5d2cc2cdb477151d79acc5ba80f9970445ac1f4a40c15aea05ceaf9d72ab4c.jsonadb1a1cf-07a9-4359-b028-a5f32c013aac)
[pool-1-thread-2] INFO net.thucydides.core.reports.json.JSONTestOutcomeReporter - Generating JSON report for VIR-239.04 Verify that the new order with the same order details is created after reordering to file /Users/rodionsavchuk/hybrisAutomation/virco-automatedtests/target/site/serenity/86d284f6d52dd7b06703c0e65ed979dc08ab5e91925669335c8db93a482789bd.json (using temp file /Users/rodionsavchuk/hybrisAutomation/virco-automatedtests/target/site/serenity/86d284f6d52dd7b06703c0e65ed979dc08ab5e91925669335c8db93a482789bd.jsonecf04df3-c608-4d6f-aa0f-3aa07c27235a)
[pool-1-thread-4] INFO net.thucydides.core.reports.json.JSONTestOutcomeReporter - Generating JSON report for VIR-239.05 Verify that the Admin can reorder the orders created by him and stuff shoppers to file /Users/rodionsavchuk/hybrisAutomation/virco-automatedtests/target/site/serenity/bd0258604ad0a60526916081e6985c7c5319337a9181a074ad5638ad9d781d0d.json (using temp file /Users/rodionsavchuk/hybrisAutomation/virco-automatedtests/target/site/serenity/bd0258604ad0a60526916081e6985c7c5319337a9181a074ad5638ad9d781d0d.json25facab8-d6ac-4260-b656-315fc2f4ba94)
[pool-1-thread-3] INFO net.thucydides.core.reports.json.JSONTestOutcomeReporter - Generating JSON report for VIR-239.07 Verify that the Stuff shopper can reorder the orders created by him\her only to file /Users/rodionsavchuk/hybrisAutomation/virco-automatedtests/target/site/serenity/b8018260c31d901f3d8d776ff65116bc168b781e95b8a9f89641bcafaaa081f8.json (using temp file /Users/rodionsavchuk/hybrisAutomation/virco-automatedtests/target/site/serenity/b8018260c31d901f3d8d776ff65116bc168b781e95b8a9f89641bcafaaa081f8.json863cda51-62fd-48c7-aa4f-cf8f75927e54)
[pool-1-thread-1] INFO net.thucydides.core.reports.json.JSONTestOutcomeReporter - Generating JSON report for VIR-239.06 Verify that the Chief can reorder the orders created by him, admin and stuff shoppers to file /Users/rodionsavchuk/hybrisAutomation/virco-automatedtests/target/site/serenity/ce484b4c5f4b477729fe56f6574c4b704d459afba8238101689edf60627995fe.json (using temp file /Users/rodionsavchuk/hybrisAutomation/virco-automatedtests/target/site/serenity/ce484b4c5f4b477729fe56f6574c4b704d459afba8238101689edf60627995fe.jsonede3d8d8-741f-4461-8b3e-4828c3e44791)
[pool-1-thread-2] INFO net.thucydides.core.reports.json.JSONTestOutcomeReporter - Generating JSON report for VIR-240.01 Verify that the following message is shown to the customer if they entered wrong login data at first and second times to file /Users/rodionsavchuk/hybrisAutomation/virco-automatedtests/target/site/serenity/5c983153fe2ebb177f0d9e8b132ca59a6e0ee0ae8654058c47ae107dbb7196e9.json (using temp file /Users/rodionsavchuk/hybrisAutomation/virco-automatedtests/target/site/serenity/5c983153fe2ebb177f0d9e8b132ca59a6e0ee0ae8654058c47ae107dbb7196e9.jsond7ba1d62-6c3d-4715-b1f9-d0e04389bf6f)
[pool-1-thread-3] INFO net.thucydides.core.reports.json.JSONTestOutcomeReporter - Generating JSON report for VIR-240.02 Verify that the error message is shown to the customer if they entered wrong login data three and more times to file /Users/rodionsavchuk/hybrisAutomation/virco-automatedtests/target/site/serenity/feea09e30f98fa20f26d9fa541c867e47262726ef2edae67658e6fe1f69f795b.json (using temp file /Users/rodionsavchuk/hybrisAutomation/virco-automatedtests/target/site/serenity/feea09e30f98fa20f26d9fa541c867e47262726ef2edae67658e6fe1f69f795b.json89b067a9-9311-498d-aca5-6eab39d336e8)
[pool-1-thread-1] INFO net.thucydides.core.reports.json.JSONTestOutcomeReporter - Generating JSON report for VIR-240.03 Verify that the account is locked automatically after 3 incorrect login attempts to file /Users/rodionsavchuk/hybrisAutomation/virco-automatedtests/target/site/serenity/98702c761630d5e96c1885fc6b7d9edc2d3d9276a61dcb964fb55a77180ac4c4.json (using temp file /Users/rodionsavchuk/hybrisAutomation/virco-automatedtests/target/site/serenity/98702c761630d5e96c1885fc6b7d9edc2d3d9276a61dcb964fb55a77180ac4c4.json2e59f3ec-65d4-4ed1-a37a-79bc9c4bd5b8)
[pool-1-thread-4] INFO net.thucydides.core.reports.json.JSONTestOutcomeReporter - Generating JSON report for VIR-240.04 Verify that the customer can phone via Skype when they click on the phone number from desktop browser to file /Users/rodionsavchuk/hybrisAutomation/virco-automatedtests/target/site/serenity/022ceba0bee1a7e3be70af6fce73e28abbfa02e327dc996b425b971073e81949.json (using temp file /Users/rodionsavchuk/hybrisAutomation/virco-automatedtests/target/site/serenity/022ceba0bee1a7e3be70af6fce73e28abbfa02e327dc996b425b971073e81949.json3e9ff313-db44-4360-9d87-3d2d03174356)
[pool-1-thread-3] INFO net.thucydides.core.reports.json.JSONTestOutcomeReporter - Generating JSON report for VIR-240.05 Verify that the customer can phone via phone/skype when they click on the phone number from mobile device to file /Users/rodionsavchuk/hybrisAutomation/virco-automatedtests/target/site/serenity/0acf8d5b428f155bb5cd03ead2beee85cb116b173f667ca0d7eddf263c734900.json (using temp file /Users/rodionsavchuk/hybrisAutomation/virco-automatedtests/target/site/serenity/0acf8d5b428f155bb5cd03ead2beee85cb116b173f667ca0d7eddf263c734900.json7122f47f-d63c-4fd0-8749-bf13283b7f02)
[pool-1-thread-4] INFO net.thucydides.core.reports.json.JSONTestOutcomeReporter - Generating JSON report for VIR-241.01 Verify that the bunch of customers are created in hybris after running mass setup script to file /Users/rodionsavchuk/hybrisAutomation/virco-automatedtests/target/site/serenity/463850b14992f16a3a2bf3702fcc5975eee58ce459f840ff047b04c2eaef46d1.json (using temp file /Users/rodionsavchuk/hybrisAutomation/virco-automatedtests/target/site/serenity/463850b14992f16a3a2bf3702fcc5975eee58ce459f840ff047b04c2eaef46d1.jsonb6549d79-f3d0-40f1-9964-839fe8f02a4e)
[pool-1-thread-2] INFO net.thucydides.core.reports.json.JSONTestOutcomeReporter - Generating JSON report for VIR-241.03 Verify that the data outlined in ID3 are copied into the hybris to file /Users/rodionsavchuk/hybrisAutomation/virco-automatedtests/target/site/serenity/39e10a2762693c36aeb39ffa0694d6429714a5caa78716ad3e3a6dc6f9f35100.json (using temp file /Users/rodionsavchuk/hybrisAutomation/virco-automatedtests/target/site/serenity/39e10a2762693c36aeb39ffa0694d6429714a5caa78716ad3e3a6dc6f9f35100.jsonfa1d5a51-dab5-4da4-992f-9bbec7931e96)
[pool-1-thread-1] INFO net.thucydides.core.reports.json.JSONTestOutcomeReporter - Generating JSON report for VIR-241.02 Verify that the personal details are mapped appropriately to file /Users/rodionsavchuk/hybrisAutomation/virco-automatedtests/target/site/serenity/a13f41939905f13645385d57d811c8cdd84a0cbed0caf2a6b3c4f55c28d79c01.json (using temp file /Users/rodionsavchuk/hybrisAutomation/virco-automatedtests/target/site/serenity/a13f41939905f13645385d57d811c8cdd84a0cbed0caf2a6b3c4f55c28d79c01.json72c527b7-42c7-4e3e-8691-17447ef7da45)
[pool-1-thread-3] INFO net.thucydides.core.reports.json.JSONTestOutcomeReporter - Generating JSON report for VIR-242.01 Verify that the following sub menu My Account menu has following options to file /Users/rodionsavchuk/hybrisAutomation/virco-automatedtests/target/site/serenity/1276140ef62c6432b71b0f37d8025035d8b303a616dfb579c0464109d19a2074.json (using temp file /Users/rodionsavchuk/hybrisAutomation/virco-automatedtests/target/site/serenity/1276140ef62c6432b71b0f37d8025035d8b303a616dfb579c0464109d19a2074.json808c5467-8b33-4e0c-9617-9117c610bf5b)
[pool-1-thread-4] INFO net.thucydides.core.reports.json.JSONTestOutcomeReporter - Generating JSON report for VIR-241.04 Verify that just set up customers can log into the system and perform appropriate activities (due to the permissions) to file /Users/rodionsavchuk/hybrisAutomation/virco-automatedtests/target/site/serenity/cad527a19b233d2a98237bc580b3e071a577ec5892a5ac544f2f50b81e1edc9a.json (using temp file /Users/rodionsavchuk/hybrisAutomation/virco-automatedtests/target/site/serenity/cad527a19b233d2a98237bc580b3e071a577ec5892a5ac544f2f50b81e1edc9a.json26bd9cea-f3ef-4211-8a5d-faa9e641248b)
[pool-1-thread-1] INFO net.thucydides.core.reports.json.JSONTestOutcomeReporter - Generating JSON report for VIR-243.01 Verify that the order tracking number is shown at the Order History and on the Order Details pages to file /Users/rodionsavchuk/hybrisAutomation/virco-automatedtests/target/site/serenity/70b6f3d948299c508f0755eca224d394eabc6d05bab5864a70e0f1b9c6b1e644.json (using temp file /Users/rodionsavchuk/hybrisAutomation/virco-automatedtests/target/site/serenity/70b6f3d948299c508f0755eca224d394eabc6d05bab5864a70e0f1b9c6b1e644.json7cda0c47-ca5e-4c81-b238-4ef8f62e8c25)
[pool-1-thread-2] INFO net.thucydides.core.reports.json.JSONTestOutcomeReporter - Generating JSON report for VIR-242.02 Verify that the shopper is moved to the appropriate page after clicking on the sub-menu option to file /Users/rodionsavchuk/hybrisAutomation/virco-automatedtests/target/site/serenity/28ef021d759f2a4643b61547ae2c5a1b9ce2544b0930e552ce883dc4238eb54c.json (using temp file /Users/rodionsavchuk/hybrisAutomation/virco-automatedtests/target/site/serenity/28ef021d759f2a4643b61547ae2c5a1b9ce2544b0930e552ce883dc4238eb54c.jsonda5b6c2d-bda4-4085-ae78-7a36c13b7bc7)
[pool-1-thread-4] INFO net.thucydides.core.reports.json.JSONTestOutcomeReporter - Generating JSON report for VIR-243.02 Verify that the several order tracking number can be shown for one order to file /Users/rodionsavchuk/hybrisAutomation/virco-automatedtests/target/site/serenity/962a8661ed130dbc7b367611253983130c921d9ccf15ff013ae776fad79d5178.json (using temp file /Users/rodionsavchuk/hybrisAutomation/virco-automatedtests/target/site/serenity/962a8661ed130dbc7b367611253983130c921d9ccf15ff013ae776fad79d5178.jsonb9630f66-20c1-4479-ba2c-be44d5f0422c)
[pool-1-thread-1] INFO net.thucydides.core.reports.json.JSONTestOutcomeReporter - Generating JSON report for VIR-243.03 Verify that the order delivery status is shown in new window after clicking on tracking number link to file /Users/rodionsavchuk/hybrisAutomation/virco-automatedtests/target/site/serenity/05de3555ce50877d7a68bf12b1c9ce484c460fe5f0202de33af8de7536c5347d.json (using temp file /Users/rodionsavchuk/hybrisAutomation/virco-automatedtests/target/site/serenity/05de3555ce50877d7a68bf12b1c9ce484c460fe5f0202de33af8de7536c5347d.json2a01b613-f4f7-4532-8588-61181dd5af82)
[pool-1-thread-4] INFO net.thucydides.core.reports.json.JSONTestOutcomeReporter - Generating JSON report for VIR-243.04 Verify that the chief shopper can see the order tracking number for the orders created by to file /Users/rodionsavchuk/hybrisAutomation/virco-automatedtests/target/site/serenity/6679b678bf94497d010ee1d2e4e9da687ae39e591aaeb2628364a7db535048bd.json (using temp file /Users/rodionsavchuk/hybrisAutomation/virco-automatedtests/target/site/serenity/6679b678bf94497d010ee1d2e4e9da687ae39e591aaeb2628364a7db535048bd.json2b3a78e4-e7cb-4247-a24c-568c7f236adb)
[pool-1-thread-3] INFO net.thucydides.core.reports.json.JSONTestOutcomeReporter - Generating JSON report for VIR-243.05 Verify that the admin shopper can see the order tracking number for the orders created by to file /Users/rodionsavchuk/hybrisAutomation/virco-automatedtests/target/site/serenity/62c275f127453f29fafc4c2149202cb494bb82c96be65d9c7ffdda17d402d199.json (using temp file /Users/rodionsavchuk/hybrisAutomation/virco-automatedtests/target/site/serenity/62c275f127453f29fafc4c2149202cb494bb82c96be65d9c7ffdda17d402d199.jsonf3e7b36a-0cfa-4978-8dc2-b65802661d6c)
[pool-1-thread-1] INFO net.thucydides.core.reports.json.JSONTestOutcomeReporter - Generating JSON report for VIR-244.01 Verify that the shopper can see their email address within Email in My Account Menu to file /Users/rodionsavchuk/hybrisAutomation/virco-automatedtests/target/site/serenity/bf8e1443a8f088c9e57e0348c8704fc75e0549ba1f9d96c39d9d0ad3f4b04b32.json (using temp file /Users/rodionsavchuk/hybrisAutomation/virco-automatedtests/target/site/serenity/bf8e1443a8f088c9e57e0348c8704fc75e0549ba1f9d96c39d9d0ad3f4b04b32.jsone29d29e6-41ea-4ada-a939-41b6a7f82bdd)
[pool-1-thread-2] INFO net.thucydides.core.reports.json.JSONTestOutcomeReporter - Generating JSON report for VIR-244.02 Verify that the email address is not editable to file /Users/rodionsavchuk/hybrisAutomation/virco-automatedtests/target/site/serenity/bfc781d1f39529c42f3e2e6163fe397cb7cd1efdb5aea56fac29b0f0f66e1a5e.json (using temp file /Users/rodionsavchuk/hybrisAutomation/virco-automatedtests/target/site/serenity/bfc781d1f39529c42f3e2e6163fe397cb7cd1efdb5aea56fac29b0f0f66e1a5e.json8b1e0f13-a3ff-456c-b500-1426b17f67d2)
[pool-1-thread-3] INFO net.thucydides.core.reports.json.JSONTestOutcomeReporter - Generating JSON report for VIR-226.01 Verify that the dropdown list with contracts is shown in the header to file /Users/rodionsavchuk/hybrisAutomation/virco-automatedtests/target/site/serenity/1a7109a2e435410aec76a6616813b89a7a128938fc747b573a8bea77b5dc2e74.json (using temp file /Users/rodionsavchuk/hybrisAutomation/virco-automatedtests/target/site/serenity/1a7109a2e435410aec76a6616813b89a7a128938fc747b573a8bea77b5dc2e74.jsonbca3268b-e69d-4919-93b8-535bf4d929b5)
[pool-1-thread-4] INFO net.thucydides.core.reports.json.JSONTestOutcomeReporter - Generating JSON report for VIR-226.02 Verify that the default contract is selected automatically if no other contract is selected to file /Users/rodionsavchuk/hybrisAutomation/virco-automatedtests/target/site/serenity/a1cdc501ba181282011afc75c778ae005a66a25ac465bd9f54fb47cebe8da2b6.json (using temp file /Users/rodionsavchuk/hybrisAutomation/virco-automatedtests/target/site/serenity/a1cdc501ba181282011afc75c778ae005a66a25ac465bd9f54fb47cebe8da2b6.json9b5ae73c-3078-4fae-b37c-f9fdaa905a4a)
[pool-1-thread-2] INFO net.thucydides.core.reports.json.JSONTestOutcomeReporter - Generating JSON report for VIR-226.03 Verify that each customer has their own default contract to file /Users/rodionsavchuk/hybrisAutomation/virco-automatedtests/target/site/serenity/1100df39b069668be73bd3fa061625067d18d2c8d7eb03db90d26ed720e1bad6.json (using temp file /Users/rodionsavchuk/hybrisAutomation/virco-automatedtests/target/site/serenity/1100df39b069668be73bd3fa061625067d18d2c8d7eb03db90d26ed720e1bad6.jsoncf69b610-fdc0-40eb-a2e9-cf9706163d24)
[pool-1-thread-4] INFO net.thucydides.core.reports.json.JSONTestOutcomeReporter - Generating JSON report for VIR-226.04 Verify that the assigned to the shopper contracts (defined at the Ship To level) are shown in the list to file /Users/rodionsavchuk/hybrisAutomation/virco-automatedtests/target/site/serenity/736a6f27c422f3f6d8305a0f397a2adb789d1ed4974f92482a9f738f0fdbbfec.json (using temp file /Users/rodionsavchuk/hybrisAutomation/virco-automatedtests/target/site/serenity/736a6f27c422f3f6d8305a0f397a2adb789d1ed4974f92482a9f738f0fdbbfec.jsond7c1f2f3-7a69-478e-8d98-d671a3563aa6)
[pool-1-thread-3] INFO net.thucydides.core.reports.json.JSONTestOutcomeReporter - Generating JSON report for VIR-226.05 Verify that shopper can change the contract as many times, as they want to file /Users/rodionsavchuk/hybrisAutomation/virco-automatedtests/target/site/serenity/d72154fb388d26ac97bf25cdf1619f4513466127fb36eb261ec18074f0a654cd.json (using temp file /Users/rodionsavchuk/hybrisAutomation/virco-automatedtests/target/site/serenity/d72154fb388d26ac97bf25cdf1619f4513466127fb36eb261ec18074f0a654cd.json9b409d3d-f360-4215-9e41-19b54cb1abb9)
[pool-1-thread-1] INFO net.thucydides.core.reports.json.JSONTestOutcomeReporter - Generating JSON report for VIR-226.06 Verify that if the shopper changed the contract, the prices and product list are updated accordingly to the selected contract to file /Users/rodionsavchuk/hybrisAutomation/virco-automatedtests/target/site/serenity/cb991777f2dcd6cec892aca2a17766a44ff88538bd62762eb06275f337f59188.json (using temp file /Users/rodionsavchuk/hybrisAutomation/virco-automatedtests/target/site/serenity/cb991777f2dcd6cec892aca2a17766a44ff88538bd62762eb06275f337f59188.jsond9034f42-192d-4af9-bc3f-7ee9b95a5f04)
[pool-1-thread-4] INFO net.thucydides.core.reports.json.JSONTestOutcomeReporter - Generating JSON report for VIR-226.07 Verify that if the contract is changed in customer master, it is changed to the customer without any notification to file /Users/rodionsavchuk/hybrisAutomation/virco-automatedtests/target/site/serenity/97d516a9dd97a3564503058531e457f4fe37c4fa911c4e0a2cd67d9e4f26df95.json (using temp file /Users/rodionsavchuk/hybrisAutomation/virco-automatedtests/target/site/serenity/97d516a9dd97a3564503058531e457f4fe37c4fa911c4e0a2cd67d9e4f26df95.jsonbb589e99-e3d5-41b3-873a-6036d1a9c3cd)
[pool-1-thread-2] INFO net.thucydides.core.reports.json.JSONTestOutcomeReporter - Generating JSON report for VIR-226.08 Verify that the prices shows n/a, if the contract expired and the new one is not selected by shopper to file /Users/rodionsavchuk/hybrisAutomation/virco-automatedtests/target/site/serenity/90eacd21eb1e7e24d79a439ece9e6416daa13b514c337bcef555c498996ee27a.json (using temp file /Users/rodionsavchuk/hybrisAutomation/virco-automatedtests/target/site/serenity/90eacd21eb1e7e24d79a439ece9e6416daa13b514c337bcef555c498996ee27a.json7bbc894c-2ad1-4b36-995a-2b4d5d30cb3e)
[pool-1-thread-3] INFO net.thucydides.core.reports.json.JSONTestOutcomeReporter - Generating JSON report for VIR-226.01A Verify that the script switch the contract A to the contract B automatically for bunch of selected customers to file /Users/rodionsavchuk/hybrisAutomation/virco-automatedtests/target/site/serenity/40b3604109cc54897930215a5dff112d2f2a0f9a3f3a7c2ebf97db43a508944d.json (using temp file /Users/rodionsavchuk/hybrisAutomation/virco-automatedtests/target/site/serenity/40b3604109cc54897930215a5dff112d2f2a0f9a3f3a7c2ebf97db43a508944d.json48b8af8a-16a1-459c-bb70-32f4c2b6d2f0)
[pool-1-thread-4] INFO net.thucydides.core.reports.json.JSONTestOutcomeReporter - Generating JSON report for VIR-246.01 Verify that the shopper can see the saved carts within My Account to file /Users/rodionsavchuk/hybrisAutomation/virco-automatedtests/target/site/serenity/8f924b8e28c6b842e118d033edbc4760c495b83f62c62df3597462885f301c84.json (using temp file /Users/rodionsavchuk/hybrisAutomation/virco-automatedtests/target/site/serenity/8f924b8e28c6b842e118d033edbc4760c495b83f62c62df3597462885f301c84.jsonb81d5502-4531-4e10-bd01-87bf1efbed9b)
[pool-1-thread-3] INFO net.thucydides.core.reports.json.JSONTestOutcomeReporter - Generating JSON report for VIR-246.02 Remove all from saved carts to file /Users/rodionsavchuk/hybrisAutomation/virco-automatedtests/target/site/serenity/57ad878c80f86f37b436866d9406bfc876bcc2a4fe8f331b75642b3504e58b7f.json (using temp file /Users/rodionsavchuk/hybrisAutomation/virco-automatedtests/target/site/serenity/57ad878c80f86f37b436866d9406bfc876bcc2a4fe8f331b75642b3504e58b7f.json34c46289-0633-498e-9298-220abd308daf)
[pool-1-thread-1] INFO net.thucydides.core.reports.json.JSONTestOutcomeReporter - Generating JSON report for VIR-246.03 Verify that the saved cart is shown on the saved carts page to file /Users/rodionsavchuk/hybrisAutomation/virco-automatedtests/target/site/serenity/a78cc380adec40d2bde41cc9dd7bf1cd6cc7f6dd92d52beceefba632467fc268.json (using temp file /Users/rodionsavchuk/hybrisAutomation/virco-automatedtests/target/site/serenity/a78cc380adec40d2bde41cc9dd7bf1cd6cc7f6dd92d52beceefba632467fc268.json8f21be03-7f21-4aea-b7df-17e0cda440a4)
[pool-1-thread-2] INFO net.thucydides.core.reports.json.JSONTestOutcomeReporter - Generating JSON report for VIR-246.04 Verify that the products and their selected quantities are shown at the saved cart page to file /Users/rodionsavchuk/hybrisAutomation/virco-automatedtests/target/site/serenity/71d7b3b019de0d80556b2ab92ce7c04958edcacdb5185c7868f851880fce7a8c.json (using temp file /Users/rodionsavchuk/hybrisAutomation/virco-automatedtests/target/site/serenity/71d7b3b019de0d80556b2ab92ce7c04958edcacdb5185c7868f851880fce7a8c.json64920ff4-e87e-4ec6-b0b2-53f748fb6fad)
[pool-1-thread-4] INFO net.thucydides.core.reports.json.JSONTestOutcomeReporter - Generating JSON report for VIR-246.05 Verify that saved cart can be restored to file /Users/rodionsavchuk/hybrisAutomation/virco-automatedtests/target/site/serenity/ad1c57abe3cc4827685bdae4426a5445264c10ce7dec22879e678adfd3c0c6cb.json (using temp file /Users/rodionsavchuk/hybrisAutomation/virco-automatedtests/target/site/serenity/ad1c57abe3cc4827685bdae4426a5445264c10ce7dec22879e678adfd3c0c6cb.jsonef31f6ce-f2b0-4c3d-bb10-11fd2774baf9)
[pool-1-thread-3] INFO net.thucydides.core.reports.json.JSONTestOutcomeReporter - Generating JSON report for VIR-246.06 Verify that saved cart can be updated to file /Users/rodionsavchuk/hybrisAutomation/virco-automatedtests/target/site/serenity/7220eba5f2eae10da2dd4b065bbaeb5e362fcdf624f7734decc62917e1fdaa2b.json (using temp file /Users/rodionsavchuk/hybrisAutomation/virco-automatedtests/target/site/serenity/7220eba5f2eae10da2dd4b065bbaeb5e362fcdf624f7734decc62917e1fdaa2b.json9578863d-4223-4413-a9a5-f5abfcdb0fcd)
[pool-1-thread-1] INFO net.thucydides.core.reports.json.JSONTestOutcomeReporter - Generating JSON report for VIR-246.07 Verify that saved cart can be removed to file /Users/rodionsavchuk/hybrisAutomation/virco-automatedtests/target/site/serenity/061f516f07433f1a6cec7dbbd7f35884d8c98eda047d9b875d1850373e38237b.json (using temp file /Users/rodionsavchuk/hybrisAutomation/virco-automatedtests/target/site/serenity/061f516f07433f1a6cec7dbbd7f35884d8c98eda047d9b875d1850373e38237b.jsone456d61c-aa3e-45e3-a1ac-d18766539c5d)
[pool-1-thread-4] INFO net.thucydides.core.reports.json.JSONTestOutcomeReporter - Generating JSON report for VIR-440.01 The cart q-ty is not based on the item level for the saved carts to file /Users/rodionsavchuk/hybrisAutomation/virco-automatedtests/target/site/serenity/094b9e637c71855896733520bffafcb8ad6030ed7d623ef6ac0130a6fc0c2d53.json (using temp file /Users/rodionsavchuk/hybrisAutomation/virco-automatedtests/target/site/serenity/094b9e637c71855896733520bffafcb8ad6030ed7d623ef6ac0130a6fc0c2d53.json956e3e68-23d6-4da1-804d-ff4a4ca22dff)
[pool-1-thread-2] INFO net.thucydides.core.reports.json.JSONTestOutcomeReporter - Generating JSON report for VIR-247.01 Verify that the shopper can see their personal details within My Account to file /Users/rodionsavchuk/hybrisAutomation/virco-automatedtests/target/site/serenity/74c15acd41fcdfbd9ec94e06d76d8942b8816c278890834a38d2d05ac18bd9cb.json (using temp file /Users/rodionsavchuk/hybrisAutomation/virco-automatedtests/target/site/serenity/74c15acd41fcdfbd9ec94e06d76d8942b8816c278890834a38d2d05ac18bd9cb.jsona4d4464f-2ed0-47e6-8352-195dcde77e91)
[pool-1-thread-1] INFO net.thucydides.core.reports.json.JSONTestOutcomeReporter - Generating JSON report for VIR-247.02 Verify that the information is shown on Personal Details page to file /Users/rodionsavchuk/hybrisAutomation/virco-automatedtests/target/site/serenity/1c58bd9a5814b7613691d793847309f1ef23f2826d37705df4c9cf38112f3674.json (using temp file /Users/rodionsavchuk/hybrisAutomation/virco-automatedtests/target/site/serenity/1c58bd9a5814b7613691d793847309f1ef23f2826d37705df4c9cf38112f3674.json5b95f3c6-2f15-4ffe-b83a-1eb1a8f68784)
[pool-1-thread-3] INFO net.thucydides.core.reports.html.HtmlAcceptanceTestReporter - GENERATING HTML REPORT FOR ACT-10 - Order History Date Range:VIR-235.01 Verify that the shopper can view the order history within My Account in 273677580b5ade55ccb470a2e988196811df982925cdbb1ace31e0a5efaabec1.html in directory target/site/serenity  
[pool-1-thread-2] INFO net.thucydides.core.reports.html.HtmlAcceptanceTestReporter - GENERATING HTML REPORT FOR ACT-10 - Order History Date Range:VIR-235.03 Verify that the orders can be filtered by in 29922dd92355b657a29ca8ceee8ece530ee19fab8572208c0d42c3104ff16960.html in directory target/site/serenity  
[pool-1-thread-1] INFO net.thucydides.core.reports.html.HtmlAcceptanceTestReporter - GENERATING HTML REPORT FOR ACT-10 - Order History Date Range:VIR-235.04 Verify that the current year view of orders is set by default in 611fe17d9cda8a2f0360fd4a5e0044434a5a44282d734d3f572d018496b6a768.html in directory target/site/serenity  
[pool-1-thread-4] INFO net.thucydides.core.reports.html.HtmlAcceptanceTestReporter - GENERATING HTML REPORT FOR ACT-10 - Order History Date Range:VIR-235.02 Verify that the newest order is shown first in the list in 8840d0acce101c4828203142f8d64f0725d2637a38c8eebef56a7d6a8b899749.html in directory target/site/serenity  
[pool-1-thread-2] INFO net.thucydides.core.reports.html.HtmlAcceptanceTestReporter - GENERATING HTML REPORT FOR ACT-10 - Order History Date Range:VIR-235.05 Verify that the orders can be sorted by in b3c85d502fdd11d32f7b2c0e62dbb38be0c6f9c593e4d4ccd95adcc5fe60b304.html in directory target/site/serenity  
[pool-1-thread-3] INFO net.thucydides.core.reports.html.HtmlAcceptanceTestReporter - GENERATING HTML REPORT FOR ACT-10 - Order History Date Range:VIR-235.06 Verify that the orders can be grouped by PO# (alpha-numeric) in 69529ca40520069837eb10aa62eb1ab7518abd062932198aaa75ce49a153bdf4.html in directory target/site/serenity  
[pool-1-thread-1] INFO net.thucydides.core.reports.html.HtmlAcceptanceTestReporter - GENERATING HTML REPORT FOR ACT-11 - View Orders - Shopper ECC:VIR-236.01 Verify that the shopper can see the created by him ECC orders withing Orders History in 6e0b05141f32d41efa52a2f8708a010ef30be5406c962e50aa108e52f637ff4f.html in directory target/site/serenity  
[pool-1-thread-2] INFO net.thucydides.core.reports.html.HtmlAcceptanceTestReporter - GENERATING HTML REPORT FOR ACT-11 - View Orders - Shopper ECC:VIR-236.03 Verify that shopper is not able to reorder the ECC orders in adad10cc0c0c283641a22aee227822d43a6b04d28868ac5b5b9f65428e2198f1.html in directory target/site/serenity  
[pool-1-thread-3] INFO net.thucydides.core.reports.html.HtmlAcceptanceTestReporter - GENERATING HTML REPORT FOR ACT-12 - View Orders - Admin:VIR-237.01 Verify that the chief shopper is able to view the orders created by others within their organization in 37ec79a1d6a9cc6a2aec4574466f6dcb64dfed35c002fda7b3134b876ab9d490.html in directory target/site/serenity  
[pool-1-thread-4] INFO net.thucydides.core.reports.html.HtmlAcceptanceTestReporter - GENERATING HTML REPORT FOR ACT-11 - View Orders - Shopper ECC:VIR-236.02 Verify that the shopper is able to see the ECC orders details in 06a785ccbf37298662c0a3d0b35aa8a04f4eb296e14af96a2032ecacd8155265.html in directory target/site/serenity  
[pool-1-thread-3] INFO net.thucydides.core.reports.html.HtmlAcceptanceTestReporter - GENERATING HTML REPORT FOR ACT-13 - Purchase History:VIR-238.02 Verify that the admin shoppers can view orders placed by admin and stuff shoppers within organization in 049e5266696367738227685efc996b610d41e4a9ff2b91176988ad3e5d046577.html in directory target/site/serenity  
[pool-1-thread-2] INFO net.thucydides.core.reports.html.HtmlAcceptanceTestReporter - GENERATING HTML REPORT FOR ACT-13 - Purchase History:VIR-238.01 Verify that the stuff shopper can view orders created by him/her in da20584ac40b990dc291e9ae9cb2facdd86f681d176e5cbf03c9dc84024b2dea.html in directory target/site/serenity  
[pool-1-thread-4] INFO net.thucydides.core.reports.html.HtmlAcceptanceTestReporter - GENERATING HTML REPORT FOR ACT-14 - Reorder:VIR-239.01 Verify that the shopper can see the Reorder button near each order in the list of orders history in bc5c957c59b8dd4780a20bc8c811eb7cd90739e0aa75b27ef4276f5d16b25e8a.html in directory target/site/serenity  
[pool-1-thread-3] INFO net.thucydides.core.reports.html.HtmlAcceptanceTestReporter - GENERATING HTML REPORT FOR ACT-14 - Reorder:VIR-239.02 Verify that the Reorder button is present at the order details page in 7f2baa53bf21c1609ec69298572380037821566fedb28a9f798f27a38a595463.html in directory target/site/serenity  
[pool-1-thread-2] INFO net.thucydides.core.reports.html.HtmlAcceptanceTestReporter - GENERATING HTML REPORT FOR ACT-14 - Reorder:VIR-239.03 Verify that the Reorder button is present only near the orders created by shopper in db5d2cc2cdb477151d79acc5ba80f9970445ac1f4a40c15aea05ceaf9d72ab4c.html in directory target/site/serenity  
[pool-1-thread-4] INFO net.thucydides.core.reports.html.HtmlAcceptanceTestReporter - GENERATING HTML REPORT FOR ACT-14 - Reorder:VIR-239.04 Verify that the new order with the same order details is created after reordering in 86d284f6d52dd7b06703c0e65ed979dc08ab5e91925669335c8db93a482789bd.html in directory target/site/serenity  
[pool-1-thread-3] INFO net.thucydides.core.reports.html.HtmlAcceptanceTestReporter - GENERATING HTML REPORT FOR ACT-14 - Reorder:VIR-239.05 Verify that the Admin can reorder the orders created by him and stuff shoppers in bd0258604ad0a60526916081e6985c7c5319337a9181a074ad5638ad9d781d0d.html in directory target/site/serenity  
[pool-1-thread-2] INFO net.thucydides.core.reports.html.HtmlAcceptanceTestReporter - GENERATING HTML REPORT FOR ACT-14 - Reorder:VIR-239.06 Verify that the Chief can reorder the orders created by him, admin and stuff shoppers in ce484b4c5f4b477729fe56f6574c4b704d459afba8238101689edf60627995fe.html in directory target/site/serenity  
[pool-1-thread-4] INFO net.thucydides.core.reports.html.HtmlAcceptanceTestReporter - GENERATING HTML REPORT FOR ACT-14 - Reorder:VIR-239.07 Verify that the Stuff shopper can reorder the orders created by him\her only in b8018260c31d901f3d8d776ff65116bc168b781e95b8a9f89641bcafaaa081f8.html in directory target/site/serenity  
[pool-1-thread-2] INFO net.thucydides.core.reports.html.HtmlAcceptanceTestReporter - GENERATING HTML REPORT FOR ACT-15 - Customer Management:VIR-240.01 Verify that the following message is shown to the customer if they entered wrong login data at first and second times in 5c983153fe2ebb177f0d9e8b132ca59a6e0ee0ae8654058c47ae107dbb7196e9.html in directory target/site/serenity  
[pool-1-thread-3] INFO net.thucydides.core.reports.html.HtmlAcceptanceTestReporter - GENERATING HTML REPORT FOR ACT-15 - Customer Management:VIR-240.02 Verify that the error message is shown to the customer if they entered wrong login data three and more times in feea09e30f98fa20f26d9fa541c867e47262726ef2edae67658e6fe1f69f795b.html in directory target/site/serenity  
[pool-1-thread-1] INFO net.thucydides.core.reports.html.HtmlAcceptanceTestReporter - GENERATING HTML REPORT FOR ACT-12 - View Orders - Admin:VIR-237.02 Verify that all orders are shown at the same page in 04c1b88fcf25fa2f1ca595220bf539bd3345daf07b3f5fd975b7cfa258aa1a72.html in directory target/site/serenity  
[pool-1-thread-4] INFO net.thucydides.core.reports.html.HtmlAcceptanceTestReporter - GENERATING HTML REPORT FOR ACT-15 - Customer Management:VIR-240.03 Verify that the account is locked automatically after 3 incorrect login attempts in 98702c761630d5e96c1885fc6b7d9edc2d3d9276a61dcb964fb55a77180ac4c4.html in directory target/site/serenity  
[pool-1-thread-2] INFO net.thucydides.core.reports.html.HtmlAcceptanceTestReporter - GENERATING HTML REPORT FOR ACT-15 - Customer Management:VIR-240.04 Verify that the customer can phone via Skype when they click on the phone number from desktop browser in 022ceba0bee1a7e3be70af6fce73e28abbfa02e327dc996b425b971073e81949.html in directory target/site/serenity  
[pool-1-thread-4] INFO net.thucydides.core.reports.html.HtmlAcceptanceTestReporter - GENERATING HTML REPORT FOR ACT-16 - CSR Mass Set Up:VIR-241.01 Verify that the bunch of customers are created in hybris after running mass setup script in 463850b14992f16a3a2bf3702fcc5975eee58ce459f840ff047b04c2eaef46d1.html in directory target/site/serenity  
[pool-1-thread-1] INFO net.thucydides.core.reports.html.HtmlAcceptanceTestReporter - GENERATING HTML REPORT FOR ACT-16 - CSR Mass Set Up:VIR-241.02 Verify that the personal details are mapped appropriately in a13f41939905f13645385d57d811c8cdd84a0cbed0caf2a6b3c4f55c28d79c01.html in directory target/site/serenity  
[pool-1-thread-3] INFO net.thucydides.core.reports.html.HtmlAcceptanceTestReporter - GENERATING HTML REPORT FOR ACT-15 - Customer Management:VIR-240.05 Verify that the customer can phone via phone/skype when they click on the phone number from mobile device in 0acf8d5b428f155bb5cd03ead2beee85cb116b173f667ca0d7eddf263c734900.html in directory target/site/serenity  
[pool-1-thread-2] INFO net.thucydides.core.reports.html.HtmlAcceptanceTestReporter - GENERATING HTML REPORT FOR ACT-16 - CSR Mass Set Up:VIR-241.03 Verify that the data outlined in ID3 are copied into the hybris in 39e10a2762693c36aeb39ffa0694d6429714a5caa78716ad3e3a6dc6f9f35100.html in directory target/site/serenity  
[pool-1-thread-4] INFO net.thucydides.core.reports.html.HtmlAcceptanceTestReporter - GENERATING HTML REPORT FOR ACT-16 - CSR Mass Set Up:VIR-241.04 Verify that just set up customers can log into the system and perform appropriate activities (due to the permissions) in cad527a19b233d2a98237bc580b3e071a577ec5892a5ac544f2f50b81e1edc9a.html in directory target/site/serenity  
[pool-1-thread-4] INFO net.thucydides.core.reports.html.HtmlAcceptanceTestReporter - GENERATING HTML REPORT FOR ACT-17 - My Account View Options:VIR-242.02 Verify that the shopper is moved to the appropriate page after clicking on the sub-menu option in 28ef021d759f2a4643b61547ae2c5a1b9ce2544b0930e552ce883dc4238eb54c.html in directory target/site/serenity  
[pool-1-thread-2] INFO net.thucydides.core.reports.html.HtmlAcceptanceTestReporter - GENERATING HTML REPORT FOR ACT-18 - Tracking Information:VIR-243.02 Verify that the several order tracking number can be shown for one order in 962a8661ed130dbc7b367611253983130c921d9ccf15ff013ae776fad79d5178.html in directory target/site/serenity  
[pool-1-thread-1] INFO net.thucydides.core.reports.html.HtmlAcceptanceTestReporter - GENERATING HTML REPORT FOR ACT-18 - Tracking Information:VIR-243.01 Verify that the order tracking number is shown at the Order History and on the Order Details pages in 70b6f3d948299c508f0755eca224d394eabc6d05bab5864a70e0f1b9c6b1e644.html in directory target/site/serenity  
[pool-1-thread-3] INFO net.thucydides.core.reports.html.HtmlAcceptanceTestReporter - GENERATING HTML REPORT FOR ACT-17 - My Account View Options:VIR-242.01 Verify that the following sub menu My Account menu has following options in 1276140ef62c6432b71b0f37d8025035d8b303a616dfb579c0464109d19a2074.html in directory target/site/serenity  
[pool-1-thread-2] INFO net.thucydides.core.reports.html.HtmlAcceptanceTestReporter - GENERATING HTML REPORT FOR ACT-18 - Tracking Information:VIR-243.03 Verify that the order delivery status is shown in new window after clicking on tracking number link in 05de3555ce50877d7a68bf12b1c9ce484c460fe5f0202de33af8de7536c5347d.html in directory target/site/serenity  
[pool-1-thread-1] INFO net.thucydides.core.reports.html.HtmlAcceptanceTestReporter - GENERATING HTML REPORT FOR ACT-18 - Tracking Information:VIR-243.04 Verify that the chief shopper can see the order tracking number for the orders created by in 6679b678bf94497d010ee1d2e4e9da687ae39e591aaeb2628364a7db535048bd.html in directory target/site/serenity  
[pool-1-thread-3] INFO net.thucydides.core.reports.html.HtmlAcceptanceTestReporter - GENERATING HTML REPORT FOR ACT-18 - Tracking Information:VIR-243.05 Verify that the admin shopper can see the order tracking number for the orders created by in 62c275f127453f29fafc4c2149202cb494bb82c96be65d9c7ffdda17d402d199.html in directory target/site/serenity  
[pool-1-thread-1] INFO net.thucydides.core.reports.html.HtmlAcceptanceTestReporter - GENERATING HTML REPORT FOR ACT-19 - Static Email Address:VIR-244.02 Verify that the email address is not editable in bfc781d1f39529c42f3e2e6163fe397cb7cd1efdb5aea56fac29b0f0f66e1a5e.html in directory target/site/serenity  
[pool-1-thread-2] INFO net.thucydides.core.reports.html.HtmlAcceptanceTestReporter - GENERATING HTML REPORT FOR ACT-19 - Static Email Address:VIR-244.01 Verify that the shopper can see their email address within Email in My Account Menu in bf8e1443a8f088c9e57e0348c8704fc75e0549ba1f9d96c39d9d0ad3f4b04b32.html in directory target/site/serenity  
[pool-1-thread-3] INFO net.thucydides.core.reports.html.HtmlAcceptanceTestReporter - GENERATING HTML REPORT FOR ACT-1 - Default Contract:VIR-226.01 Verify that the dropdown list with contracts is shown in the header in 1a7109a2e435410aec76a6616813b89a7a128938fc747b573a8bea77b5dc2e74.html in directory target/site/serenity  
[pool-1-thread-4] INFO net.thucydides.core.reports.html.HtmlAcceptanceTestReporter - GENERATING HTML REPORT FOR ACT-1 - Default Contract:VIR-226.02 Verify that the default contract is selected automatically if no other contract is selected in a1cdc501ba181282011afc75c778ae005a66a25ac465bd9f54fb47cebe8da2b6.html in directory target/site/serenity  
[pool-1-thread-1] INFO net.thucydides.core.reports.html.HtmlAcceptanceTestReporter - GENERATING HTML REPORT FOR ACT-1 - Default Contract:VIR-226.03 Verify that each customer has their own default contract in 1100df39b069668be73bd3fa061625067d18d2c8d7eb03db90d26ed720e1bad6.html in directory target/site/serenity  
[pool-1-thread-3] INFO net.thucydides.core.reports.html.HtmlAcceptanceTestReporter - GENERATING HTML REPORT FOR ACT-1 - Default Contract:VIR-226.04 Verify that the assigned to the shopper contracts (defined at the Ship To level) are shown in the list in 736a6f27c422f3f6d8305a0f397a2adb789d1ed4974f92482a9f738f0fdbbfec.html in directory target/site/serenity  
[pool-1-thread-1] INFO net.thucydides.core.reports.html.HtmlAcceptanceTestReporter - GENERATING HTML REPORT FOR ACT-1 - Default Contract:VIR-226.05 Verify that shopper can change the contract as many times, as they want in d72154fb388d26ac97bf25cdf1619f4513466127fb36eb261ec18074f0a654cd.html in directory target/site/serenity  
[pool-1-thread-4] INFO net.thucydides.core.reports.html.HtmlAcceptanceTestReporter - GENERATING HTML REPORT FOR ACT-1 - Default Contract:VIR-226.07 Verify that if the contract is changed in customer master, it is changed to the customer without any notification in 97d516a9dd97a3564503058531e457f4fe37c4fa911c4e0a2cd67d9e4f26df95.html in directory target/site/serenity  
[pool-1-thread-3] INFO net.thucydides.core.reports.html.HtmlAcceptanceTestReporter - GENERATING HTML REPORT FOR ACT-1 - Default Contract:VIR-226.06 Verify that if the shopper changed the contract, the prices and product list are updated accordingly to the selected contract in cb991777f2dcd6cec892aca2a17766a44ff88538bd62762eb06275f337f59188.html in directory target/site/serenity  
[pool-1-thread-2] INFO net.thucydides.core.reports.html.HtmlAcceptanceTestReporter - GENERATING HTML REPORT FOR ACT-1 - Default Contract:VIR-226.08 Verify that the prices shows n/a, if the contract expired and the new one is not selected by shopper in 90eacd21eb1e7e24d79a439ece9e6416daa13b514c337bcef555c498996ee27a.html in directory target/site/serenity  
[pool-1-thread-1] INFO net.thucydides.core.reports.html.HtmlAcceptanceTestReporter - GENERATING HTML REPORT FOR ACT-1 - Default Contract:VIR-226.01A Verify that the script switch the contract A to the contract B automatically for bunch of selected customers in 40b3604109cc54897930215a5dff112d2f2a0f9a3f3a7c2ebf97db43a508944d.html in directory target/site/serenity  
[pool-1-thread-4] INFO net.thucydides.core.reports.html.HtmlAcceptanceTestReporter - GENERATING HTML REPORT FOR ACT-21 - View Saved Carts:VIR-246.01 Verify that the shopper can see the saved carts within My Account in 8f924b8e28c6b842e118d033edbc4760c495b83f62c62df3597462885f301c84.html in directory target/site/serenity  
[pool-1-thread-3] INFO net.thucydides.core.reports.html.HtmlAcceptanceTestReporter - GENERATING HTML REPORT FOR ACT-21 - View Saved Carts:VIR-246.02 Remove all from saved carts in 57ad878c80f86f37b436866d9406bfc876bcc2a4fe8f331b75642b3504e58b7f.html in directory target/site/serenity  
[pool-1-thread-1] INFO net.thucydides.core.reports.html.HtmlAcceptanceTestReporter - GENERATING HTML REPORT FOR ACT-21 - View Saved Carts:VIR-246.03 Verify that the saved cart is shown on the saved carts page in a78cc380adec40d2bde41cc9dd7bf1cd6cc7f6dd92d52beceefba632467fc268.html in directory target/site/serenity  
[pool-1-thread-2] INFO net.thucydides.core.reports.html.HtmlAcceptanceTestReporter - GENERATING HTML REPORT FOR ACT-21 - View Saved Carts:VIR-246.04 Verify that the products and their selected quantities are shown at the saved cart page in 71d7b3b019de0d80556b2ab92ce7c04958edcacdb5185c7868f851880fce7a8c.html in directory target/site/serenity  
[pool-1-thread-4] INFO net.thucydides.core.reports.html.HtmlAcceptanceTestReporter - GENERATING HTML REPORT FOR ACT-21 - View Saved Carts:VIR-246.05 Verify that saved cart can be restored in ad1c57abe3cc4827685bdae4426a5445264c10ce7dec22879e678adfd3c0c6cb.html in directory target/site/serenity  
[pool-1-thread-3] INFO net.thucydides.core.reports.html.HtmlAcceptanceTestReporter - GENERATING HTML REPORT FOR ACT-21 - View Saved Carts:VIR-246.06 Verify that saved cart can be updated in 7220eba5f2eae10da2dd4b065bbaeb5e362fcdf624f7734decc62917e1fdaa2b.html in directory target/site/serenity  
[pool-1-thread-1] INFO net.thucydides.core.reports.html.HtmlAcceptanceTestReporter - GENERATING HTML REPORT FOR ACT-21 - View Saved Carts:VIR-246.07 Verify that saved cart can be removed in 061f516f07433f1a6cec7dbbd7f35884d8c98eda047d9b875d1850373e38237b.html in directory target/site/serenity  
[pool-1-thread-3] INFO net.thucydides.core.reports.html.HtmlAcceptanceTestReporter - GENERATING HTML REPORT FOR ACT-21 - View Saved Carts:VIR-440.01 The cart q-ty is not based on the item level for the saved carts in 094b9e637c71855896733520bffafcb8ad6030ed7d623ef6ac0130a6fc0c2d53.html in directory target/site/serenity  
[pool-1-thread-1] INFO net.thucydides.core.reports.html.HtmlAcceptanceTestReporter - GENERATING HTML REPORT FOR ACT-22 - View Personal Details:VIR-247.01 Verify that the shopper can see their personal details within My Account in 74c15acd41fcdfbd9ec94e06d76d8942b8816c278890834a38d2d05ac18bd9cb.html in directory target/site/serenity  
[pool-1-thread-4] INFO net.thucydides.core.reports.html.HtmlAcceptanceTestReporter - GENERATING HTML REPORT FOR ACT-22 - View Personal Details:VIR-247.02 Verify that the information is shown on Personal Details page in 1c58bd9a5814b7613691d793847309f1ef23f2826d37705df4c9cf38112f3674.html in directory target/site/serenity  
[main] INFO net.serenitybdd.core.Serenity - 
 _____ _____ ____ _____   ____ _____  _    ____ _____ _____ ____  
|_   _| ____/ ___|_   _| / ___|_   _|/ \  |  _ \_   _| ____|  _ \ 
  | | |  _| \___ \ | |   \___ \ | | / _ \ | |_) || | |  _| | | | |
  | | | |___ ___) || |    ___) || |/ ___ \|  _ < | | | |___| |_| |
  |_| |_____|____/ |_|   |____/ |_/_/   \_\_| \_\|_| |_____|____/ 
                                                                  

TEST STARTED: VIR-247.03 Verify that the shopper can edit the following personal details
-------------------------------------------------------------------(act-22---view-personal-details;vir-247.03-verify-that-the-shopper-can-edit-the-following-personal-details)
[main] INFO net.serenitybdd.core.Serenity - STARTING STEP Given open the site and login
[main] INFO net.serenitybdd.core.Serenity - STARTING STEP Open the site
[main] INFO net.serenitybdd.core.Serenity - STEP ERROR: net.serenitybdd.core.exceptions.SerenityManagedException: Could not initialize class com.virco.locators.SiteData
]]></system-err>
  </testcase>
  <testcase name="Scenario: VIR-247.03 Verify that the shopper can edit the following personal details" classname="Scenario: VIR-247.03 Verify that the shopper can edit the following personal details" time="0.001">
    <error message="Could not initialize class com.virco.locators.SiteData" type="net.serenitybdd.core.exceptions.SerenityManagedException"><![CDATA[net.serenitybdd.core.exceptions.SerenityManagedException: Could not initialize class com.virco.locators.SiteData
	at com.virco.steps.serenity.CommonUserSteps.openTheSite(CommonUserSteps.java:19)
	at com.virco.steps.serenity.CommonUserSteps$$EnhancerByCGLIB$$d8541bfa.CGLIB$openTheSite$6(<generated>)
	at com.virco.steps.serenity.CommonUserSteps$$EnhancerByCGLIB$$d8541bfa$$FastClassByCGLIB$$ea8e0f86.invoke(<generated>)
	at net.sf.cglib.proxy.MethodProxy.invokeSuper(MethodProxy.java:228)
	at net.thucydides.core.steps.StepInterceptor.invokeMethod(StepInterceptor.java:372)
	at net.thucydides.core.steps.StepInterceptor.executeTestStepMethod(StepInterceptor.java:357)
	at net.thucydides.core.steps.StepInterceptor.runTestStep(StepInterceptor.java:332)
	at net.thucydides.core.steps.StepInterceptor.testStepResult(StepInterceptor.java:134)
	at net.thucydides.core.steps.StepInterceptor.intercept(StepInterceptor.java:61)
	at com.virco.steps.serenity.CommonUserSteps$$EnhancerByCGLIB$$d8541bfa.openTheSite(<generated>)
	at com.virco.steps.CommonDefinitionSteps.openTheSiteAndLogin(CommonDefinitionSteps.java:72)
	at sun.reflect.GeneratedMethodAccessor143.invoke(Unknown Source)
	at sun.reflect.DelegatingMethodAccessorImpl.invoke(DelegatingMethodAccessorImpl.java:43)
	at java.lang.reflect.Method.invoke(Method.java:498)
	at cucumber.runtime.Utils$1.call(Utils.java:40)
	at cucumber.runtime.Timeout.timeout(Timeout.java:16)
	at cucumber.runtime.Utils.invoke(Utils.java:34)
	at cucumber.runtime.java.JavaStepDefinition.execute(JavaStepDefinition.java:38)
	at cucumber.runtime.StepDefinitionMatch.runStep(StepDefinitionMatch.java:37)
	at cucumber.runtime.Runtime.runStep(Runtime.java:300)
	at cucumber.runtime.model.StepContainer.runStep(StepContainer.java:44)
	at cucumber.runtime.model.StepContainer.runSteps(StepContainer.java:39)
	at cucumber.runtime.model.CucumberScenario.run(CucumberScenario.java:44)
	at cucumber.runtime.junit.ExecutionUnitRunner.run(ExecutionUnitRunner.java:102)
	at cucumber.runtime.junit.FeatureRunner.runChild(FeatureRunner.java:63)
	at cucumber.runtime.junit.FeatureRunner.runChild(FeatureRunner.java:18)
	at org.junit.runners.ParentRunner$3.run(ParentRunner.java:290)
	at org.junit.runners.ParentRunner$1.schedule(ParentRunner.java:71)
	at org.junit.runners.ParentRunner.runChildren(ParentRunner.java:288)
	at org.junit.runners.ParentRunner.access$000(ParentRunner.java:58)
	at org.junit.runners.ParentRunner$2.evaluate(ParentRunner.java:268)
	at org.junit.runners.ParentRunner.run(ParentRunner.java:363)
	at cucumber.runtime.junit.FeatureRunner.run(FeatureRunner.java:70)
	at cucumber.api.junit.Cucumber.runChild(Cucumber.java:95)
	at cucumber.api.junit.Cucumber.runChild(Cucumber.java:38)
	at org.junit.runners.ParentRunner$3.run(ParentRunner.java:290)
	at org.junit.runners.ParentRunner$1.schedule(ParentRunner.java:71)
	at org.junit.runners.ParentRunner.runChildren(ParentRunner.java:288)
	at org.junit.runners.ParentRunner.access$000(ParentRunner.java:58)
	at org.junit.runners.ParentRunner$2.evaluate(ParentRunner.java:268)
	at org.junit.runners.ParentRunner.run(ParentRunner.java:363)
	at cucumber.api.junit.Cucumber.run(Cucumber.java:100)
	at org.apache.maven.surefire.junit4.JUnit4Provider.execute(JUnit4Provider.java:283)
	at org.apache.maven.surefire.junit4.JUnit4Provider.executeWithRerun(JUnit4Provider.java:173)
	at org.apache.maven.surefire.junit4.JUnit4Provider.executeTestSet(JUnit4Provider.java:153)
	at org.apache.maven.surefire.junit4.JUnit4Provider.invoke(JUnit4Provider.java:128)
	at org.apache.maven.surefire.booter.ForkedBooter.invokeProviderInSameClassLoader(ForkedBooter.java:203)
	at org.apache.maven.surefire.booter.ForkedBooter.runSuitesInProcess(ForkedBooter.java:155)
	at org.apache.maven.surefire.booter.ForkedBooter.main(ForkedBooter.java:103)
]]></error>
  </testcase>
  <testcase name="When click on &quot;My Account&quot; link in header" classname="Scenario: VIR-247.03 Verify that the shopper can edit the following personal details" time="0">
    <skipped/>
    <system-err><![CDATA[[main] INFO net.serenitybdd.core.Serenity - STEP ERROR: java.lang.NoClassDefFoundError: Could not initialize class com.virco.locators.SiteData
[main] INFO net.serenitybdd.core.Serenity - STARTING STEP When click on "My Account" link in header
]]></system-err>
  </testcase>
  <testcase name="When click on &quot;My Account&quot; link in header" classname="Scenario: VIR-247.03 Verify that the shopper can edit the following personal details" time="0">
    <skipped/>
    <system-err><![CDATA[[main] INFO net.serenitybdd.core.Serenity - IGNORING STEP
[main] INFO net.serenitybdd.core.Serenity - STARTING STEP When click on "My Account" link in header
]]></system-err>
  </testcase>
  <testcase name="When click on &quot;Personal Details&quot; in My Account drop-down" classname="Scenario: VIR-247.03 Verify that the shopper can edit the following personal details" time="0">
    <skipped/>
    <system-err><![CDATA[[main] INFO net.serenitybdd.core.Serenity - IGNORING STEP
[main] INFO net.serenitybdd.core.Serenity - STARTING STEP When click on "Personal Details" in My Account drop-down
]]></system-err>
  </testcase>
  <testcase name="When click on &quot;Personal Details&quot; in My Account drop-down" classname="Scenario: VIR-247.03 Verify that the shopper can edit the following personal details" time="0">
    <skipped/>
    <system-err><![CDATA[[main] INFO net.serenitybdd.core.Serenity - IGNORING STEP
[main] INFO net.serenitybdd.core.Serenity - STARTING STEP When click on "Personal Details" in My Account drop-down
]]></system-err>
  </testcase>
  <testcase name="When enter &quot;Harry&quot; in the &quot;First Name&quot; field" classname="Scenario: VIR-247.03 Verify that the shopper can edit the following personal details" time="0">
    <skipped/>
    <system-err><![CDATA[[main] INFO net.serenitybdd.core.Serenity - IGNORING STEP
[main] INFO net.serenitybdd.core.Serenity - STARTING STEP When enter "Harry" in the "First Name" field
]]></system-err>
  </testcase>
  <testcase name="When enter &quot;Potter&quot; in the &quot;Last Name&quot; field" classname="Scenario: VIR-247.03 Verify that the shopper can edit the following personal details" time="0">
    <skipped/>
    <system-err><![CDATA[[main] INFO net.serenitybdd.core.Serenity - IGNORING STEP
[main] INFO net.serenitybdd.core.Serenity - STARTING STEP When enter "Potter" in the "Last Name" field
]]></system-err>
  </testcase>
  <testcase name="When enter &quot;0123456789&quot; in the &quot;Phone Number&quot; field" classname="Scenario: VIR-247.03 Verify that the shopper can edit the following personal details" time="0">
    <skipped/>
    <system-err><![CDATA[[main] INFO net.serenitybdd.core.Serenity - IGNORING STEP
[main] INFO net.serenitybdd.core.Serenity - STARTING STEP When enter "0123456789" in the "Phone Number" field
]]></system-err>
  </testcase>
  <testcase name="When enter &quot;9876543210&quot; in the &quot;Mobile Phone Number&quot; field" classname="Scenario: VIR-247.03 Verify that the shopper can edit the following personal details" time="0">
    <skipped/>
    <system-err><![CDATA[[main] INFO net.serenitybdd.core.Serenity - IGNORING STEP
[main] INFO net.serenitybdd.core.Serenity - STARTING STEP When enter "9876543210" in the "Mobile Phone Number" field
]]></system-err>
  </testcase>
  <testcase name="When select &quot;Dr.&quot; in &quot;Title&quot; drop-down" classname="Scenario: VIR-247.03 Verify that the shopper can edit the following personal details" time="0">
    <skipped/>
    <system-err><![CDATA[[main] INFO net.serenitybdd.core.Serenity - IGNORING STEP
[main] INFO net.serenitybdd.core.Serenity - STARTING STEP When select "Dr." in "Title" drop-down
]]></system-err>
  </testcase>
  <testcase name="When select &quot;Email&quot; in &quot;Contact preference&quot; drop-down" classname="Scenario: VIR-247.03 Verify that the shopper can edit the following personal details" time="0">
    <skipped/>
    <system-err><![CDATA[[main] INFO net.serenitybdd.core.Serenity - IGNORING STEP
[main] INFO net.serenitybdd.core.Serenity - STARTING STEP When select "Email" in "Contact preference" drop-down
]]></system-err>
  </testcase>
  <testcase name="When click on &quot;Update&quot; modal button" classname="Scenario: VIR-247.03 Verify that the shopper can edit the following personal details" time="0">
    <skipped/>
    <system-err><![CDATA[[main] INFO net.serenitybdd.core.Serenity - IGNORING STEP
[main] INFO net.serenitybdd.core.Serenity - STARTING STEP When click on "Update" modal button
]]></system-err>
  </testcase>
  <testcase name="When open the site" classname="Scenario: VIR-247.03 Verify that the shopper can edit the following personal details" time="0">
    <skipped/>
    <system-err><![CDATA[[main] INFO net.serenitybdd.core.Serenity - IGNORING STEP
[main] INFO net.serenitybdd.core.Serenity - STARTING STEP When open the site
]]></system-err>
  </testcase>
  <testcase name="Then the data in &quot;First Name&quot; field is &quot;Harry&quot;" classname="Scenario: VIR-247.03 Verify that the shopper can edit the following personal details" time="0">
    <skipped/>
    <system-err><![CDATA[[main] INFO net.serenitybdd.core.Serenity - IGNORING STEP
[main] INFO net.serenitybdd.core.Serenity - STARTING STEP Then the data in "First Name" field is "Harry"
]]></system-err>
  </testcase>
  <testcase name="Then the data in &quot;Last Name&quot; field is &quot;Potter&quot;" classname="Scenario: VIR-247.03 Verify that the shopper can edit the following personal details" time="0">
    <skipped/>
    <system-err><![CDATA[[main] INFO net.serenitybdd.core.Serenity - IGNORING STEP
[main] INFO net.serenitybdd.core.Serenity - STARTING STEP Then the data in "Last Name" field is "Potter"
]]></system-err>
  </testcase>
  <testcase name="Then the data in &quot;Phone Number&quot; field is &quot;0123456789&quot;" classname="Scenario: VIR-247.03 Verify that the shopper can edit the following personal details" time="0">
    <skipped/>
    <system-err><![CDATA[[main] INFO net.serenitybdd.core.Serenity - IGNORING STEP
[main] INFO net.serenitybdd.core.Serenity - STARTING STEP Then the data in "Phone Number" field is "0123456789"
]]></system-err>
  </testcase>
  <testcase name="Then the data in &quot;Mobile Phone Number&quot; field is &quot;9876543210&quot;" classname="Scenario: VIR-247.03 Verify that the shopper can edit the following personal details" time="0">
    <skipped/>
    <system-err><![CDATA[[main] INFO net.serenitybdd.core.Serenity - IGNORING STEP
[main] INFO net.serenitybdd.core.Serenity - STARTING STEP Then the data in "Mobile Phone Number" field is "9876543210"
]]></system-err>
  </testcase>
  <testcase name="Then selected option in &quot;Title&quot; drop-down menu is &quot;Dr.&quot;" classname="Scenario: VIR-247.03 Verify that the shopper can edit the following personal details" time="0">
    <skipped/>
    <system-err><![CDATA[[main] INFO net.serenitybdd.core.Serenity - IGNORING STEP
[main] INFO net.serenitybdd.core.Serenity - STARTING STEP Then selected option in "Title" drop-down menu is "Dr."
]]></system-err>
  </testcase>
  <testcase name="Then selected option in &quot;Contact preference&quot; drop-down menu is &quot;Email&quot;" classname="Scenario: VIR-247.03 Verify that the shopper can edit the following personal details" time="0">
    <skipped/>
    <system-err><![CDATA[[main] INFO net.serenitybdd.core.Serenity - IGNORING STEP
[main] INFO net.serenitybdd.core.Serenity - STARTING STEP Then selected option in "Contact preference" drop-down menu is "Email"
]]></system-err>
  </testcase>
  <testcase name="Given open the site and login" classname="Scenario: VIR-227.01 Verify that the customer can view the service level field right of the contract drop down" time="0.01">
    <error message="Could not initialize class com.virco.locators.SiteData" type="net.serenitybdd.core.exceptions.SerenityManagedException"><![CDATA[net.serenitybdd.core.exceptions.SerenityManagedException: Could not initialize class com.virco.locators.SiteData
	at com.virco.steps.serenity.CommonUserSteps.openTheSite(CommonUserSteps.java:19)
	at com.virco.steps.serenity.CommonUserSteps$$EnhancerByCGLIB$$d8541bfa.CGLIB$openTheSite$6(<generated>)
	at com.virco.steps.serenity.CommonUserSteps$$EnhancerByCGLIB$$d8541bfa$$FastClassByCGLIB$$ea8e0f86.invoke(<generated>)
	at net.sf.cglib.proxy.MethodProxy.invokeSuper(MethodProxy.java:228)
	at net.thucydides.core.steps.StepInterceptor.invokeMethod(StepInterceptor.java:372)
	at net.thucydides.core.steps.StepInterceptor.executeTestStepMethod(StepInterceptor.java:357)
	at net.thucydides.core.steps.StepInterceptor.runTestStep(StepInterceptor.java:332)
	at net.thucydides.core.steps.StepInterceptor.testStepResult(StepInterceptor.java:134)
	at net.thucydides.core.steps.StepInterceptor.intercept(StepInterceptor.java:61)
	at com.virco.steps.serenity.CommonUserSteps$$EnhancerByCGLIB$$d8541bfa.openTheSite(<generated>)
	at com.virco.steps.CommonDefinitionSteps.openTheSiteAndLogin(CommonDefinitionSteps.java:72)
	at sun.reflect.GeneratedMethodAccessor143.invoke(Unknown Source)
	at sun.reflect.DelegatingMethodAccessorImpl.invoke(DelegatingMethodAccessorImpl.java:43)
	at java.lang.reflect.Method.invoke(Method.java:498)
	at cucumber.runtime.Utils$1.call(Utils.java:40)
	at cucumber.runtime.Timeout.timeout(Timeout.java:16)
	at cucumber.runtime.Utils.invoke(Utils.java:34)
	at cucumber.runtime.java.JavaStepDefinition.execute(JavaStepDefinition.java:38)
	at cucumber.runtime.StepDefinitionMatch.runStep(StepDefinitionMatch.java:37)
	at cucumber.runtime.Runtime.runStep(Runtime.java:300)
	at cucumber.runtime.model.StepContainer.runStep(StepContainer.java:44)
	at cucumber.runtime.model.StepContainer.runSteps(StepContainer.java:39)
	at cucumber.runtime.model.CucumberScenario.run(CucumberScenario.java:44)
	at cucumber.runtime.junit.ExecutionUnitRunner.run(ExecutionUnitRunner.java:102)
	at cucumber.runtime.junit.FeatureRunner.runChild(FeatureRunner.java:63)
	at cucumber.runtime.junit.FeatureRunner.runChild(FeatureRunner.java:18)
	at org.junit.runners.ParentRunner$3.run(ParentRunner.java:290)
	at org.junit.runners.ParentRunner$1.schedule(ParentRunner.java:71)
	at org.junit.runners.ParentRunner.runChildren(ParentRunner.java:288)
	at org.junit.runners.ParentRunner.access$000(ParentRunner.java:58)
	at org.junit.runners.ParentRunner$2.evaluate(ParentRunner.java:268)
	at org.junit.runners.ParentRunner.run(ParentRunner.java:363)
	at cucumber.runtime.junit.FeatureRunner.run(FeatureRunner.java:70)
	at cucumber.api.junit.Cucumber.runChild(Cucumber.java:95)
	at cucumber.api.junit.Cucumber.runChild(Cucumber.java:38)
	at org.junit.runners.ParentRunner$3.run(ParentRunner.java:290)
	at org.junit.runners.ParentRunner$1.schedule(ParentRunner.java:71)
	at org.junit.runners.ParentRunner.runChildren(ParentRunner.java:288)
	at org.junit.runners.ParentRunner.access$000(ParentRunner.java:58)
	at org.junit.runners.ParentRunner$2.evaluate(ParentRunner.java:268)
	at org.junit.runners.ParentRunner.run(ParentRunner.java:363)
	at cucumber.api.junit.Cucumber.run(Cucumber.java:100)
	at org.apache.maven.surefire.junit4.JUnit4Provider.execute(JUnit4Provider.java:283)
	at org.apache.maven.surefire.junit4.JUnit4Provider.executeWithRerun(JUnit4Provider.java:173)
	at org.apache.maven.surefire.junit4.JUnit4Provider.executeTestSet(JUnit4Provider.java:153)
	at org.apache.maven.surefire.junit4.JUnit4Provider.invoke(JUnit4Provider.java:128)
	at org.apache.maven.surefire.booter.ForkedBooter.invokeProviderInSameClassLoader(ForkedBooter.java:203)
	at org.apache.maven.surefire.booter.ForkedBooter.runSuitesInProcess(ForkedBooter.java:155)
	at org.apache.maven.surefire.booter.ForkedBooter.main(ForkedBooter.java:103)
]]></error>
    <system-err><![CDATA[[main] INFO net.serenitybdd.core.Serenity - IGNORING STEP
[main] ERROR net.serenitybdd.core.Serenity - 
           __  _____ _____ ____ _____   _____ _    ___ _     _____ ____  
  _       / / |_   _| ____/ ___|_   _| |  ___/ \  |_ _| |   | ____|  _ \ 
 (_)_____| |    | | |  _| \___ \ | |   | |_ / _ \  | || |   |  _| | | | |
  _|_____| |    | | | |___ ___) || |   |  _/ ___ \ | || |___| |___| |_| |
 (_)     | |    |_| |_____|____/ |_|   |_|/_/   \_\___|_____|_____|____/ 
          \_\                                                            

TEST FAILED WITH ERROR: VIR-247.03 Verify that the shopper can edit the following personal details
---------------------------------------------------------------------
[main] ERROR net.serenitybdd.core.Serenity - TEST FAILED AT STEP Open the site
[main] ERROR net.serenitybdd.core.Serenity - Could not initialize class com.virco.locators.SiteData
[pool-1-thread-1] INFO net.thucydides.core.reports.json.JSONTestOutcomeReporter - Generating JSON report for VIR-235.02 Verify that the newest order is shown first in the list to file /Users/rodionsavchuk/hybrisAutomation/virco-automatedtests/target/site/serenity/8840d0acce101c4828203142f8d64f0725d2637a38c8eebef56a7d6a8b899749.json (using temp file /Users/rodionsavchuk/hybrisAutomation/virco-automatedtests/target/site/serenity/8840d0acce101c4828203142f8d64f0725d2637a38c8eebef56a7d6a8b899749.json66bce423-51e9-4cca-867e-c02c8936b5f5)
[pool-1-thread-2] INFO net.thucydides.core.reports.json.JSONTestOutcomeReporter - Generating JSON report for VIR-235.03 Verify that the orders can be filtered by to file /Users/rodionsavchuk/hybrisAutomation/virco-automatedtests/target/site/serenity/29922dd92355b657a29ca8ceee8ece530ee19fab8572208c0d42c3104ff16960.json (using temp file /Users/rodionsavchuk/hybrisAutomation/virco-automatedtests/target/site/serenity/29922dd92355b657a29ca8ceee8ece530ee19fab8572208c0d42c3104ff16960.json8738b42d-f5e7-4fd1-acf4-7f2f0a81d94f)
[pool-1-thread-3] INFO net.thucydides.core.reports.json.JSONTestOutcomeReporter - Generating JSON report for VIR-235.01 Verify that the shopper can view the order history within My Account to file /Users/rodionsavchuk/hybrisAutomation/virco-automatedtests/target/site/serenity/273677580b5ade55ccb470a2e988196811df982925cdbb1ace31e0a5efaabec1.json (using temp file /Users/rodionsavchuk/hybrisAutomation/virco-automatedtests/target/site/serenity/273677580b5ade55ccb470a2e988196811df982925cdbb1ace31e0a5efaabec1.jsonecb7ec7b-57e5-42aa-81c5-539b4d61fa46)
[pool-1-thread-4] INFO net.thucydides.core.reports.json.JSONTestOutcomeReporter - Generating JSON report for VIR-235.04 Verify that the current year view of orders is set by default to file /Users/rodionsavchuk/hybrisAutomation/virco-automatedtests/target/site/serenity/611fe17d9cda8a2f0360fd4a5e0044434a5a44282d734d3f572d018496b6a768.json (using temp file /Users/rodionsavchuk/hybrisAutomation/virco-automatedtests/target/site/serenity/611fe17d9cda8a2f0360fd4a5e0044434a5a44282d734d3f572d018496b6a768.json76f89240-7b12-4fc2-899c-9140544f82f3)
[pool-1-thread-1] INFO net.thucydides.core.reports.json.JSONTestOutcomeReporter - Generating JSON report for VIR-235.05 Verify that the orders can be sorted by to file /Users/rodionsavchuk/hybrisAutomation/virco-automatedtests/target/site/serenity/b3c85d502fdd11d32f7b2c0e62dbb38be0c6f9c593e4d4ccd95adcc5fe60b304.json (using temp file /Users/rodionsavchuk/hybrisAutomation/virco-automatedtests/target/site/serenity/b3c85d502fdd11d32f7b2c0e62dbb38be0c6f9c593e4d4ccd95adcc5fe60b304.json531d2fe0-d363-4c96-9726-806945f4a63c)
[pool-1-thread-2] INFO net.thucydides.core.reports.json.JSONTestOutcomeReporter - Generating JSON report for VIR-235.06 Verify that the orders can be grouped by PO# (alpha-numeric) to file /Users/rodionsavchuk/hybrisAutomation/virco-automatedtests/target/site/serenity/69529ca40520069837eb10aa62eb1ab7518abd062932198aaa75ce49a153bdf4.json (using temp file /Users/rodionsavchuk/hybrisAutomation/virco-automatedtests/target/site/serenity/69529ca40520069837eb10aa62eb1ab7518abd062932198aaa75ce49a153bdf4.json19b2bc75-6475-40af-8c88-d47d9c71361b)
[pool-1-thread-3] INFO net.thucydides.core.reports.json.JSONTestOutcomeReporter - Generating JSON report for VIR-236.01 Verify that the shopper can see the created by him ECC orders withing Orders History to file /Users/rodionsavchuk/hybrisAutomation/virco-automatedtests/target/site/serenity/6e0b05141f32d41efa52a2f8708a010ef30be5406c962e50aa108e52f637ff4f.json (using temp file /Users/rodionsavchuk/hybrisAutomation/virco-automatedtests/target/site/serenity/6e0b05141f32d41efa52a2f8708a010ef30be5406c962e50aa108e52f637ff4f.jsona46197c8-fbd1-4f36-a1e8-b8aefbbe818a)
[pool-1-thread-1] INFO net.thucydides.core.reports.json.JSONTestOutcomeReporter - Generating JSON report for VIR-236.02 Verify that the shopper is able to see the ECC orders details to file /Users/rodionsavchuk/hybrisAutomation/virco-automatedtests/target/site/serenity/06a785ccbf37298662c0a3d0b35aa8a04f4eb296e14af96a2032ecacd8155265.json (using temp file /Users/rodionsavchuk/hybrisAutomation/virco-automatedtests/target/site/serenity/06a785ccbf37298662c0a3d0b35aa8a04f4eb296e14af96a2032ecacd8155265.json61f5183d-588d-4522-9fda-9e3316b428d2)
[pool-1-thread-2] INFO net.thucydides.core.reports.json.JSONTestOutcomeReporter - Generating JSON report for VIR-236.03 Verify that shopper is not able to reorder the ECC orders to file /Users/rodionsavchuk/hybrisAutomation/virco-automatedtests/target/site/serenity/adad10cc0c0c283641a22aee227822d43a6b04d28868ac5b5b9f65428e2198f1.json (using temp file /Users/rodionsavchuk/hybrisAutomation/virco-automatedtests/target/site/serenity/adad10cc0c0c283641a22aee227822d43a6b04d28868ac5b5b9f65428e2198f1.jsond0694534-5630-4c78-900c-ffd383893c4e)
[pool-1-thread-3] INFO net.thucydides.core.reports.json.JSONTestOutcomeReporter - Generating JSON report for VIR-237.01 Verify that the chief shopper is able to view the orders created by others within their organization to file /Users/rodionsavchuk/hybrisAutomation/virco-automatedtests/target/site/serenity/37ec79a1d6a9cc6a2aec4574466f6dcb64dfed35c002fda7b3134b876ab9d490.json (using temp file /Users/rodionsavchuk/hybrisAutomation/virco-automatedtests/target/site/serenity/37ec79a1d6a9cc6a2aec4574466f6dcb64dfed35c002fda7b3134b876ab9d490.jsonfbb48b7b-241d-4e2e-9aa0-bf0a87965ab4)
[pool-1-thread-4] INFO net.thucydides.core.reports.json.JSONTestOutcomeReporter - Generating JSON report for VIR-237.02 Verify that all orders are shown at the same page to file /Users/rodionsavchuk/hybrisAutomation/virco-automatedtests/target/site/serenity/04c1b88fcf25fa2f1ca595220bf539bd3345daf07b3f5fd975b7cfa258aa1a72.json (using temp file /Users/rodionsavchuk/hybrisAutomation/virco-automatedtests/target/site/serenity/04c1b88fcf25fa2f1ca595220bf539bd3345daf07b3f5fd975b7cfa258aa1a72.jsonda57879f-f196-4d29-b57e-73041578a2c0)
[pool-1-thread-1] INFO net.thucydides.core.reports.json.JSONTestOutcomeReporter - Generating JSON report for VIR-238.01 Verify that the stuff shopper can view orders created by him/her to file /Users/rodionsavchuk/hybrisAutomation/virco-automatedtests/target/site/serenity/da20584ac40b990dc291e9ae9cb2facdd86f681d176e5cbf03c9dc84024b2dea.json (using temp file /Users/rodionsavchuk/hybrisAutomation/virco-automatedtests/target/site/serenity/da20584ac40b990dc291e9ae9cb2facdd86f681d176e5cbf03c9dc84024b2dea.jsonadc0a6e2-2920-4191-8600-049c6e17bc43)
[pool-1-thread-2] INFO net.thucydides.core.reports.json.JSONTestOutcomeReporter - Generating JSON report for VIR-239.01 Verify that the shopper can see the Reorder button near each order in the list of orders history to file /Users/rodionsavchuk/hybrisAutomation/virco-automatedtests/target/site/serenity/bc5c957c59b8dd4780a20bc8c811eb7cd90739e0aa75b27ef4276f5d16b25e8a.json (using temp file /Users/rodionsavchuk/hybrisAutomation/virco-automatedtests/target/site/serenity/bc5c957c59b8dd4780a20bc8c811eb7cd90739e0aa75b27ef4276f5d16b25e8a.jsonc7f8de55-8561-4313-aa04-4d9a8d5c090f)
[pool-1-thread-3] INFO net.thucydides.core.reports.json.JSONTestOutcomeReporter - Generating JSON report for VIR-238.02 Verify that the admin shoppers can view orders placed by admin and stuff shoppers within organization to file /Users/rodionsavchuk/hybrisAutomation/virco-automatedtests/target/site/serenity/049e5266696367738227685efc996b610d41e4a9ff2b91176988ad3e5d046577.json (using temp file /Users/rodionsavchuk/hybrisAutomation/virco-automatedtests/target/site/serenity/049e5266696367738227685efc996b610d41e4a9ff2b91176988ad3e5d046577.json3fbccd19-32d5-439c-aac9-04cff4407040)
[pool-1-thread-1] INFO net.thucydides.core.reports.json.JSONTestOutcomeReporter - Generating JSON report for VIR-239.02 Verify that the Reorder button is present at the order details page to file /Users/rodionsavchuk/hybrisAutomation/virco-automatedtests/target/site/serenity/7f2baa53bf21c1609ec69298572380037821566fedb28a9f798f27a38a595463.json (using temp file /Users/rodionsavchuk/hybrisAutomation/virco-automatedtests/target/site/serenity/7f2baa53bf21c1609ec69298572380037821566fedb28a9f798f27a38a595463.json128d5df6-3322-4925-920b-787810ecf14d)
[pool-1-thread-3] INFO net.thucydides.core.reports.json.JSONTestOutcomeReporter - Generating JSON report for VIR-239.04 Verify that the new order with the same order details is created after reordering to file /Users/rodionsavchuk/hybrisAutomation/virco-automatedtests/target/site/serenity/86d284f6d52dd7b06703c0e65ed979dc08ab5e91925669335c8db93a482789bd.json (using temp file /Users/rodionsavchuk/hybrisAutomation/virco-automatedtests/target/site/serenity/86d284f6d52dd7b06703c0e65ed979dc08ab5e91925669335c8db93a482789bd.jsond9caee1e-c9fb-42fe-ad98-ec3d97d20e2f)
[pool-1-thread-2] INFO net.thucydides.core.reports.json.JSONTestOutcomeReporter - Generating JSON report for VIR-239.03 Verify that the Reorder button is present only near the orders created by shopper to file /Users/rodionsavchuk/hybrisAutomation/virco-automatedtests/target/site/serenity/db5d2cc2cdb477151d79acc5ba80f9970445ac1f4a40c15aea05ceaf9d72ab4c.json (using temp file /Users/rodionsavchuk/hybrisAutomation/virco-automatedtests/target/site/serenity/db5d2cc2cdb477151d79acc5ba80f9970445ac1f4a40c15aea05ceaf9d72ab4c.json4fa6116d-25ff-48e1-a6be-f34357d4d12f)
[pool-1-thread-1] INFO net.thucydides.core.reports.json.JSONTestOutcomeReporter - Generating JSON report for VIR-239.06 Verify that the Chief can reorder the orders created by him, admin and stuff shoppers to file /Users/rodionsavchuk/hybrisAutomation/virco-automatedtests/target/site/serenity/ce484b4c5f4b477729fe56f6574c4b704d459afba8238101689edf60627995fe.json (using temp file /Users/rodionsavchuk/hybrisAutomation/virco-automatedtests/target/site/serenity/ce484b4c5f4b477729fe56f6574c4b704d459afba8238101689edf60627995fe.json99d68d47-8e29-4942-8b4d-30243205ce0d)
[pool-1-thread-1] INFO net.thucydides.core.reports.json.JSONTestOutcomeReporter - Generating JSON report for VIR-240.01 Verify that the following message is shown to the customer if they entered wrong login data at first and second times to file /Users/rodionsavchuk/hybrisAutomation/virco-automatedtests/target/site/serenity/5c983153fe2ebb177f0d9e8b132ca59a6e0ee0ae8654058c47ae107dbb7196e9.json (using temp file /Users/rodionsavchuk/hybrisAutomation/virco-automatedtests/target/site/serenity/5c983153fe2ebb177f0d9e8b132ca59a6e0ee0ae8654058c47ae107dbb7196e9.json2d1e539a-2899-44ce-8d5d-7096085c3613)
[pool-1-thread-3] INFO net.thucydides.core.reports.json.JSONTestOutcomeReporter - Generating JSON report for VIR-239.07 Verify that the Stuff shopper can reorder the orders created by him\her only to file /Users/rodionsavchuk/hybrisAutomation/virco-automatedtests/target/site/serenity/b8018260c31d901f3d8d776ff65116bc168b781e95b8a9f89641bcafaaa081f8.json (using temp file /Users/rodionsavchuk/hybrisAutomation/virco-automatedtests/target/site/serenity/b8018260c31d901f3d8d776ff65116bc168b781e95b8a9f89641bcafaaa081f8.json0a7f64ef-401e-4845-8bb6-2c767a353132)
[pool-1-thread-2] INFO net.thucydides.core.reports.json.JSONTestOutcomeReporter - Generating JSON report for VIR-240.02 Verify that the error message is shown to the customer if they entered wrong login data three and more times to file /Users/rodionsavchuk/hybrisAutomation/virco-automatedtests/target/site/serenity/feea09e30f98fa20f26d9fa541c867e47262726ef2edae67658e6fe1f69f795b.json (using temp file /Users/rodionsavchuk/hybrisAutomation/virco-automatedtests/target/site/serenity/feea09e30f98fa20f26d9fa541c867e47262726ef2edae67658e6fe1f69f795b.json8f67d31b-84e9-4661-9c54-1734244c020b)
[pool-1-thread-1] INFO net.thucydides.core.reports.json.JSONTestOutcomeReporter - Generating JSON report for VIR-240.03 Verify that the account is locked automatically after 3 incorrect login attempts to file /Users/rodionsavchuk/hybrisAutomation/virco-automatedtests/target/site/serenity/98702c761630d5e96c1885fc6b7d9edc2d3d9276a61dcb964fb55a77180ac4c4.json (using temp file /Users/rodionsavchuk/hybrisAutomation/virco-automatedtests/target/site/serenity/98702c761630d5e96c1885fc6b7d9edc2d3d9276a61dcb964fb55a77180ac4c4.jsonbb779fd7-1d71-43cd-a2e7-01e7b0c54df4)
[pool-1-thread-4] INFO net.thucydides.core.reports.json.JSONTestOutcomeReporter - Generating JSON report for VIR-239.05 Verify that the Admin can reorder the orders created by him and stuff shoppers to file /Users/rodionsavchuk/hybrisAutomation/virco-automatedtests/target/site/serenity/bd0258604ad0a60526916081e6985c7c5319337a9181a074ad5638ad9d781d0d.json (using temp file /Users/rodionsavchuk/hybrisAutomation/virco-automatedtests/target/site/serenity/bd0258604ad0a60526916081e6985c7c5319337a9181a074ad5638ad9d781d0d.json7a3e8977-0249-4d03-878d-65f7eb4957f1)
[pool-1-thread-4] INFO net.thucydides.core.reports.json.JSONTestOutcomeReporter - Generating JSON report for VIR-240.04 Verify that the customer can phone via Skype when they click on the phone number from desktop browser to file /Users/rodionsavchuk/hybrisAutomation/virco-automatedtests/target/site/serenity/022ceba0bee1a7e3be70af6fce73e28abbfa02e327dc996b425b971073e81949.json (using temp file /Users/rodionsavchuk/hybrisAutomation/virco-automatedtests/target/site/serenity/022ceba0bee1a7e3be70af6fce73e28abbfa02e327dc996b425b971073e81949.json0172f630-92bc-48a0-a36e-a95fd3df34b3)
[pool-1-thread-4] INFO net.thucydides.core.reports.json.JSONTestOutcomeReporter - Generating JSON report for VIR-240.05 Verify that the customer can phone via phone/skype when they click on the phone number from mobile device to file /Users/rodionsavchuk/hybrisAutomation/virco-automatedtests/target/site/serenity/0acf8d5b428f155bb5cd03ead2beee85cb116b173f667ca0d7eddf263c734900.json (using temp file /Users/rodionsavchuk/hybrisAutomation/virco-automatedtests/target/site/serenity/0acf8d5b428f155bb5cd03ead2beee85cb116b173f667ca0d7eddf263c734900.json98b974e9-02d4-404f-9659-6c0d9ce2fc57)
[pool-1-thread-1] INFO net.thucydides.core.reports.json.JSONTestOutcomeReporter - Generating JSON report for VIR-241.01 Verify that the bunch of customers are created in hybris after running mass setup script to file /Users/rodionsavchuk/hybrisAutomation/virco-automatedtests/target/site/serenity/463850b14992f16a3a2bf3702fcc5975eee58ce459f840ff047b04c2eaef46d1.json (using temp file /Users/rodionsavchuk/hybrisAutomation/virco-automatedtests/target/site/serenity/463850b14992f16a3a2bf3702fcc5975eee58ce459f840ff047b04c2eaef46d1.jsonb614db08-083e-45b6-a11e-4ce8b4a8e5f7)
[pool-1-thread-2] INFO net.thucydides.core.reports.json.JSONTestOutcomeReporter - Generating JSON report for VIR-241.02 Verify that the personal details are mapped appropriately to file /Users/rodionsavchuk/hybrisAutomation/virco-automatedtests/target/site/serenity/a13f41939905f13645385d57d811c8cdd84a0cbed0caf2a6b3c4f55c28d79c01.json (using temp file /Users/rodionsavchuk/hybrisAutomation/virco-automatedtests/target/site/serenity/a13f41939905f13645385d57d811c8cdd84a0cbed0caf2a6b3c4f55c28d79c01.jsonbf7d2959-9eac-4666-a0a7-c304dc117ab2)
[pool-1-thread-3] INFO net.thucydides.core.reports.json.JSONTestOutcomeReporter - Generating JSON report for VIR-241.03 Verify that the data outlined in ID3 are copied into the hybris to file /Users/rodionsavchuk/hybrisAutomation/virco-automatedtests/target/site/serenity/39e10a2762693c36aeb39ffa0694d6429714a5caa78716ad3e3a6dc6f9f35100.json (using temp file /Users/rodionsavchuk/hybrisAutomation/virco-automatedtests/target/site/serenity/39e10a2762693c36aeb39ffa0694d6429714a5caa78716ad3e3a6dc6f9f35100.json47bf1619-ee9b-4844-83be-e503de54308e)
[pool-1-thread-2] INFO net.thucydides.core.reports.json.JSONTestOutcomeReporter - Generating JSON report for VIR-241.04 Verify that just set up customers can log into the system and perform appropriate activities (due to the permissions) to file /Users/rodionsavchuk/hybrisAutomation/virco-automatedtests/target/site/serenity/cad527a19b233d2a98237bc580b3e071a577ec5892a5ac544f2f50b81e1edc9a.json (using temp file /Users/rodionsavchuk/hybrisAutomation/virco-automatedtests/target/site/serenity/cad527a19b233d2a98237bc580b3e071a577ec5892a5ac544f2f50b81e1edc9a.json34fb882e-7b6c-49e0-85e4-05e1e3e59142)
[pool-1-thread-4] INFO net.thucydides.core.reports.json.JSONTestOutcomeReporter - Generating JSON report for VIR-242.01 Verify that the following sub menu My Account menu has following options to file /Users/rodionsavchuk/hybrisAutomation/virco-automatedtests/target/site/serenity/1276140ef62c6432b71b0f37d8025035d8b303a616dfb579c0464109d19a2074.json (using temp file /Users/rodionsavchuk/hybrisAutomation/virco-automatedtests/target/site/serenity/1276140ef62c6432b71b0f37d8025035d8b303a616dfb579c0464109d19a2074.json7e407c36-0fcd-4313-a2c1-52ab4024b744)
[pool-1-thread-1] INFO net.thucydides.core.reports.json.JSONTestOutcomeReporter - Generating JSON report for VIR-242.02 Verify that the shopper is moved to the appropriate page after clicking on the sub-menu option to file /Users/rodionsavchuk/hybrisAutomation/virco-automatedtests/target/site/serenity/28ef021d759f2a4643b61547ae2c5a1b9ce2544b0930e552ce883dc4238eb54c.json (using temp file /Users/rodionsavchuk/hybrisAutomation/virco-automatedtests/target/site/serenity/28ef021d759f2a4643b61547ae2c5a1b9ce2544b0930e552ce883dc4238eb54c.json20785f74-26ca-4b8a-9514-70159a4764f3)
[pool-1-thread-2] INFO net.thucydides.core.reports.json.JSONTestOutcomeReporter - Generating JSON report for VIR-243.01 Verify that the order tracking number is shown at the Order History and on the Order Details pages to file /Users/rodionsavchuk/hybrisAutomation/virco-automatedtests/target/site/serenity/70b6f3d948299c508f0755eca224d394eabc6d05bab5864a70e0f1b9c6b1e644.json (using temp file /Users/rodionsavchuk/hybrisAutomation/virco-automatedtests/target/site/serenity/70b6f3d948299c508f0755eca224d394eabc6d05bab5864a70e0f1b9c6b1e644.json48a6060d-d6dd-47d8-b9c4-a7d01d146bc3)
[pool-1-thread-2] INFO net.thucydides.core.reports.json.JSONTestOutcomeReporter - Generating JSON report for VIR-243.02 Verify that the several order tracking number can be shown for one order to file /Users/rodionsavchuk/hybrisAutomation/virco-automatedtests/target/site/serenity/962a8661ed130dbc7b367611253983130c921d9ccf15ff013ae776fad79d5178.json (using temp file /Users/rodionsavchuk/hybrisAutomation/virco-automatedtests/target/site/serenity/962a8661ed130dbc7b367611253983130c921d9ccf15ff013ae776fad79d5178.json217481c9-103c-4b18-99d6-d9f71b255136)
[pool-1-thread-2] INFO net.thucydides.core.reports.json.JSONTestOutcomeReporter - Generating JSON report for VIR-243.03 Verify that the order delivery status is shown in new window after clicking on tracking number link to file /Users/rodionsavchuk/hybrisAutomation/virco-automatedtests/target/site/serenity/05de3555ce50877d7a68bf12b1c9ce484c460fe5f0202de33af8de7536c5347d.json (using temp file /Users/rodionsavchuk/hybrisAutomation/virco-automatedtests/target/site/serenity/05de3555ce50877d7a68bf12b1c9ce484c460fe5f0202de33af8de7536c5347d.json50c7d19a-cd8a-483b-bd66-acaa70fba3be)
[pool-1-thread-3] INFO net.thucydides.core.reports.json.JSONTestOutcomeReporter - Generating JSON report for VIR-243.04 Verify that the chief shopper can see the order tracking number for the orders created by to file /Users/rodionsavchuk/hybrisAutomation/virco-automatedtests/target/site/serenity/6679b678bf94497d010ee1d2e4e9da687ae39e591aaeb2628364a7db535048bd.json (using temp file /Users/rodionsavchuk/hybrisAutomation/virco-automatedtests/target/site/serenity/6679b678bf94497d010ee1d2e4e9da687ae39e591aaeb2628364a7db535048bd.jsonc19816bb-27f2-4f81-ae9d-66c633d9c5ff)
[pool-1-thread-1] INFO net.thucydides.core.reports.json.JSONTestOutcomeReporter - Generating JSON report for VIR-243.05 Verify that the admin shopper can see the order tracking number for the orders created by to file /Users/rodionsavchuk/hybrisAutomation/virco-automatedtests/target/site/serenity/62c275f127453f29fafc4c2149202cb494bb82c96be65d9c7ffdda17d402d199.json (using temp file /Users/rodionsavchuk/hybrisAutomation/virco-automatedtests/target/site/serenity/62c275f127453f29fafc4c2149202cb494bb82c96be65d9c7ffdda17d402d199.json1a892e9c-0f0b-4565-af18-1a2e2ea15bad)
[pool-1-thread-3] INFO net.thucydides.core.reports.json.JSONTestOutcomeReporter - Generating JSON report for VIR-244.01 Verify that the shopper can see their email address within Email in My Account Menu to file /Users/rodionsavchuk/hybrisAutomation/virco-automatedtests/target/site/serenity/bf8e1443a8f088c9e57e0348c8704fc75e0549ba1f9d96c39d9d0ad3f4b04b32.json (using temp file /Users/rodionsavchuk/hybrisAutomation/virco-automatedtests/target/site/serenity/bf8e1443a8f088c9e57e0348c8704fc75e0549ba1f9d96c39d9d0ad3f4b04b32.json2d78c625-85f1-4222-85ae-66ec8d3bf676)
[pool-1-thread-1] INFO net.thucydides.core.reports.json.JSONTestOutcomeReporter - Generating JSON report for VIR-244.02 Verify that the email address is not editable to file /Users/rodionsavchuk/hybrisAutomation/virco-automatedtests/target/site/serenity/bfc781d1f39529c42f3e2e6163fe397cb7cd1efdb5aea56fac29b0f0f66e1a5e.json (using temp file /Users/rodionsavchuk/hybrisAutomation/virco-automatedtests/target/site/serenity/bfc781d1f39529c42f3e2e6163fe397cb7cd1efdb5aea56fac29b0f0f66e1a5e.json2df05b7e-28e5-4844-b6f0-36a7220608c9)
[pool-1-thread-2] INFO net.thucydides.core.reports.json.JSONTestOutcomeReporter - Generating JSON report for VIR-226.01 Verify that the dropdown list with contracts is shown in the header to file /Users/rodionsavchuk/hybrisAutomation/virco-automatedtests/target/site/serenity/1a7109a2e435410aec76a6616813b89a7a128938fc747b573a8bea77b5dc2e74.json (using temp file /Users/rodionsavchuk/hybrisAutomation/virco-automatedtests/target/site/serenity/1a7109a2e435410aec76a6616813b89a7a128938fc747b573a8bea77b5dc2e74.json06e4deef-501a-4502-8512-fe60ec002a08)
[pool-1-thread-2] INFO net.thucydides.core.reports.json.JSONTestOutcomeReporter - Generating JSON report for VIR-226.02 Verify that the default contract is selected automatically if no other contract is selected to file /Users/rodionsavchuk/hybrisAutomation/virco-automatedtests/target/site/serenity/a1cdc501ba181282011afc75c778ae005a66a25ac465bd9f54fb47cebe8da2b6.json (using temp file /Users/rodionsavchuk/hybrisAutomation/virco-automatedtests/target/site/serenity/a1cdc501ba181282011afc75c778ae005a66a25ac465bd9f54fb47cebe8da2b6.json7998c8fb-5a22-4c51-8978-7bd881df1e64)
[pool-1-thread-4] INFO net.thucydides.core.reports.json.JSONTestOutcomeReporter - Generating JSON report for VIR-226.03 Verify that each customer has their own default contract to file /Users/rodionsavchuk/hybrisAutomation/virco-automatedtests/target/site/serenity/1100df39b069668be73bd3fa061625067d18d2c8d7eb03db90d26ed720e1bad6.json (using temp file /Users/rodionsavchuk/hybrisAutomation/virco-automatedtests/target/site/serenity/1100df39b069668be73bd3fa061625067d18d2c8d7eb03db90d26ed720e1bad6.jsone8974a9e-38ff-405a-9a9f-d1e0cbfd7681)
[pool-1-thread-2] INFO net.thucydides.core.reports.json.JSONTestOutcomeReporter - Generating JSON report for VIR-226.04 Verify that the assigned to the shopper contracts (defined at the Ship To level) are shown in the list to file /Users/rodionsavchuk/hybrisAutomation/virco-automatedtests/target/site/serenity/736a6f27c422f3f6d8305a0f397a2adb789d1ed4974f92482a9f738f0fdbbfec.json (using temp file /Users/rodionsavchuk/hybrisAutomation/virco-automatedtests/target/site/serenity/736a6f27c422f3f6d8305a0f397a2adb789d1ed4974f92482a9f738f0fdbbfec.json4275238d-0217-4b6e-a288-b3e05a47c3be)
[pool-1-thread-3] INFO net.thucydides.core.reports.json.JSONTestOutcomeReporter - Generating JSON report for VIR-226.05 Verify that shopper can change the contract as many times, as they want to file /Users/rodionsavchuk/hybrisAutomation/virco-automatedtests/target/site/serenity/d72154fb388d26ac97bf25cdf1619f4513466127fb36eb261ec18074f0a654cd.json (using temp file /Users/rodionsavchuk/hybrisAutomation/virco-automatedtests/target/site/serenity/d72154fb388d26ac97bf25cdf1619f4513466127fb36eb261ec18074f0a654cd.json07cabf06-1461-4cfb-a70c-16067bed2a73)
[pool-1-thread-1] INFO net.thucydides.core.reports.json.JSONTestOutcomeReporter - Generating JSON report for VIR-226.06 Verify that if the shopper changed the contract, the prices and product list are updated accordingly to the selected contract to file /Users/rodionsavchuk/hybrisAutomation/virco-automatedtests/target/site/serenity/cb991777f2dcd6cec892aca2a17766a44ff88538bd62762eb06275f337f59188.json (using temp file /Users/rodionsavchuk/hybrisAutomation/virco-automatedtests/target/site/serenity/cb991777f2dcd6cec892aca2a17766a44ff88538bd62762eb06275f337f59188.jsondb53b21e-c947-4366-883b-bf6d3ee7b296)
[pool-1-thread-4] INFO net.thucydides.core.reports.json.JSONTestOutcomeReporter - Generating JSON report for VIR-226.07 Verify that if the contract is changed in customer master, it is changed to the customer without any notification to file /Users/rodionsavchuk/hybrisAutomation/virco-automatedtests/target/site/serenity/97d516a9dd97a3564503058531e457f4fe37c4fa911c4e0a2cd67d9e4f26df95.json (using temp file /Users/rodionsavchuk/hybrisAutomation/virco-automatedtests/target/site/serenity/97d516a9dd97a3564503058531e457f4fe37c4fa911c4e0a2cd67d9e4f26df95.jsonc7bcdfae-9cf7-4907-8771-f002b9924ff0)
[pool-1-thread-2] INFO net.thucydides.core.reports.json.JSONTestOutcomeReporter - Generating JSON report for VIR-226.08 Verify that the prices shows n/a, if the contract expired and the new one is not selected by shopper to file /Users/rodionsavchuk/hybrisAutomation/virco-automatedtests/target/site/serenity/90eacd21eb1e7e24d79a439ece9e6416daa13b514c337bcef555c498996ee27a.json (using temp file /Users/rodionsavchuk/hybrisAutomation/virco-automatedtests/target/site/serenity/90eacd21eb1e7e24d79a439ece9e6416daa13b514c337bcef555c498996ee27a.jsond892aec0-a33f-469d-b771-3b75d826160a)
[pool-1-thread-1] INFO net.thucydides.core.reports.json.JSONTestOutcomeReporter - Generating JSON report for VIR-226.01A Verify that the script switch the contract A to the contract B automatically for bunch of selected customers to file /Users/rodionsavchuk/hybrisAutomation/virco-automatedtests/target/site/serenity/40b3604109cc54897930215a5dff112d2f2a0f9a3f3a7c2ebf97db43a508944d.json (using temp file /Users/rodionsavchuk/hybrisAutomation/virco-automatedtests/target/site/serenity/40b3604109cc54897930215a5dff112d2f2a0f9a3f3a7c2ebf97db43a508944d.jsonaa3dce16-b0e5-4589-8215-2e5eac2da91a)
[pool-1-thread-3] INFO net.thucydides.core.reports.json.JSONTestOutcomeReporter - Generating JSON report for VIR-246.01 Verify that the shopper can see the saved carts within My Account to file /Users/rodionsavchuk/hybrisAutomation/virco-automatedtests/target/site/serenity/8f924b8e28c6b842e118d033edbc4760c495b83f62c62df3597462885f301c84.json (using temp file /Users/rodionsavchuk/hybrisAutomation/virco-automatedtests/target/site/serenity/8f924b8e28c6b842e118d033edbc4760c495b83f62c62df3597462885f301c84.jsonf361ec52-dc64-4b3a-b255-d4ba93b5a3f0)
[pool-1-thread-1] INFO net.thucydides.core.reports.json.JSONTestOutcomeReporter - Generating JSON report for VIR-246.02 Remove all from saved carts to file /Users/rodionsavchuk/hybrisAutomation/virco-automatedtests/target/site/serenity/57ad878c80f86f37b436866d9406bfc876bcc2a4fe8f331b75642b3504e58b7f.json (using temp file /Users/rodionsavchuk/hybrisAutomation/virco-automatedtests/target/site/serenity/57ad878c80f86f37b436866d9406bfc876bcc2a4fe8f331b75642b3504e58b7f.json1b5aeac0-f885-4acc-a946-ffbd7016fd78)
[pool-1-thread-2] INFO net.thucydides.core.reports.json.JSONTestOutcomeReporter - Generating JSON report for VIR-246.04 Verify that the products and their selected quantities are shown at the saved cart page to file /Users/rodionsavchuk/hybrisAutomation/virco-automatedtests/target/site/serenity/71d7b3b019de0d80556b2ab92ce7c04958edcacdb5185c7868f851880fce7a8c.json (using temp file /Users/rodionsavchuk/hybrisAutomation/virco-automatedtests/target/site/serenity/71d7b3b019de0d80556b2ab92ce7c04958edcacdb5185c7868f851880fce7a8c.json491112ce-d69a-44bd-9427-63f20e60a517)
[pool-1-thread-3] INFO net.thucydides.core.reports.json.JSONTestOutcomeReporter - Generating JSON report for VIR-246.05 Verify that saved cart can be restored to file /Users/rodionsavchuk/hybrisAutomation/virco-automatedtests/target/site/serenity/ad1c57abe3cc4827685bdae4426a5445264c10ce7dec22879e678adfd3c0c6cb.json (using temp file /Users/rodionsavchuk/hybrisAutomation/virco-automatedtests/target/site/serenity/ad1c57abe3cc4827685bdae4426a5445264c10ce7dec22879e678adfd3c0c6cb.json72f25697-a032-477f-9f7d-a11e30b6e47a)
[pool-1-thread-4] INFO net.thucydides.core.reports.json.JSONTestOutcomeReporter - Generating JSON report for VIR-246.03 Verify that the saved cart is shown on the saved carts page to file /Users/rodionsavchuk/hybrisAutomation/virco-automatedtests/target/site/serenity/a78cc380adec40d2bde41cc9dd7bf1cd6cc7f6dd92d52beceefba632467fc268.json (using temp file /Users/rodionsavchuk/hybrisAutomation/virco-automatedtests/target/site/serenity/a78cc380adec40d2bde41cc9dd7bf1cd6cc7f6dd92d52beceefba632467fc268.json3e9fc96e-2df5-4ac1-96ca-408dc565d87c)
[pool-1-thread-2] INFO net.thucydides.core.reports.json.JSONTestOutcomeReporter - Generating JSON report for VIR-246.07 Verify that saved cart can be removed to file /Users/rodionsavchuk/hybrisAutomation/virco-automatedtests/target/site/serenity/061f516f07433f1a6cec7dbbd7f35884d8c98eda047d9b875d1850373e38237b.json (using temp file /Users/rodionsavchuk/hybrisAutomation/virco-automatedtests/target/site/serenity/061f516f07433f1a6cec7dbbd7f35884d8c98eda047d9b875d1850373e38237b.jsone26e5145-96c0-40dc-8313-fa131f3c0330)
[pool-1-thread-1] INFO net.thucydides.core.reports.json.JSONTestOutcomeReporter - Generating JSON report for VIR-246.06 Verify that saved cart can be updated to file /Users/rodionsavchuk/hybrisAutomation/virco-automatedtests/target/site/serenity/7220eba5f2eae10da2dd4b065bbaeb5e362fcdf624f7734decc62917e1fdaa2b.json (using temp file /Users/rodionsavchuk/hybrisAutomation/virco-automatedtests/target/site/serenity/7220eba5f2eae10da2dd4b065bbaeb5e362fcdf624f7734decc62917e1fdaa2b.jsone351bd01-1a72-4c57-9c9f-f5e8a99b8dcd)
[pool-1-thread-2] INFO net.thucydides.core.reports.json.JSONTestOutcomeReporter - Generating JSON report for VIR-440.01 The cart q-ty is not based on the item level for the saved carts to file /Users/rodionsavchuk/hybrisAutomation/virco-automatedtests/target/site/serenity/094b9e637c71855896733520bffafcb8ad6030ed7d623ef6ac0130a6fc0c2d53.json (using temp file /Users/rodionsavchuk/hybrisAutomation/virco-automatedtests/target/site/serenity/094b9e637c71855896733520bffafcb8ad6030ed7d623ef6ac0130a6fc0c2d53.json8f2a01dd-f6b5-470f-a645-dc75aac49607)
[pool-1-thread-4] INFO net.thucydides.core.reports.json.JSONTestOutcomeReporter - Generating JSON report for VIR-247.02 Verify that the information is shown on Personal Details page to file /Users/rodionsavchuk/hybrisAutomation/virco-automatedtests/target/site/serenity/1c58bd9a5814b7613691d793847309f1ef23f2826d37705df4c9cf38112f3674.json (using temp file /Users/rodionsavchuk/hybrisAutomation/virco-automatedtests/target/site/serenity/1c58bd9a5814b7613691d793847309f1ef23f2826d37705df4c9cf38112f3674.jsone1319d4a-901f-4c9a-b494-3a7b0dcee01b)
[pool-1-thread-3] INFO net.thucydides.core.reports.json.JSONTestOutcomeReporter - Generating JSON report for VIR-247.01 Verify that the shopper can see their personal details within My Account to file /Users/rodionsavchuk/hybrisAutomation/virco-automatedtests/target/site/serenity/74c15acd41fcdfbd9ec94e06d76d8942b8816c278890834a38d2d05ac18bd9cb.json (using temp file /Users/rodionsavchuk/hybrisAutomation/virco-automatedtests/target/site/serenity/74c15acd41fcdfbd9ec94e06d76d8942b8816c278890834a38d2d05ac18bd9cb.json6f217775-2c76-4244-841f-b94051afdb9d)
[pool-1-thread-2] INFO net.thucydides.core.reports.json.JSONTestOutcomeReporter - Generating JSON report for VIR-247.03 Verify that the shopper can edit the following personal details to file /Users/rodionsavchuk/hybrisAutomation/virco-automatedtests/target/site/serenity/bf92986071382fb9ee82b0b367d6dae38872f696f6458186b60aeb2d09c74ec4.json (using temp file /Users/rodionsavchuk/hybrisAutomation/virco-automatedtests/target/site/serenity/bf92986071382fb9ee82b0b367d6dae38872f696f6458186b60aeb2d09c74ec4.json7dff1f09-bb90-458e-8388-956b98d0a074)
[pool-1-thread-1] INFO net.thucydides.core.reports.html.HtmlAcceptanceTestReporter - GENERATING HTML REPORT FOR ACT-10 - Order History Date Range:VIR-235.01 Verify that the shopper can view the order history within My Account in 273677580b5ade55ccb470a2e988196811df982925cdbb1ace31e0a5efaabec1.html in directory target/site/serenity  
[pool-1-thread-4] INFO net.thucydides.core.reports.html.HtmlAcceptanceTestReporter - GENERATING HTML REPORT FOR ACT-10 - Order History Date Range:VIR-235.03 Verify that the orders can be filtered by in 29922dd92355b657a29ca8ceee8ece530ee19fab8572208c0d42c3104ff16960.html in directory target/site/serenity  
[pool-1-thread-3] INFO net.thucydides.core.reports.html.HtmlAcceptanceTestReporter - GENERATING HTML REPORT FOR ACT-10 - Order History Date Range:VIR-235.04 Verify that the current year view of orders is set by default in 611fe17d9cda8a2f0360fd4a5e0044434a5a44282d734d3f572d018496b6a768.html in directory target/site/serenity  
[pool-1-thread-2] INFO net.thucydides.core.reports.html.HtmlAcceptanceTestReporter - GENERATING HTML REPORT FOR ACT-10 - Order History Date Range:VIR-235.02 Verify that the newest order is shown first in the list in 8840d0acce101c4828203142f8d64f0725d2637a38c8eebef56a7d6a8b899749.html in directory target/site/serenity  
[pool-1-thread-4] INFO net.thucydides.core.reports.html.HtmlAcceptanceTestReporter - GENERATING HTML REPORT FOR ACT-10 - Order History Date Range:VIR-235.05 Verify that the orders can be sorted by in b3c85d502fdd11d32f7b2c0e62dbb38be0c6f9c593e4d4ccd95adcc5fe60b304.html in directory target/site/serenity  
[pool-1-thread-1] INFO net.thucydides.core.reports.html.HtmlAcceptanceTestReporter - GENERATING HTML REPORT FOR ACT-10 - Order History Date Range:VIR-235.06 Verify that the orders can be grouped by PO# (alpha-numeric) in 69529ca40520069837eb10aa62eb1ab7518abd062932198aaa75ce49a153bdf4.html in directory target/site/serenity  
[pool-1-thread-3] INFO net.thucydides.core.reports.html.HtmlAcceptanceTestReporter - GENERATING HTML REPORT FOR ACT-11 - View Orders - Shopper ECC:VIR-236.01 Verify that the shopper can see the created by him ECC orders withing Orders History in 6e0b05141f32d41efa52a2f8708a010ef30be5406c962e50aa108e52f637ff4f.html in directory target/site/serenity  
[pool-1-thread-4] INFO net.thucydides.core.reports.html.HtmlAcceptanceTestReporter - GENERATING HTML REPORT FOR ACT-11 - View Orders - Shopper ECC:VIR-236.02 Verify that the shopper is able to see the ECC orders details in 06a785ccbf37298662c0a3d0b35aa8a04f4eb296e14af96a2032ecacd8155265.html in directory target/site/serenity  
[pool-1-thread-2] INFO net.thucydides.core.reports.html.HtmlAcceptanceTestReporter - GENERATING HTML REPORT FOR ACT-11 - View Orders - Shopper ECC:VIR-236.03 Verify that shopper is not able to reorder the ECC orders in adad10cc0c0c283641a22aee227822d43a6b04d28868ac5b5b9f65428e2198f1.html in directory target/site/serenity  
[pool-1-thread-1] INFO net.thucydides.core.reports.html.HtmlAcceptanceTestReporter - GENERATING HTML REPORT FOR ACT-12 - View Orders - Admin:VIR-237.01 Verify that the chief shopper is able to view the orders created by others within their organization in 37ec79a1d6a9cc6a2aec4574466f6dcb64dfed35c002fda7b3134b876ab9d490.html in directory target/site/serenity  
[pool-1-thread-4] INFO net.thucydides.core.reports.html.HtmlAcceptanceTestReporter - GENERATING HTML REPORT FOR ACT-12 - View Orders - Admin:VIR-237.02 Verify that all orders are shown at the same page in 04c1b88fcf25fa2f1ca595220bf539bd3345daf07b3f5fd975b7cfa258aa1a72.html in directory target/site/serenity  
[pool-1-thread-3] INFO net.thucydides.core.reports.html.HtmlAcceptanceTestReporter - GENERATING HTML REPORT FOR ACT-13 - Purchase History:VIR-238.01 Verify that the stuff shopper can view orders created by him/her in da20584ac40b990dc291e9ae9cb2facdd86f681d176e5cbf03c9dc84024b2dea.html in directory target/site/serenity  
[pool-1-thread-4] INFO net.thucydides.core.reports.html.HtmlAcceptanceTestReporter - GENERATING HTML REPORT FOR ACT-13 - Purchase History:VIR-238.02 Verify that the admin shoppers can view orders placed by admin and stuff shoppers within organization in 049e5266696367738227685efc996b610d41e4a9ff2b91176988ad3e5d046577.html in directory target/site/serenity  
[pool-1-thread-2] INFO net.thucydides.core.reports.html.HtmlAcceptanceTestReporter - GENERATING HTML REPORT FOR ACT-14 - Reorder:VIR-239.01 Verify that the shopper can see the Reorder button near each order in the list of orders history in bc5c957c59b8dd4780a20bc8c811eb7cd90739e0aa75b27ef4276f5d16b25e8a.html in directory target/site/serenity  
[pool-1-thread-3] INFO net.thucydides.core.reports.html.HtmlAcceptanceTestReporter - GENERATING HTML REPORT FOR ACT-14 - Reorder:VIR-239.02 Verify that the Reorder button is present at the order details page in 7f2baa53bf21c1609ec69298572380037821566fedb28a9f798f27a38a595463.html in directory target/site/serenity  
[pool-1-thread-4] INFO net.thucydides.core.reports.html.HtmlAcceptanceTestReporter - GENERATING HTML REPORT FOR ACT-14 - Reorder:VIR-239.03 Verify that the Reorder button is present only near the orders created by shopper in db5d2cc2cdb477151d79acc5ba80f9970445ac1f4a40c15aea05ceaf9d72ab4c.html in directory target/site/serenity  
[pool-1-thread-3] INFO net.thucydides.core.reports.html.HtmlAcceptanceTestReporter - GENERATING HTML REPORT FOR ACT-14 - Reorder:VIR-239.04 Verify that the new order with the same order details is created after reordering in 86d284f6d52dd7b06703c0e65ed979dc08ab5e91925669335c8db93a482789bd.html in directory target/site/serenity  
[pool-1-thread-2] INFO net.thucydides.core.reports.html.HtmlAcceptanceTestReporter - GENERATING HTML REPORT FOR ACT-14 - Reorder:VIR-239.06 Verify that the Chief can reorder the orders created by him, admin and stuff shoppers in ce484b4c5f4b477729fe56f6574c4b704d459afba8238101689edf60627995fe.html in directory target/site/serenity  
[pool-1-thread-4] INFO net.thucydides.core.reports.html.HtmlAcceptanceTestReporter - GENERATING HTML REPORT FOR ACT-14 - Reorder:VIR-239.07 Verify that the Stuff shopper can reorder the orders created by him\her only in b8018260c31d901f3d8d776ff65116bc168b781e95b8a9f89641bcafaaa081f8.html in directory target/site/serenity  
[pool-1-thread-1] INFO net.thucydides.core.reports.html.HtmlAcceptanceTestReporter - GENERATING HTML REPORT FOR ACT-14 - Reorder:VIR-239.05 Verify that the Admin can reorder the orders created by him and stuff shoppers in bd0258604ad0a60526916081e6985c7c5319337a9181a074ad5638ad9d781d0d.html in directory target/site/serenity  
[pool-1-thread-3] INFO net.thucydides.core.reports.html.HtmlAcceptanceTestReporter - GENERATING HTML REPORT FOR ACT-15 - Customer Management:VIR-240.01 Verify that the following message is shown to the customer if they entered wrong login data at first and second times in 5c983153fe2ebb177f0d9e8b132ca59a6e0ee0ae8654058c47ae107dbb7196e9.html in directory target/site/serenity  
[pool-1-thread-2] INFO net.thucydides.core.reports.html.HtmlAcceptanceTestReporter - GENERATING HTML REPORT FOR ACT-15 - Customer Management:VIR-240.02 Verify that the error message is shown to the customer if they entered wrong login data three and more times in feea09e30f98fa20f26d9fa541c867e47262726ef2edae67658e6fe1f69f795b.html in directory target/site/serenity  
[pool-1-thread-4] INFO net.thucydides.core.reports.html.HtmlAcceptanceTestReporter - GENERATING HTML REPORT FOR ACT-15 - Customer Management:VIR-240.03 Verify that the account is locked automatically after 3 incorrect login attempts in 98702c761630d5e96c1885fc6b7d9edc2d3d9276a61dcb964fb55a77180ac4c4.html in directory target/site/serenity  
[pool-1-thread-1] INFO net.thucydides.core.reports.html.HtmlAcceptanceTestReporter - GENERATING HTML REPORT FOR ACT-15 - Customer Management:VIR-240.04 Verify that the customer can phone via Skype when they click on the phone number from desktop browser in 022ceba0bee1a7e3be70af6fce73e28abbfa02e327dc996b425b971073e81949.html in directory target/site/serenity  
[pool-1-thread-4] INFO net.thucydides.core.reports.html.HtmlAcceptanceTestReporter - GENERATING HTML REPORT FOR ACT-16 - CSR Mass Set Up:VIR-241.01 Verify that the bunch of customers are created in hybris after running mass setup script in 463850b14992f16a3a2bf3702fcc5975eee58ce459f840ff047b04c2eaef46d1.html in directory target/site/serenity  
[pool-1-thread-1] INFO net.thucydides.core.reports.html.HtmlAcceptanceTestReporter - GENERATING HTML REPORT FOR ACT-16 - CSR Mass Set Up:VIR-241.02 Verify that the personal details are mapped appropriately in a13f41939905f13645385d57d811c8cdd84a0cbed0caf2a6b3c4f55c28d79c01.html in directory target/site/serenity  
[pool-1-thread-2] INFO net.thucydides.core.reports.html.HtmlAcceptanceTestReporter - GENERATING HTML REPORT FOR ACT-15 - Customer Management:VIR-240.05 Verify that the customer can phone via phone/skype when they click on the phone number from mobile device in 0acf8d5b428f155bb5cd03ead2beee85cb116b173f667ca0d7eddf263c734900.html in directory target/site/serenity  
[pool-1-thread-4] INFO net.thucydides.core.reports.html.HtmlAcceptanceTestReporter - GENERATING HTML REPORT FOR ACT-16 - CSR Mass Set Up:VIR-241.03 Verify that the data outlined in ID3 are copied into the hybris in 39e10a2762693c36aeb39ffa0694d6429714a5caa78716ad3e3a6dc6f9f35100.html in directory target/site/serenity  
[pool-1-thread-1] INFO net.thucydides.core.reports.html.HtmlAcceptanceTestReporter - GENERATING HTML REPORT FOR ACT-16 - CSR Mass Set Up:VIR-241.04 Verify that just set up customers can log into the system and perform appropriate activities (due to the permissions) in cad527a19b233d2a98237bc580b3e071a577ec5892a5ac544f2f50b81e1edc9a.html in directory target/site/serenity  
[pool-1-thread-4] INFO net.thucydides.core.reports.html.HtmlAcceptanceTestReporter - GENERATING HTML REPORT FOR ACT-17 - My Account View Options:VIR-242.02 Verify that the shopper is moved to the appropriate page after clicking on the sub-menu option in 28ef021d759f2a4643b61547ae2c5a1b9ce2544b0930e552ce883dc4238eb54c.html in directory target/site/serenity  
[pool-1-thread-1] INFO net.thucydides.core.reports.html.HtmlAcceptanceTestReporter - GENERATING HTML REPORT FOR ACT-18 - Tracking Information:VIR-243.01 Verify that the order tracking number is shown at the Order History and on the Order Details pages in 70b6f3d948299c508f0755eca224d394eabc6d05bab5864a70e0f1b9c6b1e644.html in directory target/site/serenity  
[pool-1-thread-1] INFO net.thucydides.core.reports.html.HtmlAcceptanceTestReporter - GENERATING HTML REPORT FOR ACT-18 - Tracking Information:VIR-243.02 Verify that the several order tracking number can be shown for one order in 962a8661ed130dbc7b367611253983130c921d9ccf15ff013ae776fad79d5178.html in directory target/site/serenity  
[pool-1-thread-1] INFO net.thucydides.core.reports.html.HtmlAcceptanceTestReporter - GENERATING HTML REPORT FOR ACT-18 - Tracking Information:VIR-243.03 Verify that the order delivery status is shown in new window after clicking on tracking number link in 05de3555ce50877d7a68bf12b1c9ce484c460fe5f0202de33af8de7536c5347d.html in directory target/site/serenity  
[pool-1-thread-2] INFO net.thucydides.core.reports.html.HtmlAcceptanceTestReporter - GENERATING HTML REPORT FOR ACT-17 - My Account View Options:VIR-242.01 Verify that the following sub menu My Account menu has following options in 1276140ef62c6432b71b0f37d8025035d8b303a616dfb579c0464109d19a2074.html in directory target/site/serenity  
[pool-1-thread-3] INFO net.thucydides.core.reports.html.HtmlAcceptanceTestReporter - GENERATING HTML REPORT FOR ACT-18 - Tracking Information:VIR-243.04 Verify that the chief shopper can see the order tracking number for the orders created by in 6679b678bf94497d010ee1d2e4e9da687ae39e591aaeb2628364a7db535048bd.html in directory target/site/serenity  
[pool-1-thread-3] INFO net.thucydides.core.reports.html.HtmlAcceptanceTestReporter - GENERATING HTML REPORT FOR ACT-19 - Static Email Address:VIR-244.02 Verify that the email address is not editable in bfc781d1f39529c42f3e2e6163fe397cb7cd1efdb5aea56fac29b0f0f66e1a5e.html in directory target/site/serenity  
[pool-1-thread-1] INFO net.thucydides.core.reports.html.HtmlAcceptanceTestReporter - GENERATING HTML REPORT FOR ACT-18 - Tracking Information:VIR-243.05 Verify that the admin shopper can see the order tracking number for the orders created by in 62c275f127453f29fafc4c2149202cb494bb82c96be65d9c7ffdda17d402d199.html in directory target/site/serenity  
[pool-1-thread-3] INFO net.thucydides.core.reports.html.HtmlAcceptanceTestReporter - GENERATING HTML REPORT FOR ACT-1 - Default Contract:VIR-226.01 Verify that the dropdown list with contracts is shown in the header in 1a7109a2e435410aec76a6616813b89a7a128938fc747b573a8bea77b5dc2e74.html in directory target/site/serenity  
[pool-1-thread-3] INFO net.thucydides.core.reports.html.HtmlAcceptanceTestReporter - GENERATING HTML REPORT FOR ACT-1 - Default Contract:VIR-226.02 Verify that the default contract is selected automatically if no other contract is selected in a1cdc501ba181282011afc75c778ae005a66a25ac465bd9f54fb47cebe8da2b6.html in directory target/site/serenity  
[pool-1-thread-2] INFO net.thucydides.core.reports.html.HtmlAcceptanceTestReporter - GENERATING HTML REPORT FOR ACT-19 - Static Email Address:VIR-244.01 Verify that the shopper can see their email address within Email in My Account Menu in bf8e1443a8f088c9e57e0348c8704fc75e0549ba1f9d96c39d9d0ad3f4b04b32.html in directory target/site/serenity  
[pool-1-thread-3] INFO net.thucydides.core.reports.html.HtmlAcceptanceTestReporter - GENERATING HTML REPORT FOR ACT-1 - Default Contract:VIR-226.04 Verify that the assigned to the shopper contracts (defined at the Ship To level) are shown in the list in 736a6f27c422f3f6d8305a0f397a2adb789d1ed4974f92482a9f738f0fdbbfec.html in directory target/site/serenity  
[pool-1-thread-2] INFO net.thucydides.core.reports.html.HtmlAcceptanceTestReporter - GENERATING HTML REPORT FOR ACT-1 - Default Contract:VIR-226.05 Verify that shopper can change the contract as many times, as they want in d72154fb388d26ac97bf25cdf1619f4513466127fb36eb261ec18074f0a654cd.html in directory target/site/serenity  
[pool-1-thread-1] INFO net.thucydides.core.reports.html.HtmlAcceptanceTestReporter - GENERATING HTML REPORT FOR ACT-1 - Default Contract:VIR-226.03 Verify that each customer has their own default contract in 1100df39b069668be73bd3fa061625067d18d2c8d7eb03db90d26ed720e1bad6.html in directory target/site/serenity  
[pool-1-thread-1] INFO net.thucydides.core.reports.html.HtmlAcceptanceTestReporter - GENERATING HTML REPORT FOR ACT-1 - Default Contract:VIR-226.08 Verify that the prices shows n/a, if the contract expired and the new one is not selected by shopper in 90eacd21eb1e7e24d79a439ece9e6416daa13b514c337bcef555c498996ee27a.html in directory target/site/serenity  
[pool-1-thread-2] INFO net.thucydides.core.reports.html.HtmlAcceptanceTestReporter - GENERATING HTML REPORT FOR ACT-1 - Default Contract:VIR-226.01A Verify that the script switch the contract A to the contract B automatically for bunch of selected customers in 40b3604109cc54897930215a5dff112d2f2a0f9a3f3a7c2ebf97db43a508944d.html in directory target/site/serenity  
[pool-1-thread-1] INFO net.thucydides.core.reports.html.HtmlAcceptanceTestReporter - GENERATING HTML REPORT FOR ACT-21 - View Saved Carts:VIR-246.01 Verify that the shopper can see the saved carts within My Account in 8f924b8e28c6b842e118d033edbc4760c495b83f62c62df3597462885f301c84.html in directory target/site/serenity  
[pool-1-thread-4] INFO net.thucydides.core.reports.html.HtmlAcceptanceTestReporter - GENERATING HTML REPORT FOR ACT-1 - Default Contract:VIR-226.07 Verify that if the contract is changed in customer master, it is changed to the customer without any notification in 97d516a9dd97a3564503058531e457f4fe37c4fa911c4e0a2cd67d9e4f26df95.html in directory target/site/serenity  
[pool-1-thread-3] INFO net.thucydides.core.reports.html.HtmlAcceptanceTestReporter - GENERATING HTML REPORT FOR ACT-1 - Default Contract:VIR-226.06 Verify that if the shopper changed the contract, the prices and product list are updated accordingly to the selected contract in cb991777f2dcd6cec892aca2a17766a44ff88538bd62762eb06275f337f59188.html in directory target/site/serenity  
[pool-1-thread-3] INFO net.thucydides.core.reports.html.HtmlAcceptanceTestReporter - GENERATING HTML REPORT FOR ACT-21 - View Saved Carts:VIR-246.03 Verify that the saved cart is shown on the saved carts page in a78cc380adec40d2bde41cc9dd7bf1cd6cc7f6dd92d52beceefba632467fc268.html in directory target/site/serenity  
[pool-1-thread-1] INFO net.thucydides.core.reports.html.HtmlAcceptanceTestReporter - GENERATING HTML REPORT FOR ACT-21 - View Saved Carts:VIR-246.04 Verify that the products and their selected quantities are shown at the saved cart page in 71d7b3b019de0d80556b2ab92ce7c04958edcacdb5185c7868f851880fce7a8c.html in directory target/site/serenity  
[pool-1-thread-4] INFO net.thucydides.core.reports.html.HtmlAcceptanceTestReporter - GENERATING HTML REPORT FOR ACT-21 - View Saved Carts:VIR-246.05 Verify that saved cart can be restored in ad1c57abe3cc4827685bdae4426a5445264c10ce7dec22879e678adfd3c0c6cb.html in directory target/site/serenity  
[pool-1-thread-1] INFO net.thucydides.core.reports.html.HtmlAcceptanceTestReporter - GENERATING HTML REPORT FOR ACT-21 - View Saved Carts:VIR-246.06 Verify that saved cart can be updated in 7220eba5f2eae10da2dd4b065bbaeb5e362fcdf624f7734decc62917e1fdaa2b.html in directory target/site/serenity  
[pool-1-thread-3] INFO net.thucydides.core.reports.html.HtmlAcceptanceTestReporter - GENERATING HTML REPORT FOR ACT-21 - View Saved Carts:VIR-246.07 Verify that saved cart can be removed in 061f516f07433f1a6cec7dbbd7f35884d8c98eda047d9b875d1850373e38237b.html in directory target/site/serenity  
[pool-1-thread-3] INFO net.thucydides.core.reports.html.HtmlAcceptanceTestReporter - GENERATING HTML REPORT FOR ACT-22 - View Personal Details:VIR-247.01 Verify that the shopper can see their personal details within My Account in 74c15acd41fcdfbd9ec94e06d76d8942b8816c278890834a38d2d05ac18bd9cb.html in directory target/site/serenity  
[pool-1-thread-4] INFO net.thucydides.core.reports.html.HtmlAcceptanceTestReporter - GENERATING HTML REPORT FOR ACT-21 - View Saved Carts:VIR-440.01 The cart q-ty is not based on the item level for the saved carts in 094b9e637c71855896733520bffafcb8ad6030ed7d623ef6ac0130a6fc0c2d53.html in directory target/site/serenity  
[pool-1-thread-1] INFO net.thucydides.core.reports.html.HtmlAcceptanceTestReporter - GENERATING HTML REPORT FOR ACT-22 - View Personal Details:VIR-247.02 Verify that the information is shown on Personal Details page in 1c58bd9a5814b7613691d793847309f1ef23f2826d37705df4c9cf38112f3674.html in directory target/site/serenity  
[pool-1-thread-3] INFO net.thucydides.core.reports.html.HtmlAcceptanceTestReporter - GENERATING HTML REPORT FOR ACT-22 - View Personal Details:VIR-247.03 Verify that the shopper can edit the following personal details in bf92986071382fb9ee82b0b367d6dae38872f696f6458186b60aeb2d09c74ec4.html in directory target/site/serenity  
[pool-1-thread-2] INFO net.thucydides.core.reports.html.HtmlAcceptanceTestReporter - GENERATING HTML REPORT FOR ACT-21 - View Saved Carts:VIR-246.02 Remove all from saved carts in 57ad878c80f86f37b436866d9406bfc876bcc2a4fe8f331b75642b3504e58b7f.html in directory target/site/serenity  
[main] INFO net.serenitybdd.core.Serenity - Test Suite Started: ACT-2 - Service Level Selection
[main] INFO net.serenitybdd.core.Serenity - 
 _____ _____ ____ _____   ____ _____  _    ____ _____ _____ ____  
|_   _| ____/ ___|_   _| / ___|_   _|/ \  |  _ \_   _| ____|  _ \ 
  | | |  _| \___ \ | |   \___ \ | | / _ \ | |_) || | |  _| | | | |
  | | | |___ ___) || |    ___) || |/ ___ \|  _ < | | | |___| |_| |
  |_| |_____|____/ |_|   |____/ |_/_/   \_\_| \_\|_| |_____|____/ 
                                                                  

TEST STARTED: VIR-227.01 Verify that the customer can view the service level field right of the contract drop down
-------------------------------------------------------------------(act-2---service-level-selection;vir-227.01-verify-that-the-customer-can-view-the-service-level-field-right-of-the-contract-drop-down)
[main] INFO net.serenitybdd.core.Serenity - STARTING STEP Given open the site and login
[main] INFO net.serenitybdd.core.Serenity - STARTING STEP Open the site
[main] INFO net.serenitybdd.core.Serenity - STEP ERROR: net.serenitybdd.core.exceptions.SerenityManagedException: Could not initialize class com.virco.locators.SiteData
]]></system-err>
  </testcase>
  <testcase name="Scenario: VIR-227.01 Verify that the customer can view the service level field right of the contract drop down" classname="Scenario: VIR-227.01 Verify that the customer can view the service level field right of the contract drop down" time="0.016">
    <error message="Could not initialize class com.virco.locators.SiteData" type="net.serenitybdd.core.exceptions.SerenityManagedException"><![CDATA[net.serenitybdd.core.exceptions.SerenityManagedException: Could not initialize class com.virco.locators.SiteData
	at com.virco.steps.serenity.CommonUserSteps.openTheSite(CommonUserSteps.java:19)
	at com.virco.steps.serenity.CommonUserSteps$$EnhancerByCGLIB$$d8541bfa.CGLIB$openTheSite$6(<generated>)
	at com.virco.steps.serenity.CommonUserSteps$$EnhancerByCGLIB$$d8541bfa$$FastClassByCGLIB$$ea8e0f86.invoke(<generated>)
	at net.sf.cglib.proxy.MethodProxy.invokeSuper(MethodProxy.java:228)
	at net.thucydides.core.steps.StepInterceptor.invokeMethod(StepInterceptor.java:372)
	at net.thucydides.core.steps.StepInterceptor.executeTestStepMethod(StepInterceptor.java:357)
	at net.thucydides.core.steps.StepInterceptor.runTestStep(StepInterceptor.java:332)
	at net.thucydides.core.steps.StepInterceptor.testStepResult(StepInterceptor.java:134)
	at net.thucydides.core.steps.StepInterceptor.intercept(StepInterceptor.java:61)
	at com.virco.steps.serenity.CommonUserSteps$$EnhancerByCGLIB$$d8541bfa.openTheSite(<generated>)
	at com.virco.steps.CommonDefinitionSteps.openTheSiteAndLogin(CommonDefinitionSteps.java:72)
	at sun.reflect.GeneratedMethodAccessor143.invoke(Unknown Source)
	at sun.reflect.DelegatingMethodAccessorImpl.invoke(DelegatingMethodAccessorImpl.java:43)
	at java.lang.reflect.Method.invoke(Method.java:498)
	at cucumber.runtime.Utils$1.call(Utils.java:40)
	at cucumber.runtime.Timeout.timeout(Timeout.java:16)
	at cucumber.runtime.Utils.invoke(Utils.java:34)
	at cucumber.runtime.java.JavaStepDefinition.execute(JavaStepDefinition.java:38)
	at cucumber.runtime.StepDefinitionMatch.runStep(StepDefinitionMatch.java:37)
	at cucumber.runtime.Runtime.runStep(Runtime.java:300)
	at cucumber.runtime.model.StepContainer.runStep(StepContainer.java:44)
	at cucumber.runtime.model.StepContainer.runSteps(StepContainer.java:39)
	at cucumber.runtime.model.CucumberScenario.run(CucumberScenario.java:44)
	at cucumber.runtime.junit.ExecutionUnitRunner.run(ExecutionUnitRunner.java:102)
	at cucumber.runtime.junit.FeatureRunner.runChild(FeatureRunner.java:63)
	at cucumber.runtime.junit.FeatureRunner.runChild(FeatureRunner.java:18)
	at org.junit.runners.ParentRunner$3.run(ParentRunner.java:290)
	at org.junit.runners.ParentRunner$1.schedule(ParentRunner.java:71)
	at org.junit.runners.ParentRunner.runChildren(ParentRunner.java:288)
	at org.junit.runners.ParentRunner.access$000(ParentRunner.java:58)
	at org.junit.runners.ParentRunner$2.evaluate(ParentRunner.java:268)
	at org.junit.runners.ParentRunner.run(ParentRunner.java:363)
	at cucumber.runtime.junit.FeatureRunner.run(FeatureRunner.java:70)
	at cucumber.api.junit.Cucumber.runChild(Cucumber.java:95)
	at cucumber.api.junit.Cucumber.runChild(Cucumber.java:38)
	at org.junit.runners.ParentRunner$3.run(ParentRunner.java:290)
	at org.junit.runners.ParentRunner$1.schedule(ParentRunner.java:71)
	at org.junit.runners.ParentRunner.runChildren(ParentRunner.java:288)
	at org.junit.runners.ParentRunner.access$000(ParentRunner.java:58)
	at org.junit.runners.ParentRunner$2.evaluate(ParentRunner.java:268)
	at org.junit.runners.ParentRunner.run(ParentRunner.java:363)
	at cucumber.api.junit.Cucumber.run(Cucumber.java:100)
	at org.apache.maven.surefire.junit4.JUnit4Provider.execute(JUnit4Provider.java:283)
	at org.apache.maven.surefire.junit4.JUnit4Provider.executeWithRerun(JUnit4Provider.java:173)
	at org.apache.maven.surefire.junit4.JUnit4Provider.executeTestSet(JUnit4Provider.java:153)
	at org.apache.maven.surefire.junit4.JUnit4Provider.invoke(JUnit4Provider.java:128)
	at org.apache.maven.surefire.booter.ForkedBooter.invokeProviderInSameClassLoader(ForkedBooter.java:203)
	at org.apache.maven.surefire.booter.ForkedBooter.runSuitesInProcess(ForkedBooter.java:155)
	at org.apache.maven.surefire.booter.ForkedBooter.main(ForkedBooter.java:103)
]]></error>
  </testcase>
  <testcase name="Then the service level drop-down is presented" classname="Scenario: VIR-227.01 Verify that the customer can view the service level field right of the contract drop down" time="0">
    <skipped/>
    <system-err><![CDATA[[main] INFO net.serenitybdd.core.Serenity - STEP ERROR: java.lang.NoClassDefFoundError: Could not initialize class com.virco.locators.SiteData
[main] INFO net.serenitybdd.core.Serenity - STARTING STEP Then the service level drop-down is presented
]]></system-err>
  </testcase>
  <testcase name="Given open the site and login" classname="Scenario: VIR-227.02 Verify that the shopper can view the following service level options in the dropdown field" time="0.001">
    <error message="Could not initialize class com.virco.locators.SiteData" type="net.serenitybdd.core.exceptions.SerenityManagedException"><![CDATA[net.serenitybdd.core.exceptions.SerenityManagedException: Could not initialize class com.virco.locators.SiteData
	at com.virco.steps.serenity.CommonUserSteps.openTheSite(CommonUserSteps.java:19)
	at com.virco.steps.serenity.CommonUserSteps$$EnhancerByCGLIB$$d8541bfa.CGLIB$openTheSite$6(<generated>)
	at com.virco.steps.serenity.CommonUserSteps$$EnhancerByCGLIB$$d8541bfa$$FastClassByCGLIB$$ea8e0f86.invoke(<generated>)
	at net.sf.cglib.proxy.MethodProxy.invokeSuper(MethodProxy.java:228)
	at net.thucydides.core.steps.StepInterceptor.invokeMethod(StepInterceptor.java:372)
	at net.thucydides.core.steps.StepInterceptor.executeTestStepMethod(StepInterceptor.java:357)
	at net.thucydides.core.steps.StepInterceptor.runTestStep(StepInterceptor.java:332)
	at net.thucydides.core.steps.StepInterceptor.testStepResult(StepInterceptor.java:134)
	at net.thucydides.core.steps.StepInterceptor.intercept(StepInterceptor.java:61)
	at com.virco.steps.serenity.CommonUserSteps$$EnhancerByCGLIB$$d8541bfa.openTheSite(<generated>)
	at com.virco.steps.CommonDefinitionSteps.openTheSiteAndLogin(CommonDefinitionSteps.java:72)
	at sun.reflect.GeneratedMethodAccessor143.invoke(Unknown Source)
	at sun.reflect.DelegatingMethodAccessorImpl.invoke(DelegatingMethodAccessorImpl.java:43)
	at java.lang.reflect.Method.invoke(Method.java:498)
	at cucumber.runtime.Utils$1.call(Utils.java:40)
	at cucumber.runtime.Timeout.timeout(Timeout.java:16)
	at cucumber.runtime.Utils.invoke(Utils.java:34)
	at cucumber.runtime.java.JavaStepDefinition.execute(JavaStepDefinition.java:38)
	at cucumber.runtime.StepDefinitionMatch.runStep(StepDefinitionMatch.java:37)
	at cucumber.runtime.Runtime.runStep(Runtime.java:300)
	at cucumber.runtime.model.StepContainer.runStep(StepContainer.java:44)
	at cucumber.runtime.model.StepContainer.runSteps(StepContainer.java:39)
	at cucumber.runtime.model.CucumberScenario.run(CucumberScenario.java:44)
	at cucumber.runtime.junit.ExecutionUnitRunner.run(ExecutionUnitRunner.java:102)
	at cucumber.runtime.junit.FeatureRunner.runChild(FeatureRunner.java:63)
	at cucumber.runtime.junit.FeatureRunner.runChild(FeatureRunner.java:18)
	at org.junit.runners.ParentRunner$3.run(ParentRunner.java:290)
	at org.junit.runners.ParentRunner$1.schedule(ParentRunner.java:71)
	at org.junit.runners.ParentRunner.runChildren(ParentRunner.java:288)
	at org.junit.runners.ParentRunner.access$000(ParentRunner.java:58)
	at org.junit.runners.ParentRunner$2.evaluate(ParentRunner.java:268)
	at org.junit.runners.ParentRunner.run(ParentRunner.java:363)
	at cucumber.runtime.junit.FeatureRunner.run(FeatureRunner.java:70)
	at cucumber.api.junit.Cucumber.runChild(Cucumber.java:95)
	at cucumber.api.junit.Cucumber.runChild(Cucumber.java:38)
	at org.junit.runners.ParentRunner$3.run(ParentRunner.java:290)
	at org.junit.runners.ParentRunner$1.schedule(ParentRunner.java:71)
	at org.junit.runners.ParentRunner.runChildren(ParentRunner.java:288)
	at org.junit.runners.ParentRunner.access$000(ParentRunner.java:58)
	at org.junit.runners.ParentRunner$2.evaluate(ParentRunner.java:268)
	at org.junit.runners.ParentRunner.run(ParentRunner.java:363)
	at cucumber.api.junit.Cucumber.run(Cucumber.java:100)
	at org.apache.maven.surefire.junit4.JUnit4Provider.execute(JUnit4Provider.java:283)
	at org.apache.maven.surefire.junit4.JUnit4Provider.executeWithRerun(JUnit4Provider.java:173)
	at org.apache.maven.surefire.junit4.JUnit4Provider.executeTestSet(JUnit4Provider.java:153)
	at org.apache.maven.surefire.junit4.JUnit4Provider.invoke(JUnit4Provider.java:128)
	at org.apache.maven.surefire.booter.ForkedBooter.invokeProviderInSameClassLoader(ForkedBooter.java:203)
	at org.apache.maven.surefire.booter.ForkedBooter.runSuitesInProcess(ForkedBooter.java:155)
	at org.apache.maven.surefire.booter.ForkedBooter.main(ForkedBooter.java:103)
]]></error>
    <system-err><![CDATA[[main] INFO net.serenitybdd.core.Serenity - IGNORING STEP
[main] ERROR net.serenitybdd.core.Serenity - 
           __  _____ _____ ____ _____   _____ _    ___ _     _____ ____  
  _       / / |_   _| ____/ ___|_   _| |  ___/ \  |_ _| |   | ____|  _ \ 
 (_)_____| |    | | |  _| \___ \ | |   | |_ / _ \  | || |   |  _| | | | |
  _|_____| |    | | | |___ ___) || |   |  _/ ___ \ | || |___| |___| |_| |
 (_)     | |    |_| |_____|____/ |_|   |_|/_/   \_\___|_____|_____|____/ 
          \_\                                                            

TEST FAILED WITH ERROR: VIR-227.01 Verify that the customer can view the service level field right of the contract drop down
---------------------------------------------------------------------
[main] ERROR net.serenitybdd.core.Serenity - TEST FAILED AT STEP Open the site
[main] ERROR net.serenitybdd.core.Serenity - Could not initialize class com.virco.locators.SiteData
[pool-1-thread-4] INFO net.thucydides.core.reports.json.JSONTestOutcomeReporter - Generating JSON report for VIR-235.01 Verify that the shopper can view the order history within My Account to file /Users/rodionsavchuk/hybrisAutomation/virco-automatedtests/target/site/serenity/273677580b5ade55ccb470a2e988196811df982925cdbb1ace31e0a5efaabec1.json (using temp file /Users/rodionsavchuk/hybrisAutomation/virco-automatedtests/target/site/serenity/273677580b5ade55ccb470a2e988196811df982925cdbb1ace31e0a5efaabec1.json79f0163a-9c53-48bc-a190-dc04b02597b6)
[pool-1-thread-1] INFO net.thucydides.core.reports.json.JSONTestOutcomeReporter - Generating JSON report for VIR-235.02 Verify that the newest order is shown first in the list to file /Users/rodionsavchuk/hybrisAutomation/virco-automatedtests/target/site/serenity/8840d0acce101c4828203142f8d64f0725d2637a38c8eebef56a7d6a8b899749.json (using temp file /Users/rodionsavchuk/hybrisAutomation/virco-automatedtests/target/site/serenity/8840d0acce101c4828203142f8d64f0725d2637a38c8eebef56a7d6a8b899749.json3d5a9895-f2bd-4015-afaf-bdb4d00662ca)
[pool-1-thread-2] INFO net.thucydides.core.reports.json.JSONTestOutcomeReporter - Generating JSON report for VIR-235.03 Verify that the orders can be filtered by to file /Users/rodionsavchuk/hybrisAutomation/virco-automatedtests/target/site/serenity/29922dd92355b657a29ca8ceee8ece530ee19fab8572208c0d42c3104ff16960.json (using temp file /Users/rodionsavchuk/hybrisAutomation/virco-automatedtests/target/site/serenity/29922dd92355b657a29ca8ceee8ece530ee19fab8572208c0d42c3104ff16960.json224dec46-fdf8-4b49-9a83-716dc34e278d)
[pool-1-thread-3] INFO net.thucydides.core.reports.json.JSONTestOutcomeReporter - Generating JSON report for VIR-235.04 Verify that the current year view of orders is set by default to file /Users/rodionsavchuk/hybrisAutomation/virco-automatedtests/target/site/serenity/611fe17d9cda8a2f0360fd4a5e0044434a5a44282d734d3f572d018496b6a768.json (using temp file /Users/rodionsavchuk/hybrisAutomation/virco-automatedtests/target/site/serenity/611fe17d9cda8a2f0360fd4a5e0044434a5a44282d734d3f572d018496b6a768.json62f911ab-8192-4522-8c96-55d3ac7f90f5)
[pool-1-thread-4] INFO net.thucydides.core.reports.json.JSONTestOutcomeReporter - Generating JSON report for VIR-235.05 Verify that the orders can be sorted by to file /Users/rodionsavchuk/hybrisAutomation/virco-automatedtests/target/site/serenity/b3c85d502fdd11d32f7b2c0e62dbb38be0c6f9c593e4d4ccd95adcc5fe60b304.json (using temp file /Users/rodionsavchuk/hybrisAutomation/virco-automatedtests/target/site/serenity/b3c85d502fdd11d32f7b2c0e62dbb38be0c6f9c593e4d4ccd95adcc5fe60b304.jsonddcf3acf-6b2e-48fe-9f92-694b24bc0cd7)
[pool-1-thread-2] INFO net.thucydides.core.reports.json.JSONTestOutcomeReporter - Generating JSON report for VIR-235.06 Verify that the orders can be grouped by PO# (alpha-numeric) to file /Users/rodionsavchuk/hybrisAutomation/virco-automatedtests/target/site/serenity/69529ca40520069837eb10aa62eb1ab7518abd062932198aaa75ce49a153bdf4.json (using temp file /Users/rodionsavchuk/hybrisAutomation/virco-automatedtests/target/site/serenity/69529ca40520069837eb10aa62eb1ab7518abd062932198aaa75ce49a153bdf4.json1e30ee43-0292-4e57-b85c-6441f50089bd)
[pool-1-thread-1] INFO net.thucydides.core.reports.json.JSONTestOutcomeReporter - Generating JSON report for VIR-236.02 Verify that the shopper is able to see the ECC orders details to file /Users/rodionsavchuk/hybrisAutomation/virco-automatedtests/target/site/serenity/06a785ccbf37298662c0a3d0b35aa8a04f4eb296e14af96a2032ecacd8155265.json (using temp file /Users/rodionsavchuk/hybrisAutomation/virco-automatedtests/target/site/serenity/06a785ccbf37298662c0a3d0b35aa8a04f4eb296e14af96a2032ecacd8155265.json428c93d6-ce93-4231-bb91-ea92588cae86)
[pool-1-thread-3] INFO net.thucydides.core.reports.json.JSONTestOutcomeReporter - Generating JSON report for VIR-236.01 Verify that the shopper can see the created by him ECC orders withing Orders History to file /Users/rodionsavchuk/hybrisAutomation/virco-automatedtests/target/site/serenity/6e0b05141f32d41efa52a2f8708a010ef30be5406c962e50aa108e52f637ff4f.json (using temp file /Users/rodionsavchuk/hybrisAutomation/virco-automatedtests/target/site/serenity/6e0b05141f32d41efa52a2f8708a010ef30be5406c962e50aa108e52f637ff4f.json650c2a64-7ee8-46c6-8142-d422772952ce)
[pool-1-thread-4] INFO net.thucydides.core.reports.json.JSONTestOutcomeReporter - Generating JSON report for VIR-236.03 Verify that shopper is not able to reorder the ECC orders to file /Users/rodionsavchuk/hybrisAutomation/virco-automatedtests/target/site/serenity/adad10cc0c0c283641a22aee227822d43a6b04d28868ac5b5b9f65428e2198f1.json (using temp file /Users/rodionsavchuk/hybrisAutomation/virco-automatedtests/target/site/serenity/adad10cc0c0c283641a22aee227822d43a6b04d28868ac5b5b9f65428e2198f1.json94eefcc9-07a6-42ab-a5b5-838a3517d886)
[pool-1-thread-3] INFO net.thucydides.core.reports.json.JSONTestOutcomeReporter - Generating JSON report for VIR-237.01 Verify that the chief shopper is able to view the orders created by others within their organization to file /Users/rodionsavchuk/hybrisAutomation/virco-automatedtests/target/site/serenity/37ec79a1d6a9cc6a2aec4574466f6dcb64dfed35c002fda7b3134b876ab9d490.json (using temp file /Users/rodionsavchuk/hybrisAutomation/virco-automatedtests/target/site/serenity/37ec79a1d6a9cc6a2aec4574466f6dcb64dfed35c002fda7b3134b876ab9d490.json58100306-d53f-4032-8fc8-3f65ec762b9d)
[pool-1-thread-2] INFO net.thucydides.core.reports.json.JSONTestOutcomeReporter - Generating JSON report for VIR-237.02 Verify that all orders are shown at the same page to file /Users/rodionsavchuk/hybrisAutomation/virco-automatedtests/target/site/serenity/04c1b88fcf25fa2f1ca595220bf539bd3345daf07b3f5fd975b7cfa258aa1a72.json (using temp file /Users/rodionsavchuk/hybrisAutomation/virco-automatedtests/target/site/serenity/04c1b88fcf25fa2f1ca595220bf539bd3345daf07b3f5fd975b7cfa258aa1a72.json614c6f6d-555f-442a-857f-b3fbda33a539)
[pool-1-thread-4] INFO net.thucydides.core.reports.json.JSONTestOutcomeReporter - Generating JSON report for VIR-238.01 Verify that the stuff shopper can view orders created by him/her to file /Users/rodionsavchuk/hybrisAutomation/virco-automatedtests/target/site/serenity/da20584ac40b990dc291e9ae9cb2facdd86f681d176e5cbf03c9dc84024b2dea.json (using temp file /Users/rodionsavchuk/hybrisAutomation/virco-automatedtests/target/site/serenity/da20584ac40b990dc291e9ae9cb2facdd86f681d176e5cbf03c9dc84024b2dea.json0d29a214-07b8-4097-99f8-67bc178e5db6)
[pool-1-thread-4] INFO net.thucydides.core.reports.json.JSONTestOutcomeReporter - Generating JSON report for VIR-238.02 Verify that the admin shoppers can view orders placed by admin and stuff shoppers within organization to file /Users/rodionsavchuk/hybrisAutomation/virco-automatedtests/target/site/serenity/049e5266696367738227685efc996b610d41e4a9ff2b91176988ad3e5d046577.json (using temp file /Users/rodionsavchuk/hybrisAutomation/virco-automatedtests/target/site/serenity/049e5266696367738227685efc996b610d41e4a9ff2b91176988ad3e5d046577.json6e3708f5-018a-4e98-b9d2-601002ab9e86)
[pool-1-thread-1] INFO net.thucydides.core.reports.json.JSONTestOutcomeReporter - Generating JSON report for VIR-239.01 Verify that the shopper can see the Reorder button near each order in the list of orders history to file /Users/rodionsavchuk/hybrisAutomation/virco-automatedtests/target/site/serenity/bc5c957c59b8dd4780a20bc8c811eb7cd90739e0aa75b27ef4276f5d16b25e8a.json (using temp file /Users/rodionsavchuk/hybrisAutomation/virco-automatedtests/target/site/serenity/bc5c957c59b8dd4780a20bc8c811eb7cd90739e0aa75b27ef4276f5d16b25e8a.json54da8bb2-5bc9-4d7b-9d7b-5bf7a2db442c)
[pool-1-thread-3] INFO net.thucydides.core.reports.json.JSONTestOutcomeReporter - Generating JSON report for VIR-239.02 Verify that the Reorder button is present at the order details page to file /Users/rodionsavchuk/hybrisAutomation/virco-automatedtests/target/site/serenity/7f2baa53bf21c1609ec69298572380037821566fedb28a9f798f27a38a595463.json (using temp file /Users/rodionsavchuk/hybrisAutomation/virco-automatedtests/target/site/serenity/7f2baa53bf21c1609ec69298572380037821566fedb28a9f798f27a38a595463.json281c9ca1-ad95-49f7-835e-920df43f48ee)
[pool-1-thread-2] INFO net.thucydides.core.reports.json.JSONTestOutcomeReporter - Generating JSON report for VIR-239.03 Verify that the Reorder button is present only near the orders created by shopper to file /Users/rodionsavchuk/hybrisAutomation/virco-automatedtests/target/site/serenity/db5d2cc2cdb477151d79acc5ba80f9970445ac1f4a40c15aea05ceaf9d72ab4c.json (using temp file /Users/rodionsavchuk/hybrisAutomation/virco-automatedtests/target/site/serenity/db5d2cc2cdb477151d79acc5ba80f9970445ac1f4a40c15aea05ceaf9d72ab4c.json4c88ce1e-d0eb-4288-841c-917013c721f5)
[pool-1-thread-4] INFO net.thucydides.core.reports.json.JSONTestOutcomeReporter - Generating JSON report for VIR-239.04 Verify that the new order with the same order details is created after reordering to file /Users/rodionsavchuk/hybrisAutomation/virco-automatedtests/target/site/serenity/86d284f6d52dd7b06703c0e65ed979dc08ab5e91925669335c8db93a482789bd.json (using temp file /Users/rodionsavchuk/hybrisAutomation/virco-automatedtests/target/site/serenity/86d284f6d52dd7b06703c0e65ed979dc08ab5e91925669335c8db93a482789bd.json3988b4dd-31fa-4cd3-bb4e-aa7669fcb31e)
[pool-1-thread-2] INFO net.thucydides.core.reports.json.JSONTestOutcomeReporter - Generating JSON report for VIR-239.05 Verify that the Admin can reorder the orders created by him and stuff shoppers to file /Users/rodionsavchuk/hybrisAutomation/virco-automatedtests/target/site/serenity/bd0258604ad0a60526916081e6985c7c5319337a9181a074ad5638ad9d781d0d.json (using temp file /Users/rodionsavchuk/hybrisAutomation/virco-automatedtests/target/site/serenity/bd0258604ad0a60526916081e6985c7c5319337a9181a074ad5638ad9d781d0d.json20228510-65ef-4dd3-a7df-2b4c01274ad8)
[pool-1-thread-3] INFO net.thucydides.core.reports.json.JSONTestOutcomeReporter - Generating JSON report for VIR-239.06 Verify that the Chief can reorder the orders created by him, admin and stuff shoppers to file /Users/rodionsavchuk/hybrisAutomation/virco-automatedtests/target/site/serenity/ce484b4c5f4b477729fe56f6574c4b704d459afba8238101689edf60627995fe.json (using temp file /Users/rodionsavchuk/hybrisAutomation/virco-automatedtests/target/site/serenity/ce484b4c5f4b477729fe56f6574c4b704d459afba8238101689edf60627995fe.jsondc56e7f0-12a7-4f44-a508-b7417c4421ba)
[pool-1-thread-4] INFO net.thucydides.core.reports.json.JSONTestOutcomeReporter - Generating JSON report for VIR-239.07 Verify that the Stuff shopper can reorder the orders created by him\her only to file /Users/rodionsavchuk/hybrisAutomation/virco-automatedtests/target/site/serenity/b8018260c31d901f3d8d776ff65116bc168b781e95b8a9f89641bcafaaa081f8.json (using temp file /Users/rodionsavchuk/hybrisAutomation/virco-automatedtests/target/site/serenity/b8018260c31d901f3d8d776ff65116bc168b781e95b8a9f89641bcafaaa081f8.json98f06b19-e629-41b3-9995-f2027ad549b4)
[pool-1-thread-1] INFO net.thucydides.core.reports.json.JSONTestOutcomeReporter - Generating JSON report for VIR-240.01 Verify that the following message is shown to the customer if they entered wrong login data at first and second times to file /Users/rodionsavchuk/hybrisAutomation/virco-automatedtests/target/site/serenity/5c983153fe2ebb177f0d9e8b132ca59a6e0ee0ae8654058c47ae107dbb7196e9.json (using temp file /Users/rodionsavchuk/hybrisAutomation/virco-automatedtests/target/site/serenity/5c983153fe2ebb177f0d9e8b132ca59a6e0ee0ae8654058c47ae107dbb7196e9.json8feb5ebe-cdb5-4ba9-a50a-cfe40b9edcee)
[pool-1-thread-2] INFO net.thucydides.core.reports.json.JSONTestOutcomeReporter - Generating JSON report for VIR-240.02 Verify that the error message is shown to the customer if they entered wrong login data three and more times to file /Users/rodionsavchuk/hybrisAutomation/virco-automatedtests/target/site/serenity/feea09e30f98fa20f26d9fa541c867e47262726ef2edae67658e6fe1f69f795b.json (using temp file /Users/rodionsavchuk/hybrisAutomation/virco-automatedtests/target/site/serenity/feea09e30f98fa20f26d9fa541c867e47262726ef2edae67658e6fe1f69f795b.jsonb9c871be-75ae-4cf0-a579-f6fea9b4769b)
[pool-1-thread-3] INFO net.thucydides.core.reports.json.JSONTestOutcomeReporter - Generating JSON report for VIR-240.03 Verify that the account is locked automatically after 3 incorrect login attempts to file /Users/rodionsavchuk/hybrisAutomation/virco-automatedtests/target/site/serenity/98702c761630d5e96c1885fc6b7d9edc2d3d9276a61dcb964fb55a77180ac4c4.json (using temp file /Users/rodionsavchuk/hybrisAutomation/virco-automatedtests/target/site/serenity/98702c761630d5e96c1885fc6b7d9edc2d3d9276a61dcb964fb55a77180ac4c4.jsonc625d977-d882-48f5-b9d1-f35a3a682f9a)
[pool-1-thread-4] INFO net.thucydides.core.reports.json.JSONTestOutcomeReporter - Generating JSON report for VIR-240.04 Verify that the customer can phone via Skype when they click on the phone number from desktop browser to file /Users/rodionsavchuk/hybrisAutomation/virco-automatedtests/target/site/serenity/022ceba0bee1a7e3be70af6fce73e28abbfa02e327dc996b425b971073e81949.json (using temp file /Users/rodionsavchuk/hybrisAutomation/virco-automatedtests/target/site/serenity/022ceba0bee1a7e3be70af6fce73e28abbfa02e327dc996b425b971073e81949.json19da255f-cef4-4c86-b279-20fb66ebafff)
[pool-1-thread-2] INFO net.thucydides.core.reports.json.JSONTestOutcomeReporter - Generating JSON report for VIR-240.05 Verify that the customer can phone via phone/skype when they click on the phone number from mobile device to file /Users/rodionsavchuk/hybrisAutomation/virco-automatedtests/target/site/serenity/0acf8d5b428f155bb5cd03ead2beee85cb116b173f667ca0d7eddf263c734900.json (using temp file /Users/rodionsavchuk/hybrisAutomation/virco-automatedtests/target/site/serenity/0acf8d5b428f155bb5cd03ead2beee85cb116b173f667ca0d7eddf263c734900.json8ba6eb81-922c-404e-a503-f7113b511e09)
[pool-1-thread-1] INFO net.thucydides.core.reports.json.JSONTestOutcomeReporter - Generating JSON report for VIR-241.01 Verify that the bunch of customers are created in hybris after running mass setup script to file /Users/rodionsavchuk/hybrisAutomation/virco-automatedtests/target/site/serenity/463850b14992f16a3a2bf3702fcc5975eee58ce459f840ff047b04c2eaef46d1.json (using temp file /Users/rodionsavchuk/hybrisAutomation/virco-automatedtests/target/site/serenity/463850b14992f16a3a2bf3702fcc5975eee58ce459f840ff047b04c2eaef46d1.jsonf45d5a6a-707e-4c13-8dc3-cde50b2d32d9)
[pool-1-thread-4] INFO net.thucydides.core.reports.json.JSONTestOutcomeReporter - Generating JSON report for VIR-241.03 Verify that the data outlined in ID3 are copied into the hybris to file /Users/rodionsavchuk/hybrisAutomation/virco-automatedtests/target/site/serenity/39e10a2762693c36aeb39ffa0694d6429714a5caa78716ad3e3a6dc6f9f35100.json (using temp file /Users/rodionsavchuk/hybrisAutomation/virco-automatedtests/target/site/serenity/39e10a2762693c36aeb39ffa0694d6429714a5caa78716ad3e3a6dc6f9f35100.json4e158060-a957-4135-9514-52241ea411cb)
[pool-1-thread-3] INFO net.thucydides.core.reports.json.JSONTestOutcomeReporter - Generating JSON report for VIR-241.02 Verify that the personal details are mapped appropriately to file /Users/rodionsavchuk/hybrisAutomation/virco-automatedtests/target/site/serenity/a13f41939905f13645385d57d811c8cdd84a0cbed0caf2a6b3c4f55c28d79c01.json (using temp file /Users/rodionsavchuk/hybrisAutomation/virco-automatedtests/target/site/serenity/a13f41939905f13645385d57d811c8cdd84a0cbed0caf2a6b3c4f55c28d79c01.json0dd584e0-9942-44c3-a599-4428a658f12a)
[pool-1-thread-2] INFO net.thucydides.core.reports.json.JSONTestOutcomeReporter - Generating JSON report for VIR-241.04 Verify that just set up customers can log into the system and perform appropriate activities (due to the permissions) to file /Users/rodionsavchuk/hybrisAutomation/virco-automatedtests/target/site/serenity/cad527a19b233d2a98237bc580b3e071a577ec5892a5ac544f2f50b81e1edc9a.json (using temp file /Users/rodionsavchuk/hybrisAutomation/virco-automatedtests/target/site/serenity/cad527a19b233d2a98237bc580b3e071a577ec5892a5ac544f2f50b81e1edc9a.json21b8fda6-037b-44c6-9b30-6122e30ad444)
[pool-1-thread-4] INFO net.thucydides.core.reports.json.JSONTestOutcomeReporter - Generating JSON report for VIR-242.01 Verify that the following sub menu My Account menu has following options to file /Users/rodionsavchuk/hybrisAutomation/virco-automatedtests/target/site/serenity/1276140ef62c6432b71b0f37d8025035d8b303a616dfb579c0464109d19a2074.json (using temp file /Users/rodionsavchuk/hybrisAutomation/virco-automatedtests/target/site/serenity/1276140ef62c6432b71b0f37d8025035d8b303a616dfb579c0464109d19a2074.jsone5e34740-8f92-4cab-9003-fc4995a91fec)
[pool-1-thread-2] INFO net.thucydides.core.reports.json.JSONTestOutcomeReporter - Generating JSON report for VIR-243.02 Verify that the several order tracking number can be shown for one order to file /Users/rodionsavchuk/hybrisAutomation/virco-automatedtests/target/site/serenity/962a8661ed130dbc7b367611253983130c921d9ccf15ff013ae776fad79d5178.json (using temp file /Users/rodionsavchuk/hybrisAutomation/virco-automatedtests/target/site/serenity/962a8661ed130dbc7b367611253983130c921d9ccf15ff013ae776fad79d5178.json2816c25b-fc81-4aad-a0cf-eff2e6f1c38d)
[pool-1-thread-3] INFO net.thucydides.core.reports.json.JSONTestOutcomeReporter - Generating JSON report for VIR-243.01 Verify that the order tracking number is shown at the Order History and on the Order Details pages to file /Users/rodionsavchuk/hybrisAutomation/virco-automatedtests/target/site/serenity/70b6f3d948299c508f0755eca224d394eabc6d05bab5864a70e0f1b9c6b1e644.json (using temp file /Users/rodionsavchuk/hybrisAutomation/virco-automatedtests/target/site/serenity/70b6f3d948299c508f0755eca224d394eabc6d05bab5864a70e0f1b9c6b1e644.jsonedbdaee5-db35-4ea5-9f34-4342c00dfb06)
[pool-1-thread-1] INFO net.thucydides.core.reports.json.JSONTestOutcomeReporter - Generating JSON report for VIR-242.02 Verify that the shopper is moved to the appropriate page after clicking on the sub-menu option to file /Users/rodionsavchuk/hybrisAutomation/virco-automatedtests/target/site/serenity/28ef021d759f2a4643b61547ae2c5a1b9ce2544b0930e552ce883dc4238eb54c.json (using temp file /Users/rodionsavchuk/hybrisAutomation/virco-automatedtests/target/site/serenity/28ef021d759f2a4643b61547ae2c5a1b9ce2544b0930e552ce883dc4238eb54c.json34688572-369e-42fe-b46b-17ad24f7e8f2)
[pool-1-thread-4] INFO net.thucydides.core.reports.json.JSONTestOutcomeReporter - Generating JSON report for VIR-243.03 Verify that the order delivery status is shown in new window after clicking on tracking number link to file /Users/rodionsavchuk/hybrisAutomation/virco-automatedtests/target/site/serenity/05de3555ce50877d7a68bf12b1c9ce484c460fe5f0202de33af8de7536c5347d.json (using temp file /Users/rodionsavchuk/hybrisAutomation/virco-automatedtests/target/site/serenity/05de3555ce50877d7a68bf12b1c9ce484c460fe5f0202de33af8de7536c5347d.json923ac6b2-96c5-45df-a150-94be299b89f0)
[pool-1-thread-3] INFO net.thucydides.core.reports.json.JSONTestOutcomeReporter - Generating JSON report for VIR-243.04 Verify that the chief shopper can see the order tracking number for the orders created by to file /Users/rodionsavchuk/hybrisAutomation/virco-automatedtests/target/site/serenity/6679b678bf94497d010ee1d2e4e9da687ae39e591aaeb2628364a7db535048bd.json (using temp file /Users/rodionsavchuk/hybrisAutomation/virco-automatedtests/target/site/serenity/6679b678bf94497d010ee1d2e4e9da687ae39e591aaeb2628364a7db535048bd.json4dfd4f08-45f3-4deb-8559-fd723707af87)
[pool-1-thread-2] INFO net.thucydides.core.reports.json.JSONTestOutcomeReporter - Generating JSON report for VIR-243.05 Verify that the admin shopper can see the order tracking number for the orders created by to file /Users/rodionsavchuk/hybrisAutomation/virco-automatedtests/target/site/serenity/62c275f127453f29fafc4c2149202cb494bb82c96be65d9c7ffdda17d402d199.json (using temp file /Users/rodionsavchuk/hybrisAutomation/virco-automatedtests/target/site/serenity/62c275f127453f29fafc4c2149202cb494bb82c96be65d9c7ffdda17d402d199.json9f70b923-d955-4d56-a403-ffa1a0dd9433)
[pool-1-thread-4] INFO net.thucydides.core.reports.json.JSONTestOutcomeReporter - Generating JSON report for VIR-244.01 Verify that the shopper can see their email address within Email in My Account Menu to file /Users/rodionsavchuk/hybrisAutomation/virco-automatedtests/target/site/serenity/bf8e1443a8f088c9e57e0348c8704fc75e0549ba1f9d96c39d9d0ad3f4b04b32.json (using temp file /Users/rodionsavchuk/hybrisAutomation/virco-automatedtests/target/site/serenity/bf8e1443a8f088c9e57e0348c8704fc75e0549ba1f9d96c39d9d0ad3f4b04b32.jsonbd581daa-f914-4de3-aefc-e505d20bfa4c)
[pool-1-thread-2] INFO net.thucydides.core.reports.json.JSONTestOutcomeReporter - Generating JSON report for VIR-244.02 Verify that the email address is not editable to file /Users/rodionsavchuk/hybrisAutomation/virco-automatedtests/target/site/serenity/bfc781d1f39529c42f3e2e6163fe397cb7cd1efdb5aea56fac29b0f0f66e1a5e.json (using temp file /Users/rodionsavchuk/hybrisAutomation/virco-automatedtests/target/site/serenity/bfc781d1f39529c42f3e2e6163fe397cb7cd1efdb5aea56fac29b0f0f66e1a5e.json04b1f41d-334d-4fde-aec0-b7798fe3d6b0)
[pool-1-thread-3] INFO net.thucydides.core.reports.json.JSONTestOutcomeReporter - Generating JSON report for VIR-226.01 Verify that the dropdown list with contracts is shown in the header to file /Users/rodionsavchuk/hybrisAutomation/virco-automatedtests/target/site/serenity/1a7109a2e435410aec76a6616813b89a7a128938fc747b573a8bea77b5dc2e74.json (using temp file /Users/rodionsavchuk/hybrisAutomation/virco-automatedtests/target/site/serenity/1a7109a2e435410aec76a6616813b89a7a128938fc747b573a8bea77b5dc2e74.jsonfbf8bb77-8474-443b-8d07-8b6f3536f4a1)
[pool-1-thread-2] INFO net.thucydides.core.reports.json.JSONTestOutcomeReporter - Generating JSON report for VIR-226.02 Verify that the default contract is selected automatically if no other contract is selected to file /Users/rodionsavchuk/hybrisAutomation/virco-automatedtests/target/site/serenity/a1cdc501ba181282011afc75c778ae005a66a25ac465bd9f54fb47cebe8da2b6.json (using temp file /Users/rodionsavchuk/hybrisAutomation/virco-automatedtests/target/site/serenity/a1cdc501ba181282011afc75c778ae005a66a25ac465bd9f54fb47cebe8da2b6.json9e414752-c8aa-40be-ac0c-dd0865c2345a)
[pool-1-thread-3] INFO net.thucydides.core.reports.json.JSONTestOutcomeReporter - Generating JSON report for VIR-226.04 Verify that the assigned to the shopper contracts (defined at the Ship To level) are shown in the list to file /Users/rodionsavchuk/hybrisAutomation/virco-automatedtests/target/site/serenity/736a6f27c422f3f6d8305a0f397a2adb789d1ed4974f92482a9f738f0fdbbfec.json (using temp file /Users/rodionsavchuk/hybrisAutomation/virco-automatedtests/target/site/serenity/736a6f27c422f3f6d8305a0f397a2adb789d1ed4974f92482a9f738f0fdbbfec.jsone487e455-1b11-4787-b654-bcf26f1a6ec9)
[pool-1-thread-4] INFO net.thucydides.core.reports.json.JSONTestOutcomeReporter - Generating JSON report for VIR-226.03 Verify that each customer has their own default contract to file /Users/rodionsavchuk/hybrisAutomation/virco-automatedtests/target/site/serenity/1100df39b069668be73bd3fa061625067d18d2c8d7eb03db90d26ed720e1bad6.json (using temp file /Users/rodionsavchuk/hybrisAutomation/virco-automatedtests/target/site/serenity/1100df39b069668be73bd3fa061625067d18d2c8d7eb03db90d26ed720e1bad6.jsone60830f9-8565-4c5d-9cae-c22c0923a500)
[pool-1-thread-1] INFO net.thucydides.core.reports.json.JSONTestOutcomeReporter - Generating JSON report for VIR-226.05 Verify that shopper can change the contract as many times, as they want to file /Users/rodionsavchuk/hybrisAutomation/virco-automatedtests/target/site/serenity/d72154fb388d26ac97bf25cdf1619f4513466127fb36eb261ec18074f0a654cd.json (using temp file /Users/rodionsavchuk/hybrisAutomation/virco-automatedtests/target/site/serenity/d72154fb388d26ac97bf25cdf1619f4513466127fb36eb261ec18074f0a654cd.jsonc89f2d42-b032-452e-8dd8-0cda3cf359db)
[pool-1-thread-2] INFO net.thucydides.core.reports.json.JSONTestOutcomeReporter - Generating JSON report for VIR-226.06 Verify that if the shopper changed the contract, the prices and product list are updated accordingly to the selected contract to file /Users/rodionsavchuk/hybrisAutomation/virco-automatedtests/target/site/serenity/cb991777f2dcd6cec892aca2a17766a44ff88538bd62762eb06275f337f59188.json (using temp file /Users/rodionsavchuk/hybrisAutomation/virco-automatedtests/target/site/serenity/cb991777f2dcd6cec892aca2a17766a44ff88538bd62762eb06275f337f59188.json9430ce9f-86e6-4675-874c-7f65aa1c290a)
[pool-1-thread-3] INFO net.thucydides.core.reports.json.JSONTestOutcomeReporter - Generating JSON report for VIR-226.07 Verify that if the contract is changed in customer master, it is changed to the customer without any notification to file /Users/rodionsavchuk/hybrisAutomation/virco-automatedtests/target/site/serenity/97d516a9dd97a3564503058531e457f4fe37c4fa911c4e0a2cd67d9e4f26df95.json (using temp file /Users/rodionsavchuk/hybrisAutomation/virco-automatedtests/target/site/serenity/97d516a9dd97a3564503058531e457f4fe37c4fa911c4e0a2cd67d9e4f26df95.json4adac37b-5146-4c89-a03d-fd2ae2537d34)
[pool-1-thread-2] INFO net.thucydides.core.reports.json.JSONTestOutcomeReporter - Generating JSON report for VIR-226.08 Verify that the prices shows n/a, if the contract expired and the new one is not selected by shopper to file /Users/rodionsavchuk/hybrisAutomation/virco-automatedtests/target/site/serenity/90eacd21eb1e7e24d79a439ece9e6416daa13b514c337bcef555c498996ee27a.json (using temp file /Users/rodionsavchuk/hybrisAutomation/virco-automatedtests/target/site/serenity/90eacd21eb1e7e24d79a439ece9e6416daa13b514c337bcef555c498996ee27a.json42f6cced-908e-44f4-9faf-6fcf8396438d)
[pool-1-thread-1] INFO net.thucydides.core.reports.json.JSONTestOutcomeReporter - Generating JSON report for VIR-226.01A Verify that the script switch the contract A to the contract B automatically for bunch of selected customers to file /Users/rodionsavchuk/hybrisAutomation/virco-automatedtests/target/site/serenity/40b3604109cc54897930215a5dff112d2f2a0f9a3f3a7c2ebf97db43a508944d.json (using temp file /Users/rodionsavchuk/hybrisAutomation/virco-automatedtests/target/site/serenity/40b3604109cc54897930215a5dff112d2f2a0f9a3f3a7c2ebf97db43a508944d.jsonf5e3660f-b92d-4d91-a299-1e1e17f2a465)
[pool-1-thread-4] INFO net.thucydides.core.reports.json.JSONTestOutcomeReporter - Generating JSON report for VIR-246.01 Verify that the shopper can see the saved carts within My Account to file /Users/rodionsavchuk/hybrisAutomation/virco-automatedtests/target/site/serenity/8f924b8e28c6b842e118d033edbc4760c495b83f62c62df3597462885f301c84.json (using temp file /Users/rodionsavchuk/hybrisAutomation/virco-automatedtests/target/site/serenity/8f924b8e28c6b842e118d033edbc4760c495b83f62c62df3597462885f301c84.jsonac38b27a-5a01-4791-bee8-f004e322b64f)
[pool-1-thread-3] INFO net.thucydides.core.reports.json.JSONTestOutcomeReporter - Generating JSON report for VIR-246.03 Verify that the saved cart is shown on the saved carts page to file /Users/rodionsavchuk/hybrisAutomation/virco-automatedtests/target/site/serenity/a78cc380adec40d2bde41cc9dd7bf1cd6cc7f6dd92d52beceefba632467fc268.json (using temp file /Users/rodionsavchuk/hybrisAutomation/virco-automatedtests/target/site/serenity/a78cc380adec40d2bde41cc9dd7bf1cd6cc7f6dd92d52beceefba632467fc268.json750538e9-cad0-4e2d-8c06-7c6e0fe91797)
[pool-1-thread-2] INFO net.thucydides.core.reports.json.JSONTestOutcomeReporter - Generating JSON report for VIR-246.02 Remove all from saved carts to file /Users/rodionsavchuk/hybrisAutomation/virco-automatedtests/target/site/serenity/57ad878c80f86f37b436866d9406bfc876bcc2a4fe8f331b75642b3504e58b7f.json (using temp file /Users/rodionsavchuk/hybrisAutomation/virco-automatedtests/target/site/serenity/57ad878c80f86f37b436866d9406bfc876bcc2a4fe8f331b75642b3504e58b7f.json52ca9a7d-cacb-42d0-867f-a6a4df54121b)
[pool-1-thread-1] INFO net.thucydides.core.reports.json.JSONTestOutcomeReporter - Generating JSON report for VIR-246.04 Verify that the products and their selected quantities are shown at the saved cart page to file /Users/rodionsavchuk/hybrisAutomation/virco-automatedtests/target/site/serenity/71d7b3b019de0d80556b2ab92ce7c04958edcacdb5185c7868f851880fce7a8c.json (using temp file /Users/rodionsavchuk/hybrisAutomation/virco-automatedtests/target/site/serenity/71d7b3b019de0d80556b2ab92ce7c04958edcacdb5185c7868f851880fce7a8c.json1d84f6b8-5e99-43e9-b943-ff712101edf2)
[pool-1-thread-2] INFO net.thucydides.core.reports.json.JSONTestOutcomeReporter - Generating JSON report for VIR-246.05 Verify that saved cart can be restored to file /Users/rodionsavchuk/hybrisAutomation/virco-automatedtests/target/site/serenity/ad1c57abe3cc4827685bdae4426a5445264c10ce7dec22879e678adfd3c0c6cb.json (using temp file /Users/rodionsavchuk/hybrisAutomation/virco-automatedtests/target/site/serenity/ad1c57abe3cc4827685bdae4426a5445264c10ce7dec22879e678adfd3c0c6cb.json01d95a3d-92da-4a2d-9100-3fb0e9dc3334)
[pool-1-thread-4] INFO net.thucydides.core.reports.json.JSONTestOutcomeReporter - Generating JSON report for VIR-246.06 Verify that saved cart can be updated to file /Users/rodionsavchuk/hybrisAutomation/virco-automatedtests/target/site/serenity/7220eba5f2eae10da2dd4b065bbaeb5e362fcdf624f7734decc62917e1fdaa2b.json (using temp file /Users/rodionsavchuk/hybrisAutomation/virco-automatedtests/target/site/serenity/7220eba5f2eae10da2dd4b065bbaeb5e362fcdf624f7734decc62917e1fdaa2b.jsonb9d91300-5221-491c-b8a2-35c71009fd84)
[pool-1-thread-3] INFO net.thucydides.core.reports.json.JSONTestOutcomeReporter - Generating JSON report for VIR-246.07 Verify that saved cart can be removed to file /Users/rodionsavchuk/hybrisAutomation/virco-automatedtests/target/site/serenity/061f516f07433f1a6cec7dbbd7f35884d8c98eda047d9b875d1850373e38237b.json (using temp file /Users/rodionsavchuk/hybrisAutomation/virco-automatedtests/target/site/serenity/061f516f07433f1a6cec7dbbd7f35884d8c98eda047d9b875d1850373e38237b.json06e39b45-916e-4fcf-a683-fc1c6f091328)
[pool-1-thread-2] INFO net.thucydides.core.reports.json.JSONTestOutcomeReporter - Generating JSON report for VIR-247.01 Verify that the shopper can see their personal details within My Account to file /Users/rodionsavchuk/hybrisAutomation/virco-automatedtests/target/site/serenity/74c15acd41fcdfbd9ec94e06d76d8942b8816c278890834a38d2d05ac18bd9cb.json (using temp file /Users/rodionsavchuk/hybrisAutomation/virco-automatedtests/target/site/serenity/74c15acd41fcdfbd9ec94e06d76d8942b8816c278890834a38d2d05ac18bd9cb.json104fbe1a-a1cb-43ac-a38d-b6037f954f16)
[pool-1-thread-3] INFO net.thucydides.core.reports.json.JSONTestOutcomeReporter - Generating JSON report for VIR-247.02 Verify that the information is shown on Personal Details page to file /Users/rodionsavchuk/hybrisAutomation/virco-automatedtests/target/site/serenity/1c58bd9a5814b7613691d793847309f1ef23f2826d37705df4c9cf38112f3674.json (using temp file /Users/rodionsavchuk/hybrisAutomation/virco-automatedtests/target/site/serenity/1c58bd9a5814b7613691d793847309f1ef23f2826d37705df4c9cf38112f3674.jsond6ac8498-2e20-43e1-983a-2a5a287b631f)
[pool-1-thread-1] INFO net.thucydides.core.reports.json.JSONTestOutcomeReporter - Generating JSON report for VIR-440.01 The cart q-ty is not based on the item level for the saved carts to file /Users/rodionsavchuk/hybrisAutomation/virco-automatedtests/target/site/serenity/094b9e637c71855896733520bffafcb8ad6030ed7d623ef6ac0130a6fc0c2d53.json (using temp file /Users/rodionsavchuk/hybrisAutomation/virco-automatedtests/target/site/serenity/094b9e637c71855896733520bffafcb8ad6030ed7d623ef6ac0130a6fc0c2d53.json86c478de-7c47-4b67-84ea-a1cd1606ed50)
[pool-1-thread-4] INFO net.thucydides.core.reports.json.JSONTestOutcomeReporter - Generating JSON report for VIR-247.03 Verify that the shopper can edit the following personal details to file /Users/rodionsavchuk/hybrisAutomation/virco-automatedtests/target/site/serenity/bf92986071382fb9ee82b0b367d6dae38872f696f6458186b60aeb2d09c74ec4.json (using temp file /Users/rodionsavchuk/hybrisAutomation/virco-automatedtests/target/site/serenity/bf92986071382fb9ee82b0b367d6dae38872f696f6458186b60aeb2d09c74ec4.json063b4b7b-5379-44e4-9c17-c0fd0dee4391)
[pool-1-thread-2] INFO net.thucydides.core.reports.json.JSONTestOutcomeReporter - Generating JSON report for VIR-227.01 Verify that the customer can view the service level field right of the contract drop down to file /Users/rodionsavchuk/hybrisAutomation/virco-automatedtests/target/site/serenity/8c2499b4820c11b864167cf1e29ba0c595f3a573717e45d73d9e262d7701aed8.json (using temp file /Users/rodionsavchuk/hybrisAutomation/virco-automatedtests/target/site/serenity/8c2499b4820c11b864167cf1e29ba0c595f3a573717e45d73d9e262d7701aed8.jsone9ac780b-247a-48fb-a668-ead21d886fc8)
[pool-1-thread-3] INFO net.thucydides.core.reports.html.HtmlAcceptanceTestReporter - GENERATING HTML REPORT FOR ACT-10 - Order History Date Range:VIR-235.01 Verify that the shopper can view the order history within My Account in 273677580b5ade55ccb470a2e988196811df982925cdbb1ace31e0a5efaabec1.html in directory target/site/serenity  
[pool-1-thread-4] INFO net.thucydides.core.reports.html.HtmlAcceptanceTestReporter - GENERATING HTML REPORT FOR ACT-10 - Order History Date Range:VIR-235.04 Verify that the current year view of orders is set by default in 611fe17d9cda8a2f0360fd4a5e0044434a5a44282d734d3f572d018496b6a768.html in directory target/site/serenity  
[pool-1-thread-1] INFO net.thucydides.core.reports.html.HtmlAcceptanceTestReporter - GENERATING HTML REPORT FOR ACT-10 - Order History Date Range:VIR-235.02 Verify that the newest order is shown first in the list in 8840d0acce101c4828203142f8d64f0725d2637a38c8eebef56a7d6a8b899749.html in directory target/site/serenity  
[pool-1-thread-2] INFO net.thucydides.core.reports.html.HtmlAcceptanceTestReporter - GENERATING HTML REPORT FOR ACT-10 - Order History Date Range:VIR-235.03 Verify that the orders can be filtered by in 29922dd92355b657a29ca8ceee8ece530ee19fab8572208c0d42c3104ff16960.html in directory target/site/serenity  
[pool-1-thread-3] INFO net.thucydides.core.reports.html.HtmlAcceptanceTestReporter - GENERATING HTML REPORT FOR ACT-10 - Order History Date Range:VIR-235.05 Verify that the orders can be sorted by in b3c85d502fdd11d32f7b2c0e62dbb38be0c6f9c593e4d4ccd95adcc5fe60b304.html in directory target/site/serenity  
[pool-1-thread-1] INFO net.thucydides.core.reports.html.HtmlAcceptanceTestReporter - GENERATING HTML REPORT FOR ACT-10 - Order History Date Range:VIR-235.06 Verify that the orders can be grouped by PO# (alpha-numeric) in 69529ca40520069837eb10aa62eb1ab7518abd062932198aaa75ce49a153bdf4.html in directory target/site/serenity  
[pool-1-thread-2] INFO net.thucydides.core.reports.html.HtmlAcceptanceTestReporter - GENERATING HTML REPORT FOR ACT-11 - View Orders - Shopper ECC:VIR-236.01 Verify that the shopper can see the created by him ECC orders withing Orders History in 6e0b05141f32d41efa52a2f8708a010ef30be5406c962e50aa108e52f637ff4f.html in directory target/site/serenity  
[pool-1-thread-3] INFO net.thucydides.core.reports.html.HtmlAcceptanceTestReporter - GENERATING HTML REPORT FOR ACT-11 - View Orders - Shopper ECC:VIR-236.02 Verify that the shopper is able to see the ECC orders details in 06a785ccbf37298662c0a3d0b35aa8a04f4eb296e14af96a2032ecacd8155265.html in directory target/site/serenity  
[pool-1-thread-1] INFO net.thucydides.core.reports.html.HtmlAcceptanceTestReporter - GENERATING HTML REPORT FOR ACT-12 - View Orders - Admin:VIR-237.01 Verify that the chief shopper is able to view the orders created by others within their organization in 37ec79a1d6a9cc6a2aec4574466f6dcb64dfed35c002fda7b3134b876ab9d490.html in directory target/site/serenity  
[pool-1-thread-3] INFO net.thucydides.core.reports.html.HtmlAcceptanceTestReporter - GENERATING HTML REPORT FOR ACT-13 - Purchase History:VIR-238.01 Verify that the stuff shopper can view orders created by him/her in da20584ac40b990dc291e9ae9cb2facdd86f681d176e5cbf03c9dc84024b2dea.html in directory target/site/serenity  
[pool-1-thread-4] INFO net.thucydides.core.reports.html.HtmlAcceptanceTestReporter - GENERATING HTML REPORT FOR ACT-11 - View Orders - Shopper ECC:VIR-236.03 Verify that shopper is not able to reorder the ECC orders in adad10cc0c0c283641a22aee227822d43a6b04d28868ac5b5b9f65428e2198f1.html in directory target/site/serenity  
[pool-1-thread-1] INFO net.thucydides.core.reports.html.HtmlAcceptanceTestReporter - GENERATING HTML REPORT FOR ACT-13 - Purchase History:VIR-238.02 Verify that the admin shoppers can view orders placed by admin and stuff shoppers within organization in 049e5266696367738227685efc996b610d41e4a9ff2b91176988ad3e5d046577.html in directory target/site/serenity  
[pool-1-thread-3] INFO net.thucydides.core.reports.html.HtmlAcceptanceTestReporter - GENERATING HTML REPORT FOR ACT-14 - Reorder:VIR-239.01 Verify that the shopper can see the Reorder button near each order in the list of orders history in bc5c957c59b8dd4780a20bc8c811eb7cd90739e0aa75b27ef4276f5d16b25e8a.html in directory target/site/serenity  
[pool-1-thread-2] INFO net.thucydides.core.reports.html.HtmlAcceptanceTestReporter - GENERATING HTML REPORT FOR ACT-12 - View Orders - Admin:VIR-237.02 Verify that all orders are shown at the same page in 04c1b88fcf25fa2f1ca595220bf539bd3345daf07b3f5fd975b7cfa258aa1a72.html in directory target/site/serenity  
[pool-1-thread-4] INFO net.thucydides.core.reports.html.HtmlAcceptanceTestReporter - GENERATING HTML REPORT FOR ACT-14 - Reorder:VIR-239.02 Verify that the Reorder button is present at the order details page in 7f2baa53bf21c1609ec69298572380037821566fedb28a9f798f27a38a595463.html in directory target/site/serenity  
[pool-1-thread-3] INFO net.thucydides.core.reports.html.HtmlAcceptanceTestReporter - GENERATING HTML REPORT FOR ACT-14 - Reorder:VIR-239.03 Verify that the Reorder button is present only near the orders created by shopper in db5d2cc2cdb477151d79acc5ba80f9970445ac1f4a40c15aea05ceaf9d72ab4c.html in directory target/site/serenity  
[pool-1-thread-1] INFO net.thucydides.core.reports.html.HtmlAcceptanceTestReporter - GENERATING HTML REPORT FOR ACT-14 - Reorder:VIR-239.04 Verify that the new order with the same order details is created after reordering in 86d284f6d52dd7b06703c0e65ed979dc08ab5e91925669335c8db93a482789bd.html in directory target/site/serenity  
[pool-1-thread-2] INFO net.thucydides.core.reports.html.HtmlAcceptanceTestReporter - GENERATING HTML REPORT FOR ACT-14 - Reorder:VIR-239.05 Verify that the Admin can reorder the orders created by him and stuff shoppers in bd0258604ad0a60526916081e6985c7c5319337a9181a074ad5638ad9d781d0d.html in directory target/site/serenity  
[pool-1-thread-3] INFO net.thucydides.core.reports.html.HtmlAcceptanceTestReporter - GENERATING HTML REPORT FOR ACT-14 - Reorder:VIR-239.06 Verify that the Chief can reorder the orders created by him, admin and stuff shoppers in ce484b4c5f4b477729fe56f6574c4b704d459afba8238101689edf60627995fe.html in directory target/site/serenity  
[pool-1-thread-1] INFO net.thucydides.core.reports.html.HtmlAcceptanceTestReporter - GENERATING HTML REPORT FOR ACT-15 - Customer Management:VIR-240.01 Verify that the following message is shown to the customer if they entered wrong login data at first and second times in 5c983153fe2ebb177f0d9e8b132ca59a6e0ee0ae8654058c47ae107dbb7196e9.html in directory target/site/serenity  
[pool-1-thread-4] INFO net.thucydides.core.reports.html.HtmlAcceptanceTestReporter - GENERATING HTML REPORT FOR ACT-14 - Reorder:VIR-239.07 Verify that the Stuff shopper can reorder the orders created by him\her only in b8018260c31d901f3d8d776ff65116bc168b781e95b8a9f89641bcafaaa081f8.html in directory target/site/serenity  
[pool-1-thread-2] INFO net.thucydides.core.reports.html.HtmlAcceptanceTestReporter - GENERATING HTML REPORT FOR ACT-15 - Customer Management:VIR-240.02 Verify that the error message is shown to the customer if they entered wrong login data three and more times in feea09e30f98fa20f26d9fa541c867e47262726ef2edae67658e6fe1f69f795b.html in directory target/site/serenity  
[pool-1-thread-3] INFO net.thucydides.core.reports.html.HtmlAcceptanceTestReporter - GENERATING HTML REPORT FOR ACT-15 - Customer Management:VIR-240.03 Verify that the account is locked automatically after 3 incorrect login attempts in 98702c761630d5e96c1885fc6b7d9edc2d3d9276a61dcb964fb55a77180ac4c4.html in directory target/site/serenity  
[pool-1-thread-4] INFO net.thucydides.core.reports.html.HtmlAcceptanceTestReporter - GENERATING HTML REPORT FOR ACT-15 - Customer Management:VIR-240.04 Verify that the customer can phone via Skype when they click on the phone number from desktop browser in 022ceba0bee1a7e3be70af6fce73e28abbfa02e327dc996b425b971073e81949.html in directory target/site/serenity  
[pool-1-thread-2] INFO net.thucydides.core.reports.html.HtmlAcceptanceTestReporter - GENERATING HTML REPORT FOR ACT-15 - Customer Management:VIR-240.05 Verify that the customer can phone via phone/skype when they click on the phone number from mobile device in 0acf8d5b428f155bb5cd03ead2beee85cb116b173f667ca0d7eddf263c734900.html in directory target/site/serenity  
[pool-1-thread-3] INFO net.thucydides.core.reports.html.HtmlAcceptanceTestReporter - GENERATING HTML REPORT FOR ACT-16 - CSR Mass Set Up:VIR-241.01 Verify that the bunch of customers are created in hybris after running mass setup script in 463850b14992f16a3a2bf3702fcc5975eee58ce459f840ff047b04c2eaef46d1.html in directory target/site/serenity  
[pool-1-thread-1] INFO net.thucydides.core.reports.html.HtmlAcceptanceTestReporter - GENERATING HTML REPORT FOR ACT-16 - CSR Mass Set Up:VIR-241.02 Verify that the personal details are mapped appropriately in a13f41939905f13645385d57d811c8cdd84a0cbed0caf2a6b3c4f55c28d79c01.html in directory target/site/serenity  
[pool-1-thread-4] INFO net.thucydides.core.reports.html.HtmlAcceptanceTestReporter - GENERATING HTML REPORT FOR ACT-16 - CSR Mass Set Up:VIR-241.03 Verify that the data outlined in ID3 are copied into the hybris in 39e10a2762693c36aeb39ffa0694d6429714a5caa78716ad3e3a6dc6f9f35100.html in directory target/site/serenity  
[pool-1-thread-2] INFO net.thucydides.core.reports.html.HtmlAcceptanceTestReporter - GENERATING HTML REPORT FOR ACT-16 - CSR Mass Set Up:VIR-241.04 Verify that just set up customers can log into the system and perform appropriate activities (due to the permissions) in cad527a19b233d2a98237bc580b3e071a577ec5892a5ac544f2f50b81e1edc9a.html in directory target/site/serenity  
[pool-1-thread-3] INFO net.thucydides.core.reports.html.HtmlAcceptanceTestReporter - GENERATING HTML REPORT FOR ACT-17 - My Account View Options:VIR-242.01 Verify that the following sub menu My Account menu has following options in 1276140ef62c6432b71b0f37d8025035d8b303a616dfb579c0464109d19a2074.html in directory target/site/serenity  
[pool-1-thread-4] INFO net.thucydides.core.reports.html.HtmlAcceptanceTestReporter - GENERATING HTML REPORT FOR ACT-17 - My Account View Options:VIR-242.02 Verify that the shopper is moved to the appropriate page after clicking on the sub-menu option in 28ef021d759f2a4643b61547ae2c5a1b9ce2544b0930e552ce883dc4238eb54c.html in directory target/site/serenity  
[pool-1-thread-2] INFO net.thucydides.core.reports.html.HtmlAcceptanceTestReporter - GENERATING HTML REPORT FOR ACT-18 - Tracking Information:VIR-243.01 Verify that the order tracking number is shown at the Order History and on the Order Details pages in 70b6f3d948299c508f0755eca224d394eabc6d05bab5864a70e0f1b9c6b1e644.html in directory target/site/serenity  
[pool-1-thread-1] INFO net.thucydides.core.reports.html.HtmlAcceptanceTestReporter - GENERATING HTML REPORT FOR ACT-18 - Tracking Information:VIR-243.02 Verify that the several order tracking number can be shown for one order in 962a8661ed130dbc7b367611253983130c921d9ccf15ff013ae776fad79d5178.html in directory target/site/serenity  
[pool-1-thread-2] INFO net.thucydides.core.reports.html.HtmlAcceptanceTestReporter - GENERATING HTML REPORT FOR ACT-18 - Tracking Information:VIR-243.03 Verify that the order delivery status is shown in new window after clicking on tracking number link in 05de3555ce50877d7a68bf12b1c9ce484c460fe5f0202de33af8de7536c5347d.html in directory target/site/serenity  
[pool-1-thread-3] INFO net.thucydides.core.reports.html.HtmlAcceptanceTestReporter - GENERATING HTML REPORT FOR ACT-18 - Tracking Information:VIR-243.04 Verify that the chief shopper can see the order tracking number for the orders created by in 6679b678bf94497d010ee1d2e4e9da687ae39e591aaeb2628364a7db535048bd.html in directory target/site/serenity  
[pool-1-thread-1] INFO net.thucydides.core.reports.html.HtmlAcceptanceTestReporter - GENERATING HTML REPORT FOR ACT-18 - Tracking Information:VIR-243.05 Verify that the admin shopper can see the order tracking number for the orders created by in 62c275f127453f29fafc4c2149202cb494bb82c96be65d9c7ffdda17d402d199.html in directory target/site/serenity  
[pool-1-thread-2] INFO net.thucydides.core.reports.html.HtmlAcceptanceTestReporter - GENERATING HTML REPORT FOR ACT-19 - Static Email Address:VIR-244.01 Verify that the shopper can see their email address within Email in My Account Menu in bf8e1443a8f088c9e57e0348c8704fc75e0549ba1f9d96c39d9d0ad3f4b04b32.html in directory target/site/serenity  
[pool-1-thread-3] INFO net.thucydides.core.reports.html.HtmlAcceptanceTestReporter - GENERATING HTML REPORT FOR ACT-19 - Static Email Address:VIR-244.02 Verify that the email address is not editable in bfc781d1f39529c42f3e2e6163fe397cb7cd1efdb5aea56fac29b0f0f66e1a5e.html in directory target/site/serenity  
[pool-1-thread-2] INFO net.thucydides.core.reports.html.HtmlAcceptanceTestReporter - GENERATING HTML REPORT FOR ACT-1 - Default Contract:VIR-226.01 Verify that the dropdown list with contracts is shown in the header in 1a7109a2e435410aec76a6616813b89a7a128938fc747b573a8bea77b5dc2e74.html in directory target/site/serenity  
[pool-1-thread-1] INFO net.thucydides.core.reports.html.HtmlAcceptanceTestReporter - GENERATING HTML REPORT FOR ACT-1 - Default Contract:VIR-226.02 Verify that the default contract is selected automatically if no other contract is selected in a1cdc501ba181282011afc75c778ae005a66a25ac465bd9f54fb47cebe8da2b6.html in directory target/site/serenity  
[pool-1-thread-2] INFO net.thucydides.core.reports.html.HtmlAcceptanceTestReporter - GENERATING HTML REPORT FOR ACT-1 - Default Contract:VIR-226.03 Verify that each customer has their own default contract in 1100df39b069668be73bd3fa061625067d18d2c8d7eb03db90d26ed720e1bad6.html in directory target/site/serenity  
[pool-1-thread-1] INFO net.thucydides.core.reports.html.HtmlAcceptanceTestReporter - GENERATING HTML REPORT FOR ACT-1 - Default Contract:VIR-226.05 Verify that shopper can change the contract as many times, as they want in d72154fb388d26ac97bf25cdf1619f4513466127fb36eb261ec18074f0a654cd.html in directory target/site/serenity  
[pool-1-thread-3] INFO net.thucydides.core.reports.html.HtmlAcceptanceTestReporter - GENERATING HTML REPORT FOR ACT-1 - Default Contract:VIR-226.07 Verify that if the contract is changed in customer master, it is changed to the customer without any notification in 97d516a9dd97a3564503058531e457f4fe37c4fa911c4e0a2cd67d9e4f26df95.html in directory target/site/serenity  
[pool-1-thread-1] INFO net.thucydides.core.reports.html.HtmlAcceptanceTestReporter - GENERATING HTML REPORT FOR ACT-1 - Default Contract:VIR-226.06 Verify that if the shopper changed the contract, the prices and product list are updated accordingly to the selected contract in cb991777f2dcd6cec892aca2a17766a44ff88538bd62762eb06275f337f59188.html in directory target/site/serenity  
[pool-1-thread-3] INFO net.thucydides.core.reports.html.HtmlAcceptanceTestReporter - GENERATING HTML REPORT FOR ACT-1 - Default Contract:VIR-226.08 Verify that the prices shows n/a, if the contract expired and the new one is not selected by shopper in 90eacd21eb1e7e24d79a439ece9e6416daa13b514c337bcef555c498996ee27a.html in directory target/site/serenity  
[pool-1-thread-4] INFO net.thucydides.core.reports.html.HtmlAcceptanceTestReporter - GENERATING HTML REPORT FOR ACT-1 - Default Contract:VIR-226.01A Verify that the script switch the contract A to the contract B automatically for bunch of selected customers in 40b3604109cc54897930215a5dff112d2f2a0f9a3f3a7c2ebf97db43a508944d.html in directory target/site/serenity  
[pool-1-thread-2] INFO net.thucydides.core.reports.html.HtmlAcceptanceTestReporter - GENERATING HTML REPORT FOR ACT-1 - Default Contract:VIR-226.04 Verify that the assigned to the shopper contracts (defined at the Ship To level) are shown in the list in 736a6f27c422f3f6d8305a0f397a2adb789d1ed4974f92482a9f738f0fdbbfec.html in directory target/site/serenity  
[pool-1-thread-4] INFO net.thucydides.core.reports.html.HtmlAcceptanceTestReporter - GENERATING HTML REPORT FOR ACT-21 - View Saved Carts:VIR-246.02 Remove all from saved carts in 57ad878c80f86f37b436866d9406bfc876bcc2a4fe8f331b75642b3504e58b7f.html in directory target/site/serenity  
[pool-1-thread-4] INFO net.thucydides.core.reports.html.HtmlAcceptanceTestReporter - GENERATING HTML REPORT FOR ACT-21 - View Saved Carts:VIR-246.04 Verify that the products and their selected quantities are shown at the saved cart page in 71d7b3b019de0d80556b2ab92ce7c04958edcacdb5185c7868f851880fce7a8c.html in directory target/site/serenity  
[pool-1-thread-1] INFO net.thucydides.core.reports.html.HtmlAcceptanceTestReporter - GENERATING HTML REPORT FOR ACT-21 - View Saved Carts:VIR-246.01 Verify that the shopper can see the saved carts within My Account in 8f924b8e28c6b842e118d033edbc4760c495b83f62c62df3597462885f301c84.html in directory target/site/serenity  
[pool-1-thread-3] INFO net.thucydides.core.reports.html.HtmlAcceptanceTestReporter - GENERATING HTML REPORT FOR ACT-21 - View Saved Carts:VIR-246.03 Verify that the saved cart is shown on the saved carts page in a78cc380adec40d2bde41cc9dd7bf1cd6cc7f6dd92d52beceefba632467fc268.html in directory target/site/serenity  
[pool-1-thread-2] INFO net.thucydides.core.reports.html.HtmlAcceptanceTestReporter - GENERATING HTML REPORT FOR ACT-21 - View Saved Carts:VIR-246.05 Verify that saved cart can be restored in ad1c57abe3cc4827685bdae4426a5445264c10ce7dec22879e678adfd3c0c6cb.html in directory target/site/serenity  
[pool-1-thread-4] INFO net.thucydides.core.reports.html.HtmlAcceptanceTestReporter - GENERATING HTML REPORT FOR ACT-21 - View Saved Carts:VIR-246.06 Verify that saved cart can be updated in 7220eba5f2eae10da2dd4b065bbaeb5e362fcdf624f7734decc62917e1fdaa2b.html in directory target/site/serenity  
[pool-1-thread-3] INFO net.thucydides.core.reports.html.HtmlAcceptanceTestReporter - GENERATING HTML REPORT FOR ACT-21 - View Saved Carts:VIR-440.01 The cart q-ty is not based on the item level for the saved carts in 094b9e637c71855896733520bffafcb8ad6030ed7d623ef6ac0130a6fc0c2d53.html in directory target/site/serenity  
[pool-1-thread-1] INFO net.thucydides.core.reports.html.HtmlAcceptanceTestReporter - GENERATING HTML REPORT FOR ACT-21 - View Saved Carts:VIR-246.07 Verify that saved cart can be removed in 061f516f07433f1a6cec7dbbd7f35884d8c98eda047d9b875d1850373e38237b.html in directory target/site/serenity  
[pool-1-thread-2] INFO net.thucydides.core.reports.html.HtmlAcceptanceTestReporter - GENERATING HTML REPORT FOR ACT-22 - View Personal Details:VIR-247.01 Verify that the shopper can see their personal details within My Account in 74c15acd41fcdfbd9ec94e06d76d8942b8816c278890834a38d2d05ac18bd9cb.html in directory target/site/serenity  
[pool-1-thread-4] INFO net.thucydides.core.reports.html.HtmlAcceptanceTestReporter - GENERATING HTML REPORT FOR ACT-22 - View Personal Details:VIR-247.02 Verify that the information is shown on Personal Details page in 1c58bd9a5814b7613691d793847309f1ef23f2826d37705df4c9cf38112f3674.html in directory target/site/serenity  
[pool-1-thread-3] INFO net.thucydides.core.reports.html.HtmlAcceptanceTestReporter - GENERATING HTML REPORT FOR ACT-22 - View Personal Details:VIR-247.03 Verify that the shopper can edit the following personal details in bf92986071382fb9ee82b0b367d6dae38872f696f6458186b60aeb2d09c74ec4.html in directory target/site/serenity  
[pool-1-thread-2] INFO net.thucydides.core.reports.html.HtmlAcceptanceTestReporter - GENERATING HTML REPORT FOR ACT-2 - Service Level Selection:VIR-227.01 Verify that the customer can view the service level field right of the contract drop down in 8c2499b4820c11b864167cf1e29ba0c595f3a573717e45d73d9e262d7701aed8.html in directory target/site/serenity  
[main] INFO net.serenitybdd.core.Serenity - 
 _____ _____ ____ _____   ____ _____  _    ____ _____ _____ ____  
|_   _| ____/ ___|_   _| / ___|_   _|/ \  |  _ \_   _| ____|  _ \ 
  | | |  _| \___ \ | |   \___ \ | | / _ \ | |_) || | |  _| | | | |
  | | | |___ ___) || |    ___) || |/ ___ \|  _ < | | | |___| |_| |
  |_| |_____|____/ |_|   |____/ |_/_/   \_\_| \_\|_| |_____|____/ 
                                                                  

TEST STARTED: VIR-227.02 Verify that the shopper can view the following service level options in the dropdown field
-------------------------------------------------------------------(act-2---service-level-selection;vir-227.02-verify-that-the-shopper-can-view-the-following-service-level-options-in-the-dropdown-field)
[main] INFO net.serenitybdd.core.Serenity - STARTING STEP Given open the site and login
[main] INFO net.serenitybdd.core.Serenity - STARTING STEP Open the site
[main] INFO net.serenitybdd.core.Serenity - STEP ERROR: net.serenitybdd.core.exceptions.SerenityManagedException: Could not initialize class com.virco.locators.SiteData
]]></system-err>
  </testcase>
  <testcase name="Scenario: VIR-227.02 Verify that the shopper can view the following service level options in the dropdown field" classname="Scenario: VIR-227.02 Verify that the shopper can view the following service level options in the dropdown field" time="0.005">
    <error message="Could not initialize class com.virco.locators.SiteData" type="net.serenitybdd.core.exceptions.SerenityManagedException"><![CDATA[net.serenitybdd.core.exceptions.SerenityManagedException: Could not initialize class com.virco.locators.SiteData
	at com.virco.steps.serenity.CommonUserSteps.openTheSite(CommonUserSteps.java:19)
	at com.virco.steps.serenity.CommonUserSteps$$EnhancerByCGLIB$$d8541bfa.CGLIB$openTheSite$6(<generated>)
	at com.virco.steps.serenity.CommonUserSteps$$EnhancerByCGLIB$$d8541bfa$$FastClassByCGLIB$$ea8e0f86.invoke(<generated>)
	at net.sf.cglib.proxy.MethodProxy.invokeSuper(MethodProxy.java:228)
	at net.thucydides.core.steps.StepInterceptor.invokeMethod(StepInterceptor.java:372)
	at net.thucydides.core.steps.StepInterceptor.executeTestStepMethod(StepInterceptor.java:357)
	at net.thucydides.core.steps.StepInterceptor.runTestStep(StepInterceptor.java:332)
	at net.thucydides.core.steps.StepInterceptor.testStepResult(StepInterceptor.java:134)
	at net.thucydides.core.steps.StepInterceptor.intercept(StepInterceptor.java:61)
	at com.virco.steps.serenity.CommonUserSteps$$EnhancerByCGLIB$$d8541bfa.openTheSite(<generated>)
	at com.virco.steps.CommonDefinitionSteps.openTheSiteAndLogin(CommonDefinitionSteps.java:72)
	at sun.reflect.GeneratedMethodAccessor143.invoke(Unknown Source)
	at sun.reflect.DelegatingMethodAccessorImpl.invoke(DelegatingMethodAccessorImpl.java:43)
	at java.lang.reflect.Method.invoke(Method.java:498)
	at cucumber.runtime.Utils$1.call(Utils.java:40)
	at cucumber.runtime.Timeout.timeout(Timeout.java:16)
	at cucumber.runtime.Utils.invoke(Utils.java:34)
	at cucumber.runtime.java.JavaStepDefinition.execute(JavaStepDefinition.java:38)
	at cucumber.runtime.StepDefinitionMatch.runStep(StepDefinitionMatch.java:37)
	at cucumber.runtime.Runtime.runStep(Runtime.java:300)
	at cucumber.runtime.model.StepContainer.runStep(StepContainer.java:44)
	at cucumber.runtime.model.StepContainer.runSteps(StepContainer.java:39)
	at cucumber.runtime.model.CucumberScenario.run(CucumberScenario.java:44)
	at cucumber.runtime.junit.ExecutionUnitRunner.run(ExecutionUnitRunner.java:102)
	at cucumber.runtime.junit.FeatureRunner.runChild(FeatureRunner.java:63)
	at cucumber.runtime.junit.FeatureRunner.runChild(FeatureRunner.java:18)
	at org.junit.runners.ParentRunner$3.run(ParentRunner.java:290)
	at org.junit.runners.ParentRunner$1.schedule(ParentRunner.java:71)
	at org.junit.runners.ParentRunner.runChildren(ParentRunner.java:288)
	at org.junit.runners.ParentRunner.access$000(ParentRunner.java:58)
	at org.junit.runners.ParentRunner$2.evaluate(ParentRunner.java:268)
	at org.junit.runners.ParentRunner.run(ParentRunner.java:363)
	at cucumber.runtime.junit.FeatureRunner.run(FeatureRunner.java:70)
	at cucumber.api.junit.Cucumber.runChild(Cucumber.java:95)
	at cucumber.api.junit.Cucumber.runChild(Cucumber.java:38)
	at org.junit.runners.ParentRunner$3.run(ParentRunner.java:290)
	at org.junit.runners.ParentRunner$1.schedule(ParentRunner.java:71)
	at org.junit.runners.ParentRunner.runChildren(ParentRunner.java:288)
	at org.junit.runners.ParentRunner.access$000(ParentRunner.java:58)
	at org.junit.runners.ParentRunner$2.evaluate(ParentRunner.java:268)
	at org.junit.runners.ParentRunner.run(ParentRunner.java:363)
	at cucumber.api.junit.Cucumber.run(Cucumber.java:100)
	at org.apache.maven.surefire.junit4.JUnit4Provider.execute(JUnit4Provider.java:283)
	at org.apache.maven.surefire.junit4.JUnit4Provider.executeWithRerun(JUnit4Provider.java:173)
	at org.apache.maven.surefire.junit4.JUnit4Provider.executeTestSet(JUnit4Provider.java:153)
	at org.apache.maven.surefire.junit4.JUnit4Provider.invoke(JUnit4Provider.java:128)
	at org.apache.maven.surefire.booter.ForkedBooter.invokeProviderInSameClassLoader(ForkedBooter.java:203)
	at org.apache.maven.surefire.booter.ForkedBooter.runSuitesInProcess(ForkedBooter.java:155)
	at org.apache.maven.surefire.booter.ForkedBooter.main(ForkedBooter.java:103)
]]></error>
  </testcase>
  <testcase name="Then the service level drop-down contains following options:" classname="Scenario: VIR-227.02 Verify that the shopper can view the following service level options in the dropdown field" time="0">
    <skipped/>
    <system-err><![CDATA[[main] INFO net.serenitybdd.core.Serenity - STEP ERROR: java.lang.NoClassDefFoundError: Could not initialize class com.virco.locators.SiteData
[main] INFO net.serenitybdd.core.Serenity - STARTING STEP Then the service level drop-down contains following options:
| Tailgate |
| Inside Delivery |
| Full Service |
]]></system-err>
  </testcase>
  <testcase name="Given open the site and login" classname="Scenario: VIR-227.03 Verify that the Tailgate service level option is selected by default" time="0.003">
    <error message="Could not initialize class com.virco.locators.SiteData" type="net.serenitybdd.core.exceptions.SerenityManagedException"><![CDATA[net.serenitybdd.core.exceptions.SerenityManagedException: Could not initialize class com.virco.locators.SiteData
	at com.virco.steps.serenity.CommonUserSteps.openTheSite(CommonUserSteps.java:19)
	at com.virco.steps.serenity.CommonUserSteps$$EnhancerByCGLIB$$d8541bfa.CGLIB$openTheSite$6(<generated>)
	at com.virco.steps.serenity.CommonUserSteps$$EnhancerByCGLIB$$d8541bfa$$FastClassByCGLIB$$ea8e0f86.invoke(<generated>)
	at net.sf.cglib.proxy.MethodProxy.invokeSuper(MethodProxy.java:228)
	at net.thucydides.core.steps.StepInterceptor.invokeMethod(StepInterceptor.java:372)
	at net.thucydides.core.steps.StepInterceptor.executeTestStepMethod(StepInterceptor.java:357)
	at net.thucydides.core.steps.StepInterceptor.runTestStep(StepInterceptor.java:332)
	at net.thucydides.core.steps.StepInterceptor.testStepResult(StepInterceptor.java:134)
	at net.thucydides.core.steps.StepInterceptor.intercept(StepInterceptor.java:61)
	at com.virco.steps.serenity.CommonUserSteps$$EnhancerByCGLIB$$d8541bfa.openTheSite(<generated>)
	at com.virco.steps.CommonDefinitionSteps.openTheSiteAndLogin(CommonDefinitionSteps.java:72)
	at sun.reflect.GeneratedMethodAccessor143.invoke(Unknown Source)
	at sun.reflect.DelegatingMethodAccessorImpl.invoke(DelegatingMethodAccessorImpl.java:43)
	at java.lang.reflect.Method.invoke(Method.java:498)
	at cucumber.runtime.Utils$1.call(Utils.java:40)
	at cucumber.runtime.Timeout.timeout(Timeout.java:16)
	at cucumber.runtime.Utils.invoke(Utils.java:34)
	at cucumber.runtime.java.JavaStepDefinition.execute(JavaStepDefinition.java:38)
	at cucumber.runtime.StepDefinitionMatch.runStep(StepDefinitionMatch.java:37)
	at cucumber.runtime.Runtime.runStep(Runtime.java:300)
	at cucumber.runtime.model.StepContainer.runStep(StepContainer.java:44)
	at cucumber.runtime.model.StepContainer.runSteps(StepContainer.java:39)
	at cucumber.runtime.model.CucumberScenario.run(CucumberScenario.java:44)
	at cucumber.runtime.junit.ExecutionUnitRunner.run(ExecutionUnitRunner.java:102)
	at cucumber.runtime.junit.FeatureRunner.runChild(FeatureRunner.java:63)
	at cucumber.runtime.junit.FeatureRunner.runChild(FeatureRunner.java:18)
	at org.junit.runners.ParentRunner$3.run(ParentRunner.java:290)
	at org.junit.runners.ParentRunner$1.schedule(ParentRunner.java:71)
	at org.junit.runners.ParentRunner.runChildren(ParentRunner.java:288)
	at org.junit.runners.ParentRunner.access$000(ParentRunner.java:58)
	at org.junit.runners.ParentRunner$2.evaluate(ParentRunner.java:268)
	at org.junit.runners.ParentRunner.run(ParentRunner.java:363)
	at cucumber.runtime.junit.FeatureRunner.run(FeatureRunner.java:70)
	at cucumber.api.junit.Cucumber.runChild(Cucumber.java:95)
	at cucumber.api.junit.Cucumber.runChild(Cucumber.java:38)
	at org.junit.runners.ParentRunner$3.run(ParentRunner.java:290)
	at org.junit.runners.ParentRunner$1.schedule(ParentRunner.java:71)
	at org.junit.runners.ParentRunner.runChildren(ParentRunner.java:288)
	at org.junit.runners.ParentRunner.access$000(ParentRunner.java:58)
	at org.junit.runners.ParentRunner$2.evaluate(ParentRunner.java:268)
	at org.junit.runners.ParentRunner.run(ParentRunner.java:363)
	at cucumber.api.junit.Cucumber.run(Cucumber.java:100)
	at org.apache.maven.surefire.junit4.JUnit4Provider.execute(JUnit4Provider.java:283)
	at org.apache.maven.surefire.junit4.JUnit4Provider.executeWithRerun(JUnit4Provider.java:173)
	at org.apache.maven.surefire.junit4.JUnit4Provider.executeTestSet(JUnit4Provider.java:153)
	at org.apache.maven.surefire.junit4.JUnit4Provider.invoke(JUnit4Provider.java:128)
	at org.apache.maven.surefire.booter.ForkedBooter.invokeProviderInSameClassLoader(ForkedBooter.java:203)
	at org.apache.maven.surefire.booter.ForkedBooter.runSuitesInProcess(ForkedBooter.java:155)
	at org.apache.maven.surefire.booter.ForkedBooter.main(ForkedBooter.java:103)
]]></error>
    <system-err><![CDATA[[main] INFO net.serenitybdd.core.Serenity - IGNORING STEP
[main] ERROR net.serenitybdd.core.Serenity - 
           __  _____ _____ ____ _____   _____ _    ___ _     _____ ____  
  _       / / |_   _| ____/ ___|_   _| |  ___/ \  |_ _| |   | ____|  _ \ 
 (_)_____| |    | | |  _| \___ \ | |   | |_ / _ \  | || |   |  _| | | | |
  _|_____| |    | | | |___ ___) || |   |  _/ ___ \ | || |___| |___| |_| |
 (_)     | |    |_| |_____|____/ |_|   |_|/_/   \_\___|_____|_____|____/ 
          \_\                                                            

TEST FAILED WITH ERROR: VIR-227.02 Verify that the shopper can view the following service level options in the dropdown field
---------------------------------------------------------------------
[main] ERROR net.serenitybdd.core.Serenity - TEST FAILED AT STEP Open the site
[main] ERROR net.serenitybdd.core.Serenity - Could not initialize class com.virco.locators.SiteData
[pool-1-thread-1] INFO net.thucydides.core.reports.json.JSONTestOutcomeReporter - Generating JSON report for VIR-235.01 Verify that the shopper can view the order history within My Account to file /Users/rodionsavchuk/hybrisAutomation/virco-automatedtests/target/site/serenity/273677580b5ade55ccb470a2e988196811df982925cdbb1ace31e0a5efaabec1.json (using temp file /Users/rodionsavchuk/hybrisAutomation/virco-automatedtests/target/site/serenity/273677580b5ade55ccb470a2e988196811df982925cdbb1ace31e0a5efaabec1.jsonb6421d99-4842-4097-a0fa-2f251c859e2d)
[pool-1-thread-4] INFO net.thucydides.core.reports.json.JSONTestOutcomeReporter - Generating JSON report for VIR-235.02 Verify that the newest order is shown first in the list to file /Users/rodionsavchuk/hybrisAutomation/virco-automatedtests/target/site/serenity/8840d0acce101c4828203142f8d64f0725d2637a38c8eebef56a7d6a8b899749.json (using temp file /Users/rodionsavchuk/hybrisAutomation/virco-automatedtests/target/site/serenity/8840d0acce101c4828203142f8d64f0725d2637a38c8eebef56a7d6a8b899749.json384c9bd9-c513-4a3d-8444-75d2a617d801)
[pool-1-thread-3] INFO net.thucydides.core.reports.json.JSONTestOutcomeReporter - Generating JSON report for VIR-235.04 Verify that the current year view of orders is set by default to file /Users/rodionsavchuk/hybrisAutomation/virco-automatedtests/target/site/serenity/611fe17d9cda8a2f0360fd4a5e0044434a5a44282d734d3f572d018496b6a768.json (using temp file /Users/rodionsavchuk/hybrisAutomation/virco-automatedtests/target/site/serenity/611fe17d9cda8a2f0360fd4a5e0044434a5a44282d734d3f572d018496b6a768.jsonb6128a21-e628-4511-b6e0-b988cd48cb8d)
[pool-1-thread-2] INFO net.thucydides.core.reports.json.JSONTestOutcomeReporter - Generating JSON report for VIR-235.03 Verify that the orders can be filtered by to file /Users/rodionsavchuk/hybrisAutomation/virco-automatedtests/target/site/serenity/29922dd92355b657a29ca8ceee8ece530ee19fab8572208c0d42c3104ff16960.json (using temp file /Users/rodionsavchuk/hybrisAutomation/virco-automatedtests/target/site/serenity/29922dd92355b657a29ca8ceee8ece530ee19fab8572208c0d42c3104ff16960.json71b972eb-ddea-4137-b46c-2e3f4d9ebc47)
[pool-1-thread-1] INFO net.thucydides.core.reports.json.JSONTestOutcomeReporter - Generating JSON report for VIR-235.05 Verify that the orders can be sorted by to file /Users/rodionsavchuk/hybrisAutomation/virco-automatedtests/target/site/serenity/b3c85d502fdd11d32f7b2c0e62dbb38be0c6f9c593e4d4ccd95adcc5fe60b304.json (using temp file /Users/rodionsavchuk/hybrisAutomation/virco-automatedtests/target/site/serenity/b3c85d502fdd11d32f7b2c0e62dbb38be0c6f9c593e4d4ccd95adcc5fe60b304.json13a3339d-a051-4e52-86f4-b10e3df9f15c)
[pool-1-thread-4] INFO net.thucydides.core.reports.json.JSONTestOutcomeReporter - Generating JSON report for VIR-235.06 Verify that the orders can be grouped by PO# (alpha-numeric) to file /Users/rodionsavchuk/hybrisAutomation/virco-automatedtests/target/site/serenity/69529ca40520069837eb10aa62eb1ab7518abd062932198aaa75ce49a153bdf4.json (using temp file /Users/rodionsavchuk/hybrisAutomation/virco-automatedtests/target/site/serenity/69529ca40520069837eb10aa62eb1ab7518abd062932198aaa75ce49a153bdf4.jsonf7a7a2a1-c5ed-4b57-b2c5-ea17a397ec68)
[pool-1-thread-3] INFO net.thucydides.core.reports.json.JSONTestOutcomeReporter - Generating JSON report for VIR-236.01 Verify that the shopper can see the created by him ECC orders withing Orders History to file /Users/rodionsavchuk/hybrisAutomation/virco-automatedtests/target/site/serenity/6e0b05141f32d41efa52a2f8708a010ef30be5406c962e50aa108e52f637ff4f.json (using temp file /Users/rodionsavchuk/hybrisAutomation/virco-automatedtests/target/site/serenity/6e0b05141f32d41efa52a2f8708a010ef30be5406c962e50aa108e52f637ff4f.json1cf84aa9-4323-469a-b604-8641d3e8e34a)
[pool-1-thread-1] INFO net.thucydides.core.reports.json.JSONTestOutcomeReporter - Generating JSON report for VIR-236.02 Verify that the shopper is able to see the ECC orders details to file /Users/rodionsavchuk/hybrisAutomation/virco-automatedtests/target/site/serenity/06a785ccbf37298662c0a3d0b35aa8a04f4eb296e14af96a2032ecacd8155265.json (using temp file /Users/rodionsavchuk/hybrisAutomation/virco-automatedtests/target/site/serenity/06a785ccbf37298662c0a3d0b35aa8a04f4eb296e14af96a2032ecacd8155265.json3096e32f-976a-4889-8217-c0c50c5d4b6e)
[pool-1-thread-2] INFO net.thucydides.core.reports.json.JSONTestOutcomeReporter - Generating JSON report for VIR-236.03 Verify that shopper is not able to reorder the ECC orders to file /Users/rodionsavchuk/hybrisAutomation/virco-automatedtests/target/site/serenity/adad10cc0c0c283641a22aee227822d43a6b04d28868ac5b5b9f65428e2198f1.json (using temp file /Users/rodionsavchuk/hybrisAutomation/virco-automatedtests/target/site/serenity/adad10cc0c0c283641a22aee227822d43a6b04d28868ac5b5b9f65428e2198f1.json6c81828a-a6e1-48ba-a5c6-1838844a967f)
[pool-1-thread-1] INFO net.thucydides.core.reports.json.JSONTestOutcomeReporter - Generating JSON report for VIR-237.01 Verify that the chief shopper is able to view the orders created by others within their organization to file /Users/rodionsavchuk/hybrisAutomation/virco-automatedtests/target/site/serenity/37ec79a1d6a9cc6a2aec4574466f6dcb64dfed35c002fda7b3134b876ab9d490.json (using temp file /Users/rodionsavchuk/hybrisAutomation/virco-automatedtests/target/site/serenity/37ec79a1d6a9cc6a2aec4574466f6dcb64dfed35c002fda7b3134b876ab9d490.json089a9665-103e-4d7c-8af3-1d9f61fa8ba1)
[pool-1-thread-4] INFO net.thucydides.core.reports.json.JSONTestOutcomeReporter - Generating JSON report for VIR-237.02 Verify that all orders are shown at the same page to file /Users/rodionsavchuk/hybrisAutomation/virco-automatedtests/target/site/serenity/04c1b88fcf25fa2f1ca595220bf539bd3345daf07b3f5fd975b7cfa258aa1a72.json (using temp file /Users/rodionsavchuk/hybrisAutomation/virco-automatedtests/target/site/serenity/04c1b88fcf25fa2f1ca595220bf539bd3345daf07b3f5fd975b7cfa258aa1a72.json8e184e35-7a12-450c-a43c-9bbaf19e0f4b)
[pool-1-thread-3] INFO net.thucydides.core.reports.json.JSONTestOutcomeReporter - Generating JSON report for VIR-238.01 Verify that the stuff shopper can view orders created by him/her to file /Users/rodionsavchuk/hybrisAutomation/virco-automatedtests/target/site/serenity/da20584ac40b990dc291e9ae9cb2facdd86f681d176e5cbf03c9dc84024b2dea.json (using temp file /Users/rodionsavchuk/hybrisAutomation/virco-automatedtests/target/site/serenity/da20584ac40b990dc291e9ae9cb2facdd86f681d176e5cbf03c9dc84024b2dea.jsoncd8dc795-b2d1-4d57-b0a0-170043be9df8)
[pool-1-thread-2] INFO net.thucydides.core.reports.json.JSONTestOutcomeReporter - Generating JSON report for VIR-238.02 Verify that the admin shoppers can view orders placed by admin and stuff shoppers within organization to file /Users/rodionsavchuk/hybrisAutomation/virco-automatedtests/target/site/serenity/049e5266696367738227685efc996b610d41e4a9ff2b91176988ad3e5d046577.json (using temp file /Users/rodionsavchuk/hybrisAutomation/virco-automatedtests/target/site/serenity/049e5266696367738227685efc996b610d41e4a9ff2b91176988ad3e5d046577.json61c7296b-d8f6-4542-8d1b-5ca5c4412746)
[pool-1-thread-3] INFO net.thucydides.core.reports.json.JSONTestOutcomeReporter - Generating JSON report for VIR-239.01 Verify that the shopper can see the Reorder button near each order in the list of orders history to file /Users/rodionsavchuk/hybrisAutomation/virco-automatedtests/target/site/serenity/bc5c957c59b8dd4780a20bc8c811eb7cd90739e0aa75b27ef4276f5d16b25e8a.json (using temp file /Users/rodionsavchuk/hybrisAutomation/virco-automatedtests/target/site/serenity/bc5c957c59b8dd4780a20bc8c811eb7cd90739e0aa75b27ef4276f5d16b25e8a.json368fc04a-2148-4ed7-ab01-963d2dd5b80e)
[pool-1-thread-1] INFO net.thucydides.core.reports.json.JSONTestOutcomeReporter - Generating JSON report for VIR-239.02 Verify that the Reorder button is present at the order details page to file /Users/rodionsavchuk/hybrisAutomation/virco-automatedtests/target/site/serenity/7f2baa53bf21c1609ec69298572380037821566fedb28a9f798f27a38a595463.json (using temp file /Users/rodionsavchuk/hybrisAutomation/virco-automatedtests/target/site/serenity/7f2baa53bf21c1609ec69298572380037821566fedb28a9f798f27a38a595463.json361f764a-b770-41e7-96fd-1411d9cfbbf1)
[pool-1-thread-4] INFO net.thucydides.core.reports.json.JSONTestOutcomeReporter - Generating JSON report for VIR-239.03 Verify that the Reorder button is present only near the orders created by shopper to file /Users/rodionsavchuk/hybrisAutomation/virco-automatedtests/target/site/serenity/db5d2cc2cdb477151d79acc5ba80f9970445ac1f4a40c15aea05ceaf9d72ab4c.json (using temp file /Users/rodionsavchuk/hybrisAutomation/virco-automatedtests/target/site/serenity/db5d2cc2cdb477151d79acc5ba80f9970445ac1f4a40c15aea05ceaf9d72ab4c.json8c31eff2-8291-4eef-a004-ead6f4aad03d)
[pool-1-thread-2] INFO net.thucydides.core.reports.json.JSONTestOutcomeReporter - Generating JSON report for VIR-239.04 Verify that the new order with the same order details is created after reordering to file /Users/rodionsavchuk/hybrisAutomation/virco-automatedtests/target/site/serenity/86d284f6d52dd7b06703c0e65ed979dc08ab5e91925669335c8db93a482789bd.json (using temp file /Users/rodionsavchuk/hybrisAutomation/virco-automatedtests/target/site/serenity/86d284f6d52dd7b06703c0e65ed979dc08ab5e91925669335c8db93a482789bd.jsonf7a880c8-659d-4cc6-b146-f051d9a3e90e)
[pool-1-thread-1] INFO net.thucydides.core.reports.json.JSONTestOutcomeReporter - Generating JSON report for VIR-239.05 Verify that the Admin can reorder the orders created by him and stuff shoppers to file /Users/rodionsavchuk/hybrisAutomation/virco-automatedtests/target/site/serenity/bd0258604ad0a60526916081e6985c7c5319337a9181a074ad5638ad9d781d0d.json (using temp file /Users/rodionsavchuk/hybrisAutomation/virco-automatedtests/target/site/serenity/bd0258604ad0a60526916081e6985c7c5319337a9181a074ad5638ad9d781d0d.json9a3c7f66-7950-40bd-b65d-d6c9ae678a56)
[pool-1-thread-3] INFO net.thucydides.core.reports.json.JSONTestOutcomeReporter - Generating JSON report for VIR-239.06 Verify that the Chief can reorder the orders created by him, admin and stuff shoppers to file /Users/rodionsavchuk/hybrisAutomation/virco-automatedtests/target/site/serenity/ce484b4c5f4b477729fe56f6574c4b704d459afba8238101689edf60627995fe.json (using temp file /Users/rodionsavchuk/hybrisAutomation/virco-automatedtests/target/site/serenity/ce484b4c5f4b477729fe56f6574c4b704d459afba8238101689edf60627995fe.jsonedeeec7a-7b11-46d7-95c0-9cb86fa9dcee)
[pool-1-thread-4] INFO net.thucydides.core.reports.json.JSONTestOutcomeReporter - Generating JSON report for VIR-239.07 Verify that the Stuff shopper can reorder the orders created by him\her only to file /Users/rodionsavchuk/hybrisAutomation/virco-automatedtests/target/site/serenity/b8018260c31d901f3d8d776ff65116bc168b781e95b8a9f89641bcafaaa081f8.json (using temp file /Users/rodionsavchuk/hybrisAutomation/virco-automatedtests/target/site/serenity/b8018260c31d901f3d8d776ff65116bc168b781e95b8a9f89641bcafaaa081f8.json7aa6bd15-c4a5-48e0-a96b-d92bed3bc26b)
[pool-1-thread-1] INFO net.thucydides.core.reports.json.JSONTestOutcomeReporter - Generating JSON report for VIR-240.01 Verify that the following message is shown to the customer if they entered wrong login data at first and second times to file /Users/rodionsavchuk/hybrisAutomation/virco-automatedtests/target/site/serenity/5c983153fe2ebb177f0d9e8b132ca59a6e0ee0ae8654058c47ae107dbb7196e9.json (using temp file /Users/rodionsavchuk/hybrisAutomation/virco-automatedtests/target/site/serenity/5c983153fe2ebb177f0d9e8b132ca59a6e0ee0ae8654058c47ae107dbb7196e9.jsonc1026f39-e528-4116-a066-715e258d0625)
[pool-1-thread-4] INFO net.thucydides.core.reports.json.JSONTestOutcomeReporter - Generating JSON report for VIR-240.02 Verify that the error message is shown to the customer if they entered wrong login data three and more times to file /Users/rodionsavchuk/hybrisAutomation/virco-automatedtests/target/site/serenity/feea09e30f98fa20f26d9fa541c867e47262726ef2edae67658e6fe1f69f795b.json (using temp file /Users/rodionsavchuk/hybrisAutomation/virco-automatedtests/target/site/serenity/feea09e30f98fa20f26d9fa541c867e47262726ef2edae67658e6fe1f69f795b.json8125e763-fa68-4757-ad00-e5fa53bf762c)
[pool-1-thread-3] INFO net.thucydides.core.reports.json.JSONTestOutcomeReporter - Generating JSON report for VIR-240.03 Verify that the account is locked automatically after 3 incorrect login attempts to file /Users/rodionsavchuk/hybrisAutomation/virco-automatedtests/target/site/serenity/98702c761630d5e96c1885fc6b7d9edc2d3d9276a61dcb964fb55a77180ac4c4.json (using temp file /Users/rodionsavchuk/hybrisAutomation/virco-automatedtests/target/site/serenity/98702c761630d5e96c1885fc6b7d9edc2d3d9276a61dcb964fb55a77180ac4c4.json3f7ac094-f8e5-4428-8a0e-3ee4426bfb29)
[pool-1-thread-2] INFO net.thucydides.core.reports.json.JSONTestOutcomeReporter - Generating JSON report for VIR-240.04 Verify that the customer can phone via Skype when they click on the phone number from desktop browser to file /Users/rodionsavchuk/hybrisAutomation/virco-automatedtests/target/site/serenity/022ceba0bee1a7e3be70af6fce73e28abbfa02e327dc996b425b971073e81949.json (using temp file /Users/rodionsavchuk/hybrisAutomation/virco-automatedtests/target/site/serenity/022ceba0bee1a7e3be70af6fce73e28abbfa02e327dc996b425b971073e81949.json331b0091-0ac8-4fd2-8c98-03664420db64)
[pool-1-thread-4] INFO net.thucydides.core.reports.json.JSONTestOutcomeReporter - Generating JSON report for VIR-240.05 Verify that the customer can phone via phone/skype when they click on the phone number from mobile device to file /Users/rodionsavchuk/hybrisAutomation/virco-automatedtests/target/site/serenity/0acf8d5b428f155bb5cd03ead2beee85cb116b173f667ca0d7eddf263c734900.json (using temp file /Users/rodionsavchuk/hybrisAutomation/virco-automatedtests/target/site/serenity/0acf8d5b428f155bb5cd03ead2beee85cb116b173f667ca0d7eddf263c734900.json730a47b5-591c-40ac-aab4-719b1f6ef2e0)
[pool-1-thread-3] INFO net.thucydides.core.reports.json.JSONTestOutcomeReporter - Generating JSON report for VIR-241.01 Verify that the bunch of customers are created in hybris after running mass setup script to file /Users/rodionsavchuk/hybrisAutomation/virco-automatedtests/target/site/serenity/463850b14992f16a3a2bf3702fcc5975eee58ce459f840ff047b04c2eaef46d1.json (using temp file /Users/rodionsavchuk/hybrisAutomation/virco-automatedtests/target/site/serenity/463850b14992f16a3a2bf3702fcc5975eee58ce459f840ff047b04c2eaef46d1.json1094a76e-705c-427c-95dc-ab9c7050862f)
[pool-1-thread-1] INFO net.thucydides.core.reports.json.JSONTestOutcomeReporter - Generating JSON report for VIR-241.02 Verify that the personal details are mapped appropriately to file /Users/rodionsavchuk/hybrisAutomation/virco-automatedtests/target/site/serenity/a13f41939905f13645385d57d811c8cdd84a0cbed0caf2a6b3c4f55c28d79c01.json (using temp file /Users/rodionsavchuk/hybrisAutomation/virco-automatedtests/target/site/serenity/a13f41939905f13645385d57d811c8cdd84a0cbed0caf2a6b3c4f55c28d79c01.jsonaaf3e0af-450a-43b3-af58-cdd31939cd1e)
[pool-1-thread-3] INFO net.thucydides.core.reports.json.JSONTestOutcomeReporter - Generating JSON report for VIR-241.03 Verify that the data outlined in ID3 are copied into the hybris to file /Users/rodionsavchuk/hybrisAutomation/virco-automatedtests/target/site/serenity/39e10a2762693c36aeb39ffa0694d6429714a5caa78716ad3e3a6dc6f9f35100.json (using temp file /Users/rodionsavchuk/hybrisAutomation/virco-automatedtests/target/site/serenity/39e10a2762693c36aeb39ffa0694d6429714a5caa78716ad3e3a6dc6f9f35100.json4113dfbb-3f76-4f02-98d7-2e5f0ba34698)
[pool-1-thread-2] INFO net.thucydides.core.reports.json.JSONTestOutcomeReporter - Generating JSON report for VIR-242.01 Verify that the following sub menu My Account menu has following options to file /Users/rodionsavchuk/hybrisAutomation/virco-automatedtests/target/site/serenity/1276140ef62c6432b71b0f37d8025035d8b303a616dfb579c0464109d19a2074.json (using temp file /Users/rodionsavchuk/hybrisAutomation/virco-automatedtests/target/site/serenity/1276140ef62c6432b71b0f37d8025035d8b303a616dfb579c0464109d19a2074.jsond727fc53-782b-4852-b60b-854fc846740d)
[pool-1-thread-1] INFO net.thucydides.core.reports.json.JSONTestOutcomeReporter - Generating JSON report for VIR-242.02 Verify that the shopper is moved to the appropriate page after clicking on the sub-menu option to file /Users/rodionsavchuk/hybrisAutomation/virco-automatedtests/target/site/serenity/28ef021d759f2a4643b61547ae2c5a1b9ce2544b0930e552ce883dc4238eb54c.json (using temp file /Users/rodionsavchuk/hybrisAutomation/virco-automatedtests/target/site/serenity/28ef021d759f2a4643b61547ae2c5a1b9ce2544b0930e552ce883dc4238eb54c.jsonbd2d313f-1001-4243-95c7-d921b33da12a)
[pool-1-thread-4] INFO net.thucydides.core.reports.json.JSONTestOutcomeReporter - Generating JSON report for VIR-241.04 Verify that just set up customers can log into the system and perform appropriate activities (due to the permissions) to file /Users/rodionsavchuk/hybrisAutomation/virco-automatedtests/target/site/serenity/cad527a19b233d2a98237bc580b3e071a577ec5892a5ac544f2f50b81e1edc9a.json (using temp file /Users/rodionsavchuk/hybrisAutomation/virco-automatedtests/target/site/serenity/cad527a19b233d2a98237bc580b3e071a577ec5892a5ac544f2f50b81e1edc9a.jsonb25a76ad-f7dc-49d8-a5aa-97535c4753aa)
[pool-1-thread-2] INFO net.thucydides.core.reports.json.JSONTestOutcomeReporter - Generating JSON report for VIR-243.01 Verify that the order tracking number is shown at the Order History and on the Order Details pages to file /Users/rodionsavchuk/hybrisAutomation/virco-automatedtests/target/site/serenity/70b6f3d948299c508f0755eca224d394eabc6d05bab5864a70e0f1b9c6b1e644.json (using temp file /Users/rodionsavchuk/hybrisAutomation/virco-automatedtests/target/site/serenity/70b6f3d948299c508f0755eca224d394eabc6d05bab5864a70e0f1b9c6b1e644.json7775a8e1-979d-4b93-9666-354df617620d)
[pool-1-thread-4] INFO net.thucydides.core.reports.json.JSONTestOutcomeReporter - Generating JSON report for VIR-243.02 Verify that the several order tracking number can be shown for one order to file /Users/rodionsavchuk/hybrisAutomation/virco-automatedtests/target/site/serenity/962a8661ed130dbc7b367611253983130c921d9ccf15ff013ae776fad79d5178.json (using temp file /Users/rodionsavchuk/hybrisAutomation/virco-automatedtests/target/site/serenity/962a8661ed130dbc7b367611253983130c921d9ccf15ff013ae776fad79d5178.jsonc680d9c4-6cf4-4123-ae5b-cc999e1e77a1)
[pool-1-thread-3] INFO net.thucydides.core.reports.json.JSONTestOutcomeReporter - Generating JSON report for VIR-243.03 Verify that the order delivery status is shown in new window after clicking on tracking number link to file /Users/rodionsavchuk/hybrisAutomation/virco-automatedtests/target/site/serenity/05de3555ce50877d7a68bf12b1c9ce484c460fe5f0202de33af8de7536c5347d.json (using temp file /Users/rodionsavchuk/hybrisAutomation/virco-automatedtests/target/site/serenity/05de3555ce50877d7a68bf12b1c9ce484c460fe5f0202de33af8de7536c5347d.json31eb2ea7-aac8-43ea-802a-3ccb78e31c9c)
[pool-1-thread-1] INFO net.thucydides.core.reports.json.JSONTestOutcomeReporter - Generating JSON report for VIR-243.04 Verify that the chief shopper can see the order tracking number for the orders created by to file /Users/rodionsavchuk/hybrisAutomation/virco-automatedtests/target/site/serenity/6679b678bf94497d010ee1d2e4e9da687ae39e591aaeb2628364a7db535048bd.json (using temp file /Users/rodionsavchuk/hybrisAutomation/virco-automatedtests/target/site/serenity/6679b678bf94497d010ee1d2e4e9da687ae39e591aaeb2628364a7db535048bd.json82fc7dbe-7e20-4468-8441-b4c232a1c54a)
[pool-1-thread-4] INFO net.thucydides.core.reports.json.JSONTestOutcomeReporter - Generating JSON report for VIR-243.05 Verify that the admin shopper can see the order tracking number for the orders created by to file /Users/rodionsavchuk/hybrisAutomation/virco-automatedtests/target/site/serenity/62c275f127453f29fafc4c2149202cb494bb82c96be65d9c7ffdda17d402d199.json (using temp file /Users/rodionsavchuk/hybrisAutomation/virco-automatedtests/target/site/serenity/62c275f127453f29fafc4c2149202cb494bb82c96be65d9c7ffdda17d402d199.json7ec73614-2bdb-404e-893a-4b8dddcc00df)
[pool-1-thread-3] INFO net.thucydides.core.reports.json.JSONTestOutcomeReporter - Generating JSON report for VIR-244.01 Verify that the shopper can see their email address within Email in My Account Menu to file /Users/rodionsavchuk/hybrisAutomation/virco-automatedtests/target/site/serenity/bf8e1443a8f088c9e57e0348c8704fc75e0549ba1f9d96c39d9d0ad3f4b04b32.json (using temp file /Users/rodionsavchuk/hybrisAutomation/virco-automatedtests/target/site/serenity/bf8e1443a8f088c9e57e0348c8704fc75e0549ba1f9d96c39d9d0ad3f4b04b32.json82591fbd-7d2b-407f-87b3-0b0a2714bb6b)
[pool-1-thread-2] INFO net.thucydides.core.reports.json.JSONTestOutcomeReporter - Generating JSON report for VIR-244.02 Verify that the email address is not editable to file /Users/rodionsavchuk/hybrisAutomation/virco-automatedtests/target/site/serenity/bfc781d1f39529c42f3e2e6163fe397cb7cd1efdb5aea56fac29b0f0f66e1a5e.json (using temp file /Users/rodionsavchuk/hybrisAutomation/virco-automatedtests/target/site/serenity/bfc781d1f39529c42f3e2e6163fe397cb7cd1efdb5aea56fac29b0f0f66e1a5e.jsond0eee5e5-f7a1-4ffb-9527-d4e5649ebca8)
[pool-1-thread-1] INFO net.thucydides.core.reports.json.JSONTestOutcomeReporter - Generating JSON report for VIR-226.01 Verify that the dropdown list with contracts is shown in the header to file /Users/rodionsavchuk/hybrisAutomation/virco-automatedtests/target/site/serenity/1a7109a2e435410aec76a6616813b89a7a128938fc747b573a8bea77b5dc2e74.json (using temp file /Users/rodionsavchuk/hybrisAutomation/virco-automatedtests/target/site/serenity/1a7109a2e435410aec76a6616813b89a7a128938fc747b573a8bea77b5dc2e74.json41a675d7-8228-4db0-8a8c-4351e1b40d8d)
[pool-1-thread-4] INFO net.thucydides.core.reports.json.JSONTestOutcomeReporter - Generating JSON report for VIR-226.02 Verify that the default contract is selected automatically if no other contract is selected to file /Users/rodionsavchuk/hybrisAutomation/virco-automatedtests/target/site/serenity/a1cdc501ba181282011afc75c778ae005a66a25ac465bd9f54fb47cebe8da2b6.json (using temp file /Users/rodionsavchuk/hybrisAutomation/virco-automatedtests/target/site/serenity/a1cdc501ba181282011afc75c778ae005a66a25ac465bd9f54fb47cebe8da2b6.json1e07fe2d-8441-4ba6-b14e-6792dab832d9)
[pool-1-thread-3] INFO net.thucydides.core.reports.json.JSONTestOutcomeReporter - Generating JSON report for VIR-226.04 Verify that the assigned to the shopper contracts (defined at the Ship To level) are shown in the list to file /Users/rodionsavchuk/hybrisAutomation/virco-automatedtests/target/site/serenity/736a6f27c422f3f6d8305a0f397a2adb789d1ed4974f92482a9f738f0fdbbfec.json (using temp file /Users/rodionsavchuk/hybrisAutomation/virco-automatedtests/target/site/serenity/736a6f27c422f3f6d8305a0f397a2adb789d1ed4974f92482a9f738f0fdbbfec.jsonecb9b46b-ee60-445e-88a9-8129234d7737)
[pool-1-thread-1] INFO net.thucydides.core.reports.json.JSONTestOutcomeReporter - Generating JSON report for VIR-226.03 Verify that each customer has their own default contract to file /Users/rodionsavchuk/hybrisAutomation/virco-automatedtests/target/site/serenity/1100df39b069668be73bd3fa061625067d18d2c8d7eb03db90d26ed720e1bad6.json (using temp file /Users/rodionsavchuk/hybrisAutomation/virco-automatedtests/target/site/serenity/1100df39b069668be73bd3fa061625067d18d2c8d7eb03db90d26ed720e1bad6.jsonc874d6cf-927c-4539-8204-c8075ce152a2)
[pool-1-thread-4] INFO net.thucydides.core.reports.json.JSONTestOutcomeReporter - Generating JSON report for VIR-226.05 Verify that shopper can change the contract as many times, as they want to file /Users/rodionsavchuk/hybrisAutomation/virco-automatedtests/target/site/serenity/d72154fb388d26ac97bf25cdf1619f4513466127fb36eb261ec18074f0a654cd.json (using temp file /Users/rodionsavchuk/hybrisAutomation/virco-automatedtests/target/site/serenity/d72154fb388d26ac97bf25cdf1619f4513466127fb36eb261ec18074f0a654cd.jsonb02b0bae-7f57-4cbb-b23b-ada2809cabff)
[pool-1-thread-3] INFO net.thucydides.core.reports.json.JSONTestOutcomeReporter - Generating JSON report for VIR-226.07 Verify that if the contract is changed in customer master, it is changed to the customer without any notification to file /Users/rodionsavchuk/hybrisAutomation/virco-automatedtests/target/site/serenity/97d516a9dd97a3564503058531e457f4fe37c4fa911c4e0a2cd67d9e4f26df95.json (using temp file /Users/rodionsavchuk/hybrisAutomation/virco-automatedtests/target/site/serenity/97d516a9dd97a3564503058531e457f4fe37c4fa911c4e0a2cd67d9e4f26df95.json6f4fb760-22f0-46a6-8f0b-a194a93144cf)
[pool-1-thread-1] INFO net.thucydides.core.reports.json.JSONTestOutcomeReporter - Generating JSON report for VIR-226.08 Verify that the prices shows n/a, if the contract expired and the new one is not selected by shopper to file /Users/rodionsavchuk/hybrisAutomation/virco-automatedtests/target/site/serenity/90eacd21eb1e7e24d79a439ece9e6416daa13b514c337bcef555c498996ee27a.json (using temp file /Users/rodionsavchuk/hybrisAutomation/virco-automatedtests/target/site/serenity/90eacd21eb1e7e24d79a439ece9e6416daa13b514c337bcef555c498996ee27a.jsonc9fa8480-7bd3-418f-8b90-df021492d22b)
[pool-1-thread-4] INFO net.thucydides.core.reports.json.JSONTestOutcomeReporter - Generating JSON report for VIR-226.01A Verify that the script switch the contract A to the contract B automatically for bunch of selected customers to file /Users/rodionsavchuk/hybrisAutomation/virco-automatedtests/target/site/serenity/40b3604109cc54897930215a5dff112d2f2a0f9a3f3a7c2ebf97db43a508944d.json (using temp file /Users/rodionsavchuk/hybrisAutomation/virco-automatedtests/target/site/serenity/40b3604109cc54897930215a5dff112d2f2a0f9a3f3a7c2ebf97db43a508944d.jsona3196381-bbb7-4bf8-b607-173e379adac5)
[pool-1-thread-2] INFO net.thucydides.core.reports.json.JSONTestOutcomeReporter - Generating JSON report for VIR-226.06 Verify that if the shopper changed the contract, the prices and product list are updated accordingly to the selected contract to file /Users/rodionsavchuk/hybrisAutomation/virco-automatedtests/target/site/serenity/cb991777f2dcd6cec892aca2a17766a44ff88538bd62762eb06275f337f59188.json (using temp file /Users/rodionsavchuk/hybrisAutomation/virco-automatedtests/target/site/serenity/cb991777f2dcd6cec892aca2a17766a44ff88538bd62762eb06275f337f59188.json85af8592-a157-4ab8-953e-38103d0f00da)
[pool-1-thread-1] INFO net.thucydides.core.reports.json.JSONTestOutcomeReporter - Generating JSON report for VIR-246.02 Remove all from saved carts to file /Users/rodionsavchuk/hybrisAutomation/virco-automatedtests/target/site/serenity/57ad878c80f86f37b436866d9406bfc876bcc2a4fe8f331b75642b3504e58b7f.json (using temp file /Users/rodionsavchuk/hybrisAutomation/virco-automatedtests/target/site/serenity/57ad878c80f86f37b436866d9406bfc876bcc2a4fe8f331b75642b3504e58b7f.jsonaecacb85-8585-4fe9-92ed-7d9fa311ca79)
[pool-1-thread-4] INFO net.thucydides.core.reports.json.JSONTestOutcomeReporter - Generating JSON report for VIR-246.03 Verify that the saved cart is shown on the saved carts page to file /Users/rodionsavchuk/hybrisAutomation/virco-automatedtests/target/site/serenity/a78cc380adec40d2bde41cc9dd7bf1cd6cc7f6dd92d52beceefba632467fc268.json (using temp file /Users/rodionsavchuk/hybrisAutomation/virco-automatedtests/target/site/serenity/a78cc380adec40d2bde41cc9dd7bf1cd6cc7f6dd92d52beceefba632467fc268.jsoncff98c4f-2046-45d3-b6ab-d75b93363998)
[pool-1-thread-3] INFO net.thucydides.core.reports.json.JSONTestOutcomeReporter - Generating JSON report for VIR-246.01 Verify that the shopper can see the saved carts within My Account to file /Users/rodionsavchuk/hybrisAutomation/virco-automatedtests/target/site/serenity/8f924b8e28c6b842e118d033edbc4760c495b83f62c62df3597462885f301c84.json (using temp file /Users/rodionsavchuk/hybrisAutomation/virco-automatedtests/target/site/serenity/8f924b8e28c6b842e118d033edbc4760c495b83f62c62df3597462885f301c84.jsond549d669-f8ec-4528-8160-72ede2bb5b26)
[pool-1-thread-2] INFO net.thucydides.core.reports.json.JSONTestOutcomeReporter - Generating JSON report for VIR-246.04 Verify that the products and their selected quantities are shown at the saved cart page to file /Users/rodionsavchuk/hybrisAutomation/virco-automatedtests/target/site/serenity/71d7b3b019de0d80556b2ab92ce7c04958edcacdb5185c7868f851880fce7a8c.json (using temp file /Users/rodionsavchuk/hybrisAutomation/virco-automatedtests/target/site/serenity/71d7b3b019de0d80556b2ab92ce7c04958edcacdb5185c7868f851880fce7a8c.json06a00bed-d55a-457b-8233-55835504d9d0)
[pool-1-thread-3] INFO net.thucydides.core.reports.json.JSONTestOutcomeReporter - Generating JSON report for VIR-246.06 Verify that saved cart can be updated to file /Users/rodionsavchuk/hybrisAutomation/virco-automatedtests/target/site/serenity/7220eba5f2eae10da2dd4b065bbaeb5e362fcdf624f7734decc62917e1fdaa2b.json (using temp file /Users/rodionsavchuk/hybrisAutomation/virco-automatedtests/target/site/serenity/7220eba5f2eae10da2dd4b065bbaeb5e362fcdf624f7734decc62917e1fdaa2b.json21268a38-cf99-4d8a-9493-c387d9d48336)
[pool-1-thread-1] INFO net.thucydides.core.reports.json.JSONTestOutcomeReporter - Generating JSON report for VIR-246.05 Verify that saved cart can be restored to file /Users/rodionsavchuk/hybrisAutomation/virco-automatedtests/target/site/serenity/ad1c57abe3cc4827685bdae4426a5445264c10ce7dec22879e678adfd3c0c6cb.json (using temp file /Users/rodionsavchuk/hybrisAutomation/virco-automatedtests/target/site/serenity/ad1c57abe3cc4827685bdae4426a5445264c10ce7dec22879e678adfd3c0c6cb.json4f5f80eb-1676-4257-ab30-f1f8e099bcb3)
[pool-1-thread-4] INFO net.thucydides.core.reports.json.JSONTestOutcomeReporter - Generating JSON report for VIR-246.07 Verify that saved cart can be removed to file /Users/rodionsavchuk/hybrisAutomation/virco-automatedtests/target/site/serenity/061f516f07433f1a6cec7dbbd7f35884d8c98eda047d9b875d1850373e38237b.json (using temp file /Users/rodionsavchuk/hybrisAutomation/virco-automatedtests/target/site/serenity/061f516f07433f1a6cec7dbbd7f35884d8c98eda047d9b875d1850373e38237b.json7d2105f3-a096-40b1-aa40-84d9623314ad)
[pool-1-thread-3] INFO net.thucydides.core.reports.json.JSONTestOutcomeReporter - Generating JSON report for VIR-440.01 The cart q-ty is not based on the item level for the saved carts to file /Users/rodionsavchuk/hybrisAutomation/virco-automatedtests/target/site/serenity/094b9e637c71855896733520bffafcb8ad6030ed7d623ef6ac0130a6fc0c2d53.json (using temp file /Users/rodionsavchuk/hybrisAutomation/virco-automatedtests/target/site/serenity/094b9e637c71855896733520bffafcb8ad6030ed7d623ef6ac0130a6fc0c2d53.jsonba6780c5-cd0f-4e34-bf52-84e9cf54a469)
[pool-1-thread-1] INFO net.thucydides.core.reports.json.JSONTestOutcomeReporter - Generating JSON report for VIR-247.01 Verify that the shopper can see their personal details within My Account to file /Users/rodionsavchuk/hybrisAutomation/virco-automatedtests/target/site/serenity/74c15acd41fcdfbd9ec94e06d76d8942b8816c278890834a38d2d05ac18bd9cb.json (using temp file /Users/rodionsavchuk/hybrisAutomation/virco-automatedtests/target/site/serenity/74c15acd41fcdfbd9ec94e06d76d8942b8816c278890834a38d2d05ac18bd9cb.json219e581f-af3b-4f36-bfec-008b8d223428)
[pool-1-thread-4] INFO net.thucydides.core.reports.json.JSONTestOutcomeReporter - Generating JSON report for VIR-247.02 Verify that the information is shown on Personal Details page to file /Users/rodionsavchuk/hybrisAutomation/virco-automatedtests/target/site/serenity/1c58bd9a5814b7613691d793847309f1ef23f2826d37705df4c9cf38112f3674.json (using temp file /Users/rodionsavchuk/hybrisAutomation/virco-automatedtests/target/site/serenity/1c58bd9a5814b7613691d793847309f1ef23f2826d37705df4c9cf38112f3674.json6ff2b96e-54d5-47ca-a734-5593ae83b325)
[pool-1-thread-3] INFO net.thucydides.core.reports.json.JSONTestOutcomeReporter - Generating JSON report for VIR-247.03 Verify that the shopper can edit the following personal details to file /Users/rodionsavchuk/hybrisAutomation/virco-automatedtests/target/site/serenity/bf92986071382fb9ee82b0b367d6dae38872f696f6458186b60aeb2d09c74ec4.json (using temp file /Users/rodionsavchuk/hybrisAutomation/virco-automatedtests/target/site/serenity/bf92986071382fb9ee82b0b367d6dae38872f696f6458186b60aeb2d09c74ec4.json41c50ece-17e1-4aa9-9437-76828f2a4e85)
[pool-1-thread-1] INFO net.thucydides.core.reports.json.JSONTestOutcomeReporter - Generating JSON report for VIR-227.01 Verify that the customer can view the service level field right of the contract drop down to file /Users/rodionsavchuk/hybrisAutomation/virco-automatedtests/target/site/serenity/8c2499b4820c11b864167cf1e29ba0c595f3a573717e45d73d9e262d7701aed8.json (using temp file /Users/rodionsavchuk/hybrisAutomation/virco-automatedtests/target/site/serenity/8c2499b4820c11b864167cf1e29ba0c595f3a573717e45d73d9e262d7701aed8.json00dd8958-8c98-4a15-a701-4fa57764a322)
[pool-1-thread-3] INFO net.thucydides.core.reports.json.JSONTestOutcomeReporter - Generating JSON report for VIR-227.02 Verify that the shopper can view the following service level options in the dropdown field to file /Users/rodionsavchuk/hybrisAutomation/virco-automatedtests/target/site/serenity/009550cab440349113b64a3c35b461c39305434c212627deee8ba4fd9c5c337d.json (using temp file /Users/rodionsavchuk/hybrisAutomation/virco-automatedtests/target/site/serenity/009550cab440349113b64a3c35b461c39305434c212627deee8ba4fd9c5c337d.jsone8a1f3b8-30e2-4aa6-8db6-e8a7cb2b8106)
[pool-1-thread-3] INFO net.thucydides.core.reports.html.HtmlAcceptanceTestReporter - GENERATING HTML REPORT FOR ACT-10 - Order History Date Range:VIR-235.04 Verify that the current year view of orders is set by default in 611fe17d9cda8a2f0360fd4a5e0044434a5a44282d734d3f572d018496b6a768.html in directory target/site/serenity  
[pool-1-thread-2] INFO net.thucydides.core.reports.html.HtmlAcceptanceTestReporter - GENERATING HTML REPORT FOR ACT-10 - Order History Date Range:VIR-235.03 Verify that the orders can be filtered by in 29922dd92355b657a29ca8ceee8ece530ee19fab8572208c0d42c3104ff16960.html in directory target/site/serenity  
[pool-1-thread-4] INFO net.thucydides.core.reports.html.HtmlAcceptanceTestReporter - GENERATING HTML REPORT FOR ACT-10 - Order History Date Range:VIR-235.01 Verify that the shopper can view the order history within My Account in 273677580b5ade55ccb470a2e988196811df982925cdbb1ace31e0a5efaabec1.html in directory target/site/serenity  
[pool-1-thread-1] INFO net.thucydides.core.reports.html.HtmlAcceptanceTestReporter - GENERATING HTML REPORT FOR ACT-10 - Order History Date Range:VIR-235.02 Verify that the newest order is shown first in the list in 8840d0acce101c4828203142f8d64f0725d2637a38c8eebef56a7d6a8b899749.html in directory target/site/serenity  
[pool-1-thread-2] INFO net.thucydides.core.reports.html.HtmlAcceptanceTestReporter - GENERATING HTML REPORT FOR ACT-10 - Order History Date Range:VIR-235.05 Verify that the orders can be sorted by in b3c85d502fdd11d32f7b2c0e62dbb38be0c6f9c593e4d4ccd95adcc5fe60b304.html in directory target/site/serenity  
[pool-1-thread-2] INFO net.thucydides.core.reports.html.HtmlAcceptanceTestReporter - GENERATING HTML REPORT FOR ACT-11 - View Orders - Shopper ECC:VIR-236.01 Verify that the shopper can see the created by him ECC orders withing Orders History in 6e0b05141f32d41efa52a2f8708a010ef30be5406c962e50aa108e52f637ff4f.html in directory target/site/serenity  
[pool-1-thread-3] INFO net.thucydides.core.reports.html.HtmlAcceptanceTestReporter - GENERATING HTML REPORT FOR ACT-10 - Order History Date Range:VIR-235.06 Verify that the orders can be grouped by PO# (alpha-numeric) in 69529ca40520069837eb10aa62eb1ab7518abd062932198aaa75ce49a153bdf4.html in directory target/site/serenity  
[pool-1-thread-2] INFO net.thucydides.core.reports.html.HtmlAcceptanceTestReporter - GENERATING HTML REPORT FOR ACT-11 - View Orders - Shopper ECC:VIR-236.02 Verify that the shopper is able to see the ECC orders details in 06a785ccbf37298662c0a3d0b35aa8a04f4eb296e14af96a2032ecacd8155265.html in directory target/site/serenity  
[pool-1-thread-2] INFO net.thucydides.core.reports.html.HtmlAcceptanceTestReporter - GENERATING HTML REPORT FOR ACT-11 - View Orders - Shopper ECC:VIR-236.03 Verify that shopper is not able to reorder the ECC orders in adad10cc0c0c283641a22aee227822d43a6b04d28868ac5b5b9f65428e2198f1.html in directory target/site/serenity  
[pool-1-thread-4] INFO net.thucydides.core.reports.html.HtmlAcceptanceTestReporter - GENERATING HTML REPORT FOR ACT-12 - View Orders - Admin:VIR-237.01 Verify that the chief shopper is able to view the orders created by others within their organization in 37ec79a1d6a9cc6a2aec4574466f6dcb64dfed35c002fda7b3134b876ab9d490.html in directory target/site/serenity  
[pool-1-thread-3] INFO net.thucydides.core.reports.html.HtmlAcceptanceTestReporter - GENERATING HTML REPORT FOR ACT-12 - View Orders - Admin:VIR-237.02 Verify that all orders are shown at the same page in 04c1b88fcf25fa2f1ca595220bf539bd3345daf07b3f5fd975b7cfa258aa1a72.html in directory target/site/serenity  
[pool-1-thread-2] INFO net.thucydides.core.reports.html.HtmlAcceptanceTestReporter - GENERATING HTML REPORT FOR ACT-13 - Purchase History:VIR-238.01 Verify that the stuff shopper can view orders created by him/her in da20584ac40b990dc291e9ae9cb2facdd86f681d176e5cbf03c9dc84024b2dea.html in directory target/site/serenity  
[pool-1-thread-4] INFO net.thucydides.core.reports.html.HtmlAcceptanceTestReporter - GENERATING HTML REPORT FOR ACT-13 - Purchase History:VIR-238.02 Verify that the admin shoppers can view orders placed by admin and stuff shoppers within organization in 049e5266696367738227685efc996b610d41e4a9ff2b91176988ad3e5d046577.html in directory target/site/serenity  
[pool-1-thread-3] INFO net.thucydides.core.reports.html.HtmlAcceptanceTestReporter - GENERATING HTML REPORT FOR ACT-14 - Reorder:VIR-239.01 Verify that the shopper can see the Reorder button near each order in the list of orders history in bc5c957c59b8dd4780a20bc8c811eb7cd90739e0aa75b27ef4276f5d16b25e8a.html in directory target/site/serenity  
[pool-1-thread-2] INFO net.thucydides.core.reports.html.HtmlAcceptanceTestReporter - GENERATING HTML REPORT FOR ACT-14 - Reorder:VIR-239.02 Verify that the Reorder button is present at the order details page in 7f2baa53bf21c1609ec69298572380037821566fedb28a9f798f27a38a595463.html in directory target/site/serenity  
[pool-1-thread-4] INFO net.thucydides.core.reports.html.HtmlAcceptanceTestReporter - GENERATING HTML REPORT FOR ACT-14 - Reorder:VIR-239.03 Verify that the Reorder button is present only near the orders created by shopper in db5d2cc2cdb477151d79acc5ba80f9970445ac1f4a40c15aea05ceaf9d72ab4c.html in directory target/site/serenity  
[pool-1-thread-3] INFO net.thucydides.core.reports.html.HtmlAcceptanceTestReporter - GENERATING HTML REPORT FOR ACT-14 - Reorder:VIR-239.04 Verify that the new order with the same order details is created after reordering in 86d284f6d52dd7b06703c0e65ed979dc08ab5e91925669335c8db93a482789bd.html in directory target/site/serenity  
[pool-1-thread-2] INFO net.thucydides.core.reports.html.HtmlAcceptanceTestReporter - GENERATING HTML REPORT FOR ACT-14 - Reorder:VIR-239.05 Verify that the Admin can reorder the orders created by him and stuff shoppers in bd0258604ad0a60526916081e6985c7c5319337a9181a074ad5638ad9d781d0d.html in directory target/site/serenity  
[pool-1-thread-4] INFO net.thucydides.core.reports.html.HtmlAcceptanceTestReporter - GENERATING HTML REPORT FOR ACT-14 - Reorder:VIR-239.06 Verify that the Chief can reorder the orders created by him, admin and stuff shoppers in ce484b4c5f4b477729fe56f6574c4b704d459afba8238101689edf60627995fe.html in directory target/site/serenity  
[pool-1-thread-2] INFO net.thucydides.core.reports.html.HtmlAcceptanceTestReporter - GENERATING HTML REPORT FOR ACT-14 - Reorder:VIR-239.07 Verify that the Stuff shopper can reorder the orders created by him\her only in b8018260c31d901f3d8d776ff65116bc168b781e95b8a9f89641bcafaaa081f8.html in directory target/site/serenity  
[pool-1-thread-3] INFO net.thucydides.core.reports.html.HtmlAcceptanceTestReporter - GENERATING HTML REPORT FOR ACT-15 - Customer Management:VIR-240.02 Verify that the error message is shown to the customer if they entered wrong login data three and more times in feea09e30f98fa20f26d9fa541c867e47262726ef2edae67658e6fe1f69f795b.html in directory target/site/serenity  
[pool-1-thread-4] INFO net.thucydides.core.reports.html.HtmlAcceptanceTestReporter - GENERATING HTML REPORT FOR ACT-15 - Customer Management:VIR-240.01 Verify that the following message is shown to the customer if they entered wrong login data at first and second times in 5c983153fe2ebb177f0d9e8b132ca59a6e0ee0ae8654058c47ae107dbb7196e9.html in directory target/site/serenity  
[pool-1-thread-1] INFO net.thucydides.core.reports.html.HtmlAcceptanceTestReporter - GENERATING HTML REPORT FOR ACT-15 - Customer Management:VIR-240.03 Verify that the account is locked automatically after 3 incorrect login attempts in 98702c761630d5e96c1885fc6b7d9edc2d3d9276a61dcb964fb55a77180ac4c4.html in directory target/site/serenity  
[pool-1-thread-4] INFO net.thucydides.core.reports.html.HtmlAcceptanceTestReporter - GENERATING HTML REPORT FOR ACT-15 - Customer Management:VIR-240.05 Verify that the customer can phone via phone/skype when they click on the phone number from mobile device in 0acf8d5b428f155bb5cd03ead2beee85cb116b173f667ca0d7eddf263c734900.html in directory target/site/serenity  
[pool-1-thread-2] INFO net.thucydides.core.reports.html.HtmlAcceptanceTestReporter - GENERATING HTML REPORT FOR ACT-15 - Customer Management:VIR-240.04 Verify that the customer can phone via Skype when they click on the phone number from desktop browser in 022ceba0bee1a7e3be70af6fce73e28abbfa02e327dc996b425b971073e81949.html in directory target/site/serenity  
[pool-1-thread-1] INFO net.thucydides.core.reports.html.HtmlAcceptanceTestReporter - GENERATING HTML REPORT FOR ACT-16 - CSR Mass Set Up:VIR-241.01 Verify that the bunch of customers are created in hybris after running mass setup script in 463850b14992f16a3a2bf3702fcc5975eee58ce459f840ff047b04c2eaef46d1.html in directory target/site/serenity  
[pool-1-thread-4] INFO net.thucydides.core.reports.html.HtmlAcceptanceTestReporter - GENERATING HTML REPORT FOR ACT-16 - CSR Mass Set Up:VIR-241.02 Verify that the personal details are mapped appropriately in a13f41939905f13645385d57d811c8cdd84a0cbed0caf2a6b3c4f55c28d79c01.html in directory target/site/serenity  
[pool-1-thread-2] INFO net.thucydides.core.reports.html.HtmlAcceptanceTestReporter - GENERATING HTML REPORT FOR ACT-16 - CSR Mass Set Up:VIR-241.03 Verify that the data outlined in ID3 are copied into the hybris in 39e10a2762693c36aeb39ffa0694d6429714a5caa78716ad3e3a6dc6f9f35100.html in directory target/site/serenity  
[pool-1-thread-4] INFO net.thucydides.core.reports.html.HtmlAcceptanceTestReporter - GENERATING HTML REPORT FOR ACT-17 - My Account View Options:VIR-242.01 Verify that the following sub menu My Account menu has following options in 1276140ef62c6432b71b0f37d8025035d8b303a616dfb579c0464109d19a2074.html in directory target/site/serenity  
[pool-1-thread-2] INFO net.thucydides.core.reports.html.HtmlAcceptanceTestReporter - GENERATING HTML REPORT FOR ACT-17 - My Account View Options:VIR-242.02 Verify that the shopper is moved to the appropriate page after clicking on the sub-menu option in 28ef021d759f2a4643b61547ae2c5a1b9ce2544b0930e552ce883dc4238eb54c.html in directory target/site/serenity  
[pool-1-thread-4] INFO net.thucydides.core.reports.html.HtmlAcceptanceTestReporter - GENERATING HTML REPORT FOR ACT-18 - Tracking Information:VIR-243.01 Verify that the order tracking number is shown at the Order History and on the Order Details pages in 70b6f3d948299c508f0755eca224d394eabc6d05bab5864a70e0f1b9c6b1e644.html in directory target/site/serenity  
[pool-1-thread-4] INFO net.thucydides.core.reports.html.HtmlAcceptanceTestReporter - GENERATING HTML REPORT FOR ACT-18 - Tracking Information:VIR-243.02 Verify that the several order tracking number can be shown for one order in 962a8661ed130dbc7b367611253983130c921d9ccf15ff013ae776fad79d5178.html in directory target/site/serenity  
[pool-1-thread-4] INFO net.thucydides.core.reports.html.HtmlAcceptanceTestReporter - GENERATING HTML REPORT FOR ACT-18 - Tracking Information:VIR-243.03 Verify that the order delivery status is shown in new window after clicking on tracking number link in 05de3555ce50877d7a68bf12b1c9ce484c460fe5f0202de33af8de7536c5347d.html in directory target/site/serenity  
[pool-1-thread-4] INFO net.thucydides.core.reports.html.HtmlAcceptanceTestReporter - GENERATING HTML REPORT FOR ACT-18 - Tracking Information:VIR-243.04 Verify that the chief shopper can see the order tracking number for the orders created by in 6679b678bf94497d010ee1d2e4e9da687ae39e591aaeb2628364a7db535048bd.html in directory target/site/serenity  
[pool-1-thread-1] INFO net.thucydides.core.reports.html.HtmlAcceptanceTestReporter - GENERATING HTML REPORT FOR ACT-16 - CSR Mass Set Up:VIR-241.04 Verify that just set up customers can log into the system and perform appropriate activities (due to the permissions) in cad527a19b233d2a98237bc580b3e071a577ec5892a5ac544f2f50b81e1edc9a.html in directory target/site/serenity  
[pool-1-thread-4] INFO net.thucydides.core.reports.html.HtmlAcceptanceTestReporter - GENERATING HTML REPORT FOR ACT-18 - Tracking Information:VIR-243.05 Verify that the admin shopper can see the order tracking number for the orders created by in 62c275f127453f29fafc4c2149202cb494bb82c96be65d9c7ffdda17d402d199.html in directory target/site/serenity  
[pool-1-thread-2] INFO net.thucydides.core.reports.html.HtmlAcceptanceTestReporter - GENERATING HTML REPORT FOR ACT-19 - Static Email Address:VIR-244.01 Verify that the shopper can see their email address within Email in My Account Menu in bf8e1443a8f088c9e57e0348c8704fc75e0549ba1f9d96c39d9d0ad3f4b04b32.html in directory target/site/serenity  
[pool-1-thread-1] INFO net.thucydides.core.reports.html.HtmlAcceptanceTestReporter - GENERATING HTML REPORT FOR ACT-19 - Static Email Address:VIR-244.02 Verify that the email address is not editable in bfc781d1f39529c42f3e2e6163fe397cb7cd1efdb5aea56fac29b0f0f66e1a5e.html in directory target/site/serenity  
[pool-1-thread-3] INFO net.thucydides.core.reports.html.HtmlAcceptanceTestReporter - GENERATING HTML REPORT FOR ACT-1 - Default Contract:VIR-226.03 Verify that each customer has their own default contract in 1100df39b069668be73bd3fa061625067d18d2c8d7eb03db90d26ed720e1bad6.html in directory target/site/serenity  
[pool-1-thread-1] INFO net.thucydides.core.reports.html.HtmlAcceptanceTestReporter - GENERATING HTML REPORT FOR ACT-1 - Default Contract:VIR-226.02 Verify that the default contract is selected automatically if no other contract is selected in a1cdc501ba181282011afc75c778ae005a66a25ac465bd9f54fb47cebe8da2b6.html in directory target/site/serenity  
[pool-1-thread-3] INFO net.thucydides.core.reports.html.HtmlAcceptanceTestReporter - GENERATING HTML REPORT FOR ACT-1 - Default Contract:VIR-226.04 Verify that the assigned to the shopper contracts (defined at the Ship To level) are shown in the list in 736a6f27c422f3f6d8305a0f397a2adb789d1ed4974f92482a9f738f0fdbbfec.html in directory target/site/serenity  
[pool-1-thread-1] INFO net.thucydides.core.reports.html.HtmlAcceptanceTestReporter - GENERATING HTML REPORT FOR ACT-1 - Default Contract:VIR-226.05 Verify that shopper can change the contract as many times, as they want in d72154fb388d26ac97bf25cdf1619f4513466127fb36eb261ec18074f0a654cd.html in directory target/site/serenity  
[pool-1-thread-3] INFO net.thucydides.core.reports.html.HtmlAcceptanceTestReporter - GENERATING HTML REPORT FOR ACT-1 - Default Contract:VIR-226.06 Verify that if the shopper changed the contract, the prices and product list are updated accordingly to the selected contract in cb991777f2dcd6cec892aca2a17766a44ff88538bd62762eb06275f337f59188.html in directory target/site/serenity  
[pool-1-thread-3] INFO net.thucydides.core.reports.html.HtmlAcceptanceTestReporter - GENERATING HTML REPORT FOR ACT-1 - Default Contract:VIR-226.08 Verify that the prices shows n/a, if the contract expired and the new one is not selected by shopper in 90eacd21eb1e7e24d79a439ece9e6416daa13b514c337bcef555c498996ee27a.html in directory target/site/serenity  
[pool-1-thread-1] INFO net.thucydides.core.reports.html.HtmlAcceptanceTestReporter - GENERATING HTML REPORT FOR ACT-1 - Default Contract:VIR-226.07 Verify that if the contract is changed in customer master, it is changed to the customer without any notification in 97d516a9dd97a3564503058531e457f4fe37c4fa911c4e0a2cd67d9e4f26df95.html in directory target/site/serenity  
[pool-1-thread-3] INFO net.thucydides.core.reports.html.HtmlAcceptanceTestReporter - GENERATING HTML REPORT FOR ACT-1 - Default Contract:VIR-226.01A Verify that the script switch the contract A to the contract B automatically for bunch of selected customers in 40b3604109cc54897930215a5dff112d2f2a0f9a3f3a7c2ebf97db43a508944d.html in directory target/site/serenity  
[pool-1-thread-1] INFO net.thucydides.core.reports.html.HtmlAcceptanceTestReporter - GENERATING HTML REPORT FOR ACT-21 - View Saved Carts:VIR-246.01 Verify that the shopper can see the saved carts within My Account in 8f924b8e28c6b842e118d033edbc4760c495b83f62c62df3597462885f301c84.html in directory target/site/serenity  
[pool-1-thread-3] INFO net.thucydides.core.reports.html.HtmlAcceptanceTestReporter - GENERATING HTML REPORT FOR ACT-21 - View Saved Carts:VIR-246.02 Remove all from saved carts in 57ad878c80f86f37b436866d9406bfc876bcc2a4fe8f331b75642b3504e58b7f.html in directory target/site/serenity  
[pool-1-thread-1] INFO net.thucydides.core.reports.html.HtmlAcceptanceTestReporter - GENERATING HTML REPORT FOR ACT-21 - View Saved Carts:VIR-246.03 Verify that the saved cart is shown on the saved carts page in a78cc380adec40d2bde41cc9dd7bf1cd6cc7f6dd92d52beceefba632467fc268.html in directory target/site/serenity  
[pool-1-thread-3] INFO net.thucydides.core.reports.html.HtmlAcceptanceTestReporter - GENERATING HTML REPORT FOR ACT-21 - View Saved Carts:VIR-246.04 Verify that the products and their selected quantities are shown at the saved cart page in 71d7b3b019de0d80556b2ab92ce7c04958edcacdb5185c7868f851880fce7a8c.html in directory target/site/serenity  
[pool-1-thread-1] INFO net.thucydides.core.reports.html.HtmlAcceptanceTestReporter - GENERATING HTML REPORT FOR ACT-21 - View Saved Carts:VIR-246.05 Verify that saved cart can be restored in ad1c57abe3cc4827685bdae4426a5445264c10ce7dec22879e678adfd3c0c6cb.html in directory target/site/serenity  
[pool-1-thread-1] INFO net.thucydides.core.reports.html.HtmlAcceptanceTestReporter - GENERATING HTML REPORT FOR ACT-21 - View Saved Carts:VIR-440.01 The cart q-ty is not based on the item level for the saved carts in 094b9e637c71855896733520bffafcb8ad6030ed7d623ef6ac0130a6fc0c2d53.html in directory target/site/serenity  
[pool-1-thread-4] INFO net.thucydides.core.reports.html.HtmlAcceptanceTestReporter - GENERATING HTML REPORT FOR ACT-21 - View Saved Carts:VIR-246.07 Verify that saved cart can be removed in 061f516f07433f1a6cec7dbbd7f35884d8c98eda047d9b875d1850373e38237b.html in directory target/site/serenity  
[pool-1-thread-4] INFO net.thucydides.core.reports.html.HtmlAcceptanceTestReporter - GENERATING HTML REPORT FOR ACT-22 - View Personal Details:VIR-247.02 Verify that the information is shown on Personal Details page in 1c58bd9a5814b7613691d793847309f1ef23f2826d37705df4c9cf38112f3674.html in directory target/site/serenity  
[pool-1-thread-2] INFO net.thucydides.core.reports.html.HtmlAcceptanceTestReporter - GENERATING HTML REPORT FOR ACT-1 - Default Contract:VIR-226.01 Verify that the dropdown list with contracts is shown in the header in 1a7109a2e435410aec76a6616813b89a7a128938fc747b573a8bea77b5dc2e74.html in directory target/site/serenity  
[pool-1-thread-4] INFO net.thucydides.core.reports.html.HtmlAcceptanceTestReporter - GENERATING HTML REPORT FOR ACT-22 - View Personal Details:VIR-247.03 Verify that the shopper can edit the following personal details in bf92986071382fb9ee82b0b367d6dae38872f696f6458186b60aeb2d09c74ec4.html in directory target/site/serenity  
[pool-1-thread-3] INFO net.thucydides.core.reports.html.HtmlAcceptanceTestReporter - GENERATING HTML REPORT FOR ACT-21 - View Saved Carts:VIR-246.06 Verify that saved cart can be updated in 7220eba5f2eae10da2dd4b065bbaeb5e362fcdf624f7734decc62917e1fdaa2b.html in directory target/site/serenity  
[pool-1-thread-2] INFO net.thucydides.core.reports.html.HtmlAcceptanceTestReporter - GENERATING HTML REPORT FOR ACT-2 - Service Level Selection:VIR-227.01 Verify that the customer can view the service level field right of the contract drop down in 8c2499b4820c11b864167cf1e29ba0c595f3a573717e45d73d9e262d7701aed8.html in directory target/site/serenity  
[pool-1-thread-2] INFO net.thucydides.core.reports.html.HtmlAcceptanceTestReporter - GENERATING HTML REPORT FOR ACT-2 - Service Level Selection:VIR-227.02 Verify that the shopper can view the following service level options in the dropdown field in 009550cab440349113b64a3c35b461c39305434c212627deee8ba4fd9c5c337d.html in directory target/site/serenity  
[pool-1-thread-1] INFO net.thucydides.core.reports.html.HtmlAcceptanceTestReporter - GENERATING HTML REPORT FOR ACT-22 - View Personal Details:VIR-247.01 Verify that the shopper can see their personal details within My Account in 74c15acd41fcdfbd9ec94e06d76d8942b8816c278890834a38d2d05ac18bd9cb.html in directory target/site/serenity  
[main] INFO net.serenitybdd.core.Serenity - 
 _____ _____ ____ _____   ____ _____  _    ____ _____ _____ ____  
|_   _| ____/ ___|_   _| / ___|_   _|/ \  |  _ \_   _| ____|  _ \ 
  | | |  _| \___ \ | |   \___ \ | | / _ \ | |_) || | |  _| | | | |
  | | | |___ ___) || |    ___) || |/ ___ \|  _ < | | | |___| |_| |
  |_| |_____|____/ |_|   |____/ |_/_/   \_\_| \_\|_| |_____|____/ 
                                                                  

TEST STARTED: VIR-227.03 Verify that the Tailgate service level option is selected by default
-------------------------------------------------------------------(act-2---service-level-selection;vir-227.03-verify-that-the-tailgate-service-level-option-is-selected-by-default)
[main] INFO net.serenitybdd.core.Serenity - STARTING STEP Given open the site and login
[main] INFO net.serenitybdd.core.Serenity - STARTING STEP Open the site
[main] INFO net.serenitybdd.core.Serenity - STEP ERROR: net.serenitybdd.core.exceptions.SerenityManagedException: Could not initialize class com.virco.locators.SiteData
]]></system-err>
  </testcase>
  <testcase name="Scenario: VIR-227.03 Verify that the Tailgate service level option is selected by default" classname="Scenario: VIR-227.03 Verify that the Tailgate service level option is selected by default" time="0.006">
    <error message="Could not initialize class com.virco.locators.SiteData" type="net.serenitybdd.core.exceptions.SerenityManagedException"><![CDATA[net.serenitybdd.core.exceptions.SerenityManagedException: Could not initialize class com.virco.locators.SiteData
	at com.virco.steps.serenity.CommonUserSteps.openTheSite(CommonUserSteps.java:19)
	at com.virco.steps.serenity.CommonUserSteps$$EnhancerByCGLIB$$d8541bfa.CGLIB$openTheSite$6(<generated>)
	at com.virco.steps.serenity.CommonUserSteps$$EnhancerByCGLIB$$d8541bfa$$FastClassByCGLIB$$ea8e0f86.invoke(<generated>)
	at net.sf.cglib.proxy.MethodProxy.invokeSuper(MethodProxy.java:228)
	at net.thucydides.core.steps.StepInterceptor.invokeMethod(StepInterceptor.java:372)
	at net.thucydides.core.steps.StepInterceptor.executeTestStepMethod(StepInterceptor.java:357)
	at net.thucydides.core.steps.StepInterceptor.runTestStep(StepInterceptor.java:332)
	at net.thucydides.core.steps.StepInterceptor.testStepResult(StepInterceptor.java:134)
	at net.thucydides.core.steps.StepInterceptor.intercept(StepInterceptor.java:61)
	at com.virco.steps.serenity.CommonUserSteps$$EnhancerByCGLIB$$d8541bfa.openTheSite(<generated>)
	at com.virco.steps.CommonDefinitionSteps.openTheSiteAndLogin(CommonDefinitionSteps.java:72)
	at sun.reflect.GeneratedMethodAccessor143.invoke(Unknown Source)
	at sun.reflect.DelegatingMethodAccessorImpl.invoke(DelegatingMethodAccessorImpl.java:43)
	at java.lang.reflect.Method.invoke(Method.java:498)
	at cucumber.runtime.Utils$1.call(Utils.java:40)
	at cucumber.runtime.Timeout.timeout(Timeout.java:16)
	at cucumber.runtime.Utils.invoke(Utils.java:34)
	at cucumber.runtime.java.JavaStepDefinition.execute(JavaStepDefinition.java:38)
	at cucumber.runtime.StepDefinitionMatch.runStep(StepDefinitionMatch.java:37)
	at cucumber.runtime.Runtime.runStep(Runtime.java:300)
	at cucumber.runtime.model.StepContainer.runStep(StepContainer.java:44)
	at cucumber.runtime.model.StepContainer.runSteps(StepContainer.java:39)
	at cucumber.runtime.model.CucumberScenario.run(CucumberScenario.java:44)
	at cucumber.runtime.junit.ExecutionUnitRunner.run(ExecutionUnitRunner.java:102)
	at cucumber.runtime.junit.FeatureRunner.runChild(FeatureRunner.java:63)
	at cucumber.runtime.junit.FeatureRunner.runChild(FeatureRunner.java:18)
	at org.junit.runners.ParentRunner$3.run(ParentRunner.java:290)
	at org.junit.runners.ParentRunner$1.schedule(ParentRunner.java:71)
	at org.junit.runners.ParentRunner.runChildren(ParentRunner.java:288)
	at org.junit.runners.ParentRunner.access$000(ParentRunner.java:58)
	at org.junit.runners.ParentRunner$2.evaluate(ParentRunner.java:268)
	at org.junit.runners.ParentRunner.run(ParentRunner.java:363)
	at cucumber.runtime.junit.FeatureRunner.run(FeatureRunner.java:70)
	at cucumber.api.junit.Cucumber.runChild(Cucumber.java:95)
	at cucumber.api.junit.Cucumber.runChild(Cucumber.java:38)
	at org.junit.runners.ParentRunner$3.run(ParentRunner.java:290)
	at org.junit.runners.ParentRunner$1.schedule(ParentRunner.java:71)
	at org.junit.runners.ParentRunner.runChildren(ParentRunner.java:288)
	at org.junit.runners.ParentRunner.access$000(ParentRunner.java:58)
	at org.junit.runners.ParentRunner$2.evaluate(ParentRunner.java:268)
	at org.junit.runners.ParentRunner.run(ParentRunner.java:363)
	at cucumber.api.junit.Cucumber.run(Cucumber.java:100)
	at org.apache.maven.surefire.junit4.JUnit4Provider.execute(JUnit4Provider.java:283)
	at org.apache.maven.surefire.junit4.JUnit4Provider.executeWithRerun(JUnit4Provider.java:173)
	at org.apache.maven.surefire.junit4.JUnit4Provider.executeTestSet(JUnit4Provider.java:153)
	at org.apache.maven.surefire.junit4.JUnit4Provider.invoke(JUnit4Provider.java:128)
	at org.apache.maven.surefire.booter.ForkedBooter.invokeProviderInSameClassLoader(ForkedBooter.java:203)
	at org.apache.maven.surefire.booter.ForkedBooter.runSuitesInProcess(ForkedBooter.java:155)
	at org.apache.maven.surefire.booter.ForkedBooter.main(ForkedBooter.java:103)
]]></error>
  </testcase>
  <testcase name="Then the &quot;Tailgate&quot; option is selected value in service level drop-down" classname="Scenario: VIR-227.03 Verify that the Tailgate service level option is selected by default" time="0">
    <skipped/>
    <system-err><![CDATA[[main] INFO net.serenitybdd.core.Serenity - STEP ERROR: java.lang.NoClassDefFoundError: Could not initialize class com.virco.locators.SiteData
[main] INFO net.serenitybdd.core.Serenity - STARTING STEP Then the "Tailgate" option is selected value in service level drop-down
]]></system-err>
  </testcase>
  <testcase name="Given open the site and login" classname="Scenario: VIR-227.04 Verify that the customer can set any service level from the shown options" time="0.002">
    <error message="Could not initialize class com.virco.locators.SiteData" type="net.serenitybdd.core.exceptions.SerenityManagedException"><![CDATA[net.serenitybdd.core.exceptions.SerenityManagedException: Could not initialize class com.virco.locators.SiteData
	at com.virco.steps.serenity.CommonUserSteps.openTheSite(CommonUserSteps.java:19)
	at com.virco.steps.serenity.CommonUserSteps$$EnhancerByCGLIB$$d8541bfa.CGLIB$openTheSite$6(<generated>)
	at com.virco.steps.serenity.CommonUserSteps$$EnhancerByCGLIB$$d8541bfa$$FastClassByCGLIB$$ea8e0f86.invoke(<generated>)
	at net.sf.cglib.proxy.MethodProxy.invokeSuper(MethodProxy.java:228)
	at net.thucydides.core.steps.StepInterceptor.invokeMethod(StepInterceptor.java:372)
	at net.thucydides.core.steps.StepInterceptor.executeTestStepMethod(StepInterceptor.java:357)
	at net.thucydides.core.steps.StepInterceptor.runTestStep(StepInterceptor.java:332)
	at net.thucydides.core.steps.StepInterceptor.testStepResult(StepInterceptor.java:134)
	at net.thucydides.core.steps.StepInterceptor.intercept(StepInterceptor.java:61)
	at com.virco.steps.serenity.CommonUserSteps$$EnhancerByCGLIB$$d8541bfa.openTheSite(<generated>)
	at com.virco.steps.CommonDefinitionSteps.openTheSiteAndLogin(CommonDefinitionSteps.java:72)
	at sun.reflect.GeneratedMethodAccessor143.invoke(Unknown Source)
	at sun.reflect.DelegatingMethodAccessorImpl.invoke(DelegatingMethodAccessorImpl.java:43)
	at java.lang.reflect.Method.invoke(Method.java:498)
	at cucumber.runtime.Utils$1.call(Utils.java:40)
	at cucumber.runtime.Timeout.timeout(Timeout.java:16)
	at cucumber.runtime.Utils.invoke(Utils.java:34)
	at cucumber.runtime.java.JavaStepDefinition.execute(JavaStepDefinition.java:38)
	at cucumber.runtime.StepDefinitionMatch.runStep(StepDefinitionMatch.java:37)
	at cucumber.runtime.Runtime.runStep(Runtime.java:300)
	at cucumber.runtime.model.StepContainer.runStep(StepContainer.java:44)
	at cucumber.runtime.model.StepContainer.runSteps(StepContainer.java:39)
	at cucumber.runtime.model.CucumberScenario.run(CucumberScenario.java:44)
	at cucumber.runtime.junit.ExecutionUnitRunner.run(ExecutionUnitRunner.java:102)
	at cucumber.runtime.junit.FeatureRunner.runChild(FeatureRunner.java:63)
	at cucumber.runtime.junit.FeatureRunner.runChild(FeatureRunner.java:18)
	at org.junit.runners.ParentRunner$3.run(ParentRunner.java:290)
	at org.junit.runners.ParentRunner$1.schedule(ParentRunner.java:71)
	at org.junit.runners.ParentRunner.runChildren(ParentRunner.java:288)
	at org.junit.runners.ParentRunner.access$000(ParentRunner.java:58)
	at org.junit.runners.ParentRunner$2.evaluate(ParentRunner.java:268)
	at org.junit.runners.ParentRunner.run(ParentRunner.java:363)
	at cucumber.runtime.junit.FeatureRunner.run(FeatureRunner.java:70)
	at cucumber.api.junit.Cucumber.runChild(Cucumber.java:95)
	at cucumber.api.junit.Cucumber.runChild(Cucumber.java:38)
	at org.junit.runners.ParentRunner$3.run(ParentRunner.java:290)
	at org.junit.runners.ParentRunner$1.schedule(ParentRunner.java:71)
	at org.junit.runners.ParentRunner.runChildren(ParentRunner.java:288)
	at org.junit.runners.ParentRunner.access$000(ParentRunner.java:58)
	at org.junit.runners.ParentRunner$2.evaluate(ParentRunner.java:268)
	at org.junit.runners.ParentRunner.run(ParentRunner.java:363)
	at cucumber.api.junit.Cucumber.run(Cucumber.java:100)
	at org.apache.maven.surefire.junit4.JUnit4Provider.execute(JUnit4Provider.java:283)
	at org.apache.maven.surefire.junit4.JUnit4Provider.executeWithRerun(JUnit4Provider.java:173)
	at org.apache.maven.surefire.junit4.JUnit4Provider.executeTestSet(JUnit4Provider.java:153)
	at org.apache.maven.surefire.junit4.JUnit4Provider.invoke(JUnit4Provider.java:128)
	at org.apache.maven.surefire.booter.ForkedBooter.invokeProviderInSameClassLoader(ForkedBooter.java:203)
	at org.apache.maven.surefire.booter.ForkedBooter.runSuitesInProcess(ForkedBooter.java:155)
	at org.apache.maven.surefire.booter.ForkedBooter.main(ForkedBooter.java:103)
]]></error>
    <system-err><![CDATA[[main] INFO net.serenitybdd.core.Serenity - IGNORING STEP
[main] ERROR net.serenitybdd.core.Serenity - 
           __  _____ _____ ____ _____   _____ _    ___ _     _____ ____  
  _       / / |_   _| ____/ ___|_   _| |  ___/ \  |_ _| |   | ____|  _ \ 
 (_)_____| |    | | |  _| \___ \ | |   | |_ / _ \  | || |   |  _| | | | |
  _|_____| |    | | | |___ ___) || |   |  _/ ___ \ | || |___| |___| |_| |
 (_)     | |    |_| |_____|____/ |_|   |_|/_/   \_\___|_____|_____|____/ 
          \_\                                                            

TEST FAILED WITH ERROR: VIR-227.03 Verify that the Tailgate service level option is selected by default
---------------------------------------------------------------------
[main] ERROR net.serenitybdd.core.Serenity - TEST FAILED AT STEP Open the site
[main] ERROR net.serenitybdd.core.Serenity - Could not initialize class com.virco.locators.SiteData
[pool-1-thread-3] INFO net.thucydides.core.reports.json.JSONTestOutcomeReporter - Generating JSON report for VIR-235.01 Verify that the shopper can view the order history within My Account to file /Users/rodionsavchuk/hybrisAutomation/virco-automatedtests/target/site/serenity/273677580b5ade55ccb470a2e988196811df982925cdbb1ace31e0a5efaabec1.json (using temp file /Users/rodionsavchuk/hybrisAutomation/virco-automatedtests/target/site/serenity/273677580b5ade55ccb470a2e988196811df982925cdbb1ace31e0a5efaabec1.jsonb65cbac7-cc35-4614-b4c0-c455f455fbac)
[pool-1-thread-4] INFO net.thucydides.core.reports.json.JSONTestOutcomeReporter - Generating JSON report for VIR-235.02 Verify that the newest order is shown first in the list to file /Users/rodionsavchuk/hybrisAutomation/virco-automatedtests/target/site/serenity/8840d0acce101c4828203142f8d64f0725d2637a38c8eebef56a7d6a8b899749.json (using temp file /Users/rodionsavchuk/hybrisAutomation/virco-automatedtests/target/site/serenity/8840d0acce101c4828203142f8d64f0725d2637a38c8eebef56a7d6a8b899749.json251db017-5ab5-419a-a95b-100ef84af67e)
[pool-1-thread-2] INFO net.thucydides.core.reports.json.JSONTestOutcomeReporter - Generating JSON report for VIR-235.03 Verify that the orders can be filtered by to file /Users/rodionsavchuk/hybrisAutomation/virco-automatedtests/target/site/serenity/29922dd92355b657a29ca8ceee8ece530ee19fab8572208c0d42c3104ff16960.json (using temp file /Users/rodionsavchuk/hybrisAutomation/virco-automatedtests/target/site/serenity/29922dd92355b657a29ca8ceee8ece530ee19fab8572208c0d42c3104ff16960.jsonaf24cd49-2897-439d-99d8-3386f0aa7b4e)
[pool-1-thread-1] INFO net.thucydides.core.reports.json.JSONTestOutcomeReporter - Generating JSON report for VIR-235.04 Verify that the current year view of orders is set by default to file /Users/rodionsavchuk/hybrisAutomation/virco-automatedtests/target/site/serenity/611fe17d9cda8a2f0360fd4a5e0044434a5a44282d734d3f572d018496b6a768.json (using temp file /Users/rodionsavchuk/hybrisAutomation/virco-automatedtests/target/site/serenity/611fe17d9cda8a2f0360fd4a5e0044434a5a44282d734d3f572d018496b6a768.jsonbb0d1512-9872-4e05-b861-8207c47b262a)
[pool-1-thread-3] INFO net.thucydides.core.reports.json.JSONTestOutcomeReporter - Generating JSON report for VIR-235.05 Verify that the orders can be sorted by to file /Users/rodionsavchuk/hybrisAutomation/virco-automatedtests/target/site/serenity/b3c85d502fdd11d32f7b2c0e62dbb38be0c6f9c593e4d4ccd95adcc5fe60b304.json (using temp file /Users/rodionsavchuk/hybrisAutomation/virco-automatedtests/target/site/serenity/b3c85d502fdd11d32f7b2c0e62dbb38be0c6f9c593e4d4ccd95adcc5fe60b304.json4e16617c-248d-46e2-a5f1-1a1615e43149)
[pool-1-thread-2] INFO net.thucydides.core.reports.json.JSONTestOutcomeReporter - Generating JSON report for VIR-235.06 Verify that the orders can be grouped by PO# (alpha-numeric) to file /Users/rodionsavchuk/hybrisAutomation/virco-automatedtests/target/site/serenity/69529ca40520069837eb10aa62eb1ab7518abd062932198aaa75ce49a153bdf4.json (using temp file /Users/rodionsavchuk/hybrisAutomation/virco-automatedtests/target/site/serenity/69529ca40520069837eb10aa62eb1ab7518abd062932198aaa75ce49a153bdf4.json8175eada-772f-4e60-8fd7-841148f721dd)
[pool-1-thread-4] INFO net.thucydides.core.reports.json.JSONTestOutcomeReporter - Generating JSON report for VIR-236.01 Verify that the shopper can see the created by him ECC orders withing Orders History to file /Users/rodionsavchuk/hybrisAutomation/virco-automatedtests/target/site/serenity/6e0b05141f32d41efa52a2f8708a010ef30be5406c962e50aa108e52f637ff4f.json (using temp file /Users/rodionsavchuk/hybrisAutomation/virco-automatedtests/target/site/serenity/6e0b05141f32d41efa52a2f8708a010ef30be5406c962e50aa108e52f637ff4f.jsonc2a5a6cb-7ff0-42a6-a9bb-15cbfcebdca7)
[pool-1-thread-1] INFO net.thucydides.core.reports.json.JSONTestOutcomeReporter - Generating JSON report for VIR-236.02 Verify that the shopper is able to see the ECC orders details to file /Users/rodionsavchuk/hybrisAutomation/virco-automatedtests/target/site/serenity/06a785ccbf37298662c0a3d0b35aa8a04f4eb296e14af96a2032ecacd8155265.json (using temp file /Users/rodionsavchuk/hybrisAutomation/virco-automatedtests/target/site/serenity/06a785ccbf37298662c0a3d0b35aa8a04f4eb296e14af96a2032ecacd8155265.jsone44753a9-8ca5-443c-bdd8-3d10acdd24e0)
[pool-1-thread-3] INFO net.thucydides.core.reports.json.JSONTestOutcomeReporter - Generating JSON report for VIR-236.03 Verify that shopper is not able to reorder the ECC orders to file /Users/rodionsavchuk/hybrisAutomation/virco-automatedtests/target/site/serenity/adad10cc0c0c283641a22aee227822d43a6b04d28868ac5b5b9f65428e2198f1.json (using temp file /Users/rodionsavchuk/hybrisAutomation/virco-automatedtests/target/site/serenity/adad10cc0c0c283641a22aee227822d43a6b04d28868ac5b5b9f65428e2198f1.json7a41d953-8523-4b07-b4ba-5cfd4c53af35)
[pool-1-thread-4] INFO net.thucydides.core.reports.json.JSONTestOutcomeReporter - Generating JSON report for VIR-237.01 Verify that the chief shopper is able to view the orders created by others within their organization to file /Users/rodionsavchuk/hybrisAutomation/virco-automatedtests/target/site/serenity/37ec79a1d6a9cc6a2aec4574466f6dcb64dfed35c002fda7b3134b876ab9d490.json (using temp file /Users/rodionsavchuk/hybrisAutomation/virco-automatedtests/target/site/serenity/37ec79a1d6a9cc6a2aec4574466f6dcb64dfed35c002fda7b3134b876ab9d490.json000c4673-2937-439a-b78e-a4a0dec5ad59)
[pool-1-thread-2] INFO net.thucydides.core.reports.json.JSONTestOutcomeReporter - Generating JSON report for VIR-237.02 Verify that all orders are shown at the same page to file /Users/rodionsavchuk/hybrisAutomation/virco-automatedtests/target/site/serenity/04c1b88fcf25fa2f1ca595220bf539bd3345daf07b3f5fd975b7cfa258aa1a72.json (using temp file /Users/rodionsavchuk/hybrisAutomation/virco-automatedtests/target/site/serenity/04c1b88fcf25fa2f1ca595220bf539bd3345daf07b3f5fd975b7cfa258aa1a72.jsonbcb6f9bd-4e5b-4528-8f8b-b276b2bb564c)
[pool-1-thread-1] INFO net.thucydides.core.reports.json.JSONTestOutcomeReporter - Generating JSON report for VIR-238.01 Verify that the stuff shopper can view orders created by him/her to file /Users/rodionsavchuk/hybrisAutomation/virco-automatedtests/target/site/serenity/da20584ac40b990dc291e9ae9cb2facdd86f681d176e5cbf03c9dc84024b2dea.json (using temp file /Users/rodionsavchuk/hybrisAutomation/virco-automatedtests/target/site/serenity/da20584ac40b990dc291e9ae9cb2facdd86f681d176e5cbf03c9dc84024b2dea.json1634fd2e-33dc-4cd0-bfae-c54458a7bada)
[pool-1-thread-4] INFO net.thucydides.core.reports.json.JSONTestOutcomeReporter - Generating JSON report for VIR-238.02 Verify that the admin shoppers can view orders placed by admin and stuff shoppers within organization to file /Users/rodionsavchuk/hybrisAutomation/virco-automatedtests/target/site/serenity/049e5266696367738227685efc996b610d41e4a9ff2b91176988ad3e5d046577.json (using temp file /Users/rodionsavchuk/hybrisAutomation/virco-automatedtests/target/site/serenity/049e5266696367738227685efc996b610d41e4a9ff2b91176988ad3e5d046577.jsonea7a689a-2c0b-45da-a332-eaf39731f269)
[pool-1-thread-2] INFO net.thucydides.core.reports.json.JSONTestOutcomeReporter - Generating JSON report for VIR-239.01 Verify that the shopper can see the Reorder button near each order in the list of orders history to file /Users/rodionsavchuk/hybrisAutomation/virco-automatedtests/target/site/serenity/bc5c957c59b8dd4780a20bc8c811eb7cd90739e0aa75b27ef4276f5d16b25e8a.json (using temp file /Users/rodionsavchuk/hybrisAutomation/virco-automatedtests/target/site/serenity/bc5c957c59b8dd4780a20bc8c811eb7cd90739e0aa75b27ef4276f5d16b25e8a.json1e486403-f069-4944-aa1a-87134c0df12c)
[pool-1-thread-3] INFO net.thucydides.core.reports.json.JSONTestOutcomeReporter - Generating JSON report for VIR-239.02 Verify that the Reorder button is present at the order details page to file /Users/rodionsavchuk/hybrisAutomation/virco-automatedtests/target/site/serenity/7f2baa53bf21c1609ec69298572380037821566fedb28a9f798f27a38a595463.json (using temp file /Users/rodionsavchuk/hybrisAutomation/virco-automatedtests/target/site/serenity/7f2baa53bf21c1609ec69298572380037821566fedb28a9f798f27a38a595463.jsonf423e683-13aa-4065-b39a-1ad2edbf4063)
[pool-1-thread-1] INFO net.thucydides.core.reports.json.JSONTestOutcomeReporter - Generating JSON report for VIR-239.03 Verify that the Reorder button is present only near the orders created by shopper to file /Users/rodionsavchuk/hybrisAutomation/virco-automatedtests/target/site/serenity/db5d2cc2cdb477151d79acc5ba80f9970445ac1f4a40c15aea05ceaf9d72ab4c.json (using temp file /Users/rodionsavchuk/hybrisAutomation/virco-automatedtests/target/site/serenity/db5d2cc2cdb477151d79acc5ba80f9970445ac1f4a40c15aea05ceaf9d72ab4c.json7a14ec06-7bf6-4295-97fb-5efb136132d1)
[pool-1-thread-2] INFO net.thucydides.core.reports.json.JSONTestOutcomeReporter - Generating JSON report for VIR-239.04 Verify that the new order with the same order details is created after reordering to file /Users/rodionsavchuk/hybrisAutomation/virco-automatedtests/target/site/serenity/86d284f6d52dd7b06703c0e65ed979dc08ab5e91925669335c8db93a482789bd.json (using temp file /Users/rodionsavchuk/hybrisAutomation/virco-automatedtests/target/site/serenity/86d284f6d52dd7b06703c0e65ed979dc08ab5e91925669335c8db93a482789bd.jsone5ac1854-6cff-4cb7-9d3b-5e13e5c10208)
[pool-1-thread-4] INFO net.thucydides.core.reports.json.JSONTestOutcomeReporter - Generating JSON report for VIR-239.05 Verify that the Admin can reorder the orders created by him and stuff shoppers to file /Users/rodionsavchuk/hybrisAutomation/virco-automatedtests/target/site/serenity/bd0258604ad0a60526916081e6985c7c5319337a9181a074ad5638ad9d781d0d.json (using temp file /Users/rodionsavchuk/hybrisAutomation/virco-automatedtests/target/site/serenity/bd0258604ad0a60526916081e6985c7c5319337a9181a074ad5638ad9d781d0d.json6cd3dd85-2746-4b92-828b-219376f991b8)
[pool-1-thread-1] INFO net.thucydides.core.reports.json.JSONTestOutcomeReporter - Generating JSON report for VIR-239.06 Verify that the Chief can reorder the orders created by him, admin and stuff shoppers to file /Users/rodionsavchuk/hybrisAutomation/virco-automatedtests/target/site/serenity/ce484b4c5f4b477729fe56f6574c4b704d459afba8238101689edf60627995fe.json (using temp file /Users/rodionsavchuk/hybrisAutomation/virco-automatedtests/target/site/serenity/ce484b4c5f4b477729fe56f6574c4b704d459afba8238101689edf60627995fe.json628a073a-bc33-4279-848d-d9cf3e606d76)
[pool-1-thread-3] INFO net.thucydides.core.reports.json.JSONTestOutcomeReporter - Generating JSON report for VIR-239.07 Verify that the Stuff shopper can reorder the orders created by him\her only to file /Users/rodionsavchuk/hybrisAutomation/virco-automatedtests/target/site/serenity/b8018260c31d901f3d8d776ff65116bc168b781e95b8a9f89641bcafaaa081f8.json (using temp file /Users/rodionsavchuk/hybrisAutomation/virco-automatedtests/target/site/serenity/b8018260c31d901f3d8d776ff65116bc168b781e95b8a9f89641bcafaaa081f8.json05467a63-0cbf-4ccb-be3f-1433bbbb5388)
[pool-1-thread-1] INFO net.thucydides.core.reports.json.JSONTestOutcomeReporter - Generating JSON report for VIR-240.02 Verify that the error message is shown to the customer if they entered wrong login data three and more times to file /Users/rodionsavchuk/hybrisAutomation/virco-automatedtests/target/site/serenity/feea09e30f98fa20f26d9fa541c867e47262726ef2edae67658e6fe1f69f795b.json (using temp file /Users/rodionsavchuk/hybrisAutomation/virco-automatedtests/target/site/serenity/feea09e30f98fa20f26d9fa541c867e47262726ef2edae67658e6fe1f69f795b.json95283576-2192-4228-85dd-c8509cf9b1bf)
[pool-1-thread-2] INFO net.thucydides.core.reports.json.JSONTestOutcomeReporter - Generating JSON report for VIR-240.01 Verify that the following message is shown to the customer if they entered wrong login data at first and second times to file /Users/rodionsavchuk/hybrisAutomation/virco-automatedtests/target/site/serenity/5c983153fe2ebb177f0d9e8b132ca59a6e0ee0ae8654058c47ae107dbb7196e9.json (using temp file /Users/rodionsavchuk/hybrisAutomation/virco-automatedtests/target/site/serenity/5c983153fe2ebb177f0d9e8b132ca59a6e0ee0ae8654058c47ae107dbb7196e9.jsonaebfbc0a-f5ac-490c-b638-10705e52446a)
[pool-1-thread-3] INFO net.thucydides.core.reports.json.JSONTestOutcomeReporter - Generating JSON report for VIR-240.03 Verify that the account is locked automatically after 3 incorrect login attempts to file /Users/rodionsavchuk/hybrisAutomation/virco-automatedtests/target/site/serenity/98702c761630d5e96c1885fc6b7d9edc2d3d9276a61dcb964fb55a77180ac4c4.json (using temp file /Users/rodionsavchuk/hybrisAutomation/virco-automatedtests/target/site/serenity/98702c761630d5e96c1885fc6b7d9edc2d3d9276a61dcb964fb55a77180ac4c4.json061d2b2b-01ae-4c74-b3d5-4cc18d4ffc39)
[pool-1-thread-4] INFO net.thucydides.core.reports.json.JSONTestOutcomeReporter - Generating JSON report for VIR-240.04 Verify that the customer can phone via Skype when they click on the phone number from desktop browser to file /Users/rodionsavchuk/hybrisAutomation/virco-automatedtests/target/site/serenity/022ceba0bee1a7e3be70af6fce73e28abbfa02e327dc996b425b971073e81949.json (using temp file /Users/rodionsavchuk/hybrisAutomation/virco-automatedtests/target/site/serenity/022ceba0bee1a7e3be70af6fce73e28abbfa02e327dc996b425b971073e81949.jsonf8de98ef-7918-4241-87f7-f6ae61f5d629)
[pool-1-thread-1] INFO net.thucydides.core.reports.json.JSONTestOutcomeReporter - Generating JSON report for VIR-240.05 Verify that the customer can phone via phone/skype when they click on the phone number from mobile device to file /Users/rodionsavchuk/hybrisAutomation/virco-automatedtests/target/site/serenity/0acf8d5b428f155bb5cd03ead2beee85cb116b173f667ca0d7eddf263c734900.json (using temp file /Users/rodionsavchuk/hybrisAutomation/virco-automatedtests/target/site/serenity/0acf8d5b428f155bb5cd03ead2beee85cb116b173f667ca0d7eddf263c734900.jsonf367c4f1-d4a1-4fba-92c7-40a9c37e0e57)
[pool-1-thread-2] INFO net.thucydides.core.reports.json.JSONTestOutcomeReporter - Generating JSON report for VIR-241.01 Verify that the bunch of customers are created in hybris after running mass setup script to file /Users/rodionsavchuk/hybrisAutomation/virco-automatedtests/target/site/serenity/463850b14992f16a3a2bf3702fcc5975eee58ce459f840ff047b04c2eaef46d1.json (using temp file /Users/rodionsavchuk/hybrisAutomation/virco-automatedtests/target/site/serenity/463850b14992f16a3a2bf3702fcc5975eee58ce459f840ff047b04c2eaef46d1.json50690e31-9bd5-4b05-a663-ca0f3d58d55a)
[pool-1-thread-4] INFO net.thucydides.core.reports.json.JSONTestOutcomeReporter - Generating JSON report for VIR-241.02 Verify that the personal details are mapped appropriately to file /Users/rodionsavchuk/hybrisAutomation/virco-automatedtests/target/site/serenity/a13f41939905f13645385d57d811c8cdd84a0cbed0caf2a6b3c4f55c28d79c01.json (using temp file /Users/rodionsavchuk/hybrisAutomation/virco-automatedtests/target/site/serenity/a13f41939905f13645385d57d811c8cdd84a0cbed0caf2a6b3c4f55c28d79c01.json4844d720-9779-4256-bf8b-6106741299f4)
[pool-1-thread-3] INFO net.thucydides.core.reports.json.JSONTestOutcomeReporter - Generating JSON report for VIR-241.03 Verify that the data outlined in ID3 are copied into the hybris to file /Users/rodionsavchuk/hybrisAutomation/virco-automatedtests/target/site/serenity/39e10a2762693c36aeb39ffa0694d6429714a5caa78716ad3e3a6dc6f9f35100.json (using temp file /Users/rodionsavchuk/hybrisAutomation/virco-automatedtests/target/site/serenity/39e10a2762693c36aeb39ffa0694d6429714a5caa78716ad3e3a6dc6f9f35100.jsonbab70c2b-17f5-43b9-b3b8-06a9ce3fec54)
[pool-1-thread-1] INFO net.thucydides.core.reports.json.JSONTestOutcomeReporter - Generating JSON report for VIR-241.04 Verify that just set up customers can log into the system and perform appropriate activities (due to the permissions) to file /Users/rodionsavchuk/hybrisAutomation/virco-automatedtests/target/site/serenity/cad527a19b233d2a98237bc580b3e071a577ec5892a5ac544f2f50b81e1edc9a.json (using temp file /Users/rodionsavchuk/hybrisAutomation/virco-automatedtests/target/site/serenity/cad527a19b233d2a98237bc580b3e071a577ec5892a5ac544f2f50b81e1edc9a.json8bf49d2d-0687-495e-9dbd-b48aca58d14d)
[pool-1-thread-2] INFO net.thucydides.core.reports.json.JSONTestOutcomeReporter - Generating JSON report for VIR-242.02 Verify that the shopper is moved to the appropriate page after clicking on the sub-menu option to file /Users/rodionsavchuk/hybrisAutomation/virco-automatedtests/target/site/serenity/28ef021d759f2a4643b61547ae2c5a1b9ce2544b0930e552ce883dc4238eb54c.json (using temp file /Users/rodionsavchuk/hybrisAutomation/virco-automatedtests/target/site/serenity/28ef021d759f2a4643b61547ae2c5a1b9ce2544b0930e552ce883dc4238eb54c.jsone93e4f51-0246-4773-9710-33b739a6322a)
[pool-1-thread-4] INFO net.thucydides.core.reports.json.JSONTestOutcomeReporter - Generating JSON report for VIR-243.01 Verify that the order tracking number is shown at the Order History and on the Order Details pages to file /Users/rodionsavchuk/hybrisAutomation/virco-automatedtests/target/site/serenity/70b6f3d948299c508f0755eca224d394eabc6d05bab5864a70e0f1b9c6b1e644.json (using temp file /Users/rodionsavchuk/hybrisAutomation/virco-automatedtests/target/site/serenity/70b6f3d948299c508f0755eca224d394eabc6d05bab5864a70e0f1b9c6b1e644.jsoncb1e373b-e0f8-4d84-a627-a754d033d426)
[pool-1-thread-3] INFO net.thucydides.core.reports.json.JSONTestOutcomeReporter - Generating JSON report for VIR-242.01 Verify that the following sub menu My Account menu has following options to file /Users/rodionsavchuk/hybrisAutomation/virco-automatedtests/target/site/serenity/1276140ef62c6432b71b0f37d8025035d8b303a616dfb579c0464109d19a2074.json (using temp file /Users/rodionsavchuk/hybrisAutomation/virco-automatedtests/target/site/serenity/1276140ef62c6432b71b0f37d8025035d8b303a616dfb579c0464109d19a2074.json75c8bcb2-635f-420f-a7d8-e379bd90b515)
[pool-1-thread-4] INFO net.thucydides.core.reports.json.JSONTestOutcomeReporter - Generating JSON report for VIR-243.02 Verify that the several order tracking number can be shown for one order to file /Users/rodionsavchuk/hybrisAutomation/virco-automatedtests/target/site/serenity/962a8661ed130dbc7b367611253983130c921d9ccf15ff013ae776fad79d5178.json (using temp file /Users/rodionsavchuk/hybrisAutomation/virco-automatedtests/target/site/serenity/962a8661ed130dbc7b367611253983130c921d9ccf15ff013ae776fad79d5178.jsondf13e89f-ea8d-4106-aa4e-1940d610b422)
[pool-1-thread-1] INFO net.thucydides.core.reports.json.JSONTestOutcomeReporter - Generating JSON report for VIR-243.03 Verify that the order delivery status is shown in new window after clicking on tracking number link to file /Users/rodionsavchuk/hybrisAutomation/virco-automatedtests/target/site/serenity/05de3555ce50877d7a68bf12b1c9ce484c460fe5f0202de33af8de7536c5347d.json (using temp file /Users/rodionsavchuk/hybrisAutomation/virco-automatedtests/target/site/serenity/05de3555ce50877d7a68bf12b1c9ce484c460fe5f0202de33af8de7536c5347d.jsonb2da2e9f-6b57-4e62-8b53-cdb974b4684c)
[pool-1-thread-3] INFO net.thucydides.core.reports.json.JSONTestOutcomeReporter - Generating JSON report for VIR-243.04 Verify that the chief shopper can see the order tracking number for the orders created by to file /Users/rodionsavchuk/hybrisAutomation/virco-automatedtests/target/site/serenity/6679b678bf94497d010ee1d2e4e9da687ae39e591aaeb2628364a7db535048bd.json (using temp file /Users/rodionsavchuk/hybrisAutomation/virco-automatedtests/target/site/serenity/6679b678bf94497d010ee1d2e4e9da687ae39e591aaeb2628364a7db535048bd.json96ad08ea-032a-45d3-8b8c-ee3cffeb9e08)
[pool-1-thread-2] INFO net.thucydides.core.reports.json.JSONTestOutcomeReporter - Generating JSON report for VIR-243.05 Verify that the admin shopper can see the order tracking number for the orders created by to file /Users/rodionsavchuk/hybrisAutomation/virco-automatedtests/target/site/serenity/62c275f127453f29fafc4c2149202cb494bb82c96be65d9c7ffdda17d402d199.json (using temp file /Users/rodionsavchuk/hybrisAutomation/virco-automatedtests/target/site/serenity/62c275f127453f29fafc4c2149202cb494bb82c96be65d9c7ffdda17d402d199.json1aa44357-341b-4305-a21e-18ade198aa42)
[pool-1-thread-4] INFO net.thucydides.core.reports.json.JSONTestOutcomeReporter - Generating JSON report for VIR-244.01 Verify that the shopper can see their email address within Email in My Account Menu to file /Users/rodionsavchuk/hybrisAutomation/virco-automatedtests/target/site/serenity/bf8e1443a8f088c9e57e0348c8704fc75e0549ba1f9d96c39d9d0ad3f4b04b32.json (using temp file /Users/rodionsavchuk/hybrisAutomation/virco-automatedtests/target/site/serenity/bf8e1443a8f088c9e57e0348c8704fc75e0549ba1f9d96c39d9d0ad3f4b04b32.json2e2e81da-9d33-4027-97f9-c343d8861c7d)
[pool-1-thread-1] INFO net.thucydides.core.reports.json.JSONTestOutcomeReporter - Generating JSON report for VIR-244.02 Verify that the email address is not editable to file /Users/rodionsavchuk/hybrisAutomation/virco-automatedtests/target/site/serenity/bfc781d1f39529c42f3e2e6163fe397cb7cd1efdb5aea56fac29b0f0f66e1a5e.json (using temp file /Users/rodionsavchuk/hybrisAutomation/virco-automatedtests/target/site/serenity/bfc781d1f39529c42f3e2e6163fe397cb7cd1efdb5aea56fac29b0f0f66e1a5e.jsona56311a1-f603-4933-a6fa-22b279e6cc1a)
[pool-1-thread-3] INFO net.thucydides.core.reports.json.JSONTestOutcomeReporter - Generating JSON report for VIR-226.02 Verify that the default contract is selected automatically if no other contract is selected to file /Users/rodionsavchuk/hybrisAutomation/virco-automatedtests/target/site/serenity/a1cdc501ba181282011afc75c778ae005a66a25ac465bd9f54fb47cebe8da2b6.json (using temp file /Users/rodionsavchuk/hybrisAutomation/virco-automatedtests/target/site/serenity/a1cdc501ba181282011afc75c778ae005a66a25ac465bd9f54fb47cebe8da2b6.jsonf880d439-01be-47b7-bdff-c988b90715d1)
[pool-1-thread-2] INFO net.thucydides.core.reports.json.JSONTestOutcomeReporter - Generating JSON report for VIR-226.01 Verify that the dropdown list with contracts is shown in the header to file /Users/rodionsavchuk/hybrisAutomation/virco-automatedtests/target/site/serenity/1a7109a2e435410aec76a6616813b89a7a128938fc747b573a8bea77b5dc2e74.json (using temp file /Users/rodionsavchuk/hybrisAutomation/virco-automatedtests/target/site/serenity/1a7109a2e435410aec76a6616813b89a7a128938fc747b573a8bea77b5dc2e74.jsoncf6cf967-280e-4348-af7b-7363fbea524f)
[pool-1-thread-1] INFO net.thucydides.core.reports.json.JSONTestOutcomeReporter - Generating JSON report for VIR-226.03 Verify that each customer has their own default contract to file /Users/rodionsavchuk/hybrisAutomation/virco-automatedtests/target/site/serenity/1100df39b069668be73bd3fa061625067d18d2c8d7eb03db90d26ed720e1bad6.json (using temp file /Users/rodionsavchuk/hybrisAutomation/virco-automatedtests/target/site/serenity/1100df39b069668be73bd3fa061625067d18d2c8d7eb03db90d26ed720e1bad6.jsoncd8d46e6-9311-4cdc-b03f-ee61f4da2f64)
[pool-1-thread-4] INFO net.thucydides.core.reports.json.JSONTestOutcomeReporter - Generating JSON report for VIR-226.04 Verify that the assigned to the shopper contracts (defined at the Ship To level) are shown in the list to file /Users/rodionsavchuk/hybrisAutomation/virco-automatedtests/target/site/serenity/736a6f27c422f3f6d8305a0f397a2adb789d1ed4974f92482a9f738f0fdbbfec.json (using temp file /Users/rodionsavchuk/hybrisAutomation/virco-automatedtests/target/site/serenity/736a6f27c422f3f6d8305a0f397a2adb789d1ed4974f92482a9f738f0fdbbfec.jsona1cae455-de3d-4db8-85d8-0a57a4f2fdd2)
[pool-1-thread-2] INFO net.thucydides.core.reports.json.JSONTestOutcomeReporter - Generating JSON report for VIR-226.05 Verify that shopper can change the contract as many times, as they want to file /Users/rodionsavchuk/hybrisAutomation/virco-automatedtests/target/site/serenity/d72154fb388d26ac97bf25cdf1619f4513466127fb36eb261ec18074f0a654cd.json (using temp file /Users/rodionsavchuk/hybrisAutomation/virco-automatedtests/target/site/serenity/d72154fb388d26ac97bf25cdf1619f4513466127fb36eb261ec18074f0a654cd.json4ff2e6e4-feea-427f-97ec-0932bcdde9c8)
[pool-1-thread-3] INFO net.thucydides.core.reports.json.JSONTestOutcomeReporter - Generating JSON report for VIR-226.06 Verify that if the shopper changed the contract, the prices and product list are updated accordingly to the selected contract to file /Users/rodionsavchuk/hybrisAutomation/virco-automatedtests/target/site/serenity/cb991777f2dcd6cec892aca2a17766a44ff88538bd62762eb06275f337f59188.json (using temp file /Users/rodionsavchuk/hybrisAutomation/virco-automatedtests/target/site/serenity/cb991777f2dcd6cec892aca2a17766a44ff88538bd62762eb06275f337f59188.json7bb1c06a-c887-4612-b3a7-d6894e0985b8)
[pool-1-thread-2] INFO net.thucydides.core.reports.json.JSONTestOutcomeReporter - Generating JSON report for VIR-226.07 Verify that if the contract is changed in customer master, it is changed to the customer without any notification to file /Users/rodionsavchuk/hybrisAutomation/virco-automatedtests/target/site/serenity/97d516a9dd97a3564503058531e457f4fe37c4fa911c4e0a2cd67d9e4f26df95.json (using temp file /Users/rodionsavchuk/hybrisAutomation/virco-automatedtests/target/site/serenity/97d516a9dd97a3564503058531e457f4fe37c4fa911c4e0a2cd67d9e4f26df95.json3fbdbb83-edad-4bea-ad56-17edef395a07)
[pool-1-thread-2] INFO net.thucydides.core.reports.json.JSONTestOutcomeReporter - Generating JSON report for VIR-226.08 Verify that the prices shows n/a, if the contract expired and the new one is not selected by shopper to file /Users/rodionsavchuk/hybrisAutomation/virco-automatedtests/target/site/serenity/90eacd21eb1e7e24d79a439ece9e6416daa13b514c337bcef555c498996ee27a.json (using temp file /Users/rodionsavchuk/hybrisAutomation/virco-automatedtests/target/site/serenity/90eacd21eb1e7e24d79a439ece9e6416daa13b514c337bcef555c498996ee27a.json19372fcc-99d3-4207-a7da-05ceaaa84194)
[pool-1-thread-2] INFO net.thucydides.core.reports.json.JSONTestOutcomeReporter - Generating JSON report for VIR-226.01A Verify that the script switch the contract A to the contract B automatically for bunch of selected customers to file /Users/rodionsavchuk/hybrisAutomation/virco-automatedtests/target/site/serenity/40b3604109cc54897930215a5dff112d2f2a0f9a3f3a7c2ebf97db43a508944d.json (using temp file /Users/rodionsavchuk/hybrisAutomation/virco-automatedtests/target/site/serenity/40b3604109cc54897930215a5dff112d2f2a0f9a3f3a7c2ebf97db43a508944d.json250881c8-da24-4042-8dfa-959e72a370db)
[pool-1-thread-2] INFO net.thucydides.core.reports.json.JSONTestOutcomeReporter - Generating JSON report for VIR-246.01 Verify that the shopper can see the saved carts within My Account to file /Users/rodionsavchuk/hybrisAutomation/virco-automatedtests/target/site/serenity/8f924b8e28c6b842e118d033edbc4760c495b83f62c62df3597462885f301c84.json (using temp file /Users/rodionsavchuk/hybrisAutomation/virco-automatedtests/target/site/serenity/8f924b8e28c6b842e118d033edbc4760c495b83f62c62df3597462885f301c84.json072f0aa4-4703-4830-9e49-d9f8f4ff11ba)
[pool-1-thread-1] INFO net.thucydides.core.reports.json.JSONTestOutcomeReporter - Generating JSON report for VIR-246.02 Remove all from saved carts to file /Users/rodionsavchuk/hybrisAutomation/virco-automatedtests/target/site/serenity/57ad878c80f86f37b436866d9406bfc876bcc2a4fe8f331b75642b3504e58b7f.json (using temp file /Users/rodionsavchuk/hybrisAutomation/virco-automatedtests/target/site/serenity/57ad878c80f86f37b436866d9406bfc876bcc2a4fe8f331b75642b3504e58b7f.jsond5faa37e-fa1b-4f02-9d6d-c06cc145e5ba)
[pool-1-thread-3] INFO net.thucydides.core.reports.json.JSONTestOutcomeReporter - Generating JSON report for VIR-246.03 Verify that the saved cart is shown on the saved carts page to file /Users/rodionsavchuk/hybrisAutomation/virco-automatedtests/target/site/serenity/a78cc380adec40d2bde41cc9dd7bf1cd6cc7f6dd92d52beceefba632467fc268.json (using temp file /Users/rodionsavchuk/hybrisAutomation/virco-automatedtests/target/site/serenity/a78cc380adec40d2bde41cc9dd7bf1cd6cc7f6dd92d52beceefba632467fc268.json254b2b80-a878-4858-9222-e270ec3a5c31)
[pool-1-thread-2] INFO net.thucydides.core.reports.json.JSONTestOutcomeReporter - Generating JSON report for VIR-246.04 Verify that the products and their selected quantities are shown at the saved cart page to file /Users/rodionsavchuk/hybrisAutomation/virco-automatedtests/target/site/serenity/71d7b3b019de0d80556b2ab92ce7c04958edcacdb5185c7868f851880fce7a8c.json (using temp file /Users/rodionsavchuk/hybrisAutomation/virco-automatedtests/target/site/serenity/71d7b3b019de0d80556b2ab92ce7c04958edcacdb5185c7868f851880fce7a8c.jsonc42f51ae-881a-41b5-bdde-fbb1c73259a8)
[pool-1-thread-4] INFO net.thucydides.core.reports.json.JSONTestOutcomeReporter - Generating JSON report for VIR-246.05 Verify that saved cart can be restored to file /Users/rodionsavchuk/hybrisAutomation/virco-automatedtests/target/site/serenity/ad1c57abe3cc4827685bdae4426a5445264c10ce7dec22879e678adfd3c0c6cb.json (using temp file /Users/rodionsavchuk/hybrisAutomation/virco-automatedtests/target/site/serenity/ad1c57abe3cc4827685bdae4426a5445264c10ce7dec22879e678adfd3c0c6cb.json5354a3bd-2b4b-4ee2-afcc-961d50e34065)
[pool-1-thread-2] INFO net.thucydides.core.reports.json.JSONTestOutcomeReporter - Generating JSON report for VIR-246.07 Verify that saved cart can be removed to file /Users/rodionsavchuk/hybrisAutomation/virco-automatedtests/target/site/serenity/061f516f07433f1a6cec7dbbd7f35884d8c98eda047d9b875d1850373e38237b.json (using temp file /Users/rodionsavchuk/hybrisAutomation/virco-automatedtests/target/site/serenity/061f516f07433f1a6cec7dbbd7f35884d8c98eda047d9b875d1850373e38237b.json041b9527-3d54-46eb-8537-1de75273499b)
[pool-1-thread-3] INFO net.thucydides.core.reports.json.JSONTestOutcomeReporter - Generating JSON report for VIR-440.01 The cart q-ty is not based on the item level for the saved carts to file /Users/rodionsavchuk/hybrisAutomation/virco-automatedtests/target/site/serenity/094b9e637c71855896733520bffafcb8ad6030ed7d623ef6ac0130a6fc0c2d53.json (using temp file /Users/rodionsavchuk/hybrisAutomation/virco-automatedtests/target/site/serenity/094b9e637c71855896733520bffafcb8ad6030ed7d623ef6ac0130a6fc0c2d53.jsona1c5f49c-c457-4fd2-bf29-ba71ad04e8e7)
[pool-1-thread-1] INFO net.thucydides.core.reports.json.JSONTestOutcomeReporter - Generating JSON report for VIR-246.06 Verify that saved cart can be updated to file /Users/rodionsavchuk/hybrisAutomation/virco-automatedtests/target/site/serenity/7220eba5f2eae10da2dd4b065bbaeb5e362fcdf624f7734decc62917e1fdaa2b.json (using temp file /Users/rodionsavchuk/hybrisAutomation/virco-automatedtests/target/site/serenity/7220eba5f2eae10da2dd4b065bbaeb5e362fcdf624f7734decc62917e1fdaa2b.jsona83b4fd9-0ae0-475e-892b-0ca0e633290b)
[pool-1-thread-3] INFO net.thucydides.core.reports.json.JSONTestOutcomeReporter - Generating JSON report for VIR-247.01 Verify that the shopper can see their personal details within My Account to file /Users/rodionsavchuk/hybrisAutomation/virco-automatedtests/target/site/serenity/74c15acd41fcdfbd9ec94e06d76d8942b8816c278890834a38d2d05ac18bd9cb.json (using temp file /Users/rodionsavchuk/hybrisAutomation/virco-automatedtests/target/site/serenity/74c15acd41fcdfbd9ec94e06d76d8942b8816c278890834a38d2d05ac18bd9cb.jsonfa3860f1-b320-409a-82cd-acee8dc4d9ef)
[pool-1-thread-4] INFO net.thucydides.core.reports.json.JSONTestOutcomeReporter - Generating JSON report for VIR-247.03 Verify that the shopper can edit the following personal details to file /Users/rodionsavchuk/hybrisAutomation/virco-automatedtests/target/site/serenity/bf92986071382fb9ee82b0b367d6dae38872f696f6458186b60aeb2d09c74ec4.json (using temp file /Users/rodionsavchuk/hybrisAutomation/virco-automatedtests/target/site/serenity/bf92986071382fb9ee82b0b367d6dae38872f696f6458186b60aeb2d09c74ec4.json1b2541dd-da97-4989-9212-8c46fd214804)
[pool-1-thread-2] INFO net.thucydides.core.reports.json.JSONTestOutcomeReporter - Generating JSON report for VIR-227.01 Verify that the customer can view the service level field right of the contract drop down to file /Users/rodionsavchuk/hybrisAutomation/virco-automatedtests/target/site/serenity/8c2499b4820c11b864167cf1e29ba0c595f3a573717e45d73d9e262d7701aed8.json (using temp file /Users/rodionsavchuk/hybrisAutomation/virco-automatedtests/target/site/serenity/8c2499b4820c11b864167cf1e29ba0c595f3a573717e45d73d9e262d7701aed8.json741a12d0-1c8e-4374-89a6-e7c7a5fa7054)
[pool-1-thread-1] INFO net.thucydides.core.reports.json.JSONTestOutcomeReporter - Generating JSON report for VIR-247.02 Verify that the information is shown on Personal Details page to file /Users/rodionsavchuk/hybrisAutomation/virco-automatedtests/target/site/serenity/1c58bd9a5814b7613691d793847309f1ef23f2826d37705df4c9cf38112f3674.json (using temp file /Users/rodionsavchuk/hybrisAutomation/virco-automatedtests/target/site/serenity/1c58bd9a5814b7613691d793847309f1ef23f2826d37705df4c9cf38112f3674.jsone5c53a1b-87e6-4c42-b434-5c6537a81ec9)
[pool-1-thread-4] INFO net.thucydides.core.reports.json.JSONTestOutcomeReporter - Generating JSON report for VIR-227.03 Verify that the Tailgate service level option is selected by default to file /Users/rodionsavchuk/hybrisAutomation/virco-automatedtests/target/site/serenity/2d8e63884ad5930f233bd4f9ea1e6f10db53a0a3754dd0f2cc118ebbbb817a61.json (using temp file /Users/rodionsavchuk/hybrisAutomation/virco-automatedtests/target/site/serenity/2d8e63884ad5930f233bd4f9ea1e6f10db53a0a3754dd0f2cc118ebbbb817a61.jsoneb7f8eb9-9b50-401b-bee0-9992400a4b42)
[pool-1-thread-1] INFO net.thucydides.core.reports.json.JSONTestOutcomeReporter - Generating JSON report for VIR-227.02 Verify that the shopper can view the following service level options in the dropdown field to file /Users/rodionsavchuk/hybrisAutomation/virco-automatedtests/target/site/serenity/009550cab440349113b64a3c35b461c39305434c212627deee8ba4fd9c5c337d.json (using temp file /Users/rodionsavchuk/hybrisAutomation/virco-automatedtests/target/site/serenity/009550cab440349113b64a3c35b461c39305434c212627deee8ba4fd9c5c337d.json313ce715-7ed2-4e98-8e37-08d01d90e215)
[pool-1-thread-3] INFO net.thucydides.core.reports.html.HtmlAcceptanceTestReporter - GENERATING HTML REPORT FOR ACT-10 - Order History Date Range:VIR-235.01 Verify that the shopper can view the order history within My Account in 273677580b5ade55ccb470a2e988196811df982925cdbb1ace31e0a5efaabec1.html in directory target/site/serenity  
[pool-1-thread-4] INFO net.thucydides.core.reports.html.HtmlAcceptanceTestReporter - GENERATING HTML REPORT FOR ACT-10 - Order History Date Range:VIR-235.02 Verify that the newest order is shown first in the list in 8840d0acce101c4828203142f8d64f0725d2637a38c8eebef56a7d6a8b899749.html in directory target/site/serenity  
[pool-1-thread-2] INFO net.thucydides.core.reports.html.HtmlAcceptanceTestReporter - GENERATING HTML REPORT FOR ACT-10 - Order History Date Range:VIR-235.03 Verify that the orders can be filtered by in 29922dd92355b657a29ca8ceee8ece530ee19fab8572208c0d42c3104ff16960.html in directory target/site/serenity  
[pool-1-thread-1] INFO net.thucydides.core.reports.html.HtmlAcceptanceTestReporter - GENERATING HTML REPORT FOR ACT-10 - Order History Date Range:VIR-235.04 Verify that the current year view of orders is set by default in 611fe17d9cda8a2f0360fd4a5e0044434a5a44282d734d3f572d018496b6a768.html in directory target/site/serenity  
[pool-1-thread-3] INFO net.thucydides.core.reports.html.HtmlAcceptanceTestReporter - GENERATING HTML REPORT FOR ACT-10 - Order History Date Range:VIR-235.05 Verify that the orders can be sorted by in b3c85d502fdd11d32f7b2c0e62dbb38be0c6f9c593e4d4ccd95adcc5fe60b304.html in directory target/site/serenity  
[pool-1-thread-2] INFO net.thucydides.core.reports.html.HtmlAcceptanceTestReporter - GENERATING HTML REPORT FOR ACT-11 - View Orders - Shopper ECC:VIR-236.01 Verify that the shopper can see the created by him ECC orders withing Orders History in 6e0b05141f32d41efa52a2f8708a010ef30be5406c962e50aa108e52f637ff4f.html in directory target/site/serenity  
[pool-1-thread-2] INFO net.thucydides.core.reports.html.HtmlAcceptanceTestReporter - GENERATING HTML REPORT FOR ACT-11 - View Orders - Shopper ECC:VIR-236.03 Verify that shopper is not able to reorder the ECC orders in adad10cc0c0c283641a22aee227822d43a6b04d28868ac5b5b9f65428e2198f1.html in directory target/site/serenity  
[pool-1-thread-3] INFO net.thucydides.core.reports.html.HtmlAcceptanceTestReporter - GENERATING HTML REPORT FOR ACT-11 - View Orders - Shopper ECC:VIR-236.02 Verify that the shopper is able to see the ECC orders details in 06a785ccbf37298662c0a3d0b35aa8a04f4eb296e14af96a2032ecacd8155265.html in directory target/site/serenity  
[pool-1-thread-4] INFO net.thucydides.core.reports.html.HtmlAcceptanceTestReporter - GENERATING HTML REPORT FOR ACT-10 - Order History Date Range:VIR-235.06 Verify that the orders can be grouped by PO# (alpha-numeric) in 69529ca40520069837eb10aa62eb1ab7518abd062932198aaa75ce49a153bdf4.html in directory target/site/serenity  
[pool-1-thread-3] INFO net.thucydides.core.reports.html.HtmlAcceptanceTestReporter - GENERATING HTML REPORT FOR ACT-12 - View Orders - Admin:VIR-237.01 Verify that the chief shopper is able to view the orders created by others within their organization in 37ec79a1d6a9cc6a2aec4574466f6dcb64dfed35c002fda7b3134b876ab9d490.html in directory target/site/serenity  
[pool-1-thread-1] INFO net.thucydides.core.reports.html.HtmlAcceptanceTestReporter - GENERATING HTML REPORT FOR ACT-13 - Purchase History:VIR-238.01 Verify that the stuff shopper can view orders created by him/her in da20584ac40b990dc291e9ae9cb2facdd86f681d176e5cbf03c9dc84024b2dea.html in directory target/site/serenity  
[pool-1-thread-3] INFO net.thucydides.core.reports.html.HtmlAcceptanceTestReporter - GENERATING HTML REPORT FOR ACT-13 - Purchase History:VIR-238.02 Verify that the admin shoppers can view orders placed by admin and stuff shoppers within organization in 049e5266696367738227685efc996b610d41e4a9ff2b91176988ad3e5d046577.html in directory target/site/serenity  
[pool-1-thread-1] INFO net.thucydides.core.reports.html.HtmlAcceptanceTestReporter - GENERATING HTML REPORT FOR ACT-14 - Reorder:VIR-239.01 Verify that the shopper can see the Reorder button near each order in the list of orders history in bc5c957c59b8dd4780a20bc8c811eb7cd90739e0aa75b27ef4276f5d16b25e8a.html in directory target/site/serenity  
[pool-1-thread-2] INFO net.thucydides.core.reports.html.HtmlAcceptanceTestReporter - GENERATING HTML REPORT FOR ACT-12 - View Orders - Admin:VIR-237.02 Verify that all orders are shown at the same page in 04c1b88fcf25fa2f1ca595220bf539bd3345daf07b3f5fd975b7cfa258aa1a72.html in directory target/site/serenity  
[pool-1-thread-3] INFO net.thucydides.core.reports.html.HtmlAcceptanceTestReporter - GENERATING HTML REPORT FOR ACT-14 - Reorder:VIR-239.03 Verify that the Reorder button is present only near the orders created by shopper in db5d2cc2cdb477151d79acc5ba80f9970445ac1f4a40c15aea05ceaf9d72ab4c.html in directory target/site/serenity  
[pool-1-thread-1] INFO net.thucydides.core.reports.html.HtmlAcceptanceTestReporter - GENERATING HTML REPORT FOR ACT-14 - Reorder:VIR-239.04 Verify that the new order with the same order details is created after reordering in 86d284f6d52dd7b06703c0e65ed979dc08ab5e91925669335c8db93a482789bd.html in directory target/site/serenity  
[pool-1-thread-4] INFO net.thucydides.core.reports.html.HtmlAcceptanceTestReporter - GENERATING HTML REPORT FOR ACT-14 - Reorder:VIR-239.02 Verify that the Reorder button is present at the order details page in 7f2baa53bf21c1609ec69298572380037821566fedb28a9f798f27a38a595463.html in directory target/site/serenity  
[pool-1-thread-3] INFO net.thucydides.core.reports.html.HtmlAcceptanceTestReporter - GENERATING HTML REPORT FOR ACT-14 - Reorder:VIR-239.05 Verify that the Admin can reorder the orders created by him and stuff shoppers in bd0258604ad0a60526916081e6985c7c5319337a9181a074ad5638ad9d781d0d.html in directory target/site/serenity  
[pool-1-thread-1] INFO net.thucydides.core.reports.html.HtmlAcceptanceTestReporter - GENERATING HTML REPORT FOR ACT-14 - Reorder:VIR-239.07 Verify that the Stuff shopper can reorder the orders created by him\her only in b8018260c31d901f3d8d776ff65116bc168b781e95b8a9f89641bcafaaa081f8.html in directory target/site/serenity  
[pool-1-thread-2] INFO net.thucydides.core.reports.html.HtmlAcceptanceTestReporter - GENERATING HTML REPORT FOR ACT-14 - Reorder:VIR-239.06 Verify that the Chief can reorder the orders created by him, admin and stuff shoppers in ce484b4c5f4b477729fe56f6574c4b704d459afba8238101689edf60627995fe.html in directory target/site/serenity  
[pool-1-thread-3] INFO net.thucydides.core.reports.html.HtmlAcceptanceTestReporter - GENERATING HTML REPORT FOR ACT-15 - Customer Management:VIR-240.01 Verify that the following message is shown to the customer if they entered wrong login data at first and second times in 5c983153fe2ebb177f0d9e8b132ca59a6e0ee0ae8654058c47ae107dbb7196e9.html in directory target/site/serenity  
[pool-1-thread-1] INFO net.thucydides.core.reports.html.HtmlAcceptanceTestReporter - GENERATING HTML REPORT FOR ACT-15 - Customer Management:VIR-240.02 Verify that the error message is shown to the customer if they entered wrong login data three and more times in feea09e30f98fa20f26d9fa541c867e47262726ef2edae67658e6fe1f69f795b.html in directory target/site/serenity  
[pool-1-thread-3] INFO net.thucydides.core.reports.html.HtmlAcceptanceTestReporter - GENERATING HTML REPORT FOR ACT-15 - Customer Management:VIR-240.03 Verify that the account is locked automatically after 3 incorrect login attempts in 98702c761630d5e96c1885fc6b7d9edc2d3d9276a61dcb964fb55a77180ac4c4.html in directory target/site/serenity  
[pool-1-thread-1] INFO net.thucydides.core.reports.html.HtmlAcceptanceTestReporter - GENERATING HTML REPORT FOR ACT-15 - Customer Management:VIR-240.05 Verify that the customer can phone via phone/skype when they click on the phone number from mobile device in 0acf8d5b428f155bb5cd03ead2beee85cb116b173f667ca0d7eddf263c734900.html in directory target/site/serenity  
[pool-1-thread-3] INFO net.thucydides.core.reports.html.HtmlAcceptanceTestReporter - GENERATING HTML REPORT FOR ACT-16 - CSR Mass Set Up:VIR-241.02 Verify that the personal details are mapped appropriately in a13f41939905f13645385d57d811c8cdd84a0cbed0caf2a6b3c4f55c28d79c01.html in directory target/site/serenity  
[pool-1-thread-4] INFO net.thucydides.core.reports.html.HtmlAcceptanceTestReporter - GENERATING HTML REPORT FOR ACT-15 - Customer Management:VIR-240.04 Verify that the customer can phone via Skype when they click on the phone number from desktop browser in 022ceba0bee1a7e3be70af6fce73e28abbfa02e327dc996b425b971073e81949.html in directory target/site/serenity  
[pool-1-thread-2] INFO net.thucydides.core.reports.html.HtmlAcceptanceTestReporter - GENERATING HTML REPORT FOR ACT-16 - CSR Mass Set Up:VIR-241.01 Verify that the bunch of customers are created in hybris after running mass setup script in 463850b14992f16a3a2bf3702fcc5975eee58ce459f840ff047b04c2eaef46d1.html in directory target/site/serenity  
[pool-1-thread-1] INFO net.thucydides.core.reports.html.HtmlAcceptanceTestReporter - GENERATING HTML REPORT FOR ACT-16 - CSR Mass Set Up:VIR-241.03 Verify that the data outlined in ID3 are copied into the hybris in 39e10a2762693c36aeb39ffa0694d6429714a5caa78716ad3e3a6dc6f9f35100.html in directory target/site/serenity  
[pool-1-thread-4] INFO net.thucydides.core.reports.html.HtmlAcceptanceTestReporter - GENERATING HTML REPORT FOR ACT-16 - CSR Mass Set Up:VIR-241.04 Verify that just set up customers can log into the system and perform appropriate activities (due to the permissions) in cad527a19b233d2a98237bc580b3e071a577ec5892a5ac544f2f50b81e1edc9a.html in directory target/site/serenity  
[pool-1-thread-2] INFO net.thucydides.core.reports.html.HtmlAcceptanceTestReporter - GENERATING HTML REPORT FOR ACT-17 - My Account View Options:VIR-242.01 Verify that the following sub menu My Account menu has following options in 1276140ef62c6432b71b0f37d8025035d8b303a616dfb579c0464109d19a2074.html in directory target/site/serenity  
[pool-1-thread-4] INFO net.thucydides.core.reports.html.HtmlAcceptanceTestReporter - GENERATING HTML REPORT FOR ACT-17 - My Account View Options:VIR-242.02 Verify that the shopper is moved to the appropriate page after clicking on the sub-menu option in 28ef021d759f2a4643b61547ae2c5a1b9ce2544b0930e552ce883dc4238eb54c.html in directory target/site/serenity  
[pool-1-thread-2] INFO net.thucydides.core.reports.html.HtmlAcceptanceTestReporter - GENERATING HTML REPORT FOR ACT-18 - Tracking Information:VIR-243.01 Verify that the order tracking number is shown at the Order History and on the Order Details pages in 70b6f3d948299c508f0755eca224d394eabc6d05bab5864a70e0f1b9c6b1e644.html in directory target/site/serenity  
[pool-1-thread-1] INFO net.thucydides.core.reports.html.HtmlAcceptanceTestReporter - GENERATING HTML REPORT FOR ACT-18 - Tracking Information:VIR-243.02 Verify that the several order tracking number can be shown for one order in 962a8661ed130dbc7b367611253983130c921d9ccf15ff013ae776fad79d5178.html in directory target/site/serenity  
[pool-1-thread-2] INFO net.thucydides.core.reports.html.HtmlAcceptanceTestReporter - GENERATING HTML REPORT FOR ACT-18 - Tracking Information:VIR-243.03 Verify that the order delivery status is shown in new window after clicking on tracking number link in 05de3555ce50877d7a68bf12b1c9ce484c460fe5f0202de33af8de7536c5347d.html in directory target/site/serenity  
[pool-1-thread-1] INFO net.thucydides.core.reports.html.HtmlAcceptanceTestReporter - GENERATING HTML REPORT FOR ACT-18 - Tracking Information:VIR-243.05 Verify that the admin shopper can see the order tracking number for the orders created by in 62c275f127453f29fafc4c2149202cb494bb82c96be65d9c7ffdda17d402d199.html in directory target/site/serenity  
[pool-1-thread-2] INFO net.thucydides.core.reports.html.HtmlAcceptanceTestReporter - GENERATING HTML REPORT FOR ACT-19 - Static Email Address:VIR-244.01 Verify that the shopper can see their email address within Email in My Account Menu in bf8e1443a8f088c9e57e0348c8704fc75e0549ba1f9d96c39d9d0ad3f4b04b32.html in directory target/site/serenity  
[pool-1-thread-1] INFO net.thucydides.core.reports.html.HtmlAcceptanceTestReporter - GENERATING HTML REPORT FOR ACT-19 - Static Email Address:VIR-244.02 Verify that the email address is not editable in bfc781d1f39529c42f3e2e6163fe397cb7cd1efdb5aea56fac29b0f0f66e1a5e.html in directory target/site/serenity  
[pool-1-thread-2] INFO net.thucydides.core.reports.html.HtmlAcceptanceTestReporter - GENERATING HTML REPORT FOR ACT-1 - Default Contract:VIR-226.01 Verify that the dropdown list with contracts is shown in the header in 1a7109a2e435410aec76a6616813b89a7a128938fc747b573a8bea77b5dc2e74.html in directory target/site/serenity  
[pool-1-thread-3] INFO net.thucydides.core.reports.html.HtmlAcceptanceTestReporter - GENERATING HTML REPORT FOR ACT-18 - Tracking Information:VIR-243.04 Verify that the chief shopper can see the order tracking number for the orders created by in 6679b678bf94497d010ee1d2e4e9da687ae39e591aaeb2628364a7db535048bd.html in directory target/site/serenity  
[pool-1-thread-2] INFO net.thucydides.core.reports.html.HtmlAcceptanceTestReporter - GENERATING HTML REPORT FOR ACT-1 - Default Contract:VIR-226.02 Verify that the default contract is selected automatically if no other contract is selected in a1cdc501ba181282011afc75c778ae005a66a25ac465bd9f54fb47cebe8da2b6.html in directory target/site/serenity  
[pool-1-thread-3] INFO net.thucydides.core.reports.html.HtmlAcceptanceTestReporter - GENERATING HTML REPORT FOR ACT-1 - Default Contract:VIR-226.03 Verify that each customer has their own default contract in 1100df39b069668be73bd3fa061625067d18d2c8d7eb03db90d26ed720e1bad6.html in directory target/site/serenity  
[pool-1-thread-3] INFO net.thucydides.core.reports.html.HtmlAcceptanceTestReporter - GENERATING HTML REPORT FOR ACT-1 - Default Contract:VIR-226.04 Verify that the assigned to the shopper contracts (defined at the Ship To level) are shown in the list in 736a6f27c422f3f6d8305a0f397a2adb789d1ed4974f92482a9f738f0fdbbfec.html in directory target/site/serenity  
[pool-1-thread-2] INFO net.thucydides.core.reports.html.HtmlAcceptanceTestReporter - GENERATING HTML REPORT FOR ACT-1 - Default Contract:VIR-226.05 Verify that shopper can change the contract as many times, as they want in d72154fb388d26ac97bf25cdf1619f4513466127fb36eb261ec18074f0a654cd.html in directory target/site/serenity  
[pool-1-thread-3] INFO net.thucydides.core.reports.html.HtmlAcceptanceTestReporter - GENERATING HTML REPORT FOR ACT-1 - Default Contract:VIR-226.07 Verify that if the contract is changed in customer master, it is changed to the customer without any notification in 97d516a9dd97a3564503058531e457f4fe37c4fa911c4e0a2cd67d9e4f26df95.html in directory target/site/serenity  
[pool-1-thread-3] INFO net.thucydides.core.reports.html.HtmlAcceptanceTestReporter - GENERATING HTML REPORT FOR ACT-1 - Default Contract:VIR-226.08 Verify that the prices shows n/a, if the contract expired and the new one is not selected by shopper in 90eacd21eb1e7e24d79a439ece9e6416daa13b514c337bcef555c498996ee27a.html in directory target/site/serenity  
[pool-1-thread-2] INFO net.thucydides.core.reports.html.HtmlAcceptanceTestReporter - GENERATING HTML REPORT FOR ACT-1 - Default Contract:VIR-226.01A Verify that the script switch the contract A to the contract B automatically for bunch of selected customers in 40b3604109cc54897930215a5dff112d2f2a0f9a3f3a7c2ebf97db43a508944d.html in directory target/site/serenity  
[pool-1-thread-2] INFO net.thucydides.core.reports.html.HtmlAcceptanceTestReporter - GENERATING HTML REPORT FOR ACT-21 - View Saved Carts:VIR-246.02 Remove all from saved carts in 57ad878c80f86f37b436866d9406bfc876bcc2a4fe8f331b75642b3504e58b7f.html in directory target/site/serenity  
[pool-1-thread-3] INFO net.thucydides.core.reports.html.HtmlAcceptanceTestReporter - GENERATING HTML REPORT FOR ACT-21 - View Saved Carts:VIR-246.01 Verify that the shopper can see the saved carts within My Account in 8f924b8e28c6b842e118d033edbc4760c495b83f62c62df3597462885f301c84.html in directory target/site/serenity  
[pool-1-thread-3] INFO net.thucydides.core.reports.html.HtmlAcceptanceTestReporter - GENERATING HTML REPORT FOR ACT-21 - View Saved Carts:VIR-246.03 Verify that the saved cart is shown on the saved carts page in a78cc380adec40d2bde41cc9dd7bf1cd6cc7f6dd92d52beceefba632467fc268.html in directory target/site/serenity  
[pool-1-thread-4] INFO net.thucydides.core.reports.html.HtmlAcceptanceTestReporter - GENERATING HTML REPORT FOR ACT-1 - Default Contract:VIR-226.06 Verify that if the shopper changed the contract, the prices and product list are updated accordingly to the selected contract in cb991777f2dcd6cec892aca2a17766a44ff88538bd62762eb06275f337f59188.html in directory target/site/serenity  
[pool-1-thread-3] INFO net.thucydides.core.reports.html.HtmlAcceptanceTestReporter - GENERATING HTML REPORT FOR ACT-21 - View Saved Carts:VIR-246.04 Verify that the products and their selected quantities are shown at the saved cart page in 71d7b3b019de0d80556b2ab92ce7c04958edcacdb5185c7868f851880fce7a8c.html in directory target/site/serenity  
[pool-1-thread-4] INFO net.thucydides.core.reports.html.HtmlAcceptanceTestReporter - GENERATING HTML REPORT FOR ACT-21 - View Saved Carts:VIR-246.05 Verify that saved cart can be restored in ad1c57abe3cc4827685bdae4426a5445264c10ce7dec22879e678adfd3c0c6cb.html in directory target/site/serenity  
[pool-1-thread-3] INFO net.thucydides.core.reports.html.HtmlAcceptanceTestReporter - GENERATING HTML REPORT FOR ACT-21 - View Saved Carts:VIR-246.06 Verify that saved cart can be updated in 7220eba5f2eae10da2dd4b065bbaeb5e362fcdf624f7734decc62917e1fdaa2b.html in directory target/site/serenity  
[pool-1-thread-4] INFO net.thucydides.core.reports.html.HtmlAcceptanceTestReporter - GENERATING HTML REPORT FOR ACT-21 - View Saved Carts:VIR-246.07 Verify that saved cart can be removed in 061f516f07433f1a6cec7dbbd7f35884d8c98eda047d9b875d1850373e38237b.html in directory target/site/serenity  
[pool-1-thread-1] INFO net.thucydides.core.reports.html.HtmlAcceptanceTestReporter - GENERATING HTML REPORT FOR ACT-21 - View Saved Carts:VIR-440.01 The cart q-ty is not based on the item level for the saved carts in 094b9e637c71855896733520bffafcb8ad6030ed7d623ef6ac0130a6fc0c2d53.html in directory target/site/serenity  
[pool-1-thread-3] INFO net.thucydides.core.reports.html.HtmlAcceptanceTestReporter - GENERATING HTML REPORT FOR ACT-22 - View Personal Details:VIR-247.01 Verify that the shopper can see their personal details within My Account in 74c15acd41fcdfbd9ec94e06d76d8942b8816c278890834a38d2d05ac18bd9cb.html in directory target/site/serenity  
[pool-1-thread-4] INFO net.thucydides.core.reports.html.HtmlAcceptanceTestReporter - GENERATING HTML REPORT FOR ACT-22 - View Personal Details:VIR-247.03 Verify that the shopper can edit the following personal details in bf92986071382fb9ee82b0b367d6dae38872f696f6458186b60aeb2d09c74ec4.html in directory target/site/serenity  
[pool-1-thread-3] INFO net.thucydides.core.reports.html.HtmlAcceptanceTestReporter - GENERATING HTML REPORT FOR ACT-2 - Service Level Selection:VIR-227.01 Verify that the customer can view the service level field right of the contract drop down in 8c2499b4820c11b864167cf1e29ba0c595f3a573717e45d73d9e262d7701aed8.html in directory target/site/serenity  
[pool-1-thread-1] INFO net.thucydides.core.reports.html.HtmlAcceptanceTestReporter - GENERATING HTML REPORT FOR ACT-22 - View Personal Details:VIR-247.02 Verify that the information is shown on Personal Details page in 1c58bd9a5814b7613691d793847309f1ef23f2826d37705df4c9cf38112f3674.html in directory target/site/serenity  
[pool-1-thread-4] INFO net.thucydides.core.reports.html.HtmlAcceptanceTestReporter - GENERATING HTML REPORT FOR ACT-2 - Service Level Selection:VIR-227.03 Verify that the Tailgate service level option is selected by default in 2d8e63884ad5930f233bd4f9ea1e6f10db53a0a3754dd0f2cc118ebbbb817a61.html in directory target/site/serenity  
[pool-1-thread-3] INFO net.thucydides.core.reports.html.HtmlAcceptanceTestReporter - GENERATING HTML REPORT FOR ACT-2 - Service Level Selection:VIR-227.02 Verify that the shopper can view the following service level options in the dropdown field in 009550cab440349113b64a3c35b461c39305434c212627deee8ba4fd9c5c337d.html in directory target/site/serenity  
[main] INFO net.serenitybdd.core.Serenity - 
 _____ _____ ____ _____   ____ _____  _    ____ _____ _____ ____  
|_   _| ____/ ___|_   _| / ___|_   _|/ \  |  _ \_   _| ____|  _ \ 
  | | |  _| \___ \ | |   \___ \ | | / _ \ | |_) || | |  _| | | | |
  | | | |___ ___) || |    ___) || |/ ___ \|  _ < | | | |___| |_| |
  |_| |_____|____/ |_|   |____/ |_/_/   \_\_| \_\|_| |_____|____/ 
                                                                  

TEST STARTED: VIR-227.04 Verify that the customer can set any service level from the shown options
-------------------------------------------------------------------(act-2---service-level-selection;vir-227.04-verify-that-the-customer-can-set-any-service-level-from-the-shown-options)
[main] INFO net.serenitybdd.core.Serenity - STARTING STEP Given open the site and login
[main] INFO net.serenitybdd.core.Serenity - STARTING STEP Open the site
[main] INFO net.serenitybdd.core.Serenity - STEP ERROR: net.serenitybdd.core.exceptions.SerenityManagedException: Could not initialize class com.virco.locators.SiteData
]]></system-err>
  </testcase>
  <testcase name="Scenario: VIR-227.04 Verify that the customer can set any service level from the shown options" classname="Scenario: VIR-227.04 Verify that the customer can set any service level from the shown options" time="0.003">
    <error message="Could not initialize class com.virco.locators.SiteData" type="net.serenitybdd.core.exceptions.SerenityManagedException"><![CDATA[net.serenitybdd.core.exceptions.SerenityManagedException: Could not initialize class com.virco.locators.SiteData
	at com.virco.steps.serenity.CommonUserSteps.openTheSite(CommonUserSteps.java:19)
	at com.virco.steps.serenity.CommonUserSteps$$EnhancerByCGLIB$$d8541bfa.CGLIB$openTheSite$6(<generated>)
	at com.virco.steps.serenity.CommonUserSteps$$EnhancerByCGLIB$$d8541bfa$$FastClassByCGLIB$$ea8e0f86.invoke(<generated>)
	at net.sf.cglib.proxy.MethodProxy.invokeSuper(MethodProxy.java:228)
	at net.thucydides.core.steps.StepInterceptor.invokeMethod(StepInterceptor.java:372)
	at net.thucydides.core.steps.StepInterceptor.executeTestStepMethod(StepInterceptor.java:357)
	at net.thucydides.core.steps.StepInterceptor.runTestStep(StepInterceptor.java:332)
	at net.thucydides.core.steps.StepInterceptor.testStepResult(StepInterceptor.java:134)
	at net.thucydides.core.steps.StepInterceptor.intercept(StepInterceptor.java:61)
	at com.virco.steps.serenity.CommonUserSteps$$EnhancerByCGLIB$$d8541bfa.openTheSite(<generated>)
	at com.virco.steps.CommonDefinitionSteps.openTheSiteAndLogin(CommonDefinitionSteps.java:72)
	at sun.reflect.GeneratedMethodAccessor143.invoke(Unknown Source)
	at sun.reflect.DelegatingMethodAccessorImpl.invoke(DelegatingMethodAccessorImpl.java:43)
	at java.lang.reflect.Method.invoke(Method.java:498)
	at cucumber.runtime.Utils$1.call(Utils.java:40)
	at cucumber.runtime.Timeout.timeout(Timeout.java:16)
	at cucumber.runtime.Utils.invoke(Utils.java:34)
	at cucumber.runtime.java.JavaStepDefinition.execute(JavaStepDefinition.java:38)
	at cucumber.runtime.StepDefinitionMatch.runStep(StepDefinitionMatch.java:37)
	at cucumber.runtime.Runtime.runStep(Runtime.java:300)
	at cucumber.runtime.model.StepContainer.runStep(StepContainer.java:44)
	at cucumber.runtime.model.StepContainer.runSteps(StepContainer.java:39)
	at cucumber.runtime.model.CucumberScenario.run(CucumberScenario.java:44)
	at cucumber.runtime.junit.ExecutionUnitRunner.run(ExecutionUnitRunner.java:102)
	at cucumber.runtime.junit.FeatureRunner.runChild(FeatureRunner.java:63)
	at cucumber.runtime.junit.FeatureRunner.runChild(FeatureRunner.java:18)
	at org.junit.runners.ParentRunner$3.run(ParentRunner.java:290)
	at org.junit.runners.ParentRunner$1.schedule(ParentRunner.java:71)
	at org.junit.runners.ParentRunner.runChildren(ParentRunner.java:288)
	at org.junit.runners.ParentRunner.access$000(ParentRunner.java:58)
	at org.junit.runners.ParentRunner$2.evaluate(ParentRunner.java:268)
	at org.junit.runners.ParentRunner.run(ParentRunner.java:363)
	at cucumber.runtime.junit.FeatureRunner.run(FeatureRunner.java:70)
	at cucumber.api.junit.Cucumber.runChild(Cucumber.java:95)
	at cucumber.api.junit.Cucumber.runChild(Cucumber.java:38)
	at org.junit.runners.ParentRunner$3.run(ParentRunner.java:290)
	at org.junit.runners.ParentRunner$1.schedule(ParentRunner.java:71)
	at org.junit.runners.ParentRunner.runChildren(ParentRunner.java:288)
	at org.junit.runners.ParentRunner.access$000(ParentRunner.java:58)
	at org.junit.runners.ParentRunner$2.evaluate(ParentRunner.java:268)
	at org.junit.runners.ParentRunner.run(ParentRunner.java:363)
	at cucumber.api.junit.Cucumber.run(Cucumber.java:100)
	at org.apache.maven.surefire.junit4.JUnit4Provider.execute(JUnit4Provider.java:283)
	at org.apache.maven.surefire.junit4.JUnit4Provider.executeWithRerun(JUnit4Provider.java:173)
	at org.apache.maven.surefire.junit4.JUnit4Provider.executeTestSet(JUnit4Provider.java:153)
	at org.apache.maven.surefire.junit4.JUnit4Provider.invoke(JUnit4Provider.java:128)
	at org.apache.maven.surefire.booter.ForkedBooter.invokeProviderInSameClassLoader(ForkedBooter.java:203)
	at org.apache.maven.surefire.booter.ForkedBooter.runSuitesInProcess(ForkedBooter.java:155)
	at org.apache.maven.surefire.booter.ForkedBooter.main(ForkedBooter.java:103)
]]></error>
  </testcase>
  <testcase name="When select &quot;Full Service&quot; in service level drop-down" classname="Scenario: VIR-227.04 Verify that the customer can set any service level from the shown options" time="0">
    <skipped/>
    <system-err><![CDATA[[main] INFO net.serenitybdd.core.Serenity - STEP ERROR: java.lang.NoClassDefFoundError: Could not initialize class com.virco.locators.SiteData
[main] INFO net.serenitybdd.core.Serenity - STARTING STEP When select "Full Service" in service level drop-down
]]></system-err>
  </testcase>
  <testcase name="Then the &quot;Full Service&quot; option is selected value in service level drop-down" classname="Scenario: VIR-227.04 Verify that the customer can set any service level from the shown options" time="0">
    <skipped/>
    <system-err><![CDATA[[main] INFO net.serenitybdd.core.Serenity - IGNORING STEP
[main] INFO net.serenitybdd.core.Serenity - STARTING STEP Then the "Full Service" option is selected value in service level drop-down
]]></system-err>
  </testcase>
  <testcase name="When select &quot;Inside Delivery&quot; in service level drop-down" classname="Scenario: VIR-227.04 Verify that the customer can set any service level from the shown options" time="0">
    <skipped/>
    <system-err><![CDATA[[main] INFO net.serenitybdd.core.Serenity - IGNORING STEP
[main] INFO net.serenitybdd.core.Serenity - STARTING STEP When select "Inside Delivery" in service level drop-down
]]></system-err>
  </testcase>
  <testcase name="Then the &quot;Inside Delivery&quot; option is selected value in service level drop-down" classname="Scenario: VIR-227.04 Verify that the customer can set any service level from the shown options" time="0">
    <skipped/>
    <system-err><![CDATA[[main] INFO net.serenitybdd.core.Serenity - IGNORING STEP
[main] INFO net.serenitybdd.core.Serenity - STARTING STEP Then the "Inside Delivery" option is selected value in service level drop-down
]]></system-err>
  </testcase>
  <testcase name="When select &quot;Tailgate&quot; in service level drop-down" classname="Scenario: VIR-227.04 Verify that the customer can set any service level from the shown options" time="0">
    <skipped/>
    <system-err><![CDATA[[main] INFO net.serenitybdd.core.Serenity - IGNORING STEP
[main] INFO net.serenitybdd.core.Serenity - STARTING STEP When select "Tailgate" in service level drop-down
]]></system-err>
  </testcase>
  <testcase name="Then the &quot;Tailgate&quot; option is selected value in service level drop-down" classname="Scenario: VIR-227.04 Verify that the customer can set any service level from the shown options" time="0">
    <skipped/>
    <system-err><![CDATA[[main] INFO net.serenitybdd.core.Serenity - IGNORING STEP
[main] INFO net.serenitybdd.core.Serenity - STARTING STEP Then the "Tailgate" option is selected value in service level drop-down
]]></system-err>
  </testcase>
  <testcase name="Scenario: VIR-228.01 Verify that the shopper can see the the prices per service level" classname="Scenario: VIR-228.01 Verify that the shopper can see the the prices per service level" time="0.748"/>
  <testcase name="Scenario: VIR-228.02 Verify if the shopper changed the service level, prices are changed accordingly" classname="Scenario: VIR-228.02 Verify if the shopper changed the service level, prices are changed accordingly" time="0.508"/>
  <testcase name="Scenario: VIR-228.03 Verify that the proper prices are shown" classname="Scenario: VIR-228.03 Verify that the proper prices are shown" time="0.518"/>
  <testcase name="Scenario: VIR-229.01 Verify that shopper can see the assigned to them Virco Rep at the &apos;Sales Representative&apos; within My Account" classname="Scenario: VIR-229.01 Verify that shopper can see the assigned to them Virco Rep at the &apos;Sales Representative&apos; within My Account" time="0.505"/>
  <testcase name="Scenario: VIR-229.02 Verify that the following info is shown for Virco Rep" classname="Scenario: VIR-229.02 Verify that the following info is shown for Virco Rep" time="0.592"/>
  <testcase name="Scenario: VIR-229.01A Verify that the admin can set the Virco Rep for each customer" classname="Scenario: VIR-229.01A Verify that the admin can set the Virco Rep for each customer" time="0.597"/>
  <testcase name="Scenario: VIR-229.02A Verify that the Virco Rep is assigned while creating the customer" classname="Scenario: VIR-229.02A Verify that the Virco Rep is assigned while creating the customer" time="0.447"/>
  <testcase name="Scenario: VIR-230.01 Verify that customer can set the contract from the list in the header" classname="Scenario: VIR-230.01 Verify that customer can set the contract from the list in the header" time="0.541"/>
  <testcase name="Scenario: VIR-230.02 Verify that if the contract has expired, the customer is required to select the active contract with the following message" classname="Scenario: VIR-230.02 Verify that if the contract has expired, the customer is required to select the active contract with the following message" time="0.463"/>
  <testcase name="Scenario: VIR-231.01 Verify that the &apos;Pricing not available&apos; is shown to the product when selected contract has expired during browsing the site" classname="Scenario: VIR-231.01 Verify that the &apos;Pricing not available&apos; is shown to the product when selected contract has expired during browsing the site" time="0.47"/>
  <testcase name="Scenario: VIR-231.02 Verify that the &apos;Pricing not available&apos; is shown to the product when default contract has expired during browsing the site" classname="Scenario: VIR-231.02 Verify that the &apos;Pricing not available&apos; is shown to the product when default contract has expired during browsing the site" time="0.482"/>
  <testcase name="Scenario: VIR-231.03 Verify that the modal message is shown to the customer on loggin, that the contract has expired" classname="Scenario: VIR-231.03 Verify that the modal message is shown to the customer on loggin, that the contract has expired" time="0.77"/>
  <testcase name="Scenario: VIR-231.04 Verify that the expired contract is removed from the list once the new active one is selected" classname="Scenario: VIR-231.04 Verify that the expired contract is removed from the list once the new active one is selected" time="0.715"/>
  <testcase name="Scenario: VIR-231.05 Verify that the message, that prices will be due to the current contract, is shown to the shopper if they wants to reorder the order, which contract has expired" classname="Scenario: VIR-231.05 Verify that the message, that prices will be due to the current contract, is shown to the shopper if they wants to reorder the order, which contract has expired" time="0.693"/>
  <testcase name="Scenario: VIR-232.01 Verify that the Chief can view the contracts within contract details within Company Management" classname="Scenario: VIR-232.01 Verify that the Chief can view the contracts within contract details within Company Management" time="0.627"/>
  <testcase name="Scenario: VIR-232.02 Verify that the following info is shown to each of the contract" classname="Scenario: VIR-232.02 Verify that the following info is shown to each of the contract" time="0.509"/>
  <testcase name="Scenario: VIR-232.03 Verify that the Chief cannot edit or delete the contracts within contract details within Company Management" classname="Scenario: VIR-232.03 Verify that the Chief cannot edit or delete the contracts within contract details within Company Management" time="0.535"/>
  <testcase name="Scenario: VIR-233.01 Verify that the customer is able to open the Support Ticket form within My Account" classname="Scenario: VIR-233.01 Verify that the customer is able to open the Support Ticket form within My Account" time="0.51"/>
  <testcase name="Scenario: VIR-233.02 Verify that the Support Ticket form has the following fields" classname="Scenario: VIR-233.02 Verify that the Support Ticket form has the following fields" time="0.471"/>
  <testcase name="Scenario: VIR-233.03 Verify the fields validation rules." classname="Scenario: VIR-233.03 Verify the fields validation rules." time="0.594"/>
  <testcase name="Scenario: VIR-233.04 Verify that Support Ticket creating can be canceled" classname="Scenario: VIR-233.04 Verify that Support Ticket creating can be canceled" time="0.544"/>
  <testcase name="Scenario: VIR-233.05  Verify that the following info is sent to the CRM after creating the Support Ticket" classname="Scenario: VIR-233.05  Verify that the following info is sent to the CRM after creating the Support Ticket" time="0.626"/>
  <testcase name="Scenario: VIR-233.06 Verify that the email is sent by the shopper to the reviewer" classname="Scenario: VIR-233.06 Verify that the email is sent by the shopper to the reviewer" time="0.54"/>
  <testcase name="Scenario: VIR-233.07 Verify the email " classname="Scenario: VIR-233.07 Verify the email (email comp) shows appropriate information" time="0.562"/>
  <testcase name="Scenario: VIR-233.08 Verify that the ticket is routed to the CSR to review" classname="Scenario: VIR-233.08 Verify that the ticket is routed to the CSR to review" time="0.474"/>
  <testcase name="Scenario: VIR-233.09 Verify that the shopper can see the support tickets created by them" classname="Scenario: VIR-233.09 Verify that the shopper can see the support tickets created by them" time="0.608"/>
  <testcase name="Scenario: VIR-233.10 Verify that the shopper can see the status of the support ticket within ticket history." classname="Scenario: VIR-233.10 Verify that the shopper can see the status of the support ticket within ticket history." time="0.513"/>
  <testcase name="Scenario: VIR-233.11  Verify that the following information is shown for the ticket within ticket history" classname="Scenario: VIR-233.11  Verify that the following information is shown for the ticket within ticket history" time="0.518"/>
  <testcase name="Scenario: VIR-234.01 Verify the the logged in customer can see the prices based on his contract" classname="Scenario: VIR-234.01 Verify the the logged in customer can see the prices based on his contract" time="0.606"/>
  <testcase name="Scenario: VIR-234.02 Verify that the logged in user can see the prices below the item on the following pages" classname="Scenario: VIR-234.02 Verify that the logged in user can see the prices below the item on the following pages" time="0.539"/>
  <testcase name="Scenario: VIR-234.03 Verify that when customer changed the contract, the pricing is changed accordingly" classname="Scenario: VIR-234.03 Verify that when customer changed the contract, the pricing is changed accordingly" time="0.604"/>
</testsuite>