<?xml version="1.0" encoding="UTF-8"?>
<testsuite name="com.virco.ShoppingCartTestSuite" time="0.156" tests="209" errors="28" skipped="180" failures="0">
  <properties>
    <property name="idea.version" value="2017.1.5"/>
    <property name="java.runtime.name" value="Java(TM) SE Runtime Environment"/>
    <property name="sun.boot.library.path" value="/Library/Java/JavaVirtualMachines/jdk1.8.0_111.jdk/Contents/Home/jre/lib"/>
    <property name="java.vm.version" value="25.111-b14"/>
    <property name="user.country.format" value="UA"/>
    <property name="gopherProxySet" value="false"/>
    <property name="java.vm.vendor" value="Oracle Corporation"/>
    <property name="maven.multiModuleProjectDirectory" value="/Users/rodionsavchuk/hybrisAutomation/virco-automatedtests"/>
    <property name="java.vendor.url" value="http://java.oracle.com/"/>
    <property name="path.separator" value=":"/>
    <property name="guice.disable.misplaced.annotation.check" value="true"/>
    <property name="java.vm.name" value="Java HotSpot(TM) 64-Bit Server VM"/>
    <property name="file.encoding.pkg" value="sun.io"/>
    <property name="user.country" value="US"/>
    <property name="sun.java.launcher" value="SUN_STANDARD"/>
    <property name="sun.os.patch.level" value="unknown"/>
    <property name="java.vm.specification.name" value="Java Virtual Machine Specification"/>
    <property name="user.dir" value="/Users/rodionsavchuk/hybrisAutomation/virco-automatedtests"/>
    <property name="java.runtime.version" value="1.8.0_111-b14"/>
    <property name="java.awt.graphicsenv" value="sun.awt.CGraphicsEnvironment"/>
    <property name="java.endorsed.dirs" value="/Library/Java/JavaVirtualMachines/jdk1.8.0_111.jdk/Contents/Home/jre/lib/endorsed"/>
    <property name="os.arch" value="x86_64"/>
    <property name="java.io.tmpdir" value="/var/folders/_q/_7d1f_ys5hg5_f_jfs3jqgdm0000gn/T/"/>
    <property name="line.separator" value="&#10;"/>
    <property name="java.vm.specification.vendor" value="Oracle Corporation"/>
    <property name="os.name" value="Mac OS X"/>
    <property name="classworlds.conf" value="/Applications/IntelliJ IDEA.app/Contents/plugins/maven/lib/maven3/bin/m2.conf"/>
    <property name="sun.jnu.encoding" value="UTF-8"/>
    <property name="java.library.path" value="/Users/rodionsavchuk/Library/Java/Extensions:/Library/Java/Extensions:/Network/Library/Java/Extensions:/System/Library/Java/Extensions:/usr/lib/java:."/>
    <property name="java.specification.name" value="Java Platform API Specification"/>
    <property name="java.class.version" value="52.0"/>
    <property name="sun.management.compiler" value="HotSpot 64-Bit Tiered Compilers"/>
    <property name="os.version" value="10.12.5"/>
    <property name="http.nonProxyHosts" value="local|*.local|169.254/16|*.169.254/16"/>
    <property name="user.home" value="/Users/rodionsavchuk"/>
    <property name="user.timezone" value="Europe/Kiev"/>
    <property name="java.awt.printerjob" value="sun.lwawt.macosx.CPrinterJob"/>
    <property name="java.specification.version" value="1.8"/>
    <property name="file.encoding" value="UTF-8"/>
    <property name="user.name" value="rodionsavchuk"/>
    <property name="java.class.path" value="/Applications/IntelliJ IDEA.app/Contents/plugins/maven/lib/maven3/boot/plexus-classworlds-2.5.2.jar:/Applications/IntelliJ IDEA.app/Contents/lib/idea_rt.jar"/>
    <property name="java.vm.specification.version" value="1.8"/>
    <property name="sun.arch.data.model" value="64"/>
    <property name="java.home" value="/Library/Java/JavaVirtualMachines/jdk1.8.0_111.jdk/Contents/Home/jre"/>
    <property name="sun.java.command" value="org.codehaus.classworlds.Launcher -Didea.version=2017.1.5 verify"/>
    <property name="java.specification.vendor" value="Oracle Corporation"/>
    <property name="user.language" value="en"/>
    <property name="awt.toolkit" value="sun.lwawt.macosx.LWCToolkit"/>
    <property name="java.vm.info" value="mixed mode"/>
    <property name="java.version" value="1.8.0_111"/>
    <property name="java.ext.dirs" value="/Users/rodionsavchuk/Library/Java/Extensions:/Library/Java/JavaVirtualMachines/jdk1.8.0_111.jdk/Contents/Home/jre/lib/ext:/Library/Java/Extensions:/Network/Library/Java/Extensions:/System/Library/Java/Extensions:/usr/lib/java"/>
    <property name="sun.boot.class.path" value="/Library/Java/JavaVirtualMachines/jdk1.8.0_111.jdk/Contents/Home/jre/lib/resources.jar:/Library/Java/JavaVirtualMachines/jdk1.8.0_111.jdk/Contents/Home/jre/lib/rt.jar:/Library/Java/JavaVirtualMachines/jdk1.8.0_111.jdk/Contents/Home/jre/lib/sunrsasign.jar:/Library/Java/JavaVirtualMachines/jdk1.8.0_111.jdk/Contents/Home/jre/lib/jsse.jar:/Library/Java/JavaVirtualMachines/jdk1.8.0_111.jdk/Contents/Home/jre/lib/jce.jar:/Library/Java/JavaVirtualMachines/jdk1.8.0_111.jdk/Contents/Home/jre/lib/charsets.jar:/Library/Java/JavaVirtualMachines/jdk1.8.0_111.jdk/Contents/Home/jre/lib/jfr.jar:/Library/Java/JavaVirtualMachines/jdk1.8.0_111.jdk/Contents/Home/jre/classes"/>
    <property name="java.vendor" value="Oracle Corporation"/>
    <property name="maven.home" value="/Applications/IntelliJ IDEA.app/Contents/plugins/maven/lib/maven3"/>
    <property name="file.separator" value="/"/>
    <property name="java.vendor.url.bug" value="http://bugreport.sun.com/bugreport/"/>
    <property name="sun.cpu.endian" value="little"/>
    <property name="sun.io.unicode.encoding" value="UnicodeBig"/>
    <property name="socksNonProxyHosts" value="local|*.local|169.254/16|*.169.254/16"/>
    <property name="ftp.nonProxyHosts" value="local|*.local|169.254/16|*.169.254/16"/>
    <property name="sun.cpu.isalist" value=""/>
  </properties>
  <testcase name="Given open the site" classname="Scenario: VIR-326.01 Verify that the last 5 line items from the cart is shown to the customer if they hover the cart icon" time="0.001">
    <error message="Could not initialize class com.virco.locators.SiteData" type="net.serenitybdd.core.exceptions.SerenityManagedException"><![CDATA[net.serenitybdd.core.exceptions.SerenityManagedException: Could not initialize class com.virco.locators.SiteData
	at com.virco.steps.serenity.CommonUserSteps.openTheSite(CommonUserSteps.java:19)
	at com.virco.steps.serenity.CommonUserSteps$$EnhancerByCGLIB$$d8541bfa.CGLIB$openTheSite$6(<generated>)
	at com.virco.steps.serenity.CommonUserSteps$$EnhancerByCGLIB$$d8541bfa$$FastClassByCGLIB$$ea8e0f86.invoke(<generated>)
	at net.sf.cglib.proxy.MethodProxy.invokeSuper(MethodProxy.java:228)
	at net.thucydides.core.steps.StepInterceptor.invokeMethod(StepInterceptor.java:372)
	at net.thucydides.core.steps.StepInterceptor.executeTestStepMethod(StepInterceptor.java:357)
	at net.thucydides.core.steps.StepInterceptor.runTestStep(StepInterceptor.java:332)
	at net.thucydides.core.steps.StepInterceptor.testStepResult(StepInterceptor.java:134)
	at net.thucydides.core.steps.StepInterceptor.intercept(StepInterceptor.java:61)
	at com.virco.steps.serenity.CommonUserSteps$$EnhancerByCGLIB$$d8541bfa.openTheSite(<generated>)
	at com.virco.steps.CommonDefinitionSteps.openTheSite(CommonDefinitionSteps.java:17)
	at sun.reflect.NativeMethodAccessorImpl.invoke0(Native Method)
	at sun.reflect.NativeMethodAccessorImpl.invoke(NativeMethodAccessorImpl.java:62)
	at sun.reflect.DelegatingMethodAccessorImpl.invoke(DelegatingMethodAccessorImpl.java:43)
	at java.lang.reflect.Method.invoke(Method.java:498)
	at cucumber.runtime.Utils$1.call(Utils.java:40)
	at cucumber.runtime.Timeout.timeout(Timeout.java:16)
	at cucumber.runtime.Utils.invoke(Utils.java:34)
	at cucumber.runtime.java.JavaStepDefinition.execute(JavaStepDefinition.java:38)
	at cucumber.runtime.StepDefinitionMatch.runStep(StepDefinitionMatch.java:37)
	at cucumber.runtime.Runtime.runStep(Runtime.java:300)
	at cucumber.runtime.model.StepContainer.runStep(StepContainer.java:44)
	at cucumber.runtime.model.StepContainer.runSteps(StepContainer.java:39)
	at cucumber.runtime.model.CucumberScenario.run(CucumberScenario.java:44)
	at cucumber.runtime.junit.ExecutionUnitRunner.run(ExecutionUnitRunner.java:102)
	at cucumber.runtime.junit.FeatureRunner.runChild(FeatureRunner.java:63)
	at cucumber.runtime.junit.FeatureRunner.runChild(FeatureRunner.java:18)
	at org.junit.runners.ParentRunner$3.run(ParentRunner.java:290)
	at org.junit.runners.ParentRunner$1.schedule(ParentRunner.java:71)
	at org.junit.runners.ParentRunner.runChildren(ParentRunner.java:288)
	at org.junit.runners.ParentRunner.access$000(ParentRunner.java:58)
	at org.junit.runners.ParentRunner$2.evaluate(ParentRunner.java:268)
	at org.junit.runners.ParentRunner.run(ParentRunner.java:363)
	at cucumber.runtime.junit.FeatureRunner.run(FeatureRunner.java:70)
	at cucumber.api.junit.Cucumber.runChild(Cucumber.java:95)
	at cucumber.api.junit.Cucumber.runChild(Cucumber.java:38)
	at org.junit.runners.ParentRunner$3.run(ParentRunner.java:290)
	at org.junit.runners.ParentRunner$1.schedule(ParentRunner.java:71)
	at org.junit.runners.ParentRunner.runChildren(ParentRunner.java:288)
	at org.junit.runners.ParentRunner.access$000(ParentRunner.java:58)
	at org.junit.runners.ParentRunner$2.evaluate(ParentRunner.java:268)
	at org.junit.runners.ParentRunner.run(ParentRunner.java:363)
	at cucumber.api.junit.Cucumber.run(Cucumber.java:100)
	at org.apache.maven.surefire.junit4.JUnit4Provider.execute(JUnit4Provider.java:283)
	at org.apache.maven.surefire.junit4.JUnit4Provider.executeWithRerun(JUnit4Provider.java:173)
	at org.apache.maven.surefire.junit4.JUnit4Provider.executeTestSet(JUnit4Provider.java:153)
	at org.apache.maven.surefire.junit4.JUnit4Provider.invoke(JUnit4Provider.java:128)
	at org.apache.maven.surefire.booter.ForkedBooter.invokeProviderInSameClassLoader(ForkedBooter.java:203)
	at org.apache.maven.surefire.booter.ForkedBooter.runSuitesInProcess(ForkedBooter.java:155)
	at org.apache.maven.surefire.booter.ForkedBooter.main(ForkedBooter.java:103)
]]></error>
    <system-out><![CDATA[
0 Scenarios
0 Steps
0m0.000s

]]></system-out>
    <system-err><![CDATA[[main] INFO net.serenitybdd.core.Serenity - Test Suite Started: CART-10 - Mini-Cart
[main] INFO net.serenitybdd.core.Serenity - 
 _____ _____ ____ _____   ____ _____  _    ____ _____ _____ ____  
|_   _| ____/ ___|_   _| / ___|_   _|/ \  |  _ \_   _| ____|  _ \ 
  | | |  _| \___ \ | |   \___ \ | | / _ \ | |_) || | |  _| | | | |
  | | | |___ ___) || |    ___) || |/ ___ \|  _ < | | | |___| |_| |
  |_| |_____|____/ |_|   |____/ |_/_/   \_\_| \_\|_| |_____|____/ 
                                                                  

TEST STARTED: VIR-326.01 Verify that the last 5 line items from the cart is shown to the customer if they hover the cart icon
-------------------------------------------------------------------(cart-10---mini-cart;vir-326.01-verify-that-the-last-5-line-items-from-the-cart-is-shown-to-the-customer-if-they-hover-the-cart-icon)
[main] INFO net.serenitybdd.core.Serenity - STARTING STEP Given open the site
[main] INFO net.serenitybdd.core.Serenity - STARTING STEP Open the site
[main] INFO net.serenitybdd.core.Serenity - STEP ERROR: net.serenitybdd.core.exceptions.SerenityManagedException: Could not initialize class com.virco.locators.SiteData
]]></system-err>
  </testcase>
  <testcase name="Scenario: VIR-326.01 Verify that the last 5 line items from the cart is shown to the customer if they hover the cart icon" classname="Scenario: VIR-326.01 Verify that the last 5 line items from the cart is shown to the customer if they hover the cart icon" time="0.002">
    <error message="Could not initialize class com.virco.locators.SiteData" type="net.serenitybdd.core.exceptions.SerenityManagedException"><![CDATA[net.serenitybdd.core.exceptions.SerenityManagedException: Could not initialize class com.virco.locators.SiteData
	at com.virco.steps.serenity.CommonUserSteps.openTheSite(CommonUserSteps.java:19)
	at com.virco.steps.serenity.CommonUserSteps$$EnhancerByCGLIB$$d8541bfa.CGLIB$openTheSite$6(<generated>)
	at com.virco.steps.serenity.CommonUserSteps$$EnhancerByCGLIB$$d8541bfa$$FastClassByCGLIB$$ea8e0f86.invoke(<generated>)
	at net.sf.cglib.proxy.MethodProxy.invokeSuper(MethodProxy.java:228)
	at net.thucydides.core.steps.StepInterceptor.invokeMethod(StepInterceptor.java:372)
	at net.thucydides.core.steps.StepInterceptor.executeTestStepMethod(StepInterceptor.java:357)
	at net.thucydides.core.steps.StepInterceptor.runTestStep(StepInterceptor.java:332)
	at net.thucydides.core.steps.StepInterceptor.testStepResult(StepInterceptor.java:134)
	at net.thucydides.core.steps.StepInterceptor.intercept(StepInterceptor.java:61)
	at com.virco.steps.serenity.CommonUserSteps$$EnhancerByCGLIB$$d8541bfa.openTheSite(<generated>)
	at com.virco.steps.CommonDefinitionSteps.openTheSite(CommonDefinitionSteps.java:17)
	at sun.reflect.NativeMethodAccessorImpl.invoke0(Native Method)
	at sun.reflect.NativeMethodAccessorImpl.invoke(NativeMethodAccessorImpl.java:62)
	at sun.reflect.DelegatingMethodAccessorImpl.invoke(DelegatingMethodAccessorImpl.java:43)
	at java.lang.reflect.Method.invoke(Method.java:498)
	at cucumber.runtime.Utils$1.call(Utils.java:40)
	at cucumber.runtime.Timeout.timeout(Timeout.java:16)
	at cucumber.runtime.Utils.invoke(Utils.java:34)
	at cucumber.runtime.java.JavaStepDefinition.execute(JavaStepDefinition.java:38)
	at cucumber.runtime.StepDefinitionMatch.runStep(StepDefinitionMatch.java:37)
	at cucumber.runtime.Runtime.runStep(Runtime.java:300)
	at cucumber.runtime.model.StepContainer.runStep(StepContainer.java:44)
	at cucumber.runtime.model.StepContainer.runSteps(StepContainer.java:39)
	at cucumber.runtime.model.CucumberScenario.run(CucumberScenario.java:44)
	at cucumber.runtime.junit.ExecutionUnitRunner.run(ExecutionUnitRunner.java:102)
	at cucumber.runtime.junit.FeatureRunner.runChild(FeatureRunner.java:63)
	at cucumber.runtime.junit.FeatureRunner.runChild(FeatureRunner.java:18)
	at org.junit.runners.ParentRunner$3.run(ParentRunner.java:290)
	at org.junit.runners.ParentRunner$1.schedule(ParentRunner.java:71)
	at org.junit.runners.ParentRunner.runChildren(ParentRunner.java:288)
	at org.junit.runners.ParentRunner.access$000(ParentRunner.java:58)
	at org.junit.runners.ParentRunner$2.evaluate(ParentRunner.java:268)
	at org.junit.runners.ParentRunner.run(ParentRunner.java:363)
	at cucumber.runtime.junit.FeatureRunner.run(FeatureRunner.java:70)
	at cucumber.api.junit.Cucumber.runChild(Cucumber.java:95)
	at cucumber.api.junit.Cucumber.runChild(Cucumber.java:38)
	at org.junit.runners.ParentRunner$3.run(ParentRunner.java:290)
	at org.junit.runners.ParentRunner$1.schedule(ParentRunner.java:71)
	at org.junit.runners.ParentRunner.runChildren(ParentRunner.java:288)
	at org.junit.runners.ParentRunner.access$000(ParentRunner.java:58)
	at org.junit.runners.ParentRunner$2.evaluate(ParentRunner.java:268)
	at org.junit.runners.ParentRunner.run(ParentRunner.java:363)
	at cucumber.api.junit.Cucumber.run(Cucumber.java:100)
	at org.apache.maven.surefire.junit4.JUnit4Provider.execute(JUnit4Provider.java:283)
	at org.apache.maven.surefire.junit4.JUnit4Provider.executeWithRerun(JUnit4Provider.java:173)
	at org.apache.maven.surefire.junit4.JUnit4Provider.executeTestSet(JUnit4Provider.java:153)
	at org.apache.maven.surefire.junit4.JUnit4Provider.invoke(JUnit4Provider.java:128)
	at org.apache.maven.surefire.booter.ForkedBooter.invokeProviderInSameClassLoader(ForkedBooter.java:203)
	at org.apache.maven.surefire.booter.ForkedBooter.runSuitesInProcess(ForkedBooter.java:155)
	at org.apache.maven.surefire.booter.ForkedBooter.main(ForkedBooter.java:103)
]]></error>
  </testcase>
  <testcase name="When enter &quot;marie.dubois@rustic-hw.com&quot; in the &quot;Email Address&quot; field" classname="Scenario: VIR-326.01 Verify that the last 5 line items from the cart is shown to the customer if they hover the cart icon" time="0">
    <skipped/>
    <system-err><![CDATA[[main] INFO net.serenitybdd.core.Serenity - STEP ERROR: java.lang.NoClassDefFoundError: Could not initialize class com.virco.locators.SiteData
[main] INFO net.serenitybdd.core.Serenity - STARTING STEP When enter "marie.dubois@rustic-hw.com" in the "Email Address" field
]]></system-err>
  </testcase>
  <testcase name="When enter &quot;12341234&quot; in the &quot;Password&quot; field" classname="Scenario: VIR-326.01 Verify that the last 5 line items from the cart is shown to the customer if they hover the cart icon" time="0">
    <skipped/>
    <system-err><![CDATA[[main] INFO net.serenitybdd.core.Serenity - IGNORING STEP
[main] INFO net.serenitybdd.core.Serenity - STARTING STEP When enter "12341234" in the "Password" field
]]></system-err>
  </testcase>
  <testcase name="When click on login button" classname="Scenario: VIR-326.01 Verify that the last 5 line items from the cart is shown to the customer if they hover the cart icon" time="0">
    <skipped/>
    <system-err><![CDATA[[main] INFO net.serenitybdd.core.Serenity - IGNORING STEP
[main] INFO net.serenitybdd.core.Serenity - STARTING STEP When click on login button
]]></system-err>
  </testcase>
  <testcase name="When click on &quot;Event Spaces&quot; in navigation menu" classname="Scenario: VIR-326.01 Verify that the last 5 line items from the cart is shown to the customer if they hover the cart icon" time="0">
    <skipped/>
    <system-err><![CDATA[[main] INFO net.serenitybdd.core.Serenity - IGNORING STEP
[main] INFO net.serenitybdd.core.Serenity - STARTING STEP When click on "Event Spaces" in navigation menu
]]></system-err>
  </testcase>
  <testcase name="When click on &quot;Event Spaces&quot; in navigation menu" classname="Scenario: VIR-326.01 Verify that the last 5 line items from the cart is shown to the customer if they hover the cart icon" time="0">
    <skipped/>
    <system-err><![CDATA[[main] INFO net.serenitybdd.core.Serenity - IGNORING STEP
[main] INFO net.serenitybdd.core.Serenity - STARTING STEP When click on "Event Spaces" in navigation menu
]]></system-err>
  </testcase>
  <testcase name="When click on &quot;1&quot; product image in list" classname="Scenario: VIR-326.01 Verify that the last 5 line items from the cart is shown to the customer if they hover the cart icon" time="0">
    <skipped/>
    <system-err><![CDATA[[main] INFO net.serenitybdd.core.Serenity - IGNORING STEP
[main] INFO net.serenitybdd.core.Serenity - STARTING STEP When click on "1" product image in list
]]></system-err>
  </testcase>
  <testcase name="When click on &quot;1&quot; product image in list" classname="Scenario: VIR-326.01 Verify that the last 5 line items from the cart is shown to the customer if they hover the cart icon" time="0">
    <skipped/>
    <system-err><![CDATA[[main] INFO net.serenitybdd.core.Serenity - IGNORING STEP
[main] INFO net.serenitybdd.core.Serenity - STARTING STEP When click on "1" product image in list
]]></system-err>
  </testcase>
  <testcase name="When click on &quot;Add to cart&quot; button" classname="Scenario: VIR-326.01 Verify that the last 5 line items from the cart is shown to the customer if they hover the cart icon" time="0">
    <skipped/>
    <system-err><![CDATA[[main] INFO net.serenitybdd.core.Serenity - IGNORING STEP
[main] INFO net.serenitybdd.core.Serenity - STARTING STEP When click on "Add to cart" button
]]></system-err>
  </testcase>
  <testcase name="When click on &quot;Add to cart&quot; button" classname="Scenario: VIR-326.01 Verify that the last 5 line items from the cart is shown to the customer if they hover the cart icon" time="0">
    <skipped/>
    <system-err><![CDATA[[main] INFO net.serenitybdd.core.Serenity - IGNORING STEP
[main] INFO net.serenitybdd.core.Serenity - STARTING STEP When click on "Add to cart" button
]]></system-err>
  </testcase>
  <testcase name="When click on &quot;Add to cart&quot; button" classname="Scenario: VIR-326.01 Verify that the last 5 line items from the cart is shown to the customer if they hover the cart icon" time="0">
    <skipped/>
    <system-err><![CDATA[[main] INFO net.serenitybdd.core.Serenity - IGNORING STEP
[main] INFO net.serenitybdd.core.Serenity - STARTING STEP When click on "Add to cart" button
]]></system-err>
  </testcase>
  <testcase name="When click on &quot;Add to cart&quot; button" classname="Scenario: VIR-326.01 Verify that the last 5 line items from the cart is shown to the customer if they hover the cart icon" time="0">
    <skipped/>
    <system-err><![CDATA[[main] INFO net.serenitybdd.core.Serenity - IGNORING STEP
[main] INFO net.serenitybdd.core.Serenity - STARTING STEP When click on "Add to cart" button
]]></system-err>
  </testcase>
  <testcase name="When click on &quot;Add to cart&quot; button" classname="Scenario: VIR-326.01 Verify that the last 5 line items from the cart is shown to the customer if they hover the cart icon" time="0">
    <skipped/>
    <system-err><![CDATA[[main] INFO net.serenitybdd.core.Serenity - IGNORING STEP
[main] INFO net.serenitybdd.core.Serenity - STARTING STEP When click on "Add to cart" button
]]></system-err>
  </testcase>
  <testcase name="When click on &quot;Add to cart&quot; button" classname="Scenario: VIR-326.01 Verify that the last 5 line items from the cart is shown to the customer if they hover the cart icon" time="0">
    <skipped/>
    <system-err><![CDATA[[main] INFO net.serenitybdd.core.Serenity - IGNORING STEP
[main] INFO net.serenitybdd.core.Serenity - STARTING STEP When click on "Add to cart" button
]]></system-err>
  </testcase>
  <testcase name="When click on &quot;2&quot; product image in list" classname="Scenario: VIR-326.01 Verify that the last 5 line items from the cart is shown to the customer if they hover the cart icon" time="0">
    <skipped/>
    <system-err><![CDATA[[main] INFO net.serenitybdd.core.Serenity - IGNORING STEP
[main] INFO net.serenitybdd.core.Serenity - STARTING STEP When click on "2" product image in list
]]></system-err>
  </testcase>
  <testcase name="When click on &quot;2&quot; product image in list" classname="Scenario: VIR-326.01 Verify that the last 5 line items from the cart is shown to the customer if they hover the cart icon" time="0">
    <skipped/>
    <system-err><![CDATA[[main] INFO net.serenitybdd.core.Serenity - IGNORING STEP
[main] INFO net.serenitybdd.core.Serenity - STARTING STEP When click on "2" product image in list
]]></system-err>
  </testcase>
  <testcase name="When click on &quot;21st Century Classroom&quot; in navigation menu" classname="Scenario: VIR-326.01 Verify that the last 5 line items from the cart is shown to the customer if they hover the cart icon" time="0">
    <skipped/>
    <system-err><![CDATA[[main] INFO net.serenitybdd.core.Serenity - IGNORING STEP
[main] INFO net.serenitybdd.core.Serenity - STARTING STEP When click on "21st Century Classroom" in navigation menu
]]></system-err>
  </testcase>
  <testcase name="When click on &quot;21st Century Classroom&quot; in navigation menu" classname="Scenario: VIR-326.01 Verify that the last 5 line items from the cart is shown to the customer if they hover the cart icon" time="0">
    <skipped/>
    <system-err><![CDATA[[main] INFO net.serenitybdd.core.Serenity - IGNORING STEP
[main] INFO net.serenitybdd.core.Serenity - STARTING STEP When click on "21st Century Classroom" in navigation menu
]]></system-err>
  </testcase>
  <testcase name="When click on &quot;Dining&quot; in navigation menu" classname="Scenario: VIR-326.01 Verify that the last 5 line items from the cart is shown to the customer if they hover the cart icon" time="0">
    <skipped/>
    <system-err><![CDATA[[main] INFO net.serenitybdd.core.Serenity - IGNORING STEP
[main] INFO net.serenitybdd.core.Serenity - STARTING STEP When click on "Dining" in navigation menu
]]></system-err>
  </testcase>
  <testcase name="When click on &quot;Dining&quot; in navigation menu" classname="Scenario: VIR-326.01 Verify that the last 5 line items from the cart is shown to the customer if they hover the cart icon" time="0">
    <skipped/>
    <system-err><![CDATA[[main] INFO net.serenitybdd.core.Serenity - IGNORING STEP
[main] INFO net.serenitybdd.core.Serenity - STARTING STEP When click on "Dining" in navigation menu
]]></system-err>
  </testcase>
  <testcase name="When click on &quot;5&quot; product image in list" classname="Scenario: VIR-326.01 Verify that the last 5 line items from the cart is shown to the customer if they hover the cart icon" time="0">
    <skipped/>
    <system-err><![CDATA[[main] INFO net.serenitybdd.core.Serenity - IGNORING STEP
[main] INFO net.serenitybdd.core.Serenity - STARTING STEP When click on "5" product image in list
]]></system-err>
  </testcase>
  <testcase name="When click on &quot;6&quot; product image in list" classname="Scenario: VIR-326.01 Verify that the last 5 line items from the cart is shown to the customer if they hover the cart icon" time="0">
    <skipped/>
    <system-err><![CDATA[[main] INFO net.serenitybdd.core.Serenity - IGNORING STEP
[main] INFO net.serenitybdd.core.Serenity - STARTING STEP When click on "6" product image in list
]]></system-err>
  </testcase>
  <testcase name="When click on &quot;Checkout&quot; button" classname="Scenario: VIR-326.01 Verify that the last 5 line items from the cart is shown to the customer if they hover the cart icon" time="0">
    <skipped/>
    <system-err><![CDATA[[main] INFO net.serenitybdd.core.Serenity - IGNORING STEP
[main] INFO net.serenitybdd.core.Serenity - STARTING STEP When click on "Checkout" button
]]></system-err>
  </testcase>
  <testcase name="When remember products information on checkout page" classname="Scenario: VIR-326.01 Verify that the last 5 line items from the cart is shown to the customer if they hover the cart icon" time="0">
    <skipped/>
    <system-err><![CDATA[[main] INFO net.serenitybdd.core.Serenity - IGNORING STEP
[main] INFO net.serenitybdd.core.Serenity - STARTING STEP When remember products information on checkout page
]]></system-err>
  </testcase>
  <testcase name="When hover on mini cart" classname="Scenario: VIR-326.01 Verify that the last 5 line items from the cart is shown to the customer if they hover the cart icon" time="0">
    <skipped/>
    <system-err><![CDATA[[main] INFO net.serenitybdd.core.Serenity - IGNORING STEP
[main] INFO net.serenitybdd.core.Serenity - STARTING STEP When hover on mini cart
]]></system-err>
  </testcase>
  <testcase name="Then the last 5 items are shown in mini cart" classname="Scenario: VIR-326.01 Verify that the last 5 line items from the cart is shown to the customer if they hover the cart icon" time="0">
    <skipped/>
    <system-err><![CDATA[[main] INFO net.serenitybdd.core.Serenity - IGNORING STEP
[main] INFO net.serenitybdd.core.Serenity - STARTING STEP Then the last 5 items are shown in mini cart
]]></system-err>
  </testcase>
  <testcase name="Given open the site" classname="Scenario: VIR-326.02 Verify that the Cart is shown if click Checkout" time="0.001">
    <error message="Could not initialize class com.virco.locators.SiteData" type="net.serenitybdd.core.exceptions.SerenityManagedException"><![CDATA[net.serenitybdd.core.exceptions.SerenityManagedException: Could not initialize class com.virco.locators.SiteData
	at com.virco.steps.serenity.CommonUserSteps.openTheSite(CommonUserSteps.java:19)
	at com.virco.steps.serenity.CommonUserSteps$$EnhancerByCGLIB$$d8541bfa.CGLIB$openTheSite$6(<generated>)
	at com.virco.steps.serenity.CommonUserSteps$$EnhancerByCGLIB$$d8541bfa$$FastClassByCGLIB$$ea8e0f86.invoke(<generated>)
	at net.sf.cglib.proxy.MethodProxy.invokeSuper(MethodProxy.java:228)
	at net.thucydides.core.steps.StepInterceptor.invokeMethod(StepInterceptor.java:372)
	at net.thucydides.core.steps.StepInterceptor.executeTestStepMethod(StepInterceptor.java:357)
	at net.thucydides.core.steps.StepInterceptor.runTestStep(StepInterceptor.java:332)
	at net.thucydides.core.steps.StepInterceptor.testStepResult(StepInterceptor.java:134)
	at net.thucydides.core.steps.StepInterceptor.intercept(StepInterceptor.java:61)
	at com.virco.steps.serenity.CommonUserSteps$$EnhancerByCGLIB$$d8541bfa.openTheSite(<generated>)
	at com.virco.steps.CommonDefinitionSteps.openTheSite(CommonDefinitionSteps.java:17)
	at sun.reflect.NativeMethodAccessorImpl.invoke0(Native Method)
	at sun.reflect.NativeMethodAccessorImpl.invoke(NativeMethodAccessorImpl.java:62)
	at sun.reflect.DelegatingMethodAccessorImpl.invoke(DelegatingMethodAccessorImpl.java:43)
	at java.lang.reflect.Method.invoke(Method.java:498)
	at cucumber.runtime.Utils$1.call(Utils.java:40)
	at cucumber.runtime.Timeout.timeout(Timeout.java:16)
	at cucumber.runtime.Utils.invoke(Utils.java:34)
	at cucumber.runtime.java.JavaStepDefinition.execute(JavaStepDefinition.java:38)
	at cucumber.runtime.StepDefinitionMatch.runStep(StepDefinitionMatch.java:37)
	at cucumber.runtime.Runtime.runStep(Runtime.java:300)
	at cucumber.runtime.model.StepContainer.runStep(StepContainer.java:44)
	at cucumber.runtime.model.StepContainer.runSteps(StepContainer.java:39)
	at cucumber.runtime.model.CucumberScenario.run(CucumberScenario.java:44)
	at cucumber.runtime.junit.ExecutionUnitRunner.run(ExecutionUnitRunner.java:102)
	at cucumber.runtime.junit.FeatureRunner.runChild(FeatureRunner.java:63)
	at cucumber.runtime.junit.FeatureRunner.runChild(FeatureRunner.java:18)
	at org.junit.runners.ParentRunner$3.run(ParentRunner.java:290)
	at org.junit.runners.ParentRunner$1.schedule(ParentRunner.java:71)
	at org.junit.runners.ParentRunner.runChildren(ParentRunner.java:288)
	at org.junit.runners.ParentRunner.access$000(ParentRunner.java:58)
	at org.junit.runners.ParentRunner$2.evaluate(ParentRunner.java:268)
	at org.junit.runners.ParentRunner.run(ParentRunner.java:363)
	at cucumber.runtime.junit.FeatureRunner.run(FeatureRunner.java:70)
	at cucumber.api.junit.Cucumber.runChild(Cucumber.java:95)
	at cucumber.api.junit.Cucumber.runChild(Cucumber.java:38)
	at org.junit.runners.ParentRunner$3.run(ParentRunner.java:290)
	at org.junit.runners.ParentRunner$1.schedule(ParentRunner.java:71)
	at org.junit.runners.ParentRunner.runChildren(ParentRunner.java:288)
	at org.junit.runners.ParentRunner.access$000(ParentRunner.java:58)
	at org.junit.runners.ParentRunner$2.evaluate(ParentRunner.java:268)
	at org.junit.runners.ParentRunner.run(ParentRunner.java:363)
	at cucumber.api.junit.Cucumber.run(Cucumber.java:100)
	at org.apache.maven.surefire.junit4.JUnit4Provider.execute(JUnit4Provider.java:283)
	at org.apache.maven.surefire.junit4.JUnit4Provider.executeWithRerun(JUnit4Provider.java:173)
	at org.apache.maven.surefire.junit4.JUnit4Provider.executeTestSet(JUnit4Provider.java:153)
	at org.apache.maven.surefire.junit4.JUnit4Provider.invoke(JUnit4Provider.java:128)
	at org.apache.maven.surefire.booter.ForkedBooter.invokeProviderInSameClassLoader(ForkedBooter.java:203)
	at org.apache.maven.surefire.booter.ForkedBooter.runSuitesInProcess(ForkedBooter.java:155)
	at org.apache.maven.surefire.booter.ForkedBooter.main(ForkedBooter.java:103)
]]></error>
    <system-err><![CDATA[[main] INFO net.serenitybdd.core.Serenity - IGNORING STEP
[main] ERROR net.serenitybdd.core.Serenity - 
           __  _____ _____ ____ _____   _____ _    ___ _     _____ ____  
  _       / / |_   _| ____/ ___|_   _| |  ___/ \  |_ _| |   | ____|  _ \ 
 (_)_____| |    | | |  _| \___ \ | |   | |_ / _ \  | || |   |  _| | | | |
  _|_____| |    | | | |___ ___) || |   |  _/ ___ \ | || |___| |___| |_| |
 (_)     | |    |_| |_____|____/ |_|   |_|/_/   \_\___|_____|_____|____/ 
          \_\                                                            

TEST FAILED WITH ERROR: VIR-326.01 Verify that the last 5 line items from the cart is shown to the customer if they hover the cart icon
---------------------------------------------------------------------
[main] ERROR net.serenitybdd.core.Serenity - TEST FAILED AT STEP Open the site
[main] ERROR net.serenitybdd.core.Serenity - Could not initialize class com.virco.locators.SiteData
[pool-1-thread-2] INFO net.thucydides.core.reports.json.JSONTestOutcomeReporter - Generating JSON report for VIR-326.01 Verify that the last 5 line items from the cart is shown to the customer if they hover the cart icon to file /Users/rodionsavchuk/hybrisAutomation/virco-automatedtests/target/site/serenity/10cc6173443af7b226654e355bce3172c0f985aa67b7bdbbd49e170696d8d64f.json (using temp file /Users/rodionsavchuk/hybrisAutomation/virco-automatedtests/target/site/serenity/10cc6173443af7b226654e355bce3172c0f985aa67b7bdbbd49e170696d8d64f.json34bc8db3-97fa-4aa5-90ae-43e59103d63c)
[pool-1-thread-4] INFO net.thucydides.core.reports.html.HtmlAcceptanceTestReporter - GENERATING HTML REPORT FOR CART-10 - Mini-Cart:VIR-326.01 Verify that the last 5 line items from the cart is shown to the customer if they hover the cart icon in 10cc6173443af7b226654e355bce3172c0f985aa67b7bdbbd49e170696d8d64f.html in directory target/site/serenity  
[main] INFO net.serenitybdd.core.Serenity - 
 _____ _____ ____ _____   ____ _____  _    ____ _____ _____ ____  
|_   _| ____/ ___|_   _| / ___|_   _|/ \  |  _ \_   _| ____|  _ \ 
  | | |  _| \___ \ | |   \___ \ | | / _ \ | |_) || | |  _| | | | |
  | | | |___ ___) || |    ___) || |/ ___ \|  _ < | | | |___| |_| |
  |_| |_____|____/ |_|   |____/ |_/_/   \_\_| \_\|_| |_____|____/ 
                                                                  

TEST STARTED: VIR-326.02 Verify that the Cart is shown if click Checkout
-------------------------------------------------------------------(cart-10---mini-cart;vir-326.02-verify-that-the-cart-is-shown-if-click-checkout)
[main] INFO net.serenitybdd.core.Serenity - STARTING STEP Given open the site
[main] INFO net.serenitybdd.core.Serenity - STARTING STEP Open the site
[main] INFO net.serenitybdd.core.Serenity - STEP ERROR: net.serenitybdd.core.exceptions.SerenityManagedException: Could not initialize class com.virco.locators.SiteData
]]></system-err>
  </testcase>
  <testcase name="Scenario: VIR-326.02 Verify that the Cart is shown if click Checkout" classname="Scenario: VIR-326.02 Verify that the Cart is shown if click Checkout" time="0.001">
    <error message="Could not initialize class com.virco.locators.SiteData" type="net.serenitybdd.core.exceptions.SerenityManagedException"><![CDATA[net.serenitybdd.core.exceptions.SerenityManagedException: Could not initialize class com.virco.locators.SiteData
	at com.virco.steps.serenity.CommonUserSteps.openTheSite(CommonUserSteps.java:19)
	at com.virco.steps.serenity.CommonUserSteps$$EnhancerByCGLIB$$d8541bfa.CGLIB$openTheSite$6(<generated>)
	at com.virco.steps.serenity.CommonUserSteps$$EnhancerByCGLIB$$d8541bfa$$FastClassByCGLIB$$ea8e0f86.invoke(<generated>)
	at net.sf.cglib.proxy.MethodProxy.invokeSuper(MethodProxy.java:228)
	at net.thucydides.core.steps.StepInterceptor.invokeMethod(StepInterceptor.java:372)
	at net.thucydides.core.steps.StepInterceptor.executeTestStepMethod(StepInterceptor.java:357)
	at net.thucydides.core.steps.StepInterceptor.runTestStep(StepInterceptor.java:332)
	at net.thucydides.core.steps.StepInterceptor.testStepResult(StepInterceptor.java:134)
	at net.thucydides.core.steps.StepInterceptor.intercept(StepInterceptor.java:61)
	at com.virco.steps.serenity.CommonUserSteps$$EnhancerByCGLIB$$d8541bfa.openTheSite(<generated>)
	at com.virco.steps.CommonDefinitionSteps.openTheSite(CommonDefinitionSteps.java:17)
	at sun.reflect.NativeMethodAccessorImpl.invoke0(Native Method)
	at sun.reflect.NativeMethodAccessorImpl.invoke(NativeMethodAccessorImpl.java:62)
	at sun.reflect.DelegatingMethodAccessorImpl.invoke(DelegatingMethodAccessorImpl.java:43)
	at java.lang.reflect.Method.invoke(Method.java:498)
	at cucumber.runtime.Utils$1.call(Utils.java:40)
	at cucumber.runtime.Timeout.timeout(Timeout.java:16)
	at cucumber.runtime.Utils.invoke(Utils.java:34)
	at cucumber.runtime.java.JavaStepDefinition.execute(JavaStepDefinition.java:38)
	at cucumber.runtime.StepDefinitionMatch.runStep(StepDefinitionMatch.java:37)
	at cucumber.runtime.Runtime.runStep(Runtime.java:300)
	at cucumber.runtime.model.StepContainer.runStep(StepContainer.java:44)
	at cucumber.runtime.model.StepContainer.runSteps(StepContainer.java:39)
	at cucumber.runtime.model.CucumberScenario.run(CucumberScenario.java:44)
	at cucumber.runtime.junit.ExecutionUnitRunner.run(ExecutionUnitRunner.java:102)
	at cucumber.runtime.junit.FeatureRunner.runChild(FeatureRunner.java:63)
	at cucumber.runtime.junit.FeatureRunner.runChild(FeatureRunner.java:18)
	at org.junit.runners.ParentRunner$3.run(ParentRunner.java:290)
	at org.junit.runners.ParentRunner$1.schedule(ParentRunner.java:71)
	at org.junit.runners.ParentRunner.runChildren(ParentRunner.java:288)
	at org.junit.runners.ParentRunner.access$000(ParentRunner.java:58)
	at org.junit.runners.ParentRunner$2.evaluate(ParentRunner.java:268)
	at org.junit.runners.ParentRunner.run(ParentRunner.java:363)
	at cucumber.runtime.junit.FeatureRunner.run(FeatureRunner.java:70)
	at cucumber.api.junit.Cucumber.runChild(Cucumber.java:95)
	at cucumber.api.junit.Cucumber.runChild(Cucumber.java:38)
	at org.junit.runners.ParentRunner$3.run(ParentRunner.java:290)
	at org.junit.runners.ParentRunner$1.schedule(ParentRunner.java:71)
	at org.junit.runners.ParentRunner.runChildren(ParentRunner.java:288)
	at org.junit.runners.ParentRunner.access$000(ParentRunner.java:58)
	at org.junit.runners.ParentRunner$2.evaluate(ParentRunner.java:268)
	at org.junit.runners.ParentRunner.run(ParentRunner.java:363)
	at cucumber.api.junit.Cucumber.run(Cucumber.java:100)
	at org.apache.maven.surefire.junit4.JUnit4Provider.execute(JUnit4Provider.java:283)
	at org.apache.maven.surefire.junit4.JUnit4Provider.executeWithRerun(JUnit4Provider.java:173)
	at org.apache.maven.surefire.junit4.JUnit4Provider.executeTestSet(JUnit4Provider.java:153)
	at org.apache.maven.surefire.junit4.JUnit4Provider.invoke(JUnit4Provider.java:128)
	at org.apache.maven.surefire.booter.ForkedBooter.invokeProviderInSameClassLoader(ForkedBooter.java:203)
	at org.apache.maven.surefire.booter.ForkedBooter.runSuitesInProcess(ForkedBooter.java:155)
	at org.apache.maven.surefire.booter.ForkedBooter.main(ForkedBooter.java:103)
]]></error>
  </testcase>
  <testcase name="When enter &quot;marie.dubois@rustic-hw.com&quot; in the &quot;Email Address&quot; field" classname="Scenario: VIR-326.02 Verify that the Cart is shown if click Checkout" time="0">
    <skipped/>
    <system-err><![CDATA[[main] INFO net.serenitybdd.core.Serenity - STEP ERROR: java.lang.NoClassDefFoundError: Could not initialize class com.virco.locators.SiteData
[main] INFO net.serenitybdd.core.Serenity - STARTING STEP When enter "marie.dubois@rustic-hw.com" in the "Email Address" field
]]></system-err>
  </testcase>
  <testcase name="When enter &quot;12341234&quot; in the &quot;Password&quot; field" classname="Scenario: VIR-326.02 Verify that the Cart is shown if click Checkout" time="0">
    <skipped/>
    <system-err><![CDATA[[main] INFO net.serenitybdd.core.Serenity - IGNORING STEP
[main] INFO net.serenitybdd.core.Serenity - STARTING STEP When enter "12341234" in the "Password" field
]]></system-err>
  </testcase>
  <testcase name="When click on login button" classname="Scenario: VIR-326.02 Verify that the Cart is shown if click Checkout" time="0">
    <skipped/>
    <system-err><![CDATA[[main] INFO net.serenitybdd.core.Serenity - IGNORING STEP
[main] INFO net.serenitybdd.core.Serenity - STARTING STEP When click on login button
]]></system-err>
  </testcase>
  <testcase name="When click on &quot;Event Spaces&quot; in navigation menu" classname="Scenario: VIR-326.02 Verify that the Cart is shown if click Checkout" time="0">
    <skipped/>
    <system-err><![CDATA[[main] INFO net.serenitybdd.core.Serenity - IGNORING STEP
[main] INFO net.serenitybdd.core.Serenity - STARTING STEP When click on "Event Spaces" in navigation menu
]]></system-err>
  </testcase>
  <testcase name="When click on &quot;Event Spaces&quot; in navigation menu" classname="Scenario: VIR-326.02 Verify that the Cart is shown if click Checkout" time="0">
    <skipped/>
    <system-err><![CDATA[[main] INFO net.serenitybdd.core.Serenity - IGNORING STEP
[main] INFO net.serenitybdd.core.Serenity - STARTING STEP When click on "Event Spaces" in navigation menu
]]></system-err>
  </testcase>
  <testcase name="When click on &quot;1&quot; product image in list" classname="Scenario: VIR-326.02 Verify that the Cart is shown if click Checkout" time="0">
    <skipped/>
    <system-err><![CDATA[[main] INFO net.serenitybdd.core.Serenity - IGNORING STEP
[main] INFO net.serenitybdd.core.Serenity - STARTING STEP When click on "1" product image in list
]]></system-err>
  </testcase>
  <testcase name="When click on &quot;Add to cart&quot; button" classname="Scenario: VIR-326.02 Verify that the Cart is shown if click Checkout" time="0">
    <skipped/>
    <system-err><![CDATA[[main] INFO net.serenitybdd.core.Serenity - IGNORING STEP
[main] INFO net.serenitybdd.core.Serenity - STARTING STEP When click on "Add to cart" button
]]></system-err>
  </testcase>
  <testcase name="When hover on mini cart" classname="Scenario: VIR-326.02 Verify that the Cart is shown if click Checkout" time="0">
    <skipped/>
    <system-err><![CDATA[[main] INFO net.serenitybdd.core.Serenity - IGNORING STEP
[main] INFO net.serenitybdd.core.Serenity - STARTING STEP When hover on mini cart
]]></system-err>
  </testcase>
  <testcase name="When click on &quot;Checkout&quot; button" classname="Scenario: VIR-326.02 Verify that the Cart is shown if click Checkout" time="0">
    <skipped/>
    <system-err><![CDATA[[main] INFO net.serenitybdd.core.Serenity - IGNORING STEP
[main] INFO net.serenitybdd.core.Serenity - STARTING STEP When click on "Checkout" button
]]></system-err>
  </testcase>
  <testcase name="Then the Cart page is opened" classname="Scenario: VIR-326.02 Verify that the Cart is shown if click Checkout" time="0">
    <skipped/>
    <system-err><![CDATA[[main] INFO net.serenitybdd.core.Serenity - IGNORING STEP
[main] INFO net.serenitybdd.core.Serenity - STARTING STEP Then the Cart page is opened
]]></system-err>
  </testcase>
  <testcase name="Given open the site" classname="Scenario: VIR-326.03 Verify that the Cart Mini is closed if click Continue Shopping" time="0.001">
    <error message="Could not initialize class com.virco.locators.SiteData" type="net.serenitybdd.core.exceptions.SerenityManagedException"><![CDATA[net.serenitybdd.core.exceptions.SerenityManagedException: Could not initialize class com.virco.locators.SiteData
	at com.virco.steps.serenity.CommonUserSteps.openTheSite(CommonUserSteps.java:19)
	at com.virco.steps.serenity.CommonUserSteps$$EnhancerByCGLIB$$d8541bfa.CGLIB$openTheSite$6(<generated>)
	at com.virco.steps.serenity.CommonUserSteps$$EnhancerByCGLIB$$d8541bfa$$FastClassByCGLIB$$ea8e0f86.invoke(<generated>)
	at net.sf.cglib.proxy.MethodProxy.invokeSuper(MethodProxy.java:228)
	at net.thucydides.core.steps.StepInterceptor.invokeMethod(StepInterceptor.java:372)
	at net.thucydides.core.steps.StepInterceptor.executeTestStepMethod(StepInterceptor.java:357)
	at net.thucydides.core.steps.StepInterceptor.runTestStep(StepInterceptor.java:332)
	at net.thucydides.core.steps.StepInterceptor.testStepResult(StepInterceptor.java:134)
	at net.thucydides.core.steps.StepInterceptor.intercept(StepInterceptor.java:61)
	at com.virco.steps.serenity.CommonUserSteps$$EnhancerByCGLIB$$d8541bfa.openTheSite(<generated>)
	at com.virco.steps.CommonDefinitionSteps.openTheSite(CommonDefinitionSteps.java:17)
	at sun.reflect.GeneratedMethodAccessor147.invoke(Unknown Source)
	at sun.reflect.DelegatingMethodAccessorImpl.invoke(DelegatingMethodAccessorImpl.java:43)
	at java.lang.reflect.Method.invoke(Method.java:498)
	at cucumber.runtime.Utils$1.call(Utils.java:40)
	at cucumber.runtime.Timeout.timeout(Timeout.java:16)
	at cucumber.runtime.Utils.invoke(Utils.java:34)
	at cucumber.runtime.java.JavaStepDefinition.execute(JavaStepDefinition.java:38)
	at cucumber.runtime.StepDefinitionMatch.runStep(StepDefinitionMatch.java:37)
	at cucumber.runtime.Runtime.runStep(Runtime.java:300)
	at cucumber.runtime.model.StepContainer.runStep(StepContainer.java:44)
	at cucumber.runtime.model.StepContainer.runSteps(StepContainer.java:39)
	at cucumber.runtime.model.CucumberScenario.run(CucumberScenario.java:44)
	at cucumber.runtime.junit.ExecutionUnitRunner.run(ExecutionUnitRunner.java:102)
	at cucumber.runtime.junit.FeatureRunner.runChild(FeatureRunner.java:63)
	at cucumber.runtime.junit.FeatureRunner.runChild(FeatureRunner.java:18)
	at org.junit.runners.ParentRunner$3.run(ParentRunner.java:290)
	at org.junit.runners.ParentRunner$1.schedule(ParentRunner.java:71)
	at org.junit.runners.ParentRunner.runChildren(ParentRunner.java:288)
	at org.junit.runners.ParentRunner.access$000(ParentRunner.java:58)
	at org.junit.runners.ParentRunner$2.evaluate(ParentRunner.java:268)
	at org.junit.runners.ParentRunner.run(ParentRunner.java:363)
	at cucumber.runtime.junit.FeatureRunner.run(FeatureRunner.java:70)
	at cucumber.api.junit.Cucumber.runChild(Cucumber.java:95)
	at cucumber.api.junit.Cucumber.runChild(Cucumber.java:38)
	at org.junit.runners.ParentRunner$3.run(ParentRunner.java:290)
	at org.junit.runners.ParentRunner$1.schedule(ParentRunner.java:71)
	at org.junit.runners.ParentRunner.runChildren(ParentRunner.java:288)
	at org.junit.runners.ParentRunner.access$000(ParentRunner.java:58)
	at org.junit.runners.ParentRunner$2.evaluate(ParentRunner.java:268)
	at org.junit.runners.ParentRunner.run(ParentRunner.java:363)
	at cucumber.api.junit.Cucumber.run(Cucumber.java:100)
	at org.apache.maven.surefire.junit4.JUnit4Provider.execute(JUnit4Provider.java:283)
	at org.apache.maven.surefire.junit4.JUnit4Provider.executeWithRerun(JUnit4Provider.java:173)
	at org.apache.maven.surefire.junit4.JUnit4Provider.executeTestSet(JUnit4Provider.java:153)
	at org.apache.maven.surefire.junit4.JUnit4Provider.invoke(JUnit4Provider.java:128)
	at org.apache.maven.surefire.booter.ForkedBooter.invokeProviderInSameClassLoader(ForkedBooter.java:203)
	at org.apache.maven.surefire.booter.ForkedBooter.runSuitesInProcess(ForkedBooter.java:155)
	at org.apache.maven.surefire.booter.ForkedBooter.main(ForkedBooter.java:103)
]]></error>
    <system-err><![CDATA[[main] INFO net.serenitybdd.core.Serenity - IGNORING STEP
[main] ERROR net.serenitybdd.core.Serenity - 
           __  _____ _____ ____ _____   _____ _    ___ _     _____ ____  
  _       / / |_   _| ____/ ___|_   _| |  ___/ \  |_ _| |   | ____|  _ \ 
 (_)_____| |    | | |  _| \___ \ | |   | |_ / _ \  | || |   |  _| | | | |
  _|_____| |    | | | |___ ___) || |   |  _/ ___ \ | || |___| |___| |_| |
 (_)     | |    |_| |_____|____/ |_|   |_|/_/   \_\___|_____|_____|____/ 
          \_\                                                            

TEST FAILED WITH ERROR: VIR-326.02 Verify that the Cart is shown if click Checkout
---------------------------------------------------------------------
[main] ERROR net.serenitybdd.core.Serenity - TEST FAILED AT STEP Open the site
[main] ERROR net.serenitybdd.core.Serenity - Could not initialize class com.virco.locators.SiteData
[pool-1-thread-3] INFO net.thucydides.core.reports.json.JSONTestOutcomeReporter - Generating JSON report for VIR-326.01 Verify that the last 5 line items from the cart is shown to the customer if they hover the cart icon to file /Users/rodionsavchuk/hybrisAutomation/virco-automatedtests/target/site/serenity/10cc6173443af7b226654e355bce3172c0f985aa67b7bdbbd49e170696d8d64f.json (using temp file /Users/rodionsavchuk/hybrisAutomation/virco-automatedtests/target/site/serenity/10cc6173443af7b226654e355bce3172c0f985aa67b7bdbbd49e170696d8d64f.jsond4000d85-f663-4c86-95c9-b38cff92aea6)
[pool-1-thread-1] INFO net.thucydides.core.reports.json.JSONTestOutcomeReporter - Generating JSON report for VIR-326.02 Verify that the Cart is shown if click Checkout to file /Users/rodionsavchuk/hybrisAutomation/virco-automatedtests/target/site/serenity/e824970ee4a6720040fcabde0fda88ee8290262f154aba069707e4340b4bb934.json (using temp file /Users/rodionsavchuk/hybrisAutomation/virco-automatedtests/target/site/serenity/e824970ee4a6720040fcabde0fda88ee8290262f154aba069707e4340b4bb934.json2d9ee87c-4989-4c8f-b40e-7ff92e5ad93d)
[pool-1-thread-4] INFO net.thucydides.core.reports.html.HtmlAcceptanceTestReporter - GENERATING HTML REPORT FOR CART-10 - Mini-Cart:VIR-326.02 Verify that the Cart is shown if click Checkout in e824970ee4a6720040fcabde0fda88ee8290262f154aba069707e4340b4bb934.html in directory target/site/serenity  
[pool-1-thread-2] INFO net.thucydides.core.reports.html.HtmlAcceptanceTestReporter - GENERATING HTML REPORT FOR CART-10 - Mini-Cart:VIR-326.01 Verify that the last 5 line items from the cart is shown to the customer if they hover the cart icon in 10cc6173443af7b226654e355bce3172c0f985aa67b7bdbbd49e170696d8d64f.html in directory target/site/serenity  
[main] INFO net.serenitybdd.core.Serenity - 
 _____ _____ ____ _____   ____ _____  _    ____ _____ _____ ____  
|_   _| ____/ ___|_   _| / ___|_   _|/ \  |  _ \_   _| ____|  _ \ 
  | | |  _| \___ \ | |   \___ \ | | / _ \ | |_) || | |  _| | | | |
  | | | |___ ___) || |    ___) || |/ ___ \|  _ < | | | |___| |_| |
  |_| |_____|____/ |_|   |____/ |_/_/   \_\_| \_\|_| |_____|____/ 
                                                                  

TEST STARTED: VIR-326.03 Verify that the Cart Mini is closed if click Continue Shopping
-------------------------------------------------------------------(cart-10---mini-cart;vir-326.03-verify-that-the-cart-mini-is-closed-if-click-continue-shopping)
[main] INFO net.serenitybdd.core.Serenity - STARTING STEP Given open the site
[main] INFO net.serenitybdd.core.Serenity - STARTING STEP Open the site
[main] INFO net.serenitybdd.core.Serenity - STEP ERROR: net.serenitybdd.core.exceptions.SerenityManagedException: Could not initialize class com.virco.locators.SiteData
]]></system-err>
  </testcase>
  <testcase name="Scenario: VIR-326.03 Verify that the Cart Mini is closed if click Continue Shopping" classname="Scenario: VIR-326.03 Verify that the Cart Mini is closed if click Continue Shopping" time="0.001">
    <error message="Could not initialize class com.virco.locators.SiteData" type="net.serenitybdd.core.exceptions.SerenityManagedException"><![CDATA[net.serenitybdd.core.exceptions.SerenityManagedException: Could not initialize class com.virco.locators.SiteData
	at com.virco.steps.serenity.CommonUserSteps.openTheSite(CommonUserSteps.java:19)
	at com.virco.steps.serenity.CommonUserSteps$$EnhancerByCGLIB$$d8541bfa.CGLIB$openTheSite$6(<generated>)
	at com.virco.steps.serenity.CommonUserSteps$$EnhancerByCGLIB$$d8541bfa$$FastClassByCGLIB$$ea8e0f86.invoke(<generated>)
	at net.sf.cglib.proxy.MethodProxy.invokeSuper(MethodProxy.java:228)
	at net.thucydides.core.steps.StepInterceptor.invokeMethod(StepInterceptor.java:372)
	at net.thucydides.core.steps.StepInterceptor.executeTestStepMethod(StepInterceptor.java:357)
	at net.thucydides.core.steps.StepInterceptor.runTestStep(StepInterceptor.java:332)
	at net.thucydides.core.steps.StepInterceptor.testStepResult(StepInterceptor.java:134)
	at net.thucydides.core.steps.StepInterceptor.intercept(StepInterceptor.java:61)
	at com.virco.steps.serenity.CommonUserSteps$$EnhancerByCGLIB$$d8541bfa.openTheSite(<generated>)
	at com.virco.steps.CommonDefinitionSteps.openTheSite(CommonDefinitionSteps.java:17)
	at sun.reflect.GeneratedMethodAccessor147.invoke(Unknown Source)
	at sun.reflect.DelegatingMethodAccessorImpl.invoke(DelegatingMethodAccessorImpl.java:43)
	at java.lang.reflect.Method.invoke(Method.java:498)
	at cucumber.runtime.Utils$1.call(Utils.java:40)
	at cucumber.runtime.Timeout.timeout(Timeout.java:16)
	at cucumber.runtime.Utils.invoke(Utils.java:34)
	at cucumber.runtime.java.JavaStepDefinition.execute(JavaStepDefinition.java:38)
	at cucumber.runtime.StepDefinitionMatch.runStep(StepDefinitionMatch.java:37)
	at cucumber.runtime.Runtime.runStep(Runtime.java:300)
	at cucumber.runtime.model.StepContainer.runStep(StepContainer.java:44)
	at cucumber.runtime.model.StepContainer.runSteps(StepContainer.java:39)
	at cucumber.runtime.model.CucumberScenario.run(CucumberScenario.java:44)
	at cucumber.runtime.junit.ExecutionUnitRunner.run(ExecutionUnitRunner.java:102)
	at cucumber.runtime.junit.FeatureRunner.runChild(FeatureRunner.java:63)
	at cucumber.runtime.junit.FeatureRunner.runChild(FeatureRunner.java:18)
	at org.junit.runners.ParentRunner$3.run(ParentRunner.java:290)
	at org.junit.runners.ParentRunner$1.schedule(ParentRunner.java:71)
	at org.junit.runners.ParentRunner.runChildren(ParentRunner.java:288)
	at org.junit.runners.ParentRunner.access$000(ParentRunner.java:58)
	at org.junit.runners.ParentRunner$2.evaluate(ParentRunner.java:268)
	at org.junit.runners.ParentRunner.run(ParentRunner.java:363)
	at cucumber.runtime.junit.FeatureRunner.run(FeatureRunner.java:70)
	at cucumber.api.junit.Cucumber.runChild(Cucumber.java:95)
	at cucumber.api.junit.Cucumber.runChild(Cucumber.java:38)
	at org.junit.runners.ParentRunner$3.run(ParentRunner.java:290)
	at org.junit.runners.ParentRunner$1.schedule(ParentRunner.java:71)
	at org.junit.runners.ParentRunner.runChildren(ParentRunner.java:288)
	at org.junit.runners.ParentRunner.access$000(ParentRunner.java:58)
	at org.junit.runners.ParentRunner$2.evaluate(ParentRunner.java:268)
	at org.junit.runners.ParentRunner.run(ParentRunner.java:363)
	at cucumber.api.junit.Cucumber.run(Cucumber.java:100)
	at org.apache.maven.surefire.junit4.JUnit4Provider.execute(JUnit4Provider.java:283)
	at org.apache.maven.surefire.junit4.JUnit4Provider.executeWithRerun(JUnit4Provider.java:173)
	at org.apache.maven.surefire.junit4.JUnit4Provider.executeTestSet(JUnit4Provider.java:153)
	at org.apache.maven.surefire.junit4.JUnit4Provider.invoke(JUnit4Provider.java:128)
	at org.apache.maven.surefire.booter.ForkedBooter.invokeProviderInSameClassLoader(ForkedBooter.java:203)
	at org.apache.maven.surefire.booter.ForkedBooter.runSuitesInProcess(ForkedBooter.java:155)
	at org.apache.maven.surefire.booter.ForkedBooter.main(ForkedBooter.java:103)
]]></error>
  </testcase>
  <testcase name="When enter &quot;marie.dubois@rustic-hw.com&quot; in the &quot;Email Address&quot; field" classname="Scenario: VIR-326.03 Verify that the Cart Mini is closed if click Continue Shopping" time="0">
    <skipped/>
    <system-err><![CDATA[[main] INFO net.serenitybdd.core.Serenity - STEP ERROR: java.lang.NoClassDefFoundError: Could not initialize class com.virco.locators.SiteData
[main] INFO net.serenitybdd.core.Serenity - STARTING STEP When enter "marie.dubois@rustic-hw.com" in the "Email Address" field
]]></system-err>
  </testcase>
  <testcase name="When enter &quot;12341234&quot; in the &quot;Password&quot; field" classname="Scenario: VIR-326.03 Verify that the Cart Mini is closed if click Continue Shopping" time="0">
    <skipped/>
    <system-err><![CDATA[[main] INFO net.serenitybdd.core.Serenity - IGNORING STEP
[main] INFO net.serenitybdd.core.Serenity - STARTING STEP When enter "12341234" in the "Password" field
]]></system-err>
  </testcase>
  <testcase name="When click on login button" classname="Scenario: VIR-326.03 Verify that the Cart Mini is closed if click Continue Shopping" time="0">
    <skipped/>
    <system-err><![CDATA[[main] INFO net.serenitybdd.core.Serenity - IGNORING STEP
[main] INFO net.serenitybdd.core.Serenity - STARTING STEP When click on login button
]]></system-err>
  </testcase>
  <testcase name="When click on &quot;Event Spaces&quot; in navigation menu" classname="Scenario: VIR-326.03 Verify that the Cart Mini is closed if click Continue Shopping" time="0">
    <skipped/>
    <system-err><![CDATA[[main] INFO net.serenitybdd.core.Serenity - IGNORING STEP
[main] INFO net.serenitybdd.core.Serenity - STARTING STEP When click on "Event Spaces" in navigation menu
]]></system-err>
  </testcase>
  <testcase name="When click on &quot;Event Spaces&quot; in navigation menu" classname="Scenario: VIR-326.03 Verify that the Cart Mini is closed if click Continue Shopping" time="0">
    <skipped/>
    <system-err><![CDATA[[main] INFO net.serenitybdd.core.Serenity - IGNORING STEP
[main] INFO net.serenitybdd.core.Serenity - STARTING STEP When click on "Event Spaces" in navigation menu
]]></system-err>
  </testcase>
  <testcase name="When click on &quot;1&quot; product image in list" classname="Scenario: VIR-326.03 Verify that the Cart Mini is closed if click Continue Shopping" time="0">
    <skipped/>
    <system-err><![CDATA[[main] INFO net.serenitybdd.core.Serenity - IGNORING STEP
[main] INFO net.serenitybdd.core.Serenity - STARTING STEP When click on "1" product image in list
]]></system-err>
  </testcase>
  <testcase name="When click on &quot;Add to cart&quot; button" classname="Scenario: VIR-326.03 Verify that the Cart Mini is closed if click Continue Shopping" time="0">
    <skipped/>
    <system-err><![CDATA[[main] INFO net.serenitybdd.core.Serenity - IGNORING STEP
[main] INFO net.serenitybdd.core.Serenity - STARTING STEP When click on "Add to cart" button
]]></system-err>
  </testcase>
  <testcase name="When hover on mini cart" classname="Scenario: VIR-326.03 Verify that the Cart Mini is closed if click Continue Shopping" time="0">
    <skipped/>
    <system-err><![CDATA[[main] INFO net.serenitybdd.core.Serenity - IGNORING STEP
[main] INFO net.serenitybdd.core.Serenity - STARTING STEP When hover on mini cart
]]></system-err>
  </testcase>
  <testcase name="When click on &quot;Continue&quot; button" classname="Scenario: VIR-326.03 Verify that the Cart Mini is closed if click Continue Shopping" time="0">
    <skipped/>
    <system-err><![CDATA[[main] INFO net.serenitybdd.core.Serenity - IGNORING STEP
[main] INFO net.serenitybdd.core.Serenity - STARTING STEP When click on "Continue" button
]]></system-err>
  </testcase>
  <testcase name="Then the mini cart is not shown" classname="Scenario: VIR-326.03 Verify that the Cart Mini is closed if click Continue Shopping" time="0">
    <skipped/>
    <system-err><![CDATA[[main] INFO net.serenitybdd.core.Serenity - IGNORING STEP
[main] INFO net.serenitybdd.core.Serenity - STARTING STEP Then the mini cart is not shown
]]></system-err>
  </testcase>
  <testcase name="Scenario: VIR-326.04 Verify that the following information is shown for the line items" classname="Scenario: VIR-326.04 Verify that the following information is shown for the line items" time="0.115"/>
  <testcase name="Given open the site" classname="Scenario: VIR-319.01 Verify that the items have the following information shown additionally at the shopping cart" time="0">
    <error message="Could not initialize class com.virco.locators.SiteData" type="net.serenitybdd.core.exceptions.SerenityManagedException"><![CDATA[net.serenitybdd.core.exceptions.SerenityManagedException: Could not initialize class com.virco.locators.SiteData
	at com.virco.steps.serenity.CommonUserSteps.openTheSite(CommonUserSteps.java:19)
	at com.virco.steps.serenity.CommonUserSteps$$EnhancerByCGLIB$$d8541bfa.CGLIB$openTheSite$6(<generated>)
	at com.virco.steps.serenity.CommonUserSteps$$EnhancerByCGLIB$$d8541bfa$$FastClassByCGLIB$$ea8e0f86.invoke(<generated>)
	at net.sf.cglib.proxy.MethodProxy.invokeSuper(MethodProxy.java:228)
	at net.thucydides.core.steps.StepInterceptor.invokeMethod(StepInterceptor.java:372)
	at net.thucydides.core.steps.StepInterceptor.executeTestStepMethod(StepInterceptor.java:357)
	at net.thucydides.core.steps.StepInterceptor.runTestStep(StepInterceptor.java:332)
	at net.thucydides.core.steps.StepInterceptor.testStepResult(StepInterceptor.java:134)
	at net.thucydides.core.steps.StepInterceptor.intercept(StepInterceptor.java:61)
	at com.virco.steps.serenity.CommonUserSteps$$EnhancerByCGLIB$$d8541bfa.openTheSite(<generated>)
	at com.virco.steps.CommonDefinitionSteps.openTheSite(CommonDefinitionSteps.java:17)
	at sun.reflect.GeneratedMethodAccessor147.invoke(Unknown Source)
	at sun.reflect.DelegatingMethodAccessorImpl.invoke(DelegatingMethodAccessorImpl.java:43)
	at java.lang.reflect.Method.invoke(Method.java:498)
	at cucumber.runtime.Utils$1.call(Utils.java:40)
	at cucumber.runtime.Timeout.timeout(Timeout.java:16)
	at cucumber.runtime.Utils.invoke(Utils.java:34)
	at cucumber.runtime.java.JavaStepDefinition.execute(JavaStepDefinition.java:38)
	at cucumber.runtime.StepDefinitionMatch.runStep(StepDefinitionMatch.java:37)
	at cucumber.runtime.Runtime.runStep(Runtime.java:300)
	at cucumber.runtime.model.StepContainer.runStep(StepContainer.java:44)
	at cucumber.runtime.model.StepContainer.runSteps(StepContainer.java:39)
	at cucumber.runtime.model.CucumberScenario.run(CucumberScenario.java:44)
	at cucumber.runtime.junit.ExecutionUnitRunner.run(ExecutionUnitRunner.java:102)
	at cucumber.runtime.junit.FeatureRunner.runChild(FeatureRunner.java:63)
	at cucumber.runtime.junit.FeatureRunner.runChild(FeatureRunner.java:18)
	at org.junit.runners.ParentRunner$3.run(ParentRunner.java:290)
	at org.junit.runners.ParentRunner$1.schedule(ParentRunner.java:71)
	at org.junit.runners.ParentRunner.runChildren(ParentRunner.java:288)
	at org.junit.runners.ParentRunner.access$000(ParentRunner.java:58)
	at org.junit.runners.ParentRunner$2.evaluate(ParentRunner.java:268)
	at org.junit.runners.ParentRunner.run(ParentRunner.java:363)
	at cucumber.runtime.junit.FeatureRunner.run(FeatureRunner.java:70)
	at cucumber.api.junit.Cucumber.runChild(Cucumber.java:95)
	at cucumber.api.junit.Cucumber.runChild(Cucumber.java:38)
	at org.junit.runners.ParentRunner$3.run(ParentRunner.java:290)
	at org.junit.runners.ParentRunner$1.schedule(ParentRunner.java:71)
	at org.junit.runners.ParentRunner.runChildren(ParentRunner.java:288)
	at org.junit.runners.ParentRunner.access$000(ParentRunner.java:58)
	at org.junit.runners.ParentRunner$2.evaluate(ParentRunner.java:268)
	at org.junit.runners.ParentRunner.run(ParentRunner.java:363)
	at cucumber.api.junit.Cucumber.run(Cucumber.java:100)
	at org.apache.maven.surefire.junit4.JUnit4Provider.execute(JUnit4Provider.java:283)
	at org.apache.maven.surefire.junit4.JUnit4Provider.executeWithRerun(JUnit4Provider.java:173)
	at org.apache.maven.surefire.junit4.JUnit4Provider.executeTestSet(JUnit4Provider.java:153)
	at org.apache.maven.surefire.junit4.JUnit4Provider.invoke(JUnit4Provider.java:128)
	at org.apache.maven.surefire.booter.ForkedBooter.invokeProviderInSameClassLoader(ForkedBooter.java:203)
	at org.apache.maven.surefire.booter.ForkedBooter.runSuitesInProcess(ForkedBooter.java:155)
	at org.apache.maven.surefire.booter.ForkedBooter.main(ForkedBooter.java:103)
]]></error>
    <system-err><![CDATA[[main] INFO net.serenitybdd.core.Serenity - Test Suite Started: CART-2 - Cart Data
[main] INFO net.serenitybdd.core.Serenity - 
 _____ _____ ____ _____   ____ _____  _    ____ _____ _____ ____  
|_   _| ____/ ___|_   _| / ___|_   _|/ \  |  _ \_   _| ____|  _ \ 
  | | |  _| \___ \ | |   \___ \ | | / _ \ | |_) || | |  _| | | | |
  | | | |___ ___) || |    ___) || |/ ___ \|  _ < | | | |___| |_| |
  |_| |_____|____/ |_|   |____/ |_/_/   \_\_| \_\|_| |_____|____/ 
                                                                  

TEST STARTED: VIR-319.01 Verify that the items have the following information shown additionally at the shopping cart
-------------------------------------------------------------------(cart-2---cart-data;vir-319.01-verify-that-the-items-have-the-following-information-shown-additionally-at-the-shopping-cart)
[main] INFO net.serenitybdd.core.Serenity - STARTING STEP Given open the site
[main] INFO net.serenitybdd.core.Serenity - STARTING STEP Open the site
[main] INFO net.serenitybdd.core.Serenity - STEP ERROR: net.serenitybdd.core.exceptions.SerenityManagedException: Could not initialize class com.virco.locators.SiteData
]]></system-err>
  </testcase>
  <testcase name="Scenario: VIR-319.01 Verify that the items have the following information shown additionally at the shopping cart" classname="Scenario: VIR-319.01 Verify that the items have the following information shown additionally at the shopping cart" time="0.001">
    <error message="Could not initialize class com.virco.locators.SiteData" type="net.serenitybdd.core.exceptions.SerenityManagedException"><![CDATA[net.serenitybdd.core.exceptions.SerenityManagedException: Could not initialize class com.virco.locators.SiteData
	at com.virco.steps.serenity.CommonUserSteps.openTheSite(CommonUserSteps.java:19)
	at com.virco.steps.serenity.CommonUserSteps$$EnhancerByCGLIB$$d8541bfa.CGLIB$openTheSite$6(<generated>)
	at com.virco.steps.serenity.CommonUserSteps$$EnhancerByCGLIB$$d8541bfa$$FastClassByCGLIB$$ea8e0f86.invoke(<generated>)
	at net.sf.cglib.proxy.MethodProxy.invokeSuper(MethodProxy.java:228)
	at net.thucydides.core.steps.StepInterceptor.invokeMethod(StepInterceptor.java:372)
	at net.thucydides.core.steps.StepInterceptor.executeTestStepMethod(StepInterceptor.java:357)
	at net.thucydides.core.steps.StepInterceptor.runTestStep(StepInterceptor.java:332)
	at net.thucydides.core.steps.StepInterceptor.testStepResult(StepInterceptor.java:134)
	at net.thucydides.core.steps.StepInterceptor.intercept(StepInterceptor.java:61)
	at com.virco.steps.serenity.CommonUserSteps$$EnhancerByCGLIB$$d8541bfa.openTheSite(<generated>)
	at com.virco.steps.CommonDefinitionSteps.openTheSite(CommonDefinitionSteps.java:17)
	at sun.reflect.GeneratedMethodAccessor147.invoke(Unknown Source)
	at sun.reflect.DelegatingMethodAccessorImpl.invoke(DelegatingMethodAccessorImpl.java:43)
	at java.lang.reflect.Method.invoke(Method.java:498)
	at cucumber.runtime.Utils$1.call(Utils.java:40)
	at cucumber.runtime.Timeout.timeout(Timeout.java:16)
	at cucumber.runtime.Utils.invoke(Utils.java:34)
	at cucumber.runtime.java.JavaStepDefinition.execute(JavaStepDefinition.java:38)
	at cucumber.runtime.StepDefinitionMatch.runStep(StepDefinitionMatch.java:37)
	at cucumber.runtime.Runtime.runStep(Runtime.java:300)
	at cucumber.runtime.model.StepContainer.runStep(StepContainer.java:44)
	at cucumber.runtime.model.StepContainer.runSteps(StepContainer.java:39)
	at cucumber.runtime.model.CucumberScenario.run(CucumberScenario.java:44)
	at cucumber.runtime.junit.ExecutionUnitRunner.run(ExecutionUnitRunner.java:102)
	at cucumber.runtime.junit.FeatureRunner.runChild(FeatureRunner.java:63)
	at cucumber.runtime.junit.FeatureRunner.runChild(FeatureRunner.java:18)
	at org.junit.runners.ParentRunner$3.run(ParentRunner.java:290)
	at org.junit.runners.ParentRunner$1.schedule(ParentRunner.java:71)
	at org.junit.runners.ParentRunner.runChildren(ParentRunner.java:288)
	at org.junit.runners.ParentRunner.access$000(ParentRunner.java:58)
	at org.junit.runners.ParentRunner$2.evaluate(ParentRunner.java:268)
	at org.junit.runners.ParentRunner.run(ParentRunner.java:363)
	at cucumber.runtime.junit.FeatureRunner.run(FeatureRunner.java:70)
	at cucumber.api.junit.Cucumber.runChild(Cucumber.java:95)
	at cucumber.api.junit.Cucumber.runChild(Cucumber.java:38)
	at org.junit.runners.ParentRunner$3.run(ParentRunner.java:290)
	at org.junit.runners.ParentRunner$1.schedule(ParentRunner.java:71)
	at org.junit.runners.ParentRunner.runChildren(ParentRunner.java:288)
	at org.junit.runners.ParentRunner.access$000(ParentRunner.java:58)
	at org.junit.runners.ParentRunner$2.evaluate(ParentRunner.java:268)
	at org.junit.runners.ParentRunner.run(ParentRunner.java:363)
	at cucumber.api.junit.Cucumber.run(Cucumber.java:100)
	at org.apache.maven.surefire.junit4.JUnit4Provider.execute(JUnit4Provider.java:283)
	at org.apache.maven.surefire.junit4.JUnit4Provider.executeWithRerun(JUnit4Provider.java:173)
	at org.apache.maven.surefire.junit4.JUnit4Provider.executeTestSet(JUnit4Provider.java:153)
	at org.apache.maven.surefire.junit4.JUnit4Provider.invoke(JUnit4Provider.java:128)
	at org.apache.maven.surefire.booter.ForkedBooter.invokeProviderInSameClassLoader(ForkedBooter.java:203)
	at org.apache.maven.surefire.booter.ForkedBooter.runSuitesInProcess(ForkedBooter.java:155)
	at org.apache.maven.surefire.booter.ForkedBooter.main(ForkedBooter.java:103)
]]></error>
  </testcase>
  <testcase name="When enter &quot;marie.dubois@rustic-hw.com&quot; in the &quot;Email Address&quot; field" classname="Scenario: VIR-319.01 Verify that the items have the following information shown additionally at the shopping cart" time="0">
    <skipped/>
    <system-err><![CDATA[[main] INFO net.serenitybdd.core.Serenity - STEP ERROR: java.lang.NoClassDefFoundError: Could not initialize class com.virco.locators.SiteData
[main] INFO net.serenitybdd.core.Serenity - STARTING STEP When enter "marie.dubois@rustic-hw.com" in the "Email Address" field
]]></system-err>
  </testcase>
  <testcase name="When enter &quot;12341234&quot; in the &quot;Password&quot; field" classname="Scenario: VIR-319.01 Verify that the items have the following information shown additionally at the shopping cart" time="0">
    <skipped/>
    <system-err><![CDATA[[main] INFO net.serenitybdd.core.Serenity - IGNORING STEP
[main] INFO net.serenitybdd.core.Serenity - STARTING STEP When enter "12341234" in the "Password" field
]]></system-err>
  </testcase>
  <testcase name="When click on login button" classname="Scenario: VIR-319.01 Verify that the items have the following information shown additionally at the shopping cart" time="0">
    <skipped/>
    <system-err><![CDATA[[main] INFO net.serenitybdd.core.Serenity - IGNORING STEP
[main] INFO net.serenitybdd.core.Serenity - STARTING STEP When click on login button
]]></system-err>
  </testcase>
  <testcase name="When click on &quot;Event Spaces&quot; in navigation menu" classname="Scenario: VIR-319.01 Verify that the items have the following information shown additionally at the shopping cart" time="0">
    <skipped/>
    <system-err><![CDATA[[main] INFO net.serenitybdd.core.Serenity - IGNORING STEP
[main] INFO net.serenitybdd.core.Serenity - STARTING STEP When click on "Event Spaces" in navigation menu
]]></system-err>
  </testcase>
  <testcase name="When click on &quot;1&quot; product image in list" classname="Scenario: VIR-319.01 Verify that the items have the following information shown additionally at the shopping cart" time="0">
    <skipped/>
    <system-err><![CDATA[[main] INFO net.serenitybdd.core.Serenity - IGNORING STEP
[main] INFO net.serenitybdd.core.Serenity - STARTING STEP When click on "1" product image in list
]]></system-err>
  </testcase>
  <testcase name="When click on &quot;Add to cart&quot; button" classname="Scenario: VIR-319.01 Verify that the items have the following information shown additionally at the shopping cart" time="0">
    <skipped/>
    <system-err><![CDATA[[main] INFO net.serenitybdd.core.Serenity - IGNORING STEP
[main] INFO net.serenitybdd.core.Serenity - STARTING STEP When click on "Add to cart" button
]]></system-err>
  </testcase>
  <testcase name="When click on &quot;Checkout&quot; button" classname="Scenario: VIR-319.01 Verify that the items have the following information shown additionally at the shopping cart" time="0">
    <skipped/>
    <system-err><![CDATA[[main] INFO net.serenitybdd.core.Serenity - IGNORING STEP
[main] INFO net.serenitybdd.core.Serenity - STARTING STEP When click on "Checkout" button
]]></system-err>
  </testcase>
  <testcase name="Then cart page contains following information" classname="Scenario: VIR-319.01 Verify that the items have the following information shown additionally at the shopping cart" time="0">
    <skipped/>
    <system-err><![CDATA[[main] INFO net.serenitybdd.core.Serenity - IGNORING STEP
[main] INFO net.serenitybdd.core.Serenity - STARTING STEP Then cart page contains following information
]]></system-err>
  </testcase>
  <testcase name="Given open the site" classname="Scenario: VIR-319.02 Verify that the shown data is valid" time="0.001">
    <error message="Could not initialize class com.virco.locators.SiteData" type="net.serenitybdd.core.exceptions.SerenityManagedException"><![CDATA[net.serenitybdd.core.exceptions.SerenityManagedException: Could not initialize class com.virco.locators.SiteData
	at com.virco.steps.serenity.CommonUserSteps.openTheSite(CommonUserSteps.java:19)
	at com.virco.steps.serenity.CommonUserSteps$$EnhancerByCGLIB$$d8541bfa.CGLIB$openTheSite$6(<generated>)
	at com.virco.steps.serenity.CommonUserSteps$$EnhancerByCGLIB$$d8541bfa$$FastClassByCGLIB$$ea8e0f86.invoke(<generated>)
	at net.sf.cglib.proxy.MethodProxy.invokeSuper(MethodProxy.java:228)
	at net.thucydides.core.steps.StepInterceptor.invokeMethod(StepInterceptor.java:372)
	at net.thucydides.core.steps.StepInterceptor.executeTestStepMethod(StepInterceptor.java:357)
	at net.thucydides.core.steps.StepInterceptor.runTestStep(StepInterceptor.java:332)
	at net.thucydides.core.steps.StepInterceptor.testStepResult(StepInterceptor.java:134)
	at net.thucydides.core.steps.StepInterceptor.intercept(StepInterceptor.java:61)
	at com.virco.steps.serenity.CommonUserSteps$$EnhancerByCGLIB$$d8541bfa.openTheSite(<generated>)
	at com.virco.steps.CommonDefinitionSteps.openTheSite(CommonDefinitionSteps.java:17)
	at sun.reflect.GeneratedMethodAccessor147.invoke(Unknown Source)
	at sun.reflect.DelegatingMethodAccessorImpl.invoke(DelegatingMethodAccessorImpl.java:43)
	at java.lang.reflect.Method.invoke(Method.java:498)
	at cucumber.runtime.Utils$1.call(Utils.java:40)
	at cucumber.runtime.Timeout.timeout(Timeout.java:16)
	at cucumber.runtime.Utils.invoke(Utils.java:34)
	at cucumber.runtime.java.JavaStepDefinition.execute(JavaStepDefinition.java:38)
	at cucumber.runtime.StepDefinitionMatch.runStep(StepDefinitionMatch.java:37)
	at cucumber.runtime.Runtime.runStep(Runtime.java:300)
	at cucumber.runtime.model.StepContainer.runStep(StepContainer.java:44)
	at cucumber.runtime.model.StepContainer.runSteps(StepContainer.java:39)
	at cucumber.runtime.model.CucumberScenario.run(CucumberScenario.java:44)
	at cucumber.runtime.junit.ExecutionUnitRunner.run(ExecutionUnitRunner.java:102)
	at cucumber.runtime.junit.FeatureRunner.runChild(FeatureRunner.java:63)
	at cucumber.runtime.junit.FeatureRunner.runChild(FeatureRunner.java:18)
	at org.junit.runners.ParentRunner$3.run(ParentRunner.java:290)
	at org.junit.runners.ParentRunner$1.schedule(ParentRunner.java:71)
	at org.junit.runners.ParentRunner.runChildren(ParentRunner.java:288)
	at org.junit.runners.ParentRunner.access$000(ParentRunner.java:58)
	at org.junit.runners.ParentRunner$2.evaluate(ParentRunner.java:268)
	at org.junit.runners.ParentRunner.run(ParentRunner.java:363)
	at cucumber.runtime.junit.FeatureRunner.run(FeatureRunner.java:70)
	at cucumber.api.junit.Cucumber.runChild(Cucumber.java:95)
	at cucumber.api.junit.Cucumber.runChild(Cucumber.java:38)
	at org.junit.runners.ParentRunner$3.run(ParentRunner.java:290)
	at org.junit.runners.ParentRunner$1.schedule(ParentRunner.java:71)
	at org.junit.runners.ParentRunner.runChildren(ParentRunner.java:288)
	at org.junit.runners.ParentRunner.access$000(ParentRunner.java:58)
	at org.junit.runners.ParentRunner$2.evaluate(ParentRunner.java:268)
	at org.junit.runners.ParentRunner.run(ParentRunner.java:363)
	at cucumber.api.junit.Cucumber.run(Cucumber.java:100)
	at org.apache.maven.surefire.junit4.JUnit4Provider.execute(JUnit4Provider.java:283)
	at org.apache.maven.surefire.junit4.JUnit4Provider.executeWithRerun(JUnit4Provider.java:173)
	at org.apache.maven.surefire.junit4.JUnit4Provider.executeTestSet(JUnit4Provider.java:153)
	at org.apache.maven.surefire.junit4.JUnit4Provider.invoke(JUnit4Provider.java:128)
	at org.apache.maven.surefire.booter.ForkedBooter.invokeProviderInSameClassLoader(ForkedBooter.java:203)
	at org.apache.maven.surefire.booter.ForkedBooter.runSuitesInProcess(ForkedBooter.java:155)
	at org.apache.maven.surefire.booter.ForkedBooter.main(ForkedBooter.java:103)
]]></error>
    <system-err><![CDATA[[main] INFO net.serenitybdd.core.Serenity - IGNORING STEP
[main] ERROR net.serenitybdd.core.Serenity - 
           __  _____ _____ ____ _____   _____ _    ___ _     _____ ____  
  _       / / |_   _| ____/ ___|_   _| |  ___/ \  |_ _| |   | ____|  _ \ 
 (_)_____| |    | | |  _| \___ \ | |   | |_ / _ \  | || |   |  _| | | | |
  _|_____| |    | | | |___ ___) || |   |  _/ ___ \ | || |___| |___| |_| |
 (_)     | |    |_| |_____|____/ |_|   |_|/_/   \_\___|_____|_____|____/ 
          \_\                                                            

TEST FAILED WITH ERROR: VIR-319.01 Verify that the items have the following information shown additionally at the shopping cart
---------------------------------------------------------------------
[main] ERROR net.serenitybdd.core.Serenity - TEST FAILED AT STEP Open the site
[main] ERROR net.serenitybdd.core.Serenity - Could not initialize class com.virco.locators.SiteData
[pool-1-thread-2] INFO net.thucydides.core.reports.json.JSONTestOutcomeReporter - Generating JSON report for VIR-326.04 Verify that the following information is shown for the line items to file /Users/rodionsavchuk/hybrisAutomation/virco-automatedtests/target/site/serenity/2c452f07a1bcdf3421c4edf447bc89057a98cf46c59ef2b671d2be2ff4a4c053.json (using temp file /Users/rodionsavchuk/hybrisAutomation/virco-automatedtests/target/site/serenity/2c452f07a1bcdf3421c4edf447bc89057a98cf46c59ef2b671d2be2ff4a4c053.json5c198c06-ec18-4438-95d3-59363cc82152)
[pool-1-thread-4] INFO net.thucydides.core.reports.json.JSONTestOutcomeReporter - Generating JSON report for VIR-326.02 Verify that the Cart is shown if click Checkout to file /Users/rodionsavchuk/hybrisAutomation/virco-automatedtests/target/site/serenity/e824970ee4a6720040fcabde0fda88ee8290262f154aba069707e4340b4bb934.json (using temp file /Users/rodionsavchuk/hybrisAutomation/virco-automatedtests/target/site/serenity/e824970ee4a6720040fcabde0fda88ee8290262f154aba069707e4340b4bb934.json75755de3-c0da-4f1c-96e9-1477ea232626)
[pool-1-thread-1] INFO net.thucydides.core.reports.json.JSONTestOutcomeReporter - Generating JSON report for VIR-326.03 Verify that the Cart Mini is closed if click Continue Shopping to file /Users/rodionsavchuk/hybrisAutomation/virco-automatedtests/target/site/serenity/fc75e3c14f20f460880ef40a61a6df29f6fa31bb951c9ebb427bfc8c392236de.json (using temp file /Users/rodionsavchuk/hybrisAutomation/virco-automatedtests/target/site/serenity/fc75e3c14f20f460880ef40a61a6df29f6fa31bb951c9ebb427bfc8c392236de.json6d4be2d0-c90d-473d-b4d9-fbb70a883930)
[pool-1-thread-3] INFO net.thucydides.core.reports.json.JSONTestOutcomeReporter - Generating JSON report for VIR-326.01 Verify that the last 5 line items from the cart is shown to the customer if they hover the cart icon to file /Users/rodionsavchuk/hybrisAutomation/virco-automatedtests/target/site/serenity/10cc6173443af7b226654e355bce3172c0f985aa67b7bdbbd49e170696d8d64f.json (using temp file /Users/rodionsavchuk/hybrisAutomation/virco-automatedtests/target/site/serenity/10cc6173443af7b226654e355bce3172c0f985aa67b7bdbbd49e170696d8d64f.json8dd5be03-4cd5-4ff7-a6d1-43b0833205f3)
[pool-1-thread-4] INFO net.thucydides.core.reports.json.JSONTestOutcomeReporter - Generating JSON report for VIR-319.01 Verify that the items have the following information shown additionally at the shopping cart to file /Users/rodionsavchuk/hybrisAutomation/virco-automatedtests/target/site/serenity/d28c9ee9524e1740a1157dc1946b996d71e320182676e5c9c0dab68033c8027c.json (using temp file /Users/rodionsavchuk/hybrisAutomation/virco-automatedtests/target/site/serenity/d28c9ee9524e1740a1157dc1946b996d71e320182676e5c9c0dab68033c8027c.jsonc317ead1-e2c6-4e1d-9430-808730ee8c40)
[pool-1-thread-4] INFO net.thucydides.core.reports.html.HtmlAcceptanceTestReporter - GENERATING HTML REPORT FOR CART-10 - Mini-Cart:VIR-326.04 Verify that the following information is shown for the line items in 2c452f07a1bcdf3421c4edf447bc89057a98cf46c59ef2b671d2be2ff4a4c053.html in directory target/site/serenity  
[pool-1-thread-3] INFO net.thucydides.core.reports.html.HtmlAcceptanceTestReporter - GENERATING HTML REPORT FOR CART-10 - Mini-Cart:VIR-326.02 Verify that the Cart is shown if click Checkout in e824970ee4a6720040fcabde0fda88ee8290262f154aba069707e4340b4bb934.html in directory target/site/serenity  
[pool-1-thread-1] INFO net.thucydides.core.reports.html.HtmlAcceptanceTestReporter - GENERATING HTML REPORT FOR CART-10 - Mini-Cart:VIR-326.03 Verify that the Cart Mini is closed if click Continue Shopping in fc75e3c14f20f460880ef40a61a6df29f6fa31bb951c9ebb427bfc8c392236de.html in directory target/site/serenity  
[pool-1-thread-2] INFO net.thucydides.core.reports.html.HtmlAcceptanceTestReporter - GENERATING HTML REPORT FOR CART-10 - Mini-Cart:VIR-326.01 Verify that the last 5 line items from the cart is shown to the customer if they hover the cart icon in 10cc6173443af7b226654e355bce3172c0f985aa67b7bdbbd49e170696d8d64f.html in directory target/site/serenity  
[pool-1-thread-4] INFO net.thucydides.core.reports.html.HtmlAcceptanceTestReporter - GENERATING HTML REPORT FOR CART-2 - Cart Data:VIR-319.01 Verify that the items have the following information shown additionally at the shopping cart in d28c9ee9524e1740a1157dc1946b996d71e320182676e5c9c0dab68033c8027c.html in directory target/site/serenity  
[main] INFO net.serenitybdd.core.Serenity - 
 _____ _____ ____ _____   ____ _____  _    ____ _____ _____ ____  
|_   _| ____/ ___|_   _| / ___|_   _|/ \  |  _ \_   _| ____|  _ \ 
  | | |  _| \___ \ | |   \___ \ | | / _ \ | |_) || | |  _| | | | |
  | | | |___ ___) || |    ___) || |/ ___ \|  _ < | | | |___| |_| |
  |_| |_____|____/ |_|   |____/ |_/_/   \_\_| \_\|_| |_____|____/ 
                                                                  

TEST STARTED: VIR-319.02 Verify that the shown data is valid
-------------------------------------------------------------------(cart-2---cart-data;vir-319.02-verify-that-the-shown-data-is-valid)
[main] INFO net.serenitybdd.core.Serenity - STARTING STEP Given open the site
[main] INFO net.serenitybdd.core.Serenity - STARTING STEP Open the site
[main] INFO net.serenitybdd.core.Serenity - STEP ERROR: net.serenitybdd.core.exceptions.SerenityManagedException: Could not initialize class com.virco.locators.SiteData
]]></system-err>
  </testcase>
  <testcase name="Scenario: VIR-319.02 Verify that the shown data is valid" classname="Scenario: VIR-319.02 Verify that the shown data is valid" time="0.002">
    <error message="Could not initialize class com.virco.locators.SiteData" type="net.serenitybdd.core.exceptions.SerenityManagedException"><![CDATA[net.serenitybdd.core.exceptions.SerenityManagedException: Could not initialize class com.virco.locators.SiteData
	at com.virco.steps.serenity.CommonUserSteps.openTheSite(CommonUserSteps.java:19)
	at com.virco.steps.serenity.CommonUserSteps$$EnhancerByCGLIB$$d8541bfa.CGLIB$openTheSite$6(<generated>)
	at com.virco.steps.serenity.CommonUserSteps$$EnhancerByCGLIB$$d8541bfa$$FastClassByCGLIB$$ea8e0f86.invoke(<generated>)
	at net.sf.cglib.proxy.MethodProxy.invokeSuper(MethodProxy.java:228)
	at net.thucydides.core.steps.StepInterceptor.invokeMethod(StepInterceptor.java:372)
	at net.thucydides.core.steps.StepInterceptor.executeTestStepMethod(StepInterceptor.java:357)
	at net.thucydides.core.steps.StepInterceptor.runTestStep(StepInterceptor.java:332)
	at net.thucydides.core.steps.StepInterceptor.testStepResult(StepInterceptor.java:134)
	at net.thucydides.core.steps.StepInterceptor.intercept(StepInterceptor.java:61)
	at com.virco.steps.serenity.CommonUserSteps$$EnhancerByCGLIB$$d8541bfa.openTheSite(<generated>)
	at com.virco.steps.CommonDefinitionSteps.openTheSite(CommonDefinitionSteps.java:17)
	at sun.reflect.GeneratedMethodAccessor147.invoke(Unknown Source)
	at sun.reflect.DelegatingMethodAccessorImpl.invoke(DelegatingMethodAccessorImpl.java:43)
	at java.lang.reflect.Method.invoke(Method.java:498)
	at cucumber.runtime.Utils$1.call(Utils.java:40)
	at cucumber.runtime.Timeout.timeout(Timeout.java:16)
	at cucumber.runtime.Utils.invoke(Utils.java:34)
	at cucumber.runtime.java.JavaStepDefinition.execute(JavaStepDefinition.java:38)
	at cucumber.runtime.StepDefinitionMatch.runStep(StepDefinitionMatch.java:37)
	at cucumber.runtime.Runtime.runStep(Runtime.java:300)
	at cucumber.runtime.model.StepContainer.runStep(StepContainer.java:44)
	at cucumber.runtime.model.StepContainer.runSteps(StepContainer.java:39)
	at cucumber.runtime.model.CucumberScenario.run(CucumberScenario.java:44)
	at cucumber.runtime.junit.ExecutionUnitRunner.run(ExecutionUnitRunner.java:102)
	at cucumber.runtime.junit.FeatureRunner.runChild(FeatureRunner.java:63)
	at cucumber.runtime.junit.FeatureRunner.runChild(FeatureRunner.java:18)
	at org.junit.runners.ParentRunner$3.run(ParentRunner.java:290)
	at org.junit.runners.ParentRunner$1.schedule(ParentRunner.java:71)
	at org.junit.runners.ParentRunner.runChildren(ParentRunner.java:288)
	at org.junit.runners.ParentRunner.access$000(ParentRunner.java:58)
	at org.junit.runners.ParentRunner$2.evaluate(ParentRunner.java:268)
	at org.junit.runners.ParentRunner.run(ParentRunner.java:363)
	at cucumber.runtime.junit.FeatureRunner.run(FeatureRunner.java:70)
	at cucumber.api.junit.Cucumber.runChild(Cucumber.java:95)
	at cucumber.api.junit.Cucumber.runChild(Cucumber.java:38)
	at org.junit.runners.ParentRunner$3.run(ParentRunner.java:290)
	at org.junit.runners.ParentRunner$1.schedule(ParentRunner.java:71)
	at org.junit.runners.ParentRunner.runChildren(ParentRunner.java:288)
	at org.junit.runners.ParentRunner.access$000(ParentRunner.java:58)
	at org.junit.runners.ParentRunner$2.evaluate(ParentRunner.java:268)
	at org.junit.runners.ParentRunner.run(ParentRunner.java:363)
	at cucumber.api.junit.Cucumber.run(Cucumber.java:100)
	at org.apache.maven.surefire.junit4.JUnit4Provider.execute(JUnit4Provider.java:283)
	at org.apache.maven.surefire.junit4.JUnit4Provider.executeWithRerun(JUnit4Provider.java:173)
	at org.apache.maven.surefire.junit4.JUnit4Provider.executeTestSet(JUnit4Provider.java:153)
	at org.apache.maven.surefire.junit4.JUnit4Provider.invoke(JUnit4Provider.java:128)
	at org.apache.maven.surefire.booter.ForkedBooter.invokeProviderInSameClassLoader(ForkedBooter.java:203)
	at org.apache.maven.surefire.booter.ForkedBooter.runSuitesInProcess(ForkedBooter.java:155)
	at org.apache.maven.surefire.booter.ForkedBooter.main(ForkedBooter.java:103)
]]></error>
  </testcase>
  <testcase name="When enter &quot;marie.dubois@rustic-hw.com&quot; in the &quot;Email Address&quot; field" classname="Scenario: VIR-319.02 Verify that the shown data is valid" time="0">
    <skipped/>
    <system-err><![CDATA[[main] INFO net.serenitybdd.core.Serenity - STEP ERROR: java.lang.NoClassDefFoundError: Could not initialize class com.virco.locators.SiteData
[main] INFO net.serenitybdd.core.Serenity - STARTING STEP When enter "marie.dubois@rustic-hw.com" in the "Email Address" field
]]></system-err>
  </testcase>
  <testcase name="When enter &quot;12341234&quot; in the &quot;Password&quot; field" classname="Scenario: VIR-319.02 Verify that the shown data is valid" time="0">
    <skipped/>
    <system-err><![CDATA[[main] INFO net.serenitybdd.core.Serenity - IGNORING STEP
[main] INFO net.serenitybdd.core.Serenity - STARTING STEP When enter "12341234" in the "Password" field
]]></system-err>
  </testcase>
  <testcase name="When click on login button" classname="Scenario: VIR-319.02 Verify that the shown data is valid" time="0">
    <skipped/>
    <system-err><![CDATA[[main] INFO net.serenitybdd.core.Serenity - IGNORING STEP
[main] INFO net.serenitybdd.core.Serenity - STARTING STEP When click on login button
]]></system-err>
  </testcase>
  <testcase name="When click on &quot;Event Spaces&quot; in navigation menu" classname="Scenario: VIR-319.02 Verify that the shown data is valid" time="0">
    <skipped/>
    <system-err><![CDATA[[main] INFO net.serenitybdd.core.Serenity - IGNORING STEP
[main] INFO net.serenitybdd.core.Serenity - STARTING STEP When click on "Event Spaces" in navigation menu
]]></system-err>
  </testcase>
  <testcase name="When click on &quot;1&quot; product image in list" classname="Scenario: VIR-319.02 Verify that the shown data is valid" time="0">
    <skipped/>
    <system-err><![CDATA[[main] INFO net.serenitybdd.core.Serenity - IGNORING STEP
[main] INFO net.serenitybdd.core.Serenity - STARTING STEP When click on "1" product image in list
]]></system-err>
  </testcase>
  <testcase name="When remember product data on pdp" classname="Scenario: VIR-319.02 Verify that the shown data is valid" time="0">
    <skipped/>
    <system-err><![CDATA[[main] INFO net.serenitybdd.core.Serenity - IGNORING STEP
[main] INFO net.serenitybdd.core.Serenity - STARTING STEP When remember product data on pdp
]]></system-err>
  </testcase>
  <testcase name="When click on &quot;Add to cart&quot; button" classname="Scenario: VIR-319.02 Verify that the shown data is valid" time="0">
    <skipped/>
    <system-err><![CDATA[[main] INFO net.serenitybdd.core.Serenity - IGNORING STEP
[main] INFO net.serenitybdd.core.Serenity - STARTING STEP When click on "Add to cart" button
]]></system-err>
  </testcase>
  <testcase name="When click on &quot;Checkout&quot; button" classname="Scenario: VIR-319.02 Verify that the shown data is valid" time="0">
    <skipped/>
    <system-err><![CDATA[[main] INFO net.serenitybdd.core.Serenity - IGNORING STEP
[main] INFO net.serenitybdd.core.Serenity - STARTING STEP When click on "Checkout" button
]]></system-err>
  </testcase>
  <testcase name="Then product data on checkout page is correct" classname="Scenario: VIR-319.02 Verify that the shown data is valid" time="0">
    <skipped/>
    <system-err><![CDATA[[main] INFO net.serenitybdd.core.Serenity - IGNORING STEP
[main] INFO net.serenitybdd.core.Serenity - STARTING STEP Then product data on checkout page is correct
]]></system-err>
  </testcase>
  <testcase name="Given open &quot;storefront&quot; page" classname="Scenario: VIR-320.01 Verify that the link to the added product to the cart is shown to the shopper on the cart page" time="0.001">
    <error message="Could not initialize class com.virco.locators.SiteData" type="net.serenitybdd.core.exceptions.SerenityManagedException"><![CDATA[net.serenitybdd.core.exceptions.SerenityManagedException: Could not initialize class com.virco.locators.SiteData
	at com.virco.steps.serenity.CommonUserSteps.openManagementPage(CommonUserSteps.java:35)
	at com.virco.steps.serenity.CommonUserSteps$$EnhancerByCGLIB$$d8541bfa.CGLIB$openManagementPage$7(<generated>)
	at com.virco.steps.serenity.CommonUserSteps$$EnhancerByCGLIB$$d8541bfa$$FastClassByCGLIB$$ea8e0f86.invoke(<generated>)
	at net.sf.cglib.proxy.MethodProxy.invokeSuper(MethodProxy.java:228)
	at net.thucydides.core.steps.StepInterceptor.invokeMethod(StepInterceptor.java:372)
	at net.thucydides.core.steps.StepInterceptor.executeTestStepMethod(StepInterceptor.java:357)
	at net.thucydides.core.steps.StepInterceptor.runTestStep(StepInterceptor.java:332)
	at net.thucydides.core.steps.StepInterceptor.testStepResult(StepInterceptor.java:134)
	at net.thucydides.core.steps.StepInterceptor.intercept(StepInterceptor.java:61)
	at com.virco.steps.serenity.CommonUserSteps$$EnhancerByCGLIB$$d8541bfa.openManagementPage(<generated>)
	at com.virco.steps.CommonDefinitionSteps.openPage(CommonDefinitionSteps.java:22)
	at sun.reflect.GeneratedMethodAccessor144.invoke(Unknown Source)
	at sun.reflect.DelegatingMethodAccessorImpl.invoke(DelegatingMethodAccessorImpl.java:43)
	at java.lang.reflect.Method.invoke(Method.java:498)
	at cucumber.runtime.Utils$1.call(Utils.java:40)
	at cucumber.runtime.Timeout.timeout(Timeout.java:16)
	at cucumber.runtime.Utils.invoke(Utils.java:34)
	at cucumber.runtime.java.JavaStepDefinition.execute(JavaStepDefinition.java:38)
	at cucumber.runtime.StepDefinitionMatch.runStep(StepDefinitionMatch.java:37)
	at cucumber.runtime.Runtime.runStep(Runtime.java:300)
	at cucumber.runtime.model.StepContainer.runStep(StepContainer.java:44)
	at cucumber.runtime.model.StepContainer.runSteps(StepContainer.java:39)
	at cucumber.runtime.model.CucumberScenario.run(CucumberScenario.java:44)
	at cucumber.runtime.junit.ExecutionUnitRunner.run(ExecutionUnitRunner.java:102)
	at cucumber.runtime.junit.FeatureRunner.runChild(FeatureRunner.java:63)
	at cucumber.runtime.junit.FeatureRunner.runChild(FeatureRunner.java:18)
	at org.junit.runners.ParentRunner$3.run(ParentRunner.java:290)
	at org.junit.runners.ParentRunner$1.schedule(ParentRunner.java:71)
	at org.junit.runners.ParentRunner.runChildren(ParentRunner.java:288)
	at org.junit.runners.ParentRunner.access$000(ParentRunner.java:58)
	at org.junit.runners.ParentRunner$2.evaluate(ParentRunner.java:268)
	at org.junit.runners.ParentRunner.run(ParentRunner.java:363)
	at cucumber.runtime.junit.FeatureRunner.run(FeatureRunner.java:70)
	at cucumber.api.junit.Cucumber.runChild(Cucumber.java:95)
	at cucumber.api.junit.Cucumber.runChild(Cucumber.java:38)
	at org.junit.runners.ParentRunner$3.run(ParentRunner.java:290)
	at org.junit.runners.ParentRunner$1.schedule(ParentRunner.java:71)
	at org.junit.runners.ParentRunner.runChildren(ParentRunner.java:288)
	at org.junit.runners.ParentRunner.access$000(ParentRunner.java:58)
	at org.junit.runners.ParentRunner$2.evaluate(ParentRunner.java:268)
	at org.junit.runners.ParentRunner.run(ParentRunner.java:363)
	at cucumber.api.junit.Cucumber.run(Cucumber.java:100)
	at org.apache.maven.surefire.junit4.JUnit4Provider.execute(JUnit4Provider.java:283)
	at org.apache.maven.surefire.junit4.JUnit4Provider.executeWithRerun(JUnit4Provider.java:173)
	at org.apache.maven.surefire.junit4.JUnit4Provider.executeTestSet(JUnit4Provider.java:153)
	at org.apache.maven.surefire.junit4.JUnit4Provider.invoke(JUnit4Provider.java:128)
	at org.apache.maven.surefire.booter.ForkedBooter.invokeProviderInSameClassLoader(ForkedBooter.java:203)
	at org.apache.maven.surefire.booter.ForkedBooter.runSuitesInProcess(ForkedBooter.java:155)
	at org.apache.maven.surefire.booter.ForkedBooter.main(ForkedBooter.java:103)
]]></error>
    <system-err><![CDATA[[main] INFO net.serenitybdd.core.Serenity - IGNORING STEP
[main] ERROR net.serenitybdd.core.Serenity - 
           __  _____ _____ ____ _____   _____ _    ___ _     _____ ____  
  _       / / |_   _| ____/ ___|_   _| |  ___/ \  |_ _| |   | ____|  _ \ 
 (_)_____| |    | | |  _| \___ \ | |   | |_ / _ \  | || |   |  _| | | | |
  _|_____| |    | | | |___ ___) || |   |  _/ ___ \ | || |___| |___| |_| |
 (_)     | |    |_| |_____|____/ |_|   |_|/_/   \_\___|_____|_____|____/ 
          \_\                                                            

TEST FAILED WITH ERROR: VIR-319.02 Verify that the shown data is valid
---------------------------------------------------------------------
[main] ERROR net.serenitybdd.core.Serenity - TEST FAILED AT STEP Open the site
[main] ERROR net.serenitybdd.core.Serenity - Could not initialize class com.virco.locators.SiteData
[pool-1-thread-1] INFO net.thucydides.core.reports.json.JSONTestOutcomeReporter - Generating JSON report for VIR-326.01 Verify that the last 5 line items from the cart is shown to the customer if they hover the cart icon to file /Users/rodionsavchuk/hybrisAutomation/virco-automatedtests/target/site/serenity/10cc6173443af7b226654e355bce3172c0f985aa67b7bdbbd49e170696d8d64f.json (using temp file /Users/rodionsavchuk/hybrisAutomation/virco-automatedtests/target/site/serenity/10cc6173443af7b226654e355bce3172c0f985aa67b7bdbbd49e170696d8d64f.jsonfd441546-385b-4ea7-bd43-a9a6f7e96ed2)
[pool-1-thread-4] INFO net.thucydides.core.reports.json.JSONTestOutcomeReporter - Generating JSON report for VIR-326.04 Verify that the following information is shown for the line items to file /Users/rodionsavchuk/hybrisAutomation/virco-automatedtests/target/site/serenity/2c452f07a1bcdf3421c4edf447bc89057a98cf46c59ef2b671d2be2ff4a4c053.json (using temp file /Users/rodionsavchuk/hybrisAutomation/virco-automatedtests/target/site/serenity/2c452f07a1bcdf3421c4edf447bc89057a98cf46c59ef2b671d2be2ff4a4c053.json4b7a01f3-05ab-40de-96bd-0262799052a2)
[pool-1-thread-3] INFO net.thucydides.core.reports.json.JSONTestOutcomeReporter - Generating JSON report for VIR-326.02 Verify that the Cart is shown if click Checkout to file /Users/rodionsavchuk/hybrisAutomation/virco-automatedtests/target/site/serenity/e824970ee4a6720040fcabde0fda88ee8290262f154aba069707e4340b4bb934.json (using temp file /Users/rodionsavchuk/hybrisAutomation/virco-automatedtests/target/site/serenity/e824970ee4a6720040fcabde0fda88ee8290262f154aba069707e4340b4bb934.json82c50b4b-ec8e-41a4-be96-85dbcd8168d4)
[pool-1-thread-2] INFO net.thucydides.core.reports.json.JSONTestOutcomeReporter - Generating JSON report for VIR-326.03 Verify that the Cart Mini is closed if click Continue Shopping to file /Users/rodionsavchuk/hybrisAutomation/virco-automatedtests/target/site/serenity/fc75e3c14f20f460880ef40a61a6df29f6fa31bb951c9ebb427bfc8c392236de.json (using temp file /Users/rodionsavchuk/hybrisAutomation/virco-automatedtests/target/site/serenity/fc75e3c14f20f460880ef40a61a6df29f6fa31bb951c9ebb427bfc8c392236de.json1257d130-7653-4aff-91d0-e23165a9436e)
[pool-1-thread-1] INFO net.thucydides.core.reports.json.JSONTestOutcomeReporter - Generating JSON report for VIR-319.02 Verify that the shown data is valid to file /Users/rodionsavchuk/hybrisAutomation/virco-automatedtests/target/site/serenity/90256fb01ae1d8bf3a043fb882946d3fb891cbd459686b154c95cd9a210f2074.json (using temp file /Users/rodionsavchuk/hybrisAutomation/virco-automatedtests/target/site/serenity/90256fb01ae1d8bf3a043fb882946d3fb891cbd459686b154c95cd9a210f2074.json401f4fe4-c028-481a-8662-34265bf74ebd)
[pool-1-thread-4] INFO net.thucydides.core.reports.json.JSONTestOutcomeReporter - Generating JSON report for VIR-319.01 Verify that the items have the following information shown additionally at the shopping cart to file /Users/rodionsavchuk/hybrisAutomation/virco-automatedtests/target/site/serenity/d28c9ee9524e1740a1157dc1946b996d71e320182676e5c9c0dab68033c8027c.json (using temp file /Users/rodionsavchuk/hybrisAutomation/virco-automatedtests/target/site/serenity/d28c9ee9524e1740a1157dc1946b996d71e320182676e5c9c0dab68033c8027c.jsona0efde4a-19a8-479f-8d28-256ef2dc9c36)
[pool-1-thread-3] INFO net.thucydides.core.reports.html.HtmlAcceptanceTestReporter - GENERATING HTML REPORT FOR CART-10 - Mini-Cart:VIR-326.01 Verify that the last 5 line items from the cart is shown to the customer if they hover the cart icon in 10cc6173443af7b226654e355bce3172c0f985aa67b7bdbbd49e170696d8d64f.html in directory target/site/serenity  
[pool-1-thread-1] INFO net.thucydides.core.reports.html.HtmlAcceptanceTestReporter - GENERATING HTML REPORT FOR CART-10 - Mini-Cart:VIR-326.04 Verify that the following information is shown for the line items in 2c452f07a1bcdf3421c4edf447bc89057a98cf46c59ef2b671d2be2ff4a4c053.html in directory target/site/serenity  
[pool-1-thread-4] INFO net.thucydides.core.reports.html.HtmlAcceptanceTestReporter - GENERATING HTML REPORT FOR CART-10 - Mini-Cart:VIR-326.03 Verify that the Cart Mini is closed if click Continue Shopping in fc75e3c14f20f460880ef40a61a6df29f6fa31bb951c9ebb427bfc8c392236de.html in directory target/site/serenity  
[pool-1-thread-2] INFO net.thucydides.core.reports.html.HtmlAcceptanceTestReporter - GENERATING HTML REPORT FOR CART-10 - Mini-Cart:VIR-326.02 Verify that the Cart is shown if click Checkout in e824970ee4a6720040fcabde0fda88ee8290262f154aba069707e4340b4bb934.html in directory target/site/serenity  
[pool-1-thread-1] INFO net.thucydides.core.reports.html.HtmlAcceptanceTestReporter - GENERATING HTML REPORT FOR CART-2 - Cart Data:VIR-319.01 Verify that the items have the following information shown additionally at the shopping cart in d28c9ee9524e1740a1157dc1946b996d71e320182676e5c9c0dab68033c8027c.html in directory target/site/serenity  
[pool-1-thread-4] INFO net.thucydides.core.reports.html.HtmlAcceptanceTestReporter - GENERATING HTML REPORT FOR CART-2 - Cart Data:VIR-319.02 Verify that the shown data is valid in 90256fb01ae1d8bf3a043fb882946d3fb891cbd459686b154c95cd9a210f2074.html in directory target/site/serenity  
[main] INFO net.serenitybdd.core.Serenity - Test Suite Started: CART-3 - Product Links
[main] INFO net.serenitybdd.core.Serenity - 
 _____ _____ ____ _____   ____ _____  _    ____ _____ _____ ____  
|_   _| ____/ ___|_   _| / ___|_   _|/ \  |  _ \_   _| ____|  _ \ 
  | | |  _| \___ \ | |   \___ \ | | / _ \ | |_) || | |  _| | | | |
  | | | |___ ___) || |    ___) || |/ ___ \|  _ < | | | |___| |_| |
  |_| |_____|____/ |_|   |____/ |_/_/   \_\_| \_\|_| |_____|____/ 
                                                                  

TEST STARTED: VIR-320.01 Verify that the link to the added product to the cart is shown to the shopper on the cart page
-------------------------------------------------------------------(cart-3---product-links;vir-320.01-verify-that-the-link-to-the-added-product-to-the-cart-is-shown-to-the-shopper-on-the-cart-page)
[main] INFO net.serenitybdd.core.Serenity - STARTING STEP Given open "storefront" page
[main] INFO net.serenitybdd.core.Serenity - STARTING STEP Open management page: storefront
[main] INFO net.serenitybdd.core.Serenity - STEP ERROR: net.serenitybdd.core.exceptions.SerenityManagedException: Could not initialize class com.virco.locators.SiteData
]]></system-err>
  </testcase>
  <testcase name="Scenario: VIR-320.01 Verify that the link to the added product to the cart is shown to the shopper on the cart page" classname="Scenario: VIR-320.01 Verify that the link to the added product to the cart is shown to the shopper on the cart page" time="0.002">
    <error message="Could not initialize class com.virco.locators.SiteData" type="net.serenitybdd.core.exceptions.SerenityManagedException"><![CDATA[net.serenitybdd.core.exceptions.SerenityManagedException: Could not initialize class com.virco.locators.SiteData
	at com.virco.steps.serenity.CommonUserSteps.openManagementPage(CommonUserSteps.java:35)
	at com.virco.steps.serenity.CommonUserSteps$$EnhancerByCGLIB$$d8541bfa.CGLIB$openManagementPage$7(<generated>)
	at com.virco.steps.serenity.CommonUserSteps$$EnhancerByCGLIB$$d8541bfa$$FastClassByCGLIB$$ea8e0f86.invoke(<generated>)
	at net.sf.cglib.proxy.MethodProxy.invokeSuper(MethodProxy.java:228)
	at net.thucydides.core.steps.StepInterceptor.invokeMethod(StepInterceptor.java:372)
	at net.thucydides.core.steps.StepInterceptor.executeTestStepMethod(StepInterceptor.java:357)
	at net.thucydides.core.steps.StepInterceptor.runTestStep(StepInterceptor.java:332)
	at net.thucydides.core.steps.StepInterceptor.testStepResult(StepInterceptor.java:134)
	at net.thucydides.core.steps.StepInterceptor.intercept(StepInterceptor.java:61)
	at com.virco.steps.serenity.CommonUserSteps$$EnhancerByCGLIB$$d8541bfa.openManagementPage(<generated>)
	at com.virco.steps.CommonDefinitionSteps.openPage(CommonDefinitionSteps.java:22)
	at sun.reflect.GeneratedMethodAccessor144.invoke(Unknown Source)
	at sun.reflect.DelegatingMethodAccessorImpl.invoke(DelegatingMethodAccessorImpl.java:43)
	at java.lang.reflect.Method.invoke(Method.java:498)
	at cucumber.runtime.Utils$1.call(Utils.java:40)
	at cucumber.runtime.Timeout.timeout(Timeout.java:16)
	at cucumber.runtime.Utils.invoke(Utils.java:34)
	at cucumber.runtime.java.JavaStepDefinition.execute(JavaStepDefinition.java:38)
	at cucumber.runtime.StepDefinitionMatch.runStep(StepDefinitionMatch.java:37)
	at cucumber.runtime.Runtime.runStep(Runtime.java:300)
	at cucumber.runtime.model.StepContainer.runStep(StepContainer.java:44)
	at cucumber.runtime.model.StepContainer.runSteps(StepContainer.java:39)
	at cucumber.runtime.model.CucumberScenario.run(CucumberScenario.java:44)
	at cucumber.runtime.junit.ExecutionUnitRunner.run(ExecutionUnitRunner.java:102)
	at cucumber.runtime.junit.FeatureRunner.runChild(FeatureRunner.java:63)
	at cucumber.runtime.junit.FeatureRunner.runChild(FeatureRunner.java:18)
	at org.junit.runners.ParentRunner$3.run(ParentRunner.java:290)
	at org.junit.runners.ParentRunner$1.schedule(ParentRunner.java:71)
	at org.junit.runners.ParentRunner.runChildren(ParentRunner.java:288)
	at org.junit.runners.ParentRunner.access$000(ParentRunner.java:58)
	at org.junit.runners.ParentRunner$2.evaluate(ParentRunner.java:268)
	at org.junit.runners.ParentRunner.run(ParentRunner.java:363)
	at cucumber.runtime.junit.FeatureRunner.run(FeatureRunner.java:70)
	at cucumber.api.junit.Cucumber.runChild(Cucumber.java:95)
	at cucumber.api.junit.Cucumber.runChild(Cucumber.java:38)
	at org.junit.runners.ParentRunner$3.run(ParentRunner.java:290)
	at org.junit.runners.ParentRunner$1.schedule(ParentRunner.java:71)
	at org.junit.runners.ParentRunner.runChildren(ParentRunner.java:288)
	at org.junit.runners.ParentRunner.access$000(ParentRunner.java:58)
	at org.junit.runners.ParentRunner$2.evaluate(ParentRunner.java:268)
	at org.junit.runners.ParentRunner.run(ParentRunner.java:363)
	at cucumber.api.junit.Cucumber.run(Cucumber.java:100)
	at org.apache.maven.surefire.junit4.JUnit4Provider.execute(JUnit4Provider.java:283)
	at org.apache.maven.surefire.junit4.JUnit4Provider.executeWithRerun(JUnit4Provider.java:173)
	at org.apache.maven.surefire.junit4.JUnit4Provider.executeTestSet(JUnit4Provider.java:153)
	at org.apache.maven.surefire.junit4.JUnit4Provider.invoke(JUnit4Provider.java:128)
	at org.apache.maven.surefire.booter.ForkedBooter.invokeProviderInSameClassLoader(ForkedBooter.java:203)
	at org.apache.maven.surefire.booter.ForkedBooter.runSuitesInProcess(ForkedBooter.java:155)
	at org.apache.maven.surefire.booter.ForkedBooter.main(ForkedBooter.java:103)
]]></error>
  </testcase>
  <testcase name="When enter &quot;marie.dubois@rustic-hw.com&quot; in the &quot;Email Address&quot; field" classname="Scenario: VIR-320.01 Verify that the link to the added product to the cart is shown to the shopper on the cart page" time="0">
    <skipped/>
    <system-err><![CDATA[[main] INFO net.serenitybdd.core.Serenity - STEP ERROR: java.lang.NoClassDefFoundError: Could not initialize class com.virco.locators.SiteData
[main] INFO net.serenitybdd.core.Serenity - STARTING STEP When enter "marie.dubois@rustic-hw.com" in the "Email Address" field
]]></system-err>
  </testcase>
  <testcase name="When enter &quot;12341234&quot; in the &quot;Password&quot; field" classname="Scenario: VIR-320.01 Verify that the link to the added product to the cart is shown to the shopper on the cart page" time="0">
    <skipped/>
    <system-err><![CDATA[[main] INFO net.serenitybdd.core.Serenity - IGNORING STEP
[main] INFO net.serenitybdd.core.Serenity - STARTING STEP When enter "12341234" in the "Password" field
]]></system-err>
  </testcase>
  <testcase name="When click on login button" classname="Scenario: VIR-320.01 Verify that the link to the added product to the cart is shown to the shopper on the cart page" time="0">
    <skipped/>
    <system-err><![CDATA[[main] INFO net.serenitybdd.core.Serenity - IGNORING STEP
[main] INFO net.serenitybdd.core.Serenity - STARTING STEP When click on login button
]]></system-err>
  </testcase>
  <testcase name="When open category with pagination" classname="Scenario: VIR-320.01 Verify that the link to the added product to the cart is shown to the shopper on the cart page" time="0">
    <skipped/>
    <system-err><![CDATA[[main] INFO net.serenitybdd.core.Serenity - IGNORING STEP
[main] INFO net.serenitybdd.core.Serenity - STARTING STEP When open category with pagination
]]></system-err>
  </testcase>
  <testcase name="When click on &quot;1&quot; product image in list" classname="Scenario: VIR-320.01 Verify that the link to the added product to the cart is shown to the shopper on the cart page" time="0">
    <skipped/>
    <system-err><![CDATA[[main] INFO net.serenitybdd.core.Serenity - IGNORING STEP
[main] INFO net.serenitybdd.core.Serenity - STARTING STEP When click on "1" product image in list
]]></system-err>
  </testcase>
  <testcase name="When remember product data on pdp" classname="Scenario: VIR-320.01 Verify that the link to the added product to the cart is shown to the shopper on the cart page" time="0">
    <skipped/>
    <system-err><![CDATA[[main] INFO net.serenitybdd.core.Serenity - IGNORING STEP
[main] INFO net.serenitybdd.core.Serenity - STARTING STEP When remember product data on pdp
]]></system-err>
  </testcase>
  <testcase name="When click on &quot;Add to cart&quot; button" classname="Scenario: VIR-320.01 Verify that the link to the added product to the cart is shown to the shopper on the cart page" time="0">
    <skipped/>
    <system-err><![CDATA[[main] INFO net.serenitybdd.core.Serenity - IGNORING STEP
[main] INFO net.serenitybdd.core.Serenity - STARTING STEP When click on "Add to cart" button
]]></system-err>
  </testcase>
  <testcase name="When click on &quot;Checkout&quot; button" classname="Scenario: VIR-320.01 Verify that the link to the added product to the cart is shown to the shopper on the cart page" time="0">
    <skipped/>
    <system-err><![CDATA[[main] INFO net.serenitybdd.core.Serenity - IGNORING STEP
[main] INFO net.serenitybdd.core.Serenity - STARTING STEP When click on "Checkout" button
]]></system-err>
  </testcase>
  <testcase name="Then the link of product is shown on Cart page" classname="Scenario: VIR-320.01 Verify that the link to the added product to the cart is shown to the shopper on the cart page" time="0">
    <skipped/>
    <system-err><![CDATA[[main] INFO net.serenitybdd.core.Serenity - IGNORING STEP
[main] INFO net.serenitybdd.core.Serenity - STARTING STEP Then the link of product is shown on Cart page
]]></system-err>
  </testcase>
  <testcase name="Given open &quot;storefront&quot; page" classname="Scenario: VIR-320.02 Verify that clicking on the link the shopper is moved to the product page" time="0.001">
    <error message="Could not initialize class com.virco.locators.SiteData" type="net.serenitybdd.core.exceptions.SerenityManagedException"><![CDATA[net.serenitybdd.core.exceptions.SerenityManagedException: Could not initialize class com.virco.locators.SiteData
	at com.virco.steps.serenity.CommonUserSteps.openManagementPage(CommonUserSteps.java:35)
	at com.virco.steps.serenity.CommonUserSteps$$EnhancerByCGLIB$$d8541bfa.CGLIB$openManagementPage$7(<generated>)
	at com.virco.steps.serenity.CommonUserSteps$$EnhancerByCGLIB$$d8541bfa$$FastClassByCGLIB$$ea8e0f86.invoke(<generated>)
	at net.sf.cglib.proxy.MethodProxy.invokeSuper(MethodProxy.java:228)
	at net.thucydides.core.steps.StepInterceptor.invokeMethod(StepInterceptor.java:372)
	at net.thucydides.core.steps.StepInterceptor.executeTestStepMethod(StepInterceptor.java:357)
	at net.thucydides.core.steps.StepInterceptor.runTestStep(StepInterceptor.java:332)
	at net.thucydides.core.steps.StepInterceptor.testStepResult(StepInterceptor.java:134)
	at net.thucydides.core.steps.StepInterceptor.intercept(StepInterceptor.java:61)
	at com.virco.steps.serenity.CommonUserSteps$$EnhancerByCGLIB$$d8541bfa.openManagementPage(<generated>)
	at com.virco.steps.CommonDefinitionSteps.openPage(CommonDefinitionSteps.java:22)
	at sun.reflect.GeneratedMethodAccessor144.invoke(Unknown Source)
	at sun.reflect.DelegatingMethodAccessorImpl.invoke(DelegatingMethodAccessorImpl.java:43)
	at java.lang.reflect.Method.invoke(Method.java:498)
	at cucumber.runtime.Utils$1.call(Utils.java:40)
	at cucumber.runtime.Timeout.timeout(Timeout.java:16)
	at cucumber.runtime.Utils.invoke(Utils.java:34)
	at cucumber.runtime.java.JavaStepDefinition.execute(JavaStepDefinition.java:38)
	at cucumber.runtime.StepDefinitionMatch.runStep(StepDefinitionMatch.java:37)
	at cucumber.runtime.Runtime.runStep(Runtime.java:300)
	at cucumber.runtime.model.StepContainer.runStep(StepContainer.java:44)
	at cucumber.runtime.model.StepContainer.runSteps(StepContainer.java:39)
	at cucumber.runtime.model.CucumberScenario.run(CucumberScenario.java:44)
	at cucumber.runtime.junit.ExecutionUnitRunner.run(ExecutionUnitRunner.java:102)
	at cucumber.runtime.junit.FeatureRunner.runChild(FeatureRunner.java:63)
	at cucumber.runtime.junit.FeatureRunner.runChild(FeatureRunner.java:18)
	at org.junit.runners.ParentRunner$3.run(ParentRunner.java:290)
	at org.junit.runners.ParentRunner$1.schedule(ParentRunner.java:71)
	at org.junit.runners.ParentRunner.runChildren(ParentRunner.java:288)
	at org.junit.runners.ParentRunner.access$000(ParentRunner.java:58)
	at org.junit.runners.ParentRunner$2.evaluate(ParentRunner.java:268)
	at org.junit.runners.ParentRunner.run(ParentRunner.java:363)
	at cucumber.runtime.junit.FeatureRunner.run(FeatureRunner.java:70)
	at cucumber.api.junit.Cucumber.runChild(Cucumber.java:95)
	at cucumber.api.junit.Cucumber.runChild(Cucumber.java:38)
	at org.junit.runners.ParentRunner$3.run(ParentRunner.java:290)
	at org.junit.runners.ParentRunner$1.schedule(ParentRunner.java:71)
	at org.junit.runners.ParentRunner.runChildren(ParentRunner.java:288)
	at org.junit.runners.ParentRunner.access$000(ParentRunner.java:58)
	at org.junit.runners.ParentRunner$2.evaluate(ParentRunner.java:268)
	at org.junit.runners.ParentRunner.run(ParentRunner.java:363)
	at cucumber.api.junit.Cucumber.run(Cucumber.java:100)
	at org.apache.maven.surefire.junit4.JUnit4Provider.execute(JUnit4Provider.java:283)
	at org.apache.maven.surefire.junit4.JUnit4Provider.executeWithRerun(JUnit4Provider.java:173)
	at org.apache.maven.surefire.junit4.JUnit4Provider.executeTestSet(JUnit4Provider.java:153)
	at org.apache.maven.surefire.junit4.JUnit4Provider.invoke(JUnit4Provider.java:128)
	at org.apache.maven.surefire.booter.ForkedBooter.invokeProviderInSameClassLoader(ForkedBooter.java:203)
	at org.apache.maven.surefire.booter.ForkedBooter.runSuitesInProcess(ForkedBooter.java:155)
	at org.apache.maven.surefire.booter.ForkedBooter.main(ForkedBooter.java:103)
]]></error>
    <system-err><![CDATA[[main] INFO net.serenitybdd.core.Serenity - IGNORING STEP
[main] ERROR net.serenitybdd.core.Serenity - 
           __  _____ _____ ____ _____   _____ _    ___ _     _____ ____  
  _       / / |_   _| ____/ ___|_   _| |  ___/ \  |_ _| |   | ____|  _ \ 
 (_)_____| |    | | |  _| \___ \ | |   | |_ / _ \  | || |   |  _| | | | |
  _|_____| |    | | | |___ ___) || |   |  _/ ___ \ | || |___| |___| |_| |
 (_)     | |    |_| |_____|____/ |_|   |_|/_/   \_\___|_____|_____|____/ 
          \_\                                                            

TEST FAILED WITH ERROR: VIR-320.01 Verify that the link to the added product to the cart is shown to the shopper on the cart page
---------------------------------------------------------------------
[main] ERROR net.serenitybdd.core.Serenity - TEST FAILED AT STEP Open management page: storefront
[main] ERROR net.serenitybdd.core.Serenity - Could not initialize class com.virco.locators.SiteData
[pool-1-thread-1] INFO net.thucydides.core.reports.json.JSONTestOutcomeReporter - Generating JSON report for VIR-326.03 Verify that the Cart Mini is closed if click Continue Shopping to file /Users/rodionsavchuk/hybrisAutomation/virco-automatedtests/target/site/serenity/fc75e3c14f20f460880ef40a61a6df29f6fa31bb951c9ebb427bfc8c392236de.json (using temp file /Users/rodionsavchuk/hybrisAutomation/virco-automatedtests/target/site/serenity/fc75e3c14f20f460880ef40a61a6df29f6fa31bb951c9ebb427bfc8c392236de.jsona9984fe4-6606-4155-9a50-70287c467263)
[pool-1-thread-2] INFO net.thucydides.core.reports.json.JSONTestOutcomeReporter - Generating JSON report for VIR-326.01 Verify that the last 5 line items from the cart is shown to the customer if they hover the cart icon to file /Users/rodionsavchuk/hybrisAutomation/virco-automatedtests/target/site/serenity/10cc6173443af7b226654e355bce3172c0f985aa67b7bdbbd49e170696d8d64f.json (using temp file /Users/rodionsavchuk/hybrisAutomation/virco-automatedtests/target/site/serenity/10cc6173443af7b226654e355bce3172c0f985aa67b7bdbbd49e170696d8d64f.json51771e46-6bc3-4ffa-aac0-54bf48841d70)
[pool-1-thread-3] INFO net.thucydides.core.reports.json.JSONTestOutcomeReporter - Generating JSON report for VIR-326.02 Verify that the Cart is shown if click Checkout to file /Users/rodionsavchuk/hybrisAutomation/virco-automatedtests/target/site/serenity/e824970ee4a6720040fcabde0fda88ee8290262f154aba069707e4340b4bb934.json (using temp file /Users/rodionsavchuk/hybrisAutomation/virco-automatedtests/target/site/serenity/e824970ee4a6720040fcabde0fda88ee8290262f154aba069707e4340b4bb934.json5b787c74-bf31-4501-8a9a-48d5a5d8906d)
[pool-1-thread-4] INFO net.thucydides.core.reports.json.JSONTestOutcomeReporter - Generating JSON report for VIR-326.04 Verify that the following information is shown for the line items to file /Users/rodionsavchuk/hybrisAutomation/virco-automatedtests/target/site/serenity/2c452f07a1bcdf3421c4edf447bc89057a98cf46c59ef2b671d2be2ff4a4c053.json (using temp file /Users/rodionsavchuk/hybrisAutomation/virco-automatedtests/target/site/serenity/2c452f07a1bcdf3421c4edf447bc89057a98cf46c59ef2b671d2be2ff4a4c053.json9e122209-e8ec-4b34-9f70-fadb47590099)
[pool-1-thread-4] INFO net.thucydides.core.reports.json.JSONTestOutcomeReporter - Generating JSON report for VIR-319.01 Verify that the items have the following information shown additionally at the shopping cart to file /Users/rodionsavchuk/hybrisAutomation/virco-automatedtests/target/site/serenity/d28c9ee9524e1740a1157dc1946b996d71e320182676e5c9c0dab68033c8027c.json (using temp file /Users/rodionsavchuk/hybrisAutomation/virco-automatedtests/target/site/serenity/d28c9ee9524e1740a1157dc1946b996d71e320182676e5c9c0dab68033c8027c.jsone5addbfc-1364-4f9d-b20d-2374bd65ddaa)
[pool-1-thread-1] INFO net.thucydides.core.reports.json.JSONTestOutcomeReporter - Generating JSON report for VIR-319.02 Verify that the shown data is valid to file /Users/rodionsavchuk/hybrisAutomation/virco-automatedtests/target/site/serenity/90256fb01ae1d8bf3a043fb882946d3fb891cbd459686b154c95cd9a210f2074.json (using temp file /Users/rodionsavchuk/hybrisAutomation/virco-automatedtests/target/site/serenity/90256fb01ae1d8bf3a043fb882946d3fb891cbd459686b154c95cd9a210f2074.jsondf270961-42ee-45a4-bba0-400afb2d78d9)
[pool-1-thread-3] INFO net.thucydides.core.reports.json.JSONTestOutcomeReporter - Generating JSON report for VIR-320.01 Verify that the link to the added product to the cart is shown to the shopper on the cart page to file /Users/rodionsavchuk/hybrisAutomation/virco-automatedtests/target/site/serenity/d16ead5691550e3b597df893a88ba61cd6c833f840268cb93b349a7266b1a994.json (using temp file /Users/rodionsavchuk/hybrisAutomation/virco-automatedtests/target/site/serenity/d16ead5691550e3b597df893a88ba61cd6c833f840268cb93b349a7266b1a994.jsonaad877ef-8f70-4aa0-915d-06f028bc0921)
[pool-1-thread-1] INFO net.thucydides.core.reports.html.HtmlAcceptanceTestReporter - GENERATING HTML REPORT FOR CART-10 - Mini-Cart:VIR-326.02 Verify that the Cart is shown if click Checkout in e824970ee4a6720040fcabde0fda88ee8290262f154aba069707e4340b4bb934.html in directory target/site/serenity  
[pool-1-thread-2] INFO net.thucydides.core.reports.html.HtmlAcceptanceTestReporter - GENERATING HTML REPORT FOR CART-10 - Mini-Cart:VIR-326.01 Verify that the last 5 line items from the cart is shown to the customer if they hover the cart icon in 10cc6173443af7b226654e355bce3172c0f985aa67b7bdbbd49e170696d8d64f.html in directory target/site/serenity  
[pool-1-thread-4] INFO net.thucydides.core.reports.html.HtmlAcceptanceTestReporter - GENERATING HTML REPORT FOR CART-10 - Mini-Cart:VIR-326.03 Verify that the Cart Mini is closed if click Continue Shopping in fc75e3c14f20f460880ef40a61a6df29f6fa31bb951c9ebb427bfc8c392236de.html in directory target/site/serenity  
[pool-1-thread-4] INFO net.thucydides.core.reports.html.HtmlAcceptanceTestReporter - GENERATING HTML REPORT FOR CART-2 - Cart Data:VIR-319.02 Verify that the shown data is valid in 90256fb01ae1d8bf3a043fb882946d3fb891cbd459686b154c95cd9a210f2074.html in directory target/site/serenity  
[pool-1-thread-2] INFO net.thucydides.core.reports.html.HtmlAcceptanceTestReporter - GENERATING HTML REPORT FOR CART-3 - Product Links:VIR-320.01 Verify that the link to the added product to the cart is shown to the shopper on the cart page in d16ead5691550e3b597df893a88ba61cd6c833f840268cb93b349a7266b1a994.html in directory target/site/serenity  
[pool-1-thread-1] INFO net.thucydides.core.reports.html.HtmlAcceptanceTestReporter - GENERATING HTML REPORT FOR CART-10 - Mini-Cart:VIR-326.04 Verify that the following information is shown for the line items in 2c452f07a1bcdf3421c4edf447bc89057a98cf46c59ef2b671d2be2ff4a4c053.html in directory target/site/serenity  
[pool-1-thread-3] INFO net.thucydides.core.reports.html.HtmlAcceptanceTestReporter - GENERATING HTML REPORT FOR CART-2 - Cart Data:VIR-319.01 Verify that the items have the following information shown additionally at the shopping cart in d28c9ee9524e1740a1157dc1946b996d71e320182676e5c9c0dab68033c8027c.html in directory target/site/serenity  
[main] INFO net.serenitybdd.core.Serenity - 
 _____ _____ ____ _____   ____ _____  _    ____ _____ _____ ____  
|_   _| ____/ ___|_   _| / ___|_   _|/ \  |  _ \_   _| ____|  _ \ 
  | | |  _| \___ \ | |   \___ \ | | / _ \ | |_) || | |  _| | | | |
  | | | |___ ___) || |    ___) || |/ ___ \|  _ < | | | |___| |_| |
  |_| |_____|____/ |_|   |____/ |_/_/   \_\_| \_\|_| |_____|____/ 
                                                                  

TEST STARTED: VIR-320.02 Verify that clicking on the link the shopper is moved to the product page
-------------------------------------------------------------------(cart-3---product-links;vir-320.02-verify-that-clicking-on-the-link-the-shopper-is-moved-to-the-product-page)
[main] INFO net.serenitybdd.core.Serenity - STARTING STEP Given open "storefront" page
[main] INFO net.serenitybdd.core.Serenity - STARTING STEP Open management page: storefront
[main] INFO net.serenitybdd.core.Serenity - STEP ERROR: net.serenitybdd.core.exceptions.SerenityManagedException: Could not initialize class com.virco.locators.SiteData
]]></system-err>
  </testcase>
  <testcase name="Scenario: VIR-320.02 Verify that clicking on the link the shopper is moved to the product page" classname="Scenario: VIR-320.02 Verify that clicking on the link the shopper is moved to the product page" time="0.003">
    <error message="Could not initialize class com.virco.locators.SiteData" type="net.serenitybdd.core.exceptions.SerenityManagedException"><![CDATA[net.serenitybdd.core.exceptions.SerenityManagedException: Could not initialize class com.virco.locators.SiteData
	at com.virco.steps.serenity.CommonUserSteps.openManagementPage(CommonUserSteps.java:35)
	at com.virco.steps.serenity.CommonUserSteps$$EnhancerByCGLIB$$d8541bfa.CGLIB$openManagementPage$7(<generated>)
	at com.virco.steps.serenity.CommonUserSteps$$EnhancerByCGLIB$$d8541bfa$$FastClassByCGLIB$$ea8e0f86.invoke(<generated>)
	at net.sf.cglib.proxy.MethodProxy.invokeSuper(MethodProxy.java:228)
	at net.thucydides.core.steps.StepInterceptor.invokeMethod(StepInterceptor.java:372)
	at net.thucydides.core.steps.StepInterceptor.executeTestStepMethod(StepInterceptor.java:357)
	at net.thucydides.core.steps.StepInterceptor.runTestStep(StepInterceptor.java:332)
	at net.thucydides.core.steps.StepInterceptor.testStepResult(StepInterceptor.java:134)
	at net.thucydides.core.steps.StepInterceptor.intercept(StepInterceptor.java:61)
	at com.virco.steps.serenity.CommonUserSteps$$EnhancerByCGLIB$$d8541bfa.openManagementPage(<generated>)
	at com.virco.steps.CommonDefinitionSteps.openPage(CommonDefinitionSteps.java:22)
	at sun.reflect.GeneratedMethodAccessor144.invoke(Unknown Source)
	at sun.reflect.DelegatingMethodAccessorImpl.invoke(DelegatingMethodAccessorImpl.java:43)
	at java.lang.reflect.Method.invoke(Method.java:498)
	at cucumber.runtime.Utils$1.call(Utils.java:40)
	at cucumber.runtime.Timeout.timeout(Timeout.java:16)
	at cucumber.runtime.Utils.invoke(Utils.java:34)
	at cucumber.runtime.java.JavaStepDefinition.execute(JavaStepDefinition.java:38)
	at cucumber.runtime.StepDefinitionMatch.runStep(StepDefinitionMatch.java:37)
	at cucumber.runtime.Runtime.runStep(Runtime.java:300)
	at cucumber.runtime.model.StepContainer.runStep(StepContainer.java:44)
	at cucumber.runtime.model.StepContainer.runSteps(StepContainer.java:39)
	at cucumber.runtime.model.CucumberScenario.run(CucumberScenario.java:44)
	at cucumber.runtime.junit.ExecutionUnitRunner.run(ExecutionUnitRunner.java:102)
	at cucumber.runtime.junit.FeatureRunner.runChild(FeatureRunner.java:63)
	at cucumber.runtime.junit.FeatureRunner.runChild(FeatureRunner.java:18)
	at org.junit.runners.ParentRunner$3.run(ParentRunner.java:290)
	at org.junit.runners.ParentRunner$1.schedule(ParentRunner.java:71)
	at org.junit.runners.ParentRunner.runChildren(ParentRunner.java:288)
	at org.junit.runners.ParentRunner.access$000(ParentRunner.java:58)
	at org.junit.runners.ParentRunner$2.evaluate(ParentRunner.java:268)
	at org.junit.runners.ParentRunner.run(ParentRunner.java:363)
	at cucumber.runtime.junit.FeatureRunner.run(FeatureRunner.java:70)
	at cucumber.api.junit.Cucumber.runChild(Cucumber.java:95)
	at cucumber.api.junit.Cucumber.runChild(Cucumber.java:38)
	at org.junit.runners.ParentRunner$3.run(ParentRunner.java:290)
	at org.junit.runners.ParentRunner$1.schedule(ParentRunner.java:71)
	at org.junit.runners.ParentRunner.runChildren(ParentRunner.java:288)
	at org.junit.runners.ParentRunner.access$000(ParentRunner.java:58)
	at org.junit.runners.ParentRunner$2.evaluate(ParentRunner.java:268)
	at org.junit.runners.ParentRunner.run(ParentRunner.java:363)
	at cucumber.api.junit.Cucumber.run(Cucumber.java:100)
	at org.apache.maven.surefire.junit4.JUnit4Provider.execute(JUnit4Provider.java:283)
	at org.apache.maven.surefire.junit4.JUnit4Provider.executeWithRerun(JUnit4Provider.java:173)
	at org.apache.maven.surefire.junit4.JUnit4Provider.executeTestSet(JUnit4Provider.java:153)
	at org.apache.maven.surefire.junit4.JUnit4Provider.invoke(JUnit4Provider.java:128)
	at org.apache.maven.surefire.booter.ForkedBooter.invokeProviderInSameClassLoader(ForkedBooter.java:203)
	at org.apache.maven.surefire.booter.ForkedBooter.runSuitesInProcess(ForkedBooter.java:155)
	at org.apache.maven.surefire.booter.ForkedBooter.main(ForkedBooter.java:103)
]]></error>
  </testcase>
  <testcase name="When enter &quot;marie.dubois@rustic-hw.com&quot; in the &quot;Email Address&quot; field" classname="Scenario: VIR-320.02 Verify that clicking on the link the shopper is moved to the product page" time="0">
    <skipped/>
    <system-err><![CDATA[[main] INFO net.serenitybdd.core.Serenity - STEP ERROR: java.lang.NoClassDefFoundError: Could not initialize class com.virco.locators.SiteData
[main] INFO net.serenitybdd.core.Serenity - STARTING STEP When enter "marie.dubois@rustic-hw.com" in the "Email Address" field
]]></system-err>
  </testcase>
  <testcase name="When enter &quot;12341234&quot; in the &quot;Password&quot; field" classname="Scenario: VIR-320.02 Verify that clicking on the link the shopper is moved to the product page" time="0">
    <skipped/>
    <system-err><![CDATA[[main] INFO net.serenitybdd.core.Serenity - IGNORING STEP
[main] INFO net.serenitybdd.core.Serenity - STARTING STEP When enter "12341234" in the "Password" field
]]></system-err>
  </testcase>
  <testcase name="When click on login button" classname="Scenario: VIR-320.02 Verify that clicking on the link the shopper is moved to the product page" time="0">
    <skipped/>
    <system-err><![CDATA[[main] INFO net.serenitybdd.core.Serenity - IGNORING STEP
[main] INFO net.serenitybdd.core.Serenity - STARTING STEP When click on login button
]]></system-err>
  </testcase>
  <testcase name="When open category with pagination" classname="Scenario: VIR-320.02 Verify that clicking on the link the shopper is moved to the product page" time="0">
    <skipped/>
    <system-err><![CDATA[[main] INFO net.serenitybdd.core.Serenity - IGNORING STEP
[main] INFO net.serenitybdd.core.Serenity - STARTING STEP When open category with pagination
]]></system-err>
  </testcase>
  <testcase name="When click on &quot;1&quot; product image in list" classname="Scenario: VIR-320.02 Verify that clicking on the link the shopper is moved to the product page" time="0">
    <skipped/>
    <system-err><![CDATA[[main] INFO net.serenitybdd.core.Serenity - IGNORING STEP
[main] INFO net.serenitybdd.core.Serenity - STARTING STEP When click on "1" product image in list
]]></system-err>
  </testcase>
  <testcase name="When remember product data on pdp" classname="Scenario: VIR-320.02 Verify that clicking on the link the shopper is moved to the product page" time="0">
    <skipped/>
    <system-err><![CDATA[[main] INFO net.serenitybdd.core.Serenity - IGNORING STEP
[main] INFO net.serenitybdd.core.Serenity - STARTING STEP When remember product data on pdp
]]></system-err>
  </testcase>
  <testcase name="When click on &quot;Add to cart&quot; button" classname="Scenario: VIR-320.02 Verify that clicking on the link the shopper is moved to the product page" time="0">
    <skipped/>
    <system-err><![CDATA[[main] INFO net.serenitybdd.core.Serenity - IGNORING STEP
[main] INFO net.serenitybdd.core.Serenity - STARTING STEP When click on "Add to cart" button
]]></system-err>
  </testcase>
  <testcase name="When click on &quot;Checkout&quot; button" classname="Scenario: VIR-320.02 Verify that clicking on the link the shopper is moved to the product page" time="0">
    <skipped/>
    <system-err><![CDATA[[main] INFO net.serenitybdd.core.Serenity - IGNORING STEP
[main] INFO net.serenitybdd.core.Serenity - STARTING STEP When click on "Checkout" button
]]></system-err>
  </testcase>
  <testcase name="When click on added product on Cart page" classname="Scenario: VIR-320.02 Verify that clicking on the link the shopper is moved to the product page" time="0">
    <skipped/>
    <system-err><![CDATA[[main] INFO net.serenitybdd.core.Serenity - IGNORING STEP
[main] INFO net.serenitybdd.core.Serenity - STARTING STEP When click on added product on Cart page
]]></system-err>
  </testcase>
  <testcase name="Then added product page is shown" classname="Scenario: VIR-320.02 Verify that clicking on the link the shopper is moved to the product page" time="0">
    <skipped/>
    <system-err><![CDATA[[main] INFO net.serenitybdd.core.Serenity - IGNORING STEP
[main] INFO net.serenitybdd.core.Serenity - STARTING STEP Then added product page is shown
]]></system-err>
  </testcase>
  <testcase name="Given open &quot;storefront&quot; page" classname="Scenario: VIR-320.03 Verify that the shopper can continue the shopping by clicking on Continue Shopping page" time="0.001">
    <error message="Could not initialize class com.virco.locators.SiteData" type="net.serenitybdd.core.exceptions.SerenityManagedException"><![CDATA[net.serenitybdd.core.exceptions.SerenityManagedException: Could not initialize class com.virco.locators.SiteData
	at com.virco.steps.serenity.CommonUserSteps.openManagementPage(CommonUserSteps.java:35)
	at com.virco.steps.serenity.CommonUserSteps$$EnhancerByCGLIB$$d8541bfa.CGLIB$openManagementPage$7(<generated>)
	at com.virco.steps.serenity.CommonUserSteps$$EnhancerByCGLIB$$d8541bfa$$FastClassByCGLIB$$ea8e0f86.invoke(<generated>)
	at net.sf.cglib.proxy.MethodProxy.invokeSuper(MethodProxy.java:228)
	at net.thucydides.core.steps.StepInterceptor.invokeMethod(StepInterceptor.java:372)
	at net.thucydides.core.steps.StepInterceptor.executeTestStepMethod(StepInterceptor.java:357)
	at net.thucydides.core.steps.StepInterceptor.runTestStep(StepInterceptor.java:332)
	at net.thucydides.core.steps.StepInterceptor.testStepResult(StepInterceptor.java:134)
	at net.thucydides.core.steps.StepInterceptor.intercept(StepInterceptor.java:61)
	at com.virco.steps.serenity.CommonUserSteps$$EnhancerByCGLIB$$d8541bfa.openManagementPage(<generated>)
	at com.virco.steps.CommonDefinitionSteps.openPage(CommonDefinitionSteps.java:22)
	at sun.reflect.GeneratedMethodAccessor144.invoke(Unknown Source)
	at sun.reflect.DelegatingMethodAccessorImpl.invoke(DelegatingMethodAccessorImpl.java:43)
	at java.lang.reflect.Method.invoke(Method.java:498)
	at cucumber.runtime.Utils$1.call(Utils.java:40)
	at cucumber.runtime.Timeout.timeout(Timeout.java:16)
	at cucumber.runtime.Utils.invoke(Utils.java:34)
	at cucumber.runtime.java.JavaStepDefinition.execute(JavaStepDefinition.java:38)
	at cucumber.runtime.StepDefinitionMatch.runStep(StepDefinitionMatch.java:37)
	at cucumber.runtime.Runtime.runStep(Runtime.java:300)
	at cucumber.runtime.model.StepContainer.runStep(StepContainer.java:44)
	at cucumber.runtime.model.StepContainer.runSteps(StepContainer.java:39)
	at cucumber.runtime.model.CucumberScenario.run(CucumberScenario.java:44)
	at cucumber.runtime.junit.ExecutionUnitRunner.run(ExecutionUnitRunner.java:102)
	at cucumber.runtime.junit.FeatureRunner.runChild(FeatureRunner.java:63)
	at cucumber.runtime.junit.FeatureRunner.runChild(FeatureRunner.java:18)
	at org.junit.runners.ParentRunner$3.run(ParentRunner.java:290)
	at org.junit.runners.ParentRunner$1.schedule(ParentRunner.java:71)
	at org.junit.runners.ParentRunner.runChildren(ParentRunner.java:288)
	at org.junit.runners.ParentRunner.access$000(ParentRunner.java:58)
	at org.junit.runners.ParentRunner$2.evaluate(ParentRunner.java:268)
	at org.junit.runners.ParentRunner.run(ParentRunner.java:363)
	at cucumber.runtime.junit.FeatureRunner.run(FeatureRunner.java:70)
	at cucumber.api.junit.Cucumber.runChild(Cucumber.java:95)
	at cucumber.api.junit.Cucumber.runChild(Cucumber.java:38)
	at org.junit.runners.ParentRunner$3.run(ParentRunner.java:290)
	at org.junit.runners.ParentRunner$1.schedule(ParentRunner.java:71)
	at org.junit.runners.ParentRunner.runChildren(ParentRunner.java:288)
	at org.junit.runners.ParentRunner.access$000(ParentRunner.java:58)
	at org.junit.runners.ParentRunner$2.evaluate(ParentRunner.java:268)
	at org.junit.runners.ParentRunner.run(ParentRunner.java:363)
	at cucumber.api.junit.Cucumber.run(Cucumber.java:100)
	at org.apache.maven.surefire.junit4.JUnit4Provider.execute(JUnit4Provider.java:283)
	at org.apache.maven.surefire.junit4.JUnit4Provider.executeWithRerun(JUnit4Provider.java:173)
	at org.apache.maven.surefire.junit4.JUnit4Provider.executeTestSet(JUnit4Provider.java:153)
	at org.apache.maven.surefire.junit4.JUnit4Provider.invoke(JUnit4Provider.java:128)
	at org.apache.maven.surefire.booter.ForkedBooter.invokeProviderInSameClassLoader(ForkedBooter.java:203)
	at org.apache.maven.surefire.booter.ForkedBooter.runSuitesInProcess(ForkedBooter.java:155)
	at org.apache.maven.surefire.booter.ForkedBooter.main(ForkedBooter.java:103)
]]></error>
    <system-err><![CDATA[[main] INFO net.serenitybdd.core.Serenity - IGNORING STEP
[main] ERROR net.serenitybdd.core.Serenity - 
           __  _____ _____ ____ _____   _____ _    ___ _     _____ ____  
  _       / / |_   _| ____/ ___|_   _| |  ___/ \  |_ _| |   | ____|  _ \ 
 (_)_____| |    | | |  _| \___ \ | |   | |_ / _ \  | || |   |  _| | | | |
  _|_____| |    | | | |___ ___) || |   |  _/ ___ \ | || |___| |___| |_| |
 (_)     | |    |_| |_____|____/ |_|   |_|/_/   \_\___|_____|_____|____/ 
          \_\                                                            

TEST FAILED WITH ERROR: VIR-320.02 Verify that clicking on the link the shopper is moved to the product page
---------------------------------------------------------------------
[main] ERROR net.serenitybdd.core.Serenity - TEST FAILED AT STEP Open management page: storefront
[main] ERROR net.serenitybdd.core.Serenity - Could not initialize class com.virco.locators.SiteData
[pool-1-thread-2] INFO net.thucydides.core.reports.json.JSONTestOutcomeReporter - Generating JSON report for VIR-326.02 Verify that the Cart is shown if click Checkout to file /Users/rodionsavchuk/hybrisAutomation/virco-automatedtests/target/site/serenity/e824970ee4a6720040fcabde0fda88ee8290262f154aba069707e4340b4bb934.json (using temp file /Users/rodionsavchuk/hybrisAutomation/virco-automatedtests/target/site/serenity/e824970ee4a6720040fcabde0fda88ee8290262f154aba069707e4340b4bb934.json4bde8c37-d08b-49a2-b2fc-6aff7cb2633f)
[pool-1-thread-4] INFO net.thucydides.core.reports.json.JSONTestOutcomeReporter - Generating JSON report for VIR-326.01 Verify that the last 5 line items from the cart is shown to the customer if they hover the cart icon to file /Users/rodionsavchuk/hybrisAutomation/virco-automatedtests/target/site/serenity/10cc6173443af7b226654e355bce3172c0f985aa67b7bdbbd49e170696d8d64f.json (using temp file /Users/rodionsavchuk/hybrisAutomation/virco-automatedtests/target/site/serenity/10cc6173443af7b226654e355bce3172c0f985aa67b7bdbbd49e170696d8d64f.json9c6f691f-6c11-4b37-a56d-3a4423abb347)
[pool-1-thread-1] INFO net.thucydides.core.reports.json.JSONTestOutcomeReporter - Generating JSON report for VIR-326.03 Verify that the Cart Mini is closed if click Continue Shopping to file /Users/rodionsavchuk/hybrisAutomation/virco-automatedtests/target/site/serenity/fc75e3c14f20f460880ef40a61a6df29f6fa31bb951c9ebb427bfc8c392236de.json (using temp file /Users/rodionsavchuk/hybrisAutomation/virco-automatedtests/target/site/serenity/fc75e3c14f20f460880ef40a61a6df29f6fa31bb951c9ebb427bfc8c392236de.json97e74a19-d57a-4b53-899f-aa7ecb54c05f)
[pool-1-thread-3] INFO net.thucydides.core.reports.json.JSONTestOutcomeReporter - Generating JSON report for VIR-326.04 Verify that the following information is shown for the line items to file /Users/rodionsavchuk/hybrisAutomation/virco-automatedtests/target/site/serenity/2c452f07a1bcdf3421c4edf447bc89057a98cf46c59ef2b671d2be2ff4a4c053.json (using temp file /Users/rodionsavchuk/hybrisAutomation/virco-automatedtests/target/site/serenity/2c452f07a1bcdf3421c4edf447bc89057a98cf46c59ef2b671d2be2ff4a4c053.json42053912-36df-43e8-a901-ff7fc593e5d5)
[pool-1-thread-2] INFO net.thucydides.core.reports.json.JSONTestOutcomeReporter - Generating JSON report for VIR-319.01 Verify that the items have the following information shown additionally at the shopping cart to file /Users/rodionsavchuk/hybrisAutomation/virco-automatedtests/target/site/serenity/d28c9ee9524e1740a1157dc1946b996d71e320182676e5c9c0dab68033c8027c.json (using temp file /Users/rodionsavchuk/hybrisAutomation/virco-automatedtests/target/site/serenity/d28c9ee9524e1740a1157dc1946b996d71e320182676e5c9c0dab68033c8027c.jsonef6a08e3-fdf9-4887-9e3a-c485b978806c)
[pool-1-thread-1] INFO net.thucydides.core.reports.json.JSONTestOutcomeReporter - Generating JSON report for VIR-320.01 Verify that the link to the added product to the cart is shown to the shopper on the cart page to file /Users/rodionsavchuk/hybrisAutomation/virco-automatedtests/target/site/serenity/d16ead5691550e3b597df893a88ba61cd6c833f840268cb93b349a7266b1a994.json (using temp file /Users/rodionsavchuk/hybrisAutomation/virco-automatedtests/target/site/serenity/d16ead5691550e3b597df893a88ba61cd6c833f840268cb93b349a7266b1a994.jsone360add6-0c0f-4a6f-a267-dd8e92a7e4c4)
[pool-1-thread-3] INFO net.thucydides.core.reports.json.JSONTestOutcomeReporter - Generating JSON report for VIR-319.02 Verify that the shown data is valid to file /Users/rodionsavchuk/hybrisAutomation/virco-automatedtests/target/site/serenity/90256fb01ae1d8bf3a043fb882946d3fb891cbd459686b154c95cd9a210f2074.json (using temp file /Users/rodionsavchuk/hybrisAutomation/virco-automatedtests/target/site/serenity/90256fb01ae1d8bf3a043fb882946d3fb891cbd459686b154c95cd9a210f2074.json31dd221e-63f4-4877-92b7-4eb44a145dae)
[pool-1-thread-4] INFO net.thucydides.core.reports.json.JSONTestOutcomeReporter - Generating JSON report for VIR-320.02 Verify that clicking on the link the shopper is moved to the product page to file /Users/rodionsavchuk/hybrisAutomation/virco-automatedtests/target/site/serenity/6c8f08f50ad54d227955441033cee5bb3aaf213afb86e0121c8ec2b4b4fc4ef5.json (using temp file /Users/rodionsavchuk/hybrisAutomation/virco-automatedtests/target/site/serenity/6c8f08f50ad54d227955441033cee5bb3aaf213afb86e0121c8ec2b4b4fc4ef5.json82120a72-126c-46aa-92c5-adacc4086e67)
[pool-1-thread-1] INFO net.thucydides.core.reports.html.HtmlAcceptanceTestReporter - GENERATING HTML REPORT FOR CART-10 - Mini-Cart:VIR-326.02 Verify that the Cart is shown if click Checkout in e824970ee4a6720040fcabde0fda88ee8290262f154aba069707e4340b4bb934.html in directory target/site/serenity  
[pool-1-thread-4] INFO net.thucydides.core.reports.html.HtmlAcceptanceTestReporter - GENERATING HTML REPORT FOR CART-10 - Mini-Cart:VIR-326.03 Verify that the Cart Mini is closed if click Continue Shopping in fc75e3c14f20f460880ef40a61a6df29f6fa31bb951c9ebb427bfc8c392236de.html in directory target/site/serenity  
[pool-1-thread-3] INFO net.thucydides.core.reports.html.HtmlAcceptanceTestReporter - GENERATING HTML REPORT FOR CART-10 - Mini-Cart:VIR-326.04 Verify that the following information is shown for the line items in 2c452f07a1bcdf3421c4edf447bc89057a98cf46c59ef2b671d2be2ff4a4c053.html in directory target/site/serenity  
[pool-1-thread-2] INFO net.thucydides.core.reports.html.HtmlAcceptanceTestReporter - GENERATING HTML REPORT FOR CART-10 - Mini-Cart:VIR-326.01 Verify that the last 5 line items from the cart is shown to the customer if they hover the cart icon in 10cc6173443af7b226654e355bce3172c0f985aa67b7bdbbd49e170696d8d64f.html in directory target/site/serenity  
[pool-1-thread-3] INFO net.thucydides.core.reports.html.HtmlAcceptanceTestReporter - GENERATING HTML REPORT FOR CART-2 - Cart Data:VIR-319.02 Verify that the shown data is valid in 90256fb01ae1d8bf3a043fb882946d3fb891cbd459686b154c95cd9a210f2074.html in directory target/site/serenity  
[pool-1-thread-1] INFO net.thucydides.core.reports.html.HtmlAcceptanceTestReporter - GENERATING HTML REPORT FOR CART-2 - Cart Data:VIR-319.01 Verify that the items have the following information shown additionally at the shopping cart in d28c9ee9524e1740a1157dc1946b996d71e320182676e5c9c0dab68033c8027c.html in directory target/site/serenity  
[pool-1-thread-4] INFO net.thucydides.core.reports.html.HtmlAcceptanceTestReporter - GENERATING HTML REPORT FOR CART-3 - Product Links:VIR-320.01 Verify that the link to the added product to the cart is shown to the shopper on the cart page in d16ead5691550e3b597df893a88ba61cd6c833f840268cb93b349a7266b1a994.html in directory target/site/serenity  
[pool-1-thread-3] INFO net.thucydides.core.reports.html.HtmlAcceptanceTestReporter - GENERATING HTML REPORT FOR CART-3 - Product Links:VIR-320.02 Verify that clicking on the link the shopper is moved to the product page in 6c8f08f50ad54d227955441033cee5bb3aaf213afb86e0121c8ec2b4b4fc4ef5.html in directory target/site/serenity  
[main] INFO net.serenitybdd.core.Serenity - 
 _____ _____ ____ _____   ____ _____  _    ____ _____ _____ ____  
|_   _| ____/ ___|_   _| / ___|_   _|/ \  |  _ \_   _| ____|  _ \ 
  | | |  _| \___ \ | |   \___ \ | | / _ \ | |_) || | |  _| | | | |
  | | | |___ ___) || |    ___) || |/ ___ \|  _ < | | | |___| |_| |
  |_| |_____|____/ |_|   |____/ |_/_/   \_\_| \_\|_| |_____|____/ 
                                                                  

TEST STARTED: VIR-320.03 Verify that the shopper can continue the shopping by clicking on Continue Shopping page
-------------------------------------------------------------------(cart-3---product-links;vir-320.03-verify-that-the-shopper-can-continue-the-shopping-by-clicking-on-continue-shopping-page)
[main] INFO net.serenitybdd.core.Serenity - STARTING STEP Given open "storefront" page
[main] INFO net.serenitybdd.core.Serenity - STARTING STEP Open management page: storefront
[main] INFO net.serenitybdd.core.Serenity - STEP ERROR: net.serenitybdd.core.exceptions.SerenityManagedException: Could not initialize class com.virco.locators.SiteData
]]></system-err>
  </testcase>
  <testcase name="Scenario: VIR-320.03 Verify that the shopper can continue the shopping by clicking on Continue Shopping page" classname="Scenario: VIR-320.03 Verify that the shopper can continue the shopping by clicking on Continue Shopping page" time="0.001">
    <error message="Could not initialize class com.virco.locators.SiteData" type="net.serenitybdd.core.exceptions.SerenityManagedException"><![CDATA[net.serenitybdd.core.exceptions.SerenityManagedException: Could not initialize class com.virco.locators.SiteData
	at com.virco.steps.serenity.CommonUserSteps.openManagementPage(CommonUserSteps.java:35)
	at com.virco.steps.serenity.CommonUserSteps$$EnhancerByCGLIB$$d8541bfa.CGLIB$openManagementPage$7(<generated>)
	at com.virco.steps.serenity.CommonUserSteps$$EnhancerByCGLIB$$d8541bfa$$FastClassByCGLIB$$ea8e0f86.invoke(<generated>)
	at net.sf.cglib.proxy.MethodProxy.invokeSuper(MethodProxy.java:228)
	at net.thucydides.core.steps.StepInterceptor.invokeMethod(StepInterceptor.java:372)
	at net.thucydides.core.steps.StepInterceptor.executeTestStepMethod(StepInterceptor.java:357)
	at net.thucydides.core.steps.StepInterceptor.runTestStep(StepInterceptor.java:332)
	at net.thucydides.core.steps.StepInterceptor.testStepResult(StepInterceptor.java:134)
	at net.thucydides.core.steps.StepInterceptor.intercept(StepInterceptor.java:61)
	at com.virco.steps.serenity.CommonUserSteps$$EnhancerByCGLIB$$d8541bfa.openManagementPage(<generated>)
	at com.virco.steps.CommonDefinitionSteps.openPage(CommonDefinitionSteps.java:22)
	at sun.reflect.GeneratedMethodAccessor144.invoke(Unknown Source)
	at sun.reflect.DelegatingMethodAccessorImpl.invoke(DelegatingMethodAccessorImpl.java:43)
	at java.lang.reflect.Method.invoke(Method.java:498)
	at cucumber.runtime.Utils$1.call(Utils.java:40)
	at cucumber.runtime.Timeout.timeout(Timeout.java:16)
	at cucumber.runtime.Utils.invoke(Utils.java:34)
	at cucumber.runtime.java.JavaStepDefinition.execute(JavaStepDefinition.java:38)
	at cucumber.runtime.StepDefinitionMatch.runStep(StepDefinitionMatch.java:37)
	at cucumber.runtime.Runtime.runStep(Runtime.java:300)
	at cucumber.runtime.model.StepContainer.runStep(StepContainer.java:44)
	at cucumber.runtime.model.StepContainer.runSteps(StepContainer.java:39)
	at cucumber.runtime.model.CucumberScenario.run(CucumberScenario.java:44)
	at cucumber.runtime.junit.ExecutionUnitRunner.run(ExecutionUnitRunner.java:102)
	at cucumber.runtime.junit.FeatureRunner.runChild(FeatureRunner.java:63)
	at cucumber.runtime.junit.FeatureRunner.runChild(FeatureRunner.java:18)
	at org.junit.runners.ParentRunner$3.run(ParentRunner.java:290)
	at org.junit.runners.ParentRunner$1.schedule(ParentRunner.java:71)
	at org.junit.runners.ParentRunner.runChildren(ParentRunner.java:288)
	at org.junit.runners.ParentRunner.access$000(ParentRunner.java:58)
	at org.junit.runners.ParentRunner$2.evaluate(ParentRunner.java:268)
	at org.junit.runners.ParentRunner.run(ParentRunner.java:363)
	at cucumber.runtime.junit.FeatureRunner.run(FeatureRunner.java:70)
	at cucumber.api.junit.Cucumber.runChild(Cucumber.java:95)
	at cucumber.api.junit.Cucumber.runChild(Cucumber.java:38)
	at org.junit.runners.ParentRunner$3.run(ParentRunner.java:290)
	at org.junit.runners.ParentRunner$1.schedule(ParentRunner.java:71)
	at org.junit.runners.ParentRunner.runChildren(ParentRunner.java:288)
	at org.junit.runners.ParentRunner.access$000(ParentRunner.java:58)
	at org.junit.runners.ParentRunner$2.evaluate(ParentRunner.java:268)
	at org.junit.runners.ParentRunner.run(ParentRunner.java:363)
	at cucumber.api.junit.Cucumber.run(Cucumber.java:100)
	at org.apache.maven.surefire.junit4.JUnit4Provider.execute(JUnit4Provider.java:283)
	at org.apache.maven.surefire.junit4.JUnit4Provider.executeWithRerun(JUnit4Provider.java:173)
	at org.apache.maven.surefire.junit4.JUnit4Provider.executeTestSet(JUnit4Provider.java:153)
	at org.apache.maven.surefire.junit4.JUnit4Provider.invoke(JUnit4Provider.java:128)
	at org.apache.maven.surefire.booter.ForkedBooter.invokeProviderInSameClassLoader(ForkedBooter.java:203)
	at org.apache.maven.surefire.booter.ForkedBooter.runSuitesInProcess(ForkedBooter.java:155)
	at org.apache.maven.surefire.booter.ForkedBooter.main(ForkedBooter.java:103)
]]></error>
  </testcase>
  <testcase name="When enter &quot;marie.dubois@rustic-hw.com&quot; in the &quot;Email Address&quot; field" classname="Scenario: VIR-320.03 Verify that the shopper can continue the shopping by clicking on Continue Shopping page" time="0">
    <skipped/>
    <system-err><![CDATA[[main] INFO net.serenitybdd.core.Serenity - STEP ERROR: java.lang.NoClassDefFoundError: Could not initialize class com.virco.locators.SiteData
[main] INFO net.serenitybdd.core.Serenity - STARTING STEP When enter "marie.dubois@rustic-hw.com" in the "Email Address" field
]]></system-err>
  </testcase>
  <testcase name="When enter &quot;12341234&quot; in the &quot;Password&quot; field" classname="Scenario: VIR-320.03 Verify that the shopper can continue the shopping by clicking on Continue Shopping page" time="0">
    <skipped/>
    <system-err><![CDATA[[main] INFO net.serenitybdd.core.Serenity - IGNORING STEP
[main] INFO net.serenitybdd.core.Serenity - STARTING STEP When enter "12341234" in the "Password" field
]]></system-err>
  </testcase>
  <testcase name="When click on login button" classname="Scenario: VIR-320.03 Verify that the shopper can continue the shopping by clicking on Continue Shopping page" time="0">
    <skipped/>
    <system-err><![CDATA[[main] INFO net.serenitybdd.core.Serenity - IGNORING STEP
[main] INFO net.serenitybdd.core.Serenity - STARTING STEP When click on login button
]]></system-err>
  </testcase>
  <testcase name="When click on &quot;Event Spaces&quot; in navigation menu" classname="Scenario: VIR-320.03 Verify that the shopper can continue the shopping by clicking on Continue Shopping page" time="0">
    <skipped/>
    <system-err><![CDATA[[main] INFO net.serenitybdd.core.Serenity - IGNORING STEP
[main] INFO net.serenitybdd.core.Serenity - STARTING STEP When click on "Event Spaces" in navigation menu
]]></system-err>
  </testcase>
  <testcase name="When click on &quot;Event Spaces&quot; in navigation menu" classname="Scenario: VIR-320.03 Verify that the shopper can continue the shopping by clicking on Continue Shopping page" time="0">
    <skipped/>
    <system-err><![CDATA[[main] INFO net.serenitybdd.core.Serenity - IGNORING STEP
[main] INFO net.serenitybdd.core.Serenity - STARTING STEP When click on "Event Spaces" in navigation menu
]]></system-err>
  </testcase>
  <testcase name="When click on &quot;1&quot; product image in list" classname="Scenario: VIR-320.03 Verify that the shopper can continue the shopping by clicking on Continue Shopping page" time="0">
    <skipped/>
    <system-err><![CDATA[[main] INFO net.serenitybdd.core.Serenity - IGNORING STEP
[main] INFO net.serenitybdd.core.Serenity - STARTING STEP When click on "1" product image in list
]]></system-err>
  </testcase>
  <testcase name="When click on &quot;Add to cart&quot; button" classname="Scenario: VIR-320.03 Verify that the shopper can continue the shopping by clicking on Continue Shopping page" time="0">
    <skipped/>
    <system-err><![CDATA[[main] INFO net.serenitybdd.core.Serenity - IGNORING STEP
[main] INFO net.serenitybdd.core.Serenity - STARTING STEP When click on "Add to cart" button
]]></system-err>
  </testcase>
  <testcase name="And open &quot;storefront&quot; page" classname="Scenario: VIR-320.03 Verify that the shopper can continue the shopping by clicking on Continue Shopping page" time="0">
    <skipped/>
    <system-err><![CDATA[[main] INFO net.serenitybdd.core.Serenity - IGNORING STEP
[main] INFO net.serenitybdd.core.Serenity - STARTING STEP And open "storefront" page
]]></system-err>
  </testcase>
  <testcase name="When open &quot;cart&quot; storefront page" classname="Scenario: VIR-320.03 Verify that the shopper can continue the shopping by clicking on Continue Shopping page" time="0">
    <skipped/>
    <system-err><![CDATA[[main] INFO net.serenitybdd.core.Serenity - IGNORING STEP
[main] INFO net.serenitybdd.core.Serenity - STARTING STEP When open "cart" storefront page
]]></system-err>
  </testcase>
  <testcase name="When click on &quot;Continue&quot; button" classname="Scenario: VIR-320.03 Verify that the shopper can continue the shopping by clicking on Continue Shopping page" time="0">
    <skipped/>
    <system-err><![CDATA[[main] INFO net.serenitybdd.core.Serenity - IGNORING STEP
[main] INFO net.serenitybdd.core.Serenity - STARTING STEP When click on "Continue" button
]]></system-err>
  </testcase>
  <testcase name="Then appropriate &quot;Event Spaces&quot; page is opened" classname="Scenario: VIR-320.03 Verify that the shopper can continue the shopping by clicking on Continue Shopping page" time="0">
    <skipped/>
    <system-err><![CDATA[[main] INFO net.serenitybdd.core.Serenity - IGNORING STEP
[main] INFO net.serenitybdd.core.Serenity - STARTING STEP Then appropriate "Event Spaces" page is opened
]]></system-err>
  </testcase>
  <testcase name="Given open &quot;storefront&quot; page" classname="Scenario: VIR-320.04 Verify that the shopper is moved to the last product page which was viewed" time="0.001">
    <error message="Could not initialize class com.virco.locators.SiteData" type="net.serenitybdd.core.exceptions.SerenityManagedException"><![CDATA[net.serenitybdd.core.exceptions.SerenityManagedException: Could not initialize class com.virco.locators.SiteData
	at com.virco.steps.serenity.CommonUserSteps.openManagementPage(CommonUserSteps.java:35)
	at com.virco.steps.serenity.CommonUserSteps$$EnhancerByCGLIB$$d8541bfa.CGLIB$openManagementPage$7(<generated>)
	at com.virco.steps.serenity.CommonUserSteps$$EnhancerByCGLIB$$d8541bfa$$FastClassByCGLIB$$ea8e0f86.invoke(<generated>)
	at net.sf.cglib.proxy.MethodProxy.invokeSuper(MethodProxy.java:228)
	at net.thucydides.core.steps.StepInterceptor.invokeMethod(StepInterceptor.java:372)
	at net.thucydides.core.steps.StepInterceptor.executeTestStepMethod(StepInterceptor.java:357)
	at net.thucydides.core.steps.StepInterceptor.runTestStep(StepInterceptor.java:332)
	at net.thucydides.core.steps.StepInterceptor.testStepResult(StepInterceptor.java:134)
	at net.thucydides.core.steps.StepInterceptor.intercept(StepInterceptor.java:61)
	at com.virco.steps.serenity.CommonUserSteps$$EnhancerByCGLIB$$d8541bfa.openManagementPage(<generated>)
	at com.virco.steps.CommonDefinitionSteps.openPage(CommonDefinitionSteps.java:22)
	at sun.reflect.GeneratedMethodAccessor144.invoke(Unknown Source)
	at sun.reflect.DelegatingMethodAccessorImpl.invoke(DelegatingMethodAccessorImpl.java:43)
	at java.lang.reflect.Method.invoke(Method.java:498)
	at cucumber.runtime.Utils$1.call(Utils.java:40)
	at cucumber.runtime.Timeout.timeout(Timeout.java:16)
	at cucumber.runtime.Utils.invoke(Utils.java:34)
	at cucumber.runtime.java.JavaStepDefinition.execute(JavaStepDefinition.java:38)
	at cucumber.runtime.StepDefinitionMatch.runStep(StepDefinitionMatch.java:37)
	at cucumber.runtime.Runtime.runStep(Runtime.java:300)
	at cucumber.runtime.model.StepContainer.runStep(StepContainer.java:44)
	at cucumber.runtime.model.StepContainer.runSteps(StepContainer.java:39)
	at cucumber.runtime.model.CucumberScenario.run(CucumberScenario.java:44)
	at cucumber.runtime.junit.ExecutionUnitRunner.run(ExecutionUnitRunner.java:102)
	at cucumber.runtime.junit.FeatureRunner.runChild(FeatureRunner.java:63)
	at cucumber.runtime.junit.FeatureRunner.runChild(FeatureRunner.java:18)
	at org.junit.runners.ParentRunner$3.run(ParentRunner.java:290)
	at org.junit.runners.ParentRunner$1.schedule(ParentRunner.java:71)
	at org.junit.runners.ParentRunner.runChildren(ParentRunner.java:288)
	at org.junit.runners.ParentRunner.access$000(ParentRunner.java:58)
	at org.junit.runners.ParentRunner$2.evaluate(ParentRunner.java:268)
	at org.junit.runners.ParentRunner.run(ParentRunner.java:363)
	at cucumber.runtime.junit.FeatureRunner.run(FeatureRunner.java:70)
	at cucumber.api.junit.Cucumber.runChild(Cucumber.java:95)
	at cucumber.api.junit.Cucumber.runChild(Cucumber.java:38)
	at org.junit.runners.ParentRunner$3.run(ParentRunner.java:290)
	at org.junit.runners.ParentRunner$1.schedule(ParentRunner.java:71)
	at org.junit.runners.ParentRunner.runChildren(ParentRunner.java:288)
	at org.junit.runners.ParentRunner.access$000(ParentRunner.java:58)
	at org.junit.runners.ParentRunner$2.evaluate(ParentRunner.java:268)
	at org.junit.runners.ParentRunner.run(ParentRunner.java:363)
	at cucumber.api.junit.Cucumber.run(Cucumber.java:100)
	at org.apache.maven.surefire.junit4.JUnit4Provider.execute(JUnit4Provider.java:283)
	at org.apache.maven.surefire.junit4.JUnit4Provider.executeWithRerun(JUnit4Provider.java:173)
	at org.apache.maven.surefire.junit4.JUnit4Provider.executeTestSet(JUnit4Provider.java:153)
	at org.apache.maven.surefire.junit4.JUnit4Provider.invoke(JUnit4Provider.java:128)
	at org.apache.maven.surefire.booter.ForkedBooter.invokeProviderInSameClassLoader(ForkedBooter.java:203)
	at org.apache.maven.surefire.booter.ForkedBooter.runSuitesInProcess(ForkedBooter.java:155)
	at org.apache.maven.surefire.booter.ForkedBooter.main(ForkedBooter.java:103)
]]></error>
    <system-err><![CDATA[[main] INFO net.serenitybdd.core.Serenity - IGNORING STEP
[main] ERROR net.serenitybdd.core.Serenity - 
           __  _____ _____ ____ _____   _____ _    ___ _     _____ ____  
  _       / / |_   _| ____/ ___|_   _| |  ___/ \  |_ _| |   | ____|  _ \ 
 (_)_____| |    | | |  _| \___ \ | |   | |_ / _ \  | || |   |  _| | | | |
  _|_____| |    | | | |___ ___) || |   |  _/ ___ \ | || |___| |___| |_| |
 (_)     | |    |_| |_____|____/ |_|   |_|/_/   \_\___|_____|_____|____/ 
          \_\                                                            

TEST FAILED WITH ERROR: VIR-320.03 Verify that the shopper can continue the shopping by clicking on Continue Shopping page
---------------------------------------------------------------------
[main] ERROR net.serenitybdd.core.Serenity - TEST FAILED AT STEP Open management page: storefront
[main] ERROR net.serenitybdd.core.Serenity - Could not initialize class com.virco.locators.SiteData
[pool-1-thread-2] INFO net.thucydides.core.reports.json.JSONTestOutcomeReporter - Generating JSON report for VIR-326.02 Verify that the Cart is shown if click Checkout to file /Users/rodionsavchuk/hybrisAutomation/virco-automatedtests/target/site/serenity/e824970ee4a6720040fcabde0fda88ee8290262f154aba069707e4340b4bb934.json (using temp file /Users/rodionsavchuk/hybrisAutomation/virco-automatedtests/target/site/serenity/e824970ee4a6720040fcabde0fda88ee8290262f154aba069707e4340b4bb934.json712457cd-7d14-44e9-82ec-a16c5d349618)
[pool-1-thread-4] INFO net.thucydides.core.reports.json.JSONTestOutcomeReporter - Generating JSON report for VIR-326.03 Verify that the Cart Mini is closed if click Continue Shopping to file /Users/rodionsavchuk/hybrisAutomation/virco-automatedtests/target/site/serenity/fc75e3c14f20f460880ef40a61a6df29f6fa31bb951c9ebb427bfc8c392236de.json (using temp file /Users/rodionsavchuk/hybrisAutomation/virco-automatedtests/target/site/serenity/fc75e3c14f20f460880ef40a61a6df29f6fa31bb951c9ebb427bfc8c392236de.jsondd3c04d2-66da-4aa0-b959-7a1170227c45)
[pool-1-thread-3] INFO net.thucydides.core.reports.json.JSONTestOutcomeReporter - Generating JSON report for VIR-326.04 Verify that the following information is shown for the line items to file /Users/rodionsavchuk/hybrisAutomation/virco-automatedtests/target/site/serenity/2c452f07a1bcdf3421c4edf447bc89057a98cf46c59ef2b671d2be2ff4a4c053.json (using temp file /Users/rodionsavchuk/hybrisAutomation/virco-automatedtests/target/site/serenity/2c452f07a1bcdf3421c4edf447bc89057a98cf46c59ef2b671d2be2ff4a4c053.jsonccef99b0-b014-4fd2-b161-43c266709736)
[pool-1-thread-1] INFO net.thucydides.core.reports.json.JSONTestOutcomeReporter - Generating JSON report for VIR-326.01 Verify that the last 5 line items from the cart is shown to the customer if they hover the cart icon to file /Users/rodionsavchuk/hybrisAutomation/virco-automatedtests/target/site/serenity/10cc6173443af7b226654e355bce3172c0f985aa67b7bdbbd49e170696d8d64f.json (using temp file /Users/rodionsavchuk/hybrisAutomation/virco-automatedtests/target/site/serenity/10cc6173443af7b226654e355bce3172c0f985aa67b7bdbbd49e170696d8d64f.json11850bcb-052f-4f1a-83f8-d8ad6161e9ce)
[pool-1-thread-3] INFO net.thucydides.core.reports.json.JSONTestOutcomeReporter - Generating JSON report for VIR-319.02 Verify that the shown data is valid to file /Users/rodionsavchuk/hybrisAutomation/virco-automatedtests/target/site/serenity/90256fb01ae1d8bf3a043fb882946d3fb891cbd459686b154c95cd9a210f2074.json (using temp file /Users/rodionsavchuk/hybrisAutomation/virco-automatedtests/target/site/serenity/90256fb01ae1d8bf3a043fb882946d3fb891cbd459686b154c95cd9a210f2074.json06adad24-003f-43b3-92a4-4c2e2521dd35)
[pool-1-thread-4] INFO net.thucydides.core.reports.json.JSONTestOutcomeReporter - Generating JSON report for VIR-319.01 Verify that the items have the following information shown additionally at the shopping cart to file /Users/rodionsavchuk/hybrisAutomation/virco-automatedtests/target/site/serenity/d28c9ee9524e1740a1157dc1946b996d71e320182676e5c9c0dab68033c8027c.json (using temp file /Users/rodionsavchuk/hybrisAutomation/virco-automatedtests/target/site/serenity/d28c9ee9524e1740a1157dc1946b996d71e320182676e5c9c0dab68033c8027c.jsonf029383e-9c9f-4d69-8a0f-302256d72c75)
[pool-1-thread-4] INFO net.thucydides.core.reports.json.JSONTestOutcomeReporter - Generating JSON report for VIR-320.01 Verify that the link to the added product to the cart is shown to the shopper on the cart page to file /Users/rodionsavchuk/hybrisAutomation/virco-automatedtests/target/site/serenity/d16ead5691550e3b597df893a88ba61cd6c833f840268cb93b349a7266b1a994.json (using temp file /Users/rodionsavchuk/hybrisAutomation/virco-automatedtests/target/site/serenity/d16ead5691550e3b597df893a88ba61cd6c833f840268cb93b349a7266b1a994.jsonbb38d606-3df6-4e5b-a39c-28a976244066)
[pool-1-thread-4] INFO net.thucydides.core.reports.json.JSONTestOutcomeReporter - Generating JSON report for VIR-320.02 Verify that clicking on the link the shopper is moved to the product page to file /Users/rodionsavchuk/hybrisAutomation/virco-automatedtests/target/site/serenity/6c8f08f50ad54d227955441033cee5bb3aaf213afb86e0121c8ec2b4b4fc4ef5.json (using temp file /Users/rodionsavchuk/hybrisAutomation/virco-automatedtests/target/site/serenity/6c8f08f50ad54d227955441033cee5bb3aaf213afb86e0121c8ec2b4b4fc4ef5.json95ae5b65-f3da-4c01-a233-4f5c842b283f)
[pool-1-thread-2] INFO net.thucydides.core.reports.json.JSONTestOutcomeReporter - Generating JSON report for VIR-320.03 Verify that the shopper can continue the shopping by clicking on Continue Shopping page to file /Users/rodionsavchuk/hybrisAutomation/virco-automatedtests/target/site/serenity/9870b9390e0f1df57cebd29b7ed2b7a3d7c2eb655ee3f61e29967c808164efc0.json (using temp file /Users/rodionsavchuk/hybrisAutomation/virco-automatedtests/target/site/serenity/9870b9390e0f1df57cebd29b7ed2b7a3d7c2eb655ee3f61e29967c808164efc0.json3120302a-6779-45e3-8529-2d62fd50d503)
[pool-1-thread-1] INFO net.thucydides.core.reports.html.HtmlAcceptanceTestReporter - GENERATING HTML REPORT FOR CART-10 - Mini-Cart:VIR-326.01 Verify that the last 5 line items from the cart is shown to the customer if they hover the cart icon in 10cc6173443af7b226654e355bce3172c0f985aa67b7bdbbd49e170696d8d64f.html in directory target/site/serenity  
[pool-1-thread-3] INFO net.thucydides.core.reports.html.HtmlAcceptanceTestReporter - GENERATING HTML REPORT FOR CART-10 - Mini-Cart:VIR-326.03 Verify that the Cart Mini is closed if click Continue Shopping in fc75e3c14f20f460880ef40a61a6df29f6fa31bb951c9ebb427bfc8c392236de.html in directory target/site/serenity  
[pool-1-thread-4] INFO net.thucydides.core.reports.html.HtmlAcceptanceTestReporter - GENERATING HTML REPORT FOR CART-10 - Mini-Cart:VIR-326.02 Verify that the Cart is shown if click Checkout in e824970ee4a6720040fcabde0fda88ee8290262f154aba069707e4340b4bb934.html in directory target/site/serenity  
[pool-1-thread-2] INFO net.thucydides.core.reports.html.HtmlAcceptanceTestReporter - GENERATING HTML REPORT FOR CART-10 - Mini-Cart:VIR-326.04 Verify that the following information is shown for the line items in 2c452f07a1bcdf3421c4edf447bc89057a98cf46c59ef2b671d2be2ff4a4c053.html in directory target/site/serenity  
[pool-1-thread-4] INFO net.thucydides.core.reports.html.HtmlAcceptanceTestReporter - GENERATING HTML REPORT FOR CART-2 - Cart Data:VIR-319.02 Verify that the shown data is valid in 90256fb01ae1d8bf3a043fb882946d3fb891cbd459686b154c95cd9a210f2074.html in directory target/site/serenity  
[pool-1-thread-3] INFO net.thucydides.core.reports.html.HtmlAcceptanceTestReporter - GENERATING HTML REPORT FOR CART-3 - Product Links:VIR-320.01 Verify that the link to the added product to the cart is shown to the shopper on the cart page in d16ead5691550e3b597df893a88ba61cd6c833f840268cb93b349a7266b1a994.html in directory target/site/serenity  
[pool-1-thread-2] INFO net.thucydides.core.reports.html.HtmlAcceptanceTestReporter - GENERATING HTML REPORT FOR CART-2 - Cart Data:VIR-319.01 Verify that the items have the following information shown additionally at the shopping cart in d28c9ee9524e1740a1157dc1946b996d71e320182676e5c9c0dab68033c8027c.html in directory target/site/serenity  
[pool-1-thread-1] INFO net.thucydides.core.reports.html.HtmlAcceptanceTestReporter - GENERATING HTML REPORT FOR CART-3 - Product Links:VIR-320.02 Verify that clicking on the link the shopper is moved to the product page in 6c8f08f50ad54d227955441033cee5bb3aaf213afb86e0121c8ec2b4b4fc4ef5.html in directory target/site/serenity  
[pool-1-thread-3] INFO net.thucydides.core.reports.html.HtmlAcceptanceTestReporter - GENERATING HTML REPORT FOR CART-3 - Product Links:VIR-320.03 Verify that the shopper can continue the shopping by clicking on Continue Shopping page in 9870b9390e0f1df57cebd29b7ed2b7a3d7c2eb655ee3f61e29967c808164efc0.html in directory target/site/serenity  
[main] INFO net.serenitybdd.core.Serenity - 
 _____ _____ ____ _____   ____ _____  _    ____ _____ _____ ____  
|_   _| ____/ ___|_   _| / ___|_   _|/ \  |  _ \_   _| ____|  _ \ 
  | | |  _| \___ \ | |   \___ \ | | / _ \ | |_) || | |  _| | | | |
  | | | |___ ___) || |    ___) || |/ ___ \|  _ < | | | |___| |_| |
  |_| |_____|____/ |_|   |____/ |_/_/   \_\_| \_\|_| |_____|____/ 
                                                                  

TEST STARTED: VIR-320.04 Verify that the shopper is moved to the last product page which was viewed
-------------------------------------------------------------------(cart-3---product-links;vir-320.04-verify-that-the-shopper-is-moved-to-the-last-product-page-which-was-viewed)
[main] INFO net.serenitybdd.core.Serenity - STARTING STEP Given open "storefront" page
[main] INFO net.serenitybdd.core.Serenity - STARTING STEP Open management page: storefront
[main] INFO net.serenitybdd.core.Serenity - STEP ERROR: net.serenitybdd.core.exceptions.SerenityManagedException: Could not initialize class com.virco.locators.SiteData
]]></system-err>
  </testcase>
  <testcase name="Scenario: VIR-320.04 Verify that the shopper is moved to the last product page which was viewed" classname="Scenario: VIR-320.04 Verify that the shopper is moved to the last product page which was viewed" time="0.002">
    <error message="Could not initialize class com.virco.locators.SiteData" type="net.serenitybdd.core.exceptions.SerenityManagedException"><![CDATA[net.serenitybdd.core.exceptions.SerenityManagedException: Could not initialize class com.virco.locators.SiteData
	at com.virco.steps.serenity.CommonUserSteps.openManagementPage(CommonUserSteps.java:35)
	at com.virco.steps.serenity.CommonUserSteps$$EnhancerByCGLIB$$d8541bfa.CGLIB$openManagementPage$7(<generated>)
	at com.virco.steps.serenity.CommonUserSteps$$EnhancerByCGLIB$$d8541bfa$$FastClassByCGLIB$$ea8e0f86.invoke(<generated>)
	at net.sf.cglib.proxy.MethodProxy.invokeSuper(MethodProxy.java:228)
	at net.thucydides.core.steps.StepInterceptor.invokeMethod(StepInterceptor.java:372)
	at net.thucydides.core.steps.StepInterceptor.executeTestStepMethod(StepInterceptor.java:357)
	at net.thucydides.core.steps.StepInterceptor.runTestStep(StepInterceptor.java:332)
	at net.thucydides.core.steps.StepInterceptor.testStepResult(StepInterceptor.java:134)
	at net.thucydides.core.steps.StepInterceptor.intercept(StepInterceptor.java:61)
	at com.virco.steps.serenity.CommonUserSteps$$EnhancerByCGLIB$$d8541bfa.openManagementPage(<generated>)
	at com.virco.steps.CommonDefinitionSteps.openPage(CommonDefinitionSteps.java:22)
	at sun.reflect.GeneratedMethodAccessor144.invoke(Unknown Source)
	at sun.reflect.DelegatingMethodAccessorImpl.invoke(DelegatingMethodAccessorImpl.java:43)
	at java.lang.reflect.Method.invoke(Method.java:498)
	at cucumber.runtime.Utils$1.call(Utils.java:40)
	at cucumber.runtime.Timeout.timeout(Timeout.java:16)
	at cucumber.runtime.Utils.invoke(Utils.java:34)
	at cucumber.runtime.java.JavaStepDefinition.execute(JavaStepDefinition.java:38)
	at cucumber.runtime.StepDefinitionMatch.runStep(StepDefinitionMatch.java:37)
	at cucumber.runtime.Runtime.runStep(Runtime.java:300)
	at cucumber.runtime.model.StepContainer.runStep(StepContainer.java:44)
	at cucumber.runtime.model.StepContainer.runSteps(StepContainer.java:39)
	at cucumber.runtime.model.CucumberScenario.run(CucumberScenario.java:44)
	at cucumber.runtime.junit.ExecutionUnitRunner.run(ExecutionUnitRunner.java:102)
	at cucumber.runtime.junit.FeatureRunner.runChild(FeatureRunner.java:63)
	at cucumber.runtime.junit.FeatureRunner.runChild(FeatureRunner.java:18)
	at org.junit.runners.ParentRunner$3.run(ParentRunner.java:290)
	at org.junit.runners.ParentRunner$1.schedule(ParentRunner.java:71)
	at org.junit.runners.ParentRunner.runChildren(ParentRunner.java:288)
	at org.junit.runners.ParentRunner.access$000(ParentRunner.java:58)
	at org.junit.runners.ParentRunner$2.evaluate(ParentRunner.java:268)
	at org.junit.runners.ParentRunner.run(ParentRunner.java:363)
	at cucumber.runtime.junit.FeatureRunner.run(FeatureRunner.java:70)
	at cucumber.api.junit.Cucumber.runChild(Cucumber.java:95)
	at cucumber.api.junit.Cucumber.runChild(Cucumber.java:38)
	at org.junit.runners.ParentRunner$3.run(ParentRunner.java:290)
	at org.junit.runners.ParentRunner$1.schedule(ParentRunner.java:71)
	at org.junit.runners.ParentRunner.runChildren(ParentRunner.java:288)
	at org.junit.runners.ParentRunner.access$000(ParentRunner.java:58)
	at org.junit.runners.ParentRunner$2.evaluate(ParentRunner.java:268)
	at org.junit.runners.ParentRunner.run(ParentRunner.java:363)
	at cucumber.api.junit.Cucumber.run(Cucumber.java:100)
	at org.apache.maven.surefire.junit4.JUnit4Provider.execute(JUnit4Provider.java:283)
	at org.apache.maven.surefire.junit4.JUnit4Provider.executeWithRerun(JUnit4Provider.java:173)
	at org.apache.maven.surefire.junit4.JUnit4Provider.executeTestSet(JUnit4Provider.java:153)
	at org.apache.maven.surefire.junit4.JUnit4Provider.invoke(JUnit4Provider.java:128)
	at org.apache.maven.surefire.booter.ForkedBooter.invokeProviderInSameClassLoader(ForkedBooter.java:203)
	at org.apache.maven.surefire.booter.ForkedBooter.runSuitesInProcess(ForkedBooter.java:155)
	at org.apache.maven.surefire.booter.ForkedBooter.main(ForkedBooter.java:103)
]]></error>
  </testcase>
  <testcase name="When enter &quot;marie.dubois@rustic-hw.com&quot; in the &quot;Email Address&quot; field" classname="Scenario: VIR-320.04 Verify that the shopper is moved to the last product page which was viewed" time="0">
    <skipped/>
    <system-err><![CDATA[[main] INFO net.serenitybdd.core.Serenity - STEP ERROR: java.lang.NoClassDefFoundError: Could not initialize class com.virco.locators.SiteData
[main] INFO net.serenitybdd.core.Serenity - STARTING STEP When enter "marie.dubois@rustic-hw.com" in the "Email Address" field
]]></system-err>
  </testcase>
  <testcase name="When enter &quot;12341234&quot; in the &quot;Password&quot; field" classname="Scenario: VIR-320.04 Verify that the shopper is moved to the last product page which was viewed" time="0">
    <skipped/>
    <system-err><![CDATA[[main] INFO net.serenitybdd.core.Serenity - IGNORING STEP
[main] INFO net.serenitybdd.core.Serenity - STARTING STEP When enter "12341234" in the "Password" field
]]></system-err>
  </testcase>
  <testcase name="When click on login button" classname="Scenario: VIR-320.04 Verify that the shopper is moved to the last product page which was viewed" time="0">
    <skipped/>
    <system-err><![CDATA[[main] INFO net.serenitybdd.core.Serenity - IGNORING STEP
[main] INFO net.serenitybdd.core.Serenity - STARTING STEP When click on login button
]]></system-err>
  </testcase>
  <testcase name="When open category with pagination" classname="Scenario: VIR-320.04 Verify that the shopper is moved to the last product page which was viewed" time="0">
    <skipped/>
    <system-err><![CDATA[[main] INFO net.serenitybdd.core.Serenity - IGNORING STEP
[main] INFO net.serenitybdd.core.Serenity - STARTING STEP When open category with pagination
]]></system-err>
  </testcase>
  <testcase name="When click on &quot;1&quot; product image in list" classname="Scenario: VIR-320.04 Verify that the shopper is moved to the last product page which was viewed" time="0">
    <skipped/>
    <system-err><![CDATA[[main] INFO net.serenitybdd.core.Serenity - IGNORING STEP
[main] INFO net.serenitybdd.core.Serenity - STARTING STEP When click on "1" product image in list
]]></system-err>
  </testcase>
  <testcase name="When remember product data on pdp" classname="Scenario: VIR-320.04 Verify that the shopper is moved to the last product page which was viewed" time="0">
    <skipped/>
    <system-err><![CDATA[[main] INFO net.serenitybdd.core.Serenity - IGNORING STEP
[main] INFO net.serenitybdd.core.Serenity - STARTING STEP When remember product data on pdp
]]></system-err>
  </testcase>
  <testcase name="When click on &quot;Add to cart&quot; button" classname="Scenario: VIR-320.04 Verify that the shopper is moved to the last product page which was viewed" time="0">
    <skipped/>
    <system-err><![CDATA[[main] INFO net.serenitybdd.core.Serenity - IGNORING STEP
[main] INFO net.serenitybdd.core.Serenity - STARTING STEP When click on "Add to cart" button
]]></system-err>
  </testcase>
  <testcase name="When click on &quot;Checkout&quot; button" classname="Scenario: VIR-320.04 Verify that the shopper is moved to the last product page which was viewed" time="0">
    <skipped/>
    <system-err><![CDATA[[main] INFO net.serenitybdd.core.Serenity - IGNORING STEP
[main] INFO net.serenitybdd.core.Serenity - STARTING STEP When click on "Checkout" button
]]></system-err>
  </testcase>
  <testcase name="When click on &quot;Continue&quot; button" classname="Scenario: VIR-320.04 Verify that the shopper is moved to the last product page which was viewed" time="0">
    <skipped/>
    <system-err><![CDATA[[main] INFO net.serenitybdd.core.Serenity - IGNORING STEP
[main] INFO net.serenitybdd.core.Serenity - STARTING STEP When click on "Continue" button
]]></system-err>
  </testcase>
  <testcase name="Then added product page is shown" classname="Scenario: VIR-320.04 Verify that the shopper is moved to the last product page which was viewed" time="0">
    <skipped/>
    <system-err><![CDATA[[main] INFO net.serenitybdd.core.Serenity - IGNORING STEP
[main] INFO net.serenitybdd.core.Serenity - STARTING STEP Then added product page is shown
]]></system-err>
  </testcase>
  <testcase name="Given open the site" classname="Scenario: VIR-321.01 Verify that the delete button is shown per each record from the cart" time="0.001">
    <error message="Could not initialize class com.virco.locators.SiteData" type="net.serenitybdd.core.exceptions.SerenityManagedException"><![CDATA[net.serenitybdd.core.exceptions.SerenityManagedException: Could not initialize class com.virco.locators.SiteData
	at com.virco.steps.serenity.CommonUserSteps.openTheSite(CommonUserSteps.java:19)
	at com.virco.steps.serenity.CommonUserSteps$$EnhancerByCGLIB$$d8541bfa.CGLIB$openTheSite$6(<generated>)
	at com.virco.steps.serenity.CommonUserSteps$$EnhancerByCGLIB$$d8541bfa$$FastClassByCGLIB$$ea8e0f86.invoke(<generated>)
	at net.sf.cglib.proxy.MethodProxy.invokeSuper(MethodProxy.java:228)
	at net.thucydides.core.steps.StepInterceptor.invokeMethod(StepInterceptor.java:372)
	at net.thucydides.core.steps.StepInterceptor.executeTestStepMethod(StepInterceptor.java:357)
	at net.thucydides.core.steps.StepInterceptor.runTestStep(StepInterceptor.java:332)
	at net.thucydides.core.steps.StepInterceptor.testStepResult(StepInterceptor.java:134)
	at net.thucydides.core.steps.StepInterceptor.intercept(StepInterceptor.java:61)
	at com.virco.steps.serenity.CommonUserSteps$$EnhancerByCGLIB$$d8541bfa.openTheSite(<generated>)
	at com.virco.steps.CommonDefinitionSteps.openTheSite(CommonDefinitionSteps.java:17)
	at sun.reflect.GeneratedMethodAccessor147.invoke(Unknown Source)
	at sun.reflect.DelegatingMethodAccessorImpl.invoke(DelegatingMethodAccessorImpl.java:43)
	at java.lang.reflect.Method.invoke(Method.java:498)
	at cucumber.runtime.Utils$1.call(Utils.java:40)
	at cucumber.runtime.Timeout.timeout(Timeout.java:16)
	at cucumber.runtime.Utils.invoke(Utils.java:34)
	at cucumber.runtime.java.JavaStepDefinition.execute(JavaStepDefinition.java:38)
	at cucumber.runtime.StepDefinitionMatch.runStep(StepDefinitionMatch.java:37)
	at cucumber.runtime.Runtime.runStep(Runtime.java:300)
	at cucumber.runtime.model.StepContainer.runStep(StepContainer.java:44)
	at cucumber.runtime.model.StepContainer.runSteps(StepContainer.java:39)
	at cucumber.runtime.model.CucumberScenario.run(CucumberScenario.java:44)
	at cucumber.runtime.junit.ExecutionUnitRunner.run(ExecutionUnitRunner.java:102)
	at cucumber.runtime.junit.FeatureRunner.runChild(FeatureRunner.java:63)
	at cucumber.runtime.junit.FeatureRunner.runChild(FeatureRunner.java:18)
	at org.junit.runners.ParentRunner$3.run(ParentRunner.java:290)
	at org.junit.runners.ParentRunner$1.schedule(ParentRunner.java:71)
	at org.junit.runners.ParentRunner.runChildren(ParentRunner.java:288)
	at org.junit.runners.ParentRunner.access$000(ParentRunner.java:58)
	at org.junit.runners.ParentRunner$2.evaluate(ParentRunner.java:268)
	at org.junit.runners.ParentRunner.run(ParentRunner.java:363)
	at cucumber.runtime.junit.FeatureRunner.run(FeatureRunner.java:70)
	at cucumber.api.junit.Cucumber.runChild(Cucumber.java:95)
	at cucumber.api.junit.Cucumber.runChild(Cucumber.java:38)
	at org.junit.runners.ParentRunner$3.run(ParentRunner.java:290)
	at org.junit.runners.ParentRunner$1.schedule(ParentRunner.java:71)
	at org.junit.runners.ParentRunner.runChildren(ParentRunner.java:288)
	at org.junit.runners.ParentRunner.access$000(ParentRunner.java:58)
	at org.junit.runners.ParentRunner$2.evaluate(ParentRunner.java:268)
	at org.junit.runners.ParentRunner.run(ParentRunner.java:363)
	at cucumber.api.junit.Cucumber.run(Cucumber.java:100)
	at org.apache.maven.surefire.junit4.JUnit4Provider.execute(JUnit4Provider.java:283)
	at org.apache.maven.surefire.junit4.JUnit4Provider.executeWithRerun(JUnit4Provider.java:173)
	at org.apache.maven.surefire.junit4.JUnit4Provider.executeTestSet(JUnit4Provider.java:153)
	at org.apache.maven.surefire.junit4.JUnit4Provider.invoke(JUnit4Provider.java:128)
	at org.apache.maven.surefire.booter.ForkedBooter.invokeProviderInSameClassLoader(ForkedBooter.java:203)
	at org.apache.maven.surefire.booter.ForkedBooter.runSuitesInProcess(ForkedBooter.java:155)
	at org.apache.maven.surefire.booter.ForkedBooter.main(ForkedBooter.java:103)
]]></error>
    <system-err><![CDATA[[main] INFO net.serenitybdd.core.Serenity - IGNORING STEP
[main] ERROR net.serenitybdd.core.Serenity - 
           __  _____ _____ ____ _____   _____ _    ___ _     _____ ____  
  _       / / |_   _| ____/ ___|_   _| |  ___/ \  |_ _| |   | ____|  _ \ 
 (_)_____| |    | | |  _| \___ \ | |   | |_ / _ \  | || |   |  _| | | | |
  _|_____| |    | | | |___ ___) || |   |  _/ ___ \ | || |___| |___| |_| |
 (_)     | |    |_| |_____|____/ |_|   |_|/_/   \_\___|_____|_____|____/ 
          \_\                                                            

TEST FAILED WITH ERROR: VIR-320.04 Verify that the shopper is moved to the last product page which was viewed
---------------------------------------------------------------------
[main] ERROR net.serenitybdd.core.Serenity - TEST FAILED AT STEP Open management page: storefront
[main] ERROR net.serenitybdd.core.Serenity - Could not initialize class com.virco.locators.SiteData
[pool-1-thread-2] INFO net.thucydides.core.reports.json.JSONTestOutcomeReporter - Generating JSON report for VIR-326.01 Verify that the last 5 line items from the cart is shown to the customer if they hover the cart icon to file /Users/rodionsavchuk/hybrisAutomation/virco-automatedtests/target/site/serenity/10cc6173443af7b226654e355bce3172c0f985aa67b7bdbbd49e170696d8d64f.json (using temp file /Users/rodionsavchuk/hybrisAutomation/virco-automatedtests/target/site/serenity/10cc6173443af7b226654e355bce3172c0f985aa67b7bdbbd49e170696d8d64f.json9f794575-a887-46a2-8055-bf67200f7ca6)
[pool-1-thread-1] INFO net.thucydides.core.reports.json.JSONTestOutcomeReporter - Generating JSON report for VIR-326.03 Verify that the Cart Mini is closed if click Continue Shopping to file /Users/rodionsavchuk/hybrisAutomation/virco-automatedtests/target/site/serenity/fc75e3c14f20f460880ef40a61a6df29f6fa31bb951c9ebb427bfc8c392236de.json (using temp file /Users/rodionsavchuk/hybrisAutomation/virco-automatedtests/target/site/serenity/fc75e3c14f20f460880ef40a61a6df29f6fa31bb951c9ebb427bfc8c392236de.jsoneb48b7b5-ee05-41b0-9104-54b874df66e9)
[pool-1-thread-3] INFO net.thucydides.core.reports.json.JSONTestOutcomeReporter - Generating JSON report for VIR-326.04 Verify that the following information is shown for the line items to file /Users/rodionsavchuk/hybrisAutomation/virco-automatedtests/target/site/serenity/2c452f07a1bcdf3421c4edf447bc89057a98cf46c59ef2b671d2be2ff4a4c053.json (using temp file /Users/rodionsavchuk/hybrisAutomation/virco-automatedtests/target/site/serenity/2c452f07a1bcdf3421c4edf447bc89057a98cf46c59ef2b671d2be2ff4a4c053.jsond1cae99e-bde1-4166-a614-a2c60d72b44c)
[pool-1-thread-2] INFO net.thucydides.core.reports.json.JSONTestOutcomeReporter - Generating JSON report for VIR-319.01 Verify that the items have the following information shown additionally at the shopping cart to file /Users/rodionsavchuk/hybrisAutomation/virco-automatedtests/target/site/serenity/d28c9ee9524e1740a1157dc1946b996d71e320182676e5c9c0dab68033c8027c.json (using temp file /Users/rodionsavchuk/hybrisAutomation/virco-automatedtests/target/site/serenity/d28c9ee9524e1740a1157dc1946b996d71e320182676e5c9c0dab68033c8027c.json82d1b4d1-0cee-4b65-8d00-17b2dc2f1a34)
[pool-1-thread-3] INFO net.thucydides.core.reports.json.JSONTestOutcomeReporter - Generating JSON report for VIR-319.02 Verify that the shown data is valid to file /Users/rodionsavchuk/hybrisAutomation/virco-automatedtests/target/site/serenity/90256fb01ae1d8bf3a043fb882946d3fb891cbd459686b154c95cd9a210f2074.json (using temp file /Users/rodionsavchuk/hybrisAutomation/virco-automatedtests/target/site/serenity/90256fb01ae1d8bf3a043fb882946d3fb891cbd459686b154c95cd9a210f2074.jsone2e68204-f12d-477a-a047-7142e3c9b821)
[pool-1-thread-4] INFO net.thucydides.core.reports.json.JSONTestOutcomeReporter - Generating JSON report for VIR-326.02 Verify that the Cart is shown if click Checkout to file /Users/rodionsavchuk/hybrisAutomation/virco-automatedtests/target/site/serenity/e824970ee4a6720040fcabde0fda88ee8290262f154aba069707e4340b4bb934.json (using temp file /Users/rodionsavchuk/hybrisAutomation/virco-automatedtests/target/site/serenity/e824970ee4a6720040fcabde0fda88ee8290262f154aba069707e4340b4bb934.jsone1c90165-ad63-4c58-bf21-33d092bb8140)
[pool-1-thread-1] INFO net.thucydides.core.reports.json.JSONTestOutcomeReporter - Generating JSON report for VIR-320.01 Verify that the link to the added product to the cart is shown to the shopper on the cart page to file /Users/rodionsavchuk/hybrisAutomation/virco-automatedtests/target/site/serenity/d16ead5691550e3b597df893a88ba61cd6c833f840268cb93b349a7266b1a994.json (using temp file /Users/rodionsavchuk/hybrisAutomation/virco-automatedtests/target/site/serenity/d16ead5691550e3b597df893a88ba61cd6c833f840268cb93b349a7266b1a994.json0ac13487-24cd-4c83-a25b-a75951727731)
[pool-1-thread-4] INFO net.thucydides.core.reports.json.JSONTestOutcomeReporter - Generating JSON report for VIR-320.02 Verify that clicking on the link the shopper is moved to the product page to file /Users/rodionsavchuk/hybrisAutomation/virco-automatedtests/target/site/serenity/6c8f08f50ad54d227955441033cee5bb3aaf213afb86e0121c8ec2b4b4fc4ef5.json (using temp file /Users/rodionsavchuk/hybrisAutomation/virco-automatedtests/target/site/serenity/6c8f08f50ad54d227955441033cee5bb3aaf213afb86e0121c8ec2b4b4fc4ef5.json88cf8f5e-3f39-48f2-81f0-e76c1bd0716e)
[pool-1-thread-2] INFO net.thucydides.core.reports.json.JSONTestOutcomeReporter - Generating JSON report for VIR-320.03 Verify that the shopper can continue the shopping by clicking on Continue Shopping page to file /Users/rodionsavchuk/hybrisAutomation/virco-automatedtests/target/site/serenity/9870b9390e0f1df57cebd29b7ed2b7a3d7c2eb655ee3f61e29967c808164efc0.json (using temp file /Users/rodionsavchuk/hybrisAutomation/virco-automatedtests/target/site/serenity/9870b9390e0f1df57cebd29b7ed2b7a3d7c2eb655ee3f61e29967c808164efc0.jsonb97546ff-b6d8-46b6-9fa8-6c8a74573b83)
[pool-1-thread-3] INFO net.thucydides.core.reports.json.JSONTestOutcomeReporter - Generating JSON report for VIR-320.04 Verify that the shopper is moved to the last product page which was viewed to file /Users/rodionsavchuk/hybrisAutomation/virco-automatedtests/target/site/serenity/04321dde630f35c241f5bc9be5a5a88320a25143b6576885e0b0a9a68704c5e9.json (using temp file /Users/rodionsavchuk/hybrisAutomation/virco-automatedtests/target/site/serenity/04321dde630f35c241f5bc9be5a5a88320a25143b6576885e0b0a9a68704c5e9.json6b93df42-e841-429f-9973-300afc092e3b)
[pool-1-thread-4] INFO net.thucydides.core.reports.html.HtmlAcceptanceTestReporter - GENERATING HTML REPORT FOR CART-10 - Mini-Cart:VIR-326.03 Verify that the Cart Mini is closed if click Continue Shopping in fc75e3c14f20f460880ef40a61a6df29f6fa31bb951c9ebb427bfc8c392236de.html in directory target/site/serenity  
[pool-1-thread-1] INFO net.thucydides.core.reports.html.HtmlAcceptanceTestReporter - GENERATING HTML REPORT FOR CART-10 - Mini-Cart:VIR-326.01 Verify that the last 5 line items from the cart is shown to the customer if they hover the cart icon in 10cc6173443af7b226654e355bce3172c0f985aa67b7bdbbd49e170696d8d64f.html in directory target/site/serenity  
[pool-1-thread-3] INFO net.thucydides.core.reports.html.HtmlAcceptanceTestReporter - GENERATING HTML REPORT FOR CART-10 - Mini-Cart:VIR-326.04 Verify that the following information is shown for the line items in 2c452f07a1bcdf3421c4edf447bc89057a98cf46c59ef2b671d2be2ff4a4c053.html in directory target/site/serenity  
[pool-1-thread-2] INFO net.thucydides.core.reports.html.HtmlAcceptanceTestReporter - GENERATING HTML REPORT FOR CART-10 - Mini-Cart:VIR-326.02 Verify that the Cart is shown if click Checkout in e824970ee4a6720040fcabde0fda88ee8290262f154aba069707e4340b4bb934.html in directory target/site/serenity  
[pool-1-thread-4] INFO net.thucydides.core.reports.html.HtmlAcceptanceTestReporter - GENERATING HTML REPORT FOR CART-3 - Product Links:VIR-320.01 Verify that the link to the added product to the cart is shown to the shopper on the cart page in d16ead5691550e3b597df893a88ba61cd6c833f840268cb93b349a7266b1a994.html in directory target/site/serenity  
[pool-1-thread-1] INFO net.thucydides.core.reports.html.HtmlAcceptanceTestReporter - GENERATING HTML REPORT FOR CART-2 - Cart Data:VIR-319.01 Verify that the items have the following information shown additionally at the shopping cart in d28c9ee9524e1740a1157dc1946b996d71e320182676e5c9c0dab68033c8027c.html in directory target/site/serenity  
[pool-1-thread-3] INFO net.thucydides.core.reports.html.HtmlAcceptanceTestReporter - GENERATING HTML REPORT FOR CART-2 - Cart Data:VIR-319.02 Verify that the shown data is valid in 90256fb01ae1d8bf3a043fb882946d3fb891cbd459686b154c95cd9a210f2074.html in directory target/site/serenity  
[pool-1-thread-1] INFO net.thucydides.core.reports.html.HtmlAcceptanceTestReporter - GENERATING HTML REPORT FOR CART-3 - Product Links:VIR-320.03 Verify that the shopper can continue the shopping by clicking on Continue Shopping page in 9870b9390e0f1df57cebd29b7ed2b7a3d7c2eb655ee3f61e29967c808164efc0.html in directory target/site/serenity  
[pool-1-thread-2] INFO net.thucydides.core.reports.html.HtmlAcceptanceTestReporter - GENERATING HTML REPORT FOR CART-3 - Product Links:VIR-320.02 Verify that clicking on the link the shopper is moved to the product page in 6c8f08f50ad54d227955441033cee5bb3aaf213afb86e0121c8ec2b4b4fc4ef5.html in directory target/site/serenity  
[pool-1-thread-4] INFO net.thucydides.core.reports.html.HtmlAcceptanceTestReporter - GENERATING HTML REPORT FOR CART-3 - Product Links:VIR-320.04 Verify that the shopper is moved to the last product page which was viewed in 04321dde630f35c241f5bc9be5a5a88320a25143b6576885e0b0a9a68704c5e9.html in directory target/site/serenity  
[main] INFO net.serenitybdd.core.Serenity - Test Suite Started: CART-4 - Delete SKU
[main] INFO net.serenitybdd.core.Serenity - 
 _____ _____ ____ _____   ____ _____  _    ____ _____ _____ ____  
|_   _| ____/ ___|_   _| / ___|_   _|/ \  |  _ \_   _| ____|  _ \ 
  | | |  _| \___ \ | |   \___ \ | | / _ \ | |_) || | |  _| | | | |
  | | | |___ ___) || |    ___) || |/ ___ \|  _ < | | | |___| |_| |
  |_| |_____|____/ |_|   |____/ |_/_/   \_\_| \_\|_| |_____|____/ 
                                                                  

TEST STARTED: VIR-321.01 Verify that the delete button is shown per each record from the cart
-------------------------------------------------------------------(cart-4---delete-sku;vir-321.01-verify-that-the-delete-button-is-shown-per-each-record-from-the-cart)
[main] INFO net.serenitybdd.core.Serenity - STARTING STEP Given open the site
[main] INFO net.serenitybdd.core.Serenity - STARTING STEP Open the site
[main] INFO net.serenitybdd.core.Serenity - STEP ERROR: net.serenitybdd.core.exceptions.SerenityManagedException: Could not initialize class com.virco.locators.SiteData
]]></system-err>
  </testcase>
  <testcase name="Scenario: VIR-321.01 Verify that the delete button is shown per each record from the cart" classname="Scenario: VIR-321.01 Verify that the delete button is shown per each record from the cart" time="0.003">
    <error message="Could not initialize class com.virco.locators.SiteData" type="net.serenitybdd.core.exceptions.SerenityManagedException"><![CDATA[net.serenitybdd.core.exceptions.SerenityManagedException: Could not initialize class com.virco.locators.SiteData
	at com.virco.steps.serenity.CommonUserSteps.openTheSite(CommonUserSteps.java:19)
	at com.virco.steps.serenity.CommonUserSteps$$EnhancerByCGLIB$$d8541bfa.CGLIB$openTheSite$6(<generated>)
	at com.virco.steps.serenity.CommonUserSteps$$EnhancerByCGLIB$$d8541bfa$$FastClassByCGLIB$$ea8e0f86.invoke(<generated>)
	at net.sf.cglib.proxy.MethodProxy.invokeSuper(MethodProxy.java:228)
	at net.thucydides.core.steps.StepInterceptor.invokeMethod(StepInterceptor.java:372)
	at net.thucydides.core.steps.StepInterceptor.executeTestStepMethod(StepInterceptor.java:357)
	at net.thucydides.core.steps.StepInterceptor.runTestStep(StepInterceptor.java:332)
	at net.thucydides.core.steps.StepInterceptor.testStepResult(StepInterceptor.java:134)
	at net.thucydides.core.steps.StepInterceptor.intercept(StepInterceptor.java:61)
	at com.virco.steps.serenity.CommonUserSteps$$EnhancerByCGLIB$$d8541bfa.openTheSite(<generated>)
	at com.virco.steps.CommonDefinitionSteps.openTheSite(CommonDefinitionSteps.java:17)
	at sun.reflect.GeneratedMethodAccessor147.invoke(Unknown Source)
	at sun.reflect.DelegatingMethodAccessorImpl.invoke(DelegatingMethodAccessorImpl.java:43)
	at java.lang.reflect.Method.invoke(Method.java:498)
	at cucumber.runtime.Utils$1.call(Utils.java:40)
	at cucumber.runtime.Timeout.timeout(Timeout.java:16)
	at cucumber.runtime.Utils.invoke(Utils.java:34)
	at cucumber.runtime.java.JavaStepDefinition.execute(JavaStepDefinition.java:38)
	at cucumber.runtime.StepDefinitionMatch.runStep(StepDefinitionMatch.java:37)
	at cucumber.runtime.Runtime.runStep(Runtime.java:300)
	at cucumber.runtime.model.StepContainer.runStep(StepContainer.java:44)
	at cucumber.runtime.model.StepContainer.runSteps(StepContainer.java:39)
	at cucumber.runtime.model.CucumberScenario.run(CucumberScenario.java:44)
	at cucumber.runtime.junit.ExecutionUnitRunner.run(ExecutionUnitRunner.java:102)
	at cucumber.runtime.junit.FeatureRunner.runChild(FeatureRunner.java:63)
	at cucumber.runtime.junit.FeatureRunner.runChild(FeatureRunner.java:18)
	at org.junit.runners.ParentRunner$3.run(ParentRunner.java:290)
	at org.junit.runners.ParentRunner$1.schedule(ParentRunner.java:71)
	at org.junit.runners.ParentRunner.runChildren(ParentRunner.java:288)
	at org.junit.runners.ParentRunner.access$000(ParentRunner.java:58)
	at org.junit.runners.ParentRunner$2.evaluate(ParentRunner.java:268)
	at org.junit.runners.ParentRunner.run(ParentRunner.java:363)
	at cucumber.runtime.junit.FeatureRunner.run(FeatureRunner.java:70)
	at cucumber.api.junit.Cucumber.runChild(Cucumber.java:95)
	at cucumber.api.junit.Cucumber.runChild(Cucumber.java:38)
	at org.junit.runners.ParentRunner$3.run(ParentRunner.java:290)
	at org.junit.runners.ParentRunner$1.schedule(ParentRunner.java:71)
	at org.junit.runners.ParentRunner.runChildren(ParentRunner.java:288)
	at org.junit.runners.ParentRunner.access$000(ParentRunner.java:58)
	at org.junit.runners.ParentRunner$2.evaluate(ParentRunner.java:268)
	at org.junit.runners.ParentRunner.run(ParentRunner.java:363)
	at cucumber.api.junit.Cucumber.run(Cucumber.java:100)
	at org.apache.maven.surefire.junit4.JUnit4Provider.execute(JUnit4Provider.java:283)
	at org.apache.maven.surefire.junit4.JUnit4Provider.executeWithRerun(JUnit4Provider.java:173)
	at org.apache.maven.surefire.junit4.JUnit4Provider.executeTestSet(JUnit4Provider.java:153)
	at org.apache.maven.surefire.junit4.JUnit4Provider.invoke(JUnit4Provider.java:128)
	at org.apache.maven.surefire.booter.ForkedBooter.invokeProviderInSameClassLoader(ForkedBooter.java:203)
	at org.apache.maven.surefire.booter.ForkedBooter.runSuitesInProcess(ForkedBooter.java:155)
	at org.apache.maven.surefire.booter.ForkedBooter.main(ForkedBooter.java:103)
]]></error>
  </testcase>
  <testcase name="When enter &quot;marie.dubois@rustic-hw.com&quot; in the &quot;Email Address&quot; field" classname="Scenario: VIR-321.01 Verify that the delete button is shown per each record from the cart" time="0">
    <skipped/>
    <system-err><![CDATA[[main] INFO net.serenitybdd.core.Serenity - STEP ERROR: java.lang.NoClassDefFoundError: Could not initialize class com.virco.locators.SiteData
[main] INFO net.serenitybdd.core.Serenity - STARTING STEP When enter "marie.dubois@rustic-hw.com" in the "Email Address" field
]]></system-err>
  </testcase>
  <testcase name="When enter &quot;12341234&quot; in the &quot;Password&quot; field" classname="Scenario: VIR-321.01 Verify that the delete button is shown per each record from the cart" time="0">
    <skipped/>
    <system-err><![CDATA[[main] INFO net.serenitybdd.core.Serenity - IGNORING STEP
[main] INFO net.serenitybdd.core.Serenity - STARTING STEP When enter "12341234" in the "Password" field
]]></system-err>
  </testcase>
  <testcase name="When click on login button" classname="Scenario: VIR-321.01 Verify that the delete button is shown per each record from the cart" time="0">
    <skipped/>
    <system-err><![CDATA[[main] INFO net.serenitybdd.core.Serenity - IGNORING STEP
[main] INFO net.serenitybdd.core.Serenity - STARTING STEP When click on login button
]]></system-err>
  </testcase>
  <testcase name="When click on &quot;Event Spaces&quot; in navigation menu" classname="Scenario: VIR-321.01 Verify that the delete button is shown per each record from the cart" time="0">
    <skipped/>
    <system-err><![CDATA[[main] INFO net.serenitybdd.core.Serenity - IGNORING STEP
[main] INFO net.serenitybdd.core.Serenity - STARTING STEP When click on "Event Spaces" in navigation menu
]]></system-err>
  </testcase>
  <testcase name="When click on &quot;1&quot; product image in list" classname="Scenario: VIR-321.01 Verify that the delete button is shown per each record from the cart" time="0">
    <skipped/>
    <system-err><![CDATA[[main] INFO net.serenitybdd.core.Serenity - IGNORING STEP
[main] INFO net.serenitybdd.core.Serenity - STARTING STEP When click on "1" product image in list
]]></system-err>
  </testcase>
  <testcase name="When click on &quot;Add to cart&quot; button" classname="Scenario: VIR-321.01 Verify that the delete button is shown per each record from the cart" time="0">
    <skipped/>
    <system-err><![CDATA[[main] INFO net.serenitybdd.core.Serenity - IGNORING STEP
[main] INFO net.serenitybdd.core.Serenity - STARTING STEP When click on "Add to cart" button
]]></system-err>
  </testcase>
  <testcase name="When click on &quot;Add to cart&quot; button" classname="Scenario: VIR-321.01 Verify that the delete button is shown per each record from the cart" time="0">
    <skipped/>
    <system-err><![CDATA[[main] INFO net.serenitybdd.core.Serenity - IGNORING STEP
[main] INFO net.serenitybdd.core.Serenity - STARTING STEP When click on "Add to cart" button
]]></system-err>
  </testcase>
  <testcase name="When click on &quot;Add to cart&quot; button" classname="Scenario: VIR-321.01 Verify that the delete button is shown per each record from the cart" time="0">
    <skipped/>
    <system-err><![CDATA[[main] INFO net.serenitybdd.core.Serenity - IGNORING STEP
[main] INFO net.serenitybdd.core.Serenity - STARTING STEP When click on "Add to cart" button
]]></system-err>
  </testcase>
  <testcase name="When click on &quot;21st Century Classroom&quot; in navigation menu" classname="Scenario: VIR-321.01 Verify that the delete button is shown per each record from the cart" time="0">
    <skipped/>
    <system-err><![CDATA[[main] INFO net.serenitybdd.core.Serenity - IGNORING STEP
[main] INFO net.serenitybdd.core.Serenity - STARTING STEP When click on "21st Century Classroom" in navigation menu
]]></system-err>
  </testcase>
  <testcase name="When click on &quot;2&quot; product image in list" classname="Scenario: VIR-321.01 Verify that the delete button is shown per each record from the cart" time="0">
    <skipped/>
    <system-err><![CDATA[[main] INFO net.serenitybdd.core.Serenity - IGNORING STEP
[main] INFO net.serenitybdd.core.Serenity - STARTING STEP When click on "2" product image in list
]]></system-err>
  </testcase>
  <testcase name="When click on &quot;Dining&quot; in navigation menu" classname="Scenario: VIR-321.01 Verify that the delete button is shown per each record from the cart" time="0">
    <skipped/>
    <system-err><![CDATA[[main] INFO net.serenitybdd.core.Serenity - IGNORING STEP
[main] INFO net.serenitybdd.core.Serenity - STARTING STEP When click on "Dining" in navigation menu
]]></system-err>
  </testcase>
  <testcase name="When click on &quot;3&quot; product image in list" classname="Scenario: VIR-321.01 Verify that the delete button is shown per each record from the cart" time="0">
    <skipped/>
    <system-err><![CDATA[[main] INFO net.serenitybdd.core.Serenity - IGNORING STEP
[main] INFO net.serenitybdd.core.Serenity - STARTING STEP When click on "3" product image in list
]]></system-err>
  </testcase>
  <testcase name="When click on &quot;Checkout&quot; button" classname="Scenario: VIR-321.01 Verify that the delete button is shown per each record from the cart" time="0">
    <skipped/>
    <system-err><![CDATA[[main] INFO net.serenitybdd.core.Serenity - IGNORING STEP
[main] INFO net.serenitybdd.core.Serenity - STARTING STEP When click on "Checkout" button
]]></system-err>
  </testcase>
  <testcase name="Then delete button is shown per each record" classname="Scenario: VIR-321.01 Verify that the delete button is shown per each record from the cart" time="0">
    <skipped/>
    <system-err><![CDATA[[main] INFO net.serenitybdd.core.Serenity - IGNORING STEP
[main] INFO net.serenitybdd.core.Serenity - STARTING STEP Then delete button is shown per each record
]]></system-err>
  </testcase>
  <testcase name="Given open the site" classname="Scenario: VIR-321.02 Verify that the deleted record is removed from the cart and total is recalculated appropriately" time="0.002">
    <error message="Could not initialize class com.virco.locators.SiteData" type="net.serenitybdd.core.exceptions.SerenityManagedException"><![CDATA[net.serenitybdd.core.exceptions.SerenityManagedException: Could not initialize class com.virco.locators.SiteData
	at com.virco.steps.serenity.CommonUserSteps.openTheSite(CommonUserSteps.java:19)
	at com.virco.steps.serenity.CommonUserSteps$$EnhancerByCGLIB$$d8541bfa.CGLIB$openTheSite$6(<generated>)
	at com.virco.steps.serenity.CommonUserSteps$$EnhancerByCGLIB$$d8541bfa$$FastClassByCGLIB$$ea8e0f86.invoke(<generated>)
	at net.sf.cglib.proxy.MethodProxy.invokeSuper(MethodProxy.java:228)
	at net.thucydides.core.steps.StepInterceptor.invokeMethod(StepInterceptor.java:372)
	at net.thucydides.core.steps.StepInterceptor.executeTestStepMethod(StepInterceptor.java:357)
	at net.thucydides.core.steps.StepInterceptor.runTestStep(StepInterceptor.java:332)
	at net.thucydides.core.steps.StepInterceptor.testStepResult(StepInterceptor.java:134)
	at net.thucydides.core.steps.StepInterceptor.intercept(StepInterceptor.java:61)
	at com.virco.steps.serenity.CommonUserSteps$$EnhancerByCGLIB$$d8541bfa.openTheSite(<generated>)
	at com.virco.steps.CommonDefinitionSteps.openTheSite(CommonDefinitionSteps.java:17)
	at sun.reflect.GeneratedMethodAccessor147.invoke(Unknown Source)
	at sun.reflect.DelegatingMethodAccessorImpl.invoke(DelegatingMethodAccessorImpl.java:43)
	at java.lang.reflect.Method.invoke(Method.java:498)
	at cucumber.runtime.Utils$1.call(Utils.java:40)
	at cucumber.runtime.Timeout.timeout(Timeout.java:16)
	at cucumber.runtime.Utils.invoke(Utils.java:34)
	at cucumber.runtime.java.JavaStepDefinition.execute(JavaStepDefinition.java:38)
	at cucumber.runtime.StepDefinitionMatch.runStep(StepDefinitionMatch.java:37)
	at cucumber.runtime.Runtime.runStep(Runtime.java:300)
	at cucumber.runtime.model.StepContainer.runStep(StepContainer.java:44)
	at cucumber.runtime.model.StepContainer.runSteps(StepContainer.java:39)
	at cucumber.runtime.model.CucumberScenario.run(CucumberScenario.java:44)
	at cucumber.runtime.junit.ExecutionUnitRunner.run(ExecutionUnitRunner.java:102)
	at cucumber.runtime.junit.FeatureRunner.runChild(FeatureRunner.java:63)
	at cucumber.runtime.junit.FeatureRunner.runChild(FeatureRunner.java:18)
	at org.junit.runners.ParentRunner$3.run(ParentRunner.java:290)
	at org.junit.runners.ParentRunner$1.schedule(ParentRunner.java:71)
	at org.junit.runners.ParentRunner.runChildren(ParentRunner.java:288)
	at org.junit.runners.ParentRunner.access$000(ParentRunner.java:58)
	at org.junit.runners.ParentRunner$2.evaluate(ParentRunner.java:268)
	at org.junit.runners.ParentRunner.run(ParentRunner.java:363)
	at cucumber.runtime.junit.FeatureRunner.run(FeatureRunner.java:70)
	at cucumber.api.junit.Cucumber.runChild(Cucumber.java:95)
	at cucumber.api.junit.Cucumber.runChild(Cucumber.java:38)
	at org.junit.runners.ParentRunner$3.run(ParentRunner.java:290)
	at org.junit.runners.ParentRunner$1.schedule(ParentRunner.java:71)
	at org.junit.runners.ParentRunner.runChildren(ParentRunner.java:288)
	at org.junit.runners.ParentRunner.access$000(ParentRunner.java:58)
	at org.junit.runners.ParentRunner$2.evaluate(ParentRunner.java:268)
	at org.junit.runners.ParentRunner.run(ParentRunner.java:363)
	at cucumber.api.junit.Cucumber.run(Cucumber.java:100)
	at org.apache.maven.surefire.junit4.JUnit4Provider.execute(JUnit4Provider.java:283)
	at org.apache.maven.surefire.junit4.JUnit4Provider.executeWithRerun(JUnit4Provider.java:173)
	at org.apache.maven.surefire.junit4.JUnit4Provider.executeTestSet(JUnit4Provider.java:153)
	at org.apache.maven.surefire.junit4.JUnit4Provider.invoke(JUnit4Provider.java:128)
	at org.apache.maven.surefire.booter.ForkedBooter.invokeProviderInSameClassLoader(ForkedBooter.java:203)
	at org.apache.maven.surefire.booter.ForkedBooter.runSuitesInProcess(ForkedBooter.java:155)
	at org.apache.maven.surefire.booter.ForkedBooter.main(ForkedBooter.java:103)
]]></error>
    <system-err><![CDATA[[main] INFO net.serenitybdd.core.Serenity - IGNORING STEP
[main] ERROR net.serenitybdd.core.Serenity - 
           __  _____ _____ ____ _____   _____ _    ___ _     _____ ____  
  _       / / |_   _| ____/ ___|_   _| |  ___/ \  |_ _| |   | ____|  _ \ 
 (_)_____| |    | | |  _| \___ \ | |   | |_ / _ \  | || |   |  _| | | | |
  _|_____| |    | | | |___ ___) || |   |  _/ ___ \ | || |___| |___| |_| |
 (_)     | |    |_| |_____|____/ |_|   |_|/_/   \_\___|_____|_____|____/ 
          \_\                                                            

TEST FAILED WITH ERROR: VIR-321.01 Verify that the delete button is shown per each record from the cart
---------------------------------------------------------------------
[main] ERROR net.serenitybdd.core.Serenity - TEST FAILED AT STEP Open the site
[main] ERROR net.serenitybdd.core.Serenity - Could not initialize class com.virco.locators.SiteData
[pool-1-thread-3] INFO net.thucydides.core.reports.json.JSONTestOutcomeReporter - Generating JSON report for VIR-326.01 Verify that the last 5 line items from the cart is shown to the customer if they hover the cart icon to file /Users/rodionsavchuk/hybrisAutomation/virco-automatedtests/target/site/serenity/10cc6173443af7b226654e355bce3172c0f985aa67b7bdbbd49e170696d8d64f.json (using temp file /Users/rodionsavchuk/hybrisAutomation/virco-automatedtests/target/site/serenity/10cc6173443af7b226654e355bce3172c0f985aa67b7bdbbd49e170696d8d64f.json1aac4186-76a2-4e73-a0c6-70bbf57c3edd)
[pool-1-thread-3] INFO net.thucydides.core.reports.json.JSONTestOutcomeReporter - Generating JSON report for VIR-326.02 Verify that the Cart is shown if click Checkout to file /Users/rodionsavchuk/hybrisAutomation/virco-automatedtests/target/site/serenity/e824970ee4a6720040fcabde0fda88ee8290262f154aba069707e4340b4bb934.json (using temp file /Users/rodionsavchuk/hybrisAutomation/virco-automatedtests/target/site/serenity/e824970ee4a6720040fcabde0fda88ee8290262f154aba069707e4340b4bb934.json0d010a47-8eba-42db-816c-cc187e5ccf76)
[pool-1-thread-2] INFO net.thucydides.core.reports.json.JSONTestOutcomeReporter - Generating JSON report for VIR-326.03 Verify that the Cart Mini is closed if click Continue Shopping to file /Users/rodionsavchuk/hybrisAutomation/virco-automatedtests/target/site/serenity/fc75e3c14f20f460880ef40a61a6df29f6fa31bb951c9ebb427bfc8c392236de.json (using temp file /Users/rodionsavchuk/hybrisAutomation/virco-automatedtests/target/site/serenity/fc75e3c14f20f460880ef40a61a6df29f6fa31bb951c9ebb427bfc8c392236de.jsondfca9acc-ef55-4cd7-ba2b-0cab3194adfd)
[pool-1-thread-3] INFO net.thucydides.core.reports.json.JSONTestOutcomeReporter - Generating JSON report for VIR-319.01 Verify that the items have the following information shown additionally at the shopping cart to file /Users/rodionsavchuk/hybrisAutomation/virco-automatedtests/target/site/serenity/d28c9ee9524e1740a1157dc1946b996d71e320182676e5c9c0dab68033c8027c.json (using temp file /Users/rodionsavchuk/hybrisAutomation/virco-automatedtests/target/site/serenity/d28c9ee9524e1740a1157dc1946b996d71e320182676e5c9c0dab68033c8027c.json58af3e36-c5ba-4fff-ba2e-331834cb31dd)
[pool-1-thread-1] INFO net.thucydides.core.reports.json.JSONTestOutcomeReporter - Generating JSON report for VIR-326.04 Verify that the following information is shown for the line items to file /Users/rodionsavchuk/hybrisAutomation/virco-automatedtests/target/site/serenity/2c452f07a1bcdf3421c4edf447bc89057a98cf46c59ef2b671d2be2ff4a4c053.json (using temp file /Users/rodionsavchuk/hybrisAutomation/virco-automatedtests/target/site/serenity/2c452f07a1bcdf3421c4edf447bc89057a98cf46c59ef2b671d2be2ff4a4c053.jsonb294c971-a172-4f0f-8dd7-98fcff3883db)
[pool-1-thread-3] INFO net.thucydides.core.reports.json.JSONTestOutcomeReporter - Generating JSON report for VIR-320.01 Verify that the link to the added product to the cart is shown to the shopper on the cart page to file /Users/rodionsavchuk/hybrisAutomation/virco-automatedtests/target/site/serenity/d16ead5691550e3b597df893a88ba61cd6c833f840268cb93b349a7266b1a994.json (using temp file /Users/rodionsavchuk/hybrisAutomation/virco-automatedtests/target/site/serenity/d16ead5691550e3b597df893a88ba61cd6c833f840268cb93b349a7266b1a994.jsoncff95d94-bd78-48a8-8f5a-5cd7a8ebe80c)
[pool-1-thread-2] INFO net.thucydides.core.reports.json.JSONTestOutcomeReporter - Generating JSON report for VIR-320.02 Verify that clicking on the link the shopper is moved to the product page to file /Users/rodionsavchuk/hybrisAutomation/virco-automatedtests/target/site/serenity/6c8f08f50ad54d227955441033cee5bb3aaf213afb86e0121c8ec2b4b4fc4ef5.json (using temp file /Users/rodionsavchuk/hybrisAutomation/virco-automatedtests/target/site/serenity/6c8f08f50ad54d227955441033cee5bb3aaf213afb86e0121c8ec2b4b4fc4ef5.json5120824d-bd79-4899-b3fe-e69ebaa513c1)
[pool-1-thread-1] INFO net.thucydides.core.reports.json.JSONTestOutcomeReporter - Generating JSON report for VIR-320.03 Verify that the shopper can continue the shopping by clicking on Continue Shopping page to file /Users/rodionsavchuk/hybrisAutomation/virco-automatedtests/target/site/serenity/9870b9390e0f1df57cebd29b7ed2b7a3d7c2eb655ee3f61e29967c808164efc0.json (using temp file /Users/rodionsavchuk/hybrisAutomation/virco-automatedtests/target/site/serenity/9870b9390e0f1df57cebd29b7ed2b7a3d7c2eb655ee3f61e29967c808164efc0.json9e7f664b-5591-4a3e-a9b3-98bc147d09be)
[pool-1-thread-1] INFO net.thucydides.core.reports.json.JSONTestOutcomeReporter - Generating JSON report for VIR-320.04 Verify that the shopper is moved to the last product page which was viewed to file /Users/rodionsavchuk/hybrisAutomation/virco-automatedtests/target/site/serenity/04321dde630f35c241f5bc9be5a5a88320a25143b6576885e0b0a9a68704c5e9.json (using temp file /Users/rodionsavchuk/hybrisAutomation/virco-automatedtests/target/site/serenity/04321dde630f35c241f5bc9be5a5a88320a25143b6576885e0b0a9a68704c5e9.json661f68c4-d861-4085-8bd3-2190598b8c15)
[pool-1-thread-2] INFO net.thucydides.core.reports.json.JSONTestOutcomeReporter - Generating JSON report for VIR-321.01 Verify that the delete button is shown per each record from the cart to file /Users/rodionsavchuk/hybrisAutomation/virco-automatedtests/target/site/serenity/b5f0470acc1edb7a431d3bba4875ee0f84bd2898529e51396b970944c3a33ffb.json (using temp file /Users/rodionsavchuk/hybrisAutomation/virco-automatedtests/target/site/serenity/b5f0470acc1edb7a431d3bba4875ee0f84bd2898529e51396b970944c3a33ffb.jsoneb1ddc23-4493-4c78-aef4-ef6f69d53ddb)
[pool-1-thread-4] INFO net.thucydides.core.reports.json.JSONTestOutcomeReporter - Generating JSON report for VIR-319.02 Verify that the shown data is valid to file /Users/rodionsavchuk/hybrisAutomation/virco-automatedtests/target/site/serenity/90256fb01ae1d8bf3a043fb882946d3fb891cbd459686b154c95cd9a210f2074.json (using temp file /Users/rodionsavchuk/hybrisAutomation/virco-automatedtests/target/site/serenity/90256fb01ae1d8bf3a043fb882946d3fb891cbd459686b154c95cd9a210f2074.jsoncff2ac9f-3997-49bd-a824-29434c9c52ea)
[pool-1-thread-2] INFO net.thucydides.core.reports.html.HtmlAcceptanceTestReporter - GENERATING HTML REPORT FOR CART-10 - Mini-Cart:VIR-326.01 Verify that the last 5 line items from the cart is shown to the customer if they hover the cart icon in 10cc6173443af7b226654e355bce3172c0f985aa67b7bdbbd49e170696d8d64f.html in directory target/site/serenity  
[pool-1-thread-2] INFO net.thucydides.core.reports.html.HtmlAcceptanceTestReporter - GENERATING HTML REPORT FOR CART-10 - Mini-Cart:VIR-326.02 Verify that the Cart is shown if click Checkout in e824970ee4a6720040fcabde0fda88ee8290262f154aba069707e4340b4bb934.html in directory target/site/serenity  
[pool-1-thread-4] INFO net.thucydides.core.reports.html.HtmlAcceptanceTestReporter - GENERATING HTML REPORT FOR CART-10 - Mini-Cart:VIR-326.03 Verify that the Cart Mini is closed if click Continue Shopping in fc75e3c14f20f460880ef40a61a6df29f6fa31bb951c9ebb427bfc8c392236de.html in directory target/site/serenity  
[pool-1-thread-1] INFO net.thucydides.core.reports.html.HtmlAcceptanceTestReporter - GENERATING HTML REPORT FOR CART-2 - Cart Data:VIR-319.01 Verify that the items have the following information shown additionally at the shopping cart in d28c9ee9524e1740a1157dc1946b996d71e320182676e5c9c0dab68033c8027c.html in directory target/site/serenity  
[pool-1-thread-4] INFO net.thucydides.core.reports.html.HtmlAcceptanceTestReporter - GENERATING HTML REPORT FOR CART-2 - Cart Data:VIR-319.02 Verify that the shown data is valid in 90256fb01ae1d8bf3a043fb882946d3fb891cbd459686b154c95cd9a210f2074.html in directory target/site/serenity  
[pool-1-thread-1] INFO net.thucydides.core.reports.html.HtmlAcceptanceTestReporter - GENERATING HTML REPORT FOR CART-3 - Product Links:VIR-320.01 Verify that the link to the added product to the cart is shown to the shopper on the cart page in d16ead5691550e3b597df893a88ba61cd6c833f840268cb93b349a7266b1a994.html in directory target/site/serenity  
[pool-1-thread-2] INFO net.thucydides.core.reports.html.HtmlAcceptanceTestReporter - GENERATING HTML REPORT FOR CART-10 - Mini-Cart:VIR-326.04 Verify that the following information is shown for the line items in 2c452f07a1bcdf3421c4edf447bc89057a98cf46c59ef2b671d2be2ff4a4c053.html in directory target/site/serenity  
[pool-1-thread-4] INFO net.thucydides.core.reports.html.HtmlAcceptanceTestReporter - GENERATING HTML REPORT FOR CART-3 - Product Links:VIR-320.02 Verify that clicking on the link the shopper is moved to the product page in 6c8f08f50ad54d227955441033cee5bb3aaf213afb86e0121c8ec2b4b4fc4ef5.html in directory target/site/serenity  
[pool-1-thread-1] INFO net.thucydides.core.reports.html.HtmlAcceptanceTestReporter - GENERATING HTML REPORT FOR CART-3 - Product Links:VIR-320.04 Verify that the shopper is moved to the last product page which was viewed in 04321dde630f35c241f5bc9be5a5a88320a25143b6576885e0b0a9a68704c5e9.html in directory target/site/serenity  
[pool-1-thread-3] INFO net.thucydides.core.reports.html.HtmlAcceptanceTestReporter - GENERATING HTML REPORT FOR CART-4 - Delete SKU:VIR-321.01 Verify that the delete button is shown per each record from the cart in b5f0470acc1edb7a431d3bba4875ee0f84bd2898529e51396b970944c3a33ffb.html in directory target/site/serenity  
[pool-1-thread-2] INFO net.thucydides.core.reports.html.HtmlAcceptanceTestReporter - GENERATING HTML REPORT FOR CART-3 - Product Links:VIR-320.03 Verify that the shopper can continue the shopping by clicking on Continue Shopping page in 9870b9390e0f1df57cebd29b7ed2b7a3d7c2eb655ee3f61e29967c808164efc0.html in directory target/site/serenity  
[main] INFO net.serenitybdd.core.Serenity - 
 _____ _____ ____ _____   ____ _____  _    ____ _____ _____ ____  
|_   _| ____/ ___|_   _| / ___|_   _|/ \  |  _ \_   _| ____|  _ \ 
  | | |  _| \___ \ | |   \___ \ | | / _ \ | |_) || | |  _| | | | |
  | | | |___ ___) || |    ___) || |/ ___ \|  _ < | | | |___| |_| |
  |_| |_____|____/ |_|   |____/ |_/_/   \_\_| \_\|_| |_____|____/ 
                                                                  

TEST STARTED: VIR-321.02 Verify that the deleted record is removed from the cart and total is recalculated appropriately
-------------------------------------------------------------------(cart-4---delete-sku;vir-321.02-verify-that-the-deleted-record-is-removed-from-the-cart-and-total-is-recalculated-appropriately)
[main] INFO net.serenitybdd.core.Serenity - STARTING STEP Given open the site
[main] INFO net.serenitybdd.core.Serenity - STARTING STEP Open the site
[main] INFO net.serenitybdd.core.Serenity - STEP ERROR: net.serenitybdd.core.exceptions.SerenityManagedException: Could not initialize class com.virco.locators.SiteData
]]></system-err>
  </testcase>
  <testcase name="Scenario: VIR-321.02 Verify that the deleted record is removed from the cart and total is recalculated appropriately" classname="Scenario: VIR-321.02 Verify that the deleted record is removed from the cart and total is recalculated appropriately" time="0.003">
    <error message="Could not initialize class com.virco.locators.SiteData" type="net.serenitybdd.core.exceptions.SerenityManagedException"><![CDATA[net.serenitybdd.core.exceptions.SerenityManagedException: Could not initialize class com.virco.locators.SiteData
	at com.virco.steps.serenity.CommonUserSteps.openTheSite(CommonUserSteps.java:19)
	at com.virco.steps.serenity.CommonUserSteps$$EnhancerByCGLIB$$d8541bfa.CGLIB$openTheSite$6(<generated>)
	at com.virco.steps.serenity.CommonUserSteps$$EnhancerByCGLIB$$d8541bfa$$FastClassByCGLIB$$ea8e0f86.invoke(<generated>)
	at net.sf.cglib.proxy.MethodProxy.invokeSuper(MethodProxy.java:228)
	at net.thucydides.core.steps.StepInterceptor.invokeMethod(StepInterceptor.java:372)
	at net.thucydides.core.steps.StepInterceptor.executeTestStepMethod(StepInterceptor.java:357)
	at net.thucydides.core.steps.StepInterceptor.runTestStep(StepInterceptor.java:332)
	at net.thucydides.core.steps.StepInterceptor.testStepResult(StepInterceptor.java:134)
	at net.thucydides.core.steps.StepInterceptor.intercept(StepInterceptor.java:61)
	at com.virco.steps.serenity.CommonUserSteps$$EnhancerByCGLIB$$d8541bfa.openTheSite(<generated>)
	at com.virco.steps.CommonDefinitionSteps.openTheSite(CommonDefinitionSteps.java:17)
	at sun.reflect.GeneratedMethodAccessor147.invoke(Unknown Source)
	at sun.reflect.DelegatingMethodAccessorImpl.invoke(DelegatingMethodAccessorImpl.java:43)
	at java.lang.reflect.Method.invoke(Method.java:498)
	at cucumber.runtime.Utils$1.call(Utils.java:40)
	at cucumber.runtime.Timeout.timeout(Timeout.java:16)
	at cucumber.runtime.Utils.invoke(Utils.java:34)
	at cucumber.runtime.java.JavaStepDefinition.execute(JavaStepDefinition.java:38)
	at cucumber.runtime.StepDefinitionMatch.runStep(StepDefinitionMatch.java:37)
	at cucumber.runtime.Runtime.runStep(Runtime.java:300)
	at cucumber.runtime.model.StepContainer.runStep(StepContainer.java:44)
	at cucumber.runtime.model.StepContainer.runSteps(StepContainer.java:39)
	at cucumber.runtime.model.CucumberScenario.run(CucumberScenario.java:44)
	at cucumber.runtime.junit.ExecutionUnitRunner.run(ExecutionUnitRunner.java:102)
	at cucumber.runtime.junit.FeatureRunner.runChild(FeatureRunner.java:63)
	at cucumber.runtime.junit.FeatureRunner.runChild(FeatureRunner.java:18)
	at org.junit.runners.ParentRunner$3.run(ParentRunner.java:290)
	at org.junit.runners.ParentRunner$1.schedule(ParentRunner.java:71)
	at org.junit.runners.ParentRunner.runChildren(ParentRunner.java:288)
	at org.junit.runners.ParentRunner.access$000(ParentRunner.java:58)
	at org.junit.runners.ParentRunner$2.evaluate(ParentRunner.java:268)
	at org.junit.runners.ParentRunner.run(ParentRunner.java:363)
	at cucumber.runtime.junit.FeatureRunner.run(FeatureRunner.java:70)
	at cucumber.api.junit.Cucumber.runChild(Cucumber.java:95)
	at cucumber.api.junit.Cucumber.runChild(Cucumber.java:38)
	at org.junit.runners.ParentRunner$3.run(ParentRunner.java:290)
	at org.junit.runners.ParentRunner$1.schedule(ParentRunner.java:71)
	at org.junit.runners.ParentRunner.runChildren(ParentRunner.java:288)
	at org.junit.runners.ParentRunner.access$000(ParentRunner.java:58)
	at org.junit.runners.ParentRunner$2.evaluate(ParentRunner.java:268)
	at org.junit.runners.ParentRunner.run(ParentRunner.java:363)
	at cucumber.api.junit.Cucumber.run(Cucumber.java:100)
	at org.apache.maven.surefire.junit4.JUnit4Provider.execute(JUnit4Provider.java:283)
	at org.apache.maven.surefire.junit4.JUnit4Provider.executeWithRerun(JUnit4Provider.java:173)
	at org.apache.maven.surefire.junit4.JUnit4Provider.executeTestSet(JUnit4Provider.java:153)
	at org.apache.maven.surefire.junit4.JUnit4Provider.invoke(JUnit4Provider.java:128)
	at org.apache.maven.surefire.booter.ForkedBooter.invokeProviderInSameClassLoader(ForkedBooter.java:203)
	at org.apache.maven.surefire.booter.ForkedBooter.runSuitesInProcess(ForkedBooter.java:155)
	at org.apache.maven.surefire.booter.ForkedBooter.main(ForkedBooter.java:103)
]]></error>
  </testcase>
  <testcase name="When enter &quot;marie.dubois@rustic-hw.com&quot; in the &quot;Email Address&quot; field" classname="Scenario: VIR-321.02 Verify that the deleted record is removed from the cart and total is recalculated appropriately" time="0">
    <skipped/>
    <system-err><![CDATA[[main] INFO net.serenitybdd.core.Serenity - STEP ERROR: java.lang.NoClassDefFoundError: Could not initialize class com.virco.locators.SiteData
[main] INFO net.serenitybdd.core.Serenity - STARTING STEP When enter "marie.dubois@rustic-hw.com" in the "Email Address" field
]]></system-err>
  </testcase>
  <testcase name="When enter &quot;12341234&quot; in the &quot;Password&quot; field" classname="Scenario: VIR-321.02 Verify that the deleted record is removed from the cart and total is recalculated appropriately" time="0">
    <skipped/>
    <system-err><![CDATA[[main] INFO net.serenitybdd.core.Serenity - IGNORING STEP
[main] INFO net.serenitybdd.core.Serenity - STARTING STEP When enter "12341234" in the "Password" field
]]></system-err>
  </testcase>
  <testcase name="When click on login button" classname="Scenario: VIR-321.02 Verify that the deleted record is removed from the cart and total is recalculated appropriately" time="0">
    <skipped/>
    <system-err><![CDATA[[main] INFO net.serenitybdd.core.Serenity - IGNORING STEP
[main] INFO net.serenitybdd.core.Serenity - STARTING STEP When click on login button
]]></system-err>
  </testcase>
  <testcase name="When click on &quot;Event Spaces&quot; in navigation menu" classname="Scenario: VIR-321.02 Verify that the deleted record is removed from the cart and total is recalculated appropriately" time="0">
    <skipped/>
    <system-err><![CDATA[[main] INFO net.serenitybdd.core.Serenity - IGNORING STEP
[main] INFO net.serenitybdd.core.Serenity - STARTING STEP When click on "Event Spaces" in navigation menu
]]></system-err>
  </testcase>
  <testcase name="When click on &quot;1&quot; product image in list" classname="Scenario: VIR-321.02 Verify that the deleted record is removed from the cart and total is recalculated appropriately" time="0">
    <skipped/>
    <system-err><![CDATA[[main] INFO net.serenitybdd.core.Serenity - IGNORING STEP
[main] INFO net.serenitybdd.core.Serenity - STARTING STEP When click on "1" product image in list
]]></system-err>
  </testcase>
  <testcase name="When click on &quot;Add to cart&quot; button" classname="Scenario: VIR-321.02 Verify that the deleted record is removed from the cart and total is recalculated appropriately" time="0">
    <skipped/>
    <system-err><![CDATA[[main] INFO net.serenitybdd.core.Serenity - IGNORING STEP
[main] INFO net.serenitybdd.core.Serenity - STARTING STEP When click on "Add to cart" button
]]></system-err>
  </testcase>
  <testcase name="When click on &quot;Add to cart&quot; button" classname="Scenario: VIR-321.02 Verify that the deleted record is removed from the cart and total is recalculated appropriately" time="0">
    <skipped/>
    <system-err><![CDATA[[main] INFO net.serenitybdd.core.Serenity - IGNORING STEP
[main] INFO net.serenitybdd.core.Serenity - STARTING STEP When click on "Add to cart" button
]]></system-err>
  </testcase>
  <testcase name="When click on &quot;Add to cart&quot; button" classname="Scenario: VIR-321.02 Verify that the deleted record is removed from the cart and total is recalculated appropriately" time="0">
    <skipped/>
    <system-err><![CDATA[[main] INFO net.serenitybdd.core.Serenity - IGNORING STEP
[main] INFO net.serenitybdd.core.Serenity - STARTING STEP When click on "Add to cart" button
]]></system-err>
  </testcase>
  <testcase name="When click on &quot;21st Century Classroom&quot; in navigation menu" classname="Scenario: VIR-321.02 Verify that the deleted record is removed from the cart and total is recalculated appropriately" time="0">
    <skipped/>
    <system-err><![CDATA[[main] INFO net.serenitybdd.core.Serenity - IGNORING STEP
[main] INFO net.serenitybdd.core.Serenity - STARTING STEP When click on "21st Century Classroom" in navigation menu
]]></system-err>
  </testcase>
  <testcase name="When click on &quot;2&quot; product image in list" classname="Scenario: VIR-321.02 Verify that the deleted record is removed from the cart and total is recalculated appropriately" time="0">
    <skipped/>
    <system-err><![CDATA[[main] INFO net.serenitybdd.core.Serenity - IGNORING STEP
[main] INFO net.serenitybdd.core.Serenity - STARTING STEP When click on "2" product image in list
]]></system-err>
  </testcase>
  <testcase name="When click on &quot;Dining&quot; in navigation menu" classname="Scenario: VIR-321.02 Verify that the deleted record is removed from the cart and total is recalculated appropriately" time="0">
    <skipped/>
    <system-err><![CDATA[[main] INFO net.serenitybdd.core.Serenity - IGNORING STEP
[main] INFO net.serenitybdd.core.Serenity - STARTING STEP When click on "Dining" in navigation menu
]]></system-err>
  </testcase>
  <testcase name="When click on &quot;3&quot; product image in list" classname="Scenario: VIR-321.02 Verify that the deleted record is removed from the cart and total is recalculated appropriately" time="0">
    <skipped/>
    <system-err><![CDATA[[main] INFO net.serenitybdd.core.Serenity - IGNORING STEP
[main] INFO net.serenitybdd.core.Serenity - STARTING STEP When click on "3" product image in list
]]></system-err>
  </testcase>
  <testcase name="When click on &quot;Checkout&quot; button" classname="Scenario: VIR-321.02 Verify that the deleted record is removed from the cart and total is recalculated appropriately" time="0">
    <skipped/>
    <system-err><![CDATA[[main] INFO net.serenitybdd.core.Serenity - IGNORING STEP
[main] INFO net.serenitybdd.core.Serenity - STARTING STEP When click on "Checkout" button
]]></system-err>
  </testcase>
  <testcase name="When remember products information on checkout page" classname="Scenario: VIR-321.02 Verify that the deleted record is removed from the cart and total is recalculated appropriately" time="0">
    <skipped/>
    <system-err><![CDATA[[main] INFO net.serenitybdd.core.Serenity - IGNORING STEP
[main] INFO net.serenitybdd.core.Serenity - STARTING STEP When remember products information on checkout page
]]></system-err>
  </testcase>
  <testcase name="When remove &quot;1&quot; product from cart" classname="Scenario: VIR-321.02 Verify that the deleted record is removed from the cart and total is recalculated appropriately" time="0">
    <skipped/>
    <system-err><![CDATA[[main] INFO net.serenitybdd.core.Serenity - IGNORING STEP
[main] INFO net.serenitybdd.core.Serenity - STARTING STEP When remove "1" product from cart
]]></system-err>
  </testcase>
  <testcase name="Then deleted record is removed from the cart" classname="Scenario: VIR-321.02 Verify that the deleted record is removed from the cart and total is recalculated appropriately" time="0">
    <skipped/>
    <system-err><![CDATA[[main] INFO net.serenitybdd.core.Serenity - IGNORING STEP
[main] INFO net.serenitybdd.core.Serenity - STARTING STEP Then deleted record is removed from the cart
]]></system-err>
  </testcase>
  <testcase name="Then total is recalculated appropriately" classname="Scenario: VIR-321.02 Verify that the deleted record is removed from the cart and total is recalculated appropriately" time="0">
    <skipped/>
    <system-err><![CDATA[[main] INFO net.serenitybdd.core.Serenity - IGNORING STEP
[main] INFO net.serenitybdd.core.Serenity - STARTING STEP Then total is recalculated appropriately
]]></system-err>
  </testcase>
  <testcase name="Given open the site" classname="Scenario: VIR-321.03 Verify that the recalculated total is shown at the mini cart on the Cart badge" time="0.001">
    <error message="Could not initialize class com.virco.locators.SiteData" type="net.serenitybdd.core.exceptions.SerenityManagedException"><![CDATA[net.serenitybdd.core.exceptions.SerenityManagedException: Could not initialize class com.virco.locators.SiteData
	at com.virco.steps.serenity.CommonUserSteps.openTheSite(CommonUserSteps.java:19)
	at com.virco.steps.serenity.CommonUserSteps$$EnhancerByCGLIB$$d8541bfa.CGLIB$openTheSite$6(<generated>)
	at com.virco.steps.serenity.CommonUserSteps$$EnhancerByCGLIB$$d8541bfa$$FastClassByCGLIB$$ea8e0f86.invoke(<generated>)
	at net.sf.cglib.proxy.MethodProxy.invokeSuper(MethodProxy.java:228)
	at net.thucydides.core.steps.StepInterceptor.invokeMethod(StepInterceptor.java:372)
	at net.thucydides.core.steps.StepInterceptor.executeTestStepMethod(StepInterceptor.java:357)
	at net.thucydides.core.steps.StepInterceptor.runTestStep(StepInterceptor.java:332)
	at net.thucydides.core.steps.StepInterceptor.testStepResult(StepInterceptor.java:134)
	at net.thucydides.core.steps.StepInterceptor.intercept(StepInterceptor.java:61)
	at com.virco.steps.serenity.CommonUserSteps$$EnhancerByCGLIB$$d8541bfa.openTheSite(<generated>)
	at com.virco.steps.CommonDefinitionSteps.openTheSite(CommonDefinitionSteps.java:17)
	at sun.reflect.GeneratedMethodAccessor147.invoke(Unknown Source)
	at sun.reflect.DelegatingMethodAccessorImpl.invoke(DelegatingMethodAccessorImpl.java:43)
	at java.lang.reflect.Method.invoke(Method.java:498)
	at cucumber.runtime.Utils$1.call(Utils.java:40)
	at cucumber.runtime.Timeout.timeout(Timeout.java:16)
	at cucumber.runtime.Utils.invoke(Utils.java:34)
	at cucumber.runtime.java.JavaStepDefinition.execute(JavaStepDefinition.java:38)
	at cucumber.runtime.StepDefinitionMatch.runStep(StepDefinitionMatch.java:37)
	at cucumber.runtime.Runtime.runStep(Runtime.java:300)
	at cucumber.runtime.model.StepContainer.runStep(StepContainer.java:44)
	at cucumber.runtime.model.StepContainer.runSteps(StepContainer.java:39)
	at cucumber.runtime.model.CucumberScenario.run(CucumberScenario.java:44)
	at cucumber.runtime.junit.ExecutionUnitRunner.run(ExecutionUnitRunner.java:102)
	at cucumber.runtime.junit.FeatureRunner.runChild(FeatureRunner.java:63)
	at cucumber.runtime.junit.FeatureRunner.runChild(FeatureRunner.java:18)
	at org.junit.runners.ParentRunner$3.run(ParentRunner.java:290)
	at org.junit.runners.ParentRunner$1.schedule(ParentRunner.java:71)
	at org.junit.runners.ParentRunner.runChildren(ParentRunner.java:288)
	at org.junit.runners.ParentRunner.access$000(ParentRunner.java:58)
	at org.junit.runners.ParentRunner$2.evaluate(ParentRunner.java:268)
	at org.junit.runners.ParentRunner.run(ParentRunner.java:363)
	at cucumber.runtime.junit.FeatureRunner.run(FeatureRunner.java:70)
	at cucumber.api.junit.Cucumber.runChild(Cucumber.java:95)
	at cucumber.api.junit.Cucumber.runChild(Cucumber.java:38)
	at org.junit.runners.ParentRunner$3.run(ParentRunner.java:290)
	at org.junit.runners.ParentRunner$1.schedule(ParentRunner.java:71)
	at org.junit.runners.ParentRunner.runChildren(ParentRunner.java:288)
	at org.junit.runners.ParentRunner.access$000(ParentRunner.java:58)
	at org.junit.runners.ParentRunner$2.evaluate(ParentRunner.java:268)
	at org.junit.runners.ParentRunner.run(ParentRunner.java:363)
	at cucumber.api.junit.Cucumber.run(Cucumber.java:100)
	at org.apache.maven.surefire.junit4.JUnit4Provider.execute(JUnit4Provider.java:283)
	at org.apache.maven.surefire.junit4.JUnit4Provider.executeWithRerun(JUnit4Provider.java:173)
	at org.apache.maven.surefire.junit4.JUnit4Provider.executeTestSet(JUnit4Provider.java:153)
	at org.apache.maven.surefire.junit4.JUnit4Provider.invoke(JUnit4Provider.java:128)
	at org.apache.maven.surefire.booter.ForkedBooter.invokeProviderInSameClassLoader(ForkedBooter.java:203)
	at org.apache.maven.surefire.booter.ForkedBooter.runSuitesInProcess(ForkedBooter.java:155)
	at org.apache.maven.surefire.booter.ForkedBooter.main(ForkedBooter.java:103)
]]></error>
    <system-err><![CDATA[[main] INFO net.serenitybdd.core.Serenity - IGNORING STEP
[main] ERROR net.serenitybdd.core.Serenity - 
           __  _____ _____ ____ _____   _____ _    ___ _     _____ ____  
  _       / / |_   _| ____/ ___|_   _| |  ___/ \  |_ _| |   | ____|  _ \ 
 (_)_____| |    | | |  _| \___ \ | |   | |_ / _ \  | || |   |  _| | | | |
  _|_____| |    | | | |___ ___) || |   |  _/ ___ \ | || |___| |___| |_| |
 (_)     | |    |_| |_____|____/ |_|   |_|/_/   \_\___|_____|_____|____/ 
          \_\                                                            

TEST FAILED WITH ERROR: VIR-321.02 Verify that the deleted record is removed from the cart and total is recalculated appropriately
---------------------------------------------------------------------
[main] ERROR net.serenitybdd.core.Serenity - TEST FAILED AT STEP Open the site
[main] ERROR net.serenitybdd.core.Serenity - Could not initialize class com.virco.locators.SiteData
[pool-1-thread-3] INFO net.thucydides.core.reports.json.JSONTestOutcomeReporter - Generating JSON report for VIR-326.04 Verify that the following information is shown for the line items to file /Users/rodionsavchuk/hybrisAutomation/virco-automatedtests/target/site/serenity/2c452f07a1bcdf3421c4edf447bc89057a98cf46c59ef2b671d2be2ff4a4c053.json (using temp file /Users/rodionsavchuk/hybrisAutomation/virco-automatedtests/target/site/serenity/2c452f07a1bcdf3421c4edf447bc89057a98cf46c59ef2b671d2be2ff4a4c053.jsonf3d8bec4-0ad0-41bf-aff8-1893c089d065)
[pool-1-thread-2] INFO net.thucydides.core.reports.json.JSONTestOutcomeReporter - Generating JSON report for VIR-326.03 Verify that the Cart Mini is closed if click Continue Shopping to file /Users/rodionsavchuk/hybrisAutomation/virco-automatedtests/target/site/serenity/fc75e3c14f20f460880ef40a61a6df29f6fa31bb951c9ebb427bfc8c392236de.json (using temp file /Users/rodionsavchuk/hybrisAutomation/virco-automatedtests/target/site/serenity/fc75e3c14f20f460880ef40a61a6df29f6fa31bb951c9ebb427bfc8c392236de.json1414f945-7362-4c9d-b0b2-3e32e3e72b57)
[pool-1-thread-4] INFO net.thucydides.core.reports.json.JSONTestOutcomeReporter - Generating JSON report for VIR-326.01 Verify that the last 5 line items from the cart is shown to the customer if they hover the cart icon to file /Users/rodionsavchuk/hybrisAutomation/virco-automatedtests/target/site/serenity/10cc6173443af7b226654e355bce3172c0f985aa67b7bdbbd49e170696d8d64f.json (using temp file /Users/rodionsavchuk/hybrisAutomation/virco-automatedtests/target/site/serenity/10cc6173443af7b226654e355bce3172c0f985aa67b7bdbbd49e170696d8d64f.json6034a9a4-23ce-4e65-890f-55a1756590e1)
[pool-1-thread-1] INFO net.thucydides.core.reports.json.JSONTestOutcomeReporter - Generating JSON report for VIR-326.02 Verify that the Cart is shown if click Checkout to file /Users/rodionsavchuk/hybrisAutomation/virco-automatedtests/target/site/serenity/e824970ee4a6720040fcabde0fda88ee8290262f154aba069707e4340b4bb934.json (using temp file /Users/rodionsavchuk/hybrisAutomation/virco-automatedtests/target/site/serenity/e824970ee4a6720040fcabde0fda88ee8290262f154aba069707e4340b4bb934.jsonf3a36bb3-4ab2-4648-841c-553c5fdc03ef)
[pool-1-thread-3] INFO net.thucydides.core.reports.json.JSONTestOutcomeReporter - Generating JSON report for VIR-319.01 Verify that the items have the following information shown additionally at the shopping cart to file /Users/rodionsavchuk/hybrisAutomation/virco-automatedtests/target/site/serenity/d28c9ee9524e1740a1157dc1946b996d71e320182676e5c9c0dab68033c8027c.json (using temp file /Users/rodionsavchuk/hybrisAutomation/virco-automatedtests/target/site/serenity/d28c9ee9524e1740a1157dc1946b996d71e320182676e5c9c0dab68033c8027c.jsonfd457106-3973-48f9-abac-2b2f0073d778)
[pool-1-thread-2] INFO net.thucydides.core.reports.json.JSONTestOutcomeReporter - Generating JSON report for VIR-319.02 Verify that the shown data is valid to file /Users/rodionsavchuk/hybrisAutomation/virco-automatedtests/target/site/serenity/90256fb01ae1d8bf3a043fb882946d3fb891cbd459686b154c95cd9a210f2074.json (using temp file /Users/rodionsavchuk/hybrisAutomation/virco-automatedtests/target/site/serenity/90256fb01ae1d8bf3a043fb882946d3fb891cbd459686b154c95cd9a210f2074.jsone291e704-d940-4413-8a58-bf8dba413601)
[pool-1-thread-3] INFO net.thucydides.core.reports.json.JSONTestOutcomeReporter - Generating JSON report for VIR-320.01 Verify that the link to the added product to the cart is shown to the shopper on the cart page to file /Users/rodionsavchuk/hybrisAutomation/virco-automatedtests/target/site/serenity/d16ead5691550e3b597df893a88ba61cd6c833f840268cb93b349a7266b1a994.json (using temp file /Users/rodionsavchuk/hybrisAutomation/virco-automatedtests/target/site/serenity/d16ead5691550e3b597df893a88ba61cd6c833f840268cb93b349a7266b1a994.json570b8671-022b-467b-9e86-718f878b7a59)
[pool-1-thread-4] INFO net.thucydides.core.reports.json.JSONTestOutcomeReporter - Generating JSON report for VIR-320.02 Verify that clicking on the link the shopper is moved to the product page to file /Users/rodionsavchuk/hybrisAutomation/virco-automatedtests/target/site/serenity/6c8f08f50ad54d227955441033cee5bb3aaf213afb86e0121c8ec2b4b4fc4ef5.json (using temp file /Users/rodionsavchuk/hybrisAutomation/virco-automatedtests/target/site/serenity/6c8f08f50ad54d227955441033cee5bb3aaf213afb86e0121c8ec2b4b4fc4ef5.json065a5a52-d42c-4db7-ae14-7b84addb5311)
[pool-1-thread-1] INFO net.thucydides.core.reports.json.JSONTestOutcomeReporter - Generating JSON report for VIR-320.03 Verify that the shopper can continue the shopping by clicking on Continue Shopping page to file /Users/rodionsavchuk/hybrisAutomation/virco-automatedtests/target/site/serenity/9870b9390e0f1df57cebd29b7ed2b7a3d7c2eb655ee3f61e29967c808164efc0.json (using temp file /Users/rodionsavchuk/hybrisAutomation/virco-automatedtests/target/site/serenity/9870b9390e0f1df57cebd29b7ed2b7a3d7c2eb655ee3f61e29967c808164efc0.json10ed82d9-b919-495b-b3fb-b4c75b8b0260)
[pool-1-thread-3] INFO net.thucydides.core.reports.json.JSONTestOutcomeReporter - Generating JSON report for VIR-320.04 Verify that the shopper is moved to the last product page which was viewed to file /Users/rodionsavchuk/hybrisAutomation/virco-automatedtests/target/site/serenity/04321dde630f35c241f5bc9be5a5a88320a25143b6576885e0b0a9a68704c5e9.json (using temp file /Users/rodionsavchuk/hybrisAutomation/virco-automatedtests/target/site/serenity/04321dde630f35c241f5bc9be5a5a88320a25143b6576885e0b0a9a68704c5e9.jsonccd23ca3-d305-4197-a79c-d616194b11f8)
[pool-1-thread-2] INFO net.thucydides.core.reports.json.JSONTestOutcomeReporter - Generating JSON report for VIR-321.01 Verify that the delete button is shown per each record from the cart to file /Users/rodionsavchuk/hybrisAutomation/virco-automatedtests/target/site/serenity/b5f0470acc1edb7a431d3bba4875ee0f84bd2898529e51396b970944c3a33ffb.json (using temp file /Users/rodionsavchuk/hybrisAutomation/virco-automatedtests/target/site/serenity/b5f0470acc1edb7a431d3bba4875ee0f84bd2898529e51396b970944c3a33ffb.json479a2bab-3c07-4b90-a077-a96d87753601)
[pool-1-thread-4] INFO net.thucydides.core.reports.json.JSONTestOutcomeReporter - Generating JSON report for VIR-321.02 Verify that the deleted record is removed from the cart and total is recalculated appropriately to file /Users/rodionsavchuk/hybrisAutomation/virco-automatedtests/target/site/serenity/3c4cdd815161ea6d2ff254187f3bc71be00be5ed2fd7963bc6b91c83b32137b8.json (using temp file /Users/rodionsavchuk/hybrisAutomation/virco-automatedtests/target/site/serenity/3c4cdd815161ea6d2ff254187f3bc71be00be5ed2fd7963bc6b91c83b32137b8.json6178c2bf-5df4-4e73-8c26-df16b5c26dee)
[pool-1-thread-2] INFO net.thucydides.core.reports.html.HtmlAcceptanceTestReporter - GENERATING HTML REPORT FOR CART-10 - Mini-Cart:VIR-326.01 Verify that the last 5 line items from the cart is shown to the customer if they hover the cart icon in 10cc6173443af7b226654e355bce3172c0f985aa67b7bdbbd49e170696d8d64f.html in directory target/site/serenity  
[pool-1-thread-3] INFO net.thucydides.core.reports.html.HtmlAcceptanceTestReporter - GENERATING HTML REPORT FOR CART-10 - Mini-Cart:VIR-326.04 Verify that the following information is shown for the line items in 2c452f07a1bcdf3421c4edf447bc89057a98cf46c59ef2b671d2be2ff4a4c053.html in directory target/site/serenity  
[pool-1-thread-1] INFO net.thucydides.core.reports.html.HtmlAcceptanceTestReporter - GENERATING HTML REPORT FOR CART-10 - Mini-Cart:VIR-326.02 Verify that the Cart is shown if click Checkout in e824970ee4a6720040fcabde0fda88ee8290262f154aba069707e4340b4bb934.html in directory target/site/serenity  
[pool-1-thread-4] INFO net.thucydides.core.reports.html.HtmlAcceptanceTestReporter - GENERATING HTML REPORT FOR CART-10 - Mini-Cart:VIR-326.03 Verify that the Cart Mini is closed if click Continue Shopping in fc75e3c14f20f460880ef40a61a6df29f6fa31bb951c9ebb427bfc8c392236de.html in directory target/site/serenity  
[pool-1-thread-3] INFO net.thucydides.core.reports.html.HtmlAcceptanceTestReporter - GENERATING HTML REPORT FOR CART-2 - Cart Data:VIR-319.01 Verify that the items have the following information shown additionally at the shopping cart in d28c9ee9524e1740a1157dc1946b996d71e320182676e5c9c0dab68033c8027c.html in directory target/site/serenity  
[pool-1-thread-4] INFO net.thucydides.core.reports.html.HtmlAcceptanceTestReporter - GENERATING HTML REPORT FOR CART-3 - Product Links:VIR-320.01 Verify that the link to the added product to the cart is shown to the shopper on the cart page in d16ead5691550e3b597df893a88ba61cd6c833f840268cb93b349a7266b1a994.html in directory target/site/serenity  
[pool-1-thread-1] INFO net.thucydides.core.reports.html.HtmlAcceptanceTestReporter - GENERATING HTML REPORT FOR CART-3 - Product Links:VIR-320.02 Verify that clicking on the link the shopper is moved to the product page in 6c8f08f50ad54d227955441033cee5bb3aaf213afb86e0121c8ec2b4b4fc4ef5.html in directory target/site/serenity  
[pool-1-thread-3] INFO net.thucydides.core.reports.html.HtmlAcceptanceTestReporter - GENERATING HTML REPORT FOR CART-3 - Product Links:VIR-320.03 Verify that the shopper can continue the shopping by clicking on Continue Shopping page in 9870b9390e0f1df57cebd29b7ed2b7a3d7c2eb655ee3f61e29967c808164efc0.html in directory target/site/serenity  
[pool-1-thread-4] INFO net.thucydides.core.reports.html.HtmlAcceptanceTestReporter - GENERATING HTML REPORT FOR CART-3 - Product Links:VIR-320.04 Verify that the shopper is moved to the last product page which was viewed in 04321dde630f35c241f5bc9be5a5a88320a25143b6576885e0b0a9a68704c5e9.html in directory target/site/serenity  
[pool-1-thread-1] INFO net.thucydides.core.reports.html.HtmlAcceptanceTestReporter - GENERATING HTML REPORT FOR CART-4 - Delete SKU:VIR-321.01 Verify that the delete button is shown per each record from the cart in b5f0470acc1edb7a431d3bba4875ee0f84bd2898529e51396b970944c3a33ffb.html in directory target/site/serenity  
[pool-1-thread-3] INFO net.thucydides.core.reports.html.HtmlAcceptanceTestReporter - GENERATING HTML REPORT FOR CART-4 - Delete SKU:VIR-321.02 Verify that the deleted record is removed from the cart and total is recalculated appropriately in 3c4cdd815161ea6d2ff254187f3bc71be00be5ed2fd7963bc6b91c83b32137b8.html in directory target/site/serenity  
[pool-1-thread-2] INFO net.thucydides.core.reports.html.HtmlAcceptanceTestReporter - GENERATING HTML REPORT FOR CART-2 - Cart Data:VIR-319.02 Verify that the shown data is valid in 90256fb01ae1d8bf3a043fb882946d3fb891cbd459686b154c95cd9a210f2074.html in directory target/site/serenity  
[main] INFO net.serenitybdd.core.Serenity - 
 _____ _____ ____ _____   ____ _____  _    ____ _____ _____ ____  
|_   _| ____/ ___|_   _| / ___|_   _|/ \  |  _ \_   _| ____|  _ \ 
  | | |  _| \___ \ | |   \___ \ | | / _ \ | |_) || | |  _| | | | |
  | | | |___ ___) || |    ___) || |/ ___ \|  _ < | | | |___| |_| |
  |_| |_____|____/ |_|   |____/ |_/_/   \_\_| \_\|_| |_____|____/ 
                                                                  

TEST STARTED: VIR-321.03 Verify that the recalculated total is shown at the mini cart on the Cart badge
-------------------------------------------------------------------(cart-4---delete-sku;vir-321.03-verify-that-the-recalculated-total-is-shown-at-the-mini-cart-on-the-cart-badge)
[main] INFO net.serenitybdd.core.Serenity - STARTING STEP Given open the site
[main] INFO net.serenitybdd.core.Serenity - STARTING STEP Open the site
[main] INFO net.serenitybdd.core.Serenity - STEP ERROR: net.serenitybdd.core.exceptions.SerenityManagedException: Could not initialize class com.virco.locators.SiteData
]]></system-err>
  </testcase>
  <testcase name="Scenario: VIR-321.03 Verify that the recalculated total is shown at the mini cart on the Cart badge" classname="Scenario: VIR-321.03 Verify that the recalculated total is shown at the mini cart on the Cart badge" time="0.002">
    <error message="Could not initialize class com.virco.locators.SiteData" type="net.serenitybdd.core.exceptions.SerenityManagedException"><![CDATA[net.serenitybdd.core.exceptions.SerenityManagedException: Could not initialize class com.virco.locators.SiteData
	at com.virco.steps.serenity.CommonUserSteps.openTheSite(CommonUserSteps.java:19)
	at com.virco.steps.serenity.CommonUserSteps$$EnhancerByCGLIB$$d8541bfa.CGLIB$openTheSite$6(<generated>)
	at com.virco.steps.serenity.CommonUserSteps$$EnhancerByCGLIB$$d8541bfa$$FastClassByCGLIB$$ea8e0f86.invoke(<generated>)
	at net.sf.cglib.proxy.MethodProxy.invokeSuper(MethodProxy.java:228)
	at net.thucydides.core.steps.StepInterceptor.invokeMethod(StepInterceptor.java:372)
	at net.thucydides.core.steps.StepInterceptor.executeTestStepMethod(StepInterceptor.java:357)
	at net.thucydides.core.steps.StepInterceptor.runTestStep(StepInterceptor.java:332)
	at net.thucydides.core.steps.StepInterceptor.testStepResult(StepInterceptor.java:134)
	at net.thucydides.core.steps.StepInterceptor.intercept(StepInterceptor.java:61)
	at com.virco.steps.serenity.CommonUserSteps$$EnhancerByCGLIB$$d8541bfa.openTheSite(<generated>)
	at com.virco.steps.CommonDefinitionSteps.openTheSite(CommonDefinitionSteps.java:17)
	at sun.reflect.GeneratedMethodAccessor147.invoke(Unknown Source)
	at sun.reflect.DelegatingMethodAccessorImpl.invoke(DelegatingMethodAccessorImpl.java:43)
	at java.lang.reflect.Method.invoke(Method.java:498)
	at cucumber.runtime.Utils$1.call(Utils.java:40)
	at cucumber.runtime.Timeout.timeout(Timeout.java:16)
	at cucumber.runtime.Utils.invoke(Utils.java:34)
	at cucumber.runtime.java.JavaStepDefinition.execute(JavaStepDefinition.java:38)
	at cucumber.runtime.StepDefinitionMatch.runStep(StepDefinitionMatch.java:37)
	at cucumber.runtime.Runtime.runStep(Runtime.java:300)
	at cucumber.runtime.model.StepContainer.runStep(StepContainer.java:44)
	at cucumber.runtime.model.StepContainer.runSteps(StepContainer.java:39)
	at cucumber.runtime.model.CucumberScenario.run(CucumberScenario.java:44)
	at cucumber.runtime.junit.ExecutionUnitRunner.run(ExecutionUnitRunner.java:102)
	at cucumber.runtime.junit.FeatureRunner.runChild(FeatureRunner.java:63)
	at cucumber.runtime.junit.FeatureRunner.runChild(FeatureRunner.java:18)
	at org.junit.runners.ParentRunner$3.run(ParentRunner.java:290)
	at org.junit.runners.ParentRunner$1.schedule(ParentRunner.java:71)
	at org.junit.runners.ParentRunner.runChildren(ParentRunner.java:288)
	at org.junit.runners.ParentRunner.access$000(ParentRunner.java:58)
	at org.junit.runners.ParentRunner$2.evaluate(ParentRunner.java:268)
	at org.junit.runners.ParentRunner.run(ParentRunner.java:363)
	at cucumber.runtime.junit.FeatureRunner.run(FeatureRunner.java:70)
	at cucumber.api.junit.Cucumber.runChild(Cucumber.java:95)
	at cucumber.api.junit.Cucumber.runChild(Cucumber.java:38)
	at org.junit.runners.ParentRunner$3.run(ParentRunner.java:290)
	at org.junit.runners.ParentRunner$1.schedule(ParentRunner.java:71)
	at org.junit.runners.ParentRunner.runChildren(ParentRunner.java:288)
	at org.junit.runners.ParentRunner.access$000(ParentRunner.java:58)
	at org.junit.runners.ParentRunner$2.evaluate(ParentRunner.java:268)
	at org.junit.runners.ParentRunner.run(ParentRunner.java:363)
	at cucumber.api.junit.Cucumber.run(Cucumber.java:100)
	at org.apache.maven.surefire.junit4.JUnit4Provider.execute(JUnit4Provider.java:283)
	at org.apache.maven.surefire.junit4.JUnit4Provider.executeWithRerun(JUnit4Provider.java:173)
	at org.apache.maven.surefire.junit4.JUnit4Provider.executeTestSet(JUnit4Provider.java:153)
	at org.apache.maven.surefire.junit4.JUnit4Provider.invoke(JUnit4Provider.java:128)
	at org.apache.maven.surefire.booter.ForkedBooter.invokeProviderInSameClassLoader(ForkedBooter.java:203)
	at org.apache.maven.surefire.booter.ForkedBooter.runSuitesInProcess(ForkedBooter.java:155)
	at org.apache.maven.surefire.booter.ForkedBooter.main(ForkedBooter.java:103)
]]></error>
  </testcase>
  <testcase name="When enter &quot;marie.dubois@rustic-hw.com&quot; in the &quot;Email Address&quot; field" classname="Scenario: VIR-321.03 Verify that the recalculated total is shown at the mini cart on the Cart badge" time="0">
    <skipped/>
    <system-err><![CDATA[[main] INFO net.serenitybdd.core.Serenity - STEP ERROR: java.lang.NoClassDefFoundError: Could not initialize class com.virco.locators.SiteData
[main] INFO net.serenitybdd.core.Serenity - STARTING STEP When enter "marie.dubois@rustic-hw.com" in the "Email Address" field
]]></system-err>
  </testcase>
  <testcase name="When enter &quot;12341234&quot; in the &quot;Password&quot; field" classname="Scenario: VIR-321.03 Verify that the recalculated total is shown at the mini cart on the Cart badge" time="0">
    <skipped/>
    <system-err><![CDATA[[main] INFO net.serenitybdd.core.Serenity - IGNORING STEP
[main] INFO net.serenitybdd.core.Serenity - STARTING STEP When enter "12341234" in the "Password" field
]]></system-err>
  </testcase>
  <testcase name="When click on login button" classname="Scenario: VIR-321.03 Verify that the recalculated total is shown at the mini cart on the Cart badge" time="0">
    <skipped/>
    <system-err><![CDATA[[main] INFO net.serenitybdd.core.Serenity - IGNORING STEP
[main] INFO net.serenitybdd.core.Serenity - STARTING STEP When click on login button
]]></system-err>
  </testcase>
  <testcase name="When click on &quot;Event Spaces&quot; in navigation menu" classname="Scenario: VIR-321.03 Verify that the recalculated total is shown at the mini cart on the Cart badge" time="0">
    <skipped/>
    <system-err><![CDATA[[main] INFO net.serenitybdd.core.Serenity - IGNORING STEP
[main] INFO net.serenitybdd.core.Serenity - STARTING STEP When click on "Event Spaces" in navigation menu
]]></system-err>
  </testcase>
  <testcase name="When click on &quot;1&quot; product image in list" classname="Scenario: VIR-321.03 Verify that the recalculated total is shown at the mini cart on the Cart badge" time="0">
    <skipped/>
    <system-err><![CDATA[[main] INFO net.serenitybdd.core.Serenity - IGNORING STEP
[main] INFO net.serenitybdd.core.Serenity - STARTING STEP When click on "1" product image in list
]]></system-err>
  </testcase>
  <testcase name="When click on &quot;Add to cart&quot; button" classname="Scenario: VIR-321.03 Verify that the recalculated total is shown at the mini cart on the Cart badge" time="0">
    <skipped/>
    <system-err><![CDATA[[main] INFO net.serenitybdd.core.Serenity - IGNORING STEP
[main] INFO net.serenitybdd.core.Serenity - STARTING STEP When click on "Add to cart" button
]]></system-err>
  </testcase>
  <testcase name="When click on &quot;Add to cart&quot; button" classname="Scenario: VIR-321.03 Verify that the recalculated total is shown at the mini cart on the Cart badge" time="0">
    <skipped/>
    <system-err><![CDATA[[main] INFO net.serenitybdd.core.Serenity - IGNORING STEP
[main] INFO net.serenitybdd.core.Serenity - STARTING STEP When click on "Add to cart" button
]]></system-err>
  </testcase>
  <testcase name="When click on &quot;Add to cart&quot; button" classname="Scenario: VIR-321.03 Verify that the recalculated total is shown at the mini cart on the Cart badge" time="0">
    <skipped/>
    <system-err><![CDATA[[main] INFO net.serenitybdd.core.Serenity - IGNORING STEP
[main] INFO net.serenitybdd.core.Serenity - STARTING STEP When click on "Add to cart" button
]]></system-err>
  </testcase>
  <testcase name="When click on &quot;21st Century Classroom&quot; in navigation menu" classname="Scenario: VIR-321.03 Verify that the recalculated total is shown at the mini cart on the Cart badge" time="0">
    <skipped/>
    <system-err><![CDATA[[main] INFO net.serenitybdd.core.Serenity - IGNORING STEP
[main] INFO net.serenitybdd.core.Serenity - STARTING STEP When click on "21st Century Classroom" in navigation menu
]]></system-err>
  </testcase>
  <testcase name="When click on &quot;2&quot; product image in list" classname="Scenario: VIR-321.03 Verify that the recalculated total is shown at the mini cart on the Cart badge" time="0">
    <skipped/>
    <system-err><![CDATA[[main] INFO net.serenitybdd.core.Serenity - IGNORING STEP
[main] INFO net.serenitybdd.core.Serenity - STARTING STEP When click on "2" product image in list
]]></system-err>
  </testcase>
  <testcase name="When click on &quot;Dining&quot; in navigation menu" classname="Scenario: VIR-321.03 Verify that the recalculated total is shown at the mini cart on the Cart badge" time="0">
    <skipped/>
    <system-err><![CDATA[[main] INFO net.serenitybdd.core.Serenity - IGNORING STEP
[main] INFO net.serenitybdd.core.Serenity - STARTING STEP When click on "Dining" in navigation menu
]]></system-err>
  </testcase>
  <testcase name="When click on &quot;3&quot; product image in list" classname="Scenario: VIR-321.03 Verify that the recalculated total is shown at the mini cart on the Cart badge" time="0">
    <skipped/>
    <system-err><![CDATA[[main] INFO net.serenitybdd.core.Serenity - IGNORING STEP
[main] INFO net.serenitybdd.core.Serenity - STARTING STEP When click on "3" product image in list
]]></system-err>
  </testcase>
  <testcase name="When click on &quot;Checkout&quot; button" classname="Scenario: VIR-321.03 Verify that the recalculated total is shown at the mini cart on the Cart badge" time="0">
    <skipped/>
    <system-err><![CDATA[[main] INFO net.serenitybdd.core.Serenity - IGNORING STEP
[main] INFO net.serenitybdd.core.Serenity - STARTING STEP When click on "Checkout" button
]]></system-err>
  </testcase>
  <testcase name="When remember products information on checkout page" classname="Scenario: VIR-321.03 Verify that the recalculated total is shown at the mini cart on the Cart badge" time="0">
    <skipped/>
    <system-err><![CDATA[[main] INFO net.serenitybdd.core.Serenity - IGNORING STEP
[main] INFO net.serenitybdd.core.Serenity - STARTING STEP When remember products information on checkout page
]]></system-err>
  </testcase>
  <testcase name="When remove &quot;1&quot; product from cart" classname="Scenario: VIR-321.03 Verify that the recalculated total is shown at the mini cart on the Cart badge" time="0">
    <skipped/>
    <system-err><![CDATA[[main] INFO net.serenitybdd.core.Serenity - IGNORING STEP
[main] INFO net.serenitybdd.core.Serenity - STARTING STEP When remove "1" product from cart
]]></system-err>
  </testcase>
  <testcase name="Then the recalculated total is shown at the mini cart" classname="Scenario: VIR-321.03 Verify that the recalculated total is shown at the mini cart on the Cart badge" time="0">
    <skipped/>
    <system-err><![CDATA[[main] INFO net.serenitybdd.core.Serenity - IGNORING STEP
[main] INFO net.serenitybdd.core.Serenity - STARTING STEP Then the recalculated total is shown at the mini cart
]]></system-err>
  </testcase>
  <testcase name="Given open the site" classname="Scenario: VIR-325.01 Verify that the total quantity of items are shown on the cart" time="0.002">
    <error message="Could not initialize class com.virco.locators.SiteData" type="net.serenitybdd.core.exceptions.SerenityManagedException"><![CDATA[net.serenitybdd.core.exceptions.SerenityManagedException: Could not initialize class com.virco.locators.SiteData
	at com.virco.steps.serenity.CommonUserSteps.openTheSite(CommonUserSteps.java:19)
	at com.virco.steps.serenity.CommonUserSteps$$EnhancerByCGLIB$$d8541bfa.CGLIB$openTheSite$6(<generated>)
	at com.virco.steps.serenity.CommonUserSteps$$EnhancerByCGLIB$$d8541bfa$$FastClassByCGLIB$$ea8e0f86.invoke(<generated>)
	at net.sf.cglib.proxy.MethodProxy.invokeSuper(MethodProxy.java:228)
	at net.thucydides.core.steps.StepInterceptor.invokeMethod(StepInterceptor.java:372)
	at net.thucydides.core.steps.StepInterceptor.executeTestStepMethod(StepInterceptor.java:357)
	at net.thucydides.core.steps.StepInterceptor.runTestStep(StepInterceptor.java:332)
	at net.thucydides.core.steps.StepInterceptor.testStepResult(StepInterceptor.java:134)
	at net.thucydides.core.steps.StepInterceptor.intercept(StepInterceptor.java:61)
	at com.virco.steps.serenity.CommonUserSteps$$EnhancerByCGLIB$$d8541bfa.openTheSite(<generated>)
	at com.virco.steps.CommonDefinitionSteps.openTheSite(CommonDefinitionSteps.java:17)
	at sun.reflect.GeneratedMethodAccessor147.invoke(Unknown Source)
	at sun.reflect.DelegatingMethodAccessorImpl.invoke(DelegatingMethodAccessorImpl.java:43)
	at java.lang.reflect.Method.invoke(Method.java:498)
	at cucumber.runtime.Utils$1.call(Utils.java:40)
	at cucumber.runtime.Timeout.timeout(Timeout.java:16)
	at cucumber.runtime.Utils.invoke(Utils.java:34)
	at cucumber.runtime.java.JavaStepDefinition.execute(JavaStepDefinition.java:38)
	at cucumber.runtime.StepDefinitionMatch.runStep(StepDefinitionMatch.java:37)
	at cucumber.runtime.Runtime.runStep(Runtime.java:300)
	at cucumber.runtime.model.StepContainer.runStep(StepContainer.java:44)
	at cucumber.runtime.model.StepContainer.runSteps(StepContainer.java:39)
	at cucumber.runtime.model.CucumberScenario.run(CucumberScenario.java:44)
	at cucumber.runtime.junit.ExecutionUnitRunner.run(ExecutionUnitRunner.java:102)
	at cucumber.runtime.junit.FeatureRunner.runChild(FeatureRunner.java:63)
	at cucumber.runtime.junit.FeatureRunner.runChild(FeatureRunner.java:18)
	at org.junit.runners.ParentRunner$3.run(ParentRunner.java:290)
	at org.junit.runners.ParentRunner$1.schedule(ParentRunner.java:71)
	at org.junit.runners.ParentRunner.runChildren(ParentRunner.java:288)
	at org.junit.runners.ParentRunner.access$000(ParentRunner.java:58)
	at org.junit.runners.ParentRunner$2.evaluate(ParentRunner.java:268)
	at org.junit.runners.ParentRunner.run(ParentRunner.java:363)
	at cucumber.runtime.junit.FeatureRunner.run(FeatureRunner.java:70)
	at cucumber.api.junit.Cucumber.runChild(Cucumber.java:95)
	at cucumber.api.junit.Cucumber.runChild(Cucumber.java:38)
	at org.junit.runners.ParentRunner$3.run(ParentRunner.java:290)
	at org.junit.runners.ParentRunner$1.schedule(ParentRunner.java:71)
	at org.junit.runners.ParentRunner.runChildren(ParentRunner.java:288)
	at org.junit.runners.ParentRunner.access$000(ParentRunner.java:58)
	at org.junit.runners.ParentRunner$2.evaluate(ParentRunner.java:268)
	at org.junit.runners.ParentRunner.run(ParentRunner.java:363)
	at cucumber.api.junit.Cucumber.run(Cucumber.java:100)
	at org.apache.maven.surefire.junit4.JUnit4Provider.execute(JUnit4Provider.java:283)
	at org.apache.maven.surefire.junit4.JUnit4Provider.executeWithRerun(JUnit4Provider.java:173)
	at org.apache.maven.surefire.junit4.JUnit4Provider.executeTestSet(JUnit4Provider.java:153)
	at org.apache.maven.surefire.junit4.JUnit4Provider.invoke(JUnit4Provider.java:128)
	at org.apache.maven.surefire.booter.ForkedBooter.invokeProviderInSameClassLoader(ForkedBooter.java:203)
	at org.apache.maven.surefire.booter.ForkedBooter.runSuitesInProcess(ForkedBooter.java:155)
	at org.apache.maven.surefire.booter.ForkedBooter.main(ForkedBooter.java:103)
]]></error>
    <system-err><![CDATA[[main] INFO net.serenitybdd.core.Serenity - IGNORING STEP
[main] ERROR net.serenitybdd.core.Serenity - 
           __  _____ _____ ____ _____   _____ _    ___ _     _____ ____  
  _       / / |_   _| ____/ ___|_   _| |  ___/ \  |_ _| |   | ____|  _ \ 
 (_)_____| |    | | |  _| \___ \ | |   | |_ / _ \  | || |   |  _| | | | |
  _|_____| |    | | | |___ ___) || |   |  _/ ___ \ | || |___| |___| |_| |
 (_)     | |    |_| |_____|____/ |_|   |_|/_/   \_\___|_____|_____|____/ 
          \_\                                                            

TEST FAILED WITH ERROR: VIR-321.03 Verify that the recalculated total is shown at the mini cart on the Cart badge
---------------------------------------------------------------------
[main] ERROR net.serenitybdd.core.Serenity - TEST FAILED AT STEP Open the site
[main] ERROR net.serenitybdd.core.Serenity - Could not initialize class com.virco.locators.SiteData
[pool-1-thread-4] INFO net.thucydides.core.reports.json.JSONTestOutcomeReporter - Generating JSON report for VIR-326.01 Verify that the last 5 line items from the cart is shown to the customer if they hover the cart icon to file /Users/rodionsavchuk/hybrisAutomation/virco-automatedtests/target/site/serenity/10cc6173443af7b226654e355bce3172c0f985aa67b7bdbbd49e170696d8d64f.json (using temp file /Users/rodionsavchuk/hybrisAutomation/virco-automatedtests/target/site/serenity/10cc6173443af7b226654e355bce3172c0f985aa67b7bdbbd49e170696d8d64f.jsonfad27adb-ae06-49c7-b267-46ebf5accf91)
[pool-1-thread-1] INFO net.thucydides.core.reports.json.JSONTestOutcomeReporter - Generating JSON report for VIR-326.02 Verify that the Cart is shown if click Checkout to file /Users/rodionsavchuk/hybrisAutomation/virco-automatedtests/target/site/serenity/e824970ee4a6720040fcabde0fda88ee8290262f154aba069707e4340b4bb934.json (using temp file /Users/rodionsavchuk/hybrisAutomation/virco-automatedtests/target/site/serenity/e824970ee4a6720040fcabde0fda88ee8290262f154aba069707e4340b4bb934.jsona3bd76b5-8220-4c66-8162-4fca3088b1a6)
[pool-1-thread-3] INFO net.thucydides.core.reports.json.JSONTestOutcomeReporter - Generating JSON report for VIR-326.03 Verify that the Cart Mini is closed if click Continue Shopping to file /Users/rodionsavchuk/hybrisAutomation/virco-automatedtests/target/site/serenity/fc75e3c14f20f460880ef40a61a6df29f6fa31bb951c9ebb427bfc8c392236de.json (using temp file /Users/rodionsavchuk/hybrisAutomation/virco-automatedtests/target/site/serenity/fc75e3c14f20f460880ef40a61a6df29f6fa31bb951c9ebb427bfc8c392236de.jsonc3b23a25-1167-429f-8494-f6b6edabec4b)
[pool-1-thread-3] INFO net.thucydides.core.reports.json.JSONTestOutcomeReporter - Generating JSON report for VIR-326.04 Verify that the following information is shown for the line items to file /Users/rodionsavchuk/hybrisAutomation/virco-automatedtests/target/site/serenity/2c452f07a1bcdf3421c4edf447bc89057a98cf46c59ef2b671d2be2ff4a4c053.json (using temp file /Users/rodionsavchuk/hybrisAutomation/virco-automatedtests/target/site/serenity/2c452f07a1bcdf3421c4edf447bc89057a98cf46c59ef2b671d2be2ff4a4c053.jsonac7c4736-7199-4907-96e1-b1f4020a4a02)
[pool-1-thread-3] INFO net.thucydides.core.reports.json.JSONTestOutcomeReporter - Generating JSON report for VIR-319.01 Verify that the items have the following information shown additionally at the shopping cart to file /Users/rodionsavchuk/hybrisAutomation/virco-automatedtests/target/site/serenity/d28c9ee9524e1740a1157dc1946b996d71e320182676e5c9c0dab68033c8027c.json (using temp file /Users/rodionsavchuk/hybrisAutomation/virco-automatedtests/target/site/serenity/d28c9ee9524e1740a1157dc1946b996d71e320182676e5c9c0dab68033c8027c.jsonfa40252e-fb1c-484a-9d1c-0134bc81b614)
[pool-1-thread-3] INFO net.thucydides.core.reports.json.JSONTestOutcomeReporter - Generating JSON report for VIR-319.02 Verify that the shown data is valid to file /Users/rodionsavchuk/hybrisAutomation/virco-automatedtests/target/site/serenity/90256fb01ae1d8bf3a043fb882946d3fb891cbd459686b154c95cd9a210f2074.json (using temp file /Users/rodionsavchuk/hybrisAutomation/virco-automatedtests/target/site/serenity/90256fb01ae1d8bf3a043fb882946d3fb891cbd459686b154c95cd9a210f2074.json2baa45c7-0b6a-4792-b9a2-0897eea00d93)
[pool-1-thread-3] INFO net.thucydides.core.reports.json.JSONTestOutcomeReporter - Generating JSON report for VIR-320.01 Verify that the link to the added product to the cart is shown to the shopper on the cart page to file /Users/rodionsavchuk/hybrisAutomation/virco-automatedtests/target/site/serenity/d16ead5691550e3b597df893a88ba61cd6c833f840268cb93b349a7266b1a994.json (using temp file /Users/rodionsavchuk/hybrisAutomation/virco-automatedtests/target/site/serenity/d16ead5691550e3b597df893a88ba61cd6c833f840268cb93b349a7266b1a994.json5b872a78-bf5e-4f47-8a0a-04beba07ec80)
[pool-1-thread-1] INFO net.thucydides.core.reports.json.JSONTestOutcomeReporter - Generating JSON report for VIR-320.02 Verify that clicking on the link the shopper is moved to the product page to file /Users/rodionsavchuk/hybrisAutomation/virco-automatedtests/target/site/serenity/6c8f08f50ad54d227955441033cee5bb3aaf213afb86e0121c8ec2b4b4fc4ef5.json (using temp file /Users/rodionsavchuk/hybrisAutomation/virco-automatedtests/target/site/serenity/6c8f08f50ad54d227955441033cee5bb3aaf213afb86e0121c8ec2b4b4fc4ef5.json4e426546-71d7-42bc-b6fb-e103bd62da13)
[pool-1-thread-3] INFO net.thucydides.core.reports.json.JSONTestOutcomeReporter - Generating JSON report for VIR-320.03 Verify that the shopper can continue the shopping by clicking on Continue Shopping page to file /Users/rodionsavchuk/hybrisAutomation/virco-automatedtests/target/site/serenity/9870b9390e0f1df57cebd29b7ed2b7a3d7c2eb655ee3f61e29967c808164efc0.json (using temp file /Users/rodionsavchuk/hybrisAutomation/virco-automatedtests/target/site/serenity/9870b9390e0f1df57cebd29b7ed2b7a3d7c2eb655ee3f61e29967c808164efc0.jsonc4289a06-ddad-468c-aefe-786b9674f16f)
[pool-1-thread-4] INFO net.thucydides.core.reports.json.JSONTestOutcomeReporter - Generating JSON report for VIR-320.04 Verify that the shopper is moved to the last product page which was viewed to file /Users/rodionsavchuk/hybrisAutomation/virco-automatedtests/target/site/serenity/04321dde630f35c241f5bc9be5a5a88320a25143b6576885e0b0a9a68704c5e9.json (using temp file /Users/rodionsavchuk/hybrisAutomation/virco-automatedtests/target/site/serenity/04321dde630f35c241f5bc9be5a5a88320a25143b6576885e0b0a9a68704c5e9.json99cb86e1-c222-489d-9210-20a94cdd1c9e)
[pool-1-thread-3] INFO net.thucydides.core.reports.json.JSONTestOutcomeReporter - Generating JSON report for VIR-321.02 Verify that the deleted record is removed from the cart and total is recalculated appropriately to file /Users/rodionsavchuk/hybrisAutomation/virco-automatedtests/target/site/serenity/3c4cdd815161ea6d2ff254187f3bc71be00be5ed2fd7963bc6b91c83b32137b8.json (using temp file /Users/rodionsavchuk/hybrisAutomation/virco-automatedtests/target/site/serenity/3c4cdd815161ea6d2ff254187f3bc71be00be5ed2fd7963bc6b91c83b32137b8.json12d6010e-96f8-48dd-9412-75180cea4bb1)
[pool-1-thread-1] INFO net.thucydides.core.reports.json.JSONTestOutcomeReporter - Generating JSON report for VIR-321.03 Verify that the recalculated total is shown at the mini cart on the Cart badge to file /Users/rodionsavchuk/hybrisAutomation/virco-automatedtests/target/site/serenity/b605d519ad8a56cd71758db4dcac3bf98c645cdb2fb873b022b77e716057dcd5.json (using temp file /Users/rodionsavchuk/hybrisAutomation/virco-automatedtests/target/site/serenity/b605d519ad8a56cd71758db4dcac3bf98c645cdb2fb873b022b77e716057dcd5.json116b197e-0a9e-4d9e-a73c-02d09c6a358b)
[pool-1-thread-2] INFO net.thucydides.core.reports.json.JSONTestOutcomeReporter - Generating JSON report for VIR-321.01 Verify that the delete button is shown per each record from the cart to file /Users/rodionsavchuk/hybrisAutomation/virco-automatedtests/target/site/serenity/b5f0470acc1edb7a431d3bba4875ee0f84bd2898529e51396b970944c3a33ffb.json (using temp file /Users/rodionsavchuk/hybrisAutomation/virco-automatedtests/target/site/serenity/b5f0470acc1edb7a431d3bba4875ee0f84bd2898529e51396b970944c3a33ffb.jsond2a58311-2118-4e4a-9d72-51192d7732ae)
[pool-1-thread-3] INFO net.thucydides.core.reports.html.HtmlAcceptanceTestReporter - GENERATING HTML REPORT FOR CART-10 - Mini-Cart:VIR-326.01 Verify that the last 5 line items from the cart is shown to the customer if they hover the cart icon in 10cc6173443af7b226654e355bce3172c0f985aa67b7bdbbd49e170696d8d64f.html in directory target/site/serenity  
[pool-1-thread-4] INFO net.thucydides.core.reports.html.HtmlAcceptanceTestReporter - GENERATING HTML REPORT FOR CART-10 - Mini-Cart:VIR-326.02 Verify that the Cart is shown if click Checkout in e824970ee4a6720040fcabde0fda88ee8290262f154aba069707e4340b4bb934.html in directory target/site/serenity  
[pool-1-thread-1] INFO net.thucydides.core.reports.html.HtmlAcceptanceTestReporter - GENERATING HTML REPORT FOR CART-10 - Mini-Cart:VIR-326.03 Verify that the Cart Mini is closed if click Continue Shopping in fc75e3c14f20f460880ef40a61a6df29f6fa31bb951c9ebb427bfc8c392236de.html in directory target/site/serenity  
[pool-1-thread-2] INFO net.thucydides.core.reports.html.HtmlAcceptanceTestReporter - GENERATING HTML REPORT FOR CART-10 - Mini-Cart:VIR-326.04 Verify that the following information is shown for the line items in 2c452f07a1bcdf3421c4edf447bc89057a98cf46c59ef2b671d2be2ff4a4c053.html in directory target/site/serenity  
[pool-1-thread-4] INFO net.thucydides.core.reports.html.HtmlAcceptanceTestReporter - GENERATING HTML REPORT FOR CART-2 - Cart Data:VIR-319.01 Verify that the items have the following information shown additionally at the shopping cart in d28c9ee9524e1740a1157dc1946b996d71e320182676e5c9c0dab68033c8027c.html in directory target/site/serenity  
[pool-1-thread-3] INFO net.thucydides.core.reports.html.HtmlAcceptanceTestReporter - GENERATING HTML REPORT FOR CART-2 - Cart Data:VIR-319.02 Verify that the shown data is valid in 90256fb01ae1d8bf3a043fb882946d3fb891cbd459686b154c95cd9a210f2074.html in directory target/site/serenity  
[pool-1-thread-1] INFO net.thucydides.core.reports.html.HtmlAcceptanceTestReporter - GENERATING HTML REPORT FOR CART-3 - Product Links:VIR-320.01 Verify that the link to the added product to the cart is shown to the shopper on the cart page in d16ead5691550e3b597df893a88ba61cd6c833f840268cb93b349a7266b1a994.html in directory target/site/serenity  
[pool-1-thread-2] INFO net.thucydides.core.reports.html.HtmlAcceptanceTestReporter - GENERATING HTML REPORT FOR CART-3 - Product Links:VIR-320.02 Verify that clicking on the link the shopper is moved to the product page in 6c8f08f50ad54d227955441033cee5bb3aaf213afb86e0121c8ec2b4b4fc4ef5.html in directory target/site/serenity  
[pool-1-thread-3] INFO net.thucydides.core.reports.html.HtmlAcceptanceTestReporter - GENERATING HTML REPORT FOR CART-3 - Product Links:VIR-320.04 Verify that the shopper is moved to the last product page which was viewed in 04321dde630f35c241f5bc9be5a5a88320a25143b6576885e0b0a9a68704c5e9.html in directory target/site/serenity  
[pool-1-thread-1] INFO net.thucydides.core.reports.html.HtmlAcceptanceTestReporter - GENERATING HTML REPORT FOR CART-4 - Delete SKU:VIR-321.01 Verify that the delete button is shown per each record from the cart in b5f0470acc1edb7a431d3bba4875ee0f84bd2898529e51396b970944c3a33ffb.html in directory target/site/serenity  
[pool-1-thread-4] INFO net.thucydides.core.reports.html.HtmlAcceptanceTestReporter - GENERATING HTML REPORT FOR CART-3 - Product Links:VIR-320.03 Verify that the shopper can continue the shopping by clicking on Continue Shopping page in 9870b9390e0f1df57cebd29b7ed2b7a3d7c2eb655ee3f61e29967c808164efc0.html in directory target/site/serenity  
[pool-1-thread-2] INFO net.thucydides.core.reports.html.HtmlAcceptanceTestReporter - GENERATING HTML REPORT FOR CART-4 - Delete SKU:VIR-321.02 Verify that the deleted record is removed from the cart and total is recalculated appropriately in 3c4cdd815161ea6d2ff254187f3bc71be00be5ed2fd7963bc6b91c83b32137b8.html in directory target/site/serenity  
[pool-1-thread-4] INFO net.thucydides.core.reports.html.HtmlAcceptanceTestReporter - GENERATING HTML REPORT FOR CART-4 - Delete SKU:VIR-321.03 Verify that the recalculated total is shown at the mini cart on the Cart badge in b605d519ad8a56cd71758db4dcac3bf98c645cdb2fb873b022b77e716057dcd5.html in directory target/site/serenity  
[main] INFO net.serenitybdd.core.Serenity - Test Suite Started: CART-9 - Cart Quantity
[main] INFO net.serenitybdd.core.Serenity - 
 _____ _____ ____ _____   ____ _____  _    ____ _____ _____ ____  
|_   _| ____/ ___|_   _| / ___|_   _|/ \  |  _ \_   _| ____|  _ \ 
  | | |  _| \___ \ | |   \___ \ | | / _ \ | |_) || | |  _| | | | |
  | | | |___ ___) || |    ___) || |/ ___ \|  _ < | | | |___| |_| |
  |_| |_____|____/ |_|   |____/ |_/_/   \_\_| \_\|_| |_____|____/ 
                                                                  

TEST STARTED: VIR-325.01 Verify that the total quantity of items are shown on the cart
-------------------------------------------------------------------(cart-9---cart-quantity;vir-325.01-verify-that-the-total-quantity-of-items-are-shown-on-the-cart)
[main] INFO net.serenitybdd.core.Serenity - STARTING STEP Given open the site
[main] INFO net.serenitybdd.core.Serenity - STARTING STEP Open the site
[main] INFO net.serenitybdd.core.Serenity - STEP ERROR: net.serenitybdd.core.exceptions.SerenityManagedException: Could not initialize class com.virco.locators.SiteData
]]></system-err>
  </testcase>
  <testcase name="Scenario: VIR-325.01 Verify that the total quantity of items are shown on the cart" classname="Scenario: VIR-325.01 Verify that the total quantity of items are shown on the cart" time="0.002">
    <error message="Could not initialize class com.virco.locators.SiteData" type="net.serenitybdd.core.exceptions.SerenityManagedException"><![CDATA[net.serenitybdd.core.exceptions.SerenityManagedException: Could not initialize class com.virco.locators.SiteData
	at com.virco.steps.serenity.CommonUserSteps.openTheSite(CommonUserSteps.java:19)
	at com.virco.steps.serenity.CommonUserSteps$$EnhancerByCGLIB$$d8541bfa.CGLIB$openTheSite$6(<generated>)
	at com.virco.steps.serenity.CommonUserSteps$$EnhancerByCGLIB$$d8541bfa$$FastClassByCGLIB$$ea8e0f86.invoke(<generated>)
	at net.sf.cglib.proxy.MethodProxy.invokeSuper(MethodProxy.java:228)
	at net.thucydides.core.steps.StepInterceptor.invokeMethod(StepInterceptor.java:372)
	at net.thucydides.core.steps.StepInterceptor.executeTestStepMethod(StepInterceptor.java:357)
	at net.thucydides.core.steps.StepInterceptor.runTestStep(StepInterceptor.java:332)
	at net.thucydides.core.steps.StepInterceptor.testStepResult(StepInterceptor.java:134)
	at net.thucydides.core.steps.StepInterceptor.intercept(StepInterceptor.java:61)
	at com.virco.steps.serenity.CommonUserSteps$$EnhancerByCGLIB$$d8541bfa.openTheSite(<generated>)
	at com.virco.steps.CommonDefinitionSteps.openTheSite(CommonDefinitionSteps.java:17)
	at sun.reflect.GeneratedMethodAccessor147.invoke(Unknown Source)
	at sun.reflect.DelegatingMethodAccessorImpl.invoke(DelegatingMethodAccessorImpl.java:43)
	at java.lang.reflect.Method.invoke(Method.java:498)
	at cucumber.runtime.Utils$1.call(Utils.java:40)
	at cucumber.runtime.Timeout.timeout(Timeout.java:16)
	at cucumber.runtime.Utils.invoke(Utils.java:34)
	at cucumber.runtime.java.JavaStepDefinition.execute(JavaStepDefinition.java:38)
	at cucumber.runtime.StepDefinitionMatch.runStep(StepDefinitionMatch.java:37)
	at cucumber.runtime.Runtime.runStep(Runtime.java:300)
	at cucumber.runtime.model.StepContainer.runStep(StepContainer.java:44)
	at cucumber.runtime.model.StepContainer.runSteps(StepContainer.java:39)
	at cucumber.runtime.model.CucumberScenario.run(CucumberScenario.java:44)
	at cucumber.runtime.junit.ExecutionUnitRunner.run(ExecutionUnitRunner.java:102)
	at cucumber.runtime.junit.FeatureRunner.runChild(FeatureRunner.java:63)
	at cucumber.runtime.junit.FeatureRunner.runChild(FeatureRunner.java:18)
	at org.junit.runners.ParentRunner$3.run(ParentRunner.java:290)
	at org.junit.runners.ParentRunner$1.schedule(ParentRunner.java:71)
	at org.junit.runners.ParentRunner.runChildren(ParentRunner.java:288)
	at org.junit.runners.ParentRunner.access$000(ParentRunner.java:58)
	at org.junit.runners.ParentRunner$2.evaluate(ParentRunner.java:268)
	at org.junit.runners.ParentRunner.run(ParentRunner.java:363)
	at cucumber.runtime.junit.FeatureRunner.run(FeatureRunner.java:70)
	at cucumber.api.junit.Cucumber.runChild(Cucumber.java:95)
	at cucumber.api.junit.Cucumber.runChild(Cucumber.java:38)
	at org.junit.runners.ParentRunner$3.run(ParentRunner.java:290)
	at org.junit.runners.ParentRunner$1.schedule(ParentRunner.java:71)
	at org.junit.runners.ParentRunner.runChildren(ParentRunner.java:288)
	at org.junit.runners.ParentRunner.access$000(ParentRunner.java:58)
	at org.junit.runners.ParentRunner$2.evaluate(ParentRunner.java:268)
	at org.junit.runners.ParentRunner.run(ParentRunner.java:363)
	at cucumber.api.junit.Cucumber.run(Cucumber.java:100)
	at org.apache.maven.surefire.junit4.JUnit4Provider.execute(JUnit4Provider.java:283)
	at org.apache.maven.surefire.junit4.JUnit4Provider.executeWithRerun(JUnit4Provider.java:173)
	at org.apache.maven.surefire.junit4.JUnit4Provider.executeTestSet(JUnit4Provider.java:153)
	at org.apache.maven.surefire.junit4.JUnit4Provider.invoke(JUnit4Provider.java:128)
	at org.apache.maven.surefire.booter.ForkedBooter.invokeProviderInSameClassLoader(ForkedBooter.java:203)
	at org.apache.maven.surefire.booter.ForkedBooter.runSuitesInProcess(ForkedBooter.java:155)
	at org.apache.maven.surefire.booter.ForkedBooter.main(ForkedBooter.java:103)
]]></error>
  </testcase>
  <testcase name="When enter &quot;anthony.lombardi@rustic-hw.com&quot; in the &quot;Email Address&quot; field" classname="Scenario: VIR-325.01 Verify that the total quantity of items are shown on the cart" time="0">
    <skipped/>
    <system-err><![CDATA[[main] INFO net.serenitybdd.core.Serenity - STEP ERROR: java.lang.NoClassDefFoundError: Could not initialize class com.virco.locators.SiteData
[main] INFO net.serenitybdd.core.Serenity - STARTING STEP When enter "anthony.lombardi@rustic-hw.com" in the "Email Address" field
]]></system-err>
  </testcase>
  <testcase name="When enter &quot;12341234&quot; in the &quot;Password&quot; field" classname="Scenario: VIR-325.01 Verify that the total quantity of items are shown on the cart" time="0">
    <skipped/>
    <system-err><![CDATA[[main] INFO net.serenitybdd.core.Serenity - IGNORING STEP
[main] INFO net.serenitybdd.core.Serenity - STARTING STEP When enter "12341234" in the "Password" field
]]></system-err>
  </testcase>
  <testcase name="When click on login button" classname="Scenario: VIR-325.01 Verify that the total quantity of items are shown on the cart" time="0">
    <skipped/>
    <system-err><![CDATA[[main] INFO net.serenitybdd.core.Serenity - IGNORING STEP
[main] INFO net.serenitybdd.core.Serenity - STARTING STEP When click on login button
]]></system-err>
  </testcase>
  <testcase name="When click on &quot;Event Spaces&quot; in navigation menu" classname="Scenario: VIR-325.01 Verify that the total quantity of items are shown on the cart" time="0">
    <skipped/>
    <system-err><![CDATA[[main] INFO net.serenitybdd.core.Serenity - IGNORING STEP
[main] INFO net.serenitybdd.core.Serenity - STARTING STEP When click on "Event Spaces" in navigation menu
]]></system-err>
  </testcase>
  <testcase name="When click on &quot;Event Spaces&quot; in navigation menu" classname="Scenario: VIR-325.01 Verify that the total quantity of items are shown on the cart" time="0">
    <skipped/>
    <system-err><![CDATA[[main] INFO net.serenitybdd.core.Serenity - IGNORING STEP
[main] INFO net.serenitybdd.core.Serenity - STARTING STEP When click on "Event Spaces" in navigation menu
]]></system-err>
  </testcase>
  <testcase name="When click on &quot;1&quot; product image in list" classname="Scenario: VIR-325.01 Verify that the total quantity of items are shown on the cart" time="0">
    <skipped/>
    <system-err><![CDATA[[main] INFO net.serenitybdd.core.Serenity - IGNORING STEP
[main] INFO net.serenitybdd.core.Serenity - STARTING STEP When click on "1" product image in list
]]></system-err>
  </testcase>
  <testcase name="When click on &quot;1&quot; product image in list" classname="Scenario: VIR-325.01 Verify that the total quantity of items are shown on the cart" time="0">
    <skipped/>
    <system-err><![CDATA[[main] INFO net.serenitybdd.core.Serenity - IGNORING STEP
[main] INFO net.serenitybdd.core.Serenity - STARTING STEP When click on "1" product image in list
]]></system-err>
  </testcase>
  <testcase name="When click on &quot;Add to cart&quot; button" classname="Scenario: VIR-325.01 Verify that the total quantity of items are shown on the cart" time="0">
    <skipped/>
    <system-err><![CDATA[[main] INFO net.serenitybdd.core.Serenity - IGNORING STEP
[main] INFO net.serenitybdd.core.Serenity - STARTING STEP When click on "Add to cart" button
]]></system-err>
  </testcase>
  <testcase name="When click on &quot;Add to cart&quot; button" classname="Scenario: VIR-325.01 Verify that the total quantity of items are shown on the cart" time="0">
    <skipped/>
    <system-err><![CDATA[[main] INFO net.serenitybdd.core.Serenity - STARTING STEP When click on "plus" qty button
[main] INFO net.serenitybdd.core.Serenity - TEST PENDING
[main] INFO net.serenitybdd.core.Serenity - PENDING STEP
[main] INFO net.serenitybdd.core.Serenity - STARTING STEP When click on "Add to cart" button
]]></system-err>
  </testcase>
  <testcase name="When click on &quot;Add to cart&quot; button" classname="Scenario: VIR-325.01 Verify that the total quantity of items are shown on the cart" time="0">
    <skipped/>
    <system-err><![CDATA[[main] INFO net.serenitybdd.core.Serenity - IGNORING STEP
[main] INFO net.serenitybdd.core.Serenity - STARTING STEP When click on "Add to cart" button
]]></system-err>
  </testcase>
  <testcase name="When click on &quot;Add to cart&quot; button" classname="Scenario: VIR-325.01 Verify that the total quantity of items are shown on the cart" time="0">
    <skipped/>
    <system-err><![CDATA[[main] INFO net.serenitybdd.core.Serenity - STARTING STEP When click on "plus" qty button
[main] INFO net.serenitybdd.core.Serenity - TEST PENDING
[main] INFO net.serenitybdd.core.Serenity - PENDING STEP
[main] INFO net.serenitybdd.core.Serenity - STARTING STEP When click on "Add to cart" button
]]></system-err>
  </testcase>
  <testcase name="When click on &quot;2&quot; product image in list" classname="Scenario: VIR-325.01 Verify that the total quantity of items are shown on the cart" time="0">
    <skipped/>
    <system-err><![CDATA[[main] INFO net.serenitybdd.core.Serenity - IGNORING STEP
[main] INFO net.serenitybdd.core.Serenity - STARTING STEP When click on "2" product image in list
]]></system-err>
  </testcase>
  <testcase name="When click on &quot;2&quot; product image in list" classname="Scenario: VIR-325.01 Verify that the total quantity of items are shown on the cart" time="0">
    <skipped/>
    <system-err><![CDATA[[main] INFO net.serenitybdd.core.Serenity - IGNORING STEP
[main] INFO net.serenitybdd.core.Serenity - STARTING STEP When click on "2" product image in list
]]></system-err>
  </testcase>
  <testcase name="When click on &quot;plus&quot; qty button" classname="Scenario: VIR-325.01 Verify that the total quantity of items are shown on the cart" time="0">
    <skipped/>
    <system-err><![CDATA[[main] INFO net.serenitybdd.core.Serenity - IGNORING STEP
]]></system-err>
  </testcase>
  <testcase name="When click on &quot;plus&quot; qty button" classname="Scenario: VIR-325.01 Verify that the total quantity of items are shown on the cart" time="0">
    <skipped/>
    <system-err><![CDATA[[main] INFO net.serenitybdd.core.Serenity - STARTING STEP When click on "plus" qty button
[main] INFO net.serenitybdd.core.Serenity - TEST PENDING
[main] INFO net.serenitybdd.core.Serenity - PENDING STEP
]]></system-err>
  </testcase>
  <testcase name="When click on &quot;plus&quot; qty button" classname="Scenario: VIR-325.01 Verify that the total quantity of items are shown on the cart" time="0">
    <skipped/>
    <system-err><![CDATA[[main] INFO net.serenitybdd.core.Serenity - IGNORING STEP
]]></system-err>
  </testcase>
  <testcase name="When click on &quot;21st Century Classroom&quot; in navigation menu" classname="Scenario: VIR-325.01 Verify that the total quantity of items are shown on the cart" time="0">
    <skipped/>
    <system-err><![CDATA[[main] INFO net.serenitybdd.core.Serenity - IGNORING STEP
[main] INFO net.serenitybdd.core.Serenity - STARTING STEP When click on "21st Century Classroom" in navigation menu
]]></system-err>
  </testcase>
  <testcase name="When click on &quot;21st Century Classroom&quot; in navigation menu" classname="Scenario: VIR-325.01 Verify that the total quantity of items are shown on the cart" time="0">
    <skipped/>
    <system-err><![CDATA[[main] INFO net.serenitybdd.core.Serenity - IGNORING STEP
[main] INFO net.serenitybdd.core.Serenity - STARTING STEP When click on "21st Century Classroom" in navigation menu
]]></system-err>
  </testcase>
  <testcase name="When click on &quot;Checkout&quot; button" classname="Scenario: VIR-325.01 Verify that the total quantity of items are shown on the cart" time="0">
    <skipped/>
    <system-err><![CDATA[[main] INFO net.serenitybdd.core.Serenity - IGNORING STEP
[main] INFO net.serenitybdd.core.Serenity - STARTING STEP When click on "Checkout" button
]]></system-err>
  </testcase>
  <testcase name="Then the quantity in the mini cart is &quot;7&quot;" classname="Scenario: VIR-325.01 Verify that the total quantity of items are shown on the cart" time="0">
    <skipped/>
    <system-err><![CDATA[[main] INFO net.serenitybdd.core.Serenity - IGNORING STEP
[main] INFO net.serenitybdd.core.Serenity - STARTING STEP Then the quantity in the mini cart is "7"
]]></system-err>
  </testcase>
  <testcase name="Given open the site" classname="Scenario: VIR-325.02 Verify that the quantity is based on the item level" time="0.001">
    <error message="Could not initialize class com.virco.locators.SiteData" type="net.serenitybdd.core.exceptions.SerenityManagedException"><![CDATA[net.serenitybdd.core.exceptions.SerenityManagedException: Could not initialize class com.virco.locators.SiteData
	at com.virco.steps.serenity.CommonUserSteps.openTheSite(CommonUserSteps.java:19)
	at com.virco.steps.serenity.CommonUserSteps$$EnhancerByCGLIB$$d8541bfa.CGLIB$openTheSite$6(<generated>)
	at com.virco.steps.serenity.CommonUserSteps$$EnhancerByCGLIB$$d8541bfa$$FastClassByCGLIB$$ea8e0f86.invoke(<generated>)
	at net.sf.cglib.proxy.MethodProxy.invokeSuper(MethodProxy.java:228)
	at net.thucydides.core.steps.StepInterceptor.invokeMethod(StepInterceptor.java:372)
	at net.thucydides.core.steps.StepInterceptor.executeTestStepMethod(StepInterceptor.java:357)
	at net.thucydides.core.steps.StepInterceptor.runTestStep(StepInterceptor.java:332)
	at net.thucydides.core.steps.StepInterceptor.testStepResult(StepInterceptor.java:134)
	at net.thucydides.core.steps.StepInterceptor.intercept(StepInterceptor.java:61)
	at com.virco.steps.serenity.CommonUserSteps$$EnhancerByCGLIB$$d8541bfa.openTheSite(<generated>)
	at com.virco.steps.CommonDefinitionSteps.openTheSite(CommonDefinitionSteps.java:17)
	at sun.reflect.GeneratedMethodAccessor147.invoke(Unknown Source)
	at sun.reflect.DelegatingMethodAccessorImpl.invoke(DelegatingMethodAccessorImpl.java:43)
	at java.lang.reflect.Method.invoke(Method.java:498)
	at cucumber.runtime.Utils$1.call(Utils.java:40)
	at cucumber.runtime.Timeout.timeout(Timeout.java:16)
	at cucumber.runtime.Utils.invoke(Utils.java:34)
	at cucumber.runtime.java.JavaStepDefinition.execute(JavaStepDefinition.java:38)
	at cucumber.runtime.StepDefinitionMatch.runStep(StepDefinitionMatch.java:37)
	at cucumber.runtime.Runtime.runStep(Runtime.java:300)
	at cucumber.runtime.model.StepContainer.runStep(StepContainer.java:44)
	at cucumber.runtime.model.StepContainer.runSteps(StepContainer.java:39)
	at cucumber.runtime.model.CucumberScenario.run(CucumberScenario.java:44)
	at cucumber.runtime.junit.ExecutionUnitRunner.run(ExecutionUnitRunner.java:102)
	at cucumber.runtime.junit.FeatureRunner.runChild(FeatureRunner.java:63)
	at cucumber.runtime.junit.FeatureRunner.runChild(FeatureRunner.java:18)
	at org.junit.runners.ParentRunner$3.run(ParentRunner.java:290)
	at org.junit.runners.ParentRunner$1.schedule(ParentRunner.java:71)
	at org.junit.runners.ParentRunner.runChildren(ParentRunner.java:288)
	at org.junit.runners.ParentRunner.access$000(ParentRunner.java:58)
	at org.junit.runners.ParentRunner$2.evaluate(ParentRunner.java:268)
	at org.junit.runners.ParentRunner.run(ParentRunner.java:363)
	at cucumber.runtime.junit.FeatureRunner.run(FeatureRunner.java:70)
	at cucumber.api.junit.Cucumber.runChild(Cucumber.java:95)
	at cucumber.api.junit.Cucumber.runChild(Cucumber.java:38)
	at org.junit.runners.ParentRunner$3.run(ParentRunner.java:290)
	at org.junit.runners.ParentRunner$1.schedule(ParentRunner.java:71)
	at org.junit.runners.ParentRunner.runChildren(ParentRunner.java:288)
	at org.junit.runners.ParentRunner.access$000(ParentRunner.java:58)
	at org.junit.runners.ParentRunner$2.evaluate(ParentRunner.java:268)
	at org.junit.runners.ParentRunner.run(ParentRunner.java:363)
	at cucumber.api.junit.Cucumber.run(Cucumber.java:100)
	at org.apache.maven.surefire.junit4.JUnit4Provider.execute(JUnit4Provider.java:283)
	at org.apache.maven.surefire.junit4.JUnit4Provider.executeWithRerun(JUnit4Provider.java:173)
	at org.apache.maven.surefire.junit4.JUnit4Provider.executeTestSet(JUnit4Provider.java:153)
	at org.apache.maven.surefire.junit4.JUnit4Provider.invoke(JUnit4Provider.java:128)
	at org.apache.maven.surefire.booter.ForkedBooter.invokeProviderInSameClassLoader(ForkedBooter.java:203)
	at org.apache.maven.surefire.booter.ForkedBooter.runSuitesInProcess(ForkedBooter.java:155)
	at org.apache.maven.surefire.booter.ForkedBooter.main(ForkedBooter.java:103)
]]></error>
    <system-err><![CDATA[[main] INFO net.serenitybdd.core.Serenity - IGNORING STEP
[main] ERROR net.serenitybdd.core.Serenity - 
           __  _____ _____ ____ _____   _____ _    ___ _     _____ ____  
  _       / / |_   _| ____/ ___|_   _| |  ___/ \  |_ _| |   | ____|  _ \ 
 (_)_____| |    | | |  _| \___ \ | |   | |_ / _ \  | || |   |  _| | | | |
  _|_____| |    | | | |___ ___) || |   |  _/ ___ \ | || |___| |___| |_| |
 (_)     | |    |_| |_____|____/ |_|   |_|/_/   \_\___|_____|_____|____/ 
          \_\                                                            

TEST FAILED WITH ERROR: VIR-325.01 Verify that the total quantity of items are shown on the cart
---------------------------------------------------------------------
[main] ERROR net.serenitybdd.core.Serenity - TEST FAILED AT STEP Open the site
[main] ERROR net.serenitybdd.core.Serenity - Could not initialize class com.virco.locators.SiteData
[pool-1-thread-1] INFO net.thucydides.core.reports.json.JSONTestOutcomeReporter - Generating JSON report for VIR-326.01 Verify that the last 5 line items from the cart is shown to the customer if they hover the cart icon to file /Users/rodionsavchuk/hybrisAutomation/virco-automatedtests/target/site/serenity/10cc6173443af7b226654e355bce3172c0f985aa67b7bdbbd49e170696d8d64f.json (using temp file /Users/rodionsavchuk/hybrisAutomation/virco-automatedtests/target/site/serenity/10cc6173443af7b226654e355bce3172c0f985aa67b7bdbbd49e170696d8d64f.jsonf8e8dbce-764c-4edb-93a9-1cace146d7cf)
[pool-1-thread-2] INFO net.thucydides.core.reports.json.JSONTestOutcomeReporter - Generating JSON report for VIR-326.03 Verify that the Cart Mini is closed if click Continue Shopping to file /Users/rodionsavchuk/hybrisAutomation/virco-automatedtests/target/site/serenity/fc75e3c14f20f460880ef40a61a6df29f6fa31bb951c9ebb427bfc8c392236de.json (using temp file /Users/rodionsavchuk/hybrisAutomation/virco-automatedtests/target/site/serenity/fc75e3c14f20f460880ef40a61a6df29f6fa31bb951c9ebb427bfc8c392236de.json036d1f23-5f46-42c0-9953-b05ddc06f940)
[pool-1-thread-4] INFO net.thucydides.core.reports.json.JSONTestOutcomeReporter - Generating JSON report for VIR-326.04 Verify that the following information is shown for the line items to file /Users/rodionsavchuk/hybrisAutomation/virco-automatedtests/target/site/serenity/2c452f07a1bcdf3421c4edf447bc89057a98cf46c59ef2b671d2be2ff4a4c053.json (using temp file /Users/rodionsavchuk/hybrisAutomation/virco-automatedtests/target/site/serenity/2c452f07a1bcdf3421c4edf447bc89057a98cf46c59ef2b671d2be2ff4a4c053.json6ef842c6-4425-4538-aceb-349e5407fe1b)
[pool-1-thread-3] INFO net.thucydides.core.reports.json.JSONTestOutcomeReporter - Generating JSON report for VIR-326.02 Verify that the Cart is shown if click Checkout to file /Users/rodionsavchuk/hybrisAutomation/virco-automatedtests/target/site/serenity/e824970ee4a6720040fcabde0fda88ee8290262f154aba069707e4340b4bb934.json (using temp file /Users/rodionsavchuk/hybrisAutomation/virco-automatedtests/target/site/serenity/e824970ee4a6720040fcabde0fda88ee8290262f154aba069707e4340b4bb934.json55da294f-441a-4073-8ab5-79df37c258eb)
[pool-1-thread-4] INFO net.thucydides.core.reports.json.JSONTestOutcomeReporter - Generating JSON report for VIR-319.02 Verify that the shown data is valid to file /Users/rodionsavchuk/hybrisAutomation/virco-automatedtests/target/site/serenity/90256fb01ae1d8bf3a043fb882946d3fb891cbd459686b154c95cd9a210f2074.json (using temp file /Users/rodionsavchuk/hybrisAutomation/virco-automatedtests/target/site/serenity/90256fb01ae1d8bf3a043fb882946d3fb891cbd459686b154c95cd9a210f2074.json383939db-5852-4463-9b7b-e34208e7764f)
[pool-1-thread-2] INFO net.thucydides.core.reports.json.JSONTestOutcomeReporter - Generating JSON report for VIR-319.01 Verify that the items have the following information shown additionally at the shopping cart to file /Users/rodionsavchuk/hybrisAutomation/virco-automatedtests/target/site/serenity/d28c9ee9524e1740a1157dc1946b996d71e320182676e5c9c0dab68033c8027c.json (using temp file /Users/rodionsavchuk/hybrisAutomation/virco-automatedtests/target/site/serenity/d28c9ee9524e1740a1157dc1946b996d71e320182676e5c9c0dab68033c8027c.json127ef774-9048-4919-9200-674e605d90eb)
[pool-1-thread-1] INFO net.thucydides.core.reports.json.JSONTestOutcomeReporter - Generating JSON report for VIR-320.01 Verify that the link to the added product to the cart is shown to the shopper on the cart page to file /Users/rodionsavchuk/hybrisAutomation/virco-automatedtests/target/site/serenity/d16ead5691550e3b597df893a88ba61cd6c833f840268cb93b349a7266b1a994.json (using temp file /Users/rodionsavchuk/hybrisAutomation/virco-automatedtests/target/site/serenity/d16ead5691550e3b597df893a88ba61cd6c833f840268cb93b349a7266b1a994.jsonf9627abf-7ddc-407b-8e2f-8d8151585516)
[pool-1-thread-4] INFO net.thucydides.core.reports.json.JSONTestOutcomeReporter - Generating JSON report for VIR-320.02 Verify that clicking on the link the shopper is moved to the product page to file /Users/rodionsavchuk/hybrisAutomation/virco-automatedtests/target/site/serenity/6c8f08f50ad54d227955441033cee5bb3aaf213afb86e0121c8ec2b4b4fc4ef5.json (using temp file /Users/rodionsavchuk/hybrisAutomation/virco-automatedtests/target/site/serenity/6c8f08f50ad54d227955441033cee5bb3aaf213afb86e0121c8ec2b4b4fc4ef5.jsona6442608-5f50-41ef-afe4-8de50a0b62b2)
[pool-1-thread-2] INFO net.thucydides.core.reports.json.JSONTestOutcomeReporter - Generating JSON report for VIR-320.03 Verify that the shopper can continue the shopping by clicking on Continue Shopping page to file /Users/rodionsavchuk/hybrisAutomation/virco-automatedtests/target/site/serenity/9870b9390e0f1df57cebd29b7ed2b7a3d7c2eb655ee3f61e29967c808164efc0.json (using temp file /Users/rodionsavchuk/hybrisAutomation/virco-automatedtests/target/site/serenity/9870b9390e0f1df57cebd29b7ed2b7a3d7c2eb655ee3f61e29967c808164efc0.json5e530f38-54a2-4dd1-bc50-8de9d0915a3c)
[pool-1-thread-1] INFO net.thucydides.core.reports.json.JSONTestOutcomeReporter - Generating JSON report for VIR-320.04 Verify that the shopper is moved to the last product page which was viewed to file /Users/rodionsavchuk/hybrisAutomation/virco-automatedtests/target/site/serenity/04321dde630f35c241f5bc9be5a5a88320a25143b6576885e0b0a9a68704c5e9.json (using temp file /Users/rodionsavchuk/hybrisAutomation/virco-automatedtests/target/site/serenity/04321dde630f35c241f5bc9be5a5a88320a25143b6576885e0b0a9a68704c5e9.jsond6492f17-5665-4f2c-b6bc-ff6e31ae9860)
[pool-1-thread-4] INFO net.thucydides.core.reports.json.JSONTestOutcomeReporter - Generating JSON report for VIR-321.01 Verify that the delete button is shown per each record from the cart to file /Users/rodionsavchuk/hybrisAutomation/virco-automatedtests/target/site/serenity/b5f0470acc1edb7a431d3bba4875ee0f84bd2898529e51396b970944c3a33ffb.json (using temp file /Users/rodionsavchuk/hybrisAutomation/virco-automatedtests/target/site/serenity/b5f0470acc1edb7a431d3bba4875ee0f84bd2898529e51396b970944c3a33ffb.json575dc1a9-f2ae-4120-b5b2-a50b75638b99)
[pool-1-thread-2] INFO net.thucydides.core.reports.json.JSONTestOutcomeReporter - Generating JSON report for VIR-321.02 Verify that the deleted record is removed from the cart and total is recalculated appropriately to file /Users/rodionsavchuk/hybrisAutomation/virco-automatedtests/target/site/serenity/3c4cdd815161ea6d2ff254187f3bc71be00be5ed2fd7963bc6b91c83b32137b8.json (using temp file /Users/rodionsavchuk/hybrisAutomation/virco-automatedtests/target/site/serenity/3c4cdd815161ea6d2ff254187f3bc71be00be5ed2fd7963bc6b91c83b32137b8.json5fc0b206-64a0-4486-9ae2-fd8204a678dd)
[pool-1-thread-1] INFO net.thucydides.core.reports.json.JSONTestOutcomeReporter - Generating JSON report for VIR-321.03 Verify that the recalculated total is shown at the mini cart on the Cart badge to file /Users/rodionsavchuk/hybrisAutomation/virco-automatedtests/target/site/serenity/b605d519ad8a56cd71758db4dcac3bf98c645cdb2fb873b022b77e716057dcd5.json (using temp file /Users/rodionsavchuk/hybrisAutomation/virco-automatedtests/target/site/serenity/b605d519ad8a56cd71758db4dcac3bf98c645cdb2fb873b022b77e716057dcd5.json597d9693-4346-451e-b192-3c54341be973)
[pool-1-thread-2] INFO net.thucydides.core.reports.json.JSONTestOutcomeReporter - Generating JSON report for VIR-325.01 Verify that the total quantity of items are shown on the cart to file /Users/rodionsavchuk/hybrisAutomation/virco-automatedtests/target/site/serenity/c93db403924a6a18738609cfd577d5dcb9263f7bf79dd6352f6821f881b47ca8.json (using temp file /Users/rodionsavchuk/hybrisAutomation/virco-automatedtests/target/site/serenity/c93db403924a6a18738609cfd577d5dcb9263f7bf79dd6352f6821f881b47ca8.jsona7ca4123-c5a4-40d3-9602-0af9f7716a40)
[pool-1-thread-2] INFO net.thucydides.core.reports.html.HtmlAcceptanceTestReporter - GENERATING HTML REPORT FOR CART-10 - Mini-Cart:VIR-326.04 Verify that the following information is shown for the line items in 2c452f07a1bcdf3421c4edf447bc89057a98cf46c59ef2b671d2be2ff4a4c053.html in directory target/site/serenity  
[pool-1-thread-1] INFO net.thucydides.core.reports.html.HtmlAcceptanceTestReporter - GENERATING HTML REPORT FOR CART-10 - Mini-Cart:VIR-326.03 Verify that the Cart Mini is closed if click Continue Shopping in fc75e3c14f20f460880ef40a61a6df29f6fa31bb951c9ebb427bfc8c392236de.html in directory target/site/serenity  
[pool-1-thread-4] INFO net.thucydides.core.reports.html.HtmlAcceptanceTestReporter - GENERATING HTML REPORT FOR CART-10 - Mini-Cart:VIR-326.01 Verify that the last 5 line items from the cart is shown to the customer if they hover the cart icon in 10cc6173443af7b226654e355bce3172c0f985aa67b7bdbbd49e170696d8d64f.html in directory target/site/serenity  
[pool-1-thread-3] INFO net.thucydides.core.reports.html.HtmlAcceptanceTestReporter - GENERATING HTML REPORT FOR CART-10 - Mini-Cart:VIR-326.02 Verify that the Cart is shown if click Checkout in e824970ee4a6720040fcabde0fda88ee8290262f154aba069707e4340b4bb934.html in directory target/site/serenity  
[pool-1-thread-2] INFO net.thucydides.core.reports.html.HtmlAcceptanceTestReporter - GENERATING HTML REPORT FOR CART-2 - Cart Data:VIR-319.01 Verify that the items have the following information shown additionally at the shopping cart in d28c9ee9524e1740a1157dc1946b996d71e320182676e5c9c0dab68033c8027c.html in directory target/site/serenity  
[pool-1-thread-1] INFO net.thucydides.core.reports.html.HtmlAcceptanceTestReporter - GENERATING HTML REPORT FOR CART-2 - Cart Data:VIR-319.02 Verify that the shown data is valid in 90256fb01ae1d8bf3a043fb882946d3fb891cbd459686b154c95cd9a210f2074.html in directory target/site/serenity  
[pool-1-thread-4] INFO net.thucydides.core.reports.html.HtmlAcceptanceTestReporter - GENERATING HTML REPORT FOR CART-3 - Product Links:VIR-320.01 Verify that the link to the added product to the cart is shown to the shopper on the cart page in d16ead5691550e3b597df893a88ba61cd6c833f840268cb93b349a7266b1a994.html in directory target/site/serenity  
[pool-1-thread-2] INFO net.thucydides.core.reports.html.HtmlAcceptanceTestReporter - GENERATING HTML REPORT FOR CART-3 - Product Links:VIR-320.02 Verify that clicking on the link the shopper is moved to the product page in 6c8f08f50ad54d227955441033cee5bb3aaf213afb86e0121c8ec2b4b4fc4ef5.html in directory target/site/serenity  
[pool-1-thread-1] INFO net.thucydides.core.reports.html.HtmlAcceptanceTestReporter - GENERATING HTML REPORT FOR CART-3 - Product Links:VIR-320.04 Verify that the shopper is moved to the last product page which was viewed in 04321dde630f35c241f5bc9be5a5a88320a25143b6576885e0b0a9a68704c5e9.html in directory target/site/serenity  
[pool-1-thread-3] INFO net.thucydides.core.reports.html.HtmlAcceptanceTestReporter - GENERATING HTML REPORT FOR CART-3 - Product Links:VIR-320.03 Verify that the shopper can continue the shopping by clicking on Continue Shopping page in 9870b9390e0f1df57cebd29b7ed2b7a3d7c2eb655ee3f61e29967c808164efc0.html in directory target/site/serenity  
[pool-1-thread-4] INFO net.thucydides.core.reports.html.HtmlAcceptanceTestReporter - GENERATING HTML REPORT FOR CART-4 - Delete SKU:VIR-321.01 Verify that the delete button is shown per each record from the cart in b5f0470acc1edb7a431d3bba4875ee0f84bd2898529e51396b970944c3a33ffb.html in directory target/site/serenity  
[pool-1-thread-2] INFO net.thucydides.core.reports.html.HtmlAcceptanceTestReporter - GENERATING HTML REPORT FOR CART-4 - Delete SKU:VIR-321.02 Verify that the deleted record is removed from the cart and total is recalculated appropriately in 3c4cdd815161ea6d2ff254187f3bc71be00be5ed2fd7963bc6b91c83b32137b8.html in directory target/site/serenity  
[pool-1-thread-1] INFO net.thucydides.core.reports.html.HtmlAcceptanceTestReporter - GENERATING HTML REPORT FOR CART-4 - Delete SKU:VIR-321.03 Verify that the recalculated total is shown at the mini cart on the Cart badge in b605d519ad8a56cd71758db4dcac3bf98c645cdb2fb873b022b77e716057dcd5.html in directory target/site/serenity  
[pool-1-thread-4] INFO net.thucydides.core.reports.html.HtmlAcceptanceTestReporter - GENERATING HTML REPORT FOR CART-9 - Cart Quantity:VIR-325.01 Verify that the total quantity of items are shown on the cart in c93db403924a6a18738609cfd577d5dcb9263f7bf79dd6352f6821f881b47ca8.html in directory target/site/serenity  
[main] INFO net.serenitybdd.core.Serenity - 
 _____ _____ ____ _____   ____ _____  _    ____ _____ _____ ____  
|_   _| ____/ ___|_   _| / ___|_   _|/ \  |  _ \_   _| ____|  _ \ 
  | | |  _| \___ \ | |   \___ \ | | / _ \ | |_) || | |  _| | | | |
  | | | |___ ___) || |    ___) || |/ ___ \|  _ < | | | |___| |_| |
  |_| |_____|____/ |_|   |____/ |_/_/   \_\_| \_\|_| |_____|____/ 
                                                                  

TEST STARTED: VIR-325.02 Verify that the quantity is based on the item level
-------------------------------------------------------------------(cart-9---cart-quantity;vir-325.02-verify-that-the-quantity-is-based-on-the-item-level)
[main] INFO net.serenitybdd.core.Serenity - STARTING STEP Given open the site
[main] INFO net.serenitybdd.core.Serenity - STARTING STEP Open the site
[main] INFO net.serenitybdd.core.Serenity - STEP ERROR: net.serenitybdd.core.exceptions.SerenityManagedException: Could not initialize class com.virco.locators.SiteData
]]></system-err>
  </testcase>
  <testcase name="Scenario: VIR-325.02 Verify that the quantity is based on the item level" classname="Scenario: VIR-325.02 Verify that the quantity is based on the item level" time="0.001">
    <error message="Could not initialize class com.virco.locators.SiteData" type="net.serenitybdd.core.exceptions.SerenityManagedException"><![CDATA[net.serenitybdd.core.exceptions.SerenityManagedException: Could not initialize class com.virco.locators.SiteData
	at com.virco.steps.serenity.CommonUserSteps.openTheSite(CommonUserSteps.java:19)
	at com.virco.steps.serenity.CommonUserSteps$$EnhancerByCGLIB$$d8541bfa.CGLIB$openTheSite$6(<generated>)
	at com.virco.steps.serenity.CommonUserSteps$$EnhancerByCGLIB$$d8541bfa$$FastClassByCGLIB$$ea8e0f86.invoke(<generated>)
	at net.sf.cglib.proxy.MethodProxy.invokeSuper(MethodProxy.java:228)
	at net.thucydides.core.steps.StepInterceptor.invokeMethod(StepInterceptor.java:372)
	at net.thucydides.core.steps.StepInterceptor.executeTestStepMethod(StepInterceptor.java:357)
	at net.thucydides.core.steps.StepInterceptor.runTestStep(StepInterceptor.java:332)
	at net.thucydides.core.steps.StepInterceptor.testStepResult(StepInterceptor.java:134)
	at net.thucydides.core.steps.StepInterceptor.intercept(StepInterceptor.java:61)
	at com.virco.steps.serenity.CommonUserSteps$$EnhancerByCGLIB$$d8541bfa.openTheSite(<generated>)
	at com.virco.steps.CommonDefinitionSteps.openTheSite(CommonDefinitionSteps.java:17)
	at sun.reflect.GeneratedMethodAccessor147.invoke(Unknown Source)
	at sun.reflect.DelegatingMethodAccessorImpl.invoke(DelegatingMethodAccessorImpl.java:43)
	at java.lang.reflect.Method.invoke(Method.java:498)
	at cucumber.runtime.Utils$1.call(Utils.java:40)
	at cucumber.runtime.Timeout.timeout(Timeout.java:16)
	at cucumber.runtime.Utils.invoke(Utils.java:34)
	at cucumber.runtime.java.JavaStepDefinition.execute(JavaStepDefinition.java:38)
	at cucumber.runtime.StepDefinitionMatch.runStep(StepDefinitionMatch.java:37)
	at cucumber.runtime.Runtime.runStep(Runtime.java:300)
	at cucumber.runtime.model.StepContainer.runStep(StepContainer.java:44)
	at cucumber.runtime.model.StepContainer.runSteps(StepContainer.java:39)
	at cucumber.runtime.model.CucumberScenario.run(CucumberScenario.java:44)
	at cucumber.runtime.junit.ExecutionUnitRunner.run(ExecutionUnitRunner.java:102)
	at cucumber.runtime.junit.FeatureRunner.runChild(FeatureRunner.java:63)
	at cucumber.runtime.junit.FeatureRunner.runChild(FeatureRunner.java:18)
	at org.junit.runners.ParentRunner$3.run(ParentRunner.java:290)
	at org.junit.runners.ParentRunner$1.schedule(ParentRunner.java:71)
	at org.junit.runners.ParentRunner.runChildren(ParentRunner.java:288)
	at org.junit.runners.ParentRunner.access$000(ParentRunner.java:58)
	at org.junit.runners.ParentRunner$2.evaluate(ParentRunner.java:268)
	at org.junit.runners.ParentRunner.run(ParentRunner.java:363)
	at cucumber.runtime.junit.FeatureRunner.run(FeatureRunner.java:70)
	at cucumber.api.junit.Cucumber.runChild(Cucumber.java:95)
	at cucumber.api.junit.Cucumber.runChild(Cucumber.java:38)
	at org.junit.runners.ParentRunner$3.run(ParentRunner.java:290)
	at org.junit.runners.ParentRunner$1.schedule(ParentRunner.java:71)
	at org.junit.runners.ParentRunner.runChildren(ParentRunner.java:288)
	at org.junit.runners.ParentRunner.access$000(ParentRunner.java:58)
	at org.junit.runners.ParentRunner$2.evaluate(ParentRunner.java:268)
	at org.junit.runners.ParentRunner.run(ParentRunner.java:363)
	at cucumber.api.junit.Cucumber.run(Cucumber.java:100)
	at org.apache.maven.surefire.junit4.JUnit4Provider.execute(JUnit4Provider.java:283)
	at org.apache.maven.surefire.junit4.JUnit4Provider.executeWithRerun(JUnit4Provider.java:173)
	at org.apache.maven.surefire.junit4.JUnit4Provider.executeTestSet(JUnit4Provider.java:153)
	at org.apache.maven.surefire.junit4.JUnit4Provider.invoke(JUnit4Provider.java:128)
	at org.apache.maven.surefire.booter.ForkedBooter.invokeProviderInSameClassLoader(ForkedBooter.java:203)
	at org.apache.maven.surefire.booter.ForkedBooter.runSuitesInProcess(ForkedBooter.java:155)
	at org.apache.maven.surefire.booter.ForkedBooter.main(ForkedBooter.java:103)
]]></error>
  </testcase>
  <testcase name="When enter &quot;axel.krause@rustic-hw.com&quot; in the &quot;Email Address&quot; field" classname="Scenario: VIR-325.02 Verify that the quantity is based on the item level" time="0">
    <skipped/>
    <system-err><![CDATA[[main] INFO net.serenitybdd.core.Serenity - STEP ERROR: java.lang.NoClassDefFoundError: Could not initialize class com.virco.locators.SiteData
[main] INFO net.serenitybdd.core.Serenity - STARTING STEP When enter "axel.krause@rustic-hw.com" in the "Email Address" field
]]></system-err>
  </testcase>
  <testcase name="When enter &quot;12341234&quot; in the &quot;Password&quot; field" classname="Scenario: VIR-325.02 Verify that the quantity is based on the item level" time="0">
    <skipped/>
    <system-err><![CDATA[[main] INFO net.serenitybdd.core.Serenity - IGNORING STEP
[main] INFO net.serenitybdd.core.Serenity - STARTING STEP When enter "12341234" in the "Password" field
]]></system-err>
  </testcase>
  <testcase name="When click on login button" classname="Scenario: VIR-325.02 Verify that the quantity is based on the item level" time="0">
    <skipped/>
    <system-err><![CDATA[[main] INFO net.serenitybdd.core.Serenity - IGNORING STEP
[main] INFO net.serenitybdd.core.Serenity - STARTING STEP When click on login button
]]></system-err>
  </testcase>
  <testcase name="When click on &quot;Event Spaces&quot; in navigation menu" classname="Scenario: VIR-325.02 Verify that the quantity is based on the item level" time="0">
    <skipped/>
    <system-err><![CDATA[[main] INFO net.serenitybdd.core.Serenity - IGNORING STEP
[main] INFO net.serenitybdd.core.Serenity - STARTING STEP When click on "Event Spaces" in navigation menu
]]></system-err>
  </testcase>
  <testcase name="When click on &quot;Event Spaces&quot; in navigation menu" classname="Scenario: VIR-325.02 Verify that the quantity is based on the item level" time="0">
    <skipped/>
    <system-err><![CDATA[[main] INFO net.serenitybdd.core.Serenity - IGNORING STEP
[main] INFO net.serenitybdd.core.Serenity - STARTING STEP When click on "Event Spaces" in navigation menu
]]></system-err>
  </testcase>
  <testcase name="When click on &quot;1&quot; product image in list" classname="Scenario: VIR-325.02 Verify that the quantity is based on the item level" time="0">
    <skipped/>
    <system-err><![CDATA[[main] INFO net.serenitybdd.core.Serenity - IGNORING STEP
[main] INFO net.serenitybdd.core.Serenity - STARTING STEP When click on "1" product image in list
]]></system-err>
  </testcase>
  <testcase name="When click on &quot;Add to cart&quot; button" classname="Scenario: VIR-325.02 Verify that the quantity is based on the item level" time="0">
    <skipped/>
    <system-err><![CDATA[[main] INFO net.serenitybdd.core.Serenity - IGNORING STEP
[main] INFO net.serenitybdd.core.Serenity - STARTING STEP When click on "Add to cart" button
]]></system-err>
  </testcase>
  <testcase name="When click on &quot;Add to cart&quot; button" classname="Scenario: VIR-325.02 Verify that the quantity is based on the item level" time="0">
    <skipped/>
    <system-err><![CDATA[[main] INFO net.serenitybdd.core.Serenity - IGNORING STEP
[main] INFO net.serenitybdd.core.Serenity - STARTING STEP When click on "Add to cart" button
]]></system-err>
  </testcase>
  <testcase name="When click on &quot;2&quot; product image in list" classname="Scenario: VIR-325.02 Verify that the quantity is based on the item level" time="0">
    <skipped/>
    <system-err><![CDATA[[main] INFO net.serenitybdd.core.Serenity - IGNORING STEP
[main] INFO net.serenitybdd.core.Serenity - STARTING STEP When click on "2" product image in list
]]></system-err>
  </testcase>
  <testcase name="When click on &quot;Checkout&quot; button" classname="Scenario: VIR-325.02 Verify that the quantity is based on the item level" time="0">
    <skipped/>
    <system-err><![CDATA[[main] INFO net.serenitybdd.core.Serenity - IGNORING STEP
[main] INFO net.serenitybdd.core.Serenity - STARTING STEP When click on "Checkout" button
]]></system-err>
  </testcase>
  <testcase name="Then the quantity on checkout page is &quot;2&quot;" classname="Scenario: VIR-325.02 Verify that the quantity is based on the item level" time="0">
    <skipped/>
    <system-err><![CDATA[[main] INFO net.serenitybdd.core.Serenity - IGNORING STEP
[main] INFO net.serenitybdd.core.Serenity - STARTING STEP Then the quantity on checkout page is "2"
]]></system-err>
  </testcase>
</testsuite>