<?xml version="1.0" encoding="UTF-8"?>
<testsuite name="com.virco.CategoryPageTestSuite" time="0.363" tests="171" errors="54" skipped="109" failures="0">
  <properties>
    <property name="idea.version" value="2017.1.5"/>
    <property name="java.runtime.name" value="Java(TM) SE Runtime Environment"/>
    <property name="sun.boot.library.path" value="/Library/Java/JavaVirtualMachines/jdk1.8.0_111.jdk/Contents/Home/jre/lib"/>
    <property name="java.vm.version" value="25.111-b14"/>
    <property name="user.country.format" value="UA"/>
    <property name="gopherProxySet" value="false"/>
    <property name="java.vm.vendor" value="Oracle Corporation"/>
    <property name="maven.multiModuleProjectDirectory" value="/Users/rodionsavchuk/hybrisAutomation/virco-automatedtests"/>
    <property name="java.vendor.url" value="http://java.oracle.com/"/>
    <property name="path.separator" value=":"/>
    <property name="guice.disable.misplaced.annotation.check" value="true"/>
    <property name="java.vm.name" value="Java HotSpot(TM) 64-Bit Server VM"/>
    <property name="file.encoding.pkg" value="sun.io"/>
    <property name="user.country" value="US"/>
    <property name="sun.java.launcher" value="SUN_STANDARD"/>
    <property name="sun.os.patch.level" value="unknown"/>
    <property name="java.vm.specification.name" value="Java Virtual Machine Specification"/>
    <property name="user.dir" value="/Users/rodionsavchuk/hybrisAutomation/virco-automatedtests"/>
    <property name="java.runtime.version" value="1.8.0_111-b14"/>
    <property name="java.awt.graphicsenv" value="sun.awt.CGraphicsEnvironment"/>
    <property name="java.endorsed.dirs" value="/Library/Java/JavaVirtualMachines/jdk1.8.0_111.jdk/Contents/Home/jre/lib/endorsed"/>
    <property name="os.arch" value="x86_64"/>
    <property name="java.io.tmpdir" value="/var/folders/_q/_7d1f_ys5hg5_f_jfs3jqgdm0000gn/T/"/>
    <property name="line.separator" value="&#10;"/>
    <property name="java.vm.specification.vendor" value="Oracle Corporation"/>
    <property name="os.name" value="Mac OS X"/>
    <property name="classworlds.conf" value="/Applications/IntelliJ IDEA.app/Contents/plugins/maven/lib/maven3/bin/m2.conf"/>
    <property name="sun.jnu.encoding" value="UTF-8"/>
    <property name="java.library.path" value="/Users/rodionsavchuk/Library/Java/Extensions:/Library/Java/Extensions:/Network/Library/Java/Extensions:/System/Library/Java/Extensions:/usr/lib/java:."/>
    <property name="java.specification.name" value="Java Platform API Specification"/>
    <property name="java.class.version" value="52.0"/>
    <property name="sun.management.compiler" value="HotSpot 64-Bit Tiered Compilers"/>
    <property name="os.version" value="10.12.5"/>
    <property name="http.nonProxyHosts" value="local|*.local|169.254/16|*.169.254/16"/>
    <property name="user.home" value="/Users/rodionsavchuk"/>
    <property name="user.timezone" value="Europe/Kiev"/>
    <property name="java.awt.printerjob" value="sun.lwawt.macosx.CPrinterJob"/>
    <property name="java.specification.version" value="1.8"/>
    <property name="file.encoding" value="UTF-8"/>
    <property name="user.name" value="rodionsavchuk"/>
    <property name="java.class.path" value="/Applications/IntelliJ IDEA.app/Contents/plugins/maven/lib/maven3/boot/plexus-classworlds-2.5.2.jar:/Applications/IntelliJ IDEA.app/Contents/lib/idea_rt.jar"/>
    <property name="java.vm.specification.version" value="1.8"/>
    <property name="sun.arch.data.model" value="64"/>
    <property name="java.home" value="/Library/Java/JavaVirtualMachines/jdk1.8.0_111.jdk/Contents/Home/jre"/>
    <property name="sun.java.command" value="org.codehaus.classworlds.Launcher -Didea.version=2017.1.5 verify"/>
    <property name="java.specification.vendor" value="Oracle Corporation"/>
    <property name="user.language" value="en"/>
    <property name="awt.toolkit" value="sun.lwawt.macosx.LWCToolkit"/>
    <property name="java.vm.info" value="mixed mode"/>
    <property name="java.version" value="1.8.0_111"/>
    <property name="java.ext.dirs" value="/Users/rodionsavchuk/Library/Java/Extensions:/Library/Java/JavaVirtualMachines/jdk1.8.0_111.jdk/Contents/Home/jre/lib/ext:/Library/Java/Extensions:/Network/Library/Java/Extensions:/System/Library/Java/Extensions:/usr/lib/java"/>
    <property name="sun.boot.class.path" value="/Library/Java/JavaVirtualMachines/jdk1.8.0_111.jdk/Contents/Home/jre/lib/resources.jar:/Library/Java/JavaVirtualMachines/jdk1.8.0_111.jdk/Contents/Home/jre/lib/rt.jar:/Library/Java/JavaVirtualMachines/jdk1.8.0_111.jdk/Contents/Home/jre/lib/sunrsasign.jar:/Library/Java/JavaVirtualMachines/jdk1.8.0_111.jdk/Contents/Home/jre/lib/jsse.jar:/Library/Java/JavaVirtualMachines/jdk1.8.0_111.jdk/Contents/Home/jre/lib/jce.jar:/Library/Java/JavaVirtualMachines/jdk1.8.0_111.jdk/Contents/Home/jre/lib/charsets.jar:/Library/Java/JavaVirtualMachines/jdk1.8.0_111.jdk/Contents/Home/jre/lib/jfr.jar:/Library/Java/JavaVirtualMachines/jdk1.8.0_111.jdk/Contents/Home/jre/classes"/>
    <property name="java.vendor" value="Oracle Corporation"/>
    <property name="maven.home" value="/Applications/IntelliJ IDEA.app/Contents/plugins/maven/lib/maven3"/>
    <property name="file.separator" value="/"/>
    <property name="java.vendor.url.bug" value="http://bugreport.sun.com/bugreport/"/>
    <property name="sun.cpu.endian" value="little"/>
    <property name="sun.io.unicode.encoding" value="UnicodeBig"/>
    <property name="socksNonProxyHosts" value="local|*.local|169.254/16|*.169.254/16"/>
    <property name="ftp.nonProxyHosts" value="local|*.local|169.254/16|*.169.254/16"/>
    <property name="sun.cpu.isalist" value=""/>
  </properties>
  <testcase name="Given open the site and login" classname="Scenario: VIR-137.01 Verify that the toggle button is shown above the products" time="0">
    <error message="Could not initialize class com.virco.locators.SiteData" type="net.serenitybdd.core.exceptions.SerenityManagedException"><![CDATA[net.serenitybdd.core.exceptions.SerenityManagedException: Could not initialize class com.virco.locators.SiteData
	at com.virco.steps.serenity.CommonUserSteps.openTheSite(CommonUserSteps.java:19)
	at com.virco.steps.serenity.CommonUserSteps$$EnhancerByCGLIB$$d8541bfa.CGLIB$openTheSite$6(<generated>)
	at com.virco.steps.serenity.CommonUserSteps$$EnhancerByCGLIB$$d8541bfa$$FastClassByCGLIB$$ea8e0f86.invoke(<generated>)
	at net.sf.cglib.proxy.MethodProxy.invokeSuper(MethodProxy.java:228)
	at net.thucydides.core.steps.StepInterceptor.invokeMethod(StepInterceptor.java:372)
	at net.thucydides.core.steps.StepInterceptor.executeTestStepMethod(StepInterceptor.java:357)
	at net.thucydides.core.steps.StepInterceptor.runTestStep(StepInterceptor.java:332)
	at net.thucydides.core.steps.StepInterceptor.testStepResult(StepInterceptor.java:134)
	at net.thucydides.core.steps.StepInterceptor.intercept(StepInterceptor.java:61)
	at com.virco.steps.serenity.CommonUserSteps$$EnhancerByCGLIB$$d8541bfa.openTheSite(<generated>)
	at com.virco.steps.CommonDefinitionSteps.openTheSiteAndLogin(CommonDefinitionSteps.java:72)
	at sun.reflect.GeneratedMethodAccessor143.invoke(Unknown Source)
	at sun.reflect.DelegatingMethodAccessorImpl.invoke(DelegatingMethodAccessorImpl.java:43)
	at java.lang.reflect.Method.invoke(Method.java:498)
	at cucumber.runtime.Utils$1.call(Utils.java:40)
	at cucumber.runtime.Timeout.timeout(Timeout.java:16)
	at cucumber.runtime.Utils.invoke(Utils.java:34)
	at cucumber.runtime.java.JavaStepDefinition.execute(JavaStepDefinition.java:38)
	at cucumber.runtime.StepDefinitionMatch.runStep(StepDefinitionMatch.java:37)
	at cucumber.runtime.Runtime.runStep(Runtime.java:300)
	at cucumber.runtime.model.StepContainer.runStep(StepContainer.java:44)
	at cucumber.runtime.model.StepContainer.runSteps(StepContainer.java:39)
	at cucumber.runtime.model.CucumberScenario.run(CucumberScenario.java:44)
	at cucumber.runtime.junit.ExecutionUnitRunner.run(ExecutionUnitRunner.java:102)
	at cucumber.runtime.junit.FeatureRunner.runChild(FeatureRunner.java:63)
	at cucumber.runtime.junit.FeatureRunner.runChild(FeatureRunner.java:18)
	at org.junit.runners.ParentRunner$3.run(ParentRunner.java:290)
	at org.junit.runners.ParentRunner$1.schedule(ParentRunner.java:71)
	at org.junit.runners.ParentRunner.runChildren(ParentRunner.java:288)
	at org.junit.runners.ParentRunner.access$000(ParentRunner.java:58)
	at org.junit.runners.ParentRunner$2.evaluate(ParentRunner.java:268)
	at org.junit.runners.ParentRunner.run(ParentRunner.java:363)
	at cucumber.runtime.junit.FeatureRunner.run(FeatureRunner.java:70)
	at cucumber.api.junit.Cucumber.runChild(Cucumber.java:95)
	at cucumber.api.junit.Cucumber.runChild(Cucumber.java:38)
	at org.junit.runners.ParentRunner$3.run(ParentRunner.java:290)
	at org.junit.runners.ParentRunner$1.schedule(ParentRunner.java:71)
	at org.junit.runners.ParentRunner.runChildren(ParentRunner.java:288)
	at org.junit.runners.ParentRunner.access$000(ParentRunner.java:58)
	at org.junit.runners.ParentRunner$2.evaluate(ParentRunner.java:268)
	at org.junit.runners.ParentRunner.run(ParentRunner.java:363)
	at cucumber.api.junit.Cucumber.run(Cucumber.java:100)
	at org.apache.maven.surefire.junit4.JUnit4Provider.execute(JUnit4Provider.java:283)
	at org.apache.maven.surefire.junit4.JUnit4Provider.executeWithRerun(JUnit4Provider.java:173)
	at org.apache.maven.surefire.junit4.JUnit4Provider.executeTestSet(JUnit4Provider.java:153)
	at org.apache.maven.surefire.junit4.JUnit4Provider.invoke(JUnit4Provider.java:128)
	at org.apache.maven.surefire.booter.ForkedBooter.invokeProviderInSameClassLoader(ForkedBooter.java:203)
	at org.apache.maven.surefire.booter.ForkedBooter.runSuitesInProcess(ForkedBooter.java:155)
	at org.apache.maven.surefire.booter.ForkedBooter.main(ForkedBooter.java:103)
]]></error>
    <system-out><![CDATA[
&amp#27;[31mFailed scenarios:&amp#27;[0m
&amp#27;[31msrc/test/resources/features/account_management/ACT17_MyAccountViewOptions.feature:7 &amp#27;[0m# Scenario: VIR-242.01 Verify that the following sub menu My Account menu has following options
&amp#27;[31msrc/test/resources/features/account_management/ACT17_MyAccountViewOptions.feature:29 &amp#27;[0m# Scenario Outline: VIR-242.02 Verify that the shopper is moved to the appropriate page after clicking on the sub-menu option
&amp#27;[31msrc/test/resources/features/account_management/ACT17_MyAccountViewOptions.feature:30 &amp#27;[0m# Scenario Outline: VIR-242.02 Verify that the shopper is moved to the appropriate page after clicking on the sub-menu option
&amp#27;[31msrc/test/resources/features/account_management/ACT17_MyAccountViewOptions.feature:31 &amp#27;[0m# Scenario Outline: VIR-242.02 Verify that the shopper is moved to the appropriate page after clicking on the sub-menu option
&amp#27;[31msrc/test/resources/features/account_management/ACT17_MyAccountViewOptions.feature:32 &amp#27;[0m# Scenario Outline: VIR-242.02 Verify that the shopper is moved to the appropriate page after clicking on the sub-menu option
&amp#27;[31msrc/test/resources/features/account_management/ACT17_MyAccountViewOptions.feature:33 &amp#27;[0m# Scenario Outline: VIR-242.02 Verify that the shopper is moved to the appropriate page after clicking on the sub-menu option
&amp#27;[31msrc/test/resources/features/account_management/ACT17_MyAccountViewOptions.feature:34 &amp#27;[0m# Scenario Outline: VIR-242.02 Verify that the shopper is moved to the appropriate page after clicking on the sub-menu option
&amp#27;[31msrc/test/resources/features/account_management/ACT17_MyAccountViewOptions.feature:35 &amp#27;[0m# Scenario Outline: VIR-242.02 Verify that the shopper is moved to the appropriate page after clicking on the sub-menu option
&amp#27;[31msrc/test/resources/features/account_management/ACT19_StaticEmailAddress.feature:6 &amp#27;[0m# Scenario: VIR-244.01 Verify that the shopper can see their email address within Email in My Account Menu
&amp#27;[31msrc/test/resources/features/account_management/ACT19_StaticEmailAddress.feature:14 &amp#27;[0m# Scenario: VIR-244.02 Verify that the email address is not editable
&amp#27;[31msrc/test/resources/features/account_management/ACT21_ViewSavedCarts.feature:5 &amp#27;[0m# Scenario: VIR-246.01 Verify that the shopper can see the saved carts within My Account
&amp#27;[31msrc/test/resources/features/account_management/ACT21_ViewSavedCarts.feature:12 &amp#27;[0m# Scenario: VIR-246.02 Remove all from saved carts
&amp#27;[31msrc/test/resources/features/account_management/ACT21_ViewSavedCarts.feature:19 &amp#27;[0m# Scenario: VIR-246.03 Verify that the saved cart is shown on the saved carts page
&amp#27;[31msrc/test/resources/features/account_management/ACT21_ViewSavedCarts.feature:35 &amp#27;[0m# Scenario: VIR-246.04 Verify that the products and their selected quantities are shown at the saved cart page
&amp#27;[31msrc/test/resources/features/account_management/ACT21_ViewSavedCarts.feature:52 &amp#27;[0m# Scenario: VIR-246.05 Verify that saved cart can be restored
&amp#27;[31msrc/test/resources/features/account_management/ACT21_ViewSavedCarts.feature:71 &amp#27;[0m# Scenario: VIR-246.06 Verify that saved cart can be updated
&amp#27;[31msrc/test/resources/features/account_management/ACT21_ViewSavedCarts.feature:94 &amp#27;[0m# Scenario: VIR-246.07 Verify that saved cart can be removed
&amp#27;[31msrc/test/resources/features/account_management/ACT22_ViewPersonalDetails.feature:5 &amp#27;[0m# Scenario: VIR-247.01 Verify that the shopper can see their personal details within My Account
&amp#27;[31msrc/test/resources/features/account_management/ACT22_ViewPersonalDetails.feature:12 &amp#27;[0m# Scenario: VIR-247.02 Verify that the information is shown on Personal Details page
&amp#27;[31msrc/test/resources/features/account_management/ACT22_ViewPersonalDetails.feature:27 &amp#27;[0m# Scenario: VIR-247.03 Verify that the shopper can edit the following personal details
&amp#27;[31msrc/test/resources/features/account_management/ACT2_ServiceLevelSelection.feature:6 &amp#27;[0m# Scenario: VIR-227.01 Verify that the customer can view the service level field right of the contract drop down
&amp#27;[31msrc/test/resources/features/account_management/ACT2_ServiceLevelSelection.feature:12 &amp#27;[0m# Scenario: VIR-227.02 Verify that the shopper can view the following service level options in the dropdown field
&amp#27;[31msrc/test/resources/features/account_management/ACT2_ServiceLevelSelection.feature:20 &amp#27;[0m# Scenario: VIR-227.03 Verify that the Tailgate service level option is selected by default
&amp#27;[31msrc/test/resources/features/account_management/ACT2_ServiceLevelSelection.feature:25 &amp#27;[0m# Scenario: VIR-227.04 Verify that the customer can set any service level from the shown options

99 Scenarios (&amp#27;[31m24 failed&amp#27;[0m, &amp#27;[32m75 passed&amp#27;[0m)
172 Steps (&amp#27;[31m24 failed&amp#27;[0m, &amp#27;[36m148 skipped&amp#27;[0m)
0m0.671s

net.serenitybdd.core.exceptions.SerenityManagedException
	at com.virco.locators.SiteData.<clinit>(SiteData.java:9)
	at com.virco.steps.serenity.CommonUserSteps.openTheSite(CommonUserSteps.java:19)
	at com.virco.steps.serenity.CommonUserSteps$$EnhancerByCGLIB$$d8541bfa.CGLIB$openTheSite$6(<generated>)
	at com.virco.steps.serenity.CommonUserSteps$$EnhancerByCGLIB$$d8541bfa$$FastClassByCGLIB$$ea8e0f86.invoke(<generated>)
	at net.sf.cglib.proxy.MethodProxy.invokeSuper(MethodProxy.java:228)
	at net.thucydides.core.steps.StepInterceptor.invokeMethod(StepInterceptor.java:372)
	at net.thucydides.core.steps.StepInterceptor.executeTestStepMethod(StepInterceptor.java:357)
	at net.thucydides.core.steps.StepInterceptor.runTestStep(StepInterceptor.java:332)
	at net.thucydides.core.steps.StepInterceptor.testStepResult(StepInterceptor.java:134)
	at net.thucydides.core.steps.StepInterceptor.intercept(StepInterceptor.java:61)
	at com.virco.steps.serenity.CommonUserSteps$$EnhancerByCGLIB$$d8541bfa.openTheSite(<generated>)
	at com.virco.steps.CommonDefinitionSteps.openTheSiteAndLogin(CommonDefinitionSteps.java:72)
	at ✽.Given open the site and login(src/test/resources/features/account_management/ACT17_MyAccountViewOptions.feature:8)
Caused by: java.lang.NullPointerException
	at com.virco.utils.PreExecutionSetUp.getHybrisUrls(PreExecutionSetUp.java:20)
	at com.virco.utils.PreExecutionSetUp.<clinit>(PreExecutionSetUp.java:9)
	at com.virco.locators.SiteData.<clinit>(SiteData.java:9)
	at com.virco.steps.serenity.CommonUserSteps.openTheSite(CommonUserSteps.java:19)
	at com.virco.steps.serenity.CommonUserSteps$$EnhancerByCGLIB$$d8541bfa.CGLIB$openTheSite$6(<generated>)
	at com.virco.steps.serenity.CommonUserSteps$$EnhancerByCGLIB$$d8541bfa$$FastClassByCGLIB$$ea8e0f86.invoke(<generated>)
	at net.sf.cglib.proxy.MethodProxy.invokeSuper(MethodProxy.java:228)
	at net.thucydides.core.steps.StepInterceptor.invokeMethod(StepInterceptor.java:372)
	at net.thucydides.core.steps.StepInterceptor.executeTestStepMethod(StepInterceptor.java:357)
	at net.thucydides.core.steps.StepInterceptor.runTestStep(StepInterceptor.java:332)
	at net.thucydides.core.steps.StepInterceptor.testStepResult(StepInterceptor.java:134)
	at net.thucydides.core.steps.StepInterceptor.intercept(StepInterceptor.java:61)
	at com.virco.steps.serenity.CommonUserSteps$$EnhancerByCGLIB$$d8541bfa.openTheSite(<generated>)
	at com.virco.steps.CommonDefinitionSteps.openTheSiteAndLogin(CommonDefinitionSteps.java:72)
	at sun.reflect.NativeMethodAccessorImpl.invoke0(Native Method)
	at sun.reflect.NativeMethodAccessorImpl.invoke(NativeMethodAccessorImpl.java:62)
	at sun.reflect.DelegatingMethodAccessorImpl.invoke(DelegatingMethodAccessorImpl.java:43)
	at java.lang.reflect.Method.invoke(Method.java:498)
	at cucumber.runtime.Utils$1.call(Utils.java:40)
	at cucumber.runtime.Timeout.timeout(Timeout.java:16)
	at cucumber.runtime.Utils.invoke(Utils.java:34)
	at cucumber.runtime.java.JavaStepDefinition.execute(JavaStepDefinition.java:38)
	at cucumber.runtime.StepDefinitionMatch.runStep(StepDefinitionMatch.java:37)
	at cucumber.runtime.Runtime.runStep(Runtime.java:300)
	at cucumber.runtime.model.StepContainer.runStep(StepContainer.java:44)
	at cucumber.runtime.model.StepContainer.runSteps(StepContainer.java:39)
	at cucumber.runtime.model.CucumberScenario.run(CucumberScenario.java:44)
	at cucumber.runtime.junit.ExecutionUnitRunner.run(ExecutionUnitRunner.java:102)
	at cucumber.runtime.junit.FeatureRunner.runChild(FeatureRunner.java:63)
	at cucumber.runtime.junit.FeatureRunner.runChild(FeatureRunner.java:18)
	at org.junit.runners.ParentRunner$3.run(ParentRunner.java:290)
	at org.junit.runners.ParentRunner$1.schedule(ParentRunner.java:71)
	at org.junit.runners.ParentRunner.runChildren(ParentRunner.java:288)
	at org.junit.runners.ParentRunner.access$000(ParentRunner.java:58)
	at org.junit.runners.ParentRunner$2.evaluate(ParentRunner.java:268)
	at org.junit.runners.ParentRunner.run(ParentRunner.java:363)
	at cucumber.runtime.junit.FeatureRunner.run(FeatureRunner.java:70)
	at cucumber.api.junit.Cucumber.runChild(Cucumber.java:95)
	at cucumber.api.junit.Cucumber.runChild(Cucumber.java:38)
	at org.junit.runners.ParentRunner$3.run(ParentRunner.java:290)
	at org.junit.runners.ParentRunner$1.schedule(ParentRunner.java:71)
	at org.junit.runners.ParentRunner.runChildren(ParentRunner.java:288)
	at org.junit.runners.ParentRunner.access$000(ParentRunner.java:58)
	at org.junit.runners.ParentRunner$2.evaluate(ParentRunner.java:268)
	at org.junit.runners.ParentRunner.run(ParentRunner.java:363)
	at cucumber.api.junit.Cucumber.run(Cucumber.java:100)
	at org.apache.maven.surefire.junit4.JUnit4Provider.execute(JUnit4Provider.java:283)
	at org.apache.maven.surefire.junit4.JUnit4Provider.executeWithRerun(JUnit4Provider.java:173)
	at org.apache.maven.surefire.junit4.JUnit4Provider.executeTestSet(JUnit4Provider.java:153)
	at org.apache.maven.surefire.junit4.JUnit4Provider.invoke(JUnit4Provider.java:128)
	at org.apache.maven.surefire.booter.ForkedBooter.invokeProviderInSameClassLoader(ForkedBooter.java:203)
	at org.apache.maven.surefire.booter.ForkedBooter.runSuitesInProcess(ForkedBooter.java:155)
	at org.apache.maven.surefire.booter.ForkedBooter.main(ForkedBooter.java:103)

net.serenitybdd.core.exceptions.SerenityManagedException: Could not initialize class com.virco.locators.SiteData
	at com.virco.steps.serenity.CommonUserSteps.openTheSite(CommonUserSteps.java:19)
	at com.virco.steps.serenity.CommonUserSteps$$EnhancerByCGLIB$$d8541bfa.CGLIB$openTheSite$6(<generated>)
	at com.virco.steps.serenity.CommonUserSteps$$EnhancerByCGLIB$$d8541bfa$$FastClassByCGLIB$$ea8e0f86.invoke(<generated>)
	at net.sf.cglib.proxy.MethodProxy.invokeSuper(MethodProxy.java:228)
	at net.thucydides.core.steps.StepInterceptor.invokeMethod(StepInterceptor.java:372)
	at net.thucydides.core.steps.StepInterceptor.executeTestStepMethod(StepInterceptor.java:357)
	at net.thucydides.core.steps.StepInterceptor.runTestStep(StepInterceptor.java:332)
	at net.thucydides.core.steps.StepInterceptor.testStepResult(StepInterceptor.java:134)
	at net.thucydides.core.steps.StepInterceptor.intercept(StepInterceptor.java:61)
	at com.virco.steps.serenity.CommonUserSteps$$EnhancerByCGLIB$$d8541bfa.openTheSite(<generated>)
	at com.virco.steps.CommonDefinitionSteps.openTheSiteAndLogin(CommonDefinitionSteps.java:72)
	at ✽.Given open the site and login(src/test/resources/features/account_management/ACT17_MyAccountViewOptions.feature:23)

net.serenitybdd.core.exceptions.SerenityManagedException: Could not initialize class com.virco.locators.SiteData
	at com.virco.steps.serenity.CommonUserSteps.openTheSite(CommonUserSteps.java:19)
	at com.virco.steps.serenity.CommonUserSteps$$EnhancerByCGLIB$$d8541bfa.CGLIB$openTheSite$6(<generated>)
	at com.virco.steps.serenity.CommonUserSteps$$EnhancerByCGLIB$$d8541bfa$$FastClassByCGLIB$$ea8e0f86.invoke(<generated>)
	at net.sf.cglib.proxy.MethodProxy.invokeSuper(MethodProxy.java:228)
	at net.thucydides.core.steps.StepInterceptor.invokeMethod(StepInterceptor.java:372)
	at net.thucydides.core.steps.StepInterceptor.executeTestStepMethod(StepInterceptor.java:357)
	at net.thucydides.core.steps.StepInterceptor.runTestStep(StepInterceptor.java:332)
	at net.thucydides.core.steps.StepInterceptor.testStepResult(StepInterceptor.java:134)
	at net.thucydides.core.steps.StepInterceptor.intercept(StepInterceptor.java:61)
	at com.virco.steps.serenity.CommonUserSteps$$EnhancerByCGLIB$$d8541bfa.openTheSite(<generated>)
	at com.virco.steps.CommonDefinitionSteps.openTheSiteAndLogin(CommonDefinitionSteps.java:72)
	at ✽.Given open the site and login(src/test/resources/features/account_management/ACT17_MyAccountViewOptions.feature:23)

net.serenitybdd.core.exceptions.SerenityManagedException: Could not initialize class com.virco.locators.SiteData
	at com.virco.steps.serenity.CommonUserSteps.openTheSite(CommonUserSteps.java:19)
	at com.virco.steps.serenity.CommonUserSteps$$EnhancerByCGLIB$$d8541bfa.CGLIB$openTheSite$6(<generated>)
	at com.virco.steps.serenity.CommonUserSteps$$EnhancerByCGLIB$$d8541bfa$$FastClassByCGLIB$$ea8e0f86.invoke(<generated>)
	at net.sf.cglib.proxy.MethodProxy.invokeSuper(MethodProxy.java:228)
	at net.thucydides.core.steps.StepInterceptor.invokeMethod(StepInterceptor.java:372)
	at net.thucydides.core.steps.StepInterceptor.executeTestStepMethod(StepInterceptor.java:357)
	at net.thucydides.core.steps.StepInterceptor.runTestStep(StepInterceptor.java:332)
	at net.thucydides.core.steps.StepInterceptor.testStepResult(StepInterceptor.java:134)
	at net.thucydides.core.steps.StepInterceptor.intercept(StepInterceptor.java:61)
	at com.virco.steps.serenity.CommonUserSteps$$EnhancerByCGLIB$$d8541bfa.openTheSite(<generated>)
	at com.virco.steps.CommonDefinitionSteps.openTheSiteAndLogin(CommonDefinitionSteps.java:72)
	at ✽.Given open the site and login(src/test/resources/features/account_management/ACT17_MyAccountViewOptions.feature:23)

net.serenitybdd.core.exceptions.SerenityManagedException: Could not initialize class com.virco.locators.SiteData
	at com.virco.steps.serenity.CommonUserSteps.openTheSite(CommonUserSteps.java:19)
	at com.virco.steps.serenity.CommonUserSteps$$EnhancerByCGLIB$$d8541bfa.CGLIB$openTheSite$6(<generated>)
	at com.virco.steps.serenity.CommonUserSteps$$EnhancerByCGLIB$$d8541bfa$$FastClassByCGLIB$$ea8e0f86.invoke(<generated>)
	at net.sf.cglib.proxy.MethodProxy.invokeSuper(MethodProxy.java:228)
	at net.thucydides.core.steps.StepInterceptor.invokeMethod(StepInterceptor.java:372)
	at net.thucydides.core.steps.StepInterceptor.executeTestStepMethod(StepInterceptor.java:357)
	at net.thucydides.core.steps.StepInterceptor.runTestStep(StepInterceptor.java:332)
	at net.thucydides.core.steps.StepInterceptor.testStepResult(StepInterceptor.java:134)
	at net.thucydides.core.steps.StepInterceptor.intercept(StepInterceptor.java:61)
	at com.virco.steps.serenity.CommonUserSteps$$EnhancerByCGLIB$$d8541bfa.openTheSite(<generated>)
	at com.virco.steps.CommonDefinitionSteps.openTheSiteAndLogin(CommonDefinitionSteps.java:72)
	at ✽.Given open the site and login(src/test/resources/features/account_management/ACT17_MyAccountViewOptions.feature:23)

net.serenitybdd.core.exceptions.SerenityManagedException: Could not initialize class com.virco.locators.SiteData
	at com.virco.steps.serenity.CommonUserSteps.openTheSite(CommonUserSteps.java:19)
	at com.virco.steps.serenity.CommonUserSteps$$EnhancerByCGLIB$$d8541bfa.CGLIB$openTheSite$6(<generated>)
	at com.virco.steps.serenity.CommonUserSteps$$EnhancerByCGLIB$$d8541bfa$$FastClassByCGLIB$$ea8e0f86.invoke(<generated>)
	at net.sf.cglib.proxy.MethodProxy.invokeSuper(MethodProxy.java:228)
	at net.thucydides.core.steps.StepInterceptor.invokeMethod(StepInterceptor.java:372)
	at net.thucydides.core.steps.StepInterceptor.executeTestStepMethod(StepInterceptor.java:357)
	at net.thucydides.core.steps.StepInterceptor.runTestStep(StepInterceptor.java:332)
	at net.thucydides.core.steps.StepInterceptor.testStepResult(StepInterceptor.java:134)
	at net.thucydides.core.steps.StepInterceptor.intercept(StepInterceptor.java:61)
	at com.virco.steps.serenity.CommonUserSteps$$EnhancerByCGLIB$$d8541bfa.openTheSite(<generated>)
	at com.virco.steps.CommonDefinitionSteps.openTheSiteAndLogin(CommonDefinitionSteps.java:72)
	at ✽.Given open the site and login(src/test/resources/features/account_management/ACT17_MyAccountViewOptions.feature:23)

net.serenitybdd.core.exceptions.SerenityManagedException: Could not initialize class com.virco.locators.SiteData
	at com.virco.steps.serenity.CommonUserSteps.openTheSite(CommonUserSteps.java:19)
	at com.virco.steps.serenity.CommonUserSteps$$EnhancerByCGLIB$$d8541bfa.CGLIB$openTheSite$6(<generated>)
	at com.virco.steps.serenity.CommonUserSteps$$EnhancerByCGLIB$$d8541bfa$$FastClassByCGLIB$$ea8e0f86.invoke(<generated>)
	at net.sf.cglib.proxy.MethodProxy.invokeSuper(MethodProxy.java:228)
	at net.thucydides.core.steps.StepInterceptor.invokeMethod(StepInterceptor.java:372)
	at net.thucydides.core.steps.StepInterceptor.executeTestStepMethod(StepInterceptor.java:357)
	at net.thucydides.core.steps.StepInterceptor.runTestStep(StepInterceptor.java:332)
	at net.thucydides.core.steps.StepInterceptor.testStepResult(StepInterceptor.java:134)
	at net.thucydides.core.steps.StepInterceptor.intercept(StepInterceptor.java:61)
	at com.virco.steps.serenity.CommonUserSteps$$EnhancerByCGLIB$$d8541bfa.openTheSite(<generated>)
	at com.virco.steps.CommonDefinitionSteps.openTheSiteAndLogin(CommonDefinitionSteps.java:72)
	at ✽.Given open the site and login(src/test/resources/features/account_management/ACT17_MyAccountViewOptions.feature:23)

net.serenitybdd.core.exceptions.SerenityManagedException: Could not initialize class com.virco.locators.SiteData
	at com.virco.steps.serenity.CommonUserSteps.openTheSite(CommonUserSteps.java:19)
	at com.virco.steps.serenity.CommonUserSteps$$EnhancerByCGLIB$$d8541bfa.CGLIB$openTheSite$6(<generated>)
	at com.virco.steps.serenity.CommonUserSteps$$EnhancerByCGLIB$$d8541bfa$$FastClassByCGLIB$$ea8e0f86.invoke(<generated>)
	at net.sf.cglib.proxy.MethodProxy.invokeSuper(MethodProxy.java:228)
	at net.thucydides.core.steps.StepInterceptor.invokeMethod(StepInterceptor.java:372)
	at net.thucydides.core.steps.StepInterceptor.executeTestStepMethod(StepInterceptor.java:357)
	at net.thucydides.core.steps.StepInterceptor.runTestStep(StepInterceptor.java:332)
	at net.thucydides.core.steps.StepInterceptor.testStepResult(StepInterceptor.java:134)
	at net.thucydides.core.steps.StepInterceptor.intercept(StepInterceptor.java:61)
	at com.virco.steps.serenity.CommonUserSteps$$EnhancerByCGLIB$$d8541bfa.openTheSite(<generated>)
	at com.virco.steps.CommonDefinitionSteps.openTheSiteAndLogin(CommonDefinitionSteps.java:72)
	at ✽.Given open the site and login(src/test/resources/features/account_management/ACT17_MyAccountViewOptions.feature:23)

net.serenitybdd.core.exceptions.SerenityManagedException: Could not initialize class com.virco.locators.SiteData
	at com.virco.steps.serenity.CommonUserSteps.openTheSite(CommonUserSteps.java:19)
	at com.virco.steps.serenity.CommonUserSteps$$EnhancerByCGLIB$$d8541bfa.CGLIB$openTheSite$6(<generated>)
	at com.virco.steps.serenity.CommonUserSteps$$EnhancerByCGLIB$$d8541bfa$$FastClassByCGLIB$$ea8e0f86.invoke(<generated>)
	at net.sf.cglib.proxy.MethodProxy.invokeSuper(MethodProxy.java:228)
	at net.thucydides.core.steps.StepInterceptor.invokeMethod(StepInterceptor.java:372)
	at net.thucydides.core.steps.StepInterceptor.executeTestStepMethod(StepInterceptor.java:357)
	at net.thucydides.core.steps.StepInterceptor.runTestStep(StepInterceptor.java:332)
	at net.thucydides.core.steps.StepInterceptor.testStepResult(StepInterceptor.java:134)
	at net.thucydides.core.steps.StepInterceptor.intercept(StepInterceptor.java:61)
	at com.virco.steps.serenity.CommonUserSteps$$EnhancerByCGLIB$$d8541bfa.openTheSite(<generated>)
	at com.virco.steps.CommonDefinitionSteps.openTheSiteAndLogin(CommonDefinitionSteps.java:72)
	at ✽.Given open the site and login(src/test/resources/features/account_management/ACT19_StaticEmailAddress.feature:7)

net.serenitybdd.core.exceptions.SerenityManagedException: Could not initialize class com.virco.locators.SiteData
	at com.virco.steps.serenity.CommonUserSteps.openTheSite(CommonUserSteps.java:19)
	at com.virco.steps.serenity.CommonUserSteps$$EnhancerByCGLIB$$d8541bfa.CGLIB$openTheSite$6(<generated>)
	at com.virco.steps.serenity.CommonUserSteps$$EnhancerByCGLIB$$d8541bfa$$FastClassByCGLIB$$ea8e0f86.invoke(<generated>)
	at net.sf.cglib.proxy.MethodProxy.invokeSuper(MethodProxy.java:228)
	at net.thucydides.core.steps.StepInterceptor.invokeMethod(StepInterceptor.java:372)
	at net.thucydides.core.steps.StepInterceptor.executeTestStepMethod(StepInterceptor.java:357)
	at net.thucydides.core.steps.StepInterceptor.runTestStep(StepInterceptor.java:332)
	at net.thucydides.core.steps.StepInterceptor.testStepResult(StepInterceptor.java:134)
	at net.thucydides.core.steps.StepInterceptor.intercept(StepInterceptor.java:61)
	at com.virco.steps.serenity.CommonUserSteps$$EnhancerByCGLIB$$d8541bfa.openTheSite(<generated>)
	at com.virco.steps.CommonDefinitionSteps.openTheSiteAndLogin(CommonDefinitionSteps.java:72)
	at ✽.Given open the site and login(src/test/resources/features/account_management/ACT19_StaticEmailAddress.feature:15)

net.serenitybdd.core.exceptions.SerenityManagedException: Could not initialize class com.virco.locators.SiteData
	at com.virco.steps.serenity.CommonUserSteps.openTheSite(CommonUserSteps.java:19)
	at com.virco.steps.serenity.CommonUserSteps$$EnhancerByCGLIB$$d8541bfa.CGLIB$openTheSite$6(<generated>)
	at com.virco.steps.serenity.CommonUserSteps$$EnhancerByCGLIB$$d8541bfa$$FastClassByCGLIB$$ea8e0f86.invoke(<generated>)
	at net.sf.cglib.proxy.MethodProxy.invokeSuper(MethodProxy.java:228)
	at net.thucydides.core.steps.StepInterceptor.invokeMethod(StepInterceptor.java:372)
	at net.thucydides.core.steps.StepInterceptor.executeTestStepMethod(StepInterceptor.java:357)
	at net.thucydides.core.steps.StepInterceptor.runTestStep(StepInterceptor.java:332)
	at net.thucydides.core.steps.StepInterceptor.testStepResult(StepInterceptor.java:134)
	at net.thucydides.core.steps.StepInterceptor.intercept(StepInterceptor.java:61)
	at com.virco.steps.serenity.CommonUserSteps$$EnhancerByCGLIB$$d8541bfa.openTheSite(<generated>)
	at com.virco.steps.CommonDefinitionSteps.openTheSiteAndLogin(CommonDefinitionSteps.java:72)
	at ✽.Given open the site and login(src/test/resources/features/account_management/ACT21_ViewSavedCarts.feature:6)

net.serenitybdd.core.exceptions.SerenityManagedException: Could not initialize class com.virco.locators.SiteData
	at com.virco.steps.serenity.CommonUserSteps.openTheSite(CommonUserSteps.java:19)
	at com.virco.steps.serenity.CommonUserSteps$$EnhancerByCGLIB$$d8541bfa.CGLIB$openTheSite$6(<generated>)
	at com.virco.steps.serenity.CommonUserSteps$$EnhancerByCGLIB$$d8541bfa$$FastClassByCGLIB$$ea8e0f86.invoke(<generated>)
	at net.sf.cglib.proxy.MethodProxy.invokeSuper(MethodProxy.java:228)
	at net.thucydides.core.steps.StepInterceptor.invokeMethod(StepInterceptor.java:372)
	at net.thucydides.core.steps.StepInterceptor.executeTestStepMethod(StepInterceptor.java:357)
	at net.thucydides.core.steps.StepInterceptor.runTestStep(StepInterceptor.java:332)
	at net.thucydides.core.steps.StepInterceptor.testStepResult(StepInterceptor.java:134)
	at net.thucydides.core.steps.StepInterceptor.intercept(StepInterceptor.java:61)
	at com.virco.steps.serenity.CommonUserSteps$$EnhancerByCGLIB$$d8541bfa.openTheSite(<generated>)
	at com.virco.steps.CommonDefinitionSteps.openTheSiteAndLogin(CommonDefinitionSteps.java:72)
	at ✽.Given open the site and login(src/test/resources/features/account_management/ACT21_ViewSavedCarts.feature:13)

net.serenitybdd.core.exceptions.SerenityManagedException: Could not initialize class com.virco.locators.SiteData
	at com.virco.steps.serenity.CommonUserSteps.openTheSite(CommonUserSteps.java:19)
	at com.virco.steps.serenity.CommonUserSteps$$EnhancerByCGLIB$$d8541bfa.CGLIB$openTheSite$6(<generated>)
	at com.virco.steps.serenity.CommonUserSteps$$EnhancerByCGLIB$$d8541bfa$$FastClassByCGLIB$$ea8e0f86.invoke(<generated>)
	at net.sf.cglib.proxy.MethodProxy.invokeSuper(MethodProxy.java:228)
	at net.thucydides.core.steps.StepInterceptor.invokeMethod(StepInterceptor.java:372)
	at net.thucydides.core.steps.StepInterceptor.executeTestStepMethod(StepInterceptor.java:357)
	at net.thucydides.core.steps.StepInterceptor.runTestStep(StepInterceptor.java:332)
	at net.thucydides.core.steps.StepInterceptor.testStepResult(StepInterceptor.java:134)
	at net.thucydides.core.steps.StepInterceptor.intercept(StepInterceptor.java:61)
	at com.virco.steps.serenity.CommonUserSteps$$EnhancerByCGLIB$$d8541bfa.openTheSite(<generated>)
	at com.virco.steps.CommonDefinitionSteps.openTheSiteAndLogin(CommonDefinitionSteps.java:72)
	at ✽.Given open the site and login(src/test/resources/features/account_management/ACT21_ViewSavedCarts.feature:20)

net.serenitybdd.core.exceptions.SerenityManagedException: Could not initialize class com.virco.locators.SiteData
	at com.virco.steps.serenity.CommonUserSteps.openTheSite(CommonUserSteps.java:19)
	at com.virco.steps.serenity.CommonUserSteps$$EnhancerByCGLIB$$d8541bfa.CGLIB$openTheSite$6(<generated>)
	at com.virco.steps.serenity.CommonUserSteps$$EnhancerByCGLIB$$d8541bfa$$FastClassByCGLIB$$ea8e0f86.invoke(<generated>)
	at net.sf.cglib.proxy.MethodProxy.invokeSuper(MethodProxy.java:228)
	at net.thucydides.core.steps.StepInterceptor.invokeMethod(StepInterceptor.java:372)
	at net.thucydides.core.steps.StepInterceptor.executeTestStepMethod(StepInterceptor.java:357)
	at net.thucydides.core.steps.StepInterceptor.runTestStep(StepInterceptor.java:332)
	at net.thucydides.core.steps.StepInterceptor.testStepResult(StepInterceptor.java:134)
	at net.thucydides.core.steps.StepInterceptor.intercept(StepInterceptor.java:61)
	at com.virco.steps.serenity.CommonUserSteps$$EnhancerByCGLIB$$d8541bfa.openTheSite(<generated>)
	at com.virco.steps.CommonDefinitionSteps.openTheSiteAndLogin(CommonDefinitionSteps.java:72)
	at ✽.Given open the site and login(src/test/resources/features/account_management/ACT21_ViewSavedCarts.feature:36)

net.serenitybdd.core.exceptions.SerenityManagedException: Could not initialize class com.virco.locators.SiteData
	at com.virco.steps.serenity.CommonUserSteps.openTheSite(CommonUserSteps.java:19)
	at com.virco.steps.serenity.CommonUserSteps$$EnhancerByCGLIB$$d8541bfa.CGLIB$openTheSite$6(<generated>)
	at com.virco.steps.serenity.CommonUserSteps$$EnhancerByCGLIB$$d8541bfa$$FastClassByCGLIB$$ea8e0f86.invoke(<generated>)
	at net.sf.cglib.proxy.MethodProxy.invokeSuper(MethodProxy.java:228)
	at net.thucydides.core.steps.StepInterceptor.invokeMethod(StepInterceptor.java:372)
	at net.thucydides.core.steps.StepInterceptor.executeTestStepMethod(StepInterceptor.java:357)
	at net.thucydides.core.steps.StepInterceptor.runTestStep(StepInterceptor.java:332)
	at net.thucydides.core.steps.StepInterceptor.testStepResult(StepInterceptor.java:134)
	at net.thucydides.core.steps.StepInterceptor.intercept(StepInterceptor.java:61)
	at com.virco.steps.serenity.CommonUserSteps$$EnhancerByCGLIB$$d8541bfa.openTheSite(<generated>)
	at com.virco.steps.CommonDefinitionSteps.openTheSiteAndLogin(CommonDefinitionSteps.java:72)
	at ✽.Given open the site and login(src/test/resources/features/account_management/ACT21_ViewSavedCarts.feature:53)

net.serenitybdd.core.exceptions.SerenityManagedException: Could not initialize class com.virco.locators.SiteData
	at com.virco.steps.serenity.CommonUserSteps.openTheSite(CommonUserSteps.java:19)
	at com.virco.steps.serenity.CommonUserSteps$$EnhancerByCGLIB$$d8541bfa.CGLIB$openTheSite$6(<generated>)
	at com.virco.steps.serenity.CommonUserSteps$$EnhancerByCGLIB$$d8541bfa$$FastClassByCGLIB$$ea8e0f86.invoke(<generated>)
	at net.sf.cglib.proxy.MethodProxy.invokeSuper(MethodProxy.java:228)
	at net.thucydides.core.steps.StepInterceptor.invokeMethod(StepInterceptor.java:372)
	at net.thucydides.core.steps.StepInterceptor.executeTestStepMethod(StepInterceptor.java:357)
	at net.thucydides.core.steps.StepInterceptor.runTestStep(StepInterceptor.java:332)
	at net.thucydides.core.steps.StepInterceptor.testStepResult(StepInterceptor.java:134)
	at net.thucydides.core.steps.StepInterceptor.intercept(StepInterceptor.java:61)
	at com.virco.steps.serenity.CommonUserSteps$$EnhancerByCGLIB$$d8541bfa.openTheSite(<generated>)
	at com.virco.steps.CommonDefinitionSteps.openTheSiteAndLogin(CommonDefinitionSteps.java:72)
	at ✽.Given open the site and login(src/test/resources/features/account_management/ACT21_ViewSavedCarts.feature:72)

net.serenitybdd.core.exceptions.SerenityManagedException: Could not initialize class com.virco.locators.SiteData
	at com.virco.steps.serenity.CommonUserSteps.openTheSite(CommonUserSteps.java:19)
	at com.virco.steps.serenity.CommonUserSteps$$EnhancerByCGLIB$$d8541bfa.CGLIB$openTheSite$6(<generated>)
	at com.virco.steps.serenity.CommonUserSteps$$EnhancerByCGLIB$$d8541bfa$$FastClassByCGLIB$$ea8e0f86.invoke(<generated>)
	at net.sf.cglib.proxy.MethodProxy.invokeSuper(MethodProxy.java:228)
	at net.thucydides.core.steps.StepInterceptor.invokeMethod(StepInterceptor.java:372)
	at net.thucydides.core.steps.StepInterceptor.executeTestStepMethod(StepInterceptor.java:357)
	at net.thucydides.core.steps.StepInterceptor.runTestStep(StepInterceptor.java:332)
	at net.thucydides.core.steps.StepInterceptor.testStepResult(StepInterceptor.java:134)
	at net.thucydides.core.steps.StepInterceptor.intercept(StepInterceptor.java:61)
	at com.virco.steps.serenity.CommonUserSteps$$EnhancerByCGLIB$$d8541bfa.openTheSite(<generated>)
	at com.virco.steps.CommonDefinitionSteps.openTheSiteAndLogin(CommonDefinitionSteps.java:72)
	at ✽.Given open the site and login(src/test/resources/features/account_management/ACT21_ViewSavedCarts.feature:95)

net.serenitybdd.core.exceptions.SerenityManagedException: Could not initialize class com.virco.locators.SiteData
	at com.virco.steps.serenity.CommonUserSteps.openTheSite(CommonUserSteps.java:19)
	at com.virco.steps.serenity.CommonUserSteps$$EnhancerByCGLIB$$d8541bfa.CGLIB$openTheSite$6(<generated>)
	at com.virco.steps.serenity.CommonUserSteps$$EnhancerByCGLIB$$d8541bfa$$FastClassByCGLIB$$ea8e0f86.invoke(<generated>)
	at net.sf.cglib.proxy.MethodProxy.invokeSuper(MethodProxy.java:228)
	at net.thucydides.core.steps.StepInterceptor.invokeMethod(StepInterceptor.java:372)
	at net.thucydides.core.steps.StepInterceptor.executeTestStepMethod(StepInterceptor.java:357)
	at net.thucydides.core.steps.StepInterceptor.runTestStep(StepInterceptor.java:332)
	at net.thucydides.core.steps.StepInterceptor.testStepResult(StepInterceptor.java:134)
	at net.thucydides.core.steps.StepInterceptor.intercept(StepInterceptor.java:61)
	at com.virco.steps.serenity.CommonUserSteps$$EnhancerByCGLIB$$d8541bfa.openTheSite(<generated>)
	at com.virco.steps.CommonDefinitionSteps.openTheSiteAndLogin(CommonDefinitionSteps.java:72)
	at ✽.Given open the site and login(src/test/resources/features/account_management/ACT22_ViewPersonalDetails.feature:6)

net.serenitybdd.core.exceptions.SerenityManagedException: Could not initialize class com.virco.locators.SiteData
	at com.virco.steps.serenity.CommonUserSteps.openTheSite(CommonUserSteps.java:19)
	at com.virco.steps.serenity.CommonUserSteps$$EnhancerByCGLIB$$d8541bfa.CGLIB$openTheSite$6(<generated>)
	at com.virco.steps.serenity.CommonUserSteps$$EnhancerByCGLIB$$d8541bfa$$FastClassByCGLIB$$ea8e0f86.invoke(<generated>)
	at net.sf.cglib.proxy.MethodProxy.invokeSuper(MethodProxy.java:228)
	at net.thucydides.core.steps.StepInterceptor.invokeMethod(StepInterceptor.java:372)
	at net.thucydides.core.steps.StepInterceptor.executeTestStepMethod(StepInterceptor.java:357)
	at net.thucydides.core.steps.StepInterceptor.runTestStep(StepInterceptor.java:332)
	at net.thucydides.core.steps.StepInterceptor.testStepResult(StepInterceptor.java:134)
	at net.thucydides.core.steps.StepInterceptor.intercept(StepInterceptor.java:61)
	at com.virco.steps.serenity.CommonUserSteps$$EnhancerByCGLIB$$d8541bfa.openTheSite(<generated>)
	at com.virco.steps.CommonDefinitionSteps.openTheSiteAndLogin(CommonDefinitionSteps.java:72)
	at ✽.Given open the site and login(src/test/resources/features/account_management/ACT22_ViewPersonalDetails.feature:13)

net.serenitybdd.core.exceptions.SerenityManagedException: Could not initialize class com.virco.locators.SiteData
	at com.virco.steps.serenity.CommonUserSteps.openTheSite(CommonUserSteps.java:19)
	at com.virco.steps.serenity.CommonUserSteps$$EnhancerByCGLIB$$d8541bfa.CGLIB$openTheSite$6(<generated>)
	at com.virco.steps.serenity.CommonUserSteps$$EnhancerByCGLIB$$d8541bfa$$FastClassByCGLIB$$ea8e0f86.invoke(<generated>)
	at net.sf.cglib.proxy.MethodProxy.invokeSuper(MethodProxy.java:228)
	at net.thucydides.core.steps.StepInterceptor.invokeMethod(StepInterceptor.java:372)
	at net.thucydides.core.steps.StepInterceptor.executeTestStepMethod(StepInterceptor.java:357)
	at net.thucydides.core.steps.StepInterceptor.runTestStep(StepInterceptor.java:332)
	at net.thucydides.core.steps.StepInterceptor.testStepResult(StepInterceptor.java:134)
	at net.thucydides.core.steps.StepInterceptor.intercept(StepInterceptor.java:61)
	at com.virco.steps.serenity.CommonUserSteps$$EnhancerByCGLIB$$d8541bfa.openTheSite(<generated>)
	at com.virco.steps.CommonDefinitionSteps.openTheSiteAndLogin(CommonDefinitionSteps.java:72)
	at ✽.Given open the site and login(src/test/resources/features/account_management/ACT22_ViewPersonalDetails.feature:28)

net.serenitybdd.core.exceptions.SerenityManagedException: Could not initialize class com.virco.locators.SiteData
	at com.virco.steps.serenity.CommonUserSteps.openTheSite(CommonUserSteps.java:19)
	at com.virco.steps.serenity.CommonUserSteps$$EnhancerByCGLIB$$d8541bfa.CGLIB$openTheSite$6(<generated>)
	at com.virco.steps.serenity.CommonUserSteps$$EnhancerByCGLIB$$d8541bfa$$FastClassByCGLIB$$ea8e0f86.invoke(<generated>)
	at net.sf.cglib.proxy.MethodProxy.invokeSuper(MethodProxy.java:228)
	at net.thucydides.core.steps.StepInterceptor.invokeMethod(StepInterceptor.java:372)
	at net.thucydides.core.steps.StepInterceptor.executeTestStepMethod(StepInterceptor.java:357)
	at net.thucydides.core.steps.StepInterceptor.runTestStep(StepInterceptor.java:332)
	at net.thucydides.core.steps.StepInterceptor.testStepResult(StepInterceptor.java:134)
	at net.thucydides.core.steps.StepInterceptor.intercept(StepInterceptor.java:61)
	at com.virco.steps.serenity.CommonUserSteps$$EnhancerByCGLIB$$d8541bfa.openTheSite(<generated>)
	at com.virco.steps.CommonDefinitionSteps.openTheSiteAndLogin(CommonDefinitionSteps.java:72)
	at ✽.Given open the site and login(src/test/resources/features/account_management/ACT2_ServiceLevelSelection.feature:7)

net.serenitybdd.core.exceptions.SerenityManagedException: Could not initialize class com.virco.locators.SiteData
	at com.virco.steps.serenity.CommonUserSteps.openTheSite(CommonUserSteps.java:19)
	at com.virco.steps.serenity.CommonUserSteps$$EnhancerByCGLIB$$d8541bfa.CGLIB$openTheSite$6(<generated>)
	at com.virco.steps.serenity.CommonUserSteps$$EnhancerByCGLIB$$d8541bfa$$FastClassByCGLIB$$ea8e0f86.invoke(<generated>)
	at net.sf.cglib.proxy.MethodProxy.invokeSuper(MethodProxy.java:228)
	at net.thucydides.core.steps.StepInterceptor.invokeMethod(StepInterceptor.java:372)
	at net.thucydides.core.steps.StepInterceptor.executeTestStepMethod(StepInterceptor.java:357)
	at net.thucydides.core.steps.StepInterceptor.runTestStep(StepInterceptor.java:332)
	at net.thucydides.core.steps.StepInterceptor.testStepResult(StepInterceptor.java:134)
	at net.thucydides.core.steps.StepInterceptor.intercept(StepInterceptor.java:61)
	at com.virco.steps.serenity.CommonUserSteps$$EnhancerByCGLIB$$d8541bfa.openTheSite(<generated>)
	at com.virco.steps.CommonDefinitionSteps.openTheSiteAndLogin(CommonDefinitionSteps.java:72)
	at ✽.Given open the site and login(src/test/resources/features/account_management/ACT2_ServiceLevelSelection.feature:13)

net.serenitybdd.core.exceptions.SerenityManagedException: Could not initialize class com.virco.locators.SiteData
	at com.virco.steps.serenity.CommonUserSteps.openTheSite(CommonUserSteps.java:19)
	at com.virco.steps.serenity.CommonUserSteps$$EnhancerByCGLIB$$d8541bfa.CGLIB$openTheSite$6(<generated>)
	at com.virco.steps.serenity.CommonUserSteps$$EnhancerByCGLIB$$d8541bfa$$FastClassByCGLIB$$ea8e0f86.invoke(<generated>)
	at net.sf.cglib.proxy.MethodProxy.invokeSuper(MethodProxy.java:228)
	at net.thucydides.core.steps.StepInterceptor.invokeMethod(StepInterceptor.java:372)
	at net.thucydides.core.steps.StepInterceptor.executeTestStepMethod(StepInterceptor.java:357)
	at net.thucydides.core.steps.StepInterceptor.runTestStep(StepInterceptor.java:332)
	at net.thucydides.core.steps.StepInterceptor.testStepResult(StepInterceptor.java:134)
	at net.thucydides.core.steps.StepInterceptor.intercept(StepInterceptor.java:61)
	at com.virco.steps.serenity.CommonUserSteps$$EnhancerByCGLIB$$d8541bfa.openTheSite(<generated>)
	at com.virco.steps.CommonDefinitionSteps.openTheSiteAndLogin(CommonDefinitionSteps.java:72)
	at ✽.Given open the site and login(src/test/resources/features/account_management/ACT2_ServiceLevelSelection.feature:21)

net.serenitybdd.core.exceptions.SerenityManagedException: Could not initialize class com.virco.locators.SiteData
	at com.virco.steps.serenity.CommonUserSteps.openTheSite(CommonUserSteps.java:19)
	at com.virco.steps.serenity.CommonUserSteps$$EnhancerByCGLIB$$d8541bfa.CGLIB$openTheSite$6(<generated>)
	at com.virco.steps.serenity.CommonUserSteps$$EnhancerByCGLIB$$d8541bfa$$FastClassByCGLIB$$ea8e0f86.invoke(<generated>)
	at net.sf.cglib.proxy.MethodProxy.invokeSuper(MethodProxy.java:228)
	at net.thucydides.core.steps.StepInterceptor.invokeMethod(StepInterceptor.java:372)
	at net.thucydides.core.steps.StepInterceptor.executeTestStepMethod(StepInterceptor.java:357)
	at net.thucydides.core.steps.StepInterceptor.runTestStep(StepInterceptor.java:332)
	at net.thucydides.core.steps.StepInterceptor.testStepResult(StepInterceptor.java:134)
	at net.thucydides.core.steps.StepInterceptor.intercept(StepInterceptor.java:61)
	at com.virco.steps.serenity.CommonUserSteps$$EnhancerByCGLIB$$d8541bfa.openTheSite(<generated>)
	at com.virco.steps.CommonDefinitionSteps.openTheSiteAndLogin(CommonDefinitionSteps.java:72)
	at ✽.Given open the site and login(src/test/resources/features/account_management/ACT2_ServiceLevelSelection.feature:26)

]]></system-out>
    <system-err><![CDATA[[main] INFO net.serenitybdd.core.Serenity - Test Suite Started: CAT-1 - Grid/List View Toggle
[main] INFO net.serenitybdd.core.Serenity - 
 _____ _____ ____ _____   ____ _____  _    ____ _____ _____ ____  
|_   _| ____/ ___|_   _| / ___|_   _|/ \  |  _ \_   _| ____|  _ \ 
  | | |  _| \___ \ | |   \___ \ | | / _ \ | |_) || | |  _| | | | |
  | | | |___ ___) || |    ___) || |/ ___ \|  _ < | | | |___| |_| |
  |_| |_____|____/ |_|   |____/ |_/_/   \_\_| \_\|_| |_____|____/ 
                                                                  

TEST STARTED: VIR-137.01 Verify that the toggle button is shown above the products
-------------------------------------------------------------------(cat-1---grid/list-view-toggle;vir-137.01-verify-that-the-toggle-button-is-shown-above-the-products)
[main] INFO net.serenitybdd.core.Serenity - STARTING STEP Given open the site and login
[main] INFO net.serenitybdd.core.Serenity - STARTING STEP Open the site
[main] INFO net.serenitybdd.core.Serenity - STEP ERROR: net.serenitybdd.core.exceptions.SerenityManagedException: Could not initialize class com.virco.locators.SiteData
]]></system-err>
  </testcase>
  <testcase name="Scenario: VIR-137.01 Verify that the toggle button is shown above the products" classname="Scenario: VIR-137.01 Verify that the toggle button is shown above the products" time="0">
    <error message="Could not initialize class com.virco.locators.SiteData" type="net.serenitybdd.core.exceptions.SerenityManagedException"><![CDATA[net.serenitybdd.core.exceptions.SerenityManagedException: Could not initialize class com.virco.locators.SiteData
	at com.virco.steps.serenity.CommonUserSteps.openTheSite(CommonUserSteps.java:19)
	at com.virco.steps.serenity.CommonUserSteps$$EnhancerByCGLIB$$d8541bfa.CGLIB$openTheSite$6(<generated>)
	at com.virco.steps.serenity.CommonUserSteps$$EnhancerByCGLIB$$d8541bfa$$FastClassByCGLIB$$ea8e0f86.invoke(<generated>)
	at net.sf.cglib.proxy.MethodProxy.invokeSuper(MethodProxy.java:228)
	at net.thucydides.core.steps.StepInterceptor.invokeMethod(StepInterceptor.java:372)
	at net.thucydides.core.steps.StepInterceptor.executeTestStepMethod(StepInterceptor.java:357)
	at net.thucydides.core.steps.StepInterceptor.runTestStep(StepInterceptor.java:332)
	at net.thucydides.core.steps.StepInterceptor.testStepResult(StepInterceptor.java:134)
	at net.thucydides.core.steps.StepInterceptor.intercept(StepInterceptor.java:61)
	at com.virco.steps.serenity.CommonUserSteps$$EnhancerByCGLIB$$d8541bfa.openTheSite(<generated>)
	at com.virco.steps.CommonDefinitionSteps.openTheSiteAndLogin(CommonDefinitionSteps.java:72)
	at sun.reflect.GeneratedMethodAccessor143.invoke(Unknown Source)
	at sun.reflect.DelegatingMethodAccessorImpl.invoke(DelegatingMethodAccessorImpl.java:43)
	at java.lang.reflect.Method.invoke(Method.java:498)
	at cucumber.runtime.Utils$1.call(Utils.java:40)
	at cucumber.runtime.Timeout.timeout(Timeout.java:16)
	at cucumber.runtime.Utils.invoke(Utils.java:34)
	at cucumber.runtime.java.JavaStepDefinition.execute(JavaStepDefinition.java:38)
	at cucumber.runtime.StepDefinitionMatch.runStep(StepDefinitionMatch.java:37)
	at cucumber.runtime.Runtime.runStep(Runtime.java:300)
	at cucumber.runtime.model.StepContainer.runStep(StepContainer.java:44)
	at cucumber.runtime.model.StepContainer.runSteps(StepContainer.java:39)
	at cucumber.runtime.model.CucumberScenario.run(CucumberScenario.java:44)
	at cucumber.runtime.junit.ExecutionUnitRunner.run(ExecutionUnitRunner.java:102)
	at cucumber.runtime.junit.FeatureRunner.runChild(FeatureRunner.java:63)
	at cucumber.runtime.junit.FeatureRunner.runChild(FeatureRunner.java:18)
	at org.junit.runners.ParentRunner$3.run(ParentRunner.java:290)
	at org.junit.runners.ParentRunner$1.schedule(ParentRunner.java:71)
	at org.junit.runners.ParentRunner.runChildren(ParentRunner.java:288)
	at org.junit.runners.ParentRunner.access$000(ParentRunner.java:58)
	at org.junit.runners.ParentRunner$2.evaluate(ParentRunner.java:268)
	at org.junit.runners.ParentRunner.run(ParentRunner.java:363)
	at cucumber.runtime.junit.FeatureRunner.run(FeatureRunner.java:70)
	at cucumber.api.junit.Cucumber.runChild(Cucumber.java:95)
	at cucumber.api.junit.Cucumber.runChild(Cucumber.java:38)
	at org.junit.runners.ParentRunner$3.run(ParentRunner.java:290)
	at org.junit.runners.ParentRunner$1.schedule(ParentRunner.java:71)
	at org.junit.runners.ParentRunner.runChildren(ParentRunner.java:288)
	at org.junit.runners.ParentRunner.access$000(ParentRunner.java:58)
	at org.junit.runners.ParentRunner$2.evaluate(ParentRunner.java:268)
	at org.junit.runners.ParentRunner.run(ParentRunner.java:363)
	at cucumber.api.junit.Cucumber.run(Cucumber.java:100)
	at org.apache.maven.surefire.junit4.JUnit4Provider.execute(JUnit4Provider.java:283)
	at org.apache.maven.surefire.junit4.JUnit4Provider.executeWithRerun(JUnit4Provider.java:173)
	at org.apache.maven.surefire.junit4.JUnit4Provider.executeTestSet(JUnit4Provider.java:153)
	at org.apache.maven.surefire.junit4.JUnit4Provider.invoke(JUnit4Provider.java:128)
	at org.apache.maven.surefire.booter.ForkedBooter.invokeProviderInSameClassLoader(ForkedBooter.java:203)
	at org.apache.maven.surefire.booter.ForkedBooter.runSuitesInProcess(ForkedBooter.java:155)
	at org.apache.maven.surefire.booter.ForkedBooter.main(ForkedBooter.java:103)
]]></error>
  </testcase>
  <testcase name="When open any category" classname="Scenario: VIR-137.01 Verify that the toggle button is shown above the products" time="0">
    <skipped/>
    <system-err><![CDATA[[main] INFO net.serenitybdd.core.Serenity - STEP ERROR: java.lang.NoClassDefFoundError: Could not initialize class com.virco.locators.SiteData
[main] INFO net.serenitybdd.core.Serenity - STARTING STEP When open any category
]]></system-err>
  </testcase>
  <testcase name="Then toggle button is shown above the products" classname="Scenario: VIR-137.01 Verify that the toggle button is shown above the products" time="0">
    <skipped/>
    <system-err><![CDATA[[main] INFO net.serenitybdd.core.Serenity - IGNORING STEP
[main] INFO net.serenitybdd.core.Serenity - STARTING STEP Then toggle button is shown above the products
]]></system-err>
  </testcase>
  <testcase name="Given open the site and login" classname="Scenario: VIR-137.02 Verify that the customer can switch the view of products into grid, list" time="0">
    <error message="Could not initialize class com.virco.locators.SiteData" type="net.serenitybdd.core.exceptions.SerenityManagedException"><![CDATA[net.serenitybdd.core.exceptions.SerenityManagedException: Could not initialize class com.virco.locators.SiteData
	at com.virco.steps.serenity.CommonUserSteps.openTheSite(CommonUserSteps.java:19)
	at com.virco.steps.serenity.CommonUserSteps$$EnhancerByCGLIB$$d8541bfa.CGLIB$openTheSite$6(<generated>)
	at com.virco.steps.serenity.CommonUserSteps$$EnhancerByCGLIB$$d8541bfa$$FastClassByCGLIB$$ea8e0f86.invoke(<generated>)
	at net.sf.cglib.proxy.MethodProxy.invokeSuper(MethodProxy.java:228)
	at net.thucydides.core.steps.StepInterceptor.invokeMethod(StepInterceptor.java:372)
	at net.thucydides.core.steps.StepInterceptor.executeTestStepMethod(StepInterceptor.java:357)
	at net.thucydides.core.steps.StepInterceptor.runTestStep(StepInterceptor.java:332)
	at net.thucydides.core.steps.StepInterceptor.testStepResult(StepInterceptor.java:134)
	at net.thucydides.core.steps.StepInterceptor.intercept(StepInterceptor.java:61)
	at com.virco.steps.serenity.CommonUserSteps$$EnhancerByCGLIB$$d8541bfa.openTheSite(<generated>)
	at com.virco.steps.CommonDefinitionSteps.openTheSiteAndLogin(CommonDefinitionSteps.java:72)
	at sun.reflect.GeneratedMethodAccessor143.invoke(Unknown Source)
	at sun.reflect.DelegatingMethodAccessorImpl.invoke(DelegatingMethodAccessorImpl.java:43)
	at java.lang.reflect.Method.invoke(Method.java:498)
	at cucumber.runtime.Utils$1.call(Utils.java:40)
	at cucumber.runtime.Timeout.timeout(Timeout.java:16)
	at cucumber.runtime.Utils.invoke(Utils.java:34)
	at cucumber.runtime.java.JavaStepDefinition.execute(JavaStepDefinition.java:38)
	at cucumber.runtime.StepDefinitionMatch.runStep(StepDefinitionMatch.java:37)
	at cucumber.runtime.Runtime.runStep(Runtime.java:300)
	at cucumber.runtime.model.StepContainer.runStep(StepContainer.java:44)
	at cucumber.runtime.model.StepContainer.runSteps(StepContainer.java:39)
	at cucumber.runtime.model.CucumberScenario.run(CucumberScenario.java:44)
	at cucumber.runtime.junit.ExecutionUnitRunner.run(ExecutionUnitRunner.java:102)
	at cucumber.runtime.junit.FeatureRunner.runChild(FeatureRunner.java:63)
	at cucumber.runtime.junit.FeatureRunner.runChild(FeatureRunner.java:18)
	at org.junit.runners.ParentRunner$3.run(ParentRunner.java:290)
	at org.junit.runners.ParentRunner$1.schedule(ParentRunner.java:71)
	at org.junit.runners.ParentRunner.runChildren(ParentRunner.java:288)
	at org.junit.runners.ParentRunner.access$000(ParentRunner.java:58)
	at org.junit.runners.ParentRunner$2.evaluate(ParentRunner.java:268)
	at org.junit.runners.ParentRunner.run(ParentRunner.java:363)
	at cucumber.runtime.junit.FeatureRunner.run(FeatureRunner.java:70)
	at cucumber.api.junit.Cucumber.runChild(Cucumber.java:95)
	at cucumber.api.junit.Cucumber.runChild(Cucumber.java:38)
	at org.junit.runners.ParentRunner$3.run(ParentRunner.java:290)
	at org.junit.runners.ParentRunner$1.schedule(ParentRunner.java:71)
	at org.junit.runners.ParentRunner.runChildren(ParentRunner.java:288)
	at org.junit.runners.ParentRunner.access$000(ParentRunner.java:58)
	at org.junit.runners.ParentRunner$2.evaluate(ParentRunner.java:268)
	at org.junit.runners.ParentRunner.run(ParentRunner.java:363)
	at cucumber.api.junit.Cucumber.run(Cucumber.java:100)
	at org.apache.maven.surefire.junit4.JUnit4Provider.execute(JUnit4Provider.java:283)
	at org.apache.maven.surefire.junit4.JUnit4Provider.executeWithRerun(JUnit4Provider.java:173)
	at org.apache.maven.surefire.junit4.JUnit4Provider.executeTestSet(JUnit4Provider.java:153)
	at org.apache.maven.surefire.junit4.JUnit4Provider.invoke(JUnit4Provider.java:128)
	at org.apache.maven.surefire.booter.ForkedBooter.invokeProviderInSameClassLoader(ForkedBooter.java:203)
	at org.apache.maven.surefire.booter.ForkedBooter.runSuitesInProcess(ForkedBooter.java:155)
	at org.apache.maven.surefire.booter.ForkedBooter.main(ForkedBooter.java:103)
]]></error>
    <system-err><![CDATA[[main] INFO net.serenitybdd.core.Serenity - IGNORING STEP
[main] ERROR net.serenitybdd.core.Serenity - 
           __  _____ _____ ____ _____   _____ _    ___ _     _____ ____  
  _       / / |_   _| ____/ ___|_   _| |  ___/ \  |_ _| |   | ____|  _ \ 
 (_)_____| |    | | |  _| \___ \ | |   | |_ / _ \  | || |   |  _| | | | |
  _|_____| |    | | | |___ ___) || |   |  _/ ___ \ | || |___| |___| |_| |
 (_)     | |    |_| |_____|____/ |_|   |_|/_/   \_\___|_____|_____|____/ 
          \_\                                                            

TEST FAILED WITH ERROR: VIR-137.01 Verify that the toggle button is shown above the products
---------------------------------------------------------------------
[main] ERROR net.serenitybdd.core.Serenity - TEST FAILED AT STEP Open the site
[main] ERROR net.serenitybdd.core.Serenity - Could not initialize class com.virco.locators.SiteData
[pool-1-thread-1] INFO net.thucydides.core.reports.json.JSONTestOutcomeReporter - Generating JSON report for VIR-137.01 Verify that the toggle button is shown above the products to file /Users/rodionsavchuk/hybrisAutomation/virco-automatedtests/target/site/serenity/ed05f0ebcdeb7ab8ce4053f5e77c2e104b16083b38ff0389ff4683e6797df73a.json (using temp file /Users/rodionsavchuk/hybrisAutomation/virco-automatedtests/target/site/serenity/ed05f0ebcdeb7ab8ce4053f5e77c2e104b16083b38ff0389ff4683e6797df73a.jsond9b2b135-7769-40d6-af02-56e42212b051)
[pool-1-thread-4] INFO net.thucydides.core.reports.html.HtmlAcceptanceTestReporter - GENERATING HTML REPORT FOR CAT-1 - Grid/List View Toggle:VIR-137.01 Verify that the toggle button is shown above the products in ed05f0ebcdeb7ab8ce4053f5e77c2e104b16083b38ff0389ff4683e6797df73a.html in directory target/site/serenity  
[main] INFO net.serenitybdd.core.Serenity - 
 _____ _____ ____ _____   ____ _____  _    ____ _____ _____ ____  
|_   _| ____/ ___|_   _| / ___|_   _|/ \  |  _ \_   _| ____|  _ \ 
  | | |  _| \___ \ | |   \___ \ | | / _ \ | |_) || | |  _| | | | |
  | | | |___ ___) || |    ___) || |/ ___ \|  _ < | | | |___| |_| |
  |_| |_____|____/ |_|   |____/ |_/_/   \_\_| \_\|_| |_____|____/ 
                                                                  

TEST STARTED: VIR-137.02 Verify that the customer can switch the view of products into grid, list
-------------------------------------------------------------------(cat-1---grid/list-view-toggle;vir-137.02-verify-that-the-customer-can-switch-the-view-of-products-into-grid,-list)
[main] INFO net.serenitybdd.core.Serenity - STARTING STEP Given open the site and login
[main] INFO net.serenitybdd.core.Serenity - STARTING STEP Open the site
[main] INFO net.serenitybdd.core.Serenity - STEP ERROR: net.serenitybdd.core.exceptions.SerenityManagedException: Could not initialize class com.virco.locators.SiteData
]]></system-err>
  </testcase>
  <testcase name="Scenario: VIR-137.02 Verify that the customer can switch the view of products into grid, list" classname="Scenario: VIR-137.02 Verify that the customer can switch the view of products into grid, list" time="0">
    <error message="Could not initialize class com.virco.locators.SiteData" type="net.serenitybdd.core.exceptions.SerenityManagedException"><![CDATA[net.serenitybdd.core.exceptions.SerenityManagedException: Could not initialize class com.virco.locators.SiteData
	at com.virco.steps.serenity.CommonUserSteps.openTheSite(CommonUserSteps.java:19)
	at com.virco.steps.serenity.CommonUserSteps$$EnhancerByCGLIB$$d8541bfa.CGLIB$openTheSite$6(<generated>)
	at com.virco.steps.serenity.CommonUserSteps$$EnhancerByCGLIB$$d8541bfa$$FastClassByCGLIB$$ea8e0f86.invoke(<generated>)
	at net.sf.cglib.proxy.MethodProxy.invokeSuper(MethodProxy.java:228)
	at net.thucydides.core.steps.StepInterceptor.invokeMethod(StepInterceptor.java:372)
	at net.thucydides.core.steps.StepInterceptor.executeTestStepMethod(StepInterceptor.java:357)
	at net.thucydides.core.steps.StepInterceptor.runTestStep(StepInterceptor.java:332)
	at net.thucydides.core.steps.StepInterceptor.testStepResult(StepInterceptor.java:134)
	at net.thucydides.core.steps.StepInterceptor.intercept(StepInterceptor.java:61)
	at com.virco.steps.serenity.CommonUserSteps$$EnhancerByCGLIB$$d8541bfa.openTheSite(<generated>)
	at com.virco.steps.CommonDefinitionSteps.openTheSiteAndLogin(CommonDefinitionSteps.java:72)
	at sun.reflect.GeneratedMethodAccessor143.invoke(Unknown Source)
	at sun.reflect.DelegatingMethodAccessorImpl.invoke(DelegatingMethodAccessorImpl.java:43)
	at java.lang.reflect.Method.invoke(Method.java:498)
	at cucumber.runtime.Utils$1.call(Utils.java:40)
	at cucumber.runtime.Timeout.timeout(Timeout.java:16)
	at cucumber.runtime.Utils.invoke(Utils.java:34)
	at cucumber.runtime.java.JavaStepDefinition.execute(JavaStepDefinition.java:38)
	at cucumber.runtime.StepDefinitionMatch.runStep(StepDefinitionMatch.java:37)
	at cucumber.runtime.Runtime.runStep(Runtime.java:300)
	at cucumber.runtime.model.StepContainer.runStep(StepContainer.java:44)
	at cucumber.runtime.model.StepContainer.runSteps(StepContainer.java:39)
	at cucumber.runtime.model.CucumberScenario.run(CucumberScenario.java:44)
	at cucumber.runtime.junit.ExecutionUnitRunner.run(ExecutionUnitRunner.java:102)
	at cucumber.runtime.junit.FeatureRunner.runChild(FeatureRunner.java:63)
	at cucumber.runtime.junit.FeatureRunner.runChild(FeatureRunner.java:18)
	at org.junit.runners.ParentRunner$3.run(ParentRunner.java:290)
	at org.junit.runners.ParentRunner$1.schedule(ParentRunner.java:71)
	at org.junit.runners.ParentRunner.runChildren(ParentRunner.java:288)
	at org.junit.runners.ParentRunner.access$000(ParentRunner.java:58)
	at org.junit.runners.ParentRunner$2.evaluate(ParentRunner.java:268)
	at org.junit.runners.ParentRunner.run(ParentRunner.java:363)
	at cucumber.runtime.junit.FeatureRunner.run(FeatureRunner.java:70)
	at cucumber.api.junit.Cucumber.runChild(Cucumber.java:95)
	at cucumber.api.junit.Cucumber.runChild(Cucumber.java:38)
	at org.junit.runners.ParentRunner$3.run(ParentRunner.java:290)
	at org.junit.runners.ParentRunner$1.schedule(ParentRunner.java:71)
	at org.junit.runners.ParentRunner.runChildren(ParentRunner.java:288)
	at org.junit.runners.ParentRunner.access$000(ParentRunner.java:58)
	at org.junit.runners.ParentRunner$2.evaluate(ParentRunner.java:268)
	at org.junit.runners.ParentRunner.run(ParentRunner.java:363)
	at cucumber.api.junit.Cucumber.run(Cucumber.java:100)
	at org.apache.maven.surefire.junit4.JUnit4Provider.execute(JUnit4Provider.java:283)
	at org.apache.maven.surefire.junit4.JUnit4Provider.executeWithRerun(JUnit4Provider.java:173)
	at org.apache.maven.surefire.junit4.JUnit4Provider.executeTestSet(JUnit4Provider.java:153)
	at org.apache.maven.surefire.junit4.JUnit4Provider.invoke(JUnit4Provider.java:128)
	at org.apache.maven.surefire.booter.ForkedBooter.invokeProviderInSameClassLoader(ForkedBooter.java:203)
	at org.apache.maven.surefire.booter.ForkedBooter.runSuitesInProcess(ForkedBooter.java:155)
	at org.apache.maven.surefire.booter.ForkedBooter.main(ForkedBooter.java:103)
]]></error>
  </testcase>
  <testcase name="When open any category" classname="Scenario: VIR-137.02 Verify that the customer can switch the view of products into grid, list" time="0">
    <skipped/>
    <system-err><![CDATA[[main] INFO net.serenitybdd.core.Serenity - STEP ERROR: java.lang.NoClassDefFoundError: Could not initialize class com.virco.locators.SiteData
[main] INFO net.serenitybdd.core.Serenity - STARTING STEP When open any category
]]></system-err>
  </testcase>
  <testcase name="When click on &quot;grid&quot; toggle button" classname="Scenario: VIR-137.02 Verify that the customer can switch the view of products into grid, list" time="0">
    <skipped/>
    <system-err><![CDATA[[main] INFO net.serenitybdd.core.Serenity - IGNORING STEP
[main] INFO net.serenitybdd.core.Serenity - STARTING STEP When click on "grid" toggle button
]]></system-err>
  </testcase>
  <testcase name="Then the page has &quot;grid&quot; view" classname="Scenario: VIR-137.02 Verify that the customer can switch the view of products into grid, list" time="0">
    <skipped/>
    <system-err><![CDATA[[main] INFO net.serenitybdd.core.Serenity - IGNORING STEP
[main] INFO net.serenitybdd.core.Serenity - STARTING STEP Then the page has "grid" view
]]></system-err>
  </testcase>
  <testcase name="When click on &quot;list&quot; toggle button" classname="Scenario: VIR-137.02 Verify that the customer can switch the view of products into grid, list" time="0">
    <skipped/>
    <system-err><![CDATA[[main] INFO net.serenitybdd.core.Serenity - IGNORING STEP
[main] INFO net.serenitybdd.core.Serenity - STARTING STEP When click on "list" toggle button
]]></system-err>
  </testcase>
  <testcase name="Then the page has &quot;list&quot; view" classname="Scenario: VIR-137.02 Verify that the customer can switch the view of products into grid, list" time="0">
    <skipped/>
    <system-err><![CDATA[[main] INFO net.serenitybdd.core.Serenity - IGNORING STEP
[main] INFO net.serenitybdd.core.Serenity - STARTING STEP Then the page has "list" view
]]></system-err>
  </testcase>
  <testcase name="Given open the site and login" classname="Scenario: VIR-790.01 Verify that the customer can switch the view of products into grid, list on search page" time="0">
    <error message="Could not initialize class com.virco.locators.SiteData" type="net.serenitybdd.core.exceptions.SerenityManagedException"><![CDATA[net.serenitybdd.core.exceptions.SerenityManagedException: Could not initialize class com.virco.locators.SiteData
	at com.virco.steps.serenity.CommonUserSteps.openTheSite(CommonUserSteps.java:19)
	at com.virco.steps.serenity.CommonUserSteps$$EnhancerByCGLIB$$d8541bfa.CGLIB$openTheSite$6(<generated>)
	at com.virco.steps.serenity.CommonUserSteps$$EnhancerByCGLIB$$d8541bfa$$FastClassByCGLIB$$ea8e0f86.invoke(<generated>)
	at net.sf.cglib.proxy.MethodProxy.invokeSuper(MethodProxy.java:228)
	at net.thucydides.core.steps.StepInterceptor.invokeMethod(StepInterceptor.java:372)
	at net.thucydides.core.steps.StepInterceptor.executeTestStepMethod(StepInterceptor.java:357)
	at net.thucydides.core.steps.StepInterceptor.runTestStep(StepInterceptor.java:332)
	at net.thucydides.core.steps.StepInterceptor.testStepResult(StepInterceptor.java:134)
	at net.thucydides.core.steps.StepInterceptor.intercept(StepInterceptor.java:61)
	at com.virco.steps.serenity.CommonUserSteps$$EnhancerByCGLIB$$d8541bfa.openTheSite(<generated>)
	at com.virco.steps.CommonDefinitionSteps.openTheSiteAndLogin(CommonDefinitionSteps.java:72)
	at sun.reflect.GeneratedMethodAccessor143.invoke(Unknown Source)
	at sun.reflect.DelegatingMethodAccessorImpl.invoke(DelegatingMethodAccessorImpl.java:43)
	at java.lang.reflect.Method.invoke(Method.java:498)
	at cucumber.runtime.Utils$1.call(Utils.java:40)
	at cucumber.runtime.Timeout.timeout(Timeout.java:16)
	at cucumber.runtime.Utils.invoke(Utils.java:34)
	at cucumber.runtime.java.JavaStepDefinition.execute(JavaStepDefinition.java:38)
	at cucumber.runtime.StepDefinitionMatch.runStep(StepDefinitionMatch.java:37)
	at cucumber.runtime.Runtime.runStep(Runtime.java:300)
	at cucumber.runtime.model.StepContainer.runStep(StepContainer.java:44)
	at cucumber.runtime.model.StepContainer.runSteps(StepContainer.java:39)
	at cucumber.runtime.model.CucumberScenario.run(CucumberScenario.java:44)
	at cucumber.runtime.junit.ExecutionUnitRunner.run(ExecutionUnitRunner.java:102)
	at cucumber.runtime.junit.FeatureRunner.runChild(FeatureRunner.java:63)
	at cucumber.runtime.junit.FeatureRunner.runChild(FeatureRunner.java:18)
	at org.junit.runners.ParentRunner$3.run(ParentRunner.java:290)
	at org.junit.runners.ParentRunner$1.schedule(ParentRunner.java:71)
	at org.junit.runners.ParentRunner.runChildren(ParentRunner.java:288)
	at org.junit.runners.ParentRunner.access$000(ParentRunner.java:58)
	at org.junit.runners.ParentRunner$2.evaluate(ParentRunner.java:268)
	at org.junit.runners.ParentRunner.run(ParentRunner.java:363)
	at cucumber.runtime.junit.FeatureRunner.run(FeatureRunner.java:70)
	at cucumber.api.junit.Cucumber.runChild(Cucumber.java:95)
	at cucumber.api.junit.Cucumber.runChild(Cucumber.java:38)
	at org.junit.runners.ParentRunner$3.run(ParentRunner.java:290)
	at org.junit.runners.ParentRunner$1.schedule(ParentRunner.java:71)
	at org.junit.runners.ParentRunner.runChildren(ParentRunner.java:288)
	at org.junit.runners.ParentRunner.access$000(ParentRunner.java:58)
	at org.junit.runners.ParentRunner$2.evaluate(ParentRunner.java:268)
	at org.junit.runners.ParentRunner.run(ParentRunner.java:363)
	at cucumber.api.junit.Cucumber.run(Cucumber.java:100)
	at org.apache.maven.surefire.junit4.JUnit4Provider.execute(JUnit4Provider.java:283)
	at org.apache.maven.surefire.junit4.JUnit4Provider.executeWithRerun(JUnit4Provider.java:173)
	at org.apache.maven.surefire.junit4.JUnit4Provider.executeTestSet(JUnit4Provider.java:153)
	at org.apache.maven.surefire.junit4.JUnit4Provider.invoke(JUnit4Provider.java:128)
	at org.apache.maven.surefire.booter.ForkedBooter.invokeProviderInSameClassLoader(ForkedBooter.java:203)
	at org.apache.maven.surefire.booter.ForkedBooter.runSuitesInProcess(ForkedBooter.java:155)
	at org.apache.maven.surefire.booter.ForkedBooter.main(ForkedBooter.java:103)
]]></error>
    <system-err><![CDATA[[main] INFO net.serenitybdd.core.Serenity - IGNORING STEP
[main] ERROR net.serenitybdd.core.Serenity - 
           __  _____ _____ ____ _____   _____ _    ___ _     _____ ____  
  _       / / |_   _| ____/ ___|_   _| |  ___/ \  |_ _| |   | ____|  _ \ 
 (_)_____| |    | | |  _| \___ \ | |   | |_ / _ \  | || |   |  _| | | | |
  _|_____| |    | | | |___ ___) || |   |  _/ ___ \ | || |___| |___| |_| |
 (_)     | |    |_| |_____|____/ |_|   |_|/_/   \_\___|_____|_____|____/ 
          \_\                                                            

TEST FAILED WITH ERROR: VIR-137.02 Verify that the customer can switch the view of products into grid, list
---------------------------------------------------------------------
[main] ERROR net.serenitybdd.core.Serenity - TEST FAILED AT STEP Open the site
[main] ERROR net.serenitybdd.core.Serenity - Could not initialize class com.virco.locators.SiteData
[pool-1-thread-3] INFO net.thucydides.core.reports.json.JSONTestOutcomeReporter - Generating JSON report for VIR-137.01 Verify that the toggle button is shown above the products to file /Users/rodionsavchuk/hybrisAutomation/virco-automatedtests/target/site/serenity/ed05f0ebcdeb7ab8ce4053f5e77c2e104b16083b38ff0389ff4683e6797df73a.json (using temp file /Users/rodionsavchuk/hybrisAutomation/virco-automatedtests/target/site/serenity/ed05f0ebcdeb7ab8ce4053f5e77c2e104b16083b38ff0389ff4683e6797df73a.jsone129515a-614d-467c-a10c-ffda9091c5ed)
[pool-1-thread-2] INFO net.thucydides.core.reports.json.JSONTestOutcomeReporter - Generating JSON report for VIR-137.02 Verify that the customer can switch the view of products into grid, list to file /Users/rodionsavchuk/hybrisAutomation/virco-automatedtests/target/site/serenity/cdb7752ae4e635597dc73730ce49dc450174bfbf736b9ef32175a8b54c56e86c.json (using temp file /Users/rodionsavchuk/hybrisAutomation/virco-automatedtests/target/site/serenity/cdb7752ae4e635597dc73730ce49dc450174bfbf736b9ef32175a8b54c56e86c.jsonb5f98b35-05d6-4953-84a4-f700fc8855f5)
[pool-1-thread-1] INFO net.thucydides.core.reports.html.HtmlAcceptanceTestReporter - GENERATING HTML REPORT FOR CAT-1 - Grid/List View Toggle:VIR-137.01 Verify that the toggle button is shown above the products in ed05f0ebcdeb7ab8ce4053f5e77c2e104b16083b38ff0389ff4683e6797df73a.html in directory target/site/serenity  
[pool-1-thread-4] INFO net.thucydides.core.reports.html.HtmlAcceptanceTestReporter - GENERATING HTML REPORT FOR CAT-1 - Grid/List View Toggle:VIR-137.02 Verify that the customer can switch the view of products into grid, list in cdb7752ae4e635597dc73730ce49dc450174bfbf736b9ef32175a8b54c56e86c.html in directory target/site/serenity  
[main] INFO net.serenitybdd.core.Serenity - 
 _____ _____ ____ _____   ____ _____  _    ____ _____ _____ ____  
|_   _| ____/ ___|_   _| / ___|_   _|/ \  |  _ \_   _| ____|  _ \ 
  | | |  _| \___ \ | |   \___ \ | | / _ \ | |_) || | |  _| | | | |
  | | | |___ ___) || |    ___) || |/ ___ \|  _ < | | | |___| |_| |
  |_| |_____|____/ |_|   |____/ |_/_/   \_\_| \_\|_| |_____|____/ 
                                                                  

TEST STARTED: VIR-790.01 Verify that the customer can switch the view of products into grid, list on search page
-------------------------------------------------------------------(cat-1---grid/list-view-toggle;vir-790.01-verify-that-the-customer-can-switch-the-view-of-products-into-grid,-list-on-search-page)
[main] INFO net.serenitybdd.core.Serenity - STARTING STEP Given open the site and login
[main] INFO net.serenitybdd.core.Serenity - STARTING STEP Open the site
[main] INFO net.serenitybdd.core.Serenity - STEP ERROR: net.serenitybdd.core.exceptions.SerenityManagedException: Could not initialize class com.virco.locators.SiteData
]]></system-err>
  </testcase>
  <testcase name="Scenario: VIR-790.01 Verify that the customer can switch the view of products into grid, list on search page" classname="Scenario: VIR-790.01 Verify that the customer can switch the view of products into grid, list on search page" time="0">
    <error message="Could not initialize class com.virco.locators.SiteData" type="net.serenitybdd.core.exceptions.SerenityManagedException"><![CDATA[net.serenitybdd.core.exceptions.SerenityManagedException: Could not initialize class com.virco.locators.SiteData
	at com.virco.steps.serenity.CommonUserSteps.openTheSite(CommonUserSteps.java:19)
	at com.virco.steps.serenity.CommonUserSteps$$EnhancerByCGLIB$$d8541bfa.CGLIB$openTheSite$6(<generated>)
	at com.virco.steps.serenity.CommonUserSteps$$EnhancerByCGLIB$$d8541bfa$$FastClassByCGLIB$$ea8e0f86.invoke(<generated>)
	at net.sf.cglib.proxy.MethodProxy.invokeSuper(MethodProxy.java:228)
	at net.thucydides.core.steps.StepInterceptor.invokeMethod(StepInterceptor.java:372)
	at net.thucydides.core.steps.StepInterceptor.executeTestStepMethod(StepInterceptor.java:357)
	at net.thucydides.core.steps.StepInterceptor.runTestStep(StepInterceptor.java:332)
	at net.thucydides.core.steps.StepInterceptor.testStepResult(StepInterceptor.java:134)
	at net.thucydides.core.steps.StepInterceptor.intercept(StepInterceptor.java:61)
	at com.virco.steps.serenity.CommonUserSteps$$EnhancerByCGLIB$$d8541bfa.openTheSite(<generated>)
	at com.virco.steps.CommonDefinitionSteps.openTheSiteAndLogin(CommonDefinitionSteps.java:72)
	at sun.reflect.GeneratedMethodAccessor143.invoke(Unknown Source)
	at sun.reflect.DelegatingMethodAccessorImpl.invoke(DelegatingMethodAccessorImpl.java:43)
	at java.lang.reflect.Method.invoke(Method.java:498)
	at cucumber.runtime.Utils$1.call(Utils.java:40)
	at cucumber.runtime.Timeout.timeout(Timeout.java:16)
	at cucumber.runtime.Utils.invoke(Utils.java:34)
	at cucumber.runtime.java.JavaStepDefinition.execute(JavaStepDefinition.java:38)
	at cucumber.runtime.StepDefinitionMatch.runStep(StepDefinitionMatch.java:37)
	at cucumber.runtime.Runtime.runStep(Runtime.java:300)
	at cucumber.runtime.model.StepContainer.runStep(StepContainer.java:44)
	at cucumber.runtime.model.StepContainer.runSteps(StepContainer.java:39)
	at cucumber.runtime.model.CucumberScenario.run(CucumberScenario.java:44)
	at cucumber.runtime.junit.ExecutionUnitRunner.run(ExecutionUnitRunner.java:102)
	at cucumber.runtime.junit.FeatureRunner.runChild(FeatureRunner.java:63)
	at cucumber.runtime.junit.FeatureRunner.runChild(FeatureRunner.java:18)
	at org.junit.runners.ParentRunner$3.run(ParentRunner.java:290)
	at org.junit.runners.ParentRunner$1.schedule(ParentRunner.java:71)
	at org.junit.runners.ParentRunner.runChildren(ParentRunner.java:288)
	at org.junit.runners.ParentRunner.access$000(ParentRunner.java:58)
	at org.junit.runners.ParentRunner$2.evaluate(ParentRunner.java:268)
	at org.junit.runners.ParentRunner.run(ParentRunner.java:363)
	at cucumber.runtime.junit.FeatureRunner.run(FeatureRunner.java:70)
	at cucumber.api.junit.Cucumber.runChild(Cucumber.java:95)
	at cucumber.api.junit.Cucumber.runChild(Cucumber.java:38)
	at org.junit.runners.ParentRunner$3.run(ParentRunner.java:290)
	at org.junit.runners.ParentRunner$1.schedule(ParentRunner.java:71)
	at org.junit.runners.ParentRunner.runChildren(ParentRunner.java:288)
	at org.junit.runners.ParentRunner.access$000(ParentRunner.java:58)
	at org.junit.runners.ParentRunner$2.evaluate(ParentRunner.java:268)
	at org.junit.runners.ParentRunner.run(ParentRunner.java:363)
	at cucumber.api.junit.Cucumber.run(Cucumber.java:100)
	at org.apache.maven.surefire.junit4.JUnit4Provider.execute(JUnit4Provider.java:283)
	at org.apache.maven.surefire.junit4.JUnit4Provider.executeWithRerun(JUnit4Provider.java:173)
	at org.apache.maven.surefire.junit4.JUnit4Provider.executeTestSet(JUnit4Provider.java:153)
	at org.apache.maven.surefire.junit4.JUnit4Provider.invoke(JUnit4Provider.java:128)
	at org.apache.maven.surefire.booter.ForkedBooter.invokeProviderInSameClassLoader(ForkedBooter.java:203)
	at org.apache.maven.surefire.booter.ForkedBooter.runSuitesInProcess(ForkedBooter.java:155)
	at org.apache.maven.surefire.booter.ForkedBooter.main(ForkedBooter.java:103)
]]></error>
  </testcase>
  <testcase name="When search for &quot;table&quot;" classname="Scenario: VIR-790.01 Verify that the customer can switch the view of products into grid, list on search page" time="0">
    <skipped/>
    <system-err><![CDATA[[main] INFO net.serenitybdd.core.Serenity - STEP ERROR: java.lang.NoClassDefFoundError: Could not initialize class com.virco.locators.SiteData
[main] INFO net.serenitybdd.core.Serenity - STARTING STEP When search for "table"
]]></system-err>
  </testcase>
  <testcase name="When click on &quot;grid&quot; toggle button" classname="Scenario: VIR-790.01 Verify that the customer can switch the view of products into grid, list on search page" time="0">
    <skipped/>
    <system-err><![CDATA[[main] INFO net.serenitybdd.core.Serenity - IGNORING STEP
[main] INFO net.serenitybdd.core.Serenity - STARTING STEP When click on "grid" toggle button
]]></system-err>
  </testcase>
  <testcase name="Then the page has &quot;grid&quot; view" classname="Scenario: VIR-790.01 Verify that the customer can switch the view of products into grid, list on search page" time="0">
    <skipped/>
    <system-err><![CDATA[[main] INFO net.serenitybdd.core.Serenity - IGNORING STEP
[main] INFO net.serenitybdd.core.Serenity - STARTING STEP Then the page has "grid" view
]]></system-err>
  </testcase>
  <testcase name="When click on &quot;list&quot; toggle button" classname="Scenario: VIR-790.01 Verify that the customer can switch the view of products into grid, list on search page" time="0">
    <skipped/>
    <system-err><![CDATA[[main] INFO net.serenitybdd.core.Serenity - IGNORING STEP
[main] INFO net.serenitybdd.core.Serenity - STARTING STEP When click on "list" toggle button
]]></system-err>
  </testcase>
  <testcase name="Then the page has &quot;list&quot; view" classname="Scenario: VIR-790.01 Verify that the customer can switch the view of products into grid, list on search page" time="0">
    <skipped/>
    <system-err><![CDATA[[main] INFO net.serenitybdd.core.Serenity - IGNORING STEP
[main] INFO net.serenitybdd.core.Serenity - STARTING STEP Then the page has "list" view
]]></system-err>
  </testcase>
  <testcase name="Given open the site and login" classname="Scenario: VIR-137.03 Verify that in the grid view the following product info is shown" time="0">
    <error message="Could not initialize class com.virco.locators.SiteData" type="net.serenitybdd.core.exceptions.SerenityManagedException"><![CDATA[net.serenitybdd.core.exceptions.SerenityManagedException: Could not initialize class com.virco.locators.SiteData
	at com.virco.steps.serenity.CommonUserSteps.openTheSite(CommonUserSteps.java:19)
	at com.virco.steps.serenity.CommonUserSteps$$EnhancerByCGLIB$$d8541bfa.CGLIB$openTheSite$6(<generated>)
	at com.virco.steps.serenity.CommonUserSteps$$EnhancerByCGLIB$$d8541bfa$$FastClassByCGLIB$$ea8e0f86.invoke(<generated>)
	at net.sf.cglib.proxy.MethodProxy.invokeSuper(MethodProxy.java:228)
	at net.thucydides.core.steps.StepInterceptor.invokeMethod(StepInterceptor.java:372)
	at net.thucydides.core.steps.StepInterceptor.executeTestStepMethod(StepInterceptor.java:357)
	at net.thucydides.core.steps.StepInterceptor.runTestStep(StepInterceptor.java:332)
	at net.thucydides.core.steps.StepInterceptor.testStepResult(StepInterceptor.java:134)
	at net.thucydides.core.steps.StepInterceptor.intercept(StepInterceptor.java:61)
	at com.virco.steps.serenity.CommonUserSteps$$EnhancerByCGLIB$$d8541bfa.openTheSite(<generated>)
	at com.virco.steps.CommonDefinitionSteps.openTheSiteAndLogin(CommonDefinitionSteps.java:72)
	at sun.reflect.GeneratedMethodAccessor143.invoke(Unknown Source)
	at sun.reflect.DelegatingMethodAccessorImpl.invoke(DelegatingMethodAccessorImpl.java:43)
	at java.lang.reflect.Method.invoke(Method.java:498)
	at cucumber.runtime.Utils$1.call(Utils.java:40)
	at cucumber.runtime.Timeout.timeout(Timeout.java:16)
	at cucumber.runtime.Utils.invoke(Utils.java:34)
	at cucumber.runtime.java.JavaStepDefinition.execute(JavaStepDefinition.java:38)
	at cucumber.runtime.StepDefinitionMatch.runStep(StepDefinitionMatch.java:37)
	at cucumber.runtime.Runtime.runStep(Runtime.java:300)
	at cucumber.runtime.model.StepContainer.runStep(StepContainer.java:44)
	at cucumber.runtime.model.StepContainer.runSteps(StepContainer.java:39)
	at cucumber.runtime.model.CucumberScenario.run(CucumberScenario.java:44)
	at cucumber.runtime.junit.ExecutionUnitRunner.run(ExecutionUnitRunner.java:102)
	at cucumber.runtime.junit.FeatureRunner.runChild(FeatureRunner.java:63)
	at cucumber.runtime.junit.FeatureRunner.runChild(FeatureRunner.java:18)
	at org.junit.runners.ParentRunner$3.run(ParentRunner.java:290)
	at org.junit.runners.ParentRunner$1.schedule(ParentRunner.java:71)
	at org.junit.runners.ParentRunner.runChildren(ParentRunner.java:288)
	at org.junit.runners.ParentRunner.access$000(ParentRunner.java:58)
	at org.junit.runners.ParentRunner$2.evaluate(ParentRunner.java:268)
	at org.junit.runners.ParentRunner.run(ParentRunner.java:363)
	at cucumber.runtime.junit.FeatureRunner.run(FeatureRunner.java:70)
	at cucumber.api.junit.Cucumber.runChild(Cucumber.java:95)
	at cucumber.api.junit.Cucumber.runChild(Cucumber.java:38)
	at org.junit.runners.ParentRunner$3.run(ParentRunner.java:290)
	at org.junit.runners.ParentRunner$1.schedule(ParentRunner.java:71)
	at org.junit.runners.ParentRunner.runChildren(ParentRunner.java:288)
	at org.junit.runners.ParentRunner.access$000(ParentRunner.java:58)
	at org.junit.runners.ParentRunner$2.evaluate(ParentRunner.java:268)
	at org.junit.runners.ParentRunner.run(ParentRunner.java:363)
	at cucumber.api.junit.Cucumber.run(Cucumber.java:100)
	at org.apache.maven.surefire.junit4.JUnit4Provider.execute(JUnit4Provider.java:283)
	at org.apache.maven.surefire.junit4.JUnit4Provider.executeWithRerun(JUnit4Provider.java:173)
	at org.apache.maven.surefire.junit4.JUnit4Provider.executeTestSet(JUnit4Provider.java:153)
	at org.apache.maven.surefire.junit4.JUnit4Provider.invoke(JUnit4Provider.java:128)
	at org.apache.maven.surefire.booter.ForkedBooter.invokeProviderInSameClassLoader(ForkedBooter.java:203)
	at org.apache.maven.surefire.booter.ForkedBooter.runSuitesInProcess(ForkedBooter.java:155)
	at org.apache.maven.surefire.booter.ForkedBooter.main(ForkedBooter.java:103)
]]></error>
    <system-err><![CDATA[[main] INFO net.serenitybdd.core.Serenity - IGNORING STEP
[main] ERROR net.serenitybdd.core.Serenity - 
           __  _____ _____ ____ _____   _____ _    ___ _     _____ ____  
  _       / / |_   _| ____/ ___|_   _| |  ___/ \  |_ _| |   | ____|  _ \ 
 (_)_____| |    | | |  _| \___ \ | |   | |_ / _ \  | || |   |  _| | | | |
  _|_____| |    | | | |___ ___) || |   |  _/ ___ \ | || |___| |___| |_| |
 (_)     | |    |_| |_____|____/ |_|   |_|/_/   \_\___|_____|_____|____/ 
          \_\                                                            

TEST FAILED WITH ERROR: VIR-790.01 Verify that the customer can switch the view of products into grid, list on search page
---------------------------------------------------------------------
[main] ERROR net.serenitybdd.core.Serenity - TEST FAILED AT STEP Open the site
[main] ERROR net.serenitybdd.core.Serenity - Could not initialize class com.virco.locators.SiteData
[pool-1-thread-3] INFO net.thucydides.core.reports.json.JSONTestOutcomeReporter - Generating JSON report for VIR-137.01 Verify that the toggle button is shown above the products to file /Users/rodionsavchuk/hybrisAutomation/virco-automatedtests/target/site/serenity/ed05f0ebcdeb7ab8ce4053f5e77c2e104b16083b38ff0389ff4683e6797df73a.json (using temp file /Users/rodionsavchuk/hybrisAutomation/virco-automatedtests/target/site/serenity/ed05f0ebcdeb7ab8ce4053f5e77c2e104b16083b38ff0389ff4683e6797df73a.jsonfc66677c-fed8-4f4e-b3f1-c0fd47ba181c)
[pool-1-thread-2] INFO net.thucydides.core.reports.json.JSONTestOutcomeReporter - Generating JSON report for VIR-137.02 Verify that the customer can switch the view of products into grid, list to file /Users/rodionsavchuk/hybrisAutomation/virco-automatedtests/target/site/serenity/cdb7752ae4e635597dc73730ce49dc450174bfbf736b9ef32175a8b54c56e86c.json (using temp file /Users/rodionsavchuk/hybrisAutomation/virco-automatedtests/target/site/serenity/cdb7752ae4e635597dc73730ce49dc450174bfbf736b9ef32175a8b54c56e86c.jsonc7884303-95a3-46e8-9172-d4d5bf96b1a9)
[pool-1-thread-1] INFO net.thucydides.core.reports.json.JSONTestOutcomeReporter - Generating JSON report for VIR-790.01 Verify that the customer can switch the view of products into grid, list on search page to file /Users/rodionsavchuk/hybrisAutomation/virco-automatedtests/target/site/serenity/79c89f5c9fd1ad2a8c101b5f0410c8b569b0435ef40abf20f63e096a8d5de34e.json (using temp file /Users/rodionsavchuk/hybrisAutomation/virco-automatedtests/target/site/serenity/79c89f5c9fd1ad2a8c101b5f0410c8b569b0435ef40abf20f63e096a8d5de34e.json69e20019-2705-425c-baee-c2a15d9e0d39)
[pool-1-thread-4] INFO net.thucydides.core.reports.html.HtmlAcceptanceTestReporter - GENERATING HTML REPORT FOR CAT-1 - Grid/List View Toggle:VIR-137.01 Verify that the toggle button is shown above the products in ed05f0ebcdeb7ab8ce4053f5e77c2e104b16083b38ff0389ff4683e6797df73a.html in directory target/site/serenity  
[pool-1-thread-3] INFO net.thucydides.core.reports.html.HtmlAcceptanceTestReporter - GENERATING HTML REPORT FOR CAT-1 - Grid/List View Toggle:VIR-790.01 Verify that the customer can switch the view of products into grid, list on search page in 79c89f5c9fd1ad2a8c101b5f0410c8b569b0435ef40abf20f63e096a8d5de34e.html in directory target/site/serenity  
[pool-1-thread-2] INFO net.thucydides.core.reports.html.HtmlAcceptanceTestReporter - GENERATING HTML REPORT FOR CAT-1 - Grid/List View Toggle:VIR-137.02 Verify that the customer can switch the view of products into grid, list in cdb7752ae4e635597dc73730ce49dc450174bfbf736b9ef32175a8b54c56e86c.html in directory target/site/serenity  
[main] INFO net.serenitybdd.core.Serenity - 
 _____ _____ ____ _____   ____ _____  _    ____ _____ _____ ____  
|_   _| ____/ ___|_   _| / ___|_   _|/ \  |  _ \_   _| ____|  _ \ 
  | | |  _| \___ \ | |   \___ \ | | / _ \ | |_) || | |  _| | | | |
  | | | |___ ___) || |    ___) || |/ ___ \|  _ < | | | |___| |_| |
  |_| |_____|____/ |_|   |____/ |_/_/   \_\_| \_\|_| |_____|____/ 
                                                                  

TEST STARTED: VIR-137.03 Verify that in the grid view the following product info is shown
-------------------------------------------------------------------(cat-1---grid/list-view-toggle;vir-137.03-verify-that-in-the-grid-view-the-following-product-info-is-shown)
[main] INFO net.serenitybdd.core.Serenity - STARTING STEP Given open the site and login
[main] INFO net.serenitybdd.core.Serenity - STARTING STEP Open the site
[main] INFO net.serenitybdd.core.Serenity - STEP ERROR: net.serenitybdd.core.exceptions.SerenityManagedException: Could not initialize class com.virco.locators.SiteData
]]></system-err>
  </testcase>
  <testcase name="Scenario: VIR-137.03 Verify that in the grid view the following product info is shown" classname="Scenario: VIR-137.03 Verify that in the grid view the following product info is shown" time="0">
    <error message="Could not initialize class com.virco.locators.SiteData" type="net.serenitybdd.core.exceptions.SerenityManagedException"><![CDATA[net.serenitybdd.core.exceptions.SerenityManagedException: Could not initialize class com.virco.locators.SiteData
	at com.virco.steps.serenity.CommonUserSteps.openTheSite(CommonUserSteps.java:19)
	at com.virco.steps.serenity.CommonUserSteps$$EnhancerByCGLIB$$d8541bfa.CGLIB$openTheSite$6(<generated>)
	at com.virco.steps.serenity.CommonUserSteps$$EnhancerByCGLIB$$d8541bfa$$FastClassByCGLIB$$ea8e0f86.invoke(<generated>)
	at net.sf.cglib.proxy.MethodProxy.invokeSuper(MethodProxy.java:228)
	at net.thucydides.core.steps.StepInterceptor.invokeMethod(StepInterceptor.java:372)
	at net.thucydides.core.steps.StepInterceptor.executeTestStepMethod(StepInterceptor.java:357)
	at net.thucydides.core.steps.StepInterceptor.runTestStep(StepInterceptor.java:332)
	at net.thucydides.core.steps.StepInterceptor.testStepResult(StepInterceptor.java:134)
	at net.thucydides.core.steps.StepInterceptor.intercept(StepInterceptor.java:61)
	at com.virco.steps.serenity.CommonUserSteps$$EnhancerByCGLIB$$d8541bfa.openTheSite(<generated>)
	at com.virco.steps.CommonDefinitionSteps.openTheSiteAndLogin(CommonDefinitionSteps.java:72)
	at sun.reflect.GeneratedMethodAccessor143.invoke(Unknown Source)
	at sun.reflect.DelegatingMethodAccessorImpl.invoke(DelegatingMethodAccessorImpl.java:43)
	at java.lang.reflect.Method.invoke(Method.java:498)
	at cucumber.runtime.Utils$1.call(Utils.java:40)
	at cucumber.runtime.Timeout.timeout(Timeout.java:16)
	at cucumber.runtime.Utils.invoke(Utils.java:34)
	at cucumber.runtime.java.JavaStepDefinition.execute(JavaStepDefinition.java:38)
	at cucumber.runtime.StepDefinitionMatch.runStep(StepDefinitionMatch.java:37)
	at cucumber.runtime.Runtime.runStep(Runtime.java:300)
	at cucumber.runtime.model.StepContainer.runStep(StepContainer.java:44)
	at cucumber.runtime.model.StepContainer.runSteps(StepContainer.java:39)
	at cucumber.runtime.model.CucumberScenario.run(CucumberScenario.java:44)
	at cucumber.runtime.junit.ExecutionUnitRunner.run(ExecutionUnitRunner.java:102)
	at cucumber.runtime.junit.FeatureRunner.runChild(FeatureRunner.java:63)
	at cucumber.runtime.junit.FeatureRunner.runChild(FeatureRunner.java:18)
	at org.junit.runners.ParentRunner$3.run(ParentRunner.java:290)
	at org.junit.runners.ParentRunner$1.schedule(ParentRunner.java:71)
	at org.junit.runners.ParentRunner.runChildren(ParentRunner.java:288)
	at org.junit.runners.ParentRunner.access$000(ParentRunner.java:58)
	at org.junit.runners.ParentRunner$2.evaluate(ParentRunner.java:268)
	at org.junit.runners.ParentRunner.run(ParentRunner.java:363)
	at cucumber.runtime.junit.FeatureRunner.run(FeatureRunner.java:70)
	at cucumber.api.junit.Cucumber.runChild(Cucumber.java:95)
	at cucumber.api.junit.Cucumber.runChild(Cucumber.java:38)
	at org.junit.runners.ParentRunner$3.run(ParentRunner.java:290)
	at org.junit.runners.ParentRunner$1.schedule(ParentRunner.java:71)
	at org.junit.runners.ParentRunner.runChildren(ParentRunner.java:288)
	at org.junit.runners.ParentRunner.access$000(ParentRunner.java:58)
	at org.junit.runners.ParentRunner$2.evaluate(ParentRunner.java:268)
	at org.junit.runners.ParentRunner.run(ParentRunner.java:363)
	at cucumber.api.junit.Cucumber.run(Cucumber.java:100)
	at org.apache.maven.surefire.junit4.JUnit4Provider.execute(JUnit4Provider.java:283)
	at org.apache.maven.surefire.junit4.JUnit4Provider.executeWithRerun(JUnit4Provider.java:173)
	at org.apache.maven.surefire.junit4.JUnit4Provider.executeTestSet(JUnit4Provider.java:153)
	at org.apache.maven.surefire.junit4.JUnit4Provider.invoke(JUnit4Provider.java:128)
	at org.apache.maven.surefire.booter.ForkedBooter.invokeProviderInSameClassLoader(ForkedBooter.java:203)
	at org.apache.maven.surefire.booter.ForkedBooter.runSuitesInProcess(ForkedBooter.java:155)
	at org.apache.maven.surefire.booter.ForkedBooter.main(ForkedBooter.java:103)
]]></error>
  </testcase>
  <testcase name="When open any category" classname="Scenario: VIR-137.03 Verify that in the grid view the following product info is shown" time="0">
    <skipped/>
    <system-err><![CDATA[[main] INFO net.serenitybdd.core.Serenity - STEP ERROR: java.lang.NoClassDefFoundError: Could not initialize class com.virco.locators.SiteData
[main] INFO net.serenitybdd.core.Serenity - STARTING STEP When open any category
]]></system-err>
  </testcase>
  <testcase name="When click on &quot;grid&quot; toggle button" classname="Scenario: VIR-137.03 Verify that in the grid view the following product info is shown" time="0">
    <skipped/>
    <system-err><![CDATA[[main] INFO net.serenitybdd.core.Serenity - IGNORING STEP
[main] INFO net.serenitybdd.core.Serenity - STARTING STEP When click on "grid" toggle button
]]></system-err>
  </testcase>
  <testcase name="Then the &quot;1&quot; product has &quot;price&quot;" classname="Scenario: VIR-137.03 Verify that in the grid view the following product info is shown" time="0">
    <skipped/>
    <system-err><![CDATA[[main] INFO net.serenitybdd.core.Serenity - IGNORING STEP
[main] INFO net.serenitybdd.core.Serenity - STARTING STEP Then the "1" product has "price"
]]></system-err>
  </testcase>
  <testcase name="Then the &quot;1&quot; product has &quot;name&quot;" classname="Scenario: VIR-137.03 Verify that in the grid view the following product info is shown" time="0">
    <skipped/>
    <system-err><![CDATA[[main] INFO net.serenitybdd.core.Serenity - IGNORING STEP
[main] INFO net.serenitybdd.core.Serenity - STARTING STEP Then the "1" product has "name"
]]></system-err>
  </testcase>
  <testcase name="Given open the site and login" classname="Scenario: VIR-137.04 Verify that in the List view the following info is shown" time="0">
    <error message="Could not initialize class com.virco.locators.SiteData" type="net.serenitybdd.core.exceptions.SerenityManagedException"><![CDATA[net.serenitybdd.core.exceptions.SerenityManagedException: Could not initialize class com.virco.locators.SiteData
	at com.virco.steps.serenity.CommonUserSteps.openTheSite(CommonUserSteps.java:19)
	at com.virco.steps.serenity.CommonUserSteps$$EnhancerByCGLIB$$d8541bfa.CGLIB$openTheSite$6(<generated>)
	at com.virco.steps.serenity.CommonUserSteps$$EnhancerByCGLIB$$d8541bfa$$FastClassByCGLIB$$ea8e0f86.invoke(<generated>)
	at net.sf.cglib.proxy.MethodProxy.invokeSuper(MethodProxy.java:228)
	at net.thucydides.core.steps.StepInterceptor.invokeMethod(StepInterceptor.java:372)
	at net.thucydides.core.steps.StepInterceptor.executeTestStepMethod(StepInterceptor.java:357)
	at net.thucydides.core.steps.StepInterceptor.runTestStep(StepInterceptor.java:332)
	at net.thucydides.core.steps.StepInterceptor.testStepResult(StepInterceptor.java:134)
	at net.thucydides.core.steps.StepInterceptor.intercept(StepInterceptor.java:61)
	at com.virco.steps.serenity.CommonUserSteps$$EnhancerByCGLIB$$d8541bfa.openTheSite(<generated>)
	at com.virco.steps.CommonDefinitionSteps.openTheSiteAndLogin(CommonDefinitionSteps.java:72)
	at sun.reflect.GeneratedMethodAccessor143.invoke(Unknown Source)
	at sun.reflect.DelegatingMethodAccessorImpl.invoke(DelegatingMethodAccessorImpl.java:43)
	at java.lang.reflect.Method.invoke(Method.java:498)
	at cucumber.runtime.Utils$1.call(Utils.java:40)
	at cucumber.runtime.Timeout.timeout(Timeout.java:16)
	at cucumber.runtime.Utils.invoke(Utils.java:34)
	at cucumber.runtime.java.JavaStepDefinition.execute(JavaStepDefinition.java:38)
	at cucumber.runtime.StepDefinitionMatch.runStep(StepDefinitionMatch.java:37)
	at cucumber.runtime.Runtime.runStep(Runtime.java:300)
	at cucumber.runtime.model.StepContainer.runStep(StepContainer.java:44)
	at cucumber.runtime.model.StepContainer.runSteps(StepContainer.java:39)
	at cucumber.runtime.model.CucumberScenario.run(CucumberScenario.java:44)
	at cucumber.runtime.junit.ExecutionUnitRunner.run(ExecutionUnitRunner.java:102)
	at cucumber.runtime.junit.FeatureRunner.runChild(FeatureRunner.java:63)
	at cucumber.runtime.junit.FeatureRunner.runChild(FeatureRunner.java:18)
	at org.junit.runners.ParentRunner$3.run(ParentRunner.java:290)
	at org.junit.runners.ParentRunner$1.schedule(ParentRunner.java:71)
	at org.junit.runners.ParentRunner.runChildren(ParentRunner.java:288)
	at org.junit.runners.ParentRunner.access$000(ParentRunner.java:58)
	at org.junit.runners.ParentRunner$2.evaluate(ParentRunner.java:268)
	at org.junit.runners.ParentRunner.run(ParentRunner.java:363)
	at cucumber.runtime.junit.FeatureRunner.run(FeatureRunner.java:70)
	at cucumber.api.junit.Cucumber.runChild(Cucumber.java:95)
	at cucumber.api.junit.Cucumber.runChild(Cucumber.java:38)
	at org.junit.runners.ParentRunner$3.run(ParentRunner.java:290)
	at org.junit.runners.ParentRunner$1.schedule(ParentRunner.java:71)
	at org.junit.runners.ParentRunner.runChildren(ParentRunner.java:288)
	at org.junit.runners.ParentRunner.access$000(ParentRunner.java:58)
	at org.junit.runners.ParentRunner$2.evaluate(ParentRunner.java:268)
	at org.junit.runners.ParentRunner.run(ParentRunner.java:363)
	at cucumber.api.junit.Cucumber.run(Cucumber.java:100)
	at org.apache.maven.surefire.junit4.JUnit4Provider.execute(JUnit4Provider.java:283)
	at org.apache.maven.surefire.junit4.JUnit4Provider.executeWithRerun(JUnit4Provider.java:173)
	at org.apache.maven.surefire.junit4.JUnit4Provider.executeTestSet(JUnit4Provider.java:153)
	at org.apache.maven.surefire.junit4.JUnit4Provider.invoke(JUnit4Provider.java:128)
	at org.apache.maven.surefire.booter.ForkedBooter.invokeProviderInSameClassLoader(ForkedBooter.java:203)
	at org.apache.maven.surefire.booter.ForkedBooter.runSuitesInProcess(ForkedBooter.java:155)
	at org.apache.maven.surefire.booter.ForkedBooter.main(ForkedBooter.java:103)
]]></error>
    <system-err><![CDATA[[main] INFO net.serenitybdd.core.Serenity - IGNORING STEP
[main] ERROR net.serenitybdd.core.Serenity - 
           __  _____ _____ ____ _____   _____ _    ___ _     _____ ____  
  _       / / |_   _| ____/ ___|_   _| |  ___/ \  |_ _| |   | ____|  _ \ 
 (_)_____| |    | | |  _| \___ \ | |   | |_ / _ \  | || |   |  _| | | | |
  _|_____| |    | | | |___ ___) || |   |  _/ ___ \ | || |___| |___| |_| |
 (_)     | |    |_| |_____|____/ |_|   |_|/_/   \_\___|_____|_____|____/ 
          \_\                                                            

TEST FAILED WITH ERROR: VIR-137.03 Verify that in the grid view the following product info is shown
---------------------------------------------------------------------
[main] ERROR net.serenitybdd.core.Serenity - TEST FAILED AT STEP Open the site
[main] ERROR net.serenitybdd.core.Serenity - Could not initialize class com.virco.locators.SiteData
[pool-1-thread-1] INFO net.thucydides.core.reports.json.JSONTestOutcomeReporter - Generating JSON report for VIR-137.01 Verify that the toggle button is shown above the products to file /Users/rodionsavchuk/hybrisAutomation/virco-automatedtests/target/site/serenity/ed05f0ebcdeb7ab8ce4053f5e77c2e104b16083b38ff0389ff4683e6797df73a.json (using temp file /Users/rodionsavchuk/hybrisAutomation/virco-automatedtests/target/site/serenity/ed05f0ebcdeb7ab8ce4053f5e77c2e104b16083b38ff0389ff4683e6797df73a.json4e5f3794-70cb-4522-84d5-928b363937b6)
[pool-1-thread-2] INFO net.thucydides.core.reports.json.JSONTestOutcomeReporter - Generating JSON report for VIR-790.01 Verify that the customer can switch the view of products into grid, list on search page to file /Users/rodionsavchuk/hybrisAutomation/virco-automatedtests/target/site/serenity/79c89f5c9fd1ad2a8c101b5f0410c8b569b0435ef40abf20f63e096a8d5de34e.json (using temp file /Users/rodionsavchuk/hybrisAutomation/virco-automatedtests/target/site/serenity/79c89f5c9fd1ad2a8c101b5f0410c8b569b0435ef40abf20f63e096a8d5de34e.json2495aae6-d8f7-4570-beab-14f730d864b3)
[pool-1-thread-4] INFO net.thucydides.core.reports.json.JSONTestOutcomeReporter - Generating JSON report for VIR-137.02 Verify that the customer can switch the view of products into grid, list to file /Users/rodionsavchuk/hybrisAutomation/virco-automatedtests/target/site/serenity/cdb7752ae4e635597dc73730ce49dc450174bfbf736b9ef32175a8b54c56e86c.json (using temp file /Users/rodionsavchuk/hybrisAutomation/virco-automatedtests/target/site/serenity/cdb7752ae4e635597dc73730ce49dc450174bfbf736b9ef32175a8b54c56e86c.jsona64510a5-1213-427d-a9b3-745e6a91e114)
[pool-1-thread-3] INFO net.thucydides.core.reports.json.JSONTestOutcomeReporter - Generating JSON report for VIR-137.03 Verify that in the grid view the following product info is shown to file /Users/rodionsavchuk/hybrisAutomation/virco-automatedtests/target/site/serenity/2d367fe8d4e995fe7f0f69d3d29f47666f1d4fd6318f8f9dd42678280fb025a4.json (using temp file /Users/rodionsavchuk/hybrisAutomation/virco-automatedtests/target/site/serenity/2d367fe8d4e995fe7f0f69d3d29f47666f1d4fd6318f8f9dd42678280fb025a4.json6b947989-4c6e-484f-add0-b072e005be23)
[pool-1-thread-3] INFO net.thucydides.core.reports.html.HtmlAcceptanceTestReporter - GENERATING HTML REPORT FOR CAT-1 - Grid/List View Toggle:VIR-137.02 Verify that the customer can switch the view of products into grid, list in cdb7752ae4e635597dc73730ce49dc450174bfbf736b9ef32175a8b54c56e86c.html in directory target/site/serenity  
[pool-1-thread-4] INFO net.thucydides.core.reports.html.HtmlAcceptanceTestReporter - GENERATING HTML REPORT FOR CAT-1 - Grid/List View Toggle:VIR-137.03 Verify that in the grid view the following product info is shown in 2d367fe8d4e995fe7f0f69d3d29f47666f1d4fd6318f8f9dd42678280fb025a4.html in directory target/site/serenity  
[pool-1-thread-1] INFO net.thucydides.core.reports.html.HtmlAcceptanceTestReporter - GENERATING HTML REPORT FOR CAT-1 - Grid/List View Toggle:VIR-790.01 Verify that the customer can switch the view of products into grid, list on search page in 79c89f5c9fd1ad2a8c101b5f0410c8b569b0435ef40abf20f63e096a8d5de34e.html in directory target/site/serenity  
[pool-1-thread-2] INFO net.thucydides.core.reports.html.HtmlAcceptanceTestReporter - GENERATING HTML REPORT FOR CAT-1 - Grid/List View Toggle:VIR-137.01 Verify that the toggle button is shown above the products in ed05f0ebcdeb7ab8ce4053f5e77c2e104b16083b38ff0389ff4683e6797df73a.html in directory target/site/serenity  
[main] INFO net.serenitybdd.core.Serenity - 
 _____ _____ ____ _____   ____ _____  _    ____ _____ _____ ____  
|_   _| ____/ ___|_   _| / ___|_   _|/ \  |  _ \_   _| ____|  _ \ 
  | | |  _| \___ \ | |   \___ \ | | / _ \ | |_) || | |  _| | | | |
  | | | |___ ___) || |    ___) || |/ ___ \|  _ < | | | |___| |_| |
  |_| |_____|____/ |_|   |____/ |_/_/   \_\_| \_\|_| |_____|____/ 
                                                                  

TEST STARTED: VIR-137.04 Verify that in the List view the following info is shown
-------------------------------------------------------------------(cat-1---grid/list-view-toggle;vir-137.04-verify-that-in-the-list-view-the-following-info-is-shown)
[main] INFO net.serenitybdd.core.Serenity - STARTING STEP Given open the site and login
[main] INFO net.serenitybdd.core.Serenity - STARTING STEP Open the site
[main] INFO net.serenitybdd.core.Serenity - STEP ERROR: net.serenitybdd.core.exceptions.SerenityManagedException: Could not initialize class com.virco.locators.SiteData
]]></system-err>
  </testcase>
  <testcase name="Scenario: VIR-137.04 Verify that in the List view the following info is shown" classname="Scenario: VIR-137.04 Verify that in the List view the following info is shown" time="0">
    <error message="Could not initialize class com.virco.locators.SiteData" type="net.serenitybdd.core.exceptions.SerenityManagedException"><![CDATA[net.serenitybdd.core.exceptions.SerenityManagedException: Could not initialize class com.virco.locators.SiteData
	at com.virco.steps.serenity.CommonUserSteps.openTheSite(CommonUserSteps.java:19)
	at com.virco.steps.serenity.CommonUserSteps$$EnhancerByCGLIB$$d8541bfa.CGLIB$openTheSite$6(<generated>)
	at com.virco.steps.serenity.CommonUserSteps$$EnhancerByCGLIB$$d8541bfa$$FastClassByCGLIB$$ea8e0f86.invoke(<generated>)
	at net.sf.cglib.proxy.MethodProxy.invokeSuper(MethodProxy.java:228)
	at net.thucydides.core.steps.StepInterceptor.invokeMethod(StepInterceptor.java:372)
	at net.thucydides.core.steps.StepInterceptor.executeTestStepMethod(StepInterceptor.java:357)
	at net.thucydides.core.steps.StepInterceptor.runTestStep(StepInterceptor.java:332)
	at net.thucydides.core.steps.StepInterceptor.testStepResult(StepInterceptor.java:134)
	at net.thucydides.core.steps.StepInterceptor.intercept(StepInterceptor.java:61)
	at com.virco.steps.serenity.CommonUserSteps$$EnhancerByCGLIB$$d8541bfa.openTheSite(<generated>)
	at com.virco.steps.CommonDefinitionSteps.openTheSiteAndLogin(CommonDefinitionSteps.java:72)
	at sun.reflect.GeneratedMethodAccessor143.invoke(Unknown Source)
	at sun.reflect.DelegatingMethodAccessorImpl.invoke(DelegatingMethodAccessorImpl.java:43)
	at java.lang.reflect.Method.invoke(Method.java:498)
	at cucumber.runtime.Utils$1.call(Utils.java:40)
	at cucumber.runtime.Timeout.timeout(Timeout.java:16)
	at cucumber.runtime.Utils.invoke(Utils.java:34)
	at cucumber.runtime.java.JavaStepDefinition.execute(JavaStepDefinition.java:38)
	at cucumber.runtime.StepDefinitionMatch.runStep(StepDefinitionMatch.java:37)
	at cucumber.runtime.Runtime.runStep(Runtime.java:300)
	at cucumber.runtime.model.StepContainer.runStep(StepContainer.java:44)
	at cucumber.runtime.model.StepContainer.runSteps(StepContainer.java:39)
	at cucumber.runtime.model.CucumberScenario.run(CucumberScenario.java:44)
	at cucumber.runtime.junit.ExecutionUnitRunner.run(ExecutionUnitRunner.java:102)
	at cucumber.runtime.junit.FeatureRunner.runChild(FeatureRunner.java:63)
	at cucumber.runtime.junit.FeatureRunner.runChild(FeatureRunner.java:18)
	at org.junit.runners.ParentRunner$3.run(ParentRunner.java:290)
	at org.junit.runners.ParentRunner$1.schedule(ParentRunner.java:71)
	at org.junit.runners.ParentRunner.runChildren(ParentRunner.java:288)
	at org.junit.runners.ParentRunner.access$000(ParentRunner.java:58)
	at org.junit.runners.ParentRunner$2.evaluate(ParentRunner.java:268)
	at org.junit.runners.ParentRunner.run(ParentRunner.java:363)
	at cucumber.runtime.junit.FeatureRunner.run(FeatureRunner.java:70)
	at cucumber.api.junit.Cucumber.runChild(Cucumber.java:95)
	at cucumber.api.junit.Cucumber.runChild(Cucumber.java:38)
	at org.junit.runners.ParentRunner$3.run(ParentRunner.java:290)
	at org.junit.runners.ParentRunner$1.schedule(ParentRunner.java:71)
	at org.junit.runners.ParentRunner.runChildren(ParentRunner.java:288)
	at org.junit.runners.ParentRunner.access$000(ParentRunner.java:58)
	at org.junit.runners.ParentRunner$2.evaluate(ParentRunner.java:268)
	at org.junit.runners.ParentRunner.run(ParentRunner.java:363)
	at cucumber.api.junit.Cucumber.run(Cucumber.java:100)
	at org.apache.maven.surefire.junit4.JUnit4Provider.execute(JUnit4Provider.java:283)
	at org.apache.maven.surefire.junit4.JUnit4Provider.executeWithRerun(JUnit4Provider.java:173)
	at org.apache.maven.surefire.junit4.JUnit4Provider.executeTestSet(JUnit4Provider.java:153)
	at org.apache.maven.surefire.junit4.JUnit4Provider.invoke(JUnit4Provider.java:128)
	at org.apache.maven.surefire.booter.ForkedBooter.invokeProviderInSameClassLoader(ForkedBooter.java:203)
	at org.apache.maven.surefire.booter.ForkedBooter.runSuitesInProcess(ForkedBooter.java:155)
	at org.apache.maven.surefire.booter.ForkedBooter.main(ForkedBooter.java:103)
]]></error>
  </testcase>
  <testcase name="When open any category" classname="Scenario: VIR-137.04 Verify that in the List view the following info is shown" time="0">
    <skipped/>
    <system-err><![CDATA[[main] INFO net.serenitybdd.core.Serenity - STEP ERROR: java.lang.NoClassDefFoundError: Could not initialize class com.virco.locators.SiteData
[main] INFO net.serenitybdd.core.Serenity - STARTING STEP When open any category
]]></system-err>
  </testcase>
  <testcase name="When click on &quot;list&quot; toggle button" classname="Scenario: VIR-137.04 Verify that in the List view the following info is shown" time="0">
    <skipped/>
    <system-err><![CDATA[[main] INFO net.serenitybdd.core.Serenity - IGNORING STEP
[main] INFO net.serenitybdd.core.Serenity - STARTING STEP When click on "list" toggle button
]]></system-err>
  </testcase>
  <testcase name="Then the &quot;1&quot; product has &quot;price&quot;" classname="Scenario: VIR-137.04 Verify that in the List view the following info is shown" time="0">
    <skipped/>
    <system-err><![CDATA[[main] INFO net.serenitybdd.core.Serenity - IGNORING STEP
[main] INFO net.serenitybdd.core.Serenity - STARTING STEP Then the "1" product has "price"
]]></system-err>
  </testcase>
  <testcase name="Then the &quot;1&quot; product has &quot;name&quot;" classname="Scenario: VIR-137.04 Verify that in the List view the following info is shown" time="0">
    <skipped/>
    <system-err><![CDATA[[main] INFO net.serenitybdd.core.Serenity - IGNORING STEP
[main] INFO net.serenitybdd.core.Serenity - STARTING STEP Then the "1" product has "name"
]]></system-err>
  </testcase>
  <testcase name="Given open the site and login" classname="Scenario: VIR-137.05 Verify that the list of products is the same in both views" time="0">
    <error message="Could not initialize class com.virco.locators.SiteData" type="net.serenitybdd.core.exceptions.SerenityManagedException"><![CDATA[net.serenitybdd.core.exceptions.SerenityManagedException: Could not initialize class com.virco.locators.SiteData
	at com.virco.steps.serenity.CommonUserSteps.openTheSite(CommonUserSteps.java:19)
	at com.virco.steps.serenity.CommonUserSteps$$EnhancerByCGLIB$$d8541bfa.CGLIB$openTheSite$6(<generated>)
	at com.virco.steps.serenity.CommonUserSteps$$EnhancerByCGLIB$$d8541bfa$$FastClassByCGLIB$$ea8e0f86.invoke(<generated>)
	at net.sf.cglib.proxy.MethodProxy.invokeSuper(MethodProxy.java:228)
	at net.thucydides.core.steps.StepInterceptor.invokeMethod(StepInterceptor.java:372)
	at net.thucydides.core.steps.StepInterceptor.executeTestStepMethod(StepInterceptor.java:357)
	at net.thucydides.core.steps.StepInterceptor.runTestStep(StepInterceptor.java:332)
	at net.thucydides.core.steps.StepInterceptor.testStepResult(StepInterceptor.java:134)
	at net.thucydides.core.steps.StepInterceptor.intercept(StepInterceptor.java:61)
	at com.virco.steps.serenity.CommonUserSteps$$EnhancerByCGLIB$$d8541bfa.openTheSite(<generated>)
	at com.virco.steps.CommonDefinitionSteps.openTheSiteAndLogin(CommonDefinitionSteps.java:72)
	at sun.reflect.GeneratedMethodAccessor143.invoke(Unknown Source)
	at sun.reflect.DelegatingMethodAccessorImpl.invoke(DelegatingMethodAccessorImpl.java:43)
	at java.lang.reflect.Method.invoke(Method.java:498)
	at cucumber.runtime.Utils$1.call(Utils.java:40)
	at cucumber.runtime.Timeout.timeout(Timeout.java:16)
	at cucumber.runtime.Utils.invoke(Utils.java:34)
	at cucumber.runtime.java.JavaStepDefinition.execute(JavaStepDefinition.java:38)
	at cucumber.runtime.StepDefinitionMatch.runStep(StepDefinitionMatch.java:37)
	at cucumber.runtime.Runtime.runStep(Runtime.java:300)
	at cucumber.runtime.model.StepContainer.runStep(StepContainer.java:44)
	at cucumber.runtime.model.StepContainer.runSteps(StepContainer.java:39)
	at cucumber.runtime.model.CucumberScenario.run(CucumberScenario.java:44)
	at cucumber.runtime.junit.ExecutionUnitRunner.run(ExecutionUnitRunner.java:102)
	at cucumber.runtime.junit.FeatureRunner.runChild(FeatureRunner.java:63)
	at cucumber.runtime.junit.FeatureRunner.runChild(FeatureRunner.java:18)
	at org.junit.runners.ParentRunner$3.run(ParentRunner.java:290)
	at org.junit.runners.ParentRunner$1.schedule(ParentRunner.java:71)
	at org.junit.runners.ParentRunner.runChildren(ParentRunner.java:288)
	at org.junit.runners.ParentRunner.access$000(ParentRunner.java:58)
	at org.junit.runners.ParentRunner$2.evaluate(ParentRunner.java:268)
	at org.junit.runners.ParentRunner.run(ParentRunner.java:363)
	at cucumber.runtime.junit.FeatureRunner.run(FeatureRunner.java:70)
	at cucumber.api.junit.Cucumber.runChild(Cucumber.java:95)
	at cucumber.api.junit.Cucumber.runChild(Cucumber.java:38)
	at org.junit.runners.ParentRunner$3.run(ParentRunner.java:290)
	at org.junit.runners.ParentRunner$1.schedule(ParentRunner.java:71)
	at org.junit.runners.ParentRunner.runChildren(ParentRunner.java:288)
	at org.junit.runners.ParentRunner.access$000(ParentRunner.java:58)
	at org.junit.runners.ParentRunner$2.evaluate(ParentRunner.java:268)
	at org.junit.runners.ParentRunner.run(ParentRunner.java:363)
	at cucumber.api.junit.Cucumber.run(Cucumber.java:100)
	at org.apache.maven.surefire.junit4.JUnit4Provider.execute(JUnit4Provider.java:283)
	at org.apache.maven.surefire.junit4.JUnit4Provider.executeWithRerun(JUnit4Provider.java:173)
	at org.apache.maven.surefire.junit4.JUnit4Provider.executeTestSet(JUnit4Provider.java:153)
	at org.apache.maven.surefire.junit4.JUnit4Provider.invoke(JUnit4Provider.java:128)
	at org.apache.maven.surefire.booter.ForkedBooter.invokeProviderInSameClassLoader(ForkedBooter.java:203)
	at org.apache.maven.surefire.booter.ForkedBooter.runSuitesInProcess(ForkedBooter.java:155)
	at org.apache.maven.surefire.booter.ForkedBooter.main(ForkedBooter.java:103)
]]></error>
    <system-err><![CDATA[[main] INFO net.serenitybdd.core.Serenity - IGNORING STEP
[main] ERROR net.serenitybdd.core.Serenity - 
           __  _____ _____ ____ _____   _____ _    ___ _     _____ ____  
  _       / / |_   _| ____/ ___|_   _| |  ___/ \  |_ _| |   | ____|  _ \ 
 (_)_____| |    | | |  _| \___ \ | |   | |_ / _ \  | || |   |  _| | | | |
  _|_____| |    | | | |___ ___) || |   |  _/ ___ \ | || |___| |___| |_| |
 (_)     | |    |_| |_____|____/ |_|   |_|/_/   \_\___|_____|_____|____/ 
          \_\                                                            

TEST FAILED WITH ERROR: VIR-137.04 Verify that in the List view the following info is shown
---------------------------------------------------------------------
[main] ERROR net.serenitybdd.core.Serenity - TEST FAILED AT STEP Open the site
[main] ERROR net.serenitybdd.core.Serenity - Could not initialize class com.virco.locators.SiteData
[pool-1-thread-1] INFO net.thucydides.core.reports.json.JSONTestOutcomeReporter - Generating JSON report for VIR-137.01 Verify that the toggle button is shown above the products to file /Users/rodionsavchuk/hybrisAutomation/virco-automatedtests/target/site/serenity/ed05f0ebcdeb7ab8ce4053f5e77c2e104b16083b38ff0389ff4683e6797df73a.json (using temp file /Users/rodionsavchuk/hybrisAutomation/virco-automatedtests/target/site/serenity/ed05f0ebcdeb7ab8ce4053f5e77c2e104b16083b38ff0389ff4683e6797df73a.json623e63b1-5625-432a-88ef-558b5e991380)
[pool-1-thread-4] INFO net.thucydides.core.reports.json.JSONTestOutcomeReporter - Generating JSON report for VIR-137.02 Verify that the customer can switch the view of products into grid, list to file /Users/rodionsavchuk/hybrisAutomation/virco-automatedtests/target/site/serenity/cdb7752ae4e635597dc73730ce49dc450174bfbf736b9ef32175a8b54c56e86c.json (using temp file /Users/rodionsavchuk/hybrisAutomation/virco-automatedtests/target/site/serenity/cdb7752ae4e635597dc73730ce49dc450174bfbf736b9ef32175a8b54c56e86c.json6ea6f277-ad61-4a01-b13c-78aaa62f03c8)
[pool-1-thread-2] INFO net.thucydides.core.reports.json.JSONTestOutcomeReporter - Generating JSON report for VIR-137.03 Verify that in the grid view the following product info is shown to file /Users/rodionsavchuk/hybrisAutomation/virco-automatedtests/target/site/serenity/2d367fe8d4e995fe7f0f69d3d29f47666f1d4fd6318f8f9dd42678280fb025a4.json (using temp file /Users/rodionsavchuk/hybrisAutomation/virco-automatedtests/target/site/serenity/2d367fe8d4e995fe7f0f69d3d29f47666f1d4fd6318f8f9dd42678280fb025a4.json02f8a90b-d187-487d-b5e2-427d5d0f6b5b)
[pool-1-thread-3] INFO net.thucydides.core.reports.json.JSONTestOutcomeReporter - Generating JSON report for VIR-790.01 Verify that the customer can switch the view of products into grid, list on search page to file /Users/rodionsavchuk/hybrisAutomation/virco-automatedtests/target/site/serenity/79c89f5c9fd1ad2a8c101b5f0410c8b569b0435ef40abf20f63e096a8d5de34e.json (using temp file /Users/rodionsavchuk/hybrisAutomation/virco-automatedtests/target/site/serenity/79c89f5c9fd1ad2a8c101b5f0410c8b569b0435ef40abf20f63e096a8d5de34e.json75b86e7c-73f5-4571-bf11-4ab54b8e695d)
[pool-1-thread-1] INFO net.thucydides.core.reports.json.JSONTestOutcomeReporter - Generating JSON report for VIR-137.04 Verify that in the List view the following info is shown to file /Users/rodionsavchuk/hybrisAutomation/virco-automatedtests/target/site/serenity/492108091097b8f1a9b1f860ede4bcf742b38d74fb739ac7ab3bec842b5bcb07.json (using temp file /Users/rodionsavchuk/hybrisAutomation/virco-automatedtests/target/site/serenity/492108091097b8f1a9b1f860ede4bcf742b38d74fb739ac7ab3bec842b5bcb07.jsonb1eb5984-74dc-43d5-ae94-75f6714e2a32)
[pool-1-thread-1] INFO net.thucydides.core.reports.html.HtmlAcceptanceTestReporter - GENERATING HTML REPORT FOR CAT-1 - Grid/List View Toggle:VIR-137.03 Verify that in the grid view the following product info is shown in 2d367fe8d4e995fe7f0f69d3d29f47666f1d4fd6318f8f9dd42678280fb025a4.html in directory target/site/serenity  
[pool-1-thread-2] INFO net.thucydides.core.reports.html.HtmlAcceptanceTestReporter - GENERATING HTML REPORT FOR CAT-1 - Grid/List View Toggle:VIR-137.01 Verify that the toggle button is shown above the products in ed05f0ebcdeb7ab8ce4053f5e77c2e104b16083b38ff0389ff4683e6797df73a.html in directory target/site/serenity  
[pool-1-thread-4] INFO net.thucydides.core.reports.html.HtmlAcceptanceTestReporter - GENERATING HTML REPORT FOR CAT-1 - Grid/List View Toggle:VIR-137.02 Verify that the customer can switch the view of products into grid, list in cdb7752ae4e635597dc73730ce49dc450174bfbf736b9ef32175a8b54c56e86c.html in directory target/site/serenity  
[pool-1-thread-3] INFO net.thucydides.core.reports.html.HtmlAcceptanceTestReporter - GENERATING HTML REPORT FOR CAT-1 - Grid/List View Toggle:VIR-790.01 Verify that the customer can switch the view of products into grid, list on search page in 79c89f5c9fd1ad2a8c101b5f0410c8b569b0435ef40abf20f63e096a8d5de34e.html in directory target/site/serenity  
[pool-1-thread-4] INFO net.thucydides.core.reports.html.HtmlAcceptanceTestReporter - GENERATING HTML REPORT FOR CAT-1 - Grid/List View Toggle:VIR-137.04 Verify that in the List view the following info is shown in 492108091097b8f1a9b1f860ede4bcf742b38d74fb739ac7ab3bec842b5bcb07.html in directory target/site/serenity  
[main] INFO net.serenitybdd.core.Serenity - 
 _____ _____ ____ _____   ____ _____  _    ____ _____ _____ ____  
|_   _| ____/ ___|_   _| / ___|_   _|/ \  |  _ \_   _| ____|  _ \ 
  | | |  _| \___ \ | |   \___ \ | | / _ \ | |_) || | |  _| | | | |
  | | | |___ ___) || |    ___) || |/ ___ \|  _ < | | | |___| |_| |
  |_| |_____|____/ |_|   |____/ |_/_/   \_\_| \_\|_| |_____|____/ 
                                                                  

TEST STARTED: VIR-137.05 Verify that the list of products is the same in both views
-------------------------------------------------------------------(cat-1---grid/list-view-toggle;vir-137.05-verify-that-the-list-of-products-is-the-same-in-both-views)
[main] INFO net.serenitybdd.core.Serenity - STARTING STEP Given open the site and login
[main] INFO net.serenitybdd.core.Serenity - STARTING STEP Open the site
[main] INFO net.serenitybdd.core.Serenity - STEP ERROR: net.serenitybdd.core.exceptions.SerenityManagedException: Could not initialize class com.virco.locators.SiteData
]]></system-err>
  </testcase>
  <testcase name="Scenario: VIR-137.05 Verify that the list of products is the same in both views" classname="Scenario: VIR-137.05 Verify that the list of products is the same in both views" time="0">
    <error message="Could not initialize class com.virco.locators.SiteData" type="net.serenitybdd.core.exceptions.SerenityManagedException"><![CDATA[net.serenitybdd.core.exceptions.SerenityManagedException: Could not initialize class com.virco.locators.SiteData
	at com.virco.steps.serenity.CommonUserSteps.openTheSite(CommonUserSteps.java:19)
	at com.virco.steps.serenity.CommonUserSteps$$EnhancerByCGLIB$$d8541bfa.CGLIB$openTheSite$6(<generated>)
	at com.virco.steps.serenity.CommonUserSteps$$EnhancerByCGLIB$$d8541bfa$$FastClassByCGLIB$$ea8e0f86.invoke(<generated>)
	at net.sf.cglib.proxy.MethodProxy.invokeSuper(MethodProxy.java:228)
	at net.thucydides.core.steps.StepInterceptor.invokeMethod(StepInterceptor.java:372)
	at net.thucydides.core.steps.StepInterceptor.executeTestStepMethod(StepInterceptor.java:357)
	at net.thucydides.core.steps.StepInterceptor.runTestStep(StepInterceptor.java:332)
	at net.thucydides.core.steps.StepInterceptor.testStepResult(StepInterceptor.java:134)
	at net.thucydides.core.steps.StepInterceptor.intercept(StepInterceptor.java:61)
	at com.virco.steps.serenity.CommonUserSteps$$EnhancerByCGLIB$$d8541bfa.openTheSite(<generated>)
	at com.virco.steps.CommonDefinitionSteps.openTheSiteAndLogin(CommonDefinitionSteps.java:72)
	at sun.reflect.GeneratedMethodAccessor143.invoke(Unknown Source)
	at sun.reflect.DelegatingMethodAccessorImpl.invoke(DelegatingMethodAccessorImpl.java:43)
	at java.lang.reflect.Method.invoke(Method.java:498)
	at cucumber.runtime.Utils$1.call(Utils.java:40)
	at cucumber.runtime.Timeout.timeout(Timeout.java:16)
	at cucumber.runtime.Utils.invoke(Utils.java:34)
	at cucumber.runtime.java.JavaStepDefinition.execute(JavaStepDefinition.java:38)
	at cucumber.runtime.StepDefinitionMatch.runStep(StepDefinitionMatch.java:37)
	at cucumber.runtime.Runtime.runStep(Runtime.java:300)
	at cucumber.runtime.model.StepContainer.runStep(StepContainer.java:44)
	at cucumber.runtime.model.StepContainer.runSteps(StepContainer.java:39)
	at cucumber.runtime.model.CucumberScenario.run(CucumberScenario.java:44)
	at cucumber.runtime.junit.ExecutionUnitRunner.run(ExecutionUnitRunner.java:102)
	at cucumber.runtime.junit.FeatureRunner.runChild(FeatureRunner.java:63)
	at cucumber.runtime.junit.FeatureRunner.runChild(FeatureRunner.java:18)
	at org.junit.runners.ParentRunner$3.run(ParentRunner.java:290)
	at org.junit.runners.ParentRunner$1.schedule(ParentRunner.java:71)
	at org.junit.runners.ParentRunner.runChildren(ParentRunner.java:288)
	at org.junit.runners.ParentRunner.access$000(ParentRunner.java:58)
	at org.junit.runners.ParentRunner$2.evaluate(ParentRunner.java:268)
	at org.junit.runners.ParentRunner.run(ParentRunner.java:363)
	at cucumber.runtime.junit.FeatureRunner.run(FeatureRunner.java:70)
	at cucumber.api.junit.Cucumber.runChild(Cucumber.java:95)
	at cucumber.api.junit.Cucumber.runChild(Cucumber.java:38)
	at org.junit.runners.ParentRunner$3.run(ParentRunner.java:290)
	at org.junit.runners.ParentRunner$1.schedule(ParentRunner.java:71)
	at org.junit.runners.ParentRunner.runChildren(ParentRunner.java:288)
	at org.junit.runners.ParentRunner.access$000(ParentRunner.java:58)
	at org.junit.runners.ParentRunner$2.evaluate(ParentRunner.java:268)
	at org.junit.runners.ParentRunner.run(ParentRunner.java:363)
	at cucumber.api.junit.Cucumber.run(Cucumber.java:100)
	at org.apache.maven.surefire.junit4.JUnit4Provider.execute(JUnit4Provider.java:283)
	at org.apache.maven.surefire.junit4.JUnit4Provider.executeWithRerun(JUnit4Provider.java:173)
	at org.apache.maven.surefire.junit4.JUnit4Provider.executeTestSet(JUnit4Provider.java:153)
	at org.apache.maven.surefire.junit4.JUnit4Provider.invoke(JUnit4Provider.java:128)
	at org.apache.maven.surefire.booter.ForkedBooter.invokeProviderInSameClassLoader(ForkedBooter.java:203)
	at org.apache.maven.surefire.booter.ForkedBooter.runSuitesInProcess(ForkedBooter.java:155)
	at org.apache.maven.surefire.booter.ForkedBooter.main(ForkedBooter.java:103)
]]></error>
  </testcase>
  <testcase name="When open category with pagination" classname="Scenario: VIR-137.05 Verify that the list of products is the same in both views" time="0">
    <skipped/>
    <system-err><![CDATA[[main] INFO net.serenitybdd.core.Serenity - STEP ERROR: java.lang.NoClassDefFoundError: Could not initialize class com.virco.locators.SiteData
[main] INFO net.serenitybdd.core.Serenity - STARTING STEP When open category with pagination
]]></system-err>
  </testcase>
  <testcase name="When click on &quot;list&quot; toggle button" classname="Scenario: VIR-137.05 Verify that the list of products is the same in both views" time="0">
    <skipped/>
    <system-err><![CDATA[[main] INFO net.serenitybdd.core.Serenity - IGNORING STEP
[main] INFO net.serenitybdd.core.Serenity - STARTING STEP When click on "list" toggle button
]]></system-err>
  </testcase>
  <testcase name="When remember product data on plp" classname="Scenario: VIR-137.05 Verify that the list of products is the same in both views" time="0">
    <skipped/>
    <system-err><![CDATA[[main] INFO net.serenitybdd.core.Serenity - IGNORING STEP
[main] INFO net.serenitybdd.core.Serenity - STARTING STEP When remember product data on plp
]]></system-err>
  </testcase>
  <testcase name="When click on &quot;grid&quot; toggle button" classname="Scenario: VIR-137.05 Verify that the list of products is the same in both views" time="0">
    <skipped/>
    <system-err><![CDATA[[main] INFO net.serenitybdd.core.Serenity - IGNORING STEP
[main] INFO net.serenitybdd.core.Serenity - STARTING STEP When click on "grid" toggle button
]]></system-err>
  </testcase>
  <testcase name="Then product data on plp is correct" classname="Scenario: VIR-137.05 Verify that the list of products is the same in both views" time="0">
    <skipped/>
    <system-err><![CDATA[[main] INFO net.serenitybdd.core.Serenity - IGNORING STEP
[main] INFO net.serenitybdd.core.Serenity - STARTING STEP Then product data on plp is correct
]]></system-err>
  </testcase>
  <testcase name="Scenario: VIR-251.01 Verify that the amount of products per opened page is shown" classname="Scenario: VIR-251.01 Verify that the amount of products per opened page is shown" time="0"/>
  <testcase name="Scenario: VIR-251.02 Verify that the 20 products are shown per page" classname="Scenario: VIR-251.02 Verify that the 20 products are shown per page" time="0"/>
  <testcase name="Scenario: VIR-251.03 Verify that the last page shows the appropriate number of items" classname="Scenario: VIR-251.03 Verify that the last page shows the appropriate number of items" time="0.001"/>
  <testcase name="Given open the site and login" classname="Scenario: VIR-138.01 Verify that the pagination is shown above and below the list of products" time="0">
    <error message="Could not initialize class com.virco.locators.SiteData" type="net.serenitybdd.core.exceptions.SerenityManagedException"><![CDATA[net.serenitybdd.core.exceptions.SerenityManagedException: Could not initialize class com.virco.locators.SiteData
	at com.virco.steps.serenity.CommonUserSteps.openTheSite(CommonUserSteps.java:19)
	at com.virco.steps.serenity.CommonUserSteps$$EnhancerByCGLIB$$d8541bfa.CGLIB$openTheSite$6(<generated>)
	at com.virco.steps.serenity.CommonUserSteps$$EnhancerByCGLIB$$d8541bfa$$FastClassByCGLIB$$ea8e0f86.invoke(<generated>)
	at net.sf.cglib.proxy.MethodProxy.invokeSuper(MethodProxy.java:228)
	at net.thucydides.core.steps.StepInterceptor.invokeMethod(StepInterceptor.java:372)
	at net.thucydides.core.steps.StepInterceptor.executeTestStepMethod(StepInterceptor.java:357)
	at net.thucydides.core.steps.StepInterceptor.runTestStep(StepInterceptor.java:332)
	at net.thucydides.core.steps.StepInterceptor.testStepResult(StepInterceptor.java:134)
	at net.thucydides.core.steps.StepInterceptor.intercept(StepInterceptor.java:61)
	at com.virco.steps.serenity.CommonUserSteps$$EnhancerByCGLIB$$d8541bfa.openTheSite(<generated>)
	at com.virco.steps.CommonDefinitionSteps.openTheSiteAndLogin(CommonDefinitionSteps.java:72)
	at sun.reflect.GeneratedMethodAccessor143.invoke(Unknown Source)
	at sun.reflect.DelegatingMethodAccessorImpl.invoke(DelegatingMethodAccessorImpl.java:43)
	at java.lang.reflect.Method.invoke(Method.java:498)
	at cucumber.runtime.Utils$1.call(Utils.java:40)
	at cucumber.runtime.Timeout.timeout(Timeout.java:16)
	at cucumber.runtime.Utils.invoke(Utils.java:34)
	at cucumber.runtime.java.JavaStepDefinition.execute(JavaStepDefinition.java:38)
	at cucumber.runtime.StepDefinitionMatch.runStep(StepDefinitionMatch.java:37)
	at cucumber.runtime.Runtime.runStep(Runtime.java:300)
	at cucumber.runtime.model.StepContainer.runStep(StepContainer.java:44)
	at cucumber.runtime.model.StepContainer.runSteps(StepContainer.java:39)
	at cucumber.runtime.model.CucumberScenario.run(CucumberScenario.java:44)
	at cucumber.runtime.junit.ExecutionUnitRunner.run(ExecutionUnitRunner.java:102)
	at cucumber.runtime.junit.FeatureRunner.runChild(FeatureRunner.java:63)
	at cucumber.runtime.junit.FeatureRunner.runChild(FeatureRunner.java:18)
	at org.junit.runners.ParentRunner$3.run(ParentRunner.java:290)
	at org.junit.runners.ParentRunner$1.schedule(ParentRunner.java:71)
	at org.junit.runners.ParentRunner.runChildren(ParentRunner.java:288)
	at org.junit.runners.ParentRunner.access$000(ParentRunner.java:58)
	at org.junit.runners.ParentRunner$2.evaluate(ParentRunner.java:268)
	at org.junit.runners.ParentRunner.run(ParentRunner.java:363)
	at cucumber.runtime.junit.FeatureRunner.run(FeatureRunner.java:70)
	at cucumber.api.junit.Cucumber.runChild(Cucumber.java:95)
	at cucumber.api.junit.Cucumber.runChild(Cucumber.java:38)
	at org.junit.runners.ParentRunner$3.run(ParentRunner.java:290)
	at org.junit.runners.ParentRunner$1.schedule(ParentRunner.java:71)
	at org.junit.runners.ParentRunner.runChildren(ParentRunner.java:288)
	at org.junit.runners.ParentRunner.access$000(ParentRunner.java:58)
	at org.junit.runners.ParentRunner$2.evaluate(ParentRunner.java:268)
	at org.junit.runners.ParentRunner.run(ParentRunner.java:363)
	at cucumber.api.junit.Cucumber.run(Cucumber.java:100)
	at org.apache.maven.surefire.junit4.JUnit4Provider.execute(JUnit4Provider.java:283)
	at org.apache.maven.surefire.junit4.JUnit4Provider.executeWithRerun(JUnit4Provider.java:173)
	at org.apache.maven.surefire.junit4.JUnit4Provider.executeTestSet(JUnit4Provider.java:153)
	at org.apache.maven.surefire.junit4.JUnit4Provider.invoke(JUnit4Provider.java:128)
	at org.apache.maven.surefire.booter.ForkedBooter.invokeProviderInSameClassLoader(ForkedBooter.java:203)
	at org.apache.maven.surefire.booter.ForkedBooter.runSuitesInProcess(ForkedBooter.java:155)
	at org.apache.maven.surefire.booter.ForkedBooter.main(ForkedBooter.java:103)
]]></error>
    <system-err><![CDATA[[main] INFO net.serenitybdd.core.Serenity - Test Suite Started: CAT-3 - Pagination
[main] INFO net.serenitybdd.core.Serenity - 
 _____ _____ ____ _____   ____ _____  _    ____ _____ _____ ____  
|_   _| ____/ ___|_   _| / ___|_   _|/ \  |  _ \_   _| ____|  _ \ 
  | | |  _| \___ \ | |   \___ \ | | / _ \ | |_) || | |  _| | | | |
  | | | |___ ___) || |    ___) || |/ ___ \|  _ < | | | |___| |_| |
  |_| |_____|____/ |_|   |____/ |_/_/   \_\_| \_\|_| |_____|____/ 
                                                                  

TEST STARTED: VIR-138.01 Verify that the pagination is shown above and below the list of products
-------------------------------------------------------------------(cat-3---pagination;vir-138.01-verify-that-the-pagination-is-shown-above-and-below-the-list-of-products)
[main] INFO net.serenitybdd.core.Serenity - STARTING STEP Given open the site and login
[main] INFO net.serenitybdd.core.Serenity - STARTING STEP Open the site
[main] INFO net.serenitybdd.core.Serenity - STEP ERROR: net.serenitybdd.core.exceptions.SerenityManagedException: Could not initialize class com.virco.locators.SiteData
]]></system-err>
  </testcase>
  <testcase name="Scenario: VIR-138.01 Verify that the pagination is shown above and below the list of products" classname="Scenario: VIR-138.01 Verify that the pagination is shown above and below the list of products" time="0">
    <error message="Could not initialize class com.virco.locators.SiteData" type="net.serenitybdd.core.exceptions.SerenityManagedException"><![CDATA[net.serenitybdd.core.exceptions.SerenityManagedException: Could not initialize class com.virco.locators.SiteData
	at com.virco.steps.serenity.CommonUserSteps.openTheSite(CommonUserSteps.java:19)
	at com.virco.steps.serenity.CommonUserSteps$$EnhancerByCGLIB$$d8541bfa.CGLIB$openTheSite$6(<generated>)
	at com.virco.steps.serenity.CommonUserSteps$$EnhancerByCGLIB$$d8541bfa$$FastClassByCGLIB$$ea8e0f86.invoke(<generated>)
	at net.sf.cglib.proxy.MethodProxy.invokeSuper(MethodProxy.java:228)
	at net.thucydides.core.steps.StepInterceptor.invokeMethod(StepInterceptor.java:372)
	at net.thucydides.core.steps.StepInterceptor.executeTestStepMethod(StepInterceptor.java:357)
	at net.thucydides.core.steps.StepInterceptor.runTestStep(StepInterceptor.java:332)
	at net.thucydides.core.steps.StepInterceptor.testStepResult(StepInterceptor.java:134)
	at net.thucydides.core.steps.StepInterceptor.intercept(StepInterceptor.java:61)
	at com.virco.steps.serenity.CommonUserSteps$$EnhancerByCGLIB$$d8541bfa.openTheSite(<generated>)
	at com.virco.steps.CommonDefinitionSteps.openTheSiteAndLogin(CommonDefinitionSteps.java:72)
	at sun.reflect.GeneratedMethodAccessor143.invoke(Unknown Source)
	at sun.reflect.DelegatingMethodAccessorImpl.invoke(DelegatingMethodAccessorImpl.java:43)
	at java.lang.reflect.Method.invoke(Method.java:498)
	at cucumber.runtime.Utils$1.call(Utils.java:40)
	at cucumber.runtime.Timeout.timeout(Timeout.java:16)
	at cucumber.runtime.Utils.invoke(Utils.java:34)
	at cucumber.runtime.java.JavaStepDefinition.execute(JavaStepDefinition.java:38)
	at cucumber.runtime.StepDefinitionMatch.runStep(StepDefinitionMatch.java:37)
	at cucumber.runtime.Runtime.runStep(Runtime.java:300)
	at cucumber.runtime.model.StepContainer.runStep(StepContainer.java:44)
	at cucumber.runtime.model.StepContainer.runSteps(StepContainer.java:39)
	at cucumber.runtime.model.CucumberScenario.run(CucumberScenario.java:44)
	at cucumber.runtime.junit.ExecutionUnitRunner.run(ExecutionUnitRunner.java:102)
	at cucumber.runtime.junit.FeatureRunner.runChild(FeatureRunner.java:63)
	at cucumber.runtime.junit.FeatureRunner.runChild(FeatureRunner.java:18)
	at org.junit.runners.ParentRunner$3.run(ParentRunner.java:290)
	at org.junit.runners.ParentRunner$1.schedule(ParentRunner.java:71)
	at org.junit.runners.ParentRunner.runChildren(ParentRunner.java:288)
	at org.junit.runners.ParentRunner.access$000(ParentRunner.java:58)
	at org.junit.runners.ParentRunner$2.evaluate(ParentRunner.java:268)
	at org.junit.runners.ParentRunner.run(ParentRunner.java:363)
	at cucumber.runtime.junit.FeatureRunner.run(FeatureRunner.java:70)
	at cucumber.api.junit.Cucumber.runChild(Cucumber.java:95)
	at cucumber.api.junit.Cucumber.runChild(Cucumber.java:38)
	at org.junit.runners.ParentRunner$3.run(ParentRunner.java:290)
	at org.junit.runners.ParentRunner$1.schedule(ParentRunner.java:71)
	at org.junit.runners.ParentRunner.runChildren(ParentRunner.java:288)
	at org.junit.runners.ParentRunner.access$000(ParentRunner.java:58)
	at org.junit.runners.ParentRunner$2.evaluate(ParentRunner.java:268)
	at org.junit.runners.ParentRunner.run(ParentRunner.java:363)
	at cucumber.api.junit.Cucumber.run(Cucumber.java:100)
	at org.apache.maven.surefire.junit4.JUnit4Provider.execute(JUnit4Provider.java:283)
	at org.apache.maven.surefire.junit4.JUnit4Provider.executeWithRerun(JUnit4Provider.java:173)
	at org.apache.maven.surefire.junit4.JUnit4Provider.executeTestSet(JUnit4Provider.java:153)
	at org.apache.maven.surefire.junit4.JUnit4Provider.invoke(JUnit4Provider.java:128)
	at org.apache.maven.surefire.booter.ForkedBooter.invokeProviderInSameClassLoader(ForkedBooter.java:203)
	at org.apache.maven.surefire.booter.ForkedBooter.runSuitesInProcess(ForkedBooter.java:155)
	at org.apache.maven.surefire.booter.ForkedBooter.main(ForkedBooter.java:103)
]]></error>
  </testcase>
  <testcase name="When open category with pagination" classname="Scenario: VIR-138.01 Verify that the pagination is shown above and below the list of products" time="0">
    <skipped/>
    <system-err><![CDATA[[main] INFO net.serenitybdd.core.Serenity - STEP ERROR: java.lang.NoClassDefFoundError: Could not initialize class com.virco.locators.SiteData
[main] INFO net.serenitybdd.core.Serenity - STARTING STEP When open category with pagination
]]></system-err>
  </testcase>
  <testcase name="Then the pagination is shown above and below the list of products" classname="Scenario: VIR-138.01 Verify that the pagination is shown above and below the list of products" time="0">
    <skipped/>
    <system-err><![CDATA[[main] INFO net.serenitybdd.core.Serenity - IGNORING STEP
[main] INFO net.serenitybdd.core.Serenity - STARTING STEP Then the pagination is shown above and below the list of products
]]></system-err>
  </testcase>
  <testcase name="Given open the site and login" classname="Scenario: VIR-592.01 Verify that the pagination is shown above and below the list of products on search page" time="0">
    <error message="Could not initialize class com.virco.locators.SiteData" type="net.serenitybdd.core.exceptions.SerenityManagedException"><![CDATA[net.serenitybdd.core.exceptions.SerenityManagedException: Could not initialize class com.virco.locators.SiteData
	at com.virco.steps.serenity.CommonUserSteps.openTheSite(CommonUserSteps.java:19)
	at com.virco.steps.serenity.CommonUserSteps$$EnhancerByCGLIB$$d8541bfa.CGLIB$openTheSite$6(<generated>)
	at com.virco.steps.serenity.CommonUserSteps$$EnhancerByCGLIB$$d8541bfa$$FastClassByCGLIB$$ea8e0f86.invoke(<generated>)
	at net.sf.cglib.proxy.MethodProxy.invokeSuper(MethodProxy.java:228)
	at net.thucydides.core.steps.StepInterceptor.invokeMethod(StepInterceptor.java:372)
	at net.thucydides.core.steps.StepInterceptor.executeTestStepMethod(StepInterceptor.java:357)
	at net.thucydides.core.steps.StepInterceptor.runTestStep(StepInterceptor.java:332)
	at net.thucydides.core.steps.StepInterceptor.testStepResult(StepInterceptor.java:134)
	at net.thucydides.core.steps.StepInterceptor.intercept(StepInterceptor.java:61)
	at com.virco.steps.serenity.CommonUserSteps$$EnhancerByCGLIB$$d8541bfa.openTheSite(<generated>)
	at com.virco.steps.CommonDefinitionSteps.openTheSiteAndLogin(CommonDefinitionSteps.java:72)
	at sun.reflect.GeneratedMethodAccessor143.invoke(Unknown Source)
	at sun.reflect.DelegatingMethodAccessorImpl.invoke(DelegatingMethodAccessorImpl.java:43)
	at java.lang.reflect.Method.invoke(Method.java:498)
	at cucumber.runtime.Utils$1.call(Utils.java:40)
	at cucumber.runtime.Timeout.timeout(Timeout.java:16)
	at cucumber.runtime.Utils.invoke(Utils.java:34)
	at cucumber.runtime.java.JavaStepDefinition.execute(JavaStepDefinition.java:38)
	at cucumber.runtime.StepDefinitionMatch.runStep(StepDefinitionMatch.java:37)
	at cucumber.runtime.Runtime.runStep(Runtime.java:300)
	at cucumber.runtime.model.StepContainer.runStep(StepContainer.java:44)
	at cucumber.runtime.model.StepContainer.runSteps(StepContainer.java:39)
	at cucumber.runtime.model.CucumberScenario.run(CucumberScenario.java:44)
	at cucumber.runtime.junit.ExecutionUnitRunner.run(ExecutionUnitRunner.java:102)
	at cucumber.runtime.junit.FeatureRunner.runChild(FeatureRunner.java:63)
	at cucumber.runtime.junit.FeatureRunner.runChild(FeatureRunner.java:18)
	at org.junit.runners.ParentRunner$3.run(ParentRunner.java:290)
	at org.junit.runners.ParentRunner$1.schedule(ParentRunner.java:71)
	at org.junit.runners.ParentRunner.runChildren(ParentRunner.java:288)
	at org.junit.runners.ParentRunner.access$000(ParentRunner.java:58)
	at org.junit.runners.ParentRunner$2.evaluate(ParentRunner.java:268)
	at org.junit.runners.ParentRunner.run(ParentRunner.java:363)
	at cucumber.runtime.junit.FeatureRunner.run(FeatureRunner.java:70)
	at cucumber.api.junit.Cucumber.runChild(Cucumber.java:95)
	at cucumber.api.junit.Cucumber.runChild(Cucumber.java:38)
	at org.junit.runners.ParentRunner$3.run(ParentRunner.java:290)
	at org.junit.runners.ParentRunner$1.schedule(ParentRunner.java:71)
	at org.junit.runners.ParentRunner.runChildren(ParentRunner.java:288)
	at org.junit.runners.ParentRunner.access$000(ParentRunner.java:58)
	at org.junit.runners.ParentRunner$2.evaluate(ParentRunner.java:268)
	at org.junit.runners.ParentRunner.run(ParentRunner.java:363)
	at cucumber.api.junit.Cucumber.run(Cucumber.java:100)
	at org.apache.maven.surefire.junit4.JUnit4Provider.execute(JUnit4Provider.java:283)
	at org.apache.maven.surefire.junit4.JUnit4Provider.executeWithRerun(JUnit4Provider.java:173)
	at org.apache.maven.surefire.junit4.JUnit4Provider.executeTestSet(JUnit4Provider.java:153)
	at org.apache.maven.surefire.junit4.JUnit4Provider.invoke(JUnit4Provider.java:128)
	at org.apache.maven.surefire.booter.ForkedBooter.invokeProviderInSameClassLoader(ForkedBooter.java:203)
	at org.apache.maven.surefire.booter.ForkedBooter.runSuitesInProcess(ForkedBooter.java:155)
	at org.apache.maven.surefire.booter.ForkedBooter.main(ForkedBooter.java:103)
]]></error>
    <system-err><![CDATA[[main] INFO net.serenitybdd.core.Serenity - IGNORING STEP
[main] ERROR net.serenitybdd.core.Serenity - 
           __  _____ _____ ____ _____   _____ _    ___ _     _____ ____  
  _       / / |_   _| ____/ ___|_   _| |  ___/ \  |_ _| |   | ____|  _ \ 
 (_)_____| |    | | |  _| \___ \ | |   | |_ / _ \  | || |   |  _| | | | |
  _|_____| |    | | | |___ ___) || |   |  _/ ___ \ | || |___| |___| |_| |
 (_)     | |    |_| |_____|____/ |_|   |_|/_/   \_\___|_____|_____|____/ 
          \_\                                                            

TEST FAILED WITH ERROR: VIR-138.01 Verify that the pagination is shown above and below the list of products
---------------------------------------------------------------------
[main] ERROR net.serenitybdd.core.Serenity - TEST FAILED AT STEP Open the site
[main] ERROR net.serenitybdd.core.Serenity - Could not initialize class com.virco.locators.SiteData
[pool-1-thread-2] INFO net.thucydides.core.reports.json.JSONTestOutcomeReporter - Generating JSON report for VIR-137.01 Verify that the toggle button is shown above the products to file /Users/rodionsavchuk/hybrisAutomation/virco-automatedtests/target/site/serenity/ed05f0ebcdeb7ab8ce4053f5e77c2e104b16083b38ff0389ff4683e6797df73a.json (using temp file /Users/rodionsavchuk/hybrisAutomation/virco-automatedtests/target/site/serenity/ed05f0ebcdeb7ab8ce4053f5e77c2e104b16083b38ff0389ff4683e6797df73a.json7939cfaf-24e9-4ec8-9150-a4894accf673)
[pool-1-thread-1] INFO net.thucydides.core.reports.json.JSONTestOutcomeReporter - Generating JSON report for VIR-790.01 Verify that the customer can switch the view of products into grid, list on search page to file /Users/rodionsavchuk/hybrisAutomation/virco-automatedtests/target/site/serenity/79c89f5c9fd1ad2a8c101b5f0410c8b569b0435ef40abf20f63e096a8d5de34e.json (using temp file /Users/rodionsavchuk/hybrisAutomation/virco-automatedtests/target/site/serenity/79c89f5c9fd1ad2a8c101b5f0410c8b569b0435ef40abf20f63e096a8d5de34e.json0fd7963f-3af3-4dd9-b2bd-5f898fde06cf)
[pool-1-thread-4] INFO net.thucydides.core.reports.json.JSONTestOutcomeReporter - Generating JSON report for VIR-137.02 Verify that the customer can switch the view of products into grid, list to file /Users/rodionsavchuk/hybrisAutomation/virco-automatedtests/target/site/serenity/cdb7752ae4e635597dc73730ce49dc450174bfbf736b9ef32175a8b54c56e86c.json (using temp file /Users/rodionsavchuk/hybrisAutomation/virco-automatedtests/target/site/serenity/cdb7752ae4e635597dc73730ce49dc450174bfbf736b9ef32175a8b54c56e86c.json054b396f-463d-4c20-b459-5add86608242)
[pool-1-thread-3] INFO net.thucydides.core.reports.json.JSONTestOutcomeReporter - Generating JSON report for VIR-137.03 Verify that in the grid view the following product info is shown to file /Users/rodionsavchuk/hybrisAutomation/virco-automatedtests/target/site/serenity/2d367fe8d4e995fe7f0f69d3d29f47666f1d4fd6318f8f9dd42678280fb025a4.json (using temp file /Users/rodionsavchuk/hybrisAutomation/virco-automatedtests/target/site/serenity/2d367fe8d4e995fe7f0f69d3d29f47666f1d4fd6318f8f9dd42678280fb025a4.json4b94d616-3182-4a73-b857-67e7492256cc)
[pool-1-thread-2] INFO net.thucydides.core.reports.json.JSONTestOutcomeReporter - Generating JSON report for VIR-137.04 Verify that in the List view the following info is shown to file /Users/rodionsavchuk/hybrisAutomation/virco-automatedtests/target/site/serenity/492108091097b8f1a9b1f860ede4bcf742b38d74fb739ac7ab3bec842b5bcb07.json (using temp file /Users/rodionsavchuk/hybrisAutomation/virco-automatedtests/target/site/serenity/492108091097b8f1a9b1f860ede4bcf742b38d74fb739ac7ab3bec842b5bcb07.json50b1464b-54b6-41f2-97e7-3ea9068c6a66)
[pool-1-thread-1] INFO net.thucydides.core.reports.json.JSONTestOutcomeReporter - Generating JSON report for VIR-137.05 Verify that the list of products is the same in both views to file /Users/rodionsavchuk/hybrisAutomation/virco-automatedtests/target/site/serenity/ae1db428932e82981303203bdc6eb851846608ccd30fa908f4f5b446cb968075.json (using temp file /Users/rodionsavchuk/hybrisAutomation/virco-automatedtests/target/site/serenity/ae1db428932e82981303203bdc6eb851846608ccd30fa908f4f5b446cb968075.json486374dc-31a8-4d6c-91f1-5bd034e45cc3)
[pool-1-thread-4] INFO net.thucydides.core.reports.json.JSONTestOutcomeReporter - Generating JSON report for VIR-251.01 Verify that the amount of products per opened page is shown to file /Users/rodionsavchuk/hybrisAutomation/virco-automatedtests/target/site/serenity/2c0ae4476567833206363958c76f43f0bea266ccf19875e0be388e0105241b80.json (using temp file /Users/rodionsavchuk/hybrisAutomation/virco-automatedtests/target/site/serenity/2c0ae4476567833206363958c76f43f0bea266ccf19875e0be388e0105241b80.json9c72dd64-7c47-4d4f-bdc9-bfa32606c86c)
[pool-1-thread-3] INFO net.thucydides.core.reports.json.JSONTestOutcomeReporter - Generating JSON report for VIR-251.02 Verify that the 20 products are shown per page to file /Users/rodionsavchuk/hybrisAutomation/virco-automatedtests/target/site/serenity/3e2f2a51405f3fa5f517d1a92fb6c7f2d63a08226c65dc48dfcdfc1de866d2f3.json (using temp file /Users/rodionsavchuk/hybrisAutomation/virco-automatedtests/target/site/serenity/3e2f2a51405f3fa5f517d1a92fb6c7f2d63a08226c65dc48dfcdfc1de866d2f3.jsoncf372d18-78c8-4905-bc5b-3740d1b0c303)
[pool-1-thread-4] INFO net.thucydides.core.reports.json.JSONTestOutcomeReporter - Generating JSON report for VIR-251.03 Verify that the last page shows the appropriate number of items to file /Users/rodionsavchuk/hybrisAutomation/virco-automatedtests/target/site/serenity/203add71e1553852782b06b46ad692a125d7913e1dcdfa1bc77d21975adc91d3.json (using temp file /Users/rodionsavchuk/hybrisAutomation/virco-automatedtests/target/site/serenity/203add71e1553852782b06b46ad692a125d7913e1dcdfa1bc77d21975adc91d3.json3d5b012e-747b-4a76-b758-574be40f29ff)
[pool-1-thread-1] INFO net.thucydides.core.reports.json.JSONTestOutcomeReporter - Generating JSON report for VIR-138.01 Verify that the pagination is shown above and below the list of products to file /Users/rodionsavchuk/hybrisAutomation/virco-automatedtests/target/site/serenity/9771603025f14f96b272fa21dca31889f195c9a9337b95fbf5eab3295a9e05a4.json (using temp file /Users/rodionsavchuk/hybrisAutomation/virco-automatedtests/target/site/serenity/9771603025f14f96b272fa21dca31889f195c9a9337b95fbf5eab3295a9e05a4.jsonf6a3f44b-b2a4-4d63-a06e-e473a66b20b5)
[pool-1-thread-4] INFO net.thucydides.core.reports.html.HtmlAcceptanceTestReporter - GENERATING HTML REPORT FOR CAT-1 - Grid/List View Toggle:VIR-137.02 Verify that the customer can switch the view of products into grid, list in cdb7752ae4e635597dc73730ce49dc450174bfbf736b9ef32175a8b54c56e86c.html in directory target/site/serenity  
[pool-1-thread-1] INFO net.thucydides.core.reports.html.HtmlAcceptanceTestReporter - GENERATING HTML REPORT FOR CAT-1 - Grid/List View Toggle:VIR-137.03 Verify that in the grid view the following product info is shown in 2d367fe8d4e995fe7f0f69d3d29f47666f1d4fd6318f8f9dd42678280fb025a4.html in directory target/site/serenity  
[pool-1-thread-2] INFO net.thucydides.core.reports.html.HtmlAcceptanceTestReporter - GENERATING HTML REPORT FOR CAT-1 - Grid/List View Toggle:VIR-137.01 Verify that the toggle button is shown above the products in ed05f0ebcdeb7ab8ce4053f5e77c2e104b16083b38ff0389ff4683e6797df73a.html in directory target/site/serenity  
[pool-1-thread-3] INFO net.thucydides.core.reports.html.HtmlAcceptanceTestReporter - GENERATING HTML REPORT FOR CAT-1 - Grid/List View Toggle:VIR-790.01 Verify that the customer can switch the view of products into grid, list on search page in 79c89f5c9fd1ad2a8c101b5f0410c8b569b0435ef40abf20f63e096a8d5de34e.html in directory target/site/serenity  
[pool-1-thread-1] INFO net.thucydides.core.reports.html.HtmlAcceptanceTestReporter - GENERATING HTML REPORT FOR CAT-1 - Grid/List View Toggle:VIR-137.05 Verify that the list of products is the same in both views in ae1db428932e82981303203bdc6eb851846608ccd30fa908f4f5b446cb968075.html in directory target/site/serenity  
[pool-1-thread-3] INFO net.thucydides.core.reports.html.HtmlAcceptanceTestReporter - GENERATING HTML REPORT FOR CAT-2 - Numeration Display:VIR-251.02 Verify that the 20 products are shown per page in 3e2f2a51405f3fa5f517d1a92fb6c7f2d63a08226c65dc48dfcdfc1de866d2f3.html in directory target/site/serenity  
[pool-1-thread-4] INFO net.thucydides.core.reports.html.HtmlAcceptanceTestReporter - GENERATING HTML REPORT FOR CAT-1 - Grid/List View Toggle:VIR-137.04 Verify that in the List view the following info is shown in 492108091097b8f1a9b1f860ede4bcf742b38d74fb739ac7ab3bec842b5bcb07.html in directory target/site/serenity  
[pool-1-thread-2] INFO net.thucydides.core.reports.html.HtmlAcceptanceTestReporter - GENERATING HTML REPORT FOR CAT-2 - Numeration Display:VIR-251.01 Verify that the amount of products per opened page is shown in 2c0ae4476567833206363958c76f43f0bea266ccf19875e0be388e0105241b80.html in directory target/site/serenity  
[pool-1-thread-1] INFO net.thucydides.core.reports.html.HtmlAcceptanceTestReporter - GENERATING HTML REPORT FOR CAT-2 - Numeration Display:VIR-251.03 Verify that the last page shows the appropriate number of items in 203add71e1553852782b06b46ad692a125d7913e1dcdfa1bc77d21975adc91d3.html in directory target/site/serenity  
[pool-1-thread-3] INFO net.thucydides.core.reports.html.HtmlAcceptanceTestReporter - GENERATING HTML REPORT FOR CAT-3 - Pagination:VIR-138.01 Verify that the pagination is shown above and below the list of products in 9771603025f14f96b272fa21dca31889f195c9a9337b95fbf5eab3295a9e05a4.html in directory target/site/serenity  
[main] INFO net.serenitybdd.core.Serenity - 
 _____ _____ ____ _____   ____ _____  _    ____ _____ _____ ____  
|_   _| ____/ ___|_   _| / ___|_   _|/ \  |  _ \_   _| ____|  _ \ 
  | | |  _| \___ \ | |   \___ \ | | / _ \ | |_) || | |  _| | | | |
  | | | |___ ___) || |    ___) || |/ ___ \|  _ < | | | |___| |_| |
  |_| |_____|____/ |_|   |____/ |_/_/   \_\_| \_\|_| |_____|____/ 
                                                                  

TEST STARTED: VIR-592.01 Verify that the pagination is shown above and below the list of products on search page
-------------------------------------------------------------------(cat-3---pagination;vir-592.01-verify-that-the-pagination-is-shown-above-and-below-the-list-of-products-on-search-page)
[main] INFO net.serenitybdd.core.Serenity - STARTING STEP Given open the site and login
[main] INFO net.serenitybdd.core.Serenity - STARTING STEP Open the site
[main] INFO net.serenitybdd.core.Serenity - STEP ERROR: net.serenitybdd.core.exceptions.SerenityManagedException: Could not initialize class com.virco.locators.SiteData
]]></system-err>
  </testcase>
  <testcase name="Scenario: VIR-592.01 Verify that the pagination is shown above and below the list of products on search page" classname="Scenario: VIR-592.01 Verify that the pagination is shown above and below the list of products on search page" time="0">
    <error message="Could not initialize class com.virco.locators.SiteData" type="net.serenitybdd.core.exceptions.SerenityManagedException"><![CDATA[net.serenitybdd.core.exceptions.SerenityManagedException: Could not initialize class com.virco.locators.SiteData
	at com.virco.steps.serenity.CommonUserSteps.openTheSite(CommonUserSteps.java:19)
	at com.virco.steps.serenity.CommonUserSteps$$EnhancerByCGLIB$$d8541bfa.CGLIB$openTheSite$6(<generated>)
	at com.virco.steps.serenity.CommonUserSteps$$EnhancerByCGLIB$$d8541bfa$$FastClassByCGLIB$$ea8e0f86.invoke(<generated>)
	at net.sf.cglib.proxy.MethodProxy.invokeSuper(MethodProxy.java:228)
	at net.thucydides.core.steps.StepInterceptor.invokeMethod(StepInterceptor.java:372)
	at net.thucydides.core.steps.StepInterceptor.executeTestStepMethod(StepInterceptor.java:357)
	at net.thucydides.core.steps.StepInterceptor.runTestStep(StepInterceptor.java:332)
	at net.thucydides.core.steps.StepInterceptor.testStepResult(StepInterceptor.java:134)
	at net.thucydides.core.steps.StepInterceptor.intercept(StepInterceptor.java:61)
	at com.virco.steps.serenity.CommonUserSteps$$EnhancerByCGLIB$$d8541bfa.openTheSite(<generated>)
	at com.virco.steps.CommonDefinitionSteps.openTheSiteAndLogin(CommonDefinitionSteps.java:72)
	at sun.reflect.GeneratedMethodAccessor143.invoke(Unknown Source)
	at sun.reflect.DelegatingMethodAccessorImpl.invoke(DelegatingMethodAccessorImpl.java:43)
	at java.lang.reflect.Method.invoke(Method.java:498)
	at cucumber.runtime.Utils$1.call(Utils.java:40)
	at cucumber.runtime.Timeout.timeout(Timeout.java:16)
	at cucumber.runtime.Utils.invoke(Utils.java:34)
	at cucumber.runtime.java.JavaStepDefinition.execute(JavaStepDefinition.java:38)
	at cucumber.runtime.StepDefinitionMatch.runStep(StepDefinitionMatch.java:37)
	at cucumber.runtime.Runtime.runStep(Runtime.java:300)
	at cucumber.runtime.model.StepContainer.runStep(StepContainer.java:44)
	at cucumber.runtime.model.StepContainer.runSteps(StepContainer.java:39)
	at cucumber.runtime.model.CucumberScenario.run(CucumberScenario.java:44)
	at cucumber.runtime.junit.ExecutionUnitRunner.run(ExecutionUnitRunner.java:102)
	at cucumber.runtime.junit.FeatureRunner.runChild(FeatureRunner.java:63)
	at cucumber.runtime.junit.FeatureRunner.runChild(FeatureRunner.java:18)
	at org.junit.runners.ParentRunner$3.run(ParentRunner.java:290)
	at org.junit.runners.ParentRunner$1.schedule(ParentRunner.java:71)
	at org.junit.runners.ParentRunner.runChildren(ParentRunner.java:288)
	at org.junit.runners.ParentRunner.access$000(ParentRunner.java:58)
	at org.junit.runners.ParentRunner$2.evaluate(ParentRunner.java:268)
	at org.junit.runners.ParentRunner.run(ParentRunner.java:363)
	at cucumber.runtime.junit.FeatureRunner.run(FeatureRunner.java:70)
	at cucumber.api.junit.Cucumber.runChild(Cucumber.java:95)
	at cucumber.api.junit.Cucumber.runChild(Cucumber.java:38)
	at org.junit.runners.ParentRunner$3.run(ParentRunner.java:290)
	at org.junit.runners.ParentRunner$1.schedule(ParentRunner.java:71)
	at org.junit.runners.ParentRunner.runChildren(ParentRunner.java:288)
	at org.junit.runners.ParentRunner.access$000(ParentRunner.java:58)
	at org.junit.runners.ParentRunner$2.evaluate(ParentRunner.java:268)
	at org.junit.runners.ParentRunner.run(ParentRunner.java:363)
	at cucumber.api.junit.Cucumber.run(Cucumber.java:100)
	at org.apache.maven.surefire.junit4.JUnit4Provider.execute(JUnit4Provider.java:283)
	at org.apache.maven.surefire.junit4.JUnit4Provider.executeWithRerun(JUnit4Provider.java:173)
	at org.apache.maven.surefire.junit4.JUnit4Provider.executeTestSet(JUnit4Provider.java:153)
	at org.apache.maven.surefire.junit4.JUnit4Provider.invoke(JUnit4Provider.java:128)
	at org.apache.maven.surefire.booter.ForkedBooter.invokeProviderInSameClassLoader(ForkedBooter.java:203)
	at org.apache.maven.surefire.booter.ForkedBooter.runSuitesInProcess(ForkedBooter.java:155)
	at org.apache.maven.surefire.booter.ForkedBooter.main(ForkedBooter.java:103)
]]></error>
  </testcase>
  <testcase name="When search for &quot;table&quot;" classname="Scenario: VIR-592.01 Verify that the pagination is shown above and below the list of products on search page" time="0">
    <skipped/>
    <system-err><![CDATA[[main] INFO net.serenitybdd.core.Serenity - STEP ERROR: java.lang.NoClassDefFoundError: Could not initialize class com.virco.locators.SiteData
[main] INFO net.serenitybdd.core.Serenity - STARTING STEP When search for "table"
]]></system-err>
  </testcase>
  <testcase name="Then the pagination is shown above and below the list of products" classname="Scenario: VIR-592.01 Verify that the pagination is shown above and below the list of products on search page" time="0">
    <skipped/>
    <system-err><![CDATA[[main] INFO net.serenitybdd.core.Serenity - IGNORING STEP
[main] INFO net.serenitybdd.core.Serenity - STARTING STEP Then the pagination is shown above and below the list of products
]]></system-err>
  </testcase>
  <testcase name="Given open the site and login" classname="Scenario: VIR-138.02 Verify that the pagination is suppressed, if only one page of products exist" time="0">
    <error message="Could not initialize class com.virco.locators.SiteData" type="net.serenitybdd.core.exceptions.SerenityManagedException"><![CDATA[net.serenitybdd.core.exceptions.SerenityManagedException: Could not initialize class com.virco.locators.SiteData
	at com.virco.steps.serenity.CommonUserSteps.openTheSite(CommonUserSteps.java:19)
	at com.virco.steps.serenity.CommonUserSteps$$EnhancerByCGLIB$$d8541bfa.CGLIB$openTheSite$6(<generated>)
	at com.virco.steps.serenity.CommonUserSteps$$EnhancerByCGLIB$$d8541bfa$$FastClassByCGLIB$$ea8e0f86.invoke(<generated>)
	at net.sf.cglib.proxy.MethodProxy.invokeSuper(MethodProxy.java:228)
	at net.thucydides.core.steps.StepInterceptor.invokeMethod(StepInterceptor.java:372)
	at net.thucydides.core.steps.StepInterceptor.executeTestStepMethod(StepInterceptor.java:357)
	at net.thucydides.core.steps.StepInterceptor.runTestStep(StepInterceptor.java:332)
	at net.thucydides.core.steps.StepInterceptor.testStepResult(StepInterceptor.java:134)
	at net.thucydides.core.steps.StepInterceptor.intercept(StepInterceptor.java:61)
	at com.virco.steps.serenity.CommonUserSteps$$EnhancerByCGLIB$$d8541bfa.openTheSite(<generated>)
	at com.virco.steps.CommonDefinitionSteps.openTheSiteAndLogin(CommonDefinitionSteps.java:72)
	at sun.reflect.GeneratedMethodAccessor143.invoke(Unknown Source)
	at sun.reflect.DelegatingMethodAccessorImpl.invoke(DelegatingMethodAccessorImpl.java:43)
	at java.lang.reflect.Method.invoke(Method.java:498)
	at cucumber.runtime.Utils$1.call(Utils.java:40)
	at cucumber.runtime.Timeout.timeout(Timeout.java:16)
	at cucumber.runtime.Utils.invoke(Utils.java:34)
	at cucumber.runtime.java.JavaStepDefinition.execute(JavaStepDefinition.java:38)
	at cucumber.runtime.StepDefinitionMatch.runStep(StepDefinitionMatch.java:37)
	at cucumber.runtime.Runtime.runStep(Runtime.java:300)
	at cucumber.runtime.model.StepContainer.runStep(StepContainer.java:44)
	at cucumber.runtime.model.StepContainer.runSteps(StepContainer.java:39)
	at cucumber.runtime.model.CucumberScenario.run(CucumberScenario.java:44)
	at cucumber.runtime.junit.ExecutionUnitRunner.run(ExecutionUnitRunner.java:102)
	at cucumber.runtime.junit.FeatureRunner.runChild(FeatureRunner.java:63)
	at cucumber.runtime.junit.FeatureRunner.runChild(FeatureRunner.java:18)
	at org.junit.runners.ParentRunner$3.run(ParentRunner.java:290)
	at org.junit.runners.ParentRunner$1.schedule(ParentRunner.java:71)
	at org.junit.runners.ParentRunner.runChildren(ParentRunner.java:288)
	at org.junit.runners.ParentRunner.access$000(ParentRunner.java:58)
	at org.junit.runners.ParentRunner$2.evaluate(ParentRunner.java:268)
	at org.junit.runners.ParentRunner.run(ParentRunner.java:363)
	at cucumber.runtime.junit.FeatureRunner.run(FeatureRunner.java:70)
	at cucumber.api.junit.Cucumber.runChild(Cucumber.java:95)
	at cucumber.api.junit.Cucumber.runChild(Cucumber.java:38)
	at org.junit.runners.ParentRunner$3.run(ParentRunner.java:290)
	at org.junit.runners.ParentRunner$1.schedule(ParentRunner.java:71)
	at org.junit.runners.ParentRunner.runChildren(ParentRunner.java:288)
	at org.junit.runners.ParentRunner.access$000(ParentRunner.java:58)
	at org.junit.runners.ParentRunner$2.evaluate(ParentRunner.java:268)
	at org.junit.runners.ParentRunner.run(ParentRunner.java:363)
	at cucumber.api.junit.Cucumber.run(Cucumber.java:100)
	at org.apache.maven.surefire.junit4.JUnit4Provider.execute(JUnit4Provider.java:283)
	at org.apache.maven.surefire.junit4.JUnit4Provider.executeWithRerun(JUnit4Provider.java:173)
	at org.apache.maven.surefire.junit4.JUnit4Provider.executeTestSet(JUnit4Provider.java:153)
	at org.apache.maven.surefire.junit4.JUnit4Provider.invoke(JUnit4Provider.java:128)
	at org.apache.maven.surefire.booter.ForkedBooter.invokeProviderInSameClassLoader(ForkedBooter.java:203)
	at org.apache.maven.surefire.booter.ForkedBooter.runSuitesInProcess(ForkedBooter.java:155)
	at org.apache.maven.surefire.booter.ForkedBooter.main(ForkedBooter.java:103)
]]></error>
    <system-err><![CDATA[[main] INFO net.serenitybdd.core.Serenity - IGNORING STEP
[main] ERROR net.serenitybdd.core.Serenity - 
           __  _____ _____ ____ _____   _____ _    ___ _     _____ ____  
  _       / / |_   _| ____/ ___|_   _| |  ___/ \  |_ _| |   | ____|  _ \ 
 (_)_____| |    | | |  _| \___ \ | |   | |_ / _ \  | || |   |  _| | | | |
  _|_____| |    | | | |___ ___) || |   |  _/ ___ \ | || |___| |___| |_| |
 (_)     | |    |_| |_____|____/ |_|   |_|/_/   \_\___|_____|_____|____/ 
          \_\                                                            

TEST FAILED WITH ERROR: VIR-592.01 Verify that the pagination is shown above and below the list of products on search page
---------------------------------------------------------------------
[main] ERROR net.serenitybdd.core.Serenity - TEST FAILED AT STEP Open the site
[main] ERROR net.serenitybdd.core.Serenity - Could not initialize class com.virco.locators.SiteData
[pool-1-thread-1] INFO net.thucydides.core.reports.json.JSONTestOutcomeReporter - Generating JSON report for VIR-790.01 Verify that the customer can switch the view of products into grid, list on search page to file /Users/rodionsavchuk/hybrisAutomation/virco-automatedtests/target/site/serenity/79c89f5c9fd1ad2a8c101b5f0410c8b569b0435ef40abf20f63e096a8d5de34e.json (using temp file /Users/rodionsavchuk/hybrisAutomation/virco-automatedtests/target/site/serenity/79c89f5c9fd1ad2a8c101b5f0410c8b569b0435ef40abf20f63e096a8d5de34e.json1949b487-5925-49e6-aa58-9fb78f476b96)
[pool-1-thread-2] INFO net.thucydides.core.reports.json.JSONTestOutcomeReporter - Generating JSON report for VIR-137.02 Verify that the customer can switch the view of products into grid, list to file /Users/rodionsavchuk/hybrisAutomation/virco-automatedtests/target/site/serenity/cdb7752ae4e635597dc73730ce49dc450174bfbf736b9ef32175a8b54c56e86c.json (using temp file /Users/rodionsavchuk/hybrisAutomation/virco-automatedtests/target/site/serenity/cdb7752ae4e635597dc73730ce49dc450174bfbf736b9ef32175a8b54c56e86c.jsonee8221ef-3f6d-4181-a81b-6966269a2748)
[pool-1-thread-3] INFO net.thucydides.core.reports.json.JSONTestOutcomeReporter - Generating JSON report for VIR-137.03 Verify that in the grid view the following product info is shown to file /Users/rodionsavchuk/hybrisAutomation/virco-automatedtests/target/site/serenity/2d367fe8d4e995fe7f0f69d3d29f47666f1d4fd6318f8f9dd42678280fb025a4.json (using temp file /Users/rodionsavchuk/hybrisAutomation/virco-automatedtests/target/site/serenity/2d367fe8d4e995fe7f0f69d3d29f47666f1d4fd6318f8f9dd42678280fb025a4.jsonf0c4b7cc-7850-4c63-89c2-7478af7f899a)
[pool-1-thread-4] INFO net.thucydides.core.reports.json.JSONTestOutcomeReporter - Generating JSON report for VIR-137.01 Verify that the toggle button is shown above the products to file /Users/rodionsavchuk/hybrisAutomation/virco-automatedtests/target/site/serenity/ed05f0ebcdeb7ab8ce4053f5e77c2e104b16083b38ff0389ff4683e6797df73a.json (using temp file /Users/rodionsavchuk/hybrisAutomation/virco-automatedtests/target/site/serenity/ed05f0ebcdeb7ab8ce4053f5e77c2e104b16083b38ff0389ff4683e6797df73a.json3d9ab653-5f0e-4f92-b3f1-a825fcf2184e)
[pool-1-thread-4] INFO net.thucydides.core.reports.json.JSONTestOutcomeReporter - Generating JSON report for VIR-137.04 Verify that in the List view the following info is shown to file /Users/rodionsavchuk/hybrisAutomation/virco-automatedtests/target/site/serenity/492108091097b8f1a9b1f860ede4bcf742b38d74fb739ac7ab3bec842b5bcb07.json (using temp file /Users/rodionsavchuk/hybrisAutomation/virco-automatedtests/target/site/serenity/492108091097b8f1a9b1f860ede4bcf742b38d74fb739ac7ab3bec842b5bcb07.json48f1f6bb-3ad9-4f27-8594-1d6dce9ea209)
[pool-1-thread-2] INFO net.thucydides.core.reports.json.JSONTestOutcomeReporter - Generating JSON report for VIR-137.05 Verify that the list of products is the same in both views to file /Users/rodionsavchuk/hybrisAutomation/virco-automatedtests/target/site/serenity/ae1db428932e82981303203bdc6eb851846608ccd30fa908f4f5b446cb968075.json (using temp file /Users/rodionsavchuk/hybrisAutomation/virco-automatedtests/target/site/serenity/ae1db428932e82981303203bdc6eb851846608ccd30fa908f4f5b446cb968075.json56c6eba8-f995-41ec-8ccf-e9d0b29d5f3d)
[pool-1-thread-3] INFO net.thucydides.core.reports.json.JSONTestOutcomeReporter - Generating JSON report for VIR-251.02 Verify that the 20 products are shown per page to file /Users/rodionsavchuk/hybrisAutomation/virco-automatedtests/target/site/serenity/3e2f2a51405f3fa5f517d1a92fb6c7f2d63a08226c65dc48dfcdfc1de866d2f3.json (using temp file /Users/rodionsavchuk/hybrisAutomation/virco-automatedtests/target/site/serenity/3e2f2a51405f3fa5f517d1a92fb6c7f2d63a08226c65dc48dfcdfc1de866d2f3.jsonab3843c7-2550-4501-b4d9-d0c90c14f7c2)
[pool-1-thread-1] INFO net.thucydides.core.reports.json.JSONTestOutcomeReporter - Generating JSON report for VIR-251.01 Verify that the amount of products per opened page is shown to file /Users/rodionsavchuk/hybrisAutomation/virco-automatedtests/target/site/serenity/2c0ae4476567833206363958c76f43f0bea266ccf19875e0be388e0105241b80.json (using temp file /Users/rodionsavchuk/hybrisAutomation/virco-automatedtests/target/site/serenity/2c0ae4476567833206363958c76f43f0bea266ccf19875e0be388e0105241b80.jsonc8558040-9017-4f02-acb3-bf828bfabb7a)
[pool-1-thread-3] INFO net.thucydides.core.reports.json.JSONTestOutcomeReporter - Generating JSON report for VIR-251.03 Verify that the last page shows the appropriate number of items to file /Users/rodionsavchuk/hybrisAutomation/virco-automatedtests/target/site/serenity/203add71e1553852782b06b46ad692a125d7913e1dcdfa1bc77d21975adc91d3.json (using temp file /Users/rodionsavchuk/hybrisAutomation/virco-automatedtests/target/site/serenity/203add71e1553852782b06b46ad692a125d7913e1dcdfa1bc77d21975adc91d3.jsonbf937566-ab92-404c-a338-6c3001ca1c47)
[pool-1-thread-2] INFO net.thucydides.core.reports.json.JSONTestOutcomeReporter - Generating JSON report for VIR-138.01 Verify that the pagination is shown above and below the list of products to file /Users/rodionsavchuk/hybrisAutomation/virco-automatedtests/target/site/serenity/9771603025f14f96b272fa21dca31889f195c9a9337b95fbf5eab3295a9e05a4.json (using temp file /Users/rodionsavchuk/hybrisAutomation/virco-automatedtests/target/site/serenity/9771603025f14f96b272fa21dca31889f195c9a9337b95fbf5eab3295a9e05a4.json9e7ba671-ca31-414d-bdbc-5923af7925dd)
[pool-1-thread-1] INFO net.thucydides.core.reports.json.JSONTestOutcomeReporter - Generating JSON report for VIR-592.01 Verify that the pagination is shown above and below the list of products on search page to file /Users/rodionsavchuk/hybrisAutomation/virco-automatedtests/target/site/serenity/5184d7acbfb3ebe8e1ad1150664aad7942651d17649b17c3849d0eea482d8652.json (using temp file /Users/rodionsavchuk/hybrisAutomation/virco-automatedtests/target/site/serenity/5184d7acbfb3ebe8e1ad1150664aad7942651d17649b17c3849d0eea482d8652.json7158a2bc-94b9-4c24-ba81-150e56115dac)
[pool-1-thread-4] INFO net.thucydides.core.reports.html.HtmlAcceptanceTestReporter - GENERATING HTML REPORT FOR CAT-1 - Grid/List View Toggle:VIR-137.01 Verify that the toggle button is shown above the products in ed05f0ebcdeb7ab8ce4053f5e77c2e104b16083b38ff0389ff4683e6797df73a.html in directory target/site/serenity  
[pool-1-thread-2] INFO net.thucydides.core.reports.html.HtmlAcceptanceTestReporter - GENERATING HTML REPORT FOR CAT-1 - Grid/List View Toggle:VIR-137.03 Verify that in the grid view the following product info is shown in 2d367fe8d4e995fe7f0f69d3d29f47666f1d4fd6318f8f9dd42678280fb025a4.html in directory target/site/serenity  
[pool-1-thread-3] INFO net.thucydides.core.reports.html.HtmlAcceptanceTestReporter - GENERATING HTML REPORT FOR CAT-1 - Grid/List View Toggle:VIR-137.02 Verify that the customer can switch the view of products into grid, list in cdb7752ae4e635597dc73730ce49dc450174bfbf736b9ef32175a8b54c56e86c.html in directory target/site/serenity  
[pool-1-thread-4] INFO net.thucydides.core.reports.html.HtmlAcceptanceTestReporter - GENERATING HTML REPORT FOR CAT-1 - Grid/List View Toggle:VIR-137.04 Verify that in the List view the following info is shown in 492108091097b8f1a9b1f860ede4bcf742b38d74fb739ac7ab3bec842b5bcb07.html in directory target/site/serenity  
[pool-1-thread-2] INFO net.thucydides.core.reports.html.HtmlAcceptanceTestReporter - GENERATING HTML REPORT FOR CAT-1 - Grid/List View Toggle:VIR-137.05 Verify that the list of products is the same in both views in ae1db428932e82981303203bdc6eb851846608ccd30fa908f4f5b446cb968075.html in directory target/site/serenity  
[pool-1-thread-1] INFO net.thucydides.core.reports.html.HtmlAcceptanceTestReporter - GENERATING HTML REPORT FOR CAT-1 - Grid/List View Toggle:VIR-790.01 Verify that the customer can switch the view of products into grid, list on search page in 79c89f5c9fd1ad2a8c101b5f0410c8b569b0435ef40abf20f63e096a8d5de34e.html in directory target/site/serenity  
[pool-1-thread-3] INFO net.thucydides.core.reports.html.HtmlAcceptanceTestReporter - GENERATING HTML REPORT FOR CAT-2 - Numeration Display:VIR-251.01 Verify that the amount of products per opened page is shown in 2c0ae4476567833206363958c76f43f0bea266ccf19875e0be388e0105241b80.html in directory target/site/serenity  
[pool-1-thread-2] INFO net.thucydides.core.reports.html.HtmlAcceptanceTestReporter - GENERATING HTML REPORT FOR CAT-2 - Numeration Display:VIR-251.02 Verify that the 20 products are shown per page in 3e2f2a51405f3fa5f517d1a92fb6c7f2d63a08226c65dc48dfcdfc1de866d2f3.html in directory target/site/serenity  
[pool-1-thread-3] INFO net.thucydides.core.reports.html.HtmlAcceptanceTestReporter - GENERATING HTML REPORT FOR CAT-2 - Numeration Display:VIR-251.03 Verify that the last page shows the appropriate number of items in 203add71e1553852782b06b46ad692a125d7913e1dcdfa1bc77d21975adc91d3.html in directory target/site/serenity  
[pool-1-thread-1] INFO net.thucydides.core.reports.html.HtmlAcceptanceTestReporter - GENERATING HTML REPORT FOR CAT-3 - Pagination:VIR-138.01 Verify that the pagination is shown above and below the list of products in 9771603025f14f96b272fa21dca31889f195c9a9337b95fbf5eab3295a9e05a4.html in directory target/site/serenity  
[pool-1-thread-4] INFO net.thucydides.core.reports.html.HtmlAcceptanceTestReporter - GENERATING HTML REPORT FOR CAT-3 - Pagination:VIR-592.01 Verify that the pagination is shown above and below the list of products on search page in 5184d7acbfb3ebe8e1ad1150664aad7942651d17649b17c3849d0eea482d8652.html in directory target/site/serenity  
[main] INFO net.serenitybdd.core.Serenity - 
 _____ _____ ____ _____   ____ _____  _    ____ _____ _____ ____  
|_   _| ____/ ___|_   _| / ___|_   _|/ \  |  _ \_   _| ____|  _ \ 
  | | |  _| \___ \ | |   \___ \ | | / _ \ | |_) || | |  _| | | | |
  | | | |___ ___) || |    ___) || |/ ___ \|  _ < | | | |___| |_| |
  |_| |_____|____/ |_|   |____/ |_/_/   \_\_| \_\|_| |_____|____/ 
                                                                  

TEST STARTED: VIR-138.02 Verify that the pagination is suppressed, if only one page of products exist
-------------------------------------------------------------------(cat-3---pagination;vir-138.02-verify-that-the-pagination-is-suppressed,-if-only-one-page-of-products-exist)
[main] INFO net.serenitybdd.core.Serenity - STARTING STEP Given open the site and login
[main] INFO net.serenitybdd.core.Serenity - STARTING STEP Open the site
[main] INFO net.serenitybdd.core.Serenity - STEP ERROR: net.serenitybdd.core.exceptions.SerenityManagedException: Could not initialize class com.virco.locators.SiteData
]]></system-err>
  </testcase>
  <testcase name="Scenario: VIR-138.02 Verify that the pagination is suppressed, if only one page of products exist" classname="Scenario: VIR-138.02 Verify that the pagination is suppressed, if only one page of products exist" time="0.001">
    <error message="Could not initialize class com.virco.locators.SiteData" type="net.serenitybdd.core.exceptions.SerenityManagedException"><![CDATA[net.serenitybdd.core.exceptions.SerenityManagedException: Could not initialize class com.virco.locators.SiteData
	at com.virco.steps.serenity.CommonUserSteps.openTheSite(CommonUserSteps.java:19)
	at com.virco.steps.serenity.CommonUserSteps$$EnhancerByCGLIB$$d8541bfa.CGLIB$openTheSite$6(<generated>)
	at com.virco.steps.serenity.CommonUserSteps$$EnhancerByCGLIB$$d8541bfa$$FastClassByCGLIB$$ea8e0f86.invoke(<generated>)
	at net.sf.cglib.proxy.MethodProxy.invokeSuper(MethodProxy.java:228)
	at net.thucydides.core.steps.StepInterceptor.invokeMethod(StepInterceptor.java:372)
	at net.thucydides.core.steps.StepInterceptor.executeTestStepMethod(StepInterceptor.java:357)
	at net.thucydides.core.steps.StepInterceptor.runTestStep(StepInterceptor.java:332)
	at net.thucydides.core.steps.StepInterceptor.testStepResult(StepInterceptor.java:134)
	at net.thucydides.core.steps.StepInterceptor.intercept(StepInterceptor.java:61)
	at com.virco.steps.serenity.CommonUserSteps$$EnhancerByCGLIB$$d8541bfa.openTheSite(<generated>)
	at com.virco.steps.CommonDefinitionSteps.openTheSiteAndLogin(CommonDefinitionSteps.java:72)
	at sun.reflect.GeneratedMethodAccessor143.invoke(Unknown Source)
	at sun.reflect.DelegatingMethodAccessorImpl.invoke(DelegatingMethodAccessorImpl.java:43)
	at java.lang.reflect.Method.invoke(Method.java:498)
	at cucumber.runtime.Utils$1.call(Utils.java:40)
	at cucumber.runtime.Timeout.timeout(Timeout.java:16)
	at cucumber.runtime.Utils.invoke(Utils.java:34)
	at cucumber.runtime.java.JavaStepDefinition.execute(JavaStepDefinition.java:38)
	at cucumber.runtime.StepDefinitionMatch.runStep(StepDefinitionMatch.java:37)
	at cucumber.runtime.Runtime.runStep(Runtime.java:300)
	at cucumber.runtime.model.StepContainer.runStep(StepContainer.java:44)
	at cucumber.runtime.model.StepContainer.runSteps(StepContainer.java:39)
	at cucumber.runtime.model.CucumberScenario.run(CucumberScenario.java:44)
	at cucumber.runtime.junit.ExecutionUnitRunner.run(ExecutionUnitRunner.java:102)
	at cucumber.runtime.junit.FeatureRunner.runChild(FeatureRunner.java:63)
	at cucumber.runtime.junit.FeatureRunner.runChild(FeatureRunner.java:18)
	at org.junit.runners.ParentRunner$3.run(ParentRunner.java:290)
	at org.junit.runners.ParentRunner$1.schedule(ParentRunner.java:71)
	at org.junit.runners.ParentRunner.runChildren(ParentRunner.java:288)
	at org.junit.runners.ParentRunner.access$000(ParentRunner.java:58)
	at org.junit.runners.ParentRunner$2.evaluate(ParentRunner.java:268)
	at org.junit.runners.ParentRunner.run(ParentRunner.java:363)
	at cucumber.runtime.junit.FeatureRunner.run(FeatureRunner.java:70)
	at cucumber.api.junit.Cucumber.runChild(Cucumber.java:95)
	at cucumber.api.junit.Cucumber.runChild(Cucumber.java:38)
	at org.junit.runners.ParentRunner$3.run(ParentRunner.java:290)
	at org.junit.runners.ParentRunner$1.schedule(ParentRunner.java:71)
	at org.junit.runners.ParentRunner.runChildren(ParentRunner.java:288)
	at org.junit.runners.ParentRunner.access$000(ParentRunner.java:58)
	at org.junit.runners.ParentRunner$2.evaluate(ParentRunner.java:268)
	at org.junit.runners.ParentRunner.run(ParentRunner.java:363)
	at cucumber.api.junit.Cucumber.run(Cucumber.java:100)
	at org.apache.maven.surefire.junit4.JUnit4Provider.execute(JUnit4Provider.java:283)
	at org.apache.maven.surefire.junit4.JUnit4Provider.executeWithRerun(JUnit4Provider.java:173)
	at org.apache.maven.surefire.junit4.JUnit4Provider.executeTestSet(JUnit4Provider.java:153)
	at org.apache.maven.surefire.junit4.JUnit4Provider.invoke(JUnit4Provider.java:128)
	at org.apache.maven.surefire.booter.ForkedBooter.invokeProviderInSameClassLoader(ForkedBooter.java:203)
	at org.apache.maven.surefire.booter.ForkedBooter.runSuitesInProcess(ForkedBooter.java:155)
	at org.apache.maven.surefire.booter.ForkedBooter.main(ForkedBooter.java:103)
]]></error>
  </testcase>
  <testcase name="When search for &quot;4002951&quot;" classname="Scenario: VIR-138.02 Verify that the pagination is suppressed, if only one page of products exist" time="0">
    <skipped/>
    <system-err><![CDATA[[main] INFO net.serenitybdd.core.Serenity - STEP ERROR: java.lang.NoClassDefFoundError: Could not initialize class com.virco.locators.SiteData
[main] INFO net.serenitybdd.core.Serenity - STARTING STEP When search for "4002951"
]]></system-err>
  </testcase>
  <testcase name="Then the pagination is suppressed" classname="Scenario: VIR-138.02 Verify that the pagination is suppressed, if only one page of products exist" time="0">
    <skipped/>
    <system-err><![CDATA[[main] INFO net.serenitybdd.core.Serenity - IGNORING STEP
[main] INFO net.serenitybdd.core.Serenity - STARTING STEP Then the pagination is suppressed
]]></system-err>
  </testcase>
  <testcase name="Given open the site and login" classname="Scenario: VIR-138.03 Verify that the last page is shown when customer enters the page number that is bigger than the existed one" time="0">
    <error message="Could not initialize class com.virco.locators.SiteData" type="net.serenitybdd.core.exceptions.SerenityManagedException"><![CDATA[net.serenitybdd.core.exceptions.SerenityManagedException: Could not initialize class com.virco.locators.SiteData
	at com.virco.steps.serenity.CommonUserSteps.openTheSite(CommonUserSteps.java:19)
	at com.virco.steps.serenity.CommonUserSteps$$EnhancerByCGLIB$$d8541bfa.CGLIB$openTheSite$6(<generated>)
	at com.virco.steps.serenity.CommonUserSteps$$EnhancerByCGLIB$$d8541bfa$$FastClassByCGLIB$$ea8e0f86.invoke(<generated>)
	at net.sf.cglib.proxy.MethodProxy.invokeSuper(MethodProxy.java:228)
	at net.thucydides.core.steps.StepInterceptor.invokeMethod(StepInterceptor.java:372)
	at net.thucydides.core.steps.StepInterceptor.executeTestStepMethod(StepInterceptor.java:357)
	at net.thucydides.core.steps.StepInterceptor.runTestStep(StepInterceptor.java:332)
	at net.thucydides.core.steps.StepInterceptor.testStepResult(StepInterceptor.java:134)
	at net.thucydides.core.steps.StepInterceptor.intercept(StepInterceptor.java:61)
	at com.virco.steps.serenity.CommonUserSteps$$EnhancerByCGLIB$$d8541bfa.openTheSite(<generated>)
	at com.virco.steps.CommonDefinitionSteps.openTheSiteAndLogin(CommonDefinitionSteps.java:72)
	at sun.reflect.GeneratedMethodAccessor143.invoke(Unknown Source)
	at sun.reflect.DelegatingMethodAccessorImpl.invoke(DelegatingMethodAccessorImpl.java:43)
	at java.lang.reflect.Method.invoke(Method.java:498)
	at cucumber.runtime.Utils$1.call(Utils.java:40)
	at cucumber.runtime.Timeout.timeout(Timeout.java:16)
	at cucumber.runtime.Utils.invoke(Utils.java:34)
	at cucumber.runtime.java.JavaStepDefinition.execute(JavaStepDefinition.java:38)
	at cucumber.runtime.StepDefinitionMatch.runStep(StepDefinitionMatch.java:37)
	at cucumber.runtime.Runtime.runStep(Runtime.java:300)
	at cucumber.runtime.model.StepContainer.runStep(StepContainer.java:44)
	at cucumber.runtime.model.StepContainer.runSteps(StepContainer.java:39)
	at cucumber.runtime.model.CucumberScenario.run(CucumberScenario.java:44)
	at cucumber.runtime.junit.ExecutionUnitRunner.run(ExecutionUnitRunner.java:102)
	at cucumber.runtime.junit.FeatureRunner.runChild(FeatureRunner.java:63)
	at cucumber.runtime.junit.FeatureRunner.runChild(FeatureRunner.java:18)
	at org.junit.runners.ParentRunner$3.run(ParentRunner.java:290)
	at org.junit.runners.ParentRunner$1.schedule(ParentRunner.java:71)
	at org.junit.runners.ParentRunner.runChildren(ParentRunner.java:288)
	at org.junit.runners.ParentRunner.access$000(ParentRunner.java:58)
	at org.junit.runners.ParentRunner$2.evaluate(ParentRunner.java:268)
	at org.junit.runners.ParentRunner.run(ParentRunner.java:363)
	at cucumber.runtime.junit.FeatureRunner.run(FeatureRunner.java:70)
	at cucumber.api.junit.Cucumber.runChild(Cucumber.java:95)
	at cucumber.api.junit.Cucumber.runChild(Cucumber.java:38)
	at org.junit.runners.ParentRunner$3.run(ParentRunner.java:290)
	at org.junit.runners.ParentRunner$1.schedule(ParentRunner.java:71)
	at org.junit.runners.ParentRunner.runChildren(ParentRunner.java:288)
	at org.junit.runners.ParentRunner.access$000(ParentRunner.java:58)
	at org.junit.runners.ParentRunner$2.evaluate(ParentRunner.java:268)
	at org.junit.runners.ParentRunner.run(ParentRunner.java:363)
	at cucumber.api.junit.Cucumber.run(Cucumber.java:100)
	at org.apache.maven.surefire.junit4.JUnit4Provider.execute(JUnit4Provider.java:283)
	at org.apache.maven.surefire.junit4.JUnit4Provider.executeWithRerun(JUnit4Provider.java:173)
	at org.apache.maven.surefire.junit4.JUnit4Provider.executeTestSet(JUnit4Provider.java:153)
	at org.apache.maven.surefire.junit4.JUnit4Provider.invoke(JUnit4Provider.java:128)
	at org.apache.maven.surefire.booter.ForkedBooter.invokeProviderInSameClassLoader(ForkedBooter.java:203)
	at org.apache.maven.surefire.booter.ForkedBooter.runSuitesInProcess(ForkedBooter.java:155)
	at org.apache.maven.surefire.booter.ForkedBooter.main(ForkedBooter.java:103)
]]></error>
    <system-err><![CDATA[[main] INFO net.serenitybdd.core.Serenity - IGNORING STEP
[main] ERROR net.serenitybdd.core.Serenity - 
           __  _____ _____ ____ _____   _____ _    ___ _     _____ ____  
  _       / / |_   _| ____/ ___|_   _| |  ___/ \  |_ _| |   | ____|  _ \ 
 (_)_____| |    | | |  _| \___ \ | |   | |_ / _ \  | || |   |  _| | | | |
  _|_____| |    | | | |___ ___) || |   |  _/ ___ \ | || |___| |___| |_| |
 (_)     | |    |_| |_____|____/ |_|   |_|/_/   \_\___|_____|_____|____/ 
          \_\                                                            

TEST FAILED WITH ERROR: VIR-138.02 Verify that the pagination is suppressed, if only one page of products exist
---------------------------------------------------------------------
[main] ERROR net.serenitybdd.core.Serenity - TEST FAILED AT STEP Open the site
[main] ERROR net.serenitybdd.core.Serenity - Could not initialize class com.virco.locators.SiteData
[pool-1-thread-4] INFO net.thucydides.core.reports.json.JSONTestOutcomeReporter - Generating JSON report for VIR-137.03 Verify that in the grid view the following product info is shown to file /Users/rodionsavchuk/hybrisAutomation/virco-automatedtests/target/site/serenity/2d367fe8d4e995fe7f0f69d3d29f47666f1d4fd6318f8f9dd42678280fb025a4.json (using temp file /Users/rodionsavchuk/hybrisAutomation/virco-automatedtests/target/site/serenity/2d367fe8d4e995fe7f0f69d3d29f47666f1d4fd6318f8f9dd42678280fb025a4.json9d783526-c252-4d44-97c1-4c216db6080b)
[pool-1-thread-1] INFO net.thucydides.core.reports.json.JSONTestOutcomeReporter - Generating JSON report for VIR-790.01 Verify that the customer can switch the view of products into grid, list on search page to file /Users/rodionsavchuk/hybrisAutomation/virco-automatedtests/target/site/serenity/79c89f5c9fd1ad2a8c101b5f0410c8b569b0435ef40abf20f63e096a8d5de34e.json (using temp file /Users/rodionsavchuk/hybrisAutomation/virco-automatedtests/target/site/serenity/79c89f5c9fd1ad2a8c101b5f0410c8b569b0435ef40abf20f63e096a8d5de34e.json5941fc21-defb-4ab2-a173-3808ef8ff684)
[pool-1-thread-2] INFO net.thucydides.core.reports.json.JSONTestOutcomeReporter - Generating JSON report for VIR-137.02 Verify that the customer can switch the view of products into grid, list to file /Users/rodionsavchuk/hybrisAutomation/virco-automatedtests/target/site/serenity/cdb7752ae4e635597dc73730ce49dc450174bfbf736b9ef32175a8b54c56e86c.json (using temp file /Users/rodionsavchuk/hybrisAutomation/virco-automatedtests/target/site/serenity/cdb7752ae4e635597dc73730ce49dc450174bfbf736b9ef32175a8b54c56e86c.jsona65d3d68-9a25-4884-b78c-b32b2aedc755)
[pool-1-thread-3] INFO net.thucydides.core.reports.json.JSONTestOutcomeReporter - Generating JSON report for VIR-137.01 Verify that the toggle button is shown above the products to file /Users/rodionsavchuk/hybrisAutomation/virco-automatedtests/target/site/serenity/ed05f0ebcdeb7ab8ce4053f5e77c2e104b16083b38ff0389ff4683e6797df73a.json (using temp file /Users/rodionsavchuk/hybrisAutomation/virco-automatedtests/target/site/serenity/ed05f0ebcdeb7ab8ce4053f5e77c2e104b16083b38ff0389ff4683e6797df73a.json388846e4-5a1c-4ea4-8539-1ba60f352501)
[pool-1-thread-4] INFO net.thucydides.core.reports.json.JSONTestOutcomeReporter - Generating JSON report for VIR-137.04 Verify that in the List view the following info is shown to file /Users/rodionsavchuk/hybrisAutomation/virco-automatedtests/target/site/serenity/492108091097b8f1a9b1f860ede4bcf742b38d74fb739ac7ab3bec842b5bcb07.json (using temp file /Users/rodionsavchuk/hybrisAutomation/virco-automatedtests/target/site/serenity/492108091097b8f1a9b1f860ede4bcf742b38d74fb739ac7ab3bec842b5bcb07.jsona987b053-4553-4484-8844-a7ef531b763a)
[pool-1-thread-1] INFO net.thucydides.core.reports.json.JSONTestOutcomeReporter - Generating JSON report for VIR-137.05 Verify that the list of products is the same in both views to file /Users/rodionsavchuk/hybrisAutomation/virco-automatedtests/target/site/serenity/ae1db428932e82981303203bdc6eb851846608ccd30fa908f4f5b446cb968075.json (using temp file /Users/rodionsavchuk/hybrisAutomation/virco-automatedtests/target/site/serenity/ae1db428932e82981303203bdc6eb851846608ccd30fa908f4f5b446cb968075.jsondc4bd4f9-7f38-480f-ae78-1b04328c4831)
[pool-1-thread-3] INFO net.thucydides.core.reports.json.JSONTestOutcomeReporter - Generating JSON report for VIR-251.01 Verify that the amount of products per opened page is shown to file /Users/rodionsavchuk/hybrisAutomation/virco-automatedtests/target/site/serenity/2c0ae4476567833206363958c76f43f0bea266ccf19875e0be388e0105241b80.json (using temp file /Users/rodionsavchuk/hybrisAutomation/virco-automatedtests/target/site/serenity/2c0ae4476567833206363958c76f43f0bea266ccf19875e0be388e0105241b80.jsond043d376-a8c9-4afe-af90-241cc9cfd058)
[pool-1-thread-2] INFO net.thucydides.core.reports.json.JSONTestOutcomeReporter - Generating JSON report for VIR-251.02 Verify that the 20 products are shown per page to file /Users/rodionsavchuk/hybrisAutomation/virco-automatedtests/target/site/serenity/3e2f2a51405f3fa5f517d1a92fb6c7f2d63a08226c65dc48dfcdfc1de866d2f3.json (using temp file /Users/rodionsavchuk/hybrisAutomation/virco-automatedtests/target/site/serenity/3e2f2a51405f3fa5f517d1a92fb6c7f2d63a08226c65dc48dfcdfc1de866d2f3.jsond61f6797-97e7-46d4-88d1-c95adfe56106)
[pool-1-thread-2] INFO net.thucydides.core.reports.json.JSONTestOutcomeReporter - Generating JSON report for VIR-251.03 Verify that the last page shows the appropriate number of items to file /Users/rodionsavchuk/hybrisAutomation/virco-automatedtests/target/site/serenity/203add71e1553852782b06b46ad692a125d7913e1dcdfa1bc77d21975adc91d3.json (using temp file /Users/rodionsavchuk/hybrisAutomation/virco-automatedtests/target/site/serenity/203add71e1553852782b06b46ad692a125d7913e1dcdfa1bc77d21975adc91d3.jsonfc70b804-a08e-47d6-91c4-5cc9b7b54f72)
[pool-1-thread-1] INFO net.thucydides.core.reports.json.JSONTestOutcomeReporter - Generating JSON report for VIR-138.01 Verify that the pagination is shown above and below the list of products to file /Users/rodionsavchuk/hybrisAutomation/virco-automatedtests/target/site/serenity/9771603025f14f96b272fa21dca31889f195c9a9337b95fbf5eab3295a9e05a4.json (using temp file /Users/rodionsavchuk/hybrisAutomation/virco-automatedtests/target/site/serenity/9771603025f14f96b272fa21dca31889f195c9a9337b95fbf5eab3295a9e05a4.json7f0039a0-a7a2-4a7a-a882-392fdb9890ea)
[pool-1-thread-3] INFO net.thucydides.core.reports.json.JSONTestOutcomeReporter - Generating JSON report for VIR-592.01 Verify that the pagination is shown above and below the list of products on search page to file /Users/rodionsavchuk/hybrisAutomation/virco-automatedtests/target/site/serenity/5184d7acbfb3ebe8e1ad1150664aad7942651d17649b17c3849d0eea482d8652.json (using temp file /Users/rodionsavchuk/hybrisAutomation/virco-automatedtests/target/site/serenity/5184d7acbfb3ebe8e1ad1150664aad7942651d17649b17c3849d0eea482d8652.jsonb83ad2b0-2ea1-48b4-b9c5-04dde2de7360)
[pool-1-thread-4] INFO net.thucydides.core.reports.json.JSONTestOutcomeReporter - Generating JSON report for VIR-138.02 Verify that the pagination is suppressed, if only one page of products exist to file /Users/rodionsavchuk/hybrisAutomation/virco-automatedtests/target/site/serenity/ac84c28d9514fcaca1cb434f3db75c589b46912734ad917fa2234bd7cc42f0e5.json (using temp file /Users/rodionsavchuk/hybrisAutomation/virco-automatedtests/target/site/serenity/ac84c28d9514fcaca1cb434f3db75c589b46912734ad917fa2234bd7cc42f0e5.jsone03ead32-944b-41c2-9b67-35f2c20758d9)
[pool-1-thread-2] INFO net.thucydides.core.reports.html.HtmlAcceptanceTestReporter - GENERATING HTML REPORT FOR CAT-1 - Grid/List View Toggle:VIR-137.01 Verify that the toggle button is shown above the products in ed05f0ebcdeb7ab8ce4053f5e77c2e104b16083b38ff0389ff4683e6797df73a.html in directory target/site/serenity  
[pool-1-thread-1] INFO net.thucydides.core.reports.html.HtmlAcceptanceTestReporter - GENERATING HTML REPORT FOR CAT-1 - Grid/List View Toggle:VIR-137.02 Verify that the customer can switch the view of products into grid, list in cdb7752ae4e635597dc73730ce49dc450174bfbf736b9ef32175a8b54c56e86c.html in directory target/site/serenity  
[pool-1-thread-3] INFO net.thucydides.core.reports.html.HtmlAcceptanceTestReporter - GENERATING HTML REPORT FOR CAT-1 - Grid/List View Toggle:VIR-790.01 Verify that the customer can switch the view of products into grid, list on search page in 79c89f5c9fd1ad2a8c101b5f0410c8b569b0435ef40abf20f63e096a8d5de34e.html in directory target/site/serenity  
[pool-1-thread-4] INFO net.thucydides.core.reports.html.HtmlAcceptanceTestReporter - GENERATING HTML REPORT FOR CAT-1 - Grid/List View Toggle:VIR-137.03 Verify that in the grid view the following product info is shown in 2d367fe8d4e995fe7f0f69d3d29f47666f1d4fd6318f8f9dd42678280fb025a4.html in directory target/site/serenity  
[pool-1-thread-1] INFO net.thucydides.core.reports.html.HtmlAcceptanceTestReporter - GENERATING HTML REPORT FOR CAT-1 - Grid/List View Toggle:VIR-137.04 Verify that in the List view the following info is shown in 492108091097b8f1a9b1f860ede4bcf742b38d74fb739ac7ab3bec842b5bcb07.html in directory target/site/serenity  
[pool-1-thread-3] INFO net.thucydides.core.reports.html.HtmlAcceptanceTestReporter - GENERATING HTML REPORT FOR CAT-1 - Grid/List View Toggle:VIR-137.05 Verify that the list of products is the same in both views in ae1db428932e82981303203bdc6eb851846608ccd30fa908f4f5b446cb968075.html in directory target/site/serenity  
[pool-1-thread-2] INFO net.thucydides.core.reports.html.HtmlAcceptanceTestReporter - GENERATING HTML REPORT FOR CAT-2 - Numeration Display:VIR-251.01 Verify that the amount of products per opened page is shown in 2c0ae4476567833206363958c76f43f0bea266ccf19875e0be388e0105241b80.html in directory target/site/serenity  
[pool-1-thread-4] INFO net.thucydides.core.reports.html.HtmlAcceptanceTestReporter - GENERATING HTML REPORT FOR CAT-2 - Numeration Display:VIR-251.02 Verify that the 20 products are shown per page in 3e2f2a51405f3fa5f517d1a92fb6c7f2d63a08226c65dc48dfcdfc1de866d2f3.html in directory target/site/serenity  
[pool-1-thread-2] INFO net.thucydides.core.reports.html.HtmlAcceptanceTestReporter - GENERATING HTML REPORT FOR CAT-3 - Pagination:VIR-592.01 Verify that the pagination is shown above and below the list of products on search page in 5184d7acbfb3ebe8e1ad1150664aad7942651d17649b17c3849d0eea482d8652.html in directory target/site/serenity  
[pool-1-thread-1] INFO net.thucydides.core.reports.html.HtmlAcceptanceTestReporter - GENERATING HTML REPORT FOR CAT-2 - Numeration Display:VIR-251.03 Verify that the last page shows the appropriate number of items in 203add71e1553852782b06b46ad692a125d7913e1dcdfa1bc77d21975adc91d3.html in directory target/site/serenity  
[pool-1-thread-3] INFO net.thucydides.core.reports.html.HtmlAcceptanceTestReporter - GENERATING HTML REPORT FOR CAT-3 - Pagination:VIR-138.01 Verify that the pagination is shown above and below the list of products in 9771603025f14f96b272fa21dca31889f195c9a9337b95fbf5eab3295a9e05a4.html in directory target/site/serenity  
[pool-1-thread-4] INFO net.thucydides.core.reports.html.HtmlAcceptanceTestReporter - GENERATING HTML REPORT FOR CAT-3 - Pagination:VIR-138.02 Verify that the pagination is suppressed, if only one page of products exist in ac84c28d9514fcaca1cb434f3db75c589b46912734ad917fa2234bd7cc42f0e5.html in directory target/site/serenity  
[main] INFO net.serenitybdd.core.Serenity - 
 _____ _____ ____ _____   ____ _____  _    ____ _____ _____ ____  
|_   _| ____/ ___|_   _| / ___|_   _|/ \  |  _ \_   _| ____|  _ \ 
  | | |  _| \___ \ | |   \___ \ | | / _ \ | |_) || | |  _| | | | |
  | | | |___ ___) || |    ___) || |/ ___ \|  _ < | | | |___| |_| |
  |_| |_____|____/ |_|   |____/ |_/_/   \_\_| \_\|_| |_____|____/ 
                                                                  

TEST STARTED: VIR-138.03 Verify that the last page is shown when customer enters the page number that is bigger than the existed one
-------------------------------------------------------------------(cat-3---pagination;vir-138.03-verify-that-the-last-page-is-shown-when-customer-enters-the-page-number-that-is-bigger-than-the-existed-one)
[main] INFO net.serenitybdd.core.Serenity - STARTING STEP Given open the site and login
[main] INFO net.serenitybdd.core.Serenity - STARTING STEP Open the site
[main] INFO net.serenitybdd.core.Serenity - STEP ERROR: net.serenitybdd.core.exceptions.SerenityManagedException: Could not initialize class com.virco.locators.SiteData
]]></system-err>
  </testcase>
  <testcase name="Scenario: VIR-138.03 Verify that the last page is shown when customer enters the page number that is bigger than the existed one" classname="Scenario: VIR-138.03 Verify that the last page is shown when customer enters the page number that is bigger than the existed one" time="0">
    <error message="Could not initialize class com.virco.locators.SiteData" type="net.serenitybdd.core.exceptions.SerenityManagedException"><![CDATA[net.serenitybdd.core.exceptions.SerenityManagedException: Could not initialize class com.virco.locators.SiteData
	at com.virco.steps.serenity.CommonUserSteps.openTheSite(CommonUserSteps.java:19)
	at com.virco.steps.serenity.CommonUserSteps$$EnhancerByCGLIB$$d8541bfa.CGLIB$openTheSite$6(<generated>)
	at com.virco.steps.serenity.CommonUserSteps$$EnhancerByCGLIB$$d8541bfa$$FastClassByCGLIB$$ea8e0f86.invoke(<generated>)
	at net.sf.cglib.proxy.MethodProxy.invokeSuper(MethodProxy.java:228)
	at net.thucydides.core.steps.StepInterceptor.invokeMethod(StepInterceptor.java:372)
	at net.thucydides.core.steps.StepInterceptor.executeTestStepMethod(StepInterceptor.java:357)
	at net.thucydides.core.steps.StepInterceptor.runTestStep(StepInterceptor.java:332)
	at net.thucydides.core.steps.StepInterceptor.testStepResult(StepInterceptor.java:134)
	at net.thucydides.core.steps.StepInterceptor.intercept(StepInterceptor.java:61)
	at com.virco.steps.serenity.CommonUserSteps$$EnhancerByCGLIB$$d8541bfa.openTheSite(<generated>)
	at com.virco.steps.CommonDefinitionSteps.openTheSiteAndLogin(CommonDefinitionSteps.java:72)
	at sun.reflect.GeneratedMethodAccessor143.invoke(Unknown Source)
	at sun.reflect.DelegatingMethodAccessorImpl.invoke(DelegatingMethodAccessorImpl.java:43)
	at java.lang.reflect.Method.invoke(Method.java:498)
	at cucumber.runtime.Utils$1.call(Utils.java:40)
	at cucumber.runtime.Timeout.timeout(Timeout.java:16)
	at cucumber.runtime.Utils.invoke(Utils.java:34)
	at cucumber.runtime.java.JavaStepDefinition.execute(JavaStepDefinition.java:38)
	at cucumber.runtime.StepDefinitionMatch.runStep(StepDefinitionMatch.java:37)
	at cucumber.runtime.Runtime.runStep(Runtime.java:300)
	at cucumber.runtime.model.StepContainer.runStep(StepContainer.java:44)
	at cucumber.runtime.model.StepContainer.runSteps(StepContainer.java:39)
	at cucumber.runtime.model.CucumberScenario.run(CucumberScenario.java:44)
	at cucumber.runtime.junit.ExecutionUnitRunner.run(ExecutionUnitRunner.java:102)
	at cucumber.runtime.junit.FeatureRunner.runChild(FeatureRunner.java:63)
	at cucumber.runtime.junit.FeatureRunner.runChild(FeatureRunner.java:18)
	at org.junit.runners.ParentRunner$3.run(ParentRunner.java:290)
	at org.junit.runners.ParentRunner$1.schedule(ParentRunner.java:71)
	at org.junit.runners.ParentRunner.runChildren(ParentRunner.java:288)
	at org.junit.runners.ParentRunner.access$000(ParentRunner.java:58)
	at org.junit.runners.ParentRunner$2.evaluate(ParentRunner.java:268)
	at org.junit.runners.ParentRunner.run(ParentRunner.java:363)
	at cucumber.runtime.junit.FeatureRunner.run(FeatureRunner.java:70)
	at cucumber.api.junit.Cucumber.runChild(Cucumber.java:95)
	at cucumber.api.junit.Cucumber.runChild(Cucumber.java:38)
	at org.junit.runners.ParentRunner$3.run(ParentRunner.java:290)
	at org.junit.runners.ParentRunner$1.schedule(ParentRunner.java:71)
	at org.junit.runners.ParentRunner.runChildren(ParentRunner.java:288)
	at org.junit.runners.ParentRunner.access$000(ParentRunner.java:58)
	at org.junit.runners.ParentRunner$2.evaluate(ParentRunner.java:268)
	at org.junit.runners.ParentRunner.run(ParentRunner.java:363)
	at cucumber.api.junit.Cucumber.run(Cucumber.java:100)
	at org.apache.maven.surefire.junit4.JUnit4Provider.execute(JUnit4Provider.java:283)
	at org.apache.maven.surefire.junit4.JUnit4Provider.executeWithRerun(JUnit4Provider.java:173)
	at org.apache.maven.surefire.junit4.JUnit4Provider.executeTestSet(JUnit4Provider.java:153)
	at org.apache.maven.surefire.junit4.JUnit4Provider.invoke(JUnit4Provider.java:128)
	at org.apache.maven.surefire.booter.ForkedBooter.invokeProviderInSameClassLoader(ForkedBooter.java:203)
	at org.apache.maven.surefire.booter.ForkedBooter.runSuitesInProcess(ForkedBooter.java:155)
	at org.apache.maven.surefire.booter.ForkedBooter.main(ForkedBooter.java:103)
]]></error>
  </testcase>
  <testcase name="When open category with pagination" classname="Scenario: VIR-138.03 Verify that the last page is shown when customer enters the page number that is bigger than the existed one" time="0">
    <skipped/>
    <system-err><![CDATA[[main] INFO net.serenitybdd.core.Serenity - STEP ERROR: java.lang.NoClassDefFoundError: Could not initialize class com.virco.locators.SiteData
[main] INFO net.serenitybdd.core.Serenity - STARTING STEP When open category with pagination
]]></system-err>
  </testcase>
  <testcase name="When enter &quot;1000&quot; in pagination page number field" classname="Scenario: VIR-138.03 Verify that the last page is shown when customer enters the page number that is bigger than the existed one" time="0">
    <skipped/>
    <system-err><![CDATA[[main] INFO net.serenitybdd.core.Serenity - IGNORING STEP
[main] INFO net.serenitybdd.core.Serenity - STARTING STEP When enter "1000" in pagination page number field
]]></system-err>
  </testcase>
  <testcase name="Then the last page is shown" classname="Scenario: VIR-138.03 Verify that the last page is shown when customer enters the page number that is bigger than the existed one" time="0">
    <skipped/>
    <system-err><![CDATA[[main] INFO net.serenitybdd.core.Serenity - IGNORING STEP
[main] INFO net.serenitybdd.core.Serenity - STARTING STEP Then the last page is shown
]]></system-err>
  </testcase>
  <testcase name="Given open the site and login" classname="Scenario: VIR-138.04 Verity that the first page is shown when customer enters the 0" time="0">
    <error message="Could not initialize class com.virco.locators.SiteData" type="net.serenitybdd.core.exceptions.SerenityManagedException"><![CDATA[net.serenitybdd.core.exceptions.SerenityManagedException: Could not initialize class com.virco.locators.SiteData
	at com.virco.steps.serenity.CommonUserSteps.openTheSite(CommonUserSteps.java:19)
	at com.virco.steps.serenity.CommonUserSteps$$EnhancerByCGLIB$$d8541bfa.CGLIB$openTheSite$6(<generated>)
	at com.virco.steps.serenity.CommonUserSteps$$EnhancerByCGLIB$$d8541bfa$$FastClassByCGLIB$$ea8e0f86.invoke(<generated>)
	at net.sf.cglib.proxy.MethodProxy.invokeSuper(MethodProxy.java:228)
	at net.thucydides.core.steps.StepInterceptor.invokeMethod(StepInterceptor.java:372)
	at net.thucydides.core.steps.StepInterceptor.executeTestStepMethod(StepInterceptor.java:357)
	at net.thucydides.core.steps.StepInterceptor.runTestStep(StepInterceptor.java:332)
	at net.thucydides.core.steps.StepInterceptor.testStepResult(StepInterceptor.java:134)
	at net.thucydides.core.steps.StepInterceptor.intercept(StepInterceptor.java:61)
	at com.virco.steps.serenity.CommonUserSteps$$EnhancerByCGLIB$$d8541bfa.openTheSite(<generated>)
	at com.virco.steps.CommonDefinitionSteps.openTheSiteAndLogin(CommonDefinitionSteps.java:72)
	at sun.reflect.GeneratedMethodAccessor143.invoke(Unknown Source)
	at sun.reflect.DelegatingMethodAccessorImpl.invoke(DelegatingMethodAccessorImpl.java:43)
	at java.lang.reflect.Method.invoke(Method.java:498)
	at cucumber.runtime.Utils$1.call(Utils.java:40)
	at cucumber.runtime.Timeout.timeout(Timeout.java:16)
	at cucumber.runtime.Utils.invoke(Utils.java:34)
	at cucumber.runtime.java.JavaStepDefinition.execute(JavaStepDefinition.java:38)
	at cucumber.runtime.StepDefinitionMatch.runStep(StepDefinitionMatch.java:37)
	at cucumber.runtime.Runtime.runStep(Runtime.java:300)
	at cucumber.runtime.model.StepContainer.runStep(StepContainer.java:44)
	at cucumber.runtime.model.StepContainer.runSteps(StepContainer.java:39)
	at cucumber.runtime.model.CucumberScenario.run(CucumberScenario.java:44)
	at cucumber.runtime.junit.ExecutionUnitRunner.run(ExecutionUnitRunner.java:102)
	at cucumber.runtime.junit.FeatureRunner.runChild(FeatureRunner.java:63)
	at cucumber.runtime.junit.FeatureRunner.runChild(FeatureRunner.java:18)
	at org.junit.runners.ParentRunner$3.run(ParentRunner.java:290)
	at org.junit.runners.ParentRunner$1.schedule(ParentRunner.java:71)
	at org.junit.runners.ParentRunner.runChildren(ParentRunner.java:288)
	at org.junit.runners.ParentRunner.access$000(ParentRunner.java:58)
	at org.junit.runners.ParentRunner$2.evaluate(ParentRunner.java:268)
	at org.junit.runners.ParentRunner.run(ParentRunner.java:363)
	at cucumber.runtime.junit.FeatureRunner.run(FeatureRunner.java:70)
	at cucumber.api.junit.Cucumber.runChild(Cucumber.java:95)
	at cucumber.api.junit.Cucumber.runChild(Cucumber.java:38)
	at org.junit.runners.ParentRunner$3.run(ParentRunner.java:290)
	at org.junit.runners.ParentRunner$1.schedule(ParentRunner.java:71)
	at org.junit.runners.ParentRunner.runChildren(ParentRunner.java:288)
	at org.junit.runners.ParentRunner.access$000(ParentRunner.java:58)
	at org.junit.runners.ParentRunner$2.evaluate(ParentRunner.java:268)
	at org.junit.runners.ParentRunner.run(ParentRunner.java:363)
	at cucumber.api.junit.Cucumber.run(Cucumber.java:100)
	at org.apache.maven.surefire.junit4.JUnit4Provider.execute(JUnit4Provider.java:283)
	at org.apache.maven.surefire.junit4.JUnit4Provider.executeWithRerun(JUnit4Provider.java:173)
	at org.apache.maven.surefire.junit4.JUnit4Provider.executeTestSet(JUnit4Provider.java:153)
	at org.apache.maven.surefire.junit4.JUnit4Provider.invoke(JUnit4Provider.java:128)
	at org.apache.maven.surefire.booter.ForkedBooter.invokeProviderInSameClassLoader(ForkedBooter.java:203)
	at org.apache.maven.surefire.booter.ForkedBooter.runSuitesInProcess(ForkedBooter.java:155)
	at org.apache.maven.surefire.booter.ForkedBooter.main(ForkedBooter.java:103)
]]></error>
    <system-err><![CDATA[[main] INFO net.serenitybdd.core.Serenity - IGNORING STEP
[main] ERROR net.serenitybdd.core.Serenity - 
           __  _____ _____ ____ _____   _____ _    ___ _     _____ ____  
  _       / / |_   _| ____/ ___|_   _| |  ___/ \  |_ _| |   | ____|  _ \ 
 (_)_____| |    | | |  _| \___ \ | |   | |_ / _ \  | || |   |  _| | | | |
  _|_____| |    | | | |___ ___) || |   |  _/ ___ \ | || |___| |___| |_| |
 (_)     | |    |_| |_____|____/ |_|   |_|/_/   \_\___|_____|_____|____/ 
          \_\                                                            

TEST FAILED WITH ERROR: VIR-138.03 Verify that the last page is shown when customer enters the page number that is bigger than the existed one
---------------------------------------------------------------------
[main] ERROR net.serenitybdd.core.Serenity - TEST FAILED AT STEP Open the site
[main] ERROR net.serenitybdd.core.Serenity - Could not initialize class com.virco.locators.SiteData
[pool-1-thread-1] INFO net.thucydides.core.reports.json.JSONTestOutcomeReporter - Generating JSON report for VIR-137.01 Verify that the toggle button is shown above the products to file /Users/rodionsavchuk/hybrisAutomation/virco-automatedtests/target/site/serenity/ed05f0ebcdeb7ab8ce4053f5e77c2e104b16083b38ff0389ff4683e6797df73a.json (using temp file /Users/rodionsavchuk/hybrisAutomation/virco-automatedtests/target/site/serenity/ed05f0ebcdeb7ab8ce4053f5e77c2e104b16083b38ff0389ff4683e6797df73a.json557b5b6d-e75c-4473-8e90-a42439dde575)
[pool-1-thread-2] INFO net.thucydides.core.reports.json.JSONTestOutcomeReporter - Generating JSON report for VIR-137.02 Verify that the customer can switch the view of products into grid, list to file /Users/rodionsavchuk/hybrisAutomation/virco-automatedtests/target/site/serenity/cdb7752ae4e635597dc73730ce49dc450174bfbf736b9ef32175a8b54c56e86c.json (using temp file /Users/rodionsavchuk/hybrisAutomation/virco-automatedtests/target/site/serenity/cdb7752ae4e635597dc73730ce49dc450174bfbf736b9ef32175a8b54c56e86c.json3fae2f81-bbdb-47c0-9cb5-8586baa8efe5)
[pool-1-thread-4] INFO net.thucydides.core.reports.json.JSONTestOutcomeReporter - Generating JSON report for VIR-790.01 Verify that the customer can switch the view of products into grid, list on search page to file /Users/rodionsavchuk/hybrisAutomation/virco-automatedtests/target/site/serenity/79c89f5c9fd1ad2a8c101b5f0410c8b569b0435ef40abf20f63e096a8d5de34e.json (using temp file /Users/rodionsavchuk/hybrisAutomation/virco-automatedtests/target/site/serenity/79c89f5c9fd1ad2a8c101b5f0410c8b569b0435ef40abf20f63e096a8d5de34e.json8f3f4980-8314-483f-826e-e506641fd0c4)
[pool-1-thread-1] INFO net.thucydides.core.reports.json.JSONTestOutcomeReporter - Generating JSON report for VIR-137.04 Verify that in the List view the following info is shown to file /Users/rodionsavchuk/hybrisAutomation/virco-automatedtests/target/site/serenity/492108091097b8f1a9b1f860ede4bcf742b38d74fb739ac7ab3bec842b5bcb07.json (using temp file /Users/rodionsavchuk/hybrisAutomation/virco-automatedtests/target/site/serenity/492108091097b8f1a9b1f860ede4bcf742b38d74fb739ac7ab3bec842b5bcb07.jsonaaf616e4-d0bd-43eb-92d3-023f46608a12)
[pool-1-thread-3] INFO net.thucydides.core.reports.json.JSONTestOutcomeReporter - Generating JSON report for VIR-137.03 Verify that in the grid view the following product info is shown to file /Users/rodionsavchuk/hybrisAutomation/virco-automatedtests/target/site/serenity/2d367fe8d4e995fe7f0f69d3d29f47666f1d4fd6318f8f9dd42678280fb025a4.json (using temp file /Users/rodionsavchuk/hybrisAutomation/virco-automatedtests/target/site/serenity/2d367fe8d4e995fe7f0f69d3d29f47666f1d4fd6318f8f9dd42678280fb025a4.json97441e44-2d5f-427b-aa61-1d77798588c6)
[pool-1-thread-4] INFO net.thucydides.core.reports.json.JSONTestOutcomeReporter - Generating JSON report for VIR-137.05 Verify that the list of products is the same in both views to file /Users/rodionsavchuk/hybrisAutomation/virco-automatedtests/target/site/serenity/ae1db428932e82981303203bdc6eb851846608ccd30fa908f4f5b446cb968075.json (using temp file /Users/rodionsavchuk/hybrisAutomation/virco-automatedtests/target/site/serenity/ae1db428932e82981303203bdc6eb851846608ccd30fa908f4f5b446cb968075.jsonc8e75787-e524-464c-99f6-22c4480f3b7c)
[pool-1-thread-2] INFO net.thucydides.core.reports.json.JSONTestOutcomeReporter - Generating JSON report for VIR-251.01 Verify that the amount of products per opened page is shown to file /Users/rodionsavchuk/hybrisAutomation/virco-automatedtests/target/site/serenity/2c0ae4476567833206363958c76f43f0bea266ccf19875e0be388e0105241b80.json (using temp file /Users/rodionsavchuk/hybrisAutomation/virco-automatedtests/target/site/serenity/2c0ae4476567833206363958c76f43f0bea266ccf19875e0be388e0105241b80.json89f12e3a-e7a7-4af3-9ece-598192d92960)
[pool-1-thread-3] INFO net.thucydides.core.reports.json.JSONTestOutcomeReporter - Generating JSON report for VIR-251.03 Verify that the last page shows the appropriate number of items to file /Users/rodionsavchuk/hybrisAutomation/virco-automatedtests/target/site/serenity/203add71e1553852782b06b46ad692a125d7913e1dcdfa1bc77d21975adc91d3.json (using temp file /Users/rodionsavchuk/hybrisAutomation/virco-automatedtests/target/site/serenity/203add71e1553852782b06b46ad692a125d7913e1dcdfa1bc77d21975adc91d3.json892d387a-794f-42ee-8bd9-7d88026b2c16)
[pool-1-thread-4] INFO net.thucydides.core.reports.json.JSONTestOutcomeReporter - Generating JSON report for VIR-138.01 Verify that the pagination is shown above and below the list of products to file /Users/rodionsavchuk/hybrisAutomation/virco-automatedtests/target/site/serenity/9771603025f14f96b272fa21dca31889f195c9a9337b95fbf5eab3295a9e05a4.json (using temp file /Users/rodionsavchuk/hybrisAutomation/virco-automatedtests/target/site/serenity/9771603025f14f96b272fa21dca31889f195c9a9337b95fbf5eab3295a9e05a4.json7d97fac1-27f1-4647-993a-863e0d32c49a)
[pool-1-thread-1] INFO net.thucydides.core.reports.json.JSONTestOutcomeReporter - Generating JSON report for VIR-251.02 Verify that the 20 products are shown per page to file /Users/rodionsavchuk/hybrisAutomation/virco-automatedtests/target/site/serenity/3e2f2a51405f3fa5f517d1a92fb6c7f2d63a08226c65dc48dfcdfc1de866d2f3.json (using temp file /Users/rodionsavchuk/hybrisAutomation/virco-automatedtests/target/site/serenity/3e2f2a51405f3fa5f517d1a92fb6c7f2d63a08226c65dc48dfcdfc1de866d2f3.json580aeba8-0d2e-43ff-900d-5ab2c69f39b7)
[pool-1-thread-2] INFO net.thucydides.core.reports.json.JSONTestOutcomeReporter - Generating JSON report for VIR-592.01 Verify that the pagination is shown above and below the list of products on search page to file /Users/rodionsavchuk/hybrisAutomation/virco-automatedtests/target/site/serenity/5184d7acbfb3ebe8e1ad1150664aad7942651d17649b17c3849d0eea482d8652.json (using temp file /Users/rodionsavchuk/hybrisAutomation/virco-automatedtests/target/site/serenity/5184d7acbfb3ebe8e1ad1150664aad7942651d17649b17c3849d0eea482d8652.json15c17fdd-4a8a-44ff-9ff8-94e0cc267ab3)
[pool-1-thread-3] INFO net.thucydides.core.reports.json.JSONTestOutcomeReporter - Generating JSON report for VIR-138.02 Verify that the pagination is suppressed, if only one page of products exist to file /Users/rodionsavchuk/hybrisAutomation/virco-automatedtests/target/site/serenity/ac84c28d9514fcaca1cb434f3db75c589b46912734ad917fa2234bd7cc42f0e5.json (using temp file /Users/rodionsavchuk/hybrisAutomation/virco-automatedtests/target/site/serenity/ac84c28d9514fcaca1cb434f3db75c589b46912734ad917fa2234bd7cc42f0e5.json02c191bd-e14d-4d16-9907-bb83e39f2b0a)
[pool-1-thread-4] INFO net.thucydides.core.reports.json.JSONTestOutcomeReporter - Generating JSON report for VIR-138.03 Verify that the last page is shown when customer enters the page number that is bigger than the existed one to file /Users/rodionsavchuk/hybrisAutomation/virco-automatedtests/target/site/serenity/56575217a2a4b5789d81c4200cecfbe74728dc79b7cd6d8ac27653a8d3f85ecb.json (using temp file /Users/rodionsavchuk/hybrisAutomation/virco-automatedtests/target/site/serenity/56575217a2a4b5789d81c4200cecfbe74728dc79b7cd6d8ac27653a8d3f85ecb.json7fdb8247-2a69-4307-a077-1e9629e3eb45)
[pool-1-thread-2] INFO net.thucydides.core.reports.html.HtmlAcceptanceTestReporter - GENERATING HTML REPORT FOR CAT-1 - Grid/List View Toggle:VIR-137.01 Verify that the toggle button is shown above the products in ed05f0ebcdeb7ab8ce4053f5e77c2e104b16083b38ff0389ff4683e6797df73a.html in directory target/site/serenity  
[pool-1-thread-4] INFO net.thucydides.core.reports.html.HtmlAcceptanceTestReporter - GENERATING HTML REPORT FOR CAT-1 - Grid/List View Toggle:VIR-137.03 Verify that in the grid view the following product info is shown in 2d367fe8d4e995fe7f0f69d3d29f47666f1d4fd6318f8f9dd42678280fb025a4.html in directory target/site/serenity  
[pool-1-thread-3] INFO net.thucydides.core.reports.html.HtmlAcceptanceTestReporter - GENERATING HTML REPORT FOR CAT-1 - Grid/List View Toggle:VIR-137.02 Verify that the customer can switch the view of products into grid, list in cdb7752ae4e635597dc73730ce49dc450174bfbf736b9ef32175a8b54c56e86c.html in directory target/site/serenity  
[pool-1-thread-1] INFO net.thucydides.core.reports.html.HtmlAcceptanceTestReporter - GENERATING HTML REPORT FOR CAT-1 - Grid/List View Toggle:VIR-790.01 Verify that the customer can switch the view of products into grid, list on search page in 79c89f5c9fd1ad2a8c101b5f0410c8b569b0435ef40abf20f63e096a8d5de34e.html in directory target/site/serenity  
[pool-1-thread-2] INFO net.thucydides.core.reports.html.HtmlAcceptanceTestReporter - GENERATING HTML REPORT FOR CAT-1 - Grid/List View Toggle:VIR-137.04 Verify that in the List view the following info is shown in 492108091097b8f1a9b1f860ede4bcf742b38d74fb739ac7ab3bec842b5bcb07.html in directory target/site/serenity  
[pool-1-thread-2] INFO net.thucydides.core.reports.html.HtmlAcceptanceTestReporter - GENERATING HTML REPORT FOR CAT-1 - Grid/List View Toggle:VIR-137.05 Verify that the list of products is the same in both views in ae1db428932e82981303203bdc6eb851846608ccd30fa908f4f5b446cb968075.html in directory target/site/serenity  
[pool-1-thread-2] INFO net.thucydides.core.reports.html.HtmlAcceptanceTestReporter - GENERATING HTML REPORT FOR CAT-2 - Numeration Display:VIR-251.01 Verify that the amount of products per opened page is shown in 2c0ae4476567833206363958c76f43f0bea266ccf19875e0be388e0105241b80.html in directory target/site/serenity  
[pool-1-thread-4] INFO net.thucydides.core.reports.html.HtmlAcceptanceTestReporter - GENERATING HTML REPORT FOR CAT-2 - Numeration Display:VIR-251.02 Verify that the 20 products are shown per page in 3e2f2a51405f3fa5f517d1a92fb6c7f2d63a08226c65dc48dfcdfc1de866d2f3.html in directory target/site/serenity  
[pool-1-thread-3] INFO net.thucydides.core.reports.html.HtmlAcceptanceTestReporter - GENERATING HTML REPORT FOR CAT-2 - Numeration Display:VIR-251.03 Verify that the last page shows the appropriate number of items in 203add71e1553852782b06b46ad692a125d7913e1dcdfa1bc77d21975adc91d3.html in directory target/site/serenity  
[pool-1-thread-1] INFO net.thucydides.core.reports.html.HtmlAcceptanceTestReporter - GENERATING HTML REPORT FOR CAT-3 - Pagination:VIR-592.01 Verify that the pagination is shown above and below the list of products on search page in 5184d7acbfb3ebe8e1ad1150664aad7942651d17649b17c3849d0eea482d8652.html in directory target/site/serenity  
[pool-1-thread-4] INFO net.thucydides.core.reports.html.HtmlAcceptanceTestReporter - GENERATING HTML REPORT FOR CAT-3 - Pagination:VIR-138.01 Verify that the pagination is shown above and below the list of products in 9771603025f14f96b272fa21dca31889f195c9a9337b95fbf5eab3295a9e05a4.html in directory target/site/serenity  
[pool-1-thread-3] INFO net.thucydides.core.reports.html.HtmlAcceptanceTestReporter - GENERATING HTML REPORT FOR CAT-3 - Pagination:VIR-138.02 Verify that the pagination is suppressed, if only one page of products exist in ac84c28d9514fcaca1cb434f3db75c589b46912734ad917fa2234bd7cc42f0e5.html in directory target/site/serenity  
[pool-1-thread-1] INFO net.thucydides.core.reports.html.HtmlAcceptanceTestReporter - GENERATING HTML REPORT FOR CAT-3 - Pagination:VIR-138.03 Verify that the last page is shown when customer enters the page number that is bigger than the existed one in 56575217a2a4b5789d81c4200cecfbe74728dc79b7cd6d8ac27653a8d3f85ecb.html in directory target/site/serenity  
[main] INFO net.serenitybdd.core.Serenity - 
 _____ _____ ____ _____   ____ _____  _    ____ _____ _____ ____  
|_   _| ____/ ___|_   _| / ___|_   _|/ \  |  _ \_   _| ____|  _ \ 
  | | |  _| \___ \ | |   \___ \ | | / _ \ | |_) || | |  _| | | | |
  | | | |___ ___) || |    ___) || |/ ___ \|  _ < | | | |___| |_| |
  |_| |_____|____/ |_|   |____/ |_/_/   \_\_| \_\|_| |_____|____/ 
                                                                  

TEST STARTED: VIR-138.04 Verity that the first page is shown when customer enters the 0
-------------------------------------------------------------------(cat-3---pagination;vir-138.04-verity-that-the-first-page-is-shown-when-customer-enters-the-0)
[main] INFO net.serenitybdd.core.Serenity - STARTING STEP Given open the site and login
[main] INFO net.serenitybdd.core.Serenity - STARTING STEP Open the site
[main] INFO net.serenitybdd.core.Serenity - STEP ERROR: net.serenitybdd.core.exceptions.SerenityManagedException: Could not initialize class com.virco.locators.SiteData
]]></system-err>
  </testcase>
  <testcase name="Scenario: VIR-138.04 Verity that the first page is shown when customer enters the 0" classname="Scenario: VIR-138.04 Verity that the first page is shown when customer enters the 0" time="0.001">
    <error message="Could not initialize class com.virco.locators.SiteData" type="net.serenitybdd.core.exceptions.SerenityManagedException"><![CDATA[net.serenitybdd.core.exceptions.SerenityManagedException: Could not initialize class com.virco.locators.SiteData
	at com.virco.steps.serenity.CommonUserSteps.openTheSite(CommonUserSteps.java:19)
	at com.virco.steps.serenity.CommonUserSteps$$EnhancerByCGLIB$$d8541bfa.CGLIB$openTheSite$6(<generated>)
	at com.virco.steps.serenity.CommonUserSteps$$EnhancerByCGLIB$$d8541bfa$$FastClassByCGLIB$$ea8e0f86.invoke(<generated>)
	at net.sf.cglib.proxy.MethodProxy.invokeSuper(MethodProxy.java:228)
	at net.thucydides.core.steps.StepInterceptor.invokeMethod(StepInterceptor.java:372)
	at net.thucydides.core.steps.StepInterceptor.executeTestStepMethod(StepInterceptor.java:357)
	at net.thucydides.core.steps.StepInterceptor.runTestStep(StepInterceptor.java:332)
	at net.thucydides.core.steps.StepInterceptor.testStepResult(StepInterceptor.java:134)
	at net.thucydides.core.steps.StepInterceptor.intercept(StepInterceptor.java:61)
	at com.virco.steps.serenity.CommonUserSteps$$EnhancerByCGLIB$$d8541bfa.openTheSite(<generated>)
	at com.virco.steps.CommonDefinitionSteps.openTheSiteAndLogin(CommonDefinitionSteps.java:72)
	at sun.reflect.GeneratedMethodAccessor143.invoke(Unknown Source)
	at sun.reflect.DelegatingMethodAccessorImpl.invoke(DelegatingMethodAccessorImpl.java:43)
	at java.lang.reflect.Method.invoke(Method.java:498)
	at cucumber.runtime.Utils$1.call(Utils.java:40)
	at cucumber.runtime.Timeout.timeout(Timeout.java:16)
	at cucumber.runtime.Utils.invoke(Utils.java:34)
	at cucumber.runtime.java.JavaStepDefinition.execute(JavaStepDefinition.java:38)
	at cucumber.runtime.StepDefinitionMatch.runStep(StepDefinitionMatch.java:37)
	at cucumber.runtime.Runtime.runStep(Runtime.java:300)
	at cucumber.runtime.model.StepContainer.runStep(StepContainer.java:44)
	at cucumber.runtime.model.StepContainer.runSteps(StepContainer.java:39)
	at cucumber.runtime.model.CucumberScenario.run(CucumberScenario.java:44)
	at cucumber.runtime.junit.ExecutionUnitRunner.run(ExecutionUnitRunner.java:102)
	at cucumber.runtime.junit.FeatureRunner.runChild(FeatureRunner.java:63)
	at cucumber.runtime.junit.FeatureRunner.runChild(FeatureRunner.java:18)
	at org.junit.runners.ParentRunner$3.run(ParentRunner.java:290)
	at org.junit.runners.ParentRunner$1.schedule(ParentRunner.java:71)
	at org.junit.runners.ParentRunner.runChildren(ParentRunner.java:288)
	at org.junit.runners.ParentRunner.access$000(ParentRunner.java:58)
	at org.junit.runners.ParentRunner$2.evaluate(ParentRunner.java:268)
	at org.junit.runners.ParentRunner.run(ParentRunner.java:363)
	at cucumber.runtime.junit.FeatureRunner.run(FeatureRunner.java:70)
	at cucumber.api.junit.Cucumber.runChild(Cucumber.java:95)
	at cucumber.api.junit.Cucumber.runChild(Cucumber.java:38)
	at org.junit.runners.ParentRunner$3.run(ParentRunner.java:290)
	at org.junit.runners.ParentRunner$1.schedule(ParentRunner.java:71)
	at org.junit.runners.ParentRunner.runChildren(ParentRunner.java:288)
	at org.junit.runners.ParentRunner.access$000(ParentRunner.java:58)
	at org.junit.runners.ParentRunner$2.evaluate(ParentRunner.java:268)
	at org.junit.runners.ParentRunner.run(ParentRunner.java:363)
	at cucumber.api.junit.Cucumber.run(Cucumber.java:100)
	at org.apache.maven.surefire.junit4.JUnit4Provider.execute(JUnit4Provider.java:283)
	at org.apache.maven.surefire.junit4.JUnit4Provider.executeWithRerun(JUnit4Provider.java:173)
	at org.apache.maven.surefire.junit4.JUnit4Provider.executeTestSet(JUnit4Provider.java:153)
	at org.apache.maven.surefire.junit4.JUnit4Provider.invoke(JUnit4Provider.java:128)
	at org.apache.maven.surefire.booter.ForkedBooter.invokeProviderInSameClassLoader(ForkedBooter.java:203)
	at org.apache.maven.surefire.booter.ForkedBooter.runSuitesInProcess(ForkedBooter.java:155)
	at org.apache.maven.surefire.booter.ForkedBooter.main(ForkedBooter.java:103)
]]></error>
  </testcase>
  <testcase name="When open category with pagination" classname="Scenario: VIR-138.04 Verity that the first page is shown when customer enters the 0" time="0">
    <skipped/>
    <system-err><![CDATA[[main] INFO net.serenitybdd.core.Serenity - STEP ERROR: java.lang.NoClassDefFoundError: Could not initialize class com.virco.locators.SiteData
[main] INFO net.serenitybdd.core.Serenity - STARTING STEP When open category with pagination
]]></system-err>
  </testcase>
  <testcase name="When click on &quot;next&quot; pagination button" classname="Scenario: VIR-138.04 Verity that the first page is shown when customer enters the 0" time="0">
    <skipped/>
    <system-err><![CDATA[[main] INFO net.serenitybdd.core.Serenity - IGNORING STEP
[main] INFO net.serenitybdd.core.Serenity - STARTING STEP When click on "next" pagination button
]]></system-err>
  </testcase>
  <testcase name="When enter &quot;0&quot; in pagination page number field" classname="Scenario: VIR-138.04 Verity that the first page is shown when customer enters the 0" time="0">
    <skipped/>
    <system-err><![CDATA[[main] INFO net.serenitybdd.core.Serenity - IGNORING STEP
[main] INFO net.serenitybdd.core.Serenity - STARTING STEP When enter "0" in pagination page number field
]]></system-err>
  </testcase>
  <testcase name="Then the first page is shown" classname="Scenario: VIR-138.04 Verity that the first page is shown when customer enters the 0" time="0">
    <skipped/>
    <system-err><![CDATA[[main] INFO net.serenitybdd.core.Serenity - IGNORING STEP
[main] INFO net.serenitybdd.core.Serenity - STARTING STEP Then the first page is shown
]]></system-err>
  </testcase>
  <testcase name="Given open the site and login" classname="Scenario: VIR-138.05 Verify that any other data can&apos;t be entered except integer" time="0">
    <error message="Could not initialize class com.virco.locators.SiteData" type="net.serenitybdd.core.exceptions.SerenityManagedException"><![CDATA[net.serenitybdd.core.exceptions.SerenityManagedException: Could not initialize class com.virco.locators.SiteData
	at com.virco.steps.serenity.CommonUserSteps.openTheSite(CommonUserSteps.java:19)
	at com.virco.steps.serenity.CommonUserSteps$$EnhancerByCGLIB$$d8541bfa.CGLIB$openTheSite$6(<generated>)
	at com.virco.steps.serenity.CommonUserSteps$$EnhancerByCGLIB$$d8541bfa$$FastClassByCGLIB$$ea8e0f86.invoke(<generated>)
	at net.sf.cglib.proxy.MethodProxy.invokeSuper(MethodProxy.java:228)
	at net.thucydides.core.steps.StepInterceptor.invokeMethod(StepInterceptor.java:372)
	at net.thucydides.core.steps.StepInterceptor.executeTestStepMethod(StepInterceptor.java:357)
	at net.thucydides.core.steps.StepInterceptor.runTestStep(StepInterceptor.java:332)
	at net.thucydides.core.steps.StepInterceptor.testStepResult(StepInterceptor.java:134)
	at net.thucydides.core.steps.StepInterceptor.intercept(StepInterceptor.java:61)
	at com.virco.steps.serenity.CommonUserSteps$$EnhancerByCGLIB$$d8541bfa.openTheSite(<generated>)
	at com.virco.steps.CommonDefinitionSteps.openTheSiteAndLogin(CommonDefinitionSteps.java:72)
	at sun.reflect.GeneratedMethodAccessor143.invoke(Unknown Source)
	at sun.reflect.DelegatingMethodAccessorImpl.invoke(DelegatingMethodAccessorImpl.java:43)
	at java.lang.reflect.Method.invoke(Method.java:498)
	at cucumber.runtime.Utils$1.call(Utils.java:40)
	at cucumber.runtime.Timeout.timeout(Timeout.java:16)
	at cucumber.runtime.Utils.invoke(Utils.java:34)
	at cucumber.runtime.java.JavaStepDefinition.execute(JavaStepDefinition.java:38)
	at cucumber.runtime.StepDefinitionMatch.runStep(StepDefinitionMatch.java:37)
	at cucumber.runtime.Runtime.runStep(Runtime.java:300)
	at cucumber.runtime.model.StepContainer.runStep(StepContainer.java:44)
	at cucumber.runtime.model.StepContainer.runSteps(StepContainer.java:39)
	at cucumber.runtime.model.CucumberScenario.run(CucumberScenario.java:44)
	at cucumber.runtime.junit.ExecutionUnitRunner.run(ExecutionUnitRunner.java:102)
	at cucumber.runtime.junit.FeatureRunner.runChild(FeatureRunner.java:63)
	at cucumber.runtime.junit.FeatureRunner.runChild(FeatureRunner.java:18)
	at org.junit.runners.ParentRunner$3.run(ParentRunner.java:290)
	at org.junit.runners.ParentRunner$1.schedule(ParentRunner.java:71)
	at org.junit.runners.ParentRunner.runChildren(ParentRunner.java:288)
	at org.junit.runners.ParentRunner.access$000(ParentRunner.java:58)
	at org.junit.runners.ParentRunner$2.evaluate(ParentRunner.java:268)
	at org.junit.runners.ParentRunner.run(ParentRunner.java:363)
	at cucumber.runtime.junit.FeatureRunner.run(FeatureRunner.java:70)
	at cucumber.api.junit.Cucumber.runChild(Cucumber.java:95)
	at cucumber.api.junit.Cucumber.runChild(Cucumber.java:38)
	at org.junit.runners.ParentRunner$3.run(ParentRunner.java:290)
	at org.junit.runners.ParentRunner$1.schedule(ParentRunner.java:71)
	at org.junit.runners.ParentRunner.runChildren(ParentRunner.java:288)
	at org.junit.runners.ParentRunner.access$000(ParentRunner.java:58)
	at org.junit.runners.ParentRunner$2.evaluate(ParentRunner.java:268)
	at org.junit.runners.ParentRunner.run(ParentRunner.java:363)
	at cucumber.api.junit.Cucumber.run(Cucumber.java:100)
	at org.apache.maven.surefire.junit4.JUnit4Provider.execute(JUnit4Provider.java:283)
	at org.apache.maven.surefire.junit4.JUnit4Provider.executeWithRerun(JUnit4Provider.java:173)
	at org.apache.maven.surefire.junit4.JUnit4Provider.executeTestSet(JUnit4Provider.java:153)
	at org.apache.maven.surefire.junit4.JUnit4Provider.invoke(JUnit4Provider.java:128)
	at org.apache.maven.surefire.booter.ForkedBooter.invokeProviderInSameClassLoader(ForkedBooter.java:203)
	at org.apache.maven.surefire.booter.ForkedBooter.runSuitesInProcess(ForkedBooter.java:155)
	at org.apache.maven.surefire.booter.ForkedBooter.main(ForkedBooter.java:103)
]]></error>
    <system-err><![CDATA[[main] INFO net.serenitybdd.core.Serenity - IGNORING STEP
[main] ERROR net.serenitybdd.core.Serenity - 
           __  _____ _____ ____ _____   _____ _    ___ _     _____ ____  
  _       / / |_   _| ____/ ___|_   _| |  ___/ \  |_ _| |   | ____|  _ \ 
 (_)_____| |    | | |  _| \___ \ | |   | |_ / _ \  | || |   |  _| | | | |
  _|_____| |    | | | |___ ___) || |   |  _/ ___ \ | || |___| |___| |_| |
 (_)     | |    |_| |_____|____/ |_|   |_|/_/   \_\___|_____|_____|____/ 
          \_\                                                            

TEST FAILED WITH ERROR: VIR-138.04 Verity that the first page is shown when customer enters the 0
---------------------------------------------------------------------
[main] ERROR net.serenitybdd.core.Serenity - TEST FAILED AT STEP Open the site
[main] ERROR net.serenitybdd.core.Serenity - Could not initialize class com.virco.locators.SiteData
[pool-1-thread-4] INFO net.thucydides.core.reports.json.JSONTestOutcomeReporter - Generating JSON report for VIR-790.01 Verify that the customer can switch the view of products into grid, list on search page to file /Users/rodionsavchuk/hybrisAutomation/virco-automatedtests/target/site/serenity/79c89f5c9fd1ad2a8c101b5f0410c8b569b0435ef40abf20f63e096a8d5de34e.json (using temp file /Users/rodionsavchuk/hybrisAutomation/virco-automatedtests/target/site/serenity/79c89f5c9fd1ad2a8c101b5f0410c8b569b0435ef40abf20f63e096a8d5de34e.json3173bfea-5092-4b47-aeac-618a486ce4a6)
[pool-1-thread-3] INFO net.thucydides.core.reports.json.JSONTestOutcomeReporter - Generating JSON report for VIR-137.01 Verify that the toggle button is shown above the products to file /Users/rodionsavchuk/hybrisAutomation/virco-automatedtests/target/site/serenity/ed05f0ebcdeb7ab8ce4053f5e77c2e104b16083b38ff0389ff4683e6797df73a.json (using temp file /Users/rodionsavchuk/hybrisAutomation/virco-automatedtests/target/site/serenity/ed05f0ebcdeb7ab8ce4053f5e77c2e104b16083b38ff0389ff4683e6797df73a.json0898e8a2-bcf6-4db4-a256-82aaf7b9c784)
[pool-1-thread-2] INFO net.thucydides.core.reports.json.JSONTestOutcomeReporter - Generating JSON report for VIR-137.02 Verify that the customer can switch the view of products into grid, list to file /Users/rodionsavchuk/hybrisAutomation/virco-automatedtests/target/site/serenity/cdb7752ae4e635597dc73730ce49dc450174bfbf736b9ef32175a8b54c56e86c.json (using temp file /Users/rodionsavchuk/hybrisAutomation/virco-automatedtests/target/site/serenity/cdb7752ae4e635597dc73730ce49dc450174bfbf736b9ef32175a8b54c56e86c.json294a2067-b5ca-47ea-a579-3b77cb4d73ef)
[pool-1-thread-1] INFO net.thucydides.core.reports.json.JSONTestOutcomeReporter - Generating JSON report for VIR-137.03 Verify that in the grid view the following product info is shown to file /Users/rodionsavchuk/hybrisAutomation/virco-automatedtests/target/site/serenity/2d367fe8d4e995fe7f0f69d3d29f47666f1d4fd6318f8f9dd42678280fb025a4.json (using temp file /Users/rodionsavchuk/hybrisAutomation/virco-automatedtests/target/site/serenity/2d367fe8d4e995fe7f0f69d3d29f47666f1d4fd6318f8f9dd42678280fb025a4.jsoncfe490c2-b16b-404d-89ff-9ea8b2488a9c)
[pool-1-thread-3] INFO net.thucydides.core.reports.json.JSONTestOutcomeReporter - Generating JSON report for VIR-137.04 Verify that in the List view the following info is shown to file /Users/rodionsavchuk/hybrisAutomation/virco-automatedtests/target/site/serenity/492108091097b8f1a9b1f860ede4bcf742b38d74fb739ac7ab3bec842b5bcb07.json (using temp file /Users/rodionsavchuk/hybrisAutomation/virco-automatedtests/target/site/serenity/492108091097b8f1a9b1f860ede4bcf742b38d74fb739ac7ab3bec842b5bcb07.json3a378ee6-f480-42d3-b801-39af1fbbd68c)
[pool-1-thread-4] INFO net.thucydides.core.reports.json.JSONTestOutcomeReporter - Generating JSON report for VIR-137.05 Verify that the list of products is the same in both views to file /Users/rodionsavchuk/hybrisAutomation/virco-automatedtests/target/site/serenity/ae1db428932e82981303203bdc6eb851846608ccd30fa908f4f5b446cb968075.json (using temp file /Users/rodionsavchuk/hybrisAutomation/virco-automatedtests/target/site/serenity/ae1db428932e82981303203bdc6eb851846608ccd30fa908f4f5b446cb968075.jsonc7c2fba0-b8e0-49c1-9e08-4fd006bdd921)
[pool-1-thread-2] INFO net.thucydides.core.reports.json.JSONTestOutcomeReporter - Generating JSON report for VIR-251.01 Verify that the amount of products per opened page is shown to file /Users/rodionsavchuk/hybrisAutomation/virco-automatedtests/target/site/serenity/2c0ae4476567833206363958c76f43f0bea266ccf19875e0be388e0105241b80.json (using temp file /Users/rodionsavchuk/hybrisAutomation/virco-automatedtests/target/site/serenity/2c0ae4476567833206363958c76f43f0bea266ccf19875e0be388e0105241b80.json043639c4-21c2-416f-9fcd-0759ed9a9bc4)
[pool-1-thread-3] INFO net.thucydides.core.reports.json.JSONTestOutcomeReporter - Generating JSON report for VIR-251.02 Verify that the 20 products are shown per page to file /Users/rodionsavchuk/hybrisAutomation/virco-automatedtests/target/site/serenity/3e2f2a51405f3fa5f517d1a92fb6c7f2d63a08226c65dc48dfcdfc1de866d2f3.json (using temp file /Users/rodionsavchuk/hybrisAutomation/virco-automatedtests/target/site/serenity/3e2f2a51405f3fa5f517d1a92fb6c7f2d63a08226c65dc48dfcdfc1de866d2f3.json8c9bbdab-dc9a-4e3a-aea6-07b93503d8c0)
[pool-1-thread-4] INFO net.thucydides.core.reports.json.JSONTestOutcomeReporter - Generating JSON report for VIR-251.03 Verify that the last page shows the appropriate number of items to file /Users/rodionsavchuk/hybrisAutomation/virco-automatedtests/target/site/serenity/203add71e1553852782b06b46ad692a125d7913e1dcdfa1bc77d21975adc91d3.json (using temp file /Users/rodionsavchuk/hybrisAutomation/virco-automatedtests/target/site/serenity/203add71e1553852782b06b46ad692a125d7913e1dcdfa1bc77d21975adc91d3.json13224813-ce0c-44f6-b025-4c558c2a4b99)
[pool-1-thread-2] INFO net.thucydides.core.reports.json.JSONTestOutcomeReporter - Generating JSON report for VIR-138.01 Verify that the pagination is shown above and below the list of products to file /Users/rodionsavchuk/hybrisAutomation/virco-automatedtests/target/site/serenity/9771603025f14f96b272fa21dca31889f195c9a9337b95fbf5eab3295a9e05a4.json (using temp file /Users/rodionsavchuk/hybrisAutomation/virco-automatedtests/target/site/serenity/9771603025f14f96b272fa21dca31889f195c9a9337b95fbf5eab3295a9e05a4.json1e5d39aa-39ae-46b3-84eb-bd00288d1892)
[pool-1-thread-1] INFO net.thucydides.core.reports.json.JSONTestOutcomeReporter - Generating JSON report for VIR-592.01 Verify that the pagination is shown above and below the list of products on search page to file /Users/rodionsavchuk/hybrisAutomation/virco-automatedtests/target/site/serenity/5184d7acbfb3ebe8e1ad1150664aad7942651d17649b17c3849d0eea482d8652.json (using temp file /Users/rodionsavchuk/hybrisAutomation/virco-automatedtests/target/site/serenity/5184d7acbfb3ebe8e1ad1150664aad7942651d17649b17c3849d0eea482d8652.json4dc37d1a-231d-4287-9f79-f26ae15f8992)
[pool-1-thread-3] INFO net.thucydides.core.reports.json.JSONTestOutcomeReporter - Generating JSON report for VIR-138.02 Verify that the pagination is suppressed, if only one page of products exist to file /Users/rodionsavchuk/hybrisAutomation/virco-automatedtests/target/site/serenity/ac84c28d9514fcaca1cb434f3db75c589b46912734ad917fa2234bd7cc42f0e5.json (using temp file /Users/rodionsavchuk/hybrisAutomation/virco-automatedtests/target/site/serenity/ac84c28d9514fcaca1cb434f3db75c589b46912734ad917fa2234bd7cc42f0e5.json395c105d-70d6-4e8a-ad92-658002903fd0)
[pool-1-thread-4] INFO net.thucydides.core.reports.json.JSONTestOutcomeReporter - Generating JSON report for VIR-138.03 Verify that the last page is shown when customer enters the page number that is bigger than the existed one to file /Users/rodionsavchuk/hybrisAutomation/virco-automatedtests/target/site/serenity/56575217a2a4b5789d81c4200cecfbe74728dc79b7cd6d8ac27653a8d3f85ecb.json (using temp file /Users/rodionsavchuk/hybrisAutomation/virco-automatedtests/target/site/serenity/56575217a2a4b5789d81c4200cecfbe74728dc79b7cd6d8ac27653a8d3f85ecb.json26a41fe6-4708-4de3-83d8-0ed61c9f697a)
[pool-1-thread-1] INFO net.thucydides.core.reports.json.JSONTestOutcomeReporter - Generating JSON report for VIR-138.04 Verity that the first page is shown when customer enters the 0 to file /Users/rodionsavchuk/hybrisAutomation/virco-automatedtests/target/site/serenity/1c8a1b4b43701bd1338632b88eb6b64df9b65fadafecbf38fec7c32d2408f09b.json (using temp file /Users/rodionsavchuk/hybrisAutomation/virco-automatedtests/target/site/serenity/1c8a1b4b43701bd1338632b88eb6b64df9b65fadafecbf38fec7c32d2408f09b.json80d682c7-527f-47f5-8687-55d50a26f344)
[pool-1-thread-4] INFO net.thucydides.core.reports.html.HtmlAcceptanceTestReporter - GENERATING HTML REPORT FOR CAT-1 - Grid/List View Toggle:VIR-790.01 Verify that the customer can switch the view of products into grid, list on search page in 79c89f5c9fd1ad2a8c101b5f0410c8b569b0435ef40abf20f63e096a8d5de34e.html in directory target/site/serenity  
[pool-1-thread-3] INFO net.thucydides.core.reports.html.HtmlAcceptanceTestReporter - GENERATING HTML REPORT FOR CAT-1 - Grid/List View Toggle:VIR-137.02 Verify that the customer can switch the view of products into grid, list in cdb7752ae4e635597dc73730ce49dc450174bfbf736b9ef32175a8b54c56e86c.html in directory target/site/serenity  
[pool-1-thread-2] INFO net.thucydides.core.reports.html.HtmlAcceptanceTestReporter - GENERATING HTML REPORT FOR CAT-1 - Grid/List View Toggle:VIR-137.01 Verify that the toggle button is shown above the products in ed05f0ebcdeb7ab8ce4053f5e77c2e104b16083b38ff0389ff4683e6797df73a.html in directory target/site/serenity  
[pool-1-thread-2] INFO net.thucydides.core.reports.html.HtmlAcceptanceTestReporter - GENERATING HTML REPORT FOR CAT-1 - Grid/List View Toggle:VIR-137.04 Verify that in the List view the following info is shown in 492108091097b8f1a9b1f860ede4bcf742b38d74fb739ac7ab3bec842b5bcb07.html in directory target/site/serenity  
[pool-1-thread-1] INFO net.thucydides.core.reports.html.HtmlAcceptanceTestReporter - GENERATING HTML REPORT FOR CAT-1 - Grid/List View Toggle:VIR-137.03 Verify that in the grid view the following product info is shown in 2d367fe8d4e995fe7f0f69d3d29f47666f1d4fd6318f8f9dd42678280fb025a4.html in directory target/site/serenity  
[pool-1-thread-3] INFO net.thucydides.core.reports.html.HtmlAcceptanceTestReporter - GENERATING HTML REPORT FOR CAT-2 - Numeration Display:VIR-251.01 Verify that the amount of products per opened page is shown in 2c0ae4476567833206363958c76f43f0bea266ccf19875e0be388e0105241b80.html in directory target/site/serenity  
[pool-1-thread-4] INFO net.thucydides.core.reports.html.HtmlAcceptanceTestReporter - GENERATING HTML REPORT FOR CAT-1 - Grid/List View Toggle:VIR-137.05 Verify that the list of products is the same in both views in ae1db428932e82981303203bdc6eb851846608ccd30fa908f4f5b446cb968075.html in directory target/site/serenity  
[pool-1-thread-2] INFO net.thucydides.core.reports.html.HtmlAcceptanceTestReporter - GENERATING HTML REPORT FOR CAT-2 - Numeration Display:VIR-251.02 Verify that the 20 products are shown per page in 3e2f2a51405f3fa5f517d1a92fb6c7f2d63a08226c65dc48dfcdfc1de866d2f3.html in directory target/site/serenity  
[pool-1-thread-1] INFO net.thucydides.core.reports.html.HtmlAcceptanceTestReporter - GENERATING HTML REPORT FOR CAT-2 - Numeration Display:VIR-251.03 Verify that the last page shows the appropriate number of items in 203add71e1553852782b06b46ad692a125d7913e1dcdfa1bc77d21975adc91d3.html in directory target/site/serenity  
[pool-1-thread-1] INFO net.thucydides.core.reports.html.HtmlAcceptanceTestReporter - GENERATING HTML REPORT FOR CAT-3 - Pagination:VIR-138.01 Verify that the pagination is shown above and below the list of products in 9771603025f14f96b272fa21dca31889f195c9a9337b95fbf5eab3295a9e05a4.html in directory target/site/serenity  
[pool-1-thread-2] INFO net.thucydides.core.reports.html.HtmlAcceptanceTestReporter - GENERATING HTML REPORT FOR CAT-3 - Pagination:VIR-592.01 Verify that the pagination is shown above and below the list of products on search page in 5184d7acbfb3ebe8e1ad1150664aad7942651d17649b17c3849d0eea482d8652.html in directory target/site/serenity  
[pool-1-thread-3] INFO net.thucydides.core.reports.html.HtmlAcceptanceTestReporter - GENERATING HTML REPORT FOR CAT-3 - Pagination:VIR-138.02 Verify that the pagination is suppressed, if only one page of products exist in ac84c28d9514fcaca1cb434f3db75c589b46912734ad917fa2234bd7cc42f0e5.html in directory target/site/serenity  
[pool-1-thread-1] INFO net.thucydides.core.reports.html.HtmlAcceptanceTestReporter - GENERATING HTML REPORT FOR CAT-3 - Pagination:VIR-138.04 Verity that the first page is shown when customer enters the 0 in 1c8a1b4b43701bd1338632b88eb6b64df9b65fadafecbf38fec7c32d2408f09b.html in directory target/site/serenity  
[pool-1-thread-4] INFO net.thucydides.core.reports.html.HtmlAcceptanceTestReporter - GENERATING HTML REPORT FOR CAT-3 - Pagination:VIR-138.03 Verify that the last page is shown when customer enters the page number that is bigger than the existed one in 56575217a2a4b5789d81c4200cecfbe74728dc79b7cd6d8ac27653a8d3f85ecb.html in directory target/site/serenity  
[main] INFO net.serenitybdd.core.Serenity - 
 _____ _____ ____ _____   ____ _____  _    ____ _____ _____ ____  
|_   _| ____/ ___|_   _| / ___|_   _|/ \  |  _ \_   _| ____|  _ \ 
  | | |  _| \___ \ | |   \___ \ | | / _ \ | |_) || | |  _| | | | |
  | | | |___ ___) || |    ___) || |/ ___ \|  _ < | | | |___| |_| |
  |_| |_____|____/ |_|   |____/ |_/_/   \_\_| \_\|_| |_____|____/ 
                                                                  

TEST STARTED: VIR-138.05 Verify that any other data can't be entered except integer
-------------------------------------------------------------------(cat-3---pagination;vir-138.05-verify-that-any-other-data-can't-be-entered-except-integer)
[main] INFO net.serenitybdd.core.Serenity - STARTING STEP Given open the site and login
[main] INFO net.serenitybdd.core.Serenity - STARTING STEP Open the site
[main] INFO net.serenitybdd.core.Serenity - STEP ERROR: net.serenitybdd.core.exceptions.SerenityManagedException: Could not initialize class com.virco.locators.SiteData
]]></system-err>
  </testcase>
  <testcase name="Scenario: VIR-138.05 Verify that any other data can&apos;t be entered except integer" classname="Scenario: VIR-138.05 Verify that any other data can&apos;t be entered except integer" time="0">
    <error message="Could not initialize class com.virco.locators.SiteData" type="net.serenitybdd.core.exceptions.SerenityManagedException"><![CDATA[net.serenitybdd.core.exceptions.SerenityManagedException: Could not initialize class com.virco.locators.SiteData
	at com.virco.steps.serenity.CommonUserSteps.openTheSite(CommonUserSteps.java:19)
	at com.virco.steps.serenity.CommonUserSteps$$EnhancerByCGLIB$$d8541bfa.CGLIB$openTheSite$6(<generated>)
	at com.virco.steps.serenity.CommonUserSteps$$EnhancerByCGLIB$$d8541bfa$$FastClassByCGLIB$$ea8e0f86.invoke(<generated>)
	at net.sf.cglib.proxy.MethodProxy.invokeSuper(MethodProxy.java:228)
	at net.thucydides.core.steps.StepInterceptor.invokeMethod(StepInterceptor.java:372)
	at net.thucydides.core.steps.StepInterceptor.executeTestStepMethod(StepInterceptor.java:357)
	at net.thucydides.core.steps.StepInterceptor.runTestStep(StepInterceptor.java:332)
	at net.thucydides.core.steps.StepInterceptor.testStepResult(StepInterceptor.java:134)
	at net.thucydides.core.steps.StepInterceptor.intercept(StepInterceptor.java:61)
	at com.virco.steps.serenity.CommonUserSteps$$EnhancerByCGLIB$$d8541bfa.openTheSite(<generated>)
	at com.virco.steps.CommonDefinitionSteps.openTheSiteAndLogin(CommonDefinitionSteps.java:72)
	at sun.reflect.GeneratedMethodAccessor143.invoke(Unknown Source)
	at sun.reflect.DelegatingMethodAccessorImpl.invoke(DelegatingMethodAccessorImpl.java:43)
	at java.lang.reflect.Method.invoke(Method.java:498)
	at cucumber.runtime.Utils$1.call(Utils.java:40)
	at cucumber.runtime.Timeout.timeout(Timeout.java:16)
	at cucumber.runtime.Utils.invoke(Utils.java:34)
	at cucumber.runtime.java.JavaStepDefinition.execute(JavaStepDefinition.java:38)
	at cucumber.runtime.StepDefinitionMatch.runStep(StepDefinitionMatch.java:37)
	at cucumber.runtime.Runtime.runStep(Runtime.java:300)
	at cucumber.runtime.model.StepContainer.runStep(StepContainer.java:44)
	at cucumber.runtime.model.StepContainer.runSteps(StepContainer.java:39)
	at cucumber.runtime.model.CucumberScenario.run(CucumberScenario.java:44)
	at cucumber.runtime.junit.ExecutionUnitRunner.run(ExecutionUnitRunner.java:102)
	at cucumber.runtime.junit.FeatureRunner.runChild(FeatureRunner.java:63)
	at cucumber.runtime.junit.FeatureRunner.runChild(FeatureRunner.java:18)
	at org.junit.runners.ParentRunner$3.run(ParentRunner.java:290)
	at org.junit.runners.ParentRunner$1.schedule(ParentRunner.java:71)
	at org.junit.runners.ParentRunner.runChildren(ParentRunner.java:288)
	at org.junit.runners.ParentRunner.access$000(ParentRunner.java:58)
	at org.junit.runners.ParentRunner$2.evaluate(ParentRunner.java:268)
	at org.junit.runners.ParentRunner.run(ParentRunner.java:363)
	at cucumber.runtime.junit.FeatureRunner.run(FeatureRunner.java:70)
	at cucumber.api.junit.Cucumber.runChild(Cucumber.java:95)
	at cucumber.api.junit.Cucumber.runChild(Cucumber.java:38)
	at org.junit.runners.ParentRunner$3.run(ParentRunner.java:290)
	at org.junit.runners.ParentRunner$1.schedule(ParentRunner.java:71)
	at org.junit.runners.ParentRunner.runChildren(ParentRunner.java:288)
	at org.junit.runners.ParentRunner.access$000(ParentRunner.java:58)
	at org.junit.runners.ParentRunner$2.evaluate(ParentRunner.java:268)
	at org.junit.runners.ParentRunner.run(ParentRunner.java:363)
	at cucumber.api.junit.Cucumber.run(Cucumber.java:100)
	at org.apache.maven.surefire.junit4.JUnit4Provider.execute(JUnit4Provider.java:283)
	at org.apache.maven.surefire.junit4.JUnit4Provider.executeWithRerun(JUnit4Provider.java:173)
	at org.apache.maven.surefire.junit4.JUnit4Provider.executeTestSet(JUnit4Provider.java:153)
	at org.apache.maven.surefire.junit4.JUnit4Provider.invoke(JUnit4Provider.java:128)
	at org.apache.maven.surefire.booter.ForkedBooter.invokeProviderInSameClassLoader(ForkedBooter.java:203)
	at org.apache.maven.surefire.booter.ForkedBooter.runSuitesInProcess(ForkedBooter.java:155)
	at org.apache.maven.surefire.booter.ForkedBooter.main(ForkedBooter.java:103)
]]></error>
  </testcase>
  <testcase name="When open category with pagination" classname="Scenario: VIR-138.05 Verify that any other data can&apos;t be entered except integer" time="0">
    <skipped/>
    <system-err><![CDATA[[main] INFO net.serenitybdd.core.Serenity - STEP ERROR: java.lang.NoClassDefFoundError: Could not initialize class com.virco.locators.SiteData
[main] INFO net.serenitybdd.core.Serenity - STARTING STEP When open category with pagination
]]></system-err>
  </testcase>
  <testcase name="When enter &quot;1&quot; in pagination page number field" classname="Scenario: VIR-138.05 Verify that any other data can&apos;t be entered except integer" time="0">
    <skipped/>
    <system-err><![CDATA[[main] INFO net.serenitybdd.core.Serenity - IGNORING STEP
[main] INFO net.serenitybdd.core.Serenity - STARTING STEP When enter "1" in pagination page number field
]]></system-err>
  </testcase>
  <testcase name="When enter &quot;test&quot; in pagination page number field" classname="Scenario: VIR-138.05 Verify that any other data can&apos;t be entered except integer" time="0">
    <skipped/>
    <system-err><![CDATA[[main] INFO net.serenitybdd.core.Serenity - IGNORING STEP
[main] INFO net.serenitybdd.core.Serenity - STARTING STEP When enter "test" in pagination page number field
]]></system-err>
  </testcase>
  <testcase name="Then the value in pagination input field is &quot;1&quot;" classname="Scenario: VIR-138.05 Verify that any other data can&apos;t be entered except integer" time="0">
    <skipped/>
    <system-err><![CDATA[[main] INFO net.serenitybdd.core.Serenity - IGNORING STEP
[main] INFO net.serenitybdd.core.Serenity - STARTING STEP Then the value in pagination input field is "1"
]]></system-err>
  </testcase>
  <testcase name="Given open the site and login" classname="Scenario: VIR-138.06 Verify that any other data can&apos;t be entered except integer using context paste" time="0">
    <error message="Could not initialize class com.virco.locators.SiteData" type="net.serenitybdd.core.exceptions.SerenityManagedException"><![CDATA[net.serenitybdd.core.exceptions.SerenityManagedException: Could not initialize class com.virco.locators.SiteData
	at com.virco.steps.serenity.CommonUserSteps.openTheSite(CommonUserSteps.java:19)
	at com.virco.steps.serenity.CommonUserSteps$$EnhancerByCGLIB$$d8541bfa.CGLIB$openTheSite$6(<generated>)
	at com.virco.steps.serenity.CommonUserSteps$$EnhancerByCGLIB$$d8541bfa$$FastClassByCGLIB$$ea8e0f86.invoke(<generated>)
	at net.sf.cglib.proxy.MethodProxy.invokeSuper(MethodProxy.java:228)
	at net.thucydides.core.steps.StepInterceptor.invokeMethod(StepInterceptor.java:372)
	at net.thucydides.core.steps.StepInterceptor.executeTestStepMethod(StepInterceptor.java:357)
	at net.thucydides.core.steps.StepInterceptor.runTestStep(StepInterceptor.java:332)
	at net.thucydides.core.steps.StepInterceptor.testStepResult(StepInterceptor.java:134)
	at net.thucydides.core.steps.StepInterceptor.intercept(StepInterceptor.java:61)
	at com.virco.steps.serenity.CommonUserSteps$$EnhancerByCGLIB$$d8541bfa.openTheSite(<generated>)
	at com.virco.steps.CommonDefinitionSteps.openTheSiteAndLogin(CommonDefinitionSteps.java:72)
	at sun.reflect.GeneratedMethodAccessor143.invoke(Unknown Source)
	at sun.reflect.DelegatingMethodAccessorImpl.invoke(DelegatingMethodAccessorImpl.java:43)
	at java.lang.reflect.Method.invoke(Method.java:498)
	at cucumber.runtime.Utils$1.call(Utils.java:40)
	at cucumber.runtime.Timeout.timeout(Timeout.java:16)
	at cucumber.runtime.Utils.invoke(Utils.java:34)
	at cucumber.runtime.java.JavaStepDefinition.execute(JavaStepDefinition.java:38)
	at cucumber.runtime.StepDefinitionMatch.runStep(StepDefinitionMatch.java:37)
	at cucumber.runtime.Runtime.runStep(Runtime.java:300)
	at cucumber.runtime.model.StepContainer.runStep(StepContainer.java:44)
	at cucumber.runtime.model.StepContainer.runSteps(StepContainer.java:39)
	at cucumber.runtime.model.CucumberScenario.run(CucumberScenario.java:44)
	at cucumber.runtime.junit.ExecutionUnitRunner.run(ExecutionUnitRunner.java:102)
	at cucumber.runtime.junit.FeatureRunner.runChild(FeatureRunner.java:63)
	at cucumber.runtime.junit.FeatureRunner.runChild(FeatureRunner.java:18)
	at org.junit.runners.ParentRunner$3.run(ParentRunner.java:290)
	at org.junit.runners.ParentRunner$1.schedule(ParentRunner.java:71)
	at org.junit.runners.ParentRunner.runChildren(ParentRunner.java:288)
	at org.junit.runners.ParentRunner.access$000(ParentRunner.java:58)
	at org.junit.runners.ParentRunner$2.evaluate(ParentRunner.java:268)
	at org.junit.runners.ParentRunner.run(ParentRunner.java:363)
	at cucumber.runtime.junit.FeatureRunner.run(FeatureRunner.java:70)
	at cucumber.api.junit.Cucumber.runChild(Cucumber.java:95)
	at cucumber.api.junit.Cucumber.runChild(Cucumber.java:38)
	at org.junit.runners.ParentRunner$3.run(ParentRunner.java:290)
	at org.junit.runners.ParentRunner$1.schedule(ParentRunner.java:71)
	at org.junit.runners.ParentRunner.runChildren(ParentRunner.java:288)
	at org.junit.runners.ParentRunner.access$000(ParentRunner.java:58)
	at org.junit.runners.ParentRunner$2.evaluate(ParentRunner.java:268)
	at org.junit.runners.ParentRunner.run(ParentRunner.java:363)
	at cucumber.api.junit.Cucumber.run(Cucumber.java:100)
	at org.apache.maven.surefire.junit4.JUnit4Provider.execute(JUnit4Provider.java:283)
	at org.apache.maven.surefire.junit4.JUnit4Provider.executeWithRerun(JUnit4Provider.java:173)
	at org.apache.maven.surefire.junit4.JUnit4Provider.executeTestSet(JUnit4Provider.java:153)
	at org.apache.maven.surefire.junit4.JUnit4Provider.invoke(JUnit4Provider.java:128)
	at org.apache.maven.surefire.booter.ForkedBooter.invokeProviderInSameClassLoader(ForkedBooter.java:203)
	at org.apache.maven.surefire.booter.ForkedBooter.runSuitesInProcess(ForkedBooter.java:155)
	at org.apache.maven.surefire.booter.ForkedBooter.main(ForkedBooter.java:103)
]]></error>
    <system-err><![CDATA[[main] INFO net.serenitybdd.core.Serenity - IGNORING STEP
[main] ERROR net.serenitybdd.core.Serenity - 
           __  _____ _____ ____ _____   _____ _    ___ _     _____ ____  
  _       / / |_   _| ____/ ___|_   _| |  ___/ \  |_ _| |   | ____|  _ \ 
 (_)_____| |    | | |  _| \___ \ | |   | |_ / _ \  | || |   |  _| | | | |
  _|_____| |    | | | |___ ___) || |   |  _/ ___ \ | || |___| |___| |_| |
 (_)     | |    |_| |_____|____/ |_|   |_|/_/   \_\___|_____|_____|____/ 
          \_\                                                            

TEST FAILED WITH ERROR: VIR-138.05 Verify that any other data can't be entered except integer
---------------------------------------------------------------------
[main] ERROR net.serenitybdd.core.Serenity - TEST FAILED AT STEP Open the site
[main] ERROR net.serenitybdd.core.Serenity - Could not initialize class com.virco.locators.SiteData
[pool-1-thread-1] INFO net.thucydides.core.reports.json.JSONTestOutcomeReporter - Generating JSON report for VIR-790.01 Verify that the customer can switch the view of products into grid, list on search page to file /Users/rodionsavchuk/hybrisAutomation/virco-automatedtests/target/site/serenity/79c89f5c9fd1ad2a8c101b5f0410c8b569b0435ef40abf20f63e096a8d5de34e.json (using temp file /Users/rodionsavchuk/hybrisAutomation/virco-automatedtests/target/site/serenity/79c89f5c9fd1ad2a8c101b5f0410c8b569b0435ef40abf20f63e096a8d5de34e.jsond39c76db-b78f-46f6-8d7b-54752d744b50)
[pool-1-thread-2] INFO net.thucydides.core.reports.json.JSONTestOutcomeReporter - Generating JSON report for VIR-137.01 Verify that the toggle button is shown above the products to file /Users/rodionsavchuk/hybrisAutomation/virco-automatedtests/target/site/serenity/ed05f0ebcdeb7ab8ce4053f5e77c2e104b16083b38ff0389ff4683e6797df73a.json (using temp file /Users/rodionsavchuk/hybrisAutomation/virco-automatedtests/target/site/serenity/ed05f0ebcdeb7ab8ce4053f5e77c2e104b16083b38ff0389ff4683e6797df73a.json5753dae6-e076-4868-b726-1dd35645c566)
[pool-1-thread-3] INFO net.thucydides.core.reports.json.JSONTestOutcomeReporter - Generating JSON report for VIR-137.02 Verify that the customer can switch the view of products into grid, list to file /Users/rodionsavchuk/hybrisAutomation/virco-automatedtests/target/site/serenity/cdb7752ae4e635597dc73730ce49dc450174bfbf736b9ef32175a8b54c56e86c.json (using temp file /Users/rodionsavchuk/hybrisAutomation/virco-automatedtests/target/site/serenity/cdb7752ae4e635597dc73730ce49dc450174bfbf736b9ef32175a8b54c56e86c.json503b9beb-3ddc-4f15-890f-1b44a9ae7f3f)
[pool-1-thread-4] INFO net.thucydides.core.reports.json.JSONTestOutcomeReporter - Generating JSON report for VIR-137.03 Verify that in the grid view the following product info is shown to file /Users/rodionsavchuk/hybrisAutomation/virco-automatedtests/target/site/serenity/2d367fe8d4e995fe7f0f69d3d29f47666f1d4fd6318f8f9dd42678280fb025a4.json (using temp file /Users/rodionsavchuk/hybrisAutomation/virco-automatedtests/target/site/serenity/2d367fe8d4e995fe7f0f69d3d29f47666f1d4fd6318f8f9dd42678280fb025a4.jsond7731c34-df96-4154-af41-5f1fab535a27)
[pool-1-thread-4] INFO net.thucydides.core.reports.json.JSONTestOutcomeReporter - Generating JSON report for VIR-137.04 Verify that in the List view the following info is shown to file /Users/rodionsavchuk/hybrisAutomation/virco-automatedtests/target/site/serenity/492108091097b8f1a9b1f860ede4bcf742b38d74fb739ac7ab3bec842b5bcb07.json (using temp file /Users/rodionsavchuk/hybrisAutomation/virco-automatedtests/target/site/serenity/492108091097b8f1a9b1f860ede4bcf742b38d74fb739ac7ab3bec842b5bcb07.json783b541d-ac5c-4792-a495-0888d28ce9c9)
[pool-1-thread-1] INFO net.thucydides.core.reports.json.JSONTestOutcomeReporter - Generating JSON report for VIR-137.05 Verify that the list of products is the same in both views to file /Users/rodionsavchuk/hybrisAutomation/virco-automatedtests/target/site/serenity/ae1db428932e82981303203bdc6eb851846608ccd30fa908f4f5b446cb968075.json (using temp file /Users/rodionsavchuk/hybrisAutomation/virco-automatedtests/target/site/serenity/ae1db428932e82981303203bdc6eb851846608ccd30fa908f4f5b446cb968075.json9a888768-4183-40df-a319-50005d173c10)
[pool-1-thread-3] INFO net.thucydides.core.reports.json.JSONTestOutcomeReporter - Generating JSON report for VIR-251.02 Verify that the 20 products are shown per page to file /Users/rodionsavchuk/hybrisAutomation/virco-automatedtests/target/site/serenity/3e2f2a51405f3fa5f517d1a92fb6c7f2d63a08226c65dc48dfcdfc1de866d2f3.json (using temp file /Users/rodionsavchuk/hybrisAutomation/virco-automatedtests/target/site/serenity/3e2f2a51405f3fa5f517d1a92fb6c7f2d63a08226c65dc48dfcdfc1de866d2f3.jsond89cf587-4d3c-4c18-865d-75728b8bfd69)
[pool-1-thread-2] INFO net.thucydides.core.reports.json.JSONTestOutcomeReporter - Generating JSON report for VIR-251.01 Verify that the amount of products per opened page is shown to file /Users/rodionsavchuk/hybrisAutomation/virco-automatedtests/target/site/serenity/2c0ae4476567833206363958c76f43f0bea266ccf19875e0be388e0105241b80.json (using temp file /Users/rodionsavchuk/hybrisAutomation/virco-automatedtests/target/site/serenity/2c0ae4476567833206363958c76f43f0bea266ccf19875e0be388e0105241b80.jsonb2458afe-413b-4554-8a10-5960cc2fbb6b)
[pool-1-thread-2] INFO net.thucydides.core.reports.json.JSONTestOutcomeReporter - Generating JSON report for VIR-251.03 Verify that the last page shows the appropriate number of items to file /Users/rodionsavchuk/hybrisAutomation/virco-automatedtests/target/site/serenity/203add71e1553852782b06b46ad692a125d7913e1dcdfa1bc77d21975adc91d3.json (using temp file /Users/rodionsavchuk/hybrisAutomation/virco-automatedtests/target/site/serenity/203add71e1553852782b06b46ad692a125d7913e1dcdfa1bc77d21975adc91d3.json527c4c12-c571-4b73-81f8-ace441cd9cb5)
[pool-1-thread-3] INFO net.thucydides.core.reports.json.JSONTestOutcomeReporter - Generating JSON report for VIR-138.01 Verify that the pagination is shown above and below the list of products to file /Users/rodionsavchuk/hybrisAutomation/virco-automatedtests/target/site/serenity/9771603025f14f96b272fa21dca31889f195c9a9337b95fbf5eab3295a9e05a4.json (using temp file /Users/rodionsavchuk/hybrisAutomation/virco-automatedtests/target/site/serenity/9771603025f14f96b272fa21dca31889f195c9a9337b95fbf5eab3295a9e05a4.json765a6316-c92e-4fc8-9ca2-aa20b3cacb75)
[pool-1-thread-4] INFO net.thucydides.core.reports.json.JSONTestOutcomeReporter - Generating JSON report for VIR-592.01 Verify that the pagination is shown above and below the list of products on search page to file /Users/rodionsavchuk/hybrisAutomation/virco-automatedtests/target/site/serenity/5184d7acbfb3ebe8e1ad1150664aad7942651d17649b17c3849d0eea482d8652.json (using temp file /Users/rodionsavchuk/hybrisAutomation/virco-automatedtests/target/site/serenity/5184d7acbfb3ebe8e1ad1150664aad7942651d17649b17c3849d0eea482d8652.json187e8ec1-1dea-4902-8923-595b44d949aa)
[pool-1-thread-1] INFO net.thucydides.core.reports.json.JSONTestOutcomeReporter - Generating JSON report for VIR-138.02 Verify that the pagination is suppressed, if only one page of products exist to file /Users/rodionsavchuk/hybrisAutomation/virco-automatedtests/target/site/serenity/ac84c28d9514fcaca1cb434f3db75c589b46912734ad917fa2234bd7cc42f0e5.json (using temp file /Users/rodionsavchuk/hybrisAutomation/virco-automatedtests/target/site/serenity/ac84c28d9514fcaca1cb434f3db75c589b46912734ad917fa2234bd7cc42f0e5.json459709e4-a2ab-4cba-b27b-98b4cb3aebd5)
[pool-1-thread-2] INFO net.thucydides.core.reports.json.JSONTestOutcomeReporter - Generating JSON report for VIR-138.03 Verify that the last page is shown when customer enters the page number that is bigger than the existed one to file /Users/rodionsavchuk/hybrisAutomation/virco-automatedtests/target/site/serenity/56575217a2a4b5789d81c4200cecfbe74728dc79b7cd6d8ac27653a8d3f85ecb.json (using temp file /Users/rodionsavchuk/hybrisAutomation/virco-automatedtests/target/site/serenity/56575217a2a4b5789d81c4200cecfbe74728dc79b7cd6d8ac27653a8d3f85ecb.json015ed933-d837-4378-936c-1be5f7f58e16)
[pool-1-thread-3] INFO net.thucydides.core.reports.json.JSONTestOutcomeReporter - Generating JSON report for VIR-138.04 Verity that the first page is shown when customer enters the 0 to file /Users/rodionsavchuk/hybrisAutomation/virco-automatedtests/target/site/serenity/1c8a1b4b43701bd1338632b88eb6b64df9b65fadafecbf38fec7c32d2408f09b.json (using temp file /Users/rodionsavchuk/hybrisAutomation/virco-automatedtests/target/site/serenity/1c8a1b4b43701bd1338632b88eb6b64df9b65fadafecbf38fec7c32d2408f09b.jsonaa07cd58-ee12-4a5b-8443-b532191828e1)
[pool-1-thread-4] INFO net.thucydides.core.reports.json.JSONTestOutcomeReporter - Generating JSON report for VIR-138.05 Verify that any other data can't be entered except integer to file /Users/rodionsavchuk/hybrisAutomation/virco-automatedtests/target/site/serenity/732f150ffc6c82e48b678a4e7112835fdf284ee6b7c57b8f50df671b5a3f74ae.json (using temp file /Users/rodionsavchuk/hybrisAutomation/virco-automatedtests/target/site/serenity/732f150ffc6c82e48b678a4e7112835fdf284ee6b7c57b8f50df671b5a3f74ae.json45598ad9-8b7f-4d65-bf94-c2e9c43a07ff)
[pool-1-thread-4] INFO net.thucydides.core.reports.html.HtmlAcceptanceTestReporter - GENERATING HTML REPORT FOR CAT-1 - Grid/List View Toggle:VIR-790.01 Verify that the customer can switch the view of products into grid, list on search page in 79c89f5c9fd1ad2a8c101b5f0410c8b569b0435ef40abf20f63e096a8d5de34e.html in directory target/site/serenity  
[pool-1-thread-3] INFO net.thucydides.core.reports.html.HtmlAcceptanceTestReporter - GENERATING HTML REPORT FOR CAT-1 - Grid/List View Toggle:VIR-137.01 Verify that the toggle button is shown above the products in ed05f0ebcdeb7ab8ce4053f5e77c2e104b16083b38ff0389ff4683e6797df73a.html in directory target/site/serenity  
[pool-1-thread-2] INFO net.thucydides.core.reports.html.HtmlAcceptanceTestReporter - GENERATING HTML REPORT FOR CAT-1 - Grid/List View Toggle:VIR-137.03 Verify that in the grid view the following product info is shown in 2d367fe8d4e995fe7f0f69d3d29f47666f1d4fd6318f8f9dd42678280fb025a4.html in directory target/site/serenity  
[pool-1-thread-4] INFO net.thucydides.core.reports.html.HtmlAcceptanceTestReporter - GENERATING HTML REPORT FOR CAT-1 - Grid/List View Toggle:VIR-137.04 Verify that in the List view the following info is shown in 492108091097b8f1a9b1f860ede4bcf742b38d74fb739ac7ab3bec842b5bcb07.html in directory target/site/serenity  
[pool-1-thread-1] INFO net.thucydides.core.reports.html.HtmlAcceptanceTestReporter - GENERATING HTML REPORT FOR CAT-1 - Grid/List View Toggle:VIR-137.02 Verify that the customer can switch the view of products into grid, list in cdb7752ae4e635597dc73730ce49dc450174bfbf736b9ef32175a8b54c56e86c.html in directory target/site/serenity  
[pool-1-thread-4] INFO net.thucydides.core.reports.html.HtmlAcceptanceTestReporter - GENERATING HTML REPORT FOR CAT-2 - Numeration Display:VIR-251.01 Verify that the amount of products per opened page is shown in 2c0ae4476567833206363958c76f43f0bea266ccf19875e0be388e0105241b80.html in directory target/site/serenity  
[pool-1-thread-2] INFO net.thucydides.core.reports.html.HtmlAcceptanceTestReporter - GENERATING HTML REPORT FOR CAT-1 - Grid/List View Toggle:VIR-137.05 Verify that the list of products is the same in both views in ae1db428932e82981303203bdc6eb851846608ccd30fa908f4f5b446cb968075.html in directory target/site/serenity  
[pool-1-thread-4] INFO net.thucydides.core.reports.html.HtmlAcceptanceTestReporter - GENERATING HTML REPORT FOR CAT-2 - Numeration Display:VIR-251.02 Verify that the 20 products are shown per page in 3e2f2a51405f3fa5f517d1a92fb6c7f2d63a08226c65dc48dfcdfc1de866d2f3.html in directory target/site/serenity  
[pool-1-thread-3] INFO net.thucydides.core.reports.html.HtmlAcceptanceTestReporter - GENERATING HTML REPORT FOR CAT-2 - Numeration Display:VIR-251.03 Verify that the last page shows the appropriate number of items in 203add71e1553852782b06b46ad692a125d7913e1dcdfa1bc77d21975adc91d3.html in directory target/site/serenity  
[pool-1-thread-4] INFO net.thucydides.core.reports.html.HtmlAcceptanceTestReporter - GENERATING HTML REPORT FOR CAT-3 - Pagination:VIR-138.01 Verify that the pagination is shown above and below the list of products in 9771603025f14f96b272fa21dca31889f195c9a9337b95fbf5eab3295a9e05a4.html in directory target/site/serenity  
[pool-1-thread-3] INFO net.thucydides.core.reports.html.HtmlAcceptanceTestReporter - GENERATING HTML REPORT FOR CAT-3 - Pagination:VIR-592.01 Verify that the pagination is shown above and below the list of products on search page in 5184d7acbfb3ebe8e1ad1150664aad7942651d17649b17c3849d0eea482d8652.html in directory target/site/serenity  
[pool-1-thread-1] INFO net.thucydides.core.reports.html.HtmlAcceptanceTestReporter - GENERATING HTML REPORT FOR CAT-3 - Pagination:VIR-138.02 Verify that the pagination is suppressed, if only one page of products exist in ac84c28d9514fcaca1cb434f3db75c589b46912734ad917fa2234bd7cc42f0e5.html in directory target/site/serenity  
[pool-1-thread-3] INFO net.thucydides.core.reports.html.HtmlAcceptanceTestReporter - GENERATING HTML REPORT FOR CAT-3 - Pagination:VIR-138.03 Verify that the last page is shown when customer enters the page number that is bigger than the existed one in 56575217a2a4b5789d81c4200cecfbe74728dc79b7cd6d8ac27653a8d3f85ecb.html in directory target/site/serenity  
[pool-1-thread-2] INFO net.thucydides.core.reports.html.HtmlAcceptanceTestReporter - GENERATING HTML REPORT FOR CAT-3 - Pagination:VIR-138.04 Verity that the first page is shown when customer enters the 0 in 1c8a1b4b43701bd1338632b88eb6b64df9b65fadafecbf38fec7c32d2408f09b.html in directory target/site/serenity  
[pool-1-thread-1] INFO net.thucydides.core.reports.html.HtmlAcceptanceTestReporter - GENERATING HTML REPORT FOR CAT-3 - Pagination:VIR-138.05 Verify that any other data can't be entered except integer in 732f150ffc6c82e48b678a4e7112835fdf284ee6b7c57b8f50df671b5a3f74ae.html in directory target/site/serenity  
[main] INFO net.serenitybdd.core.Serenity - 
 _____ _____ ____ _____   ____ _____  _    ____ _____ _____ ____  
|_   _| ____/ ___|_   _| / ___|_   _|/ \  |  _ \_   _| ____|  _ \ 
  | | |  _| \___ \ | |   \___ \ | | / _ \ | |_) || | |  _| | | | |
  | | | |___ ___) || |    ___) || |/ ___ \|  _ < | | | |___| |_| |
  |_| |_____|____/ |_|   |____/ |_/_/   \_\_| \_\|_| |_____|____/ 
                                                                  

TEST STARTED: VIR-138.06 Verify that any other data can't be entered except integer using context paste
-------------------------------------------------------------------(cat-3---pagination;vir-138.06-verify-that-any-other-data-can't-be-entered-except-integer-using-context-paste)
[main] INFO net.serenitybdd.core.Serenity - STARTING STEP Given open the site and login
[main] INFO net.serenitybdd.core.Serenity - STARTING STEP Open the site
[main] INFO net.serenitybdd.core.Serenity - STEP ERROR: net.serenitybdd.core.exceptions.SerenityManagedException: Could not initialize class com.virco.locators.SiteData
]]></system-err>
  </testcase>
  <testcase name="Scenario: VIR-138.06 Verify that any other data can&apos;t be entered except integer using context paste" classname="Scenario: VIR-138.06 Verify that any other data can&apos;t be entered except integer using context paste" time="0">
    <error message="Could not initialize class com.virco.locators.SiteData" type="net.serenitybdd.core.exceptions.SerenityManagedException"><![CDATA[net.serenitybdd.core.exceptions.SerenityManagedException: Could not initialize class com.virco.locators.SiteData
	at com.virco.steps.serenity.CommonUserSteps.openTheSite(CommonUserSteps.java:19)
	at com.virco.steps.serenity.CommonUserSteps$$EnhancerByCGLIB$$d8541bfa.CGLIB$openTheSite$6(<generated>)
	at com.virco.steps.serenity.CommonUserSteps$$EnhancerByCGLIB$$d8541bfa$$FastClassByCGLIB$$ea8e0f86.invoke(<generated>)
	at net.sf.cglib.proxy.MethodProxy.invokeSuper(MethodProxy.java:228)
	at net.thucydides.core.steps.StepInterceptor.invokeMethod(StepInterceptor.java:372)
	at net.thucydides.core.steps.StepInterceptor.executeTestStepMethod(StepInterceptor.java:357)
	at net.thucydides.core.steps.StepInterceptor.runTestStep(StepInterceptor.java:332)
	at net.thucydides.core.steps.StepInterceptor.testStepResult(StepInterceptor.java:134)
	at net.thucydides.core.steps.StepInterceptor.intercept(StepInterceptor.java:61)
	at com.virco.steps.serenity.CommonUserSteps$$EnhancerByCGLIB$$d8541bfa.openTheSite(<generated>)
	at com.virco.steps.CommonDefinitionSteps.openTheSiteAndLogin(CommonDefinitionSteps.java:72)
	at sun.reflect.GeneratedMethodAccessor143.invoke(Unknown Source)
	at sun.reflect.DelegatingMethodAccessorImpl.invoke(DelegatingMethodAccessorImpl.java:43)
	at java.lang.reflect.Method.invoke(Method.java:498)
	at cucumber.runtime.Utils$1.call(Utils.java:40)
	at cucumber.runtime.Timeout.timeout(Timeout.java:16)
	at cucumber.runtime.Utils.invoke(Utils.java:34)
	at cucumber.runtime.java.JavaStepDefinition.execute(JavaStepDefinition.java:38)
	at cucumber.runtime.StepDefinitionMatch.runStep(StepDefinitionMatch.java:37)
	at cucumber.runtime.Runtime.runStep(Runtime.java:300)
	at cucumber.runtime.model.StepContainer.runStep(StepContainer.java:44)
	at cucumber.runtime.model.StepContainer.runSteps(StepContainer.java:39)
	at cucumber.runtime.model.CucumberScenario.run(CucumberScenario.java:44)
	at cucumber.runtime.junit.ExecutionUnitRunner.run(ExecutionUnitRunner.java:102)
	at cucumber.runtime.junit.FeatureRunner.runChild(FeatureRunner.java:63)
	at cucumber.runtime.junit.FeatureRunner.runChild(FeatureRunner.java:18)
	at org.junit.runners.ParentRunner$3.run(ParentRunner.java:290)
	at org.junit.runners.ParentRunner$1.schedule(ParentRunner.java:71)
	at org.junit.runners.ParentRunner.runChildren(ParentRunner.java:288)
	at org.junit.runners.ParentRunner.access$000(ParentRunner.java:58)
	at org.junit.runners.ParentRunner$2.evaluate(ParentRunner.java:268)
	at org.junit.runners.ParentRunner.run(ParentRunner.java:363)
	at cucumber.runtime.junit.FeatureRunner.run(FeatureRunner.java:70)
	at cucumber.api.junit.Cucumber.runChild(Cucumber.java:95)
	at cucumber.api.junit.Cucumber.runChild(Cucumber.java:38)
	at org.junit.runners.ParentRunner$3.run(ParentRunner.java:290)
	at org.junit.runners.ParentRunner$1.schedule(ParentRunner.java:71)
	at org.junit.runners.ParentRunner.runChildren(ParentRunner.java:288)
	at org.junit.runners.ParentRunner.access$000(ParentRunner.java:58)
	at org.junit.runners.ParentRunner$2.evaluate(ParentRunner.java:268)
	at org.junit.runners.ParentRunner.run(ParentRunner.java:363)
	at cucumber.api.junit.Cucumber.run(Cucumber.java:100)
	at org.apache.maven.surefire.junit4.JUnit4Provider.execute(JUnit4Provider.java:283)
	at org.apache.maven.surefire.junit4.JUnit4Provider.executeWithRerun(JUnit4Provider.java:173)
	at org.apache.maven.surefire.junit4.JUnit4Provider.executeTestSet(JUnit4Provider.java:153)
	at org.apache.maven.surefire.junit4.JUnit4Provider.invoke(JUnit4Provider.java:128)
	at org.apache.maven.surefire.booter.ForkedBooter.invokeProviderInSameClassLoader(ForkedBooter.java:203)
	at org.apache.maven.surefire.booter.ForkedBooter.runSuitesInProcess(ForkedBooter.java:155)
	at org.apache.maven.surefire.booter.ForkedBooter.main(ForkedBooter.java:103)
]]></error>
  </testcase>
  <testcase name="When open category with pagination" classname="Scenario: VIR-138.06 Verify that any other data can&apos;t be entered except integer using context paste" time="0">
    <skipped/>
    <system-err><![CDATA[[main] INFO net.serenitybdd.core.Serenity - STEP ERROR: java.lang.NoClassDefFoundError: Could not initialize class com.virco.locators.SiteData
[main] INFO net.serenitybdd.core.Serenity - STARTING STEP When open category with pagination
]]></system-err>
  </testcase>
  <testcase name="When enter &quot;1&quot; in pagination page number field" classname="Scenario: VIR-138.06 Verify that any other data can&apos;t be entered except integer using context paste" time="0">
    <skipped/>
    <system-err><![CDATA[[main] INFO net.serenitybdd.core.Serenity - IGNORING STEP
[main] INFO net.serenitybdd.core.Serenity - STARTING STEP When enter "1" in pagination page number field
]]></system-err>
  </testcase>
  <testcase name="When paste &quot;test&quot; using context menu in pagination page number field" classname="Scenario: VIR-138.06 Verify that any other data can&apos;t be entered except integer using context paste" time="0">
    <skipped/>
    <system-err><![CDATA[[main] INFO net.serenitybdd.core.Serenity - IGNORING STEP
[main] INFO net.serenitybdd.core.Serenity - STARTING STEP When paste "test" using context menu in pagination page number field
]]></system-err>
  </testcase>
  <testcase name="Then the value in pagination input field is &quot;1&quot;" classname="Scenario: VIR-138.06 Verify that any other data can&apos;t be entered except integer using context paste" time="0">
    <skipped/>
    <system-err><![CDATA[[main] INFO net.serenitybdd.core.Serenity - IGNORING STEP
[main] INFO net.serenitybdd.core.Serenity - STARTING STEP Then the value in pagination input field is "1"
]]></system-err>
  </testcase>
  <testcase name="Given open the site and login" classname="Scenario: VIR-138.07 Verify that the sorting/filtering is not cleared while navigating through the pages in the current way" time="0.003">
    <error message="Could not initialize class com.virco.locators.SiteData" type="net.serenitybdd.core.exceptions.SerenityManagedException"><![CDATA[net.serenitybdd.core.exceptions.SerenityManagedException: Could not initialize class com.virco.locators.SiteData
	at com.virco.steps.serenity.CommonUserSteps.openTheSite(CommonUserSteps.java:19)
	at com.virco.steps.serenity.CommonUserSteps$$EnhancerByCGLIB$$d8541bfa.CGLIB$openTheSite$6(<generated>)
	at com.virco.steps.serenity.CommonUserSteps$$EnhancerByCGLIB$$d8541bfa$$FastClassByCGLIB$$ea8e0f86.invoke(<generated>)
	at net.sf.cglib.proxy.MethodProxy.invokeSuper(MethodProxy.java:228)
	at net.thucydides.core.steps.StepInterceptor.invokeMethod(StepInterceptor.java:372)
	at net.thucydides.core.steps.StepInterceptor.executeTestStepMethod(StepInterceptor.java:357)
	at net.thucydides.core.steps.StepInterceptor.runTestStep(StepInterceptor.java:332)
	at net.thucydides.core.steps.StepInterceptor.testStepResult(StepInterceptor.java:134)
	at net.thucydides.core.steps.StepInterceptor.intercept(StepInterceptor.java:61)
	at com.virco.steps.serenity.CommonUserSteps$$EnhancerByCGLIB$$d8541bfa.openTheSite(<generated>)
	at com.virco.steps.CommonDefinitionSteps.openTheSiteAndLogin(CommonDefinitionSteps.java:72)
	at sun.reflect.GeneratedMethodAccessor143.invoke(Unknown Source)
	at sun.reflect.DelegatingMethodAccessorImpl.invoke(DelegatingMethodAccessorImpl.java:43)
	at java.lang.reflect.Method.invoke(Method.java:498)
	at cucumber.runtime.Utils$1.call(Utils.java:40)
	at cucumber.runtime.Timeout.timeout(Timeout.java:16)
	at cucumber.runtime.Utils.invoke(Utils.java:34)
	at cucumber.runtime.java.JavaStepDefinition.execute(JavaStepDefinition.java:38)
	at cucumber.runtime.StepDefinitionMatch.runStep(StepDefinitionMatch.java:37)
	at cucumber.runtime.Runtime.runStep(Runtime.java:300)
	at cucumber.runtime.model.StepContainer.runStep(StepContainer.java:44)
	at cucumber.runtime.model.StepContainer.runSteps(StepContainer.java:39)
	at cucumber.runtime.model.CucumberScenario.run(CucumberScenario.java:44)
	at cucumber.runtime.junit.ExecutionUnitRunner.run(ExecutionUnitRunner.java:102)
	at cucumber.runtime.junit.FeatureRunner.runChild(FeatureRunner.java:63)
	at cucumber.runtime.junit.FeatureRunner.runChild(FeatureRunner.java:18)
	at org.junit.runners.ParentRunner$3.run(ParentRunner.java:290)
	at org.junit.runners.ParentRunner$1.schedule(ParentRunner.java:71)
	at org.junit.runners.ParentRunner.runChildren(ParentRunner.java:288)
	at org.junit.runners.ParentRunner.access$000(ParentRunner.java:58)
	at org.junit.runners.ParentRunner$2.evaluate(ParentRunner.java:268)
	at org.junit.runners.ParentRunner.run(ParentRunner.java:363)
	at cucumber.runtime.junit.FeatureRunner.run(FeatureRunner.java:70)
	at cucumber.api.junit.Cucumber.runChild(Cucumber.java:95)
	at cucumber.api.junit.Cucumber.runChild(Cucumber.java:38)
	at org.junit.runners.ParentRunner$3.run(ParentRunner.java:290)
	at org.junit.runners.ParentRunner$1.schedule(ParentRunner.java:71)
	at org.junit.runners.ParentRunner.runChildren(ParentRunner.java:288)
	at org.junit.runners.ParentRunner.access$000(ParentRunner.java:58)
	at org.junit.runners.ParentRunner$2.evaluate(ParentRunner.java:268)
	at org.junit.runners.ParentRunner.run(ParentRunner.java:363)
	at cucumber.api.junit.Cucumber.run(Cucumber.java:100)
	at org.apache.maven.surefire.junit4.JUnit4Provider.execute(JUnit4Provider.java:283)
	at org.apache.maven.surefire.junit4.JUnit4Provider.executeWithRerun(JUnit4Provider.java:173)
	at org.apache.maven.surefire.junit4.JUnit4Provider.executeTestSet(JUnit4Provider.java:153)
	at org.apache.maven.surefire.junit4.JUnit4Provider.invoke(JUnit4Provider.java:128)
	at org.apache.maven.surefire.booter.ForkedBooter.invokeProviderInSameClassLoader(ForkedBooter.java:203)
	at org.apache.maven.surefire.booter.ForkedBooter.runSuitesInProcess(ForkedBooter.java:155)
	at org.apache.maven.surefire.booter.ForkedBooter.main(ForkedBooter.java:103)
]]></error>
    <system-err><![CDATA[[main] INFO net.serenitybdd.core.Serenity - IGNORING STEP
[main] ERROR net.serenitybdd.core.Serenity - 
           __  _____ _____ ____ _____   _____ _    ___ _     _____ ____  
  _       / / |_   _| ____/ ___|_   _| |  ___/ \  |_ _| |   | ____|  _ \ 
 (_)_____| |    | | |  _| \___ \ | |   | |_ / _ \  | || |   |  _| | | | |
  _|_____| |    | | | |___ ___) || |   |  _/ ___ \ | || |___| |___| |_| |
 (_)     | |    |_| |_____|____/ |_|   |_|/_/   \_\___|_____|_____|____/ 
          \_\                                                            

TEST FAILED WITH ERROR: VIR-138.06 Verify that any other data can't be entered except integer using context paste
---------------------------------------------------------------------
[main] ERROR net.serenitybdd.core.Serenity - TEST FAILED AT STEP Open the site
[main] ERROR net.serenitybdd.core.Serenity - Could not initialize class com.virco.locators.SiteData
[pool-1-thread-2] INFO net.thucydides.core.reports.json.JSONTestOutcomeReporter - Generating JSON report for VIR-137.01 Verify that the toggle button is shown above the products to file /Users/rodionsavchuk/hybrisAutomation/virco-automatedtests/target/site/serenity/ed05f0ebcdeb7ab8ce4053f5e77c2e104b16083b38ff0389ff4683e6797df73a.json (using temp file /Users/rodionsavchuk/hybrisAutomation/virco-automatedtests/target/site/serenity/ed05f0ebcdeb7ab8ce4053f5e77c2e104b16083b38ff0389ff4683e6797df73a.json3f01b33a-b83e-4f48-965a-c4c7ac5d74db)
[pool-1-thread-3] INFO net.thucydides.core.reports.json.JSONTestOutcomeReporter - Generating JSON report for VIR-137.02 Verify that the customer can switch the view of products into grid, list to file /Users/rodionsavchuk/hybrisAutomation/virco-automatedtests/target/site/serenity/cdb7752ae4e635597dc73730ce49dc450174bfbf736b9ef32175a8b54c56e86c.json (using temp file /Users/rodionsavchuk/hybrisAutomation/virco-automatedtests/target/site/serenity/cdb7752ae4e635597dc73730ce49dc450174bfbf736b9ef32175a8b54c56e86c.json0b36ff3c-48fd-4a1f-82ce-4cdff7a48c56)
[pool-1-thread-4] INFO net.thucydides.core.reports.json.JSONTestOutcomeReporter - Generating JSON report for VIR-790.01 Verify that the customer can switch the view of products into grid, list on search page to file /Users/rodionsavchuk/hybrisAutomation/virco-automatedtests/target/site/serenity/79c89f5c9fd1ad2a8c101b5f0410c8b569b0435ef40abf20f63e096a8d5de34e.json (using temp file /Users/rodionsavchuk/hybrisAutomation/virco-automatedtests/target/site/serenity/79c89f5c9fd1ad2a8c101b5f0410c8b569b0435ef40abf20f63e096a8d5de34e.json7e706ff7-fa9f-43b3-898d-cfd7bf7bed93)
[pool-1-thread-1] INFO net.thucydides.core.reports.json.JSONTestOutcomeReporter - Generating JSON report for VIR-137.03 Verify that in the grid view the following product info is shown to file /Users/rodionsavchuk/hybrisAutomation/virco-automatedtests/target/site/serenity/2d367fe8d4e995fe7f0f69d3d29f47666f1d4fd6318f8f9dd42678280fb025a4.json (using temp file /Users/rodionsavchuk/hybrisAutomation/virco-automatedtests/target/site/serenity/2d367fe8d4e995fe7f0f69d3d29f47666f1d4fd6318f8f9dd42678280fb025a4.jsonffde9235-1580-4d16-9ff4-0b5786552d47)
[pool-1-thread-2] INFO net.thucydides.core.reports.json.JSONTestOutcomeReporter - Generating JSON report for VIR-137.04 Verify that in the List view the following info is shown to file /Users/rodionsavchuk/hybrisAutomation/virco-automatedtests/target/site/serenity/492108091097b8f1a9b1f860ede4bcf742b38d74fb739ac7ab3bec842b5bcb07.json (using temp file /Users/rodionsavchuk/hybrisAutomation/virco-automatedtests/target/site/serenity/492108091097b8f1a9b1f860ede4bcf742b38d74fb739ac7ab3bec842b5bcb07.json4cefb6a0-edf3-446e-83a1-5b7e2f48d6fe)
[pool-1-thread-1] INFO net.thucydides.core.reports.json.JSONTestOutcomeReporter - Generating JSON report for VIR-137.05 Verify that the list of products is the same in both views to file /Users/rodionsavchuk/hybrisAutomation/virco-automatedtests/target/site/serenity/ae1db428932e82981303203bdc6eb851846608ccd30fa908f4f5b446cb968075.json (using temp file /Users/rodionsavchuk/hybrisAutomation/virco-automatedtests/target/site/serenity/ae1db428932e82981303203bdc6eb851846608ccd30fa908f4f5b446cb968075.jsonc551bf24-4111-4b61-99c5-6220ed1f24e2)
[pool-1-thread-3] INFO net.thucydides.core.reports.json.JSONTestOutcomeReporter - Generating JSON report for VIR-251.02 Verify that the 20 products are shown per page to file /Users/rodionsavchuk/hybrisAutomation/virco-automatedtests/target/site/serenity/3e2f2a51405f3fa5f517d1a92fb6c7f2d63a08226c65dc48dfcdfc1de866d2f3.json (using temp file /Users/rodionsavchuk/hybrisAutomation/virco-automatedtests/target/site/serenity/3e2f2a51405f3fa5f517d1a92fb6c7f2d63a08226c65dc48dfcdfc1de866d2f3.jsonda49cf85-b83e-437f-9707-d7f6fbb925d2)
[pool-1-thread-2] INFO net.thucydides.core.reports.json.JSONTestOutcomeReporter - Generating JSON report for VIR-251.03 Verify that the last page shows the appropriate number of items to file /Users/rodionsavchuk/hybrisAutomation/virco-automatedtests/target/site/serenity/203add71e1553852782b06b46ad692a125d7913e1dcdfa1bc77d21975adc91d3.json (using temp file /Users/rodionsavchuk/hybrisAutomation/virco-automatedtests/target/site/serenity/203add71e1553852782b06b46ad692a125d7913e1dcdfa1bc77d21975adc91d3.json60fbf2af-abc0-4388-b0ee-e2bd58cda585)
[pool-1-thread-4] INFO net.thucydides.core.reports.json.JSONTestOutcomeReporter - Generating JSON report for VIR-251.01 Verify that the amount of products per opened page is shown to file /Users/rodionsavchuk/hybrisAutomation/virco-automatedtests/target/site/serenity/2c0ae4476567833206363958c76f43f0bea266ccf19875e0be388e0105241b80.json (using temp file /Users/rodionsavchuk/hybrisAutomation/virco-automatedtests/target/site/serenity/2c0ae4476567833206363958c76f43f0bea266ccf19875e0be388e0105241b80.jsona85912db-577d-43cb-ae54-e41379e037ee)
[pool-1-thread-1] INFO net.thucydides.core.reports.json.JSONTestOutcomeReporter - Generating JSON report for VIR-138.01 Verify that the pagination is shown above and below the list of products to file /Users/rodionsavchuk/hybrisAutomation/virco-automatedtests/target/site/serenity/9771603025f14f96b272fa21dca31889f195c9a9337b95fbf5eab3295a9e05a4.json (using temp file /Users/rodionsavchuk/hybrisAutomation/virco-automatedtests/target/site/serenity/9771603025f14f96b272fa21dca31889f195c9a9337b95fbf5eab3295a9e05a4.json9c6da5b3-d97e-449d-a6cd-45566e1825b1)
[pool-1-thread-2] INFO net.thucydides.core.reports.json.JSONTestOutcomeReporter - Generating JSON report for VIR-592.01 Verify that the pagination is shown above and below the list of products on search page to file /Users/rodionsavchuk/hybrisAutomation/virco-automatedtests/target/site/serenity/5184d7acbfb3ebe8e1ad1150664aad7942651d17649b17c3849d0eea482d8652.json (using temp file /Users/rodionsavchuk/hybrisAutomation/virco-automatedtests/target/site/serenity/5184d7acbfb3ebe8e1ad1150664aad7942651d17649b17c3849d0eea482d8652.json78fe0388-c873-48bb-830e-c868d1e425c8)
[pool-1-thread-4] INFO net.thucydides.core.reports.json.JSONTestOutcomeReporter - Generating JSON report for VIR-138.02 Verify that the pagination is suppressed, if only one page of products exist to file /Users/rodionsavchuk/hybrisAutomation/virco-automatedtests/target/site/serenity/ac84c28d9514fcaca1cb434f3db75c589b46912734ad917fa2234bd7cc42f0e5.json (using temp file /Users/rodionsavchuk/hybrisAutomation/virco-automatedtests/target/site/serenity/ac84c28d9514fcaca1cb434f3db75c589b46912734ad917fa2234bd7cc42f0e5.json5afa332d-dd97-4927-a690-ba3a06a68c56)
[pool-1-thread-3] INFO net.thucydides.core.reports.json.JSONTestOutcomeReporter - Generating JSON report for VIR-138.04 Verity that the first page is shown when customer enters the 0 to file /Users/rodionsavchuk/hybrisAutomation/virco-automatedtests/target/site/serenity/1c8a1b4b43701bd1338632b88eb6b64df9b65fadafecbf38fec7c32d2408f09b.json (using temp file /Users/rodionsavchuk/hybrisAutomation/virco-automatedtests/target/site/serenity/1c8a1b4b43701bd1338632b88eb6b64df9b65fadafecbf38fec7c32d2408f09b.json8a67dec9-ddb4-4263-84b2-17d78a951051)
[pool-1-thread-1] INFO net.thucydides.core.reports.json.JSONTestOutcomeReporter - Generating JSON report for VIR-138.03 Verify that the last page is shown when customer enters the page number that is bigger than the existed one to file /Users/rodionsavchuk/hybrisAutomation/virco-automatedtests/target/site/serenity/56575217a2a4b5789d81c4200cecfbe74728dc79b7cd6d8ac27653a8d3f85ecb.json (using temp file /Users/rodionsavchuk/hybrisAutomation/virco-automatedtests/target/site/serenity/56575217a2a4b5789d81c4200cecfbe74728dc79b7cd6d8ac27653a8d3f85ecb.json3c211707-5192-4e8d-8e1b-39d736940b88)
[pool-1-thread-2] INFO net.thucydides.core.reports.json.JSONTestOutcomeReporter - Generating JSON report for VIR-138.05 Verify that any other data can't be entered except integer to file /Users/rodionsavchuk/hybrisAutomation/virco-automatedtests/target/site/serenity/732f150ffc6c82e48b678a4e7112835fdf284ee6b7c57b8f50df671b5a3f74ae.json (using temp file /Users/rodionsavchuk/hybrisAutomation/virco-automatedtests/target/site/serenity/732f150ffc6c82e48b678a4e7112835fdf284ee6b7c57b8f50df671b5a3f74ae.jsonbd5dc09a-7e14-4162-b12b-8470771abc72)
[pool-1-thread-4] INFO net.thucydides.core.reports.json.JSONTestOutcomeReporter - Generating JSON report for VIR-138.06 Verify that any other data can't be entered except integer using context paste to file /Users/rodionsavchuk/hybrisAutomation/virco-automatedtests/target/site/serenity/57135e94eed8cc11fc55734a7c503a70dc363381dabf570e05c256f3e9e11571.json (using temp file /Users/rodionsavchuk/hybrisAutomation/virco-automatedtests/target/site/serenity/57135e94eed8cc11fc55734a7c503a70dc363381dabf570e05c256f3e9e11571.json2f0c21f5-d730-474f-9e13-68eed7a7ff6f)
[pool-1-thread-3] INFO net.thucydides.core.reports.html.HtmlAcceptanceTestReporter - GENERATING HTML REPORT FOR CAT-1 - Grid/List View Toggle:VIR-137.02 Verify that the customer can switch the view of products into grid, list in cdb7752ae4e635597dc73730ce49dc450174bfbf736b9ef32175a8b54c56e86c.html in directory target/site/serenity  
[pool-1-thread-1] INFO net.thucydides.core.reports.html.HtmlAcceptanceTestReporter - GENERATING HTML REPORT FOR CAT-1 - Grid/List View Toggle:VIR-790.01 Verify that the customer can switch the view of products into grid, list on search page in 79c89f5c9fd1ad2a8c101b5f0410c8b569b0435ef40abf20f63e096a8d5de34e.html in directory target/site/serenity  
[pool-1-thread-1] INFO net.thucydides.core.reports.html.HtmlAcceptanceTestReporter - GENERATING HTML REPORT FOR CAT-1 - Grid/List View Toggle:VIR-137.03 Verify that in the grid view the following product info is shown in 2d367fe8d4e995fe7f0f69d3d29f47666f1d4fd6318f8f9dd42678280fb025a4.html in directory target/site/serenity  
[pool-1-thread-3] INFO net.thucydides.core.reports.html.HtmlAcceptanceTestReporter - GENERATING HTML REPORT FOR CAT-1 - Grid/List View Toggle:VIR-137.04 Verify that in the List view the following info is shown in 492108091097b8f1a9b1f860ede4bcf742b38d74fb739ac7ab3bec842b5bcb07.html in directory target/site/serenity  
[pool-1-thread-2] INFO net.thucydides.core.reports.html.HtmlAcceptanceTestReporter - GENERATING HTML REPORT FOR CAT-1 - Grid/List View Toggle:VIR-137.01 Verify that the toggle button is shown above the products in ed05f0ebcdeb7ab8ce4053f5e77c2e104b16083b38ff0389ff4683e6797df73a.html in directory target/site/serenity  
[pool-1-thread-4] INFO net.thucydides.core.reports.html.HtmlAcceptanceTestReporter - GENERATING HTML REPORT FOR CAT-1 - Grid/List View Toggle:VIR-137.05 Verify that the list of products is the same in both views in ae1db428932e82981303203bdc6eb851846608ccd30fa908f4f5b446cb968075.html in directory target/site/serenity  
[pool-1-thread-1] INFO net.thucydides.core.reports.html.HtmlAcceptanceTestReporter - GENERATING HTML REPORT FOR CAT-2 - Numeration Display:VIR-251.01 Verify that the amount of products per opened page is shown in 2c0ae4476567833206363958c76f43f0bea266ccf19875e0be388e0105241b80.html in directory target/site/serenity  
[pool-1-thread-3] INFO net.thucydides.core.reports.html.HtmlAcceptanceTestReporter - GENERATING HTML REPORT FOR CAT-2 - Numeration Display:VIR-251.02 Verify that the 20 products are shown per page in 3e2f2a51405f3fa5f517d1a92fb6c7f2d63a08226c65dc48dfcdfc1de866d2f3.html in directory target/site/serenity  
[pool-1-thread-2] INFO net.thucydides.core.reports.html.HtmlAcceptanceTestReporter - GENERATING HTML REPORT FOR CAT-2 - Numeration Display:VIR-251.03 Verify that the last page shows the appropriate number of items in 203add71e1553852782b06b46ad692a125d7913e1dcdfa1bc77d21975adc91d3.html in directory target/site/serenity  
[pool-1-thread-3] INFO net.thucydides.core.reports.html.HtmlAcceptanceTestReporter - GENERATING HTML REPORT FOR CAT-3 - Pagination:VIR-592.01 Verify that the pagination is shown above and below the list of products on search page in 5184d7acbfb3ebe8e1ad1150664aad7942651d17649b17c3849d0eea482d8652.html in directory target/site/serenity  
[pool-1-thread-4] INFO net.thucydides.core.reports.html.HtmlAcceptanceTestReporter - GENERATING HTML REPORT FOR CAT-3 - Pagination:VIR-138.01 Verify that the pagination is shown above and below the list of products in 9771603025f14f96b272fa21dca31889f195c9a9337b95fbf5eab3295a9e05a4.html in directory target/site/serenity  
[pool-1-thread-2] INFO net.thucydides.core.reports.html.HtmlAcceptanceTestReporter - GENERATING HTML REPORT FOR CAT-3 - Pagination:VIR-138.02 Verify that the pagination is suppressed, if only one page of products exist in ac84c28d9514fcaca1cb434f3db75c589b46912734ad917fa2234bd7cc42f0e5.html in directory target/site/serenity  
[pool-1-thread-3] INFO net.thucydides.core.reports.html.HtmlAcceptanceTestReporter - GENERATING HTML REPORT FOR CAT-3 - Pagination:VIR-138.03 Verify that the last page is shown when customer enters the page number that is bigger than the existed one in 56575217a2a4b5789d81c4200cecfbe74728dc79b7cd6d8ac27653a8d3f85ecb.html in directory target/site/serenity  
[pool-1-thread-4] INFO net.thucydides.core.reports.html.HtmlAcceptanceTestReporter - GENERATING HTML REPORT FOR CAT-3 - Pagination:VIR-138.04 Verity that the first page is shown when customer enters the 0 in 1c8a1b4b43701bd1338632b88eb6b64df9b65fadafecbf38fec7c32d2408f09b.html in directory target/site/serenity  
[pool-1-thread-2] INFO net.thucydides.core.reports.html.HtmlAcceptanceTestReporter - GENERATING HTML REPORT FOR CAT-3 - Pagination:VIR-138.05 Verify that any other data can't be entered except integer in 732f150ffc6c82e48b678a4e7112835fdf284ee6b7c57b8f50df671b5a3f74ae.html in directory target/site/serenity  
[pool-1-thread-3] INFO net.thucydides.core.reports.html.HtmlAcceptanceTestReporter - GENERATING HTML REPORT FOR CAT-3 - Pagination:VIR-138.06 Verify that any other data can't be entered except integer using context paste in 57135e94eed8cc11fc55734a7c503a70dc363381dabf570e05c256f3e9e11571.html in directory target/site/serenity  
[main] INFO net.serenitybdd.core.Serenity - 
 _____ _____ ____ _____   ____ _____  _    ____ _____ _____ ____  
|_   _| ____/ ___|_   _| / ___|_   _|/ \  |  _ \_   _| ____|  _ \ 
  | | |  _| \___ \ | |   \___ \ | | / _ \ | |_) || | |  _| | | | |
  | | | |___ ___) || |    ___) || |/ ___ \|  _ < | | | |___| |_| |
  |_| |_____|____/ |_|   |____/ |_/_/   \_\_| \_\|_| |_____|____/ 
                                                                  

TEST STARTED: VIR-138.07 Verify that the sorting/filtering is not cleared while navigating through the pages in the current way
-------------------------------------------------------------------(cat-3---pagination;vir-138.07-verify-that-the-sorting/filtering-is-not-cleared-while-navigating-through-the-pages-in-the-current-way)
[main] INFO net.serenitybdd.core.Serenity - STARTING STEP Given open the site and login
[main] INFO net.serenitybdd.core.Serenity - STARTING STEP Open the site
[main] INFO net.serenitybdd.core.Serenity - STEP ERROR: net.serenitybdd.core.exceptions.SerenityManagedException: Could not initialize class com.virco.locators.SiteData
]]></system-err>
  </testcase>
  <testcase name="Scenario: VIR-138.07 Verify that the sorting/filtering is not cleared while navigating through the pages in the current way" classname="Scenario: VIR-138.07 Verify that the sorting/filtering is not cleared while navigating through the pages in the current way" time="0.005">
    <error message="Could not initialize class com.virco.locators.SiteData" type="net.serenitybdd.core.exceptions.SerenityManagedException"><![CDATA[net.serenitybdd.core.exceptions.SerenityManagedException: Could not initialize class com.virco.locators.SiteData
	at com.virco.steps.serenity.CommonUserSteps.openTheSite(CommonUserSteps.java:19)
	at com.virco.steps.serenity.CommonUserSteps$$EnhancerByCGLIB$$d8541bfa.CGLIB$openTheSite$6(<generated>)
	at com.virco.steps.serenity.CommonUserSteps$$EnhancerByCGLIB$$d8541bfa$$FastClassByCGLIB$$ea8e0f86.invoke(<generated>)
	at net.sf.cglib.proxy.MethodProxy.invokeSuper(MethodProxy.java:228)
	at net.thucydides.core.steps.StepInterceptor.invokeMethod(StepInterceptor.java:372)
	at net.thucydides.core.steps.StepInterceptor.executeTestStepMethod(StepInterceptor.java:357)
	at net.thucydides.core.steps.StepInterceptor.runTestStep(StepInterceptor.java:332)
	at net.thucydides.core.steps.StepInterceptor.testStepResult(StepInterceptor.java:134)
	at net.thucydides.core.steps.StepInterceptor.intercept(StepInterceptor.java:61)
	at com.virco.steps.serenity.CommonUserSteps$$EnhancerByCGLIB$$d8541bfa.openTheSite(<generated>)
	at com.virco.steps.CommonDefinitionSteps.openTheSiteAndLogin(CommonDefinitionSteps.java:72)
	at sun.reflect.GeneratedMethodAccessor143.invoke(Unknown Source)
	at sun.reflect.DelegatingMethodAccessorImpl.invoke(DelegatingMethodAccessorImpl.java:43)
	at java.lang.reflect.Method.invoke(Method.java:498)
	at cucumber.runtime.Utils$1.call(Utils.java:40)
	at cucumber.runtime.Timeout.timeout(Timeout.java:16)
	at cucumber.runtime.Utils.invoke(Utils.java:34)
	at cucumber.runtime.java.JavaStepDefinition.execute(JavaStepDefinition.java:38)
	at cucumber.runtime.StepDefinitionMatch.runStep(StepDefinitionMatch.java:37)
	at cucumber.runtime.Runtime.runStep(Runtime.java:300)
	at cucumber.runtime.model.StepContainer.runStep(StepContainer.java:44)
	at cucumber.runtime.model.StepContainer.runSteps(StepContainer.java:39)
	at cucumber.runtime.model.CucumberScenario.run(CucumberScenario.java:44)
	at cucumber.runtime.junit.ExecutionUnitRunner.run(ExecutionUnitRunner.java:102)
	at cucumber.runtime.junit.FeatureRunner.runChild(FeatureRunner.java:63)
	at cucumber.runtime.junit.FeatureRunner.runChild(FeatureRunner.java:18)
	at org.junit.runners.ParentRunner$3.run(ParentRunner.java:290)
	at org.junit.runners.ParentRunner$1.schedule(ParentRunner.java:71)
	at org.junit.runners.ParentRunner.runChildren(ParentRunner.java:288)
	at org.junit.runners.ParentRunner.access$000(ParentRunner.java:58)
	at org.junit.runners.ParentRunner$2.evaluate(ParentRunner.java:268)
	at org.junit.runners.ParentRunner.run(ParentRunner.java:363)
	at cucumber.runtime.junit.FeatureRunner.run(FeatureRunner.java:70)
	at cucumber.api.junit.Cucumber.runChild(Cucumber.java:95)
	at cucumber.api.junit.Cucumber.runChild(Cucumber.java:38)
	at org.junit.runners.ParentRunner$3.run(ParentRunner.java:290)
	at org.junit.runners.ParentRunner$1.schedule(ParentRunner.java:71)
	at org.junit.runners.ParentRunner.runChildren(ParentRunner.java:288)
	at org.junit.runners.ParentRunner.access$000(ParentRunner.java:58)
	at org.junit.runners.ParentRunner$2.evaluate(ParentRunner.java:268)
	at org.junit.runners.ParentRunner.run(ParentRunner.java:363)
	at cucumber.api.junit.Cucumber.run(Cucumber.java:100)
	at org.apache.maven.surefire.junit4.JUnit4Provider.execute(JUnit4Provider.java:283)
	at org.apache.maven.surefire.junit4.JUnit4Provider.executeWithRerun(JUnit4Provider.java:173)
	at org.apache.maven.surefire.junit4.JUnit4Provider.executeTestSet(JUnit4Provider.java:153)
	at org.apache.maven.surefire.junit4.JUnit4Provider.invoke(JUnit4Provider.java:128)
	at org.apache.maven.surefire.booter.ForkedBooter.invokeProviderInSameClassLoader(ForkedBooter.java:203)
	at org.apache.maven.surefire.booter.ForkedBooter.runSuitesInProcess(ForkedBooter.java:155)
	at org.apache.maven.surefire.booter.ForkedBooter.main(ForkedBooter.java:103)
]]></error>
  </testcase>
  <testcase name="When open category with pagination" classname="Scenario: VIR-138.07 Verify that the sorting/filtering is not cleared while navigating through the pages in the current way" time="0">
    <skipped/>
    <system-err><![CDATA[[main] INFO net.serenitybdd.core.Serenity - STEP ERROR: java.lang.NoClassDefFoundError: Could not initialize class com.virco.locators.SiteData
[main] INFO net.serenitybdd.core.Serenity - STARTING STEP When open category with pagination
]]></system-err>
  </testcase>
  <testcase name="When select &quot;Top Rated&quot; in sorting drop-down" classname="Scenario: VIR-138.07 Verify that the sorting/filtering is not cleared while navigating through the pages in the current way" time="0">
    <skipped/>
    <system-err><![CDATA[[main] INFO net.serenitybdd.core.Serenity - IGNORING STEP
[main] INFO net.serenitybdd.core.Serenity - STARTING STEP When select "Top Rated" in sorting drop-down
]]></system-err>
  </testcase>
  <testcase name="When enter &quot;2&quot; in pagination page number field" classname="Scenario: VIR-138.07 Verify that the sorting/filtering is not cleared while navigating through the pages in the current way" time="0">
    <skipped/>
    <system-err><![CDATA[[main] INFO net.serenitybdd.core.Serenity - IGNORING STEP
[main] INFO net.serenitybdd.core.Serenity - STARTING STEP When enter "2" in pagination page number field
]]></system-err>
  </testcase>
  <testcase name="Then selected option in sorting drop-down menu is &quot;Top Rated&quot;" classname="Scenario: VIR-138.07 Verify that the sorting/filtering is not cleared while navigating through the pages in the current way" time="0">
    <skipped/>
    <system-err><![CDATA[[main] INFO net.serenitybdd.core.Serenity - IGNORING STEP
[main] INFO net.serenitybdd.core.Serenity - STARTING STEP Then selected option in sorting drop-down menu is "Top Rated"
]]></system-err>
  </testcase>
  <testcase name="Given open the site and login" classname="Scenario: VIR-138.08 Verify that the customer is able to enter the page number to navigate into it on the Category page" time="0.002">
    <error message="Could not initialize class com.virco.locators.SiteData" type="net.serenitybdd.core.exceptions.SerenityManagedException"><![CDATA[net.serenitybdd.core.exceptions.SerenityManagedException: Could not initialize class com.virco.locators.SiteData
	at com.virco.steps.serenity.CommonUserSteps.openTheSite(CommonUserSteps.java:19)
	at com.virco.steps.serenity.CommonUserSteps$$EnhancerByCGLIB$$d8541bfa.CGLIB$openTheSite$6(<generated>)
	at com.virco.steps.serenity.CommonUserSteps$$EnhancerByCGLIB$$d8541bfa$$FastClassByCGLIB$$ea8e0f86.invoke(<generated>)
	at net.sf.cglib.proxy.MethodProxy.invokeSuper(MethodProxy.java:228)
	at net.thucydides.core.steps.StepInterceptor.invokeMethod(StepInterceptor.java:372)
	at net.thucydides.core.steps.StepInterceptor.executeTestStepMethod(StepInterceptor.java:357)
	at net.thucydides.core.steps.StepInterceptor.runTestStep(StepInterceptor.java:332)
	at net.thucydides.core.steps.StepInterceptor.testStepResult(StepInterceptor.java:134)
	at net.thucydides.core.steps.StepInterceptor.intercept(StepInterceptor.java:61)
	at com.virco.steps.serenity.CommonUserSteps$$EnhancerByCGLIB$$d8541bfa.openTheSite(<generated>)
	at com.virco.steps.CommonDefinitionSteps.openTheSiteAndLogin(CommonDefinitionSteps.java:72)
	at sun.reflect.GeneratedMethodAccessor143.invoke(Unknown Source)
	at sun.reflect.DelegatingMethodAccessorImpl.invoke(DelegatingMethodAccessorImpl.java:43)
	at java.lang.reflect.Method.invoke(Method.java:498)
	at cucumber.runtime.Utils$1.call(Utils.java:40)
	at cucumber.runtime.Timeout.timeout(Timeout.java:16)
	at cucumber.runtime.Utils.invoke(Utils.java:34)
	at cucumber.runtime.java.JavaStepDefinition.execute(JavaStepDefinition.java:38)
	at cucumber.runtime.StepDefinitionMatch.runStep(StepDefinitionMatch.java:37)
	at cucumber.runtime.Runtime.runStep(Runtime.java:300)
	at cucumber.runtime.model.StepContainer.runStep(StepContainer.java:44)
	at cucumber.runtime.model.StepContainer.runSteps(StepContainer.java:39)
	at cucumber.runtime.model.CucumberScenario.run(CucumberScenario.java:44)
	at cucumber.runtime.junit.ExecutionUnitRunner.run(ExecutionUnitRunner.java:102)
	at cucumber.runtime.junit.FeatureRunner.runChild(FeatureRunner.java:63)
	at cucumber.runtime.junit.FeatureRunner.runChild(FeatureRunner.java:18)
	at org.junit.runners.ParentRunner$3.run(ParentRunner.java:290)
	at org.junit.runners.ParentRunner$1.schedule(ParentRunner.java:71)
	at org.junit.runners.ParentRunner.runChildren(ParentRunner.java:288)
	at org.junit.runners.ParentRunner.access$000(ParentRunner.java:58)
	at org.junit.runners.ParentRunner$2.evaluate(ParentRunner.java:268)
	at org.junit.runners.ParentRunner.run(ParentRunner.java:363)
	at cucumber.runtime.junit.FeatureRunner.run(FeatureRunner.java:70)
	at cucumber.api.junit.Cucumber.runChild(Cucumber.java:95)
	at cucumber.api.junit.Cucumber.runChild(Cucumber.java:38)
	at org.junit.runners.ParentRunner$3.run(ParentRunner.java:290)
	at org.junit.runners.ParentRunner$1.schedule(ParentRunner.java:71)
	at org.junit.runners.ParentRunner.runChildren(ParentRunner.java:288)
	at org.junit.runners.ParentRunner.access$000(ParentRunner.java:58)
	at org.junit.runners.ParentRunner$2.evaluate(ParentRunner.java:268)
	at org.junit.runners.ParentRunner.run(ParentRunner.java:363)
	at cucumber.api.junit.Cucumber.run(Cucumber.java:100)
	at org.apache.maven.surefire.junit4.JUnit4Provider.execute(JUnit4Provider.java:283)
	at org.apache.maven.surefire.junit4.JUnit4Provider.executeWithRerun(JUnit4Provider.java:173)
	at org.apache.maven.surefire.junit4.JUnit4Provider.executeTestSet(JUnit4Provider.java:153)
	at org.apache.maven.surefire.junit4.JUnit4Provider.invoke(JUnit4Provider.java:128)
	at org.apache.maven.surefire.booter.ForkedBooter.invokeProviderInSameClassLoader(ForkedBooter.java:203)
	at org.apache.maven.surefire.booter.ForkedBooter.runSuitesInProcess(ForkedBooter.java:155)
	at org.apache.maven.surefire.booter.ForkedBooter.main(ForkedBooter.java:103)
]]></error>
    <system-err><![CDATA[[main] INFO net.serenitybdd.core.Serenity - IGNORING STEP
[main] ERROR net.serenitybdd.core.Serenity - 
           __  _____ _____ ____ _____   _____ _    ___ _     _____ ____  
  _       / / |_   _| ____/ ___|_   _| |  ___/ \  |_ _| |   | ____|  _ \ 
 (_)_____| |    | | |  _| \___ \ | |   | |_ / _ \  | || |   |  _| | | | |
  _|_____| |    | | | |___ ___) || |   |  _/ ___ \ | || |___| |___| |_| |
 (_)     | |    |_| |_____|____/ |_|   |_|/_/   \_\___|_____|_____|____/ 
          \_\                                                            

TEST FAILED WITH ERROR: VIR-138.07 Verify that the sorting/filtering is not cleared while navigating through the pages in the current way
---------------------------------------------------------------------
[main] ERROR net.serenitybdd.core.Serenity - TEST FAILED AT STEP Open the site
[main] ERROR net.serenitybdd.core.Serenity - Could not initialize class com.virco.locators.SiteData
[pool-1-thread-4] INFO net.thucydides.core.reports.json.JSONTestOutcomeReporter - Generating JSON report for VIR-137.01 Verify that the toggle button is shown above the products to file /Users/rodionsavchuk/hybrisAutomation/virco-automatedtests/target/site/serenity/ed05f0ebcdeb7ab8ce4053f5e77c2e104b16083b38ff0389ff4683e6797df73a.json (using temp file /Users/rodionsavchuk/hybrisAutomation/virco-automatedtests/target/site/serenity/ed05f0ebcdeb7ab8ce4053f5e77c2e104b16083b38ff0389ff4683e6797df73a.jsonace5defb-c4f9-4fd4-a147-38f7378437e7)
[pool-1-thread-1] INFO net.thucydides.core.reports.json.JSONTestOutcomeReporter - Generating JSON report for VIR-137.02 Verify that the customer can switch the view of products into grid, list to file /Users/rodionsavchuk/hybrisAutomation/virco-automatedtests/target/site/serenity/cdb7752ae4e635597dc73730ce49dc450174bfbf736b9ef32175a8b54c56e86c.json (using temp file /Users/rodionsavchuk/hybrisAutomation/virco-automatedtests/target/site/serenity/cdb7752ae4e635597dc73730ce49dc450174bfbf736b9ef32175a8b54c56e86c.json9b726484-1284-4328-8822-6b22cb2e0da7)
[pool-1-thread-3] INFO net.thucydides.core.reports.json.JSONTestOutcomeReporter - Generating JSON report for VIR-137.03 Verify that in the grid view the following product info is shown to file /Users/rodionsavchuk/hybrisAutomation/virco-automatedtests/target/site/serenity/2d367fe8d4e995fe7f0f69d3d29f47666f1d4fd6318f8f9dd42678280fb025a4.json (using temp file /Users/rodionsavchuk/hybrisAutomation/virco-automatedtests/target/site/serenity/2d367fe8d4e995fe7f0f69d3d29f47666f1d4fd6318f8f9dd42678280fb025a4.json5dd27fd9-84c7-48a4-8e86-14731feac005)
[pool-1-thread-2] INFO net.thucydides.core.reports.json.JSONTestOutcomeReporter - Generating JSON report for VIR-790.01 Verify that the customer can switch the view of products into grid, list on search page to file /Users/rodionsavchuk/hybrisAutomation/virco-automatedtests/target/site/serenity/79c89f5c9fd1ad2a8c101b5f0410c8b569b0435ef40abf20f63e096a8d5de34e.json (using temp file /Users/rodionsavchuk/hybrisAutomation/virco-automatedtests/target/site/serenity/79c89f5c9fd1ad2a8c101b5f0410c8b569b0435ef40abf20f63e096a8d5de34e.json5a13ddf4-cc07-4d21-b0a9-97867657d15b)
[pool-1-thread-3] INFO net.thucydides.core.reports.json.JSONTestOutcomeReporter - Generating JSON report for VIR-137.04 Verify that in the List view the following info is shown to file /Users/rodionsavchuk/hybrisAutomation/virco-automatedtests/target/site/serenity/492108091097b8f1a9b1f860ede4bcf742b38d74fb739ac7ab3bec842b5bcb07.json (using temp file /Users/rodionsavchuk/hybrisAutomation/virco-automatedtests/target/site/serenity/492108091097b8f1a9b1f860ede4bcf742b38d74fb739ac7ab3bec842b5bcb07.jsonc8b9fb85-52c9-41b8-b6f6-24dfc7a7b5fa)
[pool-1-thread-4] INFO net.thucydides.core.reports.json.JSONTestOutcomeReporter - Generating JSON report for VIR-137.05 Verify that the list of products is the same in both views to file /Users/rodionsavchuk/hybrisAutomation/virco-automatedtests/target/site/serenity/ae1db428932e82981303203bdc6eb851846608ccd30fa908f4f5b446cb968075.json (using temp file /Users/rodionsavchuk/hybrisAutomation/virco-automatedtests/target/site/serenity/ae1db428932e82981303203bdc6eb851846608ccd30fa908f4f5b446cb968075.json0cf77d54-afb1-4aab-b135-81159c20d50a)
[pool-1-thread-2] INFO net.thucydides.core.reports.json.JSONTestOutcomeReporter - Generating JSON report for VIR-251.02 Verify that the 20 products are shown per page to file /Users/rodionsavchuk/hybrisAutomation/virco-automatedtests/target/site/serenity/3e2f2a51405f3fa5f517d1a92fb6c7f2d63a08226c65dc48dfcdfc1de866d2f3.json (using temp file /Users/rodionsavchuk/hybrisAutomation/virco-automatedtests/target/site/serenity/3e2f2a51405f3fa5f517d1a92fb6c7f2d63a08226c65dc48dfcdfc1de866d2f3.jsonade1b425-fcb9-4b3e-aec7-54a7bef18dab)
[pool-1-thread-1] INFO net.thucydides.core.reports.json.JSONTestOutcomeReporter - Generating JSON report for VIR-251.01 Verify that the amount of products per opened page is shown to file /Users/rodionsavchuk/hybrisAutomation/virco-automatedtests/target/site/serenity/2c0ae4476567833206363958c76f43f0bea266ccf19875e0be388e0105241b80.json (using temp file /Users/rodionsavchuk/hybrisAutomation/virco-automatedtests/target/site/serenity/2c0ae4476567833206363958c76f43f0bea266ccf19875e0be388e0105241b80.json4f8769c1-fe4e-4398-8642-747c4a268130)
[pool-1-thread-3] INFO net.thucydides.core.reports.json.JSONTestOutcomeReporter - Generating JSON report for VIR-251.03 Verify that the last page shows the appropriate number of items to file /Users/rodionsavchuk/hybrisAutomation/virco-automatedtests/target/site/serenity/203add71e1553852782b06b46ad692a125d7913e1dcdfa1bc77d21975adc91d3.json (using temp file /Users/rodionsavchuk/hybrisAutomation/virco-automatedtests/target/site/serenity/203add71e1553852782b06b46ad692a125d7913e1dcdfa1bc77d21975adc91d3.json4a6d23d1-97b0-40a4-856b-8951ff55f97e)
[pool-1-thread-1] INFO net.thucydides.core.reports.json.JSONTestOutcomeReporter - Generating JSON report for VIR-138.01 Verify that the pagination is shown above and below the list of products to file /Users/rodionsavchuk/hybrisAutomation/virco-automatedtests/target/site/serenity/9771603025f14f96b272fa21dca31889f195c9a9337b95fbf5eab3295a9e05a4.json (using temp file /Users/rodionsavchuk/hybrisAutomation/virco-automatedtests/target/site/serenity/9771603025f14f96b272fa21dca31889f195c9a9337b95fbf5eab3295a9e05a4.json2218f262-8f71-4a3a-bf84-e23e3928b85d)
[pool-1-thread-2] INFO net.thucydides.core.reports.json.JSONTestOutcomeReporter - Generating JSON report for VIR-592.01 Verify that the pagination is shown above and below the list of products on search page to file /Users/rodionsavchuk/hybrisAutomation/virco-automatedtests/target/site/serenity/5184d7acbfb3ebe8e1ad1150664aad7942651d17649b17c3849d0eea482d8652.json (using temp file /Users/rodionsavchuk/hybrisAutomation/virco-automatedtests/target/site/serenity/5184d7acbfb3ebe8e1ad1150664aad7942651d17649b17c3849d0eea482d8652.jsonabc77c9f-fa81-4d42-bec7-897709ae96c9)
[pool-1-thread-4] INFO net.thucydides.core.reports.json.JSONTestOutcomeReporter - Generating JSON report for VIR-138.02 Verify that the pagination is suppressed, if only one page of products exist to file /Users/rodionsavchuk/hybrisAutomation/virco-automatedtests/target/site/serenity/ac84c28d9514fcaca1cb434f3db75c589b46912734ad917fa2234bd7cc42f0e5.json (using temp file /Users/rodionsavchuk/hybrisAutomation/virco-automatedtests/target/site/serenity/ac84c28d9514fcaca1cb434f3db75c589b46912734ad917fa2234bd7cc42f0e5.json65313a96-7d01-47c2-8047-d1336873e232)
[pool-1-thread-3] INFO net.thucydides.core.reports.json.JSONTestOutcomeReporter - Generating JSON report for VIR-138.03 Verify that the last page is shown when customer enters the page number that is bigger than the existed one to file /Users/rodionsavchuk/hybrisAutomation/virco-automatedtests/target/site/serenity/56575217a2a4b5789d81c4200cecfbe74728dc79b7cd6d8ac27653a8d3f85ecb.json (using temp file /Users/rodionsavchuk/hybrisAutomation/virco-automatedtests/target/site/serenity/56575217a2a4b5789d81c4200cecfbe74728dc79b7cd6d8ac27653a8d3f85ecb.jsona39e01fe-8e86-4dd3-a018-6b768b4c511f)
[pool-1-thread-2] INFO net.thucydides.core.reports.json.JSONTestOutcomeReporter - Generating JSON report for VIR-138.05 Verify that any other data can't be entered except integer to file /Users/rodionsavchuk/hybrisAutomation/virco-automatedtests/target/site/serenity/732f150ffc6c82e48b678a4e7112835fdf284ee6b7c57b8f50df671b5a3f74ae.json (using temp file /Users/rodionsavchuk/hybrisAutomation/virco-automatedtests/target/site/serenity/732f150ffc6c82e48b678a4e7112835fdf284ee6b7c57b8f50df671b5a3f74ae.json7064e00b-a347-47eb-81b6-3646a907fd2f)
[pool-1-thread-1] INFO net.thucydides.core.reports.json.JSONTestOutcomeReporter - Generating JSON report for VIR-138.04 Verity that the first page is shown when customer enters the 0 to file /Users/rodionsavchuk/hybrisAutomation/virco-automatedtests/target/site/serenity/1c8a1b4b43701bd1338632b88eb6b64df9b65fadafecbf38fec7c32d2408f09b.json (using temp file /Users/rodionsavchuk/hybrisAutomation/virco-automatedtests/target/site/serenity/1c8a1b4b43701bd1338632b88eb6b64df9b65fadafecbf38fec7c32d2408f09b.jsonad5d5820-5259-4a90-8aa0-c39b6576c2d5)
[pool-1-thread-3] INFO net.thucydides.core.reports.json.JSONTestOutcomeReporter - Generating JSON report for VIR-138.06 Verify that any other data can't be entered except integer using context paste to file /Users/rodionsavchuk/hybrisAutomation/virco-automatedtests/target/site/serenity/57135e94eed8cc11fc55734a7c503a70dc363381dabf570e05c256f3e9e11571.json (using temp file /Users/rodionsavchuk/hybrisAutomation/virco-automatedtests/target/site/serenity/57135e94eed8cc11fc55734a7c503a70dc363381dabf570e05c256f3e9e11571.json2ba3bd6a-3ae0-487e-8aac-bc14c61b1026)
[pool-1-thread-4] INFO net.thucydides.core.reports.json.JSONTestOutcomeReporter - Generating JSON report for VIR-138.07 Verify that the sorting/filtering is not cleared while navigating through the pages in the current way to file /Users/rodionsavchuk/hybrisAutomation/virco-automatedtests/target/site/serenity/9c486c2a7fbaca4d17050cd5542d3a8caf0a296ddf026c6149fc129a58edffc6.json (using temp file /Users/rodionsavchuk/hybrisAutomation/virco-automatedtests/target/site/serenity/9c486c2a7fbaca4d17050cd5542d3a8caf0a296ddf026c6149fc129a58edffc6.json4f813b7c-c03f-4d03-a478-96d0266af3a5)
[pool-1-thread-1] INFO net.thucydides.core.reports.html.HtmlAcceptanceTestReporter - GENERATING HTML REPORT FOR CAT-1 - Grid/List View Toggle:VIR-137.02 Verify that the customer can switch the view of products into grid, list in cdb7752ae4e635597dc73730ce49dc450174bfbf736b9ef32175a8b54c56e86c.html in directory target/site/serenity  
[pool-1-thread-4] INFO net.thucydides.core.reports.html.HtmlAcceptanceTestReporter - GENERATING HTML REPORT FOR CAT-1 - Grid/List View Toggle:VIR-137.03 Verify that in the grid view the following product info is shown in 2d367fe8d4e995fe7f0f69d3d29f47666f1d4fd6318f8f9dd42678280fb025a4.html in directory target/site/serenity  
[pool-1-thread-3] INFO net.thucydides.core.reports.html.HtmlAcceptanceTestReporter - GENERATING HTML REPORT FOR CAT-1 - Grid/List View Toggle:VIR-790.01 Verify that the customer can switch the view of products into grid, list on search page in 79c89f5c9fd1ad2a8c101b5f0410c8b569b0435ef40abf20f63e096a8d5de34e.html in directory target/site/serenity  
[pool-1-thread-2] INFO net.thucydides.core.reports.html.HtmlAcceptanceTestReporter - GENERATING HTML REPORT FOR CAT-1 - Grid/List View Toggle:VIR-137.01 Verify that the toggle button is shown above the products in ed05f0ebcdeb7ab8ce4053f5e77c2e104b16083b38ff0389ff4683e6797df73a.html in directory target/site/serenity  
[pool-1-thread-3] INFO net.thucydides.core.reports.html.HtmlAcceptanceTestReporter - GENERATING HTML REPORT FOR CAT-2 - Numeration Display:VIR-251.01 Verify that the amount of products per opened page is shown in 2c0ae4476567833206363958c76f43f0bea266ccf19875e0be388e0105241b80.html in directory target/site/serenity  
[pool-1-thread-4] INFO net.thucydides.core.reports.html.HtmlAcceptanceTestReporter - GENERATING HTML REPORT FOR CAT-1 - Grid/List View Toggle:VIR-137.05 Verify that the list of products is the same in both views in ae1db428932e82981303203bdc6eb851846608ccd30fa908f4f5b446cb968075.html in directory target/site/serenity  
[pool-1-thread-1] INFO net.thucydides.core.reports.html.HtmlAcceptanceTestReporter - GENERATING HTML REPORT FOR CAT-1 - Grid/List View Toggle:VIR-137.04 Verify that in the List view the following info is shown in 492108091097b8f1a9b1f860ede4bcf742b38d74fb739ac7ab3bec842b5bcb07.html in directory target/site/serenity  
[pool-1-thread-2] INFO net.thucydides.core.reports.html.HtmlAcceptanceTestReporter - GENERATING HTML REPORT FOR CAT-2 - Numeration Display:VIR-251.02 Verify that the 20 products are shown per page in 3e2f2a51405f3fa5f517d1a92fb6c7f2d63a08226c65dc48dfcdfc1de866d2f3.html in directory target/site/serenity  
[pool-1-thread-3] INFO net.thucydides.core.reports.html.HtmlAcceptanceTestReporter - GENERATING HTML REPORT FOR CAT-2 - Numeration Display:VIR-251.03 Verify that the last page shows the appropriate number of items in 203add71e1553852782b06b46ad692a125d7913e1dcdfa1bc77d21975adc91d3.html in directory target/site/serenity  
[pool-1-thread-2] INFO net.thucydides.core.reports.html.HtmlAcceptanceTestReporter - GENERATING HTML REPORT FOR CAT-3 - Pagination:VIR-138.01 Verify that the pagination is shown above and below the list of products in 9771603025f14f96b272fa21dca31889f195c9a9337b95fbf5eab3295a9e05a4.html in directory target/site/serenity  
[pool-1-thread-3] INFO net.thucydides.core.reports.html.HtmlAcceptanceTestReporter - GENERATING HTML REPORT FOR CAT-3 - Pagination:VIR-592.01 Verify that the pagination is shown above and below the list of products on search page in 5184d7acbfb3ebe8e1ad1150664aad7942651d17649b17c3849d0eea482d8652.html in directory target/site/serenity  
[pool-1-thread-4] INFO net.thucydides.core.reports.html.HtmlAcceptanceTestReporter - GENERATING HTML REPORT FOR CAT-3 - Pagination:VIR-138.02 Verify that the pagination is suppressed, if only one page of products exist in ac84c28d9514fcaca1cb434f3db75c589b46912734ad917fa2234bd7cc42f0e5.html in directory target/site/serenity  
[pool-1-thread-1] INFO net.thucydides.core.reports.html.HtmlAcceptanceTestReporter - GENERATING HTML REPORT FOR CAT-3 - Pagination:VIR-138.03 Verify that the last page is shown when customer enters the page number that is bigger than the existed one in 56575217a2a4b5789d81c4200cecfbe74728dc79b7cd6d8ac27653a8d3f85ecb.html in directory target/site/serenity  
[pool-1-thread-3] INFO net.thucydides.core.reports.html.HtmlAcceptanceTestReporter - GENERATING HTML REPORT FOR CAT-3 - Pagination:VIR-138.05 Verify that any other data can't be entered except integer in 732f150ffc6c82e48b678a4e7112835fdf284ee6b7c57b8f50df671b5a3f74ae.html in directory target/site/serenity  
[pool-1-thread-4] INFO net.thucydides.core.reports.html.HtmlAcceptanceTestReporter - GENERATING HTML REPORT FOR CAT-3 - Pagination:VIR-138.06 Verify that any other data can't be entered except integer using context paste in 57135e94eed8cc11fc55734a7c503a70dc363381dabf570e05c256f3e9e11571.html in directory target/site/serenity  
[pool-1-thread-2] INFO net.thucydides.core.reports.html.HtmlAcceptanceTestReporter - GENERATING HTML REPORT FOR CAT-3 - Pagination:VIR-138.04 Verity that the first page is shown when customer enters the 0 in 1c8a1b4b43701bd1338632b88eb6b64df9b65fadafecbf38fec7c32d2408f09b.html in directory target/site/serenity  
[pool-1-thread-1] INFO net.thucydides.core.reports.html.HtmlAcceptanceTestReporter - GENERATING HTML REPORT FOR CAT-3 - Pagination:VIR-138.07 Verify that the sorting/filtering is not cleared while navigating through the pages in the current way in 9c486c2a7fbaca4d17050cd5542d3a8caf0a296ddf026c6149fc129a58edffc6.html in directory target/site/serenity  
[main] INFO net.serenitybdd.core.Serenity - 
 _____ _____ ____ _____   ____ _____  _    ____ _____ _____ ____  
|_   _| ____/ ___|_   _| / ___|_   _|/ \  |  _ \_   _| ____|  _ \ 
  | | |  _| \___ \ | |   \___ \ | | / _ \ | |_) || | |  _| | | | |
  | | | |___ ___) || |    ___) || |/ ___ \|  _ < | | | |___| |_| |
  |_| |_____|____/ |_|   |____/ |_/_/   \_\_| \_\|_| |_____|____/ 
                                                                  

TEST STARTED: VIR-138.08 Verify that the customer is able to enter the page number to navigate into it on the Category page
-------------------------------------------------------------------(cat-3---pagination;vir-138.08-verify-that-the-customer-is-able-to-enter-the-page-number-to-navigate-into-it-on-the-category-page)
[main] INFO net.serenitybdd.core.Serenity - STARTING STEP Given open the site and login
[main] INFO net.serenitybdd.core.Serenity - STARTING STEP Open the site
[main] INFO net.serenitybdd.core.Serenity - STEP ERROR: net.serenitybdd.core.exceptions.SerenityManagedException: Could not initialize class com.virco.locators.SiteData
]]></system-err>
  </testcase>
  <testcase name="Scenario: VIR-138.08 Verify that the customer is able to enter the page number to navigate into it on the Category page" classname="Scenario: VIR-138.08 Verify that the customer is able to enter the page number to navigate into it on the Category page" time="0.011">
    <error message="Could not initialize class com.virco.locators.SiteData" type="net.serenitybdd.core.exceptions.SerenityManagedException"><![CDATA[net.serenitybdd.core.exceptions.SerenityManagedException: Could not initialize class com.virco.locators.SiteData
	at com.virco.steps.serenity.CommonUserSteps.openTheSite(CommonUserSteps.java:19)
	at com.virco.steps.serenity.CommonUserSteps$$EnhancerByCGLIB$$d8541bfa.CGLIB$openTheSite$6(<generated>)
	at com.virco.steps.serenity.CommonUserSteps$$EnhancerByCGLIB$$d8541bfa$$FastClassByCGLIB$$ea8e0f86.invoke(<generated>)
	at net.sf.cglib.proxy.MethodProxy.invokeSuper(MethodProxy.java:228)
	at net.thucydides.core.steps.StepInterceptor.invokeMethod(StepInterceptor.java:372)
	at net.thucydides.core.steps.StepInterceptor.executeTestStepMethod(StepInterceptor.java:357)
	at net.thucydides.core.steps.StepInterceptor.runTestStep(StepInterceptor.java:332)
	at net.thucydides.core.steps.StepInterceptor.testStepResult(StepInterceptor.java:134)
	at net.thucydides.core.steps.StepInterceptor.intercept(StepInterceptor.java:61)
	at com.virco.steps.serenity.CommonUserSteps$$EnhancerByCGLIB$$d8541bfa.openTheSite(<generated>)
	at com.virco.steps.CommonDefinitionSteps.openTheSiteAndLogin(CommonDefinitionSteps.java:72)
	at sun.reflect.GeneratedMethodAccessor143.invoke(Unknown Source)
	at sun.reflect.DelegatingMethodAccessorImpl.invoke(DelegatingMethodAccessorImpl.java:43)
	at java.lang.reflect.Method.invoke(Method.java:498)
	at cucumber.runtime.Utils$1.call(Utils.java:40)
	at cucumber.runtime.Timeout.timeout(Timeout.java:16)
	at cucumber.runtime.Utils.invoke(Utils.java:34)
	at cucumber.runtime.java.JavaStepDefinition.execute(JavaStepDefinition.java:38)
	at cucumber.runtime.StepDefinitionMatch.runStep(StepDefinitionMatch.java:37)
	at cucumber.runtime.Runtime.runStep(Runtime.java:300)
	at cucumber.runtime.model.StepContainer.runStep(StepContainer.java:44)
	at cucumber.runtime.model.StepContainer.runSteps(StepContainer.java:39)
	at cucumber.runtime.model.CucumberScenario.run(CucumberScenario.java:44)
	at cucumber.runtime.junit.ExecutionUnitRunner.run(ExecutionUnitRunner.java:102)
	at cucumber.runtime.junit.FeatureRunner.runChild(FeatureRunner.java:63)
	at cucumber.runtime.junit.FeatureRunner.runChild(FeatureRunner.java:18)
	at org.junit.runners.ParentRunner$3.run(ParentRunner.java:290)
	at org.junit.runners.ParentRunner$1.schedule(ParentRunner.java:71)
	at org.junit.runners.ParentRunner.runChildren(ParentRunner.java:288)
	at org.junit.runners.ParentRunner.access$000(ParentRunner.java:58)
	at org.junit.runners.ParentRunner$2.evaluate(ParentRunner.java:268)
	at org.junit.runners.ParentRunner.run(ParentRunner.java:363)
	at cucumber.runtime.junit.FeatureRunner.run(FeatureRunner.java:70)
	at cucumber.api.junit.Cucumber.runChild(Cucumber.java:95)
	at cucumber.api.junit.Cucumber.runChild(Cucumber.java:38)
	at org.junit.runners.ParentRunner$3.run(ParentRunner.java:290)
	at org.junit.runners.ParentRunner$1.schedule(ParentRunner.java:71)
	at org.junit.runners.ParentRunner.runChildren(ParentRunner.java:288)
	at org.junit.runners.ParentRunner.access$000(ParentRunner.java:58)
	at org.junit.runners.ParentRunner$2.evaluate(ParentRunner.java:268)
	at org.junit.runners.ParentRunner.run(ParentRunner.java:363)
	at cucumber.api.junit.Cucumber.run(Cucumber.java:100)
	at org.apache.maven.surefire.junit4.JUnit4Provider.execute(JUnit4Provider.java:283)
	at org.apache.maven.surefire.junit4.JUnit4Provider.executeWithRerun(JUnit4Provider.java:173)
	at org.apache.maven.surefire.junit4.JUnit4Provider.executeTestSet(JUnit4Provider.java:153)
	at org.apache.maven.surefire.junit4.JUnit4Provider.invoke(JUnit4Provider.java:128)
	at org.apache.maven.surefire.booter.ForkedBooter.invokeProviderInSameClassLoader(ForkedBooter.java:203)
	at org.apache.maven.surefire.booter.ForkedBooter.runSuitesInProcess(ForkedBooter.java:155)
	at org.apache.maven.surefire.booter.ForkedBooter.main(ForkedBooter.java:103)
]]></error>
  </testcase>
  <testcase name="When open category with pagination" classname="Scenario: VIR-138.08 Verify that the customer is able to enter the page number to navigate into it on the Category page" time="0">
    <skipped/>
    <system-err><![CDATA[[main] INFO net.serenitybdd.core.Serenity - STEP ERROR: java.lang.NoClassDefFoundError: Could not initialize class com.virco.locators.SiteData
[main] INFO net.serenitybdd.core.Serenity - STARTING STEP When open category with pagination
]]></system-err>
  </testcase>
  <testcase name="When click on &quot;2&quot; pagination button" classname="Scenario: VIR-138.08 Verify that the customer is able to enter the page number to navigate into it on the Category page" time="0">
    <skipped/>
    <system-err><![CDATA[[main] INFO net.serenitybdd.core.Serenity - IGNORING STEP
[main] INFO net.serenitybdd.core.Serenity - STARTING STEP When click on "2" pagination button
]]></system-err>
  </testcase>
  <testcase name="Then the value in pagination input field is &quot;2&quot;" classname="Scenario: VIR-138.08 Verify that the customer is able to enter the page number to navigate into it on the Category page" time="0">
    <skipped/>
    <system-err><![CDATA[[main] INFO net.serenitybdd.core.Serenity - IGNORING STEP
[main] INFO net.serenitybdd.core.Serenity - STARTING STEP Then the value in pagination input field is "2"
]]></system-err>
  </testcase>
  <testcase name="When enter &quot;1&quot; in pagination page number field" classname="Scenario: VIR-138.08 Verify that the customer is able to enter the page number to navigate into it on the Category page" time="0">
    <skipped/>
    <system-err><![CDATA[[main] INFO net.serenitybdd.core.Serenity - IGNORING STEP
[main] INFO net.serenitybdd.core.Serenity - STARTING STEP When enter "1" in pagination page number field
]]></system-err>
  </testcase>
  <testcase name="Then the value in pagination input field is &quot;1&quot;" classname="Scenario: VIR-138.08 Verify that the customer is able to enter the page number to navigate into it on the Category page" time="0">
    <skipped/>
    <system-err><![CDATA[[main] INFO net.serenitybdd.core.Serenity - IGNORING STEP
[main] INFO net.serenitybdd.core.Serenity - STARTING STEP Then the value in pagination input field is "1"
]]></system-err>
  </testcase>
  <testcase name="Given open the site and login" classname="Scenario: VIR-138.09 Verify that the customer is able to enter the page number to navigate into it on the Search result page" time="0.001">
    <error message="Could not initialize class com.virco.locators.SiteData" type="net.serenitybdd.core.exceptions.SerenityManagedException"><![CDATA[net.serenitybdd.core.exceptions.SerenityManagedException: Could not initialize class com.virco.locators.SiteData
	at com.virco.steps.serenity.CommonUserSteps.openTheSite(CommonUserSteps.java:19)
	at com.virco.steps.serenity.CommonUserSteps$$EnhancerByCGLIB$$d8541bfa.CGLIB$openTheSite$6(<generated>)
	at com.virco.steps.serenity.CommonUserSteps$$EnhancerByCGLIB$$d8541bfa$$FastClassByCGLIB$$ea8e0f86.invoke(<generated>)
	at net.sf.cglib.proxy.MethodProxy.invokeSuper(MethodProxy.java:228)
	at net.thucydides.core.steps.StepInterceptor.invokeMethod(StepInterceptor.java:372)
	at net.thucydides.core.steps.StepInterceptor.executeTestStepMethod(StepInterceptor.java:357)
	at net.thucydides.core.steps.StepInterceptor.runTestStep(StepInterceptor.java:332)
	at net.thucydides.core.steps.StepInterceptor.testStepResult(StepInterceptor.java:134)
	at net.thucydides.core.steps.StepInterceptor.intercept(StepInterceptor.java:61)
	at com.virco.steps.serenity.CommonUserSteps$$EnhancerByCGLIB$$d8541bfa.openTheSite(<generated>)
	at com.virco.steps.CommonDefinitionSteps.openTheSiteAndLogin(CommonDefinitionSteps.java:72)
	at sun.reflect.GeneratedMethodAccessor143.invoke(Unknown Source)
	at sun.reflect.DelegatingMethodAccessorImpl.invoke(DelegatingMethodAccessorImpl.java:43)
	at java.lang.reflect.Method.invoke(Method.java:498)
	at cucumber.runtime.Utils$1.call(Utils.java:40)
	at cucumber.runtime.Timeout.timeout(Timeout.java:16)
	at cucumber.runtime.Utils.invoke(Utils.java:34)
	at cucumber.runtime.java.JavaStepDefinition.execute(JavaStepDefinition.java:38)
	at cucumber.runtime.StepDefinitionMatch.runStep(StepDefinitionMatch.java:37)
	at cucumber.runtime.Runtime.runStep(Runtime.java:300)
	at cucumber.runtime.model.StepContainer.runStep(StepContainer.java:44)
	at cucumber.runtime.model.StepContainer.runSteps(StepContainer.java:39)
	at cucumber.runtime.model.CucumberScenario.run(CucumberScenario.java:44)
	at cucumber.runtime.junit.ExecutionUnitRunner.run(ExecutionUnitRunner.java:102)
	at cucumber.runtime.junit.FeatureRunner.runChild(FeatureRunner.java:63)
	at cucumber.runtime.junit.FeatureRunner.runChild(FeatureRunner.java:18)
	at org.junit.runners.ParentRunner$3.run(ParentRunner.java:290)
	at org.junit.runners.ParentRunner$1.schedule(ParentRunner.java:71)
	at org.junit.runners.ParentRunner.runChildren(ParentRunner.java:288)
	at org.junit.runners.ParentRunner.access$000(ParentRunner.java:58)
	at org.junit.runners.ParentRunner$2.evaluate(ParentRunner.java:268)
	at org.junit.runners.ParentRunner.run(ParentRunner.java:363)
	at cucumber.runtime.junit.FeatureRunner.run(FeatureRunner.java:70)
	at cucumber.api.junit.Cucumber.runChild(Cucumber.java:95)
	at cucumber.api.junit.Cucumber.runChild(Cucumber.java:38)
	at org.junit.runners.ParentRunner$3.run(ParentRunner.java:290)
	at org.junit.runners.ParentRunner$1.schedule(ParentRunner.java:71)
	at org.junit.runners.ParentRunner.runChildren(ParentRunner.java:288)
	at org.junit.runners.ParentRunner.access$000(ParentRunner.java:58)
	at org.junit.runners.ParentRunner$2.evaluate(ParentRunner.java:268)
	at org.junit.runners.ParentRunner.run(ParentRunner.java:363)
	at cucumber.api.junit.Cucumber.run(Cucumber.java:100)
	at org.apache.maven.surefire.junit4.JUnit4Provider.execute(JUnit4Provider.java:283)
	at org.apache.maven.surefire.junit4.JUnit4Provider.executeWithRerun(JUnit4Provider.java:173)
	at org.apache.maven.surefire.junit4.JUnit4Provider.executeTestSet(JUnit4Provider.java:153)
	at org.apache.maven.surefire.junit4.JUnit4Provider.invoke(JUnit4Provider.java:128)
	at org.apache.maven.surefire.booter.ForkedBooter.invokeProviderInSameClassLoader(ForkedBooter.java:203)
	at org.apache.maven.surefire.booter.ForkedBooter.runSuitesInProcess(ForkedBooter.java:155)
	at org.apache.maven.surefire.booter.ForkedBooter.main(ForkedBooter.java:103)
]]></error>
    <system-err><![CDATA[[main] INFO net.serenitybdd.core.Serenity - IGNORING STEP
[main] ERROR net.serenitybdd.core.Serenity - 
           __  _____ _____ ____ _____   _____ _    ___ _     _____ ____  
  _       / / |_   _| ____/ ___|_   _| |  ___/ \  |_ _| |   | ____|  _ \ 
 (_)_____| |    | | |  _| \___ \ | |   | |_ / _ \  | || |   |  _| | | | |
  _|_____| |    | | | |___ ___) || |   |  _/ ___ \ | || |___| |___| |_| |
 (_)     | |    |_| |_____|____/ |_|   |_|/_/   \_\___|_____|_____|____/ 
          \_\                                                            

TEST FAILED WITH ERROR: VIR-138.08 Verify that the customer is able to enter the page number to navigate into it on the Category page
---------------------------------------------------------------------
[main] ERROR net.serenitybdd.core.Serenity - TEST FAILED AT STEP Open the site
[main] ERROR net.serenitybdd.core.Serenity - Could not initialize class com.virco.locators.SiteData
[pool-1-thread-1] INFO net.thucydides.core.reports.json.JSONTestOutcomeReporter - Generating JSON report for VIR-790.01 Verify that the customer can switch the view of products into grid, list on search page to file /Users/rodionsavchuk/hybrisAutomation/virco-automatedtests/target/site/serenity/79c89f5c9fd1ad2a8c101b5f0410c8b569b0435ef40abf20f63e096a8d5de34e.json (using temp file /Users/rodionsavchuk/hybrisAutomation/virco-automatedtests/target/site/serenity/79c89f5c9fd1ad2a8c101b5f0410c8b569b0435ef40abf20f63e096a8d5de34e.json5b1eb9e4-bc80-4907-99c4-9119219c9f2e)
[pool-1-thread-4] INFO net.thucydides.core.reports.json.JSONTestOutcomeReporter - Generating JSON report for VIR-137.01 Verify that the toggle button is shown above the products to file /Users/rodionsavchuk/hybrisAutomation/virco-automatedtests/target/site/serenity/ed05f0ebcdeb7ab8ce4053f5e77c2e104b16083b38ff0389ff4683e6797df73a.json (using temp file /Users/rodionsavchuk/hybrisAutomation/virco-automatedtests/target/site/serenity/ed05f0ebcdeb7ab8ce4053f5e77c2e104b16083b38ff0389ff4683e6797df73a.json1fc7e5f1-2b99-426b-8265-01f5ebf6424d)
[pool-1-thread-3] INFO net.thucydides.core.reports.json.JSONTestOutcomeReporter - Generating JSON report for VIR-137.03 Verify that in the grid view the following product info is shown to file /Users/rodionsavchuk/hybrisAutomation/virco-automatedtests/target/site/serenity/2d367fe8d4e995fe7f0f69d3d29f47666f1d4fd6318f8f9dd42678280fb025a4.json (using temp file /Users/rodionsavchuk/hybrisAutomation/virco-automatedtests/target/site/serenity/2d367fe8d4e995fe7f0f69d3d29f47666f1d4fd6318f8f9dd42678280fb025a4.jsone7a910ea-16b6-4c36-b3c0-e7c31c44c8d7)
[pool-1-thread-2] INFO net.thucydides.core.reports.json.JSONTestOutcomeReporter - Generating JSON report for VIR-137.02 Verify that the customer can switch the view of products into grid, list to file /Users/rodionsavchuk/hybrisAutomation/virco-automatedtests/target/site/serenity/cdb7752ae4e635597dc73730ce49dc450174bfbf736b9ef32175a8b54c56e86c.json (using temp file /Users/rodionsavchuk/hybrisAutomation/virco-automatedtests/target/site/serenity/cdb7752ae4e635597dc73730ce49dc450174bfbf736b9ef32175a8b54c56e86c.json2833c9b9-3a80-4449-b216-2c399366fae0)
[pool-1-thread-4] INFO net.thucydides.core.reports.json.JSONTestOutcomeReporter - Generating JSON report for VIR-137.04 Verify that in the List view the following info is shown to file /Users/rodionsavchuk/hybrisAutomation/virco-automatedtests/target/site/serenity/492108091097b8f1a9b1f860ede4bcf742b38d74fb739ac7ab3bec842b5bcb07.json (using temp file /Users/rodionsavchuk/hybrisAutomation/virco-automatedtests/target/site/serenity/492108091097b8f1a9b1f860ede4bcf742b38d74fb739ac7ab3bec842b5bcb07.json75de2d52-2843-4d6b-9c18-9e29c62d3044)
[pool-1-thread-1] INFO net.thucydides.core.reports.json.JSONTestOutcomeReporter - Generating JSON report for VIR-137.05 Verify that the list of products is the same in both views to file /Users/rodionsavchuk/hybrisAutomation/virco-automatedtests/target/site/serenity/ae1db428932e82981303203bdc6eb851846608ccd30fa908f4f5b446cb968075.json (using temp file /Users/rodionsavchuk/hybrisAutomation/virco-automatedtests/target/site/serenity/ae1db428932e82981303203bdc6eb851846608ccd30fa908f4f5b446cb968075.json38ee2a9a-aa3b-4057-ad15-c85a76da4b46)
[pool-1-thread-4] INFO net.thucydides.core.reports.json.JSONTestOutcomeReporter - Generating JSON report for VIR-251.01 Verify that the amount of products per opened page is shown to file /Users/rodionsavchuk/hybrisAutomation/virco-automatedtests/target/site/serenity/2c0ae4476567833206363958c76f43f0bea266ccf19875e0be388e0105241b80.json (using temp file /Users/rodionsavchuk/hybrisAutomation/virco-automatedtests/target/site/serenity/2c0ae4476567833206363958c76f43f0bea266ccf19875e0be388e0105241b80.jsona7f8c361-906c-46bb-a5ce-4fc2e430c7e8)
[pool-1-thread-1] INFO net.thucydides.core.reports.json.JSONTestOutcomeReporter - Generating JSON report for VIR-251.02 Verify that the 20 products are shown per page to file /Users/rodionsavchuk/hybrisAutomation/virco-automatedtests/target/site/serenity/3e2f2a51405f3fa5f517d1a92fb6c7f2d63a08226c65dc48dfcdfc1de866d2f3.json (using temp file /Users/rodionsavchuk/hybrisAutomation/virco-automatedtests/target/site/serenity/3e2f2a51405f3fa5f517d1a92fb6c7f2d63a08226c65dc48dfcdfc1de866d2f3.jsond6f1921a-7466-4639-b12b-7fb4d3159f1f)
[pool-1-thread-3] INFO net.thucydides.core.reports.json.JSONTestOutcomeReporter - Generating JSON report for VIR-251.03 Verify that the last page shows the appropriate number of items to file /Users/rodionsavchuk/hybrisAutomation/virco-automatedtests/target/site/serenity/203add71e1553852782b06b46ad692a125d7913e1dcdfa1bc77d21975adc91d3.json (using temp file /Users/rodionsavchuk/hybrisAutomation/virco-automatedtests/target/site/serenity/203add71e1553852782b06b46ad692a125d7913e1dcdfa1bc77d21975adc91d3.json495dc8ac-0bba-4b05-8fb2-fc8db4d63a0a)
[pool-1-thread-4] INFO net.thucydides.core.reports.json.JSONTestOutcomeReporter - Generating JSON report for VIR-138.01 Verify that the pagination is shown above and below the list of products to file /Users/rodionsavchuk/hybrisAutomation/virco-automatedtests/target/site/serenity/9771603025f14f96b272fa21dca31889f195c9a9337b95fbf5eab3295a9e05a4.json (using temp file /Users/rodionsavchuk/hybrisAutomation/virco-automatedtests/target/site/serenity/9771603025f14f96b272fa21dca31889f195c9a9337b95fbf5eab3295a9e05a4.jsonb5f3b6c6-dd6c-43e2-9e68-43f2306fdf44)
[pool-1-thread-2] INFO net.thucydides.core.reports.json.JSONTestOutcomeReporter - Generating JSON report for VIR-592.01 Verify that the pagination is shown above and below the list of products on search page to file /Users/rodionsavchuk/hybrisAutomation/virco-automatedtests/target/site/serenity/5184d7acbfb3ebe8e1ad1150664aad7942651d17649b17c3849d0eea482d8652.json (using temp file /Users/rodionsavchuk/hybrisAutomation/virco-automatedtests/target/site/serenity/5184d7acbfb3ebe8e1ad1150664aad7942651d17649b17c3849d0eea482d8652.json1d5524d6-e88d-46a8-93ba-ced92ce5f5b3)
[pool-1-thread-1] INFO net.thucydides.core.reports.json.JSONTestOutcomeReporter - Generating JSON report for VIR-138.02 Verify that the pagination is suppressed, if only one page of products exist to file /Users/rodionsavchuk/hybrisAutomation/virco-automatedtests/target/site/serenity/ac84c28d9514fcaca1cb434f3db75c589b46912734ad917fa2234bd7cc42f0e5.json (using temp file /Users/rodionsavchuk/hybrisAutomation/virco-automatedtests/target/site/serenity/ac84c28d9514fcaca1cb434f3db75c589b46912734ad917fa2234bd7cc42f0e5.json9edef20b-bbaa-490c-a85a-5adde877aa0d)
[pool-1-thread-4] INFO net.thucydides.core.reports.json.JSONTestOutcomeReporter - Generating JSON report for VIR-138.03 Verify that the last page is shown when customer enters the page number that is bigger than the existed one to file /Users/rodionsavchuk/hybrisAutomation/virco-automatedtests/target/site/serenity/56575217a2a4b5789d81c4200cecfbe74728dc79b7cd6d8ac27653a8d3f85ecb.json (using temp file /Users/rodionsavchuk/hybrisAutomation/virco-automatedtests/target/site/serenity/56575217a2a4b5789d81c4200cecfbe74728dc79b7cd6d8ac27653a8d3f85ecb.json12301610-bcc5-4dc6-94ce-86007e9c618f)
[pool-1-thread-2] INFO net.thucydides.core.reports.json.JSONTestOutcomeReporter - Generating JSON report for VIR-138.04 Verity that the first page is shown when customer enters the 0 to file /Users/rodionsavchuk/hybrisAutomation/virco-automatedtests/target/site/serenity/1c8a1b4b43701bd1338632b88eb6b64df9b65fadafecbf38fec7c32d2408f09b.json (using temp file /Users/rodionsavchuk/hybrisAutomation/virco-automatedtests/target/site/serenity/1c8a1b4b43701bd1338632b88eb6b64df9b65fadafecbf38fec7c32d2408f09b.json2b9e39a3-a9dd-4e6d-930b-ee670d988a44)
[pool-1-thread-3] INFO net.thucydides.core.reports.json.JSONTestOutcomeReporter - Generating JSON report for VIR-138.05 Verify that any other data can't be entered except integer to file /Users/rodionsavchuk/hybrisAutomation/virco-automatedtests/target/site/serenity/732f150ffc6c82e48b678a4e7112835fdf284ee6b7c57b8f50df671b5a3f74ae.json (using temp file /Users/rodionsavchuk/hybrisAutomation/virco-automatedtests/target/site/serenity/732f150ffc6c82e48b678a4e7112835fdf284ee6b7c57b8f50df671b5a3f74ae.json46e59186-39bc-4834-b1c8-6ba47b456a39)
[pool-1-thread-1] INFO net.thucydides.core.reports.json.JSONTestOutcomeReporter - Generating JSON report for VIR-138.06 Verify that any other data can't be entered except integer using context paste to file /Users/rodionsavchuk/hybrisAutomation/virco-automatedtests/target/site/serenity/57135e94eed8cc11fc55734a7c503a70dc363381dabf570e05c256f3e9e11571.json (using temp file /Users/rodionsavchuk/hybrisAutomation/virco-automatedtests/target/site/serenity/57135e94eed8cc11fc55734a7c503a70dc363381dabf570e05c256f3e9e11571.json8cafd3a0-217b-49c5-a2f1-d5d6a29dd125)
[pool-1-thread-4] INFO net.thucydides.core.reports.json.JSONTestOutcomeReporter - Generating JSON report for VIR-138.07 Verify that the sorting/filtering is not cleared while navigating through the pages in the current way to file /Users/rodionsavchuk/hybrisAutomation/virco-automatedtests/target/site/serenity/9c486c2a7fbaca4d17050cd5542d3a8caf0a296ddf026c6149fc129a58edffc6.json (using temp file /Users/rodionsavchuk/hybrisAutomation/virco-automatedtests/target/site/serenity/9c486c2a7fbaca4d17050cd5542d3a8caf0a296ddf026c6149fc129a58edffc6.jsone4b388de-8812-4a76-a035-299bcab5df78)
[pool-1-thread-4] INFO net.thucydides.core.reports.json.JSONTestOutcomeReporter - Generating JSON report for VIR-138.08 Verify that the customer is able to enter the page number to navigate into it on the Category page to file /Users/rodionsavchuk/hybrisAutomation/virco-automatedtests/target/site/serenity/d901a04c74ffc4b4edd5039d007ea6284c936f13937174647f15ada4b2f63380.json (using temp file /Users/rodionsavchuk/hybrisAutomation/virco-automatedtests/target/site/serenity/d901a04c74ffc4b4edd5039d007ea6284c936f13937174647f15ada4b2f63380.json0f47f490-7246-4d57-8c62-9ac62976660a)
[pool-1-thread-4] INFO net.thucydides.core.reports.html.HtmlAcceptanceTestReporter - GENERATING HTML REPORT FOR CAT-1 - Grid/List View Toggle:VIR-790.01 Verify that the customer can switch the view of products into grid, list on search page in 79c89f5c9fd1ad2a8c101b5f0410c8b569b0435ef40abf20f63e096a8d5de34e.html in directory target/site/serenity  
[pool-1-thread-3] INFO net.thucydides.core.reports.html.HtmlAcceptanceTestReporter - GENERATING HTML REPORT FOR CAT-1 - Grid/List View Toggle:VIR-137.02 Verify that the customer can switch the view of products into grid, list in cdb7752ae4e635597dc73730ce49dc450174bfbf736b9ef32175a8b54c56e86c.html in directory target/site/serenity  
[pool-1-thread-1] INFO net.thucydides.core.reports.html.HtmlAcceptanceTestReporter - GENERATING HTML REPORT FOR CAT-1 - Grid/List View Toggle:VIR-137.01 Verify that the toggle button is shown above the products in ed05f0ebcdeb7ab8ce4053f5e77c2e104b16083b38ff0389ff4683e6797df73a.html in directory target/site/serenity  
[pool-1-thread-4] INFO net.thucydides.core.reports.html.HtmlAcceptanceTestReporter - GENERATING HTML REPORT FOR CAT-1 - Grid/List View Toggle:VIR-137.04 Verify that in the List view the following info is shown in 492108091097b8f1a9b1f860ede4bcf742b38d74fb739ac7ab3bec842b5bcb07.html in directory target/site/serenity  
[pool-1-thread-3] INFO net.thucydides.core.reports.html.HtmlAcceptanceTestReporter - GENERATING HTML REPORT FOR CAT-2 - Numeration Display:VIR-251.01 Verify that the amount of products per opened page is shown in 2c0ae4476567833206363958c76f43f0bea266ccf19875e0be388e0105241b80.html in directory target/site/serenity  
[pool-1-thread-2] INFO net.thucydides.core.reports.html.HtmlAcceptanceTestReporter - GENERATING HTML REPORT FOR CAT-1 - Grid/List View Toggle:VIR-137.03 Verify that in the grid view the following product info is shown in 2d367fe8d4e995fe7f0f69d3d29f47666f1d4fd6318f8f9dd42678280fb025a4.html in directory target/site/serenity  
[pool-1-thread-1] INFO net.thucydides.core.reports.html.HtmlAcceptanceTestReporter - GENERATING HTML REPORT FOR CAT-1 - Grid/List View Toggle:VIR-137.05 Verify that the list of products is the same in both views in ae1db428932e82981303203bdc6eb851846608ccd30fa908f4f5b446cb968075.html in directory target/site/serenity  
[pool-1-thread-3] INFO net.thucydides.core.reports.html.HtmlAcceptanceTestReporter - GENERATING HTML REPORT FOR CAT-2 - Numeration Display:VIR-251.02 Verify that the 20 products are shown per page in 3e2f2a51405f3fa5f517d1a92fb6c7f2d63a08226c65dc48dfcdfc1de866d2f3.html in directory target/site/serenity  
[pool-1-thread-2] INFO net.thucydides.core.reports.html.HtmlAcceptanceTestReporter - GENERATING HTML REPORT FOR CAT-2 - Numeration Display:VIR-251.03 Verify that the last page shows the appropriate number of items in 203add71e1553852782b06b46ad692a125d7913e1dcdfa1bc77d21975adc91d3.html in directory target/site/serenity  
[pool-1-thread-1] INFO net.thucydides.core.reports.html.HtmlAcceptanceTestReporter - GENERATING HTML REPORT FOR CAT-3 - Pagination:VIR-138.01 Verify that the pagination is shown above and below the list of products in 9771603025f14f96b272fa21dca31889f195c9a9337b95fbf5eab3295a9e05a4.html in directory target/site/serenity  
[pool-1-thread-3] INFO net.thucydides.core.reports.html.HtmlAcceptanceTestReporter - GENERATING HTML REPORT FOR CAT-3 - Pagination:VIR-592.01 Verify that the pagination is shown above and below the list of products on search page in 5184d7acbfb3ebe8e1ad1150664aad7942651d17649b17c3849d0eea482d8652.html in directory target/site/serenity  
[pool-1-thread-2] INFO net.thucydides.core.reports.html.HtmlAcceptanceTestReporter - GENERATING HTML REPORT FOR CAT-3 - Pagination:VIR-138.03 Verify that the last page is shown when customer enters the page number that is bigger than the existed one in 56575217a2a4b5789d81c4200cecfbe74728dc79b7cd6d8ac27653a8d3f85ecb.html in directory target/site/serenity  
[pool-1-thread-1] INFO net.thucydides.core.reports.html.HtmlAcceptanceTestReporter - GENERATING HTML REPORT FOR CAT-3 - Pagination:VIR-138.04 Verity that the first page is shown when customer enters the 0 in 1c8a1b4b43701bd1338632b88eb6b64df9b65fadafecbf38fec7c32d2408f09b.html in directory target/site/serenity  
[pool-1-thread-2] INFO net.thucydides.core.reports.html.HtmlAcceptanceTestReporter - GENERATING HTML REPORT FOR CAT-3 - Pagination:VIR-138.06 Verify that any other data can't be entered except integer using context paste in 57135e94eed8cc11fc55734a7c503a70dc363381dabf570e05c256f3e9e11571.html in directory target/site/serenity  
[pool-1-thread-3] INFO net.thucydides.core.reports.html.HtmlAcceptanceTestReporter - GENERATING HTML REPORT FOR CAT-3 - Pagination:VIR-138.05 Verify that any other data can't be entered except integer in 732f150ffc6c82e48b678a4e7112835fdf284ee6b7c57b8f50df671b5a3f74ae.html in directory target/site/serenity  
[pool-1-thread-1] INFO net.thucydides.core.reports.html.HtmlAcceptanceTestReporter - GENERATING HTML REPORT FOR CAT-3 - Pagination:VIR-138.07 Verify that the sorting/filtering is not cleared while navigating through the pages in the current way in 9c486c2a7fbaca4d17050cd5542d3a8caf0a296ddf026c6149fc129a58edffc6.html in directory target/site/serenity  
[pool-1-thread-2] INFO net.thucydides.core.reports.html.HtmlAcceptanceTestReporter - GENERATING HTML REPORT FOR CAT-3 - Pagination:VIR-138.08 Verify that the customer is able to enter the page number to navigate into it on the Category page in d901a04c74ffc4b4edd5039d007ea6284c936f13937174647f15ada4b2f63380.html in directory target/site/serenity  
[pool-1-thread-4] INFO net.thucydides.core.reports.html.HtmlAcceptanceTestReporter - GENERATING HTML REPORT FOR CAT-3 - Pagination:VIR-138.02 Verify that the pagination is suppressed, if only one page of products exist in ac84c28d9514fcaca1cb434f3db75c589b46912734ad917fa2234bd7cc42f0e5.html in directory target/site/serenity  
[main] INFO net.serenitybdd.core.Serenity - 
 _____ _____ ____ _____   ____ _____  _    ____ _____ _____ ____  
|_   _| ____/ ___|_   _| / ___|_   _|/ \  |  _ \_   _| ____|  _ \ 
  | | |  _| \___ \ | |   \___ \ | | / _ \ | |_) || | |  _| | | | |
  | | | |___ ___) || |    ___) || |/ ___ \|  _ < | | | |___| |_| |
  |_| |_____|____/ |_|   |____/ |_/_/   \_\_| \_\|_| |_____|____/ 
                                                                  

TEST STARTED: VIR-138.09 Verify that the customer is able to enter the page number to navigate into it on the Search result page
-------------------------------------------------------------------(cat-3---pagination;vir-138.09-verify-that-the-customer-is-able-to-enter-the-page-number-to-navigate-into-it-on-the-search-result-page)
[main] INFO net.serenitybdd.core.Serenity - STARTING STEP Given open the site and login
[main] INFO net.serenitybdd.core.Serenity - STARTING STEP Open the site
[main] INFO net.serenitybdd.core.Serenity - STEP ERROR: net.serenitybdd.core.exceptions.SerenityManagedException: Could not initialize class com.virco.locators.SiteData
]]></system-err>
  </testcase>
  <testcase name="Scenario: VIR-138.09 Verify that the customer is able to enter the page number to navigate into it on the Search result page" classname="Scenario: VIR-138.09 Verify that the customer is able to enter the page number to navigate into it on the Search result page" time="0.002">
    <error message="Could not initialize class com.virco.locators.SiteData" type="net.serenitybdd.core.exceptions.SerenityManagedException"><![CDATA[net.serenitybdd.core.exceptions.SerenityManagedException: Could not initialize class com.virco.locators.SiteData
	at com.virco.steps.serenity.CommonUserSteps.openTheSite(CommonUserSteps.java:19)
	at com.virco.steps.serenity.CommonUserSteps$$EnhancerByCGLIB$$d8541bfa.CGLIB$openTheSite$6(<generated>)
	at com.virco.steps.serenity.CommonUserSteps$$EnhancerByCGLIB$$d8541bfa$$FastClassByCGLIB$$ea8e0f86.invoke(<generated>)
	at net.sf.cglib.proxy.MethodProxy.invokeSuper(MethodProxy.java:228)
	at net.thucydides.core.steps.StepInterceptor.invokeMethod(StepInterceptor.java:372)
	at net.thucydides.core.steps.StepInterceptor.executeTestStepMethod(StepInterceptor.java:357)
	at net.thucydides.core.steps.StepInterceptor.runTestStep(StepInterceptor.java:332)
	at net.thucydides.core.steps.StepInterceptor.testStepResult(StepInterceptor.java:134)
	at net.thucydides.core.steps.StepInterceptor.intercept(StepInterceptor.java:61)
	at com.virco.steps.serenity.CommonUserSteps$$EnhancerByCGLIB$$d8541bfa.openTheSite(<generated>)
	at com.virco.steps.CommonDefinitionSteps.openTheSiteAndLogin(CommonDefinitionSteps.java:72)
	at sun.reflect.GeneratedMethodAccessor143.invoke(Unknown Source)
	at sun.reflect.DelegatingMethodAccessorImpl.invoke(DelegatingMethodAccessorImpl.java:43)
	at java.lang.reflect.Method.invoke(Method.java:498)
	at cucumber.runtime.Utils$1.call(Utils.java:40)
	at cucumber.runtime.Timeout.timeout(Timeout.java:16)
	at cucumber.runtime.Utils.invoke(Utils.java:34)
	at cucumber.runtime.java.JavaStepDefinition.execute(JavaStepDefinition.java:38)
	at cucumber.runtime.StepDefinitionMatch.runStep(StepDefinitionMatch.java:37)
	at cucumber.runtime.Runtime.runStep(Runtime.java:300)
	at cucumber.runtime.model.StepContainer.runStep(StepContainer.java:44)
	at cucumber.runtime.model.StepContainer.runSteps(StepContainer.java:39)
	at cucumber.runtime.model.CucumberScenario.run(CucumberScenario.java:44)
	at cucumber.runtime.junit.ExecutionUnitRunner.run(ExecutionUnitRunner.java:102)
	at cucumber.runtime.junit.FeatureRunner.runChild(FeatureRunner.java:63)
	at cucumber.runtime.junit.FeatureRunner.runChild(FeatureRunner.java:18)
	at org.junit.runners.ParentRunner$3.run(ParentRunner.java:290)
	at org.junit.runners.ParentRunner$1.schedule(ParentRunner.java:71)
	at org.junit.runners.ParentRunner.runChildren(ParentRunner.java:288)
	at org.junit.runners.ParentRunner.access$000(ParentRunner.java:58)
	at org.junit.runners.ParentRunner$2.evaluate(ParentRunner.java:268)
	at org.junit.runners.ParentRunner.run(ParentRunner.java:363)
	at cucumber.runtime.junit.FeatureRunner.run(FeatureRunner.java:70)
	at cucumber.api.junit.Cucumber.runChild(Cucumber.java:95)
	at cucumber.api.junit.Cucumber.runChild(Cucumber.java:38)
	at org.junit.runners.ParentRunner$3.run(ParentRunner.java:290)
	at org.junit.runners.ParentRunner$1.schedule(ParentRunner.java:71)
	at org.junit.runners.ParentRunner.runChildren(ParentRunner.java:288)
	at org.junit.runners.ParentRunner.access$000(ParentRunner.java:58)
	at org.junit.runners.ParentRunner$2.evaluate(ParentRunner.java:268)
	at org.junit.runners.ParentRunner.run(ParentRunner.java:363)
	at cucumber.api.junit.Cucumber.run(Cucumber.java:100)
	at org.apache.maven.surefire.junit4.JUnit4Provider.execute(JUnit4Provider.java:283)
	at org.apache.maven.surefire.junit4.JUnit4Provider.executeWithRerun(JUnit4Provider.java:173)
	at org.apache.maven.surefire.junit4.JUnit4Provider.executeTestSet(JUnit4Provider.java:153)
	at org.apache.maven.surefire.junit4.JUnit4Provider.invoke(JUnit4Provider.java:128)
	at org.apache.maven.surefire.booter.ForkedBooter.invokeProviderInSameClassLoader(ForkedBooter.java:203)
	at org.apache.maven.surefire.booter.ForkedBooter.runSuitesInProcess(ForkedBooter.java:155)
	at org.apache.maven.surefire.booter.ForkedBooter.main(ForkedBooter.java:103)
]]></error>
  </testcase>
  <testcase name="When search for &quot;chair&quot;" classname="Scenario: VIR-138.09 Verify that the customer is able to enter the page number to navigate into it on the Search result page" time="0">
    <skipped/>
    <system-err><![CDATA[[main] INFO net.serenitybdd.core.Serenity - STEP ERROR: java.lang.NoClassDefFoundError: Could not initialize class com.virco.locators.SiteData
[main] INFO net.serenitybdd.core.Serenity - STARTING STEP When search for "chair"
]]></system-err>
  </testcase>
  <testcase name="When click on &quot;2&quot; pagination button" classname="Scenario: VIR-138.09 Verify that the customer is able to enter the page number to navigate into it on the Search result page" time="0">
    <skipped/>
    <system-err><![CDATA[[main] INFO net.serenitybdd.core.Serenity - IGNORING STEP
[main] INFO net.serenitybdd.core.Serenity - STARTING STEP When click on "2" pagination button
]]></system-err>
  </testcase>
  <testcase name="Then the value in pagination input field is &quot;2&quot;" classname="Scenario: VIR-138.09 Verify that the customer is able to enter the page number to navigate into it on the Search result page" time="0">
    <skipped/>
    <system-err><![CDATA[[main] INFO net.serenitybdd.core.Serenity - IGNORING STEP
[main] INFO net.serenitybdd.core.Serenity - STARTING STEP Then the value in pagination input field is "2"
]]></system-err>
  </testcase>
  <testcase name="When enter &quot;1&quot; in pagination page number field" classname="Scenario: VIR-138.09 Verify that the customer is able to enter the page number to navigate into it on the Search result page" time="0">
    <skipped/>
    <system-err><![CDATA[[main] INFO net.serenitybdd.core.Serenity - IGNORING STEP
[main] INFO net.serenitybdd.core.Serenity - STARTING STEP When enter "1" in pagination page number field
]]></system-err>
  </testcase>
  <testcase name="Then the value in pagination input field is &quot;1&quot;" classname="Scenario: VIR-138.09 Verify that the customer is able to enter the page number to navigate into it on the Search result page" time="0">
    <skipped/>
    <system-err><![CDATA[[main] INFO net.serenitybdd.core.Serenity - IGNORING STEP
[main] INFO net.serenitybdd.core.Serenity - STARTING STEP Then the value in pagination input field is "1"
]]></system-err>
  </testcase>
  <testcase name="Given open the site and login" classname="Scenario: VIR-139.01 Verify that the first/last/next pages are shown above and below the list of products" time="0.005">
    <error message="Could not initialize class com.virco.locators.SiteData" type="net.serenitybdd.core.exceptions.SerenityManagedException"><![CDATA[net.serenitybdd.core.exceptions.SerenityManagedException: Could not initialize class com.virco.locators.SiteData
	at com.virco.steps.serenity.CommonUserSteps.openTheSite(CommonUserSteps.java:19)
	at com.virco.steps.serenity.CommonUserSteps$$EnhancerByCGLIB$$d8541bfa.CGLIB$openTheSite$6(<generated>)
	at com.virco.steps.serenity.CommonUserSteps$$EnhancerByCGLIB$$d8541bfa$$FastClassByCGLIB$$ea8e0f86.invoke(<generated>)
	at net.sf.cglib.proxy.MethodProxy.invokeSuper(MethodProxy.java:228)
	at net.thucydides.core.steps.StepInterceptor.invokeMethod(StepInterceptor.java:372)
	at net.thucydides.core.steps.StepInterceptor.executeTestStepMethod(StepInterceptor.java:357)
	at net.thucydides.core.steps.StepInterceptor.runTestStep(StepInterceptor.java:332)
	at net.thucydides.core.steps.StepInterceptor.testStepResult(StepInterceptor.java:134)
	at net.thucydides.core.steps.StepInterceptor.intercept(StepInterceptor.java:61)
	at com.virco.steps.serenity.CommonUserSteps$$EnhancerByCGLIB$$d8541bfa.openTheSite(<generated>)
	at com.virco.steps.CommonDefinitionSteps.openTheSiteAndLogin(CommonDefinitionSteps.java:72)
	at sun.reflect.GeneratedMethodAccessor143.invoke(Unknown Source)
	at sun.reflect.DelegatingMethodAccessorImpl.invoke(DelegatingMethodAccessorImpl.java:43)
	at java.lang.reflect.Method.invoke(Method.java:498)
	at cucumber.runtime.Utils$1.call(Utils.java:40)
	at cucumber.runtime.Timeout.timeout(Timeout.java:16)
	at cucumber.runtime.Utils.invoke(Utils.java:34)
	at cucumber.runtime.java.JavaStepDefinition.execute(JavaStepDefinition.java:38)
	at cucumber.runtime.StepDefinitionMatch.runStep(StepDefinitionMatch.java:37)
	at cucumber.runtime.Runtime.runStep(Runtime.java:300)
	at cucumber.runtime.model.StepContainer.runStep(StepContainer.java:44)
	at cucumber.runtime.model.StepContainer.runSteps(StepContainer.java:39)
	at cucumber.runtime.model.CucumberScenario.run(CucumberScenario.java:44)
	at cucumber.runtime.junit.ExecutionUnitRunner.run(ExecutionUnitRunner.java:102)
	at cucumber.runtime.junit.FeatureRunner.runChild(FeatureRunner.java:63)
	at cucumber.runtime.junit.FeatureRunner.runChild(FeatureRunner.java:18)
	at org.junit.runners.ParentRunner$3.run(ParentRunner.java:290)
	at org.junit.runners.ParentRunner$1.schedule(ParentRunner.java:71)
	at org.junit.runners.ParentRunner.runChildren(ParentRunner.java:288)
	at org.junit.runners.ParentRunner.access$000(ParentRunner.java:58)
	at org.junit.runners.ParentRunner$2.evaluate(ParentRunner.java:268)
	at org.junit.runners.ParentRunner.run(ParentRunner.java:363)
	at cucumber.runtime.junit.FeatureRunner.run(FeatureRunner.java:70)
	at cucumber.api.junit.Cucumber.runChild(Cucumber.java:95)
	at cucumber.api.junit.Cucumber.runChild(Cucumber.java:38)
	at org.junit.runners.ParentRunner$3.run(ParentRunner.java:290)
	at org.junit.runners.ParentRunner$1.schedule(ParentRunner.java:71)
	at org.junit.runners.ParentRunner.runChildren(ParentRunner.java:288)
	at org.junit.runners.ParentRunner.access$000(ParentRunner.java:58)
	at org.junit.runners.ParentRunner$2.evaluate(ParentRunner.java:268)
	at org.junit.runners.ParentRunner.run(ParentRunner.java:363)
	at cucumber.api.junit.Cucumber.run(Cucumber.java:100)
	at org.apache.maven.surefire.junit4.JUnit4Provider.execute(JUnit4Provider.java:283)
	at org.apache.maven.surefire.junit4.JUnit4Provider.executeWithRerun(JUnit4Provider.java:173)
	at org.apache.maven.surefire.junit4.JUnit4Provider.executeTestSet(JUnit4Provider.java:153)
	at org.apache.maven.surefire.junit4.JUnit4Provider.invoke(JUnit4Provider.java:128)
	at org.apache.maven.surefire.booter.ForkedBooter.invokeProviderInSameClassLoader(ForkedBooter.java:203)
	at org.apache.maven.surefire.booter.ForkedBooter.runSuitesInProcess(ForkedBooter.java:155)
	at org.apache.maven.surefire.booter.ForkedBooter.main(ForkedBooter.java:103)
]]></error>
    <system-err><![CDATA[[main] INFO net.serenitybdd.core.Serenity - IGNORING STEP
[main] ERROR net.serenitybdd.core.Serenity - 
           __  _____ _____ ____ _____   _____ _    ___ _     _____ ____  
  _       / / |_   _| ____/ ___|_   _| |  ___/ \  |_ _| |   | ____|  _ \ 
 (_)_____| |    | | |  _| \___ \ | |   | |_ / _ \  | || |   |  _| | | | |
  _|_____| |    | | | |___ ___) || |   |  _/ ___ \ | || |___| |___| |_| |
 (_)     | |    |_| |_____|____/ |_|   |_|/_/   \_\___|_____|_____|____/ 
          \_\                                                            

TEST FAILED WITH ERROR: VIR-138.09 Verify that the customer is able to enter the page number to navigate into it on the Search result page
---------------------------------------------------------------------
[main] ERROR net.serenitybdd.core.Serenity - TEST FAILED AT STEP Open the site
[main] ERROR net.serenitybdd.core.Serenity - Could not initialize class com.virco.locators.SiteData
[pool-1-thread-1] INFO net.thucydides.core.reports.json.JSONTestOutcomeReporter - Generating JSON report for VIR-137.01 Verify that the toggle button is shown above the products to file /Users/rodionsavchuk/hybrisAutomation/virco-automatedtests/target/site/serenity/ed05f0ebcdeb7ab8ce4053f5e77c2e104b16083b38ff0389ff4683e6797df73a.json (using temp file /Users/rodionsavchuk/hybrisAutomation/virco-automatedtests/target/site/serenity/ed05f0ebcdeb7ab8ce4053f5e77c2e104b16083b38ff0389ff4683e6797df73a.jsonbf673a7b-b667-492e-8acd-b5664970e913)
[pool-1-thread-2] INFO net.thucydides.core.reports.json.JSONTestOutcomeReporter - Generating JSON report for VIR-790.01 Verify that the customer can switch the view of products into grid, list on search page to file /Users/rodionsavchuk/hybrisAutomation/virco-automatedtests/target/site/serenity/79c89f5c9fd1ad2a8c101b5f0410c8b569b0435ef40abf20f63e096a8d5de34e.json (using temp file /Users/rodionsavchuk/hybrisAutomation/virco-automatedtests/target/site/serenity/79c89f5c9fd1ad2a8c101b5f0410c8b569b0435ef40abf20f63e096a8d5de34e.json4bd2dcb4-1af8-44a0-a09b-074182be15a9)
[pool-1-thread-3] INFO net.thucydides.core.reports.json.JSONTestOutcomeReporter - Generating JSON report for VIR-137.02 Verify that the customer can switch the view of products into grid, list to file /Users/rodionsavchuk/hybrisAutomation/virco-automatedtests/target/site/serenity/cdb7752ae4e635597dc73730ce49dc450174bfbf736b9ef32175a8b54c56e86c.json (using temp file /Users/rodionsavchuk/hybrisAutomation/virco-automatedtests/target/site/serenity/cdb7752ae4e635597dc73730ce49dc450174bfbf736b9ef32175a8b54c56e86c.jsondb256e08-e03d-4efc-93c8-74cc95ca8d0a)
[pool-1-thread-4] INFO net.thucydides.core.reports.json.JSONTestOutcomeReporter - Generating JSON report for VIR-137.03 Verify that in the grid view the following product info is shown to file /Users/rodionsavchuk/hybrisAutomation/virco-automatedtests/target/site/serenity/2d367fe8d4e995fe7f0f69d3d29f47666f1d4fd6318f8f9dd42678280fb025a4.json (using temp file /Users/rodionsavchuk/hybrisAutomation/virco-automatedtests/target/site/serenity/2d367fe8d4e995fe7f0f69d3d29f47666f1d4fd6318f8f9dd42678280fb025a4.json3b828ecd-213e-4da6-8e25-f36c20bd4e8c)
[pool-1-thread-3] INFO net.thucydides.core.reports.json.JSONTestOutcomeReporter - Generating JSON report for VIR-137.04 Verify that in the List view the following info is shown to file /Users/rodionsavchuk/hybrisAutomation/virco-automatedtests/target/site/serenity/492108091097b8f1a9b1f860ede4bcf742b38d74fb739ac7ab3bec842b5bcb07.json (using temp file /Users/rodionsavchuk/hybrisAutomation/virco-automatedtests/target/site/serenity/492108091097b8f1a9b1f860ede4bcf742b38d74fb739ac7ab3bec842b5bcb07.json75bd43c4-0466-43cf-a616-02cb797f0cc3)
[pool-1-thread-2] INFO net.thucydides.core.reports.json.JSONTestOutcomeReporter - Generating JSON report for VIR-137.05 Verify that the list of products is the same in both views to file /Users/rodionsavchuk/hybrisAutomation/virco-automatedtests/target/site/serenity/ae1db428932e82981303203bdc6eb851846608ccd30fa908f4f5b446cb968075.json (using temp file /Users/rodionsavchuk/hybrisAutomation/virco-automatedtests/target/site/serenity/ae1db428932e82981303203bdc6eb851846608ccd30fa908f4f5b446cb968075.jsona6dff8c0-9e0f-4154-b4fc-a691f77d93de)
[pool-1-thread-4] INFO net.thucydides.core.reports.json.JSONTestOutcomeReporter - Generating JSON report for VIR-251.01 Verify that the amount of products per opened page is shown to file /Users/rodionsavchuk/hybrisAutomation/virco-automatedtests/target/site/serenity/2c0ae4476567833206363958c76f43f0bea266ccf19875e0be388e0105241b80.json (using temp file /Users/rodionsavchuk/hybrisAutomation/virco-automatedtests/target/site/serenity/2c0ae4476567833206363958c76f43f0bea266ccf19875e0be388e0105241b80.jsonba821510-76ec-4ccb-a194-ad36f55f410f)
[pool-1-thread-1] INFO net.thucydides.core.reports.json.JSONTestOutcomeReporter - Generating JSON report for VIR-251.02 Verify that the 20 products are shown per page to file /Users/rodionsavchuk/hybrisAutomation/virco-automatedtests/target/site/serenity/3e2f2a51405f3fa5f517d1a92fb6c7f2d63a08226c65dc48dfcdfc1de866d2f3.json (using temp file /Users/rodionsavchuk/hybrisAutomation/virco-automatedtests/target/site/serenity/3e2f2a51405f3fa5f517d1a92fb6c7f2d63a08226c65dc48dfcdfc1de866d2f3.json8ce2cbd2-89fc-4910-977c-69046de79c85)
[pool-1-thread-2] INFO net.thucydides.core.reports.json.JSONTestOutcomeReporter - Generating JSON report for VIR-138.01 Verify that the pagination is shown above and below the list of products to file /Users/rodionsavchuk/hybrisAutomation/virco-automatedtests/target/site/serenity/9771603025f14f96b272fa21dca31889f195c9a9337b95fbf5eab3295a9e05a4.json (using temp file /Users/rodionsavchuk/hybrisAutomation/virco-automatedtests/target/site/serenity/9771603025f14f96b272fa21dca31889f195c9a9337b95fbf5eab3295a9e05a4.json706d4287-f803-4046-8172-9cf61e78fc07)
[pool-1-thread-3] INFO net.thucydides.core.reports.json.JSONTestOutcomeReporter - Generating JSON report for VIR-251.03 Verify that the last page shows the appropriate number of items to file /Users/rodionsavchuk/hybrisAutomation/virco-automatedtests/target/site/serenity/203add71e1553852782b06b46ad692a125d7913e1dcdfa1bc77d21975adc91d3.json (using temp file /Users/rodionsavchuk/hybrisAutomation/virco-automatedtests/target/site/serenity/203add71e1553852782b06b46ad692a125d7913e1dcdfa1bc77d21975adc91d3.jsonf0a2e360-4bbc-4082-8e91-f86a0c241b17)
[pool-1-thread-1] INFO net.thucydides.core.reports.json.JSONTestOutcomeReporter - Generating JSON report for VIR-592.01 Verify that the pagination is shown above and below the list of products on search page to file /Users/rodionsavchuk/hybrisAutomation/virco-automatedtests/target/site/serenity/5184d7acbfb3ebe8e1ad1150664aad7942651d17649b17c3849d0eea482d8652.json (using temp file /Users/rodionsavchuk/hybrisAutomation/virco-automatedtests/target/site/serenity/5184d7acbfb3ebe8e1ad1150664aad7942651d17649b17c3849d0eea482d8652.json6f3b79d8-1ea6-4b7e-93f6-b301cbf7432e)
[pool-1-thread-3] INFO net.thucydides.core.reports.json.JSONTestOutcomeReporter - Generating JSON report for VIR-138.02 Verify that the pagination is suppressed, if only one page of products exist to file /Users/rodionsavchuk/hybrisAutomation/virco-automatedtests/target/site/serenity/ac84c28d9514fcaca1cb434f3db75c589b46912734ad917fa2234bd7cc42f0e5.json (using temp file /Users/rodionsavchuk/hybrisAutomation/virco-automatedtests/target/site/serenity/ac84c28d9514fcaca1cb434f3db75c589b46912734ad917fa2234bd7cc42f0e5.jsona55ef209-8262-4d54-b1eb-183273d94c2e)
[pool-1-thread-4] INFO net.thucydides.core.reports.json.JSONTestOutcomeReporter - Generating JSON report for VIR-138.03 Verify that the last page is shown when customer enters the page number that is bigger than the existed one to file /Users/rodionsavchuk/hybrisAutomation/virco-automatedtests/target/site/serenity/56575217a2a4b5789d81c4200cecfbe74728dc79b7cd6d8ac27653a8d3f85ecb.json (using temp file /Users/rodionsavchuk/hybrisAutomation/virco-automatedtests/target/site/serenity/56575217a2a4b5789d81c4200cecfbe74728dc79b7cd6d8ac27653a8d3f85ecb.json56b4bb3e-932b-45d0-8750-8eeb0f22a340)
[pool-1-thread-2] INFO net.thucydides.core.reports.json.JSONTestOutcomeReporter - Generating JSON report for VIR-138.04 Verity that the first page is shown when customer enters the 0 to file /Users/rodionsavchuk/hybrisAutomation/virco-automatedtests/target/site/serenity/1c8a1b4b43701bd1338632b88eb6b64df9b65fadafecbf38fec7c32d2408f09b.json (using temp file /Users/rodionsavchuk/hybrisAutomation/virco-automatedtests/target/site/serenity/1c8a1b4b43701bd1338632b88eb6b64df9b65fadafecbf38fec7c32d2408f09b.jsonc2a4d5d1-df67-477e-8f02-2c053af85f80)
[pool-1-thread-3] INFO net.thucydides.core.reports.json.JSONTestOutcomeReporter - Generating JSON report for VIR-138.05 Verify that any other data can't be entered except integer to file /Users/rodionsavchuk/hybrisAutomation/virco-automatedtests/target/site/serenity/732f150ffc6c82e48b678a4e7112835fdf284ee6b7c57b8f50df671b5a3f74ae.json (using temp file /Users/rodionsavchuk/hybrisAutomation/virco-automatedtests/target/site/serenity/732f150ffc6c82e48b678a4e7112835fdf284ee6b7c57b8f50df671b5a3f74ae.json49a6dd56-28bb-4005-b264-e4ba94c97c1e)
[pool-1-thread-2] INFO net.thucydides.core.reports.json.JSONTestOutcomeReporter - Generating JSON report for VIR-138.06 Verify that any other data can't be entered except integer using context paste to file /Users/rodionsavchuk/hybrisAutomation/virco-automatedtests/target/site/serenity/57135e94eed8cc11fc55734a7c503a70dc363381dabf570e05c256f3e9e11571.json (using temp file /Users/rodionsavchuk/hybrisAutomation/virco-automatedtests/target/site/serenity/57135e94eed8cc11fc55734a7c503a70dc363381dabf570e05c256f3e9e11571.jsond56223e8-04d8-41d5-8710-5f6c2c672266)
[pool-1-thread-4] INFO net.thucydides.core.reports.json.JSONTestOutcomeReporter - Generating JSON report for VIR-138.07 Verify that the sorting/filtering is not cleared while navigating through the pages in the current way to file /Users/rodionsavchuk/hybrisAutomation/virco-automatedtests/target/site/serenity/9c486c2a7fbaca4d17050cd5542d3a8caf0a296ddf026c6149fc129a58edffc6.json (using temp file /Users/rodionsavchuk/hybrisAutomation/virco-automatedtests/target/site/serenity/9c486c2a7fbaca4d17050cd5542d3a8caf0a296ddf026c6149fc129a58edffc6.json944a2f86-e93a-47e4-bcc0-70207c0dc070)
[pool-1-thread-1] INFO net.thucydides.core.reports.json.JSONTestOutcomeReporter - Generating JSON report for VIR-138.08 Verify that the customer is able to enter the page number to navigate into it on the Category page to file /Users/rodionsavchuk/hybrisAutomation/virco-automatedtests/target/site/serenity/d901a04c74ffc4b4edd5039d007ea6284c936f13937174647f15ada4b2f63380.json (using temp file /Users/rodionsavchuk/hybrisAutomation/virco-automatedtests/target/site/serenity/d901a04c74ffc4b4edd5039d007ea6284c936f13937174647f15ada4b2f63380.json2b28cb4f-d3b0-42e4-82e5-84d7d5cd305f)
[pool-1-thread-3] INFO net.thucydides.core.reports.json.JSONTestOutcomeReporter - Generating JSON report for VIR-138.09 Verify that the customer is able to enter the page number to navigate into it on the Search result page to file /Users/rodionsavchuk/hybrisAutomation/virco-automatedtests/target/site/serenity/93693134ebc7873775c4933a1d9adb4ef57c10c8386432a03157dea73460df26.json (using temp file /Users/rodionsavchuk/hybrisAutomation/virco-automatedtests/target/site/serenity/93693134ebc7873775c4933a1d9adb4ef57c10c8386432a03157dea73460df26.jsonaad2b4f4-0cab-4bc3-aa5a-679303c6a3e8)
[pool-1-thread-3] INFO net.thucydides.core.reports.html.HtmlAcceptanceTestReporter - GENERATING HTML REPORT FOR CAT-1 - Grid/List View Toggle:VIR-790.01 Verify that the customer can switch the view of products into grid, list on search page in 79c89f5c9fd1ad2a8c101b5f0410c8b569b0435ef40abf20f63e096a8d5de34e.html in directory target/site/serenity  
[pool-1-thread-2] INFO net.thucydides.core.reports.html.HtmlAcceptanceTestReporter - GENERATING HTML REPORT FOR CAT-1 - Grid/List View Toggle:VIR-137.01 Verify that the toggle button is shown above the products in ed05f0ebcdeb7ab8ce4053f5e77c2e104b16083b38ff0389ff4683e6797df73a.html in directory target/site/serenity  
[pool-1-thread-4] INFO net.thucydides.core.reports.html.HtmlAcceptanceTestReporter - GENERATING HTML REPORT FOR CAT-1 - Grid/List View Toggle:VIR-137.02 Verify that the customer can switch the view of products into grid, list in cdb7752ae4e635597dc73730ce49dc450174bfbf736b9ef32175a8b54c56e86c.html in directory target/site/serenity  
[pool-1-thread-3] INFO net.thucydides.core.reports.html.HtmlAcceptanceTestReporter - GENERATING HTML REPORT FOR CAT-1 - Grid/List View Toggle:VIR-137.04 Verify that in the List view the following info is shown in 492108091097b8f1a9b1f860ede4bcf742b38d74fb739ac7ab3bec842b5bcb07.html in directory target/site/serenity  
[pool-1-thread-1] INFO net.thucydides.core.reports.html.HtmlAcceptanceTestReporter - GENERATING HTML REPORT FOR CAT-1 - Grid/List View Toggle:VIR-137.03 Verify that in the grid view the following product info is shown in 2d367fe8d4e995fe7f0f69d3d29f47666f1d4fd6318f8f9dd42678280fb025a4.html in directory target/site/serenity  
[pool-1-thread-2] INFO net.thucydides.core.reports.html.HtmlAcceptanceTestReporter - GENERATING HTML REPORT FOR CAT-2 - Numeration Display:VIR-251.01 Verify that the amount of products per opened page is shown in 2c0ae4476567833206363958c76f43f0bea266ccf19875e0be388e0105241b80.html in directory target/site/serenity  
[pool-1-thread-4] INFO net.thucydides.core.reports.html.HtmlAcceptanceTestReporter - GENERATING HTML REPORT FOR CAT-1 - Grid/List View Toggle:VIR-137.05 Verify that the list of products is the same in both views in ae1db428932e82981303203bdc6eb851846608ccd30fa908f4f5b446cb968075.html in directory target/site/serenity  
[pool-1-thread-1] INFO net.thucydides.core.reports.html.HtmlAcceptanceTestReporter - GENERATING HTML REPORT FOR CAT-2 - Numeration Display:VIR-251.02 Verify that the 20 products are shown per page in 3e2f2a51405f3fa5f517d1a92fb6c7f2d63a08226c65dc48dfcdfc1de866d2f3.html in directory target/site/serenity  
[pool-1-thread-3] INFO net.thucydides.core.reports.html.HtmlAcceptanceTestReporter - GENERATING HTML REPORT FOR CAT-2 - Numeration Display:VIR-251.03 Verify that the last page shows the appropriate number of items in 203add71e1553852782b06b46ad692a125d7913e1dcdfa1bc77d21975adc91d3.html in directory target/site/serenity  
[pool-1-thread-2] INFO net.thucydides.core.reports.html.HtmlAcceptanceTestReporter - GENERATING HTML REPORT FOR CAT-3 - Pagination:VIR-138.01 Verify that the pagination is shown above and below the list of products in 9771603025f14f96b272fa21dca31889f195c9a9337b95fbf5eab3295a9e05a4.html in directory target/site/serenity  
[pool-1-thread-4] INFO net.thucydides.core.reports.html.HtmlAcceptanceTestReporter - GENERATING HTML REPORT FOR CAT-3 - Pagination:VIR-592.01 Verify that the pagination is shown above and below the list of products on search page in 5184d7acbfb3ebe8e1ad1150664aad7942651d17649b17c3849d0eea482d8652.html in directory target/site/serenity  
[pool-1-thread-1] INFO net.thucydides.core.reports.html.HtmlAcceptanceTestReporter - GENERATING HTML REPORT FOR CAT-3 - Pagination:VIR-138.02 Verify that the pagination is suppressed, if only one page of products exist in ac84c28d9514fcaca1cb434f3db75c589b46912734ad917fa2234bd7cc42f0e5.html in directory target/site/serenity  
[pool-1-thread-3] INFO net.thucydides.core.reports.html.HtmlAcceptanceTestReporter - GENERATING HTML REPORT FOR CAT-3 - Pagination:VIR-138.03 Verify that the last page is shown when customer enters the page number that is bigger than the existed one in 56575217a2a4b5789d81c4200cecfbe74728dc79b7cd6d8ac27653a8d3f85ecb.html in directory target/site/serenity  
[pool-1-thread-1] INFO net.thucydides.core.reports.html.HtmlAcceptanceTestReporter - GENERATING HTML REPORT FOR CAT-3 - Pagination:VIR-138.04 Verity that the first page is shown when customer enters the 0 in 1c8a1b4b43701bd1338632b88eb6b64df9b65fadafecbf38fec7c32d2408f09b.html in directory target/site/serenity  
[pool-1-thread-2] INFO net.thucydides.core.reports.html.HtmlAcceptanceTestReporter - GENERATING HTML REPORT FOR CAT-3 - Pagination:VIR-138.05 Verify that any other data can't be entered except integer in 732f150ffc6c82e48b678a4e7112835fdf284ee6b7c57b8f50df671b5a3f74ae.html in directory target/site/serenity  
[pool-1-thread-4] INFO net.thucydides.core.reports.html.HtmlAcceptanceTestReporter - GENERATING HTML REPORT FOR CAT-3 - Pagination:VIR-138.06 Verify that any other data can't be entered except integer using context paste in 57135e94eed8cc11fc55734a7c503a70dc363381dabf570e05c256f3e9e11571.html in directory target/site/serenity  
[pool-1-thread-1] INFO net.thucydides.core.reports.html.HtmlAcceptanceTestReporter - GENERATING HTML REPORT FOR CAT-3 - Pagination:VIR-138.08 Verify that the customer is able to enter the page number to navigate into it on the Category page in d901a04c74ffc4b4edd5039d007ea6284c936f13937174647f15ada4b2f63380.html in directory target/site/serenity  
[pool-1-thread-3] INFO net.thucydides.core.reports.html.HtmlAcceptanceTestReporter - GENERATING HTML REPORT FOR CAT-3 - Pagination:VIR-138.07 Verify that the sorting/filtering is not cleared while navigating through the pages in the current way in 9c486c2a7fbaca4d17050cd5542d3a8caf0a296ddf026c6149fc129a58edffc6.html in directory target/site/serenity  
[pool-1-thread-2] INFO net.thucydides.core.reports.html.HtmlAcceptanceTestReporter - GENERATING HTML REPORT FOR CAT-3 - Pagination:VIR-138.09 Verify that the customer is able to enter the page number to navigate into it on the Search result page in 93693134ebc7873775c4933a1d9adb4ef57c10c8386432a03157dea73460df26.html in directory target/site/serenity  
[main] INFO net.serenitybdd.core.Serenity - Test Suite Started: CAT-4 - Page Navigation
[main] INFO net.serenitybdd.core.Serenity - 
 _____ _____ ____ _____   ____ _____  _    ____ _____ _____ ____  
|_   _| ____/ ___|_   _| / ___|_   _|/ \  |  _ \_   _| ____|  _ \ 
  | | |  _| \___ \ | |   \___ \ | | / _ \ | |_) || | |  _| | | | |
  | | | |___ ___) || |    ___) || |/ ___ \|  _ < | | | |___| |_| |
  |_| |_____|____/ |_|   |____/ |_/_/   \_\_| \_\|_| |_____|____/ 
                                                                  

TEST STARTED: VIR-139.01 Verify that the first/last/next pages are shown above and below the list of products
-------------------------------------------------------------------(cat-4---page-navigation;vir-139.01-verify-that-the-first/last/next-pages-are-shown-above-and-below-the-list-of-products)
[main] INFO net.serenitybdd.core.Serenity - STARTING STEP Given open the site and login
[main] INFO net.serenitybdd.core.Serenity - STARTING STEP Open the site
[main] INFO net.serenitybdd.core.Serenity - STEP ERROR: net.serenitybdd.core.exceptions.SerenityManagedException: Could not initialize class com.virco.locators.SiteData
]]></system-err>
  </testcase>
  <testcase name="Scenario: VIR-139.01 Verify that the first/last/next pages are shown above and below the list of products" classname="Scenario: VIR-139.01 Verify that the first/last/next pages are shown above and below the list of products" time="0.006">
    <error message="Could not initialize class com.virco.locators.SiteData" type="net.serenitybdd.core.exceptions.SerenityManagedException"><![CDATA[net.serenitybdd.core.exceptions.SerenityManagedException: Could not initialize class com.virco.locators.SiteData
	at com.virco.steps.serenity.CommonUserSteps.openTheSite(CommonUserSteps.java:19)
	at com.virco.steps.serenity.CommonUserSteps$$EnhancerByCGLIB$$d8541bfa.CGLIB$openTheSite$6(<generated>)
	at com.virco.steps.serenity.CommonUserSteps$$EnhancerByCGLIB$$d8541bfa$$FastClassByCGLIB$$ea8e0f86.invoke(<generated>)
	at net.sf.cglib.proxy.MethodProxy.invokeSuper(MethodProxy.java:228)
	at net.thucydides.core.steps.StepInterceptor.invokeMethod(StepInterceptor.java:372)
	at net.thucydides.core.steps.StepInterceptor.executeTestStepMethod(StepInterceptor.java:357)
	at net.thucydides.core.steps.StepInterceptor.runTestStep(StepInterceptor.java:332)
	at net.thucydides.core.steps.StepInterceptor.testStepResult(StepInterceptor.java:134)
	at net.thucydides.core.steps.StepInterceptor.intercept(StepInterceptor.java:61)
	at com.virco.steps.serenity.CommonUserSteps$$EnhancerByCGLIB$$d8541bfa.openTheSite(<generated>)
	at com.virco.steps.CommonDefinitionSteps.openTheSiteAndLogin(CommonDefinitionSteps.java:72)
	at sun.reflect.GeneratedMethodAccessor143.invoke(Unknown Source)
	at sun.reflect.DelegatingMethodAccessorImpl.invoke(DelegatingMethodAccessorImpl.java:43)
	at java.lang.reflect.Method.invoke(Method.java:498)
	at cucumber.runtime.Utils$1.call(Utils.java:40)
	at cucumber.runtime.Timeout.timeout(Timeout.java:16)
	at cucumber.runtime.Utils.invoke(Utils.java:34)
	at cucumber.runtime.java.JavaStepDefinition.execute(JavaStepDefinition.java:38)
	at cucumber.runtime.StepDefinitionMatch.runStep(StepDefinitionMatch.java:37)
	at cucumber.runtime.Runtime.runStep(Runtime.java:300)
	at cucumber.runtime.model.StepContainer.runStep(StepContainer.java:44)
	at cucumber.runtime.model.StepContainer.runSteps(StepContainer.java:39)
	at cucumber.runtime.model.CucumberScenario.run(CucumberScenario.java:44)
	at cucumber.runtime.junit.ExecutionUnitRunner.run(ExecutionUnitRunner.java:102)
	at cucumber.runtime.junit.FeatureRunner.runChild(FeatureRunner.java:63)
	at cucumber.runtime.junit.FeatureRunner.runChild(FeatureRunner.java:18)
	at org.junit.runners.ParentRunner$3.run(ParentRunner.java:290)
	at org.junit.runners.ParentRunner$1.schedule(ParentRunner.java:71)
	at org.junit.runners.ParentRunner.runChildren(ParentRunner.java:288)
	at org.junit.runners.ParentRunner.access$000(ParentRunner.java:58)
	at org.junit.runners.ParentRunner$2.evaluate(ParentRunner.java:268)
	at org.junit.runners.ParentRunner.run(ParentRunner.java:363)
	at cucumber.runtime.junit.FeatureRunner.run(FeatureRunner.java:70)
	at cucumber.api.junit.Cucumber.runChild(Cucumber.java:95)
	at cucumber.api.junit.Cucumber.runChild(Cucumber.java:38)
	at org.junit.runners.ParentRunner$3.run(ParentRunner.java:290)
	at org.junit.runners.ParentRunner$1.schedule(ParentRunner.java:71)
	at org.junit.runners.ParentRunner.runChildren(ParentRunner.java:288)
	at org.junit.runners.ParentRunner.access$000(ParentRunner.java:58)
	at org.junit.runners.ParentRunner$2.evaluate(ParentRunner.java:268)
	at org.junit.runners.ParentRunner.run(ParentRunner.java:363)
	at cucumber.api.junit.Cucumber.run(Cucumber.java:100)
	at org.apache.maven.surefire.junit4.JUnit4Provider.execute(JUnit4Provider.java:283)
	at org.apache.maven.surefire.junit4.JUnit4Provider.executeWithRerun(JUnit4Provider.java:173)
	at org.apache.maven.surefire.junit4.JUnit4Provider.executeTestSet(JUnit4Provider.java:153)
	at org.apache.maven.surefire.junit4.JUnit4Provider.invoke(JUnit4Provider.java:128)
	at org.apache.maven.surefire.booter.ForkedBooter.invokeProviderInSameClassLoader(ForkedBooter.java:203)
	at org.apache.maven.surefire.booter.ForkedBooter.runSuitesInProcess(ForkedBooter.java:155)
	at org.apache.maven.surefire.booter.ForkedBooter.main(ForkedBooter.java:103)
]]></error>
  </testcase>
  <testcase name="When open category with pagination" classname="Scenario: VIR-139.01 Verify that the first/last/next pages are shown above and below the list of products" time="0">
    <skipped/>
    <system-err><![CDATA[[main] INFO net.serenitybdd.core.Serenity - STEP ERROR: java.lang.NoClassDefFoundError: Could not initialize class com.virco.locators.SiteData
[main] INFO net.serenitybdd.core.Serenity - STARTING STEP When open category with pagination
]]></system-err>
  </testcase>
  <testcase name="Then the last/next pages are shown above and below the list of products" classname="Scenario: VIR-139.01 Verify that the first/last/next pages are shown above and below the list of products" time="0">
    <skipped/>
    <system-err><![CDATA[[main] INFO net.serenitybdd.core.Serenity - IGNORING STEP
[main] INFO net.serenitybdd.core.Serenity - STARTING STEP Then the last/next pages are shown above and below the list of products
]]></system-err>
  </testcase>
  <testcase name="When click on &quot;next&quot; pagination button" classname="Scenario: VIR-139.01 Verify that the first/last/next pages are shown above and below the list of products" time="0">
    <skipped/>
    <system-err><![CDATA[[main] INFO net.serenitybdd.core.Serenity - IGNORING STEP
[main] INFO net.serenitybdd.core.Serenity - STARTING STEP When click on "next" pagination button
]]></system-err>
  </testcase>
  <testcase name="Then the first/previous pages are shown above and below the list of products" classname="Scenario: VIR-139.01 Verify that the first/last/next pages are shown above and below the list of products" time="0">
    <skipped/>
    <system-err><![CDATA[[main] INFO net.serenitybdd.core.Serenity - IGNORING STEP
[main] INFO net.serenitybdd.core.Serenity - STARTING STEP Then the first/previous pages are shown above and below the list of products
]]></system-err>
  </testcase>
  <testcase name="Given open the site and login" classname="Scenario: VIR-139.02 Verify that the customer is able to navigate through the previous, next, last pages on Category page" time="0.001">
    <error message="Could not initialize class com.virco.locators.SiteData" type="net.serenitybdd.core.exceptions.SerenityManagedException"><![CDATA[net.serenitybdd.core.exceptions.SerenityManagedException: Could not initialize class com.virco.locators.SiteData
	at com.virco.steps.serenity.CommonUserSteps.openTheSite(CommonUserSteps.java:19)
	at com.virco.steps.serenity.CommonUserSteps$$EnhancerByCGLIB$$d8541bfa.CGLIB$openTheSite$6(<generated>)
	at com.virco.steps.serenity.CommonUserSteps$$EnhancerByCGLIB$$d8541bfa$$FastClassByCGLIB$$ea8e0f86.invoke(<generated>)
	at net.sf.cglib.proxy.MethodProxy.invokeSuper(MethodProxy.java:228)
	at net.thucydides.core.steps.StepInterceptor.invokeMethod(StepInterceptor.java:372)
	at net.thucydides.core.steps.StepInterceptor.executeTestStepMethod(StepInterceptor.java:357)
	at net.thucydides.core.steps.StepInterceptor.runTestStep(StepInterceptor.java:332)
	at net.thucydides.core.steps.StepInterceptor.testStepResult(StepInterceptor.java:134)
	at net.thucydides.core.steps.StepInterceptor.intercept(StepInterceptor.java:61)
	at com.virco.steps.serenity.CommonUserSteps$$EnhancerByCGLIB$$d8541bfa.openTheSite(<generated>)
	at com.virco.steps.CommonDefinitionSteps.openTheSiteAndLogin(CommonDefinitionSteps.java:72)
	at sun.reflect.GeneratedMethodAccessor143.invoke(Unknown Source)
	at sun.reflect.DelegatingMethodAccessorImpl.invoke(DelegatingMethodAccessorImpl.java:43)
	at java.lang.reflect.Method.invoke(Method.java:498)
	at cucumber.runtime.Utils$1.call(Utils.java:40)
	at cucumber.runtime.Timeout.timeout(Timeout.java:16)
	at cucumber.runtime.Utils.invoke(Utils.java:34)
	at cucumber.runtime.java.JavaStepDefinition.execute(JavaStepDefinition.java:38)
	at cucumber.runtime.StepDefinitionMatch.runStep(StepDefinitionMatch.java:37)
	at cucumber.runtime.Runtime.runStep(Runtime.java:300)
	at cucumber.runtime.model.StepContainer.runStep(StepContainer.java:44)
	at cucumber.runtime.model.StepContainer.runSteps(StepContainer.java:39)
	at cucumber.runtime.model.CucumberScenario.run(CucumberScenario.java:44)
	at cucumber.runtime.junit.ExecutionUnitRunner.run(ExecutionUnitRunner.java:102)
	at cucumber.runtime.junit.FeatureRunner.runChild(FeatureRunner.java:63)
	at cucumber.runtime.junit.FeatureRunner.runChild(FeatureRunner.java:18)
	at org.junit.runners.ParentRunner$3.run(ParentRunner.java:290)
	at org.junit.runners.ParentRunner$1.schedule(ParentRunner.java:71)
	at org.junit.runners.ParentRunner.runChildren(ParentRunner.java:288)
	at org.junit.runners.ParentRunner.access$000(ParentRunner.java:58)
	at org.junit.runners.ParentRunner$2.evaluate(ParentRunner.java:268)
	at org.junit.runners.ParentRunner.run(ParentRunner.java:363)
	at cucumber.runtime.junit.FeatureRunner.run(FeatureRunner.java:70)
	at cucumber.api.junit.Cucumber.runChild(Cucumber.java:95)
	at cucumber.api.junit.Cucumber.runChild(Cucumber.java:38)
	at org.junit.runners.ParentRunner$3.run(ParentRunner.java:290)
	at org.junit.runners.ParentRunner$1.schedule(ParentRunner.java:71)
	at org.junit.runners.ParentRunner.runChildren(ParentRunner.java:288)
	at org.junit.runners.ParentRunner.access$000(ParentRunner.java:58)
	at org.junit.runners.ParentRunner$2.evaluate(ParentRunner.java:268)
	at org.junit.runners.ParentRunner.run(ParentRunner.java:363)
	at cucumber.api.junit.Cucumber.run(Cucumber.java:100)
	at org.apache.maven.surefire.junit4.JUnit4Provider.execute(JUnit4Provider.java:283)
	at org.apache.maven.surefire.junit4.JUnit4Provider.executeWithRerun(JUnit4Provider.java:173)
	at org.apache.maven.surefire.junit4.JUnit4Provider.executeTestSet(JUnit4Provider.java:153)
	at org.apache.maven.surefire.junit4.JUnit4Provider.invoke(JUnit4Provider.java:128)
	at org.apache.maven.surefire.booter.ForkedBooter.invokeProviderInSameClassLoader(ForkedBooter.java:203)
	at org.apache.maven.surefire.booter.ForkedBooter.runSuitesInProcess(ForkedBooter.java:155)
	at org.apache.maven.surefire.booter.ForkedBooter.main(ForkedBooter.java:103)
]]></error>
    <system-err><![CDATA[[main] INFO net.serenitybdd.core.Serenity - IGNORING STEP
[main] ERROR net.serenitybdd.core.Serenity - 
           __  _____ _____ ____ _____   _____ _    ___ _     _____ ____  
  _       / / |_   _| ____/ ___|_   _| |  ___/ \  |_ _| |   | ____|  _ \ 
 (_)_____| |    | | |  _| \___ \ | |   | |_ / _ \  | || |   |  _| | | | |
  _|_____| |    | | | |___ ___) || |   |  _/ ___ \ | || |___| |___| |_| |
 (_)     | |    |_| |_____|____/ |_|   |_|/_/   \_\___|_____|_____|____/ 
          \_\                                                            

TEST FAILED WITH ERROR: VIR-139.01 Verify that the first/last/next pages are shown above and below the list of products
---------------------------------------------------------------------
[main] ERROR net.serenitybdd.core.Serenity - TEST FAILED AT STEP Open the site
[main] ERROR net.serenitybdd.core.Serenity - Could not initialize class com.virco.locators.SiteData
[pool-1-thread-4] INFO net.thucydides.core.reports.json.JSONTestOutcomeReporter - Generating JSON report for VIR-137.01 Verify that the toggle button is shown above the products to file /Users/rodionsavchuk/hybrisAutomation/virco-automatedtests/target/site/serenity/ed05f0ebcdeb7ab8ce4053f5e77c2e104b16083b38ff0389ff4683e6797df73a.json (using temp file /Users/rodionsavchuk/hybrisAutomation/virco-automatedtests/target/site/serenity/ed05f0ebcdeb7ab8ce4053f5e77c2e104b16083b38ff0389ff4683e6797df73a.jsonfa75752c-9bb4-466f-bdd9-2b3d32d87639)
[pool-1-thread-1] INFO net.thucydides.core.reports.json.JSONTestOutcomeReporter - Generating JSON report for VIR-137.02 Verify that the customer can switch the view of products into grid, list to file /Users/rodionsavchuk/hybrisAutomation/virco-automatedtests/target/site/serenity/cdb7752ae4e635597dc73730ce49dc450174bfbf736b9ef32175a8b54c56e86c.json (using temp file /Users/rodionsavchuk/hybrisAutomation/virco-automatedtests/target/site/serenity/cdb7752ae4e635597dc73730ce49dc450174bfbf736b9ef32175a8b54c56e86c.json58fc85b3-2841-419b-a73b-c5c3548d1d72)
[pool-1-thread-3] INFO net.thucydides.core.reports.json.JSONTestOutcomeReporter - Generating JSON report for VIR-137.03 Verify that in the grid view the following product info is shown to file /Users/rodionsavchuk/hybrisAutomation/virco-automatedtests/target/site/serenity/2d367fe8d4e995fe7f0f69d3d29f47666f1d4fd6318f8f9dd42678280fb025a4.json (using temp file /Users/rodionsavchuk/hybrisAutomation/virco-automatedtests/target/site/serenity/2d367fe8d4e995fe7f0f69d3d29f47666f1d4fd6318f8f9dd42678280fb025a4.jsoncef74448-d197-44cd-ae49-ed86284723c0)
[pool-1-thread-2] INFO net.thucydides.core.reports.json.JSONTestOutcomeReporter - Generating JSON report for VIR-790.01 Verify that the customer can switch the view of products into grid, list on search page to file /Users/rodionsavchuk/hybrisAutomation/virco-automatedtests/target/site/serenity/79c89f5c9fd1ad2a8c101b5f0410c8b569b0435ef40abf20f63e096a8d5de34e.json (using temp file /Users/rodionsavchuk/hybrisAutomation/virco-automatedtests/target/site/serenity/79c89f5c9fd1ad2a8c101b5f0410c8b569b0435ef40abf20f63e096a8d5de34e.jsone934bad1-cdf8-4c4f-97c1-8863420004c0)
[pool-1-thread-1] INFO net.thucydides.core.reports.json.JSONTestOutcomeReporter - Generating JSON report for VIR-137.04 Verify that in the List view the following info is shown to file /Users/rodionsavchuk/hybrisAutomation/virco-automatedtests/target/site/serenity/492108091097b8f1a9b1f860ede4bcf742b38d74fb739ac7ab3bec842b5bcb07.json (using temp file /Users/rodionsavchuk/hybrisAutomation/virco-automatedtests/target/site/serenity/492108091097b8f1a9b1f860ede4bcf742b38d74fb739ac7ab3bec842b5bcb07.json85d1d481-b9c9-43e5-bcfc-8a0771dbff97)
[pool-1-thread-2] INFO net.thucydides.core.reports.json.JSONTestOutcomeReporter - Generating JSON report for VIR-251.02 Verify that the 20 products are shown per page to file /Users/rodionsavchuk/hybrisAutomation/virco-automatedtests/target/site/serenity/3e2f2a51405f3fa5f517d1a92fb6c7f2d63a08226c65dc48dfcdfc1de866d2f3.json (using temp file /Users/rodionsavchuk/hybrisAutomation/virco-automatedtests/target/site/serenity/3e2f2a51405f3fa5f517d1a92fb6c7f2d63a08226c65dc48dfcdfc1de866d2f3.json39a49595-8abe-4425-b54d-4663f9ca1c18)
[pool-1-thread-3] INFO net.thucydides.core.reports.json.JSONTestOutcomeReporter - Generating JSON report for VIR-137.05 Verify that the list of products is the same in both views to file /Users/rodionsavchuk/hybrisAutomation/virco-automatedtests/target/site/serenity/ae1db428932e82981303203bdc6eb851846608ccd30fa908f4f5b446cb968075.json (using temp file /Users/rodionsavchuk/hybrisAutomation/virco-automatedtests/target/site/serenity/ae1db428932e82981303203bdc6eb851846608ccd30fa908f4f5b446cb968075.jsonadd27636-155a-458b-a002-1e7a64dd3007)
[pool-1-thread-4] INFO net.thucydides.core.reports.json.JSONTestOutcomeReporter - Generating JSON report for VIR-251.01 Verify that the amount of products per opened page is shown to file /Users/rodionsavchuk/hybrisAutomation/virco-automatedtests/target/site/serenity/2c0ae4476567833206363958c76f43f0bea266ccf19875e0be388e0105241b80.json (using temp file /Users/rodionsavchuk/hybrisAutomation/virco-automatedtests/target/site/serenity/2c0ae4476567833206363958c76f43f0bea266ccf19875e0be388e0105241b80.jsonf35a54c1-8d38-4514-be84-4ff5da7b4a4f)
[pool-1-thread-4] INFO net.thucydides.core.reports.json.JSONTestOutcomeReporter - Generating JSON report for VIR-251.03 Verify that the last page shows the appropriate number of items to file /Users/rodionsavchuk/hybrisAutomation/virco-automatedtests/target/site/serenity/203add71e1553852782b06b46ad692a125d7913e1dcdfa1bc77d21975adc91d3.json (using temp file /Users/rodionsavchuk/hybrisAutomation/virco-automatedtests/target/site/serenity/203add71e1553852782b06b46ad692a125d7913e1dcdfa1bc77d21975adc91d3.json7b9027fe-0ba0-4a40-9bd5-04ad36db3e6a)
[pool-1-thread-2] INFO net.thucydides.core.reports.json.JSONTestOutcomeReporter - Generating JSON report for VIR-138.01 Verify that the pagination is shown above and below the list of products to file /Users/rodionsavchuk/hybrisAutomation/virco-automatedtests/target/site/serenity/9771603025f14f96b272fa21dca31889f195c9a9337b95fbf5eab3295a9e05a4.json (using temp file /Users/rodionsavchuk/hybrisAutomation/virco-automatedtests/target/site/serenity/9771603025f14f96b272fa21dca31889f195c9a9337b95fbf5eab3295a9e05a4.jsonf6c7cb43-ceba-411f-8fbb-2d3396cf5ae2)
[pool-1-thread-3] INFO net.thucydides.core.reports.json.JSONTestOutcomeReporter - Generating JSON report for VIR-592.01 Verify that the pagination is shown above and below the list of products on search page to file /Users/rodionsavchuk/hybrisAutomation/virco-automatedtests/target/site/serenity/5184d7acbfb3ebe8e1ad1150664aad7942651d17649b17c3849d0eea482d8652.json (using temp file /Users/rodionsavchuk/hybrisAutomation/virco-automatedtests/target/site/serenity/5184d7acbfb3ebe8e1ad1150664aad7942651d17649b17c3849d0eea482d8652.json4cebca67-8a85-47c8-9b22-f9447a1aeb2e)
[pool-1-thread-1] INFO net.thucydides.core.reports.json.JSONTestOutcomeReporter - Generating JSON report for VIR-138.02 Verify that the pagination is suppressed, if only one page of products exist to file /Users/rodionsavchuk/hybrisAutomation/virco-automatedtests/target/site/serenity/ac84c28d9514fcaca1cb434f3db75c589b46912734ad917fa2234bd7cc42f0e5.json (using temp file /Users/rodionsavchuk/hybrisAutomation/virco-automatedtests/target/site/serenity/ac84c28d9514fcaca1cb434f3db75c589b46912734ad917fa2234bd7cc42f0e5.json08eb2253-9630-4f32-9c32-daca6c8ed9e2)
[pool-1-thread-4] INFO net.thucydides.core.reports.json.JSONTestOutcomeReporter - Generating JSON report for VIR-138.03 Verify that the last page is shown when customer enters the page number that is bigger than the existed one to file /Users/rodionsavchuk/hybrisAutomation/virco-automatedtests/target/site/serenity/56575217a2a4b5789d81c4200cecfbe74728dc79b7cd6d8ac27653a8d3f85ecb.json (using temp file /Users/rodionsavchuk/hybrisAutomation/virco-automatedtests/target/site/serenity/56575217a2a4b5789d81c4200cecfbe74728dc79b7cd6d8ac27653a8d3f85ecb.json51eb2080-8501-48dd-99ca-ea06c702203f)
[pool-1-thread-2] INFO net.thucydides.core.reports.json.JSONTestOutcomeReporter - Generating JSON report for VIR-138.04 Verity that the first page is shown when customer enters the 0 to file /Users/rodionsavchuk/hybrisAutomation/virco-automatedtests/target/site/serenity/1c8a1b4b43701bd1338632b88eb6b64df9b65fadafecbf38fec7c32d2408f09b.json (using temp file /Users/rodionsavchuk/hybrisAutomation/virco-automatedtests/target/site/serenity/1c8a1b4b43701bd1338632b88eb6b64df9b65fadafecbf38fec7c32d2408f09b.jsonecc1ad80-3573-4b23-8378-bb91f63237f5)
[pool-1-thread-3] INFO net.thucydides.core.reports.json.JSONTestOutcomeReporter - Generating JSON report for VIR-138.05 Verify that any other data can't be entered except integer to file /Users/rodionsavchuk/hybrisAutomation/virco-automatedtests/target/site/serenity/732f150ffc6c82e48b678a4e7112835fdf284ee6b7c57b8f50df671b5a3f74ae.json (using temp file /Users/rodionsavchuk/hybrisAutomation/virco-automatedtests/target/site/serenity/732f150ffc6c82e48b678a4e7112835fdf284ee6b7c57b8f50df671b5a3f74ae.json8bf70a4c-03a2-44fb-ab48-6ae7c69abd89)
[pool-1-thread-1] INFO net.thucydides.core.reports.json.JSONTestOutcomeReporter - Generating JSON report for VIR-138.06 Verify that any other data can't be entered except integer using context paste to file /Users/rodionsavchuk/hybrisAutomation/virco-automatedtests/target/site/serenity/57135e94eed8cc11fc55734a7c503a70dc363381dabf570e05c256f3e9e11571.json (using temp file /Users/rodionsavchuk/hybrisAutomation/virco-automatedtests/target/site/serenity/57135e94eed8cc11fc55734a7c503a70dc363381dabf570e05c256f3e9e11571.jsonabdb76be-de75-4f44-8e73-9457ed19a79e)
[pool-1-thread-4] INFO net.thucydides.core.reports.json.JSONTestOutcomeReporter - Generating JSON report for VIR-138.07 Verify that the sorting/filtering is not cleared while navigating through the pages in the current way to file /Users/rodionsavchuk/hybrisAutomation/virco-automatedtests/target/site/serenity/9c486c2a7fbaca4d17050cd5542d3a8caf0a296ddf026c6149fc129a58edffc6.json (using temp file /Users/rodionsavchuk/hybrisAutomation/virco-automatedtests/target/site/serenity/9c486c2a7fbaca4d17050cd5542d3a8caf0a296ddf026c6149fc129a58edffc6.json7a011e77-a06d-4029-9834-c82d0841367f)
[pool-1-thread-2] INFO net.thucydides.core.reports.json.JSONTestOutcomeReporter - Generating JSON report for VIR-138.08 Verify that the customer is able to enter the page number to navigate into it on the Category page to file /Users/rodionsavchuk/hybrisAutomation/virco-automatedtests/target/site/serenity/d901a04c74ffc4b4edd5039d007ea6284c936f13937174647f15ada4b2f63380.json (using temp file /Users/rodionsavchuk/hybrisAutomation/virco-automatedtests/target/site/serenity/d901a04c74ffc4b4edd5039d007ea6284c936f13937174647f15ada4b2f63380.json1c1c642d-fa01-4376-950d-73f595cf7cf2)
[pool-1-thread-3] INFO net.thucydides.core.reports.json.JSONTestOutcomeReporter - Generating JSON report for VIR-138.09 Verify that the customer is able to enter the page number to navigate into it on the Search result page to file /Users/rodionsavchuk/hybrisAutomation/virco-automatedtests/target/site/serenity/93693134ebc7873775c4933a1d9adb4ef57c10c8386432a03157dea73460df26.json (using temp file /Users/rodionsavchuk/hybrisAutomation/virco-automatedtests/target/site/serenity/93693134ebc7873775c4933a1d9adb4ef57c10c8386432a03157dea73460df26.json88fecb2d-8d9f-478e-8156-95adbfed9f90)
[pool-1-thread-4] INFO net.thucydides.core.reports.json.JSONTestOutcomeReporter - Generating JSON report for VIR-139.01 Verify that the first/last/next pages are shown above and below the list of products to file /Users/rodionsavchuk/hybrisAutomation/virco-automatedtests/target/site/serenity/4dbac56f29c4074e92c92b0b0ef1d484ab71ee4922840f44cb1448588a9a946d.json (using temp file /Users/rodionsavchuk/hybrisAutomation/virco-automatedtests/target/site/serenity/4dbac56f29c4074e92c92b0b0ef1d484ab71ee4922840f44cb1448588a9a946d.jsonf782a1ab-632a-4d4a-9082-b7ca43e381eb)
[pool-1-thread-1] INFO net.thucydides.core.reports.html.HtmlAcceptanceTestReporter - GENERATING HTML REPORT FOR CAT-1 - Grid/List View Toggle:VIR-137.01 Verify that the toggle button is shown above the products in ed05f0ebcdeb7ab8ce4053f5e77c2e104b16083b38ff0389ff4683e6797df73a.html in directory target/site/serenity  
[pool-1-thread-2] INFO net.thucydides.core.reports.html.HtmlAcceptanceTestReporter - GENERATING HTML REPORT FOR CAT-1 - Grid/List View Toggle:VIR-137.02 Verify that the customer can switch the view of products into grid, list in cdb7752ae4e635597dc73730ce49dc450174bfbf736b9ef32175a8b54c56e86c.html in directory target/site/serenity  
[pool-1-thread-4] INFO net.thucydides.core.reports.html.HtmlAcceptanceTestReporter - GENERATING HTML REPORT FOR CAT-1 - Grid/List View Toggle:VIR-790.01 Verify that the customer can switch the view of products into grid, list on search page in 79c89f5c9fd1ad2a8c101b5f0410c8b569b0435ef40abf20f63e096a8d5de34e.html in directory target/site/serenity  
[pool-1-thread-1] INFO net.thucydides.core.reports.html.HtmlAcceptanceTestReporter - GENERATING HTML REPORT FOR CAT-1 - Grid/List View Toggle:VIR-137.03 Verify that in the grid view the following product info is shown in 2d367fe8d4e995fe7f0f69d3d29f47666f1d4fd6318f8f9dd42678280fb025a4.html in directory target/site/serenity  
[pool-1-thread-3] INFO net.thucydides.core.reports.html.HtmlAcceptanceTestReporter - GENERATING HTML REPORT FOR CAT-1 - Grid/List View Toggle:VIR-137.04 Verify that in the List view the following info is shown in 492108091097b8f1a9b1f860ede4bcf742b38d74fb739ac7ab3bec842b5bcb07.html in directory target/site/serenity  
[pool-1-thread-4] INFO net.thucydides.core.reports.html.HtmlAcceptanceTestReporter - GENERATING HTML REPORT FOR CAT-1 - Grid/List View Toggle:VIR-137.05 Verify that the list of products is the same in both views in ae1db428932e82981303203bdc6eb851846608ccd30fa908f4f5b446cb968075.html in directory target/site/serenity  
[pool-1-thread-2] INFO net.thucydides.core.reports.html.HtmlAcceptanceTestReporter - GENERATING HTML REPORT FOR CAT-2 - Numeration Display:VIR-251.01 Verify that the amount of products per opened page is shown in 2c0ae4476567833206363958c76f43f0bea266ccf19875e0be388e0105241b80.html in directory target/site/serenity  
[pool-1-thread-4] INFO net.thucydides.core.reports.html.HtmlAcceptanceTestReporter - GENERATING HTML REPORT FOR CAT-2 - Numeration Display:VIR-251.02 Verify that the 20 products are shown per page in 3e2f2a51405f3fa5f517d1a92fb6c7f2d63a08226c65dc48dfcdfc1de866d2f3.html in directory target/site/serenity  
[pool-1-thread-3] INFO net.thucydides.core.reports.html.HtmlAcceptanceTestReporter - GENERATING HTML REPORT FOR CAT-2 - Numeration Display:VIR-251.03 Verify that the last page shows the appropriate number of items in 203add71e1553852782b06b46ad692a125d7913e1dcdfa1bc77d21975adc91d3.html in directory target/site/serenity  
[pool-1-thread-1] INFO net.thucydides.core.reports.html.HtmlAcceptanceTestReporter - GENERATING HTML REPORT FOR CAT-3 - Pagination:VIR-138.01 Verify that the pagination is shown above and below the list of products in 9771603025f14f96b272fa21dca31889f195c9a9337b95fbf5eab3295a9e05a4.html in directory target/site/serenity  
[pool-1-thread-2] INFO net.thucydides.core.reports.html.HtmlAcceptanceTestReporter - GENERATING HTML REPORT FOR CAT-3 - Pagination:VIR-592.01 Verify that the pagination is shown above and below the list of products on search page in 5184d7acbfb3ebe8e1ad1150664aad7942651d17649b17c3849d0eea482d8652.html in directory target/site/serenity  
[pool-1-thread-4] INFO net.thucydides.core.reports.html.HtmlAcceptanceTestReporter - GENERATING HTML REPORT FOR CAT-3 - Pagination:VIR-138.02 Verify that the pagination is suppressed, if only one page of products exist in ac84c28d9514fcaca1cb434f3db75c589b46912734ad917fa2234bd7cc42f0e5.html in directory target/site/serenity  
[pool-1-thread-3] INFO net.thucydides.core.reports.html.HtmlAcceptanceTestReporter - GENERATING HTML REPORT FOR CAT-3 - Pagination:VIR-138.03 Verify that the last page is shown when customer enters the page number that is bigger than the existed one in 56575217a2a4b5789d81c4200cecfbe74728dc79b7cd6d8ac27653a8d3f85ecb.html in directory target/site/serenity  
[pool-1-thread-2] INFO net.thucydides.core.reports.html.HtmlAcceptanceTestReporter - GENERATING HTML REPORT FOR CAT-3 - Pagination:VIR-138.05 Verify that any other data can't be entered except integer in 732f150ffc6c82e48b678a4e7112835fdf284ee6b7c57b8f50df671b5a3f74ae.html in directory target/site/serenity  
[pool-1-thread-1] INFO net.thucydides.core.reports.html.HtmlAcceptanceTestReporter - GENERATING HTML REPORT FOR CAT-3 - Pagination:VIR-138.04 Verity that the first page is shown when customer enters the 0 in 1c8a1b4b43701bd1338632b88eb6b64df9b65fadafecbf38fec7c32d2408f09b.html in directory target/site/serenity  
[pool-1-thread-3] INFO net.thucydides.core.reports.html.HtmlAcceptanceTestReporter - GENERATING HTML REPORT FOR CAT-3 - Pagination:VIR-138.06 Verify that any other data can't be entered except integer using context paste in 57135e94eed8cc11fc55734a7c503a70dc363381dabf570e05c256f3e9e11571.html in directory target/site/serenity  
[pool-1-thread-4] INFO net.thucydides.core.reports.html.HtmlAcceptanceTestReporter - GENERATING HTML REPORT FOR CAT-3 - Pagination:VIR-138.07 Verify that the sorting/filtering is not cleared while navigating through the pages in the current way in 9c486c2a7fbaca4d17050cd5542d3a8caf0a296ddf026c6149fc129a58edffc6.html in directory target/site/serenity  
[pool-1-thread-2] INFO net.thucydides.core.reports.html.HtmlAcceptanceTestReporter - GENERATING HTML REPORT FOR CAT-3 - Pagination:VIR-138.08 Verify that the customer is able to enter the page number to navigate into it on the Category page in d901a04c74ffc4b4edd5039d007ea6284c936f13937174647f15ada4b2f63380.html in directory target/site/serenity  
[pool-1-thread-1] INFO net.thucydides.core.reports.html.HtmlAcceptanceTestReporter - GENERATING HTML REPORT FOR CAT-3 - Pagination:VIR-138.09 Verify that the customer is able to enter the page number to navigate into it on the Search result page in 93693134ebc7873775c4933a1d9adb4ef57c10c8386432a03157dea73460df26.html in directory target/site/serenity  
[pool-1-thread-4] INFO net.thucydides.core.reports.html.HtmlAcceptanceTestReporter - GENERATING HTML REPORT FOR CAT-4 - Page Navigation:VIR-139.01 Verify that the first/last/next pages are shown above and below the list of products in 4dbac56f29c4074e92c92b0b0ef1d484ab71ee4922840f44cb1448588a9a946d.html in directory target/site/serenity  
[main] INFO net.serenitybdd.core.Serenity - 
 _____ _____ ____ _____   ____ _____  _    ____ _____ _____ ____  
|_   _| ____/ ___|_   _| / ___|_   _|/ \  |  _ \_   _| ____|  _ \ 
  | | |  _| \___ \ | |   \___ \ | | / _ \ | |_) || | |  _| | | | |
  | | | |___ ___) || |    ___) || |/ ___ \|  _ < | | | |___| |_| |
  |_| |_____|____/ |_|   |____/ |_/_/   \_\_| \_\|_| |_____|____/ 
                                                                  

TEST STARTED: VIR-139.02 Verify that the customer is able to navigate through the previous, next, last pages on Category page
-------------------------------------------------------------------(cat-4---page-navigation;vir-139.02-verify-that-the-customer-is-able-to-navigate-through-the-previous,-next,-last-pages-on-category-page)
[main] INFO net.serenitybdd.core.Serenity - STARTING STEP Given open the site and login
[main] INFO net.serenitybdd.core.Serenity - STARTING STEP Open the site
[main] INFO net.serenitybdd.core.Serenity - STEP ERROR: net.serenitybdd.core.exceptions.SerenityManagedException: Could not initialize class com.virco.locators.SiteData
]]></system-err>
  </testcase>
  <testcase name="Scenario: VIR-139.02 Verify that the customer is able to navigate through the previous, next, last pages on Category page" classname="Scenario: VIR-139.02 Verify that the customer is able to navigate through the previous, next, last pages on Category page" time="0.004">
    <error message="Could not initialize class com.virco.locators.SiteData" type="net.serenitybdd.core.exceptions.SerenityManagedException"><![CDATA[net.serenitybdd.core.exceptions.SerenityManagedException: Could not initialize class com.virco.locators.SiteData
	at com.virco.steps.serenity.CommonUserSteps.openTheSite(CommonUserSteps.java:19)
	at com.virco.steps.serenity.CommonUserSteps$$EnhancerByCGLIB$$d8541bfa.CGLIB$openTheSite$6(<generated>)
	at com.virco.steps.serenity.CommonUserSteps$$EnhancerByCGLIB$$d8541bfa$$FastClassByCGLIB$$ea8e0f86.invoke(<generated>)
	at net.sf.cglib.proxy.MethodProxy.invokeSuper(MethodProxy.java:228)
	at net.thucydides.core.steps.StepInterceptor.invokeMethod(StepInterceptor.java:372)
	at net.thucydides.core.steps.StepInterceptor.executeTestStepMethod(StepInterceptor.java:357)
	at net.thucydides.core.steps.StepInterceptor.runTestStep(StepInterceptor.java:332)
	at net.thucydides.core.steps.StepInterceptor.testStepResult(StepInterceptor.java:134)
	at net.thucydides.core.steps.StepInterceptor.intercept(StepInterceptor.java:61)
	at com.virco.steps.serenity.CommonUserSteps$$EnhancerByCGLIB$$d8541bfa.openTheSite(<generated>)
	at com.virco.steps.CommonDefinitionSteps.openTheSiteAndLogin(CommonDefinitionSteps.java:72)
	at sun.reflect.GeneratedMethodAccessor143.invoke(Unknown Source)
	at sun.reflect.DelegatingMethodAccessorImpl.invoke(DelegatingMethodAccessorImpl.java:43)
	at java.lang.reflect.Method.invoke(Method.java:498)
	at cucumber.runtime.Utils$1.call(Utils.java:40)
	at cucumber.runtime.Timeout.timeout(Timeout.java:16)
	at cucumber.runtime.Utils.invoke(Utils.java:34)
	at cucumber.runtime.java.JavaStepDefinition.execute(JavaStepDefinition.java:38)
	at cucumber.runtime.StepDefinitionMatch.runStep(StepDefinitionMatch.java:37)
	at cucumber.runtime.Runtime.runStep(Runtime.java:300)
	at cucumber.runtime.model.StepContainer.runStep(StepContainer.java:44)
	at cucumber.runtime.model.StepContainer.runSteps(StepContainer.java:39)
	at cucumber.runtime.model.CucumberScenario.run(CucumberScenario.java:44)
	at cucumber.runtime.junit.ExecutionUnitRunner.run(ExecutionUnitRunner.java:102)
	at cucumber.runtime.junit.FeatureRunner.runChild(FeatureRunner.java:63)
	at cucumber.runtime.junit.FeatureRunner.runChild(FeatureRunner.java:18)
	at org.junit.runners.ParentRunner$3.run(ParentRunner.java:290)
	at org.junit.runners.ParentRunner$1.schedule(ParentRunner.java:71)
	at org.junit.runners.ParentRunner.runChildren(ParentRunner.java:288)
	at org.junit.runners.ParentRunner.access$000(ParentRunner.java:58)
	at org.junit.runners.ParentRunner$2.evaluate(ParentRunner.java:268)
	at org.junit.runners.ParentRunner.run(ParentRunner.java:363)
	at cucumber.runtime.junit.FeatureRunner.run(FeatureRunner.java:70)
	at cucumber.api.junit.Cucumber.runChild(Cucumber.java:95)
	at cucumber.api.junit.Cucumber.runChild(Cucumber.java:38)
	at org.junit.runners.ParentRunner$3.run(ParentRunner.java:290)
	at org.junit.runners.ParentRunner$1.schedule(ParentRunner.java:71)
	at org.junit.runners.ParentRunner.runChildren(ParentRunner.java:288)
	at org.junit.runners.ParentRunner.access$000(ParentRunner.java:58)
	at org.junit.runners.ParentRunner$2.evaluate(ParentRunner.java:268)
	at org.junit.runners.ParentRunner.run(ParentRunner.java:363)
	at cucumber.api.junit.Cucumber.run(Cucumber.java:100)
	at org.apache.maven.surefire.junit4.JUnit4Provider.execute(JUnit4Provider.java:283)
	at org.apache.maven.surefire.junit4.JUnit4Provider.executeWithRerun(JUnit4Provider.java:173)
	at org.apache.maven.surefire.junit4.JUnit4Provider.executeTestSet(JUnit4Provider.java:153)
	at org.apache.maven.surefire.junit4.JUnit4Provider.invoke(JUnit4Provider.java:128)
	at org.apache.maven.surefire.booter.ForkedBooter.invokeProviderInSameClassLoader(ForkedBooter.java:203)
	at org.apache.maven.surefire.booter.ForkedBooter.runSuitesInProcess(ForkedBooter.java:155)
	at org.apache.maven.surefire.booter.ForkedBooter.main(ForkedBooter.java:103)
]]></error>
  </testcase>
  <testcase name="When open category with pagination" classname="Scenario: VIR-139.02 Verify that the customer is able to navigate through the previous, next, last pages on Category page" time="0">
    <skipped/>
    <system-err><![CDATA[[main] INFO net.serenitybdd.core.Serenity - STEP ERROR: java.lang.NoClassDefFoundError: Could not initialize class com.virco.locators.SiteData
[main] INFO net.serenitybdd.core.Serenity - STARTING STEP When open category with pagination
]]></system-err>
  </testcase>
  <testcase name="When click on &quot;next&quot; pagination button" classname="Scenario: VIR-139.02 Verify that the customer is able to navigate through the previous, next, last pages on Category page" time="0">
    <skipped/>
    <system-err><![CDATA[[main] INFO net.serenitybdd.core.Serenity - IGNORING STEP
[main] INFO net.serenitybdd.core.Serenity - STARTING STEP When click on "next" pagination button
]]></system-err>
  </testcase>
  <testcase name="Then the value in pagination input field is &quot;2&quot;" classname="Scenario: VIR-139.02 Verify that the customer is able to navigate through the previous, next, last pages on Category page" time="0">
    <skipped/>
    <system-err><![CDATA[[main] INFO net.serenitybdd.core.Serenity - IGNORING STEP
[main] INFO net.serenitybdd.core.Serenity - STARTING STEP Then the value in pagination input field is "2"
]]></system-err>
  </testcase>
  <testcase name="When click on &quot;previous&quot; pagination button" classname="Scenario: VIR-139.02 Verify that the customer is able to navigate through the previous, next, last pages on Category page" time="0">
    <skipped/>
    <system-err><![CDATA[[main] INFO net.serenitybdd.core.Serenity - IGNORING STEP
[main] INFO net.serenitybdd.core.Serenity - STARTING STEP When click on "previous" pagination button
]]></system-err>
  </testcase>
  <testcase name="Then the value in pagination input field is &quot;1&quot;" classname="Scenario: VIR-139.02 Verify that the customer is able to navigate through the previous, next, last pages on Category page" time="0">
    <skipped/>
    <system-err><![CDATA[[main] INFO net.serenitybdd.core.Serenity - IGNORING STEP
[main] INFO net.serenitybdd.core.Serenity - STARTING STEP Then the value in pagination input field is "1"
]]></system-err>
  </testcase>
  <testcase name="When click on &quot;last&quot; pagination button" classname="Scenario: VIR-139.02 Verify that the customer is able to navigate through the previous, next, last pages on Category page" time="0">
    <skipped/>
    <system-err><![CDATA[[main] INFO net.serenitybdd.core.Serenity - IGNORING STEP
[main] INFO net.serenitybdd.core.Serenity - STARTING STEP When click on "last" pagination button
]]></system-err>
  </testcase>
  <testcase name="Then the last page is shown" classname="Scenario: VIR-139.02 Verify that the customer is able to navigate through the previous, next, last pages on Category page" time="0">
    <skipped/>
    <system-err><![CDATA[[main] INFO net.serenitybdd.core.Serenity - IGNORING STEP
[main] INFO net.serenitybdd.core.Serenity - STARTING STEP Then the last page is shown
]]></system-err>
  </testcase>
  <testcase name="When click on &quot;first&quot; pagination button" classname="Scenario: VIR-139.02 Verify that the customer is able to navigate through the previous, next, last pages on Category page" time="0">
    <skipped/>
    <system-err><![CDATA[[main] INFO net.serenitybdd.core.Serenity - IGNORING STEP
[main] INFO net.serenitybdd.core.Serenity - STARTING STEP When click on "first" pagination button
]]></system-err>
  </testcase>
  <testcase name="Then the first page is shown" classname="Scenario: VIR-139.02 Verify that the customer is able to navigate through the previous, next, last pages on Category page" time="0">
    <skipped/>
    <system-err><![CDATA[[main] INFO net.serenitybdd.core.Serenity - IGNORING STEP
[main] INFO net.serenitybdd.core.Serenity - STARTING STEP Then the first page is shown
]]></system-err>
  </testcase>
  <testcase name="Given open the site and login" classname="Scenario: VIR-139.03 Verify that the customer is able to navigate through the previous, next, last pages on Search result page" time="0.002">
    <error message="Could not initialize class com.virco.locators.SiteData" type="net.serenitybdd.core.exceptions.SerenityManagedException"><![CDATA[net.serenitybdd.core.exceptions.SerenityManagedException: Could not initialize class com.virco.locators.SiteData
	at com.virco.steps.serenity.CommonUserSteps.openTheSite(CommonUserSteps.java:19)
	at com.virco.steps.serenity.CommonUserSteps$$EnhancerByCGLIB$$d8541bfa.CGLIB$openTheSite$6(<generated>)
	at com.virco.steps.serenity.CommonUserSteps$$EnhancerByCGLIB$$d8541bfa$$FastClassByCGLIB$$ea8e0f86.invoke(<generated>)
	at net.sf.cglib.proxy.MethodProxy.invokeSuper(MethodProxy.java:228)
	at net.thucydides.core.steps.StepInterceptor.invokeMethod(StepInterceptor.java:372)
	at net.thucydides.core.steps.StepInterceptor.executeTestStepMethod(StepInterceptor.java:357)
	at net.thucydides.core.steps.StepInterceptor.runTestStep(StepInterceptor.java:332)
	at net.thucydides.core.steps.StepInterceptor.testStepResult(StepInterceptor.java:134)
	at net.thucydides.core.steps.StepInterceptor.intercept(StepInterceptor.java:61)
	at com.virco.steps.serenity.CommonUserSteps$$EnhancerByCGLIB$$d8541bfa.openTheSite(<generated>)
	at com.virco.steps.CommonDefinitionSteps.openTheSiteAndLogin(CommonDefinitionSteps.java:72)
	at sun.reflect.GeneratedMethodAccessor143.invoke(Unknown Source)
	at sun.reflect.DelegatingMethodAccessorImpl.invoke(DelegatingMethodAccessorImpl.java:43)
	at java.lang.reflect.Method.invoke(Method.java:498)
	at cucumber.runtime.Utils$1.call(Utils.java:40)
	at cucumber.runtime.Timeout.timeout(Timeout.java:16)
	at cucumber.runtime.Utils.invoke(Utils.java:34)
	at cucumber.runtime.java.JavaStepDefinition.execute(JavaStepDefinition.java:38)
	at cucumber.runtime.StepDefinitionMatch.runStep(StepDefinitionMatch.java:37)
	at cucumber.runtime.Runtime.runStep(Runtime.java:300)
	at cucumber.runtime.model.StepContainer.runStep(StepContainer.java:44)
	at cucumber.runtime.model.StepContainer.runSteps(StepContainer.java:39)
	at cucumber.runtime.model.CucumberScenario.run(CucumberScenario.java:44)
	at cucumber.runtime.junit.ExecutionUnitRunner.run(ExecutionUnitRunner.java:102)
	at cucumber.runtime.junit.FeatureRunner.runChild(FeatureRunner.java:63)
	at cucumber.runtime.junit.FeatureRunner.runChild(FeatureRunner.java:18)
	at org.junit.runners.ParentRunner$3.run(ParentRunner.java:290)
	at org.junit.runners.ParentRunner$1.schedule(ParentRunner.java:71)
	at org.junit.runners.ParentRunner.runChildren(ParentRunner.java:288)
	at org.junit.runners.ParentRunner.access$000(ParentRunner.java:58)
	at org.junit.runners.ParentRunner$2.evaluate(ParentRunner.java:268)
	at org.junit.runners.ParentRunner.run(ParentRunner.java:363)
	at cucumber.runtime.junit.FeatureRunner.run(FeatureRunner.java:70)
	at cucumber.api.junit.Cucumber.runChild(Cucumber.java:95)
	at cucumber.api.junit.Cucumber.runChild(Cucumber.java:38)
	at org.junit.runners.ParentRunner$3.run(ParentRunner.java:290)
	at org.junit.runners.ParentRunner$1.schedule(ParentRunner.java:71)
	at org.junit.runners.ParentRunner.runChildren(ParentRunner.java:288)
	at org.junit.runners.ParentRunner.access$000(ParentRunner.java:58)
	at org.junit.runners.ParentRunner$2.evaluate(ParentRunner.java:268)
	at org.junit.runners.ParentRunner.run(ParentRunner.java:363)
	at cucumber.api.junit.Cucumber.run(Cucumber.java:100)
	at org.apache.maven.surefire.junit4.JUnit4Provider.execute(JUnit4Provider.java:283)
	at org.apache.maven.surefire.junit4.JUnit4Provider.executeWithRerun(JUnit4Provider.java:173)
	at org.apache.maven.surefire.junit4.JUnit4Provider.executeTestSet(JUnit4Provider.java:153)
	at org.apache.maven.surefire.junit4.JUnit4Provider.invoke(JUnit4Provider.java:128)
	at org.apache.maven.surefire.booter.ForkedBooter.invokeProviderInSameClassLoader(ForkedBooter.java:203)
	at org.apache.maven.surefire.booter.ForkedBooter.runSuitesInProcess(ForkedBooter.java:155)
	at org.apache.maven.surefire.booter.ForkedBooter.main(ForkedBooter.java:103)
]]></error>
    <system-err><![CDATA[[main] INFO net.serenitybdd.core.Serenity - IGNORING STEP
[main] ERROR net.serenitybdd.core.Serenity - 
           __  _____ _____ ____ _____   _____ _    ___ _     _____ ____  
  _       / / |_   _| ____/ ___|_   _| |  ___/ \  |_ _| |   | ____|  _ \ 
 (_)_____| |    | | |  _| \___ \ | |   | |_ / _ \  | || |   |  _| | | | |
  _|_____| |    | | | |___ ___) || |   |  _/ ___ \ | || |___| |___| |_| |
 (_)     | |    |_| |_____|____/ |_|   |_|/_/   \_\___|_____|_____|____/ 
          \_\                                                            

TEST FAILED WITH ERROR: VIR-139.02 Verify that the customer is able to navigate through the previous, next, last pages on Category page
---------------------------------------------------------------------
[main] ERROR net.serenitybdd.core.Serenity - TEST FAILED AT STEP Open the site
[main] ERROR net.serenitybdd.core.Serenity - Could not initialize class com.virco.locators.SiteData
[pool-1-thread-2] INFO net.thucydides.core.reports.json.JSONTestOutcomeReporter - Generating JSON report for VIR-137.01 Verify that the toggle button is shown above the products to file /Users/rodionsavchuk/hybrisAutomation/virco-automatedtests/target/site/serenity/ed05f0ebcdeb7ab8ce4053f5e77c2e104b16083b38ff0389ff4683e6797df73a.json (using temp file /Users/rodionsavchuk/hybrisAutomation/virco-automatedtests/target/site/serenity/ed05f0ebcdeb7ab8ce4053f5e77c2e104b16083b38ff0389ff4683e6797df73a.json9c1abdf9-ccb9-4e25-8d18-528c679d47b9)
[pool-1-thread-1] INFO net.thucydides.core.reports.json.JSONTestOutcomeReporter - Generating JSON report for VIR-137.02 Verify that the customer can switch the view of products into grid, list to file /Users/rodionsavchuk/hybrisAutomation/virco-automatedtests/target/site/serenity/cdb7752ae4e635597dc73730ce49dc450174bfbf736b9ef32175a8b54c56e86c.json (using temp file /Users/rodionsavchuk/hybrisAutomation/virco-automatedtests/target/site/serenity/cdb7752ae4e635597dc73730ce49dc450174bfbf736b9ef32175a8b54c56e86c.json3ce59cb9-5a16-45f1-80d3-c89848506a67)
[pool-1-thread-3] INFO net.thucydides.core.reports.json.JSONTestOutcomeReporter - Generating JSON report for VIR-137.03 Verify that in the grid view the following product info is shown to file /Users/rodionsavchuk/hybrisAutomation/virco-automatedtests/target/site/serenity/2d367fe8d4e995fe7f0f69d3d29f47666f1d4fd6318f8f9dd42678280fb025a4.json (using temp file /Users/rodionsavchuk/hybrisAutomation/virco-automatedtests/target/site/serenity/2d367fe8d4e995fe7f0f69d3d29f47666f1d4fd6318f8f9dd42678280fb025a4.json25949140-c354-450e-a831-d7ca1b6092b7)
[pool-1-thread-4] INFO net.thucydides.core.reports.json.JSONTestOutcomeReporter - Generating JSON report for VIR-790.01 Verify that the customer can switch the view of products into grid, list on search page to file /Users/rodionsavchuk/hybrisAutomation/virco-automatedtests/target/site/serenity/79c89f5c9fd1ad2a8c101b5f0410c8b569b0435ef40abf20f63e096a8d5de34e.json (using temp file /Users/rodionsavchuk/hybrisAutomation/virco-automatedtests/target/site/serenity/79c89f5c9fd1ad2a8c101b5f0410c8b569b0435ef40abf20f63e096a8d5de34e.jsone3895015-7e74-44e3-8ff8-a98b0dcbcc71)
[pool-1-thread-3] INFO net.thucydides.core.reports.json.JSONTestOutcomeReporter - Generating JSON report for VIR-137.04 Verify that in the List view the following info is shown to file /Users/rodionsavchuk/hybrisAutomation/virco-automatedtests/target/site/serenity/492108091097b8f1a9b1f860ede4bcf742b38d74fb739ac7ab3bec842b5bcb07.json (using temp file /Users/rodionsavchuk/hybrisAutomation/virco-automatedtests/target/site/serenity/492108091097b8f1a9b1f860ede4bcf742b38d74fb739ac7ab3bec842b5bcb07.jsoncb3a0773-e5e7-4ad5-bf57-52894491eb5b)
[pool-1-thread-2] INFO net.thucydides.core.reports.json.JSONTestOutcomeReporter - Generating JSON report for VIR-137.05 Verify that the list of products is the same in both views to file /Users/rodionsavchuk/hybrisAutomation/virco-automatedtests/target/site/serenity/ae1db428932e82981303203bdc6eb851846608ccd30fa908f4f5b446cb968075.json (using temp file /Users/rodionsavchuk/hybrisAutomation/virco-automatedtests/target/site/serenity/ae1db428932e82981303203bdc6eb851846608ccd30fa908f4f5b446cb968075.json16305140-6cc8-457f-b68b-5b294dc7fde0)
[pool-1-thread-2] INFO net.thucydides.core.reports.json.JSONTestOutcomeReporter - Generating JSON report for VIR-251.01 Verify that the amount of products per opened page is shown to file /Users/rodionsavchuk/hybrisAutomation/virco-automatedtests/target/site/serenity/2c0ae4476567833206363958c76f43f0bea266ccf19875e0be388e0105241b80.json (using temp file /Users/rodionsavchuk/hybrisAutomation/virco-automatedtests/target/site/serenity/2c0ae4476567833206363958c76f43f0bea266ccf19875e0be388e0105241b80.jsond41780aa-0690-45e4-bf8b-40ff2c97bcb2)
[pool-1-thread-3] INFO net.thucydides.core.reports.json.JSONTestOutcomeReporter - Generating JSON report for VIR-251.02 Verify that the 20 products are shown per page to file /Users/rodionsavchuk/hybrisAutomation/virco-automatedtests/target/site/serenity/3e2f2a51405f3fa5f517d1a92fb6c7f2d63a08226c65dc48dfcdfc1de866d2f3.json (using temp file /Users/rodionsavchuk/hybrisAutomation/virco-automatedtests/target/site/serenity/3e2f2a51405f3fa5f517d1a92fb6c7f2d63a08226c65dc48dfcdfc1de866d2f3.json1cba4761-8365-4e64-b9ae-585baa289b36)
[pool-1-thread-2] INFO net.thucydides.core.reports.json.JSONTestOutcomeReporter - Generating JSON report for VIR-251.03 Verify that the last page shows the appropriate number of items to file /Users/rodionsavchuk/hybrisAutomation/virco-automatedtests/target/site/serenity/203add71e1553852782b06b46ad692a125d7913e1dcdfa1bc77d21975adc91d3.json (using temp file /Users/rodionsavchuk/hybrisAutomation/virco-automatedtests/target/site/serenity/203add71e1553852782b06b46ad692a125d7913e1dcdfa1bc77d21975adc91d3.json0202044c-44cc-448f-a14f-2eeb56396d1a)
[pool-1-thread-3] INFO net.thucydides.core.reports.json.JSONTestOutcomeReporter - Generating JSON report for VIR-592.01 Verify that the pagination is shown above and below the list of products on search page to file /Users/rodionsavchuk/hybrisAutomation/virco-automatedtests/target/site/serenity/5184d7acbfb3ebe8e1ad1150664aad7942651d17649b17c3849d0eea482d8652.json (using temp file /Users/rodionsavchuk/hybrisAutomation/virco-automatedtests/target/site/serenity/5184d7acbfb3ebe8e1ad1150664aad7942651d17649b17c3849d0eea482d8652.json3c8a39e4-9615-4935-8114-c69bac7f8c57)
[pool-1-thread-1] INFO net.thucydides.core.reports.json.JSONTestOutcomeReporter - Generating JSON report for VIR-138.01 Verify that the pagination is shown above and below the list of products to file /Users/rodionsavchuk/hybrisAutomation/virco-automatedtests/target/site/serenity/9771603025f14f96b272fa21dca31889f195c9a9337b95fbf5eab3295a9e05a4.json (using temp file /Users/rodionsavchuk/hybrisAutomation/virco-automatedtests/target/site/serenity/9771603025f14f96b272fa21dca31889f195c9a9337b95fbf5eab3295a9e05a4.jsonfe79ae18-809a-4782-b486-bb54f4d572f4)
[pool-1-thread-2] INFO net.thucydides.core.reports.json.JSONTestOutcomeReporter - Generating JSON report for VIR-138.02 Verify that the pagination is suppressed, if only one page of products exist to file /Users/rodionsavchuk/hybrisAutomation/virco-automatedtests/target/site/serenity/ac84c28d9514fcaca1cb434f3db75c589b46912734ad917fa2234bd7cc42f0e5.json (using temp file /Users/rodionsavchuk/hybrisAutomation/virco-automatedtests/target/site/serenity/ac84c28d9514fcaca1cb434f3db75c589b46912734ad917fa2234bd7cc42f0e5.json9b0d0376-506e-47d0-afce-a86a0cdc0064)
[pool-1-thread-4] INFO net.thucydides.core.reports.json.JSONTestOutcomeReporter - Generating JSON report for VIR-138.03 Verify that the last page is shown when customer enters the page number that is bigger than the existed one to file /Users/rodionsavchuk/hybrisAutomation/virco-automatedtests/target/site/serenity/56575217a2a4b5789d81c4200cecfbe74728dc79b7cd6d8ac27653a8d3f85ecb.json (using temp file /Users/rodionsavchuk/hybrisAutomation/virco-automatedtests/target/site/serenity/56575217a2a4b5789d81c4200cecfbe74728dc79b7cd6d8ac27653a8d3f85ecb.json8b7b2a95-2a29-45a1-8458-ed5e1bfad9dc)
[pool-1-thread-3] INFO net.thucydides.core.reports.json.JSONTestOutcomeReporter - Generating JSON report for VIR-138.04 Verity that the first page is shown when customer enters the 0 to file /Users/rodionsavchuk/hybrisAutomation/virco-automatedtests/target/site/serenity/1c8a1b4b43701bd1338632b88eb6b64df9b65fadafecbf38fec7c32d2408f09b.json (using temp file /Users/rodionsavchuk/hybrisAutomation/virco-automatedtests/target/site/serenity/1c8a1b4b43701bd1338632b88eb6b64df9b65fadafecbf38fec7c32d2408f09b.json8abea504-86f9-4265-ab29-65d336934df3)
[pool-1-thread-2] INFO net.thucydides.core.reports.json.JSONTestOutcomeReporter - Generating JSON report for VIR-138.05 Verify that any other data can't be entered except integer to file /Users/rodionsavchuk/hybrisAutomation/virco-automatedtests/target/site/serenity/732f150ffc6c82e48b678a4e7112835fdf284ee6b7c57b8f50df671b5a3f74ae.json (using temp file /Users/rodionsavchuk/hybrisAutomation/virco-automatedtests/target/site/serenity/732f150ffc6c82e48b678a4e7112835fdf284ee6b7c57b8f50df671b5a3f74ae.json06c0a45e-b993-45e8-bccf-daadb77bf68f)
[pool-1-thread-1] INFO net.thucydides.core.reports.json.JSONTestOutcomeReporter - Generating JSON report for VIR-138.06 Verify that any other data can't be entered except integer using context paste to file /Users/rodionsavchuk/hybrisAutomation/virco-automatedtests/target/site/serenity/57135e94eed8cc11fc55734a7c503a70dc363381dabf570e05c256f3e9e11571.json (using temp file /Users/rodionsavchuk/hybrisAutomation/virco-automatedtests/target/site/serenity/57135e94eed8cc11fc55734a7c503a70dc363381dabf570e05c256f3e9e11571.json4da36102-ed72-48d1-b1e8-062855aceb12)
[pool-1-thread-3] INFO net.thucydides.core.reports.json.JSONTestOutcomeReporter - Generating JSON report for VIR-138.07 Verify that the sorting/filtering is not cleared while navigating through the pages in the current way to file /Users/rodionsavchuk/hybrisAutomation/virco-automatedtests/target/site/serenity/9c486c2a7fbaca4d17050cd5542d3a8caf0a296ddf026c6149fc129a58edffc6.json (using temp file /Users/rodionsavchuk/hybrisAutomation/virco-automatedtests/target/site/serenity/9c486c2a7fbaca4d17050cd5542d3a8caf0a296ddf026c6149fc129a58edffc6.json5c55e2b9-0026-47cc-82de-1fd0785f88c6)
[pool-1-thread-4] INFO net.thucydides.core.reports.json.JSONTestOutcomeReporter - Generating JSON report for VIR-138.08 Verify that the customer is able to enter the page number to navigate into it on the Category page to file /Users/rodionsavchuk/hybrisAutomation/virco-automatedtests/target/site/serenity/d901a04c74ffc4b4edd5039d007ea6284c936f13937174647f15ada4b2f63380.json (using temp file /Users/rodionsavchuk/hybrisAutomation/virco-automatedtests/target/site/serenity/d901a04c74ffc4b4edd5039d007ea6284c936f13937174647f15ada4b2f63380.jsonc6110a23-9b7d-477a-a723-1322fa9e1606)
[pool-1-thread-2] INFO net.thucydides.core.reports.json.JSONTestOutcomeReporter - Generating JSON report for VIR-138.09 Verify that the customer is able to enter the page number to navigate into it on the Search result page to file /Users/rodionsavchuk/hybrisAutomation/virco-automatedtests/target/site/serenity/93693134ebc7873775c4933a1d9adb4ef57c10c8386432a03157dea73460df26.json (using temp file /Users/rodionsavchuk/hybrisAutomation/virco-automatedtests/target/site/serenity/93693134ebc7873775c4933a1d9adb4ef57c10c8386432a03157dea73460df26.jsonbad2496b-a8dc-43e2-85cc-92b891f538a7)
[pool-1-thread-4] INFO net.thucydides.core.reports.json.JSONTestOutcomeReporter - Generating JSON report for VIR-139.01 Verify that the first/last/next pages are shown above and below the list of products to file /Users/rodionsavchuk/hybrisAutomation/virco-automatedtests/target/site/serenity/4dbac56f29c4074e92c92b0b0ef1d484ab71ee4922840f44cb1448588a9a946d.json (using temp file /Users/rodionsavchuk/hybrisAutomation/virco-automatedtests/target/site/serenity/4dbac56f29c4074e92c92b0b0ef1d484ab71ee4922840f44cb1448588a9a946d.jsonf0cef783-b16e-4770-a57b-ba96370bb8db)
[pool-1-thread-3] INFO net.thucydides.core.reports.json.JSONTestOutcomeReporter - Generating JSON report for VIR-139.02 Verify that the customer is able to navigate through the previous, next, last pages on Category page to file /Users/rodionsavchuk/hybrisAutomation/virco-automatedtests/target/site/serenity/f7f5a393330d58d59b5ef1cad0ed5f5d18670b2b32bdfd893a5d5973b97901b3.json (using temp file /Users/rodionsavchuk/hybrisAutomation/virco-automatedtests/target/site/serenity/f7f5a393330d58d59b5ef1cad0ed5f5d18670b2b32bdfd893a5d5973b97901b3.jsonb75015e1-8fd3-468e-b4c4-ae12afd1985f)
[pool-1-thread-4] INFO net.thucydides.core.reports.html.HtmlAcceptanceTestReporter - GENERATING HTML REPORT FOR CAT-1 - Grid/List View Toggle:VIR-790.01 Verify that the customer can switch the view of products into grid, list on search page in 79c89f5c9fd1ad2a8c101b5f0410c8b569b0435ef40abf20f63e096a8d5de34e.html in directory target/site/serenity  
[pool-1-thread-2] INFO net.thucydides.core.reports.html.HtmlAcceptanceTestReporter - GENERATING HTML REPORT FOR CAT-1 - Grid/List View Toggle:VIR-137.02 Verify that the customer can switch the view of products into grid, list in cdb7752ae4e635597dc73730ce49dc450174bfbf736b9ef32175a8b54c56e86c.html in directory target/site/serenity  
[pool-1-thread-3] INFO net.thucydides.core.reports.html.HtmlAcceptanceTestReporter - GENERATING HTML REPORT FOR CAT-1 - Grid/List View Toggle:VIR-137.03 Verify that in the grid view the following product info is shown in 2d367fe8d4e995fe7f0f69d3d29f47666f1d4fd6318f8f9dd42678280fb025a4.html in directory target/site/serenity  
[pool-1-thread-1] INFO net.thucydides.core.reports.html.HtmlAcceptanceTestReporter - GENERATING HTML REPORT FOR CAT-1 - Grid/List View Toggle:VIR-137.01 Verify that the toggle button is shown above the products in ed05f0ebcdeb7ab8ce4053f5e77c2e104b16083b38ff0389ff4683e6797df73a.html in directory target/site/serenity  
[pool-1-thread-3] INFO net.thucydides.core.reports.html.HtmlAcceptanceTestReporter - GENERATING HTML REPORT FOR CAT-1 - Grid/List View Toggle:VIR-137.05 Verify that the list of products is the same in both views in ae1db428932e82981303203bdc6eb851846608ccd30fa908f4f5b446cb968075.html in directory target/site/serenity  
[pool-1-thread-4] INFO net.thucydides.core.reports.html.HtmlAcceptanceTestReporter - GENERATING HTML REPORT FOR CAT-1 - Grid/List View Toggle:VIR-137.04 Verify that in the List view the following info is shown in 492108091097b8f1a9b1f860ede4bcf742b38d74fb739ac7ab3bec842b5bcb07.html in directory target/site/serenity  
[pool-1-thread-2] INFO net.thucydides.core.reports.html.HtmlAcceptanceTestReporter - GENERATING HTML REPORT FOR CAT-2 - Numeration Display:VIR-251.01 Verify that the amount of products per opened page is shown in 2c0ae4476567833206363958c76f43f0bea266ccf19875e0be388e0105241b80.html in directory target/site/serenity  
[pool-1-thread-2] INFO net.thucydides.core.reports.html.HtmlAcceptanceTestReporter - GENERATING HTML REPORT FOR CAT-2 - Numeration Display:VIR-251.02 Verify that the 20 products are shown per page in 3e2f2a51405f3fa5f517d1a92fb6c7f2d63a08226c65dc48dfcdfc1de866d2f3.html in directory target/site/serenity  
[pool-1-thread-4] INFO net.thucydides.core.reports.html.HtmlAcceptanceTestReporter - GENERATING HTML REPORT FOR CAT-2 - Numeration Display:VIR-251.03 Verify that the last page shows the appropriate number of items in 203add71e1553852782b06b46ad692a125d7913e1dcdfa1bc77d21975adc91d3.html in directory target/site/serenity  
[pool-1-thread-3] INFO net.thucydides.core.reports.html.HtmlAcceptanceTestReporter - GENERATING HTML REPORT FOR CAT-3 - Pagination:VIR-138.01 Verify that the pagination is shown above and below the list of products in 9771603025f14f96b272fa21dca31889f195c9a9337b95fbf5eab3295a9e05a4.html in directory target/site/serenity  
[pool-1-thread-4] INFO net.thucydides.core.reports.html.HtmlAcceptanceTestReporter - GENERATING HTML REPORT FOR CAT-3 - Pagination:VIR-138.03 Verify that the last page is shown when customer enters the page number that is bigger than the existed one in 56575217a2a4b5789d81c4200cecfbe74728dc79b7cd6d8ac27653a8d3f85ecb.html in directory target/site/serenity  
[pool-1-thread-1] INFO net.thucydides.core.reports.html.HtmlAcceptanceTestReporter - GENERATING HTML REPORT FOR CAT-3 - Pagination:VIR-592.01 Verify that the pagination is shown above and below the list of products on search page in 5184d7acbfb3ebe8e1ad1150664aad7942651d17649b17c3849d0eea482d8652.html in directory target/site/serenity  
[pool-1-thread-2] INFO net.thucydides.core.reports.html.HtmlAcceptanceTestReporter - GENERATING HTML REPORT FOR CAT-3 - Pagination:VIR-138.02 Verify that the pagination is suppressed, if only one page of products exist in ac84c28d9514fcaca1cb434f3db75c589b46912734ad917fa2234bd7cc42f0e5.html in directory target/site/serenity  
[pool-1-thread-3] INFO net.thucydides.core.reports.html.HtmlAcceptanceTestReporter - GENERATING HTML REPORT FOR CAT-3 - Pagination:VIR-138.04 Verity that the first page is shown when customer enters the 0 in 1c8a1b4b43701bd1338632b88eb6b64df9b65fadafecbf38fec7c32d2408f09b.html in directory target/site/serenity  
[pool-1-thread-4] INFO net.thucydides.core.reports.html.HtmlAcceptanceTestReporter - GENERATING HTML REPORT FOR CAT-3 - Pagination:VIR-138.05 Verify that any other data can't be entered except integer in 732f150ffc6c82e48b678a4e7112835fdf284ee6b7c57b8f50df671b5a3f74ae.html in directory target/site/serenity  
[pool-1-thread-1] INFO net.thucydides.core.reports.html.HtmlAcceptanceTestReporter - GENERATING HTML REPORT FOR CAT-3 - Pagination:VIR-138.06 Verify that any other data can't be entered except integer using context paste in 57135e94eed8cc11fc55734a7c503a70dc363381dabf570e05c256f3e9e11571.html in directory target/site/serenity  
[pool-1-thread-3] INFO net.thucydides.core.reports.html.HtmlAcceptanceTestReporter - GENERATING HTML REPORT FOR CAT-3 - Pagination:VIR-138.07 Verify that the sorting/filtering is not cleared while navigating through the pages in the current way in 9c486c2a7fbaca4d17050cd5542d3a8caf0a296ddf026c6149fc129a58edffc6.html in directory target/site/serenity  
[pool-1-thread-4] INFO net.thucydides.core.reports.html.HtmlAcceptanceTestReporter - GENERATING HTML REPORT FOR CAT-3 - Pagination:VIR-138.08 Verify that the customer is able to enter the page number to navigate into it on the Category page in d901a04c74ffc4b4edd5039d007ea6284c936f13937174647f15ada4b2f63380.html in directory target/site/serenity  
[pool-1-thread-2] INFO net.thucydides.core.reports.html.HtmlAcceptanceTestReporter - GENERATING HTML REPORT FOR CAT-3 - Pagination:VIR-138.09 Verify that the customer is able to enter the page number to navigate into it on the Search result page in 93693134ebc7873775c4933a1d9adb4ef57c10c8386432a03157dea73460df26.html in directory target/site/serenity  
[pool-1-thread-1] INFO net.thucydides.core.reports.html.HtmlAcceptanceTestReporter - GENERATING HTML REPORT FOR CAT-4 - Page Navigation:VIR-139.02 Verify that the customer is able to navigate through the previous, next, last pages on Category page in f7f5a393330d58d59b5ef1cad0ed5f5d18670b2b32bdfd893a5d5973b97901b3.html in directory target/site/serenity  
[pool-1-thread-3] INFO net.thucydides.core.reports.html.HtmlAcceptanceTestReporter - GENERATING HTML REPORT FOR CAT-4 - Page Navigation:VIR-139.01 Verify that the first/last/next pages are shown above and below the list of products in 4dbac56f29c4074e92c92b0b0ef1d484ab71ee4922840f44cb1448588a9a946d.html in directory target/site/serenity  
[main] INFO net.serenitybdd.core.Serenity - 
 _____ _____ ____ _____   ____ _____  _    ____ _____ _____ ____  
|_   _| ____/ ___|_   _| / ___|_   _|/ \  |  _ \_   _| ____|  _ \ 
  | | |  _| \___ \ | |   \___ \ | | / _ \ | |_) || | |  _| | | | |
  | | | |___ ___) || |    ___) || |/ ___ \|  _ < | | | |___| |_| |
  |_| |_____|____/ |_|   |____/ |_/_/   \_\_| \_\|_| |_____|____/ 
                                                                  

TEST STARTED: VIR-139.03 Verify that the customer is able to navigate through the previous, next, last pages on Search result page
-------------------------------------------------------------------(cat-4---page-navigation;vir-139.03-verify-that-the-customer-is-able-to-navigate-through-the-previous,-next,-last-pages-on-search-result-page)
[main] INFO net.serenitybdd.core.Serenity - STARTING STEP Given open the site and login
[main] INFO net.serenitybdd.core.Serenity - STARTING STEP Open the site
[main] INFO net.serenitybdd.core.Serenity - STEP ERROR: net.serenitybdd.core.exceptions.SerenityManagedException: Could not initialize class com.virco.locators.SiteData
]]></system-err>
  </testcase>
  <testcase name="Scenario: VIR-139.03 Verify that the customer is able to navigate through the previous, next, last pages on Search result page" classname="Scenario: VIR-139.03 Verify that the customer is able to navigate through the previous, next, last pages on Search result page" time="0.005">
    <error message="Could not initialize class com.virco.locators.SiteData" type="net.serenitybdd.core.exceptions.SerenityManagedException"><![CDATA[net.serenitybdd.core.exceptions.SerenityManagedException: Could not initialize class com.virco.locators.SiteData
	at com.virco.steps.serenity.CommonUserSteps.openTheSite(CommonUserSteps.java:19)
	at com.virco.steps.serenity.CommonUserSteps$$EnhancerByCGLIB$$d8541bfa.CGLIB$openTheSite$6(<generated>)
	at com.virco.steps.serenity.CommonUserSteps$$EnhancerByCGLIB$$d8541bfa$$FastClassByCGLIB$$ea8e0f86.invoke(<generated>)
	at net.sf.cglib.proxy.MethodProxy.invokeSuper(MethodProxy.java:228)
	at net.thucydides.core.steps.StepInterceptor.invokeMethod(StepInterceptor.java:372)
	at net.thucydides.core.steps.StepInterceptor.executeTestStepMethod(StepInterceptor.java:357)
	at net.thucydides.core.steps.StepInterceptor.runTestStep(StepInterceptor.java:332)
	at net.thucydides.core.steps.StepInterceptor.testStepResult(StepInterceptor.java:134)
	at net.thucydides.core.steps.StepInterceptor.intercept(StepInterceptor.java:61)
	at com.virco.steps.serenity.CommonUserSteps$$EnhancerByCGLIB$$d8541bfa.openTheSite(<generated>)
	at com.virco.steps.CommonDefinitionSteps.openTheSiteAndLogin(CommonDefinitionSteps.java:72)
	at sun.reflect.GeneratedMethodAccessor143.invoke(Unknown Source)
	at sun.reflect.DelegatingMethodAccessorImpl.invoke(DelegatingMethodAccessorImpl.java:43)
	at java.lang.reflect.Method.invoke(Method.java:498)
	at cucumber.runtime.Utils$1.call(Utils.java:40)
	at cucumber.runtime.Timeout.timeout(Timeout.java:16)
	at cucumber.runtime.Utils.invoke(Utils.java:34)
	at cucumber.runtime.java.JavaStepDefinition.execute(JavaStepDefinition.java:38)
	at cucumber.runtime.StepDefinitionMatch.runStep(StepDefinitionMatch.java:37)
	at cucumber.runtime.Runtime.runStep(Runtime.java:300)
	at cucumber.runtime.model.StepContainer.runStep(StepContainer.java:44)
	at cucumber.runtime.model.StepContainer.runSteps(StepContainer.java:39)
	at cucumber.runtime.model.CucumberScenario.run(CucumberScenario.java:44)
	at cucumber.runtime.junit.ExecutionUnitRunner.run(ExecutionUnitRunner.java:102)
	at cucumber.runtime.junit.FeatureRunner.runChild(FeatureRunner.java:63)
	at cucumber.runtime.junit.FeatureRunner.runChild(FeatureRunner.java:18)
	at org.junit.runners.ParentRunner$3.run(ParentRunner.java:290)
	at org.junit.runners.ParentRunner$1.schedule(ParentRunner.java:71)
	at org.junit.runners.ParentRunner.runChildren(ParentRunner.java:288)
	at org.junit.runners.ParentRunner.access$000(ParentRunner.java:58)
	at org.junit.runners.ParentRunner$2.evaluate(ParentRunner.java:268)
	at org.junit.runners.ParentRunner.run(ParentRunner.java:363)
	at cucumber.runtime.junit.FeatureRunner.run(FeatureRunner.java:70)
	at cucumber.api.junit.Cucumber.runChild(Cucumber.java:95)
	at cucumber.api.junit.Cucumber.runChild(Cucumber.java:38)
	at org.junit.runners.ParentRunner$3.run(ParentRunner.java:290)
	at org.junit.runners.ParentRunner$1.schedule(ParentRunner.java:71)
	at org.junit.runners.ParentRunner.runChildren(ParentRunner.java:288)
	at org.junit.runners.ParentRunner.access$000(ParentRunner.java:58)
	at org.junit.runners.ParentRunner$2.evaluate(ParentRunner.java:268)
	at org.junit.runners.ParentRunner.run(ParentRunner.java:363)
	at cucumber.api.junit.Cucumber.run(Cucumber.java:100)
	at org.apache.maven.surefire.junit4.JUnit4Provider.execute(JUnit4Provider.java:283)
	at org.apache.maven.surefire.junit4.JUnit4Provider.executeWithRerun(JUnit4Provider.java:173)
	at org.apache.maven.surefire.junit4.JUnit4Provider.executeTestSet(JUnit4Provider.java:153)
	at org.apache.maven.surefire.junit4.JUnit4Provider.invoke(JUnit4Provider.java:128)
	at org.apache.maven.surefire.booter.ForkedBooter.invokeProviderInSameClassLoader(ForkedBooter.java:203)
	at org.apache.maven.surefire.booter.ForkedBooter.runSuitesInProcess(ForkedBooter.java:155)
	at org.apache.maven.surefire.booter.ForkedBooter.main(ForkedBooter.java:103)
]]></error>
  </testcase>
  <testcase name="When search for &quot;chair&quot;" classname="Scenario: VIR-139.03 Verify that the customer is able to navigate through the previous, next, last pages on Search result page" time="0">
    <skipped/>
    <system-err><![CDATA[[main] INFO net.serenitybdd.core.Serenity - STEP ERROR: java.lang.NoClassDefFoundError: Could not initialize class com.virco.locators.SiteData
[main] INFO net.serenitybdd.core.Serenity - STARTING STEP When search for "chair"
]]></system-err>
  </testcase>
  <testcase name="When click on &quot;next&quot; pagination button" classname="Scenario: VIR-139.03 Verify that the customer is able to navigate through the previous, next, last pages on Search result page" time="0">
    <skipped/>
    <system-err><![CDATA[[main] INFO net.serenitybdd.core.Serenity - IGNORING STEP
[main] INFO net.serenitybdd.core.Serenity - STARTING STEP When click on "next" pagination button
]]></system-err>
  </testcase>
  <testcase name="Then the value in pagination input field is &quot;2&quot;" classname="Scenario: VIR-139.03 Verify that the customer is able to navigate through the previous, next, last pages on Search result page" time="0">
    <skipped/>
    <system-err><![CDATA[[main] INFO net.serenitybdd.core.Serenity - IGNORING STEP
[main] INFO net.serenitybdd.core.Serenity - STARTING STEP Then the value in pagination input field is "2"
]]></system-err>
  </testcase>
  <testcase name="When click on &quot;previous&quot; pagination button" classname="Scenario: VIR-139.03 Verify that the customer is able to navigate through the previous, next, last pages on Search result page" time="0">
    <skipped/>
    <system-err><![CDATA[[main] INFO net.serenitybdd.core.Serenity - IGNORING STEP
[main] INFO net.serenitybdd.core.Serenity - STARTING STEP When click on "previous" pagination button
]]></system-err>
  </testcase>
  <testcase name="Then the value in pagination input field is &quot;1&quot;" classname="Scenario: VIR-139.03 Verify that the customer is able to navigate through the previous, next, last pages on Search result page" time="0">
    <skipped/>
    <system-err><![CDATA[[main] INFO net.serenitybdd.core.Serenity - IGNORING STEP
[main] INFO net.serenitybdd.core.Serenity - STARTING STEP Then the value in pagination input field is "1"
]]></system-err>
  </testcase>
  <testcase name="When click on &quot;last&quot; pagination button" classname="Scenario: VIR-139.03 Verify that the customer is able to navigate through the previous, next, last pages on Search result page" time="0">
    <skipped/>
    <system-err><![CDATA[[main] INFO net.serenitybdd.core.Serenity - IGNORING STEP
[main] INFO net.serenitybdd.core.Serenity - STARTING STEP When click on "last" pagination button
]]></system-err>
  </testcase>
  <testcase name="Then the last page is shown" classname="Scenario: VIR-139.03 Verify that the customer is able to navigate through the previous, next, last pages on Search result page" time="0">
    <skipped/>
    <system-err><![CDATA[[main] INFO net.serenitybdd.core.Serenity - IGNORING STEP
[main] INFO net.serenitybdd.core.Serenity - STARTING STEP Then the last page is shown
]]></system-err>
  </testcase>
  <testcase name="When click on &quot;first&quot; pagination button" classname="Scenario: VIR-139.03 Verify that the customer is able to navigate through the previous, next, last pages on Search result page" time="0">
    <skipped/>
    <system-err><![CDATA[[main] INFO net.serenitybdd.core.Serenity - IGNORING STEP
[main] INFO net.serenitybdd.core.Serenity - STARTING STEP When click on "first" pagination button
]]></system-err>
  </testcase>
  <testcase name="Then the first page is shown" classname="Scenario: VIR-139.03 Verify that the customer is able to navigate through the previous, next, last pages on Search result page" time="0">
    <skipped/>
    <system-err><![CDATA[[main] INFO net.serenitybdd.core.Serenity - IGNORING STEP
[main] INFO net.serenitybdd.core.Serenity - STARTING STEP Then the first page is shown
]]></system-err>
  </testcase>
  <testcase name="Given open the site and login" classname="Scenario: VIR-139.04 Verify that the previous/ first page is disabled, when customer is on the first pages for Category page" time="0.002">
    <error message="Could not initialize class com.virco.locators.SiteData" type="net.serenitybdd.core.exceptions.SerenityManagedException"><![CDATA[net.serenitybdd.core.exceptions.SerenityManagedException: Could not initialize class com.virco.locators.SiteData
	at com.virco.steps.serenity.CommonUserSteps.openTheSite(CommonUserSteps.java:19)
	at com.virco.steps.serenity.CommonUserSteps$$EnhancerByCGLIB$$d8541bfa.CGLIB$openTheSite$6(<generated>)
	at com.virco.steps.serenity.CommonUserSteps$$EnhancerByCGLIB$$d8541bfa$$FastClassByCGLIB$$ea8e0f86.invoke(<generated>)
	at net.sf.cglib.proxy.MethodProxy.invokeSuper(MethodProxy.java:228)
	at net.thucydides.core.steps.StepInterceptor.invokeMethod(StepInterceptor.java:372)
	at net.thucydides.core.steps.StepInterceptor.executeTestStepMethod(StepInterceptor.java:357)
	at net.thucydides.core.steps.StepInterceptor.runTestStep(StepInterceptor.java:332)
	at net.thucydides.core.steps.StepInterceptor.testStepResult(StepInterceptor.java:134)
	at net.thucydides.core.steps.StepInterceptor.intercept(StepInterceptor.java:61)
	at com.virco.steps.serenity.CommonUserSteps$$EnhancerByCGLIB$$d8541bfa.openTheSite(<generated>)
	at com.virco.steps.CommonDefinitionSteps.openTheSiteAndLogin(CommonDefinitionSteps.java:72)
	at sun.reflect.GeneratedMethodAccessor143.invoke(Unknown Source)
	at sun.reflect.DelegatingMethodAccessorImpl.invoke(DelegatingMethodAccessorImpl.java:43)
	at java.lang.reflect.Method.invoke(Method.java:498)
	at cucumber.runtime.Utils$1.call(Utils.java:40)
	at cucumber.runtime.Timeout.timeout(Timeout.java:16)
	at cucumber.runtime.Utils.invoke(Utils.java:34)
	at cucumber.runtime.java.JavaStepDefinition.execute(JavaStepDefinition.java:38)
	at cucumber.runtime.StepDefinitionMatch.runStep(StepDefinitionMatch.java:37)
	at cucumber.runtime.Runtime.runStep(Runtime.java:300)
	at cucumber.runtime.model.StepContainer.runStep(StepContainer.java:44)
	at cucumber.runtime.model.StepContainer.runSteps(StepContainer.java:39)
	at cucumber.runtime.model.CucumberScenario.run(CucumberScenario.java:44)
	at cucumber.runtime.junit.ExecutionUnitRunner.run(ExecutionUnitRunner.java:102)
	at cucumber.runtime.junit.FeatureRunner.runChild(FeatureRunner.java:63)
	at cucumber.runtime.junit.FeatureRunner.runChild(FeatureRunner.java:18)
	at org.junit.runners.ParentRunner$3.run(ParentRunner.java:290)
	at org.junit.runners.ParentRunner$1.schedule(ParentRunner.java:71)
	at org.junit.runners.ParentRunner.runChildren(ParentRunner.java:288)
	at org.junit.runners.ParentRunner.access$000(ParentRunner.java:58)
	at org.junit.runners.ParentRunner$2.evaluate(ParentRunner.java:268)
	at org.junit.runners.ParentRunner.run(ParentRunner.java:363)
	at cucumber.runtime.junit.FeatureRunner.run(FeatureRunner.java:70)
	at cucumber.api.junit.Cucumber.runChild(Cucumber.java:95)
	at cucumber.api.junit.Cucumber.runChild(Cucumber.java:38)
	at org.junit.runners.ParentRunner$3.run(ParentRunner.java:290)
	at org.junit.runners.ParentRunner$1.schedule(ParentRunner.java:71)
	at org.junit.runners.ParentRunner.runChildren(ParentRunner.java:288)
	at org.junit.runners.ParentRunner.access$000(ParentRunner.java:58)
	at org.junit.runners.ParentRunner$2.evaluate(ParentRunner.java:268)
	at org.junit.runners.ParentRunner.run(ParentRunner.java:363)
	at cucumber.api.junit.Cucumber.run(Cucumber.java:100)
	at org.apache.maven.surefire.junit4.JUnit4Provider.execute(JUnit4Provider.java:283)
	at org.apache.maven.surefire.junit4.JUnit4Provider.executeWithRerun(JUnit4Provider.java:173)
	at org.apache.maven.surefire.junit4.JUnit4Provider.executeTestSet(JUnit4Provider.java:153)
	at org.apache.maven.surefire.junit4.JUnit4Provider.invoke(JUnit4Provider.java:128)
	at org.apache.maven.surefire.booter.ForkedBooter.invokeProviderInSameClassLoader(ForkedBooter.java:203)
	at org.apache.maven.surefire.booter.ForkedBooter.runSuitesInProcess(ForkedBooter.java:155)
	at org.apache.maven.surefire.booter.ForkedBooter.main(ForkedBooter.java:103)
]]></error>
    <system-err><![CDATA[[main] INFO net.serenitybdd.core.Serenity - IGNORING STEP
[main] ERROR net.serenitybdd.core.Serenity - 
           __  _____ _____ ____ _____   _____ _    ___ _     _____ ____  
  _       / / |_   _| ____/ ___|_   _| |  ___/ \  |_ _| |   | ____|  _ \ 
 (_)_____| |    | | |  _| \___ \ | |   | |_ / _ \  | || |   |  _| | | | |
  _|_____| |    | | | |___ ___) || |   |  _/ ___ \ | || |___| |___| |_| |
 (_)     | |    |_| |_____|____/ |_|   |_|/_/   \_\___|_____|_____|____/ 
          \_\                                                            

TEST FAILED WITH ERROR: VIR-139.03 Verify that the customer is able to navigate through the previous, next, last pages on Search result page
---------------------------------------------------------------------
[main] ERROR net.serenitybdd.core.Serenity - TEST FAILED AT STEP Open the site
[main] ERROR net.serenitybdd.core.Serenity - Could not initialize class com.virco.locators.SiteData
[pool-1-thread-4] INFO net.thucydides.core.reports.json.JSONTestOutcomeReporter - Generating JSON report for VIR-137.01 Verify that the toggle button is shown above the products to file /Users/rodionsavchuk/hybrisAutomation/virco-automatedtests/target/site/serenity/ed05f0ebcdeb7ab8ce4053f5e77c2e104b16083b38ff0389ff4683e6797df73a.json (using temp file /Users/rodionsavchuk/hybrisAutomation/virco-automatedtests/target/site/serenity/ed05f0ebcdeb7ab8ce4053f5e77c2e104b16083b38ff0389ff4683e6797df73a.json6fe321b1-e21d-4efc-b251-6524eb7e7648)
[pool-1-thread-2] INFO net.thucydides.core.reports.json.JSONTestOutcomeReporter - Generating JSON report for VIR-137.02 Verify that the customer can switch the view of products into grid, list to file /Users/rodionsavchuk/hybrisAutomation/virco-automatedtests/target/site/serenity/cdb7752ae4e635597dc73730ce49dc450174bfbf736b9ef32175a8b54c56e86c.json (using temp file /Users/rodionsavchuk/hybrisAutomation/virco-automatedtests/target/site/serenity/cdb7752ae4e635597dc73730ce49dc450174bfbf736b9ef32175a8b54c56e86c.jsone37bcc96-6093-4b5a-9b51-3b5bab9889ed)
[pool-1-thread-3] INFO net.thucydides.core.reports.json.JSONTestOutcomeReporter - Generating JSON report for VIR-790.01 Verify that the customer can switch the view of products into grid, list on search page to file /Users/rodionsavchuk/hybrisAutomation/virco-automatedtests/target/site/serenity/79c89f5c9fd1ad2a8c101b5f0410c8b569b0435ef40abf20f63e096a8d5de34e.json (using temp file /Users/rodionsavchuk/hybrisAutomation/virco-automatedtests/target/site/serenity/79c89f5c9fd1ad2a8c101b5f0410c8b569b0435ef40abf20f63e096a8d5de34e.jsonaaea89c1-edda-4012-9a24-00cfdd0aa00b)
[pool-1-thread-1] INFO net.thucydides.core.reports.json.JSONTestOutcomeReporter - Generating JSON report for VIR-137.03 Verify that in the grid view the following product info is shown to file /Users/rodionsavchuk/hybrisAutomation/virco-automatedtests/target/site/serenity/2d367fe8d4e995fe7f0f69d3d29f47666f1d4fd6318f8f9dd42678280fb025a4.json (using temp file /Users/rodionsavchuk/hybrisAutomation/virco-automatedtests/target/site/serenity/2d367fe8d4e995fe7f0f69d3d29f47666f1d4fd6318f8f9dd42678280fb025a4.jsone8a20edb-77bb-4198-8783-9dfe48fe70e7)
[pool-1-thread-1] INFO net.thucydides.core.reports.json.JSONTestOutcomeReporter - Generating JSON report for VIR-137.04 Verify that in the List view the following info is shown to file /Users/rodionsavchuk/hybrisAutomation/virco-automatedtests/target/site/serenity/492108091097b8f1a9b1f860ede4bcf742b38d74fb739ac7ab3bec842b5bcb07.json (using temp file /Users/rodionsavchuk/hybrisAutomation/virco-automatedtests/target/site/serenity/492108091097b8f1a9b1f860ede4bcf742b38d74fb739ac7ab3bec842b5bcb07.json6f862a83-50e3-43af-a961-fd9b34fba914)
[pool-1-thread-4] INFO net.thucydides.core.reports.json.JSONTestOutcomeReporter - Generating JSON report for VIR-137.05 Verify that the list of products is the same in both views to file /Users/rodionsavchuk/hybrisAutomation/virco-automatedtests/target/site/serenity/ae1db428932e82981303203bdc6eb851846608ccd30fa908f4f5b446cb968075.json (using temp file /Users/rodionsavchuk/hybrisAutomation/virco-automatedtests/target/site/serenity/ae1db428932e82981303203bdc6eb851846608ccd30fa908f4f5b446cb968075.jsondf056888-7516-49b6-a75c-829d1b4c7920)
[pool-1-thread-1] INFO net.thucydides.core.reports.json.JSONTestOutcomeReporter - Generating JSON report for VIR-251.01 Verify that the amount of products per opened page is shown to file /Users/rodionsavchuk/hybrisAutomation/virco-automatedtests/target/site/serenity/2c0ae4476567833206363958c76f43f0bea266ccf19875e0be388e0105241b80.json (using temp file /Users/rodionsavchuk/hybrisAutomation/virco-automatedtests/target/site/serenity/2c0ae4476567833206363958c76f43f0bea266ccf19875e0be388e0105241b80.jsonc928b3d8-9abd-4028-aba4-1a36e39f71a4)
[pool-1-thread-3] INFO net.thucydides.core.reports.json.JSONTestOutcomeReporter - Generating JSON report for VIR-251.02 Verify that the 20 products are shown per page to file /Users/rodionsavchuk/hybrisAutomation/virco-automatedtests/target/site/serenity/3e2f2a51405f3fa5f517d1a92fb6c7f2d63a08226c65dc48dfcdfc1de866d2f3.json (using temp file /Users/rodionsavchuk/hybrisAutomation/virco-automatedtests/target/site/serenity/3e2f2a51405f3fa5f517d1a92fb6c7f2d63a08226c65dc48dfcdfc1de866d2f3.json1896c7e0-b60f-4c9f-ab2b-329400527547)
[pool-1-thread-2] INFO net.thucydides.core.reports.json.JSONTestOutcomeReporter - Generating JSON report for VIR-251.03 Verify that the last page shows the appropriate number of items to file /Users/rodionsavchuk/hybrisAutomation/virco-automatedtests/target/site/serenity/203add71e1553852782b06b46ad692a125d7913e1dcdfa1bc77d21975adc91d3.json (using temp file /Users/rodionsavchuk/hybrisAutomation/virco-automatedtests/target/site/serenity/203add71e1553852782b06b46ad692a125d7913e1dcdfa1bc77d21975adc91d3.jsond5181f6f-6350-4cb1-a94b-99a01468f727)
[pool-1-thread-1] INFO net.thucydides.core.reports.json.JSONTestOutcomeReporter - Generating JSON report for VIR-138.01 Verify that the pagination is shown above and below the list of products to file /Users/rodionsavchuk/hybrisAutomation/virco-automatedtests/target/site/serenity/9771603025f14f96b272fa21dca31889f195c9a9337b95fbf5eab3295a9e05a4.json (using temp file /Users/rodionsavchuk/hybrisAutomation/virco-automatedtests/target/site/serenity/9771603025f14f96b272fa21dca31889f195c9a9337b95fbf5eab3295a9e05a4.jsone1d85932-b424-4dcc-84b1-810bacbe095b)
[pool-1-thread-3] INFO net.thucydides.core.reports.json.JSONTestOutcomeReporter - Generating JSON report for VIR-592.01 Verify that the pagination is shown above and below the list of products on search page to file /Users/rodionsavchuk/hybrisAutomation/virco-automatedtests/target/site/serenity/5184d7acbfb3ebe8e1ad1150664aad7942651d17649b17c3849d0eea482d8652.json (using temp file /Users/rodionsavchuk/hybrisAutomation/virco-automatedtests/target/site/serenity/5184d7acbfb3ebe8e1ad1150664aad7942651d17649b17c3849d0eea482d8652.jsonabf18093-09e7-4b1e-bd00-8c30d3e2cd0b)
[pool-1-thread-2] INFO net.thucydides.core.reports.json.JSONTestOutcomeReporter - Generating JSON report for VIR-138.03 Verify that the last page is shown when customer enters the page number that is bigger than the existed one to file /Users/rodionsavchuk/hybrisAutomation/virco-automatedtests/target/site/serenity/56575217a2a4b5789d81c4200cecfbe74728dc79b7cd6d8ac27653a8d3f85ecb.json (using temp file /Users/rodionsavchuk/hybrisAutomation/virco-automatedtests/target/site/serenity/56575217a2a4b5789d81c4200cecfbe74728dc79b7cd6d8ac27653a8d3f85ecb.jsonae0dbbd5-f022-43a0-9b40-d69cbc8c79cb)
[pool-1-thread-4] INFO net.thucydides.core.reports.json.JSONTestOutcomeReporter - Generating JSON report for VIR-138.02 Verify that the pagination is suppressed, if only one page of products exist to file /Users/rodionsavchuk/hybrisAutomation/virco-automatedtests/target/site/serenity/ac84c28d9514fcaca1cb434f3db75c589b46912734ad917fa2234bd7cc42f0e5.json (using temp file /Users/rodionsavchuk/hybrisAutomation/virco-automatedtests/target/site/serenity/ac84c28d9514fcaca1cb434f3db75c589b46912734ad917fa2234bd7cc42f0e5.jsonb595e8b7-ac32-4c5a-b014-6e1e4a21ffc7)
[pool-1-thread-1] INFO net.thucydides.core.reports.json.JSONTestOutcomeReporter - Generating JSON report for VIR-138.04 Verity that the first page is shown when customer enters the 0 to file /Users/rodionsavchuk/hybrisAutomation/virco-automatedtests/target/site/serenity/1c8a1b4b43701bd1338632b88eb6b64df9b65fadafecbf38fec7c32d2408f09b.json (using temp file /Users/rodionsavchuk/hybrisAutomation/virco-automatedtests/target/site/serenity/1c8a1b4b43701bd1338632b88eb6b64df9b65fadafecbf38fec7c32d2408f09b.json1128cf7a-3cf5-4094-9956-3e2f02f30836)
[pool-1-thread-3] INFO net.thucydides.core.reports.json.JSONTestOutcomeReporter - Generating JSON report for VIR-138.05 Verify that any other data can't be entered except integer to file /Users/rodionsavchuk/hybrisAutomation/virco-automatedtests/target/site/serenity/732f150ffc6c82e48b678a4e7112835fdf284ee6b7c57b8f50df671b5a3f74ae.json (using temp file /Users/rodionsavchuk/hybrisAutomation/virco-automatedtests/target/site/serenity/732f150ffc6c82e48b678a4e7112835fdf284ee6b7c57b8f50df671b5a3f74ae.json670fc80e-fd73-435d-a739-6347afe5feea)
[pool-1-thread-2] INFO net.thucydides.core.reports.json.JSONTestOutcomeReporter - Generating JSON report for VIR-138.06 Verify that any other data can't be entered except integer using context paste to file /Users/rodionsavchuk/hybrisAutomation/virco-automatedtests/target/site/serenity/57135e94eed8cc11fc55734a7c503a70dc363381dabf570e05c256f3e9e11571.json (using temp file /Users/rodionsavchuk/hybrisAutomation/virco-automatedtests/target/site/serenity/57135e94eed8cc11fc55734a7c503a70dc363381dabf570e05c256f3e9e11571.json06f49ec0-aab0-495d-b4de-20f5b405636c)
[pool-1-thread-4] INFO net.thucydides.core.reports.json.JSONTestOutcomeReporter - Generating JSON report for VIR-138.07 Verify that the sorting/filtering is not cleared while navigating through the pages in the current way to file /Users/rodionsavchuk/hybrisAutomation/virco-automatedtests/target/site/serenity/9c486c2a7fbaca4d17050cd5542d3a8caf0a296ddf026c6149fc129a58edffc6.json (using temp file /Users/rodionsavchuk/hybrisAutomation/virco-automatedtests/target/site/serenity/9c486c2a7fbaca4d17050cd5542d3a8caf0a296ddf026c6149fc129a58edffc6.json00cd0cf3-11c3-42b9-b7be-cd49b65d38a3)
[pool-1-thread-1] INFO net.thucydides.core.reports.json.JSONTestOutcomeReporter - Generating JSON report for VIR-138.08 Verify that the customer is able to enter the page number to navigate into it on the Category page to file /Users/rodionsavchuk/hybrisAutomation/virco-automatedtests/target/site/serenity/d901a04c74ffc4b4edd5039d007ea6284c936f13937174647f15ada4b2f63380.json (using temp file /Users/rodionsavchuk/hybrisAutomation/virco-automatedtests/target/site/serenity/d901a04c74ffc4b4edd5039d007ea6284c936f13937174647f15ada4b2f63380.json67b09382-5833-4488-9502-d75c60f29b60)
[pool-1-thread-2] INFO net.thucydides.core.reports.json.JSONTestOutcomeReporter - Generating JSON report for VIR-138.09 Verify that the customer is able to enter the page number to navigate into it on the Search result page to file /Users/rodionsavchuk/hybrisAutomation/virco-automatedtests/target/site/serenity/93693134ebc7873775c4933a1d9adb4ef57c10c8386432a03157dea73460df26.json (using temp file /Users/rodionsavchuk/hybrisAutomation/virco-automatedtests/target/site/serenity/93693134ebc7873775c4933a1d9adb4ef57c10c8386432a03157dea73460df26.jsonce5617cc-3365-443f-bde6-933911745d6f)
[pool-1-thread-3] INFO net.thucydides.core.reports.json.JSONTestOutcomeReporter - Generating JSON report for VIR-139.01 Verify that the first/last/next pages are shown above and below the list of products to file /Users/rodionsavchuk/hybrisAutomation/virco-automatedtests/target/site/serenity/4dbac56f29c4074e92c92b0b0ef1d484ab71ee4922840f44cb1448588a9a946d.json (using temp file /Users/rodionsavchuk/hybrisAutomation/virco-automatedtests/target/site/serenity/4dbac56f29c4074e92c92b0b0ef1d484ab71ee4922840f44cb1448588a9a946d.jsonfe7bb7f0-96c9-4273-966a-5651d269b1bd)
[pool-1-thread-1] INFO net.thucydides.core.reports.json.JSONTestOutcomeReporter - Generating JSON report for VIR-139.02 Verify that the customer is able to navigate through the previous, next, last pages on Category page to file /Users/rodionsavchuk/hybrisAutomation/virco-automatedtests/target/site/serenity/f7f5a393330d58d59b5ef1cad0ed5f5d18670b2b32bdfd893a5d5973b97901b3.json (using temp file /Users/rodionsavchuk/hybrisAutomation/virco-automatedtests/target/site/serenity/f7f5a393330d58d59b5ef1cad0ed5f5d18670b2b32bdfd893a5d5973b97901b3.json1f3c77be-3ca6-40a8-9ca1-8c61e4faae69)
[pool-1-thread-4] INFO net.thucydides.core.reports.json.JSONTestOutcomeReporter - Generating JSON report for VIR-139.03 Verify that the customer is able to navigate through the previous, next, last pages on Search result page to file /Users/rodionsavchuk/hybrisAutomation/virco-automatedtests/target/site/serenity/c3ae4d5c97cf60173b31c8b8a7af26c4bfec9b28004b85bf45f584acba163a05.json (using temp file /Users/rodionsavchuk/hybrisAutomation/virco-automatedtests/target/site/serenity/c3ae4d5c97cf60173b31c8b8a7af26c4bfec9b28004b85bf45f584acba163a05.jsona3f63794-dd25-4482-8de2-d8a7d0ca612d)
[pool-1-thread-2] INFO net.thucydides.core.reports.html.HtmlAcceptanceTestReporter - GENERATING HTML REPORT FOR CAT-1 - Grid/List View Toggle:VIR-137.01 Verify that the toggle button is shown above the products in ed05f0ebcdeb7ab8ce4053f5e77c2e104b16083b38ff0389ff4683e6797df73a.html in directory target/site/serenity  
[pool-1-thread-1] INFO net.thucydides.core.reports.html.HtmlAcceptanceTestReporter - GENERATING HTML REPORT FOR CAT-1 - Grid/List View Toggle:VIR-137.02 Verify that the customer can switch the view of products into grid, list in cdb7752ae4e635597dc73730ce49dc450174bfbf736b9ef32175a8b54c56e86c.html in directory target/site/serenity  
[pool-1-thread-3] INFO net.thucydides.core.reports.html.HtmlAcceptanceTestReporter - GENERATING HTML REPORT FOR CAT-1 - Grid/List View Toggle:VIR-137.03 Verify that in the grid view the following product info is shown in 2d367fe8d4e995fe7f0f69d3d29f47666f1d4fd6318f8f9dd42678280fb025a4.html in directory target/site/serenity  
[pool-1-thread-4] INFO net.thucydides.core.reports.html.HtmlAcceptanceTestReporter - GENERATING HTML REPORT FOR CAT-1 - Grid/List View Toggle:VIR-790.01 Verify that the customer can switch the view of products into grid, list on search page in 79c89f5c9fd1ad2a8c101b5f0410c8b569b0435ef40abf20f63e096a8d5de34e.html in directory target/site/serenity  
[pool-1-thread-2] INFO net.thucydides.core.reports.html.HtmlAcceptanceTestReporter - GENERATING HTML REPORT FOR CAT-1 - Grid/List View Toggle:VIR-137.04 Verify that in the List view the following info is shown in 492108091097b8f1a9b1f860ede4bcf742b38d74fb739ac7ab3bec842b5bcb07.html in directory target/site/serenity  
[pool-1-thread-1] INFO net.thucydides.core.reports.html.HtmlAcceptanceTestReporter - GENERATING HTML REPORT FOR CAT-1 - Grid/List View Toggle:VIR-137.05 Verify that the list of products is the same in both views in ae1db428932e82981303203bdc6eb851846608ccd30fa908f4f5b446cb968075.html in directory target/site/serenity  
[pool-1-thread-3] INFO net.thucydides.core.reports.html.HtmlAcceptanceTestReporter - GENERATING HTML REPORT FOR CAT-2 - Numeration Display:VIR-251.01 Verify that the amount of products per opened page is shown in 2c0ae4476567833206363958c76f43f0bea266ccf19875e0be388e0105241b80.html in directory target/site/serenity  
[pool-1-thread-2] INFO net.thucydides.core.reports.html.HtmlAcceptanceTestReporter - GENERATING HTML REPORT FOR CAT-2 - Numeration Display:VIR-251.02 Verify that the 20 products are shown per page in 3e2f2a51405f3fa5f517d1a92fb6c7f2d63a08226c65dc48dfcdfc1de866d2f3.html in directory target/site/serenity  
[pool-1-thread-4] INFO net.thucydides.core.reports.html.HtmlAcceptanceTestReporter - GENERATING HTML REPORT FOR CAT-2 - Numeration Display:VIR-251.03 Verify that the last page shows the appropriate number of items in 203add71e1553852782b06b46ad692a125d7913e1dcdfa1bc77d21975adc91d3.html in directory target/site/serenity  
[pool-1-thread-1] INFO net.thucydides.core.reports.html.HtmlAcceptanceTestReporter - GENERATING HTML REPORT FOR CAT-3 - Pagination:VIR-138.01 Verify that the pagination is shown above and below the list of products in 9771603025f14f96b272fa21dca31889f195c9a9337b95fbf5eab3295a9e05a4.html in directory target/site/serenity  
[pool-1-thread-3] INFO net.thucydides.core.reports.html.HtmlAcceptanceTestReporter - GENERATING HTML REPORT FOR CAT-3 - Pagination:VIR-592.01 Verify that the pagination is shown above and below the list of products on search page in 5184d7acbfb3ebe8e1ad1150664aad7942651d17649b17c3849d0eea482d8652.html in directory target/site/serenity  
[pool-1-thread-2] INFO net.thucydides.core.reports.html.HtmlAcceptanceTestReporter - GENERATING HTML REPORT FOR CAT-3 - Pagination:VIR-138.02 Verify that the pagination is suppressed, if only one page of products exist in ac84c28d9514fcaca1cb434f3db75c589b46912734ad917fa2234bd7cc42f0e5.html in directory target/site/serenity  
[pool-1-thread-4] INFO net.thucydides.core.reports.html.HtmlAcceptanceTestReporter - GENERATING HTML REPORT FOR CAT-3 - Pagination:VIR-138.03 Verify that the last page is shown when customer enters the page number that is bigger than the existed one in 56575217a2a4b5789d81c4200cecfbe74728dc79b7cd6d8ac27653a8d3f85ecb.html in directory target/site/serenity  
[pool-1-thread-1] INFO net.thucydides.core.reports.html.HtmlAcceptanceTestReporter - GENERATING HTML REPORT FOR CAT-3 - Pagination:VIR-138.04 Verity that the first page is shown when customer enters the 0 in 1c8a1b4b43701bd1338632b88eb6b64df9b65fadafecbf38fec7c32d2408f09b.html in directory target/site/serenity  
[pool-1-thread-3] INFO net.thucydides.core.reports.html.HtmlAcceptanceTestReporter - GENERATING HTML REPORT FOR CAT-3 - Pagination:VIR-138.05 Verify that any other data can't be entered except integer in 732f150ffc6c82e48b678a4e7112835fdf284ee6b7c57b8f50df671b5a3f74ae.html in directory target/site/serenity  
[pool-1-thread-4] INFO net.thucydides.core.reports.html.HtmlAcceptanceTestReporter - GENERATING HTML REPORT FOR CAT-3 - Pagination:VIR-138.06 Verify that any other data can't be entered except integer using context paste in 57135e94eed8cc11fc55734a7c503a70dc363381dabf570e05c256f3e9e11571.html in directory target/site/serenity  
[pool-1-thread-2] INFO net.thucydides.core.reports.html.HtmlAcceptanceTestReporter - GENERATING HTML REPORT FOR CAT-3 - Pagination:VIR-138.07 Verify that the sorting/filtering is not cleared while navigating through the pages in the current way in 9c486c2a7fbaca4d17050cd5542d3a8caf0a296ddf026c6149fc129a58edffc6.html in directory target/site/serenity  
[pool-1-thread-3] INFO net.thucydides.core.reports.html.HtmlAcceptanceTestReporter - GENERATING HTML REPORT FOR CAT-3 - Pagination:VIR-138.09 Verify that the customer is able to enter the page number to navigate into it on the Search result page in 93693134ebc7873775c4933a1d9adb4ef57c10c8386432a03157dea73460df26.html in directory target/site/serenity  
[pool-1-thread-1] INFO net.thucydides.core.reports.html.HtmlAcceptanceTestReporter - GENERATING HTML REPORT FOR CAT-3 - Pagination:VIR-138.08 Verify that the customer is able to enter the page number to navigate into it on the Category page in d901a04c74ffc4b4edd5039d007ea6284c936f13937174647f15ada4b2f63380.html in directory target/site/serenity  
[pool-1-thread-4] INFO net.thucydides.core.reports.html.HtmlAcceptanceTestReporter - GENERATING HTML REPORT FOR CAT-4 - Page Navigation:VIR-139.01 Verify that the first/last/next pages are shown above and below the list of products in 4dbac56f29c4074e92c92b0b0ef1d484ab71ee4922840f44cb1448588a9a946d.html in directory target/site/serenity  
[pool-1-thread-2] INFO net.thucydides.core.reports.html.HtmlAcceptanceTestReporter - GENERATING HTML REPORT FOR CAT-4 - Page Navigation:VIR-139.02 Verify that the customer is able to navigate through the previous, next, last pages on Category page in f7f5a393330d58d59b5ef1cad0ed5f5d18670b2b32bdfd893a5d5973b97901b3.html in directory target/site/serenity  
[pool-1-thread-3] INFO net.thucydides.core.reports.html.HtmlAcceptanceTestReporter - GENERATING HTML REPORT FOR CAT-4 - Page Navigation:VIR-139.03 Verify that the customer is able to navigate through the previous, next, last pages on Search result page in c3ae4d5c97cf60173b31c8b8a7af26c4bfec9b28004b85bf45f584acba163a05.html in directory target/site/serenity  
[main] INFO net.serenitybdd.core.Serenity - 
 _____ _____ ____ _____   ____ _____  _    ____ _____ _____ ____  
|_   _| ____/ ___|_   _| / ___|_   _|/ \  |  _ \_   _| ____|  _ \ 
  | | |  _| \___ \ | |   \___ \ | | / _ \ | |_) || | |  _| | | | |
  | | | |___ ___) || |    ___) || |/ ___ \|  _ < | | | |___| |_| |
  |_| |_____|____/ |_|   |____/ |_/_/   \_\_| \_\|_| |_____|____/ 
                                                                  

TEST STARTED: VIR-139.04 Verify that the previous/ first page is disabled, when customer is on the first pages for Category page
-------------------------------------------------------------------(cat-4---page-navigation;vir-139.04-verify-that-the-previous/-first-page-is-disabled,-when-customer-is-on-the-first-pages-for-category-page)
[main] INFO net.serenitybdd.core.Serenity - STARTING STEP Given open the site and login
[main] INFO net.serenitybdd.core.Serenity - STARTING STEP Open the site
[main] INFO net.serenitybdd.core.Serenity - STEP ERROR: net.serenitybdd.core.exceptions.SerenityManagedException: Could not initialize class com.virco.locators.SiteData
]]></system-err>
  </testcase>
  <testcase name="Scenario: VIR-139.04 Verify that the previous/ first page is disabled, when customer is on the first pages for Category page" classname="Scenario: VIR-139.04 Verify that the previous/ first page is disabled, when customer is on the first pages for Category page" time="0.004">
    <error message="Could not initialize class com.virco.locators.SiteData" type="net.serenitybdd.core.exceptions.SerenityManagedException"><![CDATA[net.serenitybdd.core.exceptions.SerenityManagedException: Could not initialize class com.virco.locators.SiteData
	at com.virco.steps.serenity.CommonUserSteps.openTheSite(CommonUserSteps.java:19)
	at com.virco.steps.serenity.CommonUserSteps$$EnhancerByCGLIB$$d8541bfa.CGLIB$openTheSite$6(<generated>)
	at com.virco.steps.serenity.CommonUserSteps$$EnhancerByCGLIB$$d8541bfa$$FastClassByCGLIB$$ea8e0f86.invoke(<generated>)
	at net.sf.cglib.proxy.MethodProxy.invokeSuper(MethodProxy.java:228)
	at net.thucydides.core.steps.StepInterceptor.invokeMethod(StepInterceptor.java:372)
	at net.thucydides.core.steps.StepInterceptor.executeTestStepMethod(StepInterceptor.java:357)
	at net.thucydides.core.steps.StepInterceptor.runTestStep(StepInterceptor.java:332)
	at net.thucydides.core.steps.StepInterceptor.testStepResult(StepInterceptor.java:134)
	at net.thucydides.core.steps.StepInterceptor.intercept(StepInterceptor.java:61)
	at com.virco.steps.serenity.CommonUserSteps$$EnhancerByCGLIB$$d8541bfa.openTheSite(<generated>)
	at com.virco.steps.CommonDefinitionSteps.openTheSiteAndLogin(CommonDefinitionSteps.java:72)
	at sun.reflect.GeneratedMethodAccessor143.invoke(Unknown Source)
	at sun.reflect.DelegatingMethodAccessorImpl.invoke(DelegatingMethodAccessorImpl.java:43)
	at java.lang.reflect.Method.invoke(Method.java:498)
	at cucumber.runtime.Utils$1.call(Utils.java:40)
	at cucumber.runtime.Timeout.timeout(Timeout.java:16)
	at cucumber.runtime.Utils.invoke(Utils.java:34)
	at cucumber.runtime.java.JavaStepDefinition.execute(JavaStepDefinition.java:38)
	at cucumber.runtime.StepDefinitionMatch.runStep(StepDefinitionMatch.java:37)
	at cucumber.runtime.Runtime.runStep(Runtime.java:300)
	at cucumber.runtime.model.StepContainer.runStep(StepContainer.java:44)
	at cucumber.runtime.model.StepContainer.runSteps(StepContainer.java:39)
	at cucumber.runtime.model.CucumberScenario.run(CucumberScenario.java:44)
	at cucumber.runtime.junit.ExecutionUnitRunner.run(ExecutionUnitRunner.java:102)
	at cucumber.runtime.junit.FeatureRunner.runChild(FeatureRunner.java:63)
	at cucumber.runtime.junit.FeatureRunner.runChild(FeatureRunner.java:18)
	at org.junit.runners.ParentRunner$3.run(ParentRunner.java:290)
	at org.junit.runners.ParentRunner$1.schedule(ParentRunner.java:71)
	at org.junit.runners.ParentRunner.runChildren(ParentRunner.java:288)
	at org.junit.runners.ParentRunner.access$000(ParentRunner.java:58)
	at org.junit.runners.ParentRunner$2.evaluate(ParentRunner.java:268)
	at org.junit.runners.ParentRunner.run(ParentRunner.java:363)
	at cucumber.runtime.junit.FeatureRunner.run(FeatureRunner.java:70)
	at cucumber.api.junit.Cucumber.runChild(Cucumber.java:95)
	at cucumber.api.junit.Cucumber.runChild(Cucumber.java:38)
	at org.junit.runners.ParentRunner$3.run(ParentRunner.java:290)
	at org.junit.runners.ParentRunner$1.schedule(ParentRunner.java:71)
	at org.junit.runners.ParentRunner.runChildren(ParentRunner.java:288)
	at org.junit.runners.ParentRunner.access$000(ParentRunner.java:58)
	at org.junit.runners.ParentRunner$2.evaluate(ParentRunner.java:268)
	at org.junit.runners.ParentRunner.run(ParentRunner.java:363)
	at cucumber.api.junit.Cucumber.run(Cucumber.java:100)
	at org.apache.maven.surefire.junit4.JUnit4Provider.execute(JUnit4Provider.java:283)
	at org.apache.maven.surefire.junit4.JUnit4Provider.executeWithRerun(JUnit4Provider.java:173)
	at org.apache.maven.surefire.junit4.JUnit4Provider.executeTestSet(JUnit4Provider.java:153)
	at org.apache.maven.surefire.junit4.JUnit4Provider.invoke(JUnit4Provider.java:128)
	at org.apache.maven.surefire.booter.ForkedBooter.invokeProviderInSameClassLoader(ForkedBooter.java:203)
	at org.apache.maven.surefire.booter.ForkedBooter.runSuitesInProcess(ForkedBooter.java:155)
	at org.apache.maven.surefire.booter.ForkedBooter.main(ForkedBooter.java:103)
]]></error>
  </testcase>
  <testcase name="When open category with pagination" classname="Scenario: VIR-139.04 Verify that the previous/ first page is disabled, when customer is on the first pages for Category page" time="0">
    <skipped/>
    <system-err><![CDATA[[main] INFO net.serenitybdd.core.Serenity - STEP ERROR: java.lang.NoClassDefFoundError: Could not initialize class com.virco.locators.SiteData
[main] INFO net.serenitybdd.core.Serenity - STARTING STEP When open category with pagination
]]></system-err>
  </testcase>
  <testcase name="Then the value in pagination input field is &quot;1&quot;" classname="Scenario: VIR-139.04 Verify that the previous/ first page is disabled, when customer is on the first pages for Category page" time="0">
    <skipped/>
    <system-err><![CDATA[[main] INFO net.serenitybdd.core.Serenity - IGNORING STEP
[main] INFO net.serenitybdd.core.Serenity - STARTING STEP Then the value in pagination input field is "1"
]]></system-err>
  </testcase>
  <testcase name="Then the previous/first page button is disabled" classname="Scenario: VIR-139.04 Verify that the previous/ first page is disabled, when customer is on the first pages for Category page" time="0">
    <skipped/>
    <system-err><![CDATA[[main] INFO net.serenitybdd.core.Serenity - IGNORING STEP
[main] INFO net.serenitybdd.core.Serenity - STARTING STEP Then the previous/first page button is disabled
]]></system-err>
  </testcase>
  <testcase name="Given open the site and login" classname="Scenario: VIR-139.05 Verify that the previous/ first page is disabled, when customer is on the first pages for Search result page" time="0.002">
    <error message="Could not initialize class com.virco.locators.SiteData" type="net.serenitybdd.core.exceptions.SerenityManagedException"><![CDATA[net.serenitybdd.core.exceptions.SerenityManagedException: Could not initialize class com.virco.locators.SiteData
	at com.virco.steps.serenity.CommonUserSteps.openTheSite(CommonUserSteps.java:19)
	at com.virco.steps.serenity.CommonUserSteps$$EnhancerByCGLIB$$d8541bfa.CGLIB$openTheSite$6(<generated>)
	at com.virco.steps.serenity.CommonUserSteps$$EnhancerByCGLIB$$d8541bfa$$FastClassByCGLIB$$ea8e0f86.invoke(<generated>)
	at net.sf.cglib.proxy.MethodProxy.invokeSuper(MethodProxy.java:228)
	at net.thucydides.core.steps.StepInterceptor.invokeMethod(StepInterceptor.java:372)
	at net.thucydides.core.steps.StepInterceptor.executeTestStepMethod(StepInterceptor.java:357)
	at net.thucydides.core.steps.StepInterceptor.runTestStep(StepInterceptor.java:332)
	at net.thucydides.core.steps.StepInterceptor.testStepResult(StepInterceptor.java:134)
	at net.thucydides.core.steps.StepInterceptor.intercept(StepInterceptor.java:61)
	at com.virco.steps.serenity.CommonUserSteps$$EnhancerByCGLIB$$d8541bfa.openTheSite(<generated>)
	at com.virco.steps.CommonDefinitionSteps.openTheSiteAndLogin(CommonDefinitionSteps.java:72)
	at sun.reflect.GeneratedMethodAccessor143.invoke(Unknown Source)
	at sun.reflect.DelegatingMethodAccessorImpl.invoke(DelegatingMethodAccessorImpl.java:43)
	at java.lang.reflect.Method.invoke(Method.java:498)
	at cucumber.runtime.Utils$1.call(Utils.java:40)
	at cucumber.runtime.Timeout.timeout(Timeout.java:16)
	at cucumber.runtime.Utils.invoke(Utils.java:34)
	at cucumber.runtime.java.JavaStepDefinition.execute(JavaStepDefinition.java:38)
	at cucumber.runtime.StepDefinitionMatch.runStep(StepDefinitionMatch.java:37)
	at cucumber.runtime.Runtime.runStep(Runtime.java:300)
	at cucumber.runtime.model.StepContainer.runStep(StepContainer.java:44)
	at cucumber.runtime.model.StepContainer.runSteps(StepContainer.java:39)
	at cucumber.runtime.model.CucumberScenario.run(CucumberScenario.java:44)
	at cucumber.runtime.junit.ExecutionUnitRunner.run(ExecutionUnitRunner.java:102)
	at cucumber.runtime.junit.FeatureRunner.runChild(FeatureRunner.java:63)
	at cucumber.runtime.junit.FeatureRunner.runChild(FeatureRunner.java:18)
	at org.junit.runners.ParentRunner$3.run(ParentRunner.java:290)
	at org.junit.runners.ParentRunner$1.schedule(ParentRunner.java:71)
	at org.junit.runners.ParentRunner.runChildren(ParentRunner.java:288)
	at org.junit.runners.ParentRunner.access$000(ParentRunner.java:58)
	at org.junit.runners.ParentRunner$2.evaluate(ParentRunner.java:268)
	at org.junit.runners.ParentRunner.run(ParentRunner.java:363)
	at cucumber.runtime.junit.FeatureRunner.run(FeatureRunner.java:70)
	at cucumber.api.junit.Cucumber.runChild(Cucumber.java:95)
	at cucumber.api.junit.Cucumber.runChild(Cucumber.java:38)
	at org.junit.runners.ParentRunner$3.run(ParentRunner.java:290)
	at org.junit.runners.ParentRunner$1.schedule(ParentRunner.java:71)
	at org.junit.runners.ParentRunner.runChildren(ParentRunner.java:288)
	at org.junit.runners.ParentRunner.access$000(ParentRunner.java:58)
	at org.junit.runners.ParentRunner$2.evaluate(ParentRunner.java:268)
	at org.junit.runners.ParentRunner.run(ParentRunner.java:363)
	at cucumber.api.junit.Cucumber.run(Cucumber.java:100)
	at org.apache.maven.surefire.junit4.JUnit4Provider.execute(JUnit4Provider.java:283)
	at org.apache.maven.surefire.junit4.JUnit4Provider.executeWithRerun(JUnit4Provider.java:173)
	at org.apache.maven.surefire.junit4.JUnit4Provider.executeTestSet(JUnit4Provider.java:153)
	at org.apache.maven.surefire.junit4.JUnit4Provider.invoke(JUnit4Provider.java:128)
	at org.apache.maven.surefire.booter.ForkedBooter.invokeProviderInSameClassLoader(ForkedBooter.java:203)
	at org.apache.maven.surefire.booter.ForkedBooter.runSuitesInProcess(ForkedBooter.java:155)
	at org.apache.maven.surefire.booter.ForkedBooter.main(ForkedBooter.java:103)
]]></error>
    <system-err><![CDATA[[main] INFO net.serenitybdd.core.Serenity - IGNORING STEP
[main] ERROR net.serenitybdd.core.Serenity - 
           __  _____ _____ ____ _____   _____ _    ___ _     _____ ____  
  _       / / |_   _| ____/ ___|_   _| |  ___/ \  |_ _| |   | ____|  _ \ 
 (_)_____| |    | | |  _| \___ \ | |   | |_ / _ \  | || |   |  _| | | | |
  _|_____| |    | | | |___ ___) || |   |  _/ ___ \ | || |___| |___| |_| |
 (_)     | |    |_| |_____|____/ |_|   |_|/_/   \_\___|_____|_____|____/ 
          \_\                                                            

TEST FAILED WITH ERROR: VIR-139.04 Verify that the previous/ first page is disabled, when customer is on the first pages for Category page
---------------------------------------------------------------------
[main] ERROR net.serenitybdd.core.Serenity - TEST FAILED AT STEP Open the site
[main] ERROR net.serenitybdd.core.Serenity - Could not initialize class com.virco.locators.SiteData
[pool-1-thread-1] INFO net.thucydides.core.reports.json.JSONTestOutcomeReporter - Generating JSON report for VIR-137.01 Verify that the toggle button is shown above the products to file /Users/rodionsavchuk/hybrisAutomation/virco-automatedtests/target/site/serenity/ed05f0ebcdeb7ab8ce4053f5e77c2e104b16083b38ff0389ff4683e6797df73a.json (using temp file /Users/rodionsavchuk/hybrisAutomation/virco-automatedtests/target/site/serenity/ed05f0ebcdeb7ab8ce4053f5e77c2e104b16083b38ff0389ff4683e6797df73a.json32297f08-2a8e-438e-8f7a-f04788819c4d)
[pool-1-thread-4] INFO net.thucydides.core.reports.json.JSONTestOutcomeReporter - Generating JSON report for VIR-137.02 Verify that the customer can switch the view of products into grid, list to file /Users/rodionsavchuk/hybrisAutomation/virco-automatedtests/target/site/serenity/cdb7752ae4e635597dc73730ce49dc450174bfbf736b9ef32175a8b54c56e86c.json (using temp file /Users/rodionsavchuk/hybrisAutomation/virco-automatedtests/target/site/serenity/cdb7752ae4e635597dc73730ce49dc450174bfbf736b9ef32175a8b54c56e86c.jsond49762bc-ad9f-4a2c-93c9-d61a978cffe8)
[pool-1-thread-2] INFO net.thucydides.core.reports.json.JSONTestOutcomeReporter - Generating JSON report for VIR-790.01 Verify that the customer can switch the view of products into grid, list on search page to file /Users/rodionsavchuk/hybrisAutomation/virco-automatedtests/target/site/serenity/79c89f5c9fd1ad2a8c101b5f0410c8b569b0435ef40abf20f63e096a8d5de34e.json (using temp file /Users/rodionsavchuk/hybrisAutomation/virco-automatedtests/target/site/serenity/79c89f5c9fd1ad2a8c101b5f0410c8b569b0435ef40abf20f63e096a8d5de34e.json858edb85-4e19-4347-8a3e-4f9da99c7003)
[pool-1-thread-3] INFO net.thucydides.core.reports.json.JSONTestOutcomeReporter - Generating JSON report for VIR-137.03 Verify that in the grid view the following product info is shown to file /Users/rodionsavchuk/hybrisAutomation/virco-automatedtests/target/site/serenity/2d367fe8d4e995fe7f0f69d3d29f47666f1d4fd6318f8f9dd42678280fb025a4.json (using temp file /Users/rodionsavchuk/hybrisAutomation/virco-automatedtests/target/site/serenity/2d367fe8d4e995fe7f0f69d3d29f47666f1d4fd6318f8f9dd42678280fb025a4.json9551ee48-1f76-4edb-899a-83d1b8ab37f0)
[pool-1-thread-1] INFO net.thucydides.core.reports.json.JSONTestOutcomeReporter - Generating JSON report for VIR-137.04 Verify that in the List view the following info is shown to file /Users/rodionsavchuk/hybrisAutomation/virco-automatedtests/target/site/serenity/492108091097b8f1a9b1f860ede4bcf742b38d74fb739ac7ab3bec842b5bcb07.json (using temp file /Users/rodionsavchuk/hybrisAutomation/virco-automatedtests/target/site/serenity/492108091097b8f1a9b1f860ede4bcf742b38d74fb739ac7ab3bec842b5bcb07.jsone9dd7360-b0e5-436c-ba64-636db7dbd37b)
[pool-1-thread-4] INFO net.thucydides.core.reports.json.JSONTestOutcomeReporter - Generating JSON report for VIR-137.05 Verify that the list of products is the same in both views to file /Users/rodionsavchuk/hybrisAutomation/virco-automatedtests/target/site/serenity/ae1db428932e82981303203bdc6eb851846608ccd30fa908f4f5b446cb968075.json (using temp file /Users/rodionsavchuk/hybrisAutomation/virco-automatedtests/target/site/serenity/ae1db428932e82981303203bdc6eb851846608ccd30fa908f4f5b446cb968075.json59508600-3b8b-4380-b109-ed6f7048f888)
[pool-1-thread-2] INFO net.thucydides.core.reports.json.JSONTestOutcomeReporter - Generating JSON report for VIR-251.01 Verify that the amount of products per opened page is shown to file /Users/rodionsavchuk/hybrisAutomation/virco-automatedtests/target/site/serenity/2c0ae4476567833206363958c76f43f0bea266ccf19875e0be388e0105241b80.json (using temp file /Users/rodionsavchuk/hybrisAutomation/virco-automatedtests/target/site/serenity/2c0ae4476567833206363958c76f43f0bea266ccf19875e0be388e0105241b80.json63e8474c-fac3-4fb2-bdfb-b4e05b708256)
[pool-1-thread-1] INFO net.thucydides.core.reports.json.JSONTestOutcomeReporter - Generating JSON report for VIR-251.02 Verify that the 20 products are shown per page to file /Users/rodionsavchuk/hybrisAutomation/virco-automatedtests/target/site/serenity/3e2f2a51405f3fa5f517d1a92fb6c7f2d63a08226c65dc48dfcdfc1de866d2f3.json (using temp file /Users/rodionsavchuk/hybrisAutomation/virco-automatedtests/target/site/serenity/3e2f2a51405f3fa5f517d1a92fb6c7f2d63a08226c65dc48dfcdfc1de866d2f3.json45e6776f-4aea-4b70-a3c3-647eb2af5a02)
[pool-1-thread-2] INFO net.thucydides.core.reports.json.JSONTestOutcomeReporter - Generating JSON report for VIR-251.03 Verify that the last page shows the appropriate number of items to file /Users/rodionsavchuk/hybrisAutomation/virco-automatedtests/target/site/serenity/203add71e1553852782b06b46ad692a125d7913e1dcdfa1bc77d21975adc91d3.json (using temp file /Users/rodionsavchuk/hybrisAutomation/virco-automatedtests/target/site/serenity/203add71e1553852782b06b46ad692a125d7913e1dcdfa1bc77d21975adc91d3.json35036175-f78b-49b3-ae2c-8580d88ea80d)
[pool-1-thread-4] INFO net.thucydides.core.reports.json.JSONTestOutcomeReporter - Generating JSON report for VIR-138.01 Verify that the pagination is shown above and below the list of products to file /Users/rodionsavchuk/hybrisAutomation/virco-automatedtests/target/site/serenity/9771603025f14f96b272fa21dca31889f195c9a9337b95fbf5eab3295a9e05a4.json (using temp file /Users/rodionsavchuk/hybrisAutomation/virco-automatedtests/target/site/serenity/9771603025f14f96b272fa21dca31889f195c9a9337b95fbf5eab3295a9e05a4.jsone92cbfc5-48da-456e-b567-6797ebc96753)
[pool-1-thread-3] INFO net.thucydides.core.reports.json.JSONTestOutcomeReporter - Generating JSON report for VIR-592.01 Verify that the pagination is shown above and below the list of products on search page to file /Users/rodionsavchuk/hybrisAutomation/virco-automatedtests/target/site/serenity/5184d7acbfb3ebe8e1ad1150664aad7942651d17649b17c3849d0eea482d8652.json (using temp file /Users/rodionsavchuk/hybrisAutomation/virco-automatedtests/target/site/serenity/5184d7acbfb3ebe8e1ad1150664aad7942651d17649b17c3849d0eea482d8652.jsona53d61e0-fb05-4d46-b8ca-14dc02bf9729)
[pool-1-thread-1] INFO net.thucydides.core.reports.json.JSONTestOutcomeReporter - Generating JSON report for VIR-138.02 Verify that the pagination is suppressed, if only one page of products exist to file /Users/rodionsavchuk/hybrisAutomation/virco-automatedtests/target/site/serenity/ac84c28d9514fcaca1cb434f3db75c589b46912734ad917fa2234bd7cc42f0e5.json (using temp file /Users/rodionsavchuk/hybrisAutomation/virco-automatedtests/target/site/serenity/ac84c28d9514fcaca1cb434f3db75c589b46912734ad917fa2234bd7cc42f0e5.jsonbb40bd84-9cd9-4480-8bfa-2a58ebc93524)
[pool-1-thread-2] INFO net.thucydides.core.reports.json.JSONTestOutcomeReporter - Generating JSON report for VIR-138.03 Verify that the last page is shown when customer enters the page number that is bigger than the existed one to file /Users/rodionsavchuk/hybrisAutomation/virco-automatedtests/target/site/serenity/56575217a2a4b5789d81c4200cecfbe74728dc79b7cd6d8ac27653a8d3f85ecb.json (using temp file /Users/rodionsavchuk/hybrisAutomation/virco-automatedtests/target/site/serenity/56575217a2a4b5789d81c4200cecfbe74728dc79b7cd6d8ac27653a8d3f85ecb.json1a1c40d8-28ff-4034-a0f2-a9ad08b92848)
[pool-1-thread-4] INFO net.thucydides.core.reports.json.JSONTestOutcomeReporter - Generating JSON report for VIR-138.05 Verify that any other data can't be entered except integer to file /Users/rodionsavchuk/hybrisAutomation/virco-automatedtests/target/site/serenity/732f150ffc6c82e48b678a4e7112835fdf284ee6b7c57b8f50df671b5a3f74ae.json (using temp file /Users/rodionsavchuk/hybrisAutomation/virco-automatedtests/target/site/serenity/732f150ffc6c82e48b678a4e7112835fdf284ee6b7c57b8f50df671b5a3f74ae.json98955ef6-1b70-4456-9ccc-53c950fb4110)
[pool-1-thread-1] INFO net.thucydides.core.reports.json.JSONTestOutcomeReporter - Generating JSON report for VIR-138.04 Verity that the first page is shown when customer enters the 0 to file /Users/rodionsavchuk/hybrisAutomation/virco-automatedtests/target/site/serenity/1c8a1b4b43701bd1338632b88eb6b64df9b65fadafecbf38fec7c32d2408f09b.json (using temp file /Users/rodionsavchuk/hybrisAutomation/virco-automatedtests/target/site/serenity/1c8a1b4b43701bd1338632b88eb6b64df9b65fadafecbf38fec7c32d2408f09b.jsone4af3287-da59-40c6-a40a-444d4cf5d0cf)
[pool-1-thread-3] INFO net.thucydides.core.reports.json.JSONTestOutcomeReporter - Generating JSON report for VIR-138.06 Verify that any other data can't be entered except integer using context paste to file /Users/rodionsavchuk/hybrisAutomation/virco-automatedtests/target/site/serenity/57135e94eed8cc11fc55734a7c503a70dc363381dabf570e05c256f3e9e11571.json (using temp file /Users/rodionsavchuk/hybrisAutomation/virco-automatedtests/target/site/serenity/57135e94eed8cc11fc55734a7c503a70dc363381dabf570e05c256f3e9e11571.jsone08df227-0ec0-4f00-b31d-7f5964003d99)
[pool-1-thread-2] INFO net.thucydides.core.reports.json.JSONTestOutcomeReporter - Generating JSON report for VIR-138.07 Verify that the sorting/filtering is not cleared while navigating through the pages in the current way to file /Users/rodionsavchuk/hybrisAutomation/virco-automatedtests/target/site/serenity/9c486c2a7fbaca4d17050cd5542d3a8caf0a296ddf026c6149fc129a58edffc6.json (using temp file /Users/rodionsavchuk/hybrisAutomation/virco-automatedtests/target/site/serenity/9c486c2a7fbaca4d17050cd5542d3a8caf0a296ddf026c6149fc129a58edffc6.json117b455e-a9af-41eb-a9fe-45d0257d4849)
[pool-1-thread-4] INFO net.thucydides.core.reports.json.JSONTestOutcomeReporter - Generating JSON report for VIR-138.08 Verify that the customer is able to enter the page number to navigate into it on the Category page to file /Users/rodionsavchuk/hybrisAutomation/virco-automatedtests/target/site/serenity/d901a04c74ffc4b4edd5039d007ea6284c936f13937174647f15ada4b2f63380.json (using temp file /Users/rodionsavchuk/hybrisAutomation/virco-automatedtests/target/site/serenity/d901a04c74ffc4b4edd5039d007ea6284c936f13937174647f15ada4b2f63380.json3bb70ed1-eac6-458c-b5ad-50df8473b623)
[pool-1-thread-3] INFO net.thucydides.core.reports.json.JSONTestOutcomeReporter - Generating JSON report for VIR-139.01 Verify that the first/last/next pages are shown above and below the list of products to file /Users/rodionsavchuk/hybrisAutomation/virco-automatedtests/target/site/serenity/4dbac56f29c4074e92c92b0b0ef1d484ab71ee4922840f44cb1448588a9a946d.json (using temp file /Users/rodionsavchuk/hybrisAutomation/virco-automatedtests/target/site/serenity/4dbac56f29c4074e92c92b0b0ef1d484ab71ee4922840f44cb1448588a9a946d.json21410b26-dfcf-4af8-a38d-fc24ca30d426)
[pool-1-thread-1] INFO net.thucydides.core.reports.json.JSONTestOutcomeReporter - Generating JSON report for VIR-138.09 Verify that the customer is able to enter the page number to navigate into it on the Search result page to file /Users/rodionsavchuk/hybrisAutomation/virco-automatedtests/target/site/serenity/93693134ebc7873775c4933a1d9adb4ef57c10c8386432a03157dea73460df26.json (using temp file /Users/rodionsavchuk/hybrisAutomation/virco-automatedtests/target/site/serenity/93693134ebc7873775c4933a1d9adb4ef57c10c8386432a03157dea73460df26.jsonde73b885-572a-47e7-9698-e46b9d8c20bf)
[pool-1-thread-4] INFO net.thucydides.core.reports.json.JSONTestOutcomeReporter - Generating JSON report for VIR-139.02 Verify that the customer is able to navigate through the previous, next, last pages on Category page to file /Users/rodionsavchuk/hybrisAutomation/virco-automatedtests/target/site/serenity/f7f5a393330d58d59b5ef1cad0ed5f5d18670b2b32bdfd893a5d5973b97901b3.json (using temp file /Users/rodionsavchuk/hybrisAutomation/virco-automatedtests/target/site/serenity/f7f5a393330d58d59b5ef1cad0ed5f5d18670b2b32bdfd893a5d5973b97901b3.json7202cf02-fe7d-49da-96ca-fac2dfe9fa4c)
[pool-1-thread-2] INFO net.thucydides.core.reports.json.JSONTestOutcomeReporter - Generating JSON report for VIR-139.03 Verify that the customer is able to navigate through the previous, next, last pages on Search result page to file /Users/rodionsavchuk/hybrisAutomation/virco-automatedtests/target/site/serenity/c3ae4d5c97cf60173b31c8b8a7af26c4bfec9b28004b85bf45f584acba163a05.json (using temp file /Users/rodionsavchuk/hybrisAutomation/virco-automatedtests/target/site/serenity/c3ae4d5c97cf60173b31c8b8a7af26c4bfec9b28004b85bf45f584acba163a05.jsond2baafdd-7d5b-48ea-9941-90ebb5a98767)
[pool-1-thread-3] INFO net.thucydides.core.reports.json.JSONTestOutcomeReporter - Generating JSON report for VIR-139.04 Verify that the previous/ first page is disabled, when customer is on the first pages for Category page to file /Users/rodionsavchuk/hybrisAutomation/virco-automatedtests/target/site/serenity/007583efbcfc7371987f2169b25295c52ee7f5b46e412d21bf5bcd3e1826a4b7.json (using temp file /Users/rodionsavchuk/hybrisAutomation/virco-automatedtests/target/site/serenity/007583efbcfc7371987f2169b25295c52ee7f5b46e412d21bf5bcd3e1826a4b7.json5824017d-0796-4e0e-9a4e-a0850454c6f6)
[pool-1-thread-4] INFO net.thucydides.core.reports.html.HtmlAcceptanceTestReporter - GENERATING HTML REPORT FOR CAT-1 - Grid/List View Toggle:VIR-137.02 Verify that the customer can switch the view of products into grid, list in cdb7752ae4e635597dc73730ce49dc450174bfbf736b9ef32175a8b54c56e86c.html in directory target/site/serenity  
[pool-1-thread-3] INFO net.thucydides.core.reports.html.HtmlAcceptanceTestReporter - GENERATING HTML REPORT FOR CAT-1 - Grid/List View Toggle:VIR-790.01 Verify that the customer can switch the view of products into grid, list on search page in 79c89f5c9fd1ad2a8c101b5f0410c8b569b0435ef40abf20f63e096a8d5de34e.html in directory target/site/serenity  
[pool-1-thread-1] INFO net.thucydides.core.reports.html.HtmlAcceptanceTestReporter - GENERATING HTML REPORT FOR CAT-1 - Grid/List View Toggle:VIR-137.01 Verify that the toggle button is shown above the products in ed05f0ebcdeb7ab8ce4053f5e77c2e104b16083b38ff0389ff4683e6797df73a.html in directory target/site/serenity  
[pool-1-thread-2] INFO net.thucydides.core.reports.html.HtmlAcceptanceTestReporter - GENERATING HTML REPORT FOR CAT-1 - Grid/List View Toggle:VIR-137.03 Verify that in the grid view the following product info is shown in 2d367fe8d4e995fe7f0f69d3d29f47666f1d4fd6318f8f9dd42678280fb025a4.html in directory target/site/serenity  
[pool-1-thread-3] INFO net.thucydides.core.reports.html.HtmlAcceptanceTestReporter - GENERATING HTML REPORT FOR CAT-1 - Grid/List View Toggle:VIR-137.04 Verify that in the List view the following info is shown in 492108091097b8f1a9b1f860ede4bcf742b38d74fb739ac7ab3bec842b5bcb07.html in directory target/site/serenity  
[pool-1-thread-1] INFO net.thucydides.core.reports.html.HtmlAcceptanceTestReporter - GENERATING HTML REPORT FOR CAT-1 - Grid/List View Toggle:VIR-137.05 Verify that the list of products is the same in both views in ae1db428932e82981303203bdc6eb851846608ccd30fa908f4f5b446cb968075.html in directory target/site/serenity  
[pool-1-thread-4] INFO net.thucydides.core.reports.html.HtmlAcceptanceTestReporter - GENERATING HTML REPORT FOR CAT-2 - Numeration Display:VIR-251.01 Verify that the amount of products per opened page is shown in 2c0ae4476567833206363958c76f43f0bea266ccf19875e0be388e0105241b80.html in directory target/site/serenity  
[pool-1-thread-2] INFO net.thucydides.core.reports.html.HtmlAcceptanceTestReporter - GENERATING HTML REPORT FOR CAT-2 - Numeration Display:VIR-251.02 Verify that the 20 products are shown per page in 3e2f2a51405f3fa5f517d1a92fb6c7f2d63a08226c65dc48dfcdfc1de866d2f3.html in directory target/site/serenity  
[pool-1-thread-3] INFO net.thucydides.core.reports.html.HtmlAcceptanceTestReporter - GENERATING HTML REPORT FOR CAT-2 - Numeration Display:VIR-251.03 Verify that the last page shows the appropriate number of items in 203add71e1553852782b06b46ad692a125d7913e1dcdfa1bc77d21975adc91d3.html in directory target/site/serenity  
[pool-1-thread-4] INFO net.thucydides.core.reports.html.HtmlAcceptanceTestReporter - GENERATING HTML REPORT FOR CAT-3 - Pagination:VIR-138.01 Verify that the pagination is shown above and below the list of products in 9771603025f14f96b272fa21dca31889f195c9a9337b95fbf5eab3295a9e05a4.html in directory target/site/serenity  
[pool-1-thread-1] INFO net.thucydides.core.reports.html.HtmlAcceptanceTestReporter - GENERATING HTML REPORT FOR CAT-3 - Pagination:VIR-592.01 Verify that the pagination is shown above and below the list of products on search page in 5184d7acbfb3ebe8e1ad1150664aad7942651d17649b17c3849d0eea482d8652.html in directory target/site/serenity  
[pool-1-thread-2] INFO net.thucydides.core.reports.html.HtmlAcceptanceTestReporter - GENERATING HTML REPORT FOR CAT-3 - Pagination:VIR-138.02 Verify that the pagination is suppressed, if only one page of products exist in ac84c28d9514fcaca1cb434f3db75c589b46912734ad917fa2234bd7cc42f0e5.html in directory target/site/serenity  
[pool-1-thread-3] INFO net.thucydides.core.reports.html.HtmlAcceptanceTestReporter - GENERATING HTML REPORT FOR CAT-3 - Pagination:VIR-138.03 Verify that the last page is shown when customer enters the page number that is bigger than the existed one in 56575217a2a4b5789d81c4200cecfbe74728dc79b7cd6d8ac27653a8d3f85ecb.html in directory target/site/serenity  
[pool-1-thread-4] INFO net.thucydides.core.reports.html.HtmlAcceptanceTestReporter - GENERATING HTML REPORT FOR CAT-3 - Pagination:VIR-138.04 Verity that the first page is shown when customer enters the 0 in 1c8a1b4b43701bd1338632b88eb6b64df9b65fadafecbf38fec7c32d2408f09b.html in directory target/site/serenity  
[pool-1-thread-2] INFO net.thucydides.core.reports.html.HtmlAcceptanceTestReporter - GENERATING HTML REPORT FOR CAT-3 - Pagination:VIR-138.07 Verify that the sorting/filtering is not cleared while navigating through the pages in the current way in 9c486c2a7fbaca4d17050cd5542d3a8caf0a296ddf026c6149fc129a58edffc6.html in directory target/site/serenity  
[pool-1-thread-4] INFO net.thucydides.core.reports.html.HtmlAcceptanceTestReporter - GENERATING HTML REPORT FOR CAT-3 - Pagination:VIR-138.08 Verify that the customer is able to enter the page number to navigate into it on the Category page in d901a04c74ffc4b4edd5039d007ea6284c936f13937174647f15ada4b2f63380.html in directory target/site/serenity  
[pool-1-thread-1] INFO net.thucydides.core.reports.html.HtmlAcceptanceTestReporter - GENERATING HTML REPORT FOR CAT-3 - Pagination:VIR-138.05 Verify that any other data can't be entered except integer in 732f150ffc6c82e48b678a4e7112835fdf284ee6b7c57b8f50df671b5a3f74ae.html in directory target/site/serenity  
[pool-1-thread-3] INFO net.thucydides.core.reports.html.HtmlAcceptanceTestReporter - GENERATING HTML REPORT FOR CAT-3 - Pagination:VIR-138.06 Verify that any other data can't be entered except integer using context paste in 57135e94eed8cc11fc55734a7c503a70dc363381dabf570e05c256f3e9e11571.html in directory target/site/serenity  
[pool-1-thread-2] INFO net.thucydides.core.reports.html.HtmlAcceptanceTestReporter - GENERATING HTML REPORT FOR CAT-3 - Pagination:VIR-138.09 Verify that the customer is able to enter the page number to navigate into it on the Search result page in 93693134ebc7873775c4933a1d9adb4ef57c10c8386432a03157dea73460df26.html in directory target/site/serenity  
[pool-1-thread-4] INFO net.thucydides.core.reports.html.HtmlAcceptanceTestReporter - GENERATING HTML REPORT FOR CAT-4 - Page Navigation:VIR-139.01 Verify that the first/last/next pages are shown above and below the list of products in 4dbac56f29c4074e92c92b0b0ef1d484ab71ee4922840f44cb1448588a9a946d.html in directory target/site/serenity  
[pool-1-thread-1] INFO net.thucydides.core.reports.html.HtmlAcceptanceTestReporter - GENERATING HTML REPORT FOR CAT-4 - Page Navigation:VIR-139.02 Verify that the customer is able to navigate through the previous, next, last pages on Category page in f7f5a393330d58d59b5ef1cad0ed5f5d18670b2b32bdfd893a5d5973b97901b3.html in directory target/site/serenity  
[pool-1-thread-2] INFO net.thucydides.core.reports.html.HtmlAcceptanceTestReporter - GENERATING HTML REPORT FOR CAT-4 - Page Navigation:VIR-139.03 Verify that the customer is able to navigate through the previous, next, last pages on Search result page in c3ae4d5c97cf60173b31c8b8a7af26c4bfec9b28004b85bf45f584acba163a05.html in directory target/site/serenity  
[pool-1-thread-4] INFO net.thucydides.core.reports.html.HtmlAcceptanceTestReporter - GENERATING HTML REPORT FOR CAT-4 - Page Navigation:VIR-139.04 Verify that the previous/ first page is disabled, when customer is on the first pages for Category page in 007583efbcfc7371987f2169b25295c52ee7f5b46e412d21bf5bcd3e1826a4b7.html in directory target/site/serenity  
[main] INFO net.serenitybdd.core.Serenity - 
 _____ _____ ____ _____   ____ _____  _    ____ _____ _____ ____  
|_   _| ____/ ___|_   _| / ___|_   _|/ \  |  _ \_   _| ____|  _ \ 
  | | |  _| \___ \ | |   \___ \ | | / _ \ | |_) || | |  _| | | | |
  | | | |___ ___) || |    ___) || |/ ___ \|  _ < | | | |___| |_| |
  |_| |_____|____/ |_|   |____/ |_/_/   \_\_| \_\|_| |_____|____/ 
                                                                  

TEST STARTED: VIR-139.05 Verify that the previous/ first page is disabled, when customer is on the first pages for Search result page
-------------------------------------------------------------------(cat-4---page-navigation;vir-139.05-verify-that-the-previous/-first-page-is-disabled,-when-customer-is-on-the-first-pages-for-search-result-page)
[main] INFO net.serenitybdd.core.Serenity - STARTING STEP Given open the site and login
[main] INFO net.serenitybdd.core.Serenity - STARTING STEP Open the site
[main] INFO net.serenitybdd.core.Serenity - STEP ERROR: net.serenitybdd.core.exceptions.SerenityManagedException: Could not initialize class com.virco.locators.SiteData
]]></system-err>
  </testcase>
  <testcase name="Scenario: VIR-139.05 Verify that the previous/ first page is disabled, when customer is on the first pages for Search result page" classname="Scenario: VIR-139.05 Verify that the previous/ first page is disabled, when customer is on the first pages for Search result page" time="0.003">
    <error message="Could not initialize class com.virco.locators.SiteData" type="net.serenitybdd.core.exceptions.SerenityManagedException"><![CDATA[net.serenitybdd.core.exceptions.SerenityManagedException: Could not initialize class com.virco.locators.SiteData
	at com.virco.steps.serenity.CommonUserSteps.openTheSite(CommonUserSteps.java:19)
	at com.virco.steps.serenity.CommonUserSteps$$EnhancerByCGLIB$$d8541bfa.CGLIB$openTheSite$6(<generated>)
	at com.virco.steps.serenity.CommonUserSteps$$EnhancerByCGLIB$$d8541bfa$$FastClassByCGLIB$$ea8e0f86.invoke(<generated>)
	at net.sf.cglib.proxy.MethodProxy.invokeSuper(MethodProxy.java:228)
	at net.thucydides.core.steps.StepInterceptor.invokeMethod(StepInterceptor.java:372)
	at net.thucydides.core.steps.StepInterceptor.executeTestStepMethod(StepInterceptor.java:357)
	at net.thucydides.core.steps.StepInterceptor.runTestStep(StepInterceptor.java:332)
	at net.thucydides.core.steps.StepInterceptor.testStepResult(StepInterceptor.java:134)
	at net.thucydides.core.steps.StepInterceptor.intercept(StepInterceptor.java:61)
	at com.virco.steps.serenity.CommonUserSteps$$EnhancerByCGLIB$$d8541bfa.openTheSite(<generated>)
	at com.virco.steps.CommonDefinitionSteps.openTheSiteAndLogin(CommonDefinitionSteps.java:72)
	at sun.reflect.GeneratedMethodAccessor143.invoke(Unknown Source)
	at sun.reflect.DelegatingMethodAccessorImpl.invoke(DelegatingMethodAccessorImpl.java:43)
	at java.lang.reflect.Method.invoke(Method.java:498)
	at cucumber.runtime.Utils$1.call(Utils.java:40)
	at cucumber.runtime.Timeout.timeout(Timeout.java:16)
	at cucumber.runtime.Utils.invoke(Utils.java:34)
	at cucumber.runtime.java.JavaStepDefinition.execute(JavaStepDefinition.java:38)
	at cucumber.runtime.StepDefinitionMatch.runStep(StepDefinitionMatch.java:37)
	at cucumber.runtime.Runtime.runStep(Runtime.java:300)
	at cucumber.runtime.model.StepContainer.runStep(StepContainer.java:44)
	at cucumber.runtime.model.StepContainer.runSteps(StepContainer.java:39)
	at cucumber.runtime.model.CucumberScenario.run(CucumberScenario.java:44)
	at cucumber.runtime.junit.ExecutionUnitRunner.run(ExecutionUnitRunner.java:102)
	at cucumber.runtime.junit.FeatureRunner.runChild(FeatureRunner.java:63)
	at cucumber.runtime.junit.FeatureRunner.runChild(FeatureRunner.java:18)
	at org.junit.runners.ParentRunner$3.run(ParentRunner.java:290)
	at org.junit.runners.ParentRunner$1.schedule(ParentRunner.java:71)
	at org.junit.runners.ParentRunner.runChildren(ParentRunner.java:288)
	at org.junit.runners.ParentRunner.access$000(ParentRunner.java:58)
	at org.junit.runners.ParentRunner$2.evaluate(ParentRunner.java:268)
	at org.junit.runners.ParentRunner.run(ParentRunner.java:363)
	at cucumber.runtime.junit.FeatureRunner.run(FeatureRunner.java:70)
	at cucumber.api.junit.Cucumber.runChild(Cucumber.java:95)
	at cucumber.api.junit.Cucumber.runChild(Cucumber.java:38)
	at org.junit.runners.ParentRunner$3.run(ParentRunner.java:290)
	at org.junit.runners.ParentRunner$1.schedule(ParentRunner.java:71)
	at org.junit.runners.ParentRunner.runChildren(ParentRunner.java:288)
	at org.junit.runners.ParentRunner.access$000(ParentRunner.java:58)
	at org.junit.runners.ParentRunner$2.evaluate(ParentRunner.java:268)
	at org.junit.runners.ParentRunner.run(ParentRunner.java:363)
	at cucumber.api.junit.Cucumber.run(Cucumber.java:100)
	at org.apache.maven.surefire.junit4.JUnit4Provider.execute(JUnit4Provider.java:283)
	at org.apache.maven.surefire.junit4.JUnit4Provider.executeWithRerun(JUnit4Provider.java:173)
	at org.apache.maven.surefire.junit4.JUnit4Provider.executeTestSet(JUnit4Provider.java:153)
	at org.apache.maven.surefire.junit4.JUnit4Provider.invoke(JUnit4Provider.java:128)
	at org.apache.maven.surefire.booter.ForkedBooter.invokeProviderInSameClassLoader(ForkedBooter.java:203)
	at org.apache.maven.surefire.booter.ForkedBooter.runSuitesInProcess(ForkedBooter.java:155)
	at org.apache.maven.surefire.booter.ForkedBooter.main(ForkedBooter.java:103)
]]></error>
  </testcase>
  <testcase name="When search for &quot;chair&quot;" classname="Scenario: VIR-139.05 Verify that the previous/ first page is disabled, when customer is on the first pages for Search result page" time="0">
    <skipped/>
    <system-err><![CDATA[[main] INFO net.serenitybdd.core.Serenity - STEP ERROR: java.lang.NoClassDefFoundError: Could not initialize class com.virco.locators.SiteData
[main] INFO net.serenitybdd.core.Serenity - STARTING STEP When search for "chair"
]]></system-err>
  </testcase>
  <testcase name="Then the value in pagination input field is &quot;1&quot;" classname="Scenario: VIR-139.05 Verify that the previous/ first page is disabled, when customer is on the first pages for Search result page" time="0">
    <skipped/>
    <system-err><![CDATA[[main] INFO net.serenitybdd.core.Serenity - IGNORING STEP
[main] INFO net.serenitybdd.core.Serenity - STARTING STEP Then the value in pagination input field is "1"
]]></system-err>
  </testcase>
  <testcase name="Then the previous/first page button is disabled" classname="Scenario: VIR-139.05 Verify that the previous/ first page is disabled, when customer is on the first pages for Search result page" time="0">
    <skipped/>
    <system-err><![CDATA[[main] INFO net.serenitybdd.core.Serenity - IGNORING STEP
[main] INFO net.serenitybdd.core.Serenity - STARTING STEP Then the previous/first page button is disabled
]]></system-err>
  </testcase>
  <testcase name="Given open the site and login" classname="Scenario: VIR-139.06 Verify that the next/last page button is disabled, when customer is on the last pages for Category page" time="0.001">
    <error message="Could not initialize class com.virco.locators.SiteData" type="net.serenitybdd.core.exceptions.SerenityManagedException"><![CDATA[net.serenitybdd.core.exceptions.SerenityManagedException: Could not initialize class com.virco.locators.SiteData
	at com.virco.steps.serenity.CommonUserSteps.openTheSite(CommonUserSteps.java:19)
	at com.virco.steps.serenity.CommonUserSteps$$EnhancerByCGLIB$$d8541bfa.CGLIB$openTheSite$6(<generated>)
	at com.virco.steps.serenity.CommonUserSteps$$EnhancerByCGLIB$$d8541bfa$$FastClassByCGLIB$$ea8e0f86.invoke(<generated>)
	at net.sf.cglib.proxy.MethodProxy.invokeSuper(MethodProxy.java:228)
	at net.thucydides.core.steps.StepInterceptor.invokeMethod(StepInterceptor.java:372)
	at net.thucydides.core.steps.StepInterceptor.executeTestStepMethod(StepInterceptor.java:357)
	at net.thucydides.core.steps.StepInterceptor.runTestStep(StepInterceptor.java:332)
	at net.thucydides.core.steps.StepInterceptor.testStepResult(StepInterceptor.java:134)
	at net.thucydides.core.steps.StepInterceptor.intercept(StepInterceptor.java:61)
	at com.virco.steps.serenity.CommonUserSteps$$EnhancerByCGLIB$$d8541bfa.openTheSite(<generated>)
	at com.virco.steps.CommonDefinitionSteps.openTheSiteAndLogin(CommonDefinitionSteps.java:72)
	at sun.reflect.GeneratedMethodAccessor143.invoke(Unknown Source)
	at sun.reflect.DelegatingMethodAccessorImpl.invoke(DelegatingMethodAccessorImpl.java:43)
	at java.lang.reflect.Method.invoke(Method.java:498)
	at cucumber.runtime.Utils$1.call(Utils.java:40)
	at cucumber.runtime.Timeout.timeout(Timeout.java:16)
	at cucumber.runtime.Utils.invoke(Utils.java:34)
	at cucumber.runtime.java.JavaStepDefinition.execute(JavaStepDefinition.java:38)
	at cucumber.runtime.StepDefinitionMatch.runStep(StepDefinitionMatch.java:37)
	at cucumber.runtime.Runtime.runStep(Runtime.java:300)
	at cucumber.runtime.model.StepContainer.runStep(StepContainer.java:44)
	at cucumber.runtime.model.StepContainer.runSteps(StepContainer.java:39)
	at cucumber.runtime.model.CucumberScenario.run(CucumberScenario.java:44)
	at cucumber.runtime.junit.ExecutionUnitRunner.run(ExecutionUnitRunner.java:102)
	at cucumber.runtime.junit.FeatureRunner.runChild(FeatureRunner.java:63)
	at cucumber.runtime.junit.FeatureRunner.runChild(FeatureRunner.java:18)
	at org.junit.runners.ParentRunner$3.run(ParentRunner.java:290)
	at org.junit.runners.ParentRunner$1.schedule(ParentRunner.java:71)
	at org.junit.runners.ParentRunner.runChildren(ParentRunner.java:288)
	at org.junit.runners.ParentRunner.access$000(ParentRunner.java:58)
	at org.junit.runners.ParentRunner$2.evaluate(ParentRunner.java:268)
	at org.junit.runners.ParentRunner.run(ParentRunner.java:363)
	at cucumber.runtime.junit.FeatureRunner.run(FeatureRunner.java:70)
	at cucumber.api.junit.Cucumber.runChild(Cucumber.java:95)
	at cucumber.api.junit.Cucumber.runChild(Cucumber.java:38)
	at org.junit.runners.ParentRunner$3.run(ParentRunner.java:290)
	at org.junit.runners.ParentRunner$1.schedule(ParentRunner.java:71)
	at org.junit.runners.ParentRunner.runChildren(ParentRunner.java:288)
	at org.junit.runners.ParentRunner.access$000(ParentRunner.java:58)
	at org.junit.runners.ParentRunner$2.evaluate(ParentRunner.java:268)
	at org.junit.runners.ParentRunner.run(ParentRunner.java:363)
	at cucumber.api.junit.Cucumber.run(Cucumber.java:100)
	at org.apache.maven.surefire.junit4.JUnit4Provider.execute(JUnit4Provider.java:283)
	at org.apache.maven.surefire.junit4.JUnit4Provider.executeWithRerun(JUnit4Provider.java:173)
	at org.apache.maven.surefire.junit4.JUnit4Provider.executeTestSet(JUnit4Provider.java:153)
	at org.apache.maven.surefire.junit4.JUnit4Provider.invoke(JUnit4Provider.java:128)
	at org.apache.maven.surefire.booter.ForkedBooter.invokeProviderInSameClassLoader(ForkedBooter.java:203)
	at org.apache.maven.surefire.booter.ForkedBooter.runSuitesInProcess(ForkedBooter.java:155)
	at org.apache.maven.surefire.booter.ForkedBooter.main(ForkedBooter.java:103)
]]></error>
    <system-err><![CDATA[[main] INFO net.serenitybdd.core.Serenity - IGNORING STEP
[main] ERROR net.serenitybdd.core.Serenity - 
           __  _____ _____ ____ _____   _____ _    ___ _     _____ ____  
  _       / / |_   _| ____/ ___|_   _| |  ___/ \  |_ _| |   | ____|  _ \ 
 (_)_____| |    | | |  _| \___ \ | |   | |_ / _ \  | || |   |  _| | | | |
  _|_____| |    | | | |___ ___) || |   |  _/ ___ \ | || |___| |___| |_| |
 (_)     | |    |_| |_____|____/ |_|   |_|/_/   \_\___|_____|_____|____/ 
          \_\                                                            

TEST FAILED WITH ERROR: VIR-139.05 Verify that the previous/ first page is disabled, when customer is on the first pages for Search result page
---------------------------------------------------------------------
[main] ERROR net.serenitybdd.core.Serenity - TEST FAILED AT STEP Open the site
[main] ERROR net.serenitybdd.core.Serenity - Could not initialize class com.virco.locators.SiteData
[pool-1-thread-2] INFO net.thucydides.core.reports.json.JSONTestOutcomeReporter - Generating JSON report for VIR-137.02 Verify that the customer can switch the view of products into grid, list to file /Users/rodionsavchuk/hybrisAutomation/virco-automatedtests/target/site/serenity/cdb7752ae4e635597dc73730ce49dc450174bfbf736b9ef32175a8b54c56e86c.json (using temp file /Users/rodionsavchuk/hybrisAutomation/virco-automatedtests/target/site/serenity/cdb7752ae4e635597dc73730ce49dc450174bfbf736b9ef32175a8b54c56e86c.json7ba2ab21-c610-4126-adb5-ad725cf10cb6)
[pool-1-thread-4] INFO net.thucydides.core.reports.json.JSONTestOutcomeReporter - Generating JSON report for VIR-790.01 Verify that the customer can switch the view of products into grid, list on search page to file /Users/rodionsavchuk/hybrisAutomation/virco-automatedtests/target/site/serenity/79c89f5c9fd1ad2a8c101b5f0410c8b569b0435ef40abf20f63e096a8d5de34e.json (using temp file /Users/rodionsavchuk/hybrisAutomation/virco-automatedtests/target/site/serenity/79c89f5c9fd1ad2a8c101b5f0410c8b569b0435ef40abf20f63e096a8d5de34e.jsond5a42fea-8e84-4aec-aae7-a6bf38d88185)
[pool-1-thread-1] INFO net.thucydides.core.reports.json.JSONTestOutcomeReporter - Generating JSON report for VIR-137.01 Verify that the toggle button is shown above the products to file /Users/rodionsavchuk/hybrisAutomation/virco-automatedtests/target/site/serenity/ed05f0ebcdeb7ab8ce4053f5e77c2e104b16083b38ff0389ff4683e6797df73a.json (using temp file /Users/rodionsavchuk/hybrisAutomation/virco-automatedtests/target/site/serenity/ed05f0ebcdeb7ab8ce4053f5e77c2e104b16083b38ff0389ff4683e6797df73a.jsonafdd0c68-f537-4d21-8a09-c5cf9f53cbbd)
[pool-1-thread-4] INFO net.thucydides.core.reports.json.JSONTestOutcomeReporter - Generating JSON report for VIR-137.04 Verify that in the List view the following info is shown to file /Users/rodionsavchuk/hybrisAutomation/virco-automatedtests/target/site/serenity/492108091097b8f1a9b1f860ede4bcf742b38d74fb739ac7ab3bec842b5bcb07.json (using temp file /Users/rodionsavchuk/hybrisAutomation/virco-automatedtests/target/site/serenity/492108091097b8f1a9b1f860ede4bcf742b38d74fb739ac7ab3bec842b5bcb07.json22ce0e04-7697-4c12-9bea-662ed2cda434)
[pool-1-thread-2] INFO net.thucydides.core.reports.json.JSONTestOutcomeReporter - Generating JSON report for VIR-137.05 Verify that the list of products is the same in both views to file /Users/rodionsavchuk/hybrisAutomation/virco-automatedtests/target/site/serenity/ae1db428932e82981303203bdc6eb851846608ccd30fa908f4f5b446cb968075.json (using temp file /Users/rodionsavchuk/hybrisAutomation/virco-automatedtests/target/site/serenity/ae1db428932e82981303203bdc6eb851846608ccd30fa908f4f5b446cb968075.json528d62e3-0c07-4a3d-ba10-815b3b6450a8)
[pool-1-thread-3] INFO net.thucydides.core.reports.json.JSONTestOutcomeReporter - Generating JSON report for VIR-137.03 Verify that in the grid view the following product info is shown to file /Users/rodionsavchuk/hybrisAutomation/virco-automatedtests/target/site/serenity/2d367fe8d4e995fe7f0f69d3d29f47666f1d4fd6318f8f9dd42678280fb025a4.json (using temp file /Users/rodionsavchuk/hybrisAutomation/virco-automatedtests/target/site/serenity/2d367fe8d4e995fe7f0f69d3d29f47666f1d4fd6318f8f9dd42678280fb025a4.json5c936fdf-39d2-45ab-8afe-9aeb18bc09a3)
[pool-1-thread-4] INFO net.thucydides.core.reports.json.JSONTestOutcomeReporter - Generating JSON report for VIR-251.01 Verify that the amount of products per opened page is shown to file /Users/rodionsavchuk/hybrisAutomation/virco-automatedtests/target/site/serenity/2c0ae4476567833206363958c76f43f0bea266ccf19875e0be388e0105241b80.json (using temp file /Users/rodionsavchuk/hybrisAutomation/virco-automatedtests/target/site/serenity/2c0ae4476567833206363958c76f43f0bea266ccf19875e0be388e0105241b80.json8007e766-8630-4494-9cf0-d673ef2f4c51)
[pool-1-thread-1] INFO net.thucydides.core.reports.json.JSONTestOutcomeReporter - Generating JSON report for VIR-251.02 Verify that the 20 products are shown per page to file /Users/rodionsavchuk/hybrisAutomation/virco-automatedtests/target/site/serenity/3e2f2a51405f3fa5f517d1a92fb6c7f2d63a08226c65dc48dfcdfc1de866d2f3.json (using temp file /Users/rodionsavchuk/hybrisAutomation/virco-automatedtests/target/site/serenity/3e2f2a51405f3fa5f517d1a92fb6c7f2d63a08226c65dc48dfcdfc1de866d2f3.jsona2371d19-7690-4108-ab49-a5aa60430a3e)
[pool-1-thread-2] INFO net.thucydides.core.reports.json.JSONTestOutcomeReporter - Generating JSON report for VIR-251.03 Verify that the last page shows the appropriate number of items to file /Users/rodionsavchuk/hybrisAutomation/virco-automatedtests/target/site/serenity/203add71e1553852782b06b46ad692a125d7913e1dcdfa1bc77d21975adc91d3.json (using temp file /Users/rodionsavchuk/hybrisAutomation/virco-automatedtests/target/site/serenity/203add71e1553852782b06b46ad692a125d7913e1dcdfa1bc77d21975adc91d3.json899c3318-9c71-47fc-af26-fbeba035be1a)
[pool-1-thread-4] INFO net.thucydides.core.reports.json.JSONTestOutcomeReporter - Generating JSON report for VIR-138.01 Verify that the pagination is shown above and below the list of products to file /Users/rodionsavchuk/hybrisAutomation/virco-automatedtests/target/site/serenity/9771603025f14f96b272fa21dca31889f195c9a9337b95fbf5eab3295a9e05a4.json (using temp file /Users/rodionsavchuk/hybrisAutomation/virco-automatedtests/target/site/serenity/9771603025f14f96b272fa21dca31889f195c9a9337b95fbf5eab3295a9e05a4.json0bc9be72-b37d-4d8d-8c58-4f909d327a78)
[pool-1-thread-2] INFO net.thucydides.core.reports.json.JSONTestOutcomeReporter - Generating JSON report for VIR-592.01 Verify that the pagination is shown above and below the list of products on search page to file /Users/rodionsavchuk/hybrisAutomation/virco-automatedtests/target/site/serenity/5184d7acbfb3ebe8e1ad1150664aad7942651d17649b17c3849d0eea482d8652.json (using temp file /Users/rodionsavchuk/hybrisAutomation/virco-automatedtests/target/site/serenity/5184d7acbfb3ebe8e1ad1150664aad7942651d17649b17c3849d0eea482d8652.json71322d3a-f138-4aac-9c63-1b8193985fb4)
[pool-1-thread-1] INFO net.thucydides.core.reports.json.JSONTestOutcomeReporter - Generating JSON report for VIR-138.02 Verify that the pagination is suppressed, if only one page of products exist to file /Users/rodionsavchuk/hybrisAutomation/virco-automatedtests/target/site/serenity/ac84c28d9514fcaca1cb434f3db75c589b46912734ad917fa2234bd7cc42f0e5.json (using temp file /Users/rodionsavchuk/hybrisAutomation/virco-automatedtests/target/site/serenity/ac84c28d9514fcaca1cb434f3db75c589b46912734ad917fa2234bd7cc42f0e5.json60dc42f5-1792-4440-b6e1-6677d3369c23)
[pool-1-thread-4] INFO net.thucydides.core.reports.json.JSONTestOutcomeReporter - Generating JSON report for VIR-138.03 Verify that the last page is shown when customer enters the page number that is bigger than the existed one to file /Users/rodionsavchuk/hybrisAutomation/virco-automatedtests/target/site/serenity/56575217a2a4b5789d81c4200cecfbe74728dc79b7cd6d8ac27653a8d3f85ecb.json (using temp file /Users/rodionsavchuk/hybrisAutomation/virco-automatedtests/target/site/serenity/56575217a2a4b5789d81c4200cecfbe74728dc79b7cd6d8ac27653a8d3f85ecb.json299f8d7e-74a8-48ec-935b-8a2dd9f34ebe)
[pool-1-thread-3] INFO net.thucydides.core.reports.json.JSONTestOutcomeReporter - Generating JSON report for VIR-138.04 Verity that the first page is shown when customer enters the 0 to file /Users/rodionsavchuk/hybrisAutomation/virco-automatedtests/target/site/serenity/1c8a1b4b43701bd1338632b88eb6b64df9b65fadafecbf38fec7c32d2408f09b.json (using temp file /Users/rodionsavchuk/hybrisAutomation/virco-automatedtests/target/site/serenity/1c8a1b4b43701bd1338632b88eb6b64df9b65fadafecbf38fec7c32d2408f09b.json6134faae-d688-4191-bd1c-18f0deb36c02)
[pool-1-thread-4] INFO net.thucydides.core.reports.json.JSONTestOutcomeReporter - Generating JSON report for VIR-138.05 Verify that any other data can't be entered except integer to file /Users/rodionsavchuk/hybrisAutomation/virco-automatedtests/target/site/serenity/732f150ffc6c82e48b678a4e7112835fdf284ee6b7c57b8f50df671b5a3f74ae.json (using temp file /Users/rodionsavchuk/hybrisAutomation/virco-automatedtests/target/site/serenity/732f150ffc6c82e48b678a4e7112835fdf284ee6b7c57b8f50df671b5a3f74ae.jsoneb121689-3e69-4548-ab69-74079fcca023)
[pool-1-thread-2] INFO net.thucydides.core.reports.json.JSONTestOutcomeReporter - Generating JSON report for VIR-138.06 Verify that any other data can't be entered except integer using context paste to file /Users/rodionsavchuk/hybrisAutomation/virco-automatedtests/target/site/serenity/57135e94eed8cc11fc55734a7c503a70dc363381dabf570e05c256f3e9e11571.json (using temp file /Users/rodionsavchuk/hybrisAutomation/virco-automatedtests/target/site/serenity/57135e94eed8cc11fc55734a7c503a70dc363381dabf570e05c256f3e9e11571.jsonb78dcee3-2d84-40aa-a0c7-12bc2095ac1c)
[pool-1-thread-1] INFO net.thucydides.core.reports.json.JSONTestOutcomeReporter - Generating JSON report for VIR-138.07 Verify that the sorting/filtering is not cleared while navigating through the pages in the current way to file /Users/rodionsavchuk/hybrisAutomation/virco-automatedtests/target/site/serenity/9c486c2a7fbaca4d17050cd5542d3a8caf0a296ddf026c6149fc129a58edffc6.json (using temp file /Users/rodionsavchuk/hybrisAutomation/virco-automatedtests/target/site/serenity/9c486c2a7fbaca4d17050cd5542d3a8caf0a296ddf026c6149fc129a58edffc6.jsona81faff2-1e18-46b0-aead-f7688aa883de)
[pool-1-thread-4] INFO net.thucydides.core.reports.json.JSONTestOutcomeReporter - Generating JSON report for VIR-138.08 Verify that the customer is able to enter the page number to navigate into it on the Category page to file /Users/rodionsavchuk/hybrisAutomation/virco-automatedtests/target/site/serenity/d901a04c74ffc4b4edd5039d007ea6284c936f13937174647f15ada4b2f63380.json (using temp file /Users/rodionsavchuk/hybrisAutomation/virco-automatedtests/target/site/serenity/d901a04c74ffc4b4edd5039d007ea6284c936f13937174647f15ada4b2f63380.json81c6dbde-9ae5-433e-b83a-5e8afa887b02)
[pool-1-thread-2] INFO net.thucydides.core.reports.json.JSONTestOutcomeReporter - Generating JSON report for VIR-138.09 Verify that the customer is able to enter the page number to navigate into it on the Search result page to file /Users/rodionsavchuk/hybrisAutomation/virco-automatedtests/target/site/serenity/93693134ebc7873775c4933a1d9adb4ef57c10c8386432a03157dea73460df26.json (using temp file /Users/rodionsavchuk/hybrisAutomation/virco-automatedtests/target/site/serenity/93693134ebc7873775c4933a1d9adb4ef57c10c8386432a03157dea73460df26.json55dcf329-7643-4de4-bfd1-dad7b448be4e)
[pool-1-thread-4] INFO net.thucydides.core.reports.json.JSONTestOutcomeReporter - Generating JSON report for VIR-139.01 Verify that the first/last/next pages are shown above and below the list of products to file /Users/rodionsavchuk/hybrisAutomation/virco-automatedtests/target/site/serenity/4dbac56f29c4074e92c92b0b0ef1d484ab71ee4922840f44cb1448588a9a946d.json (using temp file /Users/rodionsavchuk/hybrisAutomation/virco-automatedtests/target/site/serenity/4dbac56f29c4074e92c92b0b0ef1d484ab71ee4922840f44cb1448588a9a946d.jsond9f372fa-8e83-4c3c-bd36-d31df62f3707)
[pool-1-thread-1] INFO net.thucydides.core.reports.json.JSONTestOutcomeReporter - Generating JSON report for VIR-139.02 Verify that the customer is able to navigate through the previous, next, last pages on Category page to file /Users/rodionsavchuk/hybrisAutomation/virco-automatedtests/target/site/serenity/f7f5a393330d58d59b5ef1cad0ed5f5d18670b2b32bdfd893a5d5973b97901b3.json (using temp file /Users/rodionsavchuk/hybrisAutomation/virco-automatedtests/target/site/serenity/f7f5a393330d58d59b5ef1cad0ed5f5d18670b2b32bdfd893a5d5973b97901b3.json9b3593eb-98d7-46d2-9ccb-a4d82dc68887)
[pool-1-thread-2] INFO net.thucydides.core.reports.json.JSONTestOutcomeReporter - Generating JSON report for VIR-139.03 Verify that the customer is able to navigate through the previous, next, last pages on Search result page to file /Users/rodionsavchuk/hybrisAutomation/virco-automatedtests/target/site/serenity/c3ae4d5c97cf60173b31c8b8a7af26c4bfec9b28004b85bf45f584acba163a05.json (using temp file /Users/rodionsavchuk/hybrisAutomation/virco-automatedtests/target/site/serenity/c3ae4d5c97cf60173b31c8b8a7af26c4bfec9b28004b85bf45f584acba163a05.json705bb616-6788-4ebb-a78c-9d682b89626a)
[pool-1-thread-3] INFO net.thucydides.core.reports.json.JSONTestOutcomeReporter - Generating JSON report for VIR-139.04 Verify that the previous/ first page is disabled, when customer is on the first pages for Category page to file /Users/rodionsavchuk/hybrisAutomation/virco-automatedtests/target/site/serenity/007583efbcfc7371987f2169b25295c52ee7f5b46e412d21bf5bcd3e1826a4b7.json (using temp file /Users/rodionsavchuk/hybrisAutomation/virco-automatedtests/target/site/serenity/007583efbcfc7371987f2169b25295c52ee7f5b46e412d21bf5bcd3e1826a4b7.json445d639d-1295-4078-99dd-e4f3bc3f0083)
[pool-1-thread-4] INFO net.thucydides.core.reports.json.JSONTestOutcomeReporter - Generating JSON report for VIR-139.05 Verify that the previous/ first page is disabled, when customer is on the first pages for Search result page to file /Users/rodionsavchuk/hybrisAutomation/virco-automatedtests/target/site/serenity/10cb99a196bb72210a90891f5bcaae8347e46081ec5aa50374e857b724f12851.json (using temp file /Users/rodionsavchuk/hybrisAutomation/virco-automatedtests/target/site/serenity/10cb99a196bb72210a90891f5bcaae8347e46081ec5aa50374e857b724f12851.json7fb80a42-13af-4835-83a0-5385a8a4d04b)
[pool-1-thread-2] INFO net.thucydides.core.reports.html.HtmlAcceptanceTestReporter - GENERATING HTML REPORT FOR CAT-1 - Grid/List View Toggle:VIR-137.02 Verify that the customer can switch the view of products into grid, list in cdb7752ae4e635597dc73730ce49dc450174bfbf736b9ef32175a8b54c56e86c.html in directory target/site/serenity  
[pool-1-thread-4] INFO net.thucydides.core.reports.html.HtmlAcceptanceTestReporter - GENERATING HTML REPORT FOR CAT-1 - Grid/List View Toggle:VIR-137.03 Verify that in the grid view the following product info is shown in 2d367fe8d4e995fe7f0f69d3d29f47666f1d4fd6318f8f9dd42678280fb025a4.html in directory target/site/serenity  
[pool-1-thread-3] INFO net.thucydides.core.reports.html.HtmlAcceptanceTestReporter - GENERATING HTML REPORT FOR CAT-1 - Grid/List View Toggle:VIR-790.01 Verify that the customer can switch the view of products into grid, list on search page in 79c89f5c9fd1ad2a8c101b5f0410c8b569b0435ef40abf20f63e096a8d5de34e.html in directory target/site/serenity  
[pool-1-thread-1] INFO net.thucydides.core.reports.html.HtmlAcceptanceTestReporter - GENERATING HTML REPORT FOR CAT-1 - Grid/List View Toggle:VIR-137.01 Verify that the toggle button is shown above the products in ed05f0ebcdeb7ab8ce4053f5e77c2e104b16083b38ff0389ff4683e6797df73a.html in directory target/site/serenity  
[pool-1-thread-3] INFO net.thucydides.core.reports.html.HtmlAcceptanceTestReporter - GENERATING HTML REPORT FOR CAT-1 - Grid/List View Toggle:VIR-137.05 Verify that the list of products is the same in both views in ae1db428932e82981303203bdc6eb851846608ccd30fa908f4f5b446cb968075.html in directory target/site/serenity  
[pool-1-thread-4] INFO net.thucydides.core.reports.html.HtmlAcceptanceTestReporter - GENERATING HTML REPORT FOR CAT-1 - Grid/List View Toggle:VIR-137.04 Verify that in the List view the following info is shown in 492108091097b8f1a9b1f860ede4bcf742b38d74fb739ac7ab3bec842b5bcb07.html in directory target/site/serenity  
[pool-1-thread-2] INFO net.thucydides.core.reports.html.HtmlAcceptanceTestReporter - GENERATING HTML REPORT FOR CAT-2 - Numeration Display:VIR-251.01 Verify that the amount of products per opened page is shown in 2c0ae4476567833206363958c76f43f0bea266ccf19875e0be388e0105241b80.html in directory target/site/serenity  
[pool-1-thread-2] INFO net.thucydides.core.reports.html.HtmlAcceptanceTestReporter - GENERATING HTML REPORT FOR CAT-2 - Numeration Display:VIR-251.02 Verify that the 20 products are shown per page in 3e2f2a51405f3fa5f517d1a92fb6c7f2d63a08226c65dc48dfcdfc1de866d2f3.html in directory target/site/serenity  
[pool-1-thread-1] INFO net.thucydides.core.reports.html.HtmlAcceptanceTestReporter - GENERATING HTML REPORT FOR CAT-2 - Numeration Display:VIR-251.03 Verify that the last page shows the appropriate number of items in 203add71e1553852782b06b46ad692a125d7913e1dcdfa1bc77d21975adc91d3.html in directory target/site/serenity  
[pool-1-thread-4] INFO net.thucydides.core.reports.html.HtmlAcceptanceTestReporter - GENERATING HTML REPORT FOR CAT-3 - Pagination:VIR-138.01 Verify that the pagination is shown above and below the list of products in 9771603025f14f96b272fa21dca31889f195c9a9337b95fbf5eab3295a9e05a4.html in directory target/site/serenity  
[pool-1-thread-2] INFO net.thucydides.core.reports.html.HtmlAcceptanceTestReporter - GENERATING HTML REPORT FOR CAT-3 - Pagination:VIR-592.01 Verify that the pagination is shown above and below the list of products on search page in 5184d7acbfb3ebe8e1ad1150664aad7942651d17649b17c3849d0eea482d8652.html in directory target/site/serenity  
[pool-1-thread-4] INFO net.thucydides.core.reports.html.HtmlAcceptanceTestReporter - GENERATING HTML REPORT FOR CAT-3 - Pagination:VIR-138.03 Verify that the last page is shown when customer enters the page number that is bigger than the existed one in 56575217a2a4b5789d81c4200cecfbe74728dc79b7cd6d8ac27653a8d3f85ecb.html in directory target/site/serenity  
[pool-1-thread-2] INFO net.thucydides.core.reports.html.HtmlAcceptanceTestReporter - GENERATING HTML REPORT FOR CAT-3 - Pagination:VIR-138.04 Verity that the first page is shown when customer enters the 0 in 1c8a1b4b43701bd1338632b88eb6b64df9b65fadafecbf38fec7c32d2408f09b.html in directory target/site/serenity  
[pool-1-thread-1] INFO net.thucydides.core.reports.html.HtmlAcceptanceTestReporter - GENERATING HTML REPORT FOR CAT-3 - Pagination:VIR-138.02 Verify that the pagination is suppressed, if only one page of products exist in ac84c28d9514fcaca1cb434f3db75c589b46912734ad917fa2234bd7cc42f0e5.html in directory target/site/serenity  
[pool-1-thread-4] INFO net.thucydides.core.reports.html.HtmlAcceptanceTestReporter - GENERATING HTML REPORT FOR CAT-3 - Pagination:VIR-138.05 Verify that any other data can't be entered except integer in 732f150ffc6c82e48b678a4e7112835fdf284ee6b7c57b8f50df671b5a3f74ae.html in directory target/site/serenity  
[pool-1-thread-2] INFO net.thucydides.core.reports.html.HtmlAcceptanceTestReporter - GENERATING HTML REPORT FOR CAT-3 - Pagination:VIR-138.06 Verify that any other data can't be entered except integer using context paste in 57135e94eed8cc11fc55734a7c503a70dc363381dabf570e05c256f3e9e11571.html in directory target/site/serenity  
[pool-1-thread-1] INFO net.thucydides.core.reports.html.HtmlAcceptanceTestReporter - GENERATING HTML REPORT FOR CAT-3 - Pagination:VIR-138.07 Verify that the sorting/filtering is not cleared while navigating through the pages in the current way in 9c486c2a7fbaca4d17050cd5542d3a8caf0a296ddf026c6149fc129a58edffc6.html in directory target/site/serenity  
[pool-1-thread-4] INFO net.thucydides.core.reports.html.HtmlAcceptanceTestReporter - GENERATING HTML REPORT FOR CAT-3 - Pagination:VIR-138.08 Verify that the customer is able to enter the page number to navigate into it on the Category page in d901a04c74ffc4b4edd5039d007ea6284c936f13937174647f15ada4b2f63380.html in directory target/site/serenity  
[pool-1-thread-2] INFO net.thucydides.core.reports.html.HtmlAcceptanceTestReporter - GENERATING HTML REPORT FOR CAT-3 - Pagination:VIR-138.09 Verify that the customer is able to enter the page number to navigate into it on the Search result page in 93693134ebc7873775c4933a1d9adb4ef57c10c8386432a03157dea73460df26.html in directory target/site/serenity  
[pool-1-thread-4] INFO net.thucydides.core.reports.html.HtmlAcceptanceTestReporter - GENERATING HTML REPORT FOR CAT-4 - Page Navigation:VIR-139.01 Verify that the first/last/next pages are shown above and below the list of products in 4dbac56f29c4074e92c92b0b0ef1d484ab71ee4922840f44cb1448588a9a946d.html in directory target/site/serenity  
[pool-1-thread-2] INFO net.thucydides.core.reports.html.HtmlAcceptanceTestReporter - GENERATING HTML REPORT FOR CAT-4 - Page Navigation:VIR-139.02 Verify that the customer is able to navigate through the previous, next, last pages on Category page in f7f5a393330d58d59b5ef1cad0ed5f5d18670b2b32bdfd893a5d5973b97901b3.html in directory target/site/serenity  
[pool-1-thread-4] INFO net.thucydides.core.reports.html.HtmlAcceptanceTestReporter - GENERATING HTML REPORT FOR CAT-4 - Page Navigation:VIR-139.04 Verify that the previous/ first page is disabled, when customer is on the first pages for Category page in 007583efbcfc7371987f2169b25295c52ee7f5b46e412d21bf5bcd3e1826a4b7.html in directory target/site/serenity  
[pool-1-thread-1] INFO net.thucydides.core.reports.html.HtmlAcceptanceTestReporter - GENERATING HTML REPORT FOR CAT-4 - Page Navigation:VIR-139.03 Verify that the customer is able to navigate through the previous, next, last pages on Search result page in c3ae4d5c97cf60173b31c8b8a7af26c4bfec9b28004b85bf45f584acba163a05.html in directory target/site/serenity  
[pool-1-thread-3] INFO net.thucydides.core.reports.html.HtmlAcceptanceTestReporter - GENERATING HTML REPORT FOR CAT-4 - Page Navigation:VIR-139.05 Verify that the previous/ first page is disabled, when customer is on the first pages for Search result page in 10cb99a196bb72210a90891f5bcaae8347e46081ec5aa50374e857b724f12851.html in directory target/site/serenity  
[main] INFO net.serenitybdd.core.Serenity - 
 _____ _____ ____ _____   ____ _____  _    ____ _____ _____ ____  
|_   _| ____/ ___|_   _| / ___|_   _|/ \  |  _ \_   _| ____|  _ \ 
  | | |  _| \___ \ | |   \___ \ | | / _ \ | |_) || | |  _| | | | |
  | | | |___ ___) || |    ___) || |/ ___ \|  _ < | | | |___| |_| |
  |_| |_____|____/ |_|   |____/ |_/_/   \_\_| \_\|_| |_____|____/ 
                                                                  

TEST STARTED: VIR-139.06 Verify that the next/last page button is disabled, when customer is on the last pages for Category page
-------------------------------------------------------------------(cat-4---page-navigation;vir-139.06-verify-that-the-next/last-page-button-is-disabled,-when-customer-is-on-the-last-pages-for-category-page)
[main] INFO net.serenitybdd.core.Serenity - STARTING STEP Given open the site and login
[main] INFO net.serenitybdd.core.Serenity - STARTING STEP Open the site
[main] INFO net.serenitybdd.core.Serenity - STEP ERROR: net.serenitybdd.core.exceptions.SerenityManagedException: Could not initialize class com.virco.locators.SiteData
]]></system-err>
  </testcase>
  <testcase name="Scenario: VIR-139.06 Verify that the next/last page button is disabled, when customer is on the last pages for Category page" classname="Scenario: VIR-139.06 Verify that the next/last page button is disabled, when customer is on the last pages for Category page" time="0.002">
    <error message="Could not initialize class com.virco.locators.SiteData" type="net.serenitybdd.core.exceptions.SerenityManagedException"><![CDATA[net.serenitybdd.core.exceptions.SerenityManagedException: Could not initialize class com.virco.locators.SiteData
	at com.virco.steps.serenity.CommonUserSteps.openTheSite(CommonUserSteps.java:19)
	at com.virco.steps.serenity.CommonUserSteps$$EnhancerByCGLIB$$d8541bfa.CGLIB$openTheSite$6(<generated>)
	at com.virco.steps.serenity.CommonUserSteps$$EnhancerByCGLIB$$d8541bfa$$FastClassByCGLIB$$ea8e0f86.invoke(<generated>)
	at net.sf.cglib.proxy.MethodProxy.invokeSuper(MethodProxy.java:228)
	at net.thucydides.core.steps.StepInterceptor.invokeMethod(StepInterceptor.java:372)
	at net.thucydides.core.steps.StepInterceptor.executeTestStepMethod(StepInterceptor.java:357)
	at net.thucydides.core.steps.StepInterceptor.runTestStep(StepInterceptor.java:332)
	at net.thucydides.core.steps.StepInterceptor.testStepResult(StepInterceptor.java:134)
	at net.thucydides.core.steps.StepInterceptor.intercept(StepInterceptor.java:61)
	at com.virco.steps.serenity.CommonUserSteps$$EnhancerByCGLIB$$d8541bfa.openTheSite(<generated>)
	at com.virco.steps.CommonDefinitionSteps.openTheSiteAndLogin(CommonDefinitionSteps.java:72)
	at sun.reflect.GeneratedMethodAccessor143.invoke(Unknown Source)
	at sun.reflect.DelegatingMethodAccessorImpl.invoke(DelegatingMethodAccessorImpl.java:43)
	at java.lang.reflect.Method.invoke(Method.java:498)
	at cucumber.runtime.Utils$1.call(Utils.java:40)
	at cucumber.runtime.Timeout.timeout(Timeout.java:16)
	at cucumber.runtime.Utils.invoke(Utils.java:34)
	at cucumber.runtime.java.JavaStepDefinition.execute(JavaStepDefinition.java:38)
	at cucumber.runtime.StepDefinitionMatch.runStep(StepDefinitionMatch.java:37)
	at cucumber.runtime.Runtime.runStep(Runtime.java:300)
	at cucumber.runtime.model.StepContainer.runStep(StepContainer.java:44)
	at cucumber.runtime.model.StepContainer.runSteps(StepContainer.java:39)
	at cucumber.runtime.model.CucumberScenario.run(CucumberScenario.java:44)
	at cucumber.runtime.junit.ExecutionUnitRunner.run(ExecutionUnitRunner.java:102)
	at cucumber.runtime.junit.FeatureRunner.runChild(FeatureRunner.java:63)
	at cucumber.runtime.junit.FeatureRunner.runChild(FeatureRunner.java:18)
	at org.junit.runners.ParentRunner$3.run(ParentRunner.java:290)
	at org.junit.runners.ParentRunner$1.schedule(ParentRunner.java:71)
	at org.junit.runners.ParentRunner.runChildren(ParentRunner.java:288)
	at org.junit.runners.ParentRunner.access$000(ParentRunner.java:58)
	at org.junit.runners.ParentRunner$2.evaluate(ParentRunner.java:268)
	at org.junit.runners.ParentRunner.run(ParentRunner.java:363)
	at cucumber.runtime.junit.FeatureRunner.run(FeatureRunner.java:70)
	at cucumber.api.junit.Cucumber.runChild(Cucumber.java:95)
	at cucumber.api.junit.Cucumber.runChild(Cucumber.java:38)
	at org.junit.runners.ParentRunner$3.run(ParentRunner.java:290)
	at org.junit.runners.ParentRunner$1.schedule(ParentRunner.java:71)
	at org.junit.runners.ParentRunner.runChildren(ParentRunner.java:288)
	at org.junit.runners.ParentRunner.access$000(ParentRunner.java:58)
	at org.junit.runners.ParentRunner$2.evaluate(ParentRunner.java:268)
	at org.junit.runners.ParentRunner.run(ParentRunner.java:363)
	at cucumber.api.junit.Cucumber.run(Cucumber.java:100)
	at org.apache.maven.surefire.junit4.JUnit4Provider.execute(JUnit4Provider.java:283)
	at org.apache.maven.surefire.junit4.JUnit4Provider.executeWithRerun(JUnit4Provider.java:173)
	at org.apache.maven.surefire.junit4.JUnit4Provider.executeTestSet(JUnit4Provider.java:153)
	at org.apache.maven.surefire.junit4.JUnit4Provider.invoke(JUnit4Provider.java:128)
	at org.apache.maven.surefire.booter.ForkedBooter.invokeProviderInSameClassLoader(ForkedBooter.java:203)
	at org.apache.maven.surefire.booter.ForkedBooter.runSuitesInProcess(ForkedBooter.java:155)
	at org.apache.maven.surefire.booter.ForkedBooter.main(ForkedBooter.java:103)
]]></error>
  </testcase>
  <testcase name="When open category with pagination" classname="Scenario: VIR-139.06 Verify that the next/last page button is disabled, when customer is on the last pages for Category page" time="0">
    <skipped/>
    <system-err><![CDATA[[main] INFO net.serenitybdd.core.Serenity - STEP ERROR: java.lang.NoClassDefFoundError: Could not initialize class com.virco.locators.SiteData
[main] INFO net.serenitybdd.core.Serenity - STARTING STEP When open category with pagination
]]></system-err>
  </testcase>
  <testcase name="When click on &quot;last&quot; pagination button" classname="Scenario: VIR-139.06 Verify that the next/last page button is disabled, when customer is on the last pages for Category page" time="0">
    <skipped/>
    <system-err><![CDATA[[main] INFO net.serenitybdd.core.Serenity - IGNORING STEP
[main] INFO net.serenitybdd.core.Serenity - STARTING STEP When click on "last" pagination button
]]></system-err>
  </testcase>
  <testcase name="Then the next/last page button is disabled" classname="Scenario: VIR-139.06 Verify that the next/last page button is disabled, when customer is on the last pages for Category page" time="0">
    <skipped/>
    <system-err><![CDATA[[main] INFO net.serenitybdd.core.Serenity - IGNORING STEP
[main] INFO net.serenitybdd.core.Serenity - STARTING STEP Then the next/last page button is disabled
]]></system-err>
  </testcase>
  <testcase name="Given open the site and login" classname="Scenario: VIR-139.07 Verify that the next/last page button is disabled when customer is on the last page for Search result page" time="0.001">
    <error message="Could not initialize class com.virco.locators.SiteData" type="net.serenitybdd.core.exceptions.SerenityManagedException"><![CDATA[net.serenitybdd.core.exceptions.SerenityManagedException: Could not initialize class com.virco.locators.SiteData
	at com.virco.steps.serenity.CommonUserSteps.openTheSite(CommonUserSteps.java:19)
	at com.virco.steps.serenity.CommonUserSteps$$EnhancerByCGLIB$$d8541bfa.CGLIB$openTheSite$6(<generated>)
	at com.virco.steps.serenity.CommonUserSteps$$EnhancerByCGLIB$$d8541bfa$$FastClassByCGLIB$$ea8e0f86.invoke(<generated>)
	at net.sf.cglib.proxy.MethodProxy.invokeSuper(MethodProxy.java:228)
	at net.thucydides.core.steps.StepInterceptor.invokeMethod(StepInterceptor.java:372)
	at net.thucydides.core.steps.StepInterceptor.executeTestStepMethod(StepInterceptor.java:357)
	at net.thucydides.core.steps.StepInterceptor.runTestStep(StepInterceptor.java:332)
	at net.thucydides.core.steps.StepInterceptor.testStepResult(StepInterceptor.java:134)
	at net.thucydides.core.steps.StepInterceptor.intercept(StepInterceptor.java:61)
	at com.virco.steps.serenity.CommonUserSteps$$EnhancerByCGLIB$$d8541bfa.openTheSite(<generated>)
	at com.virco.steps.CommonDefinitionSteps.openTheSiteAndLogin(CommonDefinitionSteps.java:72)
	at sun.reflect.GeneratedMethodAccessor143.invoke(Unknown Source)
	at sun.reflect.DelegatingMethodAccessorImpl.invoke(DelegatingMethodAccessorImpl.java:43)
	at java.lang.reflect.Method.invoke(Method.java:498)
	at cucumber.runtime.Utils$1.call(Utils.java:40)
	at cucumber.runtime.Timeout.timeout(Timeout.java:16)
	at cucumber.runtime.Utils.invoke(Utils.java:34)
	at cucumber.runtime.java.JavaStepDefinition.execute(JavaStepDefinition.java:38)
	at cucumber.runtime.StepDefinitionMatch.runStep(StepDefinitionMatch.java:37)
	at cucumber.runtime.Runtime.runStep(Runtime.java:300)
	at cucumber.runtime.model.StepContainer.runStep(StepContainer.java:44)
	at cucumber.runtime.model.StepContainer.runSteps(StepContainer.java:39)
	at cucumber.runtime.model.CucumberScenario.run(CucumberScenario.java:44)
	at cucumber.runtime.junit.ExecutionUnitRunner.run(ExecutionUnitRunner.java:102)
	at cucumber.runtime.junit.FeatureRunner.runChild(FeatureRunner.java:63)
	at cucumber.runtime.junit.FeatureRunner.runChild(FeatureRunner.java:18)
	at org.junit.runners.ParentRunner$3.run(ParentRunner.java:290)
	at org.junit.runners.ParentRunner$1.schedule(ParentRunner.java:71)
	at org.junit.runners.ParentRunner.runChildren(ParentRunner.java:288)
	at org.junit.runners.ParentRunner.access$000(ParentRunner.java:58)
	at org.junit.runners.ParentRunner$2.evaluate(ParentRunner.java:268)
	at org.junit.runners.ParentRunner.run(ParentRunner.java:363)
	at cucumber.runtime.junit.FeatureRunner.run(FeatureRunner.java:70)
	at cucumber.api.junit.Cucumber.runChild(Cucumber.java:95)
	at cucumber.api.junit.Cucumber.runChild(Cucumber.java:38)
	at org.junit.runners.ParentRunner$3.run(ParentRunner.java:290)
	at org.junit.runners.ParentRunner$1.schedule(ParentRunner.java:71)
	at org.junit.runners.ParentRunner.runChildren(ParentRunner.java:288)
	at org.junit.runners.ParentRunner.access$000(ParentRunner.java:58)
	at org.junit.runners.ParentRunner$2.evaluate(ParentRunner.java:268)
	at org.junit.runners.ParentRunner.run(ParentRunner.java:363)
	at cucumber.api.junit.Cucumber.run(Cucumber.java:100)
	at org.apache.maven.surefire.junit4.JUnit4Provider.execute(JUnit4Provider.java:283)
	at org.apache.maven.surefire.junit4.JUnit4Provider.executeWithRerun(JUnit4Provider.java:173)
	at org.apache.maven.surefire.junit4.JUnit4Provider.executeTestSet(JUnit4Provider.java:153)
	at org.apache.maven.surefire.junit4.JUnit4Provider.invoke(JUnit4Provider.java:128)
	at org.apache.maven.surefire.booter.ForkedBooter.invokeProviderInSameClassLoader(ForkedBooter.java:203)
	at org.apache.maven.surefire.booter.ForkedBooter.runSuitesInProcess(ForkedBooter.java:155)
	at org.apache.maven.surefire.booter.ForkedBooter.main(ForkedBooter.java:103)
]]></error>
    <system-err><![CDATA[[main] INFO net.serenitybdd.core.Serenity - IGNORING STEP
[main] ERROR net.serenitybdd.core.Serenity - 
           __  _____ _____ ____ _____   _____ _    ___ _     _____ ____  
  _       / / |_   _| ____/ ___|_   _| |  ___/ \  |_ _| |   | ____|  _ \ 
 (_)_____| |    | | |  _| \___ \ | |   | |_ / _ \  | || |   |  _| | | | |
  _|_____| |    | | | |___ ___) || |   |  _/ ___ \ | || |___| |___| |_| |
 (_)     | |    |_| |_____|____/ |_|   |_|/_/   \_\___|_____|_____|____/ 
          \_\                                                            

TEST FAILED WITH ERROR: VIR-139.06 Verify that the next/last page button is disabled, when customer is on the last pages for Category page
---------------------------------------------------------------------
[main] ERROR net.serenitybdd.core.Serenity - TEST FAILED AT STEP Open the site
[main] ERROR net.serenitybdd.core.Serenity - Could not initialize class com.virco.locators.SiteData
[pool-1-thread-2] INFO net.thucydides.core.reports.json.JSONTestOutcomeReporter - Generating JSON report for VIR-137.01 Verify that the toggle button is shown above the products to file /Users/rodionsavchuk/hybrisAutomation/virco-automatedtests/target/site/serenity/ed05f0ebcdeb7ab8ce4053f5e77c2e104b16083b38ff0389ff4683e6797df73a.json (using temp file /Users/rodionsavchuk/hybrisAutomation/virco-automatedtests/target/site/serenity/ed05f0ebcdeb7ab8ce4053f5e77c2e104b16083b38ff0389ff4683e6797df73a.json39c6ca35-a76a-44c2-9ac8-9b512ebc5358)
[pool-1-thread-4] INFO net.thucydides.core.reports.json.JSONTestOutcomeReporter - Generating JSON report for VIR-137.02 Verify that the customer can switch the view of products into grid, list to file /Users/rodionsavchuk/hybrisAutomation/virco-automatedtests/target/site/serenity/cdb7752ae4e635597dc73730ce49dc450174bfbf736b9ef32175a8b54c56e86c.json (using temp file /Users/rodionsavchuk/hybrisAutomation/virco-automatedtests/target/site/serenity/cdb7752ae4e635597dc73730ce49dc450174bfbf736b9ef32175a8b54c56e86c.jsona39d72cd-fff5-499e-af1b-1e20dbc7113c)
[pool-1-thread-1] INFO net.thucydides.core.reports.json.JSONTestOutcomeReporter - Generating JSON report for VIR-790.01 Verify that the customer can switch the view of products into grid, list on search page to file /Users/rodionsavchuk/hybrisAutomation/virco-automatedtests/target/site/serenity/79c89f5c9fd1ad2a8c101b5f0410c8b569b0435ef40abf20f63e096a8d5de34e.json (using temp file /Users/rodionsavchuk/hybrisAutomation/virco-automatedtests/target/site/serenity/79c89f5c9fd1ad2a8c101b5f0410c8b569b0435ef40abf20f63e096a8d5de34e.jsonf2ba41ee-0a5c-412d-832b-72aaf07ad5c3)
[pool-1-thread-3] INFO net.thucydides.core.reports.json.JSONTestOutcomeReporter - Generating JSON report for VIR-137.03 Verify that in the grid view the following product info is shown to file /Users/rodionsavchuk/hybrisAutomation/virco-automatedtests/target/site/serenity/2d367fe8d4e995fe7f0f69d3d29f47666f1d4fd6318f8f9dd42678280fb025a4.json (using temp file /Users/rodionsavchuk/hybrisAutomation/virco-automatedtests/target/site/serenity/2d367fe8d4e995fe7f0f69d3d29f47666f1d4fd6318f8f9dd42678280fb025a4.json26f428c8-1331-4aa2-8904-5af80c9817b1)
[pool-1-thread-2] INFO net.thucydides.core.reports.json.JSONTestOutcomeReporter - Generating JSON report for VIR-137.04 Verify that in the List view the following info is shown to file /Users/rodionsavchuk/hybrisAutomation/virco-automatedtests/target/site/serenity/492108091097b8f1a9b1f860ede4bcf742b38d74fb739ac7ab3bec842b5bcb07.json (using temp file /Users/rodionsavchuk/hybrisAutomation/virco-automatedtests/target/site/serenity/492108091097b8f1a9b1f860ede4bcf742b38d74fb739ac7ab3bec842b5bcb07.json2e3bc982-bba7-4df7-a253-7324ee4bc27d)
[pool-1-thread-1] INFO net.thucydides.core.reports.json.JSONTestOutcomeReporter - Generating JSON report for VIR-251.01 Verify that the amount of products per opened page is shown to file /Users/rodionsavchuk/hybrisAutomation/virco-automatedtests/target/site/serenity/2c0ae4476567833206363958c76f43f0bea266ccf19875e0be388e0105241b80.json (using temp file /Users/rodionsavchuk/hybrisAutomation/virco-automatedtests/target/site/serenity/2c0ae4476567833206363958c76f43f0bea266ccf19875e0be388e0105241b80.json00e14676-7edf-444f-ad29-1fffdcedab72)
[pool-1-thread-3] INFO net.thucydides.core.reports.json.JSONTestOutcomeReporter - Generating JSON report for VIR-137.05 Verify that the list of products is the same in both views to file /Users/rodionsavchuk/hybrisAutomation/virco-automatedtests/target/site/serenity/ae1db428932e82981303203bdc6eb851846608ccd30fa908f4f5b446cb968075.json (using temp file /Users/rodionsavchuk/hybrisAutomation/virco-automatedtests/target/site/serenity/ae1db428932e82981303203bdc6eb851846608ccd30fa908f4f5b446cb968075.json5f49a03c-2877-4775-94e4-ac86e0be6b66)
[pool-1-thread-2] INFO net.thucydides.core.reports.json.JSONTestOutcomeReporter - Generating JSON report for VIR-251.03 Verify that the last page shows the appropriate number of items to file /Users/rodionsavchuk/hybrisAutomation/virco-automatedtests/target/site/serenity/203add71e1553852782b06b46ad692a125d7913e1dcdfa1bc77d21975adc91d3.json (using temp file /Users/rodionsavchuk/hybrisAutomation/virco-automatedtests/target/site/serenity/203add71e1553852782b06b46ad692a125d7913e1dcdfa1bc77d21975adc91d3.json31fb737a-4c92-40c7-949e-d150541c94ca)
[pool-1-thread-4] INFO net.thucydides.core.reports.json.JSONTestOutcomeReporter - Generating JSON report for VIR-251.02 Verify that the 20 products are shown per page to file /Users/rodionsavchuk/hybrisAutomation/virco-automatedtests/target/site/serenity/3e2f2a51405f3fa5f517d1a92fb6c7f2d63a08226c65dc48dfcdfc1de866d2f3.json (using temp file /Users/rodionsavchuk/hybrisAutomation/virco-automatedtests/target/site/serenity/3e2f2a51405f3fa5f517d1a92fb6c7f2d63a08226c65dc48dfcdfc1de866d2f3.jsondf90d80f-f23d-431f-bbe7-1ce28ef15e79)
[pool-1-thread-2] INFO net.thucydides.core.reports.json.JSONTestOutcomeReporter - Generating JSON report for VIR-138.01 Verify that the pagination is shown above and below the list of products to file /Users/rodionsavchuk/hybrisAutomation/virco-automatedtests/target/site/serenity/9771603025f14f96b272fa21dca31889f195c9a9337b95fbf5eab3295a9e05a4.json (using temp file /Users/rodionsavchuk/hybrisAutomation/virco-automatedtests/target/site/serenity/9771603025f14f96b272fa21dca31889f195c9a9337b95fbf5eab3295a9e05a4.jsoncb578be4-14ad-4acc-9b17-f773761aa5cc)
[pool-1-thread-1] INFO net.thucydides.core.reports.json.JSONTestOutcomeReporter - Generating JSON report for VIR-592.01 Verify that the pagination is shown above and below the list of products on search page to file /Users/rodionsavchuk/hybrisAutomation/virco-automatedtests/target/site/serenity/5184d7acbfb3ebe8e1ad1150664aad7942651d17649b17c3849d0eea482d8652.json (using temp file /Users/rodionsavchuk/hybrisAutomation/virco-automatedtests/target/site/serenity/5184d7acbfb3ebe8e1ad1150664aad7942651d17649b17c3849d0eea482d8652.json93ae8c56-5be8-4cf3-b0f1-4fcc2525b4a1)
[pool-1-thread-3] INFO net.thucydides.core.reports.json.JSONTestOutcomeReporter - Generating JSON report for VIR-138.02 Verify that the pagination is suppressed, if only one page of products exist to file /Users/rodionsavchuk/hybrisAutomation/virco-automatedtests/target/site/serenity/ac84c28d9514fcaca1cb434f3db75c589b46912734ad917fa2234bd7cc42f0e5.json (using temp file /Users/rodionsavchuk/hybrisAutomation/virco-automatedtests/target/site/serenity/ac84c28d9514fcaca1cb434f3db75c589b46912734ad917fa2234bd7cc42f0e5.json4fb83b80-a4bb-44e9-8ffa-e08df5043822)
[pool-1-thread-4] INFO net.thucydides.core.reports.json.JSONTestOutcomeReporter - Generating JSON report for VIR-138.03 Verify that the last page is shown when customer enters the page number that is bigger than the existed one to file /Users/rodionsavchuk/hybrisAutomation/virco-automatedtests/target/site/serenity/56575217a2a4b5789d81c4200cecfbe74728dc79b7cd6d8ac27653a8d3f85ecb.json (using temp file /Users/rodionsavchuk/hybrisAutomation/virco-automatedtests/target/site/serenity/56575217a2a4b5789d81c4200cecfbe74728dc79b7cd6d8ac27653a8d3f85ecb.jsonf08125e4-572c-4d73-a67f-a76a1446a1d0)
[pool-1-thread-2] INFO net.thucydides.core.reports.json.JSONTestOutcomeReporter - Generating JSON report for VIR-138.04 Verity that the first page is shown when customer enters the 0 to file /Users/rodionsavchuk/hybrisAutomation/virco-automatedtests/target/site/serenity/1c8a1b4b43701bd1338632b88eb6b64df9b65fadafecbf38fec7c32d2408f09b.json (using temp file /Users/rodionsavchuk/hybrisAutomation/virco-automatedtests/target/site/serenity/1c8a1b4b43701bd1338632b88eb6b64df9b65fadafecbf38fec7c32d2408f09b.jsonce7deba5-2c5c-480e-9c6b-e55eeee50ef4)
[pool-1-thread-3] INFO net.thucydides.core.reports.json.JSONTestOutcomeReporter - Generating JSON report for VIR-138.06 Verify that any other data can't be entered except integer using context paste to file /Users/rodionsavchuk/hybrisAutomation/virco-automatedtests/target/site/serenity/57135e94eed8cc11fc55734a7c503a70dc363381dabf570e05c256f3e9e11571.json (using temp file /Users/rodionsavchuk/hybrisAutomation/virco-automatedtests/target/site/serenity/57135e94eed8cc11fc55734a7c503a70dc363381dabf570e05c256f3e9e11571.json286e117e-1022-482d-bd9f-b532ba9a9840)
[pool-1-thread-1] INFO net.thucydides.core.reports.json.JSONTestOutcomeReporter - Generating JSON report for VIR-138.05 Verify that any other data can't be entered except integer to file /Users/rodionsavchuk/hybrisAutomation/virco-automatedtests/target/site/serenity/732f150ffc6c82e48b678a4e7112835fdf284ee6b7c57b8f50df671b5a3f74ae.json (using temp file /Users/rodionsavchuk/hybrisAutomation/virco-automatedtests/target/site/serenity/732f150ffc6c82e48b678a4e7112835fdf284ee6b7c57b8f50df671b5a3f74ae.json0aad4495-e8f2-4fc8-a214-f11db4b6f901)
[pool-1-thread-4] INFO net.thucydides.core.reports.json.JSONTestOutcomeReporter - Generating JSON report for VIR-138.07 Verify that the sorting/filtering is not cleared while navigating through the pages in the current way to file /Users/rodionsavchuk/hybrisAutomation/virco-automatedtests/target/site/serenity/9c486c2a7fbaca4d17050cd5542d3a8caf0a296ddf026c6149fc129a58edffc6.json (using temp file /Users/rodionsavchuk/hybrisAutomation/virco-automatedtests/target/site/serenity/9c486c2a7fbaca4d17050cd5542d3a8caf0a296ddf026c6149fc129a58edffc6.jsonac1e2d97-884b-4d18-82ad-e1dee6ec5bdd)
[pool-1-thread-3] INFO net.thucydides.core.reports.json.JSONTestOutcomeReporter - Generating JSON report for VIR-138.08 Verify that the customer is able to enter the page number to navigate into it on the Category page to file /Users/rodionsavchuk/hybrisAutomation/virco-automatedtests/target/site/serenity/d901a04c74ffc4b4edd5039d007ea6284c936f13937174647f15ada4b2f63380.json (using temp file /Users/rodionsavchuk/hybrisAutomation/virco-automatedtests/target/site/serenity/d901a04c74ffc4b4edd5039d007ea6284c936f13937174647f15ada4b2f63380.jsoncf238f6d-58b0-426b-945b-68cba5d646ab)
[pool-1-thread-2] INFO net.thucydides.core.reports.json.JSONTestOutcomeReporter - Generating JSON report for VIR-139.01 Verify that the first/last/next pages are shown above and below the list of products to file /Users/rodionsavchuk/hybrisAutomation/virco-automatedtests/target/site/serenity/4dbac56f29c4074e92c92b0b0ef1d484ab71ee4922840f44cb1448588a9a946d.json (using temp file /Users/rodionsavchuk/hybrisAutomation/virco-automatedtests/target/site/serenity/4dbac56f29c4074e92c92b0b0ef1d484ab71ee4922840f44cb1448588a9a946d.jsonbe2b7ad6-1845-4f1f-aada-8fa30c9e33a3)
[pool-1-thread-1] INFO net.thucydides.core.reports.json.JSONTestOutcomeReporter - Generating JSON report for VIR-138.09 Verify that the customer is able to enter the page number to navigate into it on the Search result page to file /Users/rodionsavchuk/hybrisAutomation/virco-automatedtests/target/site/serenity/93693134ebc7873775c4933a1d9adb4ef57c10c8386432a03157dea73460df26.json (using temp file /Users/rodionsavchuk/hybrisAutomation/virco-automatedtests/target/site/serenity/93693134ebc7873775c4933a1d9adb4ef57c10c8386432a03157dea73460df26.jsonf7ec569c-866a-4ab1-ab13-a802cf8be278)
[pool-1-thread-2] INFO net.thucydides.core.reports.json.JSONTestOutcomeReporter - Generating JSON report for VIR-139.02 Verify that the customer is able to navigate through the previous, next, last pages on Category page to file /Users/rodionsavchuk/hybrisAutomation/virco-automatedtests/target/site/serenity/f7f5a393330d58d59b5ef1cad0ed5f5d18670b2b32bdfd893a5d5973b97901b3.json (using temp file /Users/rodionsavchuk/hybrisAutomation/virco-automatedtests/target/site/serenity/f7f5a393330d58d59b5ef1cad0ed5f5d18670b2b32bdfd893a5d5973b97901b3.jsonc2f853b2-507d-4968-98e5-66664661c9e0)
[pool-1-thread-1] INFO net.thucydides.core.reports.json.JSONTestOutcomeReporter - Generating JSON report for VIR-139.03 Verify that the customer is able to navigate through the previous, next, last pages on Search result page to file /Users/rodionsavchuk/hybrisAutomation/virco-automatedtests/target/site/serenity/c3ae4d5c97cf60173b31c8b8a7af26c4bfec9b28004b85bf45f584acba163a05.json (using temp file /Users/rodionsavchuk/hybrisAutomation/virco-automatedtests/target/site/serenity/c3ae4d5c97cf60173b31c8b8a7af26c4bfec9b28004b85bf45f584acba163a05.jsonf3ea3c62-89d2-4e14-8585-7f41971337f4)
[pool-1-thread-4] INFO net.thucydides.core.reports.json.JSONTestOutcomeReporter - Generating JSON report for VIR-139.05 Verify that the previous/ first page is disabled, when customer is on the first pages for Search result page to file /Users/rodionsavchuk/hybrisAutomation/virco-automatedtests/target/site/serenity/10cb99a196bb72210a90891f5bcaae8347e46081ec5aa50374e857b724f12851.json (using temp file /Users/rodionsavchuk/hybrisAutomation/virco-automatedtests/target/site/serenity/10cb99a196bb72210a90891f5bcaae8347e46081ec5aa50374e857b724f12851.json78339cdd-e0eb-4943-8411-070d38eca873)
[pool-1-thread-3] INFO net.thucydides.core.reports.json.JSONTestOutcomeReporter - Generating JSON report for VIR-139.04 Verify that the previous/ first page is disabled, when customer is on the first pages for Category page to file /Users/rodionsavchuk/hybrisAutomation/virco-automatedtests/target/site/serenity/007583efbcfc7371987f2169b25295c52ee7f5b46e412d21bf5bcd3e1826a4b7.json (using temp file /Users/rodionsavchuk/hybrisAutomation/virco-automatedtests/target/site/serenity/007583efbcfc7371987f2169b25295c52ee7f5b46e412d21bf5bcd3e1826a4b7.jsonaf691227-3a1e-4add-9239-3ac30d7d0942)
[pool-1-thread-2] INFO net.thucydides.core.reports.json.JSONTestOutcomeReporter - Generating JSON report for VIR-139.06 Verify that the next/last page button is disabled, when customer is on the last pages for Category page to file /Users/rodionsavchuk/hybrisAutomation/virco-automatedtests/target/site/serenity/d66a0d45a1c06eff9c1d6f27ed1281a7cb4dc9342efb88e60b9d3f67137c4e73.json (using temp file /Users/rodionsavchuk/hybrisAutomation/virco-automatedtests/target/site/serenity/d66a0d45a1c06eff9c1d6f27ed1281a7cb4dc9342efb88e60b9d3f67137c4e73.json0b8445f8-1de9-424e-b47d-3960bd5dad06)
[pool-1-thread-1] INFO net.thucydides.core.reports.html.HtmlAcceptanceTestReporter - GENERATING HTML REPORT FOR CAT-1 - Grid/List View Toggle:VIR-137.02 Verify that the customer can switch the view of products into grid, list in cdb7752ae4e635597dc73730ce49dc450174bfbf736b9ef32175a8b54c56e86c.html in directory target/site/serenity  
[pool-1-thread-3] INFO net.thucydides.core.reports.html.HtmlAcceptanceTestReporter - GENERATING HTML REPORT FOR CAT-1 - Grid/List View Toggle:VIR-137.01 Verify that the toggle button is shown above the products in ed05f0ebcdeb7ab8ce4053f5e77c2e104b16083b38ff0389ff4683e6797df73a.html in directory target/site/serenity  
[pool-1-thread-2] INFO net.thucydides.core.reports.html.HtmlAcceptanceTestReporter - GENERATING HTML REPORT FOR CAT-1 - Grid/List View Toggle:VIR-790.01 Verify that the customer can switch the view of products into grid, list on search page in 79c89f5c9fd1ad2a8c101b5f0410c8b569b0435ef40abf20f63e096a8d5de34e.html in directory target/site/serenity  
[pool-1-thread-4] INFO net.thucydides.core.reports.html.HtmlAcceptanceTestReporter - GENERATING HTML REPORT FOR CAT-1 - Grid/List View Toggle:VIR-137.03 Verify that in the grid view the following product info is shown in 2d367fe8d4e995fe7f0f69d3d29f47666f1d4fd6318f8f9dd42678280fb025a4.html in directory target/site/serenity  
[pool-1-thread-3] INFO net.thucydides.core.reports.html.HtmlAcceptanceTestReporter - GENERATING HTML REPORT FOR CAT-1 - Grid/List View Toggle:VIR-137.04 Verify that in the List view the following info is shown in 492108091097b8f1a9b1f860ede4bcf742b38d74fb739ac7ab3bec842b5bcb07.html in directory target/site/serenity  
[pool-1-thread-1] INFO net.thucydides.core.reports.html.HtmlAcceptanceTestReporter - GENERATING HTML REPORT FOR CAT-2 - Numeration Display:VIR-251.01 Verify that the amount of products per opened page is shown in 2c0ae4476567833206363958c76f43f0bea266ccf19875e0be388e0105241b80.html in directory target/site/serenity  
[pool-1-thread-2] INFO net.thucydides.core.reports.html.HtmlAcceptanceTestReporter - GENERATING HTML REPORT FOR CAT-1 - Grid/List View Toggle:VIR-137.05 Verify that the list of products is the same in both views in ae1db428932e82981303203bdc6eb851846608ccd30fa908f4f5b446cb968075.html in directory target/site/serenity  
[pool-1-thread-4] INFO net.thucydides.core.reports.html.HtmlAcceptanceTestReporter - GENERATING HTML REPORT FOR CAT-2 - Numeration Display:VIR-251.02 Verify that the 20 products are shown per page in 3e2f2a51405f3fa5f517d1a92fb6c7f2d63a08226c65dc48dfcdfc1de866d2f3.html in directory target/site/serenity  
[pool-1-thread-1] INFO net.thucydides.core.reports.html.HtmlAcceptanceTestReporter - GENERATING HTML REPORT FOR CAT-2 - Numeration Display:VIR-251.03 Verify that the last page shows the appropriate number of items in 203add71e1553852782b06b46ad692a125d7913e1dcdfa1bc77d21975adc91d3.html in directory target/site/serenity  
[pool-1-thread-3] INFO net.thucydides.core.reports.html.HtmlAcceptanceTestReporter - GENERATING HTML REPORT FOR CAT-3 - Pagination:VIR-592.01 Verify that the pagination is shown above and below the list of products on search page in 5184d7acbfb3ebe8e1ad1150664aad7942651d17649b17c3849d0eea482d8652.html in directory target/site/serenity  
[pool-1-thread-2] INFO net.thucydides.core.reports.html.HtmlAcceptanceTestReporter - GENERATING HTML REPORT FOR CAT-3 - Pagination:VIR-138.02 Verify that the pagination is suppressed, if only one page of products exist in ac84c28d9514fcaca1cb434f3db75c589b46912734ad917fa2234bd7cc42f0e5.html in directory target/site/serenity  
[pool-1-thread-4] INFO net.thucydides.core.reports.html.HtmlAcceptanceTestReporter - GENERATING HTML REPORT FOR CAT-3 - Pagination:VIR-138.01 Verify that the pagination is shown above and below the list of products in 9771603025f14f96b272fa21dca31889f195c9a9337b95fbf5eab3295a9e05a4.html in directory target/site/serenity  
[pool-1-thread-1] INFO net.thucydides.core.reports.html.HtmlAcceptanceTestReporter - GENERATING HTML REPORT FOR CAT-3 - Pagination:VIR-138.03 Verify that the last page is shown when customer enters the page number that is bigger than the existed one in 56575217a2a4b5789d81c4200cecfbe74728dc79b7cd6d8ac27653a8d3f85ecb.html in directory target/site/serenity  
[pool-1-thread-3] INFO net.thucydides.core.reports.html.HtmlAcceptanceTestReporter - GENERATING HTML REPORT FOR CAT-3 - Pagination:VIR-138.04 Verity that the first page is shown when customer enters the 0 in 1c8a1b4b43701bd1338632b88eb6b64df9b65fadafecbf38fec7c32d2408f09b.html in directory target/site/serenity  
[pool-1-thread-2] INFO net.thucydides.core.reports.html.HtmlAcceptanceTestReporter - GENERATING HTML REPORT FOR CAT-3 - Pagination:VIR-138.05 Verify that any other data can't be entered except integer in 732f150ffc6c82e48b678a4e7112835fdf284ee6b7c57b8f50df671b5a3f74ae.html in directory target/site/serenity  
[pool-1-thread-1] INFO net.thucydides.core.reports.html.HtmlAcceptanceTestReporter - GENERATING HTML REPORT FOR CAT-3 - Pagination:VIR-138.06 Verify that any other data can't be entered except integer using context paste in 57135e94eed8cc11fc55734a7c503a70dc363381dabf570e05c256f3e9e11571.html in directory target/site/serenity  
[pool-1-thread-4] INFO net.thucydides.core.reports.html.HtmlAcceptanceTestReporter - GENERATING HTML REPORT FOR CAT-3 - Pagination:VIR-138.07 Verify that the sorting/filtering is not cleared while navigating through the pages in the current way in 9c486c2a7fbaca4d17050cd5542d3a8caf0a296ddf026c6149fc129a58edffc6.html in directory target/site/serenity  
[pool-1-thread-3] INFO net.thucydides.core.reports.html.HtmlAcceptanceTestReporter - GENERATING HTML REPORT FOR CAT-3 - Pagination:VIR-138.08 Verify that the customer is able to enter the page number to navigate into it on the Category page in d901a04c74ffc4b4edd5039d007ea6284c936f13937174647f15ada4b2f63380.html in directory target/site/serenity  
[pool-1-thread-2] INFO net.thucydides.core.reports.html.HtmlAcceptanceTestReporter - GENERATING HTML REPORT FOR CAT-3 - Pagination:VIR-138.09 Verify that the customer is able to enter the page number to navigate into it on the Search result page in 93693134ebc7873775c4933a1d9adb4ef57c10c8386432a03157dea73460df26.html in directory target/site/serenity  
[pool-1-thread-1] INFO net.thucydides.core.reports.html.HtmlAcceptanceTestReporter - GENERATING HTML REPORT FOR CAT-4 - Page Navigation:VIR-139.01 Verify that the first/last/next pages are shown above and below the list of products in 4dbac56f29c4074e92c92b0b0ef1d484ab71ee4922840f44cb1448588a9a946d.html in directory target/site/serenity  
[pool-1-thread-3] INFO net.thucydides.core.reports.html.HtmlAcceptanceTestReporter - GENERATING HTML REPORT FOR CAT-4 - Page Navigation:VIR-139.02 Verify that the customer is able to navigate through the previous, next, last pages on Category page in f7f5a393330d58d59b5ef1cad0ed5f5d18670b2b32bdfd893a5d5973b97901b3.html in directory target/site/serenity  
[pool-1-thread-2] INFO net.thucydides.core.reports.html.HtmlAcceptanceTestReporter - GENERATING HTML REPORT FOR CAT-4 - Page Navigation:VIR-139.03 Verify that the customer is able to navigate through the previous, next, last pages on Search result page in c3ae4d5c97cf60173b31c8b8a7af26c4bfec9b28004b85bf45f584acba163a05.html in directory target/site/serenity  
[pool-1-thread-1] INFO net.thucydides.core.reports.html.HtmlAcceptanceTestReporter - GENERATING HTML REPORT FOR CAT-4 - Page Navigation:VIR-139.05 Verify that the previous/ first page is disabled, when customer is on the first pages for Search result page in 10cb99a196bb72210a90891f5bcaae8347e46081ec5aa50374e857b724f12851.html in directory target/site/serenity  
[pool-1-thread-4] INFO net.thucydides.core.reports.html.HtmlAcceptanceTestReporter - GENERATING HTML REPORT FOR CAT-4 - Page Navigation:VIR-139.04 Verify that the previous/ first page is disabled, when customer is on the first pages for Category page in 007583efbcfc7371987f2169b25295c52ee7f5b46e412d21bf5bcd3e1826a4b7.html in directory target/site/serenity  
[pool-1-thread-3] INFO net.thucydides.core.reports.html.HtmlAcceptanceTestReporter - GENERATING HTML REPORT FOR CAT-4 - Page Navigation:VIR-139.06 Verify that the next/last page button is disabled, when customer is on the last pages for Category page in d66a0d45a1c06eff9c1d6f27ed1281a7cb4dc9342efb88e60b9d3f67137c4e73.html in directory target/site/serenity  
[main] INFO net.serenitybdd.core.Serenity - 
 _____ _____ ____ _____   ____ _____  _    ____ _____ _____ ____  
|_   _| ____/ ___|_   _| / ___|_   _|/ \  |  _ \_   _| ____|  _ \ 
  | | |  _| \___ \ | |   \___ \ | | / _ \ | |_) || | |  _| | | | |
  | | | |___ ___) || |    ___) || |/ ___ \|  _ < | | | |___| |_| |
  |_| |_____|____/ |_|   |____/ |_/_/   \_\_| \_\|_| |_____|____/ 
                                                                  

TEST STARTED: VIR-139.07 Verify that the next/last page button is disabled when customer is on the last page for Search result page
-------------------------------------------------------------------(cat-4---page-navigation;vir-139.07-verify-that-the-next/last-page-button-is-disabled-when-customer-is-on-the-last-page-for-search-result-page)
[main] INFO net.serenitybdd.core.Serenity - STARTING STEP Given open the site and login
[main] INFO net.serenitybdd.core.Serenity - STARTING STEP Open the site
[main] INFO net.serenitybdd.core.Serenity - STEP ERROR: net.serenitybdd.core.exceptions.SerenityManagedException: Could not initialize class com.virco.locators.SiteData
]]></system-err>
  </testcase>
  <testcase name="Scenario: VIR-139.07 Verify that the next/last page button is disabled when customer is on the last page for Search result page" classname="Scenario: VIR-139.07 Verify that the next/last page button is disabled when customer is on the last page for Search result page" time="0.002">
    <error message="Could not initialize class com.virco.locators.SiteData" type="net.serenitybdd.core.exceptions.SerenityManagedException"><![CDATA[net.serenitybdd.core.exceptions.SerenityManagedException: Could not initialize class com.virco.locators.SiteData
	at com.virco.steps.serenity.CommonUserSteps.openTheSite(CommonUserSteps.java:19)
	at com.virco.steps.serenity.CommonUserSteps$$EnhancerByCGLIB$$d8541bfa.CGLIB$openTheSite$6(<generated>)
	at com.virco.steps.serenity.CommonUserSteps$$EnhancerByCGLIB$$d8541bfa$$FastClassByCGLIB$$ea8e0f86.invoke(<generated>)
	at net.sf.cglib.proxy.MethodProxy.invokeSuper(MethodProxy.java:228)
	at net.thucydides.core.steps.StepInterceptor.invokeMethod(StepInterceptor.java:372)
	at net.thucydides.core.steps.StepInterceptor.executeTestStepMethod(StepInterceptor.java:357)
	at net.thucydides.core.steps.StepInterceptor.runTestStep(StepInterceptor.java:332)
	at net.thucydides.core.steps.StepInterceptor.testStepResult(StepInterceptor.java:134)
	at net.thucydides.core.steps.StepInterceptor.intercept(StepInterceptor.java:61)
	at com.virco.steps.serenity.CommonUserSteps$$EnhancerByCGLIB$$d8541bfa.openTheSite(<generated>)
	at com.virco.steps.CommonDefinitionSteps.openTheSiteAndLogin(CommonDefinitionSteps.java:72)
	at sun.reflect.GeneratedMethodAccessor143.invoke(Unknown Source)
	at sun.reflect.DelegatingMethodAccessorImpl.invoke(DelegatingMethodAccessorImpl.java:43)
	at java.lang.reflect.Method.invoke(Method.java:498)
	at cucumber.runtime.Utils$1.call(Utils.java:40)
	at cucumber.runtime.Timeout.timeout(Timeout.java:16)
	at cucumber.runtime.Utils.invoke(Utils.java:34)
	at cucumber.runtime.java.JavaStepDefinition.execute(JavaStepDefinition.java:38)
	at cucumber.runtime.StepDefinitionMatch.runStep(StepDefinitionMatch.java:37)
	at cucumber.runtime.Runtime.runStep(Runtime.java:300)
	at cucumber.runtime.model.StepContainer.runStep(StepContainer.java:44)
	at cucumber.runtime.model.StepContainer.runSteps(StepContainer.java:39)
	at cucumber.runtime.model.CucumberScenario.run(CucumberScenario.java:44)
	at cucumber.runtime.junit.ExecutionUnitRunner.run(ExecutionUnitRunner.java:102)
	at cucumber.runtime.junit.FeatureRunner.runChild(FeatureRunner.java:63)
	at cucumber.runtime.junit.FeatureRunner.runChild(FeatureRunner.java:18)
	at org.junit.runners.ParentRunner$3.run(ParentRunner.java:290)
	at org.junit.runners.ParentRunner$1.schedule(ParentRunner.java:71)
	at org.junit.runners.ParentRunner.runChildren(ParentRunner.java:288)
	at org.junit.runners.ParentRunner.access$000(ParentRunner.java:58)
	at org.junit.runners.ParentRunner$2.evaluate(ParentRunner.java:268)
	at org.junit.runners.ParentRunner.run(ParentRunner.java:363)
	at cucumber.runtime.junit.FeatureRunner.run(FeatureRunner.java:70)
	at cucumber.api.junit.Cucumber.runChild(Cucumber.java:95)
	at cucumber.api.junit.Cucumber.runChild(Cucumber.java:38)
	at org.junit.runners.ParentRunner$3.run(ParentRunner.java:290)
	at org.junit.runners.ParentRunner$1.schedule(ParentRunner.java:71)
	at org.junit.runners.ParentRunner.runChildren(ParentRunner.java:288)
	at org.junit.runners.ParentRunner.access$000(ParentRunner.java:58)
	at org.junit.runners.ParentRunner$2.evaluate(ParentRunner.java:268)
	at org.junit.runners.ParentRunner.run(ParentRunner.java:363)
	at cucumber.api.junit.Cucumber.run(Cucumber.java:100)
	at org.apache.maven.surefire.junit4.JUnit4Provider.execute(JUnit4Provider.java:283)
	at org.apache.maven.surefire.junit4.JUnit4Provider.executeWithRerun(JUnit4Provider.java:173)
	at org.apache.maven.surefire.junit4.JUnit4Provider.executeTestSet(JUnit4Provider.java:153)
	at org.apache.maven.surefire.junit4.JUnit4Provider.invoke(JUnit4Provider.java:128)
	at org.apache.maven.surefire.booter.ForkedBooter.invokeProviderInSameClassLoader(ForkedBooter.java:203)
	at org.apache.maven.surefire.booter.ForkedBooter.runSuitesInProcess(ForkedBooter.java:155)
	at org.apache.maven.surefire.booter.ForkedBooter.main(ForkedBooter.java:103)
]]></error>
  </testcase>
  <testcase name="When search for &quot;chair&quot;" classname="Scenario: VIR-139.07 Verify that the next/last page button is disabled when customer is on the last page for Search result page" time="0">
    <skipped/>
    <system-err><![CDATA[[main] INFO net.serenitybdd.core.Serenity - STEP ERROR: java.lang.NoClassDefFoundError: Could not initialize class com.virco.locators.SiteData
[main] INFO net.serenitybdd.core.Serenity - STARTING STEP When search for "chair"
]]></system-err>
  </testcase>
  <testcase name="When click on &quot;last&quot; pagination button" classname="Scenario: VIR-139.07 Verify that the next/last page button is disabled when customer is on the last page for Search result page" time="0">
    <skipped/>
    <system-err><![CDATA[[main] INFO net.serenitybdd.core.Serenity - IGNORING STEP
[main] INFO net.serenitybdd.core.Serenity - STARTING STEP When click on "last" pagination button
]]></system-err>
  </testcase>
  <testcase name="Then the next/last page button is disabled" classname="Scenario: VIR-139.07 Verify that the next/last page button is disabled when customer is on the last page for Search result page" time="0">
    <skipped/>
    <system-err><![CDATA[[main] INFO net.serenitybdd.core.Serenity - IGNORING STEP
[main] INFO net.serenitybdd.core.Serenity - STARTING STEP Then the next/last page button is disabled
]]></system-err>
  </testcase>
  <testcase name="Given open the site and login" classname="Scenario: VIR-151.01 Verify that the &quot;Top&quot; button flows from the centered middle to the bottom on moving/scrolling the page" time="0.002">
    <error message="Could not initialize class com.virco.locators.SiteData" type="net.serenitybdd.core.exceptions.SerenityManagedException"><![CDATA[net.serenitybdd.core.exceptions.SerenityManagedException: Could not initialize class com.virco.locators.SiteData
	at com.virco.steps.serenity.CommonUserSteps.openTheSite(CommonUserSteps.java:19)
	at com.virco.steps.serenity.CommonUserSteps$$EnhancerByCGLIB$$d8541bfa.CGLIB$openTheSite$6(<generated>)
	at com.virco.steps.serenity.CommonUserSteps$$EnhancerByCGLIB$$d8541bfa$$FastClassByCGLIB$$ea8e0f86.invoke(<generated>)
	at net.sf.cglib.proxy.MethodProxy.invokeSuper(MethodProxy.java:228)
	at net.thucydides.core.steps.StepInterceptor.invokeMethod(StepInterceptor.java:372)
	at net.thucydides.core.steps.StepInterceptor.executeTestStepMethod(StepInterceptor.java:357)
	at net.thucydides.core.steps.StepInterceptor.runTestStep(StepInterceptor.java:332)
	at net.thucydides.core.steps.StepInterceptor.testStepResult(StepInterceptor.java:134)
	at net.thucydides.core.steps.StepInterceptor.intercept(StepInterceptor.java:61)
	at com.virco.steps.serenity.CommonUserSteps$$EnhancerByCGLIB$$d8541bfa.openTheSite(<generated>)
	at com.virco.steps.CommonDefinitionSteps.openTheSiteAndLogin(CommonDefinitionSteps.java:72)
	at sun.reflect.GeneratedMethodAccessor143.invoke(Unknown Source)
	at sun.reflect.DelegatingMethodAccessorImpl.invoke(DelegatingMethodAccessorImpl.java:43)
	at java.lang.reflect.Method.invoke(Method.java:498)
	at cucumber.runtime.Utils$1.call(Utils.java:40)
	at cucumber.runtime.Timeout.timeout(Timeout.java:16)
	at cucumber.runtime.Utils.invoke(Utils.java:34)
	at cucumber.runtime.java.JavaStepDefinition.execute(JavaStepDefinition.java:38)
	at cucumber.runtime.StepDefinitionMatch.runStep(StepDefinitionMatch.java:37)
	at cucumber.runtime.Runtime.runStep(Runtime.java:300)
	at cucumber.runtime.model.StepContainer.runStep(StepContainer.java:44)
	at cucumber.runtime.model.StepContainer.runSteps(StepContainer.java:39)
	at cucumber.runtime.model.CucumberScenario.run(CucumberScenario.java:44)
	at cucumber.runtime.junit.ExecutionUnitRunner.run(ExecutionUnitRunner.java:102)
	at cucumber.runtime.junit.FeatureRunner.runChild(FeatureRunner.java:63)
	at cucumber.runtime.junit.FeatureRunner.runChild(FeatureRunner.java:18)
	at org.junit.runners.ParentRunner$3.run(ParentRunner.java:290)
	at org.junit.runners.ParentRunner$1.schedule(ParentRunner.java:71)
	at org.junit.runners.ParentRunner.runChildren(ParentRunner.java:288)
	at org.junit.runners.ParentRunner.access$000(ParentRunner.java:58)
	at org.junit.runners.ParentRunner$2.evaluate(ParentRunner.java:268)
	at org.junit.runners.ParentRunner.run(ParentRunner.java:363)
	at cucumber.runtime.junit.FeatureRunner.run(FeatureRunner.java:70)
	at cucumber.api.junit.Cucumber.runChild(Cucumber.java:95)
	at cucumber.api.junit.Cucumber.runChild(Cucumber.java:38)
	at org.junit.runners.ParentRunner$3.run(ParentRunner.java:290)
	at org.junit.runners.ParentRunner$1.schedule(ParentRunner.java:71)
	at org.junit.runners.ParentRunner.runChildren(ParentRunner.java:288)
	at org.junit.runners.ParentRunner.access$000(ParentRunner.java:58)
	at org.junit.runners.ParentRunner$2.evaluate(ParentRunner.java:268)
	at org.junit.runners.ParentRunner.run(ParentRunner.java:363)
	at cucumber.api.junit.Cucumber.run(Cucumber.java:100)
	at org.apache.maven.surefire.junit4.JUnit4Provider.execute(JUnit4Provider.java:283)
	at org.apache.maven.surefire.junit4.JUnit4Provider.executeWithRerun(JUnit4Provider.java:173)
	at org.apache.maven.surefire.junit4.JUnit4Provider.executeTestSet(JUnit4Provider.java:153)
	at org.apache.maven.surefire.junit4.JUnit4Provider.invoke(JUnit4Provider.java:128)
	at org.apache.maven.surefire.booter.ForkedBooter.invokeProviderInSameClassLoader(ForkedBooter.java:203)
	at org.apache.maven.surefire.booter.ForkedBooter.runSuitesInProcess(ForkedBooter.java:155)
	at org.apache.maven.surefire.booter.ForkedBooter.main(ForkedBooter.java:103)
]]></error>
    <system-err><![CDATA[[main] INFO net.serenitybdd.core.Serenity - IGNORING STEP
[main] ERROR net.serenitybdd.core.Serenity - 
           __  _____ _____ ____ _____   _____ _    ___ _     _____ ____  
  _       / / |_   _| ____/ ___|_   _| |  ___/ \  |_ _| |   | ____|  _ \ 
 (_)_____| |    | | |  _| \___ \ | |   | |_ / _ \  | || |   |  _| | | | |
  _|_____| |    | | | |___ ___) || |   |  _/ ___ \ | || |___| |___| |_| |
 (_)     | |    |_| |_____|____/ |_|   |_|/_/   \_\___|_____|_____|____/ 
          \_\                                                            

TEST FAILED WITH ERROR: VIR-139.07 Verify that the next/last page button is disabled when customer is on the last page for Search result page
---------------------------------------------------------------------
[main] ERROR net.serenitybdd.core.Serenity - TEST FAILED AT STEP Open the site
[main] ERROR net.serenitybdd.core.Serenity - Could not initialize class com.virco.locators.SiteData
[pool-1-thread-2] INFO net.thucydides.core.reports.json.JSONTestOutcomeReporter - Generating JSON report for VIR-137.01 Verify that the toggle button is shown above the products to file /Users/rodionsavchuk/hybrisAutomation/virco-automatedtests/target/site/serenity/ed05f0ebcdeb7ab8ce4053f5e77c2e104b16083b38ff0389ff4683e6797df73a.json (using temp file /Users/rodionsavchuk/hybrisAutomation/virco-automatedtests/target/site/serenity/ed05f0ebcdeb7ab8ce4053f5e77c2e104b16083b38ff0389ff4683e6797df73a.json11a5c2b9-8c47-4b14-b1c0-b2c9c74857bc)
[pool-1-thread-4] INFO net.thucydides.core.reports.json.JSONTestOutcomeReporter - Generating JSON report for VIR-790.01 Verify that the customer can switch the view of products into grid, list on search page to file /Users/rodionsavchuk/hybrisAutomation/virco-automatedtests/target/site/serenity/79c89f5c9fd1ad2a8c101b5f0410c8b569b0435ef40abf20f63e096a8d5de34e.json (using temp file /Users/rodionsavchuk/hybrisAutomation/virco-automatedtests/target/site/serenity/79c89f5c9fd1ad2a8c101b5f0410c8b569b0435ef40abf20f63e096a8d5de34e.jsoncf1a84dd-b53a-4369-83fe-6c97632f5dbb)
[pool-1-thread-1] INFO net.thucydides.core.reports.json.JSONTestOutcomeReporter - Generating JSON report for VIR-137.02 Verify that the customer can switch the view of products into grid, list to file /Users/rodionsavchuk/hybrisAutomation/virco-automatedtests/target/site/serenity/cdb7752ae4e635597dc73730ce49dc450174bfbf736b9ef32175a8b54c56e86c.json (using temp file /Users/rodionsavchuk/hybrisAutomation/virco-automatedtests/target/site/serenity/cdb7752ae4e635597dc73730ce49dc450174bfbf736b9ef32175a8b54c56e86c.json4b55189e-44a2-48c3-9092-7596e2580d13)
[pool-1-thread-3] INFO net.thucydides.core.reports.json.JSONTestOutcomeReporter - Generating JSON report for VIR-137.03 Verify that in the grid view the following product info is shown to file /Users/rodionsavchuk/hybrisAutomation/virco-automatedtests/target/site/serenity/2d367fe8d4e995fe7f0f69d3d29f47666f1d4fd6318f8f9dd42678280fb025a4.json (using temp file /Users/rodionsavchuk/hybrisAutomation/virco-automatedtests/target/site/serenity/2d367fe8d4e995fe7f0f69d3d29f47666f1d4fd6318f8f9dd42678280fb025a4.json17035145-6dd6-4898-b7ba-792cbc73409d)
[pool-1-thread-2] INFO net.thucydides.core.reports.json.JSONTestOutcomeReporter - Generating JSON report for VIR-137.04 Verify that in the List view the following info is shown to file /Users/rodionsavchuk/hybrisAutomation/virco-automatedtests/target/site/serenity/492108091097b8f1a9b1f860ede4bcf742b38d74fb739ac7ab3bec842b5bcb07.json (using temp file /Users/rodionsavchuk/hybrisAutomation/virco-automatedtests/target/site/serenity/492108091097b8f1a9b1f860ede4bcf742b38d74fb739ac7ab3bec842b5bcb07.json5a4cfef1-e9ad-4074-8c3f-3d3dd178fe91)
[pool-1-thread-3] INFO net.thucydides.core.reports.json.JSONTestOutcomeReporter - Generating JSON report for VIR-137.05 Verify that the list of products is the same in both views to file /Users/rodionsavchuk/hybrisAutomation/virco-automatedtests/target/site/serenity/ae1db428932e82981303203bdc6eb851846608ccd30fa908f4f5b446cb968075.json (using temp file /Users/rodionsavchuk/hybrisAutomation/virco-automatedtests/target/site/serenity/ae1db428932e82981303203bdc6eb851846608ccd30fa908f4f5b446cb968075.jsonc87bc424-2c49-4e6b-8a25-f0dfa852986f)
[pool-1-thread-4] INFO net.thucydides.core.reports.json.JSONTestOutcomeReporter - Generating JSON report for VIR-251.01 Verify that the amount of products per opened page is shown to file /Users/rodionsavchuk/hybrisAutomation/virco-automatedtests/target/site/serenity/2c0ae4476567833206363958c76f43f0bea266ccf19875e0be388e0105241b80.json (using temp file /Users/rodionsavchuk/hybrisAutomation/virco-automatedtests/target/site/serenity/2c0ae4476567833206363958c76f43f0bea266ccf19875e0be388e0105241b80.jsonbc8814dc-6e22-46fc-b4ba-a8a75d8d51f3)
[pool-1-thread-2] INFO net.thucydides.core.reports.json.JSONTestOutcomeReporter - Generating JSON report for VIR-251.03 Verify that the last page shows the appropriate number of items to file /Users/rodionsavchuk/hybrisAutomation/virco-automatedtests/target/site/serenity/203add71e1553852782b06b46ad692a125d7913e1dcdfa1bc77d21975adc91d3.json (using temp file /Users/rodionsavchuk/hybrisAutomation/virco-automatedtests/target/site/serenity/203add71e1553852782b06b46ad692a125d7913e1dcdfa1bc77d21975adc91d3.jsonfad82fed-b245-4bcc-91b1-242d62db5b3a)
[pool-1-thread-1] INFO net.thucydides.core.reports.json.JSONTestOutcomeReporter - Generating JSON report for VIR-251.02 Verify that the 20 products are shown per page to file /Users/rodionsavchuk/hybrisAutomation/virco-automatedtests/target/site/serenity/3e2f2a51405f3fa5f517d1a92fb6c7f2d63a08226c65dc48dfcdfc1de866d2f3.json (using temp file /Users/rodionsavchuk/hybrisAutomation/virco-automatedtests/target/site/serenity/3e2f2a51405f3fa5f517d1a92fb6c7f2d63a08226c65dc48dfcdfc1de866d2f3.jsonb2c9f361-e2d7-4e3c-9946-54ca61250edc)
[pool-1-thread-4] INFO net.thucydides.core.reports.json.JSONTestOutcomeReporter - Generating JSON report for VIR-138.01 Verify that the pagination is shown above and below the list of products to file /Users/rodionsavchuk/hybrisAutomation/virco-automatedtests/target/site/serenity/9771603025f14f96b272fa21dca31889f195c9a9337b95fbf5eab3295a9e05a4.json (using temp file /Users/rodionsavchuk/hybrisAutomation/virco-automatedtests/target/site/serenity/9771603025f14f96b272fa21dca31889f195c9a9337b95fbf5eab3295a9e05a4.json7ea2b41d-b715-4e2d-bb9f-ec9ec08cb9fc)
[pool-1-thread-2] INFO net.thucydides.core.reports.json.JSONTestOutcomeReporter - Generating JSON report for VIR-592.01 Verify that the pagination is shown above and below the list of products on search page to file /Users/rodionsavchuk/hybrisAutomation/virco-automatedtests/target/site/serenity/5184d7acbfb3ebe8e1ad1150664aad7942651d17649b17c3849d0eea482d8652.json (using temp file /Users/rodionsavchuk/hybrisAutomation/virco-automatedtests/target/site/serenity/5184d7acbfb3ebe8e1ad1150664aad7942651d17649b17c3849d0eea482d8652.jsonec643184-3097-4898-b533-f93b32c354cc)
[pool-1-thread-4] INFO net.thucydides.core.reports.json.JSONTestOutcomeReporter - Generating JSON report for VIR-138.02 Verify that the pagination is suppressed, if only one page of products exist to file /Users/rodionsavchuk/hybrisAutomation/virco-automatedtests/target/site/serenity/ac84c28d9514fcaca1cb434f3db75c589b46912734ad917fa2234bd7cc42f0e5.json (using temp file /Users/rodionsavchuk/hybrisAutomation/virco-automatedtests/target/site/serenity/ac84c28d9514fcaca1cb434f3db75c589b46912734ad917fa2234bd7cc42f0e5.json8e7eab6d-7164-40af-8f19-e21c16d10a7a)
[pool-1-thread-3] INFO net.thucydides.core.reports.json.JSONTestOutcomeReporter - Generating JSON report for VIR-138.03 Verify that the last page is shown when customer enters the page number that is bigger than the existed one to file /Users/rodionsavchuk/hybrisAutomation/virco-automatedtests/target/site/serenity/56575217a2a4b5789d81c4200cecfbe74728dc79b7cd6d8ac27653a8d3f85ecb.json (using temp file /Users/rodionsavchuk/hybrisAutomation/virco-automatedtests/target/site/serenity/56575217a2a4b5789d81c4200cecfbe74728dc79b7cd6d8ac27653a8d3f85ecb.jsond30b1d2e-5357-4d7f-8f27-6f2eed0b59e9)
[pool-1-thread-1] INFO net.thucydides.core.reports.json.JSONTestOutcomeReporter - Generating JSON report for VIR-138.04 Verity that the first page is shown when customer enters the 0 to file /Users/rodionsavchuk/hybrisAutomation/virco-automatedtests/target/site/serenity/1c8a1b4b43701bd1338632b88eb6b64df9b65fadafecbf38fec7c32d2408f09b.json (using temp file /Users/rodionsavchuk/hybrisAutomation/virco-automatedtests/target/site/serenity/1c8a1b4b43701bd1338632b88eb6b64df9b65fadafecbf38fec7c32d2408f09b.json7c1b5d3a-ad65-4508-baf5-2b874db08cf2)
[pool-1-thread-3] INFO net.thucydides.core.reports.json.JSONTestOutcomeReporter - Generating JSON report for VIR-138.05 Verify that any other data can't be entered except integer to file /Users/rodionsavchuk/hybrisAutomation/virco-automatedtests/target/site/serenity/732f150ffc6c82e48b678a4e7112835fdf284ee6b7c57b8f50df671b5a3f74ae.json (using temp file /Users/rodionsavchuk/hybrisAutomation/virco-automatedtests/target/site/serenity/732f150ffc6c82e48b678a4e7112835fdf284ee6b7c57b8f50df671b5a3f74ae.jsonc493443d-78ed-4b3b-988d-801bff9ef16f)
[pool-1-thread-2] INFO net.thucydides.core.reports.json.JSONTestOutcomeReporter - Generating JSON report for VIR-138.06 Verify that any other data can't be entered except integer using context paste to file /Users/rodionsavchuk/hybrisAutomation/virco-automatedtests/target/site/serenity/57135e94eed8cc11fc55734a7c503a70dc363381dabf570e05c256f3e9e11571.json (using temp file /Users/rodionsavchuk/hybrisAutomation/virco-automatedtests/target/site/serenity/57135e94eed8cc11fc55734a7c503a70dc363381dabf570e05c256f3e9e11571.jsonc82ad8db-99b4-48a8-9ee3-4beb1ad0e3f9)
[pool-1-thread-4] INFO net.thucydides.core.reports.json.JSONTestOutcomeReporter - Generating JSON report for VIR-138.07 Verify that the sorting/filtering is not cleared while navigating through the pages in the current way to file /Users/rodionsavchuk/hybrisAutomation/virco-automatedtests/target/site/serenity/9c486c2a7fbaca4d17050cd5542d3a8caf0a296ddf026c6149fc129a58edffc6.json (using temp file /Users/rodionsavchuk/hybrisAutomation/virco-automatedtests/target/site/serenity/9c486c2a7fbaca4d17050cd5542d3a8caf0a296ddf026c6149fc129a58edffc6.json96d92626-f4ec-4b5c-b25a-bd1e7bd4d95f)
[pool-1-thread-1] INFO net.thucydides.core.reports.json.JSONTestOutcomeReporter - Generating JSON report for VIR-138.08 Verify that the customer is able to enter the page number to navigate into it on the Category page to file /Users/rodionsavchuk/hybrisAutomation/virco-automatedtests/target/site/serenity/d901a04c74ffc4b4edd5039d007ea6284c936f13937174647f15ada4b2f63380.json (using temp file /Users/rodionsavchuk/hybrisAutomation/virco-automatedtests/target/site/serenity/d901a04c74ffc4b4edd5039d007ea6284c936f13937174647f15ada4b2f63380.json11dbe4b4-e8bb-40eb-b24a-5cb31cc4a102)
[pool-1-thread-3] INFO net.thucydides.core.reports.json.JSONTestOutcomeReporter - Generating JSON report for VIR-138.09 Verify that the customer is able to enter the page number to navigate into it on the Search result page to file /Users/rodionsavchuk/hybrisAutomation/virco-automatedtests/target/site/serenity/93693134ebc7873775c4933a1d9adb4ef57c10c8386432a03157dea73460df26.json (using temp file /Users/rodionsavchuk/hybrisAutomation/virco-automatedtests/target/site/serenity/93693134ebc7873775c4933a1d9adb4ef57c10c8386432a03157dea73460df26.jsone0fdf4e7-992e-4099-8b0d-b36db15b543a)
[pool-1-thread-2] INFO net.thucydides.core.reports.json.JSONTestOutcomeReporter - Generating JSON report for VIR-139.01 Verify that the first/last/next pages are shown above and below the list of products to file /Users/rodionsavchuk/hybrisAutomation/virco-automatedtests/target/site/serenity/4dbac56f29c4074e92c92b0b0ef1d484ab71ee4922840f44cb1448588a9a946d.json (using temp file /Users/rodionsavchuk/hybrisAutomation/virco-automatedtests/target/site/serenity/4dbac56f29c4074e92c92b0b0ef1d484ab71ee4922840f44cb1448588a9a946d.jsonc9dcf4f4-6fed-4c9e-9463-11d1180891aa)
[pool-1-thread-4] INFO net.thucydides.core.reports.json.JSONTestOutcomeReporter - Generating JSON report for VIR-139.02 Verify that the customer is able to navigate through the previous, next, last pages on Category page to file /Users/rodionsavchuk/hybrisAutomation/virco-automatedtests/target/site/serenity/f7f5a393330d58d59b5ef1cad0ed5f5d18670b2b32bdfd893a5d5973b97901b3.json (using temp file /Users/rodionsavchuk/hybrisAutomation/virco-automatedtests/target/site/serenity/f7f5a393330d58d59b5ef1cad0ed5f5d18670b2b32bdfd893a5d5973b97901b3.jsonee57ce71-2518-42e8-a38f-0800839d10fb)
[pool-1-thread-3] INFO net.thucydides.core.reports.json.JSONTestOutcomeReporter - Generating JSON report for VIR-139.04 Verify that the previous/ first page is disabled, when customer is on the first pages for Category page to file /Users/rodionsavchuk/hybrisAutomation/virco-automatedtests/target/site/serenity/007583efbcfc7371987f2169b25295c52ee7f5b46e412d21bf5bcd3e1826a4b7.json (using temp file /Users/rodionsavchuk/hybrisAutomation/virco-automatedtests/target/site/serenity/007583efbcfc7371987f2169b25295c52ee7f5b46e412d21bf5bcd3e1826a4b7.jsonaaea7688-bd17-494c-9bbd-f8f7f1650138)
[pool-1-thread-1] INFO net.thucydides.core.reports.json.JSONTestOutcomeReporter - Generating JSON report for VIR-139.03 Verify that the customer is able to navigate through the previous, next, last pages on Search result page to file /Users/rodionsavchuk/hybrisAutomation/virco-automatedtests/target/site/serenity/c3ae4d5c97cf60173b31c8b8a7af26c4bfec9b28004b85bf45f584acba163a05.json (using temp file /Users/rodionsavchuk/hybrisAutomation/virco-automatedtests/target/site/serenity/c3ae4d5c97cf60173b31c8b8a7af26c4bfec9b28004b85bf45f584acba163a05.json6970321e-92dc-4a7c-a74b-b6e2b4b80686)
[pool-1-thread-2] INFO net.thucydides.core.reports.json.JSONTestOutcomeReporter - Generating JSON report for VIR-139.05 Verify that the previous/ first page is disabled, when customer is on the first pages for Search result page to file /Users/rodionsavchuk/hybrisAutomation/virco-automatedtests/target/site/serenity/10cb99a196bb72210a90891f5bcaae8347e46081ec5aa50374e857b724f12851.json (using temp file /Users/rodionsavchuk/hybrisAutomation/virco-automatedtests/target/site/serenity/10cb99a196bb72210a90891f5bcaae8347e46081ec5aa50374e857b724f12851.json136cecc5-d3f2-4f8a-9f4b-6d2ea4c0c5fd)
[pool-1-thread-4] INFO net.thucydides.core.reports.json.JSONTestOutcomeReporter - Generating JSON report for VIR-139.06 Verify that the next/last page button is disabled, when customer is on the last pages for Category page to file /Users/rodionsavchuk/hybrisAutomation/virco-automatedtests/target/site/serenity/d66a0d45a1c06eff9c1d6f27ed1281a7cb4dc9342efb88e60b9d3f67137c4e73.json (using temp file /Users/rodionsavchuk/hybrisAutomation/virco-automatedtests/target/site/serenity/d66a0d45a1c06eff9c1d6f27ed1281a7cb4dc9342efb88e60b9d3f67137c4e73.json3ec5b441-7e64-4419-ae5c-accec9bdc8e8)
[pool-1-thread-1] INFO net.thucydides.core.reports.json.JSONTestOutcomeReporter - Generating JSON report for VIR-139.07 Verify that the next/last page button is disabled when customer is on the last page for Search result page to file /Users/rodionsavchuk/hybrisAutomation/virco-automatedtests/target/site/serenity/f50c852a8450c5694a09eaff6b929707578220494b9403a76eb665db9c748643.json (using temp file /Users/rodionsavchuk/hybrisAutomation/virco-automatedtests/target/site/serenity/f50c852a8450c5694a09eaff6b929707578220494b9403a76eb665db9c748643.jsonbb4bf4e9-1393-487d-a0c8-2b64224a138a)
[pool-1-thread-1] INFO net.thucydides.core.reports.html.HtmlAcceptanceTestReporter - GENERATING HTML REPORT FOR CAT-1 - Grid/List View Toggle:VIR-137.03 Verify that in the grid view the following product info is shown in 2d367fe8d4e995fe7f0f69d3d29f47666f1d4fd6318f8f9dd42678280fb025a4.html in directory target/site/serenity  
[pool-1-thread-2] INFO net.thucydides.core.reports.html.HtmlAcceptanceTestReporter - GENERATING HTML REPORT FOR CAT-1 - Grid/List View Toggle:VIR-137.01 Verify that the toggle button is shown above the products in ed05f0ebcdeb7ab8ce4053f5e77c2e104b16083b38ff0389ff4683e6797df73a.html in directory target/site/serenity  
[pool-1-thread-3] INFO net.thucydides.core.reports.html.HtmlAcceptanceTestReporter - GENERATING HTML REPORT FOR CAT-1 - Grid/List View Toggle:VIR-137.02 Verify that the customer can switch the view of products into grid, list in cdb7752ae4e635597dc73730ce49dc450174bfbf736b9ef32175a8b54c56e86c.html in directory target/site/serenity  
[pool-1-thread-4] INFO net.thucydides.core.reports.html.HtmlAcceptanceTestReporter - GENERATING HTML REPORT FOR CAT-1 - Grid/List View Toggle:VIR-790.01 Verify that the customer can switch the view of products into grid, list on search page in 79c89f5c9fd1ad2a8c101b5f0410c8b569b0435ef40abf20f63e096a8d5de34e.html in directory target/site/serenity  
[pool-1-thread-2] INFO net.thucydides.core.reports.html.HtmlAcceptanceTestReporter - GENERATING HTML REPORT FOR CAT-1 - Grid/List View Toggle:VIR-137.04 Verify that in the List view the following info is shown in 492108091097b8f1a9b1f860ede4bcf742b38d74fb739ac7ab3bec842b5bcb07.html in directory target/site/serenity  
[pool-1-thread-3] INFO net.thucydides.core.reports.html.HtmlAcceptanceTestReporter - GENERATING HTML REPORT FOR CAT-1 - Grid/List View Toggle:VIR-137.05 Verify that the list of products is the same in both views in ae1db428932e82981303203bdc6eb851846608ccd30fa908f4f5b446cb968075.html in directory target/site/serenity  
[pool-1-thread-1] INFO net.thucydides.core.reports.html.HtmlAcceptanceTestReporter - GENERATING HTML REPORT FOR CAT-2 - Numeration Display:VIR-251.01 Verify that the amount of products per opened page is shown in 2c0ae4476567833206363958c76f43f0bea266ccf19875e0be388e0105241b80.html in directory target/site/serenity  
[pool-1-thread-4] INFO net.thucydides.core.reports.html.HtmlAcceptanceTestReporter - GENERATING HTML REPORT FOR CAT-2 - Numeration Display:VIR-251.02 Verify that the 20 products are shown per page in 3e2f2a51405f3fa5f517d1a92fb6c7f2d63a08226c65dc48dfcdfc1de866d2f3.html in directory target/site/serenity  
[pool-1-thread-1] INFO net.thucydides.core.reports.html.HtmlAcceptanceTestReporter - GENERATING HTML REPORT FOR CAT-2 - Numeration Display:VIR-251.03 Verify that the last page shows the appropriate number of items in 203add71e1553852782b06b46ad692a125d7913e1dcdfa1bc77d21975adc91d3.html in directory target/site/serenity  
[pool-1-thread-3] INFO net.thucydides.core.reports.html.HtmlAcceptanceTestReporter - GENERATING HTML REPORT FOR CAT-3 - Pagination:VIR-138.01 Verify that the pagination is shown above and below the list of products in 9771603025f14f96b272fa21dca31889f195c9a9337b95fbf5eab3295a9e05a4.html in directory target/site/serenity  
[pool-1-thread-2] INFO net.thucydides.core.reports.html.HtmlAcceptanceTestReporter - GENERATING HTML REPORT FOR CAT-3 - Pagination:VIR-592.01 Verify that the pagination is shown above and below the list of products on search page in 5184d7acbfb3ebe8e1ad1150664aad7942651d17649b17c3849d0eea482d8652.html in directory target/site/serenity  
[pool-1-thread-4] INFO net.thucydides.core.reports.html.HtmlAcceptanceTestReporter - GENERATING HTML REPORT FOR CAT-3 - Pagination:VIR-138.02 Verify that the pagination is suppressed, if only one page of products exist in ac84c28d9514fcaca1cb434f3db75c589b46912734ad917fa2234bd7cc42f0e5.html in directory target/site/serenity  
[pool-1-thread-1] INFO net.thucydides.core.reports.html.HtmlAcceptanceTestReporter - GENERATING HTML REPORT FOR CAT-3 - Pagination:VIR-138.03 Verify that the last page is shown when customer enters the page number that is bigger than the existed one in 56575217a2a4b5789d81c4200cecfbe74728dc79b7cd6d8ac27653a8d3f85ecb.html in directory target/site/serenity  
[pool-1-thread-3] INFO net.thucydides.core.reports.html.HtmlAcceptanceTestReporter - GENERATING HTML REPORT FOR CAT-3 - Pagination:VIR-138.04 Verity that the first page is shown when customer enters the 0 in 1c8a1b4b43701bd1338632b88eb6b64df9b65fadafecbf38fec7c32d2408f09b.html in directory target/site/serenity  
[pool-1-thread-2] INFO net.thucydides.core.reports.html.HtmlAcceptanceTestReporter - GENERATING HTML REPORT FOR CAT-3 - Pagination:VIR-138.05 Verify that any other data can't be entered except integer in 732f150ffc6c82e48b678a4e7112835fdf284ee6b7c57b8f50df671b5a3f74ae.html in directory target/site/serenity  
[pool-1-thread-4] INFO net.thucydides.core.reports.html.HtmlAcceptanceTestReporter - GENERATING HTML REPORT FOR CAT-3 - Pagination:VIR-138.06 Verify that any other data can't be entered except integer using context paste in 57135e94eed8cc11fc55734a7c503a70dc363381dabf570e05c256f3e9e11571.html in directory target/site/serenity  
[pool-1-thread-1] INFO net.thucydides.core.reports.html.HtmlAcceptanceTestReporter - GENERATING HTML REPORT FOR CAT-3 - Pagination:VIR-138.07 Verify that the sorting/filtering is not cleared while navigating through the pages in the current way in 9c486c2a7fbaca4d17050cd5542d3a8caf0a296ddf026c6149fc129a58edffc6.html in directory target/site/serenity  
[pool-1-thread-4] INFO net.thucydides.core.reports.html.HtmlAcceptanceTestReporter - GENERATING HTML REPORT FOR CAT-3 - Pagination:VIR-138.08 Verify that the customer is able to enter the page number to navigate into it on the Category page in d901a04c74ffc4b4edd5039d007ea6284c936f13937174647f15ada4b2f63380.html in directory target/site/serenity  
[pool-1-thread-3] INFO net.thucydides.core.reports.html.HtmlAcceptanceTestReporter - GENERATING HTML REPORT FOR CAT-3 - Pagination:VIR-138.09 Verify that the customer is able to enter the page number to navigate into it on the Search result page in 93693134ebc7873775c4933a1d9adb4ef57c10c8386432a03157dea73460df26.html in directory target/site/serenity  
[pool-1-thread-2] INFO net.thucydides.core.reports.html.HtmlAcceptanceTestReporter - GENERATING HTML REPORT FOR CAT-4 - Page Navigation:VIR-139.01 Verify that the first/last/next pages are shown above and below the list of products in 4dbac56f29c4074e92c92b0b0ef1d484ab71ee4922840f44cb1448588a9a946d.html in directory target/site/serenity  
[pool-1-thread-1] INFO net.thucydides.core.reports.html.HtmlAcceptanceTestReporter - GENERATING HTML REPORT FOR CAT-4 - Page Navigation:VIR-139.02 Verify that the customer is able to navigate through the previous, next, last pages on Category page in f7f5a393330d58d59b5ef1cad0ed5f5d18670b2b32bdfd893a5d5973b97901b3.html in directory target/site/serenity  
[pool-1-thread-4] INFO net.thucydides.core.reports.html.HtmlAcceptanceTestReporter - GENERATING HTML REPORT FOR CAT-4 - Page Navigation:VIR-139.03 Verify that the customer is able to navigate through the previous, next, last pages on Search result page in c3ae4d5c97cf60173b31c8b8a7af26c4bfec9b28004b85bf45f584acba163a05.html in directory target/site/serenity  
[pool-1-thread-2] INFO net.thucydides.core.reports.html.HtmlAcceptanceTestReporter - GENERATING HTML REPORT FOR CAT-4 - Page Navigation:VIR-139.04 Verify that the previous/ first page is disabled, when customer is on the first pages for Category page in 007583efbcfc7371987f2169b25295c52ee7f5b46e412d21bf5bcd3e1826a4b7.html in directory target/site/serenity  
[pool-1-thread-3] INFO net.thucydides.core.reports.html.HtmlAcceptanceTestReporter - GENERATING HTML REPORT FOR CAT-4 - Page Navigation:VIR-139.05 Verify that the previous/ first page is disabled, when customer is on the first pages for Search result page in 10cb99a196bb72210a90891f5bcaae8347e46081ec5aa50374e857b724f12851.html in directory target/site/serenity  
[pool-1-thread-3] INFO net.thucydides.core.reports.html.HtmlAcceptanceTestReporter - GENERATING HTML REPORT FOR CAT-4 - Page Navigation:VIR-139.07 Verify that the next/last page button is disabled when customer is on the last page for Search result page in f50c852a8450c5694a09eaff6b929707578220494b9403a76eb665db9c748643.html in directory target/site/serenity  
[pool-1-thread-1] INFO net.thucydides.core.reports.html.HtmlAcceptanceTestReporter - GENERATING HTML REPORT FOR CAT-4 - Page Navigation:VIR-139.06 Verify that the next/last page button is disabled, when customer is on the last pages for Category page in d66a0d45a1c06eff9c1d6f27ed1281a7cb4dc9342efb88e60b9d3f67137c4e73.html in directory target/site/serenity  
[main] INFO net.serenitybdd.core.Serenity - Test Suite Started: CAT-5 - Category Navigation
[main] INFO net.serenitybdd.core.Serenity - 
 _____ _____ ____ _____   ____ _____  _    ____ _____ _____ ____  
|_   _| ____/ ___|_   _| / ___|_   _|/ \  |  _ \_   _| ____|  _ \ 
  | | |  _| \___ \ | |   \___ \ | | / _ \ | |_) || | |  _| | | | |
  | | | |___ ___) || |    ___) || |/ ___ \|  _ < | | | |___| |_| |
  |_| |_____|____/ |_|   |____/ |_/_/   \_\_| \_\|_| |_____|____/ 
                                                                  

TEST STARTED: VIR-151.01 Verify that the "Top" button flows from the centered middle to the bottom on moving/scrolling the page
-------------------------------------------------------------------(cat-5---category-navigation;vir-151.01-verify-that-the-"top"-button-flows-from-the-centered-middle-to-the-bottom-on-moving/scrolling-the-page)
[main] INFO net.serenitybdd.core.Serenity - STARTING STEP Given open the site and login
[main] INFO net.serenitybdd.core.Serenity - STARTING STEP Open the site
[main] INFO net.serenitybdd.core.Serenity - STEP ERROR: net.serenitybdd.core.exceptions.SerenityManagedException: Could not initialize class com.virco.locators.SiteData
]]></system-err>
  </testcase>
  <testcase name="Scenario: VIR-151.01 Verify that the &quot;Top&quot; button flows from the centered middle to the bottom on moving/scrolling the page" classname="Scenario: VIR-151.01 Verify that the &quot;Top&quot; button flows from the centered middle to the bottom on moving/scrolling the page" time="0.004">
    <error message="Could not initialize class com.virco.locators.SiteData" type="net.serenitybdd.core.exceptions.SerenityManagedException"><![CDATA[net.serenitybdd.core.exceptions.SerenityManagedException: Could not initialize class com.virco.locators.SiteData
	at com.virco.steps.serenity.CommonUserSteps.openTheSite(CommonUserSteps.java:19)
	at com.virco.steps.serenity.CommonUserSteps$$EnhancerByCGLIB$$d8541bfa.CGLIB$openTheSite$6(<generated>)
	at com.virco.steps.serenity.CommonUserSteps$$EnhancerByCGLIB$$d8541bfa$$FastClassByCGLIB$$ea8e0f86.invoke(<generated>)
	at net.sf.cglib.proxy.MethodProxy.invokeSuper(MethodProxy.java:228)
	at net.thucydides.core.steps.StepInterceptor.invokeMethod(StepInterceptor.java:372)
	at net.thucydides.core.steps.StepInterceptor.executeTestStepMethod(StepInterceptor.java:357)
	at net.thucydides.core.steps.StepInterceptor.runTestStep(StepInterceptor.java:332)
	at net.thucydides.core.steps.StepInterceptor.testStepResult(StepInterceptor.java:134)
	at net.thucydides.core.steps.StepInterceptor.intercept(StepInterceptor.java:61)
	at com.virco.steps.serenity.CommonUserSteps$$EnhancerByCGLIB$$d8541bfa.openTheSite(<generated>)
	at com.virco.steps.CommonDefinitionSteps.openTheSiteAndLogin(CommonDefinitionSteps.java:72)
	at sun.reflect.GeneratedMethodAccessor143.invoke(Unknown Source)
	at sun.reflect.DelegatingMethodAccessorImpl.invoke(DelegatingMethodAccessorImpl.java:43)
	at java.lang.reflect.Method.invoke(Method.java:498)
	at cucumber.runtime.Utils$1.call(Utils.java:40)
	at cucumber.runtime.Timeout.timeout(Timeout.java:16)
	at cucumber.runtime.Utils.invoke(Utils.java:34)
	at cucumber.runtime.java.JavaStepDefinition.execute(JavaStepDefinition.java:38)
	at cucumber.runtime.StepDefinitionMatch.runStep(StepDefinitionMatch.java:37)
	at cucumber.runtime.Runtime.runStep(Runtime.java:300)
	at cucumber.runtime.model.StepContainer.runStep(StepContainer.java:44)
	at cucumber.runtime.model.StepContainer.runSteps(StepContainer.java:39)
	at cucumber.runtime.model.CucumberScenario.run(CucumberScenario.java:44)
	at cucumber.runtime.junit.ExecutionUnitRunner.run(ExecutionUnitRunner.java:102)
	at cucumber.runtime.junit.FeatureRunner.runChild(FeatureRunner.java:63)
	at cucumber.runtime.junit.FeatureRunner.runChild(FeatureRunner.java:18)
	at org.junit.runners.ParentRunner$3.run(ParentRunner.java:290)
	at org.junit.runners.ParentRunner$1.schedule(ParentRunner.java:71)
	at org.junit.runners.ParentRunner.runChildren(ParentRunner.java:288)
	at org.junit.runners.ParentRunner.access$000(ParentRunner.java:58)
	at org.junit.runners.ParentRunner$2.evaluate(ParentRunner.java:268)
	at org.junit.runners.ParentRunner.run(ParentRunner.java:363)
	at cucumber.runtime.junit.FeatureRunner.run(FeatureRunner.java:70)
	at cucumber.api.junit.Cucumber.runChild(Cucumber.java:95)
	at cucumber.api.junit.Cucumber.runChild(Cucumber.java:38)
	at org.junit.runners.ParentRunner$3.run(ParentRunner.java:290)
	at org.junit.runners.ParentRunner$1.schedule(ParentRunner.java:71)
	at org.junit.runners.ParentRunner.runChildren(ParentRunner.java:288)
	at org.junit.runners.ParentRunner.access$000(ParentRunner.java:58)
	at org.junit.runners.ParentRunner$2.evaluate(ParentRunner.java:268)
	at org.junit.runners.ParentRunner.run(ParentRunner.java:363)
	at cucumber.api.junit.Cucumber.run(Cucumber.java:100)
	at org.apache.maven.surefire.junit4.JUnit4Provider.execute(JUnit4Provider.java:283)
	at org.apache.maven.surefire.junit4.JUnit4Provider.executeWithRerun(JUnit4Provider.java:173)
	at org.apache.maven.surefire.junit4.JUnit4Provider.executeTestSet(JUnit4Provider.java:153)
	at org.apache.maven.surefire.junit4.JUnit4Provider.invoke(JUnit4Provider.java:128)
	at org.apache.maven.surefire.booter.ForkedBooter.invokeProviderInSameClassLoader(ForkedBooter.java:203)
	at org.apache.maven.surefire.booter.ForkedBooter.runSuitesInProcess(ForkedBooter.java:155)
	at org.apache.maven.surefire.booter.ForkedBooter.main(ForkedBooter.java:103)
]]></error>
  </testcase>
  <testcase name="When open category with pagination" classname="Scenario: VIR-151.01 Verify that the &quot;Top&quot; button flows from the centered middle to the bottom on moving/scrolling the page" time="0">
    <skipped/>
    <system-err><![CDATA[[main] INFO net.serenitybdd.core.Serenity - STEP ERROR: java.lang.NoClassDefFoundError: Could not initialize class com.virco.locators.SiteData
[main] INFO net.serenitybdd.core.Serenity - STARTING STEP When open category with pagination
]]></system-err>
  </testcase>
  <testcase name="When scroll &quot;down&quot; page for the &quot;60&quot; percent" classname="Scenario: VIR-151.01 Verify that the &quot;Top&quot; button flows from the centered middle to the bottom on moving/scrolling the page" time="0">
    <skipped/>
    <system-err><![CDATA[[main] INFO net.serenitybdd.core.Serenity - IGNORING STEP
[main] INFO net.serenitybdd.core.Serenity - STARTING STEP When scroll "down" page for the "60" percent
]]></system-err>
  </testcase>
  <testcase name="Then the Top button is centered middle to the bottom" classname="Scenario: VIR-151.01 Verify that the &quot;Top&quot; button flows from the centered middle to the bottom on moving/scrolling the page" time="0">
    <skipped/>
    <system-err><![CDATA[[main] INFO net.serenitybdd.core.Serenity - IGNORING STEP
[main] INFO net.serenitybdd.core.Serenity - STARTING STEP Then the Top button is centered middle to the bottom
]]></system-err>
  </testcase>
  <testcase name="Given open the site and login" classname="Scenario: VIR-151.02 Verify that the &quot;Top&quot; button is shown to the user when they scroll down and menu is not visible" time="0.003">
    <error message="Could not initialize class com.virco.locators.SiteData" type="net.serenitybdd.core.exceptions.SerenityManagedException"><![CDATA[net.serenitybdd.core.exceptions.SerenityManagedException: Could not initialize class com.virco.locators.SiteData
	at com.virco.steps.serenity.CommonUserSteps.openTheSite(CommonUserSteps.java:19)
	at com.virco.steps.serenity.CommonUserSteps$$EnhancerByCGLIB$$d8541bfa.CGLIB$openTheSite$6(<generated>)
	at com.virco.steps.serenity.CommonUserSteps$$EnhancerByCGLIB$$d8541bfa$$FastClassByCGLIB$$ea8e0f86.invoke(<generated>)
	at net.sf.cglib.proxy.MethodProxy.invokeSuper(MethodProxy.java:228)
	at net.thucydides.core.steps.StepInterceptor.invokeMethod(StepInterceptor.java:372)
	at net.thucydides.core.steps.StepInterceptor.executeTestStepMethod(StepInterceptor.java:357)
	at net.thucydides.core.steps.StepInterceptor.runTestStep(StepInterceptor.java:332)
	at net.thucydides.core.steps.StepInterceptor.testStepResult(StepInterceptor.java:134)
	at net.thucydides.core.steps.StepInterceptor.intercept(StepInterceptor.java:61)
	at com.virco.steps.serenity.CommonUserSteps$$EnhancerByCGLIB$$d8541bfa.openTheSite(<generated>)
	at com.virco.steps.CommonDefinitionSteps.openTheSiteAndLogin(CommonDefinitionSteps.java:72)
	at sun.reflect.GeneratedMethodAccessor143.invoke(Unknown Source)
	at sun.reflect.DelegatingMethodAccessorImpl.invoke(DelegatingMethodAccessorImpl.java:43)
	at java.lang.reflect.Method.invoke(Method.java:498)
	at cucumber.runtime.Utils$1.call(Utils.java:40)
	at cucumber.runtime.Timeout.timeout(Timeout.java:16)
	at cucumber.runtime.Utils.invoke(Utils.java:34)
	at cucumber.runtime.java.JavaStepDefinition.execute(JavaStepDefinition.java:38)
	at cucumber.runtime.StepDefinitionMatch.runStep(StepDefinitionMatch.java:37)
	at cucumber.runtime.Runtime.runStep(Runtime.java:300)
	at cucumber.runtime.model.StepContainer.runStep(StepContainer.java:44)
	at cucumber.runtime.model.StepContainer.runSteps(StepContainer.java:39)
	at cucumber.runtime.model.CucumberScenario.run(CucumberScenario.java:44)
	at cucumber.runtime.junit.ExecutionUnitRunner.run(ExecutionUnitRunner.java:102)
	at cucumber.runtime.junit.FeatureRunner.runChild(FeatureRunner.java:63)
	at cucumber.runtime.junit.FeatureRunner.runChild(FeatureRunner.java:18)
	at org.junit.runners.ParentRunner$3.run(ParentRunner.java:290)
	at org.junit.runners.ParentRunner$1.schedule(ParentRunner.java:71)
	at org.junit.runners.ParentRunner.runChildren(ParentRunner.java:288)
	at org.junit.runners.ParentRunner.access$000(ParentRunner.java:58)
	at org.junit.runners.ParentRunner$2.evaluate(ParentRunner.java:268)
	at org.junit.runners.ParentRunner.run(ParentRunner.java:363)
	at cucumber.runtime.junit.FeatureRunner.run(FeatureRunner.java:70)
	at cucumber.api.junit.Cucumber.runChild(Cucumber.java:95)
	at cucumber.api.junit.Cucumber.runChild(Cucumber.java:38)
	at org.junit.runners.ParentRunner$3.run(ParentRunner.java:290)
	at org.junit.runners.ParentRunner$1.schedule(ParentRunner.java:71)
	at org.junit.runners.ParentRunner.runChildren(ParentRunner.java:288)
	at org.junit.runners.ParentRunner.access$000(ParentRunner.java:58)
	at org.junit.runners.ParentRunner$2.evaluate(ParentRunner.java:268)
	at org.junit.runners.ParentRunner.run(ParentRunner.java:363)
	at cucumber.api.junit.Cucumber.run(Cucumber.java:100)
	at org.apache.maven.surefire.junit4.JUnit4Provider.execute(JUnit4Provider.java:283)
	at org.apache.maven.surefire.junit4.JUnit4Provider.executeWithRerun(JUnit4Provider.java:173)
	at org.apache.maven.surefire.junit4.JUnit4Provider.executeTestSet(JUnit4Provider.java:153)
	at org.apache.maven.surefire.junit4.JUnit4Provider.invoke(JUnit4Provider.java:128)
	at org.apache.maven.surefire.booter.ForkedBooter.invokeProviderInSameClassLoader(ForkedBooter.java:203)
	at org.apache.maven.surefire.booter.ForkedBooter.runSuitesInProcess(ForkedBooter.java:155)
	at org.apache.maven.surefire.booter.ForkedBooter.main(ForkedBooter.java:103)
]]></error>
    <system-err><![CDATA[[main] INFO net.serenitybdd.core.Serenity - IGNORING STEP
[main] ERROR net.serenitybdd.core.Serenity - 
           __  _____ _____ ____ _____   _____ _    ___ _     _____ ____  
  _       / / |_   _| ____/ ___|_   _| |  ___/ \  |_ _| |   | ____|  _ \ 
 (_)_____| |    | | |  _| \___ \ | |   | |_ / _ \  | || |   |  _| | | | |
  _|_____| |    | | | |___ ___) || |   |  _/ ___ \ | || |___| |___| |_| |
 (_)     | |    |_| |_____|____/ |_|   |_|/_/   \_\___|_____|_____|____/ 
          \_\                                                            

TEST FAILED WITH ERROR: VIR-151.01 Verify that the "Top" button flows from the centered middle to the bottom on moving/scrolling the page
---------------------------------------------------------------------
[main] ERROR net.serenitybdd.core.Serenity - TEST FAILED AT STEP Open the site
[main] ERROR net.serenitybdd.core.Serenity - Could not initialize class com.virco.locators.SiteData
[pool-1-thread-2] INFO net.thucydides.core.reports.json.JSONTestOutcomeReporter - Generating JSON report for VIR-137.02 Verify that the customer can switch the view of products into grid, list to file /Users/rodionsavchuk/hybrisAutomation/virco-automatedtests/target/site/serenity/cdb7752ae4e635597dc73730ce49dc450174bfbf736b9ef32175a8b54c56e86c.json (using temp file /Users/rodionsavchuk/hybrisAutomation/virco-automatedtests/target/site/serenity/cdb7752ae4e635597dc73730ce49dc450174bfbf736b9ef32175a8b54c56e86c.jsonc183667b-6be0-4d07-8ee1-0925c8b708a6)
[pool-1-thread-4] INFO net.thucydides.core.reports.json.JSONTestOutcomeReporter - Generating JSON report for VIR-137.01 Verify that the toggle button is shown above the products to file /Users/rodionsavchuk/hybrisAutomation/virco-automatedtests/target/site/serenity/ed05f0ebcdeb7ab8ce4053f5e77c2e104b16083b38ff0389ff4683e6797df73a.json (using temp file /Users/rodionsavchuk/hybrisAutomation/virco-automatedtests/target/site/serenity/ed05f0ebcdeb7ab8ce4053f5e77c2e104b16083b38ff0389ff4683e6797df73a.json19f50996-3f38-4744-8705-c45b3127c04d)
[pool-1-thread-3] INFO net.thucydides.core.reports.json.JSONTestOutcomeReporter - Generating JSON report for VIR-137.03 Verify that in the grid view the following product info is shown to file /Users/rodionsavchuk/hybrisAutomation/virco-automatedtests/target/site/serenity/2d367fe8d4e995fe7f0f69d3d29f47666f1d4fd6318f8f9dd42678280fb025a4.json (using temp file /Users/rodionsavchuk/hybrisAutomation/virco-automatedtests/target/site/serenity/2d367fe8d4e995fe7f0f69d3d29f47666f1d4fd6318f8f9dd42678280fb025a4.json60421d9f-ffe0-437f-b495-53ace91c2350)
[pool-1-thread-1] INFO net.thucydides.core.reports.json.JSONTestOutcomeReporter - Generating JSON report for VIR-790.01 Verify that the customer can switch the view of products into grid, list on search page to file /Users/rodionsavchuk/hybrisAutomation/virco-automatedtests/target/site/serenity/79c89f5c9fd1ad2a8c101b5f0410c8b569b0435ef40abf20f63e096a8d5de34e.json (using temp file /Users/rodionsavchuk/hybrisAutomation/virco-automatedtests/target/site/serenity/79c89f5c9fd1ad2a8c101b5f0410c8b569b0435ef40abf20f63e096a8d5de34e.json60fe81cf-e923-43e7-96a9-daaf6bac7d27)
[pool-1-thread-2] INFO net.thucydides.core.reports.json.JSONTestOutcomeReporter - Generating JSON report for VIR-137.04 Verify that in the List view the following info is shown to file /Users/rodionsavchuk/hybrisAutomation/virco-automatedtests/target/site/serenity/492108091097b8f1a9b1f860ede4bcf742b38d74fb739ac7ab3bec842b5bcb07.json (using temp file /Users/rodionsavchuk/hybrisAutomation/virco-automatedtests/target/site/serenity/492108091097b8f1a9b1f860ede4bcf742b38d74fb739ac7ab3bec842b5bcb07.jsonb5bbdc9b-c16b-4605-858d-c5563a49c743)
[pool-1-thread-4] INFO net.thucydides.core.reports.json.JSONTestOutcomeReporter - Generating JSON report for VIR-137.05 Verify that the list of products is the same in both views to file /Users/rodionsavchuk/hybrisAutomation/virco-automatedtests/target/site/serenity/ae1db428932e82981303203bdc6eb851846608ccd30fa908f4f5b446cb968075.json (using temp file /Users/rodionsavchuk/hybrisAutomation/virco-automatedtests/target/site/serenity/ae1db428932e82981303203bdc6eb851846608ccd30fa908f4f5b446cb968075.json3e869430-016d-40c8-82df-2447b3b4a1b4)
[pool-1-thread-1] INFO net.thucydides.core.reports.json.JSONTestOutcomeReporter - Generating JSON report for VIR-251.01 Verify that the amount of products per opened page is shown to file /Users/rodionsavchuk/hybrisAutomation/virco-automatedtests/target/site/serenity/2c0ae4476567833206363958c76f43f0bea266ccf19875e0be388e0105241b80.json (using temp file /Users/rodionsavchuk/hybrisAutomation/virco-automatedtests/target/site/serenity/2c0ae4476567833206363958c76f43f0bea266ccf19875e0be388e0105241b80.jsonf7f5bd59-942a-458c-95b1-b10548be549c)
[pool-1-thread-3] INFO net.thucydides.core.reports.json.JSONTestOutcomeReporter - Generating JSON report for VIR-251.03 Verify that the last page shows the appropriate number of items to file /Users/rodionsavchuk/hybrisAutomation/virco-automatedtests/target/site/serenity/203add71e1553852782b06b46ad692a125d7913e1dcdfa1bc77d21975adc91d3.json (using temp file /Users/rodionsavchuk/hybrisAutomation/virco-automatedtests/target/site/serenity/203add71e1553852782b06b46ad692a125d7913e1dcdfa1bc77d21975adc91d3.json4e07e87e-f983-4476-a2f3-71f67569d6fc)
[pool-1-thread-2] INFO net.thucydides.core.reports.json.JSONTestOutcomeReporter - Generating JSON report for VIR-251.02 Verify that the 20 products are shown per page to file /Users/rodionsavchuk/hybrisAutomation/virco-automatedtests/target/site/serenity/3e2f2a51405f3fa5f517d1a92fb6c7f2d63a08226c65dc48dfcdfc1de866d2f3.json (using temp file /Users/rodionsavchuk/hybrisAutomation/virco-automatedtests/target/site/serenity/3e2f2a51405f3fa5f517d1a92fb6c7f2d63a08226c65dc48dfcdfc1de866d2f3.jsondb844cca-5c11-4649-9d1e-c24740732e81)
[pool-1-thread-4] INFO net.thucydides.core.reports.json.JSONTestOutcomeReporter - Generating JSON report for VIR-138.01 Verify that the pagination is shown above and below the list of products to file /Users/rodionsavchuk/hybrisAutomation/virco-automatedtests/target/site/serenity/9771603025f14f96b272fa21dca31889f195c9a9337b95fbf5eab3295a9e05a4.json (using temp file /Users/rodionsavchuk/hybrisAutomation/virco-automatedtests/target/site/serenity/9771603025f14f96b272fa21dca31889f195c9a9337b95fbf5eab3295a9e05a4.json59dfc9b9-258a-4cfb-a7b0-8261c49f64c9)
[pool-1-thread-3] INFO net.thucydides.core.reports.json.JSONTestOutcomeReporter - Generating JSON report for VIR-138.02 Verify that the pagination is suppressed, if only one page of products exist to file /Users/rodionsavchuk/hybrisAutomation/virco-automatedtests/target/site/serenity/ac84c28d9514fcaca1cb434f3db75c589b46912734ad917fa2234bd7cc42f0e5.json (using temp file /Users/rodionsavchuk/hybrisAutomation/virco-automatedtests/target/site/serenity/ac84c28d9514fcaca1cb434f3db75c589b46912734ad917fa2234bd7cc42f0e5.json1ee31c38-320b-4f2c-918c-112e8442de28)
[pool-1-thread-1] INFO net.thucydides.core.reports.json.JSONTestOutcomeReporter - Generating JSON report for VIR-592.01 Verify that the pagination is shown above and below the list of products on search page to file /Users/rodionsavchuk/hybrisAutomation/virco-automatedtests/target/site/serenity/5184d7acbfb3ebe8e1ad1150664aad7942651d17649b17c3849d0eea482d8652.json (using temp file /Users/rodionsavchuk/hybrisAutomation/virco-automatedtests/target/site/serenity/5184d7acbfb3ebe8e1ad1150664aad7942651d17649b17c3849d0eea482d8652.json1aeed8ce-d01b-419d-9dae-534533da93c3)
[pool-1-thread-2] INFO net.thucydides.core.reports.json.JSONTestOutcomeReporter - Generating JSON report for VIR-138.03 Verify that the last page is shown when customer enters the page number that is bigger than the existed one to file /Users/rodionsavchuk/hybrisAutomation/virco-automatedtests/target/site/serenity/56575217a2a4b5789d81c4200cecfbe74728dc79b7cd6d8ac27653a8d3f85ecb.json (using temp file /Users/rodionsavchuk/hybrisAutomation/virco-automatedtests/target/site/serenity/56575217a2a4b5789d81c4200cecfbe74728dc79b7cd6d8ac27653a8d3f85ecb.json653b1124-7f09-4d3d-960c-ac5c67b883ed)
[pool-1-thread-4] INFO net.thucydides.core.reports.json.JSONTestOutcomeReporter - Generating JSON report for VIR-138.04 Verity that the first page is shown when customer enters the 0 to file /Users/rodionsavchuk/hybrisAutomation/virco-automatedtests/target/site/serenity/1c8a1b4b43701bd1338632b88eb6b64df9b65fadafecbf38fec7c32d2408f09b.json (using temp file /Users/rodionsavchuk/hybrisAutomation/virco-automatedtests/target/site/serenity/1c8a1b4b43701bd1338632b88eb6b64df9b65fadafecbf38fec7c32d2408f09b.json9bec7bb6-1f47-4feb-8a50-3cc58934d228)
[pool-1-thread-3] INFO net.thucydides.core.reports.json.JSONTestOutcomeReporter - Generating JSON report for VIR-138.05 Verify that any other data can't be entered except integer to file /Users/rodionsavchuk/hybrisAutomation/virco-automatedtests/target/site/serenity/732f150ffc6c82e48b678a4e7112835fdf284ee6b7c57b8f50df671b5a3f74ae.json (using temp file /Users/rodionsavchuk/hybrisAutomation/virco-automatedtests/target/site/serenity/732f150ffc6c82e48b678a4e7112835fdf284ee6b7c57b8f50df671b5a3f74ae.json00cf2585-c0b9-4778-b632-7310357466f2)
[pool-1-thread-1] INFO net.thucydides.core.reports.json.JSONTestOutcomeReporter - Generating JSON report for VIR-138.06 Verify that any other data can't be entered except integer using context paste to file /Users/rodionsavchuk/hybrisAutomation/virco-automatedtests/target/site/serenity/57135e94eed8cc11fc55734a7c503a70dc363381dabf570e05c256f3e9e11571.json (using temp file /Users/rodionsavchuk/hybrisAutomation/virco-automatedtests/target/site/serenity/57135e94eed8cc11fc55734a7c503a70dc363381dabf570e05c256f3e9e11571.json69e800f5-540b-4fee-ab5b-3140b191d5a7)
[pool-1-thread-2] INFO net.thucydides.core.reports.json.JSONTestOutcomeReporter - Generating JSON report for VIR-138.07 Verify that the sorting/filtering is not cleared while navigating through the pages in the current way to file /Users/rodionsavchuk/hybrisAutomation/virco-automatedtests/target/site/serenity/9c486c2a7fbaca4d17050cd5542d3a8caf0a296ddf026c6149fc129a58edffc6.json (using temp file /Users/rodionsavchuk/hybrisAutomation/virco-automatedtests/target/site/serenity/9c486c2a7fbaca4d17050cd5542d3a8caf0a296ddf026c6149fc129a58edffc6.jsoned801925-9b6c-4228-8083-e37330bbf623)
[pool-1-thread-4] INFO net.thucydides.core.reports.json.JSONTestOutcomeReporter - Generating JSON report for VIR-138.08 Verify that the customer is able to enter the page number to navigate into it on the Category page to file /Users/rodionsavchuk/hybrisAutomation/virco-automatedtests/target/site/serenity/d901a04c74ffc4b4edd5039d007ea6284c936f13937174647f15ada4b2f63380.json (using temp file /Users/rodionsavchuk/hybrisAutomation/virco-automatedtests/target/site/serenity/d901a04c74ffc4b4edd5039d007ea6284c936f13937174647f15ada4b2f63380.json93152c44-05b9-476e-af7b-c576cb9635f2)
[pool-1-thread-3] INFO net.thucydides.core.reports.json.JSONTestOutcomeReporter - Generating JSON report for VIR-138.09 Verify that the customer is able to enter the page number to navigate into it on the Search result page to file /Users/rodionsavchuk/hybrisAutomation/virco-automatedtests/target/site/serenity/93693134ebc7873775c4933a1d9adb4ef57c10c8386432a03157dea73460df26.json (using temp file /Users/rodionsavchuk/hybrisAutomation/virco-automatedtests/target/site/serenity/93693134ebc7873775c4933a1d9adb4ef57c10c8386432a03157dea73460df26.json654eea67-41df-4b20-be3c-e1a90d1a723f)
[pool-1-thread-1] INFO net.thucydides.core.reports.json.JSONTestOutcomeReporter - Generating JSON report for VIR-139.01 Verify that the first/last/next pages are shown above and below the list of products to file /Users/rodionsavchuk/hybrisAutomation/virco-automatedtests/target/site/serenity/4dbac56f29c4074e92c92b0b0ef1d484ab71ee4922840f44cb1448588a9a946d.json (using temp file /Users/rodionsavchuk/hybrisAutomation/virco-automatedtests/target/site/serenity/4dbac56f29c4074e92c92b0b0ef1d484ab71ee4922840f44cb1448588a9a946d.jsoned04b505-74e9-4da8-9c1b-e00fdcd6c9c4)
[pool-1-thread-4] INFO net.thucydides.core.reports.json.JSONTestOutcomeReporter - Generating JSON report for VIR-139.02 Verify that the customer is able to navigate through the previous, next, last pages on Category page to file /Users/rodionsavchuk/hybrisAutomation/virco-automatedtests/target/site/serenity/f7f5a393330d58d59b5ef1cad0ed5f5d18670b2b32bdfd893a5d5973b97901b3.json (using temp file /Users/rodionsavchuk/hybrisAutomation/virco-automatedtests/target/site/serenity/f7f5a393330d58d59b5ef1cad0ed5f5d18670b2b32bdfd893a5d5973b97901b3.jsona14dfd3b-be40-44a8-9726-5a1ccaaf908b)
[pool-1-thread-2] INFO net.thucydides.core.reports.json.JSONTestOutcomeReporter - Generating JSON report for VIR-139.03 Verify that the customer is able to navigate through the previous, next, last pages on Search result page to file /Users/rodionsavchuk/hybrisAutomation/virco-automatedtests/target/site/serenity/c3ae4d5c97cf60173b31c8b8a7af26c4bfec9b28004b85bf45f584acba163a05.json (using temp file /Users/rodionsavchuk/hybrisAutomation/virco-automatedtests/target/site/serenity/c3ae4d5c97cf60173b31c8b8a7af26c4bfec9b28004b85bf45f584acba163a05.json8c9545e6-67b6-461c-a843-c55ab81a47db)
[pool-1-thread-3] INFO net.thucydides.core.reports.json.JSONTestOutcomeReporter - Generating JSON report for VIR-139.04 Verify that the previous/ first page is disabled, when customer is on the first pages for Category page to file /Users/rodionsavchuk/hybrisAutomation/virco-automatedtests/target/site/serenity/007583efbcfc7371987f2169b25295c52ee7f5b46e412d21bf5bcd3e1826a4b7.json (using temp file /Users/rodionsavchuk/hybrisAutomation/virco-automatedtests/target/site/serenity/007583efbcfc7371987f2169b25295c52ee7f5b46e412d21bf5bcd3e1826a4b7.jsone05e9df1-e27b-4327-bbe5-2f290653b9a7)
[pool-1-thread-1] INFO net.thucydides.core.reports.json.JSONTestOutcomeReporter - Generating JSON report for VIR-139.05 Verify that the previous/ first page is disabled, when customer is on the first pages for Search result page to file /Users/rodionsavchuk/hybrisAutomation/virco-automatedtests/target/site/serenity/10cb99a196bb72210a90891f5bcaae8347e46081ec5aa50374e857b724f12851.json (using temp file /Users/rodionsavchuk/hybrisAutomation/virco-automatedtests/target/site/serenity/10cb99a196bb72210a90891f5bcaae8347e46081ec5aa50374e857b724f12851.json56e71830-515f-4f32-b984-f9809704a32f)
[pool-1-thread-4] INFO net.thucydides.core.reports.json.JSONTestOutcomeReporter - Generating JSON report for VIR-139.06 Verify that the next/last page button is disabled, when customer is on the last pages for Category page to file /Users/rodionsavchuk/hybrisAutomation/virco-automatedtests/target/site/serenity/d66a0d45a1c06eff9c1d6f27ed1281a7cb4dc9342efb88e60b9d3f67137c4e73.json (using temp file /Users/rodionsavchuk/hybrisAutomation/virco-automatedtests/target/site/serenity/d66a0d45a1c06eff9c1d6f27ed1281a7cb4dc9342efb88e60b9d3f67137c4e73.jsond91a5ee0-f159-446c-a4e9-5f23fe9c44aa)
[pool-1-thread-2] INFO net.thucydides.core.reports.json.JSONTestOutcomeReporter - Generating JSON report for VIR-139.07 Verify that the next/last page button is disabled when customer is on the last page for Search result page to file /Users/rodionsavchuk/hybrisAutomation/virco-automatedtests/target/site/serenity/f50c852a8450c5694a09eaff6b929707578220494b9403a76eb665db9c748643.json (using temp file /Users/rodionsavchuk/hybrisAutomation/virco-automatedtests/target/site/serenity/f50c852a8450c5694a09eaff6b929707578220494b9403a76eb665db9c748643.json01040643-387e-47d5-83a7-d436b1eb7a57)
[pool-1-thread-1] INFO net.thucydides.core.reports.json.JSONTestOutcomeReporter - Generating JSON report for VIR-151.01 Verify that the "Top" button flows from the centered middle to the bottom on moving/scrolling the page to file /Users/rodionsavchuk/hybrisAutomation/virco-automatedtests/target/site/serenity/ef330c7c2eabd002beb36ae647158282edb6cb9be7606e23b5b9445e94f18d65.json (using temp file /Users/rodionsavchuk/hybrisAutomation/virco-automatedtests/target/site/serenity/ef330c7c2eabd002beb36ae647158282edb6cb9be7606e23b5b9445e94f18d65.json5b5508ea-30c4-4a8e-83c5-8dc7c0b06114)
[pool-1-thread-4] INFO net.thucydides.core.reports.html.HtmlAcceptanceTestReporter - GENERATING HTML REPORT FOR CAT-1 - Grid/List View Toggle:VIR-137.02 Verify that the customer can switch the view of products into grid, list in cdb7752ae4e635597dc73730ce49dc450174bfbf736b9ef32175a8b54c56e86c.html in directory target/site/serenity  
[pool-1-thread-3] INFO net.thucydides.core.reports.html.HtmlAcceptanceTestReporter - GENERATING HTML REPORT FOR CAT-1 - Grid/List View Toggle:VIR-137.01 Verify that the toggle button is shown above the products in ed05f0ebcdeb7ab8ce4053f5e77c2e104b16083b38ff0389ff4683e6797df73a.html in directory target/site/serenity  
[pool-1-thread-2] INFO net.thucydides.core.reports.html.HtmlAcceptanceTestReporter - GENERATING HTML REPORT FOR CAT-1 - Grid/List View Toggle:VIR-790.01 Verify that the customer can switch the view of products into grid, list on search page in 79c89f5c9fd1ad2a8c101b5f0410c8b569b0435ef40abf20f63e096a8d5de34e.html in directory target/site/serenity  
[pool-1-thread-1] INFO net.thucydides.core.reports.html.HtmlAcceptanceTestReporter - GENERATING HTML REPORT FOR CAT-1 - Grid/List View Toggle:VIR-137.03 Verify that in the grid view the following product info is shown in 2d367fe8d4e995fe7f0f69d3d29f47666f1d4fd6318f8f9dd42678280fb025a4.html in directory target/site/serenity  
[pool-1-thread-4] INFO net.thucydides.core.reports.html.HtmlAcceptanceTestReporter - GENERATING HTML REPORT FOR CAT-1 - Grid/List View Toggle:VIR-137.04 Verify that in the List view the following info is shown in 492108091097b8f1a9b1f860ede4bcf742b38d74fb739ac7ab3bec842b5bcb07.html in directory target/site/serenity  
[pool-1-thread-3] INFO net.thucydides.core.reports.html.HtmlAcceptanceTestReporter - GENERATING HTML REPORT FOR CAT-1 - Grid/List View Toggle:VIR-137.05 Verify that the list of products is the same in both views in ae1db428932e82981303203bdc6eb851846608ccd30fa908f4f5b446cb968075.html in directory target/site/serenity  
[pool-1-thread-2] INFO net.thucydides.core.reports.html.HtmlAcceptanceTestReporter - GENERATING HTML REPORT FOR CAT-2 - Numeration Display:VIR-251.01 Verify that the amount of products per opened page is shown in 2c0ae4476567833206363958c76f43f0bea266ccf19875e0be388e0105241b80.html in directory target/site/serenity  
[pool-1-thread-1] INFO net.thucydides.core.reports.html.HtmlAcceptanceTestReporter - GENERATING HTML REPORT FOR CAT-2 - Numeration Display:VIR-251.02 Verify that the 20 products are shown per page in 3e2f2a51405f3fa5f517d1a92fb6c7f2d63a08226c65dc48dfcdfc1de866d2f3.html in directory target/site/serenity  
[pool-1-thread-4] INFO net.thucydides.core.reports.html.HtmlAcceptanceTestReporter - GENERATING HTML REPORT FOR CAT-2 - Numeration Display:VIR-251.03 Verify that the last page shows the appropriate number of items in 203add71e1553852782b06b46ad692a125d7913e1dcdfa1bc77d21975adc91d3.html in directory target/site/serenity  
[pool-1-thread-3] INFO net.thucydides.core.reports.html.HtmlAcceptanceTestReporter - GENERATING HTML REPORT FOR CAT-3 - Pagination:VIR-138.01 Verify that the pagination is shown above and below the list of products in 9771603025f14f96b272fa21dca31889f195c9a9337b95fbf5eab3295a9e05a4.html in directory target/site/serenity  
[pool-1-thread-2] INFO net.thucydides.core.reports.html.HtmlAcceptanceTestReporter - GENERATING HTML REPORT FOR CAT-3 - Pagination:VIR-592.01 Verify that the pagination is shown above and below the list of products on search page in 5184d7acbfb3ebe8e1ad1150664aad7942651d17649b17c3849d0eea482d8652.html in directory target/site/serenity  
[pool-1-thread-1] INFO net.thucydides.core.reports.html.HtmlAcceptanceTestReporter - GENERATING HTML REPORT FOR CAT-3 - Pagination:VIR-138.02 Verify that the pagination is suppressed, if only one page of products exist in ac84c28d9514fcaca1cb434f3db75c589b46912734ad917fa2234bd7cc42f0e5.html in directory target/site/serenity  
[pool-1-thread-4] INFO net.thucydides.core.reports.html.HtmlAcceptanceTestReporter - GENERATING HTML REPORT FOR CAT-3 - Pagination:VIR-138.03 Verify that the last page is shown when customer enters the page number that is bigger than the existed one in 56575217a2a4b5789d81c4200cecfbe74728dc79b7cd6d8ac27653a8d3f85ecb.html in directory target/site/serenity  
[pool-1-thread-3] INFO net.thucydides.core.reports.html.HtmlAcceptanceTestReporter - GENERATING HTML REPORT FOR CAT-3 - Pagination:VIR-138.04 Verity that the first page is shown when customer enters the 0 in 1c8a1b4b43701bd1338632b88eb6b64df9b65fadafecbf38fec7c32d2408f09b.html in directory target/site/serenity  
[pool-1-thread-1] INFO net.thucydides.core.reports.html.HtmlAcceptanceTestReporter - GENERATING HTML REPORT FOR CAT-3 - Pagination:VIR-138.06 Verify that any other data can't be entered except integer using context paste in 57135e94eed8cc11fc55734a7c503a70dc363381dabf570e05c256f3e9e11571.html in directory target/site/serenity  
[pool-1-thread-2] INFO net.thucydides.core.reports.html.HtmlAcceptanceTestReporter - GENERATING HTML REPORT FOR CAT-3 - Pagination:VIR-138.05 Verify that any other data can't be entered except integer in 732f150ffc6c82e48b678a4e7112835fdf284ee6b7c57b8f50df671b5a3f74ae.html in directory target/site/serenity  
[pool-1-thread-4] INFO net.thucydides.core.reports.html.HtmlAcceptanceTestReporter - GENERATING HTML REPORT FOR CAT-3 - Pagination:VIR-138.07 Verify that the sorting/filtering is not cleared while navigating through the pages in the current way in 9c486c2a7fbaca4d17050cd5542d3a8caf0a296ddf026c6149fc129a58edffc6.html in directory target/site/serenity  
[pool-1-thread-1] INFO net.thucydides.core.reports.html.HtmlAcceptanceTestReporter - GENERATING HTML REPORT FOR CAT-3 - Pagination:VIR-138.08 Verify that the customer is able to enter the page number to navigate into it on the Category page in d901a04c74ffc4b4edd5039d007ea6284c936f13937174647f15ada4b2f63380.html in directory target/site/serenity  
[pool-1-thread-3] INFO net.thucydides.core.reports.html.HtmlAcceptanceTestReporter - GENERATING HTML REPORT FOR CAT-3 - Pagination:VIR-138.09 Verify that the customer is able to enter the page number to navigate into it on the Search result page in 93693134ebc7873775c4933a1d9adb4ef57c10c8386432a03157dea73460df26.html in directory target/site/serenity  
[pool-1-thread-2] INFO net.thucydides.core.reports.html.HtmlAcceptanceTestReporter - GENERATING HTML REPORT FOR CAT-4 - Page Navigation:VIR-139.01 Verify that the first/last/next pages are shown above and below the list of products in 4dbac56f29c4074e92c92b0b0ef1d484ab71ee4922840f44cb1448588a9a946d.html in directory target/site/serenity  
[pool-1-thread-4] INFO net.thucydides.core.reports.html.HtmlAcceptanceTestReporter - GENERATING HTML REPORT FOR CAT-4 - Page Navigation:VIR-139.02 Verify that the customer is able to navigate through the previous, next, last pages on Category page in f7f5a393330d58d59b5ef1cad0ed5f5d18670b2b32bdfd893a5d5973b97901b3.html in directory target/site/serenity  
[pool-1-thread-2] INFO net.thucydides.core.reports.html.HtmlAcceptanceTestReporter - GENERATING HTML REPORT FOR CAT-4 - Page Navigation:VIR-139.03 Verify that the customer is able to navigate through the previous, next, last pages on Search result page in c3ae4d5c97cf60173b31c8b8a7af26c4bfec9b28004b85bf45f584acba163a05.html in directory target/site/serenity  
[pool-1-thread-3] INFO net.thucydides.core.reports.html.HtmlAcceptanceTestReporter - GENERATING HTML REPORT FOR CAT-4 - Page Navigation:VIR-139.04 Verify that the previous/ first page is disabled, when customer is on the first pages for Category page in 007583efbcfc7371987f2169b25295c52ee7f5b46e412d21bf5bcd3e1826a4b7.html in directory target/site/serenity  
[pool-1-thread-1] INFO net.thucydides.core.reports.html.HtmlAcceptanceTestReporter - GENERATING HTML REPORT FOR CAT-4 - Page Navigation:VIR-139.05 Verify that the previous/ first page is disabled, when customer is on the first pages for Search result page in 10cb99a196bb72210a90891f5bcaae8347e46081ec5aa50374e857b724f12851.html in directory target/site/serenity  
[pool-1-thread-3] INFO net.thucydides.core.reports.html.HtmlAcceptanceTestReporter - GENERATING HTML REPORT FOR CAT-4 - Page Navigation:VIR-139.06 Verify that the next/last page button is disabled, when customer is on the last pages for Category page in d66a0d45a1c06eff9c1d6f27ed1281a7cb4dc9342efb88e60b9d3f67137c4e73.html in directory target/site/serenity  
[pool-1-thread-2] INFO net.thucydides.core.reports.html.HtmlAcceptanceTestReporter - GENERATING HTML REPORT FOR CAT-4 - Page Navigation:VIR-139.07 Verify that the next/last page button is disabled when customer is on the last page for Search result page in f50c852a8450c5694a09eaff6b929707578220494b9403a76eb665db9c748643.html in directory target/site/serenity  
[pool-1-thread-4] INFO net.thucydides.core.reports.html.HtmlAcceptanceTestReporter - GENERATING HTML REPORT FOR CAT-5 - Category Navigation:VIR-151.01 Verify that the "Top" button flows from the centered middle to the bottom on moving/scrolling the page in ef330c7c2eabd002beb36ae647158282edb6cb9be7606e23b5b9445e94f18d65.html in directory target/site/serenity  
[main] INFO net.serenitybdd.core.Serenity - 
 _____ _____ ____ _____   ____ _____  _    ____ _____ _____ ____  
|_   _| ____/ ___|_   _| / ___|_   _|/ \  |  _ \_   _| ____|  _ \ 
  | | |  _| \___ \ | |   \___ \ | | / _ \ | |_) || | |  _| | | | |
  | | | |___ ___) || |    ___) || |/ ___ \|  _ < | | | |___| |_| |
  |_| |_____|____/ |_|   |____/ |_/_/   \_\_| \_\|_| |_____|____/ 
                                                                  

TEST STARTED: VIR-151.02 Verify that the "Top" button is shown to the user when they scroll down and menu is not visible
-------------------------------------------------------------------(cat-5---category-navigation;vir-151.02-verify-that-the-"top"-button-is-shown-to-the-user-when-they-scroll-down-and-menu-is-not-visible)
[main] INFO net.serenitybdd.core.Serenity - STARTING STEP Given open the site and login
[main] INFO net.serenitybdd.core.Serenity - STARTING STEP Open the site
[main] INFO net.serenitybdd.core.Serenity - STEP ERROR: net.serenitybdd.core.exceptions.SerenityManagedException: Could not initialize class com.virco.locators.SiteData
]]></system-err>
  </testcase>
  <testcase name="Scenario: VIR-151.02 Verify that the &quot;Top&quot; button is shown to the user when they scroll down and menu is not visible" classname="Scenario: VIR-151.02 Verify that the &quot;Top&quot; button is shown to the user when they scroll down and menu is not visible" time="0.004">
    <error message="Could not initialize class com.virco.locators.SiteData" type="net.serenitybdd.core.exceptions.SerenityManagedException"><![CDATA[net.serenitybdd.core.exceptions.SerenityManagedException: Could not initialize class com.virco.locators.SiteData
	at com.virco.steps.serenity.CommonUserSteps.openTheSite(CommonUserSteps.java:19)
	at com.virco.steps.serenity.CommonUserSteps$$EnhancerByCGLIB$$d8541bfa.CGLIB$openTheSite$6(<generated>)
	at com.virco.steps.serenity.CommonUserSteps$$EnhancerByCGLIB$$d8541bfa$$FastClassByCGLIB$$ea8e0f86.invoke(<generated>)
	at net.sf.cglib.proxy.MethodProxy.invokeSuper(MethodProxy.java:228)
	at net.thucydides.core.steps.StepInterceptor.invokeMethod(StepInterceptor.java:372)
	at net.thucydides.core.steps.StepInterceptor.executeTestStepMethod(StepInterceptor.java:357)
	at net.thucydides.core.steps.StepInterceptor.runTestStep(StepInterceptor.java:332)
	at net.thucydides.core.steps.StepInterceptor.testStepResult(StepInterceptor.java:134)
	at net.thucydides.core.steps.StepInterceptor.intercept(StepInterceptor.java:61)
	at com.virco.steps.serenity.CommonUserSteps$$EnhancerByCGLIB$$d8541bfa.openTheSite(<generated>)
	at com.virco.steps.CommonDefinitionSteps.openTheSiteAndLogin(CommonDefinitionSteps.java:72)
	at sun.reflect.GeneratedMethodAccessor143.invoke(Unknown Source)
	at sun.reflect.DelegatingMethodAccessorImpl.invoke(DelegatingMethodAccessorImpl.java:43)
	at java.lang.reflect.Method.invoke(Method.java:498)
	at cucumber.runtime.Utils$1.call(Utils.java:40)
	at cucumber.runtime.Timeout.timeout(Timeout.java:16)
	at cucumber.runtime.Utils.invoke(Utils.java:34)
	at cucumber.runtime.java.JavaStepDefinition.execute(JavaStepDefinition.java:38)
	at cucumber.runtime.StepDefinitionMatch.runStep(StepDefinitionMatch.java:37)
	at cucumber.runtime.Runtime.runStep(Runtime.java:300)
	at cucumber.runtime.model.StepContainer.runStep(StepContainer.java:44)
	at cucumber.runtime.model.StepContainer.runSteps(StepContainer.java:39)
	at cucumber.runtime.model.CucumberScenario.run(CucumberScenario.java:44)
	at cucumber.runtime.junit.ExecutionUnitRunner.run(ExecutionUnitRunner.java:102)
	at cucumber.runtime.junit.FeatureRunner.runChild(FeatureRunner.java:63)
	at cucumber.runtime.junit.FeatureRunner.runChild(FeatureRunner.java:18)
	at org.junit.runners.ParentRunner$3.run(ParentRunner.java:290)
	at org.junit.runners.ParentRunner$1.schedule(ParentRunner.java:71)
	at org.junit.runners.ParentRunner.runChildren(ParentRunner.java:288)
	at org.junit.runners.ParentRunner.access$000(ParentRunner.java:58)
	at org.junit.runners.ParentRunner$2.evaluate(ParentRunner.java:268)
	at org.junit.runners.ParentRunner.run(ParentRunner.java:363)
	at cucumber.runtime.junit.FeatureRunner.run(FeatureRunner.java:70)
	at cucumber.api.junit.Cucumber.runChild(Cucumber.java:95)
	at cucumber.api.junit.Cucumber.runChild(Cucumber.java:38)
	at org.junit.runners.ParentRunner$3.run(ParentRunner.java:290)
	at org.junit.runners.ParentRunner$1.schedule(ParentRunner.java:71)
	at org.junit.runners.ParentRunner.runChildren(ParentRunner.java:288)
	at org.junit.runners.ParentRunner.access$000(ParentRunner.java:58)
	at org.junit.runners.ParentRunner$2.evaluate(ParentRunner.java:268)
	at org.junit.runners.ParentRunner.run(ParentRunner.java:363)
	at cucumber.api.junit.Cucumber.run(Cucumber.java:100)
	at org.apache.maven.surefire.junit4.JUnit4Provider.execute(JUnit4Provider.java:283)
	at org.apache.maven.surefire.junit4.JUnit4Provider.executeWithRerun(JUnit4Provider.java:173)
	at org.apache.maven.surefire.junit4.JUnit4Provider.executeTestSet(JUnit4Provider.java:153)
	at org.apache.maven.surefire.junit4.JUnit4Provider.invoke(JUnit4Provider.java:128)
	at org.apache.maven.surefire.booter.ForkedBooter.invokeProviderInSameClassLoader(ForkedBooter.java:203)
	at org.apache.maven.surefire.booter.ForkedBooter.runSuitesInProcess(ForkedBooter.java:155)
	at org.apache.maven.surefire.booter.ForkedBooter.main(ForkedBooter.java:103)
]]></error>
  </testcase>
  <testcase name="When open any category" classname="Scenario: VIR-151.02 Verify that the &quot;Top&quot; button is shown to the user when they scroll down and menu is not visible" time="0">
    <skipped/>
    <system-err><![CDATA[[main] INFO net.serenitybdd.core.Serenity - STEP ERROR: java.lang.NoClassDefFoundError: Could not initialize class com.virco.locators.SiteData
[main] INFO net.serenitybdd.core.Serenity - STARTING STEP When open any category
]]></system-err>
  </testcase>
  <testcase name="When scroll &quot;down&quot; page until top button visible status will be changed" classname="Scenario: VIR-151.02 Verify that the &quot;Top&quot; button is shown to the user when they scroll down and menu is not visible" time="0">
    <skipped/>
    <system-err><![CDATA[[main] INFO net.serenitybdd.core.Serenity - IGNORING STEP
[main] INFO net.serenitybdd.core.Serenity - STARTING STEP When scroll "down" page until top button visible status will be changed
]]></system-err>
  </testcase>
  <testcase name="Then the Top button is shown" classname="Scenario: VIR-151.02 Verify that the &quot;Top&quot; button is shown to the user when they scroll down and menu is not visible" time="0">
    <skipped/>
    <system-err><![CDATA[[main] INFO net.serenitybdd.core.Serenity - IGNORING STEP
[main] INFO net.serenitybdd.core.Serenity - STARTING STEP Then the Top button is shown
]]></system-err>
  </testcase>
  <testcase name="Then header is not visible" classname="Scenario: VIR-151.02 Verify that the &quot;Top&quot; button is shown to the user when they scroll down and menu is not visible" time="0">
    <skipped/>
    <system-err><![CDATA[[main] INFO net.serenitybdd.core.Serenity - IGNORING STEP
[main] INFO net.serenitybdd.core.Serenity - STARTING STEP Then header is not visible
]]></system-err>
  </testcase>
  <testcase name="Given open the site and login" classname="Scenario: VIR-151.03 Verify that &quot;Top&quot; button moves user to the top of the page" time="0.001">
    <error message="Could not initialize class com.virco.locators.SiteData" type="net.serenitybdd.core.exceptions.SerenityManagedException"><![CDATA[net.serenitybdd.core.exceptions.SerenityManagedException: Could not initialize class com.virco.locators.SiteData
	at com.virco.steps.serenity.CommonUserSteps.openTheSite(CommonUserSteps.java:19)
	at com.virco.steps.serenity.CommonUserSteps$$EnhancerByCGLIB$$d8541bfa.CGLIB$openTheSite$6(<generated>)
	at com.virco.steps.serenity.CommonUserSteps$$EnhancerByCGLIB$$d8541bfa$$FastClassByCGLIB$$ea8e0f86.invoke(<generated>)
	at net.sf.cglib.proxy.MethodProxy.invokeSuper(MethodProxy.java:228)
	at net.thucydides.core.steps.StepInterceptor.invokeMethod(StepInterceptor.java:372)
	at net.thucydides.core.steps.StepInterceptor.executeTestStepMethod(StepInterceptor.java:357)
	at net.thucydides.core.steps.StepInterceptor.runTestStep(StepInterceptor.java:332)
	at net.thucydides.core.steps.StepInterceptor.testStepResult(StepInterceptor.java:134)
	at net.thucydides.core.steps.StepInterceptor.intercept(StepInterceptor.java:61)
	at com.virco.steps.serenity.CommonUserSteps$$EnhancerByCGLIB$$d8541bfa.openTheSite(<generated>)
	at com.virco.steps.CommonDefinitionSteps.openTheSiteAndLogin(CommonDefinitionSteps.java:72)
	at sun.reflect.GeneratedMethodAccessor143.invoke(Unknown Source)
	at sun.reflect.DelegatingMethodAccessorImpl.invoke(DelegatingMethodAccessorImpl.java:43)
	at java.lang.reflect.Method.invoke(Method.java:498)
	at cucumber.runtime.Utils$1.call(Utils.java:40)
	at cucumber.runtime.Timeout.timeout(Timeout.java:16)
	at cucumber.runtime.Utils.invoke(Utils.java:34)
	at cucumber.runtime.java.JavaStepDefinition.execute(JavaStepDefinition.java:38)
	at cucumber.runtime.StepDefinitionMatch.runStep(StepDefinitionMatch.java:37)
	at cucumber.runtime.Runtime.runStep(Runtime.java:300)
	at cucumber.runtime.model.StepContainer.runStep(StepContainer.java:44)
	at cucumber.runtime.model.StepContainer.runSteps(StepContainer.java:39)
	at cucumber.runtime.model.CucumberScenario.run(CucumberScenario.java:44)
	at cucumber.runtime.junit.ExecutionUnitRunner.run(ExecutionUnitRunner.java:102)
	at cucumber.runtime.junit.FeatureRunner.runChild(FeatureRunner.java:63)
	at cucumber.runtime.junit.FeatureRunner.runChild(FeatureRunner.java:18)
	at org.junit.runners.ParentRunner$3.run(ParentRunner.java:290)
	at org.junit.runners.ParentRunner$1.schedule(ParentRunner.java:71)
	at org.junit.runners.ParentRunner.runChildren(ParentRunner.java:288)
	at org.junit.runners.ParentRunner.access$000(ParentRunner.java:58)
	at org.junit.runners.ParentRunner$2.evaluate(ParentRunner.java:268)
	at org.junit.runners.ParentRunner.run(ParentRunner.java:363)
	at cucumber.runtime.junit.FeatureRunner.run(FeatureRunner.java:70)
	at cucumber.api.junit.Cucumber.runChild(Cucumber.java:95)
	at cucumber.api.junit.Cucumber.runChild(Cucumber.java:38)
	at org.junit.runners.ParentRunner$3.run(ParentRunner.java:290)
	at org.junit.runners.ParentRunner$1.schedule(ParentRunner.java:71)
	at org.junit.runners.ParentRunner.runChildren(ParentRunner.java:288)
	at org.junit.runners.ParentRunner.access$000(ParentRunner.java:58)
	at org.junit.runners.ParentRunner$2.evaluate(ParentRunner.java:268)
	at org.junit.runners.ParentRunner.run(ParentRunner.java:363)
	at cucumber.api.junit.Cucumber.run(Cucumber.java:100)
	at org.apache.maven.surefire.junit4.JUnit4Provider.execute(JUnit4Provider.java:283)
	at org.apache.maven.surefire.junit4.JUnit4Provider.executeWithRerun(JUnit4Provider.java:173)
	at org.apache.maven.surefire.junit4.JUnit4Provider.executeTestSet(JUnit4Provider.java:153)
	at org.apache.maven.surefire.junit4.JUnit4Provider.invoke(JUnit4Provider.java:128)
	at org.apache.maven.surefire.booter.ForkedBooter.invokeProviderInSameClassLoader(ForkedBooter.java:203)
	at org.apache.maven.surefire.booter.ForkedBooter.runSuitesInProcess(ForkedBooter.java:155)
	at org.apache.maven.surefire.booter.ForkedBooter.main(ForkedBooter.java:103)
]]></error>
    <system-err><![CDATA[[main] INFO net.serenitybdd.core.Serenity - IGNORING STEP
[main] ERROR net.serenitybdd.core.Serenity - 
           __  _____ _____ ____ _____   _____ _    ___ _     _____ ____  
  _       / / |_   _| ____/ ___|_   _| |  ___/ \  |_ _| |   | ____|  _ \ 
 (_)_____| |    | | |  _| \___ \ | |   | |_ / _ \  | || |   |  _| | | | |
  _|_____| |    | | | |___ ___) || |   |  _/ ___ \ | || |___| |___| |_| |
 (_)     | |    |_| |_____|____/ |_|   |_|/_/   \_\___|_____|_____|____/ 
          \_\                                                            

TEST FAILED WITH ERROR: VIR-151.02 Verify that the "Top" button is shown to the user when they scroll down and menu is not visible
---------------------------------------------------------------------
[main] ERROR net.serenitybdd.core.Serenity - TEST FAILED AT STEP Open the site
[main] ERROR net.serenitybdd.core.Serenity - Could not initialize class com.virco.locators.SiteData
[pool-1-thread-1] INFO net.thucydides.core.reports.json.JSONTestOutcomeReporter - Generating JSON report for VIR-137.01 Verify that the toggle button is shown above the products to file /Users/rodionsavchuk/hybrisAutomation/virco-automatedtests/target/site/serenity/ed05f0ebcdeb7ab8ce4053f5e77c2e104b16083b38ff0389ff4683e6797df73a.json (using temp file /Users/rodionsavchuk/hybrisAutomation/virco-automatedtests/target/site/serenity/ed05f0ebcdeb7ab8ce4053f5e77c2e104b16083b38ff0389ff4683e6797df73a.json231fa4ff-e629-481b-957a-77c6d6bb1d0d)
[pool-1-thread-2] INFO net.thucydides.core.reports.json.JSONTestOutcomeReporter - Generating JSON report for VIR-137.02 Verify that the customer can switch the view of products into grid, list to file /Users/rodionsavchuk/hybrisAutomation/virco-automatedtests/target/site/serenity/cdb7752ae4e635597dc73730ce49dc450174bfbf736b9ef32175a8b54c56e86c.json (using temp file /Users/rodionsavchuk/hybrisAutomation/virco-automatedtests/target/site/serenity/cdb7752ae4e635597dc73730ce49dc450174bfbf736b9ef32175a8b54c56e86c.jsond741835e-f931-41ce-9e13-cdd68d945568)
[pool-1-thread-3] INFO net.thucydides.core.reports.json.JSONTestOutcomeReporter - Generating JSON report for VIR-790.01 Verify that the customer can switch the view of products into grid, list on search page to file /Users/rodionsavchuk/hybrisAutomation/virco-automatedtests/target/site/serenity/79c89f5c9fd1ad2a8c101b5f0410c8b569b0435ef40abf20f63e096a8d5de34e.json (using temp file /Users/rodionsavchuk/hybrisAutomation/virco-automatedtests/target/site/serenity/79c89f5c9fd1ad2a8c101b5f0410c8b569b0435ef40abf20f63e096a8d5de34e.jsonc474806a-cca1-4571-b8d1-bc6ebdbd3013)
[pool-1-thread-4] INFO net.thucydides.core.reports.json.JSONTestOutcomeReporter - Generating JSON report for VIR-137.03 Verify that in the grid view the following product info is shown to file /Users/rodionsavchuk/hybrisAutomation/virco-automatedtests/target/site/serenity/2d367fe8d4e995fe7f0f69d3d29f47666f1d4fd6318f8f9dd42678280fb025a4.json (using temp file /Users/rodionsavchuk/hybrisAutomation/virco-automatedtests/target/site/serenity/2d367fe8d4e995fe7f0f69d3d29f47666f1d4fd6318f8f9dd42678280fb025a4.jsonc981667d-4215-4182-b5f8-7a5f7348844c)
[pool-1-thread-2] INFO net.thucydides.core.reports.json.JSONTestOutcomeReporter - Generating JSON report for VIR-137.04 Verify that in the List view the following info is shown to file /Users/rodionsavchuk/hybrisAutomation/virco-automatedtests/target/site/serenity/492108091097b8f1a9b1f860ede4bcf742b38d74fb739ac7ab3bec842b5bcb07.json (using temp file /Users/rodionsavchuk/hybrisAutomation/virco-automatedtests/target/site/serenity/492108091097b8f1a9b1f860ede4bcf742b38d74fb739ac7ab3bec842b5bcb07.json935fcafc-bb1c-4b75-a64f-1d69a04498ff)
[pool-1-thread-3] INFO net.thucydides.core.reports.json.JSONTestOutcomeReporter - Generating JSON report for VIR-137.05 Verify that the list of products is the same in both views to file /Users/rodionsavchuk/hybrisAutomation/virco-automatedtests/target/site/serenity/ae1db428932e82981303203bdc6eb851846608ccd30fa908f4f5b446cb968075.json (using temp file /Users/rodionsavchuk/hybrisAutomation/virco-automatedtests/target/site/serenity/ae1db428932e82981303203bdc6eb851846608ccd30fa908f4f5b446cb968075.jsonc75d4081-d866-4b2c-b7dd-f582a97c654c)
[pool-1-thread-1] INFO net.thucydides.core.reports.json.JSONTestOutcomeReporter - Generating JSON report for VIR-251.01 Verify that the amount of products per opened page is shown to file /Users/rodionsavchuk/hybrisAutomation/virco-automatedtests/target/site/serenity/2c0ae4476567833206363958c76f43f0bea266ccf19875e0be388e0105241b80.json (using temp file /Users/rodionsavchuk/hybrisAutomation/virco-automatedtests/target/site/serenity/2c0ae4476567833206363958c76f43f0bea266ccf19875e0be388e0105241b80.json4a559369-3ded-45d0-9a7a-6d47477bfab1)
[pool-1-thread-4] INFO net.thucydides.core.reports.json.JSONTestOutcomeReporter - Generating JSON report for VIR-251.02 Verify that the 20 products are shown per page to file /Users/rodionsavchuk/hybrisAutomation/virco-automatedtests/target/site/serenity/3e2f2a51405f3fa5f517d1a92fb6c7f2d63a08226c65dc48dfcdfc1de866d2f3.json (using temp file /Users/rodionsavchuk/hybrisAutomation/virco-automatedtests/target/site/serenity/3e2f2a51405f3fa5f517d1a92fb6c7f2d63a08226c65dc48dfcdfc1de866d2f3.jsond057114b-ebfa-4f2a-acd8-7755117d93d4)
[pool-1-thread-1] INFO net.thucydides.core.reports.json.JSONTestOutcomeReporter - Generating JSON report for VIR-251.03 Verify that the last page shows the appropriate number of items to file /Users/rodionsavchuk/hybrisAutomation/virco-automatedtests/target/site/serenity/203add71e1553852782b06b46ad692a125d7913e1dcdfa1bc77d21975adc91d3.json (using temp file /Users/rodionsavchuk/hybrisAutomation/virco-automatedtests/target/site/serenity/203add71e1553852782b06b46ad692a125d7913e1dcdfa1bc77d21975adc91d3.json05fb5f32-bd5c-45c2-862e-649557fc32fc)
[pool-1-thread-2] INFO net.thucydides.core.reports.json.JSONTestOutcomeReporter - Generating JSON report for VIR-138.01 Verify that the pagination is shown above and below the list of products to file /Users/rodionsavchuk/hybrisAutomation/virco-automatedtests/target/site/serenity/9771603025f14f96b272fa21dca31889f195c9a9337b95fbf5eab3295a9e05a4.json (using temp file /Users/rodionsavchuk/hybrisAutomation/virco-automatedtests/target/site/serenity/9771603025f14f96b272fa21dca31889f195c9a9337b95fbf5eab3295a9e05a4.jsonfd4df4e8-634e-4cdb-9629-4e6d55b622cf)
[pool-1-thread-3] INFO net.thucydides.core.reports.json.JSONTestOutcomeReporter - Generating JSON report for VIR-592.01 Verify that the pagination is shown above and below the list of products on search page to file /Users/rodionsavchuk/hybrisAutomation/virco-automatedtests/target/site/serenity/5184d7acbfb3ebe8e1ad1150664aad7942651d17649b17c3849d0eea482d8652.json (using temp file /Users/rodionsavchuk/hybrisAutomation/virco-automatedtests/target/site/serenity/5184d7acbfb3ebe8e1ad1150664aad7942651d17649b17c3849d0eea482d8652.json839f75bd-4e95-4d7f-86a4-ca6c3f8f1912)
[pool-1-thread-4] INFO net.thucydides.core.reports.json.JSONTestOutcomeReporter - Generating JSON report for VIR-138.02 Verify that the pagination is suppressed, if only one page of products exist to file /Users/rodionsavchuk/hybrisAutomation/virco-automatedtests/target/site/serenity/ac84c28d9514fcaca1cb434f3db75c589b46912734ad917fa2234bd7cc42f0e5.json (using temp file /Users/rodionsavchuk/hybrisAutomation/virco-automatedtests/target/site/serenity/ac84c28d9514fcaca1cb434f3db75c589b46912734ad917fa2234bd7cc42f0e5.json33d8bc12-d38f-4c00-a856-d3997584e236)
[pool-1-thread-1] INFO net.thucydides.core.reports.json.JSONTestOutcomeReporter - Generating JSON report for VIR-138.03 Verify that the last page is shown when customer enters the page number that is bigger than the existed one to file /Users/rodionsavchuk/hybrisAutomation/virco-automatedtests/target/site/serenity/56575217a2a4b5789d81c4200cecfbe74728dc79b7cd6d8ac27653a8d3f85ecb.json (using temp file /Users/rodionsavchuk/hybrisAutomation/virco-automatedtests/target/site/serenity/56575217a2a4b5789d81c4200cecfbe74728dc79b7cd6d8ac27653a8d3f85ecb.json18bd4393-e565-4d84-b514-499f17022dbf)
[pool-1-thread-4] INFO net.thucydides.core.reports.json.JSONTestOutcomeReporter - Generating JSON report for VIR-138.04 Verity that the first page is shown when customer enters the 0 to file /Users/rodionsavchuk/hybrisAutomation/virco-automatedtests/target/site/serenity/1c8a1b4b43701bd1338632b88eb6b64df9b65fadafecbf38fec7c32d2408f09b.json (using temp file /Users/rodionsavchuk/hybrisAutomation/virco-automatedtests/target/site/serenity/1c8a1b4b43701bd1338632b88eb6b64df9b65fadafecbf38fec7c32d2408f09b.json2cc6431a-c352-4c52-9f47-e16c1faf3194)
[pool-1-thread-1] INFO net.thucydides.core.reports.json.JSONTestOutcomeReporter - Generating JSON report for VIR-138.05 Verify that any other data can't be entered except integer to file /Users/rodionsavchuk/hybrisAutomation/virco-automatedtests/target/site/serenity/732f150ffc6c82e48b678a4e7112835fdf284ee6b7c57b8f50df671b5a3f74ae.json (using temp file /Users/rodionsavchuk/hybrisAutomation/virco-automatedtests/target/site/serenity/732f150ffc6c82e48b678a4e7112835fdf284ee6b7c57b8f50df671b5a3f74ae.jsond81d298c-ba8e-41f2-91d9-dd2e6dc60517)
[pool-1-thread-3] INFO net.thucydides.core.reports.json.JSONTestOutcomeReporter - Generating JSON report for VIR-138.06 Verify that any other data can't be entered except integer using context paste to file /Users/rodionsavchuk/hybrisAutomation/virco-automatedtests/target/site/serenity/57135e94eed8cc11fc55734a7c503a70dc363381dabf570e05c256f3e9e11571.json (using temp file /Users/rodionsavchuk/hybrisAutomation/virco-automatedtests/target/site/serenity/57135e94eed8cc11fc55734a7c503a70dc363381dabf570e05c256f3e9e11571.jsonbeccfc44-14aa-4c24-8c21-9844e0213fb6)
[pool-1-thread-2] INFO net.thucydides.core.reports.json.JSONTestOutcomeReporter - Generating JSON report for VIR-138.07 Verify that the sorting/filtering is not cleared while navigating through the pages in the current way to file /Users/rodionsavchuk/hybrisAutomation/virco-automatedtests/target/site/serenity/9c486c2a7fbaca4d17050cd5542d3a8caf0a296ddf026c6149fc129a58edffc6.json (using temp file /Users/rodionsavchuk/hybrisAutomation/virco-automatedtests/target/site/serenity/9c486c2a7fbaca4d17050cd5542d3a8caf0a296ddf026c6149fc129a58edffc6.json80577589-0b07-421c-b9eb-c9f10929b1d4)
[pool-1-thread-3] INFO net.thucydides.core.reports.json.JSONTestOutcomeReporter - Generating JSON report for VIR-138.09 Verify that the customer is able to enter the page number to navigate into it on the Search result page to file /Users/rodionsavchuk/hybrisAutomation/virco-automatedtests/target/site/serenity/93693134ebc7873775c4933a1d9adb4ef57c10c8386432a03157dea73460df26.json (using temp file /Users/rodionsavchuk/hybrisAutomation/virco-automatedtests/target/site/serenity/93693134ebc7873775c4933a1d9adb4ef57c10c8386432a03157dea73460df26.jsonb7e23650-75a0-4a2d-9bbd-5bcc208eabf7)
[pool-1-thread-4] INFO net.thucydides.core.reports.json.JSONTestOutcomeReporter - Generating JSON report for VIR-138.08 Verify that the customer is able to enter the page number to navigate into it on the Category page to file /Users/rodionsavchuk/hybrisAutomation/virco-automatedtests/target/site/serenity/d901a04c74ffc4b4edd5039d007ea6284c936f13937174647f15ada4b2f63380.json (using temp file /Users/rodionsavchuk/hybrisAutomation/virco-automatedtests/target/site/serenity/d901a04c74ffc4b4edd5039d007ea6284c936f13937174647f15ada4b2f63380.jsona7f37155-f1ad-470b-b89a-e5e18944cbf0)
[pool-1-thread-1] INFO net.thucydides.core.reports.json.JSONTestOutcomeReporter - Generating JSON report for VIR-139.01 Verify that the first/last/next pages are shown above and below the list of products to file /Users/rodionsavchuk/hybrisAutomation/virco-automatedtests/target/site/serenity/4dbac56f29c4074e92c92b0b0ef1d484ab71ee4922840f44cb1448588a9a946d.json (using temp file /Users/rodionsavchuk/hybrisAutomation/virco-automatedtests/target/site/serenity/4dbac56f29c4074e92c92b0b0ef1d484ab71ee4922840f44cb1448588a9a946d.json6a94c9f4-8152-42f4-99e9-c589b1235543)
[pool-1-thread-2] INFO net.thucydides.core.reports.json.JSONTestOutcomeReporter - Generating JSON report for VIR-139.02 Verify that the customer is able to navigate through the previous, next, last pages on Category page to file /Users/rodionsavchuk/hybrisAutomation/virco-automatedtests/target/site/serenity/f7f5a393330d58d59b5ef1cad0ed5f5d18670b2b32bdfd893a5d5973b97901b3.json (using temp file /Users/rodionsavchuk/hybrisAutomation/virco-automatedtests/target/site/serenity/f7f5a393330d58d59b5ef1cad0ed5f5d18670b2b32bdfd893a5d5973b97901b3.json5c46f894-93bf-4366-9e67-af0c322c8c06)
[pool-1-thread-4] INFO net.thucydides.core.reports.json.JSONTestOutcomeReporter - Generating JSON report for VIR-139.03 Verify that the customer is able to navigate through the previous, next, last pages on Search result page to file /Users/rodionsavchuk/hybrisAutomation/virco-automatedtests/target/site/serenity/c3ae4d5c97cf60173b31c8b8a7af26c4bfec9b28004b85bf45f584acba163a05.json (using temp file /Users/rodionsavchuk/hybrisAutomation/virco-automatedtests/target/site/serenity/c3ae4d5c97cf60173b31c8b8a7af26c4bfec9b28004b85bf45f584acba163a05.jsone83d386f-9835-4035-9576-a008f60561c0)
[pool-1-thread-3] INFO net.thucydides.core.reports.json.JSONTestOutcomeReporter - Generating JSON report for VIR-139.04 Verify that the previous/ first page is disabled, when customer is on the first pages for Category page to file /Users/rodionsavchuk/hybrisAutomation/virco-automatedtests/target/site/serenity/007583efbcfc7371987f2169b25295c52ee7f5b46e412d21bf5bcd3e1826a4b7.json (using temp file /Users/rodionsavchuk/hybrisAutomation/virco-automatedtests/target/site/serenity/007583efbcfc7371987f2169b25295c52ee7f5b46e412d21bf5bcd3e1826a4b7.jsonb5a6e26f-05ca-4feb-a40e-d5f6e706d12a)
[pool-1-thread-2] INFO net.thucydides.core.reports.json.JSONTestOutcomeReporter - Generating JSON report for VIR-139.05 Verify that the previous/ first page is disabled, when customer is on the first pages for Search result page to file /Users/rodionsavchuk/hybrisAutomation/virco-automatedtests/target/site/serenity/10cb99a196bb72210a90891f5bcaae8347e46081ec5aa50374e857b724f12851.json (using temp file /Users/rodionsavchuk/hybrisAutomation/virco-automatedtests/target/site/serenity/10cb99a196bb72210a90891f5bcaae8347e46081ec5aa50374e857b724f12851.jsonbd821095-b926-480e-bcac-3d613d46f3ba)
[pool-1-thread-1] INFO net.thucydides.core.reports.json.JSONTestOutcomeReporter - Generating JSON report for VIR-139.06 Verify that the next/last page button is disabled, when customer is on the last pages for Category page to file /Users/rodionsavchuk/hybrisAutomation/virco-automatedtests/target/site/serenity/d66a0d45a1c06eff9c1d6f27ed1281a7cb4dc9342efb88e60b9d3f67137c4e73.json (using temp file /Users/rodionsavchuk/hybrisAutomation/virco-automatedtests/target/site/serenity/d66a0d45a1c06eff9c1d6f27ed1281a7cb4dc9342efb88e60b9d3f67137c4e73.jsone98864e3-f1d4-48ac-9eb3-85c2f4443c37)
[pool-1-thread-3] INFO net.thucydides.core.reports.json.JSONTestOutcomeReporter - Generating JSON report for VIR-139.07 Verify that the next/last page button is disabled when customer is on the last page for Search result page to file /Users/rodionsavchuk/hybrisAutomation/virco-automatedtests/target/site/serenity/f50c852a8450c5694a09eaff6b929707578220494b9403a76eb665db9c748643.json (using temp file /Users/rodionsavchuk/hybrisAutomation/virco-automatedtests/target/site/serenity/f50c852a8450c5694a09eaff6b929707578220494b9403a76eb665db9c748643.json4060cc31-f615-428f-bd92-6cfc013d670f)
[pool-1-thread-1] INFO net.thucydides.core.reports.json.JSONTestOutcomeReporter - Generating JSON report for VIR-151.01 Verify that the "Top" button flows from the centered middle to the bottom on moving/scrolling the page to file /Users/rodionsavchuk/hybrisAutomation/virco-automatedtests/target/site/serenity/ef330c7c2eabd002beb36ae647158282edb6cb9be7606e23b5b9445e94f18d65.json (using temp file /Users/rodionsavchuk/hybrisAutomation/virco-automatedtests/target/site/serenity/ef330c7c2eabd002beb36ae647158282edb6cb9be7606e23b5b9445e94f18d65.json2574671a-e3c5-4f91-9160-2ac3be68fcd8)
[pool-1-thread-4] INFO net.thucydides.core.reports.json.JSONTestOutcomeReporter - Generating JSON report for VIR-151.02 Verify that the "Top" button is shown to the user when they scroll down and menu is not visible to file /Users/rodionsavchuk/hybrisAutomation/virco-automatedtests/target/site/serenity/a62c290effdddda48b3609319580538f13b25efef68ad89daa27f488890b929f.json (using temp file /Users/rodionsavchuk/hybrisAutomation/virco-automatedtests/target/site/serenity/a62c290effdddda48b3609319580538f13b25efef68ad89daa27f488890b929f.jsond3b7f219-8646-4ffc-abf5-8f584bfef483)
[pool-1-thread-2] INFO net.thucydides.core.reports.html.HtmlAcceptanceTestReporter - GENERATING HTML REPORT FOR CAT-1 - Grid/List View Toggle:VIR-137.01 Verify that the toggle button is shown above the products in ed05f0ebcdeb7ab8ce4053f5e77c2e104b16083b38ff0389ff4683e6797df73a.html in directory target/site/serenity  
[pool-1-thread-1] INFO net.thucydides.core.reports.html.HtmlAcceptanceTestReporter - GENERATING HTML REPORT FOR CAT-1 - Grid/List View Toggle:VIR-790.01 Verify that the customer can switch the view of products into grid, list on search page in 79c89f5c9fd1ad2a8c101b5f0410c8b569b0435ef40abf20f63e096a8d5de34e.html in directory target/site/serenity  
[pool-1-thread-3] INFO net.thucydides.core.reports.html.HtmlAcceptanceTestReporter - GENERATING HTML REPORT FOR CAT-1 - Grid/List View Toggle:VIR-137.02 Verify that the customer can switch the view of products into grid, list in cdb7752ae4e635597dc73730ce49dc450174bfbf736b9ef32175a8b54c56e86c.html in directory target/site/serenity  
[pool-1-thread-4] INFO net.thucydides.core.reports.html.HtmlAcceptanceTestReporter - GENERATING HTML REPORT FOR CAT-1 - Grid/List View Toggle:VIR-137.03 Verify that in the grid view the following product info is shown in 2d367fe8d4e995fe7f0f69d3d29f47666f1d4fd6318f8f9dd42678280fb025a4.html in directory target/site/serenity  
[pool-1-thread-1] INFO net.thucydides.core.reports.html.HtmlAcceptanceTestReporter - GENERATING HTML REPORT FOR CAT-1 - Grid/List View Toggle:VIR-137.04 Verify that in the List view the following info is shown in 492108091097b8f1a9b1f860ede4bcf742b38d74fb739ac7ab3bec842b5bcb07.html in directory target/site/serenity  
[pool-1-thread-3] INFO net.thucydides.core.reports.html.HtmlAcceptanceTestReporter - GENERATING HTML REPORT FOR CAT-1 - Grid/List View Toggle:VIR-137.05 Verify that the list of products is the same in both views in ae1db428932e82981303203bdc6eb851846608ccd30fa908f4f5b446cb968075.html in directory target/site/serenity  
[pool-1-thread-2] INFO net.thucydides.core.reports.html.HtmlAcceptanceTestReporter - GENERATING HTML REPORT FOR CAT-2 - Numeration Display:VIR-251.01 Verify that the amount of products per opened page is shown in 2c0ae4476567833206363958c76f43f0bea266ccf19875e0be388e0105241b80.html in directory target/site/serenity  
[pool-1-thread-1] INFO net.thucydides.core.reports.html.HtmlAcceptanceTestReporter - GENERATING HTML REPORT FOR CAT-2 - Numeration Display:VIR-251.02 Verify that the 20 products are shown per page in 3e2f2a51405f3fa5f517d1a92fb6c7f2d63a08226c65dc48dfcdfc1de866d2f3.html in directory target/site/serenity  
[pool-1-thread-2] INFO net.thucydides.core.reports.html.HtmlAcceptanceTestReporter - GENERATING HTML REPORT FOR CAT-2 - Numeration Display:VIR-251.03 Verify that the last page shows the appropriate number of items in 203add71e1553852782b06b46ad692a125d7913e1dcdfa1bc77d21975adc91d3.html in directory target/site/serenity  
[pool-1-thread-3] INFO net.thucydides.core.reports.html.HtmlAcceptanceTestReporter - GENERATING HTML REPORT FOR CAT-3 - Pagination:VIR-138.01 Verify that the pagination is shown above and below the list of products in 9771603025f14f96b272fa21dca31889f195c9a9337b95fbf5eab3295a9e05a4.html in directory target/site/serenity  
[pool-1-thread-1] INFO net.thucydides.core.reports.html.HtmlAcceptanceTestReporter - GENERATING HTML REPORT FOR CAT-3 - Pagination:VIR-592.01 Verify that the pagination is shown above and below the list of products on search page in 5184d7acbfb3ebe8e1ad1150664aad7942651d17649b17c3849d0eea482d8652.html in directory target/site/serenity  
[pool-1-thread-2] INFO net.thucydides.core.reports.html.HtmlAcceptanceTestReporter - GENERATING HTML REPORT FOR CAT-3 - Pagination:VIR-138.02 Verify that the pagination is suppressed, if only one page of products exist in ac84c28d9514fcaca1cb434f3db75c589b46912734ad917fa2234bd7cc42f0e5.html in directory target/site/serenity  
[pool-1-thread-1] INFO net.thucydides.core.reports.html.HtmlAcceptanceTestReporter - GENERATING HTML REPORT FOR CAT-3 - Pagination:VIR-138.03 Verify that the last page is shown when customer enters the page number that is bigger than the existed one in 56575217a2a4b5789d81c4200cecfbe74728dc79b7cd6d8ac27653a8d3f85ecb.html in directory target/site/serenity  
[pool-1-thread-4] INFO net.thucydides.core.reports.html.HtmlAcceptanceTestReporter - GENERATING HTML REPORT FOR CAT-3 - Pagination:VIR-138.05 Verify that any other data can't be entered except integer in 732f150ffc6c82e48b678a4e7112835fdf284ee6b7c57b8f50df671b5a3f74ae.html in directory target/site/serenity  
[pool-1-thread-3] INFO net.thucydides.core.reports.html.HtmlAcceptanceTestReporter - GENERATING HTML REPORT FOR CAT-3 - Pagination:VIR-138.04 Verity that the first page is shown when customer enters the 0 in 1c8a1b4b43701bd1338632b88eb6b64df9b65fadafecbf38fec7c32d2408f09b.html in directory target/site/serenity  
[pool-1-thread-1] INFO net.thucydides.core.reports.html.HtmlAcceptanceTestReporter - GENERATING HTML REPORT FOR CAT-3 - Pagination:VIR-138.06 Verify that any other data can't be entered except integer using context paste in 57135e94eed8cc11fc55734a7c503a70dc363381dabf570e05c256f3e9e11571.html in directory target/site/serenity  
[pool-1-thread-2] INFO net.thucydides.core.reports.html.HtmlAcceptanceTestReporter - GENERATING HTML REPORT FOR CAT-3 - Pagination:VIR-138.07 Verify that the sorting/filtering is not cleared while navigating through the pages in the current way in 9c486c2a7fbaca4d17050cd5542d3a8caf0a296ddf026c6149fc129a58edffc6.html in directory target/site/serenity  
[pool-1-thread-3] INFO net.thucydides.core.reports.html.HtmlAcceptanceTestReporter - GENERATING HTML REPORT FOR CAT-3 - Pagination:VIR-138.08 Verify that the customer is able to enter the page number to navigate into it on the Category page in d901a04c74ffc4b4edd5039d007ea6284c936f13937174647f15ada4b2f63380.html in directory target/site/serenity  
[pool-1-thread-4] INFO net.thucydides.core.reports.html.HtmlAcceptanceTestReporter - GENERATING HTML REPORT FOR CAT-4 - Page Navigation:VIR-139.01 Verify that the first/last/next pages are shown above and below the list of products in 4dbac56f29c4074e92c92b0b0ef1d484ab71ee4922840f44cb1448588a9a946d.html in directory target/site/serenity  
[pool-1-thread-1] INFO net.thucydides.core.reports.html.HtmlAcceptanceTestReporter - GENERATING HTML REPORT FOR CAT-3 - Pagination:VIR-138.09 Verify that the customer is able to enter the page number to navigate into it on the Search result page in 93693134ebc7873775c4933a1d9adb4ef57c10c8386432a03157dea73460df26.html in directory target/site/serenity  
[pool-1-thread-3] INFO net.thucydides.core.reports.html.HtmlAcceptanceTestReporter - GENERATING HTML REPORT FOR CAT-4 - Page Navigation:VIR-139.02 Verify that the customer is able to navigate through the previous, next, last pages on Category page in f7f5a393330d58d59b5ef1cad0ed5f5d18670b2b32bdfd893a5d5973b97901b3.html in directory target/site/serenity  
[pool-1-thread-2] INFO net.thucydides.core.reports.html.HtmlAcceptanceTestReporter - GENERATING HTML REPORT FOR CAT-4 - Page Navigation:VIR-139.03 Verify that the customer is able to navigate through the previous, next, last pages on Search result page in c3ae4d5c97cf60173b31c8b8a7af26c4bfec9b28004b85bf45f584acba163a05.html in directory target/site/serenity  
[pool-1-thread-4] INFO net.thucydides.core.reports.html.HtmlAcceptanceTestReporter - GENERATING HTML REPORT FOR CAT-4 - Page Navigation:VIR-139.04 Verify that the previous/ first page is disabled, when customer is on the first pages for Category page in 007583efbcfc7371987f2169b25295c52ee7f5b46e412d21bf5bcd3e1826a4b7.html in directory target/site/serenity  
[pool-1-thread-2] INFO net.thucydides.core.reports.html.HtmlAcceptanceTestReporter - GENERATING HTML REPORT FOR CAT-4 - Page Navigation:VIR-139.07 Verify that the next/last page button is disabled when customer is on the last page for Search result page in f50c852a8450c5694a09eaff6b929707578220494b9403a76eb665db9c748643.html in directory target/site/serenity  
[pool-1-thread-4] INFO net.thucydides.core.reports.html.HtmlAcceptanceTestReporter - GENERATING HTML REPORT FOR CAT-4 - Page Navigation:VIR-139.05 Verify that the previous/ first page is disabled, when customer is on the first pages for Search result page in 10cb99a196bb72210a90891f5bcaae8347e46081ec5aa50374e857b724f12851.html in directory target/site/serenity  
[pool-1-thread-3] INFO net.thucydides.core.reports.html.HtmlAcceptanceTestReporter - GENERATING HTML REPORT FOR CAT-4 - Page Navigation:VIR-139.06 Verify that the next/last page button is disabled, when customer is on the last pages for Category page in d66a0d45a1c06eff9c1d6f27ed1281a7cb4dc9342efb88e60b9d3f67137c4e73.html in directory target/site/serenity  
[pool-1-thread-1] INFO net.thucydides.core.reports.html.HtmlAcceptanceTestReporter - GENERATING HTML REPORT FOR CAT-5 - Category Navigation:VIR-151.01 Verify that the "Top" button flows from the centered middle to the bottom on moving/scrolling the page in ef330c7c2eabd002beb36ae647158282edb6cb9be7606e23b5b9445e94f18d65.html in directory target/site/serenity  
[pool-1-thread-4] INFO net.thucydides.core.reports.html.HtmlAcceptanceTestReporter - GENERATING HTML REPORT FOR CAT-5 - Category Navigation:VIR-151.02 Verify that the "Top" button is shown to the user when they scroll down and menu is not visible in a62c290effdddda48b3609319580538f13b25efef68ad89daa27f488890b929f.html in directory target/site/serenity  
[main] INFO net.serenitybdd.core.Serenity - 
 _____ _____ ____ _____   ____ _____  _    ____ _____ _____ ____  
|_   _| ____/ ___|_   _| / ___|_   _|/ \  |  _ \_   _| ____|  _ \ 
  | | |  _| \___ \ | |   \___ \ | | / _ \ | |_) || | |  _| | | | |
  | | | |___ ___) || |    ___) || |/ ___ \|  _ < | | | |___| |_| |
  |_| |_____|____/ |_|   |____/ |_/_/   \_\_| \_\|_| |_____|____/ 
                                                                  

TEST STARTED: VIR-151.03 Verify that "Top" button moves user to the top of the page
-------------------------------------------------------------------(cat-5---category-navigation;vir-151.03-verify-that-"top"-button-moves-user-to-the-top-of-the-page)
[main] INFO net.serenitybdd.core.Serenity - STARTING STEP Given open the site and login
[main] INFO net.serenitybdd.core.Serenity - STARTING STEP Open the site
[main] INFO net.serenitybdd.core.Serenity - STEP ERROR: net.serenitybdd.core.exceptions.SerenityManagedException: Could not initialize class com.virco.locators.SiteData
]]></system-err>
  </testcase>
  <testcase name="Scenario: VIR-151.03 Verify that &quot;Top&quot; button moves user to the top of the page" classname="Scenario: VIR-151.03 Verify that &quot;Top&quot; button moves user to the top of the page" time="0.003">
    <error message="Could not initialize class com.virco.locators.SiteData" type="net.serenitybdd.core.exceptions.SerenityManagedException"><![CDATA[net.serenitybdd.core.exceptions.SerenityManagedException: Could not initialize class com.virco.locators.SiteData
	at com.virco.steps.serenity.CommonUserSteps.openTheSite(CommonUserSteps.java:19)
	at com.virco.steps.serenity.CommonUserSteps$$EnhancerByCGLIB$$d8541bfa.CGLIB$openTheSite$6(<generated>)
	at com.virco.steps.serenity.CommonUserSteps$$EnhancerByCGLIB$$d8541bfa$$FastClassByCGLIB$$ea8e0f86.invoke(<generated>)
	at net.sf.cglib.proxy.MethodProxy.invokeSuper(MethodProxy.java:228)
	at net.thucydides.core.steps.StepInterceptor.invokeMethod(StepInterceptor.java:372)
	at net.thucydides.core.steps.StepInterceptor.executeTestStepMethod(StepInterceptor.java:357)
	at net.thucydides.core.steps.StepInterceptor.runTestStep(StepInterceptor.java:332)
	at net.thucydides.core.steps.StepInterceptor.testStepResult(StepInterceptor.java:134)
	at net.thucydides.core.steps.StepInterceptor.intercept(StepInterceptor.java:61)
	at com.virco.steps.serenity.CommonUserSteps$$EnhancerByCGLIB$$d8541bfa.openTheSite(<generated>)
	at com.virco.steps.CommonDefinitionSteps.openTheSiteAndLogin(CommonDefinitionSteps.java:72)
	at sun.reflect.GeneratedMethodAccessor143.invoke(Unknown Source)
	at sun.reflect.DelegatingMethodAccessorImpl.invoke(DelegatingMethodAccessorImpl.java:43)
	at java.lang.reflect.Method.invoke(Method.java:498)
	at cucumber.runtime.Utils$1.call(Utils.java:40)
	at cucumber.runtime.Timeout.timeout(Timeout.java:16)
	at cucumber.runtime.Utils.invoke(Utils.java:34)
	at cucumber.runtime.java.JavaStepDefinition.execute(JavaStepDefinition.java:38)
	at cucumber.runtime.StepDefinitionMatch.runStep(StepDefinitionMatch.java:37)
	at cucumber.runtime.Runtime.runStep(Runtime.java:300)
	at cucumber.runtime.model.StepContainer.runStep(StepContainer.java:44)
	at cucumber.runtime.model.StepContainer.runSteps(StepContainer.java:39)
	at cucumber.runtime.model.CucumberScenario.run(CucumberScenario.java:44)
	at cucumber.runtime.junit.ExecutionUnitRunner.run(ExecutionUnitRunner.java:102)
	at cucumber.runtime.junit.FeatureRunner.runChild(FeatureRunner.java:63)
	at cucumber.runtime.junit.FeatureRunner.runChild(FeatureRunner.java:18)
	at org.junit.runners.ParentRunner$3.run(ParentRunner.java:290)
	at org.junit.runners.ParentRunner$1.schedule(ParentRunner.java:71)
	at org.junit.runners.ParentRunner.runChildren(ParentRunner.java:288)
	at org.junit.runners.ParentRunner.access$000(ParentRunner.java:58)
	at org.junit.runners.ParentRunner$2.evaluate(ParentRunner.java:268)
	at org.junit.runners.ParentRunner.run(ParentRunner.java:363)
	at cucumber.runtime.junit.FeatureRunner.run(FeatureRunner.java:70)
	at cucumber.api.junit.Cucumber.runChild(Cucumber.java:95)
	at cucumber.api.junit.Cucumber.runChild(Cucumber.java:38)
	at org.junit.runners.ParentRunner$3.run(ParentRunner.java:290)
	at org.junit.runners.ParentRunner$1.schedule(ParentRunner.java:71)
	at org.junit.runners.ParentRunner.runChildren(ParentRunner.java:288)
	at org.junit.runners.ParentRunner.access$000(ParentRunner.java:58)
	at org.junit.runners.ParentRunner$2.evaluate(ParentRunner.java:268)
	at org.junit.runners.ParentRunner.run(ParentRunner.java:363)
	at cucumber.api.junit.Cucumber.run(Cucumber.java:100)
	at org.apache.maven.surefire.junit4.JUnit4Provider.execute(JUnit4Provider.java:283)
	at org.apache.maven.surefire.junit4.JUnit4Provider.executeWithRerun(JUnit4Provider.java:173)
	at org.apache.maven.surefire.junit4.JUnit4Provider.executeTestSet(JUnit4Provider.java:153)
	at org.apache.maven.surefire.junit4.JUnit4Provider.invoke(JUnit4Provider.java:128)
	at org.apache.maven.surefire.booter.ForkedBooter.invokeProviderInSameClassLoader(ForkedBooter.java:203)
	at org.apache.maven.surefire.booter.ForkedBooter.runSuitesInProcess(ForkedBooter.java:155)
	at org.apache.maven.surefire.booter.ForkedBooter.main(ForkedBooter.java:103)
]]></error>
  </testcase>
  <testcase name="When open category with pagination" classname="Scenario: VIR-151.03 Verify that &quot;Top&quot; button moves user to the top of the page" time="0">
    <skipped/>
    <system-err><![CDATA[[main] INFO net.serenitybdd.core.Serenity - STEP ERROR: java.lang.NoClassDefFoundError: Could not initialize class com.virco.locators.SiteData
[main] INFO net.serenitybdd.core.Serenity - STARTING STEP When open category with pagination
]]></system-err>
  </testcase>
  <testcase name="When scroll &quot;down&quot; page for the &quot;50&quot; percent" classname="Scenario: VIR-151.03 Verify that &quot;Top&quot; button moves user to the top of the page" time="0">
    <skipped/>
    <system-err><![CDATA[[main] INFO net.serenitybdd.core.Serenity - IGNORING STEP
[main] INFO net.serenitybdd.core.Serenity - STARTING STEP When scroll "down" page for the "50" percent
]]></system-err>
  </testcase>
  <testcase name="When click on Top button" classname="Scenario: VIR-151.03 Verify that &quot;Top&quot; button moves user to the top of the page" time="0">
    <skipped/>
    <system-err><![CDATA[[main] INFO net.serenitybdd.core.Serenity - IGNORING STEP
[main] INFO net.serenitybdd.core.Serenity - STARTING STEP When click on Top button
]]></system-err>
  </testcase>
  <testcase name="Then the &quot;top&quot; of the page is displayed" classname="Scenario: VIR-151.03 Verify that &quot;Top&quot; button moves user to the top of the page" time="0">
    <skipped/>
    <system-err><![CDATA[[main] INFO net.serenitybdd.core.Serenity - IGNORING STEP
[main] INFO net.serenitybdd.core.Serenity - STARTING STEP Then the "top" of the page is displayed
]]></system-err>
  </testcase>
  <testcase name="Then the Top button is not shown" classname="Scenario: VIR-151.03 Verify that &quot;Top&quot; button moves user to the top of the page" time="0">
    <skipped/>
    <system-err><![CDATA[[main] INFO net.serenitybdd.core.Serenity - IGNORING STEP
[main] INFO net.serenitybdd.core.Serenity - STARTING STEP Then the Top button is not shown
]]></system-err>
  </testcase>
  <testcase name="Given open the site and login" classname="Scenario: VIR-151.04 Verify that the &quot;Top&quot; button is shown to the user on the Category page" time="0.001">
    <error message="Could not initialize class com.virco.locators.SiteData" type="net.serenitybdd.core.exceptions.SerenityManagedException"><![CDATA[net.serenitybdd.core.exceptions.SerenityManagedException: Could not initialize class com.virco.locators.SiteData
	at com.virco.steps.serenity.CommonUserSteps.openTheSite(CommonUserSteps.java:19)
	at com.virco.steps.serenity.CommonUserSteps$$EnhancerByCGLIB$$d8541bfa.CGLIB$openTheSite$6(<generated>)
	at com.virco.steps.serenity.CommonUserSteps$$EnhancerByCGLIB$$d8541bfa$$FastClassByCGLIB$$ea8e0f86.invoke(<generated>)
	at net.sf.cglib.proxy.MethodProxy.invokeSuper(MethodProxy.java:228)
	at net.thucydides.core.steps.StepInterceptor.invokeMethod(StepInterceptor.java:372)
	at net.thucydides.core.steps.StepInterceptor.executeTestStepMethod(StepInterceptor.java:357)
	at net.thucydides.core.steps.StepInterceptor.runTestStep(StepInterceptor.java:332)
	at net.thucydides.core.steps.StepInterceptor.testStepResult(StepInterceptor.java:134)
	at net.thucydides.core.steps.StepInterceptor.intercept(StepInterceptor.java:61)
	at com.virco.steps.serenity.CommonUserSteps$$EnhancerByCGLIB$$d8541bfa.openTheSite(<generated>)
	at com.virco.steps.CommonDefinitionSteps.openTheSiteAndLogin(CommonDefinitionSteps.java:72)
	at sun.reflect.GeneratedMethodAccessor143.invoke(Unknown Source)
	at sun.reflect.DelegatingMethodAccessorImpl.invoke(DelegatingMethodAccessorImpl.java:43)
	at java.lang.reflect.Method.invoke(Method.java:498)
	at cucumber.runtime.Utils$1.call(Utils.java:40)
	at cucumber.runtime.Timeout.timeout(Timeout.java:16)
	at cucumber.runtime.Utils.invoke(Utils.java:34)
	at cucumber.runtime.java.JavaStepDefinition.execute(JavaStepDefinition.java:38)
	at cucumber.runtime.StepDefinitionMatch.runStep(StepDefinitionMatch.java:37)
	at cucumber.runtime.Runtime.runStep(Runtime.java:300)
	at cucumber.runtime.model.StepContainer.runStep(StepContainer.java:44)
	at cucumber.runtime.model.StepContainer.runSteps(StepContainer.java:39)
	at cucumber.runtime.model.CucumberScenario.run(CucumberScenario.java:44)
	at cucumber.runtime.junit.ExecutionUnitRunner.run(ExecutionUnitRunner.java:102)
	at cucumber.runtime.junit.FeatureRunner.runChild(FeatureRunner.java:63)
	at cucumber.runtime.junit.FeatureRunner.runChild(FeatureRunner.java:18)
	at org.junit.runners.ParentRunner$3.run(ParentRunner.java:290)
	at org.junit.runners.ParentRunner$1.schedule(ParentRunner.java:71)
	at org.junit.runners.ParentRunner.runChildren(ParentRunner.java:288)
	at org.junit.runners.ParentRunner.access$000(ParentRunner.java:58)
	at org.junit.runners.ParentRunner$2.evaluate(ParentRunner.java:268)
	at org.junit.runners.ParentRunner.run(ParentRunner.java:363)
	at cucumber.runtime.junit.FeatureRunner.run(FeatureRunner.java:70)
	at cucumber.api.junit.Cucumber.runChild(Cucumber.java:95)
	at cucumber.api.junit.Cucumber.runChild(Cucumber.java:38)
	at org.junit.runners.ParentRunner$3.run(ParentRunner.java:290)
	at org.junit.runners.ParentRunner$1.schedule(ParentRunner.java:71)
	at org.junit.runners.ParentRunner.runChildren(ParentRunner.java:288)
	at org.junit.runners.ParentRunner.access$000(ParentRunner.java:58)
	at org.junit.runners.ParentRunner$2.evaluate(ParentRunner.java:268)
	at org.junit.runners.ParentRunner.run(ParentRunner.java:363)
	at cucumber.api.junit.Cucumber.run(Cucumber.java:100)
	at org.apache.maven.surefire.junit4.JUnit4Provider.execute(JUnit4Provider.java:283)
	at org.apache.maven.surefire.junit4.JUnit4Provider.executeWithRerun(JUnit4Provider.java:173)
	at org.apache.maven.surefire.junit4.JUnit4Provider.executeTestSet(JUnit4Provider.java:153)
	at org.apache.maven.surefire.junit4.JUnit4Provider.invoke(JUnit4Provider.java:128)
	at org.apache.maven.surefire.booter.ForkedBooter.invokeProviderInSameClassLoader(ForkedBooter.java:203)
	at org.apache.maven.surefire.booter.ForkedBooter.runSuitesInProcess(ForkedBooter.java:155)
	at org.apache.maven.surefire.booter.ForkedBooter.main(ForkedBooter.java:103)
]]></error>
    <system-err><![CDATA[[main] INFO net.serenitybdd.core.Serenity - IGNORING STEP
[main] ERROR net.serenitybdd.core.Serenity - 
           __  _____ _____ ____ _____   _____ _    ___ _     _____ ____  
  _       / / |_   _| ____/ ___|_   _| |  ___/ \  |_ _| |   | ____|  _ \ 
 (_)_____| |    | | |  _| \___ \ | |   | |_ / _ \  | || |   |  _| | | | |
  _|_____| |    | | | |___ ___) || |   |  _/ ___ \ | || |___| |___| |_| |
 (_)     | |    |_| |_____|____/ |_|   |_|/_/   \_\___|_____|_____|____/ 
          \_\                                                            

TEST FAILED WITH ERROR: VIR-151.03 Verify that "Top" button moves user to the top of the page
---------------------------------------------------------------------
[main] ERROR net.serenitybdd.core.Serenity - TEST FAILED AT STEP Open the site
[main] ERROR net.serenitybdd.core.Serenity - Could not initialize class com.virco.locators.SiteData
[pool-1-thread-2] INFO net.thucydides.core.reports.json.JSONTestOutcomeReporter - Generating JSON report for VIR-137.01 Verify that the toggle button is shown above the products to file /Users/rodionsavchuk/hybrisAutomation/virco-automatedtests/target/site/serenity/ed05f0ebcdeb7ab8ce4053f5e77c2e104b16083b38ff0389ff4683e6797df73a.json (using temp file /Users/rodionsavchuk/hybrisAutomation/virco-automatedtests/target/site/serenity/ed05f0ebcdeb7ab8ce4053f5e77c2e104b16083b38ff0389ff4683e6797df73a.jsonbd354056-3b00-4f0e-b430-5aff1388990a)
[pool-1-thread-4] INFO net.thucydides.core.reports.json.JSONTestOutcomeReporter - Generating JSON report for VIR-137.03 Verify that in the grid view the following product info is shown to file /Users/rodionsavchuk/hybrisAutomation/virco-automatedtests/target/site/serenity/2d367fe8d4e995fe7f0f69d3d29f47666f1d4fd6318f8f9dd42678280fb025a4.json (using temp file /Users/rodionsavchuk/hybrisAutomation/virco-automatedtests/target/site/serenity/2d367fe8d4e995fe7f0f69d3d29f47666f1d4fd6318f8f9dd42678280fb025a4.jsonc5ea54d9-8847-4d1e-8933-75514997146a)
[pool-1-thread-1] INFO net.thucydides.core.reports.json.JSONTestOutcomeReporter - Generating JSON report for VIR-790.01 Verify that the customer can switch the view of products into grid, list on search page to file /Users/rodionsavchuk/hybrisAutomation/virco-automatedtests/target/site/serenity/79c89f5c9fd1ad2a8c101b5f0410c8b569b0435ef40abf20f63e096a8d5de34e.json (using temp file /Users/rodionsavchuk/hybrisAutomation/virco-automatedtests/target/site/serenity/79c89f5c9fd1ad2a8c101b5f0410c8b569b0435ef40abf20f63e096a8d5de34e.json0b07ecec-6afd-42e4-a648-ca5513319834)
[pool-1-thread-3] INFO net.thucydides.core.reports.json.JSONTestOutcomeReporter - Generating JSON report for VIR-137.02 Verify that the customer can switch the view of products into grid, list to file /Users/rodionsavchuk/hybrisAutomation/virco-automatedtests/target/site/serenity/cdb7752ae4e635597dc73730ce49dc450174bfbf736b9ef32175a8b54c56e86c.json (using temp file /Users/rodionsavchuk/hybrisAutomation/virco-automatedtests/target/site/serenity/cdb7752ae4e635597dc73730ce49dc450174bfbf736b9ef32175a8b54c56e86c.json9f63800c-e825-445c-b275-51d4e6206f94)
[pool-1-thread-4] INFO net.thucydides.core.reports.json.JSONTestOutcomeReporter - Generating JSON report for VIR-137.04 Verify that in the List view the following info is shown to file /Users/rodionsavchuk/hybrisAutomation/virco-automatedtests/target/site/serenity/492108091097b8f1a9b1f860ede4bcf742b38d74fb739ac7ab3bec842b5bcb07.json (using temp file /Users/rodionsavchuk/hybrisAutomation/virco-automatedtests/target/site/serenity/492108091097b8f1a9b1f860ede4bcf742b38d74fb739ac7ab3bec842b5bcb07.json8b01e68d-a4e2-473c-995b-c64cf63310ac)
[pool-1-thread-2] INFO net.thucydides.core.reports.json.JSONTestOutcomeReporter - Generating JSON report for VIR-137.05 Verify that the list of products is the same in both views to file /Users/rodionsavchuk/hybrisAutomation/virco-automatedtests/target/site/serenity/ae1db428932e82981303203bdc6eb851846608ccd30fa908f4f5b446cb968075.json (using temp file /Users/rodionsavchuk/hybrisAutomation/virco-automatedtests/target/site/serenity/ae1db428932e82981303203bdc6eb851846608ccd30fa908f4f5b446cb968075.json2feea8b1-727e-4b82-8aea-43df4bb8cfb5)
[pool-1-thread-1] INFO net.thucydides.core.reports.json.JSONTestOutcomeReporter - Generating JSON report for VIR-251.02 Verify that the 20 products are shown per page to file /Users/rodionsavchuk/hybrisAutomation/virco-automatedtests/target/site/serenity/3e2f2a51405f3fa5f517d1a92fb6c7f2d63a08226c65dc48dfcdfc1de866d2f3.json (using temp file /Users/rodionsavchuk/hybrisAutomation/virco-automatedtests/target/site/serenity/3e2f2a51405f3fa5f517d1a92fb6c7f2d63a08226c65dc48dfcdfc1de866d2f3.jsonc1f25db4-9d2c-4ea3-894a-d01703a37efa)
[pool-1-thread-3] INFO net.thucydides.core.reports.json.JSONTestOutcomeReporter - Generating JSON report for VIR-251.01 Verify that the amount of products per opened page is shown to file /Users/rodionsavchuk/hybrisAutomation/virco-automatedtests/target/site/serenity/2c0ae4476567833206363958c76f43f0bea266ccf19875e0be388e0105241b80.json (using temp file /Users/rodionsavchuk/hybrisAutomation/virco-automatedtests/target/site/serenity/2c0ae4476567833206363958c76f43f0bea266ccf19875e0be388e0105241b80.jsonbd8b5ebc-51b9-4e4c-9860-9a09bd6dd743)
[pool-1-thread-4] INFO net.thucydides.core.reports.json.JSONTestOutcomeReporter - Generating JSON report for VIR-251.03 Verify that the last page shows the appropriate number of items to file /Users/rodionsavchuk/hybrisAutomation/virco-automatedtests/target/site/serenity/203add71e1553852782b06b46ad692a125d7913e1dcdfa1bc77d21975adc91d3.json (using temp file /Users/rodionsavchuk/hybrisAutomation/virco-automatedtests/target/site/serenity/203add71e1553852782b06b46ad692a125d7913e1dcdfa1bc77d21975adc91d3.json6af49de8-6439-4ab9-b43f-1df3a8c70566)
[pool-1-thread-2] INFO net.thucydides.core.reports.json.JSONTestOutcomeReporter - Generating JSON report for VIR-138.01 Verify that the pagination is shown above and below the list of products to file /Users/rodionsavchuk/hybrisAutomation/virco-automatedtests/target/site/serenity/9771603025f14f96b272fa21dca31889f195c9a9337b95fbf5eab3295a9e05a4.json (using temp file /Users/rodionsavchuk/hybrisAutomation/virco-automatedtests/target/site/serenity/9771603025f14f96b272fa21dca31889f195c9a9337b95fbf5eab3295a9e05a4.jsondacc98bf-22c0-4b4e-b43f-e4204b75a770)
[pool-1-thread-3] INFO net.thucydides.core.reports.json.JSONTestOutcomeReporter - Generating JSON report for VIR-592.01 Verify that the pagination is shown above and below the list of products on search page to file /Users/rodionsavchuk/hybrisAutomation/virco-automatedtests/target/site/serenity/5184d7acbfb3ebe8e1ad1150664aad7942651d17649b17c3849d0eea482d8652.json (using temp file /Users/rodionsavchuk/hybrisAutomation/virco-automatedtests/target/site/serenity/5184d7acbfb3ebe8e1ad1150664aad7942651d17649b17c3849d0eea482d8652.jsona6bf3732-f164-4552-ada9-78910235b108)
[pool-1-thread-4] INFO net.thucydides.core.reports.json.JSONTestOutcomeReporter - Generating JSON report for VIR-138.02 Verify that the pagination is suppressed, if only one page of products exist to file /Users/rodionsavchuk/hybrisAutomation/virco-automatedtests/target/site/serenity/ac84c28d9514fcaca1cb434f3db75c589b46912734ad917fa2234bd7cc42f0e5.json (using temp file /Users/rodionsavchuk/hybrisAutomation/virco-automatedtests/target/site/serenity/ac84c28d9514fcaca1cb434f3db75c589b46912734ad917fa2234bd7cc42f0e5.json145c1fe8-4c39-4473-badd-c3d8fdeeb375)
[pool-1-thread-1] INFO net.thucydides.core.reports.json.JSONTestOutcomeReporter - Generating JSON report for VIR-138.03 Verify that the last page is shown when customer enters the page number that is bigger than the existed one to file /Users/rodionsavchuk/hybrisAutomation/virco-automatedtests/target/site/serenity/56575217a2a4b5789d81c4200cecfbe74728dc79b7cd6d8ac27653a8d3f85ecb.json (using temp file /Users/rodionsavchuk/hybrisAutomation/virco-automatedtests/target/site/serenity/56575217a2a4b5789d81c4200cecfbe74728dc79b7cd6d8ac27653a8d3f85ecb.json84c4ffb6-47b8-460b-9db6-d15385d77078)
[pool-1-thread-2] INFO net.thucydides.core.reports.json.JSONTestOutcomeReporter - Generating JSON report for VIR-138.04 Verity that the first page is shown when customer enters the 0 to file /Users/rodionsavchuk/hybrisAutomation/virco-automatedtests/target/site/serenity/1c8a1b4b43701bd1338632b88eb6b64df9b65fadafecbf38fec7c32d2408f09b.json (using temp file /Users/rodionsavchuk/hybrisAutomation/virco-automatedtests/target/site/serenity/1c8a1b4b43701bd1338632b88eb6b64df9b65fadafecbf38fec7c32d2408f09b.json8668369a-7f19-4ec9-b660-94634686412b)
[pool-1-thread-1] INFO net.thucydides.core.reports.json.JSONTestOutcomeReporter - Generating JSON report for VIR-138.05 Verify that any other data can't be entered except integer to file /Users/rodionsavchuk/hybrisAutomation/virco-automatedtests/target/site/serenity/732f150ffc6c82e48b678a4e7112835fdf284ee6b7c57b8f50df671b5a3f74ae.json (using temp file /Users/rodionsavchuk/hybrisAutomation/virco-automatedtests/target/site/serenity/732f150ffc6c82e48b678a4e7112835fdf284ee6b7c57b8f50df671b5a3f74ae.json215f7145-0df0-4a67-993b-d614ba1bbe9d)
[pool-1-thread-1] INFO net.thucydides.core.reports.json.JSONTestOutcomeReporter - Generating JSON report for VIR-138.06 Verify that any other data can't be entered except integer using context paste to file /Users/rodionsavchuk/hybrisAutomation/virco-automatedtests/target/site/serenity/57135e94eed8cc11fc55734a7c503a70dc363381dabf570e05c256f3e9e11571.json (using temp file /Users/rodionsavchuk/hybrisAutomation/virco-automatedtests/target/site/serenity/57135e94eed8cc11fc55734a7c503a70dc363381dabf570e05c256f3e9e11571.json10119b99-48aa-4ddd-a118-99d401f3d5e0)
[pool-1-thread-1] INFO net.thucydides.core.reports.json.JSONTestOutcomeReporter - Generating JSON report for VIR-138.07 Verify that the sorting/filtering is not cleared while navigating through the pages in the current way to file /Users/rodionsavchuk/hybrisAutomation/virco-automatedtests/target/site/serenity/9c486c2a7fbaca4d17050cd5542d3a8caf0a296ddf026c6149fc129a58edffc6.json (using temp file /Users/rodionsavchuk/hybrisAutomation/virco-automatedtests/target/site/serenity/9c486c2a7fbaca4d17050cd5542d3a8caf0a296ddf026c6149fc129a58edffc6.json7e950f75-b062-41b2-a39a-0ceb7006d794)
[pool-1-thread-1] INFO net.thucydides.core.reports.json.JSONTestOutcomeReporter - Generating JSON report for VIR-138.08 Verify that the customer is able to enter the page number to navigate into it on the Category page to file /Users/rodionsavchuk/hybrisAutomation/virco-automatedtests/target/site/serenity/d901a04c74ffc4b4edd5039d007ea6284c936f13937174647f15ada4b2f63380.json (using temp file /Users/rodionsavchuk/hybrisAutomation/virco-automatedtests/target/site/serenity/d901a04c74ffc4b4edd5039d007ea6284c936f13937174647f15ada4b2f63380.json971a145b-e0ce-4d23-92cc-88f5b7038543)
[pool-1-thread-2] INFO net.thucydides.core.reports.json.JSONTestOutcomeReporter - Generating JSON report for VIR-138.09 Verify that the customer is able to enter the page number to navigate into it on the Search result page to file /Users/rodionsavchuk/hybrisAutomation/virco-automatedtests/target/site/serenity/93693134ebc7873775c4933a1d9adb4ef57c10c8386432a03157dea73460df26.json (using temp file /Users/rodionsavchuk/hybrisAutomation/virco-automatedtests/target/site/serenity/93693134ebc7873775c4933a1d9adb4ef57c10c8386432a03157dea73460df26.json6af7f6d1-0600-4320-89e2-1274992c2f13)
[pool-1-thread-1] INFO net.thucydides.core.reports.json.JSONTestOutcomeReporter - Generating JSON report for VIR-139.01 Verify that the first/last/next pages are shown above and below the list of products to file /Users/rodionsavchuk/hybrisAutomation/virco-automatedtests/target/site/serenity/4dbac56f29c4074e92c92b0b0ef1d484ab71ee4922840f44cb1448588a9a946d.json (using temp file /Users/rodionsavchuk/hybrisAutomation/virco-automatedtests/target/site/serenity/4dbac56f29c4074e92c92b0b0ef1d484ab71ee4922840f44cb1448588a9a946d.jsonbab5c356-1851-4351-b580-45188cbbc6ad)
[pool-1-thread-4] INFO net.thucydides.core.reports.json.JSONTestOutcomeReporter - Generating JSON report for VIR-139.02 Verify that the customer is able to navigate through the previous, next, last pages on Category page to file /Users/rodionsavchuk/hybrisAutomation/virco-automatedtests/target/site/serenity/f7f5a393330d58d59b5ef1cad0ed5f5d18670b2b32bdfd893a5d5973b97901b3.json (using temp file /Users/rodionsavchuk/hybrisAutomation/virco-automatedtests/target/site/serenity/f7f5a393330d58d59b5ef1cad0ed5f5d18670b2b32bdfd893a5d5973b97901b3.json92067b03-8b89-4cd8-85d3-76894ed98641)
[pool-1-thread-2] INFO net.thucydides.core.reports.json.JSONTestOutcomeReporter - Generating JSON report for VIR-139.03 Verify that the customer is able to navigate through the previous, next, last pages on Search result page to file /Users/rodionsavchuk/hybrisAutomation/virco-automatedtests/target/site/serenity/c3ae4d5c97cf60173b31c8b8a7af26c4bfec9b28004b85bf45f584acba163a05.json (using temp file /Users/rodionsavchuk/hybrisAutomation/virco-automatedtests/target/site/serenity/c3ae4d5c97cf60173b31c8b8a7af26c4bfec9b28004b85bf45f584acba163a05.jsond666fab4-a1cf-4924-8843-64f5ef223877)
[pool-1-thread-2] INFO net.thucydides.core.reports.json.JSONTestOutcomeReporter - Generating JSON report for VIR-139.05 Verify that the previous/ first page is disabled, when customer is on the first pages for Search result page to file /Users/rodionsavchuk/hybrisAutomation/virco-automatedtests/target/site/serenity/10cb99a196bb72210a90891f5bcaae8347e46081ec5aa50374e857b724f12851.json (using temp file /Users/rodionsavchuk/hybrisAutomation/virco-automatedtests/target/site/serenity/10cb99a196bb72210a90891f5bcaae8347e46081ec5aa50374e857b724f12851.jsonb48359f5-5152-49ba-96f8-a57ec51385cc)
[pool-1-thread-4] INFO net.thucydides.core.reports.json.JSONTestOutcomeReporter - Generating JSON report for VIR-139.04 Verify that the previous/ first page is disabled, when customer is on the first pages for Category page to file /Users/rodionsavchuk/hybrisAutomation/virco-automatedtests/target/site/serenity/007583efbcfc7371987f2169b25295c52ee7f5b46e412d21bf5bcd3e1826a4b7.json (using temp file /Users/rodionsavchuk/hybrisAutomation/virco-automatedtests/target/site/serenity/007583efbcfc7371987f2169b25295c52ee7f5b46e412d21bf5bcd3e1826a4b7.jsonb7e2241c-c2d0-4a28-aa52-f8b85d67e193)
[pool-1-thread-1] INFO net.thucydides.core.reports.json.JSONTestOutcomeReporter - Generating JSON report for VIR-139.06 Verify that the next/last page button is disabled, when customer is on the last pages for Category page to file /Users/rodionsavchuk/hybrisAutomation/virco-automatedtests/target/site/serenity/d66a0d45a1c06eff9c1d6f27ed1281a7cb4dc9342efb88e60b9d3f67137c4e73.json (using temp file /Users/rodionsavchuk/hybrisAutomation/virco-automatedtests/target/site/serenity/d66a0d45a1c06eff9c1d6f27ed1281a7cb4dc9342efb88e60b9d3f67137c4e73.json040f8d63-8a67-4817-a621-b8cf23afd106)
[pool-1-thread-2] INFO net.thucydides.core.reports.json.JSONTestOutcomeReporter - Generating JSON report for VIR-139.07 Verify that the next/last page button is disabled when customer is on the last page for Search result page to file /Users/rodionsavchuk/hybrisAutomation/virco-automatedtests/target/site/serenity/f50c852a8450c5694a09eaff6b929707578220494b9403a76eb665db9c748643.json (using temp file /Users/rodionsavchuk/hybrisAutomation/virco-automatedtests/target/site/serenity/f50c852a8450c5694a09eaff6b929707578220494b9403a76eb665db9c748643.json7a181379-4e53-4971-8a7f-de2012ff8743)
[pool-1-thread-4] INFO net.thucydides.core.reports.json.JSONTestOutcomeReporter - Generating JSON report for VIR-151.01 Verify that the "Top" button flows from the centered middle to the bottom on moving/scrolling the page to file /Users/rodionsavchuk/hybrisAutomation/virco-automatedtests/target/site/serenity/ef330c7c2eabd002beb36ae647158282edb6cb9be7606e23b5b9445e94f18d65.json (using temp file /Users/rodionsavchuk/hybrisAutomation/virco-automatedtests/target/site/serenity/ef330c7c2eabd002beb36ae647158282edb6cb9be7606e23b5b9445e94f18d65.json6a0b503e-f49f-4a98-83c7-ff8779c2053c)
[pool-1-thread-3] INFO net.thucydides.core.reports.json.JSONTestOutcomeReporter - Generating JSON report for VIR-151.02 Verify that the "Top" button is shown to the user when they scroll down and menu is not visible to file /Users/rodionsavchuk/hybrisAutomation/virco-automatedtests/target/site/serenity/a62c290effdddda48b3609319580538f13b25efef68ad89daa27f488890b929f.json (using temp file /Users/rodionsavchuk/hybrisAutomation/virco-automatedtests/target/site/serenity/a62c290effdddda48b3609319580538f13b25efef68ad89daa27f488890b929f.jsond6d1dc8f-b558-4164-8aa6-2d4c501dbff6)
[pool-1-thread-1] INFO net.thucydides.core.reports.json.JSONTestOutcomeReporter - Generating JSON report for VIR-151.03 Verify that "Top" button moves user to the top of the page to file /Users/rodionsavchuk/hybrisAutomation/virco-automatedtests/target/site/serenity/bb2a8fce976170284a0555a45b7cfe9690f5aeade150cdf42901e955b3e10f7b.json (using temp file /Users/rodionsavchuk/hybrisAutomation/virco-automatedtests/target/site/serenity/bb2a8fce976170284a0555a45b7cfe9690f5aeade150cdf42901e955b3e10f7b.json8523fe99-5a15-46c9-934a-864d620ea098)
[pool-1-thread-4] INFO net.thucydides.core.reports.html.HtmlAcceptanceTestReporter - GENERATING HTML REPORT FOR CAT-1 - Grid/List View Toggle:VIR-137.01 Verify that the toggle button is shown above the products in ed05f0ebcdeb7ab8ce4053f5e77c2e104b16083b38ff0389ff4683e6797df73a.html in directory target/site/serenity  
[pool-1-thread-1] INFO net.thucydides.core.reports.html.HtmlAcceptanceTestReporter - GENERATING HTML REPORT FOR CAT-1 - Grid/List View Toggle:VIR-790.01 Verify that the customer can switch the view of products into grid, list on search page in 79c89f5c9fd1ad2a8c101b5f0410c8b569b0435ef40abf20f63e096a8d5de34e.html in directory target/site/serenity  
[pool-1-thread-3] INFO net.thucydides.core.reports.html.HtmlAcceptanceTestReporter - GENERATING HTML REPORT FOR CAT-1 - Grid/List View Toggle:VIR-137.03 Verify that in the grid view the following product info is shown in 2d367fe8d4e995fe7f0f69d3d29f47666f1d4fd6318f8f9dd42678280fb025a4.html in directory target/site/serenity  
[pool-1-thread-2] INFO net.thucydides.core.reports.html.HtmlAcceptanceTestReporter - GENERATING HTML REPORT FOR CAT-1 - Grid/List View Toggle:VIR-137.02 Verify that the customer can switch the view of products into grid, list in cdb7752ae4e635597dc73730ce49dc450174bfbf736b9ef32175a8b54c56e86c.html in directory target/site/serenity  
[pool-1-thread-4] INFO net.thucydides.core.reports.html.HtmlAcceptanceTestReporter - GENERATING HTML REPORT FOR CAT-1 - Grid/List View Toggle:VIR-137.05 Verify that the list of products is the same in both views in ae1db428932e82981303203bdc6eb851846608ccd30fa908f4f5b446cb968075.html in directory target/site/serenity  
[pool-1-thread-4] INFO net.thucydides.core.reports.html.HtmlAcceptanceTestReporter - GENERATING HTML REPORT FOR CAT-2 - Numeration Display:VIR-251.01 Verify that the amount of products per opened page is shown in 2c0ae4476567833206363958c76f43f0bea266ccf19875e0be388e0105241b80.html in directory target/site/serenity  
[pool-1-thread-3] INFO net.thucydides.core.reports.html.HtmlAcceptanceTestReporter - GENERATING HTML REPORT FOR CAT-1 - Grid/List View Toggle:VIR-137.04 Verify that in the List view the following info is shown in 492108091097b8f1a9b1f860ede4bcf742b38d74fb739ac7ab3bec842b5bcb07.html in directory target/site/serenity  
[pool-1-thread-1] INFO net.thucydides.core.reports.html.HtmlAcceptanceTestReporter - GENERATING HTML REPORT FOR CAT-2 - Numeration Display:VIR-251.03 Verify that the last page shows the appropriate number of items in 203add71e1553852782b06b46ad692a125d7913e1dcdfa1bc77d21975adc91d3.html in directory target/site/serenity  
[pool-1-thread-4] INFO net.thucydides.core.reports.html.HtmlAcceptanceTestReporter - GENERATING HTML REPORT FOR CAT-2 - Numeration Display:VIR-251.02 Verify that the 20 products are shown per page in 3e2f2a51405f3fa5f517d1a92fb6c7f2d63a08226c65dc48dfcdfc1de866d2f3.html in directory target/site/serenity  
[pool-1-thread-3] INFO net.thucydides.core.reports.html.HtmlAcceptanceTestReporter - GENERATING HTML REPORT FOR CAT-3 - Pagination:VIR-138.01 Verify that the pagination is shown above and below the list of products in 9771603025f14f96b272fa21dca31889f195c9a9337b95fbf5eab3295a9e05a4.html in directory target/site/serenity  
[pool-1-thread-4] INFO net.thucydides.core.reports.html.HtmlAcceptanceTestReporter - GENERATING HTML REPORT FOR CAT-3 - Pagination:VIR-592.01 Verify that the pagination is shown above and below the list of products on search page in 5184d7acbfb3ebe8e1ad1150664aad7942651d17649b17c3849d0eea482d8652.html in directory target/site/serenity  
[pool-1-thread-1] INFO net.thucydides.core.reports.html.HtmlAcceptanceTestReporter - GENERATING HTML REPORT FOR CAT-3 - Pagination:VIR-138.02 Verify that the pagination is suppressed, if only one page of products exist in ac84c28d9514fcaca1cb434f3db75c589b46912734ad917fa2234bd7cc42f0e5.html in directory target/site/serenity  
[pool-1-thread-3] INFO net.thucydides.core.reports.html.HtmlAcceptanceTestReporter - GENERATING HTML REPORT FOR CAT-3 - Pagination:VIR-138.03 Verify that the last page is shown when customer enters the page number that is bigger than the existed one in 56575217a2a4b5789d81c4200cecfbe74728dc79b7cd6d8ac27653a8d3f85ecb.html in directory target/site/serenity  
[pool-1-thread-4] INFO net.thucydides.core.reports.html.HtmlAcceptanceTestReporter - GENERATING HTML REPORT FOR CAT-3 - Pagination:VIR-138.04 Verity that the first page is shown when customer enters the 0 in 1c8a1b4b43701bd1338632b88eb6b64df9b65fadafecbf38fec7c32d2408f09b.html in directory target/site/serenity  
[pool-1-thread-3] INFO net.thucydides.core.reports.html.HtmlAcceptanceTestReporter - GENERATING HTML REPORT FOR CAT-3 - Pagination:VIR-138.05 Verify that any other data can't be entered except integer in 732f150ffc6c82e48b678a4e7112835fdf284ee6b7c57b8f50df671b5a3f74ae.html in directory target/site/serenity  
[pool-1-thread-1] INFO net.thucydides.core.reports.html.HtmlAcceptanceTestReporter - GENERATING HTML REPORT FOR CAT-3 - Pagination:VIR-138.06 Verify that any other data can't be entered except integer using context paste in 57135e94eed8cc11fc55734a7c503a70dc363381dabf570e05c256f3e9e11571.html in directory target/site/serenity  
[pool-1-thread-3] INFO net.thucydides.core.reports.html.HtmlAcceptanceTestReporter - GENERATING HTML REPORT FOR CAT-3 - Pagination:VIR-138.07 Verify that the sorting/filtering is not cleared while navigating through the pages in the current way in 9c486c2a7fbaca4d17050cd5542d3a8caf0a296ddf026c6149fc129a58edffc6.html in directory target/site/serenity  
[pool-1-thread-4] INFO net.thucydides.core.reports.html.HtmlAcceptanceTestReporter - GENERATING HTML REPORT FOR CAT-3 - Pagination:VIR-138.08 Verify that the customer is able to enter the page number to navigate into it on the Category page in d901a04c74ffc4b4edd5039d007ea6284c936f13937174647f15ada4b2f63380.html in directory target/site/serenity  
[pool-1-thread-3] INFO net.thucydides.core.reports.html.HtmlAcceptanceTestReporter - GENERATING HTML REPORT FOR CAT-3 - Pagination:VIR-138.09 Verify that the customer is able to enter the page number to navigate into it on the Search result page in 93693134ebc7873775c4933a1d9adb4ef57c10c8386432a03157dea73460df26.html in directory target/site/serenity  
[pool-1-thread-1] INFO net.thucydides.core.reports.html.HtmlAcceptanceTestReporter - GENERATING HTML REPORT FOR CAT-4 - Page Navigation:VIR-139.02 Verify that the customer is able to navigate through the previous, next, last pages on Category page in f7f5a393330d58d59b5ef1cad0ed5f5d18670b2b32bdfd893a5d5973b97901b3.html in directory target/site/serenity  
[pool-1-thread-3] INFO net.thucydides.core.reports.html.HtmlAcceptanceTestReporter - GENERATING HTML REPORT FOR CAT-4 - Page Navigation:VIR-139.04 Verify that the previous/ first page is disabled, when customer is on the first pages for Category page in 007583efbcfc7371987f2169b25295c52ee7f5b46e412d21bf5bcd3e1826a4b7.html in directory target/site/serenity  
[pool-1-thread-4] INFO net.thucydides.core.reports.html.HtmlAcceptanceTestReporter - GENERATING HTML REPORT FOR CAT-4 - Page Navigation:VIR-139.03 Verify that the customer is able to navigate through the previous, next, last pages on Search result page in c3ae4d5c97cf60173b31c8b8a7af26c4bfec9b28004b85bf45f584acba163a05.html in directory target/site/serenity  
[pool-1-thread-2] INFO net.thucydides.core.reports.html.HtmlAcceptanceTestReporter - GENERATING HTML REPORT FOR CAT-4 - Page Navigation:VIR-139.01 Verify that the first/last/next pages are shown above and below the list of products in 4dbac56f29c4074e92c92b0b0ef1d484ab71ee4922840f44cb1448588a9a946d.html in directory target/site/serenity  
[pool-1-thread-3] INFO net.thucydides.core.reports.html.HtmlAcceptanceTestReporter - GENERATING HTML REPORT FOR CAT-4 - Page Navigation:VIR-139.05 Verify that the previous/ first page is disabled, when customer is on the first pages for Search result page in 10cb99a196bb72210a90891f5bcaae8347e46081ec5aa50374e857b724f12851.html in directory target/site/serenity  
[pool-1-thread-1] INFO net.thucydides.core.reports.html.HtmlAcceptanceTestReporter - GENERATING HTML REPORT FOR CAT-4 - Page Navigation:VIR-139.06 Verify that the next/last page button is disabled, when customer is on the last pages for Category page in d66a0d45a1c06eff9c1d6f27ed1281a7cb4dc9342efb88e60b9d3f67137c4e73.html in directory target/site/serenity  
[pool-1-thread-4] INFO net.thucydides.core.reports.html.HtmlAcceptanceTestReporter - GENERATING HTML REPORT FOR CAT-4 - Page Navigation:VIR-139.07 Verify that the next/last page button is disabled when customer is on the last page for Search result page in f50c852a8450c5694a09eaff6b929707578220494b9403a76eb665db9c748643.html in directory target/site/serenity  
[pool-1-thread-1] INFO net.thucydides.core.reports.html.HtmlAcceptanceTestReporter - GENERATING HTML REPORT FOR CAT-5 - Category Navigation:VIR-151.02 Verify that the "Top" button is shown to the user when they scroll down and menu is not visible in a62c290effdddda48b3609319580538f13b25efef68ad89daa27f488890b929f.html in directory target/site/serenity  
[pool-1-thread-3] INFO net.thucydides.core.reports.html.HtmlAcceptanceTestReporter - GENERATING HTML REPORT FOR CAT-5 - Category Navigation:VIR-151.03 Verify that "Top" button moves user to the top of the page in bb2a8fce976170284a0555a45b7cfe9690f5aeade150cdf42901e955b3e10f7b.html in directory target/site/serenity  
[pool-1-thread-2] INFO net.thucydides.core.reports.html.HtmlAcceptanceTestReporter - GENERATING HTML REPORT FOR CAT-5 - Category Navigation:VIR-151.01 Verify that the "Top" button flows from the centered middle to the bottom on moving/scrolling the page in ef330c7c2eabd002beb36ae647158282edb6cb9be7606e23b5b9445e94f18d65.html in directory target/site/serenity  
[main] INFO net.serenitybdd.core.Serenity - 
 _____ _____ ____ _____   ____ _____  _    ____ _____ _____ ____  
|_   _| ____/ ___|_   _| / ___|_   _|/ \  |  _ \_   _| ____|  _ \ 
  | | |  _| \___ \ | |   \___ \ | | / _ \ | |_) || | |  _| | | | |
  | | | |___ ___) || |    ___) || |/ ___ \|  _ < | | | |___| |_| |
  |_| |_____|____/ |_|   |____/ |_/_/   \_\_| \_\|_| |_____|____/ 
                                                                  

TEST STARTED: VIR-151.04 Verify that the "Top" button is shown to the user on the Category page
-------------------------------------------------------------------(cat-5---category-navigation;vir-151.04-verify-that-the-"top"-button-is-shown-to-the-user-on-the-category-page)
[main] INFO net.serenitybdd.core.Serenity - STARTING STEP Given open the site and login
[main] INFO net.serenitybdd.core.Serenity - STARTING STEP Open the site
[main] INFO net.serenitybdd.core.Serenity - STEP ERROR: net.serenitybdd.core.exceptions.SerenityManagedException: Could not initialize class com.virco.locators.SiteData
]]></system-err>
  </testcase>
  <testcase name="Scenario: VIR-151.04 Verify that the &quot;Top&quot; button is shown to the user on the Category page" classname="Scenario: VIR-151.04 Verify that the &quot;Top&quot; button is shown to the user on the Category page" time="0.002">
    <error message="Could not initialize class com.virco.locators.SiteData" type="net.serenitybdd.core.exceptions.SerenityManagedException"><![CDATA[net.serenitybdd.core.exceptions.SerenityManagedException: Could not initialize class com.virco.locators.SiteData
	at com.virco.steps.serenity.CommonUserSteps.openTheSite(CommonUserSteps.java:19)
	at com.virco.steps.serenity.CommonUserSteps$$EnhancerByCGLIB$$d8541bfa.CGLIB$openTheSite$6(<generated>)
	at com.virco.steps.serenity.CommonUserSteps$$EnhancerByCGLIB$$d8541bfa$$FastClassByCGLIB$$ea8e0f86.invoke(<generated>)
	at net.sf.cglib.proxy.MethodProxy.invokeSuper(MethodProxy.java:228)
	at net.thucydides.core.steps.StepInterceptor.invokeMethod(StepInterceptor.java:372)
	at net.thucydides.core.steps.StepInterceptor.executeTestStepMethod(StepInterceptor.java:357)
	at net.thucydides.core.steps.StepInterceptor.runTestStep(StepInterceptor.java:332)
	at net.thucydides.core.steps.StepInterceptor.testStepResult(StepInterceptor.java:134)
	at net.thucydides.core.steps.StepInterceptor.intercept(StepInterceptor.java:61)
	at com.virco.steps.serenity.CommonUserSteps$$EnhancerByCGLIB$$d8541bfa.openTheSite(<generated>)
	at com.virco.steps.CommonDefinitionSteps.openTheSiteAndLogin(CommonDefinitionSteps.java:72)
	at sun.reflect.GeneratedMethodAccessor143.invoke(Unknown Source)
	at sun.reflect.DelegatingMethodAccessorImpl.invoke(DelegatingMethodAccessorImpl.java:43)
	at java.lang.reflect.Method.invoke(Method.java:498)
	at cucumber.runtime.Utils$1.call(Utils.java:40)
	at cucumber.runtime.Timeout.timeout(Timeout.java:16)
	at cucumber.runtime.Utils.invoke(Utils.java:34)
	at cucumber.runtime.java.JavaStepDefinition.execute(JavaStepDefinition.java:38)
	at cucumber.runtime.StepDefinitionMatch.runStep(StepDefinitionMatch.java:37)
	at cucumber.runtime.Runtime.runStep(Runtime.java:300)
	at cucumber.runtime.model.StepContainer.runStep(StepContainer.java:44)
	at cucumber.runtime.model.StepContainer.runSteps(StepContainer.java:39)
	at cucumber.runtime.model.CucumberScenario.run(CucumberScenario.java:44)
	at cucumber.runtime.junit.ExecutionUnitRunner.run(ExecutionUnitRunner.java:102)
	at cucumber.runtime.junit.FeatureRunner.runChild(FeatureRunner.java:63)
	at cucumber.runtime.junit.FeatureRunner.runChild(FeatureRunner.java:18)
	at org.junit.runners.ParentRunner$3.run(ParentRunner.java:290)
	at org.junit.runners.ParentRunner$1.schedule(ParentRunner.java:71)
	at org.junit.runners.ParentRunner.runChildren(ParentRunner.java:288)
	at org.junit.runners.ParentRunner.access$000(ParentRunner.java:58)
	at org.junit.runners.ParentRunner$2.evaluate(ParentRunner.java:268)
	at org.junit.runners.ParentRunner.run(ParentRunner.java:363)
	at cucumber.runtime.junit.FeatureRunner.run(FeatureRunner.java:70)
	at cucumber.api.junit.Cucumber.runChild(Cucumber.java:95)
	at cucumber.api.junit.Cucumber.runChild(Cucumber.java:38)
	at org.junit.runners.ParentRunner$3.run(ParentRunner.java:290)
	at org.junit.runners.ParentRunner$1.schedule(ParentRunner.java:71)
	at org.junit.runners.ParentRunner.runChildren(ParentRunner.java:288)
	at org.junit.runners.ParentRunner.access$000(ParentRunner.java:58)
	at org.junit.runners.ParentRunner$2.evaluate(ParentRunner.java:268)
	at org.junit.runners.ParentRunner.run(ParentRunner.java:363)
	at cucumber.api.junit.Cucumber.run(Cucumber.java:100)
	at org.apache.maven.surefire.junit4.JUnit4Provider.execute(JUnit4Provider.java:283)
	at org.apache.maven.surefire.junit4.JUnit4Provider.executeWithRerun(JUnit4Provider.java:173)
	at org.apache.maven.surefire.junit4.JUnit4Provider.executeTestSet(JUnit4Provider.java:153)
	at org.apache.maven.surefire.junit4.JUnit4Provider.invoke(JUnit4Provider.java:128)
	at org.apache.maven.surefire.booter.ForkedBooter.invokeProviderInSameClassLoader(ForkedBooter.java:203)
	at org.apache.maven.surefire.booter.ForkedBooter.runSuitesInProcess(ForkedBooter.java:155)
	at org.apache.maven.surefire.booter.ForkedBooter.main(ForkedBooter.java:103)
]]></error>
  </testcase>
  <testcase name="When open category with pagination" classname="Scenario: VIR-151.04 Verify that the &quot;Top&quot; button is shown to the user on the Category page" time="0">
    <skipped/>
    <system-err><![CDATA[[main] INFO net.serenitybdd.core.Serenity - STEP ERROR: java.lang.NoClassDefFoundError: Could not initialize class com.virco.locators.SiteData
[main] INFO net.serenitybdd.core.Serenity - STARTING STEP When open category with pagination
]]></system-err>
  </testcase>
  <testcase name="When scroll &quot;down&quot; page for the &quot;70&quot; percent" classname="Scenario: VIR-151.04 Verify that the &quot;Top&quot; button is shown to the user on the Category page" time="0">
    <skipped/>
    <system-err><![CDATA[[main] INFO net.serenitybdd.core.Serenity - IGNORING STEP
[main] INFO net.serenitybdd.core.Serenity - STARTING STEP When scroll "down" page for the "70" percent
]]></system-err>
  </testcase>
  <testcase name="Then the Top button is shown" classname="Scenario: VIR-151.04 Verify that the &quot;Top&quot; button is shown to the user on the Category page" time="0">
    <skipped/>
    <system-err><![CDATA[[main] INFO net.serenitybdd.core.Serenity - IGNORING STEP
[main] INFO net.serenitybdd.core.Serenity - STARTING STEP Then the Top button is shown
]]></system-err>
  </testcase>
  <testcase name="Given open the site and login" classname="Scenario: VIR-151.05 Verify that the &quot;Top&quot; button is shown to the user on the Search result page" time="0"/>
  <testcase name="When search for &quot;table&quot;" classname="Scenario: VIR-151.05 Verify that the &quot;Top&quot; button is shown to the user on the Search result page" time="0"/>
  <testcase name="When scroll &quot;down&quot; page for the &quot;70&quot; percent" classname="Scenario: VIR-151.05 Verify that the &quot;Top&quot; button is shown to the user on the Search result page" time="0"/>
  <testcase name="Then the Top button is shown" classname="Scenario: VIR-151.05 Verify that the &quot;Top&quot; button is shown to the user on the Search result page" time="0"/>
  <testcase name="Scenario: VIR-151.05 Verify that the &quot;Top&quot; button is shown to the user on the Search result page" classname="Scenario: VIR-151.05 Verify that the &quot;Top&quot; button is shown to the user on the Search result page" time="0.276"/>
</testsuite>