<?xml version="1.0" encoding="UTF-8"?>
<testsuite name="com.virco.ProductDetailsPageTestSuite" time="2.812" tests="105" errors="30" skipped="52" failures="0">
  <properties>
    <property name="idea.version" value="2017.1.5"/>
    <property name="java.runtime.name" value="Java(TM) SE Runtime Environment"/>
    <property name="sun.boot.library.path" value="/Library/Java/JavaVirtualMachines/jdk1.8.0_111.jdk/Contents/Home/jre/lib"/>
    <property name="java.vm.version" value="25.111-b14"/>
    <property name="user.country.format" value="UA"/>
    <property name="gopherProxySet" value="false"/>
    <property name="java.vm.vendor" value="Oracle Corporation"/>
    <property name="maven.multiModuleProjectDirectory" value="/Users/rodionsavchuk/hybrisAutomation/virco-automatedtests"/>
    <property name="java.vendor.url" value="http://java.oracle.com/"/>
    <property name="path.separator" value=":"/>
    <property name="guice.disable.misplaced.annotation.check" value="true"/>
    <property name="java.vm.name" value="Java HotSpot(TM) 64-Bit Server VM"/>
    <property name="file.encoding.pkg" value="sun.io"/>
    <property name="user.country" value="US"/>
    <property name="sun.java.launcher" value="SUN_STANDARD"/>
    <property name="sun.os.patch.level" value="unknown"/>
    <property name="java.vm.specification.name" value="Java Virtual Machine Specification"/>
    <property name="user.dir" value="/Users/rodionsavchuk/hybrisAutomation/virco-automatedtests"/>
    <property name="java.runtime.version" value="1.8.0_111-b14"/>
    <property name="java.awt.graphicsenv" value="sun.awt.CGraphicsEnvironment"/>
    <property name="java.endorsed.dirs" value="/Library/Java/JavaVirtualMachines/jdk1.8.0_111.jdk/Contents/Home/jre/lib/endorsed"/>
    <property name="os.arch" value="x86_64"/>
    <property name="java.io.tmpdir" value="/var/folders/_q/_7d1f_ys5hg5_f_jfs3jqgdm0000gn/T/"/>
    <property name="line.separator" value="&#10;"/>
    <property name="java.vm.specification.vendor" value="Oracle Corporation"/>
    <property name="os.name" value="Mac OS X"/>
    <property name="classworlds.conf" value="/Applications/IntelliJ IDEA.app/Contents/plugins/maven/lib/maven3/bin/m2.conf"/>
    <property name="sun.jnu.encoding" value="UTF-8"/>
    <property name="java.library.path" value="/Users/rodionsavchuk/Library/Java/Extensions:/Library/Java/Extensions:/Network/Library/Java/Extensions:/System/Library/Java/Extensions:/usr/lib/java:."/>
    <property name="java.specification.name" value="Java Platform API Specification"/>
    <property name="java.class.version" value="52.0"/>
    <property name="sun.management.compiler" value="HotSpot 64-Bit Tiered Compilers"/>
    <property name="os.version" value="10.12.5"/>
    <property name="http.nonProxyHosts" value="local|*.local|169.254/16|*.169.254/16"/>
    <property name="user.home" value="/Users/rodionsavchuk"/>
    <property name="user.timezone" value="Europe/Kiev"/>
    <property name="java.awt.printerjob" value="sun.lwawt.macosx.CPrinterJob"/>
    <property name="java.specification.version" value="1.8"/>
    <property name="file.encoding" value="UTF-8"/>
    <property name="user.name" value="rodionsavchuk"/>
    <property name="java.class.path" value="/Applications/IntelliJ IDEA.app/Contents/plugins/maven/lib/maven3/boot/plexus-classworlds-2.5.2.jar:/Applications/IntelliJ IDEA.app/Contents/lib/idea_rt.jar"/>
    <property name="java.vm.specification.version" value="1.8"/>
    <property name="sun.arch.data.model" value="64"/>
    <property name="java.home" value="/Library/Java/JavaVirtualMachines/jdk1.8.0_111.jdk/Contents/Home/jre"/>
    <property name="sun.java.command" value="org.codehaus.classworlds.Launcher -Didea.version=2017.1.5 verify"/>
    <property name="java.specification.vendor" value="Oracle Corporation"/>
    <property name="user.language" value="en"/>
    <property name="awt.toolkit" value="sun.lwawt.macosx.LWCToolkit"/>
    <property name="java.vm.info" value="mixed mode"/>
    <property name="java.version" value="1.8.0_111"/>
    <property name="java.ext.dirs" value="/Users/rodionsavchuk/Library/Java/Extensions:/Library/Java/JavaVirtualMachines/jdk1.8.0_111.jdk/Contents/Home/jre/lib/ext:/Library/Java/Extensions:/Network/Library/Java/Extensions:/System/Library/Java/Extensions:/usr/lib/java"/>
    <property name="sun.boot.class.path" value="/Library/Java/JavaVirtualMachines/jdk1.8.0_111.jdk/Contents/Home/jre/lib/resources.jar:/Library/Java/JavaVirtualMachines/jdk1.8.0_111.jdk/Contents/Home/jre/lib/rt.jar:/Library/Java/JavaVirtualMachines/jdk1.8.0_111.jdk/Contents/Home/jre/lib/sunrsasign.jar:/Library/Java/JavaVirtualMachines/jdk1.8.0_111.jdk/Contents/Home/jre/lib/jsse.jar:/Library/Java/JavaVirtualMachines/jdk1.8.0_111.jdk/Contents/Home/jre/lib/jce.jar:/Library/Java/JavaVirtualMachines/jdk1.8.0_111.jdk/Contents/Home/jre/lib/charsets.jar:/Library/Java/JavaVirtualMachines/jdk1.8.0_111.jdk/Contents/Home/jre/lib/jfr.jar:/Library/Java/JavaVirtualMachines/jdk1.8.0_111.jdk/Contents/Home/jre/classes"/>
    <property name="java.vendor" value="Oracle Corporation"/>
    <property name="maven.home" value="/Applications/IntelliJ IDEA.app/Contents/plugins/maven/lib/maven3"/>
    <property name="file.separator" value="/"/>
    <property name="java.vendor.url.bug" value="http://bugreport.sun.com/bugreport/"/>
    <property name="sun.cpu.endian" value="little"/>
    <property name="sun.io.unicode.encoding" value="UnicodeBig"/>
    <property name="socksNonProxyHosts" value="local|*.local|169.254/16|*.169.254/16"/>
    <property name="ftp.nonProxyHosts" value="local|*.local|169.254/16|*.169.254/16"/>
    <property name="sun.cpu.isalist" value=""/>
  </properties>
  <testcase name="Given open the site and login" classname="| Desk-Student | Config 2 |" time="0.001">
    <error message="Could not initialize class com.virco.locators.SiteData" type="net.serenitybdd.core.exceptions.SerenityManagedException"><![CDATA[net.serenitybdd.core.exceptions.SerenityManagedException: Could not initialize class com.virco.locators.SiteData
	at com.virco.steps.serenity.CommonUserSteps.openTheSite(CommonUserSteps.java:19)
	at com.virco.steps.serenity.CommonUserSteps$$EnhancerByCGLIB$$d8541bfa.CGLIB$openTheSite$6(<generated>)
	at com.virco.steps.serenity.CommonUserSteps$$EnhancerByCGLIB$$d8541bfa$$FastClassByCGLIB$$ea8e0f86.invoke(<generated>)
	at net.sf.cglib.proxy.MethodProxy.invokeSuper(MethodProxy.java:228)
	at net.thucydides.core.steps.StepInterceptor.invokeMethod(StepInterceptor.java:372)
	at net.thucydides.core.steps.StepInterceptor.executeTestStepMethod(StepInterceptor.java:357)
	at net.thucydides.core.steps.StepInterceptor.runTestStep(StepInterceptor.java:332)
	at net.thucydides.core.steps.StepInterceptor.testStepResult(StepInterceptor.java:134)
	at net.thucydides.core.steps.StepInterceptor.intercept(StepInterceptor.java:61)
	at com.virco.steps.serenity.CommonUserSteps$$EnhancerByCGLIB$$d8541bfa.openTheSite(<generated>)
	at com.virco.steps.CommonDefinitionSteps.openTheSiteAndLogin(CommonDefinitionSteps.java:72)
	at sun.reflect.GeneratedMethodAccessor143.invoke(Unknown Source)
	at sun.reflect.DelegatingMethodAccessorImpl.invoke(DelegatingMethodAccessorImpl.java:43)
	at java.lang.reflect.Method.invoke(Method.java:498)
	at cucumber.runtime.Utils$1.call(Utils.java:40)
	at cucumber.runtime.Timeout.timeout(Timeout.java:16)
	at cucumber.runtime.Utils.invoke(Utils.java:34)
	at cucumber.runtime.java.JavaStepDefinition.execute(JavaStepDefinition.java:38)
	at cucumber.runtime.StepDefinitionMatch.runStep(StepDefinitionMatch.java:37)
	at cucumber.runtime.Runtime.runStep(Runtime.java:300)
	at cucumber.runtime.model.StepContainer.runStep(StepContainer.java:44)
	at cucumber.runtime.model.StepContainer.runSteps(StepContainer.java:39)
	at cucumber.runtime.model.CucumberScenario.run(CucumberScenario.java:44)
	at cucumber.runtime.junit.ExecutionUnitRunner.run(ExecutionUnitRunner.java:102)
	at org.junit.runners.Suite.runChild(Suite.java:128)
	at org.junit.runners.Suite.runChild(Suite.java:27)
	at org.junit.runners.ParentRunner$3.run(ParentRunner.java:290)
	at org.junit.runners.ParentRunner$1.schedule(ParentRunner.java:71)
	at org.junit.runners.ParentRunner.runChildren(ParentRunner.java:288)
	at org.junit.runners.ParentRunner.access$000(ParentRunner.java:58)
	at org.junit.runners.ParentRunner$2.evaluate(ParentRunner.java:268)
	at org.junit.runners.ParentRunner.run(ParentRunner.java:363)
	at cucumber.runtime.junit.ExamplesRunner.run(ExamplesRunner.java:59)
	at org.junit.runners.Suite.runChild(Suite.java:128)
	at org.junit.runners.Suite.runChild(Suite.java:27)
	at org.junit.runners.ParentRunner$3.run(ParentRunner.java:290)
	at org.junit.runners.ParentRunner$1.schedule(ParentRunner.java:71)
	at org.junit.runners.ParentRunner.runChildren(ParentRunner.java:288)
	at org.junit.runners.ParentRunner.access$000(ParentRunner.java:58)
	at org.junit.runners.ParentRunner$2.evaluate(ParentRunner.java:268)
	at org.junit.runners.ParentRunner.run(ParentRunner.java:363)
	at cucumber.runtime.junit.ScenarioOutlineRunner.run(ScenarioOutlineRunner.java:53)
	at cucumber.runtime.junit.FeatureRunner.runChild(FeatureRunner.java:63)
	at cucumber.runtime.junit.FeatureRunner.runChild(FeatureRunner.java:18)
	at org.junit.runners.ParentRunner$3.run(ParentRunner.java:290)
	at org.junit.runners.ParentRunner$1.schedule(ParentRunner.java:71)
	at org.junit.runners.ParentRunner.runChildren(ParentRunner.java:288)
	at org.junit.runners.ParentRunner.access$000(ParentRunner.java:58)
	at org.junit.runners.ParentRunner$2.evaluate(ParentRunner.java:268)
	at org.junit.runners.ParentRunner.run(ParentRunner.java:363)
	at cucumber.runtime.junit.FeatureRunner.run(FeatureRunner.java:70)
	at cucumber.api.junit.Cucumber.runChild(Cucumber.java:95)
	at cucumber.api.junit.Cucumber.runChild(Cucumber.java:38)
	at org.junit.runners.ParentRunner$3.run(ParentRunner.java:290)
	at org.junit.runners.ParentRunner$1.schedule(ParentRunner.java:71)
	at org.junit.runners.ParentRunner.runChildren(ParentRunner.java:288)
	at org.junit.runners.ParentRunner.access$000(ParentRunner.java:58)
	at org.junit.runners.ParentRunner$2.evaluate(ParentRunner.java:268)
	at org.junit.runners.ParentRunner.run(ParentRunner.java:363)
	at cucumber.api.junit.Cucumber.run(Cucumber.java:100)
	at org.apache.maven.surefire.junit4.JUnit4Provider.execute(JUnit4Provider.java:283)
	at org.apache.maven.surefire.junit4.JUnit4Provider.executeWithRerun(JUnit4Provider.java:173)
	at org.apache.maven.surefire.junit4.JUnit4Provider.executeTestSet(JUnit4Provider.java:153)
	at org.apache.maven.surefire.junit4.JUnit4Provider.invoke(JUnit4Provider.java:128)
	at org.apache.maven.surefire.booter.ForkedBooter.invokeProviderInSameClassLoader(ForkedBooter.java:203)
	at org.apache.maven.surefire.booter.ForkedBooter.runSuitesInProcess(ForkedBooter.java:155)
	at org.apache.maven.surefire.booter.ForkedBooter.main(ForkedBooter.java:103)
]]></error>
    <system-out><![CDATA[
&amp#27;[31mFailed scenarios:&amp#27;[0m
&amp#27;[31msrc/test/resources/features/login/LGN2_SiteLogin.feature:5 &amp#27;[0m# Scenario: VIR-506.01 Verify that the shopper can login to the system by entering email and password
&amp#27;[31msrc/test/resources/features/login/LGN2_SiteLogin.feature:13 &amp#27;[0m# Scenario: VIR-506.02 Verify that the shopper is routed to the home page after successful login
&amp#27;[31msrc/test/resources/features/login/LGN2_SiteLogin.feature:21 &amp#27;[0m# Scenario: VIR-506.03 Verify that the shopper is routed to the Virco.com site after successful logout
&amp#27;[31msrc/test/resources/features/login/LGN3_PasswordReset.feature:5 &amp#27;[0m# Scenario: VIR-507.01 Create new user in the Backoffice
&amp#27;[31msrc/test/resources/features/login/LGN3_PasswordReset.feature:28 &amp#27;[0m# Scenario: VIR-507.02-03 Verify that the shopper is able to open change password modal window by clicking in the corresponding link
&amp#27;[31msrc/test/resources/features/login/LGN3_PasswordReset.feature:34 &amp#27;[0m# Scenario: VIR-507.04 Verify that the email is sent to the shopper on changing password with the reset link
&amp#27;[31msrc/test/resources/features/login/LGN3_PasswordReset.feature:42 &amp#27;[0m# Scenario: VIR-507.05 Verify that the shopper can enter new password on the reset link
&amp#27;[31msrc/test/resources/features/login/LGN3_PasswordReset.feature:54 &amp#27;[0m# Scenario: VIR-507.06 Verify that the shopper can login to the system with the new password
&amp#27;[31msrc/test/resources/features/login/LGN3_PasswordReset.feature:75 &amp#27;[0m# Scenario Outline: VIR-507.07 Verify the password creation validation rules
&amp#27;[31msrc/test/resources/features/login/LGN3_PasswordReset.feature:76 &amp#27;[0m# Scenario Outline: VIR-507.07 Verify the password creation validation rules
&amp#27;[31msrc/test/resources/features/login/LGN3_PasswordReset.feature:77 &amp#27;[0m# Scenario Outline: VIR-507.07 Verify the password creation validation rules
&amp#27;[31msrc/test/resources/features/login/LGN3_PasswordReset.feature:78 &amp#27;[0m# Scenario Outline: VIR-507.07 Verify the password creation validation rules
&amp#27;[31msrc/test/resources/features/login/LGN3_PasswordReset.feature:79 &amp#27;[0m# Scenario Outline: VIR-507.07 Verify the password creation validation rules

13 Scenarios (&amp#27;[31m13 failed&amp#27;[0m)
109 Steps (&amp#27;[31m13 failed&amp#27;[0m, &amp#27;[36m96 skipped&amp#27;[0m)
0m0.057s

net.serenitybdd.core.exceptions.SerenityManagedException: Could not initialize class com.virco.locators.SiteData
	at com.virco.steps.serenity.CommonUserSteps.openManagementPage(CommonUserSteps.java:35)
	at com.virco.steps.serenity.CommonUserSteps$$EnhancerByCGLIB$$d8541bfa.CGLIB$openManagementPage$7(<generated>)
	at com.virco.steps.serenity.CommonUserSteps$$EnhancerByCGLIB$$d8541bfa$$FastClassByCGLIB$$ea8e0f86.invoke(<generated>)
	at net.sf.cglib.proxy.MethodProxy.invokeSuper(MethodProxy.java:228)
	at net.thucydides.core.steps.StepInterceptor.invokeMethod(StepInterceptor.java:372)
	at net.thucydides.core.steps.StepInterceptor.executeTestStepMethod(StepInterceptor.java:357)
	at net.thucydides.core.steps.StepInterceptor.runTestStep(StepInterceptor.java:332)
	at net.thucydides.core.steps.StepInterceptor.testStepResult(StepInterceptor.java:134)
	at net.thucydides.core.steps.StepInterceptor.intercept(StepInterceptor.java:61)
	at com.virco.steps.serenity.CommonUserSteps$$EnhancerByCGLIB$$d8541bfa.openManagementPage(<generated>)
	at com.virco.steps.CommonDefinitionSteps.openPage(CommonDefinitionSteps.java:22)
	at ✽.Given open "storefront" page(src/test/resources/features/login/LGN2_SiteLogin.feature:6)

net.serenitybdd.core.exceptions.SerenityManagedException: Could not initialize class com.virco.locators.SiteData
	at com.virco.steps.serenity.CommonUserSteps.openManagementPage(CommonUserSteps.java:35)
	at com.virco.steps.serenity.CommonUserSteps$$EnhancerByCGLIB$$d8541bfa.CGLIB$openManagementPage$7(<generated>)
	at com.virco.steps.serenity.CommonUserSteps$$EnhancerByCGLIB$$d8541bfa$$FastClassByCGLIB$$ea8e0f86.invoke(<generated>)
	at net.sf.cglib.proxy.MethodProxy.invokeSuper(MethodProxy.java:228)
	at net.thucydides.core.steps.StepInterceptor.invokeMethod(StepInterceptor.java:372)
	at net.thucydides.core.steps.StepInterceptor.executeTestStepMethod(StepInterceptor.java:357)
	at net.thucydides.core.steps.StepInterceptor.runTestStep(StepInterceptor.java:332)
	at net.thucydides.core.steps.StepInterceptor.testStepResult(StepInterceptor.java:134)
	at net.thucydides.core.steps.StepInterceptor.intercept(StepInterceptor.java:61)
	at com.virco.steps.serenity.CommonUserSteps$$EnhancerByCGLIB$$d8541bfa.openManagementPage(<generated>)
	at com.virco.steps.CommonDefinitionSteps.openPage(CommonDefinitionSteps.java:22)
	at ✽.Given open "storefront" page(src/test/resources/features/login/LGN2_SiteLogin.feature:14)

net.serenitybdd.core.exceptions.SerenityManagedException: Could not initialize class com.virco.locators.SiteData
	at com.virco.steps.serenity.CommonUserSteps.openManagementPage(CommonUserSteps.java:35)
	at com.virco.steps.serenity.CommonUserSteps$$EnhancerByCGLIB$$d8541bfa.CGLIB$openManagementPage$7(<generated>)
	at com.virco.steps.serenity.CommonUserSteps$$EnhancerByCGLIB$$d8541bfa$$FastClassByCGLIB$$ea8e0f86.invoke(<generated>)
	at net.sf.cglib.proxy.MethodProxy.invokeSuper(MethodProxy.java:228)
	at net.thucydides.core.steps.StepInterceptor.invokeMethod(StepInterceptor.java:372)
	at net.thucydides.core.steps.StepInterceptor.executeTestStepMethod(StepInterceptor.java:357)
	at net.thucydides.core.steps.StepInterceptor.runTestStep(StepInterceptor.java:332)
	at net.thucydides.core.steps.StepInterceptor.testStepResult(StepInterceptor.java:134)
	at net.thucydides.core.steps.StepInterceptor.intercept(StepInterceptor.java:61)
	at com.virco.steps.serenity.CommonUserSteps$$EnhancerByCGLIB$$d8541bfa.openManagementPage(<generated>)
	at com.virco.steps.CommonDefinitionSteps.openPage(CommonDefinitionSteps.java:22)
	at ✽.Given open "storefront" page(src/test/resources/features/login/LGN2_SiteLogin.feature:22)

net.serenitybdd.core.exceptions.SerenityManagedException: Could not initialize class com.virco.locators.SiteData
	at com.virco.steps.serenity.CommonUserSteps.openManagementPage(CommonUserSteps.java:32)
	at com.virco.steps.serenity.CommonUserSteps$$EnhancerByCGLIB$$d8541bfa.CGLIB$openManagementPage$7(<generated>)
	at com.virco.steps.serenity.CommonUserSteps$$EnhancerByCGLIB$$d8541bfa$$FastClassByCGLIB$$ea8e0f86.invoke(<generated>)
	at net.sf.cglib.proxy.MethodProxy.invokeSuper(MethodProxy.java:228)
	at net.thucydides.core.steps.StepInterceptor.invokeMethod(StepInterceptor.java:372)
	at net.thucydides.core.steps.StepInterceptor.executeTestStepMethod(StepInterceptor.java:357)
	at net.thucydides.core.steps.StepInterceptor.runTestStep(StepInterceptor.java:332)
	at net.thucydides.core.steps.StepInterceptor.testStepResult(StepInterceptor.java:134)
	at net.thucydides.core.steps.StepInterceptor.intercept(StepInterceptor.java:61)
	at com.virco.steps.serenity.CommonUserSteps$$EnhancerByCGLIB$$d8541bfa.openManagementPage(<generated>)
	at com.virco.steps.CommonDefinitionSteps.openPage(CommonDefinitionSteps.java:22)
	at ✽.Given open "BackOffice" page(src/test/resources/features/login/LGN3_PasswordReset.feature:6)

net.serenitybdd.core.exceptions.SerenityManagedException: Could not initialize class com.virco.locators.SiteData
	at com.virco.steps.serenity.CommonUserSteps.openTheSite(CommonUserSteps.java:19)
	at com.virco.steps.serenity.CommonUserSteps$$EnhancerByCGLIB$$d8541bfa.CGLIB$openTheSite$6(<generated>)
	at com.virco.steps.serenity.CommonUserSteps$$EnhancerByCGLIB$$d8541bfa$$FastClassByCGLIB$$ea8e0f86.invoke(<generated>)
	at net.sf.cglib.proxy.MethodProxy.invokeSuper(MethodProxy.java:228)
	at net.thucydides.core.steps.StepInterceptor.invokeMethod(StepInterceptor.java:372)
	at net.thucydides.core.steps.StepInterceptor.executeTestStepMethod(StepInterceptor.java:357)
	at net.thucydides.core.steps.StepInterceptor.runTestStep(StepInterceptor.java:332)
	at net.thucydides.core.steps.StepInterceptor.testStepResult(StepInterceptor.java:134)
	at net.thucydides.core.steps.StepInterceptor.intercept(StepInterceptor.java:61)
	at com.virco.steps.serenity.CommonUserSteps$$EnhancerByCGLIB$$d8541bfa.openTheSite(<generated>)
	at com.virco.steps.CommonDefinitionSteps.openTheSite(CommonDefinitionSteps.java:17)
	at ✽.Given open the site(src/test/resources/features/login/LGN3_PasswordReset.feature:29)

net.serenitybdd.core.exceptions.SerenityManagedException: Could not initialize class com.virco.locators.SiteData
	at com.virco.steps.serenity.CommonUserSteps.openTheSite(CommonUserSteps.java:19)
	at com.virco.steps.serenity.CommonUserSteps$$EnhancerByCGLIB$$d8541bfa.CGLIB$openTheSite$6(<generated>)
	at com.virco.steps.serenity.CommonUserSteps$$EnhancerByCGLIB$$d8541bfa$$FastClassByCGLIB$$ea8e0f86.invoke(<generated>)
	at net.sf.cglib.proxy.MethodProxy.invokeSuper(MethodProxy.java:228)
	at net.thucydides.core.steps.StepInterceptor.invokeMethod(StepInterceptor.java:372)
	at net.thucydides.core.steps.StepInterceptor.executeTestStepMethod(StepInterceptor.java:357)
	at net.thucydides.core.steps.StepInterceptor.runTestStep(StepInterceptor.java:332)
	at net.thucydides.core.steps.StepInterceptor.testStepResult(StepInterceptor.java:134)
	at net.thucydides.core.steps.StepInterceptor.intercept(StepInterceptor.java:61)
	at com.virco.steps.serenity.CommonUserSteps$$EnhancerByCGLIB$$d8541bfa.openTheSite(<generated>)
	at com.virco.steps.CommonDefinitionSteps.openTheSite(CommonDefinitionSteps.java:17)
	at ✽.Given open the site(src/test/resources/features/login/LGN3_PasswordReset.feature:35)

net.serenitybdd.core.exceptions.SerenityManagedException: Could not initialize class com.virco.locators.SiteData
	at com.virco.steps.serenity.CommonUserSteps.openTheSite(CommonUserSteps.java:19)
	at com.virco.steps.serenity.CommonUserSteps$$EnhancerByCGLIB$$d8541bfa.CGLIB$openTheSite$6(<generated>)
	at com.virco.steps.serenity.CommonUserSteps$$EnhancerByCGLIB$$d8541bfa$$FastClassByCGLIB$$ea8e0f86.invoke(<generated>)
	at net.sf.cglib.proxy.MethodProxy.invokeSuper(MethodProxy.java:228)
	at net.thucydides.core.steps.StepInterceptor.invokeMethod(StepInterceptor.java:372)
	at net.thucydides.core.steps.StepInterceptor.executeTestStepMethod(StepInterceptor.java:357)
	at net.thucydides.core.steps.StepInterceptor.runTestStep(StepInterceptor.java:332)
	at net.thucydides.core.steps.StepInterceptor.testStepResult(StepInterceptor.java:134)
	at net.thucydides.core.steps.StepInterceptor.intercept(StepInterceptor.java:61)
	at com.virco.steps.serenity.CommonUserSteps$$EnhancerByCGLIB$$d8541bfa.openTheSite(<generated>)
	at com.virco.steps.CommonDefinitionSteps.openTheSite(CommonDefinitionSteps.java:17)
	at ✽.Given open the site(src/test/resources/features/login/LGN3_PasswordReset.feature:43)

net.serenitybdd.core.exceptions.SerenityManagedException: Could not initialize class com.virco.locators.SiteData
	at com.virco.steps.serenity.CommonUserSteps.openManagementPage(CommonUserSteps.java:35)
	at com.virco.steps.serenity.CommonUserSteps$$EnhancerByCGLIB$$d8541bfa.CGLIB$openManagementPage$7(<generated>)
	at com.virco.steps.serenity.CommonUserSteps$$EnhancerByCGLIB$$d8541bfa$$FastClassByCGLIB$$ea8e0f86.invoke(<generated>)
	at net.sf.cglib.proxy.MethodProxy.invokeSuper(MethodProxy.java:228)
	at net.thucydides.core.steps.StepInterceptor.invokeMethod(StepInterceptor.java:372)
	at net.thucydides.core.steps.StepInterceptor.executeTestStepMethod(StepInterceptor.java:357)
	at net.thucydides.core.steps.StepInterceptor.runTestStep(StepInterceptor.java:332)
	at net.thucydides.core.steps.StepInterceptor.testStepResult(StepInterceptor.java:134)
	at net.thucydides.core.steps.StepInterceptor.intercept(StepInterceptor.java:61)
	at com.virco.steps.serenity.CommonUserSteps$$EnhancerByCGLIB$$d8541bfa.openManagementPage(<generated>)
	at com.virco.steps.CommonDefinitionSteps.openPage(CommonDefinitionSteps.java:22)
	at ✽.Given open "storefront" page(src/test/resources/features/login/LGN3_PasswordReset.feature:55)

net.serenitybdd.core.exceptions.SerenityManagedException: Could not initialize class com.virco.locators.SiteData
	at com.virco.steps.serenity.CommonUserSteps.openTheSite(CommonUserSteps.java:19)
	at com.virco.steps.serenity.CommonUserSteps$$EnhancerByCGLIB$$d8541bfa.CGLIB$openTheSite$6(<generated>)
	at com.virco.steps.serenity.CommonUserSteps$$EnhancerByCGLIB$$d8541bfa$$FastClassByCGLIB$$ea8e0f86.invoke(<generated>)
	at net.sf.cglib.proxy.MethodProxy.invokeSuper(MethodProxy.java:228)
	at net.thucydides.core.steps.StepInterceptor.invokeMethod(StepInterceptor.java:372)
	at net.thucydides.core.steps.StepInterceptor.executeTestStepMethod(StepInterceptor.java:357)
	at net.thucydides.core.steps.StepInterceptor.runTestStep(StepInterceptor.java:332)
	at net.thucydides.core.steps.StepInterceptor.testStepResult(StepInterceptor.java:134)
	at net.thucydides.core.steps.StepInterceptor.intercept(StepInterceptor.java:61)
	at com.virco.steps.serenity.CommonUserSteps$$EnhancerByCGLIB$$d8541bfa.openTheSite(<generated>)
	at com.virco.steps.CommonDefinitionSteps.openTheSite(CommonDefinitionSteps.java:17)
	at ✽.Given open the site(src/test/resources/features/login/LGN3_PasswordReset.feature:63)

net.serenitybdd.core.exceptions.SerenityManagedException: Could not initialize class com.virco.locators.SiteData
	at com.virco.steps.serenity.CommonUserSteps.openTheSite(CommonUserSteps.java:19)
	at com.virco.steps.serenity.CommonUserSteps$$EnhancerByCGLIB$$d8541bfa.CGLIB$openTheSite$6(<generated>)
	at com.virco.steps.serenity.CommonUserSteps$$EnhancerByCGLIB$$d8541bfa$$FastClassByCGLIB$$ea8e0f86.invoke(<generated>)
	at net.sf.cglib.proxy.MethodProxy.invokeSuper(MethodProxy.java:228)
	at net.thucydides.core.steps.StepInterceptor.invokeMethod(StepInterceptor.java:372)
	at net.thucydides.core.steps.StepInterceptor.executeTestStepMethod(StepInterceptor.java:357)
	at net.thucydides.core.steps.StepInterceptor.runTestStep(StepInterceptor.java:332)
	at net.thucydides.core.steps.StepInterceptor.testStepResult(StepInterceptor.java:134)
	at net.thucydides.core.steps.StepInterceptor.intercept(StepInterceptor.java:61)
	at com.virco.steps.serenity.CommonUserSteps$$EnhancerByCGLIB$$d8541bfa.openTheSite(<generated>)
	at com.virco.steps.CommonDefinitionSteps.openTheSite(CommonDefinitionSteps.java:17)
	at ✽.Given open the site(src/test/resources/features/login/LGN3_PasswordReset.feature:63)

net.serenitybdd.core.exceptions.SerenityManagedException: Could not initialize class com.virco.locators.SiteData
	at com.virco.steps.serenity.CommonUserSteps.openTheSite(CommonUserSteps.java:19)
	at com.virco.steps.serenity.CommonUserSteps$$EnhancerByCGLIB$$d8541bfa.CGLIB$openTheSite$6(<generated>)
	at com.virco.steps.serenity.CommonUserSteps$$EnhancerByCGLIB$$d8541bfa$$FastClassByCGLIB$$ea8e0f86.invoke(<generated>)
	at net.sf.cglib.proxy.MethodProxy.invokeSuper(MethodProxy.java:228)
	at net.thucydides.core.steps.StepInterceptor.invokeMethod(StepInterceptor.java:372)
	at net.thucydides.core.steps.StepInterceptor.executeTestStepMethod(StepInterceptor.java:357)
	at net.thucydides.core.steps.StepInterceptor.runTestStep(StepInterceptor.java:332)
	at net.thucydides.core.steps.StepInterceptor.testStepResult(StepInterceptor.java:134)
	at net.thucydides.core.steps.StepInterceptor.intercept(StepInterceptor.java:61)
	at com.virco.steps.serenity.CommonUserSteps$$EnhancerByCGLIB$$d8541bfa.openTheSite(<generated>)
	at com.virco.steps.CommonDefinitionSteps.openTheSite(CommonDefinitionSteps.java:17)
	at ✽.Given open the site(src/test/resources/features/login/LGN3_PasswordReset.feature:63)

net.serenitybdd.core.exceptions.SerenityManagedException: Could not initialize class com.virco.locators.SiteData
	at com.virco.steps.serenity.CommonUserSteps.openTheSite(CommonUserSteps.java:19)
	at com.virco.steps.serenity.CommonUserSteps$$EnhancerByCGLIB$$d8541bfa.CGLIB$openTheSite$6(<generated>)
	at com.virco.steps.serenity.CommonUserSteps$$EnhancerByCGLIB$$d8541bfa$$FastClassByCGLIB$$ea8e0f86.invoke(<generated>)
	at net.sf.cglib.proxy.MethodProxy.invokeSuper(MethodProxy.java:228)
	at net.thucydides.core.steps.StepInterceptor.invokeMethod(StepInterceptor.java:372)
	at net.thucydides.core.steps.StepInterceptor.executeTestStepMethod(StepInterceptor.java:357)
	at net.thucydides.core.steps.StepInterceptor.runTestStep(StepInterceptor.java:332)
	at net.thucydides.core.steps.StepInterceptor.testStepResult(StepInterceptor.java:134)
	at net.thucydides.core.steps.StepInterceptor.intercept(StepInterceptor.java:61)
	at com.virco.steps.serenity.CommonUserSteps$$EnhancerByCGLIB$$d8541bfa.openTheSite(<generated>)
	at com.virco.steps.CommonDefinitionSteps.openTheSite(CommonDefinitionSteps.java:17)
	at ✽.Given open the site(src/test/resources/features/login/LGN3_PasswordReset.feature:63)

net.serenitybdd.core.exceptions.SerenityManagedException: Could not initialize class com.virco.locators.SiteData
	at com.virco.steps.serenity.CommonUserSteps.openTheSite(CommonUserSteps.java:19)
	at com.virco.steps.serenity.CommonUserSteps$$EnhancerByCGLIB$$d8541bfa.CGLIB$openTheSite$6(<generated>)
	at com.virco.steps.serenity.CommonUserSteps$$EnhancerByCGLIB$$d8541bfa$$FastClassByCGLIB$$ea8e0f86.invoke(<generated>)
	at net.sf.cglib.proxy.MethodProxy.invokeSuper(MethodProxy.java:228)
	at net.thucydides.core.steps.StepInterceptor.invokeMethod(StepInterceptor.java:372)
	at net.thucydides.core.steps.StepInterceptor.executeTestStepMethod(StepInterceptor.java:357)
	at net.thucydides.core.steps.StepInterceptor.runTestStep(StepInterceptor.java:332)
	at net.thucydides.core.steps.StepInterceptor.testStepResult(StepInterceptor.java:134)
	at net.thucydides.core.steps.StepInterceptor.intercept(StepInterceptor.java:61)
	at com.virco.steps.serenity.CommonUserSteps$$EnhancerByCGLIB$$d8541bfa.openTheSite(<generated>)
	at com.virco.steps.CommonDefinitionSteps.openTheSite(CommonDefinitionSteps.java:17)
	at ✽.Given open the site(src/test/resources/features/login/LGN3_PasswordReset.feature:63)

]]></system-out>
    <system-err><![CDATA[[main] INFO net.serenitybdd.core.Serenity - IGNORING STEP
[main] INFO net.serenitybdd.core.Serenity - FINISHING STEP
[main] ERROR net.serenitybdd.core.Serenity - 
           __  _____ _____ ____ _____   _____ _    ___ _     _____ ____  
  _       / / |_   _| ____/ ___|_   _| |  ___/ \  |_ _| |   | ____|  _ \ 
 (_)_____| |    | | |  _| \___ \ | |   | |_ / _ \  | || |   |  _| | | | |
  _|_____| |    | | | |___ ___) || |   |  _/ ___ \ | || |___| |___| |_| |
 (_)     | |    |_| |_____|____/ |_|   |_|/_/   \_\___|_____|_____|____/ 
          \_\                                                            

TEST FAILED WITH ERROR: VIR-507.07 Verify the password creation validation rules
---------------------------------------------------------------------
[main] ERROR net.serenitybdd.core.Serenity - TEST FAILED AT STEP Open the site
[main] ERROR net.serenitybdd.core.Serenity - Could not initialize class com.virco.locators.SiteData
[pool-1-thread-1] INFO net.thucydides.core.reports.json.JSONTestOutcomeReporter - Generating JSON report for VIR-506.01 Verify that the shopper can login to the system by entering email and password to file /Users/rodionsavchuk/hybrisAutomation/virco-automatedtests/target/site/serenity/6cc105e1c862afa9eb11e87e96ddbcc4740ae0a293c3d6fb7fd60bcfa6dbeb56.json (using temp file /Users/rodionsavchuk/hybrisAutomation/virco-automatedtests/target/site/serenity/6cc105e1c862afa9eb11e87e96ddbcc4740ae0a293c3d6fb7fd60bcfa6dbeb56.json3c3ee085-b97c-44da-9516-084935123d7d)
[pool-1-thread-4] INFO net.thucydides.core.reports.json.JSONTestOutcomeReporter - Generating JSON report for VIR-506.02 Verify that the shopper is routed to the home page after successful login to file /Users/rodionsavchuk/hybrisAutomation/virco-automatedtests/target/site/serenity/b5983097e728971a9f80fa5158beb2aeca49a183abb92eb4b339f3a4473bd643.json (using temp file /Users/rodionsavchuk/hybrisAutomation/virco-automatedtests/target/site/serenity/b5983097e728971a9f80fa5158beb2aeca49a183abb92eb4b339f3a4473bd643.jsonf5319615-b47f-49f4-8698-9b15ff7e496f)
[pool-1-thread-3] INFO net.thucydides.core.reports.json.JSONTestOutcomeReporter - Generating JSON report for VIR-506.03 Verify that the shopper is routed to the Virco.com site after successful logout to file /Users/rodionsavchuk/hybrisAutomation/virco-automatedtests/target/site/serenity/6d04a1816c11b6ba0d31ab36e0f79acbda64e64e0bce13c67999805391e956ae.json (using temp file /Users/rodionsavchuk/hybrisAutomation/virco-automatedtests/target/site/serenity/6d04a1816c11b6ba0d31ab36e0f79acbda64e64e0bce13c67999805391e956ae.json22bdfbce-1106-4ae3-a1b2-e5fbf97658fc)
[pool-1-thread-2] INFO net.thucydides.core.reports.json.JSONTestOutcomeReporter - Generating JSON report for VIR-507.01 Create new user in the Backoffice to file /Users/rodionsavchuk/hybrisAutomation/virco-automatedtests/target/site/serenity/a9ad79270a1658300e763ddd1c5c0d534e858376a9b4bead81ee1296b083a7ac.json (using temp file /Users/rodionsavchuk/hybrisAutomation/virco-automatedtests/target/site/serenity/a9ad79270a1658300e763ddd1c5c0d534e858376a9b4bead81ee1296b083a7ac.jsonb7d7d72a-9045-4344-97ef-a6a96c8ac60f)
[pool-1-thread-4] INFO net.thucydides.core.reports.json.JSONTestOutcomeReporter - Generating JSON report for VIR-507.02-03 Verify that the shopper is able to open change password modal window by clicking in the corresponding link to file /Users/rodionsavchuk/hybrisAutomation/virco-automatedtests/target/site/serenity/5303f77648ac59a0fcf3e8228119d966a964e6e75e59cac5d43db696d9158268.json (using temp file /Users/rodionsavchuk/hybrisAutomation/virco-automatedtests/target/site/serenity/5303f77648ac59a0fcf3e8228119d966a964e6e75e59cac5d43db696d9158268.jsonf16d4d5c-aa22-4b57-8009-b5cf8af5c9ea)
[pool-1-thread-4] INFO net.thucydides.core.reports.json.JSONTestOutcomeReporter - Generating JSON report for VIR-507.04 Verify that the email is sent to the shopper on changing password with the reset link to file /Users/rodionsavchuk/hybrisAutomation/virco-automatedtests/target/site/serenity/5a3cdf614b6d9f0356f97a44f040d3a8fa34230b45d23efe6ebbc7364ab9be53.json (using temp file /Users/rodionsavchuk/hybrisAutomation/virco-automatedtests/target/site/serenity/5a3cdf614b6d9f0356f97a44f040d3a8fa34230b45d23efe6ebbc7364ab9be53.jsonef97e398-b732-4c65-a158-cc4c498b38d7)
[pool-1-thread-3] INFO net.thucydides.core.reports.json.JSONTestOutcomeReporter - Generating JSON report for VIR-507.05 Verify that the shopper can enter new password on the reset link to file /Users/rodionsavchuk/hybrisAutomation/virco-automatedtests/target/site/serenity/3a80cc9e518b8ce07ea99d623703291f7823b10cffee06bdbee020c74d420589.json (using temp file /Users/rodionsavchuk/hybrisAutomation/virco-automatedtests/target/site/serenity/3a80cc9e518b8ce07ea99d623703291f7823b10cffee06bdbee020c74d420589.jsonf517d6ae-4fe9-420e-a798-7d66714e19f6)
[pool-1-thread-2] INFO net.thucydides.core.reports.json.JSONTestOutcomeReporter - Generating JSON report for VIR-507.06 Verify that the shopper can login to the system with the new password to file /Users/rodionsavchuk/hybrisAutomation/virco-automatedtests/target/site/serenity/0dcec4977c10fd6be296e437967be1231baed4df8a6f71e502105508ba4cf43f.json (using temp file /Users/rodionsavchuk/hybrisAutomation/virco-automatedtests/target/site/serenity/0dcec4977c10fd6be296e437967be1231baed4df8a6f71e502105508ba4cf43f.json8eb8b8c7-4096-416a-8ac0-a8ab9c7bdbf0)
[pool-1-thread-1] INFO net.thucydides.core.reports.json.JSONTestOutcomeReporter - Generating JSON report for VIR-507.07 Verify the password creation validation rules to file /Users/rodionsavchuk/hybrisAutomation/virco-automatedtests/target/site/serenity/182ac26577032a2fa15745d8223f554a7aba2e666f7845e1a6c95f532e262b3e.json (using temp file /Users/rodionsavchuk/hybrisAutomation/virco-automatedtests/target/site/serenity/182ac26577032a2fa15745d8223f554a7aba2e666f7845e1a6c95f532e262b3e.jsonf879973b-8ee5-4fa3-bd07-9f7356274263)
[pool-1-thread-2] INFO net.thucydides.core.reports.html.HtmlAcceptanceTestReporter - GENERATING HTML REPORT FOR LGN-2 - Site login:VIR-506.03 Verify that the shopper is routed to the Virco.com site after successful logout in 6d04a1816c11b6ba0d31ab36e0f79acbda64e64e0bce13c67999805391e956ae.html in directory target/site/serenity  
[pool-1-thread-1] INFO net.thucydides.core.reports.html.HtmlAcceptanceTestReporter - GENERATING HTML REPORT FOR LGN-3 - Password Reset:VIR-507.01 Create new user in the Backoffice in a9ad79270a1658300e763ddd1c5c0d534e858376a9b4bead81ee1296b083a7ac.html in directory target/site/serenity  
[pool-1-thread-3] INFO net.thucydides.core.reports.html.HtmlAcceptanceTestReporter - GENERATING HTML REPORT FOR LGN-2 - Site login:VIR-506.02 Verify that the shopper is routed to the home page after successful login in b5983097e728971a9f80fa5158beb2aeca49a183abb92eb4b339f3a4473bd643.html in directory target/site/serenity  
[pool-1-thread-4] INFO net.thucydides.core.reports.html.HtmlAcceptanceTestReporter - GENERATING HTML REPORT FOR LGN-2 - Site login:VIR-506.01 Verify that the shopper can login to the system by entering email and password in 6cc105e1c862afa9eb11e87e96ddbcc4740ae0a293c3d6fb7fd60bcfa6dbeb56.html in directory target/site/serenity  
[pool-1-thread-3] INFO net.thucydides.core.reports.html.HtmlAcceptanceTestReporter - GENERATING HTML REPORT FOR LGN-3 - Password Reset:VIR-507.02-03 Verify that the shopper is able to open change password modal window by clicking in the corresponding link in 5303f77648ac59a0fcf3e8228119d966a964e6e75e59cac5d43db696d9158268.html in directory target/site/serenity  
[pool-1-thread-4] INFO net.thucydides.core.reports.html.HtmlAcceptanceTestReporter - GENERATING HTML REPORT FOR LGN-3 - Password Reset:VIR-507.04 Verify that the email is sent to the shopper on changing password with the reset link in 5a3cdf614b6d9f0356f97a44f040d3a8fa34230b45d23efe6ebbc7364ab9be53.html in directory target/site/serenity  
[pool-1-thread-2] INFO net.thucydides.core.reports.html.HtmlAcceptanceTestReporter - GENERATING HTML REPORT FOR LGN-3 - Password Reset:VIR-507.05 Verify that the shopper can enter new password on the reset link in 3a80cc9e518b8ce07ea99d623703291f7823b10cffee06bdbee020c74d420589.html in directory target/site/serenity  
[pool-1-thread-1] INFO net.thucydides.core.reports.html.HtmlAcceptanceTestReporter - GENERATING HTML REPORT FOR LGN-3 - Password Reset:VIR-507.06 Verify that the shopper can login to the system with the new password in 0dcec4977c10fd6be296e437967be1231baed4df8a6f71e502105508ba4cf43f.html in directory target/site/serenity  
[pool-1-thread-3] INFO net.thucydides.core.reports.html.HtmlAcceptanceTestReporter - GENERATING HTML REPORT FOR LGN-3 - Password Reset:VIR-507.07 Verify the password creation validation rules in 182ac26577032a2fa15745d8223f554a7aba2e666f7845e1a6c95f532e262b3e.html in directory target/site/serenity  
[main] INFO net.serenitybdd.core.Serenity - Test Suite Started: PDP-10 - Configurations
[main] INFO net.serenitybdd.core.Serenity - 
 _____ _____ ____ _____   ____ _____  _    ____ _____ _____ ____  
|_   _| ____/ ___|_   _| / ___|_   _|/ \  |  _ \_   _| ____|  _ \ 
  | | |  _| \___ \ | |   \___ \ | | / _ \ | |_) || | |  _| | | | |
  | | | |___ ___) || |    ___) || |/ ___ \|  _ < | | | |___| |_| |
  |_| |_____|____/ |_|   |____/ |_/_/   \_\_| \_\|_| |_____|____/ 
                                                                  

TEST STARTED: VIR-267.01 Verify that the following information is shown at the slot 3
-------------------------------------------------------------------(pdp-10---configurations;vir-267.01-verify-that-the-following-information-is-shown-at-the-slot-3;;2)
[main] INFO net.serenitybdd.core.Serenity - STARTING STEP VIR-267.01 Verify that the following information is shown at the slot 3 #1: {categoryname=Desk-Student, configName=Config 2}
[main] INFO net.serenitybdd.core.Serenity - STARTING STEP Given open the site and login
[main] INFO net.serenitybdd.core.Serenity - STARTING STEP Open the site
[main] INFO net.serenitybdd.core.Serenity - STEP ERROR: net.serenitybdd.core.exceptions.SerenityManagedException: Could not initialize class com.virco.locators.SiteData
]]></system-err>
  </testcase>
  <testcase name="| Desk-Student | Config 2 |" classname="| Desk-Student | Config 2 |" time="0.001">
    <error message="Could not initialize class com.virco.locators.SiteData" type="net.serenitybdd.core.exceptions.SerenityManagedException"><![CDATA[net.serenitybdd.core.exceptions.SerenityManagedException: Could not initialize class com.virco.locators.SiteData
	at com.virco.steps.serenity.CommonUserSteps.openTheSite(CommonUserSteps.java:19)
	at com.virco.steps.serenity.CommonUserSteps$$EnhancerByCGLIB$$d8541bfa.CGLIB$openTheSite$6(<generated>)
	at com.virco.steps.serenity.CommonUserSteps$$EnhancerByCGLIB$$d8541bfa$$FastClassByCGLIB$$ea8e0f86.invoke(<generated>)
	at net.sf.cglib.proxy.MethodProxy.invokeSuper(MethodProxy.java:228)
	at net.thucydides.core.steps.StepInterceptor.invokeMethod(StepInterceptor.java:372)
	at net.thucydides.core.steps.StepInterceptor.executeTestStepMethod(StepInterceptor.java:357)
	at net.thucydides.core.steps.StepInterceptor.runTestStep(StepInterceptor.java:332)
	at net.thucydides.core.steps.StepInterceptor.testStepResult(StepInterceptor.java:134)
	at net.thucydides.core.steps.StepInterceptor.intercept(StepInterceptor.java:61)
	at com.virco.steps.serenity.CommonUserSteps$$EnhancerByCGLIB$$d8541bfa.openTheSite(<generated>)
	at com.virco.steps.CommonDefinitionSteps.openTheSiteAndLogin(CommonDefinitionSteps.java:72)
	at sun.reflect.GeneratedMethodAccessor143.invoke(Unknown Source)
	at sun.reflect.DelegatingMethodAccessorImpl.invoke(DelegatingMethodAccessorImpl.java:43)
	at java.lang.reflect.Method.invoke(Method.java:498)
	at cucumber.runtime.Utils$1.call(Utils.java:40)
	at cucumber.runtime.Timeout.timeout(Timeout.java:16)
	at cucumber.runtime.Utils.invoke(Utils.java:34)
	at cucumber.runtime.java.JavaStepDefinition.execute(JavaStepDefinition.java:38)
	at cucumber.runtime.StepDefinitionMatch.runStep(StepDefinitionMatch.java:37)
	at cucumber.runtime.Runtime.runStep(Runtime.java:300)
	at cucumber.runtime.model.StepContainer.runStep(StepContainer.java:44)
	at cucumber.runtime.model.StepContainer.runSteps(StepContainer.java:39)
	at cucumber.runtime.model.CucumberScenario.run(CucumberScenario.java:44)
	at cucumber.runtime.junit.ExecutionUnitRunner.run(ExecutionUnitRunner.java:102)
	at org.junit.runners.Suite.runChild(Suite.java:128)
	at org.junit.runners.Suite.runChild(Suite.java:27)
	at org.junit.runners.ParentRunner$3.run(ParentRunner.java:290)
	at org.junit.runners.ParentRunner$1.schedule(ParentRunner.java:71)
	at org.junit.runners.ParentRunner.runChildren(ParentRunner.java:288)
	at org.junit.runners.ParentRunner.access$000(ParentRunner.java:58)
	at org.junit.runners.ParentRunner$2.evaluate(ParentRunner.java:268)
	at org.junit.runners.ParentRunner.run(ParentRunner.java:363)
	at cucumber.runtime.junit.ExamplesRunner.run(ExamplesRunner.java:59)
	at org.junit.runners.Suite.runChild(Suite.java:128)
	at org.junit.runners.Suite.runChild(Suite.java:27)
	at org.junit.runners.ParentRunner$3.run(ParentRunner.java:290)
	at org.junit.runners.ParentRunner$1.schedule(ParentRunner.java:71)
	at org.junit.runners.ParentRunner.runChildren(ParentRunner.java:288)
	at org.junit.runners.ParentRunner.access$000(ParentRunner.java:58)
	at org.junit.runners.ParentRunner$2.evaluate(ParentRunner.java:268)
	at org.junit.runners.ParentRunner.run(ParentRunner.java:363)
	at cucumber.runtime.junit.ScenarioOutlineRunner.run(ScenarioOutlineRunner.java:53)
	at cucumber.runtime.junit.FeatureRunner.runChild(FeatureRunner.java:63)
	at cucumber.runtime.junit.FeatureRunner.runChild(FeatureRunner.java:18)
	at org.junit.runners.ParentRunner$3.run(ParentRunner.java:290)
	at org.junit.runners.ParentRunner$1.schedule(ParentRunner.java:71)
	at org.junit.runners.ParentRunner.runChildren(ParentRunner.java:288)
	at org.junit.runners.ParentRunner.access$000(ParentRunner.java:58)
	at org.junit.runners.ParentRunner$2.evaluate(ParentRunner.java:268)
	at org.junit.runners.ParentRunner.run(ParentRunner.java:363)
	at cucumber.runtime.junit.FeatureRunner.run(FeatureRunner.java:70)
	at cucumber.api.junit.Cucumber.runChild(Cucumber.java:95)
	at cucumber.api.junit.Cucumber.runChild(Cucumber.java:38)
	at org.junit.runners.ParentRunner$3.run(ParentRunner.java:290)
	at org.junit.runners.ParentRunner$1.schedule(ParentRunner.java:71)
	at org.junit.runners.ParentRunner.runChildren(ParentRunner.java:288)
	at org.junit.runners.ParentRunner.access$000(ParentRunner.java:58)
	at org.junit.runners.ParentRunner$2.evaluate(ParentRunner.java:268)
	at org.junit.runners.ParentRunner.run(ParentRunner.java:363)
	at cucumber.api.junit.Cucumber.run(Cucumber.java:100)
	at org.apache.maven.surefire.junit4.JUnit4Provider.execute(JUnit4Provider.java:283)
	at org.apache.maven.surefire.junit4.JUnit4Provider.executeWithRerun(JUnit4Provider.java:173)
	at org.apache.maven.surefire.junit4.JUnit4Provider.executeTestSet(JUnit4Provider.java:153)
	at org.apache.maven.surefire.junit4.JUnit4Provider.invoke(JUnit4Provider.java:128)
	at org.apache.maven.surefire.booter.ForkedBooter.invokeProviderInSameClassLoader(ForkedBooter.java:203)
	at org.apache.maven.surefire.booter.ForkedBooter.runSuitesInProcess(ForkedBooter.java:155)
	at org.apache.maven.surefire.booter.ForkedBooter.main(ForkedBooter.java:103)
]]></error>
  </testcase>
  <testcase name="When open pdp with product in the category &quot;Desk-Student&quot; that has &quot;Config 2&quot;" classname="| Desk-Student | Config 2 |" time="0">
    <skipped/>
    <system-err><![CDATA[[main] INFO net.serenitybdd.core.Serenity - STEP ERROR: java.lang.NoClassDefFoundError: Could not initialize class com.virco.locators.SiteData
[main] INFO net.serenitybdd.core.Serenity - STARTING STEP When open pdp with product in the category "Desk-Student" that has "Config 2"
]]></system-err>
  </testcase>
  <testcase name="Then the configuration is shown on PDP" classname="| Desk-Student | Config 2 |" time="0">
    <skipped/>
    <system-err><![CDATA[[main] INFO net.serenitybdd.core.Serenity - IGNORING STEP
[main] INFO net.serenitybdd.core.Serenity - STARTING STEP Then the configuration is shown on PDP
]]></system-err>
  </testcase>
  <testcase name="Scenario: VIR-267.02 Verify that the proper data are shown for the product" classname="Scenario: VIR-267.02 Verify that the proper data are shown for the product" time="0"/>
  <testcase name="Scenario: VIR-267.03 Verify that the third row content slot is shown for the product when the product has at least one of these attributes" classname="Scenario: VIR-267.03 Verify that the third row content slot is shown for the product when the product has at least one of these attributes" time="0"/>
  <testcase name="Scenario: VIR-142.01 Verify that the selection path is shown to the customer" classname="Scenario: VIR-142.01 Verify that the selection path is shown to the customer" time="0.044"/>
  <testcase name="Scenario: VIR-142.02 Verify that the customer can move through the selection path" classname="Scenario: VIR-142.02 Verify that the customer can move through the selection path" time="0.05"/>
  <testcase name="Scenario: VIR-142.03 Verify that the customer can return from the end of the path to the previous/beginning" classname="Scenario: VIR-142.03 Verify that the customer can return from the end of the path to the previous/beginning" time="0.047"/>
  <testcase name="Scenario: VIR-142.04 Verify that the selected data are not cleared when customer returns" classname="Scenario: VIR-142.04 Verify that the selected data are not cleared when customer returns" time="0.083"/>
  <testcase name="Given open the site and login" classname="Scenario: VIR-268.01 Verify that the customer can select the quantity of items before adding to the cart on the product details page" time="0.001">
    <error message="Could not initialize class com.virco.locators.SiteData" type="net.serenitybdd.core.exceptions.SerenityManagedException"><![CDATA[net.serenitybdd.core.exceptions.SerenityManagedException: Could not initialize class com.virco.locators.SiteData
	at com.virco.steps.serenity.CommonUserSteps.openTheSite(CommonUserSteps.java:19)
	at com.virco.steps.serenity.CommonUserSteps$$EnhancerByCGLIB$$d8541bfa.CGLIB$openTheSite$6(<generated>)
	at com.virco.steps.serenity.CommonUserSteps$$EnhancerByCGLIB$$d8541bfa$$FastClassByCGLIB$$ea8e0f86.invoke(<generated>)
	at net.sf.cglib.proxy.MethodProxy.invokeSuper(MethodProxy.java:228)
	at net.thucydides.core.steps.StepInterceptor.invokeMethod(StepInterceptor.java:372)
	at net.thucydides.core.steps.StepInterceptor.executeTestStepMethod(StepInterceptor.java:357)
	at net.thucydides.core.steps.StepInterceptor.runTestStep(StepInterceptor.java:332)
	at net.thucydides.core.steps.StepInterceptor.testStepResult(StepInterceptor.java:134)
	at net.thucydides.core.steps.StepInterceptor.intercept(StepInterceptor.java:61)
	at com.virco.steps.serenity.CommonUserSteps$$EnhancerByCGLIB$$d8541bfa.openTheSite(<generated>)
	at com.virco.steps.CommonDefinitionSteps.openTheSiteAndLogin(CommonDefinitionSteps.java:72)
	at sun.reflect.GeneratedMethodAccessor143.invoke(Unknown Source)
	at sun.reflect.DelegatingMethodAccessorImpl.invoke(DelegatingMethodAccessorImpl.java:43)
	at java.lang.reflect.Method.invoke(Method.java:498)
	at cucumber.runtime.Utils$1.call(Utils.java:40)
	at cucumber.runtime.Timeout.timeout(Timeout.java:16)
	at cucumber.runtime.Utils.invoke(Utils.java:34)
	at cucumber.runtime.java.JavaStepDefinition.execute(JavaStepDefinition.java:38)
	at cucumber.runtime.StepDefinitionMatch.runStep(StepDefinitionMatch.java:37)
	at cucumber.runtime.Runtime.runStep(Runtime.java:300)
	at cucumber.runtime.model.StepContainer.runStep(StepContainer.java:44)
	at cucumber.runtime.model.StepContainer.runSteps(StepContainer.java:39)
	at cucumber.runtime.model.CucumberScenario.run(CucumberScenario.java:44)
	at cucumber.runtime.junit.ExecutionUnitRunner.run(ExecutionUnitRunner.java:102)
	at cucumber.runtime.junit.FeatureRunner.runChild(FeatureRunner.java:63)
	at cucumber.runtime.junit.FeatureRunner.runChild(FeatureRunner.java:18)
	at org.junit.runners.ParentRunner$3.run(ParentRunner.java:290)
	at org.junit.runners.ParentRunner$1.schedule(ParentRunner.java:71)
	at org.junit.runners.ParentRunner.runChildren(ParentRunner.java:288)
	at org.junit.runners.ParentRunner.access$000(ParentRunner.java:58)
	at org.junit.runners.ParentRunner$2.evaluate(ParentRunner.java:268)
	at org.junit.runners.ParentRunner.run(ParentRunner.java:363)
	at cucumber.runtime.junit.FeatureRunner.run(FeatureRunner.java:70)
	at cucumber.api.junit.Cucumber.runChild(Cucumber.java:95)
	at cucumber.api.junit.Cucumber.runChild(Cucumber.java:38)
	at org.junit.runners.ParentRunner$3.run(ParentRunner.java:290)
	at org.junit.runners.ParentRunner$1.schedule(ParentRunner.java:71)
	at org.junit.runners.ParentRunner.runChildren(ParentRunner.java:288)
	at org.junit.runners.ParentRunner.access$000(ParentRunner.java:58)
	at org.junit.runners.ParentRunner$2.evaluate(ParentRunner.java:268)
	at org.junit.runners.ParentRunner.run(ParentRunner.java:363)
	at cucumber.api.junit.Cucumber.run(Cucumber.java:100)
	at org.apache.maven.surefire.junit4.JUnit4Provider.execute(JUnit4Provider.java:283)
	at org.apache.maven.surefire.junit4.JUnit4Provider.executeWithRerun(JUnit4Provider.java:173)
	at org.apache.maven.surefire.junit4.JUnit4Provider.executeTestSet(JUnit4Provider.java:153)
	at org.apache.maven.surefire.junit4.JUnit4Provider.invoke(JUnit4Provider.java:128)
	at org.apache.maven.surefire.booter.ForkedBooter.invokeProviderInSameClassLoader(ForkedBooter.java:203)
	at org.apache.maven.surefire.booter.ForkedBooter.runSuitesInProcess(ForkedBooter.java:155)
	at org.apache.maven.surefire.booter.ForkedBooter.main(ForkedBooter.java:103)
]]></error>
    <system-err><![CDATA[[main] INFO net.serenitybdd.core.Serenity - Test Suite Started: PDP-12 - Add/Remove PDP
[main] INFO net.serenitybdd.core.Serenity - 
 _____ _____ ____ _____   ____ _____  _    ____ _____ _____ ____  
|_   _| ____/ ___|_   _| / ___|_   _|/ \  |  _ \_   _| ____|  _ \ 
  | | |  _| \___ \ | |   \___ \ | | / _ \ | |_) || | |  _| | | | |
  | | | |___ ___) || |    ___) || |/ ___ \|  _ < | | | |___| |_| |
  |_| |_____|____/ |_|   |____/ |_/_/   \_\_| \_\|_| |_____|____/ 
                                                                  

TEST STARTED: VIR-268.01 Verify that the customer can select the quantity of items before adding to the cart on the product details page
-------------------------------------------------------------------(pdp-12---add/remove-pdp;vir-268.01-verify-that-the-customer-can-select-the-quantity-of-items-before-adding-to-the-cart-on-the-product-details-page)
[main] INFO net.serenitybdd.core.Serenity - STARTING STEP Given open the site and login
[main] INFO net.serenitybdd.core.Serenity - STARTING STEP Open the site
[main] INFO net.serenitybdd.core.Serenity - STEP ERROR: net.serenitybdd.core.exceptions.SerenityManagedException: Could not initialize class com.virco.locators.SiteData
]]></system-err>
  </testcase>
  <testcase name="Scenario: VIR-268.01 Verify that the customer can select the quantity of items before adding to the cart on the product details page" classname="Scenario: VIR-268.01 Verify that the customer can select the quantity of items before adding to the cart on the product details page" time="0.002">
    <error message="Could not initialize class com.virco.locators.SiteData" type="net.serenitybdd.core.exceptions.SerenityManagedException"><![CDATA[net.serenitybdd.core.exceptions.SerenityManagedException: Could not initialize class com.virco.locators.SiteData
	at com.virco.steps.serenity.CommonUserSteps.openTheSite(CommonUserSteps.java:19)
	at com.virco.steps.serenity.CommonUserSteps$$EnhancerByCGLIB$$d8541bfa.CGLIB$openTheSite$6(<generated>)
	at com.virco.steps.serenity.CommonUserSteps$$EnhancerByCGLIB$$d8541bfa$$FastClassByCGLIB$$ea8e0f86.invoke(<generated>)
	at net.sf.cglib.proxy.MethodProxy.invokeSuper(MethodProxy.java:228)
	at net.thucydides.core.steps.StepInterceptor.invokeMethod(StepInterceptor.java:372)
	at net.thucydides.core.steps.StepInterceptor.executeTestStepMethod(StepInterceptor.java:357)
	at net.thucydides.core.steps.StepInterceptor.runTestStep(StepInterceptor.java:332)
	at net.thucydides.core.steps.StepInterceptor.testStepResult(StepInterceptor.java:134)
	at net.thucydides.core.steps.StepInterceptor.intercept(StepInterceptor.java:61)
	at com.virco.steps.serenity.CommonUserSteps$$EnhancerByCGLIB$$d8541bfa.openTheSite(<generated>)
	at com.virco.steps.CommonDefinitionSteps.openTheSiteAndLogin(CommonDefinitionSteps.java:72)
	at sun.reflect.GeneratedMethodAccessor143.invoke(Unknown Source)
	at sun.reflect.DelegatingMethodAccessorImpl.invoke(DelegatingMethodAccessorImpl.java:43)
	at java.lang.reflect.Method.invoke(Method.java:498)
	at cucumber.runtime.Utils$1.call(Utils.java:40)
	at cucumber.runtime.Timeout.timeout(Timeout.java:16)
	at cucumber.runtime.Utils.invoke(Utils.java:34)
	at cucumber.runtime.java.JavaStepDefinition.execute(JavaStepDefinition.java:38)
	at cucumber.runtime.StepDefinitionMatch.runStep(StepDefinitionMatch.java:37)
	at cucumber.runtime.Runtime.runStep(Runtime.java:300)
	at cucumber.runtime.model.StepContainer.runStep(StepContainer.java:44)
	at cucumber.runtime.model.StepContainer.runSteps(StepContainer.java:39)
	at cucumber.runtime.model.CucumberScenario.run(CucumberScenario.java:44)
	at cucumber.runtime.junit.ExecutionUnitRunner.run(ExecutionUnitRunner.java:102)
	at cucumber.runtime.junit.FeatureRunner.runChild(FeatureRunner.java:63)
	at cucumber.runtime.junit.FeatureRunner.runChild(FeatureRunner.java:18)
	at org.junit.runners.ParentRunner$3.run(ParentRunner.java:290)
	at org.junit.runners.ParentRunner$1.schedule(ParentRunner.java:71)
	at org.junit.runners.ParentRunner.runChildren(ParentRunner.java:288)
	at org.junit.runners.ParentRunner.access$000(ParentRunner.java:58)
	at org.junit.runners.ParentRunner$2.evaluate(ParentRunner.java:268)
	at org.junit.runners.ParentRunner.run(ParentRunner.java:363)
	at cucumber.runtime.junit.FeatureRunner.run(FeatureRunner.java:70)
	at cucumber.api.junit.Cucumber.runChild(Cucumber.java:95)
	at cucumber.api.junit.Cucumber.runChild(Cucumber.java:38)
	at org.junit.runners.ParentRunner$3.run(ParentRunner.java:290)
	at org.junit.runners.ParentRunner$1.schedule(ParentRunner.java:71)
	at org.junit.runners.ParentRunner.runChildren(ParentRunner.java:288)
	at org.junit.runners.ParentRunner.access$000(ParentRunner.java:58)
	at org.junit.runners.ParentRunner$2.evaluate(ParentRunner.java:268)
	at org.junit.runners.ParentRunner.run(ParentRunner.java:363)
	at cucumber.api.junit.Cucumber.run(Cucumber.java:100)
	at org.apache.maven.surefire.junit4.JUnit4Provider.execute(JUnit4Provider.java:283)
	at org.apache.maven.surefire.junit4.JUnit4Provider.executeWithRerun(JUnit4Provider.java:173)
	at org.apache.maven.surefire.junit4.JUnit4Provider.executeTestSet(JUnit4Provider.java:153)
	at org.apache.maven.surefire.junit4.JUnit4Provider.invoke(JUnit4Provider.java:128)
	at org.apache.maven.surefire.booter.ForkedBooter.invokeProviderInSameClassLoader(ForkedBooter.java:203)
	at org.apache.maven.surefire.booter.ForkedBooter.runSuitesInProcess(ForkedBooter.java:155)
	at org.apache.maven.surefire.booter.ForkedBooter.main(ForkedBooter.java:103)
]]></error>
  </testcase>
  <testcase name="When open category with pagination" classname="Scenario: VIR-268.01 Verify that the customer can select the quantity of items before adding to the cart on the product details page" time="0">
    <skipped/>
    <system-err><![CDATA[[main] INFO net.serenitybdd.core.Serenity - STEP ERROR: java.lang.NoClassDefFoundError: Could not initialize class com.virco.locators.SiteData
[main] INFO net.serenitybdd.core.Serenity - STARTING STEP When open category with pagination
]]></system-err>
  </testcase>
  <testcase name="And click on &quot;1&quot; product image in list" classname="Scenario: VIR-268.01 Verify that the customer can select the quantity of items before adding to the cart on the product details page" time="0">
    <skipped/>
    <system-err><![CDATA[[main] INFO net.serenitybdd.core.Serenity - IGNORING STEP
[main] INFO net.serenitybdd.core.Serenity - STARTING STEP And click on "1" product image in list
]]></system-err>
  </testcase>
  <testcase name="Then quantity field is presented on pdp" classname="Scenario: VIR-268.01 Verify that the customer can select the quantity of items before adding to the cart on the product details page" time="0">
    <skipped/>
    <system-err><![CDATA[[main] INFO net.serenitybdd.core.Serenity - IGNORING STEP
[main] INFO net.serenitybdd.core.Serenity - STARTING STEP Then quantity field is presented on pdp
]]></system-err>
  </testcase>
  <testcase name="Given open the site and login" classname="Scenario: VIR-268.02 Verify that the customer can add quantity by dropdown" time="0.001">
    <error message="Could not initialize class com.virco.locators.SiteData" type="net.serenitybdd.core.exceptions.SerenityManagedException"><![CDATA[net.serenitybdd.core.exceptions.SerenityManagedException: Could not initialize class com.virco.locators.SiteData
	at com.virco.steps.serenity.CommonUserSteps.openTheSite(CommonUserSteps.java:19)
	at com.virco.steps.serenity.CommonUserSteps$$EnhancerByCGLIB$$d8541bfa.CGLIB$openTheSite$6(<generated>)
	at com.virco.steps.serenity.CommonUserSteps$$EnhancerByCGLIB$$d8541bfa$$FastClassByCGLIB$$ea8e0f86.invoke(<generated>)
	at net.sf.cglib.proxy.MethodProxy.invokeSuper(MethodProxy.java:228)
	at net.thucydides.core.steps.StepInterceptor.invokeMethod(StepInterceptor.java:372)
	at net.thucydides.core.steps.StepInterceptor.executeTestStepMethod(StepInterceptor.java:357)
	at net.thucydides.core.steps.StepInterceptor.runTestStep(StepInterceptor.java:332)
	at net.thucydides.core.steps.StepInterceptor.testStepResult(StepInterceptor.java:134)
	at net.thucydides.core.steps.StepInterceptor.intercept(StepInterceptor.java:61)
	at com.virco.steps.serenity.CommonUserSteps$$EnhancerByCGLIB$$d8541bfa.openTheSite(<generated>)
	at com.virco.steps.CommonDefinitionSteps.openTheSiteAndLogin(CommonDefinitionSteps.java:72)
	at sun.reflect.GeneratedMethodAccessor143.invoke(Unknown Source)
	at sun.reflect.DelegatingMethodAccessorImpl.invoke(DelegatingMethodAccessorImpl.java:43)
	at java.lang.reflect.Method.invoke(Method.java:498)
	at cucumber.runtime.Utils$1.call(Utils.java:40)
	at cucumber.runtime.Timeout.timeout(Timeout.java:16)
	at cucumber.runtime.Utils.invoke(Utils.java:34)
	at cucumber.runtime.java.JavaStepDefinition.execute(JavaStepDefinition.java:38)
	at cucumber.runtime.StepDefinitionMatch.runStep(StepDefinitionMatch.java:37)
	at cucumber.runtime.Runtime.runStep(Runtime.java:300)
	at cucumber.runtime.model.StepContainer.runStep(StepContainer.java:44)
	at cucumber.runtime.model.StepContainer.runSteps(StepContainer.java:39)
	at cucumber.runtime.model.CucumberScenario.run(CucumberScenario.java:44)
	at cucumber.runtime.junit.ExecutionUnitRunner.run(ExecutionUnitRunner.java:102)
	at cucumber.runtime.junit.FeatureRunner.runChild(FeatureRunner.java:63)
	at cucumber.runtime.junit.FeatureRunner.runChild(FeatureRunner.java:18)
	at org.junit.runners.ParentRunner$3.run(ParentRunner.java:290)
	at org.junit.runners.ParentRunner$1.schedule(ParentRunner.java:71)
	at org.junit.runners.ParentRunner.runChildren(ParentRunner.java:288)
	at org.junit.runners.ParentRunner.access$000(ParentRunner.java:58)
	at org.junit.runners.ParentRunner$2.evaluate(ParentRunner.java:268)
	at org.junit.runners.ParentRunner.run(ParentRunner.java:363)
	at cucumber.runtime.junit.FeatureRunner.run(FeatureRunner.java:70)
	at cucumber.api.junit.Cucumber.runChild(Cucumber.java:95)
	at cucumber.api.junit.Cucumber.runChild(Cucumber.java:38)
	at org.junit.runners.ParentRunner$3.run(ParentRunner.java:290)
	at org.junit.runners.ParentRunner$1.schedule(ParentRunner.java:71)
	at org.junit.runners.ParentRunner.runChildren(ParentRunner.java:288)
	at org.junit.runners.ParentRunner.access$000(ParentRunner.java:58)
	at org.junit.runners.ParentRunner$2.evaluate(ParentRunner.java:268)
	at org.junit.runners.ParentRunner.run(ParentRunner.java:363)
	at cucumber.api.junit.Cucumber.run(Cucumber.java:100)
	at org.apache.maven.surefire.junit4.JUnit4Provider.execute(JUnit4Provider.java:283)
	at org.apache.maven.surefire.junit4.JUnit4Provider.executeWithRerun(JUnit4Provider.java:173)
	at org.apache.maven.surefire.junit4.JUnit4Provider.executeTestSet(JUnit4Provider.java:153)
	at org.apache.maven.surefire.junit4.JUnit4Provider.invoke(JUnit4Provider.java:128)
	at org.apache.maven.surefire.booter.ForkedBooter.invokeProviderInSameClassLoader(ForkedBooter.java:203)
	at org.apache.maven.surefire.booter.ForkedBooter.runSuitesInProcess(ForkedBooter.java:155)
	at org.apache.maven.surefire.booter.ForkedBooter.main(ForkedBooter.java:103)
]]></error>
    <system-err><![CDATA[[main] INFO net.serenitybdd.core.Serenity - IGNORING STEP
[main] ERROR net.serenitybdd.core.Serenity - 
           __  _____ _____ ____ _____   _____ _    ___ _     _____ ____  
  _       / / |_   _| ____/ ___|_   _| |  ___/ \  |_ _| |   | ____|  _ \ 
 (_)_____| |    | | |  _| \___ \ | |   | |_ / _ \  | || |   |  _| | | | |
  _|_____| |    | | | |___ ___) || |   |  _/ ___ \ | || |___| |___| |_| |
 (_)     | |    |_| |_____|____/ |_|   |_|/_/   \_\___|_____|_____|____/ 
          \_\                                                            

TEST FAILED WITH ERROR: VIR-268.01 Verify that the customer can select the quantity of items before adding to the cart on the product details page
---------------------------------------------------------------------
[main] ERROR net.serenitybdd.core.Serenity - TEST FAILED AT STEP Open the site
[main] ERROR net.serenitybdd.core.Serenity - Could not initialize class com.virco.locators.SiteData
[pool-1-thread-2] INFO net.thucydides.core.reports.json.JSONTestOutcomeReporter - Generating JSON report for VIR-267.02 Verify that the proper data are shown for the product to file /Users/rodionsavchuk/hybrisAutomation/virco-automatedtests/target/site/serenity/094df492603a7aa8ac4177664d677c86d7567daf6bcebfbf746b8bbefa289d57.json (using temp file /Users/rodionsavchuk/hybrisAutomation/virco-automatedtests/target/site/serenity/094df492603a7aa8ac4177664d677c86d7567daf6bcebfbf746b8bbefa289d57.jsonff9a902f-a2fc-44f0-9b02-0302ea51e008)
[pool-1-thread-4] INFO net.thucydides.core.reports.json.JSONTestOutcomeReporter - Generating JSON report for VIR-267.03 Verify that the third row content slot is shown for the product when the product has at least one of these attributes to file /Users/rodionsavchuk/hybrisAutomation/virco-automatedtests/target/site/serenity/dc7832af1392c3bb03c6b8862cdfd202aa7777a247f1b7cdfc7d15037ed09721.json (using temp file /Users/rodionsavchuk/hybrisAutomation/virco-automatedtests/target/site/serenity/dc7832af1392c3bb03c6b8862cdfd202aa7777a247f1b7cdfc7d15037ed09721.jsond433f05c-dc54-4276-a0e9-c2c0caaae50a)
[pool-1-thread-3] INFO net.thucydides.core.reports.json.JSONTestOutcomeReporter - Generating JSON report for VIR-267.01 Verify that the following information is shown at the slot 3 to file /Users/rodionsavchuk/hybrisAutomation/virco-automatedtests/target/site/serenity/35c9da9077e7c57fa98ccabfe4de6bd840ff11eb861ed62ec8c14e5bf89b0166.json (using temp file /Users/rodionsavchuk/hybrisAutomation/virco-automatedtests/target/site/serenity/35c9da9077e7c57fa98ccabfe4de6bd840ff11eb861ed62ec8c14e5bf89b0166.json585bd125-4638-4435-ba33-bd56ddff305c)
[pool-1-thread-4] INFO net.thucydides.core.reports.json.JSONTestOutcomeReporter - Generating JSON report for VIR-142.02 Verify that the customer can move through the selection path to file /Users/rodionsavchuk/hybrisAutomation/virco-automatedtests/target/site/serenity/f3172676e692a180ed5b40bf9e6ac6aaf36a696e49864d1328623a2c9936d2ca.json (using temp file /Users/rodionsavchuk/hybrisAutomation/virco-automatedtests/target/site/serenity/f3172676e692a180ed5b40bf9e6ac6aaf36a696e49864d1328623a2c9936d2ca.json48319e42-0443-4d78-b87e-4cc6fa090ffe)
[pool-1-thread-2] INFO net.thucydides.core.reports.json.JSONTestOutcomeReporter - Generating JSON report for VIR-142.03 Verify that the customer can return from the end of the path to the previous/beginning to file /Users/rodionsavchuk/hybrisAutomation/virco-automatedtests/target/site/serenity/63d44529e362e42826319b1b9567b9d7c3557c5a99a9fd9d57b1f61354d794d3.json (using temp file /Users/rodionsavchuk/hybrisAutomation/virco-automatedtests/target/site/serenity/63d44529e362e42826319b1b9567b9d7c3557c5a99a9fd9d57b1f61354d794d3.jsonf6056933-7261-4165-9bc9-f329eb61d2b6)
[pool-1-thread-1] INFO net.thucydides.core.reports.json.JSONTestOutcomeReporter - Generating JSON report for VIR-142.01 Verify that the selection path is shown to the customer to file /Users/rodionsavchuk/hybrisAutomation/virco-automatedtests/target/site/serenity/a834828f1d3b72a5d3cf97d5448a79eefe869ccaba5a5296f3919629801fb136.json (using temp file /Users/rodionsavchuk/hybrisAutomation/virco-automatedtests/target/site/serenity/a834828f1d3b72a5d3cf97d5448a79eefe869ccaba5a5296f3919629801fb136.jsonb1f03215-7ac9-4efc-92e1-f5e511693d9f)
[pool-1-thread-3] INFO net.thucydides.core.reports.json.JSONTestOutcomeReporter - Generating JSON report for VIR-142.04 Verify that the selected data are not cleared when customer returns to file /Users/rodionsavchuk/hybrisAutomation/virco-automatedtests/target/site/serenity/1a7bafb3de91ffb02b04f7492bf566f0275aeda21444a20e864442c010630f62.json (using temp file /Users/rodionsavchuk/hybrisAutomation/virco-automatedtests/target/site/serenity/1a7bafb3de91ffb02b04f7492bf566f0275aeda21444a20e864442c010630f62.json8364c609-481d-46e6-9809-0b2bd80a9434)
[pool-1-thread-4] INFO net.thucydides.core.reports.json.JSONTestOutcomeReporter - Generating JSON report for VIR-268.01 Verify that the customer can select the quantity of items before adding to the cart on the product details page to file /Users/rodionsavchuk/hybrisAutomation/virco-automatedtests/target/site/serenity/78e822a9904fe340137cfa2904037e4398a82dcbacb5ecba2378d399b46f6c26.json (using temp file /Users/rodionsavchuk/hybrisAutomation/virco-automatedtests/target/site/serenity/78e822a9904fe340137cfa2904037e4398a82dcbacb5ecba2378d399b46f6c26.jsonc94402ee-60f4-4f0c-8873-09c48bae5da5)
[pool-1-thread-2] INFO net.thucydides.core.reports.html.HtmlAcceptanceTestReporter - GENERATING HTML REPORT FOR PDP-10 - Configurations:VIR-267.01 Verify that the following information is shown at the slot 3 in 35c9da9077e7c57fa98ccabfe4de6bd840ff11eb861ed62ec8c14e5bf89b0166.html in directory target/site/serenity  
[pool-1-thread-3] INFO net.thucydides.core.reports.html.HtmlAcceptanceTestReporter - GENERATING HTML REPORT FOR PDP-10 - Configurations:VIR-267.03 Verify that the third row content slot is shown for the product when the product has at least one of these attributes in dc7832af1392c3bb03c6b8862cdfd202aa7777a247f1b7cdfc7d15037ed09721.html in directory target/site/serenity  
[pool-1-thread-4] INFO net.thucydides.core.reports.html.HtmlAcceptanceTestReporter - GENERATING HTML REPORT FOR PDP-11 - Descriptive Path Selection:VIR-142.01 Verify that the selection path is shown to the customer in a834828f1d3b72a5d3cf97d5448a79eefe869ccaba5a5296f3919629801fb136.html in directory target/site/serenity  
[pool-1-thread-4] INFO net.thucydides.core.reports.html.HtmlAcceptanceTestReporter - GENERATING HTML REPORT FOR PDP-11 - Descriptive Path Selection:VIR-142.02 Verify that the customer can move through the selection path in f3172676e692a180ed5b40bf9e6ac6aaf36a696e49864d1328623a2c9936d2ca.html in directory target/site/serenity  
[pool-1-thread-3] INFO net.thucydides.core.reports.html.HtmlAcceptanceTestReporter - GENERATING HTML REPORT FOR PDP-11 - Descriptive Path Selection:VIR-142.03 Verify that the customer can return from the end of the path to the previous/beginning in 63d44529e362e42826319b1b9567b9d7c3557c5a99a9fd9d57b1f61354d794d3.html in directory target/site/serenity  
[pool-1-thread-2] INFO net.thucydides.core.reports.html.HtmlAcceptanceTestReporter - GENERATING HTML REPORT FOR PDP-11 - Descriptive Path Selection:VIR-142.04 Verify that the selected data are not cleared when customer returns in 1a7bafb3de91ffb02b04f7492bf566f0275aeda21444a20e864442c010630f62.html in directory target/site/serenity  
[pool-1-thread-4] INFO net.thucydides.core.reports.html.HtmlAcceptanceTestReporter - GENERATING HTML REPORT FOR PDP-12 - Add/Remove PDP:VIR-268.01 Verify that the customer can select the quantity of items before adding to the cart on the product details page in 78e822a9904fe340137cfa2904037e4398a82dcbacb5ecba2378d399b46f6c26.html in directory target/site/serenity  
[pool-1-thread-1] INFO net.thucydides.core.reports.html.HtmlAcceptanceTestReporter - GENERATING HTML REPORT FOR PDP-10 - Configurations:VIR-267.02 Verify that the proper data are shown for the product in 094df492603a7aa8ac4177664d677c86d7567daf6bcebfbf746b8bbefa289d57.html in directory target/site/serenity  
[main] INFO net.serenitybdd.core.Serenity - 
 _____ _____ ____ _____   ____ _____  _    ____ _____ _____ ____  
|_   _| ____/ ___|_   _| / ___|_   _|/ \  |  _ \_   _| ____|  _ \ 
  | | |  _| \___ \ | |   \___ \ | | / _ \ | |_) || | |  _| | | | |
  | | | |___ ___) || |    ___) || |/ ___ \|  _ < | | | |___| |_| |
  |_| |_____|____/ |_|   |____/ |_/_/   \_\_| \_\|_| |_____|____/ 
                                                                  

TEST STARTED: VIR-268.02 Verify that the customer can add quantity by dropdown
-------------------------------------------------------------------(pdp-12---add/remove-pdp;vir-268.02-verify-that-the-customer-can-add-quantity-by-dropdown)
[main] INFO net.serenitybdd.core.Serenity - STARTING STEP Given open the site and login
[main] INFO net.serenitybdd.core.Serenity - STARTING STEP Open the site
[main] INFO net.serenitybdd.core.Serenity - STEP ERROR: net.serenitybdd.core.exceptions.SerenityManagedException: Could not initialize class com.virco.locators.SiteData
]]></system-err>
  </testcase>
  <testcase name="Scenario: VIR-268.02 Verify that the customer can add quantity by dropdown" classname="Scenario: VIR-268.02 Verify that the customer can add quantity by dropdown" time="0.002">
    <error message="Could not initialize class com.virco.locators.SiteData" type="net.serenitybdd.core.exceptions.SerenityManagedException"><![CDATA[net.serenitybdd.core.exceptions.SerenityManagedException: Could not initialize class com.virco.locators.SiteData
	at com.virco.steps.serenity.CommonUserSteps.openTheSite(CommonUserSteps.java:19)
	at com.virco.steps.serenity.CommonUserSteps$$EnhancerByCGLIB$$d8541bfa.CGLIB$openTheSite$6(<generated>)
	at com.virco.steps.serenity.CommonUserSteps$$EnhancerByCGLIB$$d8541bfa$$FastClassByCGLIB$$ea8e0f86.invoke(<generated>)
	at net.sf.cglib.proxy.MethodProxy.invokeSuper(MethodProxy.java:228)
	at net.thucydides.core.steps.StepInterceptor.invokeMethod(StepInterceptor.java:372)
	at net.thucydides.core.steps.StepInterceptor.executeTestStepMethod(StepInterceptor.java:357)
	at net.thucydides.core.steps.StepInterceptor.runTestStep(StepInterceptor.java:332)
	at net.thucydides.core.steps.StepInterceptor.testStepResult(StepInterceptor.java:134)
	at net.thucydides.core.steps.StepInterceptor.intercept(StepInterceptor.java:61)
	at com.virco.steps.serenity.CommonUserSteps$$EnhancerByCGLIB$$d8541bfa.openTheSite(<generated>)
	at com.virco.steps.CommonDefinitionSteps.openTheSiteAndLogin(CommonDefinitionSteps.java:72)
	at sun.reflect.GeneratedMethodAccessor143.invoke(Unknown Source)
	at sun.reflect.DelegatingMethodAccessorImpl.invoke(DelegatingMethodAccessorImpl.java:43)
	at java.lang.reflect.Method.invoke(Method.java:498)
	at cucumber.runtime.Utils$1.call(Utils.java:40)
	at cucumber.runtime.Timeout.timeout(Timeout.java:16)
	at cucumber.runtime.Utils.invoke(Utils.java:34)
	at cucumber.runtime.java.JavaStepDefinition.execute(JavaStepDefinition.java:38)
	at cucumber.runtime.StepDefinitionMatch.runStep(StepDefinitionMatch.java:37)
	at cucumber.runtime.Runtime.runStep(Runtime.java:300)
	at cucumber.runtime.model.StepContainer.runStep(StepContainer.java:44)
	at cucumber.runtime.model.StepContainer.runSteps(StepContainer.java:39)
	at cucumber.runtime.model.CucumberScenario.run(CucumberScenario.java:44)
	at cucumber.runtime.junit.ExecutionUnitRunner.run(ExecutionUnitRunner.java:102)
	at cucumber.runtime.junit.FeatureRunner.runChild(FeatureRunner.java:63)
	at cucumber.runtime.junit.FeatureRunner.runChild(FeatureRunner.java:18)
	at org.junit.runners.ParentRunner$3.run(ParentRunner.java:290)
	at org.junit.runners.ParentRunner$1.schedule(ParentRunner.java:71)
	at org.junit.runners.ParentRunner.runChildren(ParentRunner.java:288)
	at org.junit.runners.ParentRunner.access$000(ParentRunner.java:58)
	at org.junit.runners.ParentRunner$2.evaluate(ParentRunner.java:268)
	at org.junit.runners.ParentRunner.run(ParentRunner.java:363)
	at cucumber.runtime.junit.FeatureRunner.run(FeatureRunner.java:70)
	at cucumber.api.junit.Cucumber.runChild(Cucumber.java:95)
	at cucumber.api.junit.Cucumber.runChild(Cucumber.java:38)
	at org.junit.runners.ParentRunner$3.run(ParentRunner.java:290)
	at org.junit.runners.ParentRunner$1.schedule(ParentRunner.java:71)
	at org.junit.runners.ParentRunner.runChildren(ParentRunner.java:288)
	at org.junit.runners.ParentRunner.access$000(ParentRunner.java:58)
	at org.junit.runners.ParentRunner$2.evaluate(ParentRunner.java:268)
	at org.junit.runners.ParentRunner.run(ParentRunner.java:363)
	at cucumber.api.junit.Cucumber.run(Cucumber.java:100)
	at org.apache.maven.surefire.junit4.JUnit4Provider.execute(JUnit4Provider.java:283)
	at org.apache.maven.surefire.junit4.JUnit4Provider.executeWithRerun(JUnit4Provider.java:173)
	at org.apache.maven.surefire.junit4.JUnit4Provider.executeTestSet(JUnit4Provider.java:153)
	at org.apache.maven.surefire.junit4.JUnit4Provider.invoke(JUnit4Provider.java:128)
	at org.apache.maven.surefire.booter.ForkedBooter.invokeProviderInSameClassLoader(ForkedBooter.java:203)
	at org.apache.maven.surefire.booter.ForkedBooter.runSuitesInProcess(ForkedBooter.java:155)
	at org.apache.maven.surefire.booter.ForkedBooter.main(ForkedBooter.java:103)
]]></error>
  </testcase>
  <testcase name="When open category with pagination" classname="Scenario: VIR-268.02 Verify that the customer can add quantity by dropdown" time="0">
    <skipped/>
    <system-err><![CDATA[[main] INFO net.serenitybdd.core.Serenity - STEP ERROR: java.lang.NoClassDefFoundError: Could not initialize class com.virco.locators.SiteData
[main] INFO net.serenitybdd.core.Serenity - STARTING STEP When open category with pagination
]]></system-err>
  </testcase>
  <testcase name="And click on &quot;1&quot; product image in list" classname="Scenario: VIR-268.02 Verify that the customer can add quantity by dropdown" time="0">
    <skipped/>
    <system-err><![CDATA[[main] INFO net.serenitybdd.core.Serenity - IGNORING STEP
[main] INFO net.serenitybdd.core.Serenity - STARTING STEP And click on "1" product image in list
]]></system-err>
  </testcase>
  <testcase name="And select &quot;10&quot; in qty dropdown" classname="Scenario: VIR-268.02 Verify that the customer can add quantity by dropdown" time="0">
    <skipped/>
    <system-err><![CDATA[[main] INFO net.serenitybdd.core.Serenity - IGNORING STEP
[main] INFO net.serenitybdd.core.Serenity - STARTING STEP And select "10" in qty dropdown
]]></system-err>
  </testcase>
  <testcase name="Then quantity on pdp is &quot;10&quot;" classname="Scenario: VIR-268.02 Verify that the customer can add quantity by dropdown" time="0">
    <skipped/>
    <system-err><![CDATA[[main] INFO net.serenitybdd.core.Serenity - IGNORING STEP
[main] INFO net.serenitybdd.core.Serenity - STARTING STEP Then quantity on pdp is "10"
]]></system-err>
  </testcase>
  <testcase name="Given open the site and login" classname="Scenario: VIR-268.03 Verify that the customer can add the quantity manually" time="0.001">
    <error message="Could not initialize class com.virco.locators.SiteData" type="net.serenitybdd.core.exceptions.SerenityManagedException"><![CDATA[net.serenitybdd.core.exceptions.SerenityManagedException: Could not initialize class com.virco.locators.SiteData
	at com.virco.steps.serenity.CommonUserSteps.openTheSite(CommonUserSteps.java:19)
	at com.virco.steps.serenity.CommonUserSteps$$EnhancerByCGLIB$$d8541bfa.CGLIB$openTheSite$6(<generated>)
	at com.virco.steps.serenity.CommonUserSteps$$EnhancerByCGLIB$$d8541bfa$$FastClassByCGLIB$$ea8e0f86.invoke(<generated>)
	at net.sf.cglib.proxy.MethodProxy.invokeSuper(MethodProxy.java:228)
	at net.thucydides.core.steps.StepInterceptor.invokeMethod(StepInterceptor.java:372)
	at net.thucydides.core.steps.StepInterceptor.executeTestStepMethod(StepInterceptor.java:357)
	at net.thucydides.core.steps.StepInterceptor.runTestStep(StepInterceptor.java:332)
	at net.thucydides.core.steps.StepInterceptor.testStepResult(StepInterceptor.java:134)
	at net.thucydides.core.steps.StepInterceptor.intercept(StepInterceptor.java:61)
	at com.virco.steps.serenity.CommonUserSteps$$EnhancerByCGLIB$$d8541bfa.openTheSite(<generated>)
	at com.virco.steps.CommonDefinitionSteps.openTheSiteAndLogin(CommonDefinitionSteps.java:72)
	at sun.reflect.GeneratedMethodAccessor143.invoke(Unknown Source)
	at sun.reflect.DelegatingMethodAccessorImpl.invoke(DelegatingMethodAccessorImpl.java:43)
	at java.lang.reflect.Method.invoke(Method.java:498)
	at cucumber.runtime.Utils$1.call(Utils.java:40)
	at cucumber.runtime.Timeout.timeout(Timeout.java:16)
	at cucumber.runtime.Utils.invoke(Utils.java:34)
	at cucumber.runtime.java.JavaStepDefinition.execute(JavaStepDefinition.java:38)
	at cucumber.runtime.StepDefinitionMatch.runStep(StepDefinitionMatch.java:37)
	at cucumber.runtime.Runtime.runStep(Runtime.java:300)
	at cucumber.runtime.model.StepContainer.runStep(StepContainer.java:44)
	at cucumber.runtime.model.StepContainer.runSteps(StepContainer.java:39)
	at cucumber.runtime.model.CucumberScenario.run(CucumberScenario.java:44)
	at cucumber.runtime.junit.ExecutionUnitRunner.run(ExecutionUnitRunner.java:102)
	at cucumber.runtime.junit.FeatureRunner.runChild(FeatureRunner.java:63)
	at cucumber.runtime.junit.FeatureRunner.runChild(FeatureRunner.java:18)
	at org.junit.runners.ParentRunner$3.run(ParentRunner.java:290)
	at org.junit.runners.ParentRunner$1.schedule(ParentRunner.java:71)
	at org.junit.runners.ParentRunner.runChildren(ParentRunner.java:288)
	at org.junit.runners.ParentRunner.access$000(ParentRunner.java:58)
	at org.junit.runners.ParentRunner$2.evaluate(ParentRunner.java:268)
	at org.junit.runners.ParentRunner.run(ParentRunner.java:363)
	at cucumber.runtime.junit.FeatureRunner.run(FeatureRunner.java:70)
	at cucumber.api.junit.Cucumber.runChild(Cucumber.java:95)
	at cucumber.api.junit.Cucumber.runChild(Cucumber.java:38)
	at org.junit.runners.ParentRunner$3.run(ParentRunner.java:290)
	at org.junit.runners.ParentRunner$1.schedule(ParentRunner.java:71)
	at org.junit.runners.ParentRunner.runChildren(ParentRunner.java:288)
	at org.junit.runners.ParentRunner.access$000(ParentRunner.java:58)
	at org.junit.runners.ParentRunner$2.evaluate(ParentRunner.java:268)
	at org.junit.runners.ParentRunner.run(ParentRunner.java:363)
	at cucumber.api.junit.Cucumber.run(Cucumber.java:100)
	at org.apache.maven.surefire.junit4.JUnit4Provider.execute(JUnit4Provider.java:283)
	at org.apache.maven.surefire.junit4.JUnit4Provider.executeWithRerun(JUnit4Provider.java:173)
	at org.apache.maven.surefire.junit4.JUnit4Provider.executeTestSet(JUnit4Provider.java:153)
	at org.apache.maven.surefire.junit4.JUnit4Provider.invoke(JUnit4Provider.java:128)
	at org.apache.maven.surefire.booter.ForkedBooter.invokeProviderInSameClassLoader(ForkedBooter.java:203)
	at org.apache.maven.surefire.booter.ForkedBooter.runSuitesInProcess(ForkedBooter.java:155)
	at org.apache.maven.surefire.booter.ForkedBooter.main(ForkedBooter.java:103)
]]></error>
    <system-err><![CDATA[[main] INFO net.serenitybdd.core.Serenity - IGNORING STEP
[main] ERROR net.serenitybdd.core.Serenity - 
           __  _____ _____ ____ _____   _____ _    ___ _     _____ ____  
  _       / / |_   _| ____/ ___|_   _| |  ___/ \  |_ _| |   | ____|  _ \ 
 (_)_____| |    | | |  _| \___ \ | |   | |_ / _ \  | || |   |  _| | | | |
  _|_____| |    | | | |___ ___) || |   |  _/ ___ \ | || |___| |___| |_| |
 (_)     | |    |_| |_____|____/ |_|   |_|/_/   \_\___|_____|_____|____/ 
          \_\                                                            

TEST FAILED WITH ERROR: VIR-268.02 Verify that the customer can add quantity by dropdown
---------------------------------------------------------------------
[main] ERROR net.serenitybdd.core.Serenity - TEST FAILED AT STEP Open the site
[main] ERROR net.serenitybdd.core.Serenity - Could not initialize class com.virco.locators.SiteData
[pool-1-thread-2] INFO net.thucydides.core.reports.json.JSONTestOutcomeReporter - Generating JSON report for VIR-267.01 Verify that the following information is shown at the slot 3 to file /Users/rodionsavchuk/hybrisAutomation/virco-automatedtests/target/site/serenity/35c9da9077e7c57fa98ccabfe4de6bd840ff11eb861ed62ec8c14e5bf89b0166.json (using temp file /Users/rodionsavchuk/hybrisAutomation/virco-automatedtests/target/site/serenity/35c9da9077e7c57fa98ccabfe4de6bd840ff11eb861ed62ec8c14e5bf89b0166.json0cfe0a40-878b-49be-aeac-23362f084da6)
[pool-1-thread-3] INFO net.thucydides.core.reports.json.JSONTestOutcomeReporter - Generating JSON report for VIR-267.02 Verify that the proper data are shown for the product to file /Users/rodionsavchuk/hybrisAutomation/virco-automatedtests/target/site/serenity/094df492603a7aa8ac4177664d677c86d7567daf6bcebfbf746b8bbefa289d57.json (using temp file /Users/rodionsavchuk/hybrisAutomation/virco-automatedtests/target/site/serenity/094df492603a7aa8ac4177664d677c86d7567daf6bcebfbf746b8bbefa289d57.json6abf6ce2-5f9e-436a-bd68-8d381def9d06)
[pool-1-thread-1] INFO net.thucydides.core.reports.json.JSONTestOutcomeReporter - Generating JSON report for VIR-267.03 Verify that the third row content slot is shown for the product when the product has at least one of these attributes to file /Users/rodionsavchuk/hybrisAutomation/virco-automatedtests/target/site/serenity/dc7832af1392c3bb03c6b8862cdfd202aa7777a247f1b7cdfc7d15037ed09721.json (using temp file /Users/rodionsavchuk/hybrisAutomation/virco-automatedtests/target/site/serenity/dc7832af1392c3bb03c6b8862cdfd202aa7777a247f1b7cdfc7d15037ed09721.json44288fda-7d07-4fbe-af80-7b4814c0f315)
[pool-1-thread-3] INFO net.thucydides.core.reports.json.JSONTestOutcomeReporter - Generating JSON report for VIR-142.02 Verify that the customer can move through the selection path to file /Users/rodionsavchuk/hybrisAutomation/virco-automatedtests/target/site/serenity/f3172676e692a180ed5b40bf9e6ac6aaf36a696e49864d1328623a2c9936d2ca.json (using temp file /Users/rodionsavchuk/hybrisAutomation/virco-automatedtests/target/site/serenity/f3172676e692a180ed5b40bf9e6ac6aaf36a696e49864d1328623a2c9936d2ca.json451d91b3-db87-411a-9c69-4cf2f73d123c)
[pool-1-thread-2] INFO net.thucydides.core.reports.json.JSONTestOutcomeReporter - Generating JSON report for VIR-142.03 Verify that the customer can return from the end of the path to the previous/beginning to file /Users/rodionsavchuk/hybrisAutomation/virco-automatedtests/target/site/serenity/63d44529e362e42826319b1b9567b9d7c3557c5a99a9fd9d57b1f61354d794d3.json (using temp file /Users/rodionsavchuk/hybrisAutomation/virco-automatedtests/target/site/serenity/63d44529e362e42826319b1b9567b9d7c3557c5a99a9fd9d57b1f61354d794d3.json8ea34b38-da8a-4273-8851-c5feb9184314)
[pool-1-thread-4] INFO net.thucydides.core.reports.json.JSONTestOutcomeReporter - Generating JSON report for VIR-142.01 Verify that the selection path is shown to the customer to file /Users/rodionsavchuk/hybrisAutomation/virco-automatedtests/target/site/serenity/a834828f1d3b72a5d3cf97d5448a79eefe869ccaba5a5296f3919629801fb136.json (using temp file /Users/rodionsavchuk/hybrisAutomation/virco-automatedtests/target/site/serenity/a834828f1d3b72a5d3cf97d5448a79eefe869ccaba5a5296f3919629801fb136.json5eaf24fd-b761-4c10-925f-dd9ac6162053)
[pool-1-thread-1] INFO net.thucydides.core.reports.json.JSONTestOutcomeReporter - Generating JSON report for VIR-142.04 Verify that the selected data are not cleared when customer returns to file /Users/rodionsavchuk/hybrisAutomation/virco-automatedtests/target/site/serenity/1a7bafb3de91ffb02b04f7492bf566f0275aeda21444a20e864442c010630f62.json (using temp file /Users/rodionsavchuk/hybrisAutomation/virco-automatedtests/target/site/serenity/1a7bafb3de91ffb02b04f7492bf566f0275aeda21444a20e864442c010630f62.json80678d3b-e311-4347-b6b8-35a258561a5f)
[pool-1-thread-2] INFO net.thucydides.core.reports.json.JSONTestOutcomeReporter - Generating JSON report for VIR-268.02 Verify that the customer can add quantity by dropdown to file /Users/rodionsavchuk/hybrisAutomation/virco-automatedtests/target/site/serenity/c1dd2ebe5f47d0de634de4437ecf891829ff58f5373fbe6dcf40ad2880404ed7.json (using temp file /Users/rodionsavchuk/hybrisAutomation/virco-automatedtests/target/site/serenity/c1dd2ebe5f47d0de634de4437ecf891829ff58f5373fbe6dcf40ad2880404ed7.jsonfa6cb754-4da1-4f78-a202-55cc0725fe40)
[pool-1-thread-3] INFO net.thucydides.core.reports.json.JSONTestOutcomeReporter - Generating JSON report for VIR-268.01 Verify that the customer can select the quantity of items before adding to the cart on the product details page to file /Users/rodionsavchuk/hybrisAutomation/virco-automatedtests/target/site/serenity/78e822a9904fe340137cfa2904037e4398a82dcbacb5ecba2378d399b46f6c26.json (using temp file /Users/rodionsavchuk/hybrisAutomation/virco-automatedtests/target/site/serenity/78e822a9904fe340137cfa2904037e4398a82dcbacb5ecba2378d399b46f6c26.jsonfad1a5c5-35d5-4e1f-b0d0-88c7ee4c2272)
[pool-1-thread-1] INFO net.thucydides.core.reports.html.HtmlAcceptanceTestReporter - GENERATING HTML REPORT FOR PDP-10 - Configurations:VIR-267.01 Verify that the following information is shown at the slot 3 in 35c9da9077e7c57fa98ccabfe4de6bd840ff11eb861ed62ec8c14e5bf89b0166.html in directory target/site/serenity  
[pool-1-thread-4] INFO net.thucydides.core.reports.html.HtmlAcceptanceTestReporter - GENERATING HTML REPORT FOR PDP-10 - Configurations:VIR-267.02 Verify that the proper data are shown for the product in 094df492603a7aa8ac4177664d677c86d7567daf6bcebfbf746b8bbefa289d57.html in directory target/site/serenity  
[pool-1-thread-3] INFO net.thucydides.core.reports.html.HtmlAcceptanceTestReporter - GENERATING HTML REPORT FOR PDP-11 - Descriptive Path Selection:VIR-142.01 Verify that the selection path is shown to the customer in a834828f1d3b72a5d3cf97d5448a79eefe869ccaba5a5296f3919629801fb136.html in directory target/site/serenity  
[pool-1-thread-2] INFO net.thucydides.core.reports.html.HtmlAcceptanceTestReporter - GENERATING HTML REPORT FOR PDP-10 - Configurations:VIR-267.03 Verify that the third row content slot is shown for the product when the product has at least one of these attributes in dc7832af1392c3bb03c6b8862cdfd202aa7777a247f1b7cdfc7d15037ed09721.html in directory target/site/serenity  
[pool-1-thread-4] INFO net.thucydides.core.reports.html.HtmlAcceptanceTestReporter - GENERATING HTML REPORT FOR PDP-11 - Descriptive Path Selection:VIR-142.03 Verify that the customer can return from the end of the path to the previous/beginning in 63d44529e362e42826319b1b9567b9d7c3557c5a99a9fd9d57b1f61354d794d3.html in directory target/site/serenity  
[pool-1-thread-3] INFO net.thucydides.core.reports.html.HtmlAcceptanceTestReporter - GENERATING HTML REPORT FOR PDP-11 - Descriptive Path Selection:VIR-142.02 Verify that the customer can move through the selection path in f3172676e692a180ed5b40bf9e6ac6aaf36a696e49864d1328623a2c9936d2ca.html in directory target/site/serenity  
[pool-1-thread-2] INFO net.thucydides.core.reports.html.HtmlAcceptanceTestReporter - GENERATING HTML REPORT FOR PDP-11 - Descriptive Path Selection:VIR-142.04 Verify that the selected data are not cleared when customer returns in 1a7bafb3de91ffb02b04f7492bf566f0275aeda21444a20e864442c010630f62.html in directory target/site/serenity  
[pool-1-thread-1] INFO net.thucydides.core.reports.html.HtmlAcceptanceTestReporter - GENERATING HTML REPORT FOR PDP-12 - Add/Remove PDP:VIR-268.01 Verify that the customer can select the quantity of items before adding to the cart on the product details page in 78e822a9904fe340137cfa2904037e4398a82dcbacb5ecba2378d399b46f6c26.html in directory target/site/serenity  
[pool-1-thread-2] INFO net.thucydides.core.reports.html.HtmlAcceptanceTestReporter - GENERATING HTML REPORT FOR PDP-12 - Add/Remove PDP:VIR-268.02 Verify that the customer can add quantity by dropdown in c1dd2ebe5f47d0de634de4437ecf891829ff58f5373fbe6dcf40ad2880404ed7.html in directory target/site/serenity  
[main] INFO net.serenitybdd.core.Serenity - 
 _____ _____ ____ _____   ____ _____  _    ____ _____ _____ ____  
|_   _| ____/ ___|_   _| / ___|_   _|/ \  |  _ \_   _| ____|  _ \ 
  | | |  _| \___ \ | |   \___ \ | | / _ \ | |_) || | |  _| | | | |
  | | | |___ ___) || |    ___) || |/ ___ \|  _ < | | | |___| |_| |
  |_| |_____|____/ |_|   |____/ |_/_/   \_\_| \_\|_| |_____|____/ 
                                                                  

TEST STARTED: VIR-268.03 Verify that the customer can add the quantity manually
-------------------------------------------------------------------(pdp-12---add/remove-pdp;vir-268.03-verify-that-the-customer-can-add-the-quantity-manually)
[main] INFO net.serenitybdd.core.Serenity - STARTING STEP Given open the site and login
[main] INFO net.serenitybdd.core.Serenity - STARTING STEP Open the site
[main] INFO net.serenitybdd.core.Serenity - STEP ERROR: net.serenitybdd.core.exceptions.SerenityManagedException: Could not initialize class com.virco.locators.SiteData
]]></system-err>
  </testcase>
  <testcase name="Scenario: VIR-268.03 Verify that the customer can add the quantity manually" classname="Scenario: VIR-268.03 Verify that the customer can add the quantity manually" time="0.002">
    <error message="Could not initialize class com.virco.locators.SiteData" type="net.serenitybdd.core.exceptions.SerenityManagedException"><![CDATA[net.serenitybdd.core.exceptions.SerenityManagedException: Could not initialize class com.virco.locators.SiteData
	at com.virco.steps.serenity.CommonUserSteps.openTheSite(CommonUserSteps.java:19)
	at com.virco.steps.serenity.CommonUserSteps$$EnhancerByCGLIB$$d8541bfa.CGLIB$openTheSite$6(<generated>)
	at com.virco.steps.serenity.CommonUserSteps$$EnhancerByCGLIB$$d8541bfa$$FastClassByCGLIB$$ea8e0f86.invoke(<generated>)
	at net.sf.cglib.proxy.MethodProxy.invokeSuper(MethodProxy.java:228)
	at net.thucydides.core.steps.StepInterceptor.invokeMethod(StepInterceptor.java:372)
	at net.thucydides.core.steps.StepInterceptor.executeTestStepMethod(StepInterceptor.java:357)
	at net.thucydides.core.steps.StepInterceptor.runTestStep(StepInterceptor.java:332)
	at net.thucydides.core.steps.StepInterceptor.testStepResult(StepInterceptor.java:134)
	at net.thucydides.core.steps.StepInterceptor.intercept(StepInterceptor.java:61)
	at com.virco.steps.serenity.CommonUserSteps$$EnhancerByCGLIB$$d8541bfa.openTheSite(<generated>)
	at com.virco.steps.CommonDefinitionSteps.openTheSiteAndLogin(CommonDefinitionSteps.java:72)
	at sun.reflect.GeneratedMethodAccessor143.invoke(Unknown Source)
	at sun.reflect.DelegatingMethodAccessorImpl.invoke(DelegatingMethodAccessorImpl.java:43)
	at java.lang.reflect.Method.invoke(Method.java:498)
	at cucumber.runtime.Utils$1.call(Utils.java:40)
	at cucumber.runtime.Timeout.timeout(Timeout.java:16)
	at cucumber.runtime.Utils.invoke(Utils.java:34)
	at cucumber.runtime.java.JavaStepDefinition.execute(JavaStepDefinition.java:38)
	at cucumber.runtime.StepDefinitionMatch.runStep(StepDefinitionMatch.java:37)
	at cucumber.runtime.Runtime.runStep(Runtime.java:300)
	at cucumber.runtime.model.StepContainer.runStep(StepContainer.java:44)
	at cucumber.runtime.model.StepContainer.runSteps(StepContainer.java:39)
	at cucumber.runtime.model.CucumberScenario.run(CucumberScenario.java:44)
	at cucumber.runtime.junit.ExecutionUnitRunner.run(ExecutionUnitRunner.java:102)
	at cucumber.runtime.junit.FeatureRunner.runChild(FeatureRunner.java:63)
	at cucumber.runtime.junit.FeatureRunner.runChild(FeatureRunner.java:18)
	at org.junit.runners.ParentRunner$3.run(ParentRunner.java:290)
	at org.junit.runners.ParentRunner$1.schedule(ParentRunner.java:71)
	at org.junit.runners.ParentRunner.runChildren(ParentRunner.java:288)
	at org.junit.runners.ParentRunner.access$000(ParentRunner.java:58)
	at org.junit.runners.ParentRunner$2.evaluate(ParentRunner.java:268)
	at org.junit.runners.ParentRunner.run(ParentRunner.java:363)
	at cucumber.runtime.junit.FeatureRunner.run(FeatureRunner.java:70)
	at cucumber.api.junit.Cucumber.runChild(Cucumber.java:95)
	at cucumber.api.junit.Cucumber.runChild(Cucumber.java:38)
	at org.junit.runners.ParentRunner$3.run(ParentRunner.java:290)
	at org.junit.runners.ParentRunner$1.schedule(ParentRunner.java:71)
	at org.junit.runners.ParentRunner.runChildren(ParentRunner.java:288)
	at org.junit.runners.ParentRunner.access$000(ParentRunner.java:58)
	at org.junit.runners.ParentRunner$2.evaluate(ParentRunner.java:268)
	at org.junit.runners.ParentRunner.run(ParentRunner.java:363)
	at cucumber.api.junit.Cucumber.run(Cucumber.java:100)
	at org.apache.maven.surefire.junit4.JUnit4Provider.execute(JUnit4Provider.java:283)
	at org.apache.maven.surefire.junit4.JUnit4Provider.executeWithRerun(JUnit4Provider.java:173)
	at org.apache.maven.surefire.junit4.JUnit4Provider.executeTestSet(JUnit4Provider.java:153)
	at org.apache.maven.surefire.junit4.JUnit4Provider.invoke(JUnit4Provider.java:128)
	at org.apache.maven.surefire.booter.ForkedBooter.invokeProviderInSameClassLoader(ForkedBooter.java:203)
	at org.apache.maven.surefire.booter.ForkedBooter.runSuitesInProcess(ForkedBooter.java:155)
	at org.apache.maven.surefire.booter.ForkedBooter.main(ForkedBooter.java:103)
]]></error>
  </testcase>
  <testcase name="When open category with pagination" classname="Scenario: VIR-268.03 Verify that the customer can add the quantity manually" time="0">
    <skipped/>
    <system-err><![CDATA[[main] INFO net.serenitybdd.core.Serenity - STEP ERROR: java.lang.NoClassDefFoundError: Could not initialize class com.virco.locators.SiteData
[main] INFO net.serenitybdd.core.Serenity - STARTING STEP When open category with pagination
]]></system-err>
  </testcase>
  <testcase name="And click on &quot;1&quot; product image in list" classname="Scenario: VIR-268.03 Verify that the customer can add the quantity manually" time="0">
    <skipped/>
    <system-err><![CDATA[[main] INFO net.serenitybdd.core.Serenity - IGNORING STEP
[main] INFO net.serenitybdd.core.Serenity - STARTING STEP And click on "1" product image in list
]]></system-err>
  </testcase>
  <testcase name="And change product quantity to &quot;5&quot;" classname="Scenario: VIR-268.03 Verify that the customer can add the quantity manually" time="0">
    <skipped/>
    <system-err><![CDATA[[main] INFO net.serenitybdd.core.Serenity - IGNORING STEP
[main] INFO net.serenitybdd.core.Serenity - STARTING STEP And change product quantity to "5"
]]></system-err>
  </testcase>
  <testcase name="Then quantity on pdp is &quot;5&quot;" classname="Scenario: VIR-268.03 Verify that the customer can add the quantity manually" time="0">
    <skipped/>
    <system-err><![CDATA[[main] INFO net.serenitybdd.core.Serenity - IGNORING STEP
[main] INFO net.serenitybdd.core.Serenity - STARTING STEP Then quantity on pdp is "5"
]]></system-err>
  </testcase>
  <testcase name="Given open the site and login" classname="Scenario: VIR-268.04 Verify that the quantity is automatically moved to 1 if customer enters 0" time="0.002">
    <error message="Could not initialize class com.virco.locators.SiteData" type="net.serenitybdd.core.exceptions.SerenityManagedException"><![CDATA[net.serenitybdd.core.exceptions.SerenityManagedException: Could not initialize class com.virco.locators.SiteData
	at com.virco.steps.serenity.CommonUserSteps.openTheSite(CommonUserSteps.java:19)
	at com.virco.steps.serenity.CommonUserSteps$$EnhancerByCGLIB$$d8541bfa.CGLIB$openTheSite$6(<generated>)
	at com.virco.steps.serenity.CommonUserSteps$$EnhancerByCGLIB$$d8541bfa$$FastClassByCGLIB$$ea8e0f86.invoke(<generated>)
	at net.sf.cglib.proxy.MethodProxy.invokeSuper(MethodProxy.java:228)
	at net.thucydides.core.steps.StepInterceptor.invokeMethod(StepInterceptor.java:372)
	at net.thucydides.core.steps.StepInterceptor.executeTestStepMethod(StepInterceptor.java:357)
	at net.thucydides.core.steps.StepInterceptor.runTestStep(StepInterceptor.java:332)
	at net.thucydides.core.steps.StepInterceptor.testStepResult(StepInterceptor.java:134)
	at net.thucydides.core.steps.StepInterceptor.intercept(StepInterceptor.java:61)
	at com.virco.steps.serenity.CommonUserSteps$$EnhancerByCGLIB$$d8541bfa.openTheSite(<generated>)
	at com.virco.steps.CommonDefinitionSteps.openTheSiteAndLogin(CommonDefinitionSteps.java:72)
	at sun.reflect.GeneratedMethodAccessor143.invoke(Unknown Source)
	at sun.reflect.DelegatingMethodAccessorImpl.invoke(DelegatingMethodAccessorImpl.java:43)
	at java.lang.reflect.Method.invoke(Method.java:498)
	at cucumber.runtime.Utils$1.call(Utils.java:40)
	at cucumber.runtime.Timeout.timeout(Timeout.java:16)
	at cucumber.runtime.Utils.invoke(Utils.java:34)
	at cucumber.runtime.java.JavaStepDefinition.execute(JavaStepDefinition.java:38)
	at cucumber.runtime.StepDefinitionMatch.runStep(StepDefinitionMatch.java:37)
	at cucumber.runtime.Runtime.runStep(Runtime.java:300)
	at cucumber.runtime.model.StepContainer.runStep(StepContainer.java:44)
	at cucumber.runtime.model.StepContainer.runSteps(StepContainer.java:39)
	at cucumber.runtime.model.CucumberScenario.run(CucumberScenario.java:44)
	at cucumber.runtime.junit.ExecutionUnitRunner.run(ExecutionUnitRunner.java:102)
	at cucumber.runtime.junit.FeatureRunner.runChild(FeatureRunner.java:63)
	at cucumber.runtime.junit.FeatureRunner.runChild(FeatureRunner.java:18)
	at org.junit.runners.ParentRunner$3.run(ParentRunner.java:290)
	at org.junit.runners.ParentRunner$1.schedule(ParentRunner.java:71)
	at org.junit.runners.ParentRunner.runChildren(ParentRunner.java:288)
	at org.junit.runners.ParentRunner.access$000(ParentRunner.java:58)
	at org.junit.runners.ParentRunner$2.evaluate(ParentRunner.java:268)
	at org.junit.runners.ParentRunner.run(ParentRunner.java:363)
	at cucumber.runtime.junit.FeatureRunner.run(FeatureRunner.java:70)
	at cucumber.api.junit.Cucumber.runChild(Cucumber.java:95)
	at cucumber.api.junit.Cucumber.runChild(Cucumber.java:38)
	at org.junit.runners.ParentRunner$3.run(ParentRunner.java:290)
	at org.junit.runners.ParentRunner$1.schedule(ParentRunner.java:71)
	at org.junit.runners.ParentRunner.runChildren(ParentRunner.java:288)
	at org.junit.runners.ParentRunner.access$000(ParentRunner.java:58)
	at org.junit.runners.ParentRunner$2.evaluate(ParentRunner.java:268)
	at org.junit.runners.ParentRunner.run(ParentRunner.java:363)
	at cucumber.api.junit.Cucumber.run(Cucumber.java:100)
	at org.apache.maven.surefire.junit4.JUnit4Provider.execute(JUnit4Provider.java:283)
	at org.apache.maven.surefire.junit4.JUnit4Provider.executeWithRerun(JUnit4Provider.java:173)
	at org.apache.maven.surefire.junit4.JUnit4Provider.executeTestSet(JUnit4Provider.java:153)
	at org.apache.maven.surefire.junit4.JUnit4Provider.invoke(JUnit4Provider.java:128)
	at org.apache.maven.surefire.booter.ForkedBooter.invokeProviderInSameClassLoader(ForkedBooter.java:203)
	at org.apache.maven.surefire.booter.ForkedBooter.runSuitesInProcess(ForkedBooter.java:155)
	at org.apache.maven.surefire.booter.ForkedBooter.main(ForkedBooter.java:103)
]]></error>
    <system-err><![CDATA[[main] INFO net.serenitybdd.core.Serenity - IGNORING STEP
[main] ERROR net.serenitybdd.core.Serenity - 
           __  _____ _____ ____ _____   _____ _    ___ _     _____ ____  
  _       / / |_   _| ____/ ___|_   _| |  ___/ \  |_ _| |   | ____|  _ \ 
 (_)_____| |    | | |  _| \___ \ | |   | |_ / _ \  | || |   |  _| | | | |
  _|_____| |    | | | |___ ___) || |   |  _/ ___ \ | || |___| |___| |_| |
 (_)     | |    |_| |_____|____/ |_|   |_|/_/   \_\___|_____|_____|____/ 
          \_\                                                            

TEST FAILED WITH ERROR: VIR-268.03 Verify that the customer can add the quantity manually
---------------------------------------------------------------------
[main] ERROR net.serenitybdd.core.Serenity - TEST FAILED AT STEP Open the site
[main] ERROR net.serenitybdd.core.Serenity - Could not initialize class com.virco.locators.SiteData
[pool-1-thread-3] INFO net.thucydides.core.reports.json.JSONTestOutcomeReporter - Generating JSON report for VIR-267.01 Verify that the following information is shown at the slot 3 to file /Users/rodionsavchuk/hybrisAutomation/virco-automatedtests/target/site/serenity/35c9da9077e7c57fa98ccabfe4de6bd840ff11eb861ed62ec8c14e5bf89b0166.json (using temp file /Users/rodionsavchuk/hybrisAutomation/virco-automatedtests/target/site/serenity/35c9da9077e7c57fa98ccabfe4de6bd840ff11eb861ed62ec8c14e5bf89b0166.json4dc7e9c1-6198-4ed5-a632-a0f27c4618ef)
[pool-1-thread-4] INFO net.thucydides.core.reports.json.JSONTestOutcomeReporter - Generating JSON report for VIR-267.02 Verify that the proper data are shown for the product to file /Users/rodionsavchuk/hybrisAutomation/virco-automatedtests/target/site/serenity/094df492603a7aa8ac4177664d677c86d7567daf6bcebfbf746b8bbefa289d57.json (using temp file /Users/rodionsavchuk/hybrisAutomation/virco-automatedtests/target/site/serenity/094df492603a7aa8ac4177664d677c86d7567daf6bcebfbf746b8bbefa289d57.json7ef4eb48-3367-4c95-8826-a6a50fb900b7)
[pool-1-thread-1] INFO net.thucydides.core.reports.json.JSONTestOutcomeReporter - Generating JSON report for VIR-267.03 Verify that the third row content slot is shown for the product when the product has at least one of these attributes to file /Users/rodionsavchuk/hybrisAutomation/virco-automatedtests/target/site/serenity/dc7832af1392c3bb03c6b8862cdfd202aa7777a247f1b7cdfc7d15037ed09721.json (using temp file /Users/rodionsavchuk/hybrisAutomation/virco-automatedtests/target/site/serenity/dc7832af1392c3bb03c6b8862cdfd202aa7777a247f1b7cdfc7d15037ed09721.json70b5132f-88d6-47df-80d0-8f9fbd55240c)
[pool-1-thread-2] INFO net.thucydides.core.reports.json.JSONTestOutcomeReporter - Generating JSON report for VIR-142.01 Verify that the selection path is shown to the customer to file /Users/rodionsavchuk/hybrisAutomation/virco-automatedtests/target/site/serenity/a834828f1d3b72a5d3cf97d5448a79eefe869ccaba5a5296f3919629801fb136.json (using temp file /Users/rodionsavchuk/hybrisAutomation/virco-automatedtests/target/site/serenity/a834828f1d3b72a5d3cf97d5448a79eefe869ccaba5a5296f3919629801fb136.jsonad9b3e0c-38cd-44d9-89a9-65750d6f8706)
[pool-1-thread-2] INFO net.thucydides.core.reports.json.JSONTestOutcomeReporter - Generating JSON report for VIR-142.03 Verify that the customer can return from the end of the path to the previous/beginning to file /Users/rodionsavchuk/hybrisAutomation/virco-automatedtests/target/site/serenity/63d44529e362e42826319b1b9567b9d7c3557c5a99a9fd9d57b1f61354d794d3.json (using temp file /Users/rodionsavchuk/hybrisAutomation/virco-automatedtests/target/site/serenity/63d44529e362e42826319b1b9567b9d7c3557c5a99a9fd9d57b1f61354d794d3.jsonac4c8b34-3ded-4738-9bee-562bcb546bb7)
[pool-1-thread-1] INFO net.thucydides.core.reports.json.JSONTestOutcomeReporter - Generating JSON report for VIR-142.02 Verify that the customer can move through the selection path to file /Users/rodionsavchuk/hybrisAutomation/virco-automatedtests/target/site/serenity/f3172676e692a180ed5b40bf9e6ac6aaf36a696e49864d1328623a2c9936d2ca.json (using temp file /Users/rodionsavchuk/hybrisAutomation/virco-automatedtests/target/site/serenity/f3172676e692a180ed5b40bf9e6ac6aaf36a696e49864d1328623a2c9936d2ca.jsonabc88257-3648-4499-9638-337239beb4cd)
[pool-1-thread-3] INFO net.thucydides.core.reports.json.JSONTestOutcomeReporter - Generating JSON report for VIR-268.01 Verify that the customer can select the quantity of items before adding to the cart on the product details page to file /Users/rodionsavchuk/hybrisAutomation/virco-automatedtests/target/site/serenity/78e822a9904fe340137cfa2904037e4398a82dcbacb5ecba2378d399b46f6c26.json (using temp file /Users/rodionsavchuk/hybrisAutomation/virco-automatedtests/target/site/serenity/78e822a9904fe340137cfa2904037e4398a82dcbacb5ecba2378d399b46f6c26.json23aa0718-7e66-4271-90b2-54e0bb18bd0b)
[pool-1-thread-2] INFO net.thucydides.core.reports.json.JSONTestOutcomeReporter - Generating JSON report for VIR-268.02 Verify that the customer can add quantity by dropdown to file /Users/rodionsavchuk/hybrisAutomation/virco-automatedtests/target/site/serenity/c1dd2ebe5f47d0de634de4437ecf891829ff58f5373fbe6dcf40ad2880404ed7.json (using temp file /Users/rodionsavchuk/hybrisAutomation/virco-automatedtests/target/site/serenity/c1dd2ebe5f47d0de634de4437ecf891829ff58f5373fbe6dcf40ad2880404ed7.json5f361468-dd05-4d58-8817-92a9ff4da848)
[pool-1-thread-1] INFO net.thucydides.core.reports.json.JSONTestOutcomeReporter - Generating JSON report for VIR-268.03 Verify that the customer can add the quantity manually to file /Users/rodionsavchuk/hybrisAutomation/virco-automatedtests/target/site/serenity/6ab14b4ba3c3ba4399e3ad1c0739cc93a854f14394e1aafde6dece743c26cf52.json (using temp file /Users/rodionsavchuk/hybrisAutomation/virco-automatedtests/target/site/serenity/6ab14b4ba3c3ba4399e3ad1c0739cc93a854f14394e1aafde6dece743c26cf52.jsonacab5aa9-aceb-483f-be0a-180b38e00aa1)
[pool-1-thread-4] INFO net.thucydides.core.reports.json.JSONTestOutcomeReporter - Generating JSON report for VIR-142.04 Verify that the selected data are not cleared when customer returns to file /Users/rodionsavchuk/hybrisAutomation/virco-automatedtests/target/site/serenity/1a7bafb3de91ffb02b04f7492bf566f0275aeda21444a20e864442c010630f62.json (using temp file /Users/rodionsavchuk/hybrisAutomation/virco-automatedtests/target/site/serenity/1a7bafb3de91ffb02b04f7492bf566f0275aeda21444a20e864442c010630f62.json6f1134b7-35a7-4f1b-b173-c2230c89545f)
[pool-1-thread-2] INFO net.thucydides.core.reports.html.HtmlAcceptanceTestReporter - GENERATING HTML REPORT FOR PDP-10 - Configurations:VIR-267.02 Verify that the proper data are shown for the product in 094df492603a7aa8ac4177664d677c86d7567daf6bcebfbf746b8bbefa289d57.html in directory target/site/serenity  
[pool-1-thread-1] INFO net.thucydides.core.reports.html.HtmlAcceptanceTestReporter - GENERATING HTML REPORT FOR PDP-10 - Configurations:VIR-267.03 Verify that the third row content slot is shown for the product when the product has at least one of these attributes in dc7832af1392c3bb03c6b8862cdfd202aa7777a247f1b7cdfc7d15037ed09721.html in directory target/site/serenity  
[pool-1-thread-3] INFO net.thucydides.core.reports.html.HtmlAcceptanceTestReporter - GENERATING HTML REPORT FOR PDP-10 - Configurations:VIR-267.01 Verify that the following information is shown at the slot 3 in 35c9da9077e7c57fa98ccabfe4de6bd840ff11eb861ed62ec8c14e5bf89b0166.html in directory target/site/serenity  
[pool-1-thread-4] INFO net.thucydides.core.reports.html.HtmlAcceptanceTestReporter - GENERATING HTML REPORT FOR PDP-11 - Descriptive Path Selection:VIR-142.01 Verify that the selection path is shown to the customer in a834828f1d3b72a5d3cf97d5448a79eefe869ccaba5a5296f3919629801fb136.html in directory target/site/serenity  
[pool-1-thread-2] INFO net.thucydides.core.reports.html.HtmlAcceptanceTestReporter - GENERATING HTML REPORT FOR PDP-11 - Descriptive Path Selection:VIR-142.02 Verify that the customer can move through the selection path in f3172676e692a180ed5b40bf9e6ac6aaf36a696e49864d1328623a2c9936d2ca.html in directory target/site/serenity  
[pool-1-thread-1] INFO net.thucydides.core.reports.html.HtmlAcceptanceTestReporter - GENERATING HTML REPORT FOR PDP-11 - Descriptive Path Selection:VIR-142.03 Verify that the customer can return from the end of the path to the previous/beginning in 63d44529e362e42826319b1b9567b9d7c3557c5a99a9fd9d57b1f61354d794d3.html in directory target/site/serenity  
[pool-1-thread-3] INFO net.thucydides.core.reports.html.HtmlAcceptanceTestReporter - GENERATING HTML REPORT FOR PDP-11 - Descriptive Path Selection:VIR-142.04 Verify that the selected data are not cleared when customer returns in 1a7bafb3de91ffb02b04f7492bf566f0275aeda21444a20e864442c010630f62.html in directory target/site/serenity  
[pool-1-thread-1] INFO net.thucydides.core.reports.html.HtmlAcceptanceTestReporter - GENERATING HTML REPORT FOR PDP-12 - Add/Remove PDP:VIR-268.02 Verify that the customer can add quantity by dropdown in c1dd2ebe5f47d0de634de4437ecf891829ff58f5373fbe6dcf40ad2880404ed7.html in directory target/site/serenity  
[pool-1-thread-4] INFO net.thucydides.core.reports.html.HtmlAcceptanceTestReporter - GENERATING HTML REPORT FOR PDP-12 - Add/Remove PDP:VIR-268.01 Verify that the customer can select the quantity of items before adding to the cart on the product details page in 78e822a9904fe340137cfa2904037e4398a82dcbacb5ecba2378d399b46f6c26.html in directory target/site/serenity  
[pool-1-thread-3] INFO net.thucydides.core.reports.html.HtmlAcceptanceTestReporter - GENERATING HTML REPORT FOR PDP-12 - Add/Remove PDP:VIR-268.03 Verify that the customer can add the quantity manually in 6ab14b4ba3c3ba4399e3ad1c0739cc93a854f14394e1aafde6dece743c26cf52.html in directory target/site/serenity  
[main] INFO net.serenitybdd.core.Serenity - 
 _____ _____ ____ _____   ____ _____  _    ____ _____ _____ ____  
|_   _| ____/ ___|_   _| / ___|_   _|/ \  |  _ \_   _| ____|  _ \ 
  | | |  _| \___ \ | |   \___ \ | | / _ \ | |_) || | |  _| | | | |
  | | | |___ ___) || |    ___) || |/ ___ \|  _ < | | | |___| |_| |
  |_| |_____|____/ |_|   |____/ |_/_/   \_\_| \_\|_| |_____|____/ 
                                                                  

TEST STARTED: VIR-268.04 Verify that the quantity is automatically moved to 1 if customer enters 0
-------------------------------------------------------------------(pdp-12---add/remove-pdp;vir-268.04-verify-that-the-quantity-is-automatically-moved-to-1-if-customer-enters-0)
[main] INFO net.serenitybdd.core.Serenity - STARTING STEP Given open the site and login
[main] INFO net.serenitybdd.core.Serenity - STARTING STEP Open the site
[main] INFO net.serenitybdd.core.Serenity - STEP ERROR: net.serenitybdd.core.exceptions.SerenityManagedException: Could not initialize class com.virco.locators.SiteData
]]></system-err>
  </testcase>
  <testcase name="Scenario: VIR-268.04 Verify that the quantity is automatically moved to 1 if customer enters 0" classname="Scenario: VIR-268.04 Verify that the quantity is automatically moved to 1 if customer enters 0" time="0.003">
    <error message="Could not initialize class com.virco.locators.SiteData" type="net.serenitybdd.core.exceptions.SerenityManagedException"><![CDATA[net.serenitybdd.core.exceptions.SerenityManagedException: Could not initialize class com.virco.locators.SiteData
	at com.virco.steps.serenity.CommonUserSteps.openTheSite(CommonUserSteps.java:19)
	at com.virco.steps.serenity.CommonUserSteps$$EnhancerByCGLIB$$d8541bfa.CGLIB$openTheSite$6(<generated>)
	at com.virco.steps.serenity.CommonUserSteps$$EnhancerByCGLIB$$d8541bfa$$FastClassByCGLIB$$ea8e0f86.invoke(<generated>)
	at net.sf.cglib.proxy.MethodProxy.invokeSuper(MethodProxy.java:228)
	at net.thucydides.core.steps.StepInterceptor.invokeMethod(StepInterceptor.java:372)
	at net.thucydides.core.steps.StepInterceptor.executeTestStepMethod(StepInterceptor.java:357)
	at net.thucydides.core.steps.StepInterceptor.runTestStep(StepInterceptor.java:332)
	at net.thucydides.core.steps.StepInterceptor.testStepResult(StepInterceptor.java:134)
	at net.thucydides.core.steps.StepInterceptor.intercept(StepInterceptor.java:61)
	at com.virco.steps.serenity.CommonUserSteps$$EnhancerByCGLIB$$d8541bfa.openTheSite(<generated>)
	at com.virco.steps.CommonDefinitionSteps.openTheSiteAndLogin(CommonDefinitionSteps.java:72)
	at sun.reflect.GeneratedMethodAccessor143.invoke(Unknown Source)
	at sun.reflect.DelegatingMethodAccessorImpl.invoke(DelegatingMethodAccessorImpl.java:43)
	at java.lang.reflect.Method.invoke(Method.java:498)
	at cucumber.runtime.Utils$1.call(Utils.java:40)
	at cucumber.runtime.Timeout.timeout(Timeout.java:16)
	at cucumber.runtime.Utils.invoke(Utils.java:34)
	at cucumber.runtime.java.JavaStepDefinition.execute(JavaStepDefinition.java:38)
	at cucumber.runtime.StepDefinitionMatch.runStep(StepDefinitionMatch.java:37)
	at cucumber.runtime.Runtime.runStep(Runtime.java:300)
	at cucumber.runtime.model.StepContainer.runStep(StepContainer.java:44)
	at cucumber.runtime.model.StepContainer.runSteps(StepContainer.java:39)
	at cucumber.runtime.model.CucumberScenario.run(CucumberScenario.java:44)
	at cucumber.runtime.junit.ExecutionUnitRunner.run(ExecutionUnitRunner.java:102)
	at cucumber.runtime.junit.FeatureRunner.runChild(FeatureRunner.java:63)
	at cucumber.runtime.junit.FeatureRunner.runChild(FeatureRunner.java:18)
	at org.junit.runners.ParentRunner$3.run(ParentRunner.java:290)
	at org.junit.runners.ParentRunner$1.schedule(ParentRunner.java:71)
	at org.junit.runners.ParentRunner.runChildren(ParentRunner.java:288)
	at org.junit.runners.ParentRunner.access$000(ParentRunner.java:58)
	at org.junit.runners.ParentRunner$2.evaluate(ParentRunner.java:268)
	at org.junit.runners.ParentRunner.run(ParentRunner.java:363)
	at cucumber.runtime.junit.FeatureRunner.run(FeatureRunner.java:70)
	at cucumber.api.junit.Cucumber.runChild(Cucumber.java:95)
	at cucumber.api.junit.Cucumber.runChild(Cucumber.java:38)
	at org.junit.runners.ParentRunner$3.run(ParentRunner.java:290)
	at org.junit.runners.ParentRunner$1.schedule(ParentRunner.java:71)
	at org.junit.runners.ParentRunner.runChildren(ParentRunner.java:288)
	at org.junit.runners.ParentRunner.access$000(ParentRunner.java:58)
	at org.junit.runners.ParentRunner$2.evaluate(ParentRunner.java:268)
	at org.junit.runners.ParentRunner.run(ParentRunner.java:363)
	at cucumber.api.junit.Cucumber.run(Cucumber.java:100)
	at org.apache.maven.surefire.junit4.JUnit4Provider.execute(JUnit4Provider.java:283)
	at org.apache.maven.surefire.junit4.JUnit4Provider.executeWithRerun(JUnit4Provider.java:173)
	at org.apache.maven.surefire.junit4.JUnit4Provider.executeTestSet(JUnit4Provider.java:153)
	at org.apache.maven.surefire.junit4.JUnit4Provider.invoke(JUnit4Provider.java:128)
	at org.apache.maven.surefire.booter.ForkedBooter.invokeProviderInSameClassLoader(ForkedBooter.java:203)
	at org.apache.maven.surefire.booter.ForkedBooter.runSuitesInProcess(ForkedBooter.java:155)
	at org.apache.maven.surefire.booter.ForkedBooter.main(ForkedBooter.java:103)
]]></error>
  </testcase>
  <testcase name="When open category with pagination" classname="Scenario: VIR-268.04 Verify that the quantity is automatically moved to 1 if customer enters 0" time="0">
    <skipped/>
    <system-err><![CDATA[[main] INFO net.serenitybdd.core.Serenity - STEP ERROR: java.lang.NoClassDefFoundError: Could not initialize class com.virco.locators.SiteData
[main] INFO net.serenitybdd.core.Serenity - STARTING STEP When open category with pagination
]]></system-err>
  </testcase>
  <testcase name="And click on &quot;1&quot; product image in list" classname="Scenario: VIR-268.04 Verify that the quantity is automatically moved to 1 if customer enters 0" time="0">
    <skipped/>
    <system-err><![CDATA[[main] INFO net.serenitybdd.core.Serenity - IGNORING STEP
[main] INFO net.serenitybdd.core.Serenity - STARTING STEP And click on "1" product image in list
]]></system-err>
  </testcase>
  <testcase name="And change product quantity to &quot;0&quot;" classname="Scenario: VIR-268.04 Verify that the quantity is automatically moved to 1 if customer enters 0" time="0">
    <skipped/>
    <system-err><![CDATA[[main] INFO net.serenitybdd.core.Serenity - IGNORING STEP
[main] INFO net.serenitybdd.core.Serenity - STARTING STEP And change product quantity to "0"
]]></system-err>
  </testcase>
  <testcase name="Then quantity on pdp is &quot;1&quot;" classname="Scenario: VIR-268.04 Verify that the quantity is automatically moved to 1 if customer enters 0" time="0">
    <skipped/>
    <system-err><![CDATA[[main] INFO net.serenitybdd.core.Serenity - IGNORING STEP
[main] INFO net.serenitybdd.core.Serenity - STARTING STEP Then quantity on pdp is "1"
]]></system-err>
  </testcase>
  <testcase name="Given open the site and login" classname="Scenario: VIR-268.05 Verify that the customer is not able to add more items than 9,999 in one order" time="0.003">
    <error message="Could not initialize class com.virco.locators.SiteData" type="net.serenitybdd.core.exceptions.SerenityManagedException"><![CDATA[net.serenitybdd.core.exceptions.SerenityManagedException: Could not initialize class com.virco.locators.SiteData
	at com.virco.steps.serenity.CommonUserSteps.openTheSite(CommonUserSteps.java:19)
	at com.virco.steps.serenity.CommonUserSteps$$EnhancerByCGLIB$$d8541bfa.CGLIB$openTheSite$6(<generated>)
	at com.virco.steps.serenity.CommonUserSteps$$EnhancerByCGLIB$$d8541bfa$$FastClassByCGLIB$$ea8e0f86.invoke(<generated>)
	at net.sf.cglib.proxy.MethodProxy.invokeSuper(MethodProxy.java:228)
	at net.thucydides.core.steps.StepInterceptor.invokeMethod(StepInterceptor.java:372)
	at net.thucydides.core.steps.StepInterceptor.executeTestStepMethod(StepInterceptor.java:357)
	at net.thucydides.core.steps.StepInterceptor.runTestStep(StepInterceptor.java:332)
	at net.thucydides.core.steps.StepInterceptor.testStepResult(StepInterceptor.java:134)
	at net.thucydides.core.steps.StepInterceptor.intercept(StepInterceptor.java:61)
	at com.virco.steps.serenity.CommonUserSteps$$EnhancerByCGLIB$$d8541bfa.openTheSite(<generated>)
	at com.virco.steps.CommonDefinitionSteps.openTheSiteAndLogin(CommonDefinitionSteps.java:72)
	at sun.reflect.GeneratedMethodAccessor143.invoke(Unknown Source)
	at sun.reflect.DelegatingMethodAccessorImpl.invoke(DelegatingMethodAccessorImpl.java:43)
	at java.lang.reflect.Method.invoke(Method.java:498)
	at cucumber.runtime.Utils$1.call(Utils.java:40)
	at cucumber.runtime.Timeout.timeout(Timeout.java:16)
	at cucumber.runtime.Utils.invoke(Utils.java:34)
	at cucumber.runtime.java.JavaStepDefinition.execute(JavaStepDefinition.java:38)
	at cucumber.runtime.StepDefinitionMatch.runStep(StepDefinitionMatch.java:37)
	at cucumber.runtime.Runtime.runStep(Runtime.java:300)
	at cucumber.runtime.model.StepContainer.runStep(StepContainer.java:44)
	at cucumber.runtime.model.StepContainer.runSteps(StepContainer.java:39)
	at cucumber.runtime.model.CucumberScenario.run(CucumberScenario.java:44)
	at cucumber.runtime.junit.ExecutionUnitRunner.run(ExecutionUnitRunner.java:102)
	at cucumber.runtime.junit.FeatureRunner.runChild(FeatureRunner.java:63)
	at cucumber.runtime.junit.FeatureRunner.runChild(FeatureRunner.java:18)
	at org.junit.runners.ParentRunner$3.run(ParentRunner.java:290)
	at org.junit.runners.ParentRunner$1.schedule(ParentRunner.java:71)
	at org.junit.runners.ParentRunner.runChildren(ParentRunner.java:288)
	at org.junit.runners.ParentRunner.access$000(ParentRunner.java:58)
	at org.junit.runners.ParentRunner$2.evaluate(ParentRunner.java:268)
	at org.junit.runners.ParentRunner.run(ParentRunner.java:363)
	at cucumber.runtime.junit.FeatureRunner.run(FeatureRunner.java:70)
	at cucumber.api.junit.Cucumber.runChild(Cucumber.java:95)
	at cucumber.api.junit.Cucumber.runChild(Cucumber.java:38)
	at org.junit.runners.ParentRunner$3.run(ParentRunner.java:290)
	at org.junit.runners.ParentRunner$1.schedule(ParentRunner.java:71)
	at org.junit.runners.ParentRunner.runChildren(ParentRunner.java:288)
	at org.junit.runners.ParentRunner.access$000(ParentRunner.java:58)
	at org.junit.runners.ParentRunner$2.evaluate(ParentRunner.java:268)
	at org.junit.runners.ParentRunner.run(ParentRunner.java:363)
	at cucumber.api.junit.Cucumber.run(Cucumber.java:100)
	at org.apache.maven.surefire.junit4.JUnit4Provider.execute(JUnit4Provider.java:283)
	at org.apache.maven.surefire.junit4.JUnit4Provider.executeWithRerun(JUnit4Provider.java:173)
	at org.apache.maven.surefire.junit4.JUnit4Provider.executeTestSet(JUnit4Provider.java:153)
	at org.apache.maven.surefire.junit4.JUnit4Provider.invoke(JUnit4Provider.java:128)
	at org.apache.maven.surefire.booter.ForkedBooter.invokeProviderInSameClassLoader(ForkedBooter.java:203)
	at org.apache.maven.surefire.booter.ForkedBooter.runSuitesInProcess(ForkedBooter.java:155)
	at org.apache.maven.surefire.booter.ForkedBooter.main(ForkedBooter.java:103)
]]></error>
    <system-err><![CDATA[[main] INFO net.serenitybdd.core.Serenity - IGNORING STEP
[main] ERROR net.serenitybdd.core.Serenity - 
           __  _____ _____ ____ _____   _____ _    ___ _     _____ ____  
  _       / / |_   _| ____/ ___|_   _| |  ___/ \  |_ _| |   | ____|  _ \ 
 (_)_____| |    | | |  _| \___ \ | |   | |_ / _ \  | || |   |  _| | | | |
  _|_____| |    | | | |___ ___) || |   |  _/ ___ \ | || |___| |___| |_| |
 (_)     | |    |_| |_____|____/ |_|   |_|/_/   \_\___|_____|_____|____/ 
          \_\                                                            

TEST FAILED WITH ERROR: VIR-268.04 Verify that the quantity is automatically moved to 1 if customer enters 0
---------------------------------------------------------------------
[main] ERROR net.serenitybdd.core.Serenity - TEST FAILED AT STEP Open the site
[main] ERROR net.serenitybdd.core.Serenity - Could not initialize class com.virco.locators.SiteData
[pool-1-thread-1] INFO net.thucydides.core.reports.json.JSONTestOutcomeReporter - Generating JSON report for VIR-267.01 Verify that the following information is shown at the slot 3 to file /Users/rodionsavchuk/hybrisAutomation/virco-automatedtests/target/site/serenity/35c9da9077e7c57fa98ccabfe4de6bd840ff11eb861ed62ec8c14e5bf89b0166.json (using temp file /Users/rodionsavchuk/hybrisAutomation/virco-automatedtests/target/site/serenity/35c9da9077e7c57fa98ccabfe4de6bd840ff11eb861ed62ec8c14e5bf89b0166.jsona13ab2c4-f537-494f-9c77-38ad2f494d69)
[pool-1-thread-4] INFO net.thucydides.core.reports.json.JSONTestOutcomeReporter - Generating JSON report for VIR-267.03 Verify that the third row content slot is shown for the product when the product has at least one of these attributes to file /Users/rodionsavchuk/hybrisAutomation/virco-automatedtests/target/site/serenity/dc7832af1392c3bb03c6b8862cdfd202aa7777a247f1b7cdfc7d15037ed09721.json (using temp file /Users/rodionsavchuk/hybrisAutomation/virco-automatedtests/target/site/serenity/dc7832af1392c3bb03c6b8862cdfd202aa7777a247f1b7cdfc7d15037ed09721.json0848519d-739c-4407-802a-92bc43bfe618)
[pool-1-thread-3] INFO net.thucydides.core.reports.json.JSONTestOutcomeReporter - Generating JSON report for VIR-142.01 Verify that the selection path is shown to the customer to file /Users/rodionsavchuk/hybrisAutomation/virco-automatedtests/target/site/serenity/a834828f1d3b72a5d3cf97d5448a79eefe869ccaba5a5296f3919629801fb136.json (using temp file /Users/rodionsavchuk/hybrisAutomation/virco-automatedtests/target/site/serenity/a834828f1d3b72a5d3cf97d5448a79eefe869ccaba5a5296f3919629801fb136.json5a468fea-ef42-4d63-a156-089e9f9114d9)
[pool-1-thread-2] INFO net.thucydides.core.reports.json.JSONTestOutcomeReporter - Generating JSON report for VIR-267.02 Verify that the proper data are shown for the product to file /Users/rodionsavchuk/hybrisAutomation/virco-automatedtests/target/site/serenity/094df492603a7aa8ac4177664d677c86d7567daf6bcebfbf746b8bbefa289d57.json (using temp file /Users/rodionsavchuk/hybrisAutomation/virco-automatedtests/target/site/serenity/094df492603a7aa8ac4177664d677c86d7567daf6bcebfbf746b8bbefa289d57.json16ef7181-aa7f-4fd1-a942-c75c19c82c01)
[pool-1-thread-4] INFO net.thucydides.core.reports.json.JSONTestOutcomeReporter - Generating JSON report for VIR-142.02 Verify that the customer can move through the selection path to file /Users/rodionsavchuk/hybrisAutomation/virco-automatedtests/target/site/serenity/f3172676e692a180ed5b40bf9e6ac6aaf36a696e49864d1328623a2c9936d2ca.json (using temp file /Users/rodionsavchuk/hybrisAutomation/virco-automatedtests/target/site/serenity/f3172676e692a180ed5b40bf9e6ac6aaf36a696e49864d1328623a2c9936d2ca.json23e4d1bb-2247-4321-a043-01778b974269)
[pool-1-thread-3] INFO net.thucydides.core.reports.json.JSONTestOutcomeReporter - Generating JSON report for VIR-142.03 Verify that the customer can return from the end of the path to the previous/beginning to file /Users/rodionsavchuk/hybrisAutomation/virco-automatedtests/target/site/serenity/63d44529e362e42826319b1b9567b9d7c3557c5a99a9fd9d57b1f61354d794d3.json (using temp file /Users/rodionsavchuk/hybrisAutomation/virco-automatedtests/target/site/serenity/63d44529e362e42826319b1b9567b9d7c3557c5a99a9fd9d57b1f61354d794d3.json7d6a951a-f62c-4d16-b95e-463c6a8e67de)
[pool-1-thread-1] INFO net.thucydides.core.reports.json.JSONTestOutcomeReporter - Generating JSON report for VIR-142.04 Verify that the selected data are not cleared when customer returns to file /Users/rodionsavchuk/hybrisAutomation/virco-automatedtests/target/site/serenity/1a7bafb3de91ffb02b04f7492bf566f0275aeda21444a20e864442c010630f62.json (using temp file /Users/rodionsavchuk/hybrisAutomation/virco-automatedtests/target/site/serenity/1a7bafb3de91ffb02b04f7492bf566f0275aeda21444a20e864442c010630f62.jsonf97fee7f-9b0d-46c7-970e-94b3f0399703)
[pool-1-thread-2] INFO net.thucydides.core.reports.json.JSONTestOutcomeReporter - Generating JSON report for VIR-268.01 Verify that the customer can select the quantity of items before adding to the cart on the product details page to file /Users/rodionsavchuk/hybrisAutomation/virco-automatedtests/target/site/serenity/78e822a9904fe340137cfa2904037e4398a82dcbacb5ecba2378d399b46f6c26.json (using temp file /Users/rodionsavchuk/hybrisAutomation/virco-automatedtests/target/site/serenity/78e822a9904fe340137cfa2904037e4398a82dcbacb5ecba2378d399b46f6c26.json6c995ebc-37d1-4c67-a475-f25c1450ee02)
[pool-1-thread-4] INFO net.thucydides.core.reports.json.JSONTestOutcomeReporter - Generating JSON report for VIR-268.02 Verify that the customer can add quantity by dropdown to file /Users/rodionsavchuk/hybrisAutomation/virco-automatedtests/target/site/serenity/c1dd2ebe5f47d0de634de4437ecf891829ff58f5373fbe6dcf40ad2880404ed7.json (using temp file /Users/rodionsavchuk/hybrisAutomation/virco-automatedtests/target/site/serenity/c1dd2ebe5f47d0de634de4437ecf891829ff58f5373fbe6dcf40ad2880404ed7.json40a2804b-a8d0-4a61-8c1f-d00713e56dc9)
[pool-1-thread-3] INFO net.thucydides.core.reports.json.JSONTestOutcomeReporter - Generating JSON report for VIR-268.03 Verify that the customer can add the quantity manually to file /Users/rodionsavchuk/hybrisAutomation/virco-automatedtests/target/site/serenity/6ab14b4ba3c3ba4399e3ad1c0739cc93a854f14394e1aafde6dece743c26cf52.json (using temp file /Users/rodionsavchuk/hybrisAutomation/virco-automatedtests/target/site/serenity/6ab14b4ba3c3ba4399e3ad1c0739cc93a854f14394e1aafde6dece743c26cf52.jsone1d84b4b-bcfc-4365-8d1d-00e0ab546841)
[pool-1-thread-1] INFO net.thucydides.core.reports.json.JSONTestOutcomeReporter - Generating JSON report for VIR-268.04 Verify that the quantity is automatically moved to 1 if customer enters 0 to file /Users/rodionsavchuk/hybrisAutomation/virco-automatedtests/target/site/serenity/5c6da38f4863cdf03d76d7feb5b4876b0e92b8310b0e95c35a7e4dbf711ccdc0.json (using temp file /Users/rodionsavchuk/hybrisAutomation/virco-automatedtests/target/site/serenity/5c6da38f4863cdf03d76d7feb5b4876b0e92b8310b0e95c35a7e4dbf711ccdc0.json04b3ddcf-ec70-473e-9954-9f2e8aa7907f)
[pool-1-thread-2] INFO net.thucydides.core.reports.html.HtmlAcceptanceTestReporter - GENERATING HTML REPORT FOR PDP-10 - Configurations:VIR-267.01 Verify that the following information is shown at the slot 3 in 35c9da9077e7c57fa98ccabfe4de6bd840ff11eb861ed62ec8c14e5bf89b0166.html in directory target/site/serenity  
[pool-1-thread-1] INFO net.thucydides.core.reports.html.HtmlAcceptanceTestReporter - GENERATING HTML REPORT FOR PDP-10 - Configurations:VIR-267.03 Verify that the third row content slot is shown for the product when the product has at least one of these attributes in dc7832af1392c3bb03c6b8862cdfd202aa7777a247f1b7cdfc7d15037ed09721.html in directory target/site/serenity  
[pool-1-thread-4] INFO net.thucydides.core.reports.html.HtmlAcceptanceTestReporter - GENERATING HTML REPORT FOR PDP-10 - Configurations:VIR-267.02 Verify that the proper data are shown for the product in 094df492603a7aa8ac4177664d677c86d7567daf6bcebfbf746b8bbefa289d57.html in directory target/site/serenity  
[pool-1-thread-3] INFO net.thucydides.core.reports.html.HtmlAcceptanceTestReporter - GENERATING HTML REPORT FOR PDP-11 - Descriptive Path Selection:VIR-142.01 Verify that the selection path is shown to the customer in a834828f1d3b72a5d3cf97d5448a79eefe869ccaba5a5296f3919629801fb136.html in directory target/site/serenity  
[pool-1-thread-1] INFO net.thucydides.core.reports.html.HtmlAcceptanceTestReporter - GENERATING HTML REPORT FOR PDP-11 - Descriptive Path Selection:VIR-142.02 Verify that the customer can move through the selection path in f3172676e692a180ed5b40bf9e6ac6aaf36a696e49864d1328623a2c9936d2ca.html in directory target/site/serenity  
[pool-1-thread-4] INFO net.thucydides.core.reports.html.HtmlAcceptanceTestReporter - GENERATING HTML REPORT FOR PDP-11 - Descriptive Path Selection:VIR-142.03 Verify that the customer can return from the end of the path to the previous/beginning in 63d44529e362e42826319b1b9567b9d7c3557c5a99a9fd9d57b1f61354d794d3.html in directory target/site/serenity  
[pool-1-thread-2] INFO net.thucydides.core.reports.html.HtmlAcceptanceTestReporter - GENERATING HTML REPORT FOR PDP-12 - Add/Remove PDP:VIR-268.01 Verify that the customer can select the quantity of items before adding to the cart on the product details page in 78e822a9904fe340137cfa2904037e4398a82dcbacb5ecba2378d399b46f6c26.html in directory target/site/serenity  
[pool-1-thread-4] INFO net.thucydides.core.reports.html.HtmlAcceptanceTestReporter - GENERATING HTML REPORT FOR PDP-12 - Add/Remove PDP:VIR-268.03 Verify that the customer can add the quantity manually in 6ab14b4ba3c3ba4399e3ad1c0739cc93a854f14394e1aafde6dece743c26cf52.html in directory target/site/serenity  
[pool-1-thread-3] INFO net.thucydides.core.reports.html.HtmlAcceptanceTestReporter - GENERATING HTML REPORT FOR PDP-11 - Descriptive Path Selection:VIR-142.04 Verify that the selected data are not cleared when customer returns in 1a7bafb3de91ffb02b04f7492bf566f0275aeda21444a20e864442c010630f62.html in directory target/site/serenity  
[pool-1-thread-2] INFO net.thucydides.core.reports.html.HtmlAcceptanceTestReporter - GENERATING HTML REPORT FOR PDP-12 - Add/Remove PDP:VIR-268.04 Verify that the quantity is automatically moved to 1 if customer enters 0 in 5c6da38f4863cdf03d76d7feb5b4876b0e92b8310b0e95c35a7e4dbf711ccdc0.html in directory target/site/serenity  
[pool-1-thread-1] INFO net.thucydides.core.reports.html.HtmlAcceptanceTestReporter - GENERATING HTML REPORT FOR PDP-12 - Add/Remove PDP:VIR-268.02 Verify that the customer can add quantity by dropdown in c1dd2ebe5f47d0de634de4437ecf891829ff58f5373fbe6dcf40ad2880404ed7.html in directory target/site/serenity  
[main] INFO net.serenitybdd.core.Serenity - 
 _____ _____ ____ _____   ____ _____  _    ____ _____ _____ ____  
|_   _| ____/ ___|_   _| / ___|_   _|/ \  |  _ \_   _| ____|  _ \ 
  | | |  _| \___ \ | |   \___ \ | | / _ \ | |_) || | |  _| | | | |
  | | | |___ ___) || |    ___) || |/ ___ \|  _ < | | | |___| |_| |
  |_| |_____|____/ |_|   |____/ |_/_/   \_\_| \_\|_| |_____|____/ 
                                                                  

TEST STARTED: VIR-268.05 Verify that the customer is not able to add more items than 9,999 in one order
-------------------------------------------------------------------(pdp-12---add/remove-pdp;vir-268.05-verify-that-the-customer-is-not-able-to-add-more-items-than-9,999-in-one-order)
[main] INFO net.serenitybdd.core.Serenity - STARTING STEP Given open the site and login
[main] INFO net.serenitybdd.core.Serenity - STARTING STEP Open the site
[main] INFO net.serenitybdd.core.Serenity - STEP ERROR: net.serenitybdd.core.exceptions.SerenityManagedException: Could not initialize class com.virco.locators.SiteData
]]></system-err>
  </testcase>
  <testcase name="Scenario: VIR-268.05 Verify that the customer is not able to add more items than 9,999 in one order" classname="Scenario: VIR-268.05 Verify that the customer is not able to add more items than 9,999 in one order" time="0.005">
    <error message="Could not initialize class com.virco.locators.SiteData" type="net.serenitybdd.core.exceptions.SerenityManagedException"><![CDATA[net.serenitybdd.core.exceptions.SerenityManagedException: Could not initialize class com.virco.locators.SiteData
	at com.virco.steps.serenity.CommonUserSteps.openTheSite(CommonUserSteps.java:19)
	at com.virco.steps.serenity.CommonUserSteps$$EnhancerByCGLIB$$d8541bfa.CGLIB$openTheSite$6(<generated>)
	at com.virco.steps.serenity.CommonUserSteps$$EnhancerByCGLIB$$d8541bfa$$FastClassByCGLIB$$ea8e0f86.invoke(<generated>)
	at net.sf.cglib.proxy.MethodProxy.invokeSuper(MethodProxy.java:228)
	at net.thucydides.core.steps.StepInterceptor.invokeMethod(StepInterceptor.java:372)
	at net.thucydides.core.steps.StepInterceptor.executeTestStepMethod(StepInterceptor.java:357)
	at net.thucydides.core.steps.StepInterceptor.runTestStep(StepInterceptor.java:332)
	at net.thucydides.core.steps.StepInterceptor.testStepResult(StepInterceptor.java:134)
	at net.thucydides.core.steps.StepInterceptor.intercept(StepInterceptor.java:61)
	at com.virco.steps.serenity.CommonUserSteps$$EnhancerByCGLIB$$d8541bfa.openTheSite(<generated>)
	at com.virco.steps.CommonDefinitionSteps.openTheSiteAndLogin(CommonDefinitionSteps.java:72)
	at sun.reflect.GeneratedMethodAccessor143.invoke(Unknown Source)
	at sun.reflect.DelegatingMethodAccessorImpl.invoke(DelegatingMethodAccessorImpl.java:43)
	at java.lang.reflect.Method.invoke(Method.java:498)
	at cucumber.runtime.Utils$1.call(Utils.java:40)
	at cucumber.runtime.Timeout.timeout(Timeout.java:16)
	at cucumber.runtime.Utils.invoke(Utils.java:34)
	at cucumber.runtime.java.JavaStepDefinition.execute(JavaStepDefinition.java:38)
	at cucumber.runtime.StepDefinitionMatch.runStep(StepDefinitionMatch.java:37)
	at cucumber.runtime.Runtime.runStep(Runtime.java:300)
	at cucumber.runtime.model.StepContainer.runStep(StepContainer.java:44)
	at cucumber.runtime.model.StepContainer.runSteps(StepContainer.java:39)
	at cucumber.runtime.model.CucumberScenario.run(CucumberScenario.java:44)
	at cucumber.runtime.junit.ExecutionUnitRunner.run(ExecutionUnitRunner.java:102)
	at cucumber.runtime.junit.FeatureRunner.runChild(FeatureRunner.java:63)
	at cucumber.runtime.junit.FeatureRunner.runChild(FeatureRunner.java:18)
	at org.junit.runners.ParentRunner$3.run(ParentRunner.java:290)
	at org.junit.runners.ParentRunner$1.schedule(ParentRunner.java:71)
	at org.junit.runners.ParentRunner.runChildren(ParentRunner.java:288)
	at org.junit.runners.ParentRunner.access$000(ParentRunner.java:58)
	at org.junit.runners.ParentRunner$2.evaluate(ParentRunner.java:268)
	at org.junit.runners.ParentRunner.run(ParentRunner.java:363)
	at cucumber.runtime.junit.FeatureRunner.run(FeatureRunner.java:70)
	at cucumber.api.junit.Cucumber.runChild(Cucumber.java:95)
	at cucumber.api.junit.Cucumber.runChild(Cucumber.java:38)
	at org.junit.runners.ParentRunner$3.run(ParentRunner.java:290)
	at org.junit.runners.ParentRunner$1.schedule(ParentRunner.java:71)
	at org.junit.runners.ParentRunner.runChildren(ParentRunner.java:288)
	at org.junit.runners.ParentRunner.access$000(ParentRunner.java:58)
	at org.junit.runners.ParentRunner$2.evaluate(ParentRunner.java:268)
	at org.junit.runners.ParentRunner.run(ParentRunner.java:363)
	at cucumber.api.junit.Cucumber.run(Cucumber.java:100)
	at org.apache.maven.surefire.junit4.JUnit4Provider.execute(JUnit4Provider.java:283)
	at org.apache.maven.surefire.junit4.JUnit4Provider.executeWithRerun(JUnit4Provider.java:173)
	at org.apache.maven.surefire.junit4.JUnit4Provider.executeTestSet(JUnit4Provider.java:153)
	at org.apache.maven.surefire.junit4.JUnit4Provider.invoke(JUnit4Provider.java:128)
	at org.apache.maven.surefire.booter.ForkedBooter.invokeProviderInSameClassLoader(ForkedBooter.java:203)
	at org.apache.maven.surefire.booter.ForkedBooter.runSuitesInProcess(ForkedBooter.java:155)
	at org.apache.maven.surefire.booter.ForkedBooter.main(ForkedBooter.java:103)
]]></error>
  </testcase>
  <testcase name="When open category with pagination" classname="Scenario: VIR-268.05 Verify that the customer is not able to add more items than 9,999 in one order" time="0">
    <skipped/>
    <system-err><![CDATA[[main] INFO net.serenitybdd.core.Serenity - STEP ERROR: java.lang.NoClassDefFoundError: Could not initialize class com.virco.locators.SiteData
[main] INFO net.serenitybdd.core.Serenity - STARTING STEP When open category with pagination
]]></system-err>
  </testcase>
  <testcase name="And click on &quot;1&quot; product image in list" classname="Scenario: VIR-268.05 Verify that the customer is not able to add more items than 9,999 in one order" time="0">
    <skipped/>
    <system-err><![CDATA[[main] INFO net.serenitybdd.core.Serenity - IGNORING STEP
[main] INFO net.serenitybdd.core.Serenity - STARTING STEP And click on "1" product image in list
]]></system-err>
  </testcase>
  <testcase name="And change product quantity to &quot;99999&quot;" classname="Scenario: VIR-268.05 Verify that the customer is not able to add more items than 9,999 in one order" time="0">
    <skipped/>
    <system-err><![CDATA[[main] INFO net.serenitybdd.core.Serenity - IGNORING STEP
[main] INFO net.serenitybdd.core.Serenity - STARTING STEP And change product quantity to "99999"
]]></system-err>
  </testcase>
  <testcase name="Then quantity on pdp is &quot;9999&quot;" classname="Scenario: VIR-268.05 Verify that the customer is not able to add more items than 9,999 in one order" time="0">
    <skipped/>
    <system-err><![CDATA[[main] INFO net.serenitybdd.core.Serenity - IGNORING STEP
[main] INFO net.serenitybdd.core.Serenity - STARTING STEP Then quantity on pdp is "9999"
]]></system-err>
  </testcase>
  <testcase name="Given open the site and login" classname="Scenario: VIR-143.01 Verify that the recommended products are shown to the customer" time="0.032">
    <error message="Could not initialize class com.virco.locators.SiteData" type="net.serenitybdd.core.exceptions.SerenityManagedException"><![CDATA[net.serenitybdd.core.exceptions.SerenityManagedException: Could not initialize class com.virco.locators.SiteData
	at com.virco.steps.serenity.CommonUserSteps.openTheSite(CommonUserSteps.java:19)
	at com.virco.steps.serenity.CommonUserSteps$$EnhancerByCGLIB$$d8541bfa.CGLIB$openTheSite$6(<generated>)
	at com.virco.steps.serenity.CommonUserSteps$$EnhancerByCGLIB$$d8541bfa$$FastClassByCGLIB$$ea8e0f86.invoke(<generated>)
	at net.sf.cglib.proxy.MethodProxy.invokeSuper(MethodProxy.java:228)
	at net.thucydides.core.steps.StepInterceptor.invokeMethod(StepInterceptor.java:372)
	at net.thucydides.core.steps.StepInterceptor.executeTestStepMethod(StepInterceptor.java:357)
	at net.thucydides.core.steps.StepInterceptor.runTestStep(StepInterceptor.java:332)
	at net.thucydides.core.steps.StepInterceptor.testStepResult(StepInterceptor.java:134)
	at net.thucydides.core.steps.StepInterceptor.intercept(StepInterceptor.java:61)
	at com.virco.steps.serenity.CommonUserSteps$$EnhancerByCGLIB$$d8541bfa.openTheSite(<generated>)
	at com.virco.steps.CommonDefinitionSteps.openTheSiteAndLogin(CommonDefinitionSteps.java:72)
	at sun.reflect.GeneratedMethodAccessor143.invoke(Unknown Source)
	at sun.reflect.DelegatingMethodAccessorImpl.invoke(DelegatingMethodAccessorImpl.java:43)
	at java.lang.reflect.Method.invoke(Method.java:498)
	at cucumber.runtime.Utils$1.call(Utils.java:40)
	at cucumber.runtime.Timeout.timeout(Timeout.java:16)
	at cucumber.runtime.Utils.invoke(Utils.java:34)
	at cucumber.runtime.java.JavaStepDefinition.execute(JavaStepDefinition.java:38)
	at cucumber.runtime.StepDefinitionMatch.runStep(StepDefinitionMatch.java:37)
	at cucumber.runtime.Runtime.runStep(Runtime.java:300)
	at cucumber.runtime.model.StepContainer.runStep(StepContainer.java:44)
	at cucumber.runtime.model.StepContainer.runSteps(StepContainer.java:39)
	at cucumber.runtime.model.CucumberScenario.run(CucumberScenario.java:44)
	at cucumber.runtime.junit.ExecutionUnitRunner.run(ExecutionUnitRunner.java:102)
	at cucumber.runtime.junit.FeatureRunner.runChild(FeatureRunner.java:63)
	at cucumber.runtime.junit.FeatureRunner.runChild(FeatureRunner.java:18)
	at org.junit.runners.ParentRunner$3.run(ParentRunner.java:290)
	at org.junit.runners.ParentRunner$1.schedule(ParentRunner.java:71)
	at org.junit.runners.ParentRunner.runChildren(ParentRunner.java:288)
	at org.junit.runners.ParentRunner.access$000(ParentRunner.java:58)
	at org.junit.runners.ParentRunner$2.evaluate(ParentRunner.java:268)
	at org.junit.runners.ParentRunner.run(ParentRunner.java:363)
	at cucumber.runtime.junit.FeatureRunner.run(FeatureRunner.java:70)
	at cucumber.api.junit.Cucumber.runChild(Cucumber.java:95)
	at cucumber.api.junit.Cucumber.runChild(Cucumber.java:38)
	at org.junit.runners.ParentRunner$3.run(ParentRunner.java:290)
	at org.junit.runners.ParentRunner$1.schedule(ParentRunner.java:71)
	at org.junit.runners.ParentRunner.runChildren(ParentRunner.java:288)
	at org.junit.runners.ParentRunner.access$000(ParentRunner.java:58)
	at org.junit.runners.ParentRunner$2.evaluate(ParentRunner.java:268)
	at org.junit.runners.ParentRunner.run(ParentRunner.java:363)
	at cucumber.api.junit.Cucumber.run(Cucumber.java:100)
	at org.apache.maven.surefire.junit4.JUnit4Provider.execute(JUnit4Provider.java:283)
	at org.apache.maven.surefire.junit4.JUnit4Provider.executeWithRerun(JUnit4Provider.java:173)
	at org.apache.maven.surefire.junit4.JUnit4Provider.executeTestSet(JUnit4Provider.java:153)
	at org.apache.maven.surefire.junit4.JUnit4Provider.invoke(JUnit4Provider.java:128)
	at org.apache.maven.surefire.booter.ForkedBooter.invokeProviderInSameClassLoader(ForkedBooter.java:203)
	at org.apache.maven.surefire.booter.ForkedBooter.runSuitesInProcess(ForkedBooter.java:155)
	at org.apache.maven.surefire.booter.ForkedBooter.main(ForkedBooter.java:103)
]]></error>
    <system-err><![CDATA[[main] INFO net.serenitybdd.core.Serenity - IGNORING STEP
[main] ERROR net.serenitybdd.core.Serenity - 
           __  _____ _____ ____ _____   _____ _    ___ _     _____ ____  
  _       / / |_   _| ____/ ___|_   _| |  ___/ \  |_ _| |   | ____|  _ \ 
 (_)_____| |    | | |  _| \___ \ | |   | |_ / _ \  | || |   |  _| | | | |
  _|_____| |    | | | |___ ___) || |   |  _/ ___ \ | || |___| |___| |_| |
 (_)     | |    |_| |_____|____/ |_|   |_|/_/   \_\___|_____|_____|____/ 
          \_\                                                            

TEST FAILED WITH ERROR: VIR-268.05 Verify that the customer is not able to add more items than 9,999 in one order
---------------------------------------------------------------------
[main] ERROR net.serenitybdd.core.Serenity - TEST FAILED AT STEP Open the site
[main] ERROR net.serenitybdd.core.Serenity - Could not initialize class com.virco.locators.SiteData
[pool-1-thread-3] INFO net.thucydides.core.reports.json.JSONTestOutcomeReporter - Generating JSON report for VIR-267.01 Verify that the following information is shown at the slot 3 to file /Users/rodionsavchuk/hybrisAutomation/virco-automatedtests/target/site/serenity/35c9da9077e7c57fa98ccabfe4de6bd840ff11eb861ed62ec8c14e5bf89b0166.json (using temp file /Users/rodionsavchuk/hybrisAutomation/virco-automatedtests/target/site/serenity/35c9da9077e7c57fa98ccabfe4de6bd840ff11eb861ed62ec8c14e5bf89b0166.json3fab8ea3-dc56-453b-a9fd-05a0946926bc)
[pool-1-thread-4] INFO net.thucydides.core.reports.json.JSONTestOutcomeReporter - Generating JSON report for VIR-267.02 Verify that the proper data are shown for the product to file /Users/rodionsavchuk/hybrisAutomation/virco-automatedtests/target/site/serenity/094df492603a7aa8ac4177664d677c86d7567daf6bcebfbf746b8bbefa289d57.json (using temp file /Users/rodionsavchuk/hybrisAutomation/virco-automatedtests/target/site/serenity/094df492603a7aa8ac4177664d677c86d7567daf6bcebfbf746b8bbefa289d57.json84b2776c-6161-4873-aa96-8deb7d1ab843)
[pool-1-thread-2] INFO net.thucydides.core.reports.json.JSONTestOutcomeReporter - Generating JSON report for VIR-267.03 Verify that the third row content slot is shown for the product when the product has at least one of these attributes to file /Users/rodionsavchuk/hybrisAutomation/virco-automatedtests/target/site/serenity/dc7832af1392c3bb03c6b8862cdfd202aa7777a247f1b7cdfc7d15037ed09721.json (using temp file /Users/rodionsavchuk/hybrisAutomation/virco-automatedtests/target/site/serenity/dc7832af1392c3bb03c6b8862cdfd202aa7777a247f1b7cdfc7d15037ed09721.jsonf1e8ec09-e840-4118-84f7-b5376869d097)
[pool-1-thread-3] INFO net.thucydides.core.reports.json.JSONTestOutcomeReporter - Generating JSON report for VIR-142.02 Verify that the customer can move through the selection path to file /Users/rodionsavchuk/hybrisAutomation/virco-automatedtests/target/site/serenity/f3172676e692a180ed5b40bf9e6ac6aaf36a696e49864d1328623a2c9936d2ca.json (using temp file /Users/rodionsavchuk/hybrisAutomation/virco-automatedtests/target/site/serenity/f3172676e692a180ed5b40bf9e6ac6aaf36a696e49864d1328623a2c9936d2ca.jsonc8582719-5da6-4b43-8ad9-90539bd148b6)
[pool-1-thread-4] INFO net.thucydides.core.reports.json.JSONTestOutcomeReporter - Generating JSON report for VIR-142.03 Verify that the customer can return from the end of the path to the previous/beginning to file /Users/rodionsavchuk/hybrisAutomation/virco-automatedtests/target/site/serenity/63d44529e362e42826319b1b9567b9d7c3557c5a99a9fd9d57b1f61354d794d3.json (using temp file /Users/rodionsavchuk/hybrisAutomation/virco-automatedtests/target/site/serenity/63d44529e362e42826319b1b9567b9d7c3557c5a99a9fd9d57b1f61354d794d3.jsonb26806c4-7d8c-439d-a4ae-3506e7cb48fe)
[pool-1-thread-2] INFO net.thucydides.core.reports.json.JSONTestOutcomeReporter - Generating JSON report for VIR-142.04 Verify that the selected data are not cleared when customer returns to file /Users/rodionsavchuk/hybrisAutomation/virco-automatedtests/target/site/serenity/1a7bafb3de91ffb02b04f7492bf566f0275aeda21444a20e864442c010630f62.json (using temp file /Users/rodionsavchuk/hybrisAutomation/virco-automatedtests/target/site/serenity/1a7bafb3de91ffb02b04f7492bf566f0275aeda21444a20e864442c010630f62.json09803611-7ff9-42bc-bbbd-c06e611e9065)
[pool-1-thread-3] INFO net.thucydides.core.reports.json.JSONTestOutcomeReporter - Generating JSON report for VIR-268.01 Verify that the customer can select the quantity of items before adding to the cart on the product details page to file /Users/rodionsavchuk/hybrisAutomation/virco-automatedtests/target/site/serenity/78e822a9904fe340137cfa2904037e4398a82dcbacb5ecba2378d399b46f6c26.json (using temp file /Users/rodionsavchuk/hybrisAutomation/virco-automatedtests/target/site/serenity/78e822a9904fe340137cfa2904037e4398a82dcbacb5ecba2378d399b46f6c26.jsonb1b85446-379e-4125-9759-cbec98faa524)
[pool-1-thread-4] INFO net.thucydides.core.reports.json.JSONTestOutcomeReporter - Generating JSON report for VIR-268.02 Verify that the customer can add quantity by dropdown to file /Users/rodionsavchuk/hybrisAutomation/virco-automatedtests/target/site/serenity/c1dd2ebe5f47d0de634de4437ecf891829ff58f5373fbe6dcf40ad2880404ed7.json (using temp file /Users/rodionsavchuk/hybrisAutomation/virco-automatedtests/target/site/serenity/c1dd2ebe5f47d0de634de4437ecf891829ff58f5373fbe6dcf40ad2880404ed7.jsone577efea-a1ed-4415-ba07-870fe60568a2)
[pool-1-thread-3] INFO net.thucydides.core.reports.json.JSONTestOutcomeReporter - Generating JSON report for VIR-268.03 Verify that the customer can add the quantity manually to file /Users/rodionsavchuk/hybrisAutomation/virco-automatedtests/target/site/serenity/6ab14b4ba3c3ba4399e3ad1c0739cc93a854f14394e1aafde6dece743c26cf52.json (using temp file /Users/rodionsavchuk/hybrisAutomation/virco-automatedtests/target/site/serenity/6ab14b4ba3c3ba4399e3ad1c0739cc93a854f14394e1aafde6dece743c26cf52.jsone619a3eb-fecb-447e-b918-e4be7813e60a)
[pool-1-thread-4] INFO net.thucydides.core.reports.json.JSONTestOutcomeReporter - Generating JSON report for VIR-268.04 Verify that the quantity is automatically moved to 1 if customer enters 0 to file /Users/rodionsavchuk/hybrisAutomation/virco-automatedtests/target/site/serenity/5c6da38f4863cdf03d76d7feb5b4876b0e92b8310b0e95c35a7e4dbf711ccdc0.json (using temp file /Users/rodionsavchuk/hybrisAutomation/virco-automatedtests/target/site/serenity/5c6da38f4863cdf03d76d7feb5b4876b0e92b8310b0e95c35a7e4dbf711ccdc0.jsonaeadb7b2-42ca-412e-ae5b-35a79d8a4ab0)
[pool-1-thread-3] INFO net.thucydides.core.reports.json.JSONTestOutcomeReporter - Generating JSON report for VIR-268.05 Verify that the customer is not able to add more items than 9,999 in one order to file /Users/rodionsavchuk/hybrisAutomation/virco-automatedtests/target/site/serenity/5b839a68bd67e36823a006aac4532c43fd4cffeab4940640ea6853e452197e9b.json (using temp file /Users/rodionsavchuk/hybrisAutomation/virco-automatedtests/target/site/serenity/5b839a68bd67e36823a006aac4532c43fd4cffeab4940640ea6853e452197e9b.json8bc424a7-4508-4ae6-b547-c7d6ecb82a33)
[pool-1-thread-1] INFO net.thucydides.core.reports.json.JSONTestOutcomeReporter - Generating JSON report for VIR-142.01 Verify that the selection path is shown to the customer to file /Users/rodionsavchuk/hybrisAutomation/virco-automatedtests/target/site/serenity/a834828f1d3b72a5d3cf97d5448a79eefe869ccaba5a5296f3919629801fb136.json (using temp file /Users/rodionsavchuk/hybrisAutomation/virco-automatedtests/target/site/serenity/a834828f1d3b72a5d3cf97d5448a79eefe869ccaba5a5296f3919629801fb136.json1f5aee3e-25ee-42cf-836e-1cd459b76d07)
[pool-1-thread-4] INFO net.thucydides.core.reports.html.HtmlAcceptanceTestReporter - GENERATING HTML REPORT FOR PDP-10 - Configurations:VIR-267.02 Verify that the proper data are shown for the product in 094df492603a7aa8ac4177664d677c86d7567daf6bcebfbf746b8bbefa289d57.html in directory target/site/serenity  
[pool-1-thread-2] INFO net.thucydides.core.reports.html.HtmlAcceptanceTestReporter - GENERATING HTML REPORT FOR PDP-10 - Configurations:VIR-267.01 Verify that the following information is shown at the slot 3 in 35c9da9077e7c57fa98ccabfe4de6bd840ff11eb861ed62ec8c14e5bf89b0166.html in directory target/site/serenity  
[pool-1-thread-3] INFO net.thucydides.core.reports.html.HtmlAcceptanceTestReporter - GENERATING HTML REPORT FOR PDP-10 - Configurations:VIR-267.03 Verify that the third row content slot is shown for the product when the product has at least one of these attributes in dc7832af1392c3bb03c6b8862cdfd202aa7777a247f1b7cdfc7d15037ed09721.html in directory target/site/serenity  
[pool-1-thread-4] INFO net.thucydides.core.reports.html.HtmlAcceptanceTestReporter - GENERATING HTML REPORT FOR PDP-11 - Descriptive Path Selection:VIR-142.02 Verify that the customer can move through the selection path in f3172676e692a180ed5b40bf9e6ac6aaf36a696e49864d1328623a2c9936d2ca.html in directory target/site/serenity  
[pool-1-thread-2] INFO net.thucydides.core.reports.html.HtmlAcceptanceTestReporter - GENERATING HTML REPORT FOR PDP-11 - Descriptive Path Selection:VIR-142.04 Verify that the selected data are not cleared when customer returns in 1a7bafb3de91ffb02b04f7492bf566f0275aeda21444a20e864442c010630f62.html in directory target/site/serenity  
[pool-1-thread-3] INFO net.thucydides.core.reports.html.HtmlAcceptanceTestReporter - GENERATING HTML REPORT FOR PDP-11 - Descriptive Path Selection:VIR-142.03 Verify that the customer can return from the end of the path to the previous/beginning in 63d44529e362e42826319b1b9567b9d7c3557c5a99a9fd9d57b1f61354d794d3.html in directory target/site/serenity  
[pool-1-thread-4] INFO net.thucydides.core.reports.html.HtmlAcceptanceTestReporter - GENERATING HTML REPORT FOR PDP-12 - Add/Remove PDP:VIR-268.01 Verify that the customer can select the quantity of items before adding to the cart on the product details page in 78e822a9904fe340137cfa2904037e4398a82dcbacb5ecba2378d399b46f6c26.html in directory target/site/serenity  
[pool-1-thread-2] INFO net.thucydides.core.reports.html.HtmlAcceptanceTestReporter - GENERATING HTML REPORT FOR PDP-12 - Add/Remove PDP:VIR-268.02 Verify that the customer can add quantity by dropdown in c1dd2ebe5f47d0de634de4437ecf891829ff58f5373fbe6dcf40ad2880404ed7.html in directory target/site/serenity  
[pool-1-thread-3] INFO net.thucydides.core.reports.html.HtmlAcceptanceTestReporter - GENERATING HTML REPORT FOR PDP-12 - Add/Remove PDP:VIR-268.03 Verify that the customer can add the quantity manually in 6ab14b4ba3c3ba4399e3ad1c0739cc93a854f14394e1aafde6dece743c26cf52.html in directory target/site/serenity  
[pool-1-thread-4] INFO net.thucydides.core.reports.html.HtmlAcceptanceTestReporter - GENERATING HTML REPORT FOR PDP-12 - Add/Remove PDP:VIR-268.04 Verify that the quantity is automatically moved to 1 if customer enters 0 in 5c6da38f4863cdf03d76d7feb5b4876b0e92b8310b0e95c35a7e4dbf711ccdc0.html in directory target/site/serenity  
[pool-1-thread-2] INFO net.thucydides.core.reports.html.HtmlAcceptanceTestReporter - GENERATING HTML REPORT FOR PDP-12 - Add/Remove PDP:VIR-268.05 Verify that the customer is not able to add more items than 9,999 in one order in 5b839a68bd67e36823a006aac4532c43fd4cffeab4940640ea6853e452197e9b.html in directory target/site/serenity  
[pool-1-thread-1] INFO net.thucydides.core.reports.html.HtmlAcceptanceTestReporter - GENERATING HTML REPORT FOR PDP-11 - Descriptive Path Selection:VIR-142.01 Verify that the selection path is shown to the customer in a834828f1d3b72a5d3cf97d5448a79eefe869ccaba5a5296f3919629801fb136.html in directory target/site/serenity  
[main] INFO net.serenitybdd.core.Serenity - Test Suite Started: PDP-13 - Cross-Sell Products
[main] INFO net.serenitybdd.core.Serenity - 
 _____ _____ ____ _____   ____ _____  _    ____ _____ _____ ____  
|_   _| ____/ ___|_   _| / ___|_   _|/ \  |  _ \_   _| ____|  _ \ 
  | | |  _| \___ \ | |   \___ \ | | / _ \ | |_) || | |  _| | | | |
  | | | |___ ___) || |    ___) || |/ ___ \|  _ < | | | |___| |_| |
  |_| |_____|____/ |_|   |____/ |_/_/   \_\_| \_\|_| |_____|____/ 
                                                                  

TEST STARTED: VIR-143.01 Verify that the recommended products are shown to the customer
-------------------------------------------------------------------(pdp-13---cross-sell-products;vir-143.01-verify-that-the-recommended-products-are-shown-to-the-customer)
[main] INFO net.serenitybdd.core.Serenity - STARTING STEP Given open the site and login
[main] INFO net.serenitybdd.core.Serenity - STARTING STEP Open the site
[main] INFO net.serenitybdd.core.Serenity - STEP ERROR: net.serenitybdd.core.exceptions.SerenityManagedException: Could not initialize class com.virco.locators.SiteData
]]></system-err>
  </testcase>
  <testcase name="Scenario: VIR-143.01 Verify that the recommended products are shown to the customer" classname="Scenario: VIR-143.01 Verify that the recommended products are shown to the customer" time="0.032">
    <error message="Could not initialize class com.virco.locators.SiteData" type="net.serenitybdd.core.exceptions.SerenityManagedException"><![CDATA[net.serenitybdd.core.exceptions.SerenityManagedException: Could not initialize class com.virco.locators.SiteData
	at com.virco.steps.serenity.CommonUserSteps.openTheSite(CommonUserSteps.java:19)
	at com.virco.steps.serenity.CommonUserSteps$$EnhancerByCGLIB$$d8541bfa.CGLIB$openTheSite$6(<generated>)
	at com.virco.steps.serenity.CommonUserSteps$$EnhancerByCGLIB$$d8541bfa$$FastClassByCGLIB$$ea8e0f86.invoke(<generated>)
	at net.sf.cglib.proxy.MethodProxy.invokeSuper(MethodProxy.java:228)
	at net.thucydides.core.steps.StepInterceptor.invokeMethod(StepInterceptor.java:372)
	at net.thucydides.core.steps.StepInterceptor.executeTestStepMethod(StepInterceptor.java:357)
	at net.thucydides.core.steps.StepInterceptor.runTestStep(StepInterceptor.java:332)
	at net.thucydides.core.steps.StepInterceptor.testStepResult(StepInterceptor.java:134)
	at net.thucydides.core.steps.StepInterceptor.intercept(StepInterceptor.java:61)
	at com.virco.steps.serenity.CommonUserSteps$$EnhancerByCGLIB$$d8541bfa.openTheSite(<generated>)
	at com.virco.steps.CommonDefinitionSteps.openTheSiteAndLogin(CommonDefinitionSteps.java:72)
	at sun.reflect.GeneratedMethodAccessor143.invoke(Unknown Source)
	at sun.reflect.DelegatingMethodAccessorImpl.invoke(DelegatingMethodAccessorImpl.java:43)
	at java.lang.reflect.Method.invoke(Method.java:498)
	at cucumber.runtime.Utils$1.call(Utils.java:40)
	at cucumber.runtime.Timeout.timeout(Timeout.java:16)
	at cucumber.runtime.Utils.invoke(Utils.java:34)
	at cucumber.runtime.java.JavaStepDefinition.execute(JavaStepDefinition.java:38)
	at cucumber.runtime.StepDefinitionMatch.runStep(StepDefinitionMatch.java:37)
	at cucumber.runtime.Runtime.runStep(Runtime.java:300)
	at cucumber.runtime.model.StepContainer.runStep(StepContainer.java:44)
	at cucumber.runtime.model.StepContainer.runSteps(StepContainer.java:39)
	at cucumber.runtime.model.CucumberScenario.run(CucumberScenario.java:44)
	at cucumber.runtime.junit.ExecutionUnitRunner.run(ExecutionUnitRunner.java:102)
	at cucumber.runtime.junit.FeatureRunner.runChild(FeatureRunner.java:63)
	at cucumber.runtime.junit.FeatureRunner.runChild(FeatureRunner.java:18)
	at org.junit.runners.ParentRunner$3.run(ParentRunner.java:290)
	at org.junit.runners.ParentRunner$1.schedule(ParentRunner.java:71)
	at org.junit.runners.ParentRunner.runChildren(ParentRunner.java:288)
	at org.junit.runners.ParentRunner.access$000(ParentRunner.java:58)
	at org.junit.runners.ParentRunner$2.evaluate(ParentRunner.java:268)
	at org.junit.runners.ParentRunner.run(ParentRunner.java:363)
	at cucumber.runtime.junit.FeatureRunner.run(FeatureRunner.java:70)
	at cucumber.api.junit.Cucumber.runChild(Cucumber.java:95)
	at cucumber.api.junit.Cucumber.runChild(Cucumber.java:38)
	at org.junit.runners.ParentRunner$3.run(ParentRunner.java:290)
	at org.junit.runners.ParentRunner$1.schedule(ParentRunner.java:71)
	at org.junit.runners.ParentRunner.runChildren(ParentRunner.java:288)
	at org.junit.runners.ParentRunner.access$000(ParentRunner.java:58)
	at org.junit.runners.ParentRunner$2.evaluate(ParentRunner.java:268)
	at org.junit.runners.ParentRunner.run(ParentRunner.java:363)
	at cucumber.api.junit.Cucumber.run(Cucumber.java:100)
	at org.apache.maven.surefire.junit4.JUnit4Provider.execute(JUnit4Provider.java:283)
	at org.apache.maven.surefire.junit4.JUnit4Provider.executeWithRerun(JUnit4Provider.java:173)
	at org.apache.maven.surefire.junit4.JUnit4Provider.executeTestSet(JUnit4Provider.java:153)
	at org.apache.maven.surefire.junit4.JUnit4Provider.invoke(JUnit4Provider.java:128)
	at org.apache.maven.surefire.booter.ForkedBooter.invokeProviderInSameClassLoader(ForkedBooter.java:203)
	at org.apache.maven.surefire.booter.ForkedBooter.runSuitesInProcess(ForkedBooter.java:155)
	at org.apache.maven.surefire.booter.ForkedBooter.main(ForkedBooter.java:103)
]]></error>
  </testcase>
  <testcase name="When open pdp with product that has &quot;This Product Goes Well With&quot;" classname="Scenario: VIR-143.01 Verify that the recommended products are shown to the customer" time="0">
    <skipped/>
    <system-err><![CDATA[[main] INFO net.serenitybdd.core.Serenity - STEP ERROR: java.lang.NoClassDefFoundError: Could not initialize class com.virco.locators.SiteData
[main] INFO net.serenitybdd.core.Serenity - STARTING STEP When open pdp with product that has "This Product Goes Well With"
]]></system-err>
  </testcase>
  <testcase name="Then &quot;Cross-Sell&quot; products are shown" classname="Scenario: VIR-143.01 Verify that the recommended products are shown to the customer" time="0">
    <skipped/>
    <system-err><![CDATA[[main] INFO net.serenitybdd.core.Serenity - IGNORING STEP
[main] INFO net.serenitybdd.core.Serenity - STARTING STEP Then "Cross-Sell" products are shown
]]></system-err>
  </testcase>
  <testcase name="Given open the site and login" classname="Scenario: VIR-144.01 Verify that the similar products are shown to the customer" time="0.004">
    <error message="Could not initialize class com.virco.locators.SiteData" type="net.serenitybdd.core.exceptions.SerenityManagedException"><![CDATA[net.serenitybdd.core.exceptions.SerenityManagedException: Could not initialize class com.virco.locators.SiteData
	at com.virco.steps.serenity.CommonUserSteps.openTheSite(CommonUserSteps.java:19)
	at com.virco.steps.serenity.CommonUserSteps$$EnhancerByCGLIB$$d8541bfa.CGLIB$openTheSite$6(<generated>)
	at com.virco.steps.serenity.CommonUserSteps$$EnhancerByCGLIB$$d8541bfa$$FastClassByCGLIB$$ea8e0f86.invoke(<generated>)
	at net.sf.cglib.proxy.MethodProxy.invokeSuper(MethodProxy.java:228)
	at net.thucydides.core.steps.StepInterceptor.invokeMethod(StepInterceptor.java:372)
	at net.thucydides.core.steps.StepInterceptor.executeTestStepMethod(StepInterceptor.java:357)
	at net.thucydides.core.steps.StepInterceptor.runTestStep(StepInterceptor.java:332)
	at net.thucydides.core.steps.StepInterceptor.testStepResult(StepInterceptor.java:134)
	at net.thucydides.core.steps.StepInterceptor.intercept(StepInterceptor.java:61)
	at com.virco.steps.serenity.CommonUserSteps$$EnhancerByCGLIB$$d8541bfa.openTheSite(<generated>)
	at com.virco.steps.CommonDefinitionSteps.openTheSiteAndLogin(CommonDefinitionSteps.java:72)
	at sun.reflect.GeneratedMethodAccessor143.invoke(Unknown Source)
	at sun.reflect.DelegatingMethodAccessorImpl.invoke(DelegatingMethodAccessorImpl.java:43)
	at java.lang.reflect.Method.invoke(Method.java:498)
	at cucumber.runtime.Utils$1.call(Utils.java:40)
	at cucumber.runtime.Timeout.timeout(Timeout.java:16)
	at cucumber.runtime.Utils.invoke(Utils.java:34)
	at cucumber.runtime.java.JavaStepDefinition.execute(JavaStepDefinition.java:38)
	at cucumber.runtime.StepDefinitionMatch.runStep(StepDefinitionMatch.java:37)
	at cucumber.runtime.Runtime.runStep(Runtime.java:300)
	at cucumber.runtime.model.StepContainer.runStep(StepContainer.java:44)
	at cucumber.runtime.model.StepContainer.runSteps(StepContainer.java:39)
	at cucumber.runtime.model.CucumberScenario.run(CucumberScenario.java:44)
	at cucumber.runtime.junit.ExecutionUnitRunner.run(ExecutionUnitRunner.java:102)
	at cucumber.runtime.junit.FeatureRunner.runChild(FeatureRunner.java:63)
	at cucumber.runtime.junit.FeatureRunner.runChild(FeatureRunner.java:18)
	at org.junit.runners.ParentRunner$3.run(ParentRunner.java:290)
	at org.junit.runners.ParentRunner$1.schedule(ParentRunner.java:71)
	at org.junit.runners.ParentRunner.runChildren(ParentRunner.java:288)
	at org.junit.runners.ParentRunner.access$000(ParentRunner.java:58)
	at org.junit.runners.ParentRunner$2.evaluate(ParentRunner.java:268)
	at org.junit.runners.ParentRunner.run(ParentRunner.java:363)
	at cucumber.runtime.junit.FeatureRunner.run(FeatureRunner.java:70)
	at cucumber.api.junit.Cucumber.runChild(Cucumber.java:95)
	at cucumber.api.junit.Cucumber.runChild(Cucumber.java:38)
	at org.junit.runners.ParentRunner$3.run(ParentRunner.java:290)
	at org.junit.runners.ParentRunner$1.schedule(ParentRunner.java:71)
	at org.junit.runners.ParentRunner.runChildren(ParentRunner.java:288)
	at org.junit.runners.ParentRunner.access$000(ParentRunner.java:58)
	at org.junit.runners.ParentRunner$2.evaluate(ParentRunner.java:268)
	at org.junit.runners.ParentRunner.run(ParentRunner.java:363)
	at cucumber.api.junit.Cucumber.run(Cucumber.java:100)
	at org.apache.maven.surefire.junit4.JUnit4Provider.execute(JUnit4Provider.java:283)
	at org.apache.maven.surefire.junit4.JUnit4Provider.executeWithRerun(JUnit4Provider.java:173)
	at org.apache.maven.surefire.junit4.JUnit4Provider.executeTestSet(JUnit4Provider.java:153)
	at org.apache.maven.surefire.junit4.JUnit4Provider.invoke(JUnit4Provider.java:128)
	at org.apache.maven.surefire.booter.ForkedBooter.invokeProviderInSameClassLoader(ForkedBooter.java:203)
	at org.apache.maven.surefire.booter.ForkedBooter.runSuitesInProcess(ForkedBooter.java:155)
	at org.apache.maven.surefire.booter.ForkedBooter.main(ForkedBooter.java:103)
]]></error>
    <system-err><![CDATA[[main] INFO net.serenitybdd.core.Serenity - IGNORING STEP
[main] ERROR net.serenitybdd.core.Serenity - 
           __  _____ _____ ____ _____   _____ _    ___ _     _____ ____  
  _       / / |_   _| ____/ ___|_   _| |  ___/ \  |_ _| |   | ____|  _ \ 
 (_)_____| |    | | |  _| \___ \ | |   | |_ / _ \  | || |   |  _| | | | |
  _|_____| |    | | | |___ ___) || |   |  _/ ___ \ | || |___| |___| |_| |
 (_)     | |    |_| |_____|____/ |_|   |_|/_/   \_\___|_____|_____|____/ 
          \_\                                                            

TEST FAILED WITH ERROR: VIR-143.01 Verify that the recommended products are shown to the customer
---------------------------------------------------------------------
[main] ERROR net.serenitybdd.core.Serenity - TEST FAILED AT STEP Open the site
[main] ERROR net.serenitybdd.core.Serenity - Could not initialize class com.virco.locators.SiteData
[pool-1-thread-3] INFO net.thucydides.core.reports.json.JSONTestOutcomeReporter - Generating JSON report for VIR-267.02 Verify that the proper data are shown for the product to file /Users/rodionsavchuk/hybrisAutomation/virco-automatedtests/target/site/serenity/094df492603a7aa8ac4177664d677c86d7567daf6bcebfbf746b8bbefa289d57.json (using temp file /Users/rodionsavchuk/hybrisAutomation/virco-automatedtests/target/site/serenity/094df492603a7aa8ac4177664d677c86d7567daf6bcebfbf746b8bbefa289d57.json0ae5b2bb-26ee-41be-bb62-197a0b1f5c80)
[pool-1-thread-4] INFO net.thucydides.core.reports.json.JSONTestOutcomeReporter - Generating JSON report for VIR-267.01 Verify that the following information is shown at the slot 3 to file /Users/rodionsavchuk/hybrisAutomation/virco-automatedtests/target/site/serenity/35c9da9077e7c57fa98ccabfe4de6bd840ff11eb861ed62ec8c14e5bf89b0166.json (using temp file /Users/rodionsavchuk/hybrisAutomation/virco-automatedtests/target/site/serenity/35c9da9077e7c57fa98ccabfe4de6bd840ff11eb861ed62ec8c14e5bf89b0166.json7e2deea2-e9a3-4b5b-b14e-f61c99c39908)
[pool-1-thread-2] INFO net.thucydides.core.reports.json.JSONTestOutcomeReporter - Generating JSON report for VIR-267.03 Verify that the third row content slot is shown for the product when the product has at least one of these attributes to file /Users/rodionsavchuk/hybrisAutomation/virco-automatedtests/target/site/serenity/dc7832af1392c3bb03c6b8862cdfd202aa7777a247f1b7cdfc7d15037ed09721.json (using temp file /Users/rodionsavchuk/hybrisAutomation/virco-automatedtests/target/site/serenity/dc7832af1392c3bb03c6b8862cdfd202aa7777a247f1b7cdfc7d15037ed09721.json597f5e22-2662-4bc9-96e0-4ab391c965c8)
[pool-1-thread-1] INFO net.thucydides.core.reports.json.JSONTestOutcomeReporter - Generating JSON report for VIR-142.01 Verify that the selection path is shown to the customer to file /Users/rodionsavchuk/hybrisAutomation/virco-automatedtests/target/site/serenity/a834828f1d3b72a5d3cf97d5448a79eefe869ccaba5a5296f3919629801fb136.json (using temp file /Users/rodionsavchuk/hybrisAutomation/virco-automatedtests/target/site/serenity/a834828f1d3b72a5d3cf97d5448a79eefe869ccaba5a5296f3919629801fb136.jsonafb90a9e-1766-4025-bd84-866170bd27f7)
[pool-1-thread-2] INFO net.thucydides.core.reports.json.JSONTestOutcomeReporter - Generating JSON report for VIR-142.02 Verify that the customer can move through the selection path to file /Users/rodionsavchuk/hybrisAutomation/virco-automatedtests/target/site/serenity/f3172676e692a180ed5b40bf9e6ac6aaf36a696e49864d1328623a2c9936d2ca.json (using temp file /Users/rodionsavchuk/hybrisAutomation/virco-automatedtests/target/site/serenity/f3172676e692a180ed5b40bf9e6ac6aaf36a696e49864d1328623a2c9936d2ca.json31b2c1f6-e8b8-41c9-95d7-889b8aad80c2)
[pool-1-thread-4] INFO net.thucydides.core.reports.json.JSONTestOutcomeReporter - Generating JSON report for VIR-142.04 Verify that the selected data are not cleared when customer returns to file /Users/rodionsavchuk/hybrisAutomation/virco-automatedtests/target/site/serenity/1a7bafb3de91ffb02b04f7492bf566f0275aeda21444a20e864442c010630f62.json (using temp file /Users/rodionsavchuk/hybrisAutomation/virco-automatedtests/target/site/serenity/1a7bafb3de91ffb02b04f7492bf566f0275aeda21444a20e864442c010630f62.json927aa7e4-19fc-4b9d-892f-cdc1ffbafef3)
[pool-1-thread-3] INFO net.thucydides.core.reports.json.JSONTestOutcomeReporter - Generating JSON report for VIR-268.01 Verify that the customer can select the quantity of items before adding to the cart on the product details page to file /Users/rodionsavchuk/hybrisAutomation/virco-automatedtests/target/site/serenity/78e822a9904fe340137cfa2904037e4398a82dcbacb5ecba2378d399b46f6c26.json (using temp file /Users/rodionsavchuk/hybrisAutomation/virco-automatedtests/target/site/serenity/78e822a9904fe340137cfa2904037e4398a82dcbacb5ecba2378d399b46f6c26.json7dcd6a49-95cd-46cd-b18b-eb46990b0891)
[pool-1-thread-1] INFO net.thucydides.core.reports.json.JSONTestOutcomeReporter - Generating JSON report for VIR-142.03 Verify that the customer can return from the end of the path to the previous/beginning to file /Users/rodionsavchuk/hybrisAutomation/virco-automatedtests/target/site/serenity/63d44529e362e42826319b1b9567b9d7c3557c5a99a9fd9d57b1f61354d794d3.json (using temp file /Users/rodionsavchuk/hybrisAutomation/virco-automatedtests/target/site/serenity/63d44529e362e42826319b1b9567b9d7c3557c5a99a9fd9d57b1f61354d794d3.jsond9df9afa-577b-42f6-aef8-e3cf2b38bb9d)
[pool-1-thread-4] INFO net.thucydides.core.reports.json.JSONTestOutcomeReporter - Generating JSON report for VIR-268.02 Verify that the customer can add quantity by dropdown to file /Users/rodionsavchuk/hybrisAutomation/virco-automatedtests/target/site/serenity/c1dd2ebe5f47d0de634de4437ecf891829ff58f5373fbe6dcf40ad2880404ed7.json (using temp file /Users/rodionsavchuk/hybrisAutomation/virco-automatedtests/target/site/serenity/c1dd2ebe5f47d0de634de4437ecf891829ff58f5373fbe6dcf40ad2880404ed7.json479d0d81-e140-4fdd-bb0f-e185f5a173d4)
[pool-1-thread-2] INFO net.thucydides.core.reports.json.JSONTestOutcomeReporter - Generating JSON report for VIR-268.03 Verify that the customer can add the quantity manually to file /Users/rodionsavchuk/hybrisAutomation/virco-automatedtests/target/site/serenity/6ab14b4ba3c3ba4399e3ad1c0739cc93a854f14394e1aafde6dece743c26cf52.json (using temp file /Users/rodionsavchuk/hybrisAutomation/virco-automatedtests/target/site/serenity/6ab14b4ba3c3ba4399e3ad1c0739cc93a854f14394e1aafde6dece743c26cf52.json8f5ad6ed-e811-4076-9713-bd8e09dfefd0)
[pool-1-thread-4] INFO net.thucydides.core.reports.json.JSONTestOutcomeReporter - Generating JSON report for VIR-268.05 Verify that the customer is not able to add more items than 9,999 in one order to file /Users/rodionsavchuk/hybrisAutomation/virco-automatedtests/target/site/serenity/5b839a68bd67e36823a006aac4532c43fd4cffeab4940640ea6853e452197e9b.json (using temp file /Users/rodionsavchuk/hybrisAutomation/virco-automatedtests/target/site/serenity/5b839a68bd67e36823a006aac4532c43fd4cffeab4940640ea6853e452197e9b.json0538cebb-c98a-45fd-aa01-92f3b8e5d41b)
[pool-1-thread-1] INFO net.thucydides.core.reports.json.JSONTestOutcomeReporter - Generating JSON report for VIR-268.04 Verify that the quantity is automatically moved to 1 if customer enters 0 to file /Users/rodionsavchuk/hybrisAutomation/virco-automatedtests/target/site/serenity/5c6da38f4863cdf03d76d7feb5b4876b0e92b8310b0e95c35a7e4dbf711ccdc0.json (using temp file /Users/rodionsavchuk/hybrisAutomation/virco-automatedtests/target/site/serenity/5c6da38f4863cdf03d76d7feb5b4876b0e92b8310b0e95c35a7e4dbf711ccdc0.jsonb4aafaab-a1a3-4e63-af8a-721670eab81d)
[pool-1-thread-3] INFO net.thucydides.core.reports.json.JSONTestOutcomeReporter - Generating JSON report for VIR-143.01 Verify that the recommended products are shown to the customer to file /Users/rodionsavchuk/hybrisAutomation/virco-automatedtests/target/site/serenity/227c7340caf1e90ebddf4cebcfdfb28a52a59d8fd1ec72e8927d0a6d0d25e416.json (using temp file /Users/rodionsavchuk/hybrisAutomation/virco-automatedtests/target/site/serenity/227c7340caf1e90ebddf4cebcfdfb28a52a59d8fd1ec72e8927d0a6d0d25e416.json522d9d17-ac8b-4c79-9861-5cf5b7b04237)
[pool-1-thread-3] INFO net.thucydides.core.reports.html.HtmlAcceptanceTestReporter - GENERATING HTML REPORT FOR PDP-10 - Configurations:VIR-267.03 Verify that the third row content slot is shown for the product when the product has at least one of these attributes in dc7832af1392c3bb03c6b8862cdfd202aa7777a247f1b7cdfc7d15037ed09721.html in directory target/site/serenity  
[pool-1-thread-2] INFO net.thucydides.core.reports.html.HtmlAcceptanceTestReporter - GENERATING HTML REPORT FOR PDP-10 - Configurations:VIR-267.01 Verify that the following information is shown at the slot 3 in 35c9da9077e7c57fa98ccabfe4de6bd840ff11eb861ed62ec8c14e5bf89b0166.html in directory target/site/serenity  
[pool-1-thread-3] INFO net.thucydides.core.reports.html.HtmlAcceptanceTestReporter - GENERATING HTML REPORT FOR PDP-11 - Descriptive Path Selection:VIR-142.02 Verify that the customer can move through the selection path in f3172676e692a180ed5b40bf9e6ac6aaf36a696e49864d1328623a2c9936d2ca.html in directory target/site/serenity  
[pool-1-thread-4] INFO net.thucydides.core.reports.html.HtmlAcceptanceTestReporter - GENERATING HTML REPORT FOR PDP-10 - Configurations:VIR-267.02 Verify that the proper data are shown for the product in 094df492603a7aa8ac4177664d677c86d7567daf6bcebfbf746b8bbefa289d57.html in directory target/site/serenity  
[pool-1-thread-3] INFO net.thucydides.core.reports.html.HtmlAcceptanceTestReporter - GENERATING HTML REPORT FOR PDP-11 - Descriptive Path Selection:VIR-142.03 Verify that the customer can return from the end of the path to the previous/beginning in 63d44529e362e42826319b1b9567b9d7c3557c5a99a9fd9d57b1f61354d794d3.html in directory target/site/serenity  
[pool-1-thread-2] INFO net.thucydides.core.reports.html.HtmlAcceptanceTestReporter - GENERATING HTML REPORT FOR PDP-11 - Descriptive Path Selection:VIR-142.04 Verify that the selected data are not cleared when customer returns in 1a7bafb3de91ffb02b04f7492bf566f0275aeda21444a20e864442c010630f62.html in directory target/site/serenity  
[pool-1-thread-4] INFO net.thucydides.core.reports.html.HtmlAcceptanceTestReporter - GENERATING HTML REPORT FOR PDP-12 - Add/Remove PDP:VIR-268.01 Verify that the customer can select the quantity of items before adding to the cart on the product details page in 78e822a9904fe340137cfa2904037e4398a82dcbacb5ecba2378d399b46f6c26.html in directory target/site/serenity  
[pool-1-thread-1] INFO net.thucydides.core.reports.html.HtmlAcceptanceTestReporter - GENERATING HTML REPORT FOR PDP-11 - Descriptive Path Selection:VIR-142.01 Verify that the selection path is shown to the customer in a834828f1d3b72a5d3cf97d5448a79eefe869ccaba5a5296f3919629801fb136.html in directory target/site/serenity  
[pool-1-thread-3] INFO net.thucydides.core.reports.html.HtmlAcceptanceTestReporter - GENERATING HTML REPORT FOR PDP-12 - Add/Remove PDP:VIR-268.02 Verify that the customer can add quantity by dropdown in c1dd2ebe5f47d0de634de4437ecf891829ff58f5373fbe6dcf40ad2880404ed7.html in directory target/site/serenity  
[pool-1-thread-4] INFO net.thucydides.core.reports.html.HtmlAcceptanceTestReporter - GENERATING HTML REPORT FOR PDP-12 - Add/Remove PDP:VIR-268.04 Verify that the quantity is automatically moved to 1 if customer enters 0 in 5c6da38f4863cdf03d76d7feb5b4876b0e92b8310b0e95c35a7e4dbf711ccdc0.html in directory target/site/serenity  
[pool-1-thread-1] INFO net.thucydides.core.reports.html.HtmlAcceptanceTestReporter - GENERATING HTML REPORT FOR PDP-13 - Cross-Sell Products:VIR-143.01 Verify that the recommended products are shown to the customer in 227c7340caf1e90ebddf4cebcfdfb28a52a59d8fd1ec72e8927d0a6d0d25e416.html in directory target/site/serenity  
[pool-1-thread-3] INFO net.thucydides.core.reports.html.HtmlAcceptanceTestReporter - GENERATING HTML REPORT FOR PDP-12 - Add/Remove PDP:VIR-268.05 Verify that the customer is not able to add more items than 9,999 in one order in 5b839a68bd67e36823a006aac4532c43fd4cffeab4940640ea6853e452197e9b.html in directory target/site/serenity  
[pool-1-thread-2] INFO net.thucydides.core.reports.html.HtmlAcceptanceTestReporter - GENERATING HTML REPORT FOR PDP-12 - Add/Remove PDP:VIR-268.03 Verify that the customer can add the quantity manually in 6ab14b4ba3c3ba4399e3ad1c0739cc93a854f14394e1aafde6dece743c26cf52.html in directory target/site/serenity  
[main] INFO net.serenitybdd.core.Serenity - Test Suite Started: PDP-14 - Up-Sell Products
[main] INFO net.serenitybdd.core.Serenity - 
 _____ _____ ____ _____   ____ _____  _    ____ _____ _____ ____  
|_   _| ____/ ___|_   _| / ___|_   _|/ \  |  _ \_   _| ____|  _ \ 
  | | |  _| \___ \ | |   \___ \ | | / _ \ | |_) || | |  _| | | | |
  | | | |___ ___) || |    ___) || |/ ___ \|  _ < | | | |___| |_| |
  |_| |_____|____/ |_|   |____/ |_/_/   \_\_| \_\|_| |_____|____/ 
                                                                  

TEST STARTED: VIR-144.01 Verify that the similar products are shown to the customer
-------------------------------------------------------------------(pdp-14---up-sell-products;vir-144.01-verify-that-the-similar-products-are-shown-to-the-customer)
[main] INFO net.serenitybdd.core.Serenity - STARTING STEP Given open the site and login
[main] INFO net.serenitybdd.core.Serenity - STARTING STEP Open the site
[main] INFO net.serenitybdd.core.Serenity - STEP ERROR: net.serenitybdd.core.exceptions.SerenityManagedException: Could not initialize class com.virco.locators.SiteData
]]></system-err>
  </testcase>
  <testcase name="Scenario: VIR-144.01 Verify that the similar products are shown to the customer" classname="Scenario: VIR-144.01 Verify that the similar products are shown to the customer" time="0.006">
    <error message="Could not initialize class com.virco.locators.SiteData" type="net.serenitybdd.core.exceptions.SerenityManagedException"><![CDATA[net.serenitybdd.core.exceptions.SerenityManagedException: Could not initialize class com.virco.locators.SiteData
	at com.virco.steps.serenity.CommonUserSteps.openTheSite(CommonUserSteps.java:19)
	at com.virco.steps.serenity.CommonUserSteps$$EnhancerByCGLIB$$d8541bfa.CGLIB$openTheSite$6(<generated>)
	at com.virco.steps.serenity.CommonUserSteps$$EnhancerByCGLIB$$d8541bfa$$FastClassByCGLIB$$ea8e0f86.invoke(<generated>)
	at net.sf.cglib.proxy.MethodProxy.invokeSuper(MethodProxy.java:228)
	at net.thucydides.core.steps.StepInterceptor.invokeMethod(StepInterceptor.java:372)
	at net.thucydides.core.steps.StepInterceptor.executeTestStepMethod(StepInterceptor.java:357)
	at net.thucydides.core.steps.StepInterceptor.runTestStep(StepInterceptor.java:332)
	at net.thucydides.core.steps.StepInterceptor.testStepResult(StepInterceptor.java:134)
	at net.thucydides.core.steps.StepInterceptor.intercept(StepInterceptor.java:61)
	at com.virco.steps.serenity.CommonUserSteps$$EnhancerByCGLIB$$d8541bfa.openTheSite(<generated>)
	at com.virco.steps.CommonDefinitionSteps.openTheSiteAndLogin(CommonDefinitionSteps.java:72)
	at sun.reflect.GeneratedMethodAccessor143.invoke(Unknown Source)
	at sun.reflect.DelegatingMethodAccessorImpl.invoke(DelegatingMethodAccessorImpl.java:43)
	at java.lang.reflect.Method.invoke(Method.java:498)
	at cucumber.runtime.Utils$1.call(Utils.java:40)
	at cucumber.runtime.Timeout.timeout(Timeout.java:16)
	at cucumber.runtime.Utils.invoke(Utils.java:34)
	at cucumber.runtime.java.JavaStepDefinition.execute(JavaStepDefinition.java:38)
	at cucumber.runtime.StepDefinitionMatch.runStep(StepDefinitionMatch.java:37)
	at cucumber.runtime.Runtime.runStep(Runtime.java:300)
	at cucumber.runtime.model.StepContainer.runStep(StepContainer.java:44)
	at cucumber.runtime.model.StepContainer.runSteps(StepContainer.java:39)
	at cucumber.runtime.model.CucumberScenario.run(CucumberScenario.java:44)
	at cucumber.runtime.junit.ExecutionUnitRunner.run(ExecutionUnitRunner.java:102)
	at cucumber.runtime.junit.FeatureRunner.runChild(FeatureRunner.java:63)
	at cucumber.runtime.junit.FeatureRunner.runChild(FeatureRunner.java:18)
	at org.junit.runners.ParentRunner$3.run(ParentRunner.java:290)
	at org.junit.runners.ParentRunner$1.schedule(ParentRunner.java:71)
	at org.junit.runners.ParentRunner.runChildren(ParentRunner.java:288)
	at org.junit.runners.ParentRunner.access$000(ParentRunner.java:58)
	at org.junit.runners.ParentRunner$2.evaluate(ParentRunner.java:268)
	at org.junit.runners.ParentRunner.run(ParentRunner.java:363)
	at cucumber.runtime.junit.FeatureRunner.run(FeatureRunner.java:70)
	at cucumber.api.junit.Cucumber.runChild(Cucumber.java:95)
	at cucumber.api.junit.Cucumber.runChild(Cucumber.java:38)
	at org.junit.runners.ParentRunner$3.run(ParentRunner.java:290)
	at org.junit.runners.ParentRunner$1.schedule(ParentRunner.java:71)
	at org.junit.runners.ParentRunner.runChildren(ParentRunner.java:288)
	at org.junit.runners.ParentRunner.access$000(ParentRunner.java:58)
	at org.junit.runners.ParentRunner$2.evaluate(ParentRunner.java:268)
	at org.junit.runners.ParentRunner.run(ParentRunner.java:363)
	at cucumber.api.junit.Cucumber.run(Cucumber.java:100)
	at org.apache.maven.surefire.junit4.JUnit4Provider.execute(JUnit4Provider.java:283)
	at org.apache.maven.surefire.junit4.JUnit4Provider.executeWithRerun(JUnit4Provider.java:173)
	at org.apache.maven.surefire.junit4.JUnit4Provider.executeTestSet(JUnit4Provider.java:153)
	at org.apache.maven.surefire.junit4.JUnit4Provider.invoke(JUnit4Provider.java:128)
	at org.apache.maven.surefire.booter.ForkedBooter.invokeProviderInSameClassLoader(ForkedBooter.java:203)
	at org.apache.maven.surefire.booter.ForkedBooter.runSuitesInProcess(ForkedBooter.java:155)
	at org.apache.maven.surefire.booter.ForkedBooter.main(ForkedBooter.java:103)
]]></error>
  </testcase>
  <testcase name="When open pdp with product that has &quot;Similar products&quot;" classname="Scenario: VIR-144.01 Verify that the similar products are shown to the customer" time="0">
    <skipped/>
    <system-err><![CDATA[[main] INFO net.serenitybdd.core.Serenity - STEP ERROR: java.lang.NoClassDefFoundError: Could not initialize class com.virco.locators.SiteData
[main] INFO net.serenitybdd.core.Serenity - STARTING STEP When open pdp with product that has "Similar products"
]]></system-err>
  </testcase>
  <testcase name="Then &quot;Up-Sell&quot; products are shown" classname="Scenario: VIR-144.01 Verify that the similar products are shown to the customer" time="0">
    <skipped/>
    <system-err><![CDATA[[main] INFO net.serenitybdd.core.Serenity - IGNORING STEP
[main] INFO net.serenitybdd.core.Serenity - STARTING STEP Then "Up-Sell" products are shown
]]></system-err>
  </testcase>
  <testcase name="Given open the site and login" classname="Scenario: VIR-144.02 Verify that the customer can add the similar product to the cart" time="0.001">
    <error message="Could not initialize class com.virco.locators.SiteData" type="net.serenitybdd.core.exceptions.SerenityManagedException"><![CDATA[net.serenitybdd.core.exceptions.SerenityManagedException: Could not initialize class com.virco.locators.SiteData
	at com.virco.steps.serenity.CommonUserSteps.openTheSite(CommonUserSteps.java:19)
	at com.virco.steps.serenity.CommonUserSteps$$EnhancerByCGLIB$$d8541bfa.CGLIB$openTheSite$6(<generated>)
	at com.virco.steps.serenity.CommonUserSteps$$EnhancerByCGLIB$$d8541bfa$$FastClassByCGLIB$$ea8e0f86.invoke(<generated>)
	at net.sf.cglib.proxy.MethodProxy.invokeSuper(MethodProxy.java:228)
	at net.thucydides.core.steps.StepInterceptor.invokeMethod(StepInterceptor.java:372)
	at net.thucydides.core.steps.StepInterceptor.executeTestStepMethod(StepInterceptor.java:357)
	at net.thucydides.core.steps.StepInterceptor.runTestStep(StepInterceptor.java:332)
	at net.thucydides.core.steps.StepInterceptor.testStepResult(StepInterceptor.java:134)
	at net.thucydides.core.steps.StepInterceptor.intercept(StepInterceptor.java:61)
	at com.virco.steps.serenity.CommonUserSteps$$EnhancerByCGLIB$$d8541bfa.openTheSite(<generated>)
	at com.virco.steps.CommonDefinitionSteps.openTheSiteAndLogin(CommonDefinitionSteps.java:72)
	at sun.reflect.GeneratedMethodAccessor143.invoke(Unknown Source)
	at sun.reflect.DelegatingMethodAccessorImpl.invoke(DelegatingMethodAccessorImpl.java:43)
	at java.lang.reflect.Method.invoke(Method.java:498)
	at cucumber.runtime.Utils$1.call(Utils.java:40)
	at cucumber.runtime.Timeout.timeout(Timeout.java:16)
	at cucumber.runtime.Utils.invoke(Utils.java:34)
	at cucumber.runtime.java.JavaStepDefinition.execute(JavaStepDefinition.java:38)
	at cucumber.runtime.StepDefinitionMatch.runStep(StepDefinitionMatch.java:37)
	at cucumber.runtime.Runtime.runStep(Runtime.java:300)
	at cucumber.runtime.model.StepContainer.runStep(StepContainer.java:44)
	at cucumber.runtime.model.StepContainer.runSteps(StepContainer.java:39)
	at cucumber.runtime.model.CucumberScenario.run(CucumberScenario.java:44)
	at cucumber.runtime.junit.ExecutionUnitRunner.run(ExecutionUnitRunner.java:102)
	at cucumber.runtime.junit.FeatureRunner.runChild(FeatureRunner.java:63)
	at cucumber.runtime.junit.FeatureRunner.runChild(FeatureRunner.java:18)
	at org.junit.runners.ParentRunner$3.run(ParentRunner.java:290)
	at org.junit.runners.ParentRunner$1.schedule(ParentRunner.java:71)
	at org.junit.runners.ParentRunner.runChildren(ParentRunner.java:288)
	at org.junit.runners.ParentRunner.access$000(ParentRunner.java:58)
	at org.junit.runners.ParentRunner$2.evaluate(ParentRunner.java:268)
	at org.junit.runners.ParentRunner.run(ParentRunner.java:363)
	at cucumber.runtime.junit.FeatureRunner.run(FeatureRunner.java:70)
	at cucumber.api.junit.Cucumber.runChild(Cucumber.java:95)
	at cucumber.api.junit.Cucumber.runChild(Cucumber.java:38)
	at org.junit.runners.ParentRunner$3.run(ParentRunner.java:290)
	at org.junit.runners.ParentRunner$1.schedule(ParentRunner.java:71)
	at org.junit.runners.ParentRunner.runChildren(ParentRunner.java:288)
	at org.junit.runners.ParentRunner.access$000(ParentRunner.java:58)
	at org.junit.runners.ParentRunner$2.evaluate(ParentRunner.java:268)
	at org.junit.runners.ParentRunner.run(ParentRunner.java:363)
	at cucumber.api.junit.Cucumber.run(Cucumber.java:100)
	at org.apache.maven.surefire.junit4.JUnit4Provider.execute(JUnit4Provider.java:283)
	at org.apache.maven.surefire.junit4.JUnit4Provider.executeWithRerun(JUnit4Provider.java:173)
	at org.apache.maven.surefire.junit4.JUnit4Provider.executeTestSet(JUnit4Provider.java:153)
	at org.apache.maven.surefire.junit4.JUnit4Provider.invoke(JUnit4Provider.java:128)
	at org.apache.maven.surefire.booter.ForkedBooter.invokeProviderInSameClassLoader(ForkedBooter.java:203)
	at org.apache.maven.surefire.booter.ForkedBooter.runSuitesInProcess(ForkedBooter.java:155)
	at org.apache.maven.surefire.booter.ForkedBooter.main(ForkedBooter.java:103)
]]></error>
    <system-err><![CDATA[[main] INFO net.serenitybdd.core.Serenity - IGNORING STEP
[main] ERROR net.serenitybdd.core.Serenity - 
           __  _____ _____ ____ _____   _____ _    ___ _     _____ ____  
  _       / / |_   _| ____/ ___|_   _| |  ___/ \  |_ _| |   | ____|  _ \ 
 (_)_____| |    | | |  _| \___ \ | |   | |_ / _ \  | || |   |  _| | | | |
  _|_____| |    | | | |___ ___) || |   |  _/ ___ \ | || |___| |___| |_| |
 (_)     | |    |_| |_____|____/ |_|   |_|/_/   \_\___|_____|_____|____/ 
          \_\                                                            

TEST FAILED WITH ERROR: VIR-144.01 Verify that the similar products are shown to the customer
---------------------------------------------------------------------
[main] ERROR net.serenitybdd.core.Serenity - TEST FAILED AT STEP Open the site
[main] ERROR net.serenitybdd.core.Serenity - Could not initialize class com.virco.locators.SiteData
[pool-1-thread-4] INFO net.thucydides.core.reports.json.JSONTestOutcomeReporter - Generating JSON report for VIR-267.01 Verify that the following information is shown at the slot 3 to file /Users/rodionsavchuk/hybrisAutomation/virco-automatedtests/target/site/serenity/35c9da9077e7c57fa98ccabfe4de6bd840ff11eb861ed62ec8c14e5bf89b0166.json (using temp file /Users/rodionsavchuk/hybrisAutomation/virco-automatedtests/target/site/serenity/35c9da9077e7c57fa98ccabfe4de6bd840ff11eb861ed62ec8c14e5bf89b0166.json100e9555-0061-480c-9f87-f4ba9539498b)
[pool-1-thread-1] INFO net.thucydides.core.reports.json.JSONTestOutcomeReporter - Generating JSON report for VIR-267.02 Verify that the proper data are shown for the product to file /Users/rodionsavchuk/hybrisAutomation/virco-automatedtests/target/site/serenity/094df492603a7aa8ac4177664d677c86d7567daf6bcebfbf746b8bbefa289d57.json (using temp file /Users/rodionsavchuk/hybrisAutomation/virco-automatedtests/target/site/serenity/094df492603a7aa8ac4177664d677c86d7567daf6bcebfbf746b8bbefa289d57.json3edabe26-34ff-4e35-9dc9-dea647cc882c)
[pool-1-thread-2] INFO net.thucydides.core.reports.json.JSONTestOutcomeReporter - Generating JSON report for VIR-142.01 Verify that the selection path is shown to the customer to file /Users/rodionsavchuk/hybrisAutomation/virco-automatedtests/target/site/serenity/a834828f1d3b72a5d3cf97d5448a79eefe869ccaba5a5296f3919629801fb136.json (using temp file /Users/rodionsavchuk/hybrisAutomation/virco-automatedtests/target/site/serenity/a834828f1d3b72a5d3cf97d5448a79eefe869ccaba5a5296f3919629801fb136.json08765562-6f22-42c2-87b9-a7a4fcc89cfa)
[pool-1-thread-3] INFO net.thucydides.core.reports.json.JSONTestOutcomeReporter - Generating JSON report for VIR-267.03 Verify that the third row content slot is shown for the product when the product has at least one of these attributes to file /Users/rodionsavchuk/hybrisAutomation/virco-automatedtests/target/site/serenity/dc7832af1392c3bb03c6b8862cdfd202aa7777a247f1b7cdfc7d15037ed09721.json (using temp file /Users/rodionsavchuk/hybrisAutomation/virco-automatedtests/target/site/serenity/dc7832af1392c3bb03c6b8862cdfd202aa7777a247f1b7cdfc7d15037ed09721.jsonaedfc230-d4b0-4f8f-b556-0d6d4bfa45d4)
[pool-1-thread-2] INFO net.thucydides.core.reports.json.JSONTestOutcomeReporter - Generating JSON report for VIR-142.03 Verify that the customer can return from the end of the path to the previous/beginning to file /Users/rodionsavchuk/hybrisAutomation/virco-automatedtests/target/site/serenity/63d44529e362e42826319b1b9567b9d7c3557c5a99a9fd9d57b1f61354d794d3.json (using temp file /Users/rodionsavchuk/hybrisAutomation/virco-automatedtests/target/site/serenity/63d44529e362e42826319b1b9567b9d7c3557c5a99a9fd9d57b1f61354d794d3.jsonc4be8f41-5b75-4333-a202-23177767ca8e)
[pool-1-thread-4] INFO net.thucydides.core.reports.json.JSONTestOutcomeReporter - Generating JSON report for VIR-142.04 Verify that the selected data are not cleared when customer returns to file /Users/rodionsavchuk/hybrisAutomation/virco-automatedtests/target/site/serenity/1a7bafb3de91ffb02b04f7492bf566f0275aeda21444a20e864442c010630f62.json (using temp file /Users/rodionsavchuk/hybrisAutomation/virco-automatedtests/target/site/serenity/1a7bafb3de91ffb02b04f7492bf566f0275aeda21444a20e864442c010630f62.json89a17a89-4bff-4e66-a0db-3aed826d4d3e)
[pool-1-thread-2] INFO net.thucydides.core.reports.json.JSONTestOutcomeReporter - Generating JSON report for VIR-268.01 Verify that the customer can select the quantity of items before adding to the cart on the product details page to file /Users/rodionsavchuk/hybrisAutomation/virco-automatedtests/target/site/serenity/78e822a9904fe340137cfa2904037e4398a82dcbacb5ecba2378d399b46f6c26.json (using temp file /Users/rodionsavchuk/hybrisAutomation/virco-automatedtests/target/site/serenity/78e822a9904fe340137cfa2904037e4398a82dcbacb5ecba2378d399b46f6c26.json1d89bcfd-1806-4849-81ba-d7d0e6023a9b)
[pool-1-thread-1] INFO net.thucydides.core.reports.json.JSONTestOutcomeReporter - Generating JSON report for VIR-142.02 Verify that the customer can move through the selection path to file /Users/rodionsavchuk/hybrisAutomation/virco-automatedtests/target/site/serenity/f3172676e692a180ed5b40bf9e6ac6aaf36a696e49864d1328623a2c9936d2ca.json (using temp file /Users/rodionsavchuk/hybrisAutomation/virco-automatedtests/target/site/serenity/f3172676e692a180ed5b40bf9e6ac6aaf36a696e49864d1328623a2c9936d2ca.json1a4fc56a-6988-4b5f-8a85-b113a15b4c61)
[pool-1-thread-4] INFO net.thucydides.core.reports.json.JSONTestOutcomeReporter - Generating JSON report for VIR-268.03 Verify that the customer can add the quantity manually to file /Users/rodionsavchuk/hybrisAutomation/virco-automatedtests/target/site/serenity/6ab14b4ba3c3ba4399e3ad1c0739cc93a854f14394e1aafde6dece743c26cf52.json (using temp file /Users/rodionsavchuk/hybrisAutomation/virco-automatedtests/target/site/serenity/6ab14b4ba3c3ba4399e3ad1c0739cc93a854f14394e1aafde6dece743c26cf52.jsona1ebbb10-49cc-4549-bb58-91efb13c5884)
[pool-1-thread-2] INFO net.thucydides.core.reports.json.JSONTestOutcomeReporter - Generating JSON report for VIR-268.04 Verify that the quantity is automatically moved to 1 if customer enters 0 to file /Users/rodionsavchuk/hybrisAutomation/virco-automatedtests/target/site/serenity/5c6da38f4863cdf03d76d7feb5b4876b0e92b8310b0e95c35a7e4dbf711ccdc0.json (using temp file /Users/rodionsavchuk/hybrisAutomation/virco-automatedtests/target/site/serenity/5c6da38f4863cdf03d76d7feb5b4876b0e92b8310b0e95c35a7e4dbf711ccdc0.json6fe8b819-d2d4-4f03-8976-d5c75c0e28c3)
[pool-1-thread-2] INFO net.thucydides.core.reports.json.JSONTestOutcomeReporter - Generating JSON report for VIR-143.01 Verify that the recommended products are shown to the customer to file /Users/rodionsavchuk/hybrisAutomation/virco-automatedtests/target/site/serenity/227c7340caf1e90ebddf4cebcfdfb28a52a59d8fd1ec72e8927d0a6d0d25e416.json (using temp file /Users/rodionsavchuk/hybrisAutomation/virco-automatedtests/target/site/serenity/227c7340caf1e90ebddf4cebcfdfb28a52a59d8fd1ec72e8927d0a6d0d25e416.json694228a4-3da3-4955-8584-dd7607dd4594)
[pool-1-thread-3] INFO net.thucydides.core.reports.json.JSONTestOutcomeReporter - Generating JSON report for VIR-268.02 Verify that the customer can add quantity by dropdown to file /Users/rodionsavchuk/hybrisAutomation/virco-automatedtests/target/site/serenity/c1dd2ebe5f47d0de634de4437ecf891829ff58f5373fbe6dcf40ad2880404ed7.json (using temp file /Users/rodionsavchuk/hybrisAutomation/virco-automatedtests/target/site/serenity/c1dd2ebe5f47d0de634de4437ecf891829ff58f5373fbe6dcf40ad2880404ed7.json2f2d1309-6a50-476b-9a13-ac326b28606f)
[pool-1-thread-1] INFO net.thucydides.core.reports.json.JSONTestOutcomeReporter - Generating JSON report for VIR-268.05 Verify that the customer is not able to add more items than 9,999 in one order to file /Users/rodionsavchuk/hybrisAutomation/virco-automatedtests/target/site/serenity/5b839a68bd67e36823a006aac4532c43fd4cffeab4940640ea6853e452197e9b.json (using temp file /Users/rodionsavchuk/hybrisAutomation/virco-automatedtests/target/site/serenity/5b839a68bd67e36823a006aac4532c43fd4cffeab4940640ea6853e452197e9b.json7402703f-98ab-4737-a86b-b1d17eed6f61)
[pool-1-thread-4] INFO net.thucydides.core.reports.json.JSONTestOutcomeReporter - Generating JSON report for VIR-144.01 Verify that the similar products are shown to the customer to file /Users/rodionsavchuk/hybrisAutomation/virco-automatedtests/target/site/serenity/d7d5edc7871854eb5cddec2463847fb43ab083cb4df273533f189fedb94f1021.json (using temp file /Users/rodionsavchuk/hybrisAutomation/virco-automatedtests/target/site/serenity/d7d5edc7871854eb5cddec2463847fb43ab083cb4df273533f189fedb94f1021.json8702f447-cff0-4031-8069-c9c8c39b0a58)
[pool-1-thread-2] INFO net.thucydides.core.reports.html.HtmlAcceptanceTestReporter - GENERATING HTML REPORT FOR PDP-10 - Configurations:VIR-267.01 Verify that the following information is shown at the slot 3 in 35c9da9077e7c57fa98ccabfe4de6bd840ff11eb861ed62ec8c14e5bf89b0166.html in directory target/site/serenity  
[pool-1-thread-1] INFO net.thucydides.core.reports.html.HtmlAcceptanceTestReporter - GENERATING HTML REPORT FOR PDP-10 - Configurations:VIR-267.02 Verify that the proper data are shown for the product in 094df492603a7aa8ac4177664d677c86d7567daf6bcebfbf746b8bbefa289d57.html in directory target/site/serenity  
[pool-1-thread-4] INFO net.thucydides.core.reports.html.HtmlAcceptanceTestReporter - GENERATING HTML REPORT FOR PDP-11 - Descriptive Path Selection:VIR-142.01 Verify that the selection path is shown to the customer in a834828f1d3b72a5d3cf97d5448a79eefe869ccaba5a5296f3919629801fb136.html in directory target/site/serenity  
[pool-1-thread-1] INFO net.thucydides.core.reports.html.HtmlAcceptanceTestReporter - GENERATING HTML REPORT FOR PDP-11 - Descriptive Path Selection:VIR-142.02 Verify that the customer can move through the selection path in f3172676e692a180ed5b40bf9e6ac6aaf36a696e49864d1328623a2c9936d2ca.html in directory target/site/serenity  
[pool-1-thread-2] INFO net.thucydides.core.reports.html.HtmlAcceptanceTestReporter - GENERATING HTML REPORT FOR PDP-11 - Descriptive Path Selection:VIR-142.03 Verify that the customer can return from the end of the path to the previous/beginning in 63d44529e362e42826319b1b9567b9d7c3557c5a99a9fd9d57b1f61354d794d3.html in directory target/site/serenity  
[pool-1-thread-1] INFO net.thucydides.core.reports.html.HtmlAcceptanceTestReporter - GENERATING HTML REPORT FOR PDP-11 - Descriptive Path Selection:VIR-142.04 Verify that the selected data are not cleared when customer returns in 1a7bafb3de91ffb02b04f7492bf566f0275aeda21444a20e864442c010630f62.html in directory target/site/serenity  
[pool-1-thread-2] INFO net.thucydides.core.reports.html.HtmlAcceptanceTestReporter - GENERATING HTML REPORT FOR PDP-12 - Add/Remove PDP:VIR-268.02 Verify that the customer can add quantity by dropdown in c1dd2ebe5f47d0de634de4437ecf891829ff58f5373fbe6dcf40ad2880404ed7.html in directory target/site/serenity  
[pool-1-thread-1] INFO net.thucydides.core.reports.html.HtmlAcceptanceTestReporter - GENERATING HTML REPORT FOR PDP-12 - Add/Remove PDP:VIR-268.03 Verify that the customer can add the quantity manually in 6ab14b4ba3c3ba4399e3ad1c0739cc93a854f14394e1aafde6dece743c26cf52.html in directory target/site/serenity  
[pool-1-thread-2] INFO net.thucydides.core.reports.html.HtmlAcceptanceTestReporter - GENERATING HTML REPORT FOR PDP-12 - Add/Remove PDP:VIR-268.04 Verify that the quantity is automatically moved to 1 if customer enters 0 in 5c6da38f4863cdf03d76d7feb5b4876b0e92b8310b0e95c35a7e4dbf711ccdc0.html in directory target/site/serenity  
[pool-1-thread-2] INFO net.thucydides.core.reports.html.HtmlAcceptanceTestReporter - GENERATING HTML REPORT FOR PDP-12 - Add/Remove PDP:VIR-268.05 Verify that the customer is not able to add more items than 9,999 in one order in 5b839a68bd67e36823a006aac4532c43fd4cffeab4940640ea6853e452197e9b.html in directory target/site/serenity  
[pool-1-thread-3] INFO net.thucydides.core.reports.html.HtmlAcceptanceTestReporter - GENERATING HTML REPORT FOR PDP-10 - Configurations:VIR-267.03 Verify that the third row content slot is shown for the product when the product has at least one of these attributes in dc7832af1392c3bb03c6b8862cdfd202aa7777a247f1b7cdfc7d15037ed09721.html in directory target/site/serenity  
[pool-1-thread-4] INFO net.thucydides.core.reports.html.HtmlAcceptanceTestReporter - GENERATING HTML REPORT FOR PDP-12 - Add/Remove PDP:VIR-268.01 Verify that the customer can select the quantity of items before adding to the cart on the product details page in 78e822a9904fe340137cfa2904037e4398a82dcbacb5ecba2378d399b46f6c26.html in directory target/site/serenity  
[pool-1-thread-3] INFO net.thucydides.core.reports.html.HtmlAcceptanceTestReporter - GENERATING HTML REPORT FOR PDP-13 - Cross-Sell Products:VIR-143.01 Verify that the recommended products are shown to the customer in 227c7340caf1e90ebddf4cebcfdfb28a52a59d8fd1ec72e8927d0a6d0d25e416.html in directory target/site/serenity  
[pool-1-thread-4] INFO net.thucydides.core.reports.html.HtmlAcceptanceTestReporter - GENERATING HTML REPORT FOR PDP-14 - Up-Sell Products:VIR-144.01 Verify that the similar products are shown to the customer in d7d5edc7871854eb5cddec2463847fb43ab083cb4df273533f189fedb94f1021.html in directory target/site/serenity  
[main] INFO net.serenitybdd.core.Serenity - 
 _____ _____ ____ _____   ____ _____  _    ____ _____ _____ ____  
|_   _| ____/ ___|_   _| / ___|_   _|/ \  |  _ \_   _| ____|  _ \ 
  | | |  _| \___ \ | |   \___ \ | | / _ \ | |_) || | |  _| | | | |
  | | | |___ ___) || |    ___) || |/ ___ \|  _ < | | | |___| |_| |
  |_| |_____|____/ |_|   |____/ |_/_/   \_\_| \_\|_| |_____|____/ 
                                                                  

TEST STARTED: VIR-144.02 Verify that the customer can add the similar product to the cart
-------------------------------------------------------------------(pdp-14---up-sell-products;vir-144.02-verify-that-the-customer-can-add-the-similar-product-to-the-cart)
[main] INFO net.serenitybdd.core.Serenity - STARTING STEP Given open the site and login
[main] INFO net.serenitybdd.core.Serenity - STARTING STEP Open the site
[main] INFO net.serenitybdd.core.Serenity - STEP ERROR: net.serenitybdd.core.exceptions.SerenityManagedException: Could not initialize class com.virco.locators.SiteData
]]></system-err>
  </testcase>
  <testcase name="Scenario: VIR-144.02 Verify that the customer can add the similar product to the cart" classname="Scenario: VIR-144.02 Verify that the customer can add the similar product to the cart" time="0.002">
    <error message="Could not initialize class com.virco.locators.SiteData" type="net.serenitybdd.core.exceptions.SerenityManagedException"><![CDATA[net.serenitybdd.core.exceptions.SerenityManagedException: Could not initialize class com.virco.locators.SiteData
	at com.virco.steps.serenity.CommonUserSteps.openTheSite(CommonUserSteps.java:19)
	at com.virco.steps.serenity.CommonUserSteps$$EnhancerByCGLIB$$d8541bfa.CGLIB$openTheSite$6(<generated>)
	at com.virco.steps.serenity.CommonUserSteps$$EnhancerByCGLIB$$d8541bfa$$FastClassByCGLIB$$ea8e0f86.invoke(<generated>)
	at net.sf.cglib.proxy.MethodProxy.invokeSuper(MethodProxy.java:228)
	at net.thucydides.core.steps.StepInterceptor.invokeMethod(StepInterceptor.java:372)
	at net.thucydides.core.steps.StepInterceptor.executeTestStepMethod(StepInterceptor.java:357)
	at net.thucydides.core.steps.StepInterceptor.runTestStep(StepInterceptor.java:332)
	at net.thucydides.core.steps.StepInterceptor.testStepResult(StepInterceptor.java:134)
	at net.thucydides.core.steps.StepInterceptor.intercept(StepInterceptor.java:61)
	at com.virco.steps.serenity.CommonUserSteps$$EnhancerByCGLIB$$d8541bfa.openTheSite(<generated>)
	at com.virco.steps.CommonDefinitionSteps.openTheSiteAndLogin(CommonDefinitionSteps.java:72)
	at sun.reflect.GeneratedMethodAccessor143.invoke(Unknown Source)
	at sun.reflect.DelegatingMethodAccessorImpl.invoke(DelegatingMethodAccessorImpl.java:43)
	at java.lang.reflect.Method.invoke(Method.java:498)
	at cucumber.runtime.Utils$1.call(Utils.java:40)
	at cucumber.runtime.Timeout.timeout(Timeout.java:16)
	at cucumber.runtime.Utils.invoke(Utils.java:34)
	at cucumber.runtime.java.JavaStepDefinition.execute(JavaStepDefinition.java:38)
	at cucumber.runtime.StepDefinitionMatch.runStep(StepDefinitionMatch.java:37)
	at cucumber.runtime.Runtime.runStep(Runtime.java:300)
	at cucumber.runtime.model.StepContainer.runStep(StepContainer.java:44)
	at cucumber.runtime.model.StepContainer.runSteps(StepContainer.java:39)
	at cucumber.runtime.model.CucumberScenario.run(CucumberScenario.java:44)
	at cucumber.runtime.junit.ExecutionUnitRunner.run(ExecutionUnitRunner.java:102)
	at cucumber.runtime.junit.FeatureRunner.runChild(FeatureRunner.java:63)
	at cucumber.runtime.junit.FeatureRunner.runChild(FeatureRunner.java:18)
	at org.junit.runners.ParentRunner$3.run(ParentRunner.java:290)
	at org.junit.runners.ParentRunner$1.schedule(ParentRunner.java:71)
	at org.junit.runners.ParentRunner.runChildren(ParentRunner.java:288)
	at org.junit.runners.ParentRunner.access$000(ParentRunner.java:58)
	at org.junit.runners.ParentRunner$2.evaluate(ParentRunner.java:268)
	at org.junit.runners.ParentRunner.run(ParentRunner.java:363)
	at cucumber.runtime.junit.FeatureRunner.run(FeatureRunner.java:70)
	at cucumber.api.junit.Cucumber.runChild(Cucumber.java:95)
	at cucumber.api.junit.Cucumber.runChild(Cucumber.java:38)
	at org.junit.runners.ParentRunner$3.run(ParentRunner.java:290)
	at org.junit.runners.ParentRunner$1.schedule(ParentRunner.java:71)
	at org.junit.runners.ParentRunner.runChildren(ParentRunner.java:288)
	at org.junit.runners.ParentRunner.access$000(ParentRunner.java:58)
	at org.junit.runners.ParentRunner$2.evaluate(ParentRunner.java:268)
	at org.junit.runners.ParentRunner.run(ParentRunner.java:363)
	at cucumber.api.junit.Cucumber.run(Cucumber.java:100)
	at org.apache.maven.surefire.junit4.JUnit4Provider.execute(JUnit4Provider.java:283)
	at org.apache.maven.surefire.junit4.JUnit4Provider.executeWithRerun(JUnit4Provider.java:173)
	at org.apache.maven.surefire.junit4.JUnit4Provider.executeTestSet(JUnit4Provider.java:153)
	at org.apache.maven.surefire.junit4.JUnit4Provider.invoke(JUnit4Provider.java:128)
	at org.apache.maven.surefire.booter.ForkedBooter.invokeProviderInSameClassLoader(ForkedBooter.java:203)
	at org.apache.maven.surefire.booter.ForkedBooter.runSuitesInProcess(ForkedBooter.java:155)
	at org.apache.maven.surefire.booter.ForkedBooter.main(ForkedBooter.java:103)
]]></error>
  </testcase>
  <testcase name="When open pdp with product that has &quot;Similar products&quot;" classname="Scenario: VIR-144.02 Verify that the customer can add the similar product to the cart" time="0">
    <skipped/>
    <system-err><![CDATA[[main] INFO net.serenitybdd.core.Serenity - STEP ERROR: java.lang.NoClassDefFoundError: Could not initialize class com.virco.locators.SiteData
[main] INFO net.serenitybdd.core.Serenity - STARTING STEP When open pdp with product that has "Similar products"
]]></system-err>
  </testcase>
  <testcase name="When click on &quot;1&quot; product in &quot;Recommended products&quot; section" classname="Scenario: VIR-144.02 Verify that the customer can add the similar product to the cart" time="0">
    <skipped/>
    <system-err><![CDATA[[main] INFO net.serenitybdd.core.Serenity - IGNORING STEP
[main] INFO net.serenitybdd.core.Serenity - STARTING STEP When click on "1" product in "Recommended products" section
]]></system-err>
  </testcase>
  <testcase name="When click on product link in pop-up" classname="Scenario: VIR-144.02 Verify that the customer can add the similar product to the cart" time="0">
    <skipped/>
    <system-err><![CDATA[[main] INFO net.serenitybdd.core.Serenity - IGNORING STEP
[main] INFO net.serenitybdd.core.Serenity - STARTING STEP When click on product link in pop-up
]]></system-err>
  </testcase>
  <testcase name="Then pdp of clicked in pop-up product is opened" classname="Scenario: VIR-144.02 Verify that the customer can add the similar product to the cart" time="0">
    <skipped/>
    <system-err><![CDATA[[main] INFO net.serenitybdd.core.Serenity - IGNORING STEP
[main] INFO net.serenitybdd.core.Serenity - STARTING STEP Then pdp of clicked in pop-up product is opened
]]></system-err>
  </testcase>
  <testcase name="Given open the site and login" classname="Scenario: VIR-483 Missing product price in Up/Cross sell pop-up" time="0.001">
    <error message="Could not initialize class com.virco.locators.SiteData" type="net.serenitybdd.core.exceptions.SerenityManagedException"><![CDATA[net.serenitybdd.core.exceptions.SerenityManagedException: Could not initialize class com.virco.locators.SiteData
	at com.virco.steps.serenity.CommonUserSteps.openTheSite(CommonUserSteps.java:19)
	at com.virco.steps.serenity.CommonUserSteps$$EnhancerByCGLIB$$d8541bfa.CGLIB$openTheSite$6(<generated>)
	at com.virco.steps.serenity.CommonUserSteps$$EnhancerByCGLIB$$d8541bfa$$FastClassByCGLIB$$ea8e0f86.invoke(<generated>)
	at net.sf.cglib.proxy.MethodProxy.invokeSuper(MethodProxy.java:228)
	at net.thucydides.core.steps.StepInterceptor.invokeMethod(StepInterceptor.java:372)
	at net.thucydides.core.steps.StepInterceptor.executeTestStepMethod(StepInterceptor.java:357)
	at net.thucydides.core.steps.StepInterceptor.runTestStep(StepInterceptor.java:332)
	at net.thucydides.core.steps.StepInterceptor.testStepResult(StepInterceptor.java:134)
	at net.thucydides.core.steps.StepInterceptor.intercept(StepInterceptor.java:61)
	at com.virco.steps.serenity.CommonUserSteps$$EnhancerByCGLIB$$d8541bfa.openTheSite(<generated>)
	at com.virco.steps.CommonDefinitionSteps.openTheSiteAndLogin(CommonDefinitionSteps.java:72)
	at sun.reflect.GeneratedMethodAccessor143.invoke(Unknown Source)
	at sun.reflect.DelegatingMethodAccessorImpl.invoke(DelegatingMethodAccessorImpl.java:43)
	at java.lang.reflect.Method.invoke(Method.java:498)
	at cucumber.runtime.Utils$1.call(Utils.java:40)
	at cucumber.runtime.Timeout.timeout(Timeout.java:16)
	at cucumber.runtime.Utils.invoke(Utils.java:34)
	at cucumber.runtime.java.JavaStepDefinition.execute(JavaStepDefinition.java:38)
	at cucumber.runtime.StepDefinitionMatch.runStep(StepDefinitionMatch.java:37)
	at cucumber.runtime.Runtime.runStep(Runtime.java:300)
	at cucumber.runtime.model.StepContainer.runStep(StepContainer.java:44)
	at cucumber.runtime.model.StepContainer.runSteps(StepContainer.java:39)
	at cucumber.runtime.model.CucumberScenario.run(CucumberScenario.java:44)
	at cucumber.runtime.junit.ExecutionUnitRunner.run(ExecutionUnitRunner.java:102)
	at cucumber.runtime.junit.FeatureRunner.runChild(FeatureRunner.java:63)
	at cucumber.runtime.junit.FeatureRunner.runChild(FeatureRunner.java:18)
	at org.junit.runners.ParentRunner$3.run(ParentRunner.java:290)
	at org.junit.runners.ParentRunner$1.schedule(ParentRunner.java:71)
	at org.junit.runners.ParentRunner.runChildren(ParentRunner.java:288)
	at org.junit.runners.ParentRunner.access$000(ParentRunner.java:58)
	at org.junit.runners.ParentRunner$2.evaluate(ParentRunner.java:268)
	at org.junit.runners.ParentRunner.run(ParentRunner.java:363)
	at cucumber.runtime.junit.FeatureRunner.run(FeatureRunner.java:70)
	at cucumber.api.junit.Cucumber.runChild(Cucumber.java:95)
	at cucumber.api.junit.Cucumber.runChild(Cucumber.java:38)
	at org.junit.runners.ParentRunner$3.run(ParentRunner.java:290)
	at org.junit.runners.ParentRunner$1.schedule(ParentRunner.java:71)
	at org.junit.runners.ParentRunner.runChildren(ParentRunner.java:288)
	at org.junit.runners.ParentRunner.access$000(ParentRunner.java:58)
	at org.junit.runners.ParentRunner$2.evaluate(ParentRunner.java:268)
	at org.junit.runners.ParentRunner.run(ParentRunner.java:363)
	at cucumber.api.junit.Cucumber.run(Cucumber.java:100)
	at org.apache.maven.surefire.junit4.JUnit4Provider.execute(JUnit4Provider.java:283)
	at org.apache.maven.surefire.junit4.JUnit4Provider.executeWithRerun(JUnit4Provider.java:173)
	at org.apache.maven.surefire.junit4.JUnit4Provider.executeTestSet(JUnit4Provider.java:153)
	at org.apache.maven.surefire.junit4.JUnit4Provider.invoke(JUnit4Provider.java:128)
	at org.apache.maven.surefire.booter.ForkedBooter.invokeProviderInSameClassLoader(ForkedBooter.java:203)
	at org.apache.maven.surefire.booter.ForkedBooter.runSuitesInProcess(ForkedBooter.java:155)
	at org.apache.maven.surefire.booter.ForkedBooter.main(ForkedBooter.java:103)
]]></error>
    <system-err><![CDATA[[main] INFO net.serenitybdd.core.Serenity - IGNORING STEP
[main] ERROR net.serenitybdd.core.Serenity - 
           __  _____ _____ ____ _____   _____ _    ___ _     _____ ____  
  _       / / |_   _| ____/ ___|_   _| |  ___/ \  |_ _| |   | ____|  _ \ 
 (_)_____| |    | | |  _| \___ \ | |   | |_ / _ \  | || |   |  _| | | | |
  _|_____| |    | | | |___ ___) || |   |  _/ ___ \ | || |___| |___| |_| |
 (_)     | |    |_| |_____|____/ |_|   |_|/_/   \_\___|_____|_____|____/ 
          \_\                                                            

TEST FAILED WITH ERROR: VIR-144.02 Verify that the customer can add the similar product to the cart
---------------------------------------------------------------------
[main] ERROR net.serenitybdd.core.Serenity - TEST FAILED AT STEP Open the site
[main] ERROR net.serenitybdd.core.Serenity - Could not initialize class com.virco.locators.SiteData
[pool-1-thread-4] INFO net.thucydides.core.reports.json.JSONTestOutcomeReporter - Generating JSON report for VIR-267.01 Verify that the following information is shown at the slot 3 to file /Users/rodionsavchuk/hybrisAutomation/virco-automatedtests/target/site/serenity/35c9da9077e7c57fa98ccabfe4de6bd840ff11eb861ed62ec8c14e5bf89b0166.json (using temp file /Users/rodionsavchuk/hybrisAutomation/virco-automatedtests/target/site/serenity/35c9da9077e7c57fa98ccabfe4de6bd840ff11eb861ed62ec8c14e5bf89b0166.json994c7f7f-d2d3-44bb-a55e-5fd6e313a3a5)
[pool-1-thread-3] INFO net.thucydides.core.reports.json.JSONTestOutcomeReporter - Generating JSON report for VIR-267.02 Verify that the proper data are shown for the product to file /Users/rodionsavchuk/hybrisAutomation/virco-automatedtests/target/site/serenity/094df492603a7aa8ac4177664d677c86d7567daf6bcebfbf746b8bbefa289d57.json (using temp file /Users/rodionsavchuk/hybrisAutomation/virco-automatedtests/target/site/serenity/094df492603a7aa8ac4177664d677c86d7567daf6bcebfbf746b8bbefa289d57.jsonad7fbfe0-0e77-4a9c-885a-31db67e2e64d)
[pool-1-thread-1] INFO net.thucydides.core.reports.json.JSONTestOutcomeReporter - Generating JSON report for VIR-142.01 Verify that the selection path is shown to the customer to file /Users/rodionsavchuk/hybrisAutomation/virco-automatedtests/target/site/serenity/a834828f1d3b72a5d3cf97d5448a79eefe869ccaba5a5296f3919629801fb136.json (using temp file /Users/rodionsavchuk/hybrisAutomation/virco-automatedtests/target/site/serenity/a834828f1d3b72a5d3cf97d5448a79eefe869ccaba5a5296f3919629801fb136.json5f248cb5-7237-4a3c-91b6-44c5f72c9d30)
[pool-1-thread-2] INFO net.thucydides.core.reports.json.JSONTestOutcomeReporter - Generating JSON report for VIR-267.03 Verify that the third row content slot is shown for the product when the product has at least one of these attributes to file /Users/rodionsavchuk/hybrisAutomation/virco-automatedtests/target/site/serenity/dc7832af1392c3bb03c6b8862cdfd202aa7777a247f1b7cdfc7d15037ed09721.json (using temp file /Users/rodionsavchuk/hybrisAutomation/virco-automatedtests/target/site/serenity/dc7832af1392c3bb03c6b8862cdfd202aa7777a247f1b7cdfc7d15037ed09721.json2a9d260e-6fe8-4f41-9358-13c664df09cd)
[pool-1-thread-3] INFO net.thucydides.core.reports.json.JSONTestOutcomeReporter - Generating JSON report for VIR-142.02 Verify that the customer can move through the selection path to file /Users/rodionsavchuk/hybrisAutomation/virco-automatedtests/target/site/serenity/f3172676e692a180ed5b40bf9e6ac6aaf36a696e49864d1328623a2c9936d2ca.json (using temp file /Users/rodionsavchuk/hybrisAutomation/virco-automatedtests/target/site/serenity/f3172676e692a180ed5b40bf9e6ac6aaf36a696e49864d1328623a2c9936d2ca.jsonb49558a0-c85e-4f82-87f7-2100d2bee9d3)
[pool-1-thread-4] INFO net.thucydides.core.reports.json.JSONTestOutcomeReporter - Generating JSON report for VIR-142.03 Verify that the customer can return from the end of the path to the previous/beginning to file /Users/rodionsavchuk/hybrisAutomation/virco-automatedtests/target/site/serenity/63d44529e362e42826319b1b9567b9d7c3557c5a99a9fd9d57b1f61354d794d3.json (using temp file /Users/rodionsavchuk/hybrisAutomation/virco-automatedtests/target/site/serenity/63d44529e362e42826319b1b9567b9d7c3557c5a99a9fd9d57b1f61354d794d3.jsonbf8daa55-fcae-4ac2-be01-5d64ed15fa81)
[pool-1-thread-1] INFO net.thucydides.core.reports.json.JSONTestOutcomeReporter - Generating JSON report for VIR-142.04 Verify that the selected data are not cleared when customer returns to file /Users/rodionsavchuk/hybrisAutomation/virco-automatedtests/target/site/serenity/1a7bafb3de91ffb02b04f7492bf566f0275aeda21444a20e864442c010630f62.json (using temp file /Users/rodionsavchuk/hybrisAutomation/virco-automatedtests/target/site/serenity/1a7bafb3de91ffb02b04f7492bf566f0275aeda21444a20e864442c010630f62.json289e9aa7-1f31-4814-ac06-eed1667cb7c5)
[pool-1-thread-3] INFO net.thucydides.core.reports.json.JSONTestOutcomeReporter - Generating JSON report for VIR-268.01 Verify that the customer can select the quantity of items before adding to the cart on the product details page to file /Users/rodionsavchuk/hybrisAutomation/virco-automatedtests/target/site/serenity/78e822a9904fe340137cfa2904037e4398a82dcbacb5ecba2378d399b46f6c26.json (using temp file /Users/rodionsavchuk/hybrisAutomation/virco-automatedtests/target/site/serenity/78e822a9904fe340137cfa2904037e4398a82dcbacb5ecba2378d399b46f6c26.jsonb9dca111-bd42-43b4-8a1c-56c3cf1337ba)
[pool-1-thread-2] INFO net.thucydides.core.reports.json.JSONTestOutcomeReporter - Generating JSON report for VIR-268.02 Verify that the customer can add quantity by dropdown to file /Users/rodionsavchuk/hybrisAutomation/virco-automatedtests/target/site/serenity/c1dd2ebe5f47d0de634de4437ecf891829ff58f5373fbe6dcf40ad2880404ed7.json (using temp file /Users/rodionsavchuk/hybrisAutomation/virco-automatedtests/target/site/serenity/c1dd2ebe5f47d0de634de4437ecf891829ff58f5373fbe6dcf40ad2880404ed7.jsonbf33129e-403e-4d1f-ab8b-8b82e7839f94)
[pool-1-thread-4] INFO net.thucydides.core.reports.json.JSONTestOutcomeReporter - Generating JSON report for VIR-268.03 Verify that the customer can add the quantity manually to file /Users/rodionsavchuk/hybrisAutomation/virco-automatedtests/target/site/serenity/6ab14b4ba3c3ba4399e3ad1c0739cc93a854f14394e1aafde6dece743c26cf52.json (using temp file /Users/rodionsavchuk/hybrisAutomation/virco-automatedtests/target/site/serenity/6ab14b4ba3c3ba4399e3ad1c0739cc93a854f14394e1aafde6dece743c26cf52.jsonb63925d9-ade9-4369-8375-c8ac5e35b40b)
[pool-1-thread-1] INFO net.thucydides.core.reports.json.JSONTestOutcomeReporter - Generating JSON report for VIR-268.04 Verify that the quantity is automatically moved to 1 if customer enters 0 to file /Users/rodionsavchuk/hybrisAutomation/virco-automatedtests/target/site/serenity/5c6da38f4863cdf03d76d7feb5b4876b0e92b8310b0e95c35a7e4dbf711ccdc0.json (using temp file /Users/rodionsavchuk/hybrisAutomation/virco-automatedtests/target/site/serenity/5c6da38f4863cdf03d76d7feb5b4876b0e92b8310b0e95c35a7e4dbf711ccdc0.jsonec7177ba-64f5-421f-b114-afa4f4e6b1d1)
[pool-1-thread-3] INFO net.thucydides.core.reports.json.JSONTestOutcomeReporter - Generating JSON report for VIR-268.05 Verify that the customer is not able to add more items than 9,999 in one order to file /Users/rodionsavchuk/hybrisAutomation/virco-automatedtests/target/site/serenity/5b839a68bd67e36823a006aac4532c43fd4cffeab4940640ea6853e452197e9b.json (using temp file /Users/rodionsavchuk/hybrisAutomation/virco-automatedtests/target/site/serenity/5b839a68bd67e36823a006aac4532c43fd4cffeab4940640ea6853e452197e9b.json37708b20-4a1a-4c55-b2f2-1001d5ec0e7e)
[pool-1-thread-4] INFO net.thucydides.core.reports.json.JSONTestOutcomeReporter - Generating JSON report for VIR-143.01 Verify that the recommended products are shown to the customer to file /Users/rodionsavchuk/hybrisAutomation/virco-automatedtests/target/site/serenity/227c7340caf1e90ebddf4cebcfdfb28a52a59d8fd1ec72e8927d0a6d0d25e416.json (using temp file /Users/rodionsavchuk/hybrisAutomation/virco-automatedtests/target/site/serenity/227c7340caf1e90ebddf4cebcfdfb28a52a59d8fd1ec72e8927d0a6d0d25e416.json14517d57-1f32-46bc-aea2-3a4399c43f27)
[pool-1-thread-2] INFO net.thucydides.core.reports.json.JSONTestOutcomeReporter - Generating JSON report for VIR-144.01 Verify that the similar products are shown to the customer to file /Users/rodionsavchuk/hybrisAutomation/virco-automatedtests/target/site/serenity/d7d5edc7871854eb5cddec2463847fb43ab083cb4df273533f189fedb94f1021.json (using temp file /Users/rodionsavchuk/hybrisAutomation/virco-automatedtests/target/site/serenity/d7d5edc7871854eb5cddec2463847fb43ab083cb4df273533f189fedb94f1021.jsona6872d17-36ec-4a28-b6fc-b1058afe9293)
[pool-1-thread-3] INFO net.thucydides.core.reports.json.JSONTestOutcomeReporter - Generating JSON report for VIR-144.02 Verify that the customer can add the similar product to the cart to file /Users/rodionsavchuk/hybrisAutomation/virco-automatedtests/target/site/serenity/f6dfb6fac467c353cba267b60eda6fa31875c952a4589242d866123b640d1e1a.json (using temp file /Users/rodionsavchuk/hybrisAutomation/virco-automatedtests/target/site/serenity/f6dfb6fac467c353cba267b60eda6fa31875c952a4589242d866123b640d1e1a.json78360ea5-df64-4584-abc1-ed4e1a7b7652)
[pool-1-thread-4] INFO net.thucydides.core.reports.html.HtmlAcceptanceTestReporter - GENERATING HTML REPORT FOR PDP-10 - Configurations:VIR-267.01 Verify that the following information is shown at the slot 3 in 35c9da9077e7c57fa98ccabfe4de6bd840ff11eb861ed62ec8c14e5bf89b0166.html in directory target/site/serenity  
[pool-1-thread-1] INFO net.thucydides.core.reports.html.HtmlAcceptanceTestReporter - GENERATING HTML REPORT FOR PDP-10 - Configurations:VIR-267.02 Verify that the proper data are shown for the product in 094df492603a7aa8ac4177664d677c86d7567daf6bcebfbf746b8bbefa289d57.html in directory target/site/serenity  
[pool-1-thread-3] INFO net.thucydides.core.reports.html.HtmlAcceptanceTestReporter - GENERATING HTML REPORT FOR PDP-10 - Configurations:VIR-267.03 Verify that the third row content slot is shown for the product when the product has at least one of these attributes in dc7832af1392c3bb03c6b8862cdfd202aa7777a247f1b7cdfc7d15037ed09721.html in directory target/site/serenity  
[pool-1-thread-2] INFO net.thucydides.core.reports.html.HtmlAcceptanceTestReporter - GENERATING HTML REPORT FOR PDP-11 - Descriptive Path Selection:VIR-142.01 Verify that the selection path is shown to the customer in a834828f1d3b72a5d3cf97d5448a79eefe869ccaba5a5296f3919629801fb136.html in directory target/site/serenity  
[pool-1-thread-3] INFO net.thucydides.core.reports.html.HtmlAcceptanceTestReporter - GENERATING HTML REPORT FOR PDP-11 - Descriptive Path Selection:VIR-142.02 Verify that the customer can move through the selection path in f3172676e692a180ed5b40bf9e6ac6aaf36a696e49864d1328623a2c9936d2ca.html in directory target/site/serenity  
[pool-1-thread-1] INFO net.thucydides.core.reports.html.HtmlAcceptanceTestReporter - GENERATING HTML REPORT FOR PDP-11 - Descriptive Path Selection:VIR-142.03 Verify that the customer can return from the end of the path to the previous/beginning in 63d44529e362e42826319b1b9567b9d7c3557c5a99a9fd9d57b1f61354d794d3.html in directory target/site/serenity  
[pool-1-thread-4] INFO net.thucydides.core.reports.html.HtmlAcceptanceTestReporter - GENERATING HTML REPORT FOR PDP-11 - Descriptive Path Selection:VIR-142.04 Verify that the selected data are not cleared when customer returns in 1a7bafb3de91ffb02b04f7492bf566f0275aeda21444a20e864442c010630f62.html in directory target/site/serenity  
[pool-1-thread-3] INFO net.thucydides.core.reports.html.HtmlAcceptanceTestReporter - GENERATING HTML REPORT FOR PDP-12 - Add/Remove PDP:VIR-268.01 Verify that the customer can select the quantity of items before adding to the cart on the product details page in 78e822a9904fe340137cfa2904037e4398a82dcbacb5ecba2378d399b46f6c26.html in directory target/site/serenity  
[pool-1-thread-4] INFO net.thucydides.core.reports.html.HtmlAcceptanceTestReporter - GENERATING HTML REPORT FOR PDP-12 - Add/Remove PDP:VIR-268.02 Verify that the customer can add quantity by dropdown in c1dd2ebe5f47d0de634de4437ecf891829ff58f5373fbe6dcf40ad2880404ed7.html in directory target/site/serenity  
[pool-1-thread-2] INFO net.thucydides.core.reports.html.HtmlAcceptanceTestReporter - GENERATING HTML REPORT FOR PDP-12 - Add/Remove PDP:VIR-268.03 Verify that the customer can add the quantity manually in 6ab14b4ba3c3ba4399e3ad1c0739cc93a854f14394e1aafde6dece743c26cf52.html in directory target/site/serenity  
[pool-1-thread-3] INFO net.thucydides.core.reports.html.HtmlAcceptanceTestReporter - GENERATING HTML REPORT FOR PDP-12 - Add/Remove PDP:VIR-268.04 Verify that the quantity is automatically moved to 1 if customer enters 0 in 5c6da38f4863cdf03d76d7feb5b4876b0e92b8310b0e95c35a7e4dbf711ccdc0.html in directory target/site/serenity  
[pool-1-thread-4] INFO net.thucydides.core.reports.html.HtmlAcceptanceTestReporter - GENERATING HTML REPORT FOR PDP-12 - Add/Remove PDP:VIR-268.05 Verify that the customer is not able to add more items than 9,999 in one order in 5b839a68bd67e36823a006aac4532c43fd4cffeab4940640ea6853e452197e9b.html in directory target/site/serenity  
[pool-1-thread-4] INFO net.thucydides.core.reports.html.HtmlAcceptanceTestReporter - GENERATING HTML REPORT FOR PDP-13 - Cross-Sell Products:VIR-143.01 Verify that the recommended products are shown to the customer in 227c7340caf1e90ebddf4cebcfdfb28a52a59d8fd1ec72e8927d0a6d0d25e416.html in directory target/site/serenity  
[pool-1-thread-3] INFO net.thucydides.core.reports.html.HtmlAcceptanceTestReporter - GENERATING HTML REPORT FOR PDP-14 - Up-Sell Products:VIR-144.01 Verify that the similar products are shown to the customer in d7d5edc7871854eb5cddec2463847fb43ab083cb4df273533f189fedb94f1021.html in directory target/site/serenity  
[pool-1-thread-3] INFO net.thucydides.core.reports.html.HtmlAcceptanceTestReporter - GENERATING HTML REPORT FOR PDP-14 - Up-Sell Products:VIR-144.02 Verify that the customer can add the similar product to the cart in f6dfb6fac467c353cba267b60eda6fa31875c952a4589242d866123b640d1e1a.html in directory target/site/serenity  
[main] INFO net.serenitybdd.core.Serenity - 
 _____ _____ ____ _____   ____ _____  _    ____ _____ _____ ____  
|_   _| ____/ ___|_   _| / ___|_   _|/ \  |  _ \_   _| ____|  _ \ 
  | | |  _| \___ \ | |   \___ \ | | / _ \ | |_) || | |  _| | | | |
  | | | |___ ___) || |    ___) || |/ ___ \|  _ < | | | |___| |_| |
  |_| |_____|____/ |_|   |____/ |_/_/   \_\_| \_\|_| |_____|____/ 
                                                                  

TEST STARTED: VIR-483 Missing product price in Up/Cross sell pop-up
-------------------------------------------------------------------(pdp-14---up-sell-products;vir-483-missing-product-price-in-up/cross-sell-pop-up)
[main] INFO net.serenitybdd.core.Serenity - STARTING STEP Given open the site and login
[main] INFO net.serenitybdd.core.Serenity - STARTING STEP Open the site
[main] INFO net.serenitybdd.core.Serenity - STEP ERROR: net.serenitybdd.core.exceptions.SerenityManagedException: Could not initialize class com.virco.locators.SiteData
]]></system-err>
  </testcase>
  <testcase name="Scenario: VIR-483 Missing product price in Up/Cross sell pop-up" classname="Scenario: VIR-483 Missing product price in Up/Cross sell pop-up" time="0.002">
    <error message="Could not initialize class com.virco.locators.SiteData" type="net.serenitybdd.core.exceptions.SerenityManagedException"><![CDATA[net.serenitybdd.core.exceptions.SerenityManagedException: Could not initialize class com.virco.locators.SiteData
	at com.virco.steps.serenity.CommonUserSteps.openTheSite(CommonUserSteps.java:19)
	at com.virco.steps.serenity.CommonUserSteps$$EnhancerByCGLIB$$d8541bfa.CGLIB$openTheSite$6(<generated>)
	at com.virco.steps.serenity.CommonUserSteps$$EnhancerByCGLIB$$d8541bfa$$FastClassByCGLIB$$ea8e0f86.invoke(<generated>)
	at net.sf.cglib.proxy.MethodProxy.invokeSuper(MethodProxy.java:228)
	at net.thucydides.core.steps.StepInterceptor.invokeMethod(StepInterceptor.java:372)
	at net.thucydides.core.steps.StepInterceptor.executeTestStepMethod(StepInterceptor.java:357)
	at net.thucydides.core.steps.StepInterceptor.runTestStep(StepInterceptor.java:332)
	at net.thucydides.core.steps.StepInterceptor.testStepResult(StepInterceptor.java:134)
	at net.thucydides.core.steps.StepInterceptor.intercept(StepInterceptor.java:61)
	at com.virco.steps.serenity.CommonUserSteps$$EnhancerByCGLIB$$d8541bfa.openTheSite(<generated>)
	at com.virco.steps.CommonDefinitionSteps.openTheSiteAndLogin(CommonDefinitionSteps.java:72)
	at sun.reflect.GeneratedMethodAccessor143.invoke(Unknown Source)
	at sun.reflect.DelegatingMethodAccessorImpl.invoke(DelegatingMethodAccessorImpl.java:43)
	at java.lang.reflect.Method.invoke(Method.java:498)
	at cucumber.runtime.Utils$1.call(Utils.java:40)
	at cucumber.runtime.Timeout.timeout(Timeout.java:16)
	at cucumber.runtime.Utils.invoke(Utils.java:34)
	at cucumber.runtime.java.JavaStepDefinition.execute(JavaStepDefinition.java:38)
	at cucumber.runtime.StepDefinitionMatch.runStep(StepDefinitionMatch.java:37)
	at cucumber.runtime.Runtime.runStep(Runtime.java:300)
	at cucumber.runtime.model.StepContainer.runStep(StepContainer.java:44)
	at cucumber.runtime.model.StepContainer.runSteps(StepContainer.java:39)
	at cucumber.runtime.model.CucumberScenario.run(CucumberScenario.java:44)
	at cucumber.runtime.junit.ExecutionUnitRunner.run(ExecutionUnitRunner.java:102)
	at cucumber.runtime.junit.FeatureRunner.runChild(FeatureRunner.java:63)
	at cucumber.runtime.junit.FeatureRunner.runChild(FeatureRunner.java:18)
	at org.junit.runners.ParentRunner$3.run(ParentRunner.java:290)
	at org.junit.runners.ParentRunner$1.schedule(ParentRunner.java:71)
	at org.junit.runners.ParentRunner.runChildren(ParentRunner.java:288)
	at org.junit.runners.ParentRunner.access$000(ParentRunner.java:58)
	at org.junit.runners.ParentRunner$2.evaluate(ParentRunner.java:268)
	at org.junit.runners.ParentRunner.run(ParentRunner.java:363)
	at cucumber.runtime.junit.FeatureRunner.run(FeatureRunner.java:70)
	at cucumber.api.junit.Cucumber.runChild(Cucumber.java:95)
	at cucumber.api.junit.Cucumber.runChild(Cucumber.java:38)
	at org.junit.runners.ParentRunner$3.run(ParentRunner.java:290)
	at org.junit.runners.ParentRunner$1.schedule(ParentRunner.java:71)
	at org.junit.runners.ParentRunner.runChildren(ParentRunner.java:288)
	at org.junit.runners.ParentRunner.access$000(ParentRunner.java:58)
	at org.junit.runners.ParentRunner$2.evaluate(ParentRunner.java:268)
	at org.junit.runners.ParentRunner.run(ParentRunner.java:363)
	at cucumber.api.junit.Cucumber.run(Cucumber.java:100)
	at org.apache.maven.surefire.junit4.JUnit4Provider.execute(JUnit4Provider.java:283)
	at org.apache.maven.surefire.junit4.JUnit4Provider.executeWithRerun(JUnit4Provider.java:173)
	at org.apache.maven.surefire.junit4.JUnit4Provider.executeTestSet(JUnit4Provider.java:153)
	at org.apache.maven.surefire.junit4.JUnit4Provider.invoke(JUnit4Provider.java:128)
	at org.apache.maven.surefire.booter.ForkedBooter.invokeProviderInSameClassLoader(ForkedBooter.java:203)
	at org.apache.maven.surefire.booter.ForkedBooter.runSuitesInProcess(ForkedBooter.java:155)
	at org.apache.maven.surefire.booter.ForkedBooter.main(ForkedBooter.java:103)
]]></error>
  </testcase>
  <testcase name="When open pdp with product that has &quot;Similar products&quot;" classname="Scenario: VIR-483 Missing product price in Up/Cross sell pop-up" time="0">
    <skipped/>
    <system-err><![CDATA[[main] INFO net.serenitybdd.core.Serenity - STEP ERROR: java.lang.NoClassDefFoundError: Could not initialize class com.virco.locators.SiteData
[main] INFO net.serenitybdd.core.Serenity - STARTING STEP When open pdp with product that has "Similar products"
]]></system-err>
  </testcase>
  <testcase name="When click on &quot;1&quot; product in &quot;Recommended products&quot; section" classname="Scenario: VIR-483 Missing product price in Up/Cross sell pop-up" time="0">
    <skipped/>
    <system-err><![CDATA[[main] INFO net.serenitybdd.core.Serenity - IGNORING STEP
[main] INFO net.serenitybdd.core.Serenity - STARTING STEP When click on "1" product in "Recommended products" section
]]></system-err>
  </testcase>
  <testcase name="Then similar product information is shown in modal" classname="Scenario: VIR-483 Missing product price in Up/Cross sell pop-up" time="0">
    <skipped/>
    <system-err><![CDATA[[main] INFO net.serenitybdd.core.Serenity - IGNORING STEP
[main] INFO net.serenitybdd.core.Serenity - STARTING STEP Then similar product information is shown in modal
]]></system-err>
  </testcase>
  <testcase name="Scenario: VIR-145.01 Verify that state is moved to the minimum required, if customer selected non-standard color" classname="Scenario: VIR-145.01 Verify that state is moved to the minimum required, if customer selected non-standard color" time="0.127"/>
  <testcase name="Given open the site and login" classname="Scenario: VIR-146.01 Verify that &quot;Assembly Required&quot; is shown to the customer, if the products requires assembly" time="0.001">
    <error message="Could not initialize class com.virco.locators.SiteData" type="net.serenitybdd.core.exceptions.SerenityManagedException"><![CDATA[net.serenitybdd.core.exceptions.SerenityManagedException: Could not initialize class com.virco.locators.SiteData
	at com.virco.steps.serenity.CommonUserSteps.openTheSite(CommonUserSteps.java:19)
	at com.virco.steps.serenity.CommonUserSteps$$EnhancerByCGLIB$$d8541bfa.CGLIB$openTheSite$6(<generated>)
	at com.virco.steps.serenity.CommonUserSteps$$EnhancerByCGLIB$$d8541bfa$$FastClassByCGLIB$$ea8e0f86.invoke(<generated>)
	at net.sf.cglib.proxy.MethodProxy.invokeSuper(MethodProxy.java:228)
	at net.thucydides.core.steps.StepInterceptor.invokeMethod(StepInterceptor.java:372)
	at net.thucydides.core.steps.StepInterceptor.executeTestStepMethod(StepInterceptor.java:357)
	at net.thucydides.core.steps.StepInterceptor.runTestStep(StepInterceptor.java:332)
	at net.thucydides.core.steps.StepInterceptor.testStepResult(StepInterceptor.java:134)
	at net.thucydides.core.steps.StepInterceptor.intercept(StepInterceptor.java:61)
	at com.virco.steps.serenity.CommonUserSteps$$EnhancerByCGLIB$$d8541bfa.openTheSite(<generated>)
	at com.virco.steps.CommonDefinitionSteps.openTheSiteAndLogin(CommonDefinitionSteps.java:72)
	at sun.reflect.GeneratedMethodAccessor143.invoke(Unknown Source)
	at sun.reflect.DelegatingMethodAccessorImpl.invoke(DelegatingMethodAccessorImpl.java:43)
	at java.lang.reflect.Method.invoke(Method.java:498)
	at cucumber.runtime.Utils$1.call(Utils.java:40)
	at cucumber.runtime.Timeout.timeout(Timeout.java:16)
	at cucumber.runtime.Utils.invoke(Utils.java:34)
	at cucumber.runtime.java.JavaStepDefinition.execute(JavaStepDefinition.java:38)
	at cucumber.runtime.StepDefinitionMatch.runStep(StepDefinitionMatch.java:37)
	at cucumber.runtime.Runtime.runStep(Runtime.java:300)
	at cucumber.runtime.model.StepContainer.runStep(StepContainer.java:44)
	at cucumber.runtime.model.StepContainer.runSteps(StepContainer.java:39)
	at cucumber.runtime.model.CucumberScenario.run(CucumberScenario.java:44)
	at cucumber.runtime.junit.ExecutionUnitRunner.run(ExecutionUnitRunner.java:102)
	at cucumber.runtime.junit.FeatureRunner.runChild(FeatureRunner.java:63)
	at cucumber.runtime.junit.FeatureRunner.runChild(FeatureRunner.java:18)
	at org.junit.runners.ParentRunner$3.run(ParentRunner.java:290)
	at org.junit.runners.ParentRunner$1.schedule(ParentRunner.java:71)
	at org.junit.runners.ParentRunner.runChildren(ParentRunner.java:288)
	at org.junit.runners.ParentRunner.access$000(ParentRunner.java:58)
	at org.junit.runners.ParentRunner$2.evaluate(ParentRunner.java:268)
	at org.junit.runners.ParentRunner.run(ParentRunner.java:363)
	at cucumber.runtime.junit.FeatureRunner.run(FeatureRunner.java:70)
	at cucumber.api.junit.Cucumber.runChild(Cucumber.java:95)
	at cucumber.api.junit.Cucumber.runChild(Cucumber.java:38)
	at org.junit.runners.ParentRunner$3.run(ParentRunner.java:290)
	at org.junit.runners.ParentRunner$1.schedule(ParentRunner.java:71)
	at org.junit.runners.ParentRunner.runChildren(ParentRunner.java:288)
	at org.junit.runners.ParentRunner.access$000(ParentRunner.java:58)
	at org.junit.runners.ParentRunner$2.evaluate(ParentRunner.java:268)
	at org.junit.runners.ParentRunner.run(ParentRunner.java:363)
	at cucumber.api.junit.Cucumber.run(Cucumber.java:100)
	at org.apache.maven.surefire.junit4.JUnit4Provider.execute(JUnit4Provider.java:283)
	at org.apache.maven.surefire.junit4.JUnit4Provider.executeWithRerun(JUnit4Provider.java:173)
	at org.apache.maven.surefire.junit4.JUnit4Provider.executeTestSet(JUnit4Provider.java:153)
	at org.apache.maven.surefire.junit4.JUnit4Provider.invoke(JUnit4Provider.java:128)
	at org.apache.maven.surefire.booter.ForkedBooter.invokeProviderInSameClassLoader(ForkedBooter.java:203)
	at org.apache.maven.surefire.booter.ForkedBooter.runSuitesInProcess(ForkedBooter.java:155)
	at org.apache.maven.surefire.booter.ForkedBooter.main(ForkedBooter.java:103)
]]></error>
    <system-err><![CDATA[[main] INFO net.serenitybdd.core.Serenity - Test Suite Started: PDP-16 - Tools & Assembly Required
[main] INFO net.serenitybdd.core.Serenity - 
 _____ _____ ____ _____   ____ _____  _    ____ _____ _____ ____  
|_   _| ____/ ___|_   _| / ___|_   _|/ \  |  _ \_   _| ____|  _ \ 
  | | |  _| \___ \ | |   \___ \ | | / _ \ | |_) || | |  _| | | | |
  | | | |___ ___) || |    ___) || |/ ___ \|  _ < | | | |___| |_| |
  |_| |_____|____/ |_|   |____/ |_/_/   \_\_| \_\|_| |_____|____/ 
                                                                  

TEST STARTED: VIR-146.01 Verify that "Assembly Required" is shown to the customer, if the products requires assembly
-------------------------------------------------------------------(pdp-16---tools-&-assembly-required;vir-146.01-verify-that-"assembly-required"-is-shown-to-the-customer,-if-the-products-requires-assembly)
[main] INFO net.serenitybdd.core.Serenity - STARTING STEP Given open the site and login
[main] INFO net.serenitybdd.core.Serenity - STARTING STEP Open the site
[main] INFO net.serenitybdd.core.Serenity - STEP ERROR: net.serenitybdd.core.exceptions.SerenityManagedException: Could not initialize class com.virco.locators.SiteData
]]></system-err>
  </testcase>
  <testcase name="Scenario: VIR-146.01 Verify that &quot;Assembly Required&quot; is shown to the customer, if the products requires assembly" classname="Scenario: VIR-146.01 Verify that &quot;Assembly Required&quot; is shown to the customer, if the products requires assembly" time="0.002">
    <error message="Could not initialize class com.virco.locators.SiteData" type="net.serenitybdd.core.exceptions.SerenityManagedException"><![CDATA[net.serenitybdd.core.exceptions.SerenityManagedException: Could not initialize class com.virco.locators.SiteData
	at com.virco.steps.serenity.CommonUserSteps.openTheSite(CommonUserSteps.java:19)
	at com.virco.steps.serenity.CommonUserSteps$$EnhancerByCGLIB$$d8541bfa.CGLIB$openTheSite$6(<generated>)
	at com.virco.steps.serenity.CommonUserSteps$$EnhancerByCGLIB$$d8541bfa$$FastClassByCGLIB$$ea8e0f86.invoke(<generated>)
	at net.sf.cglib.proxy.MethodProxy.invokeSuper(MethodProxy.java:228)
	at net.thucydides.core.steps.StepInterceptor.invokeMethod(StepInterceptor.java:372)
	at net.thucydides.core.steps.StepInterceptor.executeTestStepMethod(StepInterceptor.java:357)
	at net.thucydides.core.steps.StepInterceptor.runTestStep(StepInterceptor.java:332)
	at net.thucydides.core.steps.StepInterceptor.testStepResult(StepInterceptor.java:134)
	at net.thucydides.core.steps.StepInterceptor.intercept(StepInterceptor.java:61)
	at com.virco.steps.serenity.CommonUserSteps$$EnhancerByCGLIB$$d8541bfa.openTheSite(<generated>)
	at com.virco.steps.CommonDefinitionSteps.openTheSiteAndLogin(CommonDefinitionSteps.java:72)
	at sun.reflect.GeneratedMethodAccessor143.invoke(Unknown Source)
	at sun.reflect.DelegatingMethodAccessorImpl.invoke(DelegatingMethodAccessorImpl.java:43)
	at java.lang.reflect.Method.invoke(Method.java:498)
	at cucumber.runtime.Utils$1.call(Utils.java:40)
	at cucumber.runtime.Timeout.timeout(Timeout.java:16)
	at cucumber.runtime.Utils.invoke(Utils.java:34)
	at cucumber.runtime.java.JavaStepDefinition.execute(JavaStepDefinition.java:38)
	at cucumber.runtime.StepDefinitionMatch.runStep(StepDefinitionMatch.java:37)
	at cucumber.runtime.Runtime.runStep(Runtime.java:300)
	at cucumber.runtime.model.StepContainer.runStep(StepContainer.java:44)
	at cucumber.runtime.model.StepContainer.runSteps(StepContainer.java:39)
	at cucumber.runtime.model.CucumberScenario.run(CucumberScenario.java:44)
	at cucumber.runtime.junit.ExecutionUnitRunner.run(ExecutionUnitRunner.java:102)
	at cucumber.runtime.junit.FeatureRunner.runChild(FeatureRunner.java:63)
	at cucumber.runtime.junit.FeatureRunner.runChild(FeatureRunner.java:18)
	at org.junit.runners.ParentRunner$3.run(ParentRunner.java:290)
	at org.junit.runners.ParentRunner$1.schedule(ParentRunner.java:71)
	at org.junit.runners.ParentRunner.runChildren(ParentRunner.java:288)
	at org.junit.runners.ParentRunner.access$000(ParentRunner.java:58)
	at org.junit.runners.ParentRunner$2.evaluate(ParentRunner.java:268)
	at org.junit.runners.ParentRunner.run(ParentRunner.java:363)
	at cucumber.runtime.junit.FeatureRunner.run(FeatureRunner.java:70)
	at cucumber.api.junit.Cucumber.runChild(Cucumber.java:95)
	at cucumber.api.junit.Cucumber.runChild(Cucumber.java:38)
	at org.junit.runners.ParentRunner$3.run(ParentRunner.java:290)
	at org.junit.runners.ParentRunner$1.schedule(ParentRunner.java:71)
	at org.junit.runners.ParentRunner.runChildren(ParentRunner.java:288)
	at org.junit.runners.ParentRunner.access$000(ParentRunner.java:58)
	at org.junit.runners.ParentRunner$2.evaluate(ParentRunner.java:268)
	at org.junit.runners.ParentRunner.run(ParentRunner.java:363)
	at cucumber.api.junit.Cucumber.run(Cucumber.java:100)
	at org.apache.maven.surefire.junit4.JUnit4Provider.execute(JUnit4Provider.java:283)
	at org.apache.maven.surefire.junit4.JUnit4Provider.executeWithRerun(JUnit4Provider.java:173)
	at org.apache.maven.surefire.junit4.JUnit4Provider.executeTestSet(JUnit4Provider.java:153)
	at org.apache.maven.surefire.junit4.JUnit4Provider.invoke(JUnit4Provider.java:128)
	at org.apache.maven.surefire.booter.ForkedBooter.invokeProviderInSameClassLoader(ForkedBooter.java:203)
	at org.apache.maven.surefire.booter.ForkedBooter.runSuitesInProcess(ForkedBooter.java:155)
	at org.apache.maven.surefire.booter.ForkedBooter.main(ForkedBooter.java:103)
]]></error>
  </testcase>
  <testcase name="When open pdp with product that has Assembly Required attribute &quot;None&quot;" classname="Scenario: VIR-146.01 Verify that &quot;Assembly Required&quot; is shown to the customer, if the products requires assembly" time="0">
    <skipped/>
    <system-err><![CDATA[[main] INFO net.serenitybdd.core.Serenity - STEP ERROR: java.lang.NoClassDefFoundError: Could not initialize class com.virco.locators.SiteData
[main] INFO net.serenitybdd.core.Serenity - STARTING STEP When open pdp with product that has Assembly Required attribute "None"
]]></system-err>
  </testcase>
  <testcase name="Then Tools assembly required text is &quot;None&quot;" classname="Scenario: VIR-146.01 Verify that &quot;Assembly Required&quot; is shown to the customer, if the products requires assembly" time="0">
    <skipped/>
    <system-err><![CDATA[[main] INFO net.serenitybdd.core.Serenity - IGNORING STEP
[main] INFO net.serenitybdd.core.Serenity - STARTING STEP Then Tools assembly required text is "None"
]]></system-err>
  </testcase>
  <testcase name="Given open the site and login" classname="Scenario: VIR-146.02 Verify that &quot;Assembly Required&quot; is not shown to the customer, if the products does not require assembly" time="0.002">
    <error message="Could not initialize class com.virco.locators.SiteData" type="net.serenitybdd.core.exceptions.SerenityManagedException"><![CDATA[net.serenitybdd.core.exceptions.SerenityManagedException: Could not initialize class com.virco.locators.SiteData
	at com.virco.steps.serenity.CommonUserSteps.openTheSite(CommonUserSteps.java:19)
	at com.virco.steps.serenity.CommonUserSteps$$EnhancerByCGLIB$$d8541bfa.CGLIB$openTheSite$6(<generated>)
	at com.virco.steps.serenity.CommonUserSteps$$EnhancerByCGLIB$$d8541bfa$$FastClassByCGLIB$$ea8e0f86.invoke(<generated>)
	at net.sf.cglib.proxy.MethodProxy.invokeSuper(MethodProxy.java:228)
	at net.thucydides.core.steps.StepInterceptor.invokeMethod(StepInterceptor.java:372)
	at net.thucydides.core.steps.StepInterceptor.executeTestStepMethod(StepInterceptor.java:357)
	at net.thucydides.core.steps.StepInterceptor.runTestStep(StepInterceptor.java:332)
	at net.thucydides.core.steps.StepInterceptor.testStepResult(StepInterceptor.java:134)
	at net.thucydides.core.steps.StepInterceptor.intercept(StepInterceptor.java:61)
	at com.virco.steps.serenity.CommonUserSteps$$EnhancerByCGLIB$$d8541bfa.openTheSite(<generated>)
	at com.virco.steps.CommonDefinitionSteps.openTheSiteAndLogin(CommonDefinitionSteps.java:72)
	at sun.reflect.GeneratedMethodAccessor143.invoke(Unknown Source)
	at sun.reflect.DelegatingMethodAccessorImpl.invoke(DelegatingMethodAccessorImpl.java:43)
	at java.lang.reflect.Method.invoke(Method.java:498)
	at cucumber.runtime.Utils$1.call(Utils.java:40)
	at cucumber.runtime.Timeout.timeout(Timeout.java:16)
	at cucumber.runtime.Utils.invoke(Utils.java:34)
	at cucumber.runtime.java.JavaStepDefinition.execute(JavaStepDefinition.java:38)
	at cucumber.runtime.StepDefinitionMatch.runStep(StepDefinitionMatch.java:37)
	at cucumber.runtime.Runtime.runStep(Runtime.java:300)
	at cucumber.runtime.model.StepContainer.runStep(StepContainer.java:44)
	at cucumber.runtime.model.StepContainer.runSteps(StepContainer.java:39)
	at cucumber.runtime.model.CucumberScenario.run(CucumberScenario.java:44)
	at cucumber.runtime.junit.ExecutionUnitRunner.run(ExecutionUnitRunner.java:102)
	at cucumber.runtime.junit.FeatureRunner.runChild(FeatureRunner.java:63)
	at cucumber.runtime.junit.FeatureRunner.runChild(FeatureRunner.java:18)
	at org.junit.runners.ParentRunner$3.run(ParentRunner.java:290)
	at org.junit.runners.ParentRunner$1.schedule(ParentRunner.java:71)
	at org.junit.runners.ParentRunner.runChildren(ParentRunner.java:288)
	at org.junit.runners.ParentRunner.access$000(ParentRunner.java:58)
	at org.junit.runners.ParentRunner$2.evaluate(ParentRunner.java:268)
	at org.junit.runners.ParentRunner.run(ParentRunner.java:363)
	at cucumber.runtime.junit.FeatureRunner.run(FeatureRunner.java:70)
	at cucumber.api.junit.Cucumber.runChild(Cucumber.java:95)
	at cucumber.api.junit.Cucumber.runChild(Cucumber.java:38)
	at org.junit.runners.ParentRunner$3.run(ParentRunner.java:290)
	at org.junit.runners.ParentRunner$1.schedule(ParentRunner.java:71)
	at org.junit.runners.ParentRunner.runChildren(ParentRunner.java:288)
	at org.junit.runners.ParentRunner.access$000(ParentRunner.java:58)
	at org.junit.runners.ParentRunner$2.evaluate(ParentRunner.java:268)
	at org.junit.runners.ParentRunner.run(ParentRunner.java:363)
	at cucumber.api.junit.Cucumber.run(Cucumber.java:100)
	at org.apache.maven.surefire.junit4.JUnit4Provider.execute(JUnit4Provider.java:283)
	at org.apache.maven.surefire.junit4.JUnit4Provider.executeWithRerun(JUnit4Provider.java:173)
	at org.apache.maven.surefire.junit4.JUnit4Provider.executeTestSet(JUnit4Provider.java:153)
	at org.apache.maven.surefire.junit4.JUnit4Provider.invoke(JUnit4Provider.java:128)
	at org.apache.maven.surefire.booter.ForkedBooter.invokeProviderInSameClassLoader(ForkedBooter.java:203)
	at org.apache.maven.surefire.booter.ForkedBooter.runSuitesInProcess(ForkedBooter.java:155)
	at org.apache.maven.surefire.booter.ForkedBooter.main(ForkedBooter.java:103)
]]></error>
    <system-err><![CDATA[[main] INFO net.serenitybdd.core.Serenity - IGNORING STEP
[main] ERROR net.serenitybdd.core.Serenity - 
           __  _____ _____ ____ _____   _____ _    ___ _     _____ ____  
  _       / / |_   _| ____/ ___|_   _| |  ___/ \  |_ _| |   | ____|  _ \ 
 (_)_____| |    | | |  _| \___ \ | |   | |_ / _ \  | || |   |  _| | | | |
  _|_____| |    | | | |___ ___) || |   |  _/ ___ \ | || |___| |___| |_| |
 (_)     | |    |_| |_____|____/ |_|   |_|/_/   \_\___|_____|_____|____/ 
          \_\                                                            

TEST FAILED WITH ERROR: VIR-146.01 Verify that "Assembly Required" is shown to the customer, if the products requires assembly
---------------------------------------------------------------------
[main] ERROR net.serenitybdd.core.Serenity - TEST FAILED AT STEP Open the site
[main] ERROR net.serenitybdd.core.Serenity - Could not initialize class com.virco.locators.SiteData
[pool-1-thread-2] INFO net.thucydides.core.reports.json.JSONTestOutcomeReporter - Generating JSON report for VIR-267.03 Verify that the third row content slot is shown for the product when the product has at least one of these attributes to file /Users/rodionsavchuk/hybrisAutomation/virco-automatedtests/target/site/serenity/dc7832af1392c3bb03c6b8862cdfd202aa7777a247f1b7cdfc7d15037ed09721.json (using temp file /Users/rodionsavchuk/hybrisAutomation/virco-automatedtests/target/site/serenity/dc7832af1392c3bb03c6b8862cdfd202aa7777a247f1b7cdfc7d15037ed09721.json2611a92c-cf3b-40fc-b1e0-f1ad0784dbce)
[pool-1-thread-1] INFO net.thucydides.core.reports.json.JSONTestOutcomeReporter - Generating JSON report for VIR-267.02 Verify that the proper data are shown for the product to file /Users/rodionsavchuk/hybrisAutomation/virco-automatedtests/target/site/serenity/094df492603a7aa8ac4177664d677c86d7567daf6bcebfbf746b8bbefa289d57.json (using temp file /Users/rodionsavchuk/hybrisAutomation/virco-automatedtests/target/site/serenity/094df492603a7aa8ac4177664d677c86d7567daf6bcebfbf746b8bbefa289d57.json45e9bd91-51a5-43ad-8538-11f2c054d7c6)
[pool-1-thread-4] INFO net.thucydides.core.reports.json.JSONTestOutcomeReporter - Generating JSON report for VIR-267.01 Verify that the following information is shown at the slot 3 to file /Users/rodionsavchuk/hybrisAutomation/virco-automatedtests/target/site/serenity/35c9da9077e7c57fa98ccabfe4de6bd840ff11eb861ed62ec8c14e5bf89b0166.json (using temp file /Users/rodionsavchuk/hybrisAutomation/virco-automatedtests/target/site/serenity/35c9da9077e7c57fa98ccabfe4de6bd840ff11eb861ed62ec8c14e5bf89b0166.json538a9ea9-3d84-4e7d-9e85-95b66146b676)
[pool-1-thread-2] INFO net.thucydides.core.reports.json.JSONTestOutcomeReporter - Generating JSON report for VIR-142.02 Verify that the customer can move through the selection path to file /Users/rodionsavchuk/hybrisAutomation/virco-automatedtests/target/site/serenity/f3172676e692a180ed5b40bf9e6ac6aaf36a696e49864d1328623a2c9936d2ca.json (using temp file /Users/rodionsavchuk/hybrisAutomation/virco-automatedtests/target/site/serenity/f3172676e692a180ed5b40bf9e6ac6aaf36a696e49864d1328623a2c9936d2ca.json75801f51-b7a9-4618-9546-01499ef2608e)
[pool-1-thread-1] INFO net.thucydides.core.reports.json.JSONTestOutcomeReporter - Generating JSON report for VIR-142.03 Verify that the customer can return from the end of the path to the previous/beginning to file /Users/rodionsavchuk/hybrisAutomation/virco-automatedtests/target/site/serenity/63d44529e362e42826319b1b9567b9d7c3557c5a99a9fd9d57b1f61354d794d3.json (using temp file /Users/rodionsavchuk/hybrisAutomation/virco-automatedtests/target/site/serenity/63d44529e362e42826319b1b9567b9d7c3557c5a99a9fd9d57b1f61354d794d3.json565f2b2a-e8b8-4d51-8fb8-284e6435629a)
[pool-1-thread-2] INFO net.thucydides.core.reports.json.JSONTestOutcomeReporter - Generating JSON report for VIR-142.04 Verify that the selected data are not cleared when customer returns to file /Users/rodionsavchuk/hybrisAutomation/virco-automatedtests/target/site/serenity/1a7bafb3de91ffb02b04f7492bf566f0275aeda21444a20e864442c010630f62.json (using temp file /Users/rodionsavchuk/hybrisAutomation/virco-automatedtests/target/site/serenity/1a7bafb3de91ffb02b04f7492bf566f0275aeda21444a20e864442c010630f62.json3fc01aff-1874-458d-ae0b-a899326bf232)
[pool-1-thread-4] INFO net.thucydides.core.reports.json.JSONTestOutcomeReporter - Generating JSON report for VIR-268.01 Verify that the customer can select the quantity of items before adding to the cart on the product details page to file /Users/rodionsavchuk/hybrisAutomation/virco-automatedtests/target/site/serenity/78e822a9904fe340137cfa2904037e4398a82dcbacb5ecba2378d399b46f6c26.json (using temp file /Users/rodionsavchuk/hybrisAutomation/virco-automatedtests/target/site/serenity/78e822a9904fe340137cfa2904037e4398a82dcbacb5ecba2378d399b46f6c26.jsonfada5fca-de59-4543-9b37-2d361d9e2e69)
[pool-1-thread-3] INFO net.thucydides.core.reports.json.JSONTestOutcomeReporter - Generating JSON report for VIR-142.01 Verify that the selection path is shown to the customer to file /Users/rodionsavchuk/hybrisAutomation/virco-automatedtests/target/site/serenity/a834828f1d3b72a5d3cf97d5448a79eefe869ccaba5a5296f3919629801fb136.json (using temp file /Users/rodionsavchuk/hybrisAutomation/virco-automatedtests/target/site/serenity/a834828f1d3b72a5d3cf97d5448a79eefe869ccaba5a5296f3919629801fb136.json3cb934fe-8811-42f2-9de2-e558e60af16d)
[pool-1-thread-2] INFO net.thucydides.core.reports.json.JSONTestOutcomeReporter - Generating JSON report for VIR-268.02 Verify that the customer can add quantity by dropdown to file /Users/rodionsavchuk/hybrisAutomation/virco-automatedtests/target/site/serenity/c1dd2ebe5f47d0de634de4437ecf891829ff58f5373fbe6dcf40ad2880404ed7.json (using temp file /Users/rodionsavchuk/hybrisAutomation/virco-automatedtests/target/site/serenity/c1dd2ebe5f47d0de634de4437ecf891829ff58f5373fbe6dcf40ad2880404ed7.json29bd8542-f3c0-4489-9a9c-ab030908bd89)
[pool-1-thread-1] INFO net.thucydides.core.reports.json.JSONTestOutcomeReporter - Generating JSON report for VIR-268.03 Verify that the customer can add the quantity manually to file /Users/rodionsavchuk/hybrisAutomation/virco-automatedtests/target/site/serenity/6ab14b4ba3c3ba4399e3ad1c0739cc93a854f14394e1aafde6dece743c26cf52.json (using temp file /Users/rodionsavchuk/hybrisAutomation/virco-automatedtests/target/site/serenity/6ab14b4ba3c3ba4399e3ad1c0739cc93a854f14394e1aafde6dece743c26cf52.json40d1b784-70b5-4a27-8eb2-8ad99cf70300)
[pool-1-thread-3] INFO net.thucydides.core.reports.json.JSONTestOutcomeReporter - Generating JSON report for VIR-268.04 Verify that the quantity is automatically moved to 1 if customer enters 0 to file /Users/rodionsavchuk/hybrisAutomation/virco-automatedtests/target/site/serenity/5c6da38f4863cdf03d76d7feb5b4876b0e92b8310b0e95c35a7e4dbf711ccdc0.json (using temp file /Users/rodionsavchuk/hybrisAutomation/virco-automatedtests/target/site/serenity/5c6da38f4863cdf03d76d7feb5b4876b0e92b8310b0e95c35a7e4dbf711ccdc0.jsona0b40e6e-b49b-4529-848a-d9e8c61f24cc)
[pool-1-thread-4] INFO net.thucydides.core.reports.json.JSONTestOutcomeReporter - Generating JSON report for VIR-268.05 Verify that the customer is not able to add more items than 9,999 in one order to file /Users/rodionsavchuk/hybrisAutomation/virco-automatedtests/target/site/serenity/5b839a68bd67e36823a006aac4532c43fd4cffeab4940640ea6853e452197e9b.json (using temp file /Users/rodionsavchuk/hybrisAutomation/virco-automatedtests/target/site/serenity/5b839a68bd67e36823a006aac4532c43fd4cffeab4940640ea6853e452197e9b.json22a85eb4-47ef-41b1-aedb-04095b0f588c)
[pool-1-thread-2] INFO net.thucydides.core.reports.json.JSONTestOutcomeReporter - Generating JSON report for VIR-143.01 Verify that the recommended products are shown to the customer to file /Users/rodionsavchuk/hybrisAutomation/virco-automatedtests/target/site/serenity/227c7340caf1e90ebddf4cebcfdfb28a52a59d8fd1ec72e8927d0a6d0d25e416.json (using temp file /Users/rodionsavchuk/hybrisAutomation/virco-automatedtests/target/site/serenity/227c7340caf1e90ebddf4cebcfdfb28a52a59d8fd1ec72e8927d0a6d0d25e416.json82ab9e88-7c85-4352-89e9-cde3cdcfa053)
[pool-1-thread-1] INFO net.thucydides.core.reports.json.JSONTestOutcomeReporter - Generating JSON report for VIR-144.01 Verify that the similar products are shown to the customer to file /Users/rodionsavchuk/hybrisAutomation/virco-automatedtests/target/site/serenity/d7d5edc7871854eb5cddec2463847fb43ab083cb4df273533f189fedb94f1021.json (using temp file /Users/rodionsavchuk/hybrisAutomation/virco-automatedtests/target/site/serenity/d7d5edc7871854eb5cddec2463847fb43ab083cb4df273533f189fedb94f1021.json0474a67f-1b32-4f9e-8b9f-a117866d923f)
[pool-1-thread-4] INFO net.thucydides.core.reports.json.JSONTestOutcomeReporter - Generating JSON report for VIR-144.02 Verify that the customer can add the similar product to the cart to file /Users/rodionsavchuk/hybrisAutomation/virco-automatedtests/target/site/serenity/f6dfb6fac467c353cba267b60eda6fa31875c952a4589242d866123b640d1e1a.json (using temp file /Users/rodionsavchuk/hybrisAutomation/virco-automatedtests/target/site/serenity/f6dfb6fac467c353cba267b60eda6fa31875c952a4589242d866123b640d1e1a.json458da5be-05aa-4735-8b6a-012159fbaf99)
[pool-1-thread-2] INFO net.thucydides.core.reports.json.JSONTestOutcomeReporter - Generating JSON report for VIR-483 Missing product price in Up/Cross sell pop-up to file /Users/rodionsavchuk/hybrisAutomation/virco-automatedtests/target/site/serenity/494d65abf312fd387e4e9633c158e39b3df2c40e4b3cb7e38a91cf72a9055507.json (using temp file /Users/rodionsavchuk/hybrisAutomation/virco-automatedtests/target/site/serenity/494d65abf312fd387e4e9633c158e39b3df2c40e4b3cb7e38a91cf72a9055507.json353b2753-cf1a-4d07-b9f0-1e7dc29a4c78)
[pool-1-thread-1] INFO net.thucydides.core.reports.json.JSONTestOutcomeReporter - Generating JSON report for VIR-145.01 Verify that state is moved to the minimum required, if customer selected non-standard color to file /Users/rodionsavchuk/hybrisAutomation/virco-automatedtests/target/site/serenity/b35bb3727b54b4c3ef6f1a2660f357f34df67df52e6a565ea61b8b211613699a.json (using temp file /Users/rodionsavchuk/hybrisAutomation/virco-automatedtests/target/site/serenity/b35bb3727b54b4c3ef6f1a2660f357f34df67df52e6a565ea61b8b211613699a.jsonab8fe9cf-ae08-47bf-a9d2-dd4d1b97c2e4)
[pool-1-thread-3] INFO net.thucydides.core.reports.json.JSONTestOutcomeReporter - Generating JSON report for VIR-146.01 Verify that "Assembly Required" is shown to the customer, if the products requires assembly to file /Users/rodionsavchuk/hybrisAutomation/virco-automatedtests/target/site/serenity/aa18ee45e6deab7c1fa4c70b442341ecd26bdf05f17ddd0e2dd6630a0df2e6fc.json (using temp file /Users/rodionsavchuk/hybrisAutomation/virco-automatedtests/target/site/serenity/aa18ee45e6deab7c1fa4c70b442341ecd26bdf05f17ddd0e2dd6630a0df2e6fc.jsoneca7e397-2c6a-4078-a57f-663038dbb7e3)
[pool-1-thread-4] INFO net.thucydides.core.reports.html.HtmlAcceptanceTestReporter - GENERATING HTML REPORT FOR PDP-10 - Configurations:VIR-267.01 Verify that the following information is shown at the slot 3 in 35c9da9077e7c57fa98ccabfe4de6bd840ff11eb861ed62ec8c14e5bf89b0166.html in directory target/site/serenity  
[pool-1-thread-2] INFO net.thucydides.core.reports.html.HtmlAcceptanceTestReporter - GENERATING HTML REPORT FOR PDP-10 - Configurations:VIR-267.03 Verify that the third row content slot is shown for the product when the product has at least one of these attributes in dc7832af1392c3bb03c6b8862cdfd202aa7777a247f1b7cdfc7d15037ed09721.html in directory target/site/serenity  
[pool-1-thread-4] INFO net.thucydides.core.reports.html.HtmlAcceptanceTestReporter - GENERATING HTML REPORT FOR PDP-11 - Descriptive Path Selection:VIR-142.01 Verify that the selection path is shown to the customer in a834828f1d3b72a5d3cf97d5448a79eefe869ccaba5a5296f3919629801fb136.html in directory target/site/serenity  
[pool-1-thread-1] INFO net.thucydides.core.reports.html.HtmlAcceptanceTestReporter - GENERATING HTML REPORT FOR PDP-10 - Configurations:VIR-267.02 Verify that the proper data are shown for the product in 094df492603a7aa8ac4177664d677c86d7567daf6bcebfbf746b8bbefa289d57.html in directory target/site/serenity  
[pool-1-thread-2] INFO net.thucydides.core.reports.html.HtmlAcceptanceTestReporter - GENERATING HTML REPORT FOR PDP-11 - Descriptive Path Selection:VIR-142.02 Verify that the customer can move through the selection path in f3172676e692a180ed5b40bf9e6ac6aaf36a696e49864d1328623a2c9936d2ca.html in directory target/site/serenity  
[pool-1-thread-4] INFO net.thucydides.core.reports.html.HtmlAcceptanceTestReporter - GENERATING HTML REPORT FOR PDP-11 - Descriptive Path Selection:VIR-142.03 Verify that the customer can return from the end of the path to the previous/beginning in 63d44529e362e42826319b1b9567b9d7c3557c5a99a9fd9d57b1f61354d794d3.html in directory target/site/serenity  
[pool-1-thread-1] INFO net.thucydides.core.reports.html.HtmlAcceptanceTestReporter - GENERATING HTML REPORT FOR PDP-11 - Descriptive Path Selection:VIR-142.04 Verify that the selected data are not cleared when customer returns in 1a7bafb3de91ffb02b04f7492bf566f0275aeda21444a20e864442c010630f62.html in directory target/site/serenity  
[pool-1-thread-2] INFO net.thucydides.core.reports.html.HtmlAcceptanceTestReporter - GENERATING HTML REPORT FOR PDP-12 - Add/Remove PDP:VIR-268.01 Verify that the customer can select the quantity of items before adding to the cart on the product details page in 78e822a9904fe340137cfa2904037e4398a82dcbacb5ecba2378d399b46f6c26.html in directory target/site/serenity  
[pool-1-thread-4] INFO net.thucydides.core.reports.html.HtmlAcceptanceTestReporter - GENERATING HTML REPORT FOR PDP-12 - Add/Remove PDP:VIR-268.03 Verify that the customer can add the quantity manually in 6ab14b4ba3c3ba4399e3ad1c0739cc93a854f14394e1aafde6dece743c26cf52.html in directory target/site/serenity  
[pool-1-thread-3] INFO net.thucydides.core.reports.html.HtmlAcceptanceTestReporter - GENERATING HTML REPORT FOR PDP-12 - Add/Remove PDP:VIR-268.02 Verify that the customer can add quantity by dropdown in c1dd2ebe5f47d0de634de4437ecf891829ff58f5373fbe6dcf40ad2880404ed7.html in directory target/site/serenity  
[pool-1-thread-1] INFO net.thucydides.core.reports.html.HtmlAcceptanceTestReporter - GENERATING HTML REPORT FOR PDP-12 - Add/Remove PDP:VIR-268.04 Verify that the quantity is automatically moved to 1 if customer enters 0 in 5c6da38f4863cdf03d76d7feb5b4876b0e92b8310b0e95c35a7e4dbf711ccdc0.html in directory target/site/serenity  
[pool-1-thread-2] INFO net.thucydides.core.reports.html.HtmlAcceptanceTestReporter - GENERATING HTML REPORT FOR PDP-12 - Add/Remove PDP:VIR-268.05 Verify that the customer is not able to add more items than 9,999 in one order in 5b839a68bd67e36823a006aac4532c43fd4cffeab4940640ea6853e452197e9b.html in directory target/site/serenity  
[pool-1-thread-4] INFO net.thucydides.core.reports.html.HtmlAcceptanceTestReporter - GENERATING HTML REPORT FOR PDP-13 - Cross-Sell Products:VIR-143.01 Verify that the recommended products are shown to the customer in 227c7340caf1e90ebddf4cebcfdfb28a52a59d8fd1ec72e8927d0a6d0d25e416.html in directory target/site/serenity  
[pool-1-thread-1] INFO net.thucydides.core.reports.html.HtmlAcceptanceTestReporter - GENERATING HTML REPORT FOR PDP-14 - Up-Sell Products:VIR-144.01 Verify that the similar products are shown to the customer in d7d5edc7871854eb5cddec2463847fb43ab083cb4df273533f189fedb94f1021.html in directory target/site/serenity  
[pool-1-thread-2] INFO net.thucydides.core.reports.html.HtmlAcceptanceTestReporter - GENERATING HTML REPORT FOR PDP-14 - Up-Sell Products:VIR-144.02 Verify that the customer can add the similar product to the cart in f6dfb6fac467c353cba267b60eda6fa31875c952a4589242d866123b640d1e1a.html in directory target/site/serenity  
[pool-1-thread-4] INFO net.thucydides.core.reports.html.HtmlAcceptanceTestReporter - GENERATING HTML REPORT FOR PDP-14 - Up-Sell Products:VIR-483 Missing product price in Up/Cross sell pop-up in 494d65abf312fd387e4e9633c158e39b3df2c40e4b3cb7e38a91cf72a9055507.html in directory target/site/serenity  
[pool-1-thread-3] INFO net.thucydides.core.reports.html.HtmlAcceptanceTestReporter - GENERATING HTML REPORT FOR PDP-15 - Non-Standard Colors:VIR-145.01 Verify that state is moved to the minimum required, if customer selected non-standard color in b35bb3727b54b4c3ef6f1a2660f357f34df67df52e6a565ea61b8b211613699a.html in directory target/site/serenity  
[pool-1-thread-2] INFO net.thucydides.core.reports.html.HtmlAcceptanceTestReporter - GENERATING HTML REPORT FOR PDP-16 - Tools & Assembly Required:VIR-146.01 Verify that "Assembly Required" is shown to the customer, if the products requires assembly in aa18ee45e6deab7c1fa4c70b442341ecd26bdf05f17ddd0e2dd6630a0df2e6fc.html in directory target/site/serenity  
[main] INFO net.serenitybdd.core.Serenity - 
 _____ _____ ____ _____   ____ _____  _    ____ _____ _____ ____  
|_   _| ____/ ___|_   _| / ___|_   _|/ \  |  _ \_   _| ____|  _ \ 
  | | |  _| \___ \ | |   \___ \ | | / _ \ | |_) || | |  _| | | | |
  | | | |___ ___) || |    ___) || |/ ___ \|  _ < | | | |___| |_| |
  |_| |_____|____/ |_|   |____/ |_/_/   \_\_| \_\|_| |_____|____/ 
                                                                  

TEST STARTED: VIR-146.02 Verify that "Assembly Required" is not shown to the customer, if the products does not require assembly
-------------------------------------------------------------------(pdp-16---tools-&-assembly-required;vir-146.02-verify-that-"assembly-required"-is-not-shown-to-the-customer,-if-the-products-does-not-require-assembly)
[main] INFO net.serenitybdd.core.Serenity - STARTING STEP Given open the site and login
[main] INFO net.serenitybdd.core.Serenity - STARTING STEP Open the site
[main] INFO net.serenitybdd.core.Serenity - STEP ERROR: net.serenitybdd.core.exceptions.SerenityManagedException: Could not initialize class com.virco.locators.SiteData
]]></system-err>
  </testcase>
  <testcase name="Scenario: VIR-146.02 Verify that &quot;Assembly Required&quot; is not shown to the customer, if the products does not require assembly" classname="Scenario: VIR-146.02 Verify that &quot;Assembly Required&quot; is not shown to the customer, if the products does not require assembly" time="0.003">
    <error message="Could not initialize class com.virco.locators.SiteData" type="net.serenitybdd.core.exceptions.SerenityManagedException"><![CDATA[net.serenitybdd.core.exceptions.SerenityManagedException: Could not initialize class com.virco.locators.SiteData
	at com.virco.steps.serenity.CommonUserSteps.openTheSite(CommonUserSteps.java:19)
	at com.virco.steps.serenity.CommonUserSteps$$EnhancerByCGLIB$$d8541bfa.CGLIB$openTheSite$6(<generated>)
	at com.virco.steps.serenity.CommonUserSteps$$EnhancerByCGLIB$$d8541bfa$$FastClassByCGLIB$$ea8e0f86.invoke(<generated>)
	at net.sf.cglib.proxy.MethodProxy.invokeSuper(MethodProxy.java:228)
	at net.thucydides.core.steps.StepInterceptor.invokeMethod(StepInterceptor.java:372)
	at net.thucydides.core.steps.StepInterceptor.executeTestStepMethod(StepInterceptor.java:357)
	at net.thucydides.core.steps.StepInterceptor.runTestStep(StepInterceptor.java:332)
	at net.thucydides.core.steps.StepInterceptor.testStepResult(StepInterceptor.java:134)
	at net.thucydides.core.steps.StepInterceptor.intercept(StepInterceptor.java:61)
	at com.virco.steps.serenity.CommonUserSteps$$EnhancerByCGLIB$$d8541bfa.openTheSite(<generated>)
	at com.virco.steps.CommonDefinitionSteps.openTheSiteAndLogin(CommonDefinitionSteps.java:72)
	at sun.reflect.GeneratedMethodAccessor143.invoke(Unknown Source)
	at sun.reflect.DelegatingMethodAccessorImpl.invoke(DelegatingMethodAccessorImpl.java:43)
	at java.lang.reflect.Method.invoke(Method.java:498)
	at cucumber.runtime.Utils$1.call(Utils.java:40)
	at cucumber.runtime.Timeout.timeout(Timeout.java:16)
	at cucumber.runtime.Utils.invoke(Utils.java:34)
	at cucumber.runtime.java.JavaStepDefinition.execute(JavaStepDefinition.java:38)
	at cucumber.runtime.StepDefinitionMatch.runStep(StepDefinitionMatch.java:37)
	at cucumber.runtime.Runtime.runStep(Runtime.java:300)
	at cucumber.runtime.model.StepContainer.runStep(StepContainer.java:44)
	at cucumber.runtime.model.StepContainer.runSteps(StepContainer.java:39)
	at cucumber.runtime.model.CucumberScenario.run(CucumberScenario.java:44)
	at cucumber.runtime.junit.ExecutionUnitRunner.run(ExecutionUnitRunner.java:102)
	at cucumber.runtime.junit.FeatureRunner.runChild(FeatureRunner.java:63)
	at cucumber.runtime.junit.FeatureRunner.runChild(FeatureRunner.java:18)
	at org.junit.runners.ParentRunner$3.run(ParentRunner.java:290)
	at org.junit.runners.ParentRunner$1.schedule(ParentRunner.java:71)
	at org.junit.runners.ParentRunner.runChildren(ParentRunner.java:288)
	at org.junit.runners.ParentRunner.access$000(ParentRunner.java:58)
	at org.junit.runners.ParentRunner$2.evaluate(ParentRunner.java:268)
	at org.junit.runners.ParentRunner.run(ParentRunner.java:363)
	at cucumber.runtime.junit.FeatureRunner.run(FeatureRunner.java:70)
	at cucumber.api.junit.Cucumber.runChild(Cucumber.java:95)
	at cucumber.api.junit.Cucumber.runChild(Cucumber.java:38)
	at org.junit.runners.ParentRunner$3.run(ParentRunner.java:290)
	at org.junit.runners.ParentRunner$1.schedule(ParentRunner.java:71)
	at org.junit.runners.ParentRunner.runChildren(ParentRunner.java:288)
	at org.junit.runners.ParentRunner.access$000(ParentRunner.java:58)
	at org.junit.runners.ParentRunner$2.evaluate(ParentRunner.java:268)
	at org.junit.runners.ParentRunner.run(ParentRunner.java:363)
	at cucumber.api.junit.Cucumber.run(Cucumber.java:100)
	at org.apache.maven.surefire.junit4.JUnit4Provider.execute(JUnit4Provider.java:283)
	at org.apache.maven.surefire.junit4.JUnit4Provider.executeWithRerun(JUnit4Provider.java:173)
	at org.apache.maven.surefire.junit4.JUnit4Provider.executeTestSet(JUnit4Provider.java:153)
	at org.apache.maven.surefire.junit4.JUnit4Provider.invoke(JUnit4Provider.java:128)
	at org.apache.maven.surefire.booter.ForkedBooter.invokeProviderInSameClassLoader(ForkedBooter.java:203)
	at org.apache.maven.surefire.booter.ForkedBooter.runSuitesInProcess(ForkedBooter.java:155)
	at org.apache.maven.surefire.booter.ForkedBooter.main(ForkedBooter.java:103)
]]></error>
  </testcase>
  <testcase name="When open pdp with product that has Assembly Required attribute &quot;&quot;" classname="Scenario: VIR-146.02 Verify that &quot;Assembly Required&quot; is not shown to the customer, if the products does not require assembly" time="0">
    <skipped/>
    <system-err><![CDATA[[main] INFO net.serenitybdd.core.Serenity - STEP ERROR: java.lang.NoClassDefFoundError: Could not initialize class com.virco.locators.SiteData
[main] INFO net.serenitybdd.core.Serenity - STARTING STEP When open pdp with product that has Assembly Required attribute ""
]]></system-err>
  </testcase>
  <testcase name="Then Tools assembly required text is not presented" classname="Scenario: VIR-146.02 Verify that &quot;Assembly Required&quot; is not shown to the customer, if the products does not require assembly" time="0">
    <skipped/>
    <system-err><![CDATA[[main] INFO net.serenitybdd.core.Serenity - IGNORING STEP
[main] INFO net.serenitybdd.core.Serenity - STARTING STEP Then Tools assembly required text is not presented
]]></system-err>
  </testcase>
  <testcase name="Scenario: VIR-261.01 Verify that the subtotal is shown to the customer on the cart" classname="Scenario: VIR-261.01 Verify that the subtotal is shown to the customer on the cart" time="0.124"/>
  <testcase name="Scenario: VIR-261.02 Verify that the proper subtotal is shown, that depends on" classname="Scenario: VIR-261.02 Verify that the proper subtotal is shown, that depends on" time="0.097"/>
  <testcase name="Scenario: VIR-261.03 Verify that the shopper can select any of the 4 delivery methods" classname="Scenario: VIR-261.03 Verify that the shopper can select any of the 4 delivery methods" time="0.179"/>
  <testcase name="Scenario: VIR-261.04 Verify that the subtotal is changed accordingly if delivery method is changed" classname="Scenario: VIR-261.04 Verify that the subtotal is changed accordingly if delivery method is changed" time="0.124"/>
  <testcase name="Scenario: VIR-261.05 Verify that the subtotal is changed accordingly if contract is changed" classname="Scenario: VIR-261.05 Verify that the subtotal is changed accordingly if contract is changed" time="0.098"/>
  <testcase name="Given open the site and login" classname="Scenario: VIR-140.01 Verify that the customer can use rotating zoom on the product images" time="0.001">
    <error message="Could not initialize class com.virco.locators.SiteData" type="net.serenitybdd.core.exceptions.SerenityManagedException"><![CDATA[net.serenitybdd.core.exceptions.SerenityManagedException: Could not initialize class com.virco.locators.SiteData
	at com.virco.steps.serenity.CommonUserSteps.openTheSite(CommonUserSteps.java:19)
	at com.virco.steps.serenity.CommonUserSteps$$EnhancerByCGLIB$$d8541bfa.CGLIB$openTheSite$6(<generated>)
	at com.virco.steps.serenity.CommonUserSteps$$EnhancerByCGLIB$$d8541bfa$$FastClassByCGLIB$$ea8e0f86.invoke(<generated>)
	at net.sf.cglib.proxy.MethodProxy.invokeSuper(MethodProxy.java:228)
	at net.thucydides.core.steps.StepInterceptor.invokeMethod(StepInterceptor.java:372)
	at net.thucydides.core.steps.StepInterceptor.executeTestStepMethod(StepInterceptor.java:357)
	at net.thucydides.core.steps.StepInterceptor.runTestStep(StepInterceptor.java:332)
	at net.thucydides.core.steps.StepInterceptor.testStepResult(StepInterceptor.java:134)
	at net.thucydides.core.steps.StepInterceptor.intercept(StepInterceptor.java:61)
	at com.virco.steps.serenity.CommonUserSteps$$EnhancerByCGLIB$$d8541bfa.openTheSite(<generated>)
	at com.virco.steps.CommonDefinitionSteps.openTheSiteAndLogin(CommonDefinitionSteps.java:72)
	at sun.reflect.GeneratedMethodAccessor143.invoke(Unknown Source)
	at sun.reflect.DelegatingMethodAccessorImpl.invoke(DelegatingMethodAccessorImpl.java:43)
	at java.lang.reflect.Method.invoke(Method.java:498)
	at cucumber.runtime.Utils$1.call(Utils.java:40)
	at cucumber.runtime.Timeout.timeout(Timeout.java:16)
	at cucumber.runtime.Utils.invoke(Utils.java:34)
	at cucumber.runtime.java.JavaStepDefinition.execute(JavaStepDefinition.java:38)
	at cucumber.runtime.StepDefinitionMatch.runStep(StepDefinitionMatch.java:37)
	at cucumber.runtime.Runtime.runStep(Runtime.java:300)
	at cucumber.runtime.model.StepContainer.runStep(StepContainer.java:44)
	at cucumber.runtime.model.StepContainer.runSteps(StepContainer.java:39)
	at cucumber.runtime.model.CucumberScenario.run(CucumberScenario.java:44)
	at cucumber.runtime.junit.ExecutionUnitRunner.run(ExecutionUnitRunner.java:102)
	at cucumber.runtime.junit.FeatureRunner.runChild(FeatureRunner.java:63)
	at cucumber.runtime.junit.FeatureRunner.runChild(FeatureRunner.java:18)
	at org.junit.runners.ParentRunner$3.run(ParentRunner.java:290)
	at org.junit.runners.ParentRunner$1.schedule(ParentRunner.java:71)
	at org.junit.runners.ParentRunner.runChildren(ParentRunner.java:288)
	at org.junit.runners.ParentRunner.access$000(ParentRunner.java:58)
	at org.junit.runners.ParentRunner$2.evaluate(ParentRunner.java:268)
	at org.junit.runners.ParentRunner.run(ParentRunner.java:363)
	at cucumber.runtime.junit.FeatureRunner.run(FeatureRunner.java:70)
	at cucumber.api.junit.Cucumber.runChild(Cucumber.java:95)
	at cucumber.api.junit.Cucumber.runChild(Cucumber.java:38)
	at org.junit.runners.ParentRunner$3.run(ParentRunner.java:290)
	at org.junit.runners.ParentRunner$1.schedule(ParentRunner.java:71)
	at org.junit.runners.ParentRunner.runChildren(ParentRunner.java:288)
	at org.junit.runners.ParentRunner.access$000(ParentRunner.java:58)
	at org.junit.runners.ParentRunner$2.evaluate(ParentRunner.java:268)
	at org.junit.runners.ParentRunner.run(ParentRunner.java:363)
	at cucumber.api.junit.Cucumber.run(Cucumber.java:100)
	at org.apache.maven.surefire.junit4.JUnit4Provider.execute(JUnit4Provider.java:283)
	at org.apache.maven.surefire.junit4.JUnit4Provider.executeWithRerun(JUnit4Provider.java:173)
	at org.apache.maven.surefire.junit4.JUnit4Provider.executeTestSet(JUnit4Provider.java:153)
	at org.apache.maven.surefire.junit4.JUnit4Provider.invoke(JUnit4Provider.java:128)
	at org.apache.maven.surefire.booter.ForkedBooter.invokeProviderInSameClassLoader(ForkedBooter.java:203)
	at org.apache.maven.surefire.booter.ForkedBooter.runSuitesInProcess(ForkedBooter.java:155)
	at org.apache.maven.surefire.booter.ForkedBooter.main(ForkedBooter.java:103)
]]></error>
    <system-err><![CDATA[[main] INFO net.serenitybdd.core.Serenity - Test Suite Started: PDP-2 - Image Zoom
[main] INFO net.serenitybdd.core.Serenity - 
 _____ _____ ____ _____   ____ _____  _    ____ _____ _____ ____  
|_   _| ____/ ___|_   _| / ___|_   _|/ \  |  _ \_   _| ____|  _ \ 
  | | |  _| \___ \ | |   \___ \ | | / _ \ | |_) || | |  _| | | | |
  | | | |___ ___) || |    ___) || |/ ___ \|  _ < | | | |___| |_| |
  |_| |_____|____/ |_|   |____/ |_/_/   \_\_| \_\|_| |_____|____/ 
                                                                  

TEST STARTED: VIR-140.01 Verify that the customer can use rotating zoom on the product images
-------------------------------------------------------------------(pdp-2---image-zoom;vir-140.01-verify-that-the-customer-can-use-rotating-zoom-on-the-product-images)
[main] INFO net.serenitybdd.core.Serenity - STARTING STEP Given open the site and login
[main] INFO net.serenitybdd.core.Serenity - STARTING STEP Open the site
[main] INFO net.serenitybdd.core.Serenity - STEP ERROR: net.serenitybdd.core.exceptions.SerenityManagedException: Could not initialize class com.virco.locators.SiteData
]]></system-err>
  </testcase>
  <testcase name="Scenario: VIR-140.01 Verify that the customer can use rotating zoom on the product images" classname="Scenario: VIR-140.01 Verify that the customer can use rotating zoom on the product images" time="0.003">
    <error message="Could not initialize class com.virco.locators.SiteData" type="net.serenitybdd.core.exceptions.SerenityManagedException"><![CDATA[net.serenitybdd.core.exceptions.SerenityManagedException: Could not initialize class com.virco.locators.SiteData
	at com.virco.steps.serenity.CommonUserSteps.openTheSite(CommonUserSteps.java:19)
	at com.virco.steps.serenity.CommonUserSteps$$EnhancerByCGLIB$$d8541bfa.CGLIB$openTheSite$6(<generated>)
	at com.virco.steps.serenity.CommonUserSteps$$EnhancerByCGLIB$$d8541bfa$$FastClassByCGLIB$$ea8e0f86.invoke(<generated>)
	at net.sf.cglib.proxy.MethodProxy.invokeSuper(MethodProxy.java:228)
	at net.thucydides.core.steps.StepInterceptor.invokeMethod(StepInterceptor.java:372)
	at net.thucydides.core.steps.StepInterceptor.executeTestStepMethod(StepInterceptor.java:357)
	at net.thucydides.core.steps.StepInterceptor.runTestStep(StepInterceptor.java:332)
	at net.thucydides.core.steps.StepInterceptor.testStepResult(StepInterceptor.java:134)
	at net.thucydides.core.steps.StepInterceptor.intercept(StepInterceptor.java:61)
	at com.virco.steps.serenity.CommonUserSteps$$EnhancerByCGLIB$$d8541bfa.openTheSite(<generated>)
	at com.virco.steps.CommonDefinitionSteps.openTheSiteAndLogin(CommonDefinitionSteps.java:72)
	at sun.reflect.GeneratedMethodAccessor143.invoke(Unknown Source)
	at sun.reflect.DelegatingMethodAccessorImpl.invoke(DelegatingMethodAccessorImpl.java:43)
	at java.lang.reflect.Method.invoke(Method.java:498)
	at cucumber.runtime.Utils$1.call(Utils.java:40)
	at cucumber.runtime.Timeout.timeout(Timeout.java:16)
	at cucumber.runtime.Utils.invoke(Utils.java:34)
	at cucumber.runtime.java.JavaStepDefinition.execute(JavaStepDefinition.java:38)
	at cucumber.runtime.StepDefinitionMatch.runStep(StepDefinitionMatch.java:37)
	at cucumber.runtime.Runtime.runStep(Runtime.java:300)
	at cucumber.runtime.model.StepContainer.runStep(StepContainer.java:44)
	at cucumber.runtime.model.StepContainer.runSteps(StepContainer.java:39)
	at cucumber.runtime.model.CucumberScenario.run(CucumberScenario.java:44)
	at cucumber.runtime.junit.ExecutionUnitRunner.run(ExecutionUnitRunner.java:102)
	at cucumber.runtime.junit.FeatureRunner.runChild(FeatureRunner.java:63)
	at cucumber.runtime.junit.FeatureRunner.runChild(FeatureRunner.java:18)
	at org.junit.runners.ParentRunner$3.run(ParentRunner.java:290)
	at org.junit.runners.ParentRunner$1.schedule(ParentRunner.java:71)
	at org.junit.runners.ParentRunner.runChildren(ParentRunner.java:288)
	at org.junit.runners.ParentRunner.access$000(ParentRunner.java:58)
	at org.junit.runners.ParentRunner$2.evaluate(ParentRunner.java:268)
	at org.junit.runners.ParentRunner.run(ParentRunner.java:363)
	at cucumber.runtime.junit.FeatureRunner.run(FeatureRunner.java:70)
	at cucumber.api.junit.Cucumber.runChild(Cucumber.java:95)
	at cucumber.api.junit.Cucumber.runChild(Cucumber.java:38)
	at org.junit.runners.ParentRunner$3.run(ParentRunner.java:290)
	at org.junit.runners.ParentRunner$1.schedule(ParentRunner.java:71)
	at org.junit.runners.ParentRunner.runChildren(ParentRunner.java:288)
	at org.junit.runners.ParentRunner.access$000(ParentRunner.java:58)
	at org.junit.runners.ParentRunner$2.evaluate(ParentRunner.java:268)
	at org.junit.runners.ParentRunner.run(ParentRunner.java:363)
	at cucumber.api.junit.Cucumber.run(Cucumber.java:100)
	at org.apache.maven.surefire.junit4.JUnit4Provider.execute(JUnit4Provider.java:283)
	at org.apache.maven.surefire.junit4.JUnit4Provider.executeWithRerun(JUnit4Provider.java:173)
	at org.apache.maven.surefire.junit4.JUnit4Provider.executeTestSet(JUnit4Provider.java:153)
	at org.apache.maven.surefire.junit4.JUnit4Provider.invoke(JUnit4Provider.java:128)
	at org.apache.maven.surefire.booter.ForkedBooter.invokeProviderInSameClassLoader(ForkedBooter.java:203)
	at org.apache.maven.surefire.booter.ForkedBooter.runSuitesInProcess(ForkedBooter.java:155)
	at org.apache.maven.surefire.booter.ForkedBooter.main(ForkedBooter.java:103)
]]></error>
  </testcase>
  <testcase name="When click on &quot;Early Learning&quot; in navigation menu" classname="Scenario: VIR-140.01 Verify that the customer can use rotating zoom on the product images" time="0">
    <skipped/>
    <system-err><![CDATA[[main] INFO net.serenitybdd.core.Serenity - STEP ERROR: java.lang.NoClassDefFoundError: Could not initialize class com.virco.locators.SiteData
[main] INFO net.serenitybdd.core.Serenity - STARTING STEP When click on "Early Learning" in navigation menu
]]></system-err>
  </testcase>
  <testcase name="When click on &quot;1&quot; product image in list" classname="Scenario: VIR-140.01 Verify that the customer can use rotating zoom on the product images" time="0">
    <skipped/>
    <system-err><![CDATA[[main] INFO net.serenitybdd.core.Serenity - IGNORING STEP
[main] INFO net.serenitybdd.core.Serenity - STARTING STEP When click on "1" product image in list
]]></system-err>
  </testcase>
  <testcase name="When click on product image" classname="Scenario: VIR-140.01 Verify that the customer can use rotating zoom on the product images" time="0">
    <skipped/>
    <system-err><![CDATA[[main] INFO net.serenitybdd.core.Serenity - IGNORING STEP
[main] INFO net.serenitybdd.core.Serenity - STARTING STEP When click on product image
]]></system-err>
  </testcase>
  <testcase name="Then zoomed image is shown" classname="Scenario: VIR-140.01 Verify that the customer can use rotating zoom on the product images" time="0">
    <skipped/>
    <system-err><![CDATA[[main] INFO net.serenitybdd.core.Serenity - IGNORING STEP
[main] INFO net.serenitybdd.core.Serenity - STARTING STEP Then zoomed image is shown
]]></system-err>
  </testcase>
  <testcase name="Given open the site and login" classname="Scenario: VIR-140.02 Verify that the customer can close rotating zoom on the product images" time="0.001">
    <error message="Could not initialize class com.virco.locators.SiteData" type="net.serenitybdd.core.exceptions.SerenityManagedException"><![CDATA[net.serenitybdd.core.exceptions.SerenityManagedException: Could not initialize class com.virco.locators.SiteData
	at com.virco.steps.serenity.CommonUserSteps.openTheSite(CommonUserSteps.java:19)
	at com.virco.steps.serenity.CommonUserSteps$$EnhancerByCGLIB$$d8541bfa.CGLIB$openTheSite$6(<generated>)
	at com.virco.steps.serenity.CommonUserSteps$$EnhancerByCGLIB$$d8541bfa$$FastClassByCGLIB$$ea8e0f86.invoke(<generated>)
	at net.sf.cglib.proxy.MethodProxy.invokeSuper(MethodProxy.java:228)
	at net.thucydides.core.steps.StepInterceptor.invokeMethod(StepInterceptor.java:372)
	at net.thucydides.core.steps.StepInterceptor.executeTestStepMethod(StepInterceptor.java:357)
	at net.thucydides.core.steps.StepInterceptor.runTestStep(StepInterceptor.java:332)
	at net.thucydides.core.steps.StepInterceptor.testStepResult(StepInterceptor.java:134)
	at net.thucydides.core.steps.StepInterceptor.intercept(StepInterceptor.java:61)
	at com.virco.steps.serenity.CommonUserSteps$$EnhancerByCGLIB$$d8541bfa.openTheSite(<generated>)
	at com.virco.steps.CommonDefinitionSteps.openTheSiteAndLogin(CommonDefinitionSteps.java:72)
	at sun.reflect.GeneratedMethodAccessor143.invoke(Unknown Source)
	at sun.reflect.DelegatingMethodAccessorImpl.invoke(DelegatingMethodAccessorImpl.java:43)
	at java.lang.reflect.Method.invoke(Method.java:498)
	at cucumber.runtime.Utils$1.call(Utils.java:40)
	at cucumber.runtime.Timeout.timeout(Timeout.java:16)
	at cucumber.runtime.Utils.invoke(Utils.java:34)
	at cucumber.runtime.java.JavaStepDefinition.execute(JavaStepDefinition.java:38)
	at cucumber.runtime.StepDefinitionMatch.runStep(StepDefinitionMatch.java:37)
	at cucumber.runtime.Runtime.runStep(Runtime.java:300)
	at cucumber.runtime.model.StepContainer.runStep(StepContainer.java:44)
	at cucumber.runtime.model.StepContainer.runSteps(StepContainer.java:39)
	at cucumber.runtime.model.CucumberScenario.run(CucumberScenario.java:44)
	at cucumber.runtime.junit.ExecutionUnitRunner.run(ExecutionUnitRunner.java:102)
	at cucumber.runtime.junit.FeatureRunner.runChild(FeatureRunner.java:63)
	at cucumber.runtime.junit.FeatureRunner.runChild(FeatureRunner.java:18)
	at org.junit.runners.ParentRunner$3.run(ParentRunner.java:290)
	at org.junit.runners.ParentRunner$1.schedule(ParentRunner.java:71)
	at org.junit.runners.ParentRunner.runChildren(ParentRunner.java:288)
	at org.junit.runners.ParentRunner.access$000(ParentRunner.java:58)
	at org.junit.runners.ParentRunner$2.evaluate(ParentRunner.java:268)
	at org.junit.runners.ParentRunner.run(ParentRunner.java:363)
	at cucumber.runtime.junit.FeatureRunner.run(FeatureRunner.java:70)
	at cucumber.api.junit.Cucumber.runChild(Cucumber.java:95)
	at cucumber.api.junit.Cucumber.runChild(Cucumber.java:38)
	at org.junit.runners.ParentRunner$3.run(ParentRunner.java:290)
	at org.junit.runners.ParentRunner$1.schedule(ParentRunner.java:71)
	at org.junit.runners.ParentRunner.runChildren(ParentRunner.java:288)
	at org.junit.runners.ParentRunner.access$000(ParentRunner.java:58)
	at org.junit.runners.ParentRunner$2.evaluate(ParentRunner.java:268)
	at org.junit.runners.ParentRunner.run(ParentRunner.java:363)
	at cucumber.api.junit.Cucumber.run(Cucumber.java:100)
	at org.apache.maven.surefire.junit4.JUnit4Provider.execute(JUnit4Provider.java:283)
	at org.apache.maven.surefire.junit4.JUnit4Provider.executeWithRerun(JUnit4Provider.java:173)
	at org.apache.maven.surefire.junit4.JUnit4Provider.executeTestSet(JUnit4Provider.java:153)
	at org.apache.maven.surefire.junit4.JUnit4Provider.invoke(JUnit4Provider.java:128)
	at org.apache.maven.surefire.booter.ForkedBooter.invokeProviderInSameClassLoader(ForkedBooter.java:203)
	at org.apache.maven.surefire.booter.ForkedBooter.runSuitesInProcess(ForkedBooter.java:155)
	at org.apache.maven.surefire.booter.ForkedBooter.main(ForkedBooter.java:103)
]]></error>
    <system-err><![CDATA[[main] INFO net.serenitybdd.core.Serenity - IGNORING STEP
[main] ERROR net.serenitybdd.core.Serenity - 
           __  _____ _____ ____ _____   _____ _    ___ _     _____ ____  
  _       / / |_   _| ____/ ___|_   _| |  ___/ \  |_ _| |   | ____|  _ \ 
 (_)_____| |    | | |  _| \___ \ | |   | |_ / _ \  | || |   |  _| | | | |
  _|_____| |    | | | |___ ___) || |   |  _/ ___ \ | || |___| |___| |_| |
 (_)     | |    |_| |_____|____/ |_|   |_|/_/   \_\___|_____|_____|____/ 
          \_\                                                            

TEST FAILED WITH ERROR: VIR-140.01 Verify that the customer can use rotating zoom on the product images
---------------------------------------------------------------------
[main] ERROR net.serenitybdd.core.Serenity - TEST FAILED AT STEP Open the site
[main] ERROR net.serenitybdd.core.Serenity - Could not initialize class com.virco.locators.SiteData
[pool-1-thread-2] INFO net.thucydides.core.reports.json.JSONTestOutcomeReporter - Generating JSON report for VIR-267.01 Verify that the following information is shown at the slot 3 to file /Users/rodionsavchuk/hybrisAutomation/virco-automatedtests/target/site/serenity/35c9da9077e7c57fa98ccabfe4de6bd840ff11eb861ed62ec8c14e5bf89b0166.json (using temp file /Users/rodionsavchuk/hybrisAutomation/virco-automatedtests/target/site/serenity/35c9da9077e7c57fa98ccabfe4de6bd840ff11eb861ed62ec8c14e5bf89b0166.json0b2f5d2f-8e8e-430b-ad36-e42a7d365a19)
[pool-1-thread-1] INFO net.thucydides.core.reports.json.JSONTestOutcomeReporter - Generating JSON report for VIR-267.03 Verify that the third row content slot is shown for the product when the product has at least one of these attributes to file /Users/rodionsavchuk/hybrisAutomation/virco-automatedtests/target/site/serenity/dc7832af1392c3bb03c6b8862cdfd202aa7777a247f1b7cdfc7d15037ed09721.json (using temp file /Users/rodionsavchuk/hybrisAutomation/virco-automatedtests/target/site/serenity/dc7832af1392c3bb03c6b8862cdfd202aa7777a247f1b7cdfc7d15037ed09721.json41e0eeda-2bde-4ab9-8786-7035609e2e3e)
[pool-1-thread-3] INFO net.thucydides.core.reports.json.JSONTestOutcomeReporter - Generating JSON report for VIR-267.02 Verify that the proper data are shown for the product to file /Users/rodionsavchuk/hybrisAutomation/virco-automatedtests/target/site/serenity/094df492603a7aa8ac4177664d677c86d7567daf6bcebfbf746b8bbefa289d57.json (using temp file /Users/rodionsavchuk/hybrisAutomation/virco-automatedtests/target/site/serenity/094df492603a7aa8ac4177664d677c86d7567daf6bcebfbf746b8bbefa289d57.jsond6c3a421-c945-4e9c-80be-f2fb9f320ac4)
[pool-1-thread-1] INFO net.thucydides.core.reports.json.JSONTestOutcomeReporter - Generating JSON report for VIR-142.01 Verify that the selection path is shown to the customer to file /Users/rodionsavchuk/hybrisAutomation/virco-automatedtests/target/site/serenity/a834828f1d3b72a5d3cf97d5448a79eefe869ccaba5a5296f3919629801fb136.json (using temp file /Users/rodionsavchuk/hybrisAutomation/virco-automatedtests/target/site/serenity/a834828f1d3b72a5d3cf97d5448a79eefe869ccaba5a5296f3919629801fb136.json74a5d464-d1f0-4562-a184-f9330f5985b6)
[pool-1-thread-3] INFO net.thucydides.core.reports.json.JSONTestOutcomeReporter - Generating JSON report for VIR-142.02 Verify that the customer can move through the selection path to file /Users/rodionsavchuk/hybrisAutomation/virco-automatedtests/target/site/serenity/f3172676e692a180ed5b40bf9e6ac6aaf36a696e49864d1328623a2c9936d2ca.json (using temp file /Users/rodionsavchuk/hybrisAutomation/virco-automatedtests/target/site/serenity/f3172676e692a180ed5b40bf9e6ac6aaf36a696e49864d1328623a2c9936d2ca.json9cf3bdfe-c8e9-4621-847f-84e0d9726d6a)
[pool-1-thread-1] INFO net.thucydides.core.reports.json.JSONTestOutcomeReporter - Generating JSON report for VIR-142.03 Verify that the customer can return from the end of the path to the previous/beginning to file /Users/rodionsavchuk/hybrisAutomation/virco-automatedtests/target/site/serenity/63d44529e362e42826319b1b9567b9d7c3557c5a99a9fd9d57b1f61354d794d3.json (using temp file /Users/rodionsavchuk/hybrisAutomation/virco-automatedtests/target/site/serenity/63d44529e362e42826319b1b9567b9d7c3557c5a99a9fd9d57b1f61354d794d3.jsonf4ea7ec9-10d6-442c-a182-65a25f0c9d42)
[pool-1-thread-1] INFO net.thucydides.core.reports.json.JSONTestOutcomeReporter - Generating JSON report for VIR-142.04 Verify that the selected data are not cleared when customer returns to file /Users/rodionsavchuk/hybrisAutomation/virco-automatedtests/target/site/serenity/1a7bafb3de91ffb02b04f7492bf566f0275aeda21444a20e864442c010630f62.json (using temp file /Users/rodionsavchuk/hybrisAutomation/virco-automatedtests/target/site/serenity/1a7bafb3de91ffb02b04f7492bf566f0275aeda21444a20e864442c010630f62.json3bd495c2-f8cf-4455-ad58-6bbfff556baf)
[pool-1-thread-3] INFO net.thucydides.core.reports.json.JSONTestOutcomeReporter - Generating JSON report for VIR-268.01 Verify that the customer can select the quantity of items before adding to the cart on the product details page to file /Users/rodionsavchuk/hybrisAutomation/virco-automatedtests/target/site/serenity/78e822a9904fe340137cfa2904037e4398a82dcbacb5ecba2378d399b46f6c26.json (using temp file /Users/rodionsavchuk/hybrisAutomation/virco-automatedtests/target/site/serenity/78e822a9904fe340137cfa2904037e4398a82dcbacb5ecba2378d399b46f6c26.json63484278-203d-42a4-a9d4-5b1d2030eda4)
[pool-1-thread-1] INFO net.thucydides.core.reports.json.JSONTestOutcomeReporter - Generating JSON report for VIR-268.03 Verify that the customer can add the quantity manually to file /Users/rodionsavchuk/hybrisAutomation/virco-automatedtests/target/site/serenity/6ab14b4ba3c3ba4399e3ad1c0739cc93a854f14394e1aafde6dece743c26cf52.json (using temp file /Users/rodionsavchuk/hybrisAutomation/virco-automatedtests/target/site/serenity/6ab14b4ba3c3ba4399e3ad1c0739cc93a854f14394e1aafde6dece743c26cf52.json296dea42-e4f0-4116-ac5d-dd4af06fe33d)
[pool-1-thread-3] INFO net.thucydides.core.reports.json.JSONTestOutcomeReporter - Generating JSON report for VIR-268.04 Verify that the quantity is automatically moved to 1 if customer enters 0 to file /Users/rodionsavchuk/hybrisAutomation/virco-automatedtests/target/site/serenity/5c6da38f4863cdf03d76d7feb5b4876b0e92b8310b0e95c35a7e4dbf711ccdc0.json (using temp file /Users/rodionsavchuk/hybrisAutomation/virco-automatedtests/target/site/serenity/5c6da38f4863cdf03d76d7feb5b4876b0e92b8310b0e95c35a7e4dbf711ccdc0.json34a19a7c-80f6-464f-b6ac-d9f50363c1d3)
[pool-1-thread-4] INFO net.thucydides.core.reports.json.JSONTestOutcomeReporter - Generating JSON report for VIR-268.02 Verify that the customer can add quantity by dropdown to file /Users/rodionsavchuk/hybrisAutomation/virco-automatedtests/target/site/serenity/c1dd2ebe5f47d0de634de4437ecf891829ff58f5373fbe6dcf40ad2880404ed7.json (using temp file /Users/rodionsavchuk/hybrisAutomation/virco-automatedtests/target/site/serenity/c1dd2ebe5f47d0de634de4437ecf891829ff58f5373fbe6dcf40ad2880404ed7.json385a6e44-3988-4301-9970-66ad759f8fba)
[pool-1-thread-1] INFO net.thucydides.core.reports.json.JSONTestOutcomeReporter - Generating JSON report for VIR-143.01 Verify that the recommended products are shown to the customer to file /Users/rodionsavchuk/hybrisAutomation/virco-automatedtests/target/site/serenity/227c7340caf1e90ebddf4cebcfdfb28a52a59d8fd1ec72e8927d0a6d0d25e416.json (using temp file /Users/rodionsavchuk/hybrisAutomation/virco-automatedtests/target/site/serenity/227c7340caf1e90ebddf4cebcfdfb28a52a59d8fd1ec72e8927d0a6d0d25e416.jsonc1d63f28-6c60-44fe-967c-512b5a1db088)
[pool-1-thread-3] INFO net.thucydides.core.reports.json.JSONTestOutcomeReporter - Generating JSON report for VIR-144.01 Verify that the similar products are shown to the customer to file /Users/rodionsavchuk/hybrisAutomation/virco-automatedtests/target/site/serenity/d7d5edc7871854eb5cddec2463847fb43ab083cb4df273533f189fedb94f1021.json (using temp file /Users/rodionsavchuk/hybrisAutomation/virco-automatedtests/target/site/serenity/d7d5edc7871854eb5cddec2463847fb43ab083cb4df273533f189fedb94f1021.json2f83fb60-b037-4ac8-a3b4-45b84f166962)
[pool-1-thread-2] INFO net.thucydides.core.reports.json.JSONTestOutcomeReporter - Generating JSON report for VIR-268.05 Verify that the customer is not able to add more items than 9,999 in one order to file /Users/rodionsavchuk/hybrisAutomation/virco-automatedtests/target/site/serenity/5b839a68bd67e36823a006aac4532c43fd4cffeab4940640ea6853e452197e9b.json (using temp file /Users/rodionsavchuk/hybrisAutomation/virco-automatedtests/target/site/serenity/5b839a68bd67e36823a006aac4532c43fd4cffeab4940640ea6853e452197e9b.json73ae6021-c4c8-4894-988f-7c3d37a88739)
[pool-1-thread-1] INFO net.thucydides.core.reports.json.JSONTestOutcomeReporter - Generating JSON report for VIR-483 Missing product price in Up/Cross sell pop-up to file /Users/rodionsavchuk/hybrisAutomation/virco-automatedtests/target/site/serenity/494d65abf312fd387e4e9633c158e39b3df2c40e4b3cb7e38a91cf72a9055507.json (using temp file /Users/rodionsavchuk/hybrisAutomation/virco-automatedtests/target/site/serenity/494d65abf312fd387e4e9633c158e39b3df2c40e4b3cb7e38a91cf72a9055507.json62cfef1b-7f69-4fd9-8a1c-7cf90fb30cd8)
[pool-1-thread-3] INFO net.thucydides.core.reports.json.JSONTestOutcomeReporter - Generating JSON report for VIR-144.02 Verify that the customer can add the similar product to the cart to file /Users/rodionsavchuk/hybrisAutomation/virco-automatedtests/target/site/serenity/f6dfb6fac467c353cba267b60eda6fa31875c952a4589242d866123b640d1e1a.json (using temp file /Users/rodionsavchuk/hybrisAutomation/virco-automatedtests/target/site/serenity/f6dfb6fac467c353cba267b60eda6fa31875c952a4589242d866123b640d1e1a.json3c30c588-5bd8-47e9-811e-e1083a38bbfa)
[pool-1-thread-1] INFO net.thucydides.core.reports.json.JSONTestOutcomeReporter - Generating JSON report for VIR-145.01 Verify that state is moved to the minimum required, if customer selected non-standard color to file /Users/rodionsavchuk/hybrisAutomation/virco-automatedtests/target/site/serenity/b35bb3727b54b4c3ef6f1a2660f357f34df67df52e6a565ea61b8b211613699a.json (using temp file /Users/rodionsavchuk/hybrisAutomation/virco-automatedtests/target/site/serenity/b35bb3727b54b4c3ef6f1a2660f357f34df67df52e6a565ea61b8b211613699a.json0cc4f9fe-027d-49cf-a5ce-ecdd3395c1ee)
[pool-1-thread-1] INFO net.thucydides.core.reports.json.JSONTestOutcomeReporter - Generating JSON report for VIR-146.01 Verify that "Assembly Required" is shown to the customer, if the products requires assembly to file /Users/rodionsavchuk/hybrisAutomation/virco-automatedtests/target/site/serenity/aa18ee45e6deab7c1fa4c70b442341ecd26bdf05f17ddd0e2dd6630a0df2e6fc.json (using temp file /Users/rodionsavchuk/hybrisAutomation/virco-automatedtests/target/site/serenity/aa18ee45e6deab7c1fa4c70b442341ecd26bdf05f17ddd0e2dd6630a0df2e6fc.json8f213dcf-00d2-49b0-ae05-c6676de0b366)
[pool-1-thread-3] INFO net.thucydides.core.reports.json.JSONTestOutcomeReporter - Generating JSON report for VIR-146.02 Verify that "Assembly Required" is not shown to the customer, if the products does not require assembly to file /Users/rodionsavchuk/hybrisAutomation/virco-automatedtests/target/site/serenity/d8461d3489b0c1b74984edddefae3de395589736deccee3a79febbb82686cce9.json (using temp file /Users/rodionsavchuk/hybrisAutomation/virco-automatedtests/target/site/serenity/d8461d3489b0c1b74984edddefae3de395589736deccee3a79febbb82686cce9.json953cd68f-6028-4dd5-b728-d03012295b70)
[pool-1-thread-1] INFO net.thucydides.core.reports.json.JSONTestOutcomeReporter - Generating JSON report for VIR-261.02 Verify that the proper subtotal is shown, that depends on to file /Users/rodionsavchuk/hybrisAutomation/virco-automatedtests/target/site/serenity/5a22462442ef2c69b57f129664d7fabf4b74351ad321835c0b7f893f85267b95.json (using temp file /Users/rodionsavchuk/hybrisAutomation/virco-automatedtests/target/site/serenity/5a22462442ef2c69b57f129664d7fabf4b74351ad321835c0b7f893f85267b95.json5cc2aaae-4abf-4708-9e92-2dff727607b3)
[pool-1-thread-3] INFO net.thucydides.core.reports.json.JSONTestOutcomeReporter - Generating JSON report for VIR-261.01 Verify that the subtotal is shown to the customer on the cart to file /Users/rodionsavchuk/hybrisAutomation/virco-automatedtests/target/site/serenity/956018a7d2fc3b5b6921b90d58c3dc8054107553459a5fb333f902ea381f755b.json (using temp file /Users/rodionsavchuk/hybrisAutomation/virco-automatedtests/target/site/serenity/956018a7d2fc3b5b6921b90d58c3dc8054107553459a5fb333f902ea381f755b.jsoncdd6ee2c-3486-42b4-9818-86750744b9f1)
[pool-1-thread-3] INFO net.thucydides.core.reports.json.JSONTestOutcomeReporter - Generating JSON report for VIR-261.04 Verify that the subtotal is changed accordingly if delivery method is changed to file /Users/rodionsavchuk/hybrisAutomation/virco-automatedtests/target/site/serenity/2c2ceeb1b1acb9daaf143ebe663fac2c7a3b5d7682101d6807f5d2e6fbf57fb1.json (using temp file /Users/rodionsavchuk/hybrisAutomation/virco-automatedtests/target/site/serenity/2c2ceeb1b1acb9daaf143ebe663fac2c7a3b5d7682101d6807f5d2e6fbf57fb1.json183d2374-d1a4-4176-a26b-c31f30c3b57c)
[pool-1-thread-1] INFO net.thucydides.core.reports.json.JSONTestOutcomeReporter - Generating JSON report for VIR-261.03 Verify that the shopper can select any of the 4 delivery methods to file /Users/rodionsavchuk/hybrisAutomation/virco-automatedtests/target/site/serenity/d6ec703276d9182820f56ab3ff53a306c124c808ce5f6fdcb336c22a48547bc5.json (using temp file /Users/rodionsavchuk/hybrisAutomation/virco-automatedtests/target/site/serenity/d6ec703276d9182820f56ab3ff53a306c124c808ce5f6fdcb336c22a48547bc5.json048ac743-a190-46d7-a617-3fbef35f3766)
[pool-1-thread-1] INFO net.thucydides.core.reports.json.JSONTestOutcomeReporter - Generating JSON report for VIR-261.05 Verify that the subtotal is changed accordingly if contract is changed to file /Users/rodionsavchuk/hybrisAutomation/virco-automatedtests/target/site/serenity/8702e253ce3008460bda85dfba615619363c30fe236c646ce3610d385c9e8c30.json (using temp file /Users/rodionsavchuk/hybrisAutomation/virco-automatedtests/target/site/serenity/8702e253ce3008460bda85dfba615619363c30fe236c646ce3610d385c9e8c30.json013b1abf-8ec2-4cae-b05c-6d7a786adb56)
[pool-1-thread-3] INFO net.thucydides.core.reports.json.JSONTestOutcomeReporter - Generating JSON report for VIR-140.01 Verify that the customer can use rotating zoom on the product images to file /Users/rodionsavchuk/hybrisAutomation/virco-automatedtests/target/site/serenity/d28cbcc84e1c88cce78443f276005a665ad4ad38a152ea8d45de9b392636c45e.json (using temp file /Users/rodionsavchuk/hybrisAutomation/virco-automatedtests/target/site/serenity/d28cbcc84e1c88cce78443f276005a665ad4ad38a152ea8d45de9b392636c45e.json7ef8b9b8-baff-4aeb-b13e-63cf02de78bb)
[pool-1-thread-4] INFO net.thucydides.core.reports.html.HtmlAcceptanceTestReporter - GENERATING HTML REPORT FOR PDP-10 - Configurations:VIR-267.01 Verify that the following information is shown at the slot 3 in 35c9da9077e7c57fa98ccabfe4de6bd840ff11eb861ed62ec8c14e5bf89b0166.html in directory target/site/serenity  
[pool-1-thread-1] INFO net.thucydides.core.reports.html.HtmlAcceptanceTestReporter - GENERATING HTML REPORT FOR PDP-10 - Configurations:VIR-267.02 Verify that the proper data are shown for the product in 094df492603a7aa8ac4177664d677c86d7567daf6bcebfbf746b8bbefa289d57.html in directory target/site/serenity  
[pool-1-thread-3] INFO net.thucydides.core.reports.html.HtmlAcceptanceTestReporter - GENERATING HTML REPORT FOR PDP-10 - Configurations:VIR-267.03 Verify that the third row content slot is shown for the product when the product has at least one of these attributes in dc7832af1392c3bb03c6b8862cdfd202aa7777a247f1b7cdfc7d15037ed09721.html in directory target/site/serenity  
[pool-1-thread-2] INFO net.thucydides.core.reports.html.HtmlAcceptanceTestReporter - GENERATING HTML REPORT FOR PDP-11 - Descriptive Path Selection:VIR-142.01 Verify that the selection path is shown to the customer in a834828f1d3b72a5d3cf97d5448a79eefe869ccaba5a5296f3919629801fb136.html in directory target/site/serenity  
[pool-1-thread-1] INFO net.thucydides.core.reports.html.HtmlAcceptanceTestReporter - GENERATING HTML REPORT FOR PDP-11 - Descriptive Path Selection:VIR-142.02 Verify that the customer can move through the selection path in f3172676e692a180ed5b40bf9e6ac6aaf36a696e49864d1328623a2c9936d2ca.html in directory target/site/serenity  
[pool-1-thread-3] INFO net.thucydides.core.reports.html.HtmlAcceptanceTestReporter - GENERATING HTML REPORT FOR PDP-11 - Descriptive Path Selection:VIR-142.03 Verify that the customer can return from the end of the path to the previous/beginning in 63d44529e362e42826319b1b9567b9d7c3557c5a99a9fd9d57b1f61354d794d3.html in directory target/site/serenity  
[pool-1-thread-1] INFO net.thucydides.core.reports.html.HtmlAcceptanceTestReporter - GENERATING HTML REPORT FOR PDP-12 - Add/Remove PDP:VIR-268.02 Verify that the customer can add quantity by dropdown in c1dd2ebe5f47d0de634de4437ecf891829ff58f5373fbe6dcf40ad2880404ed7.html in directory target/site/serenity  
[pool-1-thread-4] INFO net.thucydides.core.reports.html.HtmlAcceptanceTestReporter - GENERATING HTML REPORT FOR PDP-12 - Add/Remove PDP:VIR-268.01 Verify that the customer can select the quantity of items before adding to the cart on the product details page in 78e822a9904fe340137cfa2904037e4398a82dcbacb5ecba2378d399b46f6c26.html in directory target/site/serenity  
[pool-1-thread-3] INFO net.thucydides.core.reports.html.HtmlAcceptanceTestReporter - GENERATING HTML REPORT FOR PDP-12 - Add/Remove PDP:VIR-268.03 Verify that the customer can add the quantity manually in 6ab14b4ba3c3ba4399e3ad1c0739cc93a854f14394e1aafde6dece743c26cf52.html in directory target/site/serenity  
[pool-1-thread-4] INFO net.thucydides.core.reports.html.HtmlAcceptanceTestReporter - GENERATING HTML REPORT FOR PDP-12 - Add/Remove PDP:VIR-268.04 Verify that the quantity is automatically moved to 1 if customer enters 0 in 5c6da38f4863cdf03d76d7feb5b4876b0e92b8310b0e95c35a7e4dbf711ccdc0.html in directory target/site/serenity  
[pool-1-thread-2] INFO net.thucydides.core.reports.html.HtmlAcceptanceTestReporter - GENERATING HTML REPORT FOR PDP-11 - Descriptive Path Selection:VIR-142.04 Verify that the selected data are not cleared when customer returns in 1a7bafb3de91ffb02b04f7492bf566f0275aeda21444a20e864442c010630f62.html in directory target/site/serenity  
[pool-1-thread-3] INFO net.thucydides.core.reports.html.HtmlAcceptanceTestReporter - GENERATING HTML REPORT FOR PDP-13 - Cross-Sell Products:VIR-143.01 Verify that the recommended products are shown to the customer in 227c7340caf1e90ebddf4cebcfdfb28a52a59d8fd1ec72e8927d0a6d0d25e416.html in directory target/site/serenity  
[pool-1-thread-1] INFO net.thucydides.core.reports.html.HtmlAcceptanceTestReporter - GENERATING HTML REPORT FOR PDP-14 - Up-Sell Products:VIR-144.01 Verify that the similar products are shown to the customer in d7d5edc7871854eb5cddec2463847fb43ab083cb4df273533f189fedb94f1021.html in directory target/site/serenity  
[pool-1-thread-3] INFO net.thucydides.core.reports.html.HtmlAcceptanceTestReporter - GENERATING HTML REPORT FOR PDP-14 - Up-Sell Products:VIR-144.02 Verify that the customer can add the similar product to the cart in f6dfb6fac467c353cba267b60eda6fa31875c952a4589242d866123b640d1e1a.html in directory target/site/serenity  
[pool-1-thread-1] INFO net.thucydides.core.reports.html.HtmlAcceptanceTestReporter - GENERATING HTML REPORT FOR PDP-15 - Non-Standard Colors:VIR-145.01 Verify that state is moved to the minimum required, if customer selected non-standard color in b35bb3727b54b4c3ef6f1a2660f357f34df67df52e6a565ea61b8b211613699a.html in directory target/site/serenity  
[pool-1-thread-2] INFO net.thucydides.core.reports.html.HtmlAcceptanceTestReporter - GENERATING HTML REPORT FOR PDP-14 - Up-Sell Products:VIR-483 Missing product price in Up/Cross sell pop-up in 494d65abf312fd387e4e9633c158e39b3df2c40e4b3cb7e38a91cf72a9055507.html in directory target/site/serenity  
[pool-1-thread-1] INFO net.thucydides.core.reports.html.HtmlAcceptanceTestReporter - GENERATING HTML REPORT FOR PDP-16 - Tools & Assembly Required:VIR-146.01 Verify that "Assembly Required" is shown to the customer, if the products requires assembly in aa18ee45e6deab7c1fa4c70b442341ecd26bdf05f17ddd0e2dd6630a0df2e6fc.html in directory target/site/serenity  
[pool-1-thread-3] INFO net.thucydides.core.reports.html.HtmlAcceptanceTestReporter - GENERATING HTML REPORT FOR PDP-16 - Tools & Assembly Required:VIR-146.02 Verify that "Assembly Required" is not shown to the customer, if the products does not require assembly in d8461d3489b0c1b74984edddefae3de395589736deccee3a79febbb82686cce9.html in directory target/site/serenity  
[pool-1-thread-4] INFO net.thucydides.core.reports.html.HtmlAcceptanceTestReporter - GENERATING HTML REPORT FOR PDP-12 - Add/Remove PDP:VIR-268.05 Verify that the customer is not able to add more items than 9,999 in one order in 5b839a68bd67e36823a006aac4532c43fd4cffeab4940640ea6853e452197e9b.html in directory target/site/serenity  
[pool-1-thread-1] INFO net.thucydides.core.reports.html.HtmlAcceptanceTestReporter - GENERATING HTML REPORT FOR PDP-1 - PDP Pricing:VIR-261.01 Verify that the subtotal is shown to the customer on the cart in 956018a7d2fc3b5b6921b90d58c3dc8054107553459a5fb333f902ea381f755b.html in directory target/site/serenity  
[pool-1-thread-3] INFO net.thucydides.core.reports.html.HtmlAcceptanceTestReporter - GENERATING HTML REPORT FOR PDP-1 - PDP Pricing:VIR-261.02 Verify that the proper subtotal is shown, that depends on in 5a22462442ef2c69b57f129664d7fabf4b74351ad321835c0b7f893f85267b95.html in directory target/site/serenity  
[pool-1-thread-1] INFO net.thucydides.core.reports.html.HtmlAcceptanceTestReporter - GENERATING HTML REPORT FOR PDP-1 - PDP Pricing:VIR-261.03 Verify that the shopper can select any of the 4 delivery methods in d6ec703276d9182820f56ab3ff53a306c124c808ce5f6fdcb336c22a48547bc5.html in directory target/site/serenity  
[pool-1-thread-2] INFO net.thucydides.core.reports.html.HtmlAcceptanceTestReporter - GENERATING HTML REPORT FOR PDP-1 - PDP Pricing:VIR-261.04 Verify that the subtotal is changed accordingly if delivery method is changed in 2c2ceeb1b1acb9daaf143ebe663fac2c7a3b5d7682101d6807f5d2e6fbf57fb1.html in directory target/site/serenity  
[pool-1-thread-3] INFO net.thucydides.core.reports.html.HtmlAcceptanceTestReporter - GENERATING HTML REPORT FOR PDP-1 - PDP Pricing:VIR-261.05 Verify that the subtotal is changed accordingly if contract is changed in 8702e253ce3008460bda85dfba615619363c30fe236c646ce3610d385c9e8c30.html in directory target/site/serenity  
[pool-1-thread-4] INFO net.thucydides.core.reports.html.HtmlAcceptanceTestReporter - GENERATING HTML REPORT FOR PDP-2 - Image Zoom:VIR-140.01 Verify that the customer can use rotating zoom on the product images in d28cbcc84e1c88cce78443f276005a665ad4ad38a152ea8d45de9b392636c45e.html in directory target/site/serenity  
[main] INFO net.serenitybdd.core.Serenity - 
 _____ _____ ____ _____   ____ _____  _    ____ _____ _____ ____  
|_   _| ____/ ___|_   _| / ___|_   _|/ \  |  _ \_   _| ____|  _ \ 
  | | |  _| \___ \ | |   \___ \ | | / _ \ | |_) || | |  _| | | | |
  | | | |___ ___) || |    ___) || |/ ___ \|  _ < | | | |___| |_| |
  |_| |_____|____/ |_|   |____/ |_/_/   \_\_| \_\|_| |_____|____/ 
                                                                  

TEST STARTED: VIR-140.02 Verify that the customer can close rotating zoom on the product images
-------------------------------------------------------------------(pdp-2---image-zoom;vir-140.02-verify-that-the-customer-can-close-rotating-zoom-on-the-product-images)
[main] INFO net.serenitybdd.core.Serenity - STARTING STEP Given open the site and login
[main] INFO net.serenitybdd.core.Serenity - STARTING STEP Open the site
[main] INFO net.serenitybdd.core.Serenity - STEP ERROR: net.serenitybdd.core.exceptions.SerenityManagedException: Could not initialize class com.virco.locators.SiteData
]]></system-err>
  </testcase>
  <testcase name="Scenario: VIR-140.02 Verify that the customer can close rotating zoom on the product images" classname="Scenario: VIR-140.02 Verify that the customer can close rotating zoom on the product images" time="0.001">
    <error message="Could not initialize class com.virco.locators.SiteData" type="net.serenitybdd.core.exceptions.SerenityManagedException"><![CDATA[net.serenitybdd.core.exceptions.SerenityManagedException: Could not initialize class com.virco.locators.SiteData
	at com.virco.steps.serenity.CommonUserSteps.openTheSite(CommonUserSteps.java:19)
	at com.virco.steps.serenity.CommonUserSteps$$EnhancerByCGLIB$$d8541bfa.CGLIB$openTheSite$6(<generated>)
	at com.virco.steps.serenity.CommonUserSteps$$EnhancerByCGLIB$$d8541bfa$$FastClassByCGLIB$$ea8e0f86.invoke(<generated>)
	at net.sf.cglib.proxy.MethodProxy.invokeSuper(MethodProxy.java:228)
	at net.thucydides.core.steps.StepInterceptor.invokeMethod(StepInterceptor.java:372)
	at net.thucydides.core.steps.StepInterceptor.executeTestStepMethod(StepInterceptor.java:357)
	at net.thucydides.core.steps.StepInterceptor.runTestStep(StepInterceptor.java:332)
	at net.thucydides.core.steps.StepInterceptor.testStepResult(StepInterceptor.java:134)
	at net.thucydides.core.steps.StepInterceptor.intercept(StepInterceptor.java:61)
	at com.virco.steps.serenity.CommonUserSteps$$EnhancerByCGLIB$$d8541bfa.openTheSite(<generated>)
	at com.virco.steps.CommonDefinitionSteps.openTheSiteAndLogin(CommonDefinitionSteps.java:72)
	at sun.reflect.GeneratedMethodAccessor143.invoke(Unknown Source)
	at sun.reflect.DelegatingMethodAccessorImpl.invoke(DelegatingMethodAccessorImpl.java:43)
	at java.lang.reflect.Method.invoke(Method.java:498)
	at cucumber.runtime.Utils$1.call(Utils.java:40)
	at cucumber.runtime.Timeout.timeout(Timeout.java:16)
	at cucumber.runtime.Utils.invoke(Utils.java:34)
	at cucumber.runtime.java.JavaStepDefinition.execute(JavaStepDefinition.java:38)
	at cucumber.runtime.StepDefinitionMatch.runStep(StepDefinitionMatch.java:37)
	at cucumber.runtime.Runtime.runStep(Runtime.java:300)
	at cucumber.runtime.model.StepContainer.runStep(StepContainer.java:44)
	at cucumber.runtime.model.StepContainer.runSteps(StepContainer.java:39)
	at cucumber.runtime.model.CucumberScenario.run(CucumberScenario.java:44)
	at cucumber.runtime.junit.ExecutionUnitRunner.run(ExecutionUnitRunner.java:102)
	at cucumber.runtime.junit.FeatureRunner.runChild(FeatureRunner.java:63)
	at cucumber.runtime.junit.FeatureRunner.runChild(FeatureRunner.java:18)
	at org.junit.runners.ParentRunner$3.run(ParentRunner.java:290)
	at org.junit.runners.ParentRunner$1.schedule(ParentRunner.java:71)
	at org.junit.runners.ParentRunner.runChildren(ParentRunner.java:288)
	at org.junit.runners.ParentRunner.access$000(ParentRunner.java:58)
	at org.junit.runners.ParentRunner$2.evaluate(ParentRunner.java:268)
	at org.junit.runners.ParentRunner.run(ParentRunner.java:363)
	at cucumber.runtime.junit.FeatureRunner.run(FeatureRunner.java:70)
	at cucumber.api.junit.Cucumber.runChild(Cucumber.java:95)
	at cucumber.api.junit.Cucumber.runChild(Cucumber.java:38)
	at org.junit.runners.ParentRunner$3.run(ParentRunner.java:290)
	at org.junit.runners.ParentRunner$1.schedule(ParentRunner.java:71)
	at org.junit.runners.ParentRunner.runChildren(ParentRunner.java:288)
	at org.junit.runners.ParentRunner.access$000(ParentRunner.java:58)
	at org.junit.runners.ParentRunner$2.evaluate(ParentRunner.java:268)
	at org.junit.runners.ParentRunner.run(ParentRunner.java:363)
	at cucumber.api.junit.Cucumber.run(Cucumber.java:100)
	at org.apache.maven.surefire.junit4.JUnit4Provider.execute(JUnit4Provider.java:283)
	at org.apache.maven.surefire.junit4.JUnit4Provider.executeWithRerun(JUnit4Provider.java:173)
	at org.apache.maven.surefire.junit4.JUnit4Provider.executeTestSet(JUnit4Provider.java:153)
	at org.apache.maven.surefire.junit4.JUnit4Provider.invoke(JUnit4Provider.java:128)
	at org.apache.maven.surefire.booter.ForkedBooter.invokeProviderInSameClassLoader(ForkedBooter.java:203)
	at org.apache.maven.surefire.booter.ForkedBooter.runSuitesInProcess(ForkedBooter.java:155)
	at org.apache.maven.surefire.booter.ForkedBooter.main(ForkedBooter.java:103)
]]></error>
  </testcase>
  <testcase name="When click on &quot;Early Learning&quot; in navigation menu" classname="Scenario: VIR-140.02 Verify that the customer can close rotating zoom on the product images" time="0">
    <skipped/>
    <system-err><![CDATA[[main] INFO net.serenitybdd.core.Serenity - STEP ERROR: java.lang.NoClassDefFoundError: Could not initialize class com.virco.locators.SiteData
[main] INFO net.serenitybdd.core.Serenity - STARTING STEP When click on "Early Learning" in navigation menu
]]></system-err>
  </testcase>
  <testcase name="When click on &quot;1&quot; product image in list" classname="Scenario: VIR-140.02 Verify that the customer can close rotating zoom on the product images" time="0">
    <skipped/>
    <system-err><![CDATA[[main] INFO net.serenitybdd.core.Serenity - IGNORING STEP
[main] INFO net.serenitybdd.core.Serenity - STARTING STEP When click on "1" product image in list
]]></system-err>
  </testcase>
  <testcase name="When click on product image" classname="Scenario: VIR-140.02 Verify that the customer can close rotating zoom on the product images" time="0">
    <skipped/>
    <system-err><![CDATA[[main] INFO net.serenitybdd.core.Serenity - IGNORING STEP
[main] INFO net.serenitybdd.core.Serenity - STARTING STEP When click on product image
]]></system-err>
  </testcase>
  <testcase name="When click on product image" classname="Scenario: VIR-140.02 Verify that the customer can close rotating zoom on the product images" time="0">
    <skipped/>
    <system-err><![CDATA[[main] INFO net.serenitybdd.core.Serenity - IGNORING STEP
[main] INFO net.serenitybdd.core.Serenity - STARTING STEP When click on product image
]]></system-err>
  </testcase>
  <testcase name="When click on close zoom button" classname="Scenario: VIR-140.02 Verify that the customer can close rotating zoom on the product images" time="0">
    <skipped/>
    <system-err><![CDATA[[main] INFO net.serenitybdd.core.Serenity - IGNORING STEP
[main] INFO net.serenitybdd.core.Serenity - STARTING STEP When click on close zoom button
]]></system-err>
  </testcase>
  <testcase name="Then zoomed image is not shown" classname="Scenario: VIR-140.02 Verify that the customer can close rotating zoom on the product images" time="0">
    <skipped/>
    <system-err><![CDATA[[main] INFO net.serenitybdd.core.Serenity - IGNORING STEP
[main] INFO net.serenitybdd.core.Serenity - STARTING STEP Then zoomed image is not shown
]]></system-err>
  </testcase>
  <testcase name="Then zoomed image is not shown" classname="Scenario: VIR-140.02 Verify that the customer can close rotating zoom on the product images" time="0">
    <skipped/>
    <system-err><![CDATA[[main] INFO net.serenitybdd.core.Serenity - IGNORING STEP
[main] INFO net.serenitybdd.core.Serenity - STARTING STEP Then zoomed image is not shown
]]></system-err>
  </testcase>
  <testcase name="When click on zoomed image" classname="Scenario: VIR-140.02 Verify that the customer can close rotating zoom on the product images" time="0">
    <skipped/>
    <system-err><![CDATA[[main] INFO net.serenitybdd.core.Serenity - IGNORING STEP
[main] INFO net.serenitybdd.core.Serenity - STARTING STEP When click on zoomed image
]]></system-err>
  </testcase>
  <testcase name="Given open the site and login" classname="Scenario: VIR-141.01 Verify that the customer can zoom the product image when hover it" time="0.001">
    <error message="Could not initialize class com.virco.locators.SiteData" type="net.serenitybdd.core.exceptions.SerenityManagedException"><![CDATA[net.serenitybdd.core.exceptions.SerenityManagedException: Could not initialize class com.virco.locators.SiteData
	at com.virco.steps.serenity.CommonUserSteps.openTheSite(CommonUserSteps.java:19)
	at com.virco.steps.serenity.CommonUserSteps$$EnhancerByCGLIB$$d8541bfa.CGLIB$openTheSite$6(<generated>)
	at com.virco.steps.serenity.CommonUserSteps$$EnhancerByCGLIB$$d8541bfa$$FastClassByCGLIB$$ea8e0f86.invoke(<generated>)
	at net.sf.cglib.proxy.MethodProxy.invokeSuper(MethodProxy.java:228)
	at net.thucydides.core.steps.StepInterceptor.invokeMethod(StepInterceptor.java:372)
	at net.thucydides.core.steps.StepInterceptor.executeTestStepMethod(StepInterceptor.java:357)
	at net.thucydides.core.steps.StepInterceptor.runTestStep(StepInterceptor.java:332)
	at net.thucydides.core.steps.StepInterceptor.testStepResult(StepInterceptor.java:134)
	at net.thucydides.core.steps.StepInterceptor.intercept(StepInterceptor.java:61)
	at com.virco.steps.serenity.CommonUserSteps$$EnhancerByCGLIB$$d8541bfa.openTheSite(<generated>)
	at com.virco.steps.CommonDefinitionSteps.openTheSiteAndLogin(CommonDefinitionSteps.java:72)
	at sun.reflect.GeneratedMethodAccessor143.invoke(Unknown Source)
	at sun.reflect.DelegatingMethodAccessorImpl.invoke(DelegatingMethodAccessorImpl.java:43)
	at java.lang.reflect.Method.invoke(Method.java:498)
	at cucumber.runtime.Utils$1.call(Utils.java:40)
	at cucumber.runtime.Timeout.timeout(Timeout.java:16)
	at cucumber.runtime.Utils.invoke(Utils.java:34)
	at cucumber.runtime.java.JavaStepDefinition.execute(JavaStepDefinition.java:38)
	at cucumber.runtime.StepDefinitionMatch.runStep(StepDefinitionMatch.java:37)
	at cucumber.runtime.Runtime.runStep(Runtime.java:300)
	at cucumber.runtime.model.StepContainer.runStep(StepContainer.java:44)
	at cucumber.runtime.model.StepContainer.runSteps(StepContainer.java:39)
	at cucumber.runtime.model.CucumberScenario.run(CucumberScenario.java:44)
	at cucumber.runtime.junit.ExecutionUnitRunner.run(ExecutionUnitRunner.java:102)
	at cucumber.runtime.junit.FeatureRunner.runChild(FeatureRunner.java:63)
	at cucumber.runtime.junit.FeatureRunner.runChild(FeatureRunner.java:18)
	at org.junit.runners.ParentRunner$3.run(ParentRunner.java:290)
	at org.junit.runners.ParentRunner$1.schedule(ParentRunner.java:71)
	at org.junit.runners.ParentRunner.runChildren(ParentRunner.java:288)
	at org.junit.runners.ParentRunner.access$000(ParentRunner.java:58)
	at org.junit.runners.ParentRunner$2.evaluate(ParentRunner.java:268)
	at org.junit.runners.ParentRunner.run(ParentRunner.java:363)
	at cucumber.runtime.junit.FeatureRunner.run(FeatureRunner.java:70)
	at cucumber.api.junit.Cucumber.runChild(Cucumber.java:95)
	at cucumber.api.junit.Cucumber.runChild(Cucumber.java:38)
	at org.junit.runners.ParentRunner$3.run(ParentRunner.java:290)
	at org.junit.runners.ParentRunner$1.schedule(ParentRunner.java:71)
	at org.junit.runners.ParentRunner.runChildren(ParentRunner.java:288)
	at org.junit.runners.ParentRunner.access$000(ParentRunner.java:58)
	at org.junit.runners.ParentRunner$2.evaluate(ParentRunner.java:268)
	at org.junit.runners.ParentRunner.run(ParentRunner.java:363)
	at cucumber.api.junit.Cucumber.run(Cucumber.java:100)
	at org.apache.maven.surefire.junit4.JUnit4Provider.execute(JUnit4Provider.java:283)
	at org.apache.maven.surefire.junit4.JUnit4Provider.executeWithRerun(JUnit4Provider.java:173)
	at org.apache.maven.surefire.junit4.JUnit4Provider.executeTestSet(JUnit4Provider.java:153)
	at org.apache.maven.surefire.junit4.JUnit4Provider.invoke(JUnit4Provider.java:128)
	at org.apache.maven.surefire.booter.ForkedBooter.invokeProviderInSameClassLoader(ForkedBooter.java:203)
	at org.apache.maven.surefire.booter.ForkedBooter.runSuitesInProcess(ForkedBooter.java:155)
	at org.apache.maven.surefire.booter.ForkedBooter.main(ForkedBooter.java:103)
]]></error>
    <system-err><![CDATA[[main] INFO net.serenitybdd.core.Serenity - IGNORING STEP
[main] ERROR net.serenitybdd.core.Serenity - 
           __  _____ _____ ____ _____   _____ _    ___ _     _____ ____  
  _       / / |_   _| ____/ ___|_   _| |  ___/ \  |_ _| |   | ____|  _ \ 
 (_)_____| |    | | |  _| \___ \ | |   | |_ / _ \  | || |   |  _| | | | |
  _|_____| |    | | | |___ ___) || |   |  _/ ___ \ | || |___| |___| |_| |
 (_)     | |    |_| |_____|____/ |_|   |_|/_/   \_\___|_____|_____|____/ 
          \_\                                                            

TEST FAILED WITH ERROR: VIR-140.02 Verify that the customer can close rotating zoom on the product images
---------------------------------------------------------------------
[main] ERROR net.serenitybdd.core.Serenity - TEST FAILED AT STEP Open the site
[main] ERROR net.serenitybdd.core.Serenity - Could not initialize class com.virco.locators.SiteData
[pool-1-thread-1] INFO net.thucydides.core.reports.json.JSONTestOutcomeReporter - Generating JSON report for VIR-267.01 Verify that the following information is shown at the slot 3 to file /Users/rodionsavchuk/hybrisAutomation/virco-automatedtests/target/site/serenity/35c9da9077e7c57fa98ccabfe4de6bd840ff11eb861ed62ec8c14e5bf89b0166.json (using temp file /Users/rodionsavchuk/hybrisAutomation/virco-automatedtests/target/site/serenity/35c9da9077e7c57fa98ccabfe4de6bd840ff11eb861ed62ec8c14e5bf89b0166.jsonb0093616-ef55-4521-a141-ce0ca613e9b0)
[pool-1-thread-4] INFO net.thucydides.core.reports.json.JSONTestOutcomeReporter - Generating JSON report for VIR-142.01 Verify that the selection path is shown to the customer to file /Users/rodionsavchuk/hybrisAutomation/virco-automatedtests/target/site/serenity/a834828f1d3b72a5d3cf97d5448a79eefe869ccaba5a5296f3919629801fb136.json (using temp file /Users/rodionsavchuk/hybrisAutomation/virco-automatedtests/target/site/serenity/a834828f1d3b72a5d3cf97d5448a79eefe869ccaba5a5296f3919629801fb136.json5cacec59-8c16-4dd6-b16f-fe44684ef034)
[pool-1-thread-3] INFO net.thucydides.core.reports.json.JSONTestOutcomeReporter - Generating JSON report for VIR-267.02 Verify that the proper data are shown for the product to file /Users/rodionsavchuk/hybrisAutomation/virco-automatedtests/target/site/serenity/094df492603a7aa8ac4177664d677c86d7567daf6bcebfbf746b8bbefa289d57.json (using temp file /Users/rodionsavchuk/hybrisAutomation/virco-automatedtests/target/site/serenity/094df492603a7aa8ac4177664d677c86d7567daf6bcebfbf746b8bbefa289d57.jsone2da61bd-5055-4d22-b1c2-f847429dc73f)
[pool-1-thread-2] INFO net.thucydides.core.reports.json.JSONTestOutcomeReporter - Generating JSON report for VIR-267.03 Verify that the third row content slot is shown for the product when the product has at least one of these attributes to file /Users/rodionsavchuk/hybrisAutomation/virco-automatedtests/target/site/serenity/dc7832af1392c3bb03c6b8862cdfd202aa7777a247f1b7cdfc7d15037ed09721.json (using temp file /Users/rodionsavchuk/hybrisAutomation/virco-automatedtests/target/site/serenity/dc7832af1392c3bb03c6b8862cdfd202aa7777a247f1b7cdfc7d15037ed09721.json504301f8-949f-4ba6-adfa-9342b4e14345)
[pool-1-thread-2] INFO net.thucydides.core.reports.json.JSONTestOutcomeReporter - Generating JSON report for VIR-142.02 Verify that the customer can move through the selection path to file /Users/rodionsavchuk/hybrisAutomation/virco-automatedtests/target/site/serenity/f3172676e692a180ed5b40bf9e6ac6aaf36a696e49864d1328623a2c9936d2ca.json (using temp file /Users/rodionsavchuk/hybrisAutomation/virco-automatedtests/target/site/serenity/f3172676e692a180ed5b40bf9e6ac6aaf36a696e49864d1328623a2c9936d2ca.json98535f76-3b66-4696-8d0c-b91c5101370c)
[pool-1-thread-4] INFO net.thucydides.core.reports.json.JSONTestOutcomeReporter - Generating JSON report for VIR-142.03 Verify that the customer can return from the end of the path to the previous/beginning to file /Users/rodionsavchuk/hybrisAutomation/virco-automatedtests/target/site/serenity/63d44529e362e42826319b1b9567b9d7c3557c5a99a9fd9d57b1f61354d794d3.json (using temp file /Users/rodionsavchuk/hybrisAutomation/virco-automatedtests/target/site/serenity/63d44529e362e42826319b1b9567b9d7c3557c5a99a9fd9d57b1f61354d794d3.jsone2c01f02-ee7c-4a3c-affc-5a70d0bf73f1)
[pool-1-thread-1] INFO net.thucydides.core.reports.json.JSONTestOutcomeReporter - Generating JSON report for VIR-142.04 Verify that the selected data are not cleared when customer returns to file /Users/rodionsavchuk/hybrisAutomation/virco-automatedtests/target/site/serenity/1a7bafb3de91ffb02b04f7492bf566f0275aeda21444a20e864442c010630f62.json (using temp file /Users/rodionsavchuk/hybrisAutomation/virco-automatedtests/target/site/serenity/1a7bafb3de91ffb02b04f7492bf566f0275aeda21444a20e864442c010630f62.json964c83f3-11f0-46f9-95cd-95105b827e09)
[pool-1-thread-3] INFO net.thucydides.core.reports.json.JSONTestOutcomeReporter - Generating JSON report for VIR-268.01 Verify that the customer can select the quantity of items before adding to the cart on the product details page to file /Users/rodionsavchuk/hybrisAutomation/virco-automatedtests/target/site/serenity/78e822a9904fe340137cfa2904037e4398a82dcbacb5ecba2378d399b46f6c26.json (using temp file /Users/rodionsavchuk/hybrisAutomation/virco-automatedtests/target/site/serenity/78e822a9904fe340137cfa2904037e4398a82dcbacb5ecba2378d399b46f6c26.json0bb0d253-1b85-48a5-8923-c9c0e32d72f0)
[pool-1-thread-2] INFO net.thucydides.core.reports.json.JSONTestOutcomeReporter - Generating JSON report for VIR-268.02 Verify that the customer can add quantity by dropdown to file /Users/rodionsavchuk/hybrisAutomation/virco-automatedtests/target/site/serenity/c1dd2ebe5f47d0de634de4437ecf891829ff58f5373fbe6dcf40ad2880404ed7.json (using temp file /Users/rodionsavchuk/hybrisAutomation/virco-automatedtests/target/site/serenity/c1dd2ebe5f47d0de634de4437ecf891829ff58f5373fbe6dcf40ad2880404ed7.jsondc342c75-8454-4219-bc6e-cd05424f81fa)
[pool-1-thread-4] INFO net.thucydides.core.reports.json.JSONTestOutcomeReporter - Generating JSON report for VIR-268.03 Verify that the customer can add the quantity manually to file /Users/rodionsavchuk/hybrisAutomation/virco-automatedtests/target/site/serenity/6ab14b4ba3c3ba4399e3ad1c0739cc93a854f14394e1aafde6dece743c26cf52.json (using temp file /Users/rodionsavchuk/hybrisAutomation/virco-automatedtests/target/site/serenity/6ab14b4ba3c3ba4399e3ad1c0739cc93a854f14394e1aafde6dece743c26cf52.json0d76c0ba-90eb-4a3b-91bc-7bc6483c82ea)
[pool-1-thread-1] INFO net.thucydides.core.reports.json.JSONTestOutcomeReporter - Generating JSON report for VIR-268.04 Verify that the quantity is automatically moved to 1 if customer enters 0 to file /Users/rodionsavchuk/hybrisAutomation/virco-automatedtests/target/site/serenity/5c6da38f4863cdf03d76d7feb5b4876b0e92b8310b0e95c35a7e4dbf711ccdc0.json (using temp file /Users/rodionsavchuk/hybrisAutomation/virco-automatedtests/target/site/serenity/5c6da38f4863cdf03d76d7feb5b4876b0e92b8310b0e95c35a7e4dbf711ccdc0.jsonbf5e0a48-b840-48b2-91d9-74d4f6bd10c2)
[pool-1-thread-2] INFO net.thucydides.core.reports.json.JSONTestOutcomeReporter - Generating JSON report for VIR-268.05 Verify that the customer is not able to add more items than 9,999 in one order to file /Users/rodionsavchuk/hybrisAutomation/virco-automatedtests/target/site/serenity/5b839a68bd67e36823a006aac4532c43fd4cffeab4940640ea6853e452197e9b.json (using temp file /Users/rodionsavchuk/hybrisAutomation/virco-automatedtests/target/site/serenity/5b839a68bd67e36823a006aac4532c43fd4cffeab4940640ea6853e452197e9b.jsonf95cc353-a771-44d5-85f9-8d0ff7d7f8e2)
[pool-1-thread-3] INFO net.thucydides.core.reports.json.JSONTestOutcomeReporter - Generating JSON report for VIR-143.01 Verify that the recommended products are shown to the customer to file /Users/rodionsavchuk/hybrisAutomation/virco-automatedtests/target/site/serenity/227c7340caf1e90ebddf4cebcfdfb28a52a59d8fd1ec72e8927d0a6d0d25e416.json (using temp file /Users/rodionsavchuk/hybrisAutomation/virco-automatedtests/target/site/serenity/227c7340caf1e90ebddf4cebcfdfb28a52a59d8fd1ec72e8927d0a6d0d25e416.json74b9554f-a438-437e-adf1-b4878ee7f5ff)
[pool-1-thread-1] INFO net.thucydides.core.reports.json.JSONTestOutcomeReporter - Generating JSON report for VIR-144.02 Verify that the customer can add the similar product to the cart to file /Users/rodionsavchuk/hybrisAutomation/virco-automatedtests/target/site/serenity/f6dfb6fac467c353cba267b60eda6fa31875c952a4589242d866123b640d1e1a.json (using temp file /Users/rodionsavchuk/hybrisAutomation/virco-automatedtests/target/site/serenity/f6dfb6fac467c353cba267b60eda6fa31875c952a4589242d866123b640d1e1a.json4e1bfbab-67b2-4b47-9f97-6eace12f1a80)
[pool-1-thread-4] INFO net.thucydides.core.reports.json.JSONTestOutcomeReporter - Generating JSON report for VIR-144.01 Verify that the similar products are shown to the customer to file /Users/rodionsavchuk/hybrisAutomation/virco-automatedtests/target/site/serenity/d7d5edc7871854eb5cddec2463847fb43ab083cb4df273533f189fedb94f1021.json (using temp file /Users/rodionsavchuk/hybrisAutomation/virco-automatedtests/target/site/serenity/d7d5edc7871854eb5cddec2463847fb43ab083cb4df273533f189fedb94f1021.json9a52bcd4-993b-49dc-a0f9-15afa57248a7)
[pool-1-thread-2] INFO net.thucydides.core.reports.json.JSONTestOutcomeReporter - Generating JSON report for VIR-483 Missing product price in Up/Cross sell pop-up to file /Users/rodionsavchuk/hybrisAutomation/virco-automatedtests/target/site/serenity/494d65abf312fd387e4e9633c158e39b3df2c40e4b3cb7e38a91cf72a9055507.json (using temp file /Users/rodionsavchuk/hybrisAutomation/virco-automatedtests/target/site/serenity/494d65abf312fd387e4e9633c158e39b3df2c40e4b3cb7e38a91cf72a9055507.jsonb21a5799-9dd7-4e9e-99b5-b7a640affee5)
[pool-1-thread-4] INFO net.thucydides.core.reports.json.JSONTestOutcomeReporter - Generating JSON report for VIR-145.01 Verify that state is moved to the minimum required, if customer selected non-standard color to file /Users/rodionsavchuk/hybrisAutomation/virco-automatedtests/target/site/serenity/b35bb3727b54b4c3ef6f1a2660f357f34df67df52e6a565ea61b8b211613699a.json (using temp file /Users/rodionsavchuk/hybrisAutomation/virco-automatedtests/target/site/serenity/b35bb3727b54b4c3ef6f1a2660f357f34df67df52e6a565ea61b8b211613699a.jsond8687ba5-c37b-4461-90b5-6aab1d6fd35c)
[pool-1-thread-3] INFO net.thucydides.core.reports.json.JSONTestOutcomeReporter - Generating JSON report for VIR-146.01 Verify that "Assembly Required" is shown to the customer, if the products requires assembly to file /Users/rodionsavchuk/hybrisAutomation/virco-automatedtests/target/site/serenity/aa18ee45e6deab7c1fa4c70b442341ecd26bdf05f17ddd0e2dd6630a0df2e6fc.json (using temp file /Users/rodionsavchuk/hybrisAutomation/virco-automatedtests/target/site/serenity/aa18ee45e6deab7c1fa4c70b442341ecd26bdf05f17ddd0e2dd6630a0df2e6fc.jsonff39395f-1105-4a0b-9485-d127bcf334c4)
[pool-1-thread-2] INFO net.thucydides.core.reports.json.JSONTestOutcomeReporter - Generating JSON report for VIR-146.02 Verify that "Assembly Required" is not shown to the customer, if the products does not require assembly to file /Users/rodionsavchuk/hybrisAutomation/virco-automatedtests/target/site/serenity/d8461d3489b0c1b74984edddefae3de395589736deccee3a79febbb82686cce9.json (using temp file /Users/rodionsavchuk/hybrisAutomation/virco-automatedtests/target/site/serenity/d8461d3489b0c1b74984edddefae3de395589736deccee3a79febbb82686cce9.jsonc8b17f66-f712-4f4d-84e7-941f10b12bb3)
[pool-1-thread-4] INFO net.thucydides.core.reports.json.JSONTestOutcomeReporter - Generating JSON report for VIR-261.01 Verify that the subtotal is shown to the customer on the cart to file /Users/rodionsavchuk/hybrisAutomation/virco-automatedtests/target/site/serenity/956018a7d2fc3b5b6921b90d58c3dc8054107553459a5fb333f902ea381f755b.json (using temp file /Users/rodionsavchuk/hybrisAutomation/virco-automatedtests/target/site/serenity/956018a7d2fc3b5b6921b90d58c3dc8054107553459a5fb333f902ea381f755b.json236e3848-3857-4c55-a5b1-810cc17c8f83)
[pool-1-thread-1] INFO net.thucydides.core.reports.json.JSONTestOutcomeReporter - Generating JSON report for VIR-261.02 Verify that the proper subtotal is shown, that depends on to file /Users/rodionsavchuk/hybrisAutomation/virco-automatedtests/target/site/serenity/5a22462442ef2c69b57f129664d7fabf4b74351ad321835c0b7f893f85267b95.json (using temp file /Users/rodionsavchuk/hybrisAutomation/virco-automatedtests/target/site/serenity/5a22462442ef2c69b57f129664d7fabf4b74351ad321835c0b7f893f85267b95.json78a32432-d402-4b52-b2d3-648b4be565e6)
[pool-1-thread-2] INFO net.thucydides.core.reports.json.JSONTestOutcomeReporter - Generating JSON report for VIR-261.03 Verify that the shopper can select any of the 4 delivery methods to file /Users/rodionsavchuk/hybrisAutomation/virco-automatedtests/target/site/serenity/d6ec703276d9182820f56ab3ff53a306c124c808ce5f6fdcb336c22a48547bc5.json (using temp file /Users/rodionsavchuk/hybrisAutomation/virco-automatedtests/target/site/serenity/d6ec703276d9182820f56ab3ff53a306c124c808ce5f6fdcb336c22a48547bc5.json47f33090-e880-47eb-a229-0602bb155ce3)
[pool-1-thread-3] INFO net.thucydides.core.reports.json.JSONTestOutcomeReporter - Generating JSON report for VIR-261.04 Verify that the subtotal is changed accordingly if delivery method is changed to file /Users/rodionsavchuk/hybrisAutomation/virco-automatedtests/target/site/serenity/2c2ceeb1b1acb9daaf143ebe663fac2c7a3b5d7682101d6807f5d2e6fbf57fb1.json (using temp file /Users/rodionsavchuk/hybrisAutomation/virco-automatedtests/target/site/serenity/2c2ceeb1b1acb9daaf143ebe663fac2c7a3b5d7682101d6807f5d2e6fbf57fb1.jsonac9a4c10-4d8b-4f51-83ea-30a7d6d793e8)
[pool-1-thread-4] INFO net.thucydides.core.reports.json.JSONTestOutcomeReporter - Generating JSON report for VIR-261.05 Verify that the subtotal is changed accordingly if contract is changed to file /Users/rodionsavchuk/hybrisAutomation/virco-automatedtests/target/site/serenity/8702e253ce3008460bda85dfba615619363c30fe236c646ce3610d385c9e8c30.json (using temp file /Users/rodionsavchuk/hybrisAutomation/virco-automatedtests/target/site/serenity/8702e253ce3008460bda85dfba615619363c30fe236c646ce3610d385c9e8c30.json7ac7fc35-80de-45b9-9459-1358e7e102c9)
[pool-1-thread-2] INFO net.thucydides.core.reports.json.JSONTestOutcomeReporter - Generating JSON report for VIR-140.01 Verify that the customer can use rotating zoom on the product images to file /Users/rodionsavchuk/hybrisAutomation/virco-automatedtests/target/site/serenity/d28cbcc84e1c88cce78443f276005a665ad4ad38a152ea8d45de9b392636c45e.json (using temp file /Users/rodionsavchuk/hybrisAutomation/virco-automatedtests/target/site/serenity/d28cbcc84e1c88cce78443f276005a665ad4ad38a152ea8d45de9b392636c45e.json08d0c401-e78b-4f9f-b960-25aa8e3d0154)
[pool-1-thread-1] INFO net.thucydides.core.reports.json.JSONTestOutcomeReporter - Generating JSON report for VIR-140.02 Verify that the customer can close rotating zoom on the product images to file /Users/rodionsavchuk/hybrisAutomation/virco-automatedtests/target/site/serenity/c1d4ba8eee7c1e77984f2d24c7c8f2312611e9d6ecf1cd795d805fa83e164b00.json (using temp file /Users/rodionsavchuk/hybrisAutomation/virco-automatedtests/target/site/serenity/c1d4ba8eee7c1e77984f2d24c7c8f2312611e9d6ecf1cd795d805fa83e164b00.jsonf481142f-92a2-4ab1-90b2-0bfab78fa2c2)
[pool-1-thread-2] INFO net.thucydides.core.reports.html.HtmlAcceptanceTestReporter - GENERATING HTML REPORT FOR PDP-10 - Configurations:VIR-267.03 Verify that the third row content slot is shown for the product when the product has at least one of these attributes in dc7832af1392c3bb03c6b8862cdfd202aa7777a247f1b7cdfc7d15037ed09721.html in directory target/site/serenity  
[pool-1-thread-4] INFO net.thucydides.core.reports.html.HtmlAcceptanceTestReporter - GENERATING HTML REPORT FOR PDP-10 - Configurations:VIR-267.02 Verify that the proper data are shown for the product in 094df492603a7aa8ac4177664d677c86d7567daf6bcebfbf746b8bbefa289d57.html in directory target/site/serenity  
[pool-1-thread-2] INFO net.thucydides.core.reports.html.HtmlAcceptanceTestReporter - GENERATING HTML REPORT FOR PDP-11 - Descriptive Path Selection:VIR-142.01 Verify that the selection path is shown to the customer in a834828f1d3b72a5d3cf97d5448a79eefe869ccaba5a5296f3919629801fb136.html in directory target/site/serenity  
[pool-1-thread-2] INFO net.thucydides.core.reports.html.HtmlAcceptanceTestReporter - GENERATING HTML REPORT FOR PDP-11 - Descriptive Path Selection:VIR-142.03 Verify that the customer can return from the end of the path to the previous/beginning in 63d44529e362e42826319b1b9567b9d7c3557c5a99a9fd9d57b1f61354d794d3.html in directory target/site/serenity  
[pool-1-thread-4] INFO net.thucydides.core.reports.html.HtmlAcceptanceTestReporter - GENERATING HTML REPORT FOR PDP-11 - Descriptive Path Selection:VIR-142.02 Verify that the customer can move through the selection path in f3172676e692a180ed5b40bf9e6ac6aaf36a696e49864d1328623a2c9936d2ca.html in directory target/site/serenity  
[pool-1-thread-3] INFO net.thucydides.core.reports.html.HtmlAcceptanceTestReporter - GENERATING HTML REPORT FOR PDP-10 - Configurations:VIR-267.01 Verify that the following information is shown at the slot 3 in 35c9da9077e7c57fa98ccabfe4de6bd840ff11eb861ed62ec8c14e5bf89b0166.html in directory target/site/serenity  
[pool-1-thread-2] INFO net.thucydides.core.reports.html.HtmlAcceptanceTestReporter - GENERATING HTML REPORT FOR PDP-11 - Descriptive Path Selection:VIR-142.04 Verify that the selected data are not cleared when customer returns in 1a7bafb3de91ffb02b04f7492bf566f0275aeda21444a20e864442c010630f62.html in directory target/site/serenity  
[pool-1-thread-4] INFO net.thucydides.core.reports.html.HtmlAcceptanceTestReporter - GENERATING HTML REPORT FOR PDP-12 - Add/Remove PDP:VIR-268.02 Verify that the customer can add quantity by dropdown in c1dd2ebe5f47d0de634de4437ecf891829ff58f5373fbe6dcf40ad2880404ed7.html in directory target/site/serenity  
[pool-1-thread-3] INFO net.thucydides.core.reports.html.HtmlAcceptanceTestReporter - GENERATING HTML REPORT FOR PDP-12 - Add/Remove PDP:VIR-268.04 Verify that the quantity is automatically moved to 1 if customer enters 0 in 5c6da38f4863cdf03d76d7feb5b4876b0e92b8310b0e95c35a7e4dbf711ccdc0.html in directory target/site/serenity  
[pool-1-thread-2] INFO net.thucydides.core.reports.html.HtmlAcceptanceTestReporter - GENERATING HTML REPORT FOR PDP-12 - Add/Remove PDP:VIR-268.03 Verify that the customer can add the quantity manually in 6ab14b4ba3c3ba4399e3ad1c0739cc93a854f14394e1aafde6dece743c26cf52.html in directory target/site/serenity  
[pool-1-thread-3] INFO net.thucydides.core.reports.html.HtmlAcceptanceTestReporter - GENERATING HTML REPORT FOR PDP-13 - Cross-Sell Products:VIR-143.01 Verify that the recommended products are shown to the customer in 227c7340caf1e90ebddf4cebcfdfb28a52a59d8fd1ec72e8927d0a6d0d25e416.html in directory target/site/serenity  
[pool-1-thread-2] INFO net.thucydides.core.reports.html.HtmlAcceptanceTestReporter - GENERATING HTML REPORT FOR PDP-14 - Up-Sell Products:VIR-144.01 Verify that the similar products are shown to the customer in d7d5edc7871854eb5cddec2463847fb43ab083cb4df273533f189fedb94f1021.html in directory target/site/serenity  
[pool-1-thread-3] INFO net.thucydides.core.reports.html.HtmlAcceptanceTestReporter - GENERATING HTML REPORT FOR PDP-14 - Up-Sell Products:VIR-144.02 Verify that the customer can add the similar product to the cart in f6dfb6fac467c353cba267b60eda6fa31875c952a4589242d866123b640d1e1a.html in directory target/site/serenity  
[pool-1-thread-1] INFO net.thucydides.core.reports.html.HtmlAcceptanceTestReporter - GENERATING HTML REPORT FOR PDP-12 - Add/Remove PDP:VIR-268.01 Verify that the customer can select the quantity of items before adding to the cart on the product details page in 78e822a9904fe340137cfa2904037e4398a82dcbacb5ecba2378d399b46f6c26.html in directory target/site/serenity  
[pool-1-thread-4] INFO net.thucydides.core.reports.html.HtmlAcceptanceTestReporter - GENERATING HTML REPORT FOR PDP-12 - Add/Remove PDP:VIR-268.05 Verify that the customer is not able to add more items than 9,999 in one order in 5b839a68bd67e36823a006aac4532c43fd4cffeab4940640ea6853e452197e9b.html in directory target/site/serenity  
[pool-1-thread-1] INFO net.thucydides.core.reports.html.HtmlAcceptanceTestReporter - GENERATING HTML REPORT FOR PDP-15 - Non-Standard Colors:VIR-145.01 Verify that state is moved to the minimum required, if customer selected non-standard color in b35bb3727b54b4c3ef6f1a2660f357f34df67df52e6a565ea61b8b211613699a.html in directory target/site/serenity  
[pool-1-thread-4] INFO net.thucydides.core.reports.html.HtmlAcceptanceTestReporter - GENERATING HTML REPORT FOR PDP-16 - Tools & Assembly Required:VIR-146.01 Verify that "Assembly Required" is shown to the customer, if the products requires assembly in aa18ee45e6deab7c1fa4c70b442341ecd26bdf05f17ddd0e2dd6630a0df2e6fc.html in directory target/site/serenity  
[pool-1-thread-4] INFO net.thucydides.core.reports.html.HtmlAcceptanceTestReporter - GENERATING HTML REPORT FOR PDP-1 - PDP Pricing:VIR-261.01 Verify that the subtotal is shown to the customer on the cart in 956018a7d2fc3b5b6921b90d58c3dc8054107553459a5fb333f902ea381f755b.html in directory target/site/serenity  
[pool-1-thread-4] INFO net.thucydides.core.reports.html.HtmlAcceptanceTestReporter - GENERATING HTML REPORT FOR PDP-1 - PDP Pricing:VIR-261.02 Verify that the proper subtotal is shown, that depends on in 5a22462442ef2c69b57f129664d7fabf4b74351ad321835c0b7f893f85267b95.html in directory target/site/serenity  
[pool-1-thread-1] INFO net.thucydides.core.reports.html.HtmlAcceptanceTestReporter - GENERATING HTML REPORT FOR PDP-16 - Tools & Assembly Required:VIR-146.02 Verify that "Assembly Required" is not shown to the customer, if the products does not require assembly in d8461d3489b0c1b74984edddefae3de395589736deccee3a79febbb82686cce9.html in directory target/site/serenity  
[pool-1-thread-4] INFO net.thucydides.core.reports.html.HtmlAcceptanceTestReporter - GENERATING HTML REPORT FOR PDP-1 - PDP Pricing:VIR-261.03 Verify that the shopper can select any of the 4 delivery methods in d6ec703276d9182820f56ab3ff53a306c124c808ce5f6fdcb336c22a48547bc5.html in directory target/site/serenity  
[pool-1-thread-4] INFO net.thucydides.core.reports.html.HtmlAcceptanceTestReporter - GENERATING HTML REPORT FOR PDP-1 - PDP Pricing:VIR-261.05 Verify that the subtotal is changed accordingly if contract is changed in 8702e253ce3008460bda85dfba615619363c30fe236c646ce3610d385c9e8c30.html in directory target/site/serenity  
[pool-1-thread-1] INFO net.thucydides.core.reports.html.HtmlAcceptanceTestReporter - GENERATING HTML REPORT FOR PDP-1 - PDP Pricing:VIR-261.04 Verify that the subtotal is changed accordingly if delivery method is changed in 2c2ceeb1b1acb9daaf143ebe663fac2c7a3b5d7682101d6807f5d2e6fbf57fb1.html in directory target/site/serenity  
[pool-1-thread-2] INFO net.thucydides.core.reports.html.HtmlAcceptanceTestReporter - GENERATING HTML REPORT FOR PDP-14 - Up-Sell Products:VIR-483 Missing product price in Up/Cross sell pop-up in 494d65abf312fd387e4e9633c158e39b3df2c40e4b3cb7e38a91cf72a9055507.html in directory target/site/serenity  
[pool-1-thread-4] INFO net.thucydides.core.reports.html.HtmlAcceptanceTestReporter - GENERATING HTML REPORT FOR PDP-2 - Image Zoom:VIR-140.01 Verify that the customer can use rotating zoom on the product images in d28cbcc84e1c88cce78443f276005a665ad4ad38a152ea8d45de9b392636c45e.html in directory target/site/serenity  
[pool-1-thread-1] INFO net.thucydides.core.reports.html.HtmlAcceptanceTestReporter - GENERATING HTML REPORT FOR PDP-2 - Image Zoom:VIR-140.02 Verify that the customer can close rotating zoom on the product images in c1d4ba8eee7c1e77984f2d24c7c8f2312611e9d6ecf1cd795d805fa83e164b00.html in directory target/site/serenity  
[main] INFO net.serenitybdd.core.Serenity - Test Suite Started: PDP-3 - Mouse Over
[main] INFO net.serenitybdd.core.Serenity - 
 _____ _____ ____ _____   ____ _____  _    ____ _____ _____ ____  
|_   _| ____/ ___|_   _| / ___|_   _|/ \  |  _ \_   _| ____|  _ \ 
  | | |  _| \___ \ | |   \___ \ | | / _ \ | |_) || | |  _| | | | |
  | | | |___ ___) || |    ___) || |/ ___ \|  _ < | | | |___| |_| |
  |_| |_____|____/ |_|   |____/ |_/_/   \_\_| \_\|_| |_____|____/ 
                                                                  

TEST STARTED: VIR-141.01 Verify that the customer can zoom the product image when hover it
-------------------------------------------------------------------(pdp-3---mouse-over;vir-141.01-verify-that-the-customer-can-zoom-the-product-image-when-hover-it)
[main] INFO net.serenitybdd.core.Serenity - STARTING STEP Given open the site and login
[main] INFO net.serenitybdd.core.Serenity - STARTING STEP Open the site
[main] INFO net.serenitybdd.core.Serenity - STEP ERROR: net.serenitybdd.core.exceptions.SerenityManagedException: Could not initialize class com.virco.locators.SiteData
]]></system-err>
  </testcase>
  <testcase name="Scenario: VIR-141.01 Verify that the customer can zoom the product image when hover it" classname="Scenario: VIR-141.01 Verify that the customer can zoom the product image when hover it" time="0.002">
    <error message="Could not initialize class com.virco.locators.SiteData" type="net.serenitybdd.core.exceptions.SerenityManagedException"><![CDATA[net.serenitybdd.core.exceptions.SerenityManagedException: Could not initialize class com.virco.locators.SiteData
	at com.virco.steps.serenity.CommonUserSteps.openTheSite(CommonUserSteps.java:19)
	at com.virco.steps.serenity.CommonUserSteps$$EnhancerByCGLIB$$d8541bfa.CGLIB$openTheSite$6(<generated>)
	at com.virco.steps.serenity.CommonUserSteps$$EnhancerByCGLIB$$d8541bfa$$FastClassByCGLIB$$ea8e0f86.invoke(<generated>)
	at net.sf.cglib.proxy.MethodProxy.invokeSuper(MethodProxy.java:228)
	at net.thucydides.core.steps.StepInterceptor.invokeMethod(StepInterceptor.java:372)
	at net.thucydides.core.steps.StepInterceptor.executeTestStepMethod(StepInterceptor.java:357)
	at net.thucydides.core.steps.StepInterceptor.runTestStep(StepInterceptor.java:332)
	at net.thucydides.core.steps.StepInterceptor.testStepResult(StepInterceptor.java:134)
	at net.thucydides.core.steps.StepInterceptor.intercept(StepInterceptor.java:61)
	at com.virco.steps.serenity.CommonUserSteps$$EnhancerByCGLIB$$d8541bfa.openTheSite(<generated>)
	at com.virco.steps.CommonDefinitionSteps.openTheSiteAndLogin(CommonDefinitionSteps.java:72)
	at sun.reflect.GeneratedMethodAccessor143.invoke(Unknown Source)
	at sun.reflect.DelegatingMethodAccessorImpl.invoke(DelegatingMethodAccessorImpl.java:43)
	at java.lang.reflect.Method.invoke(Method.java:498)
	at cucumber.runtime.Utils$1.call(Utils.java:40)
	at cucumber.runtime.Timeout.timeout(Timeout.java:16)
	at cucumber.runtime.Utils.invoke(Utils.java:34)
	at cucumber.runtime.java.JavaStepDefinition.execute(JavaStepDefinition.java:38)
	at cucumber.runtime.StepDefinitionMatch.runStep(StepDefinitionMatch.java:37)
	at cucumber.runtime.Runtime.runStep(Runtime.java:300)
	at cucumber.runtime.model.StepContainer.runStep(StepContainer.java:44)
	at cucumber.runtime.model.StepContainer.runSteps(StepContainer.java:39)
	at cucumber.runtime.model.CucumberScenario.run(CucumberScenario.java:44)
	at cucumber.runtime.junit.ExecutionUnitRunner.run(ExecutionUnitRunner.java:102)
	at cucumber.runtime.junit.FeatureRunner.runChild(FeatureRunner.java:63)
	at cucumber.runtime.junit.FeatureRunner.runChild(FeatureRunner.java:18)
	at org.junit.runners.ParentRunner$3.run(ParentRunner.java:290)
	at org.junit.runners.ParentRunner$1.schedule(ParentRunner.java:71)
	at org.junit.runners.ParentRunner.runChildren(ParentRunner.java:288)
	at org.junit.runners.ParentRunner.access$000(ParentRunner.java:58)
	at org.junit.runners.ParentRunner$2.evaluate(ParentRunner.java:268)
	at org.junit.runners.ParentRunner.run(ParentRunner.java:363)
	at cucumber.runtime.junit.FeatureRunner.run(FeatureRunner.java:70)
	at cucumber.api.junit.Cucumber.runChild(Cucumber.java:95)
	at cucumber.api.junit.Cucumber.runChild(Cucumber.java:38)
	at org.junit.runners.ParentRunner$3.run(ParentRunner.java:290)
	at org.junit.runners.ParentRunner$1.schedule(ParentRunner.java:71)
	at org.junit.runners.ParentRunner.runChildren(ParentRunner.java:288)
	at org.junit.runners.ParentRunner.access$000(ParentRunner.java:58)
	at org.junit.runners.ParentRunner$2.evaluate(ParentRunner.java:268)
	at org.junit.runners.ParentRunner.run(ParentRunner.java:363)
	at cucumber.api.junit.Cucumber.run(Cucumber.java:100)
	at org.apache.maven.surefire.junit4.JUnit4Provider.execute(JUnit4Provider.java:283)
	at org.apache.maven.surefire.junit4.JUnit4Provider.executeWithRerun(JUnit4Provider.java:173)
	at org.apache.maven.surefire.junit4.JUnit4Provider.executeTestSet(JUnit4Provider.java:153)
	at org.apache.maven.surefire.junit4.JUnit4Provider.invoke(JUnit4Provider.java:128)
	at org.apache.maven.surefire.booter.ForkedBooter.invokeProviderInSameClassLoader(ForkedBooter.java:203)
	at org.apache.maven.surefire.booter.ForkedBooter.runSuitesInProcess(ForkedBooter.java:155)
	at org.apache.maven.surefire.booter.ForkedBooter.main(ForkedBooter.java:103)
]]></error>
  </testcase>
  <testcase name="When open category with pagination" classname="Scenario: VIR-141.01 Verify that the customer can zoom the product image when hover it" time="0">
    <skipped/>
    <system-err><![CDATA[[main] INFO net.serenitybdd.core.Serenity - STEP ERROR: java.lang.NoClassDefFoundError: Could not initialize class com.virco.locators.SiteData
[main] INFO net.serenitybdd.core.Serenity - STARTING STEP When open category with pagination
]]></system-err>
  </testcase>
  <testcase name="When click on &quot;1&quot; product image in list" classname="Scenario: VIR-141.01 Verify that the customer can zoom the product image when hover it" time="0">
    <skipped/>
    <system-err><![CDATA[[main] INFO net.serenitybdd.core.Serenity - IGNORING STEP
[main] INFO net.serenitybdd.core.Serenity - STARTING STEP When click on "1" product image in list
]]></system-err>
  </testcase>
  <testcase name="When click on product image" classname="Scenario: VIR-141.01 Verify that the customer can zoom the product image when hover it" time="0">
    <skipped/>
    <system-err><![CDATA[[main] INFO net.serenitybdd.core.Serenity - IGNORING STEP
[main] INFO net.serenitybdd.core.Serenity - STARTING STEP When click on product image
]]></system-err>
  </testcase>
  <testcase name="Then image is moving according to the cursor position" classname="Scenario: VIR-141.01 Verify that the customer can zoom the product image when hover it" time="0">
    <skipped/>
    <system-err><![CDATA[[main] INFO net.serenitybdd.core.Serenity - IGNORING STEP
[main] INFO net.serenitybdd.core.Serenity - STARTING STEP Then image is moving according to the cursor position
]]></system-err>
  </testcase>
  <testcase name="Scenario: VIR-262.01 Verify that the customer can see the product specification in a separate tab" classname="Scenario: VIR-262.01 Verify that the customer can see the product specification in a separate tab" time="0.12"/>
  <testcase name="Scenario: VIR-262.02 Verify that the terms are shown when click on the tab name" classname="Scenario: VIR-262.02 Verify that the terms are shown when click on the tab name" time="0.175"/>
  <testcase name="Scenario: VIR-262.03 Verify that the appropriate content is shown" classname="Scenario: VIR-262.03 Verify that the appropriate content is shown" time="0.125"/>
  <testcase name="Scenario: VIR-263.01 Verify that the lowest and the highest prices are shown to the shopper for each product at the following pages" classname="Scenario: VIR-263.01 Verify that the lowest and the highest prices are shown to the shopper for each product at the following pages" time="0.155"/>
  <testcase name="Scenario: VIR-264.01 Verify that the following information is shown at the slot 1" classname="Scenario: VIR-264.01 Verify that the following information is shown at the slot 1" time="0.166"/>
  <testcase name="Scenario: VIR-264.02 Verify that the proper data are shown for the product" classname="Scenario: VIR-264.02 Verify that the proper data are shown for the product" time="0.139"/>
  <testcase name="Scenario: VIR-265.01 Verify that the following information is shown at the slot 2" classname="Scenario: VIR-265.01 Verify that the following information is shown at the slot 2" time="0.164"/>
  <testcase name="Scenario: VIR-265.01 Verify that the proper data are shown for the product" classname="Scenario: VIR-265.01 Verify that the proper data are shown for the product" time="0.176"/>
  <testcase name="Scenario: VIR-266.01 Verify that the link to view specification is shown to the customer" classname="Scenario: VIR-266.01 Verify that the link to view specification is shown to the customer" time="0.177"/>
  <testcase name="Scenario: VIR-266.02 Verify that when customer hovers the link, the preview information message with details of the specification is shown" classname="Scenario: VIR-266.02 Verify that when customer hovers the link, the preview information message with details of the specification is shown" time="0.158"/>
  <testcase name="Scenario: VIR-266.03 Verify that the informational page of the specification is shown when user clicks on the link" classname="Scenario: VIR-266.03 Verify that the informational page of the specification is shown when user clicks on the link" time="0.163"/>
</testsuite>